
          -------------------------------------------------------
          Amber 24 PMEMD                              2024
          -------------------------------------------------------

| PMEMD implementation of SANDER, Release 24

|  Compiled date/time: Thu Apr  3 17:55:38 2025
| Run on 11/09/2025 at 12:35:02

|   Executable path: pmemd.cuda_SPFP
| Working directory: /rs1/researchers/h/hall/vtnguye4/Amber_restart/cappedP1amber/P1_Simulation2
|          Hostname: gpu29

  [-O]verwriting output

File Assignments:
|   MDIN: /rs1/researchers/h/hall/vtnguye4/Amber_restart/cappedP1amber/equil.in 
|  MDOUT: ./OUT_Files/equil44.out                                               
| INPCRD: ./RST_Files/equil43.rst7                                              
|   PARM: ./PRMTOP_Files/P1.prmtop                                              
| RESTRT: ./RST_Files/equil44.rst7                                              
|   REFC: refc                                                                  
|  MDVEL: mdvel                                                                 
|   MDEN: mden                                                                  
|  MDCRD: ./nc_Files/equil44.nc                                                 
| MDINFO: mdinfo                                                                
|  MDFRC: mdfrc                                                                 


 Here is the input file:

!Stage equilibration 5ns                                                       
&cntrl                                                                         
imin=0, irest=1, ntx=5,                                                        
nstlim=2500000, dt=0.002,                                                      
ntc=2, ntf=2, ig=-1,                                                           
ntt=3, gamma_ln=2.0,                                                           
tempi=310.0, temp0=310.0,                                                      
ntxo=2, ioutfm=1,                                                              
ntpr=20000, ntwx=20000,                                                        
ntb=1,                                                                         
cut=9.0,                                                                       
iwrap=1,                                                                       
/                                                                              


Note: ig = -1. Setting random seed to   929233 based on wallclock time in 
      microseconds.
| irandom = 1, using AMBER's internal random number generator (default).
 
|--------------------- INFORMATION ----------------------
| GPU (CUDA) Version of PMEMD in use: NVIDIA GPU IN USE.
|                    Version 18.0.0
| 
|                      03/25/2018
| 
| Implementation by:
|                    Ross C. Walker     (SDSC)
|                    Scott Le Grand     (nVIDIA)
| 
| Version 18 performance extensions by:
|                    David Cerutti     (Rutgers)
| 
| Precision model in use:
|      [SPFP] - Single Precision Forces, 64-bit Fixed Point
|               Accumulation. (Default)
| 
|--------------------------------------------------------
 
|----------------- CITATION INFORMATION -----------------
|
|    When publishing work that utilized the CUDA version
|    of AMBER, please cite the following in addition to
|    the regular AMBER citations:
|
|  - Romelia Salomon-Ferrer; Andreas W. Goetz; Duncan
|    Poole; Scott Le Grand; Ross C. Walker "Routine
|    microsecond molecular dynamics simulations with
|    AMBER - Part II: Particle Mesh Ewald", J. Chem.
|    Theory Comput., 2013, 9 (9), pp3878-3888,
|    DOI: 10.1021/ct400314y.
|
|  - Andreas W. Goetz; Mark J. Williamson; Dong Xu;
|    Duncan Poole; Scott Le Grand; Ross C. Walker
|    "Routine microsecond molecular dynamics simulations
|    with AMBER - Part I: Generalized Born", J. Chem.
|    Theory Comput., 2012, 8 (5), pp1542-1555.
|
|  - Scott Le Grand; Andreas W. Goetz; Ross C. Walker
|    "SPFP: Speed without compromise - a mixed precision
|    model for GPU accelerated molecular dynamics
|    simulations.", Comp. Phys. Comm., 2013, 184
|    pp374-380, DOI: 10.1016/j.cpc.2012.09.022
|
|--------------------------------------------------------
 
|------------------- GPU DEVICE INFO --------------------
|
|            CUDA_VISIBLE_DEVICES: 0
|   CUDA Capable Devices Detected:      1
|           CUDA Device ID in use:      0
|                CUDA Device Name: NVIDIA L40S
|     CUDA Device Global Mem Size:  45487 MB
| CUDA Device Num Multiprocessors:    142
|           CUDA Device Core Freq:   2.52 GHz
|
|--------------------------------------------------------
 
 
| Conditional Compilation Defines Used:
| PUBFFT
| BINTRAJ
| CUDA
| EMIL

| Largest sphere to fit in unit cell has radius =    46.909

| New format PARM file being parsed.
| Version =    1.000 Date = 10/28/25 Time = 16:56:02

| Note: 1-4 EEL scale factors are being read from the topology file.

| Note: 1-4 VDW scale factors are being read from the topology file.
| Duplicated    0 dihedrals

| Duplicated    0 dihedrals

--------------------------------------------------------------------------------
   1.  RESOURCE   USE: 
--------------------------------------------------------------------------------

 getting box info from netcdf restart file
 NATOM  =  101202 NTYPES =      11 NBONH =   98658 MBONA  =    2544
 NTHETH =    5904 MTHETA =    3408 NPHIH =   11760 MPHIA  =   10368
 NHPARM =       0 NPARM  =       0 NNB   =  155656 NRES   =   32422
 NBONA  =    2544 NTHETA =    3408 NPHIA =   10368 NUMBND =      27
 NUMANG =      54 NPTRA  =      59 NATYP =      16 NPHB   =       0
 IFBOX  =       2 NMXRS  =      21 IFCAP =       0 NEXTRA =       0
 NCOPY  =       0

| Coordinate Index Table dimensions:    20   20   20
| Direct force subcell size =     5.7451    5.7451    5.7451

     BOX TYPE: TRUNCATED OCTAHEDRON

--------------------------------------------------------------------------------
   2.  CONTROL  DATA  FOR  THE  RUN
--------------------------------------------------------------------------------

default_name                                                                    

General flags:
     imin    =       0, nmropt  =       0

Nature and format of input:
     ntx     =       5, irest   =       1, ntrx    =       1

Nature and format of output:
     ntxo    =       2, ntpr    =   20000, ntrx    =       1, ntwr    = 2500000
     iwrap   =       1, ntwx    =   20000, ntwv    =       0, ntwe    =       0
     ioutfm  =       1, ntwprt  =       0, idecomp =       0, rbornstat=      0

Potential function:
     ntf     =       2, ntb     =       1, igb     =       0, nsnb    =      25
     ipol    =       0, gbsa    =       0, iesp    =       0
     dielc   =   1.00000, cut     =   9.00000, intdiel =   1.00000

Frozen or restrained atoms:
     ibelly  =       0, ntr     =       0

Molecular dynamics:
     nstlim  =   2500000, nscm    =      1000, nrespa  =         1
     t       =   0.00000, dt      =   0.00200, vlimit  =  -1.00000

Langevin dynamics temperature regulation:
     ig      =  929233
     temp0   = 310.00000, tempi   = 310.00000, gamma_ln=   2.00000

SHAKE:
     ntc     =       2, jfastw  =       0
     tol     =   0.00001

| Intermolecular bonds treatment:
|     no_intermolecular_bonds =       1

| Energy averages sample interval:
|     ene_avg_sampling =   20000

Ewald parameters:
     verbose =       0, ew_type =       0, nbflag  =       1, use_pme =       1
     vdwmeth =       1, eedmeth =       1, netfrc  =       1
     Box X =  114.902   Box Y =  114.902   Box Z =  114.902
     Alpha =  109.471   Beta  =  109.471   Gamma =  109.471
     NFFT1 =  120       NFFT2 =  120       NFFT3 =  120
     Cutoff=    9.000   Tol   =0.100E-04
     Ewald Coefficient =  0.30768
     Interpolation order =    4

--------------------------------------------------------------------------------
   3.  ATOMIC COORDINATES AND VELOCITIES
--------------------------------------------------------------------------------

default_name                                                                    
 begin time read from input coords =215040.000 ps

 
 Number of triangulated 3-point waters found:    31990

     Sum of charges from parm topology file =  -0.00000047
     Forcing neutrality...

| Dynamic Memory, Types Used:
| Reals             3080462
| Integers          3650456

| Nonbonded Pairs Initial Allocation:    23074056

| GPU memory information (estimate):
| KB of GPU memory in use:    789634
| KB of CPU memory in use:    210424

--------------------------------------------------------------------------------
   4.  RESULTS
--------------------------------------------------------------------------------

wrapping first mol.:      -38.30066      108.33064        0.00000

 NSTEP =    20000   TIME(PS) =  215080.000  TEMP(K) =   309.58  PRESS =     0.0
 Etot   =   -238338.5104  EKtot   =     63040.9141  EPtot      =   -301379.4245
 BOND   =      2035.7923  ANGLE   =      2426.4507  DIHED      =      1418.2396
 UB     =         0.0000  IMP     =         0.0000  CMAP       =       263.9491
 1-4 NB =      1212.5025  1-4 EEL =     15341.9163  VDWAALS    =     40517.0823
 EELEC  =   -364595.3574  EHBOND  =         0.0000  RESTRAINT  =         0.0000
 ------------------------------------------------------------------------------

wrapping first mol.:      -38.30066      108.33064        0.00000

 NSTEP =    40000   TIME(PS) =  215120.000  TEMP(K) =   310.30  PRESS =     0.0
 Etot   =   -238296.9834  EKtot   =     63188.0781  EPtot      =   -301485.0616
 BOND   =      2067.2586  ANGLE   =      2360.9082  DIHED      =      1391.1576
 UB     =         0.0000  IMP     =         0.0000  CMAP       =       235.8940
 1-4 NB =      1180.5979  1-4 EEL =     15391.1440  VDWAALS    =     40551.2824
 EELEC  =   -364663.3043  EHBOND  =         0.0000  RESTRAINT  =         0.0000
 ------------------------------------------------------------------------------

wrapping first mol.:      -38.30066      108.33064        0.00000

 NSTEP =    60000   TIME(PS) =  215160.000  TEMP(K) =   309.73  PRESS =     0.0
 Etot   =   -238709.7911  EKtot   =     63072.0586  EPtot      =   -301781.8497
 BOND   =      2125.0731  ANGLE   =      2403.8716  DIHED      =      1392.4580
 UB     =         0.0000  IMP     =         0.0000  CMAP       =       252.5913
 1-4 NB =      1150.9579  1-4 EEL =     15326.8364  VDWAALS    =     40458.2570
 EELEC  =   -364891.8950  EHBOND  =         0.0000  RESTRAINT  =         0.0000
 ------------------------------------------------------------------------------

wrapping first mol.:      -38.30066      108.33064        0.00000

 NSTEP =    80000   TIME(PS) =  215200.000  TEMP(K) =   309.77  PRESS =     0.0
 Etot   =   -238898.7820  EKtot   =     63079.8320  EPtot      =   -301978.6140
 BOND   =      2140.8727  ANGLE   =      2353.5672  DIHED      =      1365.8448
 UB     =         0.0000  IMP     =         0.0000  CMAP       =       256.9702
 1-4 NB =      1199.7007  1-4 EEL =     15365.8265  VDWAALS    =     40848.6273
 EELEC  =   -365510.0234  EHBOND  =         0.0000  RESTRAINT  =         0.0000
 ------------------------------------------------------------------------------

wrapping first mol.:      -38.30066      108.33064        0.00000

 NSTEP =   100000   TIME(PS) =  215240.000  TEMP(K) =   310.43  PRESS =     0.0
 Etot   =   -238329.8841  EKtot   =     63214.9844  EPtot      =   -301544.8685
 BOND   =      2035.8888  ANGLE   =      2405.4533  DIHED      =      1404.5429
 UB     =         0.0000  IMP     =         0.0000  CMAP       =       248.9233
 1-4 NB =      1200.4671  1-4 EEL =     15306.4543  VDWAALS    =     40869.4868
 EELEC  =   -365016.0850  EHBOND  =         0.0000  RESTRAINT  =         0.0000
 ------------------------------------------------------------------------------

wrapping first mol.:      -38.30066      108.33064        0.00000

 NSTEP =   120000   TIME(PS) =  215280.000  TEMP(K) =   308.36  PRESS =     0.0
 Etot   =   -240124.4412  EKtot   =     62793.2852  EPtot      =   -302917.7264
 BOND   =      2029.0335  ANGLE   =      2412.2122  DIHED      =      1366.8141
 UB     =         0.0000  IMP     =         0.0000  CMAP       =       234.3722
 1-4 NB =      1181.1904  1-4 EEL =     15312.2136  VDWAALS    =     40759.1844
 EELEC  =   -366212.7468  EHBOND  =         0.0000  RESTRAINT  =         0.0000
 ------------------------------------------------------------------------------

wrapping first mol.:      -38.30066      108.33064        0.00000

 NSTEP =   140000   TIME(PS) =  215320.000  TEMP(K) =   309.76  PRESS =     0.0
 Etot   =   -238206.6813  EKtot   =     63077.2891  EPtot      =   -301283.9704
 BOND   =      2135.0113  ANGLE   =      2479.8039  DIHED      =      1386.0741
 UB     =         0.0000  IMP     =         0.0000  CMAP       =       244.3080
 1-4 NB =      1166.9338  1-4 EEL =     15329.0380  VDWAALS    =     40621.8122
 EELEC  =   -364646.9517  EHBOND  =         0.0000  RESTRAINT  =         0.0000
 ------------------------------------------------------------------------------

wrapping first mol.:      -38.30066      108.33064        0.00000

 NSTEP =   160000   TIME(PS) =  215360.000  TEMP(K) =   309.83  PRESS =     0.0
 Etot   =   -238880.6589  EKtot   =     63091.3633  EPtot      =   -301972.0221
 BOND   =      2041.9487  ANGLE   =      2493.4159  DIHED      =      1359.1383
 UB     =         0.0000  IMP     =         0.0000  CMAP       =       260.6228
 1-4 NB =      1184.4977  1-4 EEL =     15254.2063  VDWAALS    =     40732.0933
 EELEC  =   -365297.9451  EHBOND  =         0.0000  RESTRAINT  =         0.0000
 ------------------------------------------------------------------------------

wrapping first mol.:      -38.30066      108.33064        0.00000

 NSTEP =   180000   TIME(PS) =  215400.000  TEMP(K) =   310.49  PRESS =     0.0
 Etot   =   -238201.6755  EKtot   =     63226.9062  EPtot      =   -301428.5818
 BOND   =      2056.6263  ANGLE   =      2435.0346  DIHED      =      1396.9362
 UB     =         0.0000  IMP     =         0.0000  CMAP       =       241.2593
 1-4 NB =      1171.9458  1-4 EEL =     15310.2580  VDWAALS    =     40195.9697
 EELEC  =   -364236.6116  EHBOND  =         0.0000  RESTRAINT  =         0.0000
 ------------------------------------------------------------------------------

wrapping first mol.:      -38.30066      108.33064        0.00000

 NSTEP =   200000   TIME(PS) =  215440.000  TEMP(K) =   311.05  PRESS =     0.0
 Etot   =   -238345.5363  EKtot   =     63339.8008  EPtot      =   -301685.3371
 BOND   =      2084.7377  ANGLE   =      2476.7681  DIHED      =      1393.3239
 UB     =         0.0000  IMP     =         0.0000  CMAP       =       251.0041
 1-4 NB =      1176.6495  1-4 EEL =     15376.3720  VDWAALS    =     40628.7886
 EELEC  =   -365072.9811  EHBOND  =         0.0000  RESTRAINT  =         0.0000
 ------------------------------------------------------------------------------

wrapping first mol.:      -38.30066      108.33064        0.00000

 NSTEP =   220000   TIME(PS) =  215480.000  TEMP(K) =   309.99  PRESS =     0.0
 Etot   =   -238835.7993  EKtot   =     63125.0234  EPtot      =   -301960.8227
 BOND   =      2065.3914  ANGLE   =      2442.6174  DIHED      =      1402.8911
 UB     =         0.0000  IMP     =         0.0000  CMAP       =       227.1472
 1-4 NB =      1205.6148  1-4 EEL =     15416.8269  VDWAALS    =     40618.7604
 EELEC  =   -365340.0718  EHBOND  =         0.0000  RESTRAINT  =         0.0000
 ------------------------------------------------------------------------------

wrapping first mol.:      -38.30066      108.33064        0.00000

 NSTEP =   240000   TIME(PS) =  215520.000  TEMP(K) =   309.61  PRESS =     0.0
 Etot   =   -239541.1716  EKtot   =     63048.0273  EPtot      =   -302589.1989
 BOND   =      2085.7262  ANGLE   =      2442.6887  DIHED      =      1369.0819
 UB     =         0.0000  IMP     =         0.0000  CMAP       =       232.0495
 1-4 NB =      1164.5954  1-4 EEL =     15233.5166  VDWAALS    =     40748.3617
 EELEC  =   -365865.2189  EHBOND  =         0.0000  RESTRAINT  =         0.0000
 ------------------------------------------------------------------------------

wrapping first mol.:      -38.30066      108.33064        0.00000

 NSTEP =   260000   TIME(PS) =  215560.000  TEMP(K) =   309.75  PRESS =     0.0
 Etot   =   -238835.8401  EKtot   =     63075.1523  EPtot      =   -301910.9924
 BOND   =      2120.4885  ANGLE   =      2448.7301  DIHED      =      1410.0605
 UB     =         0.0000  IMP     =         0.0000  CMAP       =       238.2632
 1-4 NB =      1180.4173  1-4 EEL =     15342.0401  VDWAALS    =     40205.8769
 EELEC  =   -364856.8690  EHBOND  =         0.0000  RESTRAINT  =         0.0000
 ------------------------------------------------------------------------------

wrapping first mol.:      -38.30066      108.33064        0.00000

 NSTEP =   280000   TIME(PS) =  215600.000  TEMP(K) =   309.23  PRESS =     0.0
 Etot   =   -238670.2405  EKtot   =     62970.4648  EPtot      =   -301640.7053
 BOND   =      2135.3271  ANGLE   =      2442.0557  DIHED      =      1394.8064
 UB     =         0.0000  IMP     =         0.0000  CMAP       =       244.8811
 1-4 NB =      1171.8593  1-4 EEL =     15203.8644  VDWAALS    =     40727.2973
 EELEC  =   -364960.7967  EHBOND  =         0.0000  RESTRAINT  =         0.0000
 ------------------------------------------------------------------------------

wrapping first mol.:      -38.30066      108.33064        0.00000

 NSTEP =   300000   TIME(PS) =  215640.000  TEMP(K) =   311.07  PRESS =     0.0
 Etot   =   -239120.3556  EKtot   =     63344.3281  EPtot      =   -302464.6837
 BOND   =      2154.3726  ANGLE   =      2371.0770  DIHED      =      1396.4578
 UB     =         0.0000  IMP     =         0.0000  CMAP       =       243.1846
 1-4 NB =      1148.7482  1-4 EEL =     15309.5241  VDWAALS    =     41151.3750
 EELEC  =   -366239.4230  EHBOND  =         0.0000  RESTRAINT  =         0.0000
 ------------------------------------------------------------------------------

wrapping first mol.:      -38.30066      108.33064        0.00000

 NSTEP =   320000   TIME(PS) =  215680.000  TEMP(K) =   309.31  PRESS =     0.0
 Etot   =   -238925.4632  EKtot   =     62986.1680  EPtot      =   -301911.6312
 BOND   =      2094.3415  ANGLE   =      2403.1991  DIHED      =      1393.0906
 UB     =         0.0000  IMP     =         0.0000  CMAP       =       262.6598
 1-4 NB =      1187.8538  1-4 EEL =     15289.5235  VDWAALS    =     40789.6395
 EELEC  =   -365331.9390  EHBOND  =         0.0000  RESTRAINT  =         0.0000
 ------------------------------------------------------------------------------

wrapping first mol.:      -38.30066      108.33064        0.00000

 NSTEP =   340000   TIME(PS) =  215720.000  TEMP(K) =   310.98  PRESS =     0.0
 Etot   =   -238321.3146  EKtot   =     63327.5703  EPtot      =   -301648.8849
 BOND   =      2086.0511  ANGLE   =      2456.9353  DIHED      =      1390.1730
 UB     =         0.0000  IMP     =         0.0000  CMAP       =       247.3700
 1-4 NB =      1181.4033  1-4 EEL =     15275.4562  VDWAALS    =     40694.1285
 EELEC  =   -364980.4022  EHBOND  =         0.0000  RESTRAINT  =         0.0000
 ------------------------------------------------------------------------------

wrapping first mol.:      -38.30066      108.33064        0.00000

 NSTEP =   360000   TIME(PS) =  215760.000  TEMP(K) =   311.13  PRESS =     0.0
 Etot   =   -238937.1738  EKtot   =     63356.6914  EPtot      =   -302293.8652
 BOND   =      2156.0065  ANGLE   =      2390.3527  DIHED      =      1397.7092
 UB     =         0.0000  IMP     =         0.0000  CMAP       =       244.4942
 1-4 NB =      1163.6031  1-4 EEL =     15301.9875  VDWAALS    =     40843.0438
 EELEC  =   -365791.0622  EHBOND  =         0.0000  RESTRAINT  =         0.0000
 ------------------------------------------------------------------------------

wrapping first mol.:      -38.30066      108.33064        0.00000

 NSTEP =   380000   TIME(PS) =  215800.000  TEMP(K) =   310.38  PRESS =     0.0
 Etot   =   -238727.7062  EKtot   =     63204.9453  EPtot      =   -301932.6515
 BOND   =      2099.7545  ANGLE   =      2406.4002  DIHED      =      1434.4584
 UB     =         0.0000  IMP     =         0.0000  CMAP       =       242.2428
 1-4 NB =      1169.3423  1-4 EEL =     15280.0770  VDWAALS    =     41022.0842
 EELEC  =   -365587.0109  EHBOND  =         0.0000  RESTRAINT  =         0.0000
 ------------------------------------------------------------------------------

wrapping first mol.:      -38.30066      108.33064        0.00000

 NSTEP =   400000   TIME(PS) =  215840.000  TEMP(K) =   310.58  PRESS =     0.0
 Etot   =   -238789.3456  EKtot   =     63245.1328  EPtot      =   -302034.4784
 BOND   =      2058.2209  ANGLE   =      2408.9113  DIHED      =      1379.1624
 UB     =         0.0000  IMP     =         0.0000  CMAP       =       222.6162
 1-4 NB =      1194.2186  1-4 EEL =     15276.2614  VDWAALS    =     40696.4097
 EELEC  =   -365270.2790  EHBOND  =         0.0000  RESTRAINT  =         0.0000
 ------------------------------------------------------------------------------

wrapping first mol.:      -38.30066      108.33064        0.00000

 NSTEP =   420000   TIME(PS) =  215880.000  TEMP(K) =   310.27  PRESS =     0.0
 Etot   =   -239096.6780  EKtot   =     63181.9609  EPtot      =   -302278.6390
 BOND   =      2089.3102  ANGLE   =      2433.1721  DIHED      =      1403.8007
 UB     =         0.0000  IMP     =         0.0000  CMAP       =       238.7880
 1-4 NB =      1196.4380  1-4 EEL =     15370.7736  VDWAALS    =     40483.7161
 EELEC  =   -365494.6377  EHBOND  =         0.0000  RESTRAINT  =         0.0000
 ------------------------------------------------------------------------------

wrapping first mol.:      -38.30066      108.33064        0.00000

 NSTEP =   440000   TIME(PS) =  215920.000  TEMP(K) =   310.80  PRESS =     0.0
 Etot   =   -238823.3323  EKtot   =     63289.9297  EPtot      =   -302113.2619
 BOND   =      2082.0041  ANGLE   =      2424.4042  DIHED      =      1415.6927
 UB     =         0.0000  IMP     =         0.0000  CMAP       =       210.6158
 1-4 NB =      1191.6889  1-4 EEL =     15404.5445  VDWAALS    =     40556.4282
 EELEC  =   -365398.6404  EHBOND  =         0.0000  RESTRAINT  =         0.0000
 ------------------------------------------------------------------------------

wrapping first mol.:      -38.30066      108.33064        0.00000

 NSTEP =   460000   TIME(PS) =  215960.000  TEMP(K) =   310.73  PRESS =     0.0
 Etot   =   -238928.9283  EKtot   =     63276.5000  EPtot      =   -302205.4283
 BOND   =      2100.0551  ANGLE   =      2424.3444  DIHED      =      1425.1962
 UB     =         0.0000  IMP     =         0.0000  CMAP       =       225.5048
 1-4 NB =      1194.8405  1-4 EEL =     15424.7722  VDWAALS    =     40826.7205
 EELEC  =   -365826.8620  EHBOND  =         0.0000  RESTRAINT  =         0.0000
 ------------------------------------------------------------------------------

wrapping first mol.:      -38.30066      108.33064        0.00000

 NSTEP =   480000   TIME(PS) =  216000.000  TEMP(K) =   310.82  PRESS =     0.0
 Etot   =   -239077.8827  EKtot   =     63294.6172  EPtot      =   -302372.4999
 BOND   =      2101.9364  ANGLE   =      2503.2351  DIHED      =      1386.5827
 UB     =         0.0000  IMP     =         0.0000  CMAP       =       223.1346
 1-4 NB =      1179.1596  1-4 EEL =     15363.6224  VDWAALS    =     41040.7678
 EELEC  =   -366170.9384  EHBOND  =         0.0000  RESTRAINT  =         0.0000
 ------------------------------------------------------------------------------

wrapping first mol.:      -38.30066      108.33064        0.00000

 NSTEP =   500000   TIME(PS) =  216040.000  TEMP(K) =   310.31  PRESS =     0.0
 Etot   =   -238839.8145  EKtot   =     63190.7969  EPtot      =   -302030.6114
 BOND   =      2061.9871  ANGLE   =      2443.4177  DIHED      =      1391.2818
 UB     =         0.0000  IMP     =         0.0000  CMAP       =       247.7972
 1-4 NB =      1179.8110  1-4 EEL =     15293.2131  VDWAALS    =     40733.0631
 EELEC  =   -365381.1824  EHBOND  =         0.0000  RESTRAINT  =         0.0000
 ------------------------------------------------------------------------------

wrapping first mol.:      -38.30066      108.33064        0.00000

 NSTEP =   520000   TIME(PS) =  216080.000  TEMP(K) =   309.47  PRESS =     0.0
 Etot   =   -238789.9239  EKtot   =     63018.1680  EPtot      =   -301808.0919
 BOND   =      2086.0207  ANGLE   =      2457.3718  DIHED      =      1418.5195
 UB     =         0.0000  IMP     =         0.0000  CMAP       =       246.5797
 1-4 NB =      1171.0022  1-4 EEL =     15287.2398  VDWAALS    =     40338.3256
 EELEC  =   -364813.1512  EHBOND  =         0.0000  RESTRAINT  =         0.0000
 ------------------------------------------------------------------------------

wrapping first mol.:      -38.30066      108.33064        0.00000

 NSTEP =   540000   TIME(PS) =  216120.000  TEMP(K) =   310.60  PRESS =     0.0
 Etot   =   -238547.5017  EKtot   =     63249.3672  EPtot      =   -301796.8689
 BOND   =      2106.4109  ANGLE   =      2382.9257  DIHED      =      1418.9890
 UB     =         0.0000  IMP     =         0.0000  CMAP       =       244.2163
 1-4 NB =      1166.1643  1-4 EEL =     15336.3475  VDWAALS    =     40597.0600
 EELEC  =   -365048.9825  EHBOND  =         0.0000  RESTRAINT  =         0.0000
 ------------------------------------------------------------------------------

wrapping first mol.:      -38.30066      108.33064        0.00000

 NSTEP =   560000   TIME(PS) =  216160.000  TEMP(K) =   310.09  PRESS =     0.0
 Etot   =   -238868.9702  EKtot   =     63145.8438  EPtot      =   -302014.8140
 BOND   =      2150.0789  ANGLE   =      2433.3211  DIHED      =      1388.4044
 UB     =         0.0000  IMP     =         0.0000  CMAP       =       237.6335
 1-4 NB =      1200.3476  1-4 EEL =     15357.5861  VDWAALS    =     40513.2399
 EELEC  =   -365295.4255  EHBOND  =         0.0000  RESTRAINT  =         0.0000
 ------------------------------------------------------------------------------

wrapping first mol.:      -38.30066      108.33064        0.00000

 NSTEP =   580000   TIME(PS) =  216200.000  TEMP(K) =   309.22  PRESS =     0.0
 Etot   =   -238296.7135  EKtot   =     62968.3594  EPtot      =   -301265.0729
 BOND   =      2077.7907  ANGLE   =      2457.0055  DIHED      =      1423.4850
 UB     =         0.0000  IMP     =         0.0000  CMAP       =       248.1573
 1-4 NB =      1179.6804  1-4 EEL =     15355.7086  VDWAALS    =     40378.1107
 EELEC  =   -364385.0110  EHBOND  =         0.0000  RESTRAINT  =         0.0000
 ------------------------------------------------------------------------------

wrapping first mol.:      -38.30066      108.33064        0.00000

 NSTEP =   600000   TIME(PS) =  216240.000  TEMP(K) =   309.81  PRESS =     0.0
 Etot   =   -239326.1969  EKtot   =     63087.9219  EPtot      =   -302414.1188
 BOND   =      2086.6260  ANGLE   =      2382.9620  DIHED      =      1406.1023
 UB     =         0.0000  IMP     =         0.0000  CMAP       =       246.1934
 1-4 NB =      1202.6260  1-4 EEL =     15359.5914  VDWAALS    =     41177.6501
 EELEC  =   -366275.8700  EHBOND  =         0.0000  RESTRAINT  =         0.0000
 ------------------------------------------------------------------------------

wrapping first mol.:      -38.30066      108.33064        0.00000

 NSTEP =   620000   TIME(PS) =  216280.000  TEMP(K) =   309.11  PRESS =     0.0
 Etot   =   -239118.2946  EKtot   =     62945.9961  EPtot      =   -302064.2907
 BOND   =      2042.6335  ANGLE   =      2478.8233  DIHED      =      1395.4537
 UB     =         0.0000  IMP     =         0.0000  CMAP       =       251.2779
 1-4 NB =      1186.3629  1-4 EEL =     15285.3504  VDWAALS    =     40307.2725
 EELEC  =   -365011.4647  EHBOND  =         0.0000  RESTRAINT  =         0.0000
 ------------------------------------------------------------------------------

wrapping first mol.:      -38.30066      108.33064        0.00000

 NSTEP =   640000   TIME(PS) =  216320.000  TEMP(K) =   308.77  PRESS =     0.0
 Etot   =   -238652.3130  EKtot   =     62875.5938  EPtot      =   -301527.9067
 BOND   =      2038.5464  ANGLE   =      2453.2592  DIHED      =      1367.4503
 UB     =         0.0000  IMP     =         0.0000  CMAP       =       249.8018
 1-4 NB =      1180.2167  1-4 EEL =     15324.0008  VDWAALS    =     40425.5060
 EELEC  =   -364566.6878  EHBOND  =         0.0000  RESTRAINT  =         0.0000
 ------------------------------------------------------------------------------

wrapping first mol.:      -38.30066      108.33064        0.00000

 NSTEP =   660000   TIME(PS) =  216360.000  TEMP(K) =   310.76  PRESS =     0.0
 Etot   =   -238563.3072  EKtot   =     63281.3867  EPtot      =   -301844.6939
 BOND   =      2080.5873  ANGLE   =      2466.9823  DIHED      =      1440.9830
 UB     =         0.0000  IMP     =         0.0000  CMAP       =       247.3178
 1-4 NB =      1186.3069  1-4 EEL =     15339.5586  VDWAALS    =     40708.0675
 EELEC  =   -365314.4975  EHBOND  =         0.0000  RESTRAINT  =         0.0000
 ------------------------------------------------------------------------------

wrapping first mol.:      -38.30066      108.33064        0.00000

 NSTEP =   680000   TIME(PS) =  216400.000  TEMP(K) =   311.79  PRESS =     0.0
 Etot   =   -238652.8459  EKtot   =     63491.5469  EPtot      =   -302144.3928
 BOND   =      2072.9034  ANGLE   =      2462.5443  DIHED      =      1432.3954
 UB     =         0.0000  IMP     =         0.0000  CMAP       =       228.7418
 1-4 NB =      1196.9284  1-4 EEL =     15315.7704  VDWAALS    =     40978.2825
 EELEC  =   -365831.9590  EHBOND  =         0.0000  RESTRAINT  =         0.0000
 ------------------------------------------------------------------------------

wrapping first mol.:      -38.30066      108.33064        0.00000

 NSTEP =   700000   TIME(PS) =  216440.000  TEMP(K) =   309.50  PRESS =     0.0
 Etot   =   -238595.0271  EKtot   =     63026.0352  EPtot      =   -301621.0622
 BOND   =      2127.8170  ANGLE   =      2384.4988  DIHED      =      1420.8111
 UB     =         0.0000  IMP     =         0.0000  CMAP       =       259.3059
 1-4 NB =      1192.9843  1-4 EEL =     15441.0247  VDWAALS    =     40852.3053
 EELEC  =   -365299.8094  EHBOND  =         0.0000  RESTRAINT  =         0.0000
 ------------------------------------------------------------------------------

wrapping first mol.:      -38.30066      108.33064        0.00000

 NSTEP =   720000   TIME(PS) =  216480.000  TEMP(K) =   310.06  PRESS =     0.0
 Etot   =   -239128.6011  EKtot   =     63139.6680  EPtot      =   -302268.2690
 BOND   =      2127.8928  ANGLE   =      2418.7399  DIHED      =      1417.9386
 UB     =         0.0000  IMP     =         0.0000  CMAP       =       262.5988
 1-4 NB =      1187.5707  1-4 EEL =     15388.7161  VDWAALS    =     40857.2634
 EELEC  =   -365928.9893  EHBOND  =         0.0000  RESTRAINT  =         0.0000
 ------------------------------------------------------------------------------

wrapping first mol.:      -38.30066      108.33064        0.00000

 NSTEP =   740000   TIME(PS) =  216520.000  TEMP(K) =   309.28  PRESS =     0.0
 Etot   =   -239229.5672  EKtot   =     62980.5469  EPtot      =   -302210.1140
 BOND   =      2070.1632  ANGLE   =      2412.6531  DIHED      =      1416.7069
 UB     =         0.0000  IMP     =         0.0000  CMAP       =       238.6814
 1-4 NB =      1191.6955  1-4 EEL =     15338.5478  VDWAALS    =     41088.0197
 EELEC  =   -365966.5817  EHBOND  =         0.0000  RESTRAINT  =         0.0000
 ------------------------------------------------------------------------------

wrapping first mol.:      -38.30066      108.33064        0.00000

 NSTEP =   760000   TIME(PS) =  216560.000  TEMP(K) =   310.39  PRESS =     0.0
 Etot   =   -238979.9208  EKtot   =     63206.8672  EPtot      =   -302186.7880
 BOND   =      2092.7198  ANGLE   =      2360.0576  DIHED      =      1424.4272
 UB     =         0.0000  IMP     =         0.0000  CMAP       =       236.6934
 1-4 NB =      1184.5390  1-4 EEL =     15351.5558  VDWAALS    =     40678.0789
 EELEC  =   -365514.8596  EHBOND  =         0.0000  RESTRAINT  =         0.0000
 ------------------------------------------------------------------------------

wrapping first mol.:      -38.30066      108.33064        0.00000

 NSTEP =   780000   TIME(PS) =  216600.000  TEMP(K) =   309.70  PRESS =     0.0
 Etot   =   -238888.4304  EKtot   =     63064.9766  EPtot      =   -301953.4069
 BOND   =      2134.2531  ANGLE   =      2440.0931  DIHED      =      1425.5474
 UB     =         0.0000  IMP     =         0.0000  CMAP       =       254.3231
 1-4 NB =      1190.4080  1-4 EEL =     15383.0177  VDWAALS    =     40544.1818
 EELEC  =   -365325.2312  EHBOND  =         0.0000  RESTRAINT  =         0.0000
 ------------------------------------------------------------------------------

wrapping first mol.:      -38.30066      108.33064        0.00000

 NSTEP =   800000   TIME(PS) =  216640.000  TEMP(K) =   307.97  PRESS =     0.0
 Etot   =   -238724.9970  EKtot   =     62713.1055  EPtot      =   -301438.1025
 BOND   =      2104.6963  ANGLE   =      2408.5104  DIHED      =      1395.3246
 UB     =         0.0000  IMP     =         0.0000  CMAP       =       244.6348
 1-4 NB =      1190.8715  1-4 EEL =     15339.7878  VDWAALS    =     40753.2150
 EELEC  =   -364875.1429  EHBOND  =         0.0000  RESTRAINT  =         0.0000
 ------------------------------------------------------------------------------

wrapping first mol.:      -38.30066      108.33064        0.00000

 NSTEP =   820000   TIME(PS) =  216680.000  TEMP(K) =   310.62  PRESS =     0.0
 Etot   =   -238965.8894  EKtot   =     63253.1250  EPtot      =   -302219.0144
 BOND   =      2068.1649  ANGLE   =      2422.8101  DIHED      =      1416.5340
 UB     =         0.0000  IMP     =         0.0000  CMAP       =       230.1513
 1-4 NB =      1177.6272  1-4 EEL =     15352.2564  VDWAALS    =     40630.9970
 EELEC  =   -365517.5553  EHBOND  =         0.0000  RESTRAINT  =         0.0000
 ------------------------------------------------------------------------------

wrapping first mol.:      -38.30066      108.33064        0.00000

 NSTEP =   840000   TIME(PS) =  216720.000  TEMP(K) =   309.51  PRESS =     0.0
 Etot   =   -238785.0014  EKtot   =     63027.1953  EPtot      =   -301812.1967
 BOND   =      2070.5522  ANGLE   =      2394.4549  DIHED      =      1393.4678
 UB     =         0.0000  IMP     =         0.0000  CMAP       =       250.9157
 1-4 NB =      1191.6510  1-4 EEL =     15371.0931  VDWAALS    =     40843.5606
 EELEC  =   -365327.8921  EHBOND  =         0.0000  RESTRAINT  =         0.0000
 ------------------------------------------------------------------------------

wrapping first mol.:      -38.30066      108.33064        0.00000

 NSTEP =   860000   TIME(PS) =  216760.000  TEMP(K) =   310.87  PRESS =     0.0
 Etot   =   -238501.8444  EKtot   =     63305.0625  EPtot      =   -301806.9069
 BOND   =      2148.5251  ANGLE   =      2451.8646  DIHED      =      1440.5222
 UB     =         0.0000  IMP     =         0.0000  CMAP       =       244.3033
 1-4 NB =      1195.0756  1-4 EEL =     15313.8547  VDWAALS    =     40772.7739
 EELEC  =   -365373.8263  EHBOND  =         0.0000  RESTRAINT  =         0.0000
 ------------------------------------------------------------------------------

wrapping first mol.:      -38.30066      108.33064        0.00000

 NSTEP =   880000   TIME(PS) =  216800.000  TEMP(K) =   310.01  PRESS =     0.0
 Etot   =   -238502.9570  EKtot   =     63128.6406  EPtot      =   -301631.5976
 BOND   =      2120.3157  ANGLE   =      2355.3573  DIHED      =      1430.5387
 UB     =         0.0000  IMP     =         0.0000  CMAP       =       230.1661
 1-4 NB =      1203.8037  1-4 EEL =     15382.5493  VDWAALS    =     40289.9117
 EELEC  =   -364644.2402  EHBOND  =         0.0000  RESTRAINT  =         0.0000
 ------------------------------------------------------------------------------

wrapping first mol.:      -38.30066      108.33064        0.00000

 NSTEP =   900000   TIME(PS) =  216840.000  TEMP(K) =   310.41  PRESS =     0.0
 Etot   =   -238461.0721  EKtot   =     63211.0742  EPtot      =   -301672.1463
 BOND   =      2107.4973  ANGLE   =      2352.8104  DIHED      =      1441.6082
 UB     =         0.0000  IMP     =         0.0000  CMAP       =       213.4741
 1-4 NB =      1182.9670  1-4 EEL =     15472.1191  VDWAALS    =     40375.9505
 EELEC  =   -364818.5729  EHBOND  =         0.0000  RESTRAINT  =         0.0000
 ------------------------------------------------------------------------------

wrapping first mol.:      -38.30066      108.33064        0.00000

 NSTEP =   920000   TIME(PS) =  216880.000  TEMP(K) =   309.85  PRESS =     0.0
 Etot   =   -238729.5408  EKtot   =     63095.6133  EPtot      =   -301825.1541
 BOND   =      2045.1864  ANGLE   =      2453.0469  DIHED      =      1387.2950
 UB     =         0.0000  IMP     =         0.0000  CMAP       =       222.9668
 1-4 NB =      1191.0119  1-4 EEL =     15396.7159  VDWAALS    =     40265.9547
 EELEC  =   -364787.3318  EHBOND  =         0.0000  RESTRAINT  =         0.0000
 ------------------------------------------------------------------------------

wrapping first mol.:      -38.30066      108.33064        0.00000

 NSTEP =   940000   TIME(PS) =  216920.000  TEMP(K) =   308.64  PRESS =     0.0
 Etot   =   -239424.1790  EKtot   =     62850.5234  EPtot      =   -302274.7024
 BOND   =      2091.6437  ANGLE   =      2466.0214  DIHED      =      1392.4395
 UB     =         0.0000  IMP     =         0.0000  CMAP       =       236.5591
 1-4 NB =      1184.2005  1-4 EEL =     15346.2409  VDWAALS    =     40941.2481
 EELEC  =   -365933.0556  EHBOND  =         0.0000  RESTRAINT  =         0.0000
 ------------------------------------------------------------------------------

wrapping first mol.:      -38.30066      108.33064        0.00000

 NSTEP =   960000   TIME(PS) =  216960.000  TEMP(K) =   310.80  PRESS =     0.0
 Etot   =   -239088.6700  EKtot   =     63288.9180  EPtot      =   -302377.5879
 BOND   =      2049.6784  ANGLE   =      2452.4693  DIHED      =      1391.5856
 UB     =         0.0000  IMP     =         0.0000  CMAP       =       227.7953
 1-4 NB =      1193.6804  1-4 EEL =     15415.2713  VDWAALS    =     40806.7921
 EELEC  =   -365914.8603  EHBOND  =         0.0000  RESTRAINT  =         0.0000
 ------------------------------------------------------------------------------

wrapping first mol.:      -38.30066      108.33064        0.00000

 NSTEP =   980000   TIME(PS) =  217000.000  TEMP(K) =   308.19  PRESS =     0.0
 Etot   =   -239093.6310  EKtot   =     62758.5859  EPtot      =   -301852.2169
 BOND   =      2098.4060  ANGLE   =      2445.4313  DIHED      =      1431.1997
 UB     =         0.0000  IMP     =         0.0000  CMAP       =       241.3943
 1-4 NB =      1158.1988  1-4 EEL =     15337.5149  VDWAALS    =     40500.4101
 EELEC  =   -365064.7722  EHBOND  =         0.0000  RESTRAINT  =         0.0000
 ------------------------------------------------------------------------------

wrapping first mol.:      -38.30066      108.33064        0.00000

 NSTEP =  1000000   TIME(PS) =  217040.000  TEMP(K) =   310.18  PRESS =     0.0
 Etot   =   -238809.6885  EKtot   =     63163.7812  EPtot      =   -301973.4698
 BOND   =      2071.7328  ANGLE   =      2359.1404  DIHED      =      1381.7882
 UB     =         0.0000  IMP     =         0.0000  CMAP       =       234.2081
 1-4 NB =      1174.6848  1-4 EEL =     15353.2559  VDWAALS    =     40670.6356
 EELEC  =   -365218.9157  EHBOND  =         0.0000  RESTRAINT  =         0.0000
 ------------------------------------------------------------------------------

wrapping first mol.:      -38.30066      108.33064        0.00000

 NSTEP =  1020000   TIME(PS) =  217080.000  TEMP(K) =   311.41  PRESS =     0.0
 Etot   =   -238226.2671  EKtot   =     63414.9609  EPtot      =   -301641.2280
 BOND   =      2104.6882  ANGLE   =      2396.1655  DIHED      =      1415.9020
 UB     =         0.0000  IMP     =         0.0000  CMAP       =       248.1822
 1-4 NB =      1182.1608  1-4 EEL =     15313.1787  VDWAALS    =     40440.6264
 EELEC  =   -364742.1319  EHBOND  =         0.0000  RESTRAINT  =         0.0000
 ------------------------------------------------------------------------------

wrapping first mol.:      -38.30066      108.33064        0.00000

 NSTEP =  1040000   TIME(PS) =  217120.000  TEMP(K) =   310.56  PRESS =     0.0
 Etot   =   -238934.9001  EKtot   =     63240.6484  EPtot      =   -302175.5485
 BOND   =      2148.8810  ANGLE   =      2386.2207  DIHED      =      1394.5014
 UB     =         0.0000  IMP     =         0.0000  CMAP       =       254.0295
 1-4 NB =      1180.3389  1-4 EEL =     15345.8690  VDWAALS    =     40561.1814
 EELEC  =   -365446.5704  EHBOND  =         0.0000  RESTRAINT  =         0.0000
 ------------------------------------------------------------------------------

wrapping first mol.:      -38.30066      108.33064        0.00000

 NSTEP =  1060000   TIME(PS) =  217160.000  TEMP(K) =   309.67  PRESS =     0.0
 Etot   =   -238614.4456  EKtot   =     63059.6367  EPtot      =   -301674.0823
 BOND   =      2058.4761  ANGLE   =      2412.2816  DIHED      =      1393.8353
 UB     =         0.0000  IMP     =         0.0000  CMAP       =       244.4320
 1-4 NB =      1203.3625  1-4 EEL =     15334.2415  VDWAALS    =     40970.6527
 EELEC  =   -365291.3640  EHBOND  =         0.0000  RESTRAINT  =         0.0000
 ------------------------------------------------------------------------------

wrapping first mol.:      -38.30066      108.33064        0.00000

 NSTEP =  1080000   TIME(PS) =  217200.000  TEMP(K) =   310.76  PRESS =     0.0
 Etot   =   -238508.0319  EKtot   =     63280.8672  EPtot      =   -301788.8991
 BOND   =      2033.9050  ANGLE   =      2458.2104  DIHED      =      1398.3679
 UB     =         0.0000  IMP     =         0.0000  CMAP       =       261.5022
 1-4 NB =      1196.3282  1-4 EEL =     15229.1895  VDWAALS    =     41039.5943
 EELEC  =   -365405.9965  EHBOND  =         0.0000  RESTRAINT  =         0.0000
 ------------------------------------------------------------------------------

wrapping first mol.:      -38.30066      108.33064        0.00000

 NSTEP =  1100000   TIME(PS) =  217240.000  TEMP(K) =   310.27  PRESS =     0.0
 Etot   =   -238277.2235  EKtot   =     63182.9961  EPtot      =   -301460.2196
 BOND   =      2099.6656  ANGLE   =      2404.2129  DIHED      =      1417.1102
 UB     =         0.0000  IMP     =         0.0000  CMAP       =       241.0193
 1-4 NB =      1165.5986  1-4 EEL =     15346.9888  VDWAALS    =     41015.2282
 EELEC  =   -365150.0432  EHBOND  =         0.0000  RESTRAINT  =         0.0000
 ------------------------------------------------------------------------------

wrapping first mol.:      -38.30066      108.33064        0.00000

 NSTEP =  1120000   TIME(PS) =  217280.000  TEMP(K) =   309.70  PRESS =     0.0
 Etot   =   -238863.4500  EKtot   =     63066.5586  EPtot      =   -301930.0086
 BOND   =      2122.6583  ANGLE   =      2464.5010  DIHED      =      1396.1371
 UB     =         0.0000  IMP     =         0.0000  CMAP       =       254.4665
 1-4 NB =      1177.7788  1-4 EEL =     15259.6040  VDWAALS    =     40262.5165
 EELEC  =   -364867.6708  EHBOND  =         0.0000  RESTRAINT  =         0.0000
 ------------------------------------------------------------------------------

wrapping first mol.:      -38.30066      108.33064        0.00000

 NSTEP =  1140000   TIME(PS) =  217320.000  TEMP(K) =   308.73  PRESS =     0.0
 Etot   =   -238472.0636  EKtot   =     62867.3906  EPtot      =   -301339.4542
 BOND   =      2073.4667  ANGLE   =      2474.0765  DIHED      =      1427.0078
 UB     =         0.0000  IMP     =         0.0000  CMAP       =       271.9381
 1-4 NB =      1184.3561  1-4 EEL =     15305.1623  VDWAALS    =     41143.1865
 EELEC  =   -365218.6481  EHBOND  =         0.0000  RESTRAINT  =         0.0000
 ------------------------------------------------------------------------------

wrapping first mol.:      -38.30066      108.33064        0.00000

 NSTEP =  1160000   TIME(PS) =  217360.000  TEMP(K) =   309.41  PRESS =     0.0
 Etot   =   -238541.5593  EKtot   =     63006.5078  EPtot      =   -301548.0671
 BOND   =      2102.0745  ANGLE   =      2426.9812  DIHED      =      1414.2515
 UB     =         0.0000  IMP     =         0.0000  CMAP       =       251.6203
 1-4 NB =      1155.7155  1-4 EEL =     15338.5052  VDWAALS    =     40635.2967
 EELEC  =   -364872.5120  EHBOND  =         0.0000  RESTRAINT  =         0.0000
 ------------------------------------------------------------------------------

wrapping first mol.:      -38.30066      108.33064        0.00000

 NSTEP =  1180000   TIME(PS) =  217400.000  TEMP(K) =   309.27  PRESS =     0.0
 Etot   =   -239021.5466  EKtot   =     62977.7578  EPtot      =   -301999.3044
 BOND   =      2038.2350  ANGLE   =      2422.2103  DIHED      =      1403.5123
 UB     =         0.0000  IMP     =         0.0000  CMAP       =       251.6337
 1-4 NB =      1202.9022  1-4 EEL =     15377.9394  VDWAALS    =     40713.6020
 EELEC  =   -365409.3393  EHBOND  =         0.0000  RESTRAINT  =         0.0000
 ------------------------------------------------------------------------------

wrapping first mol.:      -38.30066      108.33064        0.00000

 NSTEP =  1200000   TIME(PS) =  217440.000  TEMP(K) =   311.33  PRESS =     0.0
 Etot   =   -238433.4960  EKtot   =     63398.7461  EPtot      =   -301832.2421
 BOND   =      2130.9236  ANGLE   =      2484.3791  DIHED      =      1398.3443
 UB     =         0.0000  IMP     =         0.0000  CMAP       =       249.5064
 1-4 NB =      1170.1015  1-4 EEL =     15387.1558  VDWAALS    =     40904.6361
 EELEC  =   -365557.2888  EHBOND  =         0.0000  RESTRAINT  =         0.0000
 ------------------------------------------------------------------------------

wrapping first mol.:      -38.30066      108.33064        0.00000

 NSTEP =  1220000   TIME(PS) =  217480.000  TEMP(K) =   310.03  PRESS =     0.0
 Etot   =   -239024.7380  EKtot   =     63134.1133  EPtot      =   -302158.8513
 BOND   =      2021.6189  ANGLE   =      2493.4934  DIHED      =      1405.0931
 UB     =         0.0000  IMP     =         0.0000  CMAP       =       252.3816
 1-4 NB =      1189.2440  1-4 EEL =     15338.3985  VDWAALS    =     40991.8989
 EELEC  =   -365850.9797  EHBOND  =         0.0000  RESTRAINT  =         0.0000
 ------------------------------------------------------------------------------

wrapping first mol.:      -38.30066      108.33064        0.00000

 NSTEP =  1240000   TIME(PS) =  217520.000  TEMP(K) =   310.77  PRESS =     0.0
 Etot   =   -238422.8191  EKtot   =     63284.7617  EPtot      =   -301707.5808
 BOND   =      2102.9152  ANGLE   =      2483.3058  DIHED      =      1397.7725
 UB     =         0.0000  IMP     =         0.0000  CMAP       =       250.8777
 1-4 NB =      1169.9113  1-4 EEL =     15266.9461  VDWAALS    =     40766.0621
 EELEC  =   -365145.3716  EHBOND  =         0.0000  RESTRAINT  =         0.0000
 ------------------------------------------------------------------------------

wrapping first mol.:      -38.30066      108.33064        0.00000

 NSTEP =  1260000   TIME(PS) =  217560.000  TEMP(K) =   310.48  PRESS =     0.0
 Etot   =   -238546.2804  EKtot   =     63223.9922  EPtot      =   -301770.2726
 BOND   =      2032.8224  ANGLE   =      2435.8017  DIHED      =      1416.3885
 UB     =         0.0000  IMP     =         0.0000  CMAP       =       263.6799
 1-4 NB =      1202.0083  1-4 EEL =     15365.2875  VDWAALS    =     41098.9300
 EELEC  =   -365585.1909  EHBOND  =         0.0000  RESTRAINT  =         0.0000
 ------------------------------------------------------------------------------

wrapping first mol.:      -38.30066      108.33064        0.00000

 NSTEP =  1280000   TIME(PS) =  217600.000  TEMP(K) =   309.06  PRESS =     0.0
 Etot   =   -239037.5239  EKtot   =     62935.3711  EPtot      =   -301972.8950
 BOND   =      2085.1025  ANGLE   =      2447.5843  DIHED      =      1399.2116
 UB     =         0.0000  IMP     =         0.0000  CMAP       =       234.1992
 1-4 NB =      1170.4803  1-4 EEL =     15397.7305  VDWAALS    =     40782.7376
 EELEC  =   -365489.9409  EHBOND  =         0.0000  RESTRAINT  =         0.0000
 ------------------------------------------------------------------------------

wrapping first mol.:      -38.30066      108.33064        0.00000

 NSTEP =  1300000   TIME(PS) =  217640.000  TEMP(K) =   310.23  PRESS =     0.0
 Etot   =   -238493.0744  EKtot   =     63174.4180  EPtot      =   -301667.4924
 BOND   =      2081.6970  ANGLE   =      2389.6860  DIHED      =      1373.2407
 UB     =         0.0000  IMP     =         0.0000  CMAP       =       255.0652
 1-4 NB =      1169.9149  1-4 EEL =     15294.9804  VDWAALS    =     40767.4299
 EELEC  =   -364999.5065  EHBOND  =         0.0000  RESTRAINT  =         0.0000
 ------------------------------------------------------------------------------

wrapping first mol.:      -38.30066      108.33064        0.00000

 NSTEP =  1320000   TIME(PS) =  217680.000  TEMP(K) =   309.87  PRESS =     0.0
 Etot   =   -239020.9677  EKtot   =     63101.4688  EPtot      =   -302122.4365
 BOND   =      2089.6855  ANGLE   =      2472.6938  DIHED      =      1402.9254
 UB     =         0.0000  IMP     =         0.0000  CMAP       =       256.2186
 1-4 NB =      1161.9553  1-4 EEL =     15205.1860  VDWAALS    =     41379.8474
 EELEC  =   -366090.9485  EHBOND  =         0.0000  RESTRAINT  =         0.0000
 ------------------------------------------------------------------------------

wrapping first mol.:      -38.30066      108.33064        0.00000

 NSTEP =  1340000   TIME(PS) =  217720.000  TEMP(K) =   310.49  PRESS =     0.0
 Etot   =   -238779.4906  EKtot   =     63226.8320  EPtot      =   -302006.3226
 BOND   =      2057.4794  ANGLE   =      2389.1732  DIHED      =      1396.1802
 UB     =         0.0000  IMP     =         0.0000  CMAP       =       237.0656
 1-4 NB =      1181.9908  1-4 EEL =     15415.7891  VDWAALS    =     41240.1298
 EELEC  =   -365924.1307  EHBOND  =         0.0000  RESTRAINT  =         0.0000
 ------------------------------------------------------------------------------

wrapping first mol.:      -38.30066      108.33064        0.00000

 NSTEP =  1360000   TIME(PS) =  217760.000  TEMP(K) =   311.01  PRESS =     0.0
 Etot   =   -238530.4727  EKtot   =     63332.4258  EPtot      =   -301862.8985
 BOND   =      2116.3497  ANGLE   =      2417.2519  DIHED      =      1349.5865
 UB     =         0.0000  IMP     =         0.0000  CMAP       =       258.1392
 1-4 NB =      1179.5637  1-4 EEL =     15387.1225  VDWAALS    =     40761.7584
 EELEC  =   -365332.6704  EHBOND  =         0.0000  RESTRAINT  =         0.0000
 ------------------------------------------------------------------------------

wrapping first mol.:      -38.30066      108.33064        0.00000

 NSTEP =  1380000   TIME(PS) =  217800.000  TEMP(K) =   309.98  PRESS =     0.0
 Etot   =   -238661.1905  EKtot   =     63123.3203  EPtot      =   -301784.5108
 BOND   =      2084.7470  ANGLE   =      2411.7172  DIHED      =      1400.3497
 UB     =         0.0000  IMP     =         0.0000  CMAP       =       243.3897
 1-4 NB =      1179.1950  1-4 EEL =     15404.0757  VDWAALS    =     40742.1472
 EELEC  =   -365250.1324  EHBOND  =         0.0000  RESTRAINT  =         0.0000
 ------------------------------------------------------------------------------

wrapping first mol.:      -38.30066      108.33064        0.00000

 NSTEP =  1400000   TIME(PS) =  217840.000  TEMP(K) =   309.22  PRESS =     0.0
 Etot   =   -237969.6554  EKtot   =     62967.9492  EPtot      =   -300937.6046
 BOND   =      2051.8650  ANGLE   =      2434.6541  DIHED      =      1397.2883
 UB     =         0.0000  IMP     =         0.0000  CMAP       =       257.6995
 1-4 NB =      1201.8015  1-4 EEL =     15423.8901  VDWAALS    =     40537.2163
 EELEC  =   -364242.0194  EHBOND  =         0.0000  RESTRAINT  =         0.0000
 ------------------------------------------------------------------------------

wrapping first mol.:      -38.30066      108.33064        0.00000

 NSTEP =  1420000   TIME(PS) =  217880.000  TEMP(K) =   311.94  PRESS =     0.0
 Etot   =   -238389.6837  EKtot   =     63521.1406  EPtot      =   -301910.8243
 BOND   =      2166.1738  ANGLE   =      2360.2543  DIHED      =      1399.1085
 UB     =         0.0000  IMP     =         0.0000  CMAP       =       257.1737
 1-4 NB =      1201.8780  1-4 EEL =     15420.0276  VDWAALS    =     40457.2208
 EELEC  =   -365172.6611  EHBOND  =         0.0000  RESTRAINT  =         0.0000
 ------------------------------------------------------------------------------

wrapping first mol.:      -38.30066      108.33064        0.00000

 NSTEP =  1440000   TIME(PS) =  217920.000  TEMP(K) =   310.89  PRESS =     0.0
 Etot   =   -238326.4936  EKtot   =     63308.6562  EPtot      =   -301635.1498
 BOND   =      2158.1033  ANGLE   =      2431.8752  DIHED      =      1409.5211
 UB     =         0.0000  IMP     =         0.0000  CMAP       =       244.2590
 1-4 NB =      1184.4355  1-4 EEL =     15352.3878  VDWAALS    =     40620.3346
 EELEC  =   -365036.0664  EHBOND  =         0.0000  RESTRAINT  =         0.0000
 ------------------------------------------------------------------------------

wrapping first mol.:      -38.30066      108.33064        0.00000

 NSTEP =  1460000   TIME(PS) =  217960.000  TEMP(K) =   309.94  PRESS =     0.0
 Etot   =   -238785.6280  EKtot   =     63114.0195  EPtot      =   -301899.6475
 BOND   =      2112.0298  ANGLE   =      2445.3758  DIHED      =      1394.4693
 UB     =         0.0000  IMP     =         0.0000  CMAP       =       253.1442
 1-4 NB =      1167.8858  1-4 EEL =     15365.7400  VDWAALS    =     40522.9373
 EELEC  =   -365161.2297  EHBOND  =         0.0000  RESTRAINT  =         0.0000
 ------------------------------------------------------------------------------

wrapping first mol.:      -38.30066      108.33064        0.00000

 NSTEP =  1480000   TIME(PS) =  218000.000  TEMP(K) =   309.47  PRESS =     0.0
 Etot   =   -238868.9644  EKtot   =     63019.7266  EPtot      =   -301888.6909
 BOND   =      2066.4509  ANGLE   =      2436.8034  DIHED      =      1433.2850
 UB     =         0.0000  IMP     =         0.0000  CMAP       =       238.8390
 1-4 NB =      1200.6408  1-4 EEL =     15392.0596  VDWAALS    =     40706.7820
 EELEC  =   -365363.5516  EHBOND  =         0.0000  RESTRAINT  =         0.0000
 ------------------------------------------------------------------------------

wrapping first mol.:      -38.30066      108.33064        0.00000

 NSTEP =  1500000   TIME(PS) =  218040.000  TEMP(K) =   311.01  PRESS =     0.0
 Etot   =   -238927.7462  EKtot   =     63331.6953  EPtot      =   -302259.4415
 BOND   =      2065.1190  ANGLE   =      2425.4998  DIHED      =      1391.7511
 UB     =         0.0000  IMP     =         0.0000  CMAP       =       259.3181
 1-4 NB =      1156.4417  1-4 EEL =     15380.4431  VDWAALS    =     41141.4223
 EELEC  =   -366079.4365  EHBOND  =         0.0000  RESTRAINT  =         0.0000
 ------------------------------------------------------------------------------

wrapping first mol.:      -38.30066      108.33064        0.00000

 NSTEP =  1520000   TIME(PS) =  218080.000  TEMP(K) =   311.87  PRESS =     0.0
 Etot   =   -238551.8487  EKtot   =     63507.1016  EPtot      =   -302058.9503
 BOND   =      2098.0056  ANGLE   =      2439.2435  DIHED      =      1415.2749
 UB     =         0.0000  IMP     =         0.0000  CMAP       =       258.4807
 1-4 NB =      1178.2908  1-4 EEL =     15386.3142  VDWAALS    =     40747.9450
 EELEC  =   -365582.5050  EHBOND  =         0.0000  RESTRAINT  =         0.0000
 ------------------------------------------------------------------------------

wrapping first mol.:      -38.30066      108.33064        0.00000

 NSTEP =  1540000   TIME(PS) =  218120.000  TEMP(K) =   309.52  PRESS =     0.0
 Etot   =   -238450.1121  EKtot   =     63029.2109  EPtot      =   -301479.3230
 BOND   =      2139.3006  ANGLE   =      2480.8490  DIHED      =      1425.5420
 UB     =         0.0000  IMP     =         0.0000  CMAP       =       238.3349
 1-4 NB =      1172.0354  1-4 EEL =     15380.1895  VDWAALS    =     40095.5949
 EELEC  =   -364411.1694  EHBOND  =         0.0000  RESTRAINT  =         0.0000
 ------------------------------------------------------------------------------

wrapping first mol.:      -38.30066      108.33064        0.00000

 NSTEP =  1560000   TIME(PS) =  218160.000  TEMP(K) =   309.46  PRESS =     0.0
 Etot   =   -238912.7937  EKtot   =     63018.0508  EPtot      =   -301930.8445
 BOND   =      2025.8524  ANGLE   =      2403.1403  DIHED      =      1411.2655
 UB     =         0.0000  IMP     =         0.0000  CMAP       =       261.5925
 1-4 NB =      1191.1839  1-4 EEL =     15417.2260  VDWAALS    =     40614.0814
 EELEC  =   -365255.1865  EHBOND  =         0.0000  RESTRAINT  =         0.0000
 ------------------------------------------------------------------------------

wrapping first mol.:      -38.30066      108.33064        0.00000

 NSTEP =  1580000   TIME(PS) =  218200.000  TEMP(K) =   309.40  PRESS =     0.0
 Etot   =   -238937.1397  EKtot   =     63005.3750  EPtot      =   -301942.5147
 BOND   =      2083.3590  ANGLE   =      2407.7870  DIHED      =      1414.8018
 UB     =         0.0000  IMP     =         0.0000  CMAP       =       256.2173
 1-4 NB =      1172.5866  1-4 EEL =     15417.2628  VDWAALS    =     40936.0495
 EELEC  =   -365630.5787  EHBOND  =         0.0000  RESTRAINT  =         0.0000
 ------------------------------------------------------------------------------

wrapping first mol.:      -38.30066      108.33064        0.00000

 NSTEP =  1600000   TIME(PS) =  218240.000  TEMP(K) =   308.92  PRESS =     0.0
 Etot   =   -238504.4831  EKtot   =     62907.9492  EPtot      =   -301412.4323
 BOND   =      2138.4872  ANGLE   =      2388.7022  DIHED      =      1385.5932
 UB     =         0.0000  IMP     =         0.0000  CMAP       =       248.4130
 1-4 NB =      1207.8280  1-4 EEL =     15350.9826  VDWAALS    =     40421.8725
 EELEC  =   -364554.3110  EHBOND  =         0.0000  RESTRAINT  =         0.0000
 ------------------------------------------------------------------------------

wrapping first mol.:      -38.30066      108.33064        0.00000

 NSTEP =  1620000   TIME(PS) =  218280.000  TEMP(K) =   311.54  PRESS =     0.0
 Etot   =   -238025.6498  EKtot   =     63440.5352  EPtot      =   -301466.1850
 BOND   =      2078.8148  ANGLE   =      2414.1245  DIHED      =      1396.2530
 UB     =         0.0000  IMP     =         0.0000  CMAP       =       266.8999
 1-4 NB =      1163.9641  1-4 EEL =     15366.4126  VDWAALS    =     40317.7044
 EELEC  =   -364470.3583  EHBOND  =         0.0000  RESTRAINT  =         0.0000
 ------------------------------------------------------------------------------

wrapping first mol.:      -38.30066      108.33064        0.00000

 NSTEP =  1640000   TIME(PS) =  218320.000  TEMP(K) =   309.62  PRESS =     0.0
 Etot   =   -238231.1994  EKtot   =     63049.7344  EPtot      =   -301280.9338
 BOND   =      2066.5642  ANGLE   =      2438.6378  DIHED      =      1407.6201
 UB     =         0.0000  IMP     =         0.0000  CMAP       =       262.6053
 1-4 NB =      1191.8357  1-4 EEL =     15406.8010  VDWAALS    =     40607.5844
 EELEC  =   -364662.5824  EHBOND  =         0.0000  RESTRAINT  =         0.0000
 ------------------------------------------------------------------------------

wrapping first mol.:      -38.30066      108.33064        0.00000

 NSTEP =  1660000   TIME(PS) =  218360.000  TEMP(K) =   310.80  PRESS =     0.0
 Etot   =   -238546.9850  EKtot   =     63290.0469  EPtot      =   -301837.0319
 BOND   =      2092.4141  ANGLE   =      2397.0588  DIHED      =      1409.4683
 UB     =         0.0000  IMP     =         0.0000  CMAP       =       250.4682
 1-4 NB =      1187.4712  1-4 EEL =     15437.5464  VDWAALS    =     40422.0521
 EELEC  =   -365033.5109  EHBOND  =         0.0000  RESTRAINT  =         0.0000
 ------------------------------------------------------------------------------

wrapping first mol.:      -38.30066      108.33064        0.00000

 NSTEP =  1680000   TIME(PS) =  218400.000  TEMP(K) =   309.83  PRESS =     0.0
 Etot   =   -238640.6521  EKtot   =     63092.9297  EPtot      =   -301733.5818
 BOND   =      2084.9619  ANGLE   =      2436.0867  DIHED      =      1393.2061
 UB     =         0.0000  IMP     =         0.0000  CMAP       =       254.2987
 1-4 NB =      1172.3107  1-4 EEL =     15337.6915  VDWAALS    =     40822.5698
 EELEC  =   -365234.7071  EHBOND  =         0.0000  RESTRAINT  =         0.0000
 ------------------------------------------------------------------------------

wrapping first mol.:      -38.30066      108.33064        0.00000

 NSTEP =  1700000   TIME(PS) =  218440.000  TEMP(K) =   308.78  PRESS =     0.0
 Etot   =   -238842.0131  EKtot   =     62879.1250  EPtot      =   -301721.1381
 BOND   =      2075.5572  ANGLE   =      2456.5797  DIHED      =      1402.9163
 UB     =         0.0000  IMP     =         0.0000  CMAP       =       245.6911
 1-4 NB =      1170.9695  1-4 EEL =     15376.7165  VDWAALS    =     40368.6950
 EELEC  =   -364818.2634  EHBOND  =         0.0000  RESTRAINT  =         0.0000
 ------------------------------------------------------------------------------

wrapping first mol.:      -38.30066      108.33064        0.00000

 NSTEP =  1720000   TIME(PS) =  218480.000  TEMP(K) =   310.47  PRESS =     0.0
 Etot   =   -238471.1310  EKtot   =     63222.0938  EPtot      =   -301693.2248
 BOND   =      2098.2677  ANGLE   =      2438.9356  DIHED      =      1402.5564
 UB     =         0.0000  IMP     =         0.0000  CMAP       =       244.9239
 1-4 NB =      1183.0917  1-4 EEL =     15327.9116  VDWAALS    =     40582.2412
 EELEC  =   -364971.1529  EHBOND  =         0.0000  RESTRAINT  =         0.0000
 ------------------------------------------------------------------------------

wrapping first mol.:      -38.30066      108.33064        0.00000

 NSTEP =  1740000   TIME(PS) =  218520.000  TEMP(K) =   309.31  PRESS =     0.0
 Etot   =   -238777.3880  EKtot   =     62987.2656  EPtot      =   -301764.6537
 BOND   =      2035.5597  ANGLE   =      2390.5189  DIHED      =      1420.0964
 UB     =         0.0000  IMP     =         0.0000  CMAP       =       255.2397
 1-4 NB =      1210.2150  1-4 EEL =     15467.2906  VDWAALS    =     40423.3066
 EELEC  =   -364966.8805  EHBOND  =         0.0000  RESTRAINT  =         0.0000
 ------------------------------------------------------------------------------

wrapping first mol.:      -38.30066      108.33064        0.00000

 NSTEP =  1760000   TIME(PS) =  218560.000  TEMP(K) =   309.98  PRESS =     0.0
 Etot   =   -238673.8998  EKtot   =     63123.2578  EPtot      =   -301797.1576
 BOND   =      2168.7149  ANGLE   =      2421.6376  DIHED      =      1418.9352
 UB     =         0.0000  IMP     =         0.0000  CMAP       =       257.9567
 1-4 NB =      1193.2729  1-4 EEL =     15396.4398  VDWAALS    =     40773.8768
 EELEC  =   -365427.9915  EHBOND  =         0.0000  RESTRAINT  =         0.0000
 ------------------------------------------------------------------------------

wrapping first mol.:      -38.30066      108.33064        0.00000

 NSTEP =  1780000   TIME(PS) =  218600.000  TEMP(K) =   309.44  PRESS =     0.0
 Etot   =   -239114.0664  EKtot   =     63013.7109  EPtot      =   -302127.7773
 BOND   =      2169.8080  ANGLE   =      2406.9615  DIHED      =      1388.5560
 UB     =         0.0000  IMP     =         0.0000  CMAP       =       246.6949
 1-4 NB =      1172.2235  1-4 EEL =     15378.0762  VDWAALS    =     40840.6505
 EELEC  =   -365730.7479  EHBOND  =         0.0000  RESTRAINT  =         0.0000
 ------------------------------------------------------------------------------

wrapping first mol.:      -38.30066      108.33064        0.00000

 NSTEP =  1800000   TIME(PS) =  218640.000  TEMP(K) =   312.14  PRESS =     0.0
 Etot   =   -238521.7159  EKtot   =     63562.5391  EPtot      =   -302084.2550
 BOND   =      2094.9090  ANGLE   =      2377.5955  DIHED      =      1445.7297
 UB     =         0.0000  IMP     =         0.0000  CMAP       =       272.2738
 1-4 NB =      1163.3172  1-4 EEL =     15418.8003  VDWAALS    =     40377.9113
 EELEC  =   -365234.7917  EHBOND  =         0.0000  RESTRAINT  =         0.0000
 ------------------------------------------------------------------------------

wrapping first mol.:      -38.30066      108.33064        0.00000

 NSTEP =  1820000   TIME(PS) =  218680.000  TEMP(K) =   311.76  PRESS =     0.0
 Etot   =   -238643.8546  EKtot   =     63485.9102  EPtot      =   -302129.7648
 BOND   =      2101.6159  ANGLE   =      2429.6438  DIHED      =      1369.6608
 UB     =         0.0000  IMP     =         0.0000  CMAP       =       263.5398
 1-4 NB =      1208.3654  1-4 EEL =     15416.7249  VDWAALS    =     40789.8687
 EELEC  =   -365709.1841  EHBOND  =         0.0000  RESTRAINT  =         0.0000
 ------------------------------------------------------------------------------

wrapping first mol.:      -38.30066      108.33064        0.00000

 NSTEP =  1840000   TIME(PS) =  218720.000  TEMP(K) =   310.98  PRESS =     0.0
 Etot   =   -238089.9431  EKtot   =     63327.3438  EPtot      =   -301417.2868
 BOND   =      2176.1179  ANGLE   =      2453.5580  DIHED      =      1392.5970
 UB     =         0.0000  IMP     =         0.0000  CMAP       =       258.8823
 1-4 NB =      1159.7358  1-4 EEL =     15274.8960  VDWAALS    =     40551.1528
 EELEC  =   -364684.2266  EHBOND  =         0.0000  RESTRAINT  =         0.0000
 ------------------------------------------------------------------------------

wrapping first mol.:      -38.30066      108.33064        0.00000

 NSTEP =  1860000   TIME(PS) =  218760.000  TEMP(K) =   309.41  PRESS =     0.0
 Etot   =   -238875.7825  EKtot   =     63007.2148  EPtot      =   -301882.9974
 BOND   =      2054.8919  ANGLE   =      2472.7592  DIHED      =      1420.8381
 UB     =         0.0000  IMP     =         0.0000  CMAP       =       271.1060
 1-4 NB =      1173.2051  1-4 EEL =     15447.2118  VDWAALS    =     40763.8216
 EELEC  =   -365486.8311  EHBOND  =         0.0000  RESTRAINT  =         0.0000
 ------------------------------------------------------------------------------

wrapping first mol.:      -38.30066      108.33064        0.00000

 NSTEP =  1880000   TIME(PS) =  218800.000  TEMP(K) =   310.62  PRESS =     0.0
 Etot   =   -238707.0051  EKtot   =     63253.8945  EPtot      =   -301960.8996
 BOND   =      2067.8518  ANGLE   =      2421.6038  DIHED      =      1411.1610
 UB     =         0.0000  IMP     =         0.0000  CMAP       =       257.0557
 1-4 NB =      1181.1848  1-4 EEL =     15393.0389  VDWAALS    =     40813.6125
 EELEC  =   -365506.4082  EHBOND  =         0.0000  RESTRAINT  =         0.0000
 ------------------------------------------------------------------------------

wrapping first mol.:      -38.30066      108.33064        0.00000

 NSTEP =  1900000   TIME(PS) =  218840.000  TEMP(K) =   309.79  PRESS =     0.0
 Etot   =   -238837.5164  EKtot   =     63084.8281  EPtot      =   -301922.3445
 BOND   =      2116.4483  ANGLE   =      2445.4973  DIHED      =      1396.7820
 UB     =         0.0000  IMP     =         0.0000  CMAP       =       269.1380
 1-4 NB =      1173.5750  1-4 EEL =     15385.7537  VDWAALS    =     40829.3992
 EELEC  =   -365538.9379  EHBOND  =         0.0000  RESTRAINT  =         0.0000
 ------------------------------------------------------------------------------

wrapping first mol.:      -38.30066      108.33064        0.00000

 NSTEP =  1920000   TIME(PS) =  218880.000  TEMP(K) =   308.78  PRESS =     0.0
 Etot   =   -239168.3893  EKtot   =     62878.6328  EPtot      =   -302047.0221
 BOND   =      2120.9678  ANGLE   =      2488.7159  DIHED      =      1406.7559
 UB     =         0.0000  IMP     =         0.0000  CMAP       =       240.4398
 1-4 NB =      1168.8426  1-4 EEL =     15325.7313  VDWAALS    =     40649.5401
 EELEC  =   -365448.0154  EHBOND  =         0.0000  RESTRAINT  =         0.0000
 ------------------------------------------------------------------------------

wrapping first mol.:      -38.30066      108.33064        0.00000

 NSTEP =  1940000   TIME(PS) =  218920.000  TEMP(K) =   310.34  PRESS =     0.0
 Etot   =   -239200.9850  EKtot   =     63195.9375  EPtot      =   -302396.9225
 BOND   =      2049.7611  ANGLE   =      2407.6720  DIHED      =      1360.6303
 UB     =         0.0000  IMP     =         0.0000  CMAP       =       260.0461
 1-4 NB =      1170.8171  1-4 EEL =     15284.8239  VDWAALS    =     40636.4754
 EELEC  =   -365567.1484  EHBOND  =         0.0000  RESTRAINT  =         0.0000
 ------------------------------------------------------------------------------

wrapping first mol.:      -38.30066      108.33064        0.00000

 NSTEP =  1960000   TIME(PS) =  218960.000  TEMP(K) =   311.10  PRESS =     0.0
 Etot   =   -238757.9836  EKtot   =     63351.6680  EPtot      =   -302109.6515
 BOND   =      2077.4017  ANGLE   =      2353.9635  DIHED      =      1401.8252
 UB     =         0.0000  IMP     =         0.0000  CMAP       =       265.4811
 1-4 NB =      1197.5243  1-4 EEL =     15431.2279  VDWAALS    =     41014.3795
 EELEC  =   -365851.4548  EHBOND  =         0.0000  RESTRAINT  =         0.0000
 ------------------------------------------------------------------------------

wrapping first mol.:      -38.30066      108.33064        0.00000

 NSTEP =  1980000   TIME(PS) =  219000.000  TEMP(K) =   309.51  PRESS =     0.0
 Etot   =   -239455.6253  EKtot   =     63026.9883  EPtot      =   -302482.6136
 BOND   =      2083.9460  ANGLE   =      2399.9061  DIHED      =      1392.0709
 UB     =         0.0000  IMP     =         0.0000  CMAP       =       250.9227
 1-4 NB =      1215.9297  1-4 EEL =     15387.8276  VDWAALS    =     40635.2274
 EELEC  =   -365848.4440  EHBOND  =         0.0000  RESTRAINT  =         0.0000
 ------------------------------------------------------------------------------

wrapping first mol.:      -38.30066      108.33064        0.00000

 NSTEP =  2000000   TIME(PS) =  219040.000  TEMP(K) =   310.34  PRESS =     0.0
 Etot   =   -238821.1129  EKtot   =     63196.7969  EPtot      =   -302017.9098
 BOND   =      2032.9873  ANGLE   =      2426.6643  DIHED      =      1410.1059
 UB     =         0.0000  IMP     =         0.0000  CMAP       =       243.1026
 1-4 NB =      1181.5968  1-4 EEL =     15433.9228  VDWAALS    =     40855.4787
 EELEC  =   -365601.7682  EHBOND  =         0.0000  RESTRAINT  =         0.0000
 ------------------------------------------------------------------------------

wrapping first mol.:      -38.30066      108.33064        0.00000

 NSTEP =  2020000   TIME(PS) =  219080.000  TEMP(K) =   310.40  PRESS =     0.0
 Etot   =   -238277.7088  EKtot   =     63207.6836  EPtot      =   -301485.3924
 BOND   =      2092.5225  ANGLE   =      2405.5296  DIHED      =      1405.2841
 UB     =         0.0000  IMP     =         0.0000  CMAP       =       259.1177
 1-4 NB =      1183.9961  1-4 EEL =     15334.4415  VDWAALS    =     40106.7702
 EELEC  =   -364273.0540  EHBOND  =         0.0000  RESTRAINT  =         0.0000
 ------------------------------------------------------------------------------

wrapping first mol.:      -38.30066      108.33064        0.00000

 NSTEP =  2040000   TIME(PS) =  219120.000  TEMP(K) =   311.41  PRESS =     0.0
 Etot   =   -238859.4872  EKtot   =     63414.5703  EPtot      =   -302274.0575
 BOND   =      2088.2799  ANGLE   =      2404.9728  DIHED      =      1379.3498
 UB     =         0.0000  IMP     =         0.0000  CMAP       =       233.2428
 1-4 NB =      1184.4746  1-4 EEL =     15379.1428  VDWAALS    =     40421.8654
 EELEC  =   -365365.3855  EHBOND  =         0.0000  RESTRAINT  =         0.0000
 ------------------------------------------------------------------------------

wrapping first mol.:      -38.30066      108.33064        0.00000

 NSTEP =  2060000   TIME(PS) =  219160.000  TEMP(K) =   309.33  PRESS =     0.0
 Etot   =   -238429.0566  EKtot   =     62991.3516  EPtot      =   -301420.4082
 BOND   =      2061.8733  ANGLE   =      2456.4576  DIHED      =      1398.8963
 UB     =         0.0000  IMP     =         0.0000  CMAP       =       259.3478
 1-4 NB =      1186.0882  1-4 EEL =     15343.7111  VDWAALS    =     41214.5252
 EELEC  =   -365341.3077  EHBOND  =         0.0000  RESTRAINT  =         0.0000
 ------------------------------------------------------------------------------

wrapping first mol.:      -38.30066      108.33064        0.00000

 NSTEP =  2080000   TIME(PS) =  219200.000  TEMP(K) =   308.36  PRESS =     0.0
 Etot   =   -238966.2036  EKtot   =     62793.2305  EPtot      =   -301759.4341
 BOND   =      2031.8681  ANGLE   =      2401.4707  DIHED      =      1401.6912
 UB     =         0.0000  IMP     =         0.0000  CMAP       =       254.5345
 1-4 NB =      1168.5334  1-4 EEL =     15361.8661  VDWAALS    =     40894.2713
 EELEC  =   -365273.6694  EHBOND  =         0.0000  RESTRAINT  =         0.0000
 ------------------------------------------------------------------------------

wrapping first mol.:      -38.30066      108.33064        0.00000

 NSTEP =  2100000   TIME(PS) =  219240.000  TEMP(K) =   310.69  PRESS =     0.0
 Etot   =   -238722.9516  EKtot   =     63268.4062  EPtot      =   -301991.3578
 BOND   =      2133.8474  ANGLE   =      2406.5422  DIHED      =      1391.9746
 UB     =         0.0000  IMP     =         0.0000  CMAP       =       226.8174
 1-4 NB =      1191.3384  1-4 EEL =     15370.8007  VDWAALS    =     40465.5122
 EELEC  =   -365178.1907  EHBOND  =         0.0000  RESTRAINT  =         0.0000
 ------------------------------------------------------------------------------

wrapping first mol.:      -38.30066      108.33064        0.00000

 NSTEP =  2120000   TIME(PS) =  219280.000  TEMP(K) =   309.81  PRESS =     0.0
 Etot   =   -239178.1265  EKtot   =     63088.1445  EPtot      =   -302266.2710
 BOND   =      2088.2533  ANGLE   =      2408.4747  DIHED      =      1416.2735
 UB     =         0.0000  IMP     =         0.0000  CMAP       =       235.2083
 1-4 NB =      1181.0957  1-4 EEL =     15354.8847  VDWAALS    =     41021.2403
 EELEC  =   -365971.7015  EHBOND  =         0.0000  RESTRAINT  =         0.0000
 ------------------------------------------------------------------------------

wrapping first mol.:      -38.30066      108.33064        0.00000

 NSTEP =  2140000   TIME(PS) =  219320.000  TEMP(K) =   309.65  PRESS =     0.0
 Etot   =   -239174.5131  EKtot   =     63054.8672  EPtot      =   -302229.3803
 BOND   =      2082.8015  ANGLE   =      2412.1436  DIHED      =      1389.5303
 UB     =         0.0000  IMP     =         0.0000  CMAP       =       243.7375
 1-4 NB =      1208.1832  1-4 EEL =     15400.1563  VDWAALS    =     40642.7715
 EELEC  =   -365608.7042  EHBOND  =         0.0000  RESTRAINT  =         0.0000
 ------------------------------------------------------------------------------

wrapping first mol.:      -38.30066      108.33064        0.00000

 NSTEP =  2160000   TIME(PS) =  219360.000  TEMP(K) =   309.41  PRESS =     0.0
 Etot   =   -238630.4361  EKtot   =     63006.3711  EPtot      =   -301636.8072
 BOND   =      2054.0377  ANGLE   =      2390.2497  DIHED      =      1405.0652
 UB     =         0.0000  IMP     =         0.0000  CMAP       =       247.1999
 1-4 NB =      1188.0512  1-4 EEL =     15400.6100  VDWAALS    =     40087.9938
 EELEC  =   -364410.0148  EHBOND  =         0.0000  RESTRAINT  =         0.0000
 ------------------------------------------------------------------------------

wrapping first mol.:      -38.30066      108.33064        0.00000

 NSTEP =  2180000   TIME(PS) =  219400.000  TEMP(K) =   310.64  PRESS =     0.0
 Etot   =   -238298.9000  EKtot   =     63256.6172  EPtot      =   -301555.5172
 BOND   =      2061.0400  ANGLE   =      2387.0252  DIHED      =      1437.3415
 UB     =         0.0000  IMP     =         0.0000  CMAP       =       250.6327
 1-4 NB =      1182.5310  1-4 EEL =     15408.8930  VDWAALS    =     40544.0755
 EELEC  =   -364827.0561  EHBOND  =         0.0000  RESTRAINT  =         0.0000
 ------------------------------------------------------------------------------

wrapping first mol.:      -38.30066      108.33064        0.00000

 NSTEP =  2200000   TIME(PS) =  219440.000  TEMP(K) =   311.64  PRESS =     0.0
 Etot   =   -238101.7500  EKtot   =     63461.8633  EPtot      =   -301563.6133
 BOND   =      2084.7487  ANGLE   =      2446.3742  DIHED      =      1416.6255
 UB     =         0.0000  IMP     =         0.0000  CMAP       =       265.0339
 1-4 NB =      1168.5482  1-4 EEL =     15344.9977  VDWAALS    =     40488.5414
 EELEC  =   -364778.4829  EHBOND  =         0.0000  RESTRAINT  =         0.0000
 ------------------------------------------------------------------------------

wrapping first mol.:      -38.30066      108.33064        0.00000

 NSTEP =  2220000   TIME(PS) =  219480.000  TEMP(K) =   309.30  PRESS =     0.0
 Etot   =   -238860.4937  EKtot   =     62984.6836  EPtot      =   -301845.1773
 BOND   =      2051.9542  ANGLE   =      2505.1751  DIHED      =      1397.5741
 UB     =         0.0000  IMP     =         0.0000  CMAP       =       232.1302
 1-4 NB =      1188.6571  1-4 EEL =     15365.5581  VDWAALS    =     40822.1023
 EELEC  =   -365408.3284  EHBOND  =         0.0000  RESTRAINT  =         0.0000
 ------------------------------------------------------------------------------

wrapping first mol.:      -38.30066      108.33064        0.00000

 NSTEP =  2240000   TIME(PS) =  219520.000  TEMP(K) =   310.31  PRESS =     0.0
 Etot   =   -238440.6235  EKtot   =     63190.5508  EPtot      =   -301631.1742
 BOND   =      2028.8349  ANGLE   =      2458.0496  DIHED      =      1395.7505
 UB     =         0.0000  IMP     =         0.0000  CMAP       =       253.1236
 1-4 NB =      1170.1577  1-4 EEL =     15396.2602  VDWAALS    =     41093.8024
 EELEC  =   -365427.1532  EHBOND  =         0.0000  RESTRAINT  =         0.0000
 ------------------------------------------------------------------------------

wrapping first mol.:      -38.30066      108.33064        0.00000

 NSTEP =  2260000   TIME(PS) =  219560.000  TEMP(K) =   309.87  PRESS =     0.0
 Etot   =   -238920.1943  EKtot   =     63101.5391  EPtot      =   -302021.7334
 BOND   =      2130.4679  ANGLE   =      2453.0457  DIHED      =      1380.1151
 UB     =         0.0000  IMP     =         0.0000  CMAP       =       243.0095
 1-4 NB =      1187.2496  1-4 EEL =     15360.1882  VDWAALS    =     40390.8513
 EELEC  =   -365166.6607  EHBOND  =         0.0000  RESTRAINT  =         0.0000
 ------------------------------------------------------------------------------

wrapping first mol.:      -38.30066      108.33064        0.00000

 NSTEP =  2280000   TIME(PS) =  219600.000  TEMP(K) =   309.17  PRESS =     0.0
 Etot   =   -238726.9985  EKtot   =     62957.2383  EPtot      =   -301684.2368
 BOND   =      2043.1093  ANGLE   =      2435.7975  DIHED      =      1391.0555
 UB     =         0.0000  IMP     =         0.0000  CMAP       =       262.3022
 1-4 NB =      1196.4664  1-4 EEL =     15328.9318  VDWAALS    =     40736.1478
 EELEC  =   -365078.0474  EHBOND  =         0.0000  RESTRAINT  =         0.0000
 ------------------------------------------------------------------------------

wrapping first mol.:      -38.30066      108.33064        0.00000

 NSTEP =  2300000   TIME(PS) =  219640.000  TEMP(K) =   308.98  PRESS =     0.0
 Etot   =   -238835.0193  EKtot   =     62919.7109  EPtot      =   -301754.7303
 BOND   =      2142.7999  ANGLE   =      2459.4812  DIHED      =      1423.8668
 UB     =         0.0000  IMP     =         0.0000  CMAP       =       239.6463
 1-4 NB =      1191.0877  1-4 EEL =     15375.0502  VDWAALS    =     40338.7210
 EELEC  =   -364925.3834  EHBOND  =         0.0000  RESTRAINT  =         0.0000
 ------------------------------------------------------------------------------

wrapping first mol.:      -38.30066      108.33064        0.00000

 NSTEP =  2320000   TIME(PS) =  219680.000  TEMP(K) =   311.04  PRESS =     0.0
 Etot   =   -238572.3649  EKtot   =     63338.6211  EPtot      =   -301910.9860
 BOND   =      2059.6059  ANGLE   =      2290.4155  DIHED      =      1428.9195
 UB     =         0.0000  IMP     =         0.0000  CMAP       =       253.5887
 1-4 NB =      1224.5071  1-4 EEL =     15423.2344  VDWAALS    =     40725.8750
 EELEC  =   -365317.1319  EHBOND  =         0.0000  RESTRAINT  =         0.0000
 ------------------------------------------------------------------------------

wrapping first mol.:      -38.30066      108.33064        0.00000

 NSTEP =  2340000   TIME(PS) =  219720.000  TEMP(K) =   310.07  PRESS =     0.0
 Etot   =   -238577.3485  EKtot   =     63140.9023  EPtot      =   -301718.2508
 BOND   =      2119.5826  ANGLE   =      2406.8938  DIHED      =      1425.9590
 UB     =         0.0000  IMP     =         0.0000  CMAP       =       258.5393
 1-4 NB =      1201.1092  1-4 EEL =     15390.3381  VDWAALS    =     40386.3534
 EELEC  =   -364907.0263  EHBOND  =         0.0000  RESTRAINT  =         0.0000
 ------------------------------------------------------------------------------

wrapping first mol.:      -38.30066      108.33064        0.00000

 NSTEP =  2360000   TIME(PS) =  219760.000  TEMP(K) =   310.06  PRESS =     0.0
 Etot   =   -238389.0333  EKtot   =     63139.4297  EPtot      =   -301528.4630
 BOND   =      2094.2004  ANGLE   =      2436.4998  DIHED      =      1374.2537
 UB     =         0.0000  IMP     =         0.0000  CMAP       =       252.7151
 1-4 NB =      1195.9579  1-4 EEL =     15301.2171  VDWAALS    =     40657.3311
 EELEC  =   -364840.6381  EHBOND  =         0.0000  RESTRAINT  =         0.0000
 ------------------------------------------------------------------------------

wrapping first mol.:      -38.30066      108.33064        0.00000

 NSTEP =  2380000   TIME(PS) =  219800.000  TEMP(K) =   310.93  PRESS =     0.0
 Etot   =   -238847.7197  EKtot   =     63316.3789  EPtot      =   -302164.0987
 BOND   =      2107.1577  ANGLE   =      2401.8093  DIHED      =      1441.7398
 UB     =         0.0000  IMP     =         0.0000  CMAP       =       254.5640
 1-4 NB =      1169.8416  1-4 EEL =     15296.2492  VDWAALS    =     40675.4739
 EELEC  =   -365510.9342  EHBOND  =         0.0000  RESTRAINT  =         0.0000
 ------------------------------------------------------------------------------

wrapping first mol.:      -38.30066      108.33064        0.00000

 NSTEP =  2400000   TIME(PS) =  219840.000  TEMP(K) =   309.39  PRESS =     0.0
 Etot   =   -238394.0896  EKtot   =     63002.9453  EPtot      =   -301397.0349
 BOND   =      2118.2846  ANGLE   =      2449.3612  DIHED      =      1439.2568
 UB     =         0.0000  IMP     =         0.0000  CMAP       =       232.0424
 1-4 NB =      1199.0544  1-4 EEL =     15364.6385  VDWAALS    =     40495.7235
 EELEC  =   -364695.3964  EHBOND  =         0.0000  RESTRAINT  =         0.0000
 ------------------------------------------------------------------------------

wrapping first mol.:      -38.30066      108.33064        0.00000

 NSTEP =  2420000   TIME(PS) =  219880.000  TEMP(K) =   308.94  PRESS =     0.0
 Etot   =   -239193.5795  EKtot   =     62911.8359  EPtot      =   -302105.4155
 BOND   =      2086.3955  ANGLE   =      2405.1980  DIHED      =      1407.7483
 UB     =         0.0000  IMP     =         0.0000  CMAP       =       239.6275
 1-4 NB =      1165.4277  1-4 EEL =     15333.6143  VDWAALS    =     41281.1201
 EELEC  =   -366024.5468  EHBOND  =         0.0000  RESTRAINT  =         0.0000
 ------------------------------------------------------------------------------

wrapping first mol.:      -38.30066      108.33064        0.00000

 NSTEP =  2440000   TIME(PS) =  219920.000  TEMP(K) =   308.18  PRESS =     0.0
 Etot   =   -239609.2017  EKtot   =     62756.5977  EPtot      =   -302365.7993
 BOND   =      2094.2859  ANGLE   =      2394.5206  DIHED      =      1428.8916
 UB     =         0.0000  IMP     =         0.0000  CMAP       =       246.6670
 1-4 NB =      1203.9328  1-4 EEL =     15384.2240  VDWAALS    =     41073.2574
 EELEC  =   -366191.5786  EHBOND  =         0.0000  RESTRAINT  =         0.0000
 ------------------------------------------------------------------------------

wrapping first mol.:      -38.30066      108.33064        0.00000

 NSTEP =  2460000   TIME(PS) =  219960.000  TEMP(K) =   310.01  PRESS =     0.0
 Etot   =   -239057.8107  EKtot   =     63129.9805  EPtot      =   -302187.7912
 BOND   =      2097.6429  ANGLE   =      2419.9233  DIHED      =      1442.4796
 UB     =         0.0000  IMP     =         0.0000  CMAP       =       242.5665
 1-4 NB =      1165.2035  1-4 EEL =     15407.9311  VDWAALS    =     40834.4721
 EELEC  =   -365798.0101  EHBOND  =         0.0000  RESTRAINT  =         0.0000
 ------------------------------------------------------------------------------

wrapping first mol.:      -38.30066      108.33064        0.00000

 NSTEP =  2480000   TIME(PS) =  220000.000  TEMP(K) =   310.50  PRESS =     0.0
 Etot   =   -238629.1847  EKtot   =     63227.9141  EPtot      =   -301857.0987
 BOND   =      2116.0761  ANGLE   =      2426.6695  DIHED      =      1387.0084
 UB     =         0.0000  IMP     =         0.0000  CMAP       =       236.1704
 1-4 NB =      1206.4423  1-4 EEL =     15460.9685  VDWAALS    =     41257.1847
 EELEC  =   -365947.6186  EHBOND  =         0.0000  RESTRAINT  =         0.0000
 ------------------------------------------------------------------------------

wrapping first mol.:      -38.30066      108.33064        0.00000
wrapping first mol.:      -38.30066      108.33064        0.00000

 NSTEP =  2500000   TIME(PS) =  220040.000  TEMP(K) =   310.86  PRESS =     0.0
 Etot   =   -238926.7455  EKtot   =     63302.2656  EPtot      =   -302229.0111
 BOND   =      2090.1791  ANGLE   =      2405.2605  DIHED      =      1396.4587
 UB     =         0.0000  IMP     =         0.0000  CMAP       =       225.7450
 1-4 NB =      1183.1428  1-4 EEL =     15383.2550  VDWAALS    =     40501.7251
 EELEC  =   -365414.7774  EHBOND  =         0.0000  RESTRAINT  =         0.0000
 ------------------------------------------------------------------------------


      A V E R A G E S   O V E R     125 S T E P S


 NSTEP =  2500000   TIME(PS) =  220040.000  TEMP(K) =   310.06  PRESS =     0.0
 Etot   =   -238740.6848  EKtot   =     63140.1402  EPtot      =   -301880.8250
 BOND   =      2089.6929  ANGLE   =      2424.8942  DIHED      =      1403.9439
 UB     =         0.0000  IMP     =         0.0000  CMAP       =       247.2450
 1-4 NB =      1183.8727  1-4 EEL =     15356.8866  VDWAALS    =     40694.9380
 EELEC  =   -365282.2982  EHBOND  =         0.0000  RESTRAINT  =         0.0000
 ------------------------------------------------------------------------------


      R M S  F L U C T U A T I O N S


 NSTEP =  2500000   TIME(PS) =  220040.000  TEMP(K) =     0.86  PRESS =     0.0
 Etot   =       343.9349  EKtot   =       174.1488  EPtot      =       318.2504
 BOND   =        35.8533  ANGLE   =        36.4747  DIHED      =        19.3774
 UB     =         0.0000  IMP     =         0.0000  CMAP       =        12.2418
 1-4 NB =        14.6409  1-4 EEL =        52.8865  VDWAALS    =       268.5679
 EELEC  =       468.8395  EHBOND  =         0.0000  RESTRAINT  =         0.0000
 ------------------------------------------------------------------------------

--------------------------------------------------------------------------------
   5.  TIMINGS
--------------------------------------------------------------------------------

|  NonSetup CPU Time in Major Routines:
|
|     Routine           Sec        %
|     ------------------------------
|     Nonbond         173.55   12.67
|     Bond              0.00    0.00
|     Angle             0.00    0.00
|     Dihedral          0.00    0.00
|     Shake            11.84    0.86
|     RunMD          1182.08   86.31
|     Other             2.18    0.16
|     ------------------------------
|     Total          1369.64

|  PME Nonbond Pairlist CPU Time:
|
|     Routine              Sec        %
|     ---------------------------------
|     Set Up Cit           0.00    0.00
|     Build List           0.00    0.00
|     ---------------------------------
|     Total                0.00    0.00

|  PME Direct Force CPU Time:
|
|     Routine              Sec        %
|     ---------------------------------
|     NonBonded Calc       0.00    0.00
|     Exclude Masked       0.00    0.00
|     Other                1.36    0.10
|     ---------------------------------
|     Total                1.36    0.10

|  PME Reciprocal Force CPU Time:
|
|     Routine              Sec        %
|     ---------------------------------
|     1D bspline           0.00    0.00
|     Grid Charges         0.00    0.00
|     Scalar Sum           0.00    0.00
|     Gradient Sum         0.00    0.00
|     FFT                  0.00    0.00
|     ---------------------------------
|     Total                0.00    0.00

|  Final Performance Info:
|     -----------------------------------------------------
|     Average timings for last   80000 steps:
|     Elapsed(s) =      43.72 Per Step(ms) =       0.55
|         ns/day =     316.21   seconds/ns =     273.24
|
|     Average timings for all steps:
|     Elapsed(s) =    1372.68 Per Step(ms) =       0.55
|         ns/day =     314.71   seconds/ns =     274.54
|     -----------------------------------------------------

|  Setup CPU time:            1.15 seconds
|  NonSetup CPU time:      1369.64 seconds
|  Total CPU time:         1370.79 seconds     0.38 hours

|  Setup wall time:           2    seconds
|  NonSetup wall time:     1372    seconds
|  Total wall time:        1374    seconds     0.38 hours
