
          -------------------------------------------------------
          Amber 24 PMEMD                              2024
          -------------------------------------------------------

| PMEMD implementation of SANDER, Release 24

|  Compiled date/time: Thu Apr  3 17:55:38 2025
| Run on 11/09/2025 at 14:23:16

|   Executable path: pmemd.cuda_SPFP
| Working directory: /rs1/researchers/h/hall/vtnguye4/Amber_restart/cappedP1amber/P1_Simulation2
|          Hostname: gpu29

  [-O]verwriting output

File Assignments:
|   MDIN: /rs1/researchers/h/hall/vtnguye4/Amber_restart/cappedP1amber/equil.in 
|  MDOUT: ./OUT_Files/equil48.out                                               
| INPCRD: ./RST_Files/equil47.rst7                                              
|   PARM: ./PRMTOP_Files/P1.prmtop                                              
| RESTRT: ./RST_Files/equil48.rst7                                              
|   REFC: refc                                                                  
|  MDVEL: mdvel                                                                 
|   MDEN: mden                                                                  
|  MDCRD: ./nc_Files/equil48.nc                                                 
| MDINFO: mdinfo                                                                
|  MDFRC: mdfrc                                                                 


 Here is the input file:

!Stage equilibration 5ns                                                       
&cntrl                                                                         
imin=0, irest=1, ntx=5,                                                        
nstlim=2500000, dt=0.002,                                                      
ntc=2, ntf=2, ig=-1,                                                           
ntt=3, gamma_ln=2.0,                                                           
tempi=310.0, temp0=310.0,                                                      
ntxo=2, ioutfm=1,                                                              
ntpr=20000, ntwx=20000,                                                        
ntb=1,                                                                         
cut=9.0,                                                                       
iwrap=1,                                                                       
/                                                                              


Note: ig = -1. Setting random seed to   232306 based on wallclock time in 
      microseconds.
| irandom = 1, using AMBER's internal random number generator (default).
 
|--------------------- INFORMATION ----------------------
| GPU (CUDA) Version of PMEMD in use: NVIDIA GPU IN USE.
|                    Version 18.0.0
| 
|                      03/25/2018
| 
| Implementation by:
|                    Ross C. Walker     (SDSC)
|                    Scott Le Grand     (nVIDIA)
| 
| Version 18 performance extensions by:
|                    David Cerutti     (Rutgers)
| 
| Precision model in use:
|      [SPFP] - Single Precision Forces, 64-bit Fixed Point
|               Accumulation. (Default)
| 
|--------------------------------------------------------
 
|----------------- CITATION INFORMATION -----------------
|
|    When publishing work that utilized the CUDA version
|    of AMBER, please cite the following in addition to
|    the regular AMBER citations:
|
|  - Romelia Salomon-Ferrer; Andreas W. Goetz; Duncan
|    Poole; Scott Le Grand; Ross C. Walker "Routine
|    microsecond molecular dynamics simulations with
|    AMBER - Part II: Particle Mesh Ewald", J. Chem.
|    Theory Comput., 2013, 9 (9), pp3878-3888,
|    DOI: 10.1021/ct400314y.
|
|  - Andreas W. Goetz; Mark J. Williamson; Dong Xu;
|    Duncan Poole; Scott Le Grand; Ross C. Walker
|    "Routine microsecond molecular dynamics simulations
|    with AMBER - Part I: Generalized Born", J. Chem.
|    Theory Comput., 2012, 8 (5), pp1542-1555.
|
|  - Scott Le Grand; Andreas W. Goetz; Ross C. Walker
|    "SPFP: Speed without compromise - a mixed precision
|    model for GPU accelerated molecular dynamics
|    simulations.", Comp. Phys. Comm., 2013, 184
|    pp374-380, DOI: 10.1016/j.cpc.2012.09.022
|
|--------------------------------------------------------
 
|------------------- GPU DEVICE INFO --------------------
|
|            CUDA_VISIBLE_DEVICES: 0
|   CUDA Capable Devices Detected:      1
|           CUDA Device ID in use:      0
|                CUDA Device Name: NVIDIA L40S
|     CUDA Device Global Mem Size:  45487 MB
| CUDA Device Num Multiprocessors:    142
|           CUDA Device Core Freq:   2.52 GHz
|
|--------------------------------------------------------
 
 
| Conditional Compilation Defines Used:
| PUBFFT
| BINTRAJ
| CUDA
| EMIL

| Largest sphere to fit in unit cell has radius =    46.909

| New format PARM file being parsed.
| Version =    1.000 Date = 10/28/25 Time = 16:56:02

| Note: 1-4 EEL scale factors are being read from the topology file.

| Note: 1-4 VDW scale factors are being read from the topology file.
| Duplicated    0 dihedrals

| Duplicated    0 dihedrals

--------------------------------------------------------------------------------
   1.  RESOURCE   USE: 
--------------------------------------------------------------------------------

 getting box info from netcdf restart file
 NATOM  =  101202 NTYPES =      11 NBONH =   98658 MBONA  =    2544
 NTHETH =    5904 MTHETA =    3408 NPHIH =   11760 MPHIA  =   10368
 NHPARM =       0 NPARM  =       0 NNB   =  155656 NRES   =   32422
 NBONA  =    2544 NTHETA =    3408 NPHIA =   10368 NUMBND =      27
 NUMANG =      54 NPTRA  =      59 NATYP =      16 NPHB   =       0
 IFBOX  =       2 NMXRS  =      21 IFCAP =       0 NEXTRA =       0
 NCOPY  =       0

| Coordinate Index Table dimensions:    20   20   20
| Direct force subcell size =     5.7451    5.7451    5.7451

     BOX TYPE: TRUNCATED OCTAHEDRON

--------------------------------------------------------------------------------
   2.  CONTROL  DATA  FOR  THE  RUN
--------------------------------------------------------------------------------

default_name                                                                    

General flags:
     imin    =       0, nmropt  =       0

Nature and format of input:
     ntx     =       5, irest   =       1, ntrx    =       1

Nature and format of output:
     ntxo    =       2, ntpr    =   20000, ntrx    =       1, ntwr    = 2500000
     iwrap   =       1, ntwx    =   20000, ntwv    =       0, ntwe    =       0
     ioutfm  =       1, ntwprt  =       0, idecomp =       0, rbornstat=      0

Potential function:
     ntf     =       2, ntb     =       1, igb     =       0, nsnb    =      25
     ipol    =       0, gbsa    =       0, iesp    =       0
     dielc   =   1.00000, cut     =   9.00000, intdiel =   1.00000

Frozen or restrained atoms:
     ibelly  =       0, ntr     =       0

Molecular dynamics:
     nstlim  =   2500000, nscm    =      1000, nrespa  =         1
     t       =   0.00000, dt      =   0.00200, vlimit  =  -1.00000

Langevin dynamics temperature regulation:
     ig      =  232306
     temp0   = 310.00000, tempi   = 310.00000, gamma_ln=   2.00000

SHAKE:
     ntc     =       2, jfastw  =       0
     tol     =   0.00001

| Intermolecular bonds treatment:
|     no_intermolecular_bonds =       1

| Energy averages sample interval:
|     ene_avg_sampling =   20000

Ewald parameters:
     verbose =       0, ew_type =       0, nbflag  =       1, use_pme =       1
     vdwmeth =       1, eedmeth =       1, netfrc  =       1
     Box X =  114.902   Box Y =  114.902   Box Z =  114.902
     Alpha =  109.471   Beta  =  109.471   Gamma =  109.471
     NFFT1 =  120       NFFT2 =  120       NFFT3 =  120
     Cutoff=    9.000   Tol   =0.100E-04
     Ewald Coefficient =  0.30768
     Interpolation order =    4

--------------------------------------------------------------------------------
   3.  ATOMIC COORDINATES AND VELOCITIES
--------------------------------------------------------------------------------

default_name                                                                    
 begin time read from input coords =235040.000 ps

 
 Number of triangulated 3-point waters found:    31990

     Sum of charges from parm topology file =  -0.00000047
     Forcing neutrality...

| Dynamic Memory, Types Used:
| Reals             3080462
| Integers          3650456

| Nonbonded Pairs Initial Allocation:    23074056

| GPU memory information (estimate):
| KB of GPU memory in use:    789634
| KB of CPU memory in use:    210424

--------------------------------------------------------------------------------
   4.  RESULTS
--------------------------------------------------------------------------------

wrapping first mol.:      -38.30066      108.33064        0.00000

 NSTEP =    20000   TIME(PS) =  235080.000  TEMP(K) =   308.01  PRESS =     0.0
 Etot   =   -239245.5470  EKtot   =     62721.7305  EPtot      =   -301967.2775
 BOND   =      2087.8390  ANGLE   =      2368.8574  DIHED      =      1429.3506
 UB     =         0.0000  IMP     =         0.0000  CMAP       =       256.6036
 1-4 NB =      1170.0360  1-4 EEL =     15378.0585  VDWAALS    =     40888.8218
 EELEC  =   -365546.8443  EHBOND  =         0.0000  RESTRAINT  =         0.0000
 ------------------------------------------------------------------------------

wrapping first mol.:      -38.30066      108.33064        0.00000

 NSTEP =    40000   TIME(PS) =  235120.000  TEMP(K) =   308.98  PRESS =     0.0
 Etot   =   -238442.2244  EKtot   =     62918.8008  EPtot      =   -301361.0252
 BOND   =      2090.4599  ANGLE   =      2428.0629  DIHED      =      1449.5035
 UB     =         0.0000  IMP     =         0.0000  CMAP       =       267.9937
 1-4 NB =      1209.5571  1-4 EEL =     15313.0020  VDWAALS    =     40225.4695
 EELEC  =   -364345.0737  EHBOND  =         0.0000  RESTRAINT  =         0.0000
 ------------------------------------------------------------------------------

wrapping first mol.:      -38.30066      108.33064        0.00000

 NSTEP =    60000   TIME(PS) =  235160.000  TEMP(K) =   309.72  PRESS =     0.0
 Etot   =   -238973.1333  EKtot   =     63069.3320  EPtot      =   -302042.4653
 BOND   =      2065.2013  ANGLE   =      2436.2968  DIHED      =      1404.4794
 UB     =         0.0000  IMP     =         0.0000  CMAP       =       237.1117
 1-4 NB =      1188.9786  1-4 EEL =     15355.2460  VDWAALS    =     40870.3914
 EELEC  =   -365600.1706  EHBOND  =         0.0000  RESTRAINT  =         0.0000
 ------------------------------------------------------------------------------

wrapping first mol.:      -38.30066      108.33064        0.00000

 NSTEP =    80000   TIME(PS) =  235200.000  TEMP(K) =   309.27  PRESS =     0.0
 Etot   =   -237992.2150  EKtot   =     62978.7930  EPtot      =   -300971.0080
 BOND   =      2101.6046  ANGLE   =      2429.3332  DIHED      =      1413.4726
 UB     =         0.0000  IMP     =         0.0000  CMAP       =       230.0773
 1-4 NB =      1212.9802  1-4 EEL =     15436.5042  VDWAALS    =     40337.9049
 EELEC  =   -364132.8851  EHBOND  =         0.0000  RESTRAINT  =         0.0000
 ------------------------------------------------------------------------------

wrapping first mol.:      -38.30066      108.33064        0.00000

 NSTEP =   100000   TIME(PS) =  235240.000  TEMP(K) =   309.52  PRESS =     0.0
 Etot   =   -238670.9395  EKtot   =     63029.4766  EPtot      =   -301700.4161
 BOND   =      2021.8225  ANGLE   =      2365.8050  DIHED      =      1424.5383
 UB     =         0.0000  IMP     =         0.0000  CMAP       =       256.8505
 1-4 NB =      1227.9084  1-4 EEL =     15415.1933  VDWAALS    =     40768.2640
 EELEC  =   -365180.7981  EHBOND  =         0.0000  RESTRAINT  =         0.0000
 ------------------------------------------------------------------------------

wrapping first mol.:      -38.30066      108.33064        0.00000

 NSTEP =   120000   TIME(PS) =  235280.000  TEMP(K) =   310.95  PRESS =     0.0
 Etot   =   -238280.8811  EKtot   =     63320.1914  EPtot      =   -301601.0726
 BOND   =      2091.0626  ANGLE   =      2393.1928  DIHED      =      1420.2901
 UB     =         0.0000  IMP     =         0.0000  CMAP       =       244.4720
 1-4 NB =      1199.1862  1-4 EEL =     15374.4170  VDWAALS    =     40914.5096
 EELEC  =   -365238.2029  EHBOND  =         0.0000  RESTRAINT  =         0.0000
 ------------------------------------------------------------------------------

wrapping first mol.:      -38.30066      108.33064        0.00000

 NSTEP =   140000   TIME(PS) =  235320.000  TEMP(K) =   310.52  PRESS =     0.0
 Etot   =   -238672.9418  EKtot   =     63233.1953  EPtot      =   -301906.1371
 BOND   =      2121.0209  ANGLE   =      2417.7536  DIHED      =      1376.3281
 UB     =         0.0000  IMP     =         0.0000  CMAP       =       248.7292
 1-4 NB =      1203.9655  1-4 EEL =     15396.8561  VDWAALS    =     40696.2495
 EELEC  =   -365367.0401  EHBOND  =         0.0000  RESTRAINT  =         0.0000
 ------------------------------------------------------------------------------

wrapping first mol.:      -38.30066      108.33064        0.00000

 NSTEP =   160000   TIME(PS) =  235360.000  TEMP(K) =   309.10  PRESS =     0.0
 Etot   =   -238306.2110  EKtot   =     62943.8672  EPtot      =   -301250.0782
 BOND   =      2169.0760  ANGLE   =      2467.4566  DIHED      =      1418.7981
 UB     =         0.0000  IMP     =         0.0000  CMAP       =       272.3745
 1-4 NB =      1167.9943  1-4 EEL =     15353.5089  VDWAALS    =     40255.8512
 EELEC  =   -364355.1378  EHBOND  =         0.0000  RESTRAINT  =         0.0000
 ------------------------------------------------------------------------------

wrapping first mol.:      -38.30066      108.33064        0.00000

 NSTEP =   180000   TIME(PS) =  235400.000  TEMP(K) =   310.54  PRESS =     0.0
 Etot   =   -238697.9926  EKtot   =     63236.0469  EPtot      =   -301934.0395
 BOND   =      2121.5719  ANGLE   =      2312.2616  DIHED      =      1436.3468
 UB     =         0.0000  IMP     =         0.0000  CMAP       =       261.5138
 1-4 NB =      1167.8667  1-4 EEL =     15310.3920  VDWAALS    =     40858.5270
 EELEC  =   -365402.5193  EHBOND  =         0.0000  RESTRAINT  =         0.0000
 ------------------------------------------------------------------------------

wrapping first mol.:      -38.30066      108.33064        0.00000

 NSTEP =   200000   TIME(PS) =  235440.000  TEMP(K) =   311.09  PRESS =     0.0
 Etot   =   -238736.1415  EKtot   =     63349.3281  EPtot      =   -302085.4696
 BOND   =      2048.5799  ANGLE   =      2493.9472  DIHED      =      1444.1490
 UB     =         0.0000  IMP     =         0.0000  CMAP       =       253.5451
 1-4 NB =      1188.7850  1-4 EEL =     15389.8283  VDWAALS    =     41028.0957
 EELEC  =   -365932.3998  EHBOND  =         0.0000  RESTRAINT  =         0.0000
 ------------------------------------------------------------------------------

wrapping first mol.:      -38.30066      108.33064        0.00000

 NSTEP =   220000   TIME(PS) =  235480.000  TEMP(K) =   310.59  PRESS =     0.0
 Etot   =   -238816.7044  EKtot   =     63246.6992  EPtot      =   -302063.4036
 BOND   =      2104.6263  ANGLE   =      2446.8621  DIHED      =      1397.2335
 UB     =         0.0000  IMP     =         0.0000  CMAP       =       250.0632
 1-4 NB =      1207.2791  1-4 EEL =     15342.6556  VDWAALS    =     40570.4988
 EELEC  =   -365382.6222  EHBOND  =         0.0000  RESTRAINT  =         0.0000
 ------------------------------------------------------------------------------

wrapping first mol.:      -38.30066      108.33064        0.00000

 NSTEP =   240000   TIME(PS) =  235520.000  TEMP(K) =   310.25  PRESS =     0.0
 Etot   =   -238815.0511  EKtot   =     63177.3594  EPtot      =   -301992.4105
 BOND   =      2048.7813  ANGLE   =      2377.2392  DIHED      =      1396.8592
 UB     =         0.0000  IMP     =         0.0000  CMAP       =       270.7775
 1-4 NB =      1183.5075  1-4 EEL =     15361.3467  VDWAALS    =     40796.5549
 EELEC  =   -365427.4767  EHBOND  =         0.0000  RESTRAINT  =         0.0000
 ------------------------------------------------------------------------------

wrapping first mol.:      -38.30066      108.33064        0.00000

 NSTEP =   260000   TIME(PS) =  235560.000  TEMP(K) =   311.50  PRESS =     0.0
 Etot   =   -238691.1714  EKtot   =     63433.4648  EPtot      =   -302124.6362
 BOND   =      2088.2602  ANGLE   =      2407.4790  DIHED      =      1424.4028
 UB     =         0.0000  IMP     =         0.0000  CMAP       =       279.9125
 1-4 NB =      1175.0612  1-4 EEL =     15394.6136  VDWAALS    =     41047.8889
 EELEC  =   -365942.2543  EHBOND  =         0.0000  RESTRAINT  =         0.0000
 ------------------------------------------------------------------------------

wrapping first mol.:      -38.30066      108.33064        0.00000

 NSTEP =   280000   TIME(PS) =  235600.000  TEMP(K) =   308.58  PRESS =     0.0
 Etot   =   -238379.6518  EKtot   =     62838.1211  EPtot      =   -301217.7729
 BOND   =      2057.1879  ANGLE   =      2427.7904  DIHED      =      1436.6079
 UB     =         0.0000  IMP     =         0.0000  CMAP       =       268.0598
 1-4 NB =      1189.6130  1-4 EEL =     15400.4880  VDWAALS    =     40614.2093
 EELEC  =   -364611.7291  EHBOND  =         0.0000  RESTRAINT  =         0.0000
 ------------------------------------------------------------------------------

wrapping first mol.:      -38.30066      108.33064        0.00000

 NSTEP =   300000   TIME(PS) =  235640.000  TEMP(K) =   310.85  PRESS =     0.0
 Etot   =   -238819.9438  EKtot   =     63300.2188  EPtot      =   -302120.1625
 BOND   =      2135.6240  ANGLE   =      2344.8714  DIHED      =      1396.2211
 UB     =         0.0000  IMP     =         0.0000  CMAP       =       265.0648
 1-4 NB =      1190.2918  1-4 EEL =     15373.2034  VDWAALS    =     40866.8962
 EELEC  =   -365692.3352  EHBOND  =         0.0000  RESTRAINT  =         0.0000
 ------------------------------------------------------------------------------

wrapping first mol.:      -38.30066      108.33064        0.00000

 NSTEP =   320000   TIME(PS) =  235680.000  TEMP(K) =   309.78  PRESS =     0.0
 Etot   =   -238621.7240  EKtot   =     63082.6836  EPtot      =   -301704.4075
 BOND   =      2134.3318  ANGLE   =      2440.3329  DIHED      =      1398.2538
 UB     =         0.0000  IMP     =         0.0000  CMAP       =       258.0138
 1-4 NB =      1150.9579  1-4 EEL =     15303.9880  VDWAALS    =     40357.6565
 EELEC  =   -364747.9422  EHBOND  =         0.0000  RESTRAINT  =         0.0000
 ------------------------------------------------------------------------------

wrapping first mol.:      -38.30066      108.33064        0.00000

 NSTEP =   340000   TIME(PS) =  235720.000  TEMP(K) =   310.10  PRESS =     0.0
 Etot   =   -238861.2172  EKtot   =     63147.9336  EPtot      =   -302009.1508
 BOND   =      2076.9485  ANGLE   =      2441.3433  DIHED      =      1393.4012
 UB     =         0.0000  IMP     =         0.0000  CMAP       =       265.5707
 1-4 NB =      1174.4945  1-4 EEL =     15333.2159  VDWAALS    =     40629.6316
 EELEC  =   -365323.7565  EHBOND  =         0.0000  RESTRAINT  =         0.0000
 ------------------------------------------------------------------------------

wrapping first mol.:      -38.30066      108.33064        0.00000

 NSTEP =   360000   TIME(PS) =  235760.000  TEMP(K) =   309.23  PRESS =     0.0
 Etot   =   -238426.7693  EKtot   =     62970.9297  EPtot      =   -301397.6990
 BOND   =      2071.3848  ANGLE   =      2430.7033  DIHED      =      1399.0492
 UB     =         0.0000  IMP     =         0.0000  CMAP       =       253.4383
 1-4 NB =      1186.4943  1-4 EEL =     15348.0363  VDWAALS    =     40437.2459
 EELEC  =   -364524.0510  EHBOND  =         0.0000  RESTRAINT  =         0.0000
 ------------------------------------------------------------------------------

wrapping first mol.:      -38.30066      108.33064        0.00000

 NSTEP =   380000   TIME(PS) =  235800.000  TEMP(K) =   309.22  PRESS =     0.0
 Etot   =   -239117.9864  EKtot   =     62969.0312  EPtot      =   -302087.0177
 BOND   =      2065.3995  ANGLE   =      2401.1724  DIHED      =      1435.7854
 UB     =         0.0000  IMP     =         0.0000  CMAP       =       275.6558
 1-4 NB =      1182.4865  1-4 EEL =     15346.6273  VDWAALS    =     41027.4934
 EELEC  =   -365821.6380  EHBOND  =         0.0000  RESTRAINT  =         0.0000
 ------------------------------------------------------------------------------

wrapping first mol.:      -38.30066      108.33064        0.00000

 NSTEP =   400000   TIME(PS) =  235840.000  TEMP(K) =   308.86  PRESS =     0.0
 Etot   =   -238731.3625  EKtot   =     62895.0000  EPtot      =   -301626.3625
 BOND   =      2127.0999  ANGLE   =      2422.4257  DIHED      =      1402.3099
 UB     =         0.0000  IMP     =         0.0000  CMAP       =       260.5830
 1-4 NB =      1187.5154  1-4 EEL =     15426.2302  VDWAALS    =     40452.7315
 EELEC  =   -364905.2582  EHBOND  =         0.0000  RESTRAINT  =         0.0000
 ------------------------------------------------------------------------------

wrapping first mol.:      -38.30066      108.33064        0.00000

 NSTEP =   420000   TIME(PS) =  235880.000  TEMP(K) =   309.98  PRESS =     0.0
 Etot   =   -238574.0123  EKtot   =     63123.8945  EPtot      =   -301697.9069
 BOND   =      2078.8830  ANGLE   =      2355.3862  DIHED      =      1401.9561
 UB     =         0.0000  IMP     =         0.0000  CMAP       =       250.6251
 1-4 NB =      1170.5914  1-4 EEL =     15335.9149  VDWAALS    =     40388.1785
 EELEC  =   -364679.4421  EHBOND  =         0.0000  RESTRAINT  =         0.0000
 ------------------------------------------------------------------------------

wrapping first mol.:      -38.30066      108.33064        0.00000

 NSTEP =   440000   TIME(PS) =  235920.000  TEMP(K) =   310.66  PRESS =     0.0
 Etot   =   -237872.9136  EKtot   =     63262.0039  EPtot      =   -301134.9175
 BOND   =      2076.6110  ANGLE   =      2450.8242  DIHED      =      1390.3985
 UB     =         0.0000  IMP     =         0.0000  CMAP       =       252.4690
 1-4 NB =      1157.8926  1-4 EEL =     15326.7816  VDWAALS    =     40586.0536
 EELEC  =   -364375.9479  EHBOND  =         0.0000  RESTRAINT  =         0.0000
 ------------------------------------------------------------------------------

wrapping first mol.:      -38.30066      108.33064        0.00000

 NSTEP =   460000   TIME(PS) =  235960.000  TEMP(K) =   310.50  PRESS =     0.0
 Etot   =   -238692.9529  EKtot   =     63228.7578  EPtot      =   -301921.7107
 BOND   =      2078.9268  ANGLE   =      2373.9793  DIHED      =      1402.2465
 UB     =         0.0000  IMP     =         0.0000  CMAP       =       278.3425
 1-4 NB =      1169.2997  1-4 EEL =     15315.3853  VDWAALS    =     41097.1774
 EELEC  =   -365637.0683  EHBOND  =         0.0000  RESTRAINT  =         0.0000
 ------------------------------------------------------------------------------

wrapping first mol.:      -38.30066      108.33064        0.00000

 NSTEP =   480000   TIME(PS) =  236000.000  TEMP(K) =   310.00  PRESS =     0.0
 Etot   =   -238729.8460  EKtot   =     63127.3750  EPtot      =   -301857.2210
 BOND   =      2114.4450  ANGLE   =      2457.0067  DIHED      =      1410.8845
 UB     =         0.0000  IMP     =         0.0000  CMAP       =       250.8331
 1-4 NB =      1186.6913  1-4 EEL =     15327.9331  VDWAALS    =     40956.9468
 EELEC  =   -365561.9615  EHBOND  =         0.0000  RESTRAINT  =         0.0000
 ------------------------------------------------------------------------------

wrapping first mol.:      -38.30066      108.33064        0.00000

 NSTEP =   500000   TIME(PS) =  236040.000  TEMP(K) =   311.46  PRESS =     0.0
 Etot   =   -238950.9922  EKtot   =     63424.5898  EPtot      =   -302375.5821
 BOND   =      2095.3338  ANGLE   =      2325.9729  DIHED      =      1401.8619
 UB     =         0.0000  IMP     =         0.0000  CMAP       =       240.6031
 1-4 NB =      1183.0341  1-4 EEL =     15380.6112  VDWAALS    =     40526.4294
 EELEC  =   -365529.4285  EHBOND  =         0.0000  RESTRAINT  =         0.0000
 ------------------------------------------------------------------------------

wrapping first mol.:      -38.30066      108.33064        0.00000

 NSTEP =   520000   TIME(PS) =  236080.000  TEMP(K) =   310.45  PRESS =     0.0
 Etot   =   -239046.5673  EKtot   =     63219.3867  EPtot      =   -302265.9540
 BOND   =      2103.4926  ANGLE   =      2359.0799  DIHED      =      1400.2017
 UB     =         0.0000  IMP     =         0.0000  CMAP       =       258.8816
 1-4 NB =      1175.7796  1-4 EEL =     15323.8128  VDWAALS    =     40489.9685
 EELEC  =   -365377.1707  EHBOND  =         0.0000  RESTRAINT  =         0.0000
 ------------------------------------------------------------------------------

wrapping first mol.:      -38.30066      108.33064        0.00000

 NSTEP =   540000   TIME(PS) =  236120.000  TEMP(K) =   312.41  PRESS =     0.0
 Etot   =   -237801.4206  EKtot   =     63617.7070  EPtot      =   -301419.1276
 BOND   =      2046.3162  ANGLE   =      2416.4849  DIHED      =      1375.0117
 UB     =         0.0000  IMP     =         0.0000  CMAP       =       267.4720
 1-4 NB =      1188.2513  1-4 EEL =     15342.9770  VDWAALS    =     40667.0853
 EELEC  =   -364722.7260  EHBOND  =         0.0000  RESTRAINT  =         0.0000
 ------------------------------------------------------------------------------

wrapping first mol.:      -38.30066      108.33064        0.00000

 NSTEP =   560000   TIME(PS) =  236160.000  TEMP(K) =   309.70  PRESS =     0.0
 Etot   =   -238905.4576  EKtot   =     63065.3750  EPtot      =   -301970.8326
 BOND   =      2125.4054  ANGLE   =      2407.4406  DIHED      =      1385.3676
 UB     =         0.0000  IMP     =         0.0000  CMAP       =       247.4867
 1-4 NB =      1178.0393  1-4 EEL =     15349.2562  VDWAALS    =     40455.0503
 EELEC  =   -365118.8787  EHBOND  =         0.0000  RESTRAINT  =         0.0000
 ------------------------------------------------------------------------------

wrapping first mol.:      -38.30066      108.33064        0.00000

 NSTEP =   580000   TIME(PS) =  236200.000  TEMP(K) =   309.88  PRESS =     0.0
 Etot   =   -238641.3419  EKtot   =     63101.5859  EPtot      =   -301742.9278
 BOND   =      2097.6208  ANGLE   =      2411.4591  DIHED      =      1414.7904
 UB     =         0.0000  IMP     =         0.0000  CMAP       =       258.0734
 1-4 NB =      1176.0447  1-4 EEL =     15373.7762  VDWAALS    =     41136.9980
 EELEC  =   -365611.6905  EHBOND  =         0.0000  RESTRAINT  =         0.0000
 ------------------------------------------------------------------------------

wrapping first mol.:      -38.30066      108.33064        0.00000

 NSTEP =   600000   TIME(PS) =  236240.000  TEMP(K) =   310.26  PRESS =     0.0
 Etot   =   -238986.0215  EKtot   =     63179.6055  EPtot      =   -302165.6269
 BOND   =      2061.4253  ANGLE   =      2463.2481  DIHED      =      1392.4917
 UB     =         0.0000  IMP     =         0.0000  CMAP       =       267.0755
 1-4 NB =      1193.2078  1-4 EEL =     15301.4233  VDWAALS    =     40853.5787
 EELEC  =   -365698.0772  EHBOND  =         0.0000  RESTRAINT  =         0.0000
 ------------------------------------------------------------------------------

wrapping first mol.:      -38.30066      108.33064        0.00000

 NSTEP =   620000   TIME(PS) =  236280.000  TEMP(K) =   310.29  PRESS =     0.0
 Etot   =   -238696.3619  EKtot   =     63186.5664  EPtot      =   -301882.9283
 BOND   =      2102.2853  ANGLE   =      2452.5055  DIHED      =      1404.6887
 UB     =         0.0000  IMP     =         0.0000  CMAP       =       271.5236
 1-4 NB =      1167.5623  1-4 EEL =     15333.2356  VDWAALS    =     40834.2469
 EELEC  =   -365448.9761  EHBOND  =         0.0000  RESTRAINT  =         0.0000
 ------------------------------------------------------------------------------

wrapping first mol.:      -38.30066      108.33064        0.00000

 NSTEP =   640000   TIME(PS) =  236320.000  TEMP(K) =   311.26  PRESS =     0.0
 Etot   =   -237891.3137  EKtot   =     63383.4727  EPtot      =   -301274.7864
 BOND   =      2073.1191  ANGLE   =      2391.1635  DIHED      =      1405.2648
 UB     =         0.0000  IMP     =         0.0000  CMAP       =       248.2117
 1-4 NB =      1172.1827  1-4 EEL =     15399.9823  VDWAALS    =     40675.4385
 EELEC  =   -364640.1490  EHBOND  =         0.0000  RESTRAINT  =         0.0000
 ------------------------------------------------------------------------------

wrapping first mol.:      -38.30066      108.33064        0.00000

 NSTEP =   660000   TIME(PS) =  236360.000  TEMP(K) =   309.43  PRESS =     0.0
 Etot   =   -239071.3410  EKtot   =     63010.6211  EPtot      =   -302081.9621
 BOND   =      2055.5990  ANGLE   =      2415.4102  DIHED      =      1411.4731
 UB     =         0.0000  IMP     =         0.0000  CMAP       =       254.3453
 1-4 NB =      1174.2050  1-4 EEL =     15345.2085  VDWAALS    =     40742.9208
 EELEC  =   -365481.1241  EHBOND  =         0.0000  RESTRAINT  =         0.0000
 ------------------------------------------------------------------------------

wrapping first mol.:      -38.30066      108.33064        0.00000

 NSTEP =   680000   TIME(PS) =  236400.000  TEMP(K) =   310.66  PRESS =     0.0
 Etot   =   -238385.9589  EKtot   =     63261.9883  EPtot      =   -301647.9471
 BOND   =      2138.3966  ANGLE   =      2409.2897  DIHED      =      1405.1079
 UB     =         0.0000  IMP     =         0.0000  CMAP       =       265.6687
 1-4 NB =      1150.4122  1-4 EEL =     15402.4435  VDWAALS    =     40644.4234
 EELEC  =   -365063.6892  EHBOND  =         0.0000  RESTRAINT  =         0.0000
 ------------------------------------------------------------------------------

wrapping first mol.:      -38.30066      108.33064        0.00000

 NSTEP =   700000   TIME(PS) =  236440.000  TEMP(K) =   309.40  PRESS =     0.0
 Etot   =   -238502.2330  EKtot   =     63004.0195  EPtot      =   -301506.2525
 BOND   =      2090.5521  ANGLE   =      2407.2938  DIHED      =      1398.5187
 UB     =         0.0000  IMP     =         0.0000  CMAP       =       270.5638
 1-4 NB =      1204.0889  1-4 EEL =     15300.5001  VDWAALS    =     40882.5570
 EELEC  =   -365060.3269  EHBOND  =         0.0000  RESTRAINT  =         0.0000
 ------------------------------------------------------------------------------

wrapping first mol.:      -38.30066      108.33064        0.00000

 NSTEP =   720000   TIME(PS) =  236480.000  TEMP(K) =   309.83  PRESS =     0.0
 Etot   =   -239068.3870  EKtot   =     63091.4961  EPtot      =   -302159.8831
 BOND   =      2092.1940  ANGLE   =      2427.0442  DIHED      =      1411.0109
 UB     =         0.0000  IMP     =         0.0000  CMAP       =       275.1545
 1-4 NB =      1177.4762  1-4 EEL =     15284.8537  VDWAALS    =     40744.6721
 EELEC  =   -365572.2887  EHBOND  =         0.0000  RESTRAINT  =         0.0000
 ------------------------------------------------------------------------------

wrapping first mol.:      -38.30066      108.33064        0.00000

 NSTEP =   740000   TIME(PS) =  236520.000  TEMP(K) =   311.00  PRESS =     0.0
 Etot   =   -238083.9789  EKtot   =     63330.2969  EPtot      =   -301414.2758
 BOND   =      2072.5600  ANGLE   =      2401.6095  DIHED      =      1412.5475
 UB     =         0.0000  IMP     =         0.0000  CMAP       =       264.4934
 1-4 NB =      1199.4780  1-4 EEL =     15340.0704  VDWAALS    =     40992.7115
 EELEC  =   -365097.7461  EHBOND  =         0.0000  RESTRAINT  =         0.0000
 ------------------------------------------------------------------------------

wrapping first mol.:      -38.30066      108.33064        0.00000

 NSTEP =   760000   TIME(PS) =  236560.000  TEMP(K) =   309.90  PRESS =     0.0
 Etot   =   -239035.6938  EKtot   =     63105.6758  EPtot      =   -302141.3696
 BOND   =      2141.3044  ANGLE   =      2418.9056  DIHED      =      1405.2313
 UB     =         0.0000  IMP     =         0.0000  CMAP       =       275.4589
 1-4 NB =      1190.1457  1-4 EEL =     15384.0505  VDWAALS    =     40828.6965
 EELEC  =   -365785.1626  EHBOND  =         0.0000  RESTRAINT  =         0.0000
 ------------------------------------------------------------------------------

wrapping first mol.:      -38.30066      108.33064        0.00000

 NSTEP =   780000   TIME(PS) =  236600.000  TEMP(K) =   308.25  PRESS =     0.0
 Etot   =   -239006.6880  EKtot   =     62770.8633  EPtot      =   -301777.5513
 BOND   =      2112.8961  ANGLE   =      2443.0921  DIHED      =      1405.5092
 UB     =         0.0000  IMP     =         0.0000  CMAP       =       266.3530
 1-4 NB =      1187.8993  1-4 EEL =     15324.7464  VDWAALS    =     40717.1885
 EELEC  =   -365235.2359  EHBOND  =         0.0000  RESTRAINT  =         0.0000
 ------------------------------------------------------------------------------

wrapping first mol.:      -38.30066      108.33064        0.00000

 NSTEP =   800000   TIME(PS) =  236640.000  TEMP(K) =   309.91  PRESS =     0.0
 Etot   =   -238843.1503  EKtot   =     63108.4336  EPtot      =   -301951.5839
 BOND   =      2100.0240  ANGLE   =      2391.5094  DIHED      =      1442.6993
 UB     =         0.0000  IMP     =         0.0000  CMAP       =       231.5994
 1-4 NB =      1179.6528  1-4 EEL =     15385.2931  VDWAALS    =     40463.6955
 EELEC  =   -365146.0574  EHBOND  =         0.0000  RESTRAINT  =         0.0000
 ------------------------------------------------------------------------------

wrapping first mol.:      -38.30066      108.33064        0.00000

 NSTEP =   820000   TIME(PS) =  236680.000  TEMP(K) =   311.15  PRESS =     0.0
 Etot   =   -238614.8646  EKtot   =     63360.6055  EPtot      =   -301975.4701
 BOND   =      2116.4082  ANGLE   =      2478.4316  DIHED      =      1424.5862
 UB     =         0.0000  IMP     =         0.0000  CMAP       =       253.0931
 1-4 NB =      1174.2222  1-4 EEL =     15346.1423  VDWAALS    =     40195.2374
 EELEC  =   -364963.5911  EHBOND  =         0.0000  RESTRAINT  =         0.0000
 ------------------------------------------------------------------------------

wrapping first mol.:      -38.30066      108.33064        0.00000

 NSTEP =   840000   TIME(PS) =  236720.000  TEMP(K) =   310.96  PRESS =     0.0
 Etot   =   -238823.2229  EKtot   =     63322.7422  EPtot      =   -302145.9651
 BOND   =      2103.1545  ANGLE   =      2378.9789  DIHED      =      1440.3588
 UB     =         0.0000  IMP     =         0.0000  CMAP       =       274.6129
 1-4 NB =      1191.6152  1-4 EEL =     15353.3437  VDWAALS    =     40870.7657
 EELEC  =   -365758.7949  EHBOND  =         0.0000  RESTRAINT  =         0.0000
 ------------------------------------------------------------------------------

wrapping first mol.:      -38.30066      108.33064        0.00000

 NSTEP =   860000   TIME(PS) =  236760.000  TEMP(K) =   310.40  PRESS =     0.0
 Etot   =   -239236.6808  EKtot   =     63209.4180  EPtot      =   -302446.0987
 BOND   =      2063.0125  ANGLE   =      2445.6131  DIHED      =      1388.9867
 UB     =         0.0000  IMP     =         0.0000  CMAP       =       258.3451
 1-4 NB =      1175.4740  1-4 EEL =     15275.9450  VDWAALS    =     40728.3819
 EELEC  =   -365781.8571  EHBOND  =         0.0000  RESTRAINT  =         0.0000
 ------------------------------------------------------------------------------

wrapping first mol.:      -38.30066      108.33064        0.00000

 NSTEP =   880000   TIME(PS) =  236800.000  TEMP(K) =   310.13  PRESS =     0.0
 Etot   =   -238832.8960  EKtot   =     63154.4297  EPtot      =   -301987.3257
 BOND   =      2082.1000  ANGLE   =      2426.8275  DIHED      =      1425.8800
 UB     =         0.0000  IMP     =         0.0000  CMAP       =       260.2246
 1-4 NB =      1201.9018  1-4 EEL =     15359.3188  VDWAALS    =     40243.8991
 EELEC  =   -364987.4776  EHBOND  =         0.0000  RESTRAINT  =         0.0000
 ------------------------------------------------------------------------------

wrapping first mol.:      -38.30066      108.33064        0.00000

 NSTEP =   900000   TIME(PS) =  236840.000  TEMP(K) =   311.53  PRESS =     0.0
 Etot   =   -238865.4827  EKtot   =     63439.3594  EPtot      =   -302304.8420
 BOND   =      2154.4775  ANGLE   =      2398.8308  DIHED      =      1375.9995
 UB     =         0.0000  IMP     =         0.0000  CMAP       =       234.2256
 1-4 NB =      1165.7674  1-4 EEL =     15298.7000  VDWAALS    =     41134.8935
 EELEC  =   -366067.7364  EHBOND  =         0.0000  RESTRAINT  =         0.0000
 ------------------------------------------------------------------------------

wrapping first mol.:      -38.30066      108.33064        0.00000

 NSTEP =   920000   TIME(PS) =  236880.000  TEMP(K) =   309.62  PRESS =     0.0
 Etot   =   -238782.0323  EKtot   =     63050.3047  EPtot      =   -301832.3370
 BOND   =      2065.9670  ANGLE   =      2464.2669  DIHED      =      1400.6699
 UB     =         0.0000  IMP     =         0.0000  CMAP       =       250.5323
 1-4 NB =      1174.4284  1-4 EEL =     15423.7539  VDWAALS    =     40357.7941
 EELEC  =   -364969.7495  EHBOND  =         0.0000  RESTRAINT  =         0.0000
 ------------------------------------------------------------------------------

wrapping first mol.:      -38.30066      108.33064        0.00000

 NSTEP =   940000   TIME(PS) =  236920.000  TEMP(K) =   309.71  PRESS =     0.0
 Etot   =   -239025.0563  EKtot   =     63068.8438  EPtot      =   -302093.9001
 BOND   =      2109.8073  ANGLE   =      2430.3887  DIHED      =      1408.7969
 UB     =         0.0000  IMP     =         0.0000  CMAP       =       227.3790
 1-4 NB =      1175.9007  1-4 EEL =     15417.7382  VDWAALS    =     41226.5624
 EELEC  =   -366090.4733  EHBOND  =         0.0000  RESTRAINT  =         0.0000
 ------------------------------------------------------------------------------

wrapping first mol.:      -38.30066      108.33064        0.00000

 NSTEP =   960000   TIME(PS) =  236960.000  TEMP(K) =   310.05  PRESS =     0.0
 Etot   =   -239292.5812  EKtot   =     63136.8828  EPtot      =   -302429.4640
 BOND   =      2107.3330  ANGLE   =      2398.0490  DIHED      =      1386.9941
 UB     =         0.0000  IMP     =         0.0000  CMAP       =       251.5356
 1-4 NB =      1173.7503  1-4 EEL =     15400.4833  VDWAALS    =     40650.8360
 EELEC  =   -365798.4453  EHBOND  =         0.0000  RESTRAINT  =         0.0000
 ------------------------------------------------------------------------------

wrapping first mol.:      -38.30066      108.33064        0.00000

 NSTEP =   980000   TIME(PS) =  237000.000  TEMP(K) =   310.56  PRESS =     0.0
 Etot   =   -238652.2064  EKtot   =     63241.3555  EPtot      =   -301893.5619
 BOND   =      2101.8258  ANGLE   =      2419.5038  DIHED      =      1394.0811
 UB     =         0.0000  IMP     =         0.0000  CMAP       =       268.6507
 1-4 NB =      1173.1217  1-4 EEL =     15436.7984  VDWAALS    =     40886.5790
 EELEC  =   -365574.1224  EHBOND  =         0.0000  RESTRAINT  =         0.0000
 ------------------------------------------------------------------------------

wrapping first mol.:      -38.30066      108.33064        0.00000

 NSTEP =  1000000   TIME(PS) =  237040.000  TEMP(K) =   310.53  PRESS =     0.0
 Etot   =   -238247.2652  EKtot   =     63234.9258  EPtot      =   -301482.1910
 BOND   =      2056.5823  ANGLE   =      2456.7844  DIHED      =      1407.9957
 UB     =         0.0000  IMP     =         0.0000  CMAP       =       254.1676
 1-4 NB =      1187.6500  1-4 EEL =     15423.9565  VDWAALS    =     40630.4004
 EELEC  =   -364899.7278  EHBOND  =         0.0000  RESTRAINT  =         0.0000
 ------------------------------------------------------------------------------

wrapping first mol.:      -38.30066      108.33064        0.00000

 NSTEP =  1020000   TIME(PS) =  237080.000  TEMP(K) =   309.85  PRESS =     0.0
 Etot   =   -239172.8485  EKtot   =     63095.7734  EPtot      =   -302268.6219
 BOND   =      2040.7337  ANGLE   =      2366.4152  DIHED      =      1402.0208
 UB     =         0.0000  IMP     =         0.0000  CMAP       =       261.3351
 1-4 NB =      1190.6672  1-4 EEL =     15356.4395  VDWAALS    =     40863.3033
 EELEC  =   -365749.5367  EHBOND  =         0.0000  RESTRAINT  =         0.0000
 ------------------------------------------------------------------------------

wrapping first mol.:      -38.30066      108.33064        0.00000

 NSTEP =  1040000   TIME(PS) =  237120.000  TEMP(K) =   309.64  PRESS =     0.0
 Etot   =   -238641.8036  EKtot   =     63052.9609  EPtot      =   -301694.7645
 BOND   =      2140.8828  ANGLE   =      2379.8345  DIHED      =      1408.6939
 UB     =         0.0000  IMP     =         0.0000  CMAP       =       270.9014
 1-4 NB =      1173.5822  1-4 EEL =     15312.1874  VDWAALS    =     40530.0709
 EELEC  =   -364910.9177  EHBOND  =         0.0000  RESTRAINT  =         0.0000
 ------------------------------------------------------------------------------

wrapping first mol.:      -38.30066      108.33064        0.00000

 NSTEP =  1060000   TIME(PS) =  237160.000  TEMP(K) =   308.72  PRESS =     0.0
 Etot   =   -238936.2853  EKtot   =     62865.4766  EPtot      =   -301801.7619
 BOND   =      2066.4474  ANGLE   =      2354.5243  DIHED      =      1384.0976
 UB     =         0.0000  IMP     =         0.0000  CMAP       =       262.4908
 1-4 NB =      1181.2998  1-4 EEL =     15397.8082  VDWAALS    =     40676.5878
 EELEC  =   -365125.0179  EHBOND  =         0.0000  RESTRAINT  =         0.0000
 ------------------------------------------------------------------------------

wrapping first mol.:      -38.30066      108.33064        0.00000

 NSTEP =  1080000   TIME(PS) =  237200.000  TEMP(K) =   310.79  PRESS =     0.0
 Etot   =   -239186.0955  EKtot   =     63288.5625  EPtot      =   -302474.6580
 BOND   =      2038.5426  ANGLE   =      2418.1210  DIHED      =      1408.1771
 UB     =         0.0000  IMP     =         0.0000  CMAP       =       249.0539
 1-4 NB =      1181.3832  1-4 EEL =     15348.5731  VDWAALS    =     41272.9489
 EELEC  =   -366391.4578  EHBOND  =         0.0000  RESTRAINT  =         0.0000
 ------------------------------------------------------------------------------

wrapping first mol.:      -38.30066      108.33064        0.00000

 NSTEP =  1100000   TIME(PS) =  237240.000  TEMP(K) =   310.51  PRESS =     0.0
 Etot   =   -238761.5816  EKtot   =     63230.2070  EPtot      =   -301991.7886
 BOND   =      2054.2459  ANGLE   =      2448.4974  DIHED      =      1382.3905
 UB     =         0.0000  IMP     =         0.0000  CMAP       =       249.3052
 1-4 NB =      1161.9744  1-4 EEL =     15354.1941  VDWAALS    =     40813.1568
 EELEC  =   -365455.5529  EHBOND  =         0.0000  RESTRAINT  =         0.0000
 ------------------------------------------------------------------------------

wrapping first mol.:      -38.30066      108.33064        0.00000

 NSTEP =  1120000   TIME(PS) =  237280.000  TEMP(K) =   309.89  PRESS =     0.0
 Etot   =   -238089.5215  EKtot   =     63105.0508  EPtot      =   -301194.5723
 BOND   =      2103.6678  ANGLE   =      2465.2943  DIHED      =      1473.1486
 UB     =         0.0000  IMP     =         0.0000  CMAP       =       235.6747
 1-4 NB =      1184.9762  1-4 EEL =     15446.4105  VDWAALS    =     40623.5850
 EELEC  =   -364727.3295  EHBOND  =         0.0000  RESTRAINT  =         0.0000
 ------------------------------------------------------------------------------

wrapping first mol.:      -38.30066      108.33064        0.00000

 NSTEP =  1140000   TIME(PS) =  237320.000  TEMP(K) =   309.66  PRESS =     0.0
 Etot   =   -238859.1303  EKtot   =     63057.7773  EPtot      =   -301916.9076
 BOND   =      2095.0775  ANGLE   =      2336.0111  DIHED      =      1432.4728
 UB     =         0.0000  IMP     =         0.0000  CMAP       =       269.1174
 1-4 NB =      1186.6419  1-4 EEL =     15415.4667  VDWAALS    =     40920.7022
 EELEC  =   -365572.3972  EHBOND  =         0.0000  RESTRAINT  =         0.0000
 ------------------------------------------------------------------------------

wrapping first mol.:      -38.30066      108.33064        0.00000

 NSTEP =  1160000   TIME(PS) =  237360.000  TEMP(K) =   309.97  PRESS =     0.0
 Etot   =   -239043.5909  EKtot   =     63121.6719  EPtot      =   -302165.2628
 BOND   =      2083.6025  ANGLE   =      2429.4647  DIHED      =      1405.7154
 UB     =         0.0000  IMP     =         0.0000  CMAP       =       258.0212
 1-4 NB =      1185.2751  1-4 EEL =     15434.5117  VDWAALS    =     40494.8206
 EELEC  =   -365456.6739  EHBOND  =         0.0000  RESTRAINT  =         0.0000
 ------------------------------------------------------------------------------

wrapping first mol.:      -38.30066      108.33064        0.00000

 NSTEP =  1180000   TIME(PS) =  237400.000  TEMP(K) =   312.01  PRESS =     0.0
 Etot   =   -238461.6727  EKtot   =     63536.8867  EPtot      =   -301998.5594
 BOND   =      2059.4221  ANGLE   =      2464.6707  DIHED      =      1401.4148
 UB     =         0.0000  IMP     =         0.0000  CMAP       =       248.8883
 1-4 NB =      1182.4426  1-4 EEL =     15357.3273  VDWAALS    =     40747.3420
 EELEC  =   -365460.0672  EHBOND  =         0.0000  RESTRAINT  =         0.0000
 ------------------------------------------------------------------------------

wrapping first mol.:      -38.30066      108.33064        0.00000

 NSTEP =  1200000   TIME(PS) =  237440.000  TEMP(K) =   309.63  PRESS =     0.0
 Etot   =   -238506.2341  EKtot   =     63050.6758  EPtot      =   -301556.9099
 BOND   =      2090.2191  ANGLE   =      2415.5913  DIHED      =      1412.4776
 UB     =         0.0000  IMP     =         0.0000  CMAP       =       263.3507
 1-4 NB =      1179.2108  1-4 EEL =     15393.2995  VDWAALS    =     40728.2457
 EELEC  =   -365039.3047  EHBOND  =         0.0000  RESTRAINT  =         0.0000
 ------------------------------------------------------------------------------

wrapping first mol.:      -38.30066      108.33064        0.00000

 NSTEP =  1220000   TIME(PS) =  237480.000  TEMP(K) =   311.27  PRESS =     0.0
 Etot   =   -238421.6660  EKtot   =     63385.2227  EPtot      =   -301806.8886
 BOND   =      2026.0290  ANGLE   =      2468.5506  DIHED      =      1393.3989
 UB     =         0.0000  IMP     =         0.0000  CMAP       =       269.8495
 1-4 NB =      1169.7050  1-4 EEL =     15382.1916  VDWAALS    =     40480.6212
 EELEC  =   -364997.2344  EHBOND  =         0.0000  RESTRAINT  =         0.0000
 ------------------------------------------------------------------------------

wrapping first mol.:      -38.30066      108.33064        0.00000

 NSTEP =  1240000   TIME(PS) =  237520.000  TEMP(K) =   310.92  PRESS =     0.0
 Etot   =   -238851.6737  EKtot   =     63315.2695  EPtot      =   -302166.9432
 BOND   =      2116.2444  ANGLE   =      2433.3862  DIHED      =      1425.1974
 UB     =         0.0000  IMP     =         0.0000  CMAP       =       251.9827
 1-4 NB =      1201.6753  1-4 EEL =     15352.0478  VDWAALS    =     41059.8670
 EELEC  =   -366007.3441  EHBOND  =         0.0000  RESTRAINT  =         0.0000
 ------------------------------------------------------------------------------

wrapping first mol.:      -38.30066      108.33064        0.00000

 NSTEP =  1260000   TIME(PS) =  237560.000  TEMP(K) =   310.22  PRESS =     0.0
 Etot   =   -238873.3317  EKtot   =     63171.7344  EPtot      =   -302045.0661
 BOND   =      2129.6393  ANGLE   =      2357.1763  DIHED      =      1397.3853
 UB     =         0.0000  IMP     =         0.0000  CMAP       =       259.5935
 1-4 NB =      1181.9184  1-4 EEL =     15385.2973  VDWAALS    =     40526.0012
 EELEC  =   -365282.0774  EHBOND  =         0.0000  RESTRAINT  =         0.0000
 ------------------------------------------------------------------------------

wrapping first mol.:      -38.30066      108.33064        0.00000

 NSTEP =  1280000   TIME(PS) =  237600.000  TEMP(K) =   309.37  PRESS =     0.0
 Etot   =   -239098.3502  EKtot   =     62999.5078  EPtot      =   -302097.8580
 BOND   =      2048.8194  ANGLE   =      2427.0413  DIHED      =      1404.4809
 UB     =         0.0000  IMP     =         0.0000  CMAP       =       242.8664
 1-4 NB =      1183.4032  1-4 EEL =     15344.8209  VDWAALS    =     40517.3934
 EELEC  =   -365266.6834  EHBOND  =         0.0000  RESTRAINT  =         0.0000
 ------------------------------------------------------------------------------

wrapping first mol.:      -38.30066      108.33064        0.00000

 NSTEP =  1300000   TIME(PS) =  237640.000  TEMP(K) =   309.82  PRESS =     0.0
 Etot   =   -239229.7564  EKtot   =     63089.7734  EPtot      =   -302319.5299
 BOND   =      2073.3312  ANGLE   =      2439.5576  DIHED      =      1392.9972
 UB     =         0.0000  IMP     =         0.0000  CMAP       =       262.9593
 1-4 NB =      1169.4641  1-4 EEL =     15386.4957  VDWAALS    =     40592.0506
 EELEC  =   -365636.3856  EHBOND  =         0.0000  RESTRAINT  =         0.0000
 ------------------------------------------------------------------------------

wrapping first mol.:      -38.30066      108.33064        0.00000

 NSTEP =  1320000   TIME(PS) =  237680.000  TEMP(K) =   310.20  PRESS =     0.0
 Etot   =   -239260.0757  EKtot   =     63167.4336  EPtot      =   -302427.5093
 BOND   =      2060.4599  ANGLE   =      2429.4494  DIHED      =      1409.4321
 UB     =         0.0000  IMP     =         0.0000  CMAP       =       249.5425
 1-4 NB =      1178.4069  1-4 EEL =     15365.4456  VDWAALS    =     41259.1936
 EELEC  =   -366379.4392  EHBOND  =         0.0000  RESTRAINT  =         0.0000
 ------------------------------------------------------------------------------

wrapping first mol.:      -38.30066      108.33064        0.00000

 NSTEP =  1340000   TIME(PS) =  237720.000  TEMP(K) =   310.00  PRESS =     0.0
 Etot   =   -239286.5300  EKtot   =     63127.3945  EPtot      =   -302413.9246
 BOND   =      2138.1604  ANGLE   =      2413.1159  DIHED      =      1416.6434
 UB     =         0.0000  IMP     =         0.0000  CMAP       =       277.6350
 1-4 NB =      1139.4562  1-4 EEL =     15379.4766  VDWAALS    =     41161.1463
 EELEC  =   -366339.5584  EHBOND  =         0.0000  RESTRAINT  =         0.0000
 ------------------------------------------------------------------------------

wrapping first mol.:      -38.30066      108.33064        0.00000

 NSTEP =  1360000   TIME(PS) =  237760.000  TEMP(K) =   310.31  PRESS =     0.0
 Etot   =   -238199.6672  EKtot   =     63191.1172  EPtot      =   -301390.7844
 BOND   =      2056.9487  ANGLE   =      2382.0146  DIHED      =      1411.5914
 UB     =         0.0000  IMP     =         0.0000  CMAP       =       255.3750
 1-4 NB =      1182.0113  1-4 EEL =     15397.0222  VDWAALS    =     40390.6710
 EELEC  =   -364466.4186  EHBOND  =         0.0000  RESTRAINT  =         0.0000
 ------------------------------------------------------------------------------

wrapping first mol.:      -38.30066      108.33064        0.00000

 NSTEP =  1380000   TIME(PS) =  237800.000  TEMP(K) =   310.23  PRESS =     0.0
 Etot   =   -238338.8511  EKtot   =     63173.9492  EPtot      =   -301512.8003
 BOND   =      2119.9623  ANGLE   =      2339.5177  DIHED      =      1395.6000
 UB     =         0.0000  IMP     =         0.0000  CMAP       =       245.0491
 1-4 NB =      1187.0187  1-4 EEL =     15396.2654  VDWAALS    =     41394.7300
 EELEC  =   -365590.9434  EHBOND  =         0.0000  RESTRAINT  =         0.0000
 ------------------------------------------------------------------------------

wrapping first mol.:      -38.30066      108.33064        0.00000

 NSTEP =  1400000   TIME(PS) =  237840.000  TEMP(K) =   310.42  PRESS =     0.0
 Etot   =   -238469.6494  EKtot   =     63211.7578  EPtot      =   -301681.4072
 BOND   =      2101.5191  ANGLE   =      2530.1126  DIHED      =      1390.8302
 UB     =         0.0000  IMP     =         0.0000  CMAP       =       272.6427
 1-4 NB =      1154.2103  1-4 EEL =     15292.0142  VDWAALS    =     40633.1987
 EELEC  =   -365055.9350  EHBOND  =         0.0000  RESTRAINT  =         0.0000
 ------------------------------------------------------------------------------

wrapping first mol.:      -38.30066      108.33064        0.00000

 NSTEP =  1420000   TIME(PS) =  237880.000  TEMP(K) =   309.78  PRESS =     0.0
 Etot   =   -238652.0839  EKtot   =     63082.4102  EPtot      =   -301734.4941
 BOND   =      2104.3605  ANGLE   =      2326.5103  DIHED      =      1399.8713
 UB     =         0.0000  IMP     =         0.0000  CMAP       =       259.8901
 1-4 NB =      1173.8355  1-4 EEL =     15397.5583  VDWAALS    =     40880.6258
 EELEC  =   -365277.1459  EHBOND  =         0.0000  RESTRAINT  =         0.0000
 ------------------------------------------------------------------------------

wrapping first mol.:      -38.30066      108.33064        0.00000

 NSTEP =  1440000   TIME(PS) =  237920.000  TEMP(K) =   310.72  PRESS =     0.0
 Etot   =   -238618.1837  EKtot   =     63273.2734  EPtot      =   -301891.4571
 BOND   =      2067.5720  ANGLE   =      2349.4038  DIHED      =      1418.0395
 UB     =         0.0000  IMP     =         0.0000  CMAP       =       254.5515
 1-4 NB =      1169.6624  1-4 EEL =     15426.9816  VDWAALS    =     40765.4622
 EELEC  =   -365343.1302  EHBOND  =         0.0000  RESTRAINT  =         0.0000
 ------------------------------------------------------------------------------

wrapping first mol.:      -38.30066      108.33064        0.00000

 NSTEP =  1460000   TIME(PS) =  237960.000  TEMP(K) =   310.22  PRESS =     0.0
 Etot   =   -238779.1841  EKtot   =     63172.7188  EPtot      =   -301951.9029
 BOND   =      2077.1664  ANGLE   =      2379.6528  DIHED      =      1405.0018
 UB     =         0.0000  IMP     =         0.0000  CMAP       =       249.0418
 1-4 NB =      1186.1705  1-4 EEL =     15373.7251  VDWAALS    =     40664.9469
 EELEC  =   -365287.6082  EHBOND  =         0.0000  RESTRAINT  =         0.0000
 ------------------------------------------------------------------------------

wrapping first mol.:      -38.30066      108.33064        0.00000

 NSTEP =  1480000   TIME(PS) =  238000.000  TEMP(K) =   309.93  PRESS =     0.0
 Etot   =   -238610.1253  EKtot   =     63112.8398  EPtot      =   -301722.9651
 BOND   =      2060.0843  ANGLE   =      2450.8083  DIHED      =      1385.0563
 UB     =         0.0000  IMP     =         0.0000  CMAP       =       245.4007
 1-4 NB =      1172.7971  1-4 EEL =     15388.0403  VDWAALS    =     40759.2006
 EELEC  =   -365184.3528  EHBOND  =         0.0000  RESTRAINT  =         0.0000
 ------------------------------------------------------------------------------

wrapping first mol.:      -38.30066      108.33064        0.00000

 NSTEP =  1500000   TIME(PS) =  238040.000  TEMP(K) =   308.53  PRESS =     0.0
 Etot   =   -239452.8753  EKtot   =     62827.2734  EPtot      =   -302280.1487
 BOND   =      2082.6493  ANGLE   =      2413.2943  DIHED      =      1370.0188
 UB     =         0.0000  IMP     =         0.0000  CMAP       =       246.7882
 1-4 NB =      1170.8124  1-4 EEL =     15353.5535  VDWAALS    =     41090.1426
 EELEC  =   -366007.4077  EHBOND  =         0.0000  RESTRAINT  =         0.0000
 ------------------------------------------------------------------------------

wrapping first mol.:      -38.30066      108.33064        0.00000

 NSTEP =  1520000   TIME(PS) =  238080.000  TEMP(K) =   310.38  PRESS =     0.0
 Etot   =   -239266.3313  EKtot   =     63205.1875  EPtot      =   -302471.5188
 BOND   =      2073.9988  ANGLE   =      2394.3979  DIHED      =      1389.7638
 UB     =         0.0000  IMP     =         0.0000  CMAP       =       252.7025
 1-4 NB =      1176.3018  1-4 EEL =     15400.2310  VDWAALS    =     40844.7312
 EELEC  =   -366003.6456  EHBOND  =         0.0000  RESTRAINT  =         0.0000
 ------------------------------------------------------------------------------

wrapping first mol.:      -38.30066      108.33064        0.00000

 NSTEP =  1540000   TIME(PS) =  238120.000  TEMP(K) =   310.66  PRESS =     0.0
 Etot   =   -238526.8820  EKtot   =     63261.3438  EPtot      =   -301788.2258
 BOND   =      2088.5330  ANGLE   =      2440.2623  DIHED      =      1408.3061
 UB     =         0.0000  IMP     =         0.0000  CMAP       =       246.8514
 1-4 NB =      1178.7239  1-4 EEL =     15411.3692  VDWAALS    =     40419.1474
 EELEC  =   -364981.4190  EHBOND  =         0.0000  RESTRAINT  =         0.0000
 ------------------------------------------------------------------------------

wrapping first mol.:      -38.30066      108.33064        0.00000

 NSTEP =  1560000   TIME(PS) =  238160.000  TEMP(K) =   308.78  PRESS =     0.0
 Etot   =   -238942.1184  EKtot   =     62879.5234  EPtot      =   -301821.6418
 BOND   =      2021.1682  ANGLE   =      2342.9387  DIHED      =      1407.8410
 UB     =         0.0000  IMP     =         0.0000  CMAP       =       260.1150
 1-4 NB =      1198.7137  1-4 EEL =     15433.9074  VDWAALS    =     41079.4631
 EELEC  =   -365565.7890  EHBOND  =         0.0000  RESTRAINT  =         0.0000
 ------------------------------------------------------------------------------

wrapping first mol.:      -38.30066      108.33064        0.00000

 NSTEP =  1580000   TIME(PS) =  238200.000  TEMP(K) =   308.88  PRESS =     0.0
 Etot   =   -238988.7121  EKtot   =     62898.8086  EPtot      =   -301887.5207
 BOND   =      2070.9460  ANGLE   =      2403.9005  DIHED      =      1410.0347
 UB     =         0.0000  IMP     =         0.0000  CMAP       =       247.0179
 1-4 NB =      1184.8666  1-4 EEL =     15332.3766  VDWAALS    =     40637.9996
 EELEC  =   -365174.6627  EHBOND  =         0.0000  RESTRAINT  =         0.0000
 ------------------------------------------------------------------------------

wrapping first mol.:      -38.30066      108.33064        0.00000

 NSTEP =  1600000   TIME(PS) =  238240.000  TEMP(K) =   310.51  PRESS =     0.0
 Etot   =   -239054.5395  EKtot   =     63230.6758  EPtot      =   -302285.2153
 BOND   =      2118.6322  ANGLE   =      2432.5479  DIHED      =      1396.5614
 UB     =         0.0000  IMP     =         0.0000  CMAP       =       235.1919
 1-4 NB =      1164.4086  1-4 EEL =     15363.1560  VDWAALS    =     40830.4513
 EELEC  =   -365826.1646  EHBOND  =         0.0000  RESTRAINT  =         0.0000
 ------------------------------------------------------------------------------

wrapping first mol.:      -38.30066      108.33064        0.00000

 NSTEP =  1620000   TIME(PS) =  238280.000  TEMP(K) =   308.76  PRESS =     0.0
 Etot   =   -239176.8930  EKtot   =     62874.9336  EPtot      =   -302051.8266
 BOND   =      2076.8918  ANGLE   =      2456.1424  DIHED      =      1403.3526
 UB     =         0.0000  IMP     =         0.0000  CMAP       =       268.0643
 1-4 NB =      1159.3274  1-4 EEL =     15423.7290  VDWAALS    =     40605.1302
 EELEC  =   -365444.4642  EHBOND  =         0.0000  RESTRAINT  =         0.0000
 ------------------------------------------------------------------------------

wrapping first mol.:      -38.30066      108.33064        0.00000

 NSTEP =  1640000   TIME(PS) =  238320.000  TEMP(K) =   308.75  PRESS =     0.0
 Etot   =   -239642.5388  EKtot   =     62872.3281  EPtot      =   -302514.8669
 BOND   =      2125.5906  ANGLE   =      2400.4420  DIHED      =      1387.2596
 UB     =         0.0000  IMP     =         0.0000  CMAP       =       268.7453
 1-4 NB =      1144.2998  1-4 EEL =     15361.8810  VDWAALS    =     40943.3922
 EELEC  =   -366146.4774  EHBOND  =         0.0000  RESTRAINT  =         0.0000
 ------------------------------------------------------------------------------

wrapping first mol.:      -38.30066      108.33064        0.00000

 NSTEP =  1660000   TIME(PS) =  238360.000  TEMP(K) =   310.10  PRESS =     0.0
 Etot   =   -238623.2151  EKtot   =     63147.2109  EPtot      =   -301770.4260
 BOND   =      2056.1288  ANGLE   =      2377.4954  DIHED      =      1420.2716
 UB     =         0.0000  IMP     =         0.0000  CMAP       =       266.3497
 1-4 NB =      1169.8219  1-4 EEL =     15369.3590  VDWAALS    =     40765.7683
 EELEC  =   -365195.6207  EHBOND  =         0.0000  RESTRAINT  =         0.0000
 ------------------------------------------------------------------------------

wrapping first mol.:      -38.30066      108.33064        0.00000

 NSTEP =  1680000   TIME(PS) =  238400.000  TEMP(K) =   309.97  PRESS =     0.0
 Etot   =   -238685.0349  EKtot   =     63121.8828  EPtot      =   -301806.9177
 BOND   =      2065.3042  ANGLE   =      2443.3599  DIHED      =      1400.5632
 UB     =         0.0000  IMP     =         0.0000  CMAP       =       268.2724
 1-4 NB =      1173.0704  1-4 EEL =     15372.5972  VDWAALS    =     40806.5048
 EELEC  =   -365336.5898  EHBOND  =         0.0000  RESTRAINT  =         0.0000
 ------------------------------------------------------------------------------

wrapping first mol.:      -38.30066      108.33064        0.00000

 NSTEP =  1700000   TIME(PS) =  238440.000  TEMP(K) =   310.34  PRESS =     0.0
 Etot   =   -238551.3923  EKtot   =     63195.5391  EPtot      =   -301746.9313
 BOND   =      2114.7138  ANGLE   =      2400.6226  DIHED      =      1395.3652
 UB     =         0.0000  IMP     =         0.0000  CMAP       =       247.4338
 1-4 NB =      1195.8951  1-4 EEL =     15431.3071  VDWAALS    =     40805.9606
 EELEC  =   -365338.2295  EHBOND  =         0.0000  RESTRAINT  =         0.0000
 ------------------------------------------------------------------------------

wrapping first mol.:      -38.30066      108.33064        0.00000

 NSTEP =  1720000   TIME(PS) =  238480.000  TEMP(K) =   310.90  PRESS =     0.0
 Etot   =   -238498.9111  EKtot   =     63310.9844  EPtot      =   -301809.8954
 BOND   =      2072.1959  ANGLE   =      2371.3762  DIHED      =      1393.5624
 UB     =         0.0000  IMP     =         0.0000  CMAP       =       264.6232
 1-4 NB =      1172.2248  1-4 EEL =     15357.8128  VDWAALS    =     40489.8578
 EELEC  =   -364931.5485  EHBOND  =         0.0000  RESTRAINT  =         0.0000
 ------------------------------------------------------------------------------

wrapping first mol.:      -38.30066      108.33064        0.00000

 NSTEP =  1740000   TIME(PS) =  238520.000  TEMP(K) =   311.10  PRESS =     0.0
 Etot   =   -238411.2903  EKtot   =     63351.3633  EPtot      =   -301762.6536
 BOND   =      2084.6705  ANGLE   =      2389.8888  DIHED      =      1406.1423
 UB     =         0.0000  IMP     =         0.0000  CMAP       =       248.8361
 1-4 NB =      1177.4293  1-4 EEL =     15396.6954  VDWAALS    =     41238.4963
 EELEC  =   -365704.8124  EHBOND  =         0.0000  RESTRAINT  =         0.0000
 ------------------------------------------------------------------------------

wrapping first mol.:      -38.30066      108.33064        0.00000

 NSTEP =  1760000   TIME(PS) =  238560.000  TEMP(K) =   310.03  PRESS =     0.0
 Etot   =   -238316.0529  EKtot   =     63133.2773  EPtot      =   -301449.3302
 BOND   =      2123.0198  ANGLE   =      2426.2895  DIHED      =      1410.8262
 UB     =         0.0000  IMP     =         0.0000  CMAP       =       272.2351
 1-4 NB =      1164.5782  1-4 EEL =     15340.7408  VDWAALS    =     40542.1423
 EELEC  =   -364729.1622  EHBOND  =         0.0000  RESTRAINT  =         0.0000
 ------------------------------------------------------------------------------

wrapping first mol.:      -38.30066      108.33064        0.00000

 NSTEP =  1780000   TIME(PS) =  238600.000  TEMP(K) =   311.24  PRESS =     0.0
 Etot   =   -239168.3840  EKtot   =     63378.7461  EPtot      =   -302547.1301
 BOND   =      2076.4381  ANGLE   =      2419.7568  DIHED      =      1398.1328
 UB     =         0.0000  IMP     =         0.0000  CMAP       =       257.9416
 1-4 NB =      1153.0597  1-4 EEL =     15310.6295  VDWAALS    =     41010.0538
 EELEC  =   -366173.1425  EHBOND  =         0.0000  RESTRAINT  =         0.0000
 ------------------------------------------------------------------------------

wrapping first mol.:      -38.30066      108.33064        0.00000

 NSTEP =  1800000   TIME(PS) =  238640.000  TEMP(K) =   309.15  PRESS =     0.0
 Etot   =   -238963.1976  EKtot   =     62954.9102  EPtot      =   -301918.1078
 BOND   =      2109.5004  ANGLE   =      2367.5687  DIHED      =      1388.0122
 UB     =         0.0000  IMP     =         0.0000  CMAP       =       258.9165
 1-4 NB =      1169.4098  1-4 EEL =     15295.3703  VDWAALS    =     40792.1220
 EELEC  =   -365299.0078  EHBOND  =         0.0000  RESTRAINT  =         0.0000
 ------------------------------------------------------------------------------

wrapping first mol.:      -38.30066      108.33064        0.00000

 NSTEP =  1820000   TIME(PS) =  238680.000  TEMP(K) =   309.59  PRESS =     0.0
 Etot   =   -238944.7739  EKtot   =     63044.1836  EPtot      =   -301988.9575
 BOND   =      2149.7843  ANGLE   =      2458.2894  DIHED      =      1382.8966
 UB     =         0.0000  IMP     =         0.0000  CMAP       =       255.6106
 1-4 NB =      1174.8292  1-4 EEL =     15258.5924  VDWAALS    =     41133.6563
 EELEC  =   -365802.6162  EHBOND  =         0.0000  RESTRAINT  =         0.0000
 ------------------------------------------------------------------------------

wrapping first mol.:      -38.30066      108.33064        0.00000

 NSTEP =  1840000   TIME(PS) =  238720.000  TEMP(K) =   308.95  PRESS =     0.0
 Etot   =   -238625.4046  EKtot   =     62913.8984  EPtot      =   -301539.3031
 BOND   =      2085.9137  ANGLE   =      2433.8359  DIHED      =      1410.7382
 UB     =         0.0000  IMP     =         0.0000  CMAP       =       271.2242
 1-4 NB =      1189.6708  1-4 EEL =     15311.6480  VDWAALS    =     40366.9873
 EELEC  =   -364609.3212  EHBOND  =         0.0000  RESTRAINT  =         0.0000
 ------------------------------------------------------------------------------

wrapping first mol.:      -38.30066      108.33064        0.00000

 NSTEP =  1860000   TIME(PS) =  238760.000  TEMP(K) =   310.87  PRESS =     0.0
 Etot   =   -238671.8533  EKtot   =     63304.4648  EPtot      =   -301976.3181
 BOND   =      2113.3885  ANGLE   =      2486.4792  DIHED      =      1388.6769
 UB     =         0.0000  IMP     =         0.0000  CMAP       =       246.2547
 1-4 NB =      1189.7181  1-4 EEL =     15321.6635  VDWAALS    =     40510.6220
 EELEC  =   -365233.1211  EHBOND  =         0.0000  RESTRAINT  =         0.0000
 ------------------------------------------------------------------------------

wrapping first mol.:      -38.30066      108.33064        0.00000

 NSTEP =  1880000   TIME(PS) =  238800.000  TEMP(K) =   309.89  PRESS =     0.0
 Etot   =   -238769.8114  EKtot   =     63104.8672  EPtot      =   -301874.6786
 BOND   =      2045.7781  ANGLE   =      2431.8003  DIHED      =      1425.1674
 UB     =         0.0000  IMP     =         0.0000  CMAP       =       252.4587
 1-4 NB =      1188.8005  1-4 EEL =     15433.4225  VDWAALS    =     40992.9864
 EELEC  =   -365645.0925  EHBOND  =         0.0000  RESTRAINT  =         0.0000
 ------------------------------------------------------------------------------

wrapping first mol.:      -38.30066      108.33064        0.00000

 NSTEP =  1900000   TIME(PS) =  238840.000  TEMP(K) =   312.05  PRESS =     0.0
 Etot   =   -238707.5798  EKtot   =     63544.7734  EPtot      =   -302252.3532
 BOND   =      2114.6711  ANGLE   =      2401.4431  DIHED      =      1402.8600
 UB     =         0.0000  IMP     =         0.0000  CMAP       =       256.4125
 1-4 NB =      1205.1793  1-4 EEL =     15438.7237  VDWAALS    =     40499.3683
 EELEC  =   -365571.0112  EHBOND  =         0.0000  RESTRAINT  =         0.0000
 ------------------------------------------------------------------------------

wrapping first mol.:      -38.30066      108.33064        0.00000

 NSTEP =  1920000   TIME(PS) =  238880.000  TEMP(K) =   309.61  PRESS =     0.0
 Etot   =   -238574.6971  EKtot   =     63047.5938  EPtot      =   -301622.2909
 BOND   =      2061.0330  ANGLE   =      2416.4455  DIHED      =      1406.8289
 UB     =         0.0000  IMP     =         0.0000  CMAP       =       273.1162
 1-4 NB =      1178.8084  1-4 EEL =     15437.5024  VDWAALS    =     40627.0699
 EELEC  =   -365023.0951  EHBOND  =         0.0000  RESTRAINT  =         0.0000
 ------------------------------------------------------------------------------

wrapping first mol.:      -38.30066      108.33064        0.00000

 NSTEP =  1940000   TIME(PS) =  238920.000  TEMP(K) =   310.95  PRESS =     0.0
 Etot   =   -238536.7038  EKtot   =     63320.6133  EPtot      =   -301857.3171
 BOND   =      2123.0395  ANGLE   =      2421.1494  DIHED      =      1423.3615
 UB     =         0.0000  IMP     =         0.0000  CMAP       =       255.3524
 1-4 NB =      1178.3950  1-4 EEL =     15463.0974  VDWAALS    =     40572.0298
 EELEC  =   -365293.7421  EHBOND  =         0.0000  RESTRAINT  =         0.0000
 ------------------------------------------------------------------------------

wrapping first mol.:      -38.30066      108.33064        0.00000

 NSTEP =  1960000   TIME(PS) =  238960.000  TEMP(K) =   309.94  PRESS =     0.0
 Etot   =   -238706.7666  EKtot   =     63115.6562  EPtot      =   -301822.4229
 BOND   =      2197.0577  ANGLE   =      2476.2042  DIHED      =      1402.5063
 UB     =         0.0000  IMP     =         0.0000  CMAP       =       258.3277
 1-4 NB =      1165.2822  1-4 EEL =     15419.5692  VDWAALS    =     40715.7337
 EELEC  =   -365457.1040  EHBOND  =         0.0000  RESTRAINT  =         0.0000
 ------------------------------------------------------------------------------

wrapping first mol.:      -38.30066      108.33064        0.00000

 NSTEP =  1980000   TIME(PS) =  239000.000  TEMP(K) =   308.67  PRESS =     0.0
 Etot   =   -239169.3523  EKtot   =     62856.8281  EPtot      =   -302026.1804
 BOND   =      2044.6835  ANGLE   =      2427.8049  DIHED      =      1428.0618
 UB     =         0.0000  IMP     =         0.0000  CMAP       =       260.1942
 1-4 NB =      1204.2634  1-4 EEL =     15418.4653  VDWAALS    =     41024.9650
 EELEC  =   -365834.6184  EHBOND  =         0.0000  RESTRAINT  =         0.0000
 ------------------------------------------------------------------------------

wrapping first mol.:      -38.30066      108.33064        0.00000

 NSTEP =  2000000   TIME(PS) =  239040.000  TEMP(K) =   310.40  PRESS =     0.0
 Etot   =   -238659.2695  EKtot   =     63208.9375  EPtot      =   -301868.2070
 BOND   =      2105.5864  ANGLE   =      2405.9095  DIHED      =      1415.8595
 UB     =         0.0000  IMP     =         0.0000  CMAP       =       240.2345
 1-4 NB =      1181.1181  1-4 EEL =     15404.8313  VDWAALS    =     40625.8040
 EELEC  =   -365247.5503  EHBOND  =         0.0000  RESTRAINT  =         0.0000
 ------------------------------------------------------------------------------

wrapping first mol.:      -38.30066      108.33064        0.00000

 NSTEP =  2020000   TIME(PS) =  239080.000  TEMP(K) =   310.32  PRESS =     0.0
 Etot   =   -238786.7895  EKtot   =     63193.1445  EPtot      =   -301979.9340
 BOND   =      2149.1655  ANGLE   =      2421.3280  DIHED      =      1427.6392
 UB     =         0.0000  IMP     =         0.0000  CMAP       =       258.6128
 1-4 NB =      1163.1917  1-4 EEL =     15394.5110  VDWAALS    =     40758.0422
 EELEC  =   -365552.4244  EHBOND  =         0.0000  RESTRAINT  =         0.0000
 ------------------------------------------------------------------------------

wrapping first mol.:      -38.30066      108.33064        0.00000

 NSTEP =  2040000   TIME(PS) =  239120.000  TEMP(K) =   310.81  PRESS =     0.0
 Etot   =   -238432.4477  EKtot   =     63291.8242  EPtot      =   -301724.2719
 BOND   =      2110.2611  ANGLE   =      2447.6174  DIHED      =      1408.3157
 UB     =         0.0000  IMP     =         0.0000  CMAP       =       277.7445
 1-4 NB =      1187.9962  1-4 EEL =     15408.8551  VDWAALS    =     40591.7109
 EELEC  =   -365156.7727  EHBOND  =         0.0000  RESTRAINT  =         0.0000
 ------------------------------------------------------------------------------

wrapping first mol.:      -38.30066      108.33064        0.00000

 NSTEP =  2060000   TIME(PS) =  239160.000  TEMP(K) =   309.51  PRESS =     0.0
 Etot   =   -239275.1382  EKtot   =     63028.0156  EPtot      =   -302303.1538
 BOND   =      2093.4650  ANGLE   =      2470.6039  DIHED      =      1451.5724
 UB     =         0.0000  IMP     =         0.0000  CMAP       =       254.7312
 1-4 NB =      1166.9317  1-4 EEL =     15390.3182  VDWAALS    =     40273.5085
 EELEC  =   -365404.2847  EHBOND  =         0.0000  RESTRAINT  =         0.0000
 ------------------------------------------------------------------------------

wrapping first mol.:      -38.30066      108.33064        0.00000

 NSTEP =  2080000   TIME(PS) =  239200.000  TEMP(K) =   311.37  PRESS =     0.0
 Etot   =   -238580.9701  EKtot   =     63405.1719  EPtot      =   -301986.1420
 BOND   =      2039.2946  ANGLE   =      2399.1690  DIHED      =      1444.3970
 UB     =         0.0000  IMP     =         0.0000  CMAP       =       265.7317
 1-4 NB =      1175.6157  1-4 EEL =     15435.7330  VDWAALS    =     40888.8587
 EELEC  =   -365634.9417  EHBOND  =         0.0000  RESTRAINT  =         0.0000
 ------------------------------------------------------------------------------

wrapping first mol.:      -38.30066      108.33064        0.00000

 NSTEP =  2100000   TIME(PS) =  239240.000  TEMP(K) =   309.69  PRESS =     0.0
 Etot   =   -238945.7566  EKtot   =     63063.9297  EPtot      =   -302009.6863
 BOND   =      2053.8856  ANGLE   =      2374.6157  DIHED      =      1421.6041
 UB     =         0.0000  IMP     =         0.0000  CMAP       =       237.5663
 1-4 NB =      1190.0306  1-4 EEL =     15514.1014  VDWAALS    =     40582.8607
 EELEC  =   -365384.3506  EHBOND  =         0.0000  RESTRAINT  =         0.0000
 ------------------------------------------------------------------------------

wrapping first mol.:      -38.30066      108.33064        0.00000

 NSTEP =  2120000   TIME(PS) =  239280.000  TEMP(K) =   310.10  PRESS =     0.0
 Etot   =   -238596.2407  EKtot   =     63147.4141  EPtot      =   -301743.6548
 BOND   =      2064.0335  ANGLE   =      2416.2991  DIHED      =      1451.1819
 UB     =         0.0000  IMP     =         0.0000  CMAP       =       266.9808
 1-4 NB =      1164.4297  1-4 EEL =     15532.2775  VDWAALS    =     40721.7210
 EELEC  =   -365360.5783  EHBOND  =         0.0000  RESTRAINT  =         0.0000
 ------------------------------------------------------------------------------

wrapping first mol.:      -38.30066      108.33064        0.00000

 NSTEP =  2140000   TIME(PS) =  239320.000  TEMP(K) =   308.11  PRESS =     0.0
 Etot   =   -239317.5890  EKtot   =     62742.0859  EPtot      =   -302059.6750
 BOND   =      2106.9389  ANGLE   =      2460.7496  DIHED      =      1419.7190
 UB     =         0.0000  IMP     =         0.0000  CMAP       =       241.9385
 1-4 NB =      1192.2978  1-4 EEL =     15436.8927  VDWAALS    =     40773.9416
 EELEC  =   -365692.1531  EHBOND  =         0.0000  RESTRAINT  =         0.0000
 ------------------------------------------------------------------------------

wrapping first mol.:      -38.30066      108.33064        0.00000

 NSTEP =  2160000   TIME(PS) =  239360.000  TEMP(K) =   310.33  PRESS =     0.0
 Etot   =   -238897.9898  EKtot   =     63194.8672  EPtot      =   -302092.8570
 BOND   =      2095.2524  ANGLE   =      2402.7339  DIHED      =      1422.2379
 UB     =         0.0000  IMP     =         0.0000  CMAP       =       252.1515
 1-4 NB =      1197.5222  1-4 EEL =     15519.4749  VDWAALS    =     40832.1430
 EELEC  =   -365814.3728  EHBOND  =         0.0000  RESTRAINT  =         0.0000
 ------------------------------------------------------------------------------

wrapping first mol.:      -38.30066      108.33064        0.00000

 NSTEP =  2180000   TIME(PS) =  239400.000  TEMP(K) =   309.86  PRESS =     0.0
 Etot   =   -238702.7899  EKtot   =     63097.8594  EPtot      =   -301800.6493
 BOND   =      2070.0766  ANGLE   =      2474.0845  DIHED      =      1405.7089
 UB     =         0.0000  IMP     =         0.0000  CMAP       =       257.8001
 1-4 NB =      1174.5777  1-4 EEL =     15427.4169  VDWAALS    =     40336.7590
 EELEC  =   -364947.0730  EHBOND  =         0.0000  RESTRAINT  =         0.0000
 ------------------------------------------------------------------------------

wrapping first mol.:      -38.30066      108.33064        0.00000

 NSTEP =  2200000   TIME(PS) =  239440.000  TEMP(K) =   308.80  PRESS =     0.0
 Etot   =   -239130.7297  EKtot   =     62882.7031  EPtot      =   -302013.4328
 BOND   =      2111.8580  ANGLE   =      2423.3530  DIHED      =      1423.0080
 UB     =         0.0000  IMP     =         0.0000  CMAP       =       265.4612
 1-4 NB =      1179.5181  1-4 EEL =     15425.9477  VDWAALS    =     40648.7972
 EELEC  =   -365491.3760  EHBOND  =         0.0000  RESTRAINT  =         0.0000
 ------------------------------------------------------------------------------

wrapping first mol.:      -38.30066      108.33064        0.00000

 NSTEP =  2220000   TIME(PS) =  239480.000  TEMP(K) =   310.63  PRESS =     0.0
 Etot   =   -238225.7221  EKtot   =     63254.9375  EPtot      =   -301480.6596
 BOND   =      2070.3598  ANGLE   =      2449.8302  DIHED      =      1430.6781
 UB     =         0.0000  IMP     =         0.0000  CMAP       =       276.8634
 1-4 NB =      1186.4144  1-4 EEL =     15438.7765  VDWAALS    =     40260.3429
 EELEC  =   -364593.9249  EHBOND  =         0.0000  RESTRAINT  =         0.0000
 ------------------------------------------------------------------------------

wrapping first mol.:      -38.30066      108.33064        0.00000

 NSTEP =  2240000   TIME(PS) =  239520.000  TEMP(K) =   311.07  PRESS =     0.0
 Etot   =   -238100.3741  EKtot   =     63345.5820  EPtot      =   -301445.9562
 BOND   =      2086.2682  ANGLE   =      2450.2979  DIHED      =      1398.4529
 UB     =         0.0000  IMP     =         0.0000  CMAP       =       269.2246
 1-4 NB =      1175.5393  1-4 EEL =     15410.7406  VDWAALS    =     40302.0338
 EELEC  =   -364538.5134  EHBOND  =         0.0000  RESTRAINT  =         0.0000
 ------------------------------------------------------------------------------

wrapping first mol.:      -38.30066      108.33064        0.00000

 NSTEP =  2260000   TIME(PS) =  239560.000  TEMP(K) =   309.34  PRESS =     0.0
 Etot   =   -238841.5889  EKtot   =     62992.4258  EPtot      =   -301834.0147
 BOND   =      2097.3489  ANGLE   =      2353.5485  DIHED      =      1429.9016
 UB     =         0.0000  IMP     =         0.0000  CMAP       =       257.7511
 1-4 NB =      1175.7821  1-4 EEL =     15460.2986  VDWAALS    =     40876.8352
 EELEC  =   -365485.4807  EHBOND  =         0.0000  RESTRAINT  =         0.0000
 ------------------------------------------------------------------------------

wrapping first mol.:      -38.30066      108.33064        0.00000

 NSTEP =  2280000   TIME(PS) =  239600.000  TEMP(K) =   310.76  PRESS =     0.0
 Etot   =   -238647.2580  EKtot   =     63282.6797  EPtot      =   -301929.9377
 BOND   =      2103.8872  ANGLE   =      2415.2184  DIHED      =      1421.3173
 UB     =         0.0000  IMP     =         0.0000  CMAP       =       248.1532
 1-4 NB =      1171.3503  1-4 EEL =     15388.5275  VDWAALS    =     40543.9829
 EELEC  =   -365222.3745  EHBOND  =         0.0000  RESTRAINT  =         0.0000
 ------------------------------------------------------------------------------

wrapping first mol.:      -38.30066      108.33064        0.00000

 NSTEP =  2300000   TIME(PS) =  239640.000  TEMP(K) =   310.61  PRESS =     0.0
 Etot   =   -238717.5149  EKtot   =     63252.1289  EPtot      =   -301969.6438
 BOND   =      2071.8633  ANGLE   =      2419.2170  DIHED      =      1409.5728
 UB     =         0.0000  IMP     =         0.0000  CMAP       =       272.4803
 1-4 NB =      1186.1501  1-4 EEL =     15393.0002  VDWAALS    =     40723.4052
 EELEC  =   -365445.3328  EHBOND  =         0.0000  RESTRAINT  =         0.0000
 ------------------------------------------------------------------------------

wrapping first mol.:      -38.30066      108.33064        0.00000

 NSTEP =  2320000   TIME(PS) =  239680.000  TEMP(K) =   309.86  PRESS =     0.0
 Etot   =   -239310.5655  EKtot   =     63098.4375  EPtot      =   -302409.0030
 BOND   =      2130.4809  ANGLE   =      2421.2393  DIHED      =      1409.9687
 UB     =         0.0000  IMP     =         0.0000  CMAP       =       260.0996
 1-4 NB =      1192.5210  1-4 EEL =     15387.8481  VDWAALS    =     40729.3168
 EELEC  =   -365940.4774  EHBOND  =         0.0000  RESTRAINT  =         0.0000
 ------------------------------------------------------------------------------

wrapping first mol.:      -38.30066      108.33064        0.00000

 NSTEP =  2340000   TIME(PS) =  239720.000  TEMP(K) =   312.20  PRESS =     0.0
 Etot   =   -238011.4181  EKtot   =     63574.0117  EPtot      =   -301585.4298
 BOND   =      2086.9780  ANGLE   =      2452.9739  DIHED      =      1406.0663
 UB     =         0.0000  IMP     =         0.0000  CMAP       =       256.9430
 1-4 NB =      1171.1003  1-4 EEL =     15402.7862  VDWAALS    =     40576.2346
 EELEC  =   -364938.5121  EHBOND  =         0.0000  RESTRAINT  =         0.0000
 ------------------------------------------------------------------------------

wrapping first mol.:      -38.30066      108.33064        0.00000

 NSTEP =  2360000   TIME(PS) =  239760.000  TEMP(K) =   309.28  PRESS =     0.0
 Etot   =   -238547.0511  EKtot   =     62980.7852  EPtot      =   -301527.8362
 BOND   =      2162.2476  ANGLE   =      2422.0197  DIHED      =      1408.4839
 UB     =         0.0000  IMP     =         0.0000  CMAP       =       251.9425
 1-4 NB =      1184.2288  1-4 EEL =     15485.0397  VDWAALS    =     40430.0927
 EELEC  =   -364871.8911  EHBOND  =         0.0000  RESTRAINT  =         0.0000
 ------------------------------------------------------------------------------

wrapping first mol.:      -38.30066      108.33064        0.00000

 NSTEP =  2380000   TIME(PS) =  239800.000  TEMP(K) =   311.00  PRESS =     0.0
 Etot   =   -238424.6103  EKtot   =     63330.6250  EPtot      =   -301755.2353
 BOND   =      2080.0558  ANGLE   =      2468.1552  DIHED      =      1441.6791
 UB     =         0.0000  IMP     =         0.0000  CMAP       =       249.5390
 1-4 NB =      1175.3106  1-4 EEL =     15360.7787  VDWAALS    =     40849.1530
 EELEC  =   -365379.9066  EHBOND  =         0.0000  RESTRAINT  =         0.0000
 ------------------------------------------------------------------------------

wrapping first mol.:      -38.30066      108.33064        0.00000

 NSTEP =  2400000   TIME(PS) =  239840.000  TEMP(K) =   309.58  PRESS =     0.0
 Etot   =   -238569.7310  EKtot   =     63041.7383  EPtot      =   -301611.4693
 BOND   =      2152.8278  ANGLE   =      2412.4859  DIHED      =      1399.2987
 UB     =         0.0000  IMP     =         0.0000  CMAP       =       236.5538
 1-4 NB =      1174.6853  1-4 EEL =     15393.6239  VDWAALS    =     40464.2796
 EELEC  =   -364845.2242  EHBOND  =         0.0000  RESTRAINT  =         0.0000
 ------------------------------------------------------------------------------

wrapping first mol.:      -38.30066      108.33064        0.00000

 NSTEP =  2420000   TIME(PS) =  239880.000  TEMP(K) =   311.27  PRESS =     0.0
 Etot   =   -238283.8600  EKtot   =     63385.3281  EPtot      =   -301669.1881
 BOND   =      2071.3356  ANGLE   =      2499.6287  DIHED      =      1420.4793
 UB     =         0.0000  IMP     =         0.0000  CMAP       =       253.6218
 1-4 NB =      1182.9876  1-4 EEL =     15475.1437  VDWAALS    =     40822.0614
 EELEC  =   -365394.4461  EHBOND  =         0.0000  RESTRAINT  =         0.0000
 ------------------------------------------------------------------------------

wrapping first mol.:      -38.30066      108.33064        0.00000

 NSTEP =  2440000   TIME(PS) =  239920.000  TEMP(K) =   308.49  PRESS =     0.0
 Etot   =   -239194.7226  EKtot   =     62819.3555  EPtot      =   -302014.0780
 BOND   =      2117.4192  ANGLE   =      2363.8787  DIHED      =      1417.8914
 UB     =         0.0000  IMP     =         0.0000  CMAP       =       263.4714
 1-4 NB =      1202.7715  1-4 EEL =     15436.5740  VDWAALS    =     40613.5051
 EELEC  =   -365429.5894  EHBOND  =         0.0000  RESTRAINT  =         0.0000
 ------------------------------------------------------------------------------

wrapping first mol.:      -38.30066      108.33064        0.00000

 NSTEP =  2460000   TIME(PS) =  239960.000  TEMP(K) =   311.23  PRESS =     0.0
 Etot   =   -238629.1965  EKtot   =     63378.3711  EPtot      =   -302007.5675
 BOND   =      2082.4758  ANGLE   =      2416.7839  DIHED      =      1393.5402
 UB     =         0.0000  IMP     =         0.0000  CMAP       =       252.1030
 1-4 NB =      1176.9416  1-4 EEL =     15427.4179  VDWAALS    =     40670.0227
 EELEC  =   -365426.8528  EHBOND  =         0.0000  RESTRAINT  =         0.0000
 ------------------------------------------------------------------------------

wrapping first mol.:      -38.30066      108.33064        0.00000

 NSTEP =  2480000   TIME(PS) =  240000.000  TEMP(K) =   308.85  PRESS =     0.0
 Etot   =   -239348.5226  EKtot   =     62893.4180  EPtot      =   -302241.9406
 BOND   =      2086.5310  ANGLE   =      2402.0755  DIHED      =      1419.4075
 UB     =         0.0000  IMP     =         0.0000  CMAP       =       285.8280
 1-4 NB =      1164.2719  1-4 EEL =     15391.9484  VDWAALS    =     40187.9291
 EELEC  =   -365179.9320  EHBOND  =         0.0000  RESTRAINT  =         0.0000
 ------------------------------------------------------------------------------

wrapping first mol.:      -38.30066      108.33064        0.00000
wrapping first mol.:      -38.30066      108.33064        0.00000

 NSTEP =  2500000   TIME(PS) =  240040.000  TEMP(K) =   310.19  PRESS =     0.0
 Etot   =   -238306.8136  EKtot   =     63166.1211  EPtot      =   -301472.9346
 BOND   =      2065.8698  ANGLE   =      2416.8590  DIHED      =      1386.0269
 UB     =         0.0000  IMP     =         0.0000  CMAP       =       236.0618
 1-4 NB =      1176.8597  1-4 EEL =     15451.5893  VDWAALS    =     40947.6577
 EELEC  =   -365153.8590  EHBOND  =         0.0000  RESTRAINT  =         0.0000
 ------------------------------------------------------------------------------


      A V E R A G E S   O V E R     125 S T E P S


 NSTEP =  2500000   TIME(PS) =  240040.000  TEMP(K) =   310.10  PRESS =     0.0
 Etot   =   -238738.1328  EKtot   =     63148.1040  EPtot      =   -301886.2367
 BOND   =      2090.8846  ANGLE   =      2416.2296  DIHED      =      1409.0100
 UB     =         0.0000  IMP     =         0.0000  CMAP       =       257.5804
 1-4 NB =      1179.9676  1-4 EEL =     15381.6264  VDWAALS    =     40715.0873
 EELEC  =   -365336.6226  EHBOND  =         0.0000  RESTRAINT  =         0.0000
 ------------------------------------------------------------------------------


      R M S  F L U C T U A T I O N S


 NSTEP =  2500000   TIME(PS) =  240040.000  TEMP(K) =     0.87  PRESS =     0.0
 Etot   =       354.9426  EKtot   =       177.6891  EPtot      =       316.6750
 BOND   =        32.2170  ANGLE   =        39.3705  DIHED      =        17.7638
 UB     =         0.0000  IMP     =         0.0000  CMAP       =        11.8121
 1-4 NB =        13.9423  1-4 EEL =        50.6934  VDWAALS    =       255.0251
 EELEC  =       450.0799  EHBOND  =         0.0000  RESTRAINT  =         0.0000
 ------------------------------------------------------------------------------

--------------------------------------------------------------------------------
   5.  TIMINGS
--------------------------------------------------------------------------------

|  NonSetup CPU Time in Major Routines:
|
|     Routine           Sec        %
|     ------------------------------
|     Nonbond         161.57   11.83
|     Bond              0.00    0.00
|     Angle             0.00    0.00
|     Dihedral          0.00    0.00
|     Shake            10.60    0.78
|     RunMD          1191.41   87.24
|     Other             2.16    0.16
|     ------------------------------
|     Total          1365.75

|  PME Nonbond Pairlist CPU Time:
|
|     Routine              Sec        %
|     ---------------------------------
|     Set Up Cit           0.00    0.00
|     Build List           0.00    0.00
|     ---------------------------------
|     Total                0.00    0.00

|  PME Direct Force CPU Time:
|
|     Routine              Sec        %
|     ---------------------------------
|     NonBonded Calc       0.00    0.00
|     Exclude Masked       0.00    0.00
|     Other                1.38    0.10
|     ---------------------------------
|     Total                1.38    0.10

|  PME Reciprocal Force CPU Time:
|
|     Routine              Sec        %
|     ---------------------------------
|     1D bspline           0.00    0.00
|     Grid Charges         0.00    0.00
|     Scalar Sum           0.00    0.00
|     Gradient Sum         0.00    0.00
|     FFT                  0.00    0.00
|     ---------------------------------
|     Total                0.00    0.00

|  Final Performance Info:
|     -----------------------------------------------------
|     Average timings for last   80000 steps:
|     Elapsed(s) =      43.65 Per Step(ms) =       0.55
|         ns/day =     316.73   seconds/ns =     272.79
|
|     Average timings for all steps:
|     Elapsed(s) =    1368.40 Per Step(ms) =       0.55
|         ns/day =     315.70   seconds/ns =     273.68
|     -----------------------------------------------------

|  Setup CPU time:            1.17 seconds
|  NonSetup CPU time:      1365.75 seconds
|  Total CPU time:         1366.92 seconds     0.38 hours

|  Setup wall time:           2    seconds
|  NonSetup wall time:     1369    seconds
|  Total wall time:        1371    seconds     0.38 hours
