
          -------------------------------------------------------
          Amber 24 PMEMD                              2024
          -------------------------------------------------------

| PMEMD implementation of SANDER, Release 24

|  Compiled date/time: Thu Apr  3 17:55:38 2025
| Run on 11/09/2025 at 12:57:57

|   Executable path: pmemd.cuda_SPFP
| Working directory: /rs1/researchers/h/hall/vtnguye4/Amber_restart/cappedP1amber/P1_Simulation2
|          Hostname: gpu29

  [-O]verwriting output

File Assignments:
|   MDIN: /rs1/researchers/h/hall/vtnguye4/Amber_restart/cappedP1amber/equil.in 
|  MDOUT: ./OUT_Files/equil45.out                                               
| INPCRD: ./RST_Files/equil44.rst7                                              
|   PARM: ./PRMTOP_Files/P1.prmtop                                              
| RESTRT: ./RST_Files/equil45.rst7                                              
|   REFC: refc                                                                  
|  MDVEL: mdvel                                                                 
|   MDEN: mden                                                                  
|  MDCRD: ./nc_Files/equil45.nc                                                 
| MDINFO: mdinfo                                                                
|  MDFRC: mdfrc                                                                 


 Here is the input file:

!Stage equilibration 5ns                                                       
&cntrl                                                                         
imin=0, irest=1, ntx=5,                                                        
nstlim=2500000, dt=0.002,                                                      
ntc=2, ntf=2, ig=-1,                                                           
ntt=3, gamma_ln=2.0,                                                           
tempi=310.0, temp0=310.0,                                                      
ntxo=2, ioutfm=1,                                                              
ntpr=20000, ntwx=20000,                                                        
ntb=1,                                                                         
cut=9.0,                                                                       
iwrap=1,                                                                       
/                                                                              


Note: ig = -1. Setting random seed to   831146 based on wallclock time in 
      microseconds.
| irandom = 1, using AMBER's internal random number generator (default).
 
|--------------------- INFORMATION ----------------------
| GPU (CUDA) Version of PMEMD in use: NVIDIA GPU IN USE.
|                    Version 18.0.0
| 
|                      03/25/2018
| 
| Implementation by:
|                    Ross C. Walker     (SDSC)
|                    Scott Le Grand     (nVIDIA)
| 
| Version 18 performance extensions by:
|                    David Cerutti     (Rutgers)
| 
| Precision model in use:
|      [SPFP] - Single Precision Forces, 64-bit Fixed Point
|               Accumulation. (Default)
| 
|--------------------------------------------------------
 
|----------------- CITATION INFORMATION -----------------
|
|    When publishing work that utilized the CUDA version
|    of AMBER, please cite the following in addition to
|    the regular AMBER citations:
|
|  - Romelia Salomon-Ferrer; Andreas W. Goetz; Duncan
|    Poole; Scott Le Grand; Ross C. Walker "Routine
|    microsecond molecular dynamics simulations with
|    AMBER - Part II: Particle Mesh Ewald", J. Chem.
|    Theory Comput., 2013, 9 (9), pp3878-3888,
|    DOI: 10.1021/ct400314y.
|
|  - Andreas W. Goetz; Mark J. Williamson; Dong Xu;
|    Duncan Poole; Scott Le Grand; Ross C. Walker
|    "Routine microsecond molecular dynamics simulations
|    with AMBER - Part I: Generalized Born", J. Chem.
|    Theory Comput., 2012, 8 (5), pp1542-1555.
|
|  - Scott Le Grand; Andreas W. Goetz; Ross C. Walker
|    "SPFP: Speed without compromise - a mixed precision
|    model for GPU accelerated molecular dynamics
|    simulations.", Comp. Phys. Comm., 2013, 184
|    pp374-380, DOI: 10.1016/j.cpc.2012.09.022
|
|--------------------------------------------------------
 
|------------------- GPU DEVICE INFO --------------------
|
|            CUDA_VISIBLE_DEVICES: 0
|   CUDA Capable Devices Detected:      1
|           CUDA Device ID in use:      0
|                CUDA Device Name: NVIDIA L40S
|     CUDA Device Global Mem Size:  45487 MB
| CUDA Device Num Multiprocessors:    142
|           CUDA Device Core Freq:   2.52 GHz
|
|--------------------------------------------------------
 
 
| Conditional Compilation Defines Used:
| PUBFFT
| BINTRAJ
| CUDA
| EMIL

| Largest sphere to fit in unit cell has radius =    46.909

| New format PARM file being parsed.
| Version =    1.000 Date = 10/28/25 Time = 16:56:02

| Note: 1-4 EEL scale factors are being read from the topology file.

| Note: 1-4 VDW scale factors are being read from the topology file.
| Duplicated    0 dihedrals

| Duplicated    0 dihedrals

--------------------------------------------------------------------------------
   1.  RESOURCE   USE: 
--------------------------------------------------------------------------------

 getting box info from netcdf restart file
 NATOM  =  101202 NTYPES =      11 NBONH =   98658 MBONA  =    2544
 NTHETH =    5904 MTHETA =    3408 NPHIH =   11760 MPHIA  =   10368
 NHPARM =       0 NPARM  =       0 NNB   =  155656 NRES   =   32422
 NBONA  =    2544 NTHETA =    3408 NPHIA =   10368 NUMBND =      27
 NUMANG =      54 NPTRA  =      59 NATYP =      16 NPHB   =       0
 IFBOX  =       2 NMXRS  =      21 IFCAP =       0 NEXTRA =       0
 NCOPY  =       0

| Coordinate Index Table dimensions:    20   20   20
| Direct force subcell size =     5.7451    5.7451    5.7451

     BOX TYPE: TRUNCATED OCTAHEDRON

--------------------------------------------------------------------------------
   2.  CONTROL  DATA  FOR  THE  RUN
--------------------------------------------------------------------------------

default_name                                                                    

General flags:
     imin    =       0, nmropt  =       0

Nature and format of input:
     ntx     =       5, irest   =       1, ntrx    =       1

Nature and format of output:
     ntxo    =       2, ntpr    =   20000, ntrx    =       1, ntwr    = 2500000
     iwrap   =       1, ntwx    =   20000, ntwv    =       0, ntwe    =       0
     ioutfm  =       1, ntwprt  =       0, idecomp =       0, rbornstat=      0

Potential function:
     ntf     =       2, ntb     =       1, igb     =       0, nsnb    =      25
     ipol    =       0, gbsa    =       0, iesp    =       0
     dielc   =   1.00000, cut     =   9.00000, intdiel =   1.00000

Frozen or restrained atoms:
     ibelly  =       0, ntr     =       0

Molecular dynamics:
     nstlim  =   2500000, nscm    =      1000, nrespa  =         1
     t       =   0.00000, dt      =   0.00200, vlimit  =  -1.00000

Langevin dynamics temperature regulation:
     ig      =  831146
     temp0   = 310.00000, tempi   = 310.00000, gamma_ln=   2.00000

SHAKE:
     ntc     =       2, jfastw  =       0
     tol     =   0.00001

| Intermolecular bonds treatment:
|     no_intermolecular_bonds =       1

| Energy averages sample interval:
|     ene_avg_sampling =   20000

Ewald parameters:
     verbose =       0, ew_type =       0, nbflag  =       1, use_pme =       1
     vdwmeth =       1, eedmeth =       1, netfrc  =       1
     Box X =  114.902   Box Y =  114.902   Box Z =  114.902
     Alpha =  109.471   Beta  =  109.471   Gamma =  109.471
     NFFT1 =  120       NFFT2 =  120       NFFT3 =  120
     Cutoff=    9.000   Tol   =0.100E-04
     Ewald Coefficient =  0.30768
     Interpolation order =    4

--------------------------------------------------------------------------------
   3.  ATOMIC COORDINATES AND VELOCITIES
--------------------------------------------------------------------------------

default_name                                                                    
 begin time read from input coords =220040.000 ps

 
 Number of triangulated 3-point waters found:    31990

     Sum of charges from parm topology file =  -0.00000047
     Forcing neutrality...

| Dynamic Memory, Types Used:
| Reals             3080462
| Integers          3650456

| Nonbonded Pairs Initial Allocation:    23074056

| GPU memory information (estimate):
| KB of GPU memory in use:    789634
| KB of CPU memory in use:    210424

--------------------------------------------------------------------------------
   4.  RESULTS
--------------------------------------------------------------------------------

wrapping first mol.:      -38.30066      108.33064        0.00000

 NSTEP =    20000   TIME(PS) =  220080.000  TEMP(K) =   308.80  PRESS =     0.0
 Etot   =   -239385.1364  EKtot   =     62883.2656  EPtot      =   -302268.4020
 BOND   =      2105.9130  ANGLE   =      2442.7935  DIHED      =      1408.0559
 UB     =         0.0000  IMP     =         0.0000  CMAP       =       236.6254
 1-4 NB =      1200.0167  1-4 EEL =     15363.0122  VDWAALS    =     40622.5164
 EELEC  =   -365647.3352  EHBOND  =         0.0000  RESTRAINT  =         0.0000
 ------------------------------------------------------------------------------

wrapping first mol.:      -38.30066      108.33064        0.00000

 NSTEP =    40000   TIME(PS) =  220120.000  TEMP(K) =   309.69  PRESS =     0.0
 Etot   =   -238596.1285  EKtot   =     63062.9297  EPtot      =   -301659.0582
 BOND   =      2106.6061  ANGLE   =      2390.8844  DIHED      =      1411.8628
 UB     =         0.0000  IMP     =         0.0000  CMAP       =       250.6056
 1-4 NB =      1194.2546  1-4 EEL =     15438.2927  VDWAALS    =     40384.3857
 EELEC  =   -364835.9500  EHBOND  =         0.0000  RESTRAINT  =         0.0000
 ------------------------------------------------------------------------------

wrapping first mol.:      -38.30066      108.33064        0.00000

 NSTEP =    60000   TIME(PS) =  220160.000  TEMP(K) =   310.17  PRESS =     0.0
 Etot   =   -239134.8679  EKtot   =     63162.3750  EPtot      =   -302297.2429
 BOND   =      2082.1020  ANGLE   =      2418.4670  DIHED      =      1393.7021
 UB     =         0.0000  IMP     =         0.0000  CMAP       =       242.4870
 1-4 NB =      1179.2249  1-4 EEL =     15369.7548  VDWAALS    =     40694.0631
 EELEC  =   -365677.0437  EHBOND  =         0.0000  RESTRAINT  =         0.0000
 ------------------------------------------------------------------------------

wrapping first mol.:      -38.30066      108.33064        0.00000

 NSTEP =    80000   TIME(PS) =  220200.000  TEMP(K) =   311.00  PRESS =     0.0
 Etot   =   -238490.9928  EKtot   =     63330.5508  EPtot      =   -301821.5436
 BOND   =      2067.9998  ANGLE   =      2419.6340  DIHED      =      1402.7486
 UB     =         0.0000  IMP     =         0.0000  CMAP       =       228.7775
 1-4 NB =      1215.1547  1-4 EEL =     15444.7121  VDWAALS    =     40676.3876
 EELEC  =   -365276.9578  EHBOND  =         0.0000  RESTRAINT  =         0.0000
 ------------------------------------------------------------------------------

wrapping first mol.:      -38.30066      108.33064        0.00000

 NSTEP =   100000   TIME(PS) =  220240.000  TEMP(K) =   310.66  PRESS =     0.0
 Etot   =   -238724.1277  EKtot   =     63261.9609  EPtot      =   -301986.0887
 BOND   =      2078.6579  ANGLE   =      2387.8456  DIHED      =      1391.2197
 UB     =         0.0000  IMP     =         0.0000  CMAP       =       229.4668
 1-4 NB =      1185.7826  1-4 EEL =     15405.3702  VDWAALS    =     40302.3404
 EELEC  =   -364966.7717  EHBOND  =         0.0000  RESTRAINT  =         0.0000
 ------------------------------------------------------------------------------

wrapping first mol.:      -38.30066      108.33064        0.00000

 NSTEP =   120000   TIME(PS) =  220280.000  TEMP(K) =   309.88  PRESS =     0.0
 Etot   =   -238880.8725  EKtot   =     63102.7578  EPtot      =   -301983.6303
 BOND   =      2051.5784  ANGLE   =      2404.9839  DIHED      =      1374.5453
 UB     =         0.0000  IMP     =         0.0000  CMAP       =       239.1576
 1-4 NB =      1227.0005  1-4 EEL =     15349.0770  VDWAALS    =     40402.8097
 EELEC  =   -365032.7826  EHBOND  =         0.0000  RESTRAINT  =         0.0000
 ------------------------------------------------------------------------------

wrapping first mol.:      -38.30066      108.33064        0.00000

 NSTEP =   140000   TIME(PS) =  220320.000  TEMP(K) =   310.07  PRESS =     0.0
 Etot   =   -238747.0853  EKtot   =     63141.7148  EPtot      =   -301888.8001
 BOND   =      2105.7000  ANGLE   =      2354.0163  DIHED      =      1381.0442
 UB     =         0.0000  IMP     =         0.0000  CMAP       =       235.5262
 1-4 NB =      1173.2534  1-4 EEL =     15476.6574  VDWAALS    =     40020.7339
 EELEC  =   -364635.7314  EHBOND  =         0.0000  RESTRAINT  =         0.0000
 ------------------------------------------------------------------------------

wrapping first mol.:      -38.30066      108.33064        0.00000

 NSTEP =   160000   TIME(PS) =  220360.000  TEMP(K) =   310.23  PRESS =     0.0
 Etot   =   -238193.6473  EKtot   =     63174.2031  EPtot      =   -301367.8504
 BOND   =      2085.7148  ANGLE   =      2400.8615  DIHED      =      1403.8939
 UB     =         0.0000  IMP     =         0.0000  CMAP       =       239.7008
 1-4 NB =      1189.3175  1-4 EEL =     15413.8944  VDWAALS    =     40348.7357
 EELEC  =   -364449.9689  EHBOND  =         0.0000  RESTRAINT  =         0.0000
 ------------------------------------------------------------------------------

wrapping first mol.:      -38.30066      108.33064        0.00000

 NSTEP =   180000   TIME(PS) =  220400.000  TEMP(K) =   308.93  PRESS =     0.0
 Etot   =   -238978.5372  EKtot   =     62908.7070  EPtot      =   -301887.2443
 BOND   =      2089.6768  ANGLE   =      2415.3807  DIHED      =      1427.3010
 UB     =         0.0000  IMP     =         0.0000  CMAP       =       254.9504
 1-4 NB =      1181.3948  1-4 EEL =     15416.1173  VDWAALS    =     40217.1598
 EELEC  =   -364889.2251  EHBOND  =         0.0000  RESTRAINT  =         0.0000
 ------------------------------------------------------------------------------

wrapping first mol.:      -38.30066      108.33064        0.00000

 NSTEP =   200000   TIME(PS) =  220440.000  TEMP(K) =   310.85  PRESS =     0.0
 Etot   =   -238636.4096  EKtot   =     63299.8281  EPtot      =   -301936.2377
 BOND   =      2119.0963  ANGLE   =      2413.6684  DIHED      =      1437.5120
 UB     =         0.0000  IMP     =         0.0000  CMAP       =       231.3482
 1-4 NB =      1194.3497  1-4 EEL =     15443.5465  VDWAALS    =     40488.6379
 EELEC  =   -365264.3966  EHBOND  =         0.0000  RESTRAINT  =         0.0000
 ------------------------------------------------------------------------------

wrapping first mol.:      -38.30066      108.33064        0.00000

 NSTEP =   220000   TIME(PS) =  220480.000  TEMP(K) =   312.04  PRESS =     0.0
 Etot   =   -238485.0176  EKtot   =     63543.4062  EPtot      =   -302028.4238
 BOND   =      2060.2276  ANGLE   =      2444.5960  DIHED      =      1396.9881
 UB     =         0.0000  IMP     =         0.0000  CMAP       =       240.5796
 1-4 NB =      1178.0391  1-4 EEL =     15400.9078  VDWAALS    =     40887.5726
 EELEC  =   -365637.3346  EHBOND  =         0.0000  RESTRAINT  =         0.0000
 ------------------------------------------------------------------------------

wrapping first mol.:      -38.30066      108.33064        0.00000

 NSTEP =   240000   TIME(PS) =  220520.000  TEMP(K) =   309.93  PRESS =     0.0
 Etot   =   -238902.3212  EKtot   =     63113.2188  EPtot      =   -302015.5400
 BOND   =      2101.9747  ANGLE   =      2375.9635  DIHED      =      1418.9022
 UB     =         0.0000  IMP     =         0.0000  CMAP       =       233.9806
 1-4 NB =      1167.5233  1-4 EEL =     15373.7665  VDWAALS    =     40498.7704
 EELEC  =   -365186.4211  EHBOND  =         0.0000  RESTRAINT  =         0.0000
 ------------------------------------------------------------------------------

wrapping first mol.:      -38.30066      108.33064        0.00000

 NSTEP =   260000   TIME(PS) =  220560.000  TEMP(K) =   311.23  PRESS =     0.0
 Etot   =   -238554.3673  EKtot   =     63378.1055  EPtot      =   -301932.4728
 BOND   =      2095.4985  ANGLE   =      2434.3295  DIHED      =      1399.1428
 UB     =         0.0000  IMP     =         0.0000  CMAP       =       227.0969
 1-4 NB =      1179.4425  1-4 EEL =     15412.0376  VDWAALS    =     41014.8509
 EELEC  =   -365694.8714  EHBOND  =         0.0000  RESTRAINT  =         0.0000
 ------------------------------------------------------------------------------

wrapping first mol.:      -38.30066      108.33064        0.00000

 NSTEP =   280000   TIME(PS) =  220600.000  TEMP(K) =   309.83  PRESS =     0.0
 Etot   =   -238586.9038  EKtot   =     63092.1328  EPtot      =   -301679.0366
 BOND   =      2120.0960  ANGLE   =      2446.0183  DIHED      =      1388.6909
 UB     =         0.0000  IMP     =         0.0000  CMAP       =       255.0461
 1-4 NB =      1192.7206  1-4 EEL =     15404.7858  VDWAALS    =     40426.9247
 EELEC  =   -364913.3189  EHBOND  =         0.0000  RESTRAINT  =         0.0000
 ------------------------------------------------------------------------------

wrapping first mol.:      -38.30066      108.33064        0.00000

 NSTEP =   300000   TIME(PS) =  220640.000  TEMP(K) =   309.97  PRESS =     0.0
 Etot   =   -238951.2641  EKtot   =     63121.3945  EPtot      =   -302072.6586
 BOND   =      2104.3943  ANGLE   =      2395.5988  DIHED      =      1397.5378
 UB     =         0.0000  IMP     =         0.0000  CMAP       =       243.1412
 1-4 NB =      1184.2454  1-4 EEL =     15418.2884  VDWAALS    =     40892.1097
 EELEC  =   -365707.9743  EHBOND  =         0.0000  RESTRAINT  =         0.0000
 ------------------------------------------------------------------------------

wrapping first mol.:      -38.30066      108.33064        0.00000

 NSTEP =   320000   TIME(PS) =  220680.000  TEMP(K) =   309.85  PRESS =     0.0
 Etot   =   -238558.0828  EKtot   =     63097.0781  EPtot      =   -301655.1610
 BOND   =      2055.2806  ANGLE   =      2460.1641  DIHED      =      1398.1319
 UB     =         0.0000  IMP     =         0.0000  CMAP       =       237.7377
 1-4 NB =      1171.6290  1-4 EEL =     15422.4525  VDWAALS    =     40422.3913
 EELEC  =   -364822.9480  EHBOND  =         0.0000  RESTRAINT  =         0.0000
 ------------------------------------------------------------------------------

wrapping first mol.:      -38.30066      108.33064        0.00000

 NSTEP =   340000   TIME(PS) =  220720.000  TEMP(K) =   311.20  PRESS =     0.0
 Etot   =   -238292.9425  EKtot   =     63371.2969  EPtot      =   -301664.2394
 BOND   =      2102.8110  ANGLE   =      2461.5719  DIHED      =      1388.7734
 UB     =         0.0000  IMP     =         0.0000  CMAP       =       243.5982
 1-4 NB =      1176.6902  1-4 EEL =     15405.8268  VDWAALS    =     40604.6496
 EELEC  =   -365048.1605  EHBOND  =         0.0000  RESTRAINT  =         0.0000
 ------------------------------------------------------------------------------

wrapping first mol.:      -38.30066      108.33064        0.00000

 NSTEP =   360000   TIME(PS) =  220760.000  TEMP(K) =   310.56  PRESS =     0.0
 Etot   =   -238802.2259  EKtot   =     63240.7500  EPtot      =   -302042.9759
 BOND   =      2141.4782  ANGLE   =      2396.8654  DIHED      =      1399.3802
 UB     =         0.0000  IMP     =         0.0000  CMAP       =       263.6242
 1-4 NB =      1181.2910  1-4 EEL =     15379.9737  VDWAALS    =     40687.9236
 EELEC  =   -365493.5122  EHBOND  =         0.0000  RESTRAINT  =         0.0000
 ------------------------------------------------------------------------------

wrapping first mol.:      -38.30066      108.33064        0.00000

 NSTEP =   380000   TIME(PS) =  220800.000  TEMP(K) =   308.57  PRESS =     0.0
 Etot   =   -239101.6008  EKtot   =     62835.1289  EPtot      =   -301936.7297
 BOND   =      2104.2963  ANGLE   =      2449.9002  DIHED      =      1392.1983
 UB     =         0.0000  IMP     =         0.0000  CMAP       =       247.1216
 1-4 NB =      1189.6738  1-4 EEL =     15432.5218  VDWAALS    =     40966.1435
 EELEC  =   -365718.5852  EHBOND  =         0.0000  RESTRAINT  =         0.0000
 ------------------------------------------------------------------------------

wrapping first mol.:      -38.30066      108.33064        0.00000

 NSTEP =   400000   TIME(PS) =  220840.000  TEMP(K) =   311.51  PRESS =     0.0
 Etot   =   -238404.8943  EKtot   =     63435.0820  EPtot      =   -301839.9764
 BOND   =      2062.4715  ANGLE   =      2371.5360  DIHED      =      1406.5819
 UB     =         0.0000  IMP     =         0.0000  CMAP       =       249.3102
 1-4 NB =      1202.2252  1-4 EEL =     15448.6373  VDWAALS    =     41255.2904
 EELEC  =   -365836.0288  EHBOND  =         0.0000  RESTRAINT  =         0.0000
 ------------------------------------------------------------------------------

wrapping first mol.:      -38.30066      108.33064        0.00000

 NSTEP =   420000   TIME(PS) =  220880.000  TEMP(K) =   310.90  PRESS =     0.0
 Etot   =   -238658.4046  EKtot   =     63310.6680  EPtot      =   -301969.0726
 BOND   =      2064.1345  ANGLE   =      2430.3351  DIHED      =      1399.0313
 UB     =         0.0000  IMP     =         0.0000  CMAP       =       239.2949
 1-4 NB =      1185.1041  1-4 EEL =     15388.5856  VDWAALS    =     41009.3880
 EELEC  =   -365684.9462  EHBOND  =         0.0000  RESTRAINT  =         0.0000
 ------------------------------------------------------------------------------

wrapping first mol.:      -38.30066      108.33064        0.00000

 NSTEP =   440000   TIME(PS) =  220920.000  TEMP(K) =   308.99  PRESS =     0.0
 Etot   =   -239357.8395  EKtot   =     62921.8828  EPtot      =   -302279.7224
 BOND   =      2101.9020  ANGLE   =      2452.5445  DIHED      =      1390.3945
 UB     =         0.0000  IMP     =         0.0000  CMAP       =       249.3765
 1-4 NB =      1184.2128  1-4 EEL =     15308.2950  VDWAALS    =     41130.4456
 EELEC  =   -366096.8933  EHBOND  =         0.0000  RESTRAINT  =         0.0000
 ------------------------------------------------------------------------------

wrapping first mol.:      -38.30066      108.33064        0.00000

 NSTEP =   460000   TIME(PS) =  220960.000  TEMP(K) =   310.36  PRESS =     0.0
 Etot   =   -238766.5136  EKtot   =     63199.5078  EPtot      =   -301966.0214
 BOND   =      2041.0840  ANGLE   =      2478.8599  DIHED      =      1394.0507
 UB     =         0.0000  IMP     =         0.0000  CMAP       =       264.2329
 1-4 NB =      1185.6790  1-4 EEL =     15399.2382  VDWAALS    =     40304.1794
 EELEC  =   -365033.3456  EHBOND  =         0.0000  RESTRAINT  =         0.0000
 ------------------------------------------------------------------------------

wrapping first mol.:      -38.30066      108.33064        0.00000

 NSTEP =   480000   TIME(PS) =  221000.000  TEMP(K) =   310.17  PRESS =     0.0
 Etot   =   -238775.9138  EKtot   =     63161.8477  EPtot      =   -301937.7615
 BOND   =      2061.6744  ANGLE   =      2419.2578  DIHED      =      1397.5876
 UB     =         0.0000  IMP     =         0.0000  CMAP       =       257.3892
 1-4 NB =      1177.3183  1-4 EEL =     15370.9040  VDWAALS    =     40328.8861
 EELEC  =   -364950.7788  EHBOND  =         0.0000  RESTRAINT  =         0.0000
 ------------------------------------------------------------------------------

wrapping first mol.:      -38.30066      108.33064        0.00000

 NSTEP =   500000   TIME(PS) =  221040.000  TEMP(K) =   309.21  PRESS =     0.0
 Etot   =   -238893.8364  EKtot   =     62966.3164  EPtot      =   -301860.1528
 BOND   =      2053.5789  ANGLE   =      2531.0035  DIHED      =      1368.9386
 UB     =         0.0000  IMP     =         0.0000  CMAP       =       268.0392
 1-4 NB =      1178.6779  1-4 EEL =     15317.8150  VDWAALS    =     40368.7983
 EELEC  =   -364947.0042  EHBOND  =         0.0000  RESTRAINT  =         0.0000
 ------------------------------------------------------------------------------

wrapping first mol.:      -38.30066      108.33064        0.00000

 NSTEP =   520000   TIME(PS) =  221080.000  TEMP(K) =   307.83  PRESS =     0.0
 Etot   =   -239075.7706  EKtot   =     62684.3359  EPtot      =   -301760.1065
 BOND   =      2080.7508  ANGLE   =      2410.2046  DIHED      =      1355.5099
 UB     =         0.0000  IMP     =         0.0000  CMAP       =       265.1705
 1-4 NB =      1163.7236  1-4 EEL =     15298.3253  VDWAALS    =     40640.3602
 EELEC  =   -364974.1513  EHBOND  =         0.0000  RESTRAINT  =         0.0000
 ------------------------------------------------------------------------------

wrapping first mol.:      -38.30066      108.33064        0.00000

 NSTEP =   540000   TIME(PS) =  221120.000  TEMP(K) =   308.50  PRESS =     0.0
 Etot   =   -239299.9928  EKtot   =     62821.7734  EPtot      =   -302121.7663
 BOND   =      2061.0834  ANGLE   =      2416.8173  DIHED      =      1429.2115
 UB     =         0.0000  IMP     =         0.0000  CMAP       =       215.3653
 1-4 NB =      1198.0197  1-4 EEL =     15340.6271  VDWAALS    =     40748.3928
 EELEC  =   -365531.2834  EHBOND  =         0.0000  RESTRAINT  =         0.0000
 ------------------------------------------------------------------------------

wrapping first mol.:      -38.30066      108.33064        0.00000

 NSTEP =   560000   TIME(PS) =  221160.000  TEMP(K) =   310.07  PRESS =     0.0
 Etot   =   -238667.7225  EKtot   =     63140.6016  EPtot      =   -301808.3241
 BOND   =      2032.8581  ANGLE   =      2419.3634  DIHED      =      1384.5756
 UB     =         0.0000  IMP     =         0.0000  CMAP       =       253.7855
 1-4 NB =      1188.9862  1-4 EEL =     15433.4176  VDWAALS    =     40290.1643
 EELEC  =   -364811.4747  EHBOND  =         0.0000  RESTRAINT  =         0.0000
 ------------------------------------------------------------------------------

wrapping first mol.:      -38.30066      108.33064        0.00000

 NSTEP =   580000   TIME(PS) =  221200.000  TEMP(K) =   309.60  PRESS =     0.0
 Etot   =   -238530.7604  EKtot   =     63046.0664  EPtot      =   -301576.8268
 BOND   =      2073.1567  ANGLE   =      2449.8708  DIHED      =      1376.4022
 UB     =         0.0000  IMP     =         0.0000  CMAP       =       259.3112
 1-4 NB =      1180.9683  1-4 EEL =     15267.7141  VDWAALS    =     40531.1961
 EELEC  =   -364715.4462  EHBOND  =         0.0000  RESTRAINT  =         0.0000
 ------------------------------------------------------------------------------

wrapping first mol.:      -38.30066      108.33064        0.00000

 NSTEP =   600000   TIME(PS) =  221240.000  TEMP(K) =   309.99  PRESS =     0.0
 Etot   =   -239014.6784  EKtot   =     63125.9531  EPtot      =   -302140.6315
 BOND   =      2083.3454  ANGLE   =      2334.0487  DIHED      =      1430.9405
 UB     =         0.0000  IMP     =         0.0000  CMAP       =       273.2225
 1-4 NB =      1171.9163  1-4 EEL =     15445.1375  VDWAALS    =     41051.1424
 EELEC  =   -365930.3847  EHBOND  =         0.0000  RESTRAINT  =         0.0000
 ------------------------------------------------------------------------------

wrapping first mol.:      -38.30066      108.33064        0.00000

 NSTEP =   620000   TIME(PS) =  221280.000  TEMP(K) =   309.12  PRESS =     0.0
 Etot   =   -238706.2819  EKtot   =     62947.6914  EPtot      =   -301653.9733
 BOND   =      2075.5655  ANGLE   =      2475.2681  DIHED      =      1398.6979
 UB     =         0.0000  IMP     =         0.0000  CMAP       =       249.4563
 1-4 NB =      1179.5611  1-4 EEL =     15387.8284  VDWAALS    =     40691.3877
 EELEC  =   -365111.7383  EHBOND  =         0.0000  RESTRAINT  =         0.0000
 ------------------------------------------------------------------------------

wrapping first mol.:      -38.30066      108.33064        0.00000

 NSTEP =   640000   TIME(PS) =  221320.000  TEMP(K) =   307.21  PRESS =     0.0
 Etot   =   -239147.3948  EKtot   =     62559.2578  EPtot      =   -301706.6527
 BOND   =      2060.6515  ANGLE   =      2454.4626  DIHED      =      1398.0901
 UB     =         0.0000  IMP     =         0.0000  CMAP       =       253.7009
 1-4 NB =      1179.9874  1-4 EEL =     15395.5603  VDWAALS    =     40513.9420
 EELEC  =   -364963.0474  EHBOND  =         0.0000  RESTRAINT  =         0.0000
 ------------------------------------------------------------------------------

wrapping first mol.:      -38.30066      108.33064        0.00000

 NSTEP =   660000   TIME(PS) =  221360.000  TEMP(K) =   311.74  PRESS =     0.0
 Etot   =   -238365.4998  EKtot   =     63481.3828  EPtot      =   -301846.8827
 BOND   =      2090.4417  ANGLE   =      2417.9741  DIHED      =      1396.2332
 UB     =         0.0000  IMP     =         0.0000  CMAP       =       243.9834
 1-4 NB =      1179.4750  1-4 EEL =     15396.6739  VDWAALS    =     40400.0832
 EELEC  =   -364971.7472  EHBOND  =         0.0000  RESTRAINT  =         0.0000
 ------------------------------------------------------------------------------

wrapping first mol.:      -38.30066      108.33064        0.00000

 NSTEP =   680000   TIME(PS) =  221400.000  TEMP(K) =   309.11  PRESS =     0.0
 Etot   =   -237767.9707  EKtot   =     62944.8867  EPtot      =   -300712.8574
 BOND   =      2082.8562  ANGLE   =      2393.0663  DIHED      =      1402.8789
 UB     =         0.0000  IMP     =         0.0000  CMAP       =       256.3774
 1-4 NB =      1184.3790  1-4 EEL =     15455.0594  VDWAALS    =     40451.9216
 EELEC  =   -363939.3962  EHBOND  =         0.0000  RESTRAINT  =         0.0000
 ------------------------------------------------------------------------------

wrapping first mol.:      -38.30066      108.33064        0.00000

 NSTEP =   700000   TIME(PS) =  221440.000  TEMP(K) =   309.20  PRESS =     0.0
 Etot   =   -238587.1314  EKtot   =     62963.6328  EPtot      =   -301550.7642
 BOND   =      2103.1554  ANGLE   =      2389.1595  DIHED      =      1424.9782
 UB     =         0.0000  IMP     =         0.0000  CMAP       =       239.8268
 1-4 NB =      1207.7695  1-4 EEL =     15398.1196  VDWAALS    =     40636.0244
 EELEC  =   -364949.7976  EHBOND  =         0.0000  RESTRAINT  =         0.0000
 ------------------------------------------------------------------------------

wrapping first mol.:      -38.30066      108.33064        0.00000

 NSTEP =   720000   TIME(PS) =  221480.000  TEMP(K) =   309.93  PRESS =     0.0
 Etot   =   -238748.3592  EKtot   =     63113.0547  EPtot      =   -301861.4139
 BOND   =      2088.8283  ANGLE   =      2345.2218  DIHED      =      1375.2383
 UB     =         0.0000  IMP     =         0.0000  CMAP       =       255.1094
 1-4 NB =      1203.9670  1-4 EEL =     15412.3620  VDWAALS    =     41181.1281
 EELEC  =   -365723.2688  EHBOND  =         0.0000  RESTRAINT  =         0.0000
 ------------------------------------------------------------------------------

wrapping first mol.:      -38.30066      108.33064        0.00000

 NSTEP =   740000   TIME(PS) =  221520.000  TEMP(K) =   309.02  PRESS =     0.0
 Etot   =   -238826.3973  EKtot   =     62927.1367  EPtot      =   -301753.5340
 BOND   =      2056.9874  ANGLE   =      2481.1630  DIHED      =      1410.4885
 UB     =         0.0000  IMP     =         0.0000  CMAP       =       260.5010
 1-4 NB =      1166.1325  1-4 EEL =     15387.5413  VDWAALS    =     40316.1902
 EELEC  =   -364832.5379  EHBOND  =         0.0000  RESTRAINT  =         0.0000
 ------------------------------------------------------------------------------

wrapping first mol.:      -38.30066      108.33064        0.00000

 NSTEP =   760000   TIME(PS) =  221560.000  TEMP(K) =   310.40  PRESS =     0.0
 Etot   =   -238670.3376  EKtot   =     63208.0195  EPtot      =   -301878.3571
 BOND   =      2107.8315  ANGLE   =      2454.8559  DIHED      =      1415.3850
 UB     =         0.0000  IMP     =         0.0000  CMAP       =       248.8364
 1-4 NB =      1167.5720  1-4 EEL =     15353.2473  VDWAALS    =     40398.1542
 EELEC  =   -365024.2393  EHBOND  =         0.0000  RESTRAINT  =         0.0000
 ------------------------------------------------------------------------------

wrapping first mol.:      -38.30066      108.33064        0.00000

 NSTEP =   780000   TIME(PS) =  221600.000  TEMP(K) =   308.47  PRESS =     0.0
 Etot   =   -239498.6646  EKtot   =     62814.7891  EPtot      =   -302313.4536
 BOND   =      2070.4074  ANGLE   =      2386.3796  DIHED      =      1394.5693
 UB     =         0.0000  IMP     =         0.0000  CMAP       =       269.0445
 1-4 NB =      1168.0843  1-4 EEL =     15421.9231  VDWAALS    =     40941.1946
 EELEC  =   -365965.0566  EHBOND  =         0.0000  RESTRAINT  =         0.0000
 ------------------------------------------------------------------------------

wrapping first mol.:      -38.30066      108.33064        0.00000

 NSTEP =   800000   TIME(PS) =  221640.000  TEMP(K) =   310.76  PRESS =     0.0
 Etot   =   -239062.8421  EKtot   =     63281.4297  EPtot      =   -302344.2718
 BOND   =      2117.0865  ANGLE   =      2466.1696  DIHED      =      1383.0667
 UB     =         0.0000  IMP     =         0.0000  CMAP       =       251.4971
 1-4 NB =      1179.5218  1-4 EEL =     15480.7274  VDWAALS    =     40614.0907
 EELEC  =   -365836.4316  EHBOND  =         0.0000  RESTRAINT  =         0.0000
 ------------------------------------------------------------------------------

wrapping first mol.:      -38.30066      108.33064        0.00000

 NSTEP =   820000   TIME(PS) =  221680.000  TEMP(K) =   309.01  PRESS =     0.0
 Etot   =   -238810.3307  EKtot   =     62926.1406  EPtot      =   -301736.4714
 BOND   =      2070.1720  ANGLE   =      2404.3586  DIHED      =      1390.3099
 UB     =         0.0000  IMP     =         0.0000  CMAP       =       267.3459
 1-4 NB =      1184.6188  1-4 EEL =     15509.4375  VDWAALS    =     40800.0175
 EELEC  =   -365362.7316  EHBOND  =         0.0000  RESTRAINT  =         0.0000
 ------------------------------------------------------------------------------

wrapping first mol.:      -38.30066      108.33064        0.00000

 NSTEP =   840000   TIME(PS) =  221720.000  TEMP(K) =   309.54  PRESS =     0.0
 Etot   =   -238894.7270  EKtot   =     63034.2617  EPtot      =   -301928.9887
 BOND   =      2123.0856  ANGLE   =      2424.3009  DIHED      =      1399.2091
 UB     =         0.0000  IMP     =         0.0000  CMAP       =       236.9925
 1-4 NB =      1170.2703  1-4 EEL =     15438.8237  VDWAALS    =     40958.5603
 EELEC  =   -365680.2312  EHBOND  =         0.0000  RESTRAINT  =         0.0000
 ------------------------------------------------------------------------------

wrapping first mol.:      -38.30066      108.33064        0.00000

 NSTEP =   860000   TIME(PS) =  221760.000  TEMP(K) =   310.26  PRESS =     0.0
 Etot   =   -238622.0060  EKtot   =     63180.1289  EPtot      =   -301802.1349
 BOND   =      2130.7661  ANGLE   =      2351.1101  DIHED      =      1398.4053
 UB     =         0.0000  IMP     =         0.0000  CMAP       =       235.1906
 1-4 NB =      1175.0791  1-4 EEL =     15420.6012  VDWAALS    =     40916.8884
 EELEC  =   -365430.1758  EHBOND  =         0.0000  RESTRAINT  =         0.0000
 ------------------------------------------------------------------------------

wrapping first mol.:      -38.30066      108.33064        0.00000

 NSTEP =   880000   TIME(PS) =  221800.000  TEMP(K) =   309.50  PRESS =     0.0
 Etot   =   -239032.7002  EKtot   =     63024.2266  EPtot      =   -302056.9267
 BOND   =      2115.6376  ANGLE   =      2434.4492  DIHED      =      1405.7398
 UB     =         0.0000  IMP     =         0.0000  CMAP       =       251.7151
 1-4 NB =      1161.0560  1-4 EEL =     15412.9218  VDWAALS    =     41041.3627
 EELEC  =   -365879.8089  EHBOND  =         0.0000  RESTRAINT  =         0.0000
 ------------------------------------------------------------------------------

wrapping first mol.:      -38.30066      108.33064        0.00000

 NSTEP =   900000   TIME(PS) =  221840.000  TEMP(K) =   311.19  PRESS =     0.0
 Etot   =   -238291.3095  EKtot   =     63368.6250  EPtot      =   -301659.9345
 BOND   =      2095.0773  ANGLE   =      2497.9008  DIHED      =      1378.3228
 UB     =         0.0000  IMP     =         0.0000  CMAP       =       254.5695
 1-4 NB =      1183.4789  1-4 EEL =     15330.2312  VDWAALS    =     40501.7055
 EELEC  =   -364901.2203  EHBOND  =         0.0000  RESTRAINT  =         0.0000
 ------------------------------------------------------------------------------

wrapping first mol.:      -38.30066      108.33064        0.00000

 NSTEP =   920000   TIME(PS) =  221880.000  TEMP(K) =   310.85  PRESS =     0.0
 Etot   =   -238278.1524  EKtot   =     63300.8398  EPtot      =   -301578.9922
 BOND   =      2082.4908  ANGLE   =      2371.4209  DIHED      =      1447.0343
 UB     =         0.0000  IMP     =         0.0000  CMAP       =       260.6289
 1-4 NB =      1187.9633  1-4 EEL =     15368.9282  VDWAALS    =     40662.4128
 EELEC  =   -364959.8714  EHBOND  =         0.0000  RESTRAINT  =         0.0000
 ------------------------------------------------------------------------------

wrapping first mol.:      -38.30066      108.33064        0.00000

 NSTEP =   940000   TIME(PS) =  221920.000  TEMP(K) =   310.75  PRESS =     0.0
 Etot   =   -238767.3705  EKtot   =     63278.9258  EPtot      =   -302046.2963
 BOND   =      2059.7979  ANGLE   =      2451.0468  DIHED      =      1381.1930
 UB     =         0.0000  IMP     =         0.0000  CMAP       =       267.6285
 1-4 NB =      1181.1710  1-4 EEL =     15435.8811  VDWAALS    =     40854.1673
 EELEC  =   -365677.1819  EHBOND  =         0.0000  RESTRAINT  =         0.0000
 ------------------------------------------------------------------------------

wrapping first mol.:      -38.30066      108.33064        0.00000

 NSTEP =   960000   TIME(PS) =  221960.000  TEMP(K) =   310.30  PRESS =     0.0
 Etot   =   -239065.0874  EKtot   =     63188.2500  EPtot      =   -302253.3374
 BOND   =      2087.8474  ANGLE   =      2403.6369  DIHED      =      1408.6237
 UB     =         0.0000  IMP     =         0.0000  CMAP       =       252.3109
 1-4 NB =      1177.5853  1-4 EEL =     15408.8622  VDWAALS    =     41038.0033
 EELEC  =   -366030.2071  EHBOND  =         0.0000  RESTRAINT  =         0.0000
 ------------------------------------------------------------------------------

wrapping first mol.:      -38.30066      108.33064        0.00000

 NSTEP =   980000   TIME(PS) =  222000.000  TEMP(K) =   310.89  PRESS =     0.0
 Etot   =   -238568.7633  EKtot   =     63308.5273  EPtot      =   -301877.2907
 BOND   =      2076.8702  ANGLE   =      2409.6607  DIHED      =      1402.0189
 UB     =         0.0000  IMP     =         0.0000  CMAP       =       259.6423
 1-4 NB =      1189.4429  1-4 EEL =     15484.3293  VDWAALS    =     40916.7500
 EELEC  =   -365616.0050  EHBOND  =         0.0000  RESTRAINT  =         0.0000
 ------------------------------------------------------------------------------

wrapping first mol.:      -38.30066      108.33064        0.00000

 NSTEP =  1000000   TIME(PS) =  222040.000  TEMP(K) =   308.94  PRESS =     0.0
 Etot   =   -238710.1787  EKtot   =     62910.3828  EPtot      =   -301620.5615
 BOND   =      2044.1459  ANGLE   =      2369.8647  DIHED      =      1366.9435
 UB     =         0.0000  IMP     =         0.0000  CMAP       =       243.3798
 1-4 NB =      1165.9091  1-4 EEL =     15415.9275  VDWAALS    =     40779.2732
 EELEC  =   -365006.0051  EHBOND  =         0.0000  RESTRAINT  =         0.0000
 ------------------------------------------------------------------------------

wrapping first mol.:      -38.30066      108.33064        0.00000

 NSTEP =  1020000   TIME(PS) =  222080.000  TEMP(K) =   309.24  PRESS =     0.0
 Etot   =   -238158.5964  EKtot   =     62972.8281  EPtot      =   -301131.4245
 BOND   =      2140.1159  ANGLE   =      2503.0464  DIHED      =      1403.5698
 UB     =         0.0000  IMP     =         0.0000  CMAP       =       253.2317
 1-4 NB =      1170.2939  1-4 EEL =     15412.3776  VDWAALS    =     40670.8216
 EELEC  =   -364684.8814  EHBOND  =         0.0000  RESTRAINT  =         0.0000
 ------------------------------------------------------------------------------

wrapping first mol.:      -38.30066      108.33064        0.00000

 NSTEP =  1040000   TIME(PS) =  222120.000  TEMP(K) =   310.65  PRESS =     0.0
 Etot   =   -238737.2601  EKtot   =     63259.5000  EPtot      =   -301996.7601
 BOND   =      2156.5129  ANGLE   =      2438.0554  DIHED      =      1409.4880
 UB     =         0.0000  IMP     =         0.0000  CMAP       =       259.2276
 1-4 NB =      1163.3171  1-4 EEL =     15365.0213  VDWAALS    =     40964.3303
 EELEC  =   -365752.7127  EHBOND  =         0.0000  RESTRAINT  =         0.0000
 ------------------------------------------------------------------------------

wrapping first mol.:      -38.30066      108.33064        0.00000

 NSTEP =  1060000   TIME(PS) =  222160.000  TEMP(K) =   311.58  PRESS =     0.0
 Etot   =   -239008.3627  EKtot   =     63447.9375  EPtot      =   -302456.3002
 BOND   =      2035.7132  ANGLE   =      2460.5238  DIHED      =      1419.1232
 UB     =         0.0000  IMP     =         0.0000  CMAP       =       264.4049
 1-4 NB =      1157.4188  1-4 EEL =     15342.6290  VDWAALS    =     40511.0076
 EELEC  =   -365647.1207  EHBOND  =         0.0000  RESTRAINT  =         0.0000
 ------------------------------------------------------------------------------

wrapping first mol.:      -38.30066      108.33064        0.00000

 NSTEP =  1080000   TIME(PS) =  222200.000  TEMP(K) =   309.41  PRESS =     0.0
 Etot   =   -238372.8118  EKtot   =     63007.7031  EPtot      =   -301380.5149
 BOND   =      2053.1194  ANGLE   =      2408.3805  DIHED      =      1396.5461
 UB     =         0.0000  IMP     =         0.0000  CMAP       =       251.4248
 1-4 NB =      1200.3247  1-4 EEL =     15462.3559  VDWAALS    =     40774.3797
 EELEC  =   -364927.0459  EHBOND  =         0.0000  RESTRAINT  =         0.0000
 ------------------------------------------------------------------------------

wrapping first mol.:      -38.30066      108.33064        0.00000

 NSTEP =  1100000   TIME(PS) =  222240.000  TEMP(K) =   310.46  PRESS =     0.0
 Etot   =   -238281.9150  EKtot   =     63220.2148  EPtot      =   -301502.1298
 BOND   =      2040.0690  ANGLE   =      2385.9531  DIHED      =      1400.6157
 UB     =         0.0000  IMP     =         0.0000  CMAP       =       250.0575
 1-4 NB =      1167.2159  1-4 EEL =     15386.3582  VDWAALS    =     40586.9883
 EELEC  =   -364719.3875  EHBOND  =         0.0000  RESTRAINT  =         0.0000
 ------------------------------------------------------------------------------

wrapping first mol.:      -38.30066      108.33064        0.00000

 NSTEP =  1120000   TIME(PS) =  222280.000  TEMP(K) =   309.08  PRESS =     0.0
 Etot   =   -238613.9810  EKtot   =     62939.3672  EPtot      =   -301553.3482
 BOND   =      2082.2276  ANGLE   =      2356.9330  DIHED      =      1400.8608
 UB     =         0.0000  IMP     =         0.0000  CMAP       =       258.5413
 1-4 NB =      1171.2087  1-4 EEL =     15465.4800  VDWAALS    =     40752.4578
 EELEC  =   -365041.0574  EHBOND  =         0.0000  RESTRAINT  =         0.0000
 ------------------------------------------------------------------------------

wrapping first mol.:      -38.30066      108.33064        0.00000

 NSTEP =  1140000   TIME(PS) =  222320.000  TEMP(K) =   310.10  PRESS =     0.0
 Etot   =   -239102.0039  EKtot   =     63146.6211  EPtot      =   -302248.6250
 BOND   =      2058.3045  ANGLE   =      2437.2852  DIHED      =      1401.0178
 UB     =         0.0000  IMP     =         0.0000  CMAP       =       253.2289
 1-4 NB =      1179.1105  1-4 EEL =     15396.5907  VDWAALS    =     41118.6978
 EELEC  =   -366092.8605  EHBOND  =         0.0000  RESTRAINT  =         0.0000
 ------------------------------------------------------------------------------

wrapping first mol.:      -38.30066      108.33064        0.00000

 NSTEP =  1160000   TIME(PS) =  222360.000  TEMP(K) =   309.35  PRESS =     0.0
 Etot   =   -238882.2348  EKtot   =     62994.2031  EPtot      =   -301876.4379
 BOND   =      2077.0114  ANGLE   =      2418.0617  DIHED      =      1434.5872
 UB     =         0.0000  IMP     =         0.0000  CMAP       =       255.2797
 1-4 NB =      1191.5958  1-4 EEL =     15435.2843  VDWAALS    =     40281.8128
 EELEC  =   -364970.0709  EHBOND  =         0.0000  RESTRAINT  =         0.0000
 ------------------------------------------------------------------------------

wrapping first mol.:      -38.30066      108.33064        0.00000

 NSTEP =  1180000   TIME(PS) =  222400.000  TEMP(K) =   308.31  PRESS =     0.0
 Etot   =   -239036.6805  EKtot   =     62782.1641  EPtot      =   -301818.8446
 BOND   =      2046.3646  ANGLE   =      2401.9228  DIHED      =      1382.8976
 UB     =         0.0000  IMP     =         0.0000  CMAP       =       246.4657
 1-4 NB =      1199.6313  1-4 EEL =     15373.7406  VDWAALS    =     40617.7061
 EELEC  =   -365087.5733  EHBOND  =         0.0000  RESTRAINT  =         0.0000
 ------------------------------------------------------------------------------

wrapping first mol.:      -38.30066      108.33064        0.00000

 NSTEP =  1200000   TIME(PS) =  222440.000  TEMP(K) =   309.84  PRESS =     0.0
 Etot   =   -238585.8188  EKtot   =     63094.2461  EPtot      =   -301680.0649
 BOND   =      2051.5669  ANGLE   =      2430.7409  DIHED      =      1421.4556
 UB     =         0.0000  IMP     =         0.0000  CMAP       =       235.3424
 1-4 NB =      1184.5019  1-4 EEL =     15319.9966  VDWAALS    =     40864.7584
 EELEC  =   -365188.4276  EHBOND  =         0.0000  RESTRAINT  =         0.0000
 ------------------------------------------------------------------------------

wrapping first mol.:      -38.30066      108.33064        0.00000

 NSTEP =  1220000   TIME(PS) =  222480.000  TEMP(K) =   309.32  PRESS =     0.0
 Etot   =   -238496.1959  EKtot   =     62989.0508  EPtot      =   -301485.2466
 BOND   =      2088.0347  ANGLE   =      2427.6301  DIHED      =      1416.5252
 UB     =         0.0000  IMP     =         0.0000  CMAP       =       254.8758
 1-4 NB =      1196.9960  1-4 EEL =     15387.0699  VDWAALS    =     40243.5876
 EELEC  =   -364499.9659  EHBOND  =         0.0000  RESTRAINT  =         0.0000
 ------------------------------------------------------------------------------

wrapping first mol.:      -38.30066      108.33064        0.00000

 NSTEP =  1240000   TIME(PS) =  222520.000  TEMP(K) =   309.65  PRESS =     0.0
 Etot   =   -238592.7885  EKtot   =     63056.5156  EPtot      =   -301649.3041
 BOND   =      2068.8247  ANGLE   =      2395.3164  DIHED      =      1422.5264
 UB     =         0.0000  IMP     =         0.0000  CMAP       =       281.8229
 1-4 NB =      1193.1741  1-4 EEL =     15308.4873  VDWAALS    =     40687.4747
 EELEC  =   -365006.9305  EHBOND  =         0.0000  RESTRAINT  =         0.0000
 ------------------------------------------------------------------------------

wrapping first mol.:      -38.30066      108.33064        0.00000

 NSTEP =  1260000   TIME(PS) =  222560.000  TEMP(K) =   310.02  PRESS =     0.0
 Etot   =   -238651.3890  EKtot   =     63130.4688  EPtot      =   -301781.8578
 BOND   =      2077.9373  ANGLE   =      2420.7213  DIHED      =      1394.3322
 UB     =         0.0000  IMP     =         0.0000  CMAP       =       265.2663
 1-4 NB =      1186.8416  1-4 EEL =     15381.1302  VDWAALS    =     40935.0654
 EELEC  =   -365443.1522  EHBOND  =         0.0000  RESTRAINT  =         0.0000
 ------------------------------------------------------------------------------

wrapping first mol.:      -38.30066      108.33064        0.00000

 NSTEP =  1280000   TIME(PS) =  222600.000  TEMP(K) =   309.58  PRESS =     0.0
 Etot   =   -238689.3265  EKtot   =     63041.9375  EPtot      =   -301731.2640
 BOND   =      2137.7817  ANGLE   =      2394.9332  DIHED      =      1403.6180
 UB     =         0.0000  IMP     =         0.0000  CMAP       =       260.9925
 1-4 NB =      1189.9197  1-4 EEL =     15368.1045  VDWAALS    =     40466.3974
 EELEC  =   -364953.0111  EHBOND  =         0.0000  RESTRAINT  =         0.0000
 ------------------------------------------------------------------------------

wrapping first mol.:      -38.30066      108.33064        0.00000

 NSTEP =  1300000   TIME(PS) =  222640.000  TEMP(K) =   310.25  PRESS =     0.0
 Etot   =   -238622.6336  EKtot   =     63177.4375  EPtot      =   -301800.0711
 BOND   =      2081.5860  ANGLE   =      2379.7379  DIHED      =      1394.9691
 UB     =         0.0000  IMP     =         0.0000  CMAP       =       257.5582
 1-4 NB =      1188.2947  1-4 EEL =     15318.2123  VDWAALS    =     40513.3146
 EELEC  =   -364933.7438  EHBOND  =         0.0000  RESTRAINT  =         0.0000
 ------------------------------------------------------------------------------

wrapping first mol.:      -38.30066      108.33064        0.00000

 NSTEP =  1320000   TIME(PS) =  222680.000  TEMP(K) =   310.20  PRESS =     0.0
 Etot   =   -238336.3217  EKtot   =     63167.8477  EPtot      =   -301504.1694
 BOND   =      2102.5756  ANGLE   =      2368.0360  DIHED      =      1427.2090
 UB     =         0.0000  IMP     =         0.0000  CMAP       =       245.2779
 1-4 NB =      1161.1526  1-4 EEL =     15389.4639  VDWAALS    =     40635.8356
 EELEC  =   -364833.7200  EHBOND  =         0.0000  RESTRAINT  =         0.0000
 ------------------------------------------------------------------------------

wrapping first mol.:      -38.30066      108.33064        0.00000

 NSTEP =  1340000   TIME(PS) =  222720.000  TEMP(K) =   310.21  PRESS =     0.0
 Etot   =   -238695.5290  EKtot   =     63169.5820  EPtot      =   -301865.1110
 BOND   =      2147.6913  ANGLE   =      2434.9762  DIHED      =      1373.3304
 UB     =         0.0000  IMP     =         0.0000  CMAP       =       262.4447
 1-4 NB =      1193.9913  1-4 EEL =     15398.9387  VDWAALS    =     40400.9595
 EELEC  =   -365077.4431  EHBOND  =         0.0000  RESTRAINT  =         0.0000
 ------------------------------------------------------------------------------

wrapping first mol.:      -38.30066      108.33064        0.00000

 NSTEP =  1360000   TIME(PS) =  222760.000  TEMP(K) =   309.60  PRESS =     0.0
 Etot   =   -238862.7554  EKtot   =     63046.0078  EPtot      =   -301908.7632
 BOND   =      2092.8702  ANGLE   =      2406.4890  DIHED      =      1405.2236
 UB     =         0.0000  IMP     =         0.0000  CMAP       =       257.3820
 1-4 NB =      1179.9547  1-4 EEL =     15380.7230  VDWAALS    =     40589.1349
 EELEC  =   -365220.5406  EHBOND  =         0.0000  RESTRAINT  =         0.0000
 ------------------------------------------------------------------------------

wrapping first mol.:      -38.30066      108.33064        0.00000

 NSTEP =  1380000   TIME(PS) =  222800.000  TEMP(K) =   309.09  PRESS =     0.0
 Etot   =   -238365.8228  EKtot   =     62941.4688  EPtot      =   -301307.2916
 BOND   =      2103.0136  ANGLE   =      2461.3666  DIHED      =      1437.0062
 UB     =         0.0000  IMP     =         0.0000  CMAP       =       241.1578
 1-4 NB =      1197.4978  1-4 EEL =     15395.1493  VDWAALS    =     40567.8565
 EELEC  =   -364710.3393  EHBOND  =         0.0000  RESTRAINT  =         0.0000
 ------------------------------------------------------------------------------

wrapping first mol.:      -38.30066      108.33064        0.00000

 NSTEP =  1400000   TIME(PS) =  222840.000  TEMP(K) =   311.36  PRESS =     0.0
 Etot   =   -238326.9137  EKtot   =     63404.1758  EPtot      =   -301731.0895
 BOND   =      2188.2577  ANGLE   =      2444.8270  DIHED      =      1389.6187
 UB     =         0.0000  IMP     =         0.0000  CMAP       =       251.3246
 1-4 NB =      1152.9026  1-4 EEL =     15403.2408  VDWAALS    =     40639.7399
 EELEC  =   -365201.0008  EHBOND  =         0.0000  RESTRAINT  =         0.0000
 ------------------------------------------------------------------------------

wrapping first mol.:      -38.30066      108.33064        0.00000

 NSTEP =  1420000   TIME(PS) =  222880.000  TEMP(K) =   309.27  PRESS =     0.0
 Etot   =   -238759.6184  EKtot   =     62978.6094  EPtot      =   -301738.2278
 BOND   =      2073.3639  ANGLE   =      2421.1596  DIHED      =      1425.0174
 UB     =         0.0000  IMP     =         0.0000  CMAP       =       259.6075
 1-4 NB =      1194.8703  1-4 EEL =     15369.4861  VDWAALS    =     40689.4673
 EELEC  =   -365171.1999  EHBOND  =         0.0000  RESTRAINT  =         0.0000
 ------------------------------------------------------------------------------

wrapping first mol.:      -38.30066      108.33064        0.00000

 NSTEP =  1440000   TIME(PS) =  222920.000  TEMP(K) =   309.75  PRESS =     0.0
 Etot   =   -238760.8918  EKtot   =     63075.3086  EPtot      =   -301836.2004
 BOND   =      2051.9882  ANGLE   =      2346.4004  DIHED      =      1426.2468
 UB     =         0.0000  IMP     =         0.0000  CMAP       =       229.1960
 1-4 NB =      1176.4407  1-4 EEL =     15436.5549  VDWAALS    =     40881.9505
 EELEC  =   -365384.9780  EHBOND  =         0.0000  RESTRAINT  =         0.0000
 ------------------------------------------------------------------------------

wrapping first mol.:      -38.30066      108.33064        0.00000

 NSTEP =  1460000   TIME(PS) =  222960.000  TEMP(K) =   309.25  PRESS =     0.0
 Etot   =   -238665.6034  EKtot   =     62974.5391  EPtot      =   -301640.1425
 BOND   =      2035.9948  ANGLE   =      2504.4201  DIHED      =      1381.0859
 UB     =         0.0000  IMP     =         0.0000  CMAP       =       234.5961
 1-4 NB =      1183.1829  1-4 EEL =     15361.7677  VDWAALS    =     40516.6017
 EELEC  =   -364857.7918  EHBOND  =         0.0000  RESTRAINT  =         0.0000
 ------------------------------------------------------------------------------

wrapping first mol.:      -38.30066      108.33064        0.00000

 NSTEP =  1480000   TIME(PS) =  223000.000  TEMP(K) =   310.18  PRESS =     0.0
 Etot   =   -239269.5371  EKtot   =     63164.5273  EPtot      =   -302434.0644
 BOND   =      2112.6993  ANGLE   =      2378.4944  DIHED      =      1404.9383
 UB     =         0.0000  IMP     =         0.0000  CMAP       =       225.6514
 1-4 NB =      1185.7845  1-4 EEL =     15376.3998  VDWAALS    =     40809.4389
 EELEC  =   -365927.4709  EHBOND  =         0.0000  RESTRAINT  =         0.0000
 ------------------------------------------------------------------------------

wrapping first mol.:      -38.30066      108.33064        0.00000

 NSTEP =  1500000   TIME(PS) =  223040.000  TEMP(K) =   309.03  PRESS =     0.0
 Etot   =   -238860.2973  EKtot   =     62929.5391  EPtot      =   -301789.8364
 BOND   =      2084.1269  ANGLE   =      2421.4271  DIHED      =      1399.5431
 UB     =         0.0000  IMP     =         0.0000  CMAP       =       233.1977
 1-4 NB =      1187.7763  1-4 EEL =     15399.3826  VDWAALS    =     40602.9532
 EELEC  =   -365118.2432  EHBOND  =         0.0000  RESTRAINT  =         0.0000
 ------------------------------------------------------------------------------

wrapping first mol.:      -38.30066      108.33064        0.00000

 NSTEP =  1520000   TIME(PS) =  223080.000  TEMP(K) =   307.87  PRESS =     0.0
 Etot   =   -239218.7834  EKtot   =     62692.6094  EPtot      =   -301911.3928
 BOND   =      2127.3004  ANGLE   =      2413.3704  DIHED      =      1391.2173
 UB     =         0.0000  IMP     =         0.0000  CMAP       =       241.7384
 1-4 NB =      1175.7273  1-4 EEL =     15300.9396  VDWAALS    =     40551.0238
 EELEC  =   -365112.7099  EHBOND  =         0.0000  RESTRAINT  =         0.0000
 ------------------------------------------------------------------------------

wrapping first mol.:      -38.30066      108.33064        0.00000

 NSTEP =  1540000   TIME(PS) =  223120.000  TEMP(K) =   310.76  PRESS =     0.0
 Etot   =   -238794.6227  EKtot   =     63281.9414  EPtot      =   -302076.5641
 BOND   =      2091.2296  ANGLE   =      2398.0911  DIHED      =      1357.5800
 UB     =         0.0000  IMP     =         0.0000  CMAP       =       242.2778
 1-4 NB =      1189.8490  1-4 EEL =     15396.6132  VDWAALS    =     40317.8789
 EELEC  =   -365070.0837  EHBOND  =         0.0000  RESTRAINT  =         0.0000
 ------------------------------------------------------------------------------

wrapping first mol.:      -38.30066      108.33064        0.00000

 NSTEP =  1560000   TIME(PS) =  223160.000  TEMP(K) =   311.07  PRESS =     0.0
 Etot   =   -238733.2531  EKtot   =     63344.5586  EPtot      =   -302077.8117
 BOND   =      2094.5830  ANGLE   =      2451.0437  DIHED      =      1402.4610
 UB     =         0.0000  IMP     =         0.0000  CMAP       =       236.6104
 1-4 NB =      1178.8545  1-4 EEL =     15339.9604  VDWAALS    =     40472.8453
 EELEC  =   -365254.1699  EHBOND  =         0.0000  RESTRAINT  =         0.0000
 ------------------------------------------------------------------------------

wrapping first mol.:      -38.30066      108.33064        0.00000

 NSTEP =  1580000   TIME(PS) =  223200.000  TEMP(K) =   309.66  PRESS =     0.0
 Etot   =   -238651.0189  EKtot   =     63057.4844  EPtot      =   -301708.5033
 BOND   =      2131.8148  ANGLE   =      2329.1757  DIHED      =      1379.6636
 UB     =         0.0000  IMP     =         0.0000  CMAP       =       233.2736
 1-4 NB =      1158.9164  1-4 EEL =     15371.3847  VDWAALS    =     40777.0062
 EELEC  =   -365089.7381  EHBOND  =         0.0000  RESTRAINT  =         0.0000
 ------------------------------------------------------------------------------

wrapping first mol.:      -38.30066      108.33064        0.00000

 NSTEP =  1600000   TIME(PS) =  223240.000  TEMP(K) =   310.70  PRESS =     0.0
 Etot   =   -238375.5441  EKtot   =     63268.9688  EPtot      =   -301644.5129
 BOND   =      2074.9373  ANGLE   =      2380.2973  DIHED      =      1392.2685
 UB     =         0.0000  IMP     =         0.0000  CMAP       =       244.9038
 1-4 NB =      1183.5730  1-4 EEL =     15365.6423  VDWAALS    =     40448.0919
 EELEC  =   -364734.2270  EHBOND  =         0.0000  RESTRAINT  =         0.0000
 ------------------------------------------------------------------------------

wrapping first mol.:      -38.30066      108.33064        0.00000

 NSTEP =  1620000   TIME(PS) =  223280.000  TEMP(K) =   309.72  PRESS =     0.0
 Etot   =   -238300.2339  EKtot   =     63070.5273  EPtot      =   -301370.7613
 BOND   =      2075.1777  ANGLE   =      2485.5578  DIHED      =      1420.4990
 UB     =         0.0000  IMP     =         0.0000  CMAP       =       241.8444
 1-4 NB =      1183.6806  1-4 EEL =     15409.8388  VDWAALS    =     40145.7837
 EELEC  =   -364333.1434  EHBOND  =         0.0000  RESTRAINT  =         0.0000
 ------------------------------------------------------------------------------

wrapping first mol.:      -38.30066      108.33064        0.00000

 NSTEP =  1640000   TIME(PS) =  223320.000  TEMP(K) =   308.06  PRESS =     0.0
 Etot   =   -238956.4574  EKtot   =     62731.0859  EPtot      =   -301687.5433
 BOND   =      2019.6215  ANGLE   =      2421.2978  DIHED      =      1456.0425
 UB     =         0.0000  IMP     =         0.0000  CMAP       =       226.9729
 1-4 NB =      1176.9279  1-4 EEL =     15418.7325  VDWAALS    =     40825.6950
 EELEC  =   -365232.8334  EHBOND  =         0.0000  RESTRAINT  =         0.0000
 ------------------------------------------------------------------------------

wrapping first mol.:      -38.30066      108.33064        0.00000

 NSTEP =  1660000   TIME(PS) =  223360.000  TEMP(K) =   310.45  PRESS =     0.0
 Etot   =   -238274.1360  EKtot   =     63219.6172  EPtot      =   -301493.7532
 BOND   =      2111.4559  ANGLE   =      2484.9174  DIHED      =      1413.8125
 UB     =         0.0000  IMP     =         0.0000  CMAP       =       225.5929
 1-4 NB =      1187.8599  1-4 EEL =     15375.4565  VDWAALS    =     40732.9618
 EELEC  =   -365025.8099  EHBOND  =         0.0000  RESTRAINT  =         0.0000
 ------------------------------------------------------------------------------

wrapping first mol.:      -38.30066      108.33064        0.00000

 NSTEP =  1680000   TIME(PS) =  223400.000  TEMP(K) =   310.48  PRESS =     0.0
 Etot   =   -238450.7105  EKtot   =     63224.6992  EPtot      =   -301675.4098
 BOND   =      2146.7648  ANGLE   =      2455.2124  DIHED      =      1403.4667
 UB     =         0.0000  IMP     =         0.0000  CMAP       =       225.1186
 1-4 NB =      1175.8078  1-4 EEL =     15363.1436  VDWAALS    =     40763.6637
 EELEC  =   -365208.5875  EHBOND  =         0.0000  RESTRAINT  =         0.0000
 ------------------------------------------------------------------------------

wrapping first mol.:      -38.30066      108.33064        0.00000

 NSTEP =  1700000   TIME(PS) =  223440.000  TEMP(K) =   310.31  PRESS =     0.0
 Etot   =   -238395.7587  EKtot   =     63189.1445  EPtot      =   -301584.9032
 BOND   =      2140.7707  ANGLE   =      2447.8975  DIHED      =      1412.6157
 UB     =         0.0000  IMP     =         0.0000  CMAP       =       236.9315
 1-4 NB =      1173.4825  1-4 EEL =     15446.2127  VDWAALS    =     41034.3162
 EELEC  =   -365477.1301  EHBOND  =         0.0000  RESTRAINT  =         0.0000
 ------------------------------------------------------------------------------

wrapping first mol.:      -38.30066      108.33064        0.00000

 NSTEP =  1720000   TIME(PS) =  223480.000  TEMP(K) =   310.27  PRESS =     0.0
 Etot   =   -238473.0642  EKtot   =     63182.5664  EPtot      =   -301655.6306
 BOND   =      2040.4672  ANGLE   =      2393.7452  DIHED      =      1398.3754
 UB     =         0.0000  IMP     =         0.0000  CMAP       =       259.4705
 1-4 NB =      1193.8733  1-4 EEL =     15459.4982  VDWAALS    =     40517.7767
 EELEC  =   -364918.8371  EHBOND  =         0.0000  RESTRAINT  =         0.0000
 ------------------------------------------------------------------------------

wrapping first mol.:      -38.30066      108.33064        0.00000

 NSTEP =  1740000   TIME(PS) =  223520.000  TEMP(K) =   309.81  PRESS =     0.0
 Etot   =   -238456.4719  EKtot   =     63087.9844  EPtot      =   -301544.4562
 BOND   =      2108.7369  ANGLE   =      2432.6986  DIHED      =      1385.3554
 UB     =         0.0000  IMP     =         0.0000  CMAP       =       242.5931
 1-4 NB =      1170.9661  1-4 EEL =     15383.8127  VDWAALS    =     40154.7635
 EELEC  =   -364423.3825  EHBOND  =         0.0000  RESTRAINT  =         0.0000
 ------------------------------------------------------------------------------

wrapping first mol.:      -38.30066      108.33064        0.00000

 NSTEP =  1760000   TIME(PS) =  223560.000  TEMP(K) =   310.40  PRESS =     0.0
 Etot   =   -238339.6763  EKtot   =     63207.9375  EPtot      =   -301547.6138
 BOND   =      2019.2629  ANGLE   =      2480.7776  DIHED      =      1421.1861
 UB     =         0.0000  IMP     =         0.0000  CMAP       =       266.1507
 1-4 NB =      1171.3156  1-4 EEL =     15420.5169  VDWAALS    =     40564.5837
 EELEC  =   -364891.4072  EHBOND  =         0.0000  RESTRAINT  =         0.0000
 ------------------------------------------------------------------------------

wrapping first mol.:      -38.30066      108.33064        0.00000

 NSTEP =  1780000   TIME(PS) =  223600.000  TEMP(K) =   309.89  PRESS =     0.0
 Etot   =   -238278.9570  EKtot   =     63104.4883  EPtot      =   -301383.4453
 BOND   =      2160.9603  ANGLE   =      2382.3420  DIHED      =      1423.5681
 UB     =         0.0000  IMP     =         0.0000  CMAP       =       235.2150
 1-4 NB =      1166.8939  1-4 EEL =     15404.1950  VDWAALS    =     40269.8078
 EELEC  =   -364426.4273  EHBOND  =         0.0000  RESTRAINT  =         0.0000
 ------------------------------------------------------------------------------

wrapping first mol.:      -38.30066      108.33064        0.00000

 NSTEP =  1800000   TIME(PS) =  223640.000  TEMP(K) =   311.62  PRESS =     0.0
 Etot   =   -238464.9975  EKtot   =     63457.8125  EPtot      =   -301922.8100
 BOND   =      2059.0052  ANGLE   =      2378.7597  DIHED      =      1391.0091
 UB     =         0.0000  IMP     =         0.0000  CMAP       =       207.0248
 1-4 NB =      1196.8262  1-4 EEL =     15367.7500  VDWAALS    =     40406.2333
 EELEC  =   -364929.4183  EHBOND  =         0.0000  RESTRAINT  =         0.0000
 ------------------------------------------------------------------------------

wrapping first mol.:      -38.30066      108.33064        0.00000

 NSTEP =  1820000   TIME(PS) =  223680.000  TEMP(K) =   310.49  PRESS =     0.0
 Etot   =   -238942.6431  EKtot   =     63226.6172  EPtot      =   -302169.2603
 BOND   =      2121.4208  ANGLE   =      2413.6305  DIHED      =      1396.2609
 UB     =         0.0000  IMP     =         0.0000  CMAP       =       233.3420
 1-4 NB =      1195.8219  1-4 EEL =     15458.9381  VDWAALS    =     40988.6365
 EELEC  =   -365977.3109  EHBOND  =         0.0000  RESTRAINT  =         0.0000
 ------------------------------------------------------------------------------

wrapping first mol.:      -38.30066      108.33064        0.00000

 NSTEP =  1840000   TIME(PS) =  223720.000  TEMP(K) =   310.59  PRESS =     0.0
 Etot   =   -238644.4605  EKtot   =     63247.4766  EPtot      =   -301891.9370
 BOND   =      2065.0678  ANGLE   =      2443.8402  DIHED      =      1418.9469
 UB     =         0.0000  IMP     =         0.0000  CMAP       =       239.6477
 1-4 NB =      1204.8953  1-4 EEL =     15448.6365  VDWAALS    =     40724.0240
 EELEC  =   -365436.9954  EHBOND  =         0.0000  RESTRAINT  =         0.0000
 ------------------------------------------------------------------------------

wrapping first mol.:      -38.30066      108.33064        0.00000

 NSTEP =  1860000   TIME(PS) =  223760.000  TEMP(K) =   307.41  PRESS =     0.0
 Etot   =   -239562.3949  EKtot   =     62598.8047  EPtot      =   -302161.1996
 BOND   =      2141.0305  ANGLE   =      2389.9557  DIHED      =      1369.9656
 UB     =         0.0000  IMP     =         0.0000  CMAP       =       241.3987
 1-4 NB =      1193.1602  1-4 EEL =     15392.9999  VDWAALS    =     40713.4354
 EELEC  =   -365603.1457  EHBOND  =         0.0000  RESTRAINT  =         0.0000
 ------------------------------------------------------------------------------

wrapping first mol.:      -38.30066      108.33064        0.00000

 NSTEP =  1880000   TIME(PS) =  223800.000  TEMP(K) =   309.77  PRESS =     0.0
 Etot   =   -238523.2672  EKtot   =     63080.5078  EPtot      =   -301603.7750
 BOND   =      2094.2037  ANGLE   =      2480.9035  DIHED      =      1361.2438
 UB     =         0.0000  IMP     =         0.0000  CMAP       =       262.9644
 1-4 NB =      1163.4839  1-4 EEL =     15299.2435  VDWAALS    =     41078.5511
 EELEC  =   -365344.3689  EHBOND  =         0.0000  RESTRAINT  =         0.0000
 ------------------------------------------------------------------------------

wrapping first mol.:      -38.30066      108.33064        0.00000

 NSTEP =  1900000   TIME(PS) =  223840.000  TEMP(K) =   308.98  PRESS =     0.0
 Etot   =   -239393.9688  EKtot   =     62918.4023  EPtot      =   -302312.3712
 BOND   =      2134.7218  ANGLE   =      2428.5670  DIHED      =      1394.7718
 UB     =         0.0000  IMP     =         0.0000  CMAP       =       230.0688
 1-4 NB =      1177.8173  1-4 EEL =     15392.1222  VDWAALS    =     40801.4611
 EELEC  =   -365871.9013  EHBOND  =         0.0000  RESTRAINT  =         0.0000
 ------------------------------------------------------------------------------

wrapping first mol.:      -38.30066      108.33064        0.00000

 NSTEP =  1920000   TIME(PS) =  223880.000  TEMP(K) =   310.97  PRESS =     0.0
 Etot   =   -238288.5946  EKtot   =     63323.6836  EPtot      =   -301612.2782
 BOND   =      2059.3443  ANGLE   =      2413.2353  DIHED      =      1382.2270
 UB     =         0.0000  IMP     =         0.0000  CMAP       =       250.6813
 1-4 NB =      1197.6361  1-4 EEL =     15417.0825  VDWAALS    =     40451.3788
 EELEC  =   -364783.8634  EHBOND  =         0.0000  RESTRAINT  =         0.0000
 ------------------------------------------------------------------------------

wrapping first mol.:      -38.30066      108.33064        0.00000

 NSTEP =  1940000   TIME(PS) =  223920.000  TEMP(K) =   309.43  PRESS =     0.0
 Etot   =   -238375.6134  EKtot   =     63010.0430  EPtot      =   -301385.6564
 BOND   =      2137.9836  ANGLE   =      2355.0186  DIHED      =      1377.7398
 UB     =         0.0000  IMP     =         0.0000  CMAP       =       247.3195
 1-4 NB =      1178.2490  1-4 EEL =     15471.6478  VDWAALS    =     40456.1785
 EELEC  =   -364609.7933  EHBOND  =         0.0000  RESTRAINT  =         0.0000
 ------------------------------------------------------------------------------

wrapping first mol.:      -38.30066      108.33064        0.00000

 NSTEP =  1960000   TIME(PS) =  223960.000  TEMP(K) =   308.96  PRESS =     0.0
 Etot   =   -238890.6958  EKtot   =     62916.1406  EPtot      =   -301806.8364
 BOND   =      2106.1278  ANGLE   =      2442.9997  DIHED      =      1394.9592
 UB     =         0.0000  IMP     =         0.0000  CMAP       =       257.9119
 1-4 NB =      1171.7878  1-4 EEL =     15437.1985  VDWAALS    =     40410.3079
 EELEC  =   -365028.1293  EHBOND  =         0.0000  RESTRAINT  =         0.0000
 ------------------------------------------------------------------------------

wrapping first mol.:      -38.30066      108.33064        0.00000

 NSTEP =  1980000   TIME(PS) =  224000.000  TEMP(K) =   311.27  PRESS =     0.0
 Etot   =   -238716.8736  EKtot   =     63385.9219  EPtot      =   -302102.7955
 BOND   =      2074.6966  ANGLE   =      2414.2529  DIHED      =      1395.1310
 UB     =         0.0000  IMP     =         0.0000  CMAP       =       247.2352
 1-4 NB =      1202.8485  1-4 EEL =     15346.9419  VDWAALS    =     40554.1028
 EELEC  =   -365338.0043  EHBOND  =         0.0000  RESTRAINT  =         0.0000
 ------------------------------------------------------------------------------

wrapping first mol.:      -38.30066      108.33064        0.00000

 NSTEP =  2000000   TIME(PS) =  224040.000  TEMP(K) =   308.69  PRESS =     0.0
 Etot   =   -239237.8627  EKtot   =     62859.7031  EPtot      =   -302097.5658
 BOND   =      2112.8592  ANGLE   =      2409.7506  DIHED      =      1432.5605
 UB     =         0.0000  IMP     =         0.0000  CMAP       =       242.0514
 1-4 NB =      1192.5054  1-4 EEL =     15414.0634  VDWAALS    =     40399.3577
 EELEC  =   -365300.7140  EHBOND  =         0.0000  RESTRAINT  =         0.0000
 ------------------------------------------------------------------------------

wrapping first mol.:      -38.30066      108.33064        0.00000

 NSTEP =  2020000   TIME(PS) =  224080.000  TEMP(K) =   308.57  PRESS =     0.0
 Etot   =   -238831.0972  EKtot   =     62835.7969  EPtot      =   -301666.8940
 BOND   =      2062.8127  ANGLE   =      2407.6630  DIHED      =      1414.1084
 UB     =         0.0000  IMP     =         0.0000  CMAP       =       244.8363
 1-4 NB =      1175.6370  1-4 EEL =     15380.3827  VDWAALS    =     41286.3203
 EELEC  =   -365638.6544  EHBOND  =         0.0000  RESTRAINT  =         0.0000
 ------------------------------------------------------------------------------

wrapping first mol.:      -38.30066      108.33064        0.00000

 NSTEP =  2040000   TIME(PS) =  224120.000  TEMP(K) =   308.11  PRESS =     0.0
 Etot   =   -239286.8714  EKtot   =     62741.4688  EPtot      =   -302028.3402
 BOND   =      2084.3738  ANGLE   =      2499.8441  DIHED      =      1421.8681
 UB     =         0.0000  IMP     =         0.0000  CMAP       =       242.6279
 1-4 NB =      1180.6053  1-4 EEL =     15325.6620  VDWAALS    =     41114.8774
 EELEC  =   -365898.1988  EHBOND  =         0.0000  RESTRAINT  =         0.0000
 ------------------------------------------------------------------------------

wrapping first mol.:      -38.30066      108.33064        0.00000

 NSTEP =  2060000   TIME(PS) =  224160.000  TEMP(K) =   308.53  PRESS =     0.0
 Etot   =   -239367.7284  EKtot   =     62827.4336  EPtot      =   -302195.1620
 BOND   =      2038.8725  ANGLE   =      2380.7630  DIHED      =      1404.3032
 UB     =         0.0000  IMP     =         0.0000  CMAP       =       261.7376
 1-4 NB =      1190.3367  1-4 EEL =     15402.8793  VDWAALS    =     40738.8229
 EELEC  =   -365612.8771  EHBOND  =         0.0000  RESTRAINT  =         0.0000
 ------------------------------------------------------------------------------

wrapping first mol.:      -38.30066      108.33064        0.00000

 NSTEP =  2080000   TIME(PS) =  224200.000  TEMP(K) =   311.11  PRESS =     0.0
 Etot   =   -238628.8147  EKtot   =     63352.2383  EPtot      =   -301981.0530
 BOND   =      2082.1758  ANGLE   =      2461.1319  DIHED      =      1418.5584
 UB     =         0.0000  IMP     =         0.0000  CMAP       =       233.1266
 1-4 NB =      1191.4641  1-4 EEL =     15400.2712  VDWAALS    =     40746.2020
 EELEC  =   -365513.9832  EHBOND  =         0.0000  RESTRAINT  =         0.0000
 ------------------------------------------------------------------------------

wrapping first mol.:      -38.30066      108.33064        0.00000

 NSTEP =  2100000   TIME(PS) =  224240.000  TEMP(K) =   310.65  PRESS =     0.0
 Etot   =   -238719.1138  EKtot   =     63259.2070  EPtot      =   -301978.3208
 BOND   =      2112.8564  ANGLE   =      2409.5038  DIHED      =      1414.3932
 UB     =         0.0000  IMP     =         0.0000  CMAP       =       253.0170
 1-4 NB =      1185.4863  1-4 EEL =     15380.7851  VDWAALS    =     40994.7491
 EELEC  =   -365729.1118  EHBOND  =         0.0000  RESTRAINT  =         0.0000
 ------------------------------------------------------------------------------

wrapping first mol.:      -38.30066      108.33064        0.00000

 NSTEP =  2120000   TIME(PS) =  224280.000  TEMP(K) =   310.34  PRESS =     0.0
 Etot   =   -238411.8224  EKtot   =     63196.0078  EPtot      =   -301607.8303
 BOND   =      2070.1063  ANGLE   =      2430.9858  DIHED      =      1441.9051
 UB     =         0.0000  IMP     =         0.0000  CMAP       =       243.0555
 1-4 NB =      1188.9005  1-4 EEL =     15375.6487  VDWAALS    =     40046.4850
 EELEC  =   -364404.9172  EHBOND  =         0.0000  RESTRAINT  =         0.0000
 ------------------------------------------------------------------------------

wrapping first mol.:      -38.30066      108.33064        0.00000

 NSTEP =  2140000   TIME(PS) =  224320.000  TEMP(K) =   310.77  PRESS =     0.0
 Etot   =   -238899.7538  EKtot   =     63283.3086  EPtot      =   -302183.0624
 BOND   =      2088.0489  ANGLE   =      2464.9968  DIHED      =      1393.0609
 UB     =         0.0000  IMP     =         0.0000  CMAP       =       241.7200
 1-4 NB =      1178.2024  1-4 EEL =     15388.5444  VDWAALS    =     40594.3309
 EELEC  =   -365531.9668  EHBOND  =         0.0000  RESTRAINT  =         0.0000
 ------------------------------------------------------------------------------

wrapping first mol.:      -38.30066      108.33064        0.00000

 NSTEP =  2160000   TIME(PS) =  224360.000  TEMP(K) =   310.56  PRESS =     0.0
 Etot   =   -238768.5834  EKtot   =     63240.9297  EPtot      =   -302009.5131
 BOND   =      2087.1730  ANGLE   =      2397.0813  DIHED      =      1430.5042
 UB     =         0.0000  IMP     =         0.0000  CMAP       =       241.2386
 1-4 NB =      1162.3349  1-4 EEL =     15354.5748  VDWAALS    =     40638.9737
 EELEC  =   -365321.3936  EHBOND  =         0.0000  RESTRAINT  =         0.0000
 ------------------------------------------------------------------------------

wrapping first mol.:      -38.30066      108.33064        0.00000

 NSTEP =  2180000   TIME(PS) =  224400.000  TEMP(K) =   309.98  PRESS =     0.0
 Etot   =   -238747.8717  EKtot   =     63122.8164  EPtot      =   -301870.6881
 BOND   =      2108.5479  ANGLE   =      2385.5756  DIHED      =      1389.8262
 UB     =         0.0000  IMP     =         0.0000  CMAP       =       239.1887
 1-4 NB =      1175.2221  1-4 EEL =     15395.6958  VDWAALS    =     40720.9245
 EELEC  =   -365285.6688  EHBOND  =         0.0000  RESTRAINT  =         0.0000
 ------------------------------------------------------------------------------

wrapping first mol.:      -38.30066      108.33064        0.00000

 NSTEP =  2200000   TIME(PS) =  224440.000  TEMP(K) =   310.08  PRESS =     0.0
 Etot   =   -238843.2021  EKtot   =     63143.4570  EPtot      =   -301986.6592
 BOND   =      2070.4372  ANGLE   =      2462.6000  DIHED      =      1421.1167
 UB     =         0.0000  IMP     =         0.0000  CMAP       =       248.1920
 1-4 NB =      1191.3863  1-4 EEL =     15420.4015  VDWAALS    =     41336.4738
 EELEC  =   -366137.2667  EHBOND  =         0.0000  RESTRAINT  =         0.0000
 ------------------------------------------------------------------------------

wrapping first mol.:      -38.30066      108.33064        0.00000

 NSTEP =  2220000   TIME(PS) =  224480.000  TEMP(K) =   309.70  PRESS =     0.0
 Etot   =   -238930.4556  EKtot   =     63064.9102  EPtot      =   -301995.3658
 BOND   =      2064.8011  ANGLE   =      2486.0801  DIHED      =      1404.7282
 UB     =         0.0000  IMP     =         0.0000  CMAP       =       240.0527
 1-4 NB =      1194.2312  1-4 EEL =     15383.6404  VDWAALS    =     40718.7061
 EELEC  =   -365487.6055  EHBOND  =         0.0000  RESTRAINT  =         0.0000
 ------------------------------------------------------------------------------

wrapping first mol.:      -38.30066      108.33064        0.00000

 NSTEP =  2240000   TIME(PS) =  224520.000  TEMP(K) =   310.30  PRESS =     0.0
 Etot   =   -238427.0631  EKtot   =     63187.6836  EPtot      =   -301614.7467
 BOND   =      2125.8002  ANGLE   =      2425.5193  DIHED      =      1402.1045
 UB     =         0.0000  IMP     =         0.0000  CMAP       =       242.4682
 1-4 NB =      1187.7828  1-4 EEL =     15403.7810  VDWAALS    =     40254.8578
 EELEC  =   -364657.0605  EHBOND  =         0.0000  RESTRAINT  =         0.0000
 ------------------------------------------------------------------------------

wrapping first mol.:      -38.30066      108.33064        0.00000

 NSTEP =  2260000   TIME(PS) =  224560.000  TEMP(K) =   310.54  PRESS =     0.0
 Etot   =   -238397.4572  EKtot   =     63237.6250  EPtot      =   -301635.0822
 BOND   =      2084.9037  ANGLE   =      2438.9323  DIHED      =      1392.5416
 UB     =         0.0000  IMP     =         0.0000  CMAP       =       240.8922
 1-4 NB =      1200.5671  1-4 EEL =     15348.3613  VDWAALS    =     41329.2194
 EELEC  =   -365670.5000  EHBOND  =         0.0000  RESTRAINT  =         0.0000
 ------------------------------------------------------------------------------

wrapping first mol.:      -38.30066      108.33064        0.00000

 NSTEP =  2280000   TIME(PS) =  224600.000  TEMP(K) =   312.05  PRESS =     0.0
 Etot   =   -238099.3602  EKtot   =     63544.1953  EPtot      =   -301643.5555
 BOND   =      2089.7713  ANGLE   =      2479.4949  DIHED      =      1381.7009
 UB     =         0.0000  IMP     =         0.0000  CMAP       =       227.6243
 1-4 NB =      1178.2606  1-4 EEL =     15322.8083  VDWAALS    =     40204.8988
 EELEC  =   -364528.1146  EHBOND  =         0.0000  RESTRAINT  =         0.0000
 ------------------------------------------------------------------------------

wrapping first mol.:      -38.30066      108.33064        0.00000

 NSTEP =  2300000   TIME(PS) =  224640.000  TEMP(K) =   308.32  PRESS =     0.0
 Etot   =   -238623.1360  EKtot   =     62785.6953  EPtot      =   -301408.8313
 BOND   =      2097.8390  ANGLE   =      2406.3623  DIHED      =      1372.8109
 UB     =         0.0000  IMP     =         0.0000  CMAP       =       236.1941
 1-4 NB =      1182.0371  1-4 EEL =     15383.3530  VDWAALS    =     41130.0460
 EELEC  =   -365217.4737  EHBOND  =         0.0000  RESTRAINT  =         0.0000
 ------------------------------------------------------------------------------

wrapping first mol.:      -38.30066      108.33064        0.00000

 NSTEP =  2320000   TIME(PS) =  224680.000  TEMP(K) =   310.48  PRESS =     0.0
 Etot   =   -238513.1531  EKtot   =     63225.3711  EPtot      =   -301738.5242
 BOND   =      2067.2350  ANGLE   =      2426.0147  DIHED      =      1371.1070
 UB     =         0.0000  IMP     =         0.0000  CMAP       =       219.5890
 1-4 NB =      1207.2901  1-4 EEL =     15424.5939  VDWAALS    =     40509.0732
 EELEC  =   -364963.4271  EHBOND  =         0.0000  RESTRAINT  =         0.0000
 ------------------------------------------------------------------------------

wrapping first mol.:      -38.30066      108.33064        0.00000

 NSTEP =  2340000   TIME(PS) =  224720.000  TEMP(K) =   310.53  PRESS =     0.0
 Etot   =   -238890.7094  EKtot   =     63235.0859  EPtot      =   -302125.7953
 BOND   =      2074.9849  ANGLE   =      2384.0167  DIHED      =      1416.3576
 UB     =         0.0000  IMP     =         0.0000  CMAP       =       261.8236
 1-4 NB =      1202.9334  1-4 EEL =     15433.5239  VDWAALS    =     40739.9493
 EELEC  =   -365639.3849  EHBOND  =         0.0000  RESTRAINT  =         0.0000
 ------------------------------------------------------------------------------

wrapping first mol.:      -38.30066      108.33064        0.00000

 NSTEP =  2360000   TIME(PS) =  224760.000  TEMP(K) =   309.54  PRESS =     0.0
 Etot   =   -238246.1856  EKtot   =     63033.4336  EPtot      =   -301279.6192
 BOND   =      2119.3459  ANGLE   =      2442.1197  DIHED      =      1420.1199
 UB     =         0.0000  IMP     =         0.0000  CMAP       =       259.9863
 1-4 NB =      1171.6387  1-4 EEL =     15375.9979  VDWAALS    =     40723.1119
 EELEC  =   -364791.9396  EHBOND  =         0.0000  RESTRAINT  =         0.0000
 ------------------------------------------------------------------------------

wrapping first mol.:      -38.30066      108.33064        0.00000

 NSTEP =  2380000   TIME(PS) =  224800.000  TEMP(K) =   307.43  PRESS =     0.0
 Etot   =   -239573.6062  EKtot   =     62603.6406  EPtot      =   -302177.2468
 BOND   =      2100.3597  ANGLE   =      2423.9433  DIHED      =      1438.5637
 UB     =         0.0000  IMP     =         0.0000  CMAP       =       242.9113
 1-4 NB =      1174.9983  1-4 EEL =     15333.0054  VDWAALS    =     40744.5908
 EELEC  =   -365635.6193  EHBOND  =         0.0000  RESTRAINT  =         0.0000
 ------------------------------------------------------------------------------

wrapping first mol.:      -38.30066      108.33064        0.00000

 NSTEP =  2400000   TIME(PS) =  224840.000  TEMP(K) =   308.01  PRESS =     0.0
 Etot   =   -238224.3482  EKtot   =     62722.7383  EPtot      =   -300947.0864
 BOND   =      2157.9512  ANGLE   =      2464.6873  DIHED      =      1371.7428
 UB     =         0.0000  IMP     =         0.0000  CMAP       =       239.9555
 1-4 NB =      1190.5217  1-4 EEL =     15375.0695  VDWAALS    =     40225.7992
 EELEC  =   -363972.8136  EHBOND  =         0.0000  RESTRAINT  =         0.0000
 ------------------------------------------------------------------------------

wrapping first mol.:      -38.30066      108.33064        0.00000

 NSTEP =  2420000   TIME(PS) =  224880.000  TEMP(K) =   311.33  PRESS =     0.0
 Etot   =   -238040.3892  EKtot   =     63397.7578  EPtot      =   -301438.1470
 BOND   =      2062.5102  ANGLE   =      2415.1156  DIHED      =      1412.8231
 UB     =         0.0000  IMP     =         0.0000  CMAP       =       245.4245
 1-4 NB =      1188.2657  1-4 EEL =     15373.3985  VDWAALS    =     40344.4282
 EELEC  =   -364480.1128  EHBOND  =         0.0000  RESTRAINT  =         0.0000
 ------------------------------------------------------------------------------

wrapping first mol.:      -38.30066      108.33064        0.00000

 NSTEP =  2440000   TIME(PS) =  224920.000  TEMP(K) =   307.90  PRESS =     0.0
 Etot   =   -238979.5262  EKtot   =     62699.8750  EPtot      =   -301679.4012
 BOND   =      2046.8732  ANGLE   =      2444.9367  DIHED      =      1412.4773
 UB     =         0.0000  IMP     =         0.0000  CMAP       =       230.9378
 1-4 NB =      1183.6655  1-4 EEL =     15441.5088  VDWAALS    =     40968.1855
 EELEC  =   -365407.9859  EHBOND  =         0.0000  RESTRAINT  =         0.0000
 ------------------------------------------------------------------------------

wrapping first mol.:      -38.30066      108.33064        0.00000

 NSTEP =  2460000   TIME(PS) =  224960.000  TEMP(K) =   308.81  PRESS =     0.0
 Etot   =   -238657.9190  EKtot   =     62885.5547  EPtot      =   -301543.4736
 BOND   =      2071.8802  ANGLE   =      2463.4764  DIHED      =      1389.1653
 UB     =         0.0000  IMP     =         0.0000  CMAP       =       259.1922
 1-4 NB =      1176.8991  1-4 EEL =     15466.7067  VDWAALS    =     40777.0837
 EELEC  =   -365147.8773  EHBOND  =         0.0000  RESTRAINT  =         0.0000
 ------------------------------------------------------------------------------

wrapping first mol.:      -38.30066      108.33064        0.00000

 NSTEP =  2480000   TIME(PS) =  225000.000  TEMP(K) =   310.34  PRESS =     0.0
 Etot   =   -239234.2540  EKtot   =     63195.6250  EPtot      =   -302429.8790
 BOND   =      2070.5292  ANGLE   =      2433.2471  DIHED      =      1437.5659
 UB     =         0.0000  IMP     =         0.0000  CMAP       =       237.6825
 1-4 NB =      1193.9089  1-4 EEL =     15536.3508  VDWAALS    =     40189.3914
 EELEC  =   -365528.5547  EHBOND  =         0.0000  RESTRAINT  =         0.0000
 ------------------------------------------------------------------------------

wrapping first mol.:      -38.30066      108.33064        0.00000
wrapping first mol.:      -38.30066      108.33064        0.00000

 NSTEP =  2500000   TIME(PS) =  225040.000  TEMP(K) =   310.25  PRESS =     0.0
 Etot   =   -238002.2643  EKtot   =     63177.4766  EPtot      =   -301179.7409
 BOND   =      2110.8892  ANGLE   =      2406.6295  DIHED      =      1400.0939
 UB     =         0.0000  IMP     =         0.0000  CMAP       =       236.6096
 1-4 NB =      1189.1454  1-4 EEL =     15479.5005  VDWAALS    =     40245.1271
 EELEC  =   -364247.7360  EHBOND  =         0.0000  RESTRAINT  =         0.0000
 ------------------------------------------------------------------------------


      A V E R A G E S   O V E R     125 S T E P S


 NSTEP =  2500000   TIME(PS) =  225040.000  TEMP(K) =   309.87  PRESS =     0.0
 Etot   =   -238709.5232  EKtot   =     63099.9703  EPtot      =   -301809.4935
 BOND   =      2088.1857  ANGLE   =      2422.5900  DIHED      =      1401.9209
 UB     =         0.0000  IMP     =         0.0000  CMAP       =       246.4703
 1-4 NB =      1183.4299  1-4 EEL =     15396.3811  VDWAALS    =     40648.2867
 EELEC  =   -365196.7582  EHBOND  =         0.0000  RESTRAINT  =         0.0000
 ------------------------------------------------------------------------------


      R M S  F L U C T U A T I O N S


 NSTEP =  2500000   TIME(PS) =  225040.000  TEMP(K) =     1.01  PRESS =     0.0
 Etot   =       343.3817  EKtot   =       205.2107  EPtot      =       300.4312
 BOND   =        31.9256  ANGLE   =        38.8090  DIHED      =        19.4524
 UB     =         0.0000  IMP     =         0.0000  CMAP       =        12.8283
 1-4 NB =        12.4795  1-4 EEL =        45.9896  VDWAALS    =       286.2327
 EELEC  =       461.8389  EHBOND  =         0.0000  RESTRAINT  =         0.0000
 ------------------------------------------------------------------------------

--------------------------------------------------------------------------------
   5.  TIMINGS
--------------------------------------------------------------------------------

|  NonSetup CPU Time in Major Routines:
|
|     Routine           Sec        %
|     ------------------------------
|     Nonbond         161.45   11.80
|     Bond              0.00    0.00
|     Angle             0.00    0.00
|     Dihedral          0.00    0.00
|     Shake            10.41    0.76
|     RunMD          1194.37   87.28
|     Other             2.17    0.16
|     ------------------------------
|     Total          1368.40

|  PME Nonbond Pairlist CPU Time:
|
|     Routine              Sec        %
|     ---------------------------------
|     Set Up Cit           0.00    0.00
|     Build List           0.00    0.00
|     ---------------------------------
|     Total                0.00    0.00

|  PME Direct Force CPU Time:
|
|     Routine              Sec        %
|     ---------------------------------
|     NonBonded Calc       0.00    0.00
|     Exclude Masked       0.00    0.00
|     Other                1.37    0.10
|     ---------------------------------
|     Total                1.37    0.10

|  PME Reciprocal Force CPU Time:
|
|     Routine              Sec        %
|     ---------------------------------
|     1D bspline           0.00    0.00
|     Grid Charges         0.00    0.00
|     Scalar Sum           0.00    0.00
|     Gradient Sum         0.00    0.00
|     FFT                  0.00    0.00
|     ---------------------------------
|     Total                0.00    0.00

|  Final Performance Info:
|     -----------------------------------------------------
|     Average timings for last   80000 steps:
|     Elapsed(s) =      43.83 Per Step(ms) =       0.55
|         ns/day =     315.43   seconds/ns =     273.91
|
|     Average timings for all steps:
|     Elapsed(s) =    1370.98 Per Step(ms) =       0.55
|         ns/day =     315.10   seconds/ns =     274.20
|     -----------------------------------------------------

|  Setup CPU time:            1.18 seconds
|  NonSetup CPU time:      1368.40 seconds
|  Total CPU time:         1369.58 seconds     0.38 hours

|  Setup wall time:           2    seconds
|  NonSetup wall time:     1371    seconds
|  Total wall time:        1373    seconds     0.38 hours
