
          -------------------------------------------------------
          Amber 24 PMEMD                              2024
          -------------------------------------------------------

| PMEMD implementation of SANDER, Release 24

|  Compiled date/time: Thu Apr  3 17:55:38 2025
| Run on 11/11/2025 at 12:28:05

|   Executable path: pmemd.cuda_SPFP
| Working directory: /rs1/researchers/h/hall/vtnguye4/Amber_restart/cappedP1amber/P1_Simulation2
|          Hostname: gpu28

  [-O]verwriting output

File Assignments:
|   MDIN: /rs1/researchers/h/hall/vtnguye4/Amber_restart/cappedP1amber/equil.in 
|  MDOUT: ./OUT_Files/equil59.out                                               
| INPCRD: ./RST_Files/equil58.rst7                                              
|   PARM: ./PRMTOP_Files/P1.prmtop                                              
| RESTRT: ./RST_Files/equil59.rst7                                              
|   REFC: refc                                                                  
|  MDVEL: mdvel                                                                 
|   MDEN: mden                                                                  
|  MDCRD: ./nc_Files/equil59.nc                                                 
| MDINFO: mdinfo                                                                
|  MDFRC: mdfrc                                                                 


 Here is the input file:

!Stage equilibration 5ns                                                       
&cntrl                                                                         
imin=0, irest=1, ntx=5,                                                        
nstlim=2500000, dt=0.002,                                                      
ntc=2, ntf=2, ig=-1,                                                           
ntt=3, gamma_ln=2.0,                                                           
tempi=310.0, temp0=310.0,                                                      
ntxo=2, ioutfm=1,                                                              
ntpr=20000, ntwx=20000,                                                        
ntb=1,                                                                         
cut=9.0,                                                                       
iwrap=1,                                                                       
/                                                                              


Note: ig = -1. Setting random seed to   187418 based on wallclock time in 
      microseconds.
| irandom = 1, using AMBER's internal random number generator (default).
 
|--------------------- INFORMATION ----------------------
| GPU (CUDA) Version of PMEMD in use: NVIDIA GPU IN USE.
|                    Version 18.0.0
| 
|                      03/25/2018
| 
| Implementation by:
|                    Ross C. Walker     (SDSC)
|                    Scott Le Grand     (nVIDIA)
| 
| Version 18 performance extensions by:
|                    David Cerutti     (Rutgers)
| 
| Precision model in use:
|      [SPFP] - Single Precision Forces, 64-bit Fixed Point
|               Accumulation. (Default)
| 
|--------------------------------------------------------
 
|----------------- CITATION INFORMATION -----------------
|
|    When publishing work that utilized the CUDA version
|    of AMBER, please cite the following in addition to
|    the regular AMBER citations:
|
|  - Romelia Salomon-Ferrer; Andreas W. Goetz; Duncan
|    Poole; Scott Le Grand; Ross C. Walker "Routine
|    microsecond molecular dynamics simulations with
|    AMBER - Part II: Particle Mesh Ewald", J. Chem.
|    Theory Comput., 2013, 9 (9), pp3878-3888,
|    DOI: 10.1021/ct400314y.
|
|  - Andreas W. Goetz; Mark J. Williamson; Dong Xu;
|    Duncan Poole; Scott Le Grand; Ross C. Walker
|    "Routine microsecond molecular dynamics simulations
|    with AMBER - Part I: Generalized Born", J. Chem.
|    Theory Comput., 2012, 8 (5), pp1542-1555.
|
|  - Scott Le Grand; Andreas W. Goetz; Ross C. Walker
|    "SPFP: Speed without compromise - a mixed precision
|    model for GPU accelerated molecular dynamics
|    simulations.", Comp. Phys. Comm., 2013, 184
|    pp374-380, DOI: 10.1016/j.cpc.2012.09.022
|
|--------------------------------------------------------
 
|------------------- GPU DEVICE INFO --------------------
|
|            CUDA_VISIBLE_DEVICES: 0
|   CUDA Capable Devices Detected:      1
|           CUDA Device ID in use:      0
|                CUDA Device Name: NVIDIA L40S
|     CUDA Device Global Mem Size:  45487 MB
| CUDA Device Num Multiprocessors:    142
|           CUDA Device Core Freq:   2.52 GHz
|
|--------------------------------------------------------
 
 
| Conditional Compilation Defines Used:
| PUBFFT
| BINTRAJ
| CUDA
| EMIL

| Largest sphere to fit in unit cell has radius =    46.909

| New format PARM file being parsed.
| Version =    1.000 Date = 10/28/25 Time = 16:56:02

| Note: 1-4 EEL scale factors are being read from the topology file.

| Note: 1-4 VDW scale factors are being read from the topology file.
| Duplicated    0 dihedrals

| Duplicated    0 dihedrals

--------------------------------------------------------------------------------
   1.  RESOURCE   USE: 
--------------------------------------------------------------------------------

 getting box info from netcdf restart file
 NATOM  =  101202 NTYPES =      11 NBONH =   98658 MBONA  =    2544
 NTHETH =    5904 MTHETA =    3408 NPHIH =   11760 MPHIA  =   10368
 NHPARM =       0 NPARM  =       0 NNB   =  155656 NRES   =   32422
 NBONA  =    2544 NTHETA =    3408 NPHIA =   10368 NUMBND =      27
 NUMANG =      54 NPTRA  =      59 NATYP =      16 NPHB   =       0
 IFBOX  =       2 NMXRS  =      21 IFCAP =       0 NEXTRA =       0
 NCOPY  =       0

| Coordinate Index Table dimensions:    20   20   20
| Direct force subcell size =     5.7451    5.7451    5.7451

     BOX TYPE: TRUNCATED OCTAHEDRON

--------------------------------------------------------------------------------
   2.  CONTROL  DATA  FOR  THE  RUN
--------------------------------------------------------------------------------

default_name                                                                    

General flags:
     imin    =       0, nmropt  =       0

Nature and format of input:
     ntx     =       5, irest   =       1, ntrx    =       1

Nature and format of output:
     ntxo    =       2, ntpr    =   20000, ntrx    =       1, ntwr    = 2500000
     iwrap   =       1, ntwx    =   20000, ntwv    =       0, ntwe    =       0
     ioutfm  =       1, ntwprt  =       0, idecomp =       0, rbornstat=      0

Potential function:
     ntf     =       2, ntb     =       1, igb     =       0, nsnb    =      25
     ipol    =       0, gbsa    =       0, iesp    =       0
     dielc   =   1.00000, cut     =   9.00000, intdiel =   1.00000

Frozen or restrained atoms:
     ibelly  =       0, ntr     =       0

Molecular dynamics:
     nstlim  =   2500000, nscm    =      1000, nrespa  =         1
     t       =   0.00000, dt      =   0.00200, vlimit  =  -1.00000

Langevin dynamics temperature regulation:
     ig      =  187418
     temp0   = 310.00000, tempi   = 310.00000, gamma_ln=   2.00000

SHAKE:
     ntc     =       2, jfastw  =       0
     tol     =   0.00001

| Intermolecular bonds treatment:
|     no_intermolecular_bonds =       1

| Energy averages sample interval:
|     ene_avg_sampling =   20000

Ewald parameters:
     verbose =       0, ew_type =       0, nbflag  =       1, use_pme =       1
     vdwmeth =       1, eedmeth =       1, netfrc  =       1
     Box X =  114.902   Box Y =  114.902   Box Z =  114.902
     Alpha =  109.471   Beta  =  109.471   Gamma =  109.471
     NFFT1 =  120       NFFT2 =  120       NFFT3 =  120
     Cutoff=    9.000   Tol   =0.100E-04
     Ewald Coefficient =  0.30768
     Interpolation order =    4

--------------------------------------------------------------------------------
   3.  ATOMIC COORDINATES AND VELOCITIES
--------------------------------------------------------------------------------

default_name                                                                    
 begin time read from input coords =290040.000 ps

 
 Number of triangulated 3-point waters found:    31990

     Sum of charges from parm topology file =  -0.00000047
     Forcing neutrality...

| Dynamic Memory, Types Used:
| Reals             3080462
| Integers          3650456

| Nonbonded Pairs Initial Allocation:    23074056

| GPU memory information (estimate):
| KB of GPU memory in use:    789634
| KB of CPU memory in use:    210424

--------------------------------------------------------------------------------
   4.  RESULTS
--------------------------------------------------------------------------------

wrapping first mol.:      -38.30066      108.33064        0.00000

 NSTEP =    20000   TIME(PS) =  290080.000  TEMP(K) =   309.29  PRESS =     0.0
 Etot   =   -239009.6445  EKtot   =     62983.4141  EPtot      =   -301993.0586
 BOND   =      2098.3736  ANGLE   =      2490.6816  DIHED      =      1392.0521
 UB     =         0.0000  IMP     =         0.0000  CMAP       =       268.4726
 1-4 NB =      1180.3712  1-4 EEL =     15396.1982  VDWAALS    =     40781.7858
 EELEC  =   -365600.9937  EHBOND  =         0.0000  RESTRAINT  =         0.0000
 ------------------------------------------------------------------------------

wrapping first mol.:      -38.30066      108.33064        0.00000

 NSTEP =    40000   TIME(PS) =  290120.000  TEMP(K) =   311.53  PRESS =     0.0
 Etot   =   -238312.8993  EKtot   =     63439.0547  EPtot      =   -301751.9540
 BOND   =      2106.3118  ANGLE   =      2514.5942  DIHED      =      1419.3950
 UB     =         0.0000  IMP     =         0.0000  CMAP       =       268.0651
 1-4 NB =      1157.3886  1-4 EEL =     15361.3230  VDWAALS    =     40221.9026
 EELEC  =   -364800.9344  EHBOND  =         0.0000  RESTRAINT  =         0.0000
 ------------------------------------------------------------------------------

wrapping first mol.:      -38.30066      108.33064        0.00000

 NSTEP =    60000   TIME(PS) =  290160.000  TEMP(K) =   310.32  PRESS =     0.0
 Etot   =   -239113.4495  EKtot   =     63192.3359  EPtot      =   -302305.7854
 BOND   =      2093.1565  ANGLE   =      2406.3905  DIHED      =      1441.4248
 UB     =         0.0000  IMP     =         0.0000  CMAP       =       264.0319
 1-4 NB =      1192.1782  1-4 EEL =     15474.4365  VDWAALS    =     40410.5196
 EELEC  =   -365587.9234  EHBOND  =         0.0000  RESTRAINT  =         0.0000
 ------------------------------------------------------------------------------

wrapping first mol.:      -38.30066      108.33064        0.00000

 NSTEP =    80000   TIME(PS) =  290200.000  TEMP(K) =   312.10  PRESS =     0.0
 Etot   =   -237988.3860  EKtot   =     63553.7422  EPtot      =   -301542.1282
 BOND   =      2057.4649  ANGLE   =      2399.0456  DIHED      =      1394.4291
 UB     =         0.0000  IMP     =         0.0000  CMAP       =       265.5132
 1-4 NB =      1197.6220  1-4 EEL =     15401.6519  VDWAALS    =     40384.6740
 EELEC  =   -364642.5288  EHBOND  =         0.0000  RESTRAINT  =         0.0000
 ------------------------------------------------------------------------------

wrapping first mol.:      -38.30066      108.33064        0.00000

 NSTEP =   100000   TIME(PS) =  290240.000  TEMP(K) =   309.13  PRESS =     0.0
 Etot   =   -239122.1262  EKtot   =     62950.8008  EPtot      =   -302072.9270
 BOND   =      2083.5956  ANGLE   =      2433.0913  DIHED      =      1387.8207
 UB     =         0.0000  IMP     =         0.0000  CMAP       =       271.9106
 1-4 NB =      1198.0801  1-4 EEL =     15357.6126  VDWAALS    =     40732.0570
 EELEC  =   -365537.0949  EHBOND  =         0.0000  RESTRAINT  =         0.0000
 ------------------------------------------------------------------------------

wrapping first mol.:      -38.30066      108.33064        0.00000

 NSTEP =   120000   TIME(PS) =  290280.000  TEMP(K) =   309.40  PRESS =     0.0
 Etot   =   -238800.4672  EKtot   =     63004.8125  EPtot      =   -301805.2797
 BOND   =      2080.2631  ANGLE   =      2389.4660  DIHED      =      1396.9225
 UB     =         0.0000  IMP     =         0.0000  CMAP       =       265.6079
 1-4 NB =      1190.8989  1-4 EEL =     15350.6231  VDWAALS    =     40231.4704
 EELEC  =   -364710.5316  EHBOND  =         0.0000  RESTRAINT  =         0.0000
 ------------------------------------------------------------------------------

wrapping first mol.:      -38.30066      108.33064        0.00000

 NSTEP =   140000   TIME(PS) =  290320.000  TEMP(K) =   310.85  PRESS =     0.0
 Etot   =   -238761.3218  EKtot   =     63300.3242  EPtot      =   -302061.6460
 BOND   =      2048.0263  ANGLE   =      2390.9393  DIHED      =      1428.7621
 UB     =         0.0000  IMP     =         0.0000  CMAP       =       274.1523
 1-4 NB =      1197.2766  1-4 EEL =     15343.2177  VDWAALS    =     40355.1294
 EELEC  =   -365099.1498  EHBOND  =         0.0000  RESTRAINT  =         0.0000
 ------------------------------------------------------------------------------

wrapping first mol.:      -38.30066      108.33064        0.00000

 NSTEP =   160000   TIME(PS) =  290360.000  TEMP(K) =   309.28  PRESS =     0.0
 Etot   =   -238576.7713  EKtot   =     62981.2891  EPtot      =   -301558.0604
 BOND   =      2078.3490  ANGLE   =      2413.2115  DIHED      =      1415.6373
 UB     =         0.0000  IMP     =         0.0000  CMAP       =       259.1832
 1-4 NB =      1198.1973  1-4 EEL =     15384.1899  VDWAALS    =     40270.4884
 EELEC  =   -364577.3172  EHBOND  =         0.0000  RESTRAINT  =         0.0000
 ------------------------------------------------------------------------------

wrapping first mol.:      -38.30066      108.33064        0.00000

 NSTEP =   180000   TIME(PS) =  290400.000  TEMP(K) =   308.33  PRESS =     0.0
 Etot   =   -239264.0138  EKtot   =     62787.6875  EPtot      =   -302051.7013
 BOND   =      2106.5616  ANGLE   =      2384.4643  DIHED      =      1381.1110
 UB     =         0.0000  IMP     =         0.0000  CMAP       =       282.1361
 1-4 NB =      1166.8779  1-4 EEL =     15448.0465  VDWAALS    =     41223.5546
 EELEC  =   -366044.4532  EHBOND  =         0.0000  RESTRAINT  =         0.0000
 ------------------------------------------------------------------------------

wrapping first mol.:      -38.30066      108.33064        0.00000

 NSTEP =   200000   TIME(PS) =  290440.000  TEMP(K) =   310.26  PRESS =     0.0
 Etot   =   -238639.8804  EKtot   =     63179.2109  EPtot      =   -301819.0914
 BOND   =      2060.1182  ANGLE   =      2401.1585  DIHED      =      1393.4972
 UB     =         0.0000  IMP     =         0.0000  CMAP       =       281.6209
 1-4 NB =      1175.2118  1-4 EEL =     15413.6243  VDWAALS    =     40786.1592
 EELEC  =   -365330.4813  EHBOND  =         0.0000  RESTRAINT  =         0.0000
 ------------------------------------------------------------------------------

wrapping first mol.:      -38.30066      108.33064        0.00000

 NSTEP =   220000   TIME(PS) =  290480.000  TEMP(K) =   311.20  PRESS =     0.0
 Etot   =   -237968.1998  EKtot   =     63370.9453  EPtot      =   -301339.1451
 BOND   =      2095.9779  ANGLE   =      2436.3339  DIHED      =      1398.0005
 UB     =         0.0000  IMP     =         0.0000  CMAP       =       268.7598
 1-4 NB =      1205.1273  1-4 EEL =     15395.9475  VDWAALS    =     40813.3665
 EELEC  =   -364952.6585  EHBOND  =         0.0000  RESTRAINT  =         0.0000
 ------------------------------------------------------------------------------

wrapping first mol.:      -38.30066      108.33064        0.00000

 NSTEP =   240000   TIME(PS) =  290520.000  TEMP(K) =   309.20  PRESS =     0.0
 Etot   =   -238644.3075  EKtot   =     62964.4453  EPtot      =   -301608.7528
 BOND   =      2029.6655  ANGLE   =      2434.8747  DIHED      =      1419.2844
 UB     =         0.0000  IMP     =         0.0000  CMAP       =       284.9921
 1-4 NB =      1152.2262  1-4 EEL =     15374.5381  VDWAALS    =     40462.0913
 EELEC  =   -364766.4253  EHBOND  =         0.0000  RESTRAINT  =         0.0000
 ------------------------------------------------------------------------------

wrapping first mol.:      -38.30066      108.33064        0.00000

 NSTEP =   260000   TIME(PS) =  290560.000  TEMP(K) =   308.91  PRESS =     0.0
 Etot   =   -238830.5747  EKtot   =     62904.0703  EPtot      =   -301734.6450
 BOND   =      2065.1368  ANGLE   =      2394.0583  DIHED      =      1392.4752
 UB     =         0.0000  IMP     =         0.0000  CMAP       =       263.6809
 1-4 NB =      1161.6984  1-4 EEL =     15405.0299  VDWAALS    =     40561.0711
 EELEC  =   -364977.7955  EHBOND  =         0.0000  RESTRAINT  =         0.0000
 ------------------------------------------------------------------------------

wrapping first mol.:      -38.30066      108.33064        0.00000

 NSTEP =   280000   TIME(PS) =  290600.000  TEMP(K) =   309.77  PRESS =     0.0
 Etot   =   -238259.9527  EKtot   =     63080.3242  EPtot      =   -301340.2770
 BOND   =      2060.7417  ANGLE   =      2387.8922  DIHED      =      1410.2685
 UB     =         0.0000  IMP     =         0.0000  CMAP       =       261.6584
 1-4 NB =      1206.2667  1-4 EEL =     15432.9006  VDWAALS    =     40819.7235
 EELEC  =   -364919.7284  EHBOND  =         0.0000  RESTRAINT  =         0.0000
 ------------------------------------------------------------------------------

wrapping first mol.:      -38.30066      108.33064        0.00000

 NSTEP =   300000   TIME(PS) =  290640.000  TEMP(K) =   311.70  PRESS =     0.0
 Etot   =   -238334.0883  EKtot   =     63472.1914  EPtot      =   -301806.2797
 BOND   =      2144.5034  ANGLE   =      2460.0534  DIHED      =      1423.0900
 UB     =         0.0000  IMP     =         0.0000  CMAP       =       254.4096
 1-4 NB =      1173.5852  1-4 EEL =     15351.3052  VDWAALS    =     41142.7736
 EELEC  =   -365756.0001  EHBOND  =         0.0000  RESTRAINT  =         0.0000
 ------------------------------------------------------------------------------

wrapping first mol.:      -38.30066      108.33064        0.00000

 NSTEP =   320000   TIME(PS) =  290680.000  TEMP(K) =   310.74  PRESS =     0.0
 Etot   =   -238906.3593  EKtot   =     63278.3203  EPtot      =   -302184.6796
 BOND   =      2060.1077  ANGLE   =      2420.2985  DIHED      =      1404.4516
 UB     =         0.0000  IMP     =         0.0000  CMAP       =       285.7978
 1-4 NB =      1163.1353  1-4 EEL =     15416.2220  VDWAALS    =     40582.6733
 EELEC  =   -365517.3658  EHBOND  =         0.0000  RESTRAINT  =         0.0000
 ------------------------------------------------------------------------------

wrapping first mol.:      -38.30066      108.33064        0.00000

 NSTEP =   340000   TIME(PS) =  290720.000  TEMP(K) =   309.95  PRESS =     0.0
 Etot   =   -238963.3068  EKtot   =     63116.4922  EPtot      =   -302079.7990
 BOND   =      2115.4607  ANGLE   =      2330.9617  DIHED      =      1375.3086
 UB     =         0.0000  IMP     =         0.0000  CMAP       =       278.4148
 1-4 NB =      1169.4740  1-4 EEL =     15441.1313  VDWAALS    =     40857.9092
 EELEC  =   -365648.4592  EHBOND  =         0.0000  RESTRAINT  =         0.0000
 ------------------------------------------------------------------------------

wrapping first mol.:      -38.30066      108.33064        0.00000

 NSTEP =   360000   TIME(PS) =  290760.000  TEMP(K) =   309.08  PRESS =     0.0
 Etot   =   -239323.9971  EKtot   =     62940.0586  EPtot      =   -302264.0557
 BOND   =      2115.6300  ANGLE   =      2430.7594  DIHED      =      1397.6740
 UB     =         0.0000  IMP     =         0.0000  CMAP       =       270.8540
 1-4 NB =      1155.9772  1-4 EEL =     15445.2747  VDWAALS    =     40672.4385
 EELEC  =   -365752.6636  EHBOND  =         0.0000  RESTRAINT  =         0.0000
 ------------------------------------------------------------------------------

wrapping first mol.:      -38.30066      108.33064        0.00000

 NSTEP =   380000   TIME(PS) =  290800.000  TEMP(K) =   309.61  PRESS =     0.0
 Etot   =   -239361.5338  EKtot   =     63048.3594  EPtot      =   -302409.8932
 BOND   =      2066.1303  ANGLE   =      2455.5331  DIHED      =      1402.2949
 UB     =         0.0000  IMP     =         0.0000  CMAP       =       268.0676
 1-4 NB =      1159.7708  1-4 EEL =     15392.7691  VDWAALS    =     40887.1679
 EELEC  =   -366041.6270  EHBOND  =         0.0000  RESTRAINT  =         0.0000
 ------------------------------------------------------------------------------

wrapping first mol.:      -38.30066      108.33064        0.00000

 NSTEP =   400000   TIME(PS) =  290840.000  TEMP(K) =   312.27  PRESS =     0.0
 Etot   =   -238223.5046  EKtot   =     63590.1328  EPtot      =   -301813.6374
 BOND   =      2085.4547  ANGLE   =      2397.9087  DIHED      =      1412.0226
 UB     =         0.0000  IMP     =         0.0000  CMAP       =       257.6969
 1-4 NB =      1179.0402  1-4 EEL =     15388.3665  VDWAALS    =     40716.4733
 EELEC  =   -365250.6003  EHBOND  =         0.0000  RESTRAINT  =         0.0000
 ------------------------------------------------------------------------------

wrapping first mol.:      -38.30066      108.33064        0.00000

 NSTEP =   420000   TIME(PS) =  290880.000  TEMP(K) =   311.89  PRESS =     0.0
 Etot   =   -238351.7899  EKtot   =     63512.1016  EPtot      =   -301863.8915
 BOND   =      2030.1073  ANGLE   =      2384.4379  DIHED      =      1451.1900
 UB     =         0.0000  IMP     =         0.0000  CMAP       =       270.4132
 1-4 NB =      1187.7223  1-4 EEL =     15413.4044  VDWAALS    =     40920.1551
 EELEC  =   -365521.3217  EHBOND  =         0.0000  RESTRAINT  =         0.0000
 ------------------------------------------------------------------------------

wrapping first mol.:      -38.30066      108.33064        0.00000

 NSTEP =   440000   TIME(PS) =  290920.000  TEMP(K) =   310.62  PRESS =     0.0
 Etot   =   -239160.5717  EKtot   =     63253.5430  EPtot      =   -302414.1147
 BOND   =      2118.2203  ANGLE   =      2442.9054  DIHED      =      1396.3110
 UB     =         0.0000  IMP     =         0.0000  CMAP       =       258.3508
 1-4 NB =      1173.4712  1-4 EEL =     15409.9681  VDWAALS    =     40794.6314
 EELEC  =   -366007.9729  EHBOND  =         0.0000  RESTRAINT  =         0.0000
 ------------------------------------------------------------------------------

wrapping first mol.:      -38.30066      108.33064        0.00000

 NSTEP =   460000   TIME(PS) =  290960.000  TEMP(K) =   311.90  PRESS =     0.0
 Etot   =   -237843.5418  EKtot   =     63513.7422  EPtot      =   -301357.2840
 BOND   =      2109.5335  ANGLE   =      2458.9702  DIHED      =      1405.6754
 UB     =         0.0000  IMP     =         0.0000  CMAP       =       262.6457
 1-4 NB =      1161.4276  1-4 EEL =     15407.6293  VDWAALS    =     40538.5220
 EELEC  =   -364701.6876  EHBOND  =         0.0000  RESTRAINT  =         0.0000
 ------------------------------------------------------------------------------

wrapping first mol.:      -38.30066      108.33064        0.00000

 NSTEP =   480000   TIME(PS) =  291000.000  TEMP(K) =   309.33  PRESS =     0.0
 Etot   =   -239316.5172  EKtot   =     62990.4336  EPtot      =   -302306.9508
 BOND   =      2100.3510  ANGLE   =      2401.3638  DIHED      =      1425.8493
 UB     =         0.0000  IMP     =         0.0000  CMAP       =       256.2045
 1-4 NB =      1173.2024  1-4 EEL =     15364.9568  VDWAALS    =     40722.5838
 EELEC  =   -365751.4623  EHBOND  =         0.0000  RESTRAINT  =         0.0000
 ------------------------------------------------------------------------------

wrapping first mol.:      -38.30066      108.33064        0.00000

 NSTEP =   500000   TIME(PS) =  291040.000  TEMP(K) =   311.14  PRESS =     0.0
 Etot   =   -238329.1951  EKtot   =     63358.2344  EPtot      =   -301687.4295
 BOND   =      2125.9822  ANGLE   =      2480.7885  DIHED      =      1421.0116
 UB     =         0.0000  IMP     =         0.0000  CMAP       =       251.2936
 1-4 NB =      1171.8697  1-4 EEL =     15379.3060  VDWAALS    =     40989.7898
 EELEC  =   -365507.4707  EHBOND  =         0.0000  RESTRAINT  =         0.0000
 ------------------------------------------------------------------------------

wrapping first mol.:      -38.30066      108.33064        0.00000

 NSTEP =   520000   TIME(PS) =  291080.000  TEMP(K) =   310.28  PRESS =     0.0
 Etot   =   -238387.6877  EKtot   =     63183.3047  EPtot      =   -301570.9924
 BOND   =      2122.9713  ANGLE   =      2375.7754  DIHED      =      1434.7054
 UB     =         0.0000  IMP     =         0.0000  CMAP       =       252.8404
 1-4 NB =      1181.2581  1-4 EEL =     15439.0788  VDWAALS    =     40199.2123
 EELEC  =   -364576.8341  EHBOND  =         0.0000  RESTRAINT  =         0.0000
 ------------------------------------------------------------------------------

wrapping first mol.:      -38.30066      108.33064        0.00000

 NSTEP =   540000   TIME(PS) =  291120.000  TEMP(K) =   308.85  PRESS =     0.0
 Etot   =   -239044.4309  EKtot   =     62893.6953  EPtot      =   -301938.1262
 BOND   =      2176.7704  ANGLE   =      2391.3721  DIHED      =      1414.4460
 UB     =         0.0000  IMP     =         0.0000  CMAP       =       248.4559
 1-4 NB =      1178.8650  1-4 EEL =     15413.8175  VDWAALS    =     40732.7258
 EELEC  =   -365494.5789  EHBOND  =         0.0000  RESTRAINT  =         0.0000
 ------------------------------------------------------------------------------

wrapping first mol.:      -38.30066      108.33064        0.00000

 NSTEP =   560000   TIME(PS) =  291160.000  TEMP(K) =   309.81  PRESS =     0.0
 Etot   =   -239263.8590  EKtot   =     63087.3047  EPtot      =   -302351.1637
 BOND   =      2110.9862  ANGLE   =      2388.6048  DIHED      =      1419.1936
 UB     =         0.0000  IMP     =         0.0000  CMAP       =       247.1867
 1-4 NB =      1177.7328  1-4 EEL =     15437.1858  VDWAALS    =     40822.7541
 EELEC  =   -365954.8078  EHBOND  =         0.0000  RESTRAINT  =         0.0000
 ------------------------------------------------------------------------------

wrapping first mol.:      -38.30066      108.33064        0.00000

 NSTEP =   580000   TIME(PS) =  291200.000  TEMP(K) =   308.56  PRESS =     0.0
 Etot   =   -239175.7864  EKtot   =     62834.5664  EPtot      =   -302010.3528
 BOND   =      2056.2078  ANGLE   =      2373.5957  DIHED      =      1387.5293
 UB     =         0.0000  IMP     =         0.0000  CMAP       =       249.5543
 1-4 NB =      1183.4583  1-4 EEL =     15420.2077  VDWAALS    =     40899.5130
 EELEC  =   -365580.4189  EHBOND  =         0.0000  RESTRAINT  =         0.0000
 ------------------------------------------------------------------------------

wrapping first mol.:      -38.30066      108.33064        0.00000

 NSTEP =   600000   TIME(PS) =  291240.000  TEMP(K) =   309.89  PRESS =     0.0
 Etot   =   -238477.3133  EKtot   =     63105.3555  EPtot      =   -301582.6687
 BOND   =      2093.9443  ANGLE   =      2436.0318  DIHED      =      1382.5241
 UB     =         0.0000  IMP     =         0.0000  CMAP       =       254.4303
 1-4 NB =      1162.6991  1-4 EEL =     15423.0567  VDWAALS    =     40977.3199
 EELEC  =   -365312.6750  EHBOND  =         0.0000  RESTRAINT  =         0.0000
 ------------------------------------------------------------------------------

wrapping first mol.:      -38.30066      108.33064        0.00000

 NSTEP =   620000   TIME(PS) =  291280.000  TEMP(K) =   310.46  PRESS =     0.0
 Etot   =   -238456.4281  EKtot   =     63221.2109  EPtot      =   -301677.6390
 BOND   =      2056.4942  ANGLE   =      2432.0564  DIHED      =      1441.1836
 UB     =         0.0000  IMP     =         0.0000  CMAP       =       253.4058
 1-4 NB =      1165.3379  1-4 EEL =     15480.5983  VDWAALS    =     41029.3584
 EELEC  =   -365536.0737  EHBOND  =         0.0000  RESTRAINT  =         0.0000
 ------------------------------------------------------------------------------

wrapping first mol.:      -38.30066      108.33064        0.00000

 NSTEP =   640000   TIME(PS) =  291320.000  TEMP(K) =   310.01  PRESS =     0.0
 Etot   =   -238947.1862  EKtot   =     63128.5664  EPtot      =   -302075.7526
 BOND   =      2098.8981  ANGLE   =      2456.4339  DIHED      =      1409.5820
 UB     =         0.0000  IMP     =         0.0000  CMAP       =       243.0942
 1-4 NB =      1191.9176  1-4 EEL =     15447.1905  VDWAALS    =     40690.1764
 EELEC  =   -365613.0454  EHBOND  =         0.0000  RESTRAINT  =         0.0000
 ------------------------------------------------------------------------------

wrapping first mol.:      -38.30066      108.33064        0.00000

 NSTEP =   660000   TIME(PS) =  291360.000  TEMP(K) =   310.29  PRESS =     0.0
 Etot   =   -239126.1225  EKtot   =     63185.9180  EPtot      =   -302312.0405
 BOND   =      2090.7721  ANGLE   =      2392.4261  DIHED      =      1410.3419
 UB     =         0.0000  IMP     =         0.0000  CMAP       =       273.5154
 1-4 NB =      1173.3968  1-4 EEL =     15467.4424  VDWAALS    =     40307.4669
 EELEC  =   -365427.4022  EHBOND  =         0.0000  RESTRAINT  =         0.0000
 ------------------------------------------------------------------------------

wrapping first mol.:      -38.30066      108.33064        0.00000

 NSTEP =   680000   TIME(PS) =  291400.000  TEMP(K) =   310.50  PRESS =     0.0
 Etot   =   -239204.3930  EKtot   =     63228.7344  EPtot      =   -302433.1273
 BOND   =      2105.4316  ANGLE   =      2368.9648  DIHED      =      1396.3064
 UB     =         0.0000  IMP     =         0.0000  CMAP       =       269.6201
 1-4 NB =      1183.4536  1-4 EEL =     15445.2167  VDWAALS    =     40599.4730
 EELEC  =   -365801.5934  EHBOND  =         0.0000  RESTRAINT  =         0.0000
 ------------------------------------------------------------------------------

wrapping first mol.:      -38.30066      108.33064        0.00000

 NSTEP =   700000   TIME(PS) =  291440.000  TEMP(K) =   311.37  PRESS =     0.0
 Etot   =   -238532.5076  EKtot   =     63405.7656  EPtot      =   -301938.2732
 BOND   =      2095.6401  ANGLE   =      2419.1075  DIHED      =      1400.2403
 UB     =         0.0000  IMP     =         0.0000  CMAP       =       229.1907
 1-4 NB =      1179.7510  1-4 EEL =     15475.8472  VDWAALS    =     40612.9830
 EELEC  =   -365351.0331  EHBOND  =         0.0000  RESTRAINT  =         0.0000
 ------------------------------------------------------------------------------

wrapping first mol.:      -38.30066      108.33064        0.00000

 NSTEP =   720000   TIME(PS) =  291480.000  TEMP(K) =   310.92  PRESS =     0.0
 Etot   =   -238839.0703  EKtot   =     63315.1836  EPtot      =   -302154.2539
 BOND   =      2081.6123  ANGLE   =      2362.4688  DIHED      =      1389.8847
 UB     =         0.0000  IMP     =         0.0000  CMAP       =       256.3980
 1-4 NB =      1169.9473  1-4 EEL =     15472.4561  VDWAALS    =     40572.4970
 EELEC  =   -365459.5180  EHBOND  =         0.0000  RESTRAINT  =         0.0000
 ------------------------------------------------------------------------------

wrapping first mol.:      -38.30066      108.33064        0.00000

 NSTEP =   740000   TIME(PS) =  291520.000  TEMP(K) =   308.36  PRESS =     0.0
 Etot   =   -239478.2165  EKtot   =     62793.1055  EPtot      =   -302271.3220
 BOND   =      2033.8358  ANGLE   =      2354.2899  DIHED      =      1397.1766
 UB     =         0.0000  IMP     =         0.0000  CMAP       =       253.4644
 1-4 NB =      1200.8130  1-4 EEL =     15481.5109  VDWAALS    =     40826.8131
 EELEC  =   -365819.2257  EHBOND  =         0.0000  RESTRAINT  =         0.0000
 ------------------------------------------------------------------------------

wrapping first mol.:      -38.30066      108.33064        0.00000

 NSTEP =   760000   TIME(PS) =  291560.000  TEMP(K) =   310.33  PRESS =     0.0
 Etot   =   -238798.9275  EKtot   =     63193.2656  EPtot      =   -301992.1932
 BOND   =      2084.7339  ANGLE   =      2389.3853  DIHED      =      1410.7389
 UB     =         0.0000  IMP     =         0.0000  CMAP       =       255.4473
 1-4 NB =      1172.1522  1-4 EEL =     15388.9520  VDWAALS    =     40850.6109
 EELEC  =   -365544.2136  EHBOND  =         0.0000  RESTRAINT  =         0.0000
 ------------------------------------------------------------------------------

wrapping first mol.:      -38.30066      108.33064        0.00000

 NSTEP =   780000   TIME(PS) =  291600.000  TEMP(K) =   308.43  PRESS =     0.0
 Etot   =   -238814.0630  EKtot   =     62806.4258  EPtot      =   -301620.4887
 BOND   =      2112.0218  ANGLE   =      2451.7870  DIHED      =      1386.4849
 UB     =         0.0000  IMP     =         0.0000  CMAP       =       258.0027
 1-4 NB =      1152.5453  1-4 EEL =     15368.7854  VDWAALS    =     40568.4037
 EELEC  =   -364918.5196  EHBOND  =         0.0000  RESTRAINT  =         0.0000
 ------------------------------------------------------------------------------

wrapping first mol.:      -38.30066      108.33064        0.00000

 NSTEP =   800000   TIME(PS) =  291640.000  TEMP(K) =   309.79  PRESS =     0.0
 Etot   =   -238978.5063  EKtot   =     63084.3047  EPtot      =   -302062.8110
 BOND   =      2115.0928  ANGLE   =      2397.0253  DIHED      =      1420.8208
 UB     =         0.0000  IMP     =         0.0000  CMAP       =       255.1430
 1-4 NB =      1178.9136  1-4 EEL =     15452.6943  VDWAALS    =     40537.1872
 EELEC  =   -365419.6880  EHBOND  =         0.0000  RESTRAINT  =         0.0000
 ------------------------------------------------------------------------------

wrapping first mol.:      -38.30066      108.33064        0.00000

 NSTEP =   820000   TIME(PS) =  291680.000  TEMP(K) =   309.16  PRESS =     0.0
 Etot   =   -239305.3224  EKtot   =     62956.1133  EPtot      =   -302261.4357
 BOND   =      2096.9293  ANGLE   =      2373.0567  DIHED      =      1411.5833
 UB     =         0.0000  IMP     =         0.0000  CMAP       =       262.7890
 1-4 NB =      1180.4513  1-4 EEL =     15369.2918  VDWAALS    =     40904.4065
 EELEC  =   -365859.9436  EHBOND  =         0.0000  RESTRAINT  =         0.0000
 ------------------------------------------------------------------------------

wrapping first mol.:      -38.30066      108.33064        0.00000

 NSTEP =   840000   TIME(PS) =  291720.000  TEMP(K) =   310.00  PRESS =     0.0
 Etot   =   -238134.6527  EKtot   =     63126.1211  EPtot      =   -301260.7738
 BOND   =      2120.0682  ANGLE   =      2376.4857  DIHED      =      1367.9080
 UB     =         0.0000  IMP     =         0.0000  CMAP       =       252.5092
 1-4 NB =      1166.1997  1-4 EEL =     15397.5222  VDWAALS    =     40637.6159
 EELEC  =   -364579.0827  EHBOND  =         0.0000  RESTRAINT  =         0.0000
 ------------------------------------------------------------------------------

wrapping first mol.:      -38.30066      108.33064        0.00000

 NSTEP =   860000   TIME(PS) =  291760.000  TEMP(K) =   310.82  PRESS =     0.0
 Etot   =   -238892.0506  EKtot   =     63293.5000  EPtot      =   -302185.5506
 BOND   =      2089.3540  ANGLE   =      2405.1624  DIHED      =      1396.1427
 UB     =         0.0000  IMP     =         0.0000  CMAP       =       248.2656
 1-4 NB =      1174.1110  1-4 EEL =     15381.5893  VDWAALS    =     40565.5385
 EELEC  =   -365445.7140  EHBOND  =         0.0000  RESTRAINT  =         0.0000
 ------------------------------------------------------------------------------

wrapping first mol.:      -38.30066      108.33064        0.00000

 NSTEP =   880000   TIME(PS) =  291800.000  TEMP(K) =   309.45  PRESS =     0.0
 Etot   =   -238757.2663  EKtot   =     63014.4883  EPtot      =   -301771.7546
 BOND   =      2075.9382  ANGLE   =      2477.9216  DIHED      =      1414.3181
 UB     =         0.0000  IMP     =         0.0000  CMAP       =       243.6803
 1-4 NB =      1173.1370  1-4 EEL =     15360.6530  VDWAALS    =     40879.0435
 EELEC  =   -365396.4463  EHBOND  =         0.0000  RESTRAINT  =         0.0000
 ------------------------------------------------------------------------------

wrapping first mol.:      -38.30066      108.33064        0.00000

 NSTEP =   900000   TIME(PS) =  291840.000  TEMP(K) =   310.49  PRESS =     0.0
 Etot   =   -239492.2746  EKtot   =     63227.1094  EPtot      =   -302719.3840
 BOND   =      2121.8584  ANGLE   =      2376.4351  DIHED      =      1406.9067
 UB     =         0.0000  IMP     =         0.0000  CMAP       =       244.8093
 1-4 NB =      1182.7140  1-4 EEL =     15399.9799  VDWAALS    =     40697.1259
 EELEC  =   -366149.2132  EHBOND  =         0.0000  RESTRAINT  =         0.0000
 ------------------------------------------------------------------------------

wrapping first mol.:      -38.30066      108.33064        0.00000

 NSTEP =   920000   TIME(PS) =  291880.000  TEMP(K) =   310.85  PRESS =     0.0
 Etot   =   -238671.9085  EKtot   =     63299.7539  EPtot      =   -301971.6624
 BOND   =      2141.3028  ANGLE   =      2480.1168  DIHED      =      1381.2426
 UB     =         0.0000  IMP     =         0.0000  CMAP       =       265.4234
 1-4 NB =      1174.8918  1-4 EEL =     15384.9095  VDWAALS    =     40935.7974
 EELEC  =   -365735.3467  EHBOND  =         0.0000  RESTRAINT  =         0.0000
 ------------------------------------------------------------------------------

wrapping first mol.:      -38.30066      108.33064        0.00000

 NSTEP =   940000   TIME(PS) =  291920.000  TEMP(K) =   309.46  PRESS =     0.0
 Etot   =   -239178.4771  EKtot   =     63016.5938  EPtot      =   -302195.0709
 BOND   =      2057.5384  ANGLE   =      2448.1326  DIHED      =      1430.2170
 UB     =         0.0000  IMP     =         0.0000  CMAP       =       249.5646
 1-4 NB =      1176.3214  1-4 EEL =     15391.3793  VDWAALS    =     40897.4349
 EELEC  =   -365845.6591  EHBOND  =         0.0000  RESTRAINT  =         0.0000
 ------------------------------------------------------------------------------

wrapping first mol.:      -38.30066      108.33064        0.00000

 NSTEP =   960000   TIME(PS) =  291960.000  TEMP(K) =   309.37  PRESS =     0.0
 Etot   =   -239010.9679  EKtot   =     62998.3398  EPtot      =   -302009.3078
 BOND   =      2046.2309  ANGLE   =      2407.3222  DIHED      =      1407.4749
 UB     =         0.0000  IMP     =         0.0000  CMAP       =       239.2513
 1-4 NB =      1177.8874  1-4 EEL =     15430.3111  VDWAALS    =     40622.2558
 EELEC  =   -365340.0414  EHBOND  =         0.0000  RESTRAINT  =         0.0000
 ------------------------------------------------------------------------------

wrapping first mol.:      -38.30066      108.33064        0.00000

 NSTEP =   980000   TIME(PS) =  292000.000  TEMP(K) =   309.81  PRESS =     0.0
 Etot   =   -238446.9849  EKtot   =     63087.6172  EPtot      =   -301534.6021
 BOND   =      2070.8856  ANGLE   =      2385.9129  DIHED      =      1434.1744
 UB     =         0.0000  IMP     =         0.0000  CMAP       =       268.6671
 1-4 NB =      1185.1909  1-4 EEL =     15424.7007  VDWAALS    =     40452.1034
 EELEC  =   -364756.2373  EHBOND  =         0.0000  RESTRAINT  =         0.0000
 ------------------------------------------------------------------------------

wrapping first mol.:      -38.30066      108.33064        0.00000

 NSTEP =  1000000   TIME(PS) =  292040.000  TEMP(K) =   310.56  PRESS =     0.0
 Etot   =   -238978.1718  EKtot   =     63240.0938  EPtot      =   -302218.2656
 BOND   =      2111.8092  ANGLE   =      2338.2467  DIHED      =      1415.7252
 UB     =         0.0000  IMP     =         0.0000  CMAP       =       245.2052
 1-4 NB =      1157.4371  1-4 EEL =     15403.9211  VDWAALS    =     40885.2724
 EELEC  =   -365775.8824  EHBOND  =         0.0000  RESTRAINT  =         0.0000
 ------------------------------------------------------------------------------

wrapping first mol.:      -38.30066      108.33064        0.00000

 NSTEP =  1020000   TIME(PS) =  292080.000  TEMP(K) =   310.40  PRESS =     0.0
 Etot   =   -238547.7697  EKtot   =     63208.6758  EPtot      =   -301756.4455
 BOND   =      2081.1033  ANGLE   =      2447.8686  DIHED      =      1418.8154
 UB     =         0.0000  IMP     =         0.0000  CMAP       =       254.7475
 1-4 NB =      1168.3441  1-4 EEL =     15435.3874  VDWAALS    =     40847.5826
 EELEC  =   -365410.2943  EHBOND  =         0.0000  RESTRAINT  =         0.0000
 ------------------------------------------------------------------------------

wrapping first mol.:      -38.30066      108.33064        0.00000

 NSTEP =  1040000   TIME(PS) =  292120.000  TEMP(K) =   310.55  PRESS =     0.0
 Etot   =   -238530.3073  EKtot   =     63238.5156  EPtot      =   -301768.8229
 BOND   =      2071.8523  ANGLE   =      2443.9853  DIHED      =      1390.3137
 UB     =         0.0000  IMP     =         0.0000  CMAP       =       263.4659
 1-4 NB =      1165.7892  1-4 EEL =     15358.8440  VDWAALS    =     40517.5628
 EELEC  =   -364980.6360  EHBOND  =         0.0000  RESTRAINT  =         0.0000
 ------------------------------------------------------------------------------

wrapping first mol.:      -38.30066      108.33064        0.00000

 NSTEP =  1060000   TIME(PS) =  292160.000  TEMP(K) =   309.55  PRESS =     0.0
 Etot   =   -238571.5154  EKtot   =     63036.0586  EPtot      =   -301607.5740
 BOND   =      2119.1751  ANGLE   =      2471.7724  DIHED      =      1366.9518
 UB     =         0.0000  IMP     =         0.0000  CMAP       =       246.4674
 1-4 NB =      1159.1239  1-4 EEL =     15360.2084  VDWAALS    =     40748.6212
 EELEC  =   -365079.8941  EHBOND  =         0.0000  RESTRAINT  =         0.0000
 ------------------------------------------------------------------------------

wrapping first mol.:      -38.30066      108.33064        0.00000

 NSTEP =  1080000   TIME(PS) =  292200.000  TEMP(K) =   309.64  PRESS =     0.0
 Etot   =   -239139.8652  EKtot   =     63053.0195  EPtot      =   -302192.8848
 BOND   =      2121.8350  ANGLE   =      2402.2412  DIHED      =      1383.1366
 UB     =         0.0000  IMP     =         0.0000  CMAP       =       256.4575
 1-4 NB =      1176.3224  1-4 EEL =     15435.1238  VDWAALS    =     40912.5321
 EELEC  =   -365880.5333  EHBOND  =         0.0000  RESTRAINT  =         0.0000
 ------------------------------------------------------------------------------

wrapping first mol.:      -38.30066      108.33064        0.00000

 NSTEP =  1100000   TIME(PS) =  292240.000  TEMP(K) =   308.40  PRESS =     0.0
 Etot   =   -238911.9797  EKtot   =     62802.1914  EPtot      =   -301714.1711
 BOND   =      2042.5099  ANGLE   =      2375.0659  DIHED      =      1394.6330
 UB     =         0.0000  IMP     =         0.0000  CMAP       =       258.4553
 1-4 NB =      1173.1417  1-4 EEL =     15366.3129  VDWAALS    =     41183.2645
 EELEC  =   -365507.5543  EHBOND  =         0.0000  RESTRAINT  =         0.0000
 ------------------------------------------------------------------------------

wrapping first mol.:      -38.30066      108.33064        0.00000

 NSTEP =  1120000   TIME(PS) =  292280.000  TEMP(K) =   310.22  PRESS =     0.0
 Etot   =   -238696.9666  EKtot   =     63172.7031  EPtot      =   -301869.6697
 BOND   =      2078.7557  ANGLE   =      2440.3002  DIHED      =      1379.0855
 UB     =         0.0000  IMP     =         0.0000  CMAP       =       263.4701
 1-4 NB =      1186.9287  1-4 EEL =     15300.1104  VDWAALS    =     40656.9345
 EELEC  =   -365175.2550  EHBOND  =         0.0000  RESTRAINT  =         0.0000
 ------------------------------------------------------------------------------

wrapping first mol.:      -38.30066      108.33064        0.00000

 NSTEP =  1140000   TIME(PS) =  292320.000  TEMP(K) =   308.96  PRESS =     0.0
 Etot   =   -238696.6500  EKtot   =     62915.8008  EPtot      =   -301612.4507
 BOND   =      2062.1868  ANGLE   =      2394.5682  DIHED      =      1403.8692
 UB     =         0.0000  IMP     =         0.0000  CMAP       =       264.3582
 1-4 NB =      1163.0800  1-4 EEL =     15327.2208  VDWAALS    =     40178.7191
 EELEC  =   -364406.4531  EHBOND  =         0.0000  RESTRAINT  =         0.0000
 ------------------------------------------------------------------------------

wrapping first mol.:      -38.30066      108.33064        0.00000

 NSTEP =  1160000   TIME(PS) =  292360.000  TEMP(K) =   309.30  PRESS =     0.0
 Etot   =   -238123.8431  EKtot   =     62985.0430  EPtot      =   -301108.8860
 BOND   =      2117.9033  ANGLE   =      2387.7612  DIHED      =      1392.1292
 UB     =         0.0000  IMP     =         0.0000  CMAP       =       270.5382
 1-4 NB =      1153.7221  1-4 EEL =     15361.2164  VDWAALS    =     40198.1314
 EELEC  =   -363990.2878  EHBOND  =         0.0000  RESTRAINT  =         0.0000
 ------------------------------------------------------------------------------

wrapping first mol.:      -38.30066      108.33064        0.00000

 NSTEP =  1180000   TIME(PS) =  292400.000  TEMP(K) =   309.00  PRESS =     0.0
 Etot   =   -239255.8302  EKtot   =     62924.0898  EPtot      =   -302179.9201
 BOND   =      2050.4913  ANGLE   =      2416.5621  DIHED      =      1384.1746
 UB     =         0.0000  IMP     =         0.0000  CMAP       =       271.9972
 1-4 NB =      1197.4901  1-4 EEL =     15426.1088  VDWAALS    =     40498.8287
 EELEC  =   -365425.5731  EHBOND  =         0.0000  RESTRAINT  =         0.0000
 ------------------------------------------------------------------------------

wrapping first mol.:      -38.30066      108.33064        0.00000

 NSTEP =  1200000   TIME(PS) =  292440.000  TEMP(K) =   308.77  PRESS =     0.0
 Etot   =   -239220.1777  EKtot   =     62877.0938  EPtot      =   -302097.2715
 BOND   =      2104.5757  ANGLE   =      2396.1561  DIHED      =      1385.1867
 UB     =         0.0000  IMP     =         0.0000  CMAP       =       262.0075
 1-4 NB =      1181.9624  1-4 EEL =     15330.6536  VDWAALS    =     40435.9107
 EELEC  =   -365193.7242  EHBOND  =         0.0000  RESTRAINT  =         0.0000
 ------------------------------------------------------------------------------

wrapping first mol.:      -38.30066      108.33064        0.00000

 NSTEP =  1220000   TIME(PS) =  292480.000  TEMP(K) =   310.64  PRESS =     0.0
 Etot   =   -238547.0689  EKtot   =     63258.2344  EPtot      =   -301805.3032
 BOND   =      2043.5816  ANGLE   =      2425.0315  DIHED      =      1386.4515
 UB     =         0.0000  IMP     =         0.0000  CMAP       =       262.8922
 1-4 NB =      1185.3503  1-4 EEL =     15343.5913  VDWAALS    =     40610.6387
 EELEC  =   -365062.8404  EHBOND  =         0.0000  RESTRAINT  =         0.0000
 ------------------------------------------------------------------------------

wrapping first mol.:      -38.30066      108.33064        0.00000

 NSTEP =  1240000   TIME(PS) =  292520.000  TEMP(K) =   308.69  PRESS =     0.0
 Etot   =   -238836.5413  EKtot   =     62859.5430  EPtot      =   -301696.0843
 BOND   =      2131.1532  ANGLE   =      2435.0982  DIHED      =      1392.4184
 UB     =         0.0000  IMP     =         0.0000  CMAP       =       247.9869
 1-4 NB =      1180.1945  1-4 EEL =     15372.6673  VDWAALS    =     41008.8055
 EELEC  =   -365464.4083  EHBOND  =         0.0000  RESTRAINT  =         0.0000
 ------------------------------------------------------------------------------

wrapping first mol.:      -38.30066      108.33064        0.00000

 NSTEP =  1260000   TIME(PS) =  292560.000  TEMP(K) =   310.27  PRESS =     0.0
 Etot   =   -238795.3378  EKtot   =     63182.2383  EPtot      =   -301977.5761
 BOND   =      2059.7943  ANGLE   =      2462.7943  DIHED      =      1387.0840
 UB     =         0.0000  IMP     =         0.0000  CMAP       =       247.6677
 1-4 NB =      1195.2533  1-4 EEL =     15382.3449  VDWAALS    =     40784.1813
 EELEC  =   -365496.6958  EHBOND  =         0.0000  RESTRAINT  =         0.0000
 ------------------------------------------------------------------------------

wrapping first mol.:      -38.30066      108.33064        0.00000

 NSTEP =  1280000   TIME(PS) =  292600.000  TEMP(K) =   311.37  PRESS =     0.0
 Etot   =   -237974.8328  EKtot   =     63405.0586  EPtot      =   -301379.8914
 BOND   =      2136.4087  ANGLE   =      2390.9103  DIHED      =      1391.3864
 UB     =         0.0000  IMP     =         0.0000  CMAP       =       254.2056
 1-4 NB =      1182.3777  1-4 EEL =     15332.1578  VDWAALS    =     40774.0847
 EELEC  =   -364841.4226  EHBOND  =         0.0000  RESTRAINT  =         0.0000
 ------------------------------------------------------------------------------

wrapping first mol.:      -38.30066      108.33064        0.00000

 NSTEP =  1300000   TIME(PS) =  292640.000  TEMP(K) =   311.00  PRESS =     0.0
 Etot   =   -238306.4416  EKtot   =     63330.8594  EPtot      =   -301637.3010
 BOND   =      2098.6022  ANGLE   =      2428.5933  DIHED      =      1423.8134
 UB     =         0.0000  IMP     =         0.0000  CMAP       =       264.9465
 1-4 NB =      1176.5021  1-4 EEL =     15272.5129  VDWAALS    =     40441.5926
 EELEC  =   -364743.8638  EHBOND  =         0.0000  RESTRAINT  =         0.0000
 ------------------------------------------------------------------------------

wrapping first mol.:      -38.30066      108.33064        0.00000

 NSTEP =  1320000   TIME(PS) =  292680.000  TEMP(K) =   308.48  PRESS =     0.0
 Etot   =   -238968.5731  EKtot   =     62817.1641  EPtot      =   -301785.7372
 BOND   =      2104.1696  ANGLE   =      2401.3451  DIHED      =      1384.6175
 UB     =         0.0000  IMP     =         0.0000  CMAP       =       285.4319
 1-4 NB =      1155.2443  1-4 EEL =     15315.9723  VDWAALS    =     40803.7416
 EELEC  =   -365236.2595  EHBOND  =         0.0000  RESTRAINT  =         0.0000
 ------------------------------------------------------------------------------

wrapping first mol.:      -38.30066      108.33064        0.00000

 NSTEP =  1340000   TIME(PS) =  292720.000  TEMP(K) =   309.95  PRESS =     0.0
 Etot   =   -238922.9528  EKtot   =     63116.6211  EPtot      =   -302039.5739
 BOND   =      2089.8571  ANGLE   =      2399.6579  DIHED      =      1326.9541
 UB     =         0.0000  IMP     =         0.0000  CMAP       =       259.1595
 1-4 NB =      1188.2548  1-4 EEL =     15347.1999  VDWAALS    =     40801.4842
 EELEC  =   -365452.1414  EHBOND  =         0.0000  RESTRAINT  =         0.0000
 ------------------------------------------------------------------------------

wrapping first mol.:      -38.30066      108.33064        0.00000

 NSTEP =  1360000   TIME(PS) =  292760.000  TEMP(K) =   308.60  PRESS =     0.0
 Etot   =   -239001.0295  EKtot   =     62842.8906  EPtot      =   -301843.9201
 BOND   =      2043.9592  ANGLE   =      2435.1028  DIHED      =      1384.5371
 UB     =         0.0000  IMP     =         0.0000  CMAP       =       257.1233
 1-4 NB =      1181.6465  1-4 EEL =     15333.6430  VDWAALS    =     40719.3377
 EELEC  =   -365199.2697  EHBOND  =         0.0000  RESTRAINT  =         0.0000
 ------------------------------------------------------------------------------

wrapping first mol.:      -38.30066      108.33064        0.00000

 NSTEP =  1380000   TIME(PS) =  292800.000  TEMP(K) =   310.38  PRESS =     0.0
 Etot   =   -238710.4626  EKtot   =     63203.3945  EPtot      =   -301913.8571
 BOND   =      2084.1755  ANGLE   =      2416.9371  DIHED      =      1403.0804
 UB     =         0.0000  IMP     =         0.0000  CMAP       =       250.6265
 1-4 NB =      1173.0714  1-4 EEL =     15403.0558  VDWAALS    =     40658.8607
 EELEC  =   -365303.6646  EHBOND  =         0.0000  RESTRAINT  =         0.0000
 ------------------------------------------------------------------------------

wrapping first mol.:      -38.30066      108.33064        0.00000

 NSTEP =  1400000   TIME(PS) =  292840.000  TEMP(K) =   309.93  PRESS =     0.0
 Etot   =   -238845.8855  EKtot   =     63112.9180  EPtot      =   -301958.8035
 BOND   =      2030.0566  ANGLE   =      2454.5754  DIHED      =      1379.4103
 UB     =         0.0000  IMP     =         0.0000  CMAP       =       258.9880
 1-4 NB =      1177.6273  1-4 EEL =     15344.2814  VDWAALS    =     41077.0089
 EELEC  =   -365680.7514  EHBOND  =         0.0000  RESTRAINT  =         0.0000
 ------------------------------------------------------------------------------

wrapping first mol.:      -38.30066      108.33064        0.00000

 NSTEP =  1420000   TIME(PS) =  292880.000  TEMP(K) =   308.66  PRESS =     0.0
 Etot   =   -238661.6388  EKtot   =     62854.1484  EPtot      =   -301515.7873
 BOND   =      2080.2917  ANGLE   =      2418.6066  DIHED      =      1382.8762
 UB     =         0.0000  IMP     =         0.0000  CMAP       =       257.6774
 1-4 NB =      1189.6708  1-4 EEL =     15358.2598  VDWAALS    =     40661.4767
 EELEC  =   -364864.6465  EHBOND  =         0.0000  RESTRAINT  =         0.0000
 ------------------------------------------------------------------------------

wrapping first mol.:      -38.30066      108.33064        0.00000

 NSTEP =  1440000   TIME(PS) =  292920.000  TEMP(K) =   308.85  PRESS =     0.0
 Etot   =   -239613.4450  EKtot   =     62893.5273  EPtot      =   -302506.9724
 BOND   =      2176.5921  ANGLE   =      2370.0331  DIHED      =      1416.1240
 UB     =         0.0000  IMP     =         0.0000  CMAP       =       266.1062
 1-4 NB =      1150.0537  1-4 EEL =     15369.3340  VDWAALS    =     40421.7896
 EELEC  =   -365677.0051  EHBOND  =         0.0000  RESTRAINT  =         0.0000
 ------------------------------------------------------------------------------

wrapping first mol.:      -38.30066      108.33064        0.00000

 NSTEP =  1460000   TIME(PS) =  292960.000  TEMP(K) =   309.90  PRESS =     0.0
 Etot   =   -238918.5770  EKtot   =     63106.8789  EPtot      =   -302025.4559
 BOND   =      2147.3046  ANGLE   =      2391.4811  DIHED      =      1404.4941
 UB     =         0.0000  IMP     =         0.0000  CMAP       =       235.1960
 1-4 NB =      1164.1234  1-4 EEL =     15403.6092  VDWAALS    =     40470.1595
 EELEC  =   -365241.8237  EHBOND  =         0.0000  RESTRAINT  =         0.0000
 ------------------------------------------------------------------------------

wrapping first mol.:      -38.30066      108.33064        0.00000

 NSTEP =  1480000   TIME(PS) =  293000.000  TEMP(K) =   310.43  PRESS =     0.0
 Etot   =   -238829.8247  EKtot   =     63214.9922  EPtot      =   -302044.8168
 BOND   =      2072.1713  ANGLE   =      2435.0914  DIHED      =      1397.2067
 UB     =         0.0000  IMP     =         0.0000  CMAP       =       253.8550
 1-4 NB =      1172.6218  1-4 EEL =     15403.3190  VDWAALS    =     40593.5576
 EELEC  =   -365372.6396  EHBOND  =         0.0000  RESTRAINT  =         0.0000
 ------------------------------------------------------------------------------

wrapping first mol.:      -38.30066      108.33064        0.00000

 NSTEP =  1500000   TIME(PS) =  293040.000  TEMP(K) =   310.89  PRESS =     0.0
 Etot   =   -238424.7447  EKtot   =     63308.3438  EPtot      =   -301733.0884
 BOND   =      2088.2531  ANGLE   =      2419.9899  DIHED      =      1393.8957
 UB     =         0.0000  IMP     =         0.0000  CMAP       =       270.5721
 1-4 NB =      1169.2584  1-4 EEL =     15392.7693  VDWAALS    =     40917.3799
 EELEC  =   -365385.2068  EHBOND  =         0.0000  RESTRAINT  =         0.0000
 ------------------------------------------------------------------------------

wrapping first mol.:      -38.30066      108.33064        0.00000

 NSTEP =  1520000   TIME(PS) =  293080.000  TEMP(K) =   310.04  PRESS =     0.0
 Etot   =   -238715.5848  EKtot   =     63135.5859  EPtot      =   -301851.1707
 BOND   =      2140.0818  ANGLE   =      2443.9648  DIHED      =      1422.2511
 UB     =         0.0000  IMP     =         0.0000  CMAP       =       244.0050
 1-4 NB =      1159.7079  1-4 EEL =     15297.5730  VDWAALS    =     40756.1697
 EELEC  =   -365314.9240  EHBOND  =         0.0000  RESTRAINT  =         0.0000
 ------------------------------------------------------------------------------

wrapping first mol.:      -38.30066      108.33064        0.00000

 NSTEP =  1540000   TIME(PS) =  293120.000  TEMP(K) =   309.22  PRESS =     0.0
 Etot   =   -238653.8034  EKtot   =     62968.3047  EPtot      =   -301622.1081
 BOND   =      2090.4320  ANGLE   =      2366.6479  DIHED      =      1418.2558
 UB     =         0.0000  IMP     =         0.0000  CMAP       =       288.3744
 1-4 NB =      1212.0274  1-4 EEL =     15411.9311  VDWAALS    =     40696.0102
 EELEC  =   -365105.7869  EHBOND  =         0.0000  RESTRAINT  =         0.0000
 ------------------------------------------------------------------------------

wrapping first mol.:      -38.30066      108.33064        0.00000

 NSTEP =  1560000   TIME(PS) =  293160.000  TEMP(K) =   309.34  PRESS =     0.0
 Etot   =   -239243.0362  EKtot   =     62993.4648  EPtot      =   -302236.5011
 BOND   =      2102.1522  ANGLE   =      2393.3295  DIHED      =      1391.2172
 UB     =         0.0000  IMP     =         0.0000  CMAP       =       263.3551
 1-4 NB =      1175.6759  1-4 EEL =     15458.7798  VDWAALS    =     41009.3881
 EELEC  =   -366030.3988  EHBOND  =         0.0000  RESTRAINT  =         0.0000
 ------------------------------------------------------------------------------

wrapping first mol.:      -38.30066      108.33064        0.00000

 NSTEP =  1580000   TIME(PS) =  293200.000  TEMP(K) =   310.75  PRESS =     0.0
 Etot   =   -238808.3488  EKtot   =     63279.8555  EPtot      =   -302088.2043
 BOND   =      2088.0772  ANGLE   =      2359.5127  DIHED      =      1398.9358
 UB     =         0.0000  IMP     =         0.0000  CMAP       =       290.0997
 1-4 NB =      1171.1937  1-4 EEL =     15394.6829  VDWAALS    =     40353.4409
 EELEC  =   -365144.1473  EHBOND  =         0.0000  RESTRAINT  =         0.0000
 ------------------------------------------------------------------------------

wrapping first mol.:      -38.30066      108.33064        0.00000

 NSTEP =  1600000   TIME(PS) =  293240.000  TEMP(K) =   310.40  PRESS =     0.0
 Etot   =   -238737.1504  EKtot   =     63207.7383  EPtot      =   -301944.8887
 BOND   =      2094.3632  ANGLE   =      2346.4963  DIHED      =      1405.2792
 UB     =         0.0000  IMP     =         0.0000  CMAP       =       303.0403
 1-4 NB =      1182.4597  1-4 EEL =     15386.4347  VDWAALS    =     40524.9510
 EELEC  =   -365187.9133  EHBOND  =         0.0000  RESTRAINT  =         0.0000
 ------------------------------------------------------------------------------

wrapping first mol.:      -38.30066      108.33064        0.00000

 NSTEP =  1620000   TIME(PS) =  293280.000  TEMP(K) =   311.15  PRESS =     0.0
 Etot   =   -237893.6150  EKtot   =     63362.0430  EPtot      =   -301255.6580
 BOND   =      2053.5459  ANGLE   =      2394.8258  DIHED      =      1404.3715
 UB     =         0.0000  IMP     =         0.0000  CMAP       =       256.8415
 1-4 NB =      1170.6743  1-4 EEL =     15411.5509  VDWAALS    =     40066.8055
 EELEC  =   -364014.2732  EHBOND  =         0.0000  RESTRAINT  =         0.0000
 ------------------------------------------------------------------------------

wrapping first mol.:      -38.30066      108.33064        0.00000

 NSTEP =  1640000   TIME(PS) =  293320.000  TEMP(K) =   309.69  PRESS =     0.0
 Etot   =   -238914.1559  EKtot   =     63064.3867  EPtot      =   -301978.5426
 BOND   =      2125.3494  ANGLE   =      2446.6697  DIHED      =      1445.9189
 UB     =         0.0000  IMP     =         0.0000  CMAP       =       244.6808
 1-4 NB =      1183.6126  1-4 EEL =     15378.9935  VDWAALS    =     40721.2508
 EELEC  =   -365525.0182  EHBOND  =         0.0000  RESTRAINT  =         0.0000
 ------------------------------------------------------------------------------

wrapping first mol.:      -38.30066      108.33064        0.00000

 NSTEP =  1660000   TIME(PS) =  293360.000  TEMP(K) =   310.31  PRESS =     0.0
 Etot   =   -238131.7077  EKtot   =     63189.9062  EPtot      =   -301321.6139
 BOND   =      2079.1988  ANGLE   =      2416.8214  DIHED      =      1382.6335
 UB     =         0.0000  IMP     =         0.0000  CMAP       =       247.9937
 1-4 NB =      1177.0366  1-4 EEL =     15407.9234  VDWAALS    =     40803.2028
 EELEC  =   -364836.4240  EHBOND  =         0.0000  RESTRAINT  =         0.0000
 ------------------------------------------------------------------------------

wrapping first mol.:      -38.30066      108.33064        0.00000

 NSTEP =  1680000   TIME(PS) =  293400.000  TEMP(K) =   309.57  PRESS =     0.0
 Etot   =   -239035.0766  EKtot   =     63039.3828  EPtot      =   -302074.4594
 BOND   =      2075.4794  ANGLE   =      2437.4244  DIHED      =      1369.5520
 UB     =         0.0000  IMP     =         0.0000  CMAP       =       249.9972
 1-4 NB =      1192.6969  1-4 EEL =     15382.2680  VDWAALS    =     40661.1597
 EELEC  =   -365443.0368  EHBOND  =         0.0000  RESTRAINT  =         0.0000
 ------------------------------------------------------------------------------

wrapping first mol.:      -38.30066      108.33064        0.00000

 NSTEP =  1700000   TIME(PS) =  293440.000  TEMP(K) =   310.97  PRESS =     0.0
 Etot   =   -238227.8332  EKtot   =     63324.7969  EPtot      =   -301552.6300
 BOND   =      2096.8423  ANGLE   =      2393.8567  DIHED      =      1367.3663
 UB     =         0.0000  IMP     =         0.0000  CMAP       =       263.2528
 1-4 NB =      1188.8117  1-4 EEL =     15439.9380  VDWAALS    =     40183.0597
 EELEC  =   -364485.7577  EHBOND  =         0.0000  RESTRAINT  =         0.0000
 ------------------------------------------------------------------------------

wrapping first mol.:      -38.30066      108.33064        0.00000

 NSTEP =  1720000   TIME(PS) =  293480.000  TEMP(K) =   310.18  PRESS =     0.0
 Etot   =   -239004.3644  EKtot   =     63164.5820  EPtot      =   -302168.9465
 BOND   =      2111.0851  ANGLE   =      2404.2927  DIHED      =      1413.3522
 UB     =         0.0000  IMP     =         0.0000  CMAP       =       259.4061
 1-4 NB =      1175.8210  1-4 EEL =     15364.8301  VDWAALS    =     40614.6356
 EELEC  =   -365512.3693  EHBOND  =         0.0000  RESTRAINT  =         0.0000
 ------------------------------------------------------------------------------

wrapping first mol.:      -38.30066      108.33064        0.00000

 NSTEP =  1740000   TIME(PS) =  293520.000  TEMP(K) =   309.82  PRESS =     0.0
 Etot   =   -239381.1000  EKtot   =     63091.2305  EPtot      =   -302472.3304
 BOND   =      2109.1162  ANGLE   =      2385.6689  DIHED      =      1375.8730
 UB     =         0.0000  IMP     =         0.0000  CMAP       =       280.6060
 1-4 NB =      1173.3000  1-4 EEL =     15344.6016  VDWAALS    =     41264.9585
 EELEC  =   -366406.4547  EHBOND  =         0.0000  RESTRAINT  =         0.0000
 ------------------------------------------------------------------------------

wrapping first mol.:      -38.30066      108.33064        0.00000

 NSTEP =  1760000   TIME(PS) =  293560.000  TEMP(K) =   309.25  PRESS =     0.0
 Etot   =   -239016.0022  EKtot   =     62975.2891  EPtot      =   -301991.2913
 BOND   =      2074.2567  ANGLE   =      2411.6513  DIHED      =      1414.1123
 UB     =         0.0000  IMP     =         0.0000  CMAP       =       261.1205
 1-4 NB =      1169.9679  1-4 EEL =     15407.0716  VDWAALS    =     40809.7820
 EELEC  =   -365539.2535  EHBOND  =         0.0000  RESTRAINT  =         0.0000
 ------------------------------------------------------------------------------

wrapping first mol.:      -38.30066      108.33064        0.00000

 NSTEP =  1780000   TIME(PS) =  293600.000  TEMP(K) =   310.59  PRESS =     0.0
 Etot   =   -238569.6886  EKtot   =     63247.4141  EPtot      =   -301817.1027
 BOND   =      2048.3138  ANGLE   =      2410.4100  DIHED      =      1387.8550
 UB     =         0.0000  IMP     =         0.0000  CMAP       =       264.7241
 1-4 NB =      1191.9649  1-4 EEL =     15395.4063  VDWAALS    =     40600.6691
 EELEC  =   -365116.4458  EHBOND  =         0.0000  RESTRAINT  =         0.0000
 ------------------------------------------------------------------------------

wrapping first mol.:      -38.30066      108.33064        0.00000

 NSTEP =  1800000   TIME(PS) =  293640.000  TEMP(K) =   310.99  PRESS =     0.0
 Etot   =   -238138.6061  EKtot   =     63329.1289  EPtot      =   -301467.7350
 BOND   =      2112.9732  ANGLE   =      2428.3172  DIHED      =      1382.3690
 UB     =         0.0000  IMP     =         0.0000  CMAP       =       274.8257
 1-4 NB =      1173.7324  1-4 EEL =     15407.1162  VDWAALS    =     41162.1086
 EELEC  =   -365409.1773  EHBOND  =         0.0000  RESTRAINT  =         0.0000
 ------------------------------------------------------------------------------

wrapping first mol.:      -38.30066      108.33064        0.00000

 NSTEP =  1820000   TIME(PS) =  293680.000  TEMP(K) =   310.79  PRESS =     0.0
 Etot   =   -238217.2595  EKtot   =     63288.7891  EPtot      =   -301506.0485
 BOND   =      2063.4839  ANGLE   =      2412.6125  DIHED      =      1399.8843
 UB     =         0.0000  IMP     =         0.0000  CMAP       =       279.3779
 1-4 NB =      1179.0281  1-4 EEL =     15392.9816  VDWAALS    =     41135.4239
 EELEC  =   -365368.8408  EHBOND  =         0.0000  RESTRAINT  =         0.0000
 ------------------------------------------------------------------------------

wrapping first mol.:      -38.30066      108.33064        0.00000

 NSTEP =  1840000   TIME(PS) =  293720.000  TEMP(K) =   309.99  PRESS =     0.0
 Etot   =   -238549.5732  EKtot   =     63125.7422  EPtot      =   -301675.3154
 BOND   =      2136.0127  ANGLE   =      2342.3343  DIHED      =      1380.6653
 UB     =         0.0000  IMP     =         0.0000  CMAP       =       273.1646
 1-4 NB =      1174.9030  1-4 EEL =     15361.0879  VDWAALS    =     40385.2454
 EELEC  =   -364728.7284  EHBOND  =         0.0000  RESTRAINT  =         0.0000
 ------------------------------------------------------------------------------

wrapping first mol.:      -38.30066      108.33064        0.00000

 NSTEP =  1860000   TIME(PS) =  293760.000  TEMP(K) =   309.47  PRESS =     0.0
 Etot   =   -239156.1651  EKtot   =     63018.0703  EPtot      =   -302174.2354
 BOND   =      2080.2653  ANGLE   =      2412.5984  DIHED      =      1419.1511
 UB     =         0.0000  IMP     =         0.0000  CMAP       =       273.6388
 1-4 NB =      1183.2040  1-4 EEL =     15382.3638  VDWAALS    =     40234.8039
 EELEC  =   -365160.2606  EHBOND  =         0.0000  RESTRAINT  =         0.0000
 ------------------------------------------------------------------------------

wrapping first mol.:      -38.30066      108.33064        0.00000

 NSTEP =  1880000   TIME(PS) =  293800.000  TEMP(K) =   310.85  PRESS =     0.0
 Etot   =   -238468.7452  EKtot   =     63299.9766  EPtot      =   -301768.7217
 BOND   =      2045.9658  ANGLE   =      2326.1978  DIHED      =      1404.9449
 UB     =         0.0000  IMP     =         0.0000  CMAP       =       260.6636
 1-4 NB =      1181.3087  1-4 EEL =     15388.3053  VDWAALS    =     40586.7017
 EELEC  =   -364962.8097  EHBOND  =         0.0000  RESTRAINT  =         0.0000
 ------------------------------------------------------------------------------

wrapping first mol.:      -38.30066      108.33064        0.00000

 NSTEP =  1900000   TIME(PS) =  293840.000  TEMP(K) =   310.83  PRESS =     0.0
 Etot   =   -238377.6861  EKtot   =     63296.7305  EPtot      =   -301674.4166
 BOND   =      2092.9317  ANGLE   =      2457.6313  DIHED      =      1377.5719
 UB     =         0.0000  IMP     =         0.0000  CMAP       =       270.7684
 1-4 NB =      1145.6270  1-4 EEL =     15314.8144  VDWAALS    =     40893.7952
 EELEC  =   -365227.5564  EHBOND  =         0.0000  RESTRAINT  =         0.0000
 ------------------------------------------------------------------------------

wrapping first mol.:      -38.30066      108.33064        0.00000

 NSTEP =  1920000   TIME(PS) =  293880.000  TEMP(K) =   309.11  PRESS =     0.0
 Etot   =   -238397.9779  EKtot   =     62945.3984  EPtot      =   -301343.3764
 BOND   =      2089.4549  ANGLE   =      2384.8718  DIHED      =      1389.6214
 UB     =         0.0000  IMP     =         0.0000  CMAP       =       282.0549
 1-4 NB =      1194.3025  1-4 EEL =     15316.2604  VDWAALS    =     40421.8732
 EELEC  =   -364421.8155  EHBOND  =         0.0000  RESTRAINT  =         0.0000
 ------------------------------------------------------------------------------

wrapping first mol.:      -38.30066      108.33064        0.00000

 NSTEP =  1940000   TIME(PS) =  293920.000  TEMP(K) =   311.04  PRESS =     0.0
 Etot   =   -238984.6594  EKtot   =     63338.3477  EPtot      =   -302323.0070
 BOND   =      2070.3015  ANGLE   =      2400.1852  DIHED      =      1404.5061
 UB     =         0.0000  IMP     =         0.0000  CMAP       =       257.5745
 1-4 NB =      1180.1451  1-4 EEL =     15408.0447  VDWAALS    =     40880.9334
 EELEC  =   -365924.6975  EHBOND  =         0.0000  RESTRAINT  =         0.0000
 ------------------------------------------------------------------------------

wrapping first mol.:      -38.30066      108.33064        0.00000

 NSTEP =  1960000   TIME(PS) =  293960.000  TEMP(K) =   311.14  PRESS =     0.0
 Etot   =   -238603.7561  EKtot   =     63358.5391  EPtot      =   -301962.2952
 BOND   =      2092.7349  ANGLE   =      2392.0567  DIHED      =      1417.0374
 UB     =         0.0000  IMP     =         0.0000  CMAP       =       265.9845
 1-4 NB =      1174.5590  1-4 EEL =     15360.5295  VDWAALS    =     40525.5830
 EELEC  =   -365190.7803  EHBOND  =         0.0000  RESTRAINT  =         0.0000
 ------------------------------------------------------------------------------

wrapping first mol.:      -38.30066      108.33064        0.00000

 NSTEP =  1980000   TIME(PS) =  294000.000  TEMP(K) =   310.45  PRESS =     0.0
 Etot   =   -238629.6489  EKtot   =     63219.2734  EPtot      =   -301848.9224
 BOND   =      2127.9431  ANGLE   =      2432.9017  DIHED      =      1411.1788
 UB     =         0.0000  IMP     =         0.0000  CMAP       =       276.3662
 1-4 NB =      1164.7100  1-4 EEL =     15382.0186  VDWAALS    =     40656.9054
 EELEC  =   -365300.9460  EHBOND  =         0.0000  RESTRAINT  =         0.0000
 ------------------------------------------------------------------------------

wrapping first mol.:      -38.30066      108.33064        0.00000

 NSTEP =  2000000   TIME(PS) =  294040.000  TEMP(K) =   308.59  PRESS =     0.0
 Etot   =   -239251.3488  EKtot   =     62839.7148  EPtot      =   -302091.0637
 BOND   =      2080.8000  ANGLE   =      2410.0395  DIHED      =      1406.9993
 UB     =         0.0000  IMP     =         0.0000  CMAP       =       262.8404
 1-4 NB =      1183.6256  1-4 EEL =     15428.3381  VDWAALS    =     40458.2329
 EELEC  =   -365321.9394  EHBOND  =         0.0000  RESTRAINT  =         0.0000
 ------------------------------------------------------------------------------

wrapping first mol.:      -38.30066      108.33064        0.00000

 NSTEP =  2020000   TIME(PS) =  294080.000  TEMP(K) =   309.18  PRESS =     0.0
 Etot   =   -238857.4018  EKtot   =     62960.5234  EPtot      =   -301817.9253
 BOND   =      2109.0114  ANGLE   =      2391.5855  DIHED      =      1411.8888
 UB     =         0.0000  IMP     =         0.0000  CMAP       =       262.9024
 1-4 NB =      1159.7921  1-4 EEL =     15388.2902  VDWAALS    =     40835.4221
 EELEC  =   -365376.8178  EHBOND  =         0.0000  RESTRAINT  =         0.0000
 ------------------------------------------------------------------------------

wrapping first mol.:      -38.30066      108.33064        0.00000

 NSTEP =  2040000   TIME(PS) =  294120.000  TEMP(K) =   311.17  PRESS =     0.0
 Etot   =   -237917.0372  EKtot   =     63364.6211  EPtot      =   -301281.6583
 BOND   =      2097.4278  ANGLE   =      2381.7575  DIHED      =      1426.6105
 UB     =         0.0000  IMP     =         0.0000  CMAP       =       267.9410
 1-4 NB =      1190.8368  1-4 EEL =     15415.5355  VDWAALS    =     40597.1646
 EELEC  =   -364658.9320  EHBOND  =         0.0000  RESTRAINT  =         0.0000
 ------------------------------------------------------------------------------

wrapping first mol.:      -38.30066      108.33064        0.00000

 NSTEP =  2060000   TIME(PS) =  294160.000  TEMP(K) =   309.21  PRESS =     0.0
 Etot   =   -239049.2495  EKtot   =     62967.0586  EPtot      =   -302016.3081
 BOND   =      2059.0285  ANGLE   =      2407.4746  DIHED      =      1394.1853
 UB     =         0.0000  IMP     =         0.0000  CMAP       =       278.3400
 1-4 NB =      1181.3921  1-4 EEL =     15478.2554  VDWAALS    =     40654.9227
 EELEC  =   -365469.9066  EHBOND  =         0.0000  RESTRAINT  =         0.0000
 ------------------------------------------------------------------------------

wrapping first mol.:      -38.30066      108.33064        0.00000

 NSTEP =  2080000   TIME(PS) =  294200.000  TEMP(K) =   309.80  PRESS =     0.0
 Etot   =   -238544.4387  EKtot   =     63085.4766  EPtot      =   -301629.9153
 BOND   =      2099.0697  ANGLE   =      2423.0755  DIHED      =      1419.7003
 UB     =         0.0000  IMP     =         0.0000  CMAP       =       269.1639
 1-4 NB =      1170.3254  1-4 EEL =     15380.4855  VDWAALS    =     40773.8248
 EELEC  =   -365165.5603  EHBOND  =         0.0000  RESTRAINT  =         0.0000
 ------------------------------------------------------------------------------

wrapping first mol.:      -38.30066      108.33064        0.00000

 NSTEP =  2100000   TIME(PS) =  294240.000  TEMP(K) =   310.14  PRESS =     0.0
 Etot   =   -238657.5928  EKtot   =     63154.7734  EPtot      =   -301812.3662
 BOND   =      2069.8612  ANGLE   =      2438.3795  DIHED      =      1393.8221
 UB     =         0.0000  IMP     =         0.0000  CMAP       =       273.1877
 1-4 NB =      1171.3196  1-4 EEL =     15377.1485  VDWAALS    =     40589.8735
 EELEC  =   -365125.9582  EHBOND  =         0.0000  RESTRAINT  =         0.0000
 ------------------------------------------------------------------------------

wrapping first mol.:      -38.30066      108.33064        0.00000

 NSTEP =  2120000   TIME(PS) =  294280.000  TEMP(K) =   307.91  PRESS =     0.0
 Etot   =   -239413.8234  EKtot   =     62700.7305  EPtot      =   -302114.5538
 BOND   =      2049.5036  ANGLE   =      2404.9355  DIHED      =      1383.1943
 UB     =         0.0000  IMP     =         0.0000  CMAP       =       260.1927
 1-4 NB =      1178.2330  1-4 EEL =     15391.2001  VDWAALS    =     40583.4964
 EELEC  =   -365365.3094  EHBOND  =         0.0000  RESTRAINT  =         0.0000
 ------------------------------------------------------------------------------

wrapping first mol.:      -38.30066      108.33064        0.00000

 NSTEP =  2140000   TIME(PS) =  294320.000  TEMP(K) =   309.81  PRESS =     0.0
 Etot   =   -238310.6917  EKtot   =     63088.2734  EPtot      =   -301398.9652
 BOND   =      2153.2875  ANGLE   =      2408.7714  DIHED      =      1451.2516
 UB     =         0.0000  IMP     =         0.0000  CMAP       =       270.6100
 1-4 NB =      1171.5937  1-4 EEL =     15368.2094  VDWAALS    =     40900.7125
 EELEC  =   -365123.4012  EHBOND  =         0.0000  RESTRAINT  =         0.0000
 ------------------------------------------------------------------------------

wrapping first mol.:      -38.30066      108.33064        0.00000

 NSTEP =  2160000   TIME(PS) =  294360.000  TEMP(K) =   312.13  PRESS =     0.0
 Etot   =   -239057.9298  EKtot   =     63560.9961  EPtot      =   -302618.9259
 BOND   =      2123.9339  ANGLE   =      2341.7997  DIHED      =      1432.6529
 UB     =         0.0000  IMP     =         0.0000  CMAP       =       262.5219
 1-4 NB =      1191.1171  1-4 EEL =     15447.3212  VDWAALS    =     41108.2546
 EELEC  =   -366526.5272  EHBOND  =         0.0000  RESTRAINT  =         0.0000
 ------------------------------------------------------------------------------

wrapping first mol.:      -38.30066      108.33064        0.00000

 NSTEP =  2180000   TIME(PS) =  294400.000  TEMP(K) =   309.94  PRESS =     0.0
 Etot   =   -238808.0603  EKtot   =     63114.4922  EPtot      =   -301922.5525
 BOND   =      2080.3459  ANGLE   =      2394.6372  DIHED      =      1392.5087
 UB     =         0.0000  IMP     =         0.0000  CMAP       =       261.4038
 1-4 NB =      1188.6922  1-4 EEL =     15326.0554  VDWAALS    =     40649.4592
 EELEC  =   -365215.6549  EHBOND  =         0.0000  RESTRAINT  =         0.0000
 ------------------------------------------------------------------------------

wrapping first mol.:      -38.30066      108.33064        0.00000

 NSTEP =  2200000   TIME(PS) =  294440.000  TEMP(K) =   311.29  PRESS =     0.0
 Etot   =   -238050.7595  EKtot   =     63390.1094  EPtot      =   -301440.8689
 BOND   =      2130.4489  ANGLE   =      2442.1195  DIHED      =      1410.4119
 UB     =         0.0000  IMP     =         0.0000  CMAP       =       270.5373
 1-4 NB =      1195.3115  1-4 EEL =     15371.1821  VDWAALS    =     40579.4292
 EELEC  =   -364840.3094  EHBOND  =         0.0000  RESTRAINT  =         0.0000
 ------------------------------------------------------------------------------

wrapping first mol.:      -38.30066      108.33064        0.00000

 NSTEP =  2220000   TIME(PS) =  294480.000  TEMP(K) =   309.44  PRESS =     0.0
 Etot   =   -239290.1633  EKtot   =     63012.5703  EPtot      =   -302302.7336
 BOND   =      2045.8145  ANGLE   =      2438.3613  DIHED      =      1417.1671
 UB     =         0.0000  IMP     =         0.0000  CMAP       =       269.3274
 1-4 NB =      1197.8892  1-4 EEL =     15307.2253  VDWAALS    =     40996.9381
 EELEC  =   -365975.4566  EHBOND  =         0.0000  RESTRAINT  =         0.0000
 ------------------------------------------------------------------------------

wrapping first mol.:      -38.30066      108.33064        0.00000

 NSTEP =  2240000   TIME(PS) =  294520.000  TEMP(K) =   310.40  PRESS =     0.0
 Etot   =   -239446.8166  EKtot   =     63208.0000  EPtot      =   -302654.8166
 BOND   =      2125.0722  ANGLE   =      2434.1666  DIHED      =      1409.5994
 UB     =         0.0000  IMP     =         0.0000  CMAP       =       260.5115
 1-4 NB =      1193.4453  1-4 EEL =     15416.9259  VDWAALS    =     41049.2291
 EELEC  =   -366543.7667  EHBOND  =         0.0000  RESTRAINT  =         0.0000
 ------------------------------------------------------------------------------

wrapping first mol.:      -38.30066      108.33064        0.00000

 NSTEP =  2260000   TIME(PS) =  294560.000  TEMP(K) =   308.20  PRESS =     0.0
 Etot   =   -239410.5912  EKtot   =     62759.6641  EPtot      =   -302170.2553
 BOND   =      2038.6431  ANGLE   =      2404.0934  DIHED      =      1421.7084
 UB     =         0.0000  IMP     =         0.0000  CMAP       =       275.1430
 1-4 NB =      1172.1928  1-4 EEL =     15513.8120  VDWAALS    =     40713.0710
 EELEC  =   -365708.9190  EHBOND  =         0.0000  RESTRAINT  =         0.0000
 ------------------------------------------------------------------------------

wrapping first mol.:      -38.30066      108.33064        0.00000

 NSTEP =  2280000   TIME(PS) =  294600.000  TEMP(K) =   310.31  PRESS =     0.0
 Etot   =   -238958.8550  EKtot   =     63191.1250  EPtot      =   -302149.9800
 BOND   =      2071.6597  ANGLE   =      2369.7725  DIHED      =      1390.2110
 UB     =         0.0000  IMP     =         0.0000  CMAP       =       280.6489
 1-4 NB =      1209.2513  1-4 EEL =     15492.2134  VDWAALS    =     40961.0982
 EELEC  =   -365924.8350  EHBOND  =         0.0000  RESTRAINT  =         0.0000
 ------------------------------------------------------------------------------

wrapping first mol.:      -38.30066      108.33064        0.00000

 NSTEP =  2300000   TIME(PS) =  294640.000  TEMP(K) =   308.24  PRESS =     0.0
 Etot   =   -239374.9225  EKtot   =     62767.5898  EPtot      =   -302142.5123
 BOND   =      2037.9218  ANGLE   =      2439.6312  DIHED      =      1439.8470
 UB     =         0.0000  IMP     =         0.0000  CMAP       =       273.2252
 1-4 NB =      1176.2799  1-4 EEL =     15459.3300  VDWAALS    =     40744.5552
 EELEC  =   -365713.3026  EHBOND  =         0.0000  RESTRAINT  =         0.0000
 ------------------------------------------------------------------------------

wrapping first mol.:      -38.30066      108.33064        0.00000

 NSTEP =  2320000   TIME(PS) =  294680.000  TEMP(K) =   310.91  PRESS =     0.0
 Etot   =   -238534.6059  EKtot   =     63313.0039  EPtot      =   -301847.6099
 BOND   =      2041.2730  ANGLE   =      2387.8891  DIHED      =      1387.6905
 UB     =         0.0000  IMP     =         0.0000  CMAP       =       274.4697
 1-4 NB =      1189.1371  1-4 EEL =     15406.2890  VDWAALS    =     40879.6422
 EELEC  =   -365414.0006  EHBOND  =         0.0000  RESTRAINT  =         0.0000
 ------------------------------------------------------------------------------

wrapping first mol.:      -38.30066      108.33064        0.00000

 NSTEP =  2340000   TIME(PS) =  294720.000  TEMP(K) =   310.70  PRESS =     0.0
 Etot   =   -238250.9504  EKtot   =     63269.3086  EPtot      =   -301520.2590
 BOND   =      2209.0653  ANGLE   =      2389.4566  DIHED      =      1423.7778
 UB     =         0.0000  IMP     =         0.0000  CMAP       =       264.4316
 1-4 NB =      1176.2968  1-4 EEL =     15405.7545  VDWAALS    =     40132.5636
 EELEC  =   -364521.6051  EHBOND  =         0.0000  RESTRAINT  =         0.0000
 ------------------------------------------------------------------------------

wrapping first mol.:      -38.30066      108.33064        0.00000

 NSTEP =  2360000   TIME(PS) =  294760.000  TEMP(K) =   310.20  PRESS =     0.0
 Etot   =   -238696.6165  EKtot   =     63167.9336  EPtot      =   -301864.5501
 BOND   =      2092.3877  ANGLE   =      2492.8015  DIHED      =      1394.7505
 UB     =         0.0000  IMP     =         0.0000  CMAP       =       277.5767
 1-4 NB =      1160.6181  1-4 EEL =     15406.8264  VDWAALS    =     40578.8331
 EELEC  =   -365268.3440  EHBOND  =         0.0000  RESTRAINT  =         0.0000
 ------------------------------------------------------------------------------

wrapping first mol.:      -38.30066      108.33064        0.00000

 NSTEP =  2380000   TIME(PS) =  294800.000  TEMP(K) =   309.03  PRESS =     0.0
 Etot   =   -239180.9801  EKtot   =     62929.6484  EPtot      =   -302110.6285
 BOND   =      2105.8478  ANGLE   =      2421.7181  DIHED      =      1395.1002
 UB     =         0.0000  IMP     =         0.0000  CMAP       =       271.0369
 1-4 NB =      1184.7317  1-4 EEL =     15461.6999  VDWAALS    =     40812.6887
 EELEC  =   -365763.4518  EHBOND  =         0.0000  RESTRAINT  =         0.0000
 ------------------------------------------------------------------------------

wrapping first mol.:      -38.30066      108.33064        0.00000

 NSTEP =  2400000   TIME(PS) =  294840.000  TEMP(K) =   309.99  PRESS =     0.0
 Etot   =   -238719.1238  EKtot   =     63125.8203  EPtot      =   -301844.9441
 BOND   =      2121.2443  ANGLE   =      2412.0526  DIHED      =      1396.9554
 UB     =         0.0000  IMP     =         0.0000  CMAP       =       253.1154
 1-4 NB =      1180.1874  1-4 EEL =     15443.8311  VDWAALS    =     40683.9974
 EELEC  =   -365336.3278  EHBOND  =         0.0000  RESTRAINT  =         0.0000
 ------------------------------------------------------------------------------

wrapping first mol.:      -38.30066      108.33064        0.00000

 NSTEP =  2420000   TIME(PS) =  294880.000  TEMP(K) =   312.02  PRESS =     0.0
 Etot   =   -238303.7755  EKtot   =     63538.1289  EPtot      =   -301841.9044
 BOND   =      2032.3279  ANGLE   =      2430.4396  DIHED      =      1394.4609
 UB     =         0.0000  IMP     =         0.0000  CMAP       =       252.6433
 1-4 NB =      1179.5391  1-4 EEL =     15480.7855  VDWAALS    =     40876.4167
 EELEC  =   -365488.5173  EHBOND  =         0.0000  RESTRAINT  =         0.0000
 ------------------------------------------------------------------------------

wrapping first mol.:      -38.30066      108.33064        0.00000

 NSTEP =  2440000   TIME(PS) =  294920.000  TEMP(K) =   309.92  PRESS =     0.0
 Etot   =   -238962.1151  EKtot   =     63110.1914  EPtot      =   -302072.3066
 BOND   =      2115.6495  ANGLE   =      2476.8292  DIHED      =      1425.5930
 UB     =         0.0000  IMP     =         0.0000  CMAP       =       251.7744
 1-4 NB =      1161.7910  1-4 EEL =     15346.0154  VDWAALS    =     41245.4820
 EELEC  =   -366095.4411  EHBOND  =         0.0000  RESTRAINT  =         0.0000
 ------------------------------------------------------------------------------

wrapping first mol.:      -38.30066      108.33064        0.00000

 NSTEP =  2460000   TIME(PS) =  294960.000  TEMP(K) =   310.85  PRESS =     0.0
 Etot   =   -238583.1114  EKtot   =     63300.4219  EPtot      =   -301883.5333
 BOND   =      2097.3753  ANGLE   =      2403.0034  DIHED      =      1383.9924
 UB     =         0.0000  IMP     =         0.0000  CMAP       =       265.9615
 1-4 NB =      1173.6551  1-4 EEL =     15458.8439  VDWAALS    =     40991.9721
 EELEC  =   -365658.3369  EHBOND  =         0.0000  RESTRAINT  =         0.0000
 ------------------------------------------------------------------------------

wrapping first mol.:      -38.30066      108.33064        0.00000

 NSTEP =  2480000   TIME(PS) =  295000.000  TEMP(K) =   308.36  PRESS =     0.0
 Etot   =   -238873.3845  EKtot   =     62793.5859  EPtot      =   -301666.9704
 BOND   =      2109.4261  ANGLE   =      2378.2308  DIHED      =      1412.4999
 UB     =         0.0000  IMP     =         0.0000  CMAP       =       280.5652
 1-4 NB =      1211.0864  1-4 EEL =     15442.0366  VDWAALS    =     40595.8039
 EELEC  =   -365096.6193  EHBOND  =         0.0000  RESTRAINT  =         0.0000
 ------------------------------------------------------------------------------

wrapping first mol.:      -38.30066      108.33064        0.00000
wrapping first mol.:      -38.30066      108.33064        0.00000

 NSTEP =  2500000   TIME(PS) =  295040.000  TEMP(K) =   309.46  PRESS =     0.0
 Etot   =   -238984.3384  EKtot   =     63017.9648  EPtot      =   -302002.3033
 BOND   =      2023.0917  ANGLE   =      2378.3315  DIHED      =      1392.4879
 UB     =         0.0000  IMP     =         0.0000  CMAP       =       267.2736
 1-4 NB =      1200.8944  1-4 EEL =     15517.5125  VDWAALS    =     40864.4186
 EELEC  =   -365646.3134  EHBOND  =         0.0000  RESTRAINT  =         0.0000
 ------------------------------------------------------------------------------


      A V E R A G E S   O V E R     125 S T E P S


 NSTEP =  2500000   TIME(PS) =  295040.000  TEMP(K) =   310.01  PRESS =     0.0
 Etot   =   -238769.5637  EKtot   =     63129.6657  EPtot      =   -301899.2294
 BOND   =      2090.0735  ANGLE   =      2410.8997  DIHED      =      1402.3874
 UB     =         0.0000  IMP     =         0.0000  CMAP       =       263.1001
 1-4 NB =      1177.9323  1-4 EEL =     15397.6840  VDWAALS    =     40698.4860
 EELEC  =   -365339.7924  EHBOND  =         0.0000  RESTRAINT  =         0.0000
 ------------------------------------------------------------------------------


      R M S  F L U C T U A T I O N S


 NSTEP =  2500000   TIME(PS) =  295040.000  TEMP(K) =     0.96  PRESS =     0.0
 Etot   =       401.0009  EKtot   =       196.1338  EPtot      =       321.5940
 BOND   =        33.4818  ANGLE   =        35.1434  DIHED      =        19.4324
 UB     =         0.0000  IMP     =         0.0000  CMAP       =        12.1406
 1-4 NB =        13.4155  1-4 EEL =        46.6816  VDWAALS    =       252.6601
 EELEC  =       464.7469  EHBOND  =         0.0000  RESTRAINT  =         0.0000
 ------------------------------------------------------------------------------

--------------------------------------------------------------------------------
   5.  TIMINGS
--------------------------------------------------------------------------------

|  NonSetup CPU Time in Major Routines:
|
|     Routine           Sec        %
|     ------------------------------
|     Nonbond         147.40   10.89
|     Bond              0.00    0.00
|     Angle             0.00    0.00
|     Dihedral          0.00    0.00
|     Shake             9.44    0.70
|     RunMD          1194.26   88.25
|     Other             2.19    0.16
|     ------------------------------
|     Total          1353.29

|  PME Nonbond Pairlist CPU Time:
|
|     Routine              Sec        %
|     ---------------------------------
|     Set Up Cit           0.00    0.00
|     Build List           0.00    0.00
|     ---------------------------------
|     Total                0.00    0.00

|  PME Direct Force CPU Time:
|
|     Routine              Sec        %
|     ---------------------------------
|     NonBonded Calc       0.00    0.00
|     Exclude Masked       0.00    0.00
|     Other                1.38    0.10
|     ---------------------------------
|     Total                1.38    0.10

|  PME Reciprocal Force CPU Time:
|
|     Routine              Sec        %
|     ---------------------------------
|     1D bspline           0.00    0.00
|     Grid Charges         0.00    0.00
|     Scalar Sum           0.00    0.00
|     Gradient Sum         0.00    0.00
|     FFT                  0.00    0.00
|     ---------------------------------
|     Total                0.00    0.00

|  Final Performance Info:
|     -----------------------------------------------------
|     Average timings for last   80000 steps:
|     Elapsed(s) =      43.56 Per Step(ms) =       0.54
|         ns/day =     317.38   seconds/ns =     272.23
|
|     Average timings for all steps:
|     Elapsed(s) =    1357.88 Per Step(ms) =       0.54
|         ns/day =     318.14   seconds/ns =     271.58
|     -----------------------------------------------------

|  Setup CPU time:            1.11 seconds
|  NonSetup CPU time:      1353.29 seconds
|  Total CPU time:         1354.39 seconds     0.38 hours

|  Setup wall time:           2    seconds
|  NonSetup wall time:     1358    seconds
|  Total wall time:        1360    seconds     0.38 hours
