
          -------------------------------------------------------
          Amber 24 PMEMD                              2024
          -------------------------------------------------------

| PMEMD implementation of SANDER, Release 24

|  Compiled date/time: Thu Apr  3 17:55:38 2025
| Run on 11/12/2025 at 15:48:33

|   Executable path: pmemd.cuda_SPFP
| Working directory: /rs1/researchers/h/hall/vtnguye4/Amber_restart/cappedP1amber/P1_Simulation2
|          Hostname: gpu28

  [-O]verwriting output

File Assignments:
|   MDIN: /rs1/researchers/h/hall/vtnguye4/Amber_restart/cappedP1amber/equil.in 
|  MDOUT: ./OUT_Files/equil61.out                                               
| INPCRD: ./RST_Files/equil60.rst7                                              
|   PARM: ./PRMTOP_Files/P1.prmtop                                              
| RESTRT: ./RST_Files/equil61.rst7                                              
|   REFC: refc                                                                  
|  MDVEL: mdvel                                                                 
|   MDEN: mden                                                                  
|  MDCRD: ./nc_Files/equil61.nc                                                 
| MDINFO: mdinfo                                                                
|  MDFRC: mdfrc                                                                 


 Here is the input file:

!Stage equilibration 5ns                                                       
&cntrl                                                                         
imin=0, irest=1, ntx=5,                                                        
nstlim=2500000, dt=0.002,                                                      
ntc=2, ntf=2, ig=-1,                                                           
ntt=3, gamma_ln=2.0,                                                           
tempi=310.0, temp0=310.0,                                                      
ntxo=2, ioutfm=1,                                                              
ntpr=20000, ntwx=20000,                                                        
ntb=1,                                                                         
cut=9.0,                                                                       
iwrap=1,                                                                       
/                                                                              


Note: ig = -1. Setting random seed to   443728 based on wallclock time in 
      microseconds.
| irandom = 1, using AMBER's internal random number generator (default).
 
|--------------------- INFORMATION ----------------------
| GPU (CUDA) Version of PMEMD in use: NVIDIA GPU IN USE.
|                    Version 18.0.0
| 
|                      03/25/2018
| 
| Implementation by:
|                    Ross C. Walker     (SDSC)
|                    Scott Le Grand     (nVIDIA)
| 
| Version 18 performance extensions by:
|                    David Cerutti     (Rutgers)
| 
| Precision model in use:
|      [SPFP] - Single Precision Forces, 64-bit Fixed Point
|               Accumulation. (Default)
| 
|--------------------------------------------------------
 
|----------------- CITATION INFORMATION -----------------
|
|    When publishing work that utilized the CUDA version
|    of AMBER, please cite the following in addition to
|    the regular AMBER citations:
|
|  - Romelia Salomon-Ferrer; Andreas W. Goetz; Duncan
|    Poole; Scott Le Grand; Ross C. Walker "Routine
|    microsecond molecular dynamics simulations with
|    AMBER - Part II: Particle Mesh Ewald", J. Chem.
|    Theory Comput., 2013, 9 (9), pp3878-3888,
|    DOI: 10.1021/ct400314y.
|
|  - Andreas W. Goetz; Mark J. Williamson; Dong Xu;
|    Duncan Poole; Scott Le Grand; Ross C. Walker
|    "Routine microsecond molecular dynamics simulations
|    with AMBER - Part I: Generalized Born", J. Chem.
|    Theory Comput., 2012, 8 (5), pp1542-1555.
|
|  - Scott Le Grand; Andreas W. Goetz; Ross C. Walker
|    "SPFP: Speed without compromise - a mixed precision
|    model for GPU accelerated molecular dynamics
|    simulations.", Comp. Phys. Comm., 2013, 184
|    pp374-380, DOI: 10.1016/j.cpc.2012.09.022
|
|--------------------------------------------------------
 
|------------------- GPU DEVICE INFO --------------------
|
|            CUDA_VISIBLE_DEVICES: 0
|   CUDA Capable Devices Detected:      1
|           CUDA Device ID in use:      0
|                CUDA Device Name: NVIDIA L40S
|     CUDA Device Global Mem Size:  45487 MB
| CUDA Device Num Multiprocessors:    142
|           CUDA Device Core Freq:   2.52 GHz
|
|--------------------------------------------------------
 
 
| Conditional Compilation Defines Used:
| PUBFFT
| BINTRAJ
| CUDA
| EMIL

| Largest sphere to fit in unit cell has radius =    46.909

| New format PARM file being parsed.
| Version =    1.000 Date = 10/28/25 Time = 16:56:02

| Note: 1-4 EEL scale factors are being read from the topology file.

| Note: 1-4 VDW scale factors are being read from the topology file.
| Duplicated    0 dihedrals

| Duplicated    0 dihedrals

--------------------------------------------------------------------------------
   1.  RESOURCE   USE: 
--------------------------------------------------------------------------------

 getting box info from netcdf restart file
 NATOM  =  101202 NTYPES =      11 NBONH =   98658 MBONA  =    2544
 NTHETH =    5904 MTHETA =    3408 NPHIH =   11760 MPHIA  =   10368
 NHPARM =       0 NPARM  =       0 NNB   =  155656 NRES   =   32422
 NBONA  =    2544 NTHETA =    3408 NPHIA =   10368 NUMBND =      27
 NUMANG =      54 NPTRA  =      59 NATYP =      16 NPHB   =       0
 IFBOX  =       2 NMXRS  =      21 IFCAP =       0 NEXTRA =       0
 NCOPY  =       0

| Coordinate Index Table dimensions:    20   20   20
| Direct force subcell size =     5.7451    5.7451    5.7451

     BOX TYPE: TRUNCATED OCTAHEDRON

--------------------------------------------------------------------------------
   2.  CONTROL  DATA  FOR  THE  RUN
--------------------------------------------------------------------------------

default_name                                                                    

General flags:
     imin    =       0, nmropt  =       0

Nature and format of input:
     ntx     =       5, irest   =       1, ntrx    =       1

Nature and format of output:
     ntxo    =       2, ntpr    =   20000, ntrx    =       1, ntwr    = 2500000
     iwrap   =       1, ntwx    =   20000, ntwv    =       0, ntwe    =       0
     ioutfm  =       1, ntwprt  =       0, idecomp =       0, rbornstat=      0

Potential function:
     ntf     =       2, ntb     =       1, igb     =       0, nsnb    =      25
     ipol    =       0, gbsa    =       0, iesp    =       0
     dielc   =   1.00000, cut     =   9.00000, intdiel =   1.00000

Frozen or restrained atoms:
     ibelly  =       0, ntr     =       0

Molecular dynamics:
     nstlim  =   2500000, nscm    =      1000, nrespa  =         1
     t       =   0.00000, dt      =   0.00200, vlimit  =  -1.00000

Langevin dynamics temperature regulation:
     ig      =  443728
     temp0   = 310.00000, tempi   = 310.00000, gamma_ln=   2.00000

SHAKE:
     ntc     =       2, jfastw  =       0
     tol     =   0.00001

| Intermolecular bonds treatment:
|     no_intermolecular_bonds =       1

| Energy averages sample interval:
|     ene_avg_sampling =   20000

Ewald parameters:
     verbose =       0, ew_type =       0, nbflag  =       1, use_pme =       1
     vdwmeth =       1, eedmeth =       1, netfrc  =       1
     Box X =  114.902   Box Y =  114.902   Box Z =  114.902
     Alpha =  109.471   Beta  =  109.471   Gamma =  109.471
     NFFT1 =  120       NFFT2 =  120       NFFT3 =  120
     Cutoff=    9.000   Tol   =0.100E-04
     Ewald Coefficient =  0.30768
     Interpolation order =    4

--------------------------------------------------------------------------------
   3.  ATOMIC COORDINATES AND VELOCITIES
--------------------------------------------------------------------------------

default_name                                                                    
 begin time read from input coords =300040.000 ps

 
 Number of triangulated 3-point waters found:    31990

     Sum of charges from parm topology file =  -0.00000047
     Forcing neutrality...

| Dynamic Memory, Types Used:
| Reals             3080462
| Integers          3650456

| Nonbonded Pairs Initial Allocation:    23074056

| GPU memory information (estimate):
| KB of GPU memory in use:    789634
| KB of CPU memory in use:    210424

--------------------------------------------------------------------------------
   4.  RESULTS
--------------------------------------------------------------------------------

wrapping first mol.:      -38.30066      108.33064        0.00000

 NSTEP =    20000   TIME(PS) =  300080.000  TEMP(K) =   309.45  PRESS =     0.0
 Etot   =   -238910.5722  EKtot   =     63015.8203  EPtot      =   -301926.3925
 BOND   =      2101.0422  ANGLE   =      2485.2461  DIHED      =      1416.5824
 UB     =         0.0000  IMP     =         0.0000  CMAP       =       244.7060
 1-4 NB =      1194.7521  1-4 EEL =     15425.5407  VDWAALS    =     40867.9051
 EELEC  =   -365662.1670  EHBOND  =         0.0000  RESTRAINT  =         0.0000
 ------------------------------------------------------------------------------

wrapping first mol.:      -38.30066      108.33064        0.00000

 NSTEP =    40000   TIME(PS) =  300120.000  TEMP(K) =   312.01  PRESS =     0.0
 Etot   =   -238120.6328  EKtot   =     63537.0234  EPtot      =   -301657.6563
 BOND   =      2054.6896  ANGLE   =      2438.4016  DIHED      =      1408.1966
 UB     =         0.0000  IMP     =         0.0000  CMAP       =       257.2124
 1-4 NB =      1196.3714  1-4 EEL =     15409.0833  VDWAALS    =     40411.2789
 EELEC  =   -364832.8900  EHBOND  =         0.0000  RESTRAINT  =         0.0000
 ------------------------------------------------------------------------------

wrapping first mol.:      -38.30066      108.33064        0.00000

 NSTEP =    60000   TIME(PS) =  300160.000  TEMP(K) =   309.97  PRESS =     0.0
 Etot   =   -238477.9681  EKtot   =     63121.5664  EPtot      =   -301599.5345
 BOND   =      2059.6124  ANGLE   =      2423.4550  DIHED      =      1396.3952
 UB     =         0.0000  IMP     =         0.0000  CMAP       =       280.1913
 1-4 NB =      1175.9028  1-4 EEL =     15445.0623  VDWAALS    =     39935.9571
 EELEC  =   -364316.1107  EHBOND  =         0.0000  RESTRAINT  =         0.0000
 ------------------------------------------------------------------------------

wrapping first mol.:      -38.30066      108.33064        0.00000

 NSTEP =    80000   TIME(PS) =  300200.000  TEMP(K) =   309.38  PRESS =     0.0
 Etot   =   -239045.9884  EKtot   =     63000.8398  EPtot      =   -302046.8283
 BOND   =      2096.0378  ANGLE   =      2419.8732  DIHED      =      1391.0892
 UB     =         0.0000  IMP     =         0.0000  CMAP       =       278.7089
 1-4 NB =      1193.8057  1-4 EEL =     15478.6857  VDWAALS    =     41033.8269
 EELEC  =   -365938.8557  EHBOND  =         0.0000  RESTRAINT  =         0.0000
 ------------------------------------------------------------------------------

wrapping first mol.:      -38.30066      108.33064        0.00000

 NSTEP =   100000   TIME(PS) =  300240.000  TEMP(K) =   308.51  PRESS =     0.0
 Etot   =   -238868.2996  EKtot   =     62822.7344  EPtot      =   -301691.0340
 BOND   =      2147.8549  ANGLE   =      2393.7132  DIHED      =      1440.4596
 UB     =         0.0000  IMP     =         0.0000  CMAP       =       251.1125
 1-4 NB =      1191.9405  1-4 EEL =     15464.1249  VDWAALS    =     40393.4031
 EELEC  =   -364973.6427  EHBOND  =         0.0000  RESTRAINT  =         0.0000
 ------------------------------------------------------------------------------

wrapping first mol.:      -38.30066      108.33064        0.00000

 NSTEP =   120000   TIME(PS) =  300280.000  TEMP(K) =   310.63  PRESS =     0.0
 Etot   =   -238478.5084  EKtot   =     63254.9609  EPtot      =   -301733.4693
 BOND   =      2101.7544  ANGLE   =      2403.6768  DIHED      =      1369.9976
 UB     =         0.0000  IMP     =         0.0000  CMAP       =       268.6184
 1-4 NB =      1186.9328  1-4 EEL =     15481.1902  VDWAALS    =     40608.0379
 EELEC  =   -365153.6776  EHBOND  =         0.0000  RESTRAINT  =         0.0000
 ------------------------------------------------------------------------------

wrapping first mol.:      -38.30066      108.33064        0.00000

 NSTEP =   140000   TIME(PS) =  300320.000  TEMP(K) =   308.46  PRESS =     0.0
 Etot   =   -239010.3859  EKtot   =     62812.6641  EPtot      =   -301823.0499
 BOND   =      2081.1190  ANGLE   =      2428.7382  DIHED      =      1438.1413
 UB     =         0.0000  IMP     =         0.0000  CMAP       =       264.9273
 1-4 NB =      1182.8266  1-4 EEL =     15422.6172  VDWAALS    =     41124.1031
 EELEC  =   -365765.5227  EHBOND  =         0.0000  RESTRAINT  =         0.0000
 ------------------------------------------------------------------------------

wrapping first mol.:      -38.30066      108.33064        0.00000

 NSTEP =   160000   TIME(PS) =  300360.000  TEMP(K) =   311.58  PRESS =     0.0
 Etot   =   -238181.8609  EKtot   =     63448.4609  EPtot      =   -301630.3219
 BOND   =      2084.9559  ANGLE   =      2403.2243  DIHED      =      1381.2141
 UB     =         0.0000  IMP     =         0.0000  CMAP       =       257.7051
 1-4 NB =      1190.1459  1-4 EEL =     15419.1412  VDWAALS    =     41084.7763
 EELEC  =   -365451.4847  EHBOND  =         0.0000  RESTRAINT  =         0.0000
 ------------------------------------------------------------------------------

wrapping first mol.:      -38.30066      108.33064        0.00000

 NSTEP =   180000   TIME(PS) =  300400.000  TEMP(K) =   308.91  PRESS =     0.0
 Etot   =   -238488.9986  EKtot   =     62904.5820  EPtot      =   -301393.5807
 BOND   =      2073.1410  ANGLE   =      2411.5013  DIHED      =      1424.0516
 UB     =         0.0000  IMP     =         0.0000  CMAP       =       260.8155
 1-4 NB =      1176.8956  1-4 EEL =     15495.4174  VDWAALS    =     40772.1075
 EELEC  =   -365007.5106  EHBOND  =         0.0000  RESTRAINT  =         0.0000
 ------------------------------------------------------------------------------

wrapping first mol.:      -38.30066      108.33064        0.00000

 NSTEP =   200000   TIME(PS) =  300440.000  TEMP(K) =   309.25  PRESS =     0.0
 Etot   =   -238743.1528  EKtot   =     62973.2812  EPtot      =   -301716.4341
 BOND   =      2101.8212  ANGLE   =      2436.9079  DIHED      =      1373.2034
 UB     =         0.0000  IMP     =         0.0000  CMAP       =       259.9391
 1-4 NB =      1200.9182  1-4 EEL =     15448.0062  VDWAALS    =     41164.9999
 EELEC  =   -365702.2300  EHBOND  =         0.0000  RESTRAINT  =         0.0000
 ------------------------------------------------------------------------------

wrapping first mol.:      -38.30066      108.33064        0.00000

 NSTEP =   220000   TIME(PS) =  300480.000  TEMP(K) =   309.68  PRESS =     0.0
 Etot   =   -238196.4151  EKtot   =     63060.8359  EPtot      =   -301257.2510
 BOND   =      2135.8617  ANGLE   =      2363.6349  DIHED      =      1421.1537
 UB     =         0.0000  IMP     =         0.0000  CMAP       =       284.4003
 1-4 NB =      1190.3757  1-4 EEL =     15389.4659  VDWAALS    =     40465.9930
 EELEC  =   -364508.1361  EHBOND  =         0.0000  RESTRAINT  =         0.0000
 ------------------------------------------------------------------------------

wrapping first mol.:      -38.30066      108.33064        0.00000

 NSTEP =   240000   TIME(PS) =  300520.000  TEMP(K) =   309.08  PRESS =     0.0
 Etot   =   -239237.2467  EKtot   =     62939.1406  EPtot      =   -302176.3873
 BOND   =      2084.0244  ANGLE   =      2382.7316  DIHED      =      1404.5982
 UB     =         0.0000  IMP     =         0.0000  CMAP       =       251.6266
 1-4 NB =      1200.5963  1-4 EEL =     15476.5176  VDWAALS    =     40181.0421
 EELEC  =   -365157.5242  EHBOND  =         0.0000  RESTRAINT  =         0.0000
 ------------------------------------------------------------------------------

wrapping first mol.:      -38.30066      108.33064        0.00000

 NSTEP =   260000   TIME(PS) =  300560.000  TEMP(K) =   309.69  PRESS =     0.0
 Etot   =   -239138.0550  EKtot   =     63063.7852  EPtot      =   -302201.8401
 BOND   =      2051.4904  ANGLE   =      2419.6677  DIHED      =      1408.9625
 UB     =         0.0000  IMP     =         0.0000  CMAP       =       242.6812
 1-4 NB =      1195.9383  1-4 EEL =     15478.7233  VDWAALS    =     40687.5222
 EELEC  =   -365686.8258  EHBOND  =         0.0000  RESTRAINT  =         0.0000
 ------------------------------------------------------------------------------

wrapping first mol.:      -38.30066      108.33064        0.00000

 NSTEP =   280000   TIME(PS) =  300600.000  TEMP(K) =   310.48  PRESS =     0.0
 Etot   =   -238843.5903  EKtot   =     63225.2148  EPtot      =   -302068.8051
 BOND   =      2054.5003  ANGLE   =      2498.4841  DIHED      =      1420.1572
 UB     =         0.0000  IMP     =         0.0000  CMAP       =       256.4166
 1-4 NB =      1172.2208  1-4 EEL =     15393.5700  VDWAALS    =     40588.9562
 EELEC  =   -365453.1105  EHBOND  =         0.0000  RESTRAINT  =         0.0000
 ------------------------------------------------------------------------------

wrapping first mol.:      -38.30066      108.33064        0.00000

 NSTEP =   300000   TIME(PS) =  300640.000  TEMP(K) =   310.51  PRESS =     0.0
 Etot   =   -239524.8569  EKtot   =     63231.1016  EPtot      =   -302755.9585
 BOND   =      2115.2630  ANGLE   =      2480.2943  DIHED      =      1429.2558
 UB     =         0.0000  IMP     =         0.0000  CMAP       =       255.6465
 1-4 NB =      1217.9953  1-4 EEL =     15541.3590  VDWAALS    =     40735.8057
 EELEC  =   -366531.5781  EHBOND  =         0.0000  RESTRAINT  =         0.0000
 ------------------------------------------------------------------------------

wrapping first mol.:      -38.30066      108.33064        0.00000

 NSTEP =   320000   TIME(PS) =  300680.000  TEMP(K) =   311.25  PRESS =     0.0
 Etot   =   -238278.4482  EKtot   =     63382.4141  EPtot      =   -301660.8623
 BOND   =      2150.5242  ANGLE   =      2378.4818  DIHED      =      1377.4635
 UB     =         0.0000  IMP     =         0.0000  CMAP       =       261.7565
 1-4 NB =      1185.3532  1-4 EEL =     15443.9276  VDWAALS    =     41158.4139
 EELEC  =   -365616.7829  EHBOND  =         0.0000  RESTRAINT  =         0.0000
 ------------------------------------------------------------------------------

wrapping first mol.:      -38.30066      108.33064        0.00000

 NSTEP =   340000   TIME(PS) =  300720.000  TEMP(K) =   310.22  PRESS =     0.0
 Etot   =   -238513.0712  EKtot   =     63170.8047  EPtot      =   -301683.8759
 BOND   =      2091.0323  ANGLE   =      2398.9992  DIHED      =      1395.8556
 UB     =         0.0000  IMP     =         0.0000  CMAP       =       259.9904
 1-4 NB =      1188.7834  1-4 EEL =     15525.4782  VDWAALS    =     40915.8658
 EELEC  =   -365459.8807  EHBOND  =         0.0000  RESTRAINT  =         0.0000
 ------------------------------------------------------------------------------

wrapping first mol.:      -38.30066      108.33064        0.00000

 NSTEP =   360000   TIME(PS) =  300760.000  TEMP(K) =   309.51  PRESS =     0.0
 Etot   =   -239003.0208  EKtot   =     63027.0586  EPtot      =   -302030.0794
 BOND   =      2080.3801  ANGLE   =      2438.3805  DIHED      =      1422.5871
 UB     =         0.0000  IMP     =         0.0000  CMAP       =       259.1215
 1-4 NB =      1175.6004  1-4 EEL =     15385.3997  VDWAALS    =     40955.6173
 EELEC  =   -365747.1662  EHBOND  =         0.0000  RESTRAINT  =         0.0000
 ------------------------------------------------------------------------------

wrapping first mol.:      -38.30066      108.33064        0.00000

 NSTEP =   380000   TIME(PS) =  300800.000  TEMP(K) =   310.12  PRESS =     0.0
 Etot   =   -238776.4498  EKtot   =     63152.4062  EPtot      =   -301928.8560
 BOND   =      2089.2961  ANGLE   =      2346.7297  DIHED      =      1430.2385
 UB     =         0.0000  IMP     =         0.0000  CMAP       =       254.4833
 1-4 NB =      1190.9614  1-4 EEL =     15495.6729  VDWAALS    =     40873.2675
 EELEC  =   -365609.5056  EHBOND  =         0.0000  RESTRAINT  =         0.0000
 ------------------------------------------------------------------------------

wrapping first mol.:      -38.30066      108.33064        0.00000

 NSTEP =   400000   TIME(PS) =  300840.000  TEMP(K) =   309.14  PRESS =     0.0
 Etot   =   -238766.4654  EKtot   =     62950.8633  EPtot      =   -301717.3287
 BOND   =      2062.5079  ANGLE   =      2443.9442  DIHED      =      1404.7268
 UB     =         0.0000  IMP     =         0.0000  CMAP       =       274.5844
 1-4 NB =      1178.0243  1-4 EEL =     15413.2178  VDWAALS    =     40501.5711
 EELEC  =   -364995.9052  EHBOND  =         0.0000  RESTRAINT  =         0.0000
 ------------------------------------------------------------------------------

wrapping first mol.:      -38.30066      108.33064        0.00000

 NSTEP =   420000   TIME(PS) =  300880.000  TEMP(K) =   309.95  PRESS =     0.0
 Etot   =   -238848.3728  EKtot   =     63116.9297  EPtot      =   -301965.3025
 BOND   =      2113.0923  ANGLE   =      2399.1898  DIHED      =      1376.8521
 UB     =         0.0000  IMP     =         0.0000  CMAP       =       247.7876
 1-4 NB =      1186.0474  1-4 EEL =     15422.7322  VDWAALS    =     40565.8928
 EELEC  =   -365276.8968  EHBOND  =         0.0000  RESTRAINT  =         0.0000
 ------------------------------------------------------------------------------

wrapping first mol.:      -38.30066      108.33064        0.00000

 NSTEP =   440000   TIME(PS) =  300920.000  TEMP(K) =   310.15  PRESS =     0.0
 Etot   =   -238645.1812  EKtot   =     63158.1484  EPtot      =   -301803.3297
 BOND   =      2104.8157  ANGLE   =      2443.1329  DIHED      =      1423.5649
 UB     =         0.0000  IMP     =         0.0000  CMAP       =       253.7986
 1-4 NB =      1159.3013  1-4 EEL =     15437.0041  VDWAALS    =     40252.8616
 EELEC  =   -364877.8088  EHBOND  =         0.0000  RESTRAINT  =         0.0000
 ------------------------------------------------------------------------------

wrapping first mol.:      -38.30066      108.33064        0.00000

 NSTEP =   460000   TIME(PS) =  300960.000  TEMP(K) =   310.29  PRESS =     0.0
 Etot   =   -238945.2020  EKtot   =     63185.3398  EPtot      =   -302130.5418
 BOND   =      2084.8546  ANGLE   =      2408.0939  DIHED      =      1408.1733
 UB     =         0.0000  IMP     =         0.0000  CMAP       =       249.5046
 1-4 NB =      1169.8024  1-4 EEL =     15489.2518  VDWAALS    =     40214.0855
 EELEC  =   -365154.3080  EHBOND  =         0.0000  RESTRAINT  =         0.0000
 ------------------------------------------------------------------------------

wrapping first mol.:      -38.30066      108.33064        0.00000

 NSTEP =   480000   TIME(PS) =  301000.000  TEMP(K) =   307.86  PRESS =     0.0
 Etot   =   -239694.7738  EKtot   =     62690.7852  EPtot      =   -302385.5589
 BOND   =      2060.4268  ANGLE   =      2400.9292  DIHED      =      1419.5470
 UB     =         0.0000  IMP     =         0.0000  CMAP       =       265.0405
 1-4 NB =      1200.9753  1-4 EEL =     15521.2660  VDWAALS    =     40971.0613
 EELEC  =   -366224.8051  EHBOND  =         0.0000  RESTRAINT  =         0.0000
 ------------------------------------------------------------------------------

wrapping first mol.:      -38.30066      108.33064        0.00000

 NSTEP =   500000   TIME(PS) =  301040.000  TEMP(K) =   309.22  PRESS =     0.0
 Etot   =   -238801.3508  EKtot   =     62967.5664  EPtot      =   -301768.9172
 BOND   =      2097.8882  ANGLE   =      2430.0621  DIHED      =      1388.0948
 UB     =         0.0000  IMP     =         0.0000  CMAP       =       255.6891
 1-4 NB =      1193.1306  1-4 EEL =     15541.0996  VDWAALS    =     41073.5185
 EELEC  =   -365748.4001  EHBOND  =         0.0000  RESTRAINT  =         0.0000
 ------------------------------------------------------------------------------

wrapping first mol.:      -38.30066      108.33064        0.00000

 NSTEP =   520000   TIME(PS) =  301080.000  TEMP(K) =   310.99  PRESS =     0.0
 Etot   =   -237871.6851  EKtot   =     63328.3945  EPtot      =   -301200.0797
 BOND   =      2091.8432  ANGLE   =      2421.1025  DIHED      =      1395.8759
 UB     =         0.0000  IMP     =         0.0000  CMAP       =       254.0455
 1-4 NB =      1165.9196  1-4 EEL =     15484.6309  VDWAALS    =     40657.7933
 EELEC  =   -364671.2906  EHBOND  =         0.0000  RESTRAINT  =         0.0000
 ------------------------------------------------------------------------------

wrapping first mol.:      -38.30066      108.33064        0.00000

 NSTEP =   540000   TIME(PS) =  301120.000  TEMP(K) =   311.02  PRESS =     0.0
 Etot   =   -239011.7484  EKtot   =     63333.7539  EPtot      =   -302345.5023
 BOND   =      2049.3388  ANGLE   =      2400.3350  DIHED      =      1387.1265
 UB     =         0.0000  IMP     =         0.0000  CMAP       =       267.2958
 1-4 NB =      1209.7304  1-4 EEL =     15436.1389  VDWAALS    =     40921.8028
 EELEC  =   -366017.2704  EHBOND  =         0.0000  RESTRAINT  =         0.0000
 ------------------------------------------------------------------------------

wrapping first mol.:      -38.30066      108.33064        0.00000

 NSTEP =   560000   TIME(PS) =  301160.000  TEMP(K) =   308.95  PRESS =     0.0
 Etot   =   -238715.6100  EKtot   =     62912.8125  EPtot      =   -301628.4225
 BOND   =      2088.5861  ANGLE   =      2464.2582  DIHED      =      1407.3398
 UB     =         0.0000  IMP     =         0.0000  CMAP       =       270.9598
 1-4 NB =      1206.7415  1-4 EEL =     15406.2689  VDWAALS    =     40918.5931
 EELEC  =   -365391.1700  EHBOND  =         0.0000  RESTRAINT  =         0.0000
 ------------------------------------------------------------------------------

wrapping first mol.:      -38.30066      108.33064        0.00000

 NSTEP =   580000   TIME(PS) =  301200.000  TEMP(K) =   310.72  PRESS =     0.0
 Etot   =   -238946.0933  EKtot   =     63273.0078  EPtot      =   -302219.1011
 BOND   =      2063.3146  ANGLE   =      2377.4157  DIHED      =      1390.3936
 UB     =         0.0000  IMP     =         0.0000  CMAP       =       256.5704
 1-4 NB =      1180.2791  1-4 EEL =     15582.1666  VDWAALS    =     40647.1623
 EELEC  =   -365716.4035  EHBOND  =         0.0000  RESTRAINT  =         0.0000
 ------------------------------------------------------------------------------

wrapping first mol.:      -38.30066      108.33064        0.00000

 NSTEP =   600000   TIME(PS) =  301240.000  TEMP(K) =   310.85  PRESS =     0.0
 Etot   =   -238411.6230  EKtot   =     63299.6289  EPtot      =   -301711.2519
 BOND   =      2075.6853  ANGLE   =      2429.4472  DIHED      =      1408.7225
 UB     =         0.0000  IMP     =         0.0000  CMAP       =       270.4476
 1-4 NB =      1175.7781  1-4 EEL =     15458.5938  VDWAALS    =     40589.1379
 EELEC  =   -365119.0644  EHBOND  =         0.0000  RESTRAINT  =         0.0000
 ------------------------------------------------------------------------------

wrapping first mol.:      -38.30066      108.33064        0.00000

 NSTEP =   620000   TIME(PS) =  301280.000  TEMP(K) =   311.51  PRESS =     0.0
 Etot   =   -238615.3157  EKtot   =     63433.9961  EPtot      =   -302049.3118
 BOND   =      2086.3542  ANGLE   =      2408.1817  DIHED      =      1407.4056
 UB     =         0.0000  IMP     =         0.0000  CMAP       =       251.1533
 1-4 NB =      1168.4334  1-4 EEL =     15448.7688  VDWAALS    =     40737.7202
 EELEC  =   -365557.3290  EHBOND  =         0.0000  RESTRAINT  =         0.0000
 ------------------------------------------------------------------------------

wrapping first mol.:      -38.30066      108.33064        0.00000

 NSTEP =   640000   TIME(PS) =  301320.000  TEMP(K) =   309.32  PRESS =     0.0
 Etot   =   -238934.2854  EKtot   =     62989.0000  EPtot      =   -301923.2854
 BOND   =      2074.6910  ANGLE   =      2461.1569  DIHED      =      1426.9328
 UB     =         0.0000  IMP     =         0.0000  CMAP       =       270.0264
 1-4 NB =      1201.1960  1-4 EEL =     15466.7129  VDWAALS    =     40330.3382
 EELEC  =   -365154.3397  EHBOND  =         0.0000  RESTRAINT  =         0.0000
 ------------------------------------------------------------------------------

wrapping first mol.:      -38.30066      108.33064        0.00000

 NSTEP =   660000   TIME(PS) =  301360.000  TEMP(K) =   310.44  PRESS =     0.0
 Etot   =   -238508.9890  EKtot   =     63216.0586  EPtot      =   -301725.0476
 BOND   =      2057.6798  ANGLE   =      2386.1994  DIHED      =      1403.0164
 UB     =         0.0000  IMP     =         0.0000  CMAP       =       281.2660
 1-4 NB =      1183.6160  1-4 EEL =     15387.4662  VDWAALS    =     40513.7278
 EELEC  =   -364938.0191  EHBOND  =         0.0000  RESTRAINT  =         0.0000
 ------------------------------------------------------------------------------

wrapping first mol.:      -38.30066      108.33064        0.00000

 NSTEP =   680000   TIME(PS) =  301400.000  TEMP(K) =   309.60  PRESS =     0.0
 Etot   =   -238775.8742  EKtot   =     63045.9297  EPtot      =   -301821.8038
 BOND   =      2131.5850  ANGLE   =      2415.3759  DIHED      =      1403.1723
 UB     =         0.0000  IMP     =         0.0000  CMAP       =       265.6850
 1-4 NB =      1167.8481  1-4 EEL =     15576.9196  VDWAALS    =     40654.3214
 EELEC  =   -365436.7113  EHBOND  =         0.0000  RESTRAINT  =         0.0000
 ------------------------------------------------------------------------------

wrapping first mol.:      -38.30066      108.33064        0.00000

 NSTEP =   700000   TIME(PS) =  301440.000  TEMP(K) =   309.60  PRESS =     0.0
 Etot   =   -238763.8109  EKtot   =     63044.6641  EPtot      =   -301808.4749
 BOND   =      2118.3634  ANGLE   =      2394.4024  DIHED      =      1392.1246
 UB     =         0.0000  IMP     =         0.0000  CMAP       =       257.5434
 1-4 NB =      1173.2155  1-4 EEL =     15472.9662  VDWAALS    =     40589.0117
 EELEC  =   -365206.1021  EHBOND  =         0.0000  RESTRAINT  =         0.0000
 ------------------------------------------------------------------------------

wrapping first mol.:      -38.30066      108.33064        0.00000

 NSTEP =   720000   TIME(PS) =  301480.000  TEMP(K) =   309.72  PRESS =     0.0
 Etot   =   -238842.2446  EKtot   =     63070.8320  EPtot      =   -301913.0766
 BOND   =      2088.0825  ANGLE   =      2357.8431  DIHED      =      1390.7486
 UB     =         0.0000  IMP     =         0.0000  CMAP       =       255.8416
 1-4 NB =      1182.2197  1-4 EEL =     15532.4038  VDWAALS    =     40002.3473
 EELEC  =   -364722.5632  EHBOND  =         0.0000  RESTRAINT  =         0.0000
 ------------------------------------------------------------------------------

wrapping first mol.:      -38.30066      108.33064        0.00000

 NSTEP =   740000   TIME(PS) =  301520.000  TEMP(K) =   309.69  PRESS =     0.0
 Etot   =   -239133.7901  EKtot   =     63063.9219  EPtot      =   -302197.7119
 BOND   =      2114.0359  ANGLE   =      2377.6498  DIHED      =      1422.0618
 UB     =         0.0000  IMP     =         0.0000  CMAP       =       254.2722
 1-4 NB =      1195.0267  1-4 EEL =     15522.0468  VDWAALS    =     41008.5412
 EELEC  =   -366091.3463  EHBOND  =         0.0000  RESTRAINT  =         0.0000
 ------------------------------------------------------------------------------

wrapping first mol.:      -38.30066      108.33064        0.00000

 NSTEP =   760000   TIME(PS) =  301560.000  TEMP(K) =   309.34  PRESS =     0.0
 Etot   =   -238808.2926  EKtot   =     62992.8359  EPtot      =   -301801.1285
 BOND   =      2117.0003  ANGLE   =      2394.9810  DIHED      =      1386.3892
 UB     =         0.0000  IMP     =         0.0000  CMAP       =       252.2115
 1-4 NB =      1183.1657  1-4 EEL =     15519.0531  VDWAALS    =     40176.2122
 EELEC  =   -364830.1415  EHBOND  =         0.0000  RESTRAINT  =         0.0000
 ------------------------------------------------------------------------------

wrapping first mol.:      -38.30066      108.33064        0.00000

 NSTEP =   780000   TIME(PS) =  301600.000  TEMP(K) =   309.33  PRESS =     0.0
 Etot   =   -239330.1720  EKtot   =     62990.5391  EPtot      =   -302320.7111
 BOND   =      2106.9418  ANGLE   =      2453.5505  DIHED      =      1421.6758
 UB     =         0.0000  IMP     =         0.0000  CMAP       =       247.0183
 1-4 NB =      1180.6051  1-4 EEL =     15459.8169  VDWAALS    =     41137.2082
 EELEC  =   -366327.5276  EHBOND  =         0.0000  RESTRAINT  =         0.0000
 ------------------------------------------------------------------------------

wrapping first mol.:      -38.30066      108.33064        0.00000

 NSTEP =   800000   TIME(PS) =  301640.000  TEMP(K) =   309.66  PRESS =     0.0
 Etot   =   -238268.9578  EKtot   =     63058.5977  EPtot      =   -301327.5554
 BOND   =      2096.9553  ANGLE   =      2467.4263  DIHED      =      1435.7665
 UB     =         0.0000  IMP     =         0.0000  CMAP       =       274.4518
 1-4 NB =      1179.8528  1-4 EEL =     15524.8607  VDWAALS    =     40637.9881
 EELEC  =   -364944.8569  EHBOND  =         0.0000  RESTRAINT  =         0.0000
 ------------------------------------------------------------------------------

wrapping first mol.:      -38.30066      108.33064        0.00000

 NSTEP =   820000   TIME(PS) =  301680.000  TEMP(K) =   308.67  PRESS =     0.0
 Etot   =   -238506.3586  EKtot   =     62856.5000  EPtot      =   -301362.8586
 BOND   =      2070.8980  ANGLE   =      2392.3750  DIHED      =      1452.7815
 UB     =         0.0000  IMP     =         0.0000  CMAP       =       276.2470
 1-4 NB =      1164.1451  1-4 EEL =     15429.3446  VDWAALS    =     40632.2279
 EELEC  =   -364780.8778  EHBOND  =         0.0000  RESTRAINT  =         0.0000
 ------------------------------------------------------------------------------

wrapping first mol.:      -38.30066      108.33064        0.00000

 NSTEP =   840000   TIME(PS) =  301720.000  TEMP(K) =   309.70  PRESS =     0.0
 Etot   =   -238619.7742  EKtot   =     63066.6133  EPtot      =   -301686.3875
 BOND   =      2107.8742  ANGLE   =      2420.7886  DIHED      =      1401.4760
 UB     =         0.0000  IMP     =         0.0000  CMAP       =       247.3562
 1-4 NB =      1169.7764  1-4 EEL =     15520.9367  VDWAALS    =     40794.2890
 EELEC  =   -365348.8848  EHBOND  =         0.0000  RESTRAINT  =         0.0000
 ------------------------------------------------------------------------------

wrapping first mol.:      -38.30066      108.33064        0.00000

 NSTEP =   860000   TIME(PS) =  301760.000  TEMP(K) =   309.21  PRESS =     0.0
 Etot   =   -238548.8531  EKtot   =     62965.1484  EPtot      =   -301514.0016
 BOND   =      2109.9263  ANGLE   =      2430.5607  DIHED      =      1403.0230
 UB     =         0.0000  IMP     =         0.0000  CMAP       =       252.0433
 1-4 NB =      1198.2271  1-4 EEL =     15496.5432  VDWAALS    =     40965.3490
 EELEC  =   -365369.6743  EHBOND  =         0.0000  RESTRAINT  =         0.0000
 ------------------------------------------------------------------------------

wrapping first mol.:      -38.30066      108.33064        0.00000

 NSTEP =   880000   TIME(PS) =  301800.000  TEMP(K) =   309.51  PRESS =     0.0
 Etot   =   -239081.3331  EKtot   =     63028.2148  EPtot      =   -302109.5479
 BOND   =      2175.5124  ANGLE   =      2366.3431  DIHED      =      1410.0989
 UB     =         0.0000  IMP     =         0.0000  CMAP       =       254.6035
 1-4 NB =      1148.1800  1-4 EEL =     15503.6901  VDWAALS    =     40765.6967
 EELEC  =   -365733.6725  EHBOND  =         0.0000  RESTRAINT  =         0.0000
 ------------------------------------------------------------------------------

wrapping first mol.:      -38.30066      108.33064        0.00000

 NSTEP =   900000   TIME(PS) =  301840.000  TEMP(K) =   308.50  PRESS =     0.0
 Etot   =   -238804.4887  EKtot   =     62821.8711  EPtot      =   -301626.3597
 BOND   =      2082.2827  ANGLE   =      2353.0678  DIHED      =      1417.3910
 UB     =         0.0000  IMP     =         0.0000  CMAP       =       259.6517
 1-4 NB =      1140.5826  1-4 EEL =     15429.3583  VDWAALS    =     40298.9284
 EELEC  =   -364607.6222  EHBOND  =         0.0000  RESTRAINT  =         0.0000
 ------------------------------------------------------------------------------

wrapping first mol.:      -38.30066      108.33064        0.00000

 NSTEP =   920000   TIME(PS) =  301880.000  TEMP(K) =   310.85  PRESS =     0.0
 Etot   =   -238322.6914  EKtot   =     63299.9688  EPtot      =   -301622.6601
 BOND   =      2069.6038  ANGLE   =      2414.2415  DIHED      =      1399.0765
 UB     =         0.0000  IMP     =         0.0000  CMAP       =       261.3041
 1-4 NB =      1172.2086  1-4 EEL =     15556.3576  VDWAALS    =     40726.5801
 EELEC  =   -365222.0323  EHBOND  =         0.0000  RESTRAINT  =         0.0000
 ------------------------------------------------------------------------------

wrapping first mol.:      -38.30066      108.33064        0.00000

 NSTEP =   940000   TIME(PS) =  301920.000  TEMP(K) =   308.65  PRESS =     0.0
 Etot   =   -239380.3172  EKtot   =     62852.9648  EPtot      =   -302233.2820
 BOND   =      2086.0280  ANGLE   =      2479.7706  DIHED      =      1435.8943
 UB     =         0.0000  IMP     =         0.0000  CMAP       =       247.3708
 1-4 NB =      1196.3037  1-4 EEL =     15464.2575  VDWAALS    =     40867.4462
 EELEC  =   -366010.3531  EHBOND  =         0.0000  RESTRAINT  =         0.0000
 ------------------------------------------------------------------------------

wrapping first mol.:      -38.30066      108.33064        0.00000

 NSTEP =   960000   TIME(PS) =  301960.000  TEMP(K) =   309.97  PRESS =     0.0
 Etot   =   -238715.9926  EKtot   =     63120.4883  EPtot      =   -301836.4809
 BOND   =      2100.7257  ANGLE   =      2461.7415  DIHED      =      1418.2113
 UB     =         0.0000  IMP     =         0.0000  CMAP       =       251.3829
 1-4 NB =      1182.3451  1-4 EEL =     15486.6078  VDWAALS    =     40726.2830
 EELEC  =   -365463.7783  EHBOND  =         0.0000  RESTRAINT  =         0.0000
 ------------------------------------------------------------------------------

wrapping first mol.:      -38.30066      108.33064        0.00000

 NSTEP =   980000   TIME(PS) =  302000.000  TEMP(K) =   311.06  PRESS =     0.0
 Etot   =   -238164.5803  EKtot   =     63343.7969  EPtot      =   -301508.3771
 BOND   =      2118.4826  ANGLE   =      2379.2599  DIHED      =      1442.1779
 UB     =         0.0000  IMP     =         0.0000  CMAP       =       231.5288
 1-4 NB =      1184.7375  1-4 EEL =     15488.6249  VDWAALS    =     39865.9193
 EELEC  =   -364219.1081  EHBOND  =         0.0000  RESTRAINT  =         0.0000
 ------------------------------------------------------------------------------

wrapping first mol.:      -38.30066      108.33064        0.00000

 NSTEP =  1000000   TIME(PS) =  302040.000  TEMP(K) =   308.16  PRESS =     0.0
 Etot   =   -239099.0837  EKtot   =     62752.1250  EPtot      =   -301851.2087
 BOND   =      2068.5582  ANGLE   =      2432.4917  DIHED      =      1435.0761
 UB     =         0.0000  IMP     =         0.0000  CMAP       =       257.9758
 1-4 NB =      1170.7370  1-4 EEL =     15472.3451  VDWAALS    =     40925.7775
 EELEC  =   -365614.1699  EHBOND  =         0.0000  RESTRAINT  =         0.0000
 ------------------------------------------------------------------------------

wrapping first mol.:      -38.30066      108.33064        0.00000

 NSTEP =  1020000   TIME(PS) =  302080.000  TEMP(K) =   308.49  PRESS =     0.0
 Etot   =   -239307.9828  EKtot   =     62819.6133  EPtot      =   -302127.5960
 BOND   =      2149.1950  ANGLE   =      2346.9237  DIHED      =      1429.9425
 UB     =         0.0000  IMP     =         0.0000  CMAP       =       266.1510
 1-4 NB =      1180.2854  1-4 EEL =     15540.6687  VDWAALS    =     40809.5565
 EELEC  =   -365850.3188  EHBOND  =         0.0000  RESTRAINT  =         0.0000
 ------------------------------------------------------------------------------

wrapping first mol.:      -38.30066      108.33064        0.00000

 NSTEP =  1040000   TIME(PS) =  302120.000  TEMP(K) =   310.82  PRESS =     0.0
 Etot   =   -238476.5025  EKtot   =     63293.9375  EPtot      =   -301770.4400
 BOND   =      2092.3509  ANGLE   =      2492.2811  DIHED      =      1438.0917
 UB     =         0.0000  IMP     =         0.0000  CMAP       =       254.0580
 1-4 NB =      1194.7709  1-4 EEL =     15539.2827  VDWAALS    =     40536.8536
 EELEC  =   -365318.1290  EHBOND  =         0.0000  RESTRAINT  =         0.0000
 ------------------------------------------------------------------------------

wrapping first mol.:      -38.30066      108.33064        0.00000

 NSTEP =  1060000   TIME(PS) =  302160.000  TEMP(K) =   309.45  PRESS =     0.0
 Etot   =   -238485.4758  EKtot   =     63014.7812  EPtot      =   -301500.2571
 BOND   =      2060.5618  ANGLE   =      2414.2504  DIHED      =      1435.9127
 UB     =         0.0000  IMP     =         0.0000  CMAP       =       252.0613
 1-4 NB =      1210.7966  1-4 EEL =     15552.3724  VDWAALS    =     41163.1111
 EELEC  =   -365589.3233  EHBOND  =         0.0000  RESTRAINT  =         0.0000
 ------------------------------------------------------------------------------

wrapping first mol.:      -38.30066      108.33064        0.00000

 NSTEP =  1080000   TIME(PS) =  302200.000  TEMP(K) =   311.19  PRESS =     0.0
 Etot   =   -238078.7346  EKtot   =     63370.1680  EPtot      =   -301448.9026
 BOND   =      2062.6813  ANGLE   =      2439.5558  DIHED      =      1487.9842
 UB     =         0.0000  IMP     =         0.0000  CMAP       =       266.2136
 1-4 NB =      1185.3830  1-4 EEL =     15507.7503  VDWAALS    =     40761.2478
 EELEC  =   -365159.7187  EHBOND  =         0.0000  RESTRAINT  =         0.0000
 ------------------------------------------------------------------------------

wrapping first mol.:      -38.30066      108.33064        0.00000

 NSTEP =  1100000   TIME(PS) =  302240.000  TEMP(K) =   309.51  PRESS =     0.0
 Etot   =   -238515.7217  EKtot   =     63027.5117  EPtot      =   -301543.2334
 BOND   =      2080.2253  ANGLE   =      2438.5309  DIHED      =      1415.3530
 UB     =         0.0000  IMP     =         0.0000  CMAP       =       270.4336
 1-4 NB =      1178.9564  1-4 EEL =     15472.5067  VDWAALS    =     41198.9770
 EELEC  =   -365598.2162  EHBOND  =         0.0000  RESTRAINT  =         0.0000
 ------------------------------------------------------------------------------

wrapping first mol.:      -38.30066      108.33064        0.00000

 NSTEP =  1120000   TIME(PS) =  302280.000  TEMP(K) =   309.20  PRESS =     0.0
 Etot   =   -238503.4230  EKtot   =     62964.7148  EPtot      =   -301468.1378
 BOND   =      2086.3825  ANGLE   =      2367.1802  DIHED      =      1405.3920
 UB     =         0.0000  IMP     =         0.0000  CMAP       =       257.8377
 1-4 NB =      1187.1434  1-4 EEL =     15560.2423  VDWAALS    =     40162.8195
 EELEC  =   -364495.1354  EHBOND  =         0.0000  RESTRAINT  =         0.0000
 ------------------------------------------------------------------------------

wrapping first mol.:      -38.30066      108.33064        0.00000

 NSTEP =  1140000   TIME(PS) =  302320.000  TEMP(K) =   310.06  PRESS =     0.0
 Etot   =   -238630.1051  EKtot   =     63140.0586  EPtot      =   -301770.1637
 BOND   =      2103.2180  ANGLE   =      2432.3690  DIHED      =      1419.4544
 UB     =         0.0000  IMP     =         0.0000  CMAP       =       246.3357
 1-4 NB =      1198.6037  1-4 EEL =     15546.1768  VDWAALS    =     40437.3195
 EELEC  =   -365153.6408  EHBOND  =         0.0000  RESTRAINT  =         0.0000
 ------------------------------------------------------------------------------

wrapping first mol.:      -38.30066      108.33064        0.00000

 NSTEP =  1160000   TIME(PS) =  302360.000  TEMP(K) =   309.84  PRESS =     0.0
 Etot   =   -238874.2284  EKtot   =     63094.6758  EPtot      =   -301968.9042
 BOND   =      2095.1949  ANGLE   =      2415.3270  DIHED      =      1413.2325
 UB     =         0.0000  IMP     =         0.0000  CMAP       =       270.0882
 1-4 NB =      1183.2556  1-4 EEL =     15499.2316  VDWAALS    =     40548.1803
 EELEC  =   -365393.4143  EHBOND  =         0.0000  RESTRAINT  =         0.0000
 ------------------------------------------------------------------------------

wrapping first mol.:      -38.30066      108.33064        0.00000

 NSTEP =  1180000   TIME(PS) =  302400.000  TEMP(K) =   311.72  PRESS =     0.0
 Etot   =   -238604.7162  EKtot   =     63477.6406  EPtot      =   -302082.3568
 BOND   =      2058.5031  ANGLE   =      2376.8195  DIHED      =      1432.9560
 UB     =         0.0000  IMP     =         0.0000  CMAP       =       237.7867
 1-4 NB =      1190.0383  1-4 EEL =     15466.2627  VDWAALS    =     40623.7457
 EELEC  =   -365468.4689  EHBOND  =         0.0000  RESTRAINT  =         0.0000
 ------------------------------------------------------------------------------

wrapping first mol.:      -38.30066      108.33064        0.00000

 NSTEP =  1200000   TIME(PS) =  302440.000  TEMP(K) =   312.82  PRESS =     0.0
 Etot   =   -238242.0804  EKtot   =     63700.7070  EPtot      =   -301942.7874
 BOND   =      2049.4462  ANGLE   =      2403.7981  DIHED      =      1425.9034
 UB     =         0.0000  IMP     =         0.0000  CMAP       =       265.0183
 1-4 NB =      1200.6454  1-4 EEL =     15500.0837  VDWAALS    =     40328.0213
 EELEC  =   -365115.7039  EHBOND  =         0.0000  RESTRAINT  =         0.0000
 ------------------------------------------------------------------------------

wrapping first mol.:      -38.30066      108.33064        0.00000

 NSTEP =  1220000   TIME(PS) =  302480.000  TEMP(K) =   310.97  PRESS =     0.0
 Etot   =   -238983.7857  EKtot   =     63323.9766  EPtot      =   -302307.7623
 BOND   =      1994.8481  ANGLE   =      2422.6985  DIHED      =      1404.4503
 UB     =         0.0000  IMP     =         0.0000  CMAP       =       266.3478
 1-4 NB =      1203.6779  1-4 EEL =     15478.6722  VDWAALS    =     41076.5727
 EELEC  =   -366155.0299  EHBOND  =         0.0000  RESTRAINT  =         0.0000
 ------------------------------------------------------------------------------

wrapping first mol.:      -38.30066      108.33064        0.00000

 NSTEP =  1240000   TIME(PS) =  302520.000  TEMP(K) =   309.82  PRESS =     0.0
 Etot   =   -239311.0345  EKtot   =     63089.4688  EPtot      =   -302400.5032
 BOND   =      2103.2094  ANGLE   =      2441.1491  DIHED      =      1410.9851
 UB     =         0.0000  IMP     =         0.0000  CMAP       =       252.1237
 1-4 NB =      1172.6268  1-4 EEL =     15401.5242  VDWAALS    =     40730.8081
 EELEC  =   -365912.9296  EHBOND  =         0.0000  RESTRAINT  =         0.0000
 ------------------------------------------------------------------------------

wrapping first mol.:      -38.30066      108.33064        0.00000

 NSTEP =  1260000   TIME(PS) =  302560.000  TEMP(K) =   309.38  PRESS =     0.0
 Etot   =   -238405.5322  EKtot   =     63000.0586  EPtot      =   -301405.5908
 BOND   =      2005.0445  ANGLE   =      2393.0741  DIHED      =      1414.7170
 UB     =         0.0000  IMP     =         0.0000  CMAP       =       272.8311
 1-4 NB =      1186.5402  1-4 EEL =     15502.6791  VDWAALS    =     40673.2830
 EELEC  =   -364853.7598  EHBOND  =         0.0000  RESTRAINT  =         0.0000
 ------------------------------------------------------------------------------

wrapping first mol.:      -38.30066      108.33064        0.00000

 NSTEP =  1280000   TIME(PS) =  302600.000  TEMP(K) =   310.63  PRESS =     0.0
 Etot   =   -238378.7949  EKtot   =     63255.2852  EPtot      =   -301634.0800
 BOND   =      2050.1911  ANGLE   =      2360.2166  DIHED      =      1387.1212
 UB     =         0.0000  IMP     =         0.0000  CMAP       =       271.5870
 1-4 NB =      1165.3314  1-4 EEL =     15437.6013  VDWAALS    =     40791.1093
 EELEC  =   -365097.2380  EHBOND  =         0.0000  RESTRAINT  =         0.0000
 ------------------------------------------------------------------------------

wrapping first mol.:      -38.30066      108.33064        0.00000

 NSTEP =  1300000   TIME(PS) =  302640.000  TEMP(K) =   309.58  PRESS =     0.0
 Etot   =   -238674.8038  EKtot   =     63041.9609  EPtot      =   -301716.7648
 BOND   =      2173.2047  ANGLE   =      2451.0750  DIHED      =      1389.0858
 UB     =         0.0000  IMP     =         0.0000  CMAP       =       261.7512
 1-4 NB =      1165.4025  1-4 EEL =     15430.2712  VDWAALS    =     40637.1444
 EELEC  =   -365224.6995  EHBOND  =         0.0000  RESTRAINT  =         0.0000
 ------------------------------------------------------------------------------

wrapping first mol.:      -38.30066      108.33064        0.00000

 NSTEP =  1320000   TIME(PS) =  302680.000  TEMP(K) =   307.93  PRESS =     0.0
 Etot   =   -239713.2919  EKtot   =     62704.7109  EPtot      =   -302418.0029
 BOND   =      2074.9983  ANGLE   =      2378.0617  DIHED      =      1412.4079
 UB     =         0.0000  IMP     =         0.0000  CMAP       =       249.9387
 1-4 NB =      1198.5656  1-4 EEL =     15456.0026  VDWAALS    =     40226.6562
 EELEC  =   -365414.6339  EHBOND  =         0.0000  RESTRAINT  =         0.0000
 ------------------------------------------------------------------------------

wrapping first mol.:      -38.30066      108.33064        0.00000

 NSTEP =  1340000   TIME(PS) =  302720.000  TEMP(K) =   311.38  PRESS =     0.0
 Etot   =   -238504.5083  EKtot   =     63408.0273  EPtot      =   -301912.5356
 BOND   =      2069.8753  ANGLE   =      2393.5582  DIHED      =      1393.5567
 UB     =         0.0000  IMP     =         0.0000  CMAP       =       260.4269
 1-4 NB =      1185.5910  1-4 EEL =     15424.6689  VDWAALS    =     40759.2682
 EELEC  =   -365399.4808  EHBOND  =         0.0000  RESTRAINT  =         0.0000
 ------------------------------------------------------------------------------

wrapping first mol.:      -38.30066      108.33064        0.00000

 NSTEP =  1360000   TIME(PS) =  302760.000  TEMP(K) =   309.57  PRESS =     0.0
 Etot   =   -238349.7047  EKtot   =     63039.6992  EPtot      =   -301389.4040
 BOND   =      2076.9080  ANGLE   =      2442.8284  DIHED      =      1377.9461
 UB     =         0.0000  IMP     =         0.0000  CMAP       =       256.9812
 1-4 NB =      1195.2544  1-4 EEL =     15416.8710  VDWAALS    =     40577.7969
 EELEC  =   -364733.9899  EHBOND  =         0.0000  RESTRAINT  =         0.0000
 ------------------------------------------------------------------------------

wrapping first mol.:      -38.30066      108.33064        0.00000

 NSTEP =  1380000   TIME(PS) =  302800.000  TEMP(K) =   312.49  PRESS =     0.0
 Etot   =   -238092.8634  EKtot   =     63633.4688  EPtot      =   -301726.3321
 BOND   =      2109.9312  ANGLE   =      2424.8338  DIHED      =      1393.4108
 UB     =         0.0000  IMP     =         0.0000  CMAP       =       252.1296
 1-4 NB =      1171.4411  1-4 EEL =     15408.3845  VDWAALS    =     40496.8222
 EELEC  =   -364983.2853  EHBOND  =         0.0000  RESTRAINT  =         0.0000
 ------------------------------------------------------------------------------

wrapping first mol.:      -38.30066      108.33064        0.00000

 NSTEP =  1400000   TIME(PS) =  302840.000  TEMP(K) =   310.45  PRESS =     0.0
 Etot   =   -238694.3844  EKtot   =     63218.0391  EPtot      =   -301912.4235
 BOND   =      2091.7198  ANGLE   =      2410.3201  DIHED      =      1413.2051
 UB     =         0.0000  IMP     =         0.0000  CMAP       =       270.1377
 1-4 NB =      1187.6126  1-4 EEL =     15402.1288  VDWAALS    =     41191.6942
 EELEC  =   -365879.2420  EHBOND  =         0.0000  RESTRAINT  =         0.0000
 ------------------------------------------------------------------------------

wrapping first mol.:      -38.30066      108.33064        0.00000

 NSTEP =  1420000   TIME(PS) =  302880.000  TEMP(K) =   310.33  PRESS =     0.0
 Etot   =   -239039.3631  EKtot   =     63194.0000  EPtot      =   -302233.3631
 BOND   =      2015.6672  ANGLE   =      2403.2777  DIHED      =      1409.3618
 UB     =         0.0000  IMP     =         0.0000  CMAP       =       242.4435
 1-4 NB =      1177.9409  1-4 EEL =     15442.3187  VDWAALS    =     40770.0708
 EELEC  =   -365694.4436  EHBOND  =         0.0000  RESTRAINT  =         0.0000
 ------------------------------------------------------------------------------

wrapping first mol.:      -38.30066      108.33064        0.00000

 NSTEP =  1440000   TIME(PS) =  302920.000  TEMP(K) =   309.97  PRESS =     0.0
 Etot   =   -239307.7720  EKtot   =     63120.6250  EPtot      =   -302428.3970
 BOND   =      2050.6011  ANGLE   =      2411.2085  DIHED      =      1435.6655
 UB     =         0.0000  IMP     =         0.0000  CMAP       =       242.0700
 1-4 NB =      1183.9937  1-4 EEL =     15332.8939  VDWAALS    =     40812.3581
 EELEC  =   -365897.1877  EHBOND  =         0.0000  RESTRAINT  =         0.0000
 ------------------------------------------------------------------------------

wrapping first mol.:      -38.30066      108.33064        0.00000

 NSTEP =  1460000   TIME(PS) =  302960.000  TEMP(K) =   309.83  PRESS =     0.0
 Etot   =   -239566.0654  EKtot   =     63092.2852  EPtot      =   -302658.3506
 BOND   =      2100.4327  ANGLE   =      2392.9227  DIHED      =      1364.5582
 UB     =         0.0000  IMP     =         0.0000  CMAP       =       244.1404
 1-4 NB =      1183.9044  1-4 EEL =     15320.2716  VDWAALS    =     40738.2006
 EELEC  =   -366002.7811  EHBOND  =         0.0000  RESTRAINT  =         0.0000
 ------------------------------------------------------------------------------

wrapping first mol.:      -38.30066      108.33064        0.00000

 NSTEP =  1480000   TIME(PS) =  303000.000  TEMP(K) =   308.85  PRESS =     0.0
 Etot   =   -238676.2972  EKtot   =     62893.5117  EPtot      =   -301569.8090
 BOND   =      2096.9927  ANGLE   =      2414.3942  DIHED      =      1406.0445
 UB     =         0.0000  IMP     =         0.0000  CMAP       =       262.0000
 1-4 NB =      1203.8772  1-4 EEL =     15405.0229  VDWAALS    =     41186.4815
 EELEC  =   -365544.6220  EHBOND  =         0.0000  RESTRAINT  =         0.0000
 ------------------------------------------------------------------------------

wrapping first mol.:      -38.30066      108.33064        0.00000

 NSTEP =  1500000   TIME(PS) =  303040.000  TEMP(K) =   310.76  PRESS =     0.0
 Etot   =   -238718.5584  EKtot   =     63280.9805  EPtot      =   -301999.5389
 BOND   =      2084.6771  ANGLE   =      2426.5164  DIHED      =      1419.6499
 UB     =         0.0000  IMP     =         0.0000  CMAP       =       253.8841
 1-4 NB =      1195.8413  1-4 EEL =     15340.4047  VDWAALS    =     40867.6396
 EELEC  =   -365588.1520  EHBOND  =         0.0000  RESTRAINT  =         0.0000
 ------------------------------------------------------------------------------

wrapping first mol.:      -38.30066      108.33064        0.00000

 NSTEP =  1520000   TIME(PS) =  303080.000  TEMP(K) =   310.34  PRESS =     0.0
 Etot   =   -238399.7196  EKtot   =     63195.2891  EPtot      =   -301595.0087
 BOND   =      2122.1204  ANGLE   =      2451.1488  DIHED      =      1426.3536
 UB     =         0.0000  IMP     =         0.0000  CMAP       =       246.4145
 1-4 NB =      1178.3506  1-4 EEL =     15419.4251  VDWAALS    =     40195.0152
 EELEC  =   -364633.8368  EHBOND  =         0.0000  RESTRAINT  =         0.0000
 ------------------------------------------------------------------------------

wrapping first mol.:      -38.30066      108.33064        0.00000

 NSTEP =  1540000   TIME(PS) =  303120.000  TEMP(K) =   311.67  PRESS =     0.0
 Etot   =   -238762.0138  EKtot   =     63466.4414  EPtot      =   -302228.4552
 BOND   =      2092.5753  ANGLE   =      2413.3551  DIHED      =      1415.6739
 UB     =         0.0000  IMP     =         0.0000  CMAP       =       263.0020
 1-4 NB =      1185.9847  1-4 EEL =     15461.2939  VDWAALS    =     40439.1054
 EELEC  =   -365499.4456  EHBOND  =         0.0000  RESTRAINT  =         0.0000
 ------------------------------------------------------------------------------

wrapping first mol.:      -38.30066      108.33064        0.00000

 NSTEP =  1560000   TIME(PS) =  303160.000  TEMP(K) =   311.58  PRESS =     0.0
 Etot   =   -238524.2336  EKtot   =     63449.1289  EPtot      =   -301973.3625
 BOND   =      2074.6662  ANGLE   =      2401.0100  DIHED      =      1424.1105
 UB     =         0.0000  IMP     =         0.0000  CMAP       =       270.8386
 1-4 NB =      1165.1748  1-4 EEL =     15379.5172  VDWAALS    =     40600.5162
 EELEC  =   -365289.1959  EHBOND  =         0.0000  RESTRAINT  =         0.0000
 ------------------------------------------------------------------------------

wrapping first mol.:      -38.30066      108.33064        0.00000

 NSTEP =  1580000   TIME(PS) =  303200.000  TEMP(K) =   312.31  PRESS =     0.0
 Etot   =   -238340.9843  EKtot   =     63597.5352  EPtot      =   -301938.5194
 BOND   =      2066.9060  ANGLE   =      2351.3056  DIHED      =      1437.5936
 UB     =         0.0000  IMP     =         0.0000  CMAP       =       249.7068
 1-4 NB =      1187.5730  1-4 EEL =     15431.7716  VDWAALS    =     40859.2815
 EELEC  =   -365522.6576  EHBOND  =         0.0000  RESTRAINT  =         0.0000
 ------------------------------------------------------------------------------

wrapping first mol.:      -38.30066      108.33064        0.00000

 NSTEP =  1600000   TIME(PS) =  303240.000  TEMP(K) =   308.41  PRESS =     0.0
 Etot   =   -238747.4305  EKtot   =     62802.7930  EPtot      =   -301550.2235
 BOND   =      2053.7278  ANGLE   =      2385.1334  DIHED      =      1420.2685
 UB     =         0.0000  IMP     =         0.0000  CMAP       =       251.7991
 1-4 NB =      1180.5857  1-4 EEL =     15475.8695  VDWAALS    =     40912.6492
 EELEC  =   -365230.2567  EHBOND  =         0.0000  RESTRAINT  =         0.0000
 ------------------------------------------------------------------------------

wrapping first mol.:      -38.30066      108.33064        0.00000

 NSTEP =  1620000   TIME(PS) =  303280.000  TEMP(K) =   309.01  PRESS =     0.0
 Etot   =   -239186.4247  EKtot   =     62925.3516  EPtot      =   -302111.7763
 BOND   =      2074.2707  ANGLE   =      2345.0651  DIHED      =      1422.1729
 UB     =         0.0000  IMP     =         0.0000  CMAP       =       251.6073
 1-4 NB =      1177.8879  1-4 EEL =     15361.5973  VDWAALS    =     40357.3025
 EELEC  =   -365101.6799  EHBOND  =         0.0000  RESTRAINT  =         0.0000
 ------------------------------------------------------------------------------

wrapping first mol.:      -38.30066      108.33064        0.00000

 NSTEP =  1640000   TIME(PS) =  303320.000  TEMP(K) =   311.64  PRESS =     0.0
 Etot   =   -238460.0181  EKtot   =     63460.8320  EPtot      =   -301920.8501
 BOND   =      2082.1092  ANGLE   =      2402.0007  DIHED      =      1417.3437
 UB     =         0.0000  IMP     =         0.0000  CMAP       =       262.7728
 1-4 NB =      1164.2787  1-4 EEL =     15346.7968  VDWAALS    =     41005.5580
 EELEC  =   -365601.7099  EHBOND  =         0.0000  RESTRAINT  =         0.0000
 ------------------------------------------------------------------------------

wrapping first mol.:      -38.30066      108.33064        0.00000

 NSTEP =  1660000   TIME(PS) =  303360.000  TEMP(K) =   309.56  PRESS =     0.0
 Etot   =   -238489.4281  EKtot   =     63037.1484  EPtot      =   -301526.5765
 BOND   =      2123.0862  ANGLE   =      2470.4081  DIHED      =      1406.5320
 UB     =         0.0000  IMP     =         0.0000  CMAP       =       280.0361
 1-4 NB =      1202.7251  1-4 EEL =     15443.9728  VDWAALS    =     40610.3979
 EELEC  =   -365063.7348  EHBOND  =         0.0000  RESTRAINT  =         0.0000
 ------------------------------------------------------------------------------

wrapping first mol.:      -38.30066      108.33064        0.00000

 NSTEP =  1680000   TIME(PS) =  303400.000  TEMP(K) =   309.11  PRESS =     0.0
 Etot   =   -239240.4222  EKtot   =     62944.7578  EPtot      =   -302185.1801
 BOND   =      2074.2899  ANGLE   =      2357.4547  DIHED      =      1389.2021
 UB     =         0.0000  IMP     =         0.0000  CMAP       =       286.7058
 1-4 NB =      1192.6503  1-4 EEL =     15338.1498  VDWAALS    =     41168.4371
 EELEC  =   -365992.0697  EHBOND  =         0.0000  RESTRAINT  =         0.0000
 ------------------------------------------------------------------------------

wrapping first mol.:      -38.30066      108.33064        0.00000

 NSTEP =  1700000   TIME(PS) =  303440.000  TEMP(K) =   311.42  PRESS =     0.0
 Etot   =   -238354.8940  EKtot   =     63415.1875  EPtot      =   -301770.0815
 BOND   =      2090.7253  ANGLE   =      2461.7776  DIHED      =      1398.8668
 UB     =         0.0000  IMP     =         0.0000  CMAP       =       277.5126
 1-4 NB =      1199.1239  1-4 EEL =     15408.1374  VDWAALS    =     41119.7568
 EELEC  =   -365725.9819  EHBOND  =         0.0000  RESTRAINT  =         0.0000
 ------------------------------------------------------------------------------

wrapping first mol.:      -38.30066      108.33064        0.00000

 NSTEP =  1720000   TIME(PS) =  303480.000  TEMP(K) =   309.59  PRESS =     0.0
 Etot   =   -238848.8048  EKtot   =     63044.2852  EPtot      =   -301893.0899
 BOND   =      2105.4873  ANGLE   =      2436.1493  DIHED      =      1414.3810
 UB     =         0.0000  IMP     =         0.0000  CMAP       =       258.4381
 1-4 NB =      1182.4028  1-4 EEL =     15387.4204  VDWAALS    =     40667.0250
 EELEC  =   -365344.3938  EHBOND  =         0.0000  RESTRAINT  =         0.0000
 ------------------------------------------------------------------------------

wrapping first mol.:      -38.30066      108.33064        0.00000

 NSTEP =  1740000   TIME(PS) =  303520.000  TEMP(K) =   310.77  PRESS =     0.0
 Etot   =   -238805.2071  EKtot   =     63283.7734  EPtot      =   -302088.9805
 BOND   =      2097.5127  ANGLE   =      2352.8907  DIHED      =      1408.1489
 UB     =         0.0000  IMP     =         0.0000  CMAP       =       256.3666
 1-4 NB =      1200.7753  1-4 EEL =     15357.5022  VDWAALS    =     40660.3435
 EELEC  =   -365422.5203  EHBOND  =         0.0000  RESTRAINT  =         0.0000
 ------------------------------------------------------------------------------

wrapping first mol.:      -38.30066      108.33064        0.00000

 NSTEP =  1760000   TIME(PS) =  303560.000  TEMP(K) =   309.60  PRESS =     0.0
 Etot   =   -238740.5486  EKtot   =     63046.1172  EPtot      =   -301786.6658
 BOND   =      2099.0969  ANGLE   =      2449.4655  DIHED      =      1412.6785
 UB     =         0.0000  IMP     =         0.0000  CMAP       =       256.5941
 1-4 NB =      1174.5213  1-4 EEL =     15375.1046  VDWAALS    =     41137.8710
 EELEC  =   -365691.9977  EHBOND  =         0.0000  RESTRAINT  =         0.0000
 ------------------------------------------------------------------------------

wrapping first mol.:      -38.30066      108.33064        0.00000

 NSTEP =  1780000   TIME(PS) =  303600.000  TEMP(K) =   310.34  PRESS =     0.0
 Etot   =   -238569.5700  EKtot   =     63195.3320  EPtot      =   -301764.9020
 BOND   =      2122.6533  ANGLE   =      2431.0287  DIHED      =      1398.6973
 UB     =         0.0000  IMP     =         0.0000  CMAP       =       258.9849
 1-4 NB =      1197.8124  1-4 EEL =     15389.1297  VDWAALS    =     40753.9596
 EELEC  =   -365317.1679  EHBOND  =         0.0000  RESTRAINT  =         0.0000
 ------------------------------------------------------------------------------

wrapping first mol.:      -38.30066      108.33064        0.00000

 NSTEP =  1800000   TIME(PS) =  303640.000  TEMP(K) =   309.96  PRESS =     0.0
 Etot   =   -239035.2860  EKtot   =     63119.5352  EPtot      =   -302154.8212
 BOND   =      2059.7057  ANGLE   =      2384.6523  DIHED      =      1378.2969
 UB     =         0.0000  IMP     =         0.0000  CMAP       =       260.9601
 1-4 NB =      1168.0811  1-4 EEL =     15375.1788  VDWAALS    =     40866.5436
 EELEC  =   -365648.2396  EHBOND  =         0.0000  RESTRAINT  =         0.0000
 ------------------------------------------------------------------------------

wrapping first mol.:      -38.30066      108.33064        0.00000

 NSTEP =  1820000   TIME(PS) =  303680.000  TEMP(K) =   311.54  PRESS =     0.0
 Etot   =   -238692.7107  EKtot   =     63440.6484  EPtot      =   -302133.3591
 BOND   =      2043.0073  ANGLE   =      2435.2996  DIHED      =      1424.3922
 UB     =         0.0000  IMP     =         0.0000  CMAP       =       276.9763
 1-4 NB =      1182.4925  1-4 EEL =     15364.2648  VDWAALS    =     40743.5960
 EELEC  =   -365603.3879  EHBOND  =         0.0000  RESTRAINT  =         0.0000
 ------------------------------------------------------------------------------

wrapping first mol.:      -38.30066      108.33064        0.00000

 NSTEP =  1840000   TIME(PS) =  303720.000  TEMP(K) =   309.91  PRESS =     0.0
 Etot   =   -238896.5950  EKtot   =     63108.2305  EPtot      =   -302004.8255
 BOND   =      2109.3614  ANGLE   =      2479.0574  DIHED      =      1377.4028
 UB     =         0.0000  IMP     =         0.0000  CMAP       =       248.7410
 1-4 NB =      1194.0739  1-4 EEL =     15376.4387  VDWAALS    =     40485.8945
 EELEC  =   -365275.7954  EHBOND  =         0.0000  RESTRAINT  =         0.0000
 ------------------------------------------------------------------------------

wrapping first mol.:      -38.30066      108.33064        0.00000

 NSTEP =  1860000   TIME(PS) =  303760.000  TEMP(K) =   310.24  PRESS =     0.0
 Etot   =   -238764.3108  EKtot   =     63176.2461  EPtot      =   -301940.5569
 BOND   =      2105.1229  ANGLE   =      2382.0415  DIHED      =      1424.2749
 UB     =         0.0000  IMP     =         0.0000  CMAP       =       249.6501
 1-4 NB =      1167.0474  1-4 EEL =     15379.7406  VDWAALS    =     40487.4463
 EELEC  =   -365135.8807  EHBOND  =         0.0000  RESTRAINT  =         0.0000
 ------------------------------------------------------------------------------

wrapping first mol.:      -38.30066      108.33064        0.00000

 NSTEP =  1880000   TIME(PS) =  303800.000  TEMP(K) =   308.65  PRESS =     0.0
 Etot   =   -238644.9210  EKtot   =     62852.0938  EPtot      =   -301497.0148
 BOND   =      2085.0543  ANGLE   =      2474.3509  DIHED      =      1385.4115
 UB     =         0.0000  IMP     =         0.0000  CMAP       =       257.4429
 1-4 NB =      1147.3338  1-4 EEL =     15333.6213  VDWAALS    =     40656.5418
 EELEC  =   -364836.7713  EHBOND  =         0.0000  RESTRAINT  =         0.0000
 ------------------------------------------------------------------------------

wrapping first mol.:      -38.30066      108.33064        0.00000

 NSTEP =  1900000   TIME(PS) =  303840.000  TEMP(K) =   309.03  PRESS =     0.0
 Etot   =   -238723.7977  EKtot   =     62930.1836  EPtot      =   -301653.9813
 BOND   =      2091.4563  ANGLE   =      2408.5018  DIHED      =      1398.9439
 UB     =         0.0000  IMP     =         0.0000  CMAP       =       253.8983
 1-4 NB =      1187.7108  1-4 EEL =     15348.4517  VDWAALS    =     40732.5264
 EELEC  =   -365075.4705  EHBOND  =         0.0000  RESTRAINT  =         0.0000
 ------------------------------------------------------------------------------

wrapping first mol.:      -38.30066      108.33064        0.00000

 NSTEP =  1920000   TIME(PS) =  303880.000  TEMP(K) =   310.58  PRESS =     0.0
 Etot   =   -238783.7565  EKtot   =     63245.6055  EPtot      =   -302029.3620
 BOND   =      2124.6293  ANGLE   =      2373.3555  DIHED      =      1375.3435
 UB     =         0.0000  IMP     =         0.0000  CMAP       =       254.2105
 1-4 NB =      1169.2328  1-4 EEL =     15311.6524  VDWAALS    =     40781.3762
 EELEC  =   -365419.1621  EHBOND  =         0.0000  RESTRAINT  =         0.0000
 ------------------------------------------------------------------------------

wrapping first mol.:      -38.30066      108.33064        0.00000

 NSTEP =  1940000   TIME(PS) =  303920.000  TEMP(K) =   311.13  PRESS =     0.0
 Etot   =   -238925.9434  EKtot   =     63357.6055  EPtot      =   -302283.5489
 BOND   =      2065.7672  ANGLE   =      2485.0616  DIHED      =      1394.8333
 UB     =         0.0000  IMP     =         0.0000  CMAP       =       233.1976
 1-4 NB =      1172.4570  1-4 EEL =     15284.0369  VDWAALS    =     40669.1317
 EELEC  =   -365588.0343  EHBOND  =         0.0000  RESTRAINT  =         0.0000
 ------------------------------------------------------------------------------

wrapping first mol.:      -38.30066      108.33064        0.00000

 NSTEP =  1960000   TIME(PS) =  303960.000  TEMP(K) =   309.67  PRESS =     0.0
 Etot   =   -238908.0502  EKtot   =     63058.9102  EPtot      =   -301966.9604
 BOND   =      2112.9816  ANGLE   =      2392.3607  DIHED      =      1369.7216
 UB     =         0.0000  IMP     =         0.0000  CMAP       =       230.1113
 1-4 NB =      1166.4193  1-4 EEL =     15304.2438  VDWAALS    =     40706.9043
 EELEC  =   -365249.7029  EHBOND  =         0.0000  RESTRAINT  =         0.0000
 ------------------------------------------------------------------------------

wrapping first mol.:      -38.30066      108.33064        0.00000

 NSTEP =  1980000   TIME(PS) =  304000.000  TEMP(K) =   310.71  PRESS =     0.0
 Etot   =   -238436.9456  EKtot   =     63271.2383  EPtot      =   -301708.1839
 BOND   =      2083.2708  ANGLE   =      2382.7795  DIHED      =      1425.3445
 UB     =         0.0000  IMP     =         0.0000  CMAP       =       269.6675
 1-4 NB =      1176.8092  1-4 EEL =     15363.9660  VDWAALS    =     40484.0913
 EELEC  =   -364894.1127  EHBOND  =         0.0000  RESTRAINT  =         0.0000
 ------------------------------------------------------------------------------

wrapping first mol.:      -38.30066      108.33064        0.00000

 NSTEP =  2000000   TIME(PS) =  304040.000  TEMP(K) =   309.48  PRESS =     0.0
 Etot   =   -238508.4345  EKtot   =     63021.0664  EPtot      =   -301529.5009
 BOND   =      2152.9077  ANGLE   =      2421.2369  DIHED      =      1413.2681
 UB     =         0.0000  IMP     =         0.0000  CMAP       =       250.6160
 1-4 NB =      1193.9448  1-4 EEL =     15370.2420  VDWAALS    =     40504.4839
 EELEC  =   -364836.2004  EHBOND  =         0.0000  RESTRAINT  =         0.0000
 ------------------------------------------------------------------------------

wrapping first mol.:      -38.30066      108.33064        0.00000

 NSTEP =  2020000   TIME(PS) =  304080.000  TEMP(K) =   310.88  PRESS =     0.0
 Etot   =   -238770.9913  EKtot   =     63306.4453  EPtot      =   -302077.4366
 BOND   =      2104.3160  ANGLE   =      2395.5765  DIHED      =      1372.5916
 UB     =         0.0000  IMP     =         0.0000  CMAP       =       265.7736
 1-4 NB =      1176.0546  1-4 EEL =     15329.7626  VDWAALS    =     40664.4907
 EELEC  =   -365386.0023  EHBOND  =         0.0000  RESTRAINT  =         0.0000
 ------------------------------------------------------------------------------

wrapping first mol.:      -38.30066      108.33064        0.00000

 NSTEP =  2040000   TIME(PS) =  304120.000  TEMP(K) =   308.34  PRESS =     0.0
 Etot   =   -238868.3971  EKtot   =     62787.9844  EPtot      =   -301656.3814
 BOND   =      2097.3432  ANGLE   =      2395.7741  DIHED      =      1407.2863
 UB     =         0.0000  IMP     =         0.0000  CMAP       =       248.6636
 1-4 NB =      1195.9132  1-4 EEL =     15403.8449  VDWAALS    =     41076.5003
 EELEC  =   -365481.7069  EHBOND  =         0.0000  RESTRAINT  =         0.0000
 ------------------------------------------------------------------------------

wrapping first mol.:      -38.30066      108.33064        0.00000

 NSTEP =  2060000   TIME(PS) =  304160.000  TEMP(K) =   309.05  PRESS =     0.0
 Etot   =   -238844.8977  EKtot   =     62934.1367  EPtot      =   -301779.0344
 BOND   =      2096.7256  ANGLE   =      2478.1079  DIHED      =      1392.7312
 UB     =         0.0000  IMP     =         0.0000  CMAP       =       270.0870
 1-4 NB =      1174.1148  1-4 EEL =     15371.0438  VDWAALS    =     40516.6309
 EELEC  =   -365078.4757  EHBOND  =         0.0000  RESTRAINT  =         0.0000
 ------------------------------------------------------------------------------

wrapping first mol.:      -38.30066      108.33064        0.00000

 NSTEP =  2080000   TIME(PS) =  304200.000  TEMP(K) =   310.85  PRESS =     0.0
 Etot   =   -238835.7589  EKtot   =     63299.6133  EPtot      =   -302135.3722
 BOND   =      2163.7168  ANGLE   =      2435.9047  DIHED      =      1372.3073
 UB     =         0.0000  IMP     =         0.0000  CMAP       =       253.3808
 1-4 NB =      1161.5457  1-4 EEL =     15302.1558  VDWAALS    =     40663.2655
 EELEC  =   -365487.6489  EHBOND  =         0.0000  RESTRAINT  =         0.0000
 ------------------------------------------------------------------------------

wrapping first mol.:      -38.30066      108.33064        0.00000

 NSTEP =  2100000   TIME(PS) =  304240.000  TEMP(K) =   310.94  PRESS =     0.0
 Etot   =   -239120.5129  EKtot   =     63317.9609  EPtot      =   -302438.4738
 BOND   =      2147.7257  ANGLE   =      2402.8125  DIHED      =      1393.5077
 UB     =         0.0000  IMP     =         0.0000  CMAP       =       262.3168
 1-4 NB =      1161.8464  1-4 EEL =     15330.1558  VDWAALS    =     40905.0233
 EELEC  =   -366041.8619  EHBOND  =         0.0000  RESTRAINT  =         0.0000
 ------------------------------------------------------------------------------

wrapping first mol.:      -38.30066      108.33064        0.00000

 NSTEP =  2120000   TIME(PS) =  304280.000  TEMP(K) =   307.71  PRESS =     0.0
 Etot   =   -239157.0191  EKtot   =     62661.6484  EPtot      =   -301818.6676
 BOND   =      2082.1283  ANGLE   =      2335.1081  DIHED      =      1379.0939
 UB     =         0.0000  IMP     =         0.0000  CMAP       =       249.4404
 1-4 NB =      1210.1669  1-4 EEL =     15391.0071  VDWAALS    =     41036.0711
 EELEC  =   -365501.6833  EHBOND  =         0.0000  RESTRAINT  =         0.0000
 ------------------------------------------------------------------------------

wrapping first mol.:      -38.30066      108.33064        0.00000

 NSTEP =  2140000   TIME(PS) =  304320.000  TEMP(K) =   309.44  PRESS =     0.0
 Etot   =   -238178.7279  EKtot   =     63012.3789  EPtot      =   -301191.1068
 BOND   =      2140.5849  ANGLE   =      2463.6934  DIHED      =      1393.6658
 UB     =         0.0000  IMP     =         0.0000  CMAP       =       262.5622
 1-4 NB =      1192.4203  1-4 EEL =     15398.9141  VDWAALS    =     40298.9625
 EELEC  =   -364341.9101  EHBOND  =         0.0000  RESTRAINT  =         0.0000
 ------------------------------------------------------------------------------

wrapping first mol.:      -38.30066      108.33064        0.00000

 NSTEP =  2160000   TIME(PS) =  304360.000  TEMP(K) =   311.95  PRESS =     0.0
 Etot   =   -238412.6943  EKtot   =     63523.6172  EPtot      =   -301936.3115
 BOND   =      2081.7736  ANGLE   =      2418.2857  DIHED      =      1404.0785
 UB     =         0.0000  IMP     =         0.0000  CMAP       =       263.0632
 1-4 NB =      1169.0389  1-4 EEL =     15355.0598  VDWAALS    =     40404.6030
 EELEC  =   -365032.2143  EHBOND  =         0.0000  RESTRAINT  =         0.0000
 ------------------------------------------------------------------------------

wrapping first mol.:      -38.30066      108.33064        0.00000

 NSTEP =  2180000   TIME(PS) =  304400.000  TEMP(K) =   310.69  PRESS =     0.0
 Etot   =   -238567.5060  EKtot   =     63266.7148  EPtot      =   -301834.2208
 BOND   =      2127.8298  ANGLE   =      2372.1279  DIHED      =      1403.0872
 UB     =         0.0000  IMP     =         0.0000  CMAP       =       255.0172
 1-4 NB =      1195.5594  1-4 EEL =     15478.7279  VDWAALS    =     41131.8108
 EELEC  =   -365798.3811  EHBOND  =         0.0000  RESTRAINT  =         0.0000
 ------------------------------------------------------------------------------

wrapping first mol.:      -38.30066      108.33064        0.00000

 NSTEP =  2200000   TIME(PS) =  304440.000  TEMP(K) =   309.98  PRESS =     0.0
 Etot   =   -238716.3383  EKtot   =     63122.8203  EPtot      =   -301839.1586
 BOND   =      2118.8075  ANGLE   =      2457.5031  DIHED      =      1397.9484
 UB     =         0.0000  IMP     =         0.0000  CMAP       =       262.3098
 1-4 NB =      1194.5486  1-4 EEL =     15449.2085  VDWAALS    =     40761.0485
 EELEC  =   -365480.5330  EHBOND  =         0.0000  RESTRAINT  =         0.0000
 ------------------------------------------------------------------------------

wrapping first mol.:      -38.30066      108.33064        0.00000

 NSTEP =  2220000   TIME(PS) =  304480.000  TEMP(K) =   310.17  PRESS =     0.0
 Etot   =   -239083.6082  EKtot   =     63161.1602  EPtot      =   -302244.7684
 BOND   =      2083.4975  ANGLE   =      2371.7665  DIHED      =      1402.9475
 UB     =         0.0000  IMP     =         0.0000  CMAP       =       282.4633
 1-4 NB =      1190.0688  1-4 EEL =     15359.8258  VDWAALS    =     40527.6147
 EELEC  =   -365462.9525  EHBOND  =         0.0000  RESTRAINT  =         0.0000
 ------------------------------------------------------------------------------

wrapping first mol.:      -38.30066      108.33064        0.00000

 NSTEP =  2240000   TIME(PS) =  304520.000  TEMP(K) =   309.75  PRESS =     0.0
 Etot   =   -238318.9650  EKtot   =     63076.0703  EPtot      =   -301395.0354
 BOND   =      2000.1484  ANGLE   =      2452.4925  DIHED      =      1387.4413
 UB     =         0.0000  IMP     =         0.0000  CMAP       =       291.9835
 1-4 NB =      1193.9396  1-4 EEL =     15376.6242  VDWAALS    =     40440.3002
 EELEC  =   -364537.9650  EHBOND  =         0.0000  RESTRAINT  =         0.0000
 ------------------------------------------------------------------------------

wrapping first mol.:      -38.30066      108.33064        0.00000

 NSTEP =  2260000   TIME(PS) =  304560.000  TEMP(K) =   310.32  PRESS =     0.0
 Etot   =   -239038.4270  EKtot   =     63193.0625  EPtot      =   -302231.4895
 BOND   =      2094.0200  ANGLE   =      2427.7136  DIHED      =      1394.0759
 UB     =         0.0000  IMP     =         0.0000  CMAP       =       269.3528
 1-4 NB =      1177.0928  1-4 EEL =     15301.9317  VDWAALS    =     40745.4456
 EELEC  =   -365641.1218  EHBOND  =         0.0000  RESTRAINT  =         0.0000
 ------------------------------------------------------------------------------

wrapping first mol.:      -38.30066      108.33064        0.00000

 NSTEP =  2280000   TIME(PS) =  304600.000  TEMP(K) =   311.62  PRESS =     0.0
 Etot   =   -238195.2786  EKtot   =     63457.7695  EPtot      =   -301653.0481
 BOND   =      2063.4552  ANGLE   =      2451.2823  DIHED      =      1354.8931
 UB     =         0.0000  IMP     =         0.0000  CMAP       =       256.3331
 1-4 NB =      1204.3889  1-4 EEL =     15458.8482  VDWAALS    =     41018.8162
 EELEC  =   -365461.0651  EHBOND  =         0.0000  RESTRAINT  =         0.0000
 ------------------------------------------------------------------------------

wrapping first mol.:      -38.30066      108.33064        0.00000

 NSTEP =  2300000   TIME(PS) =  304640.000  TEMP(K) =   309.84  PRESS =     0.0
 Etot   =   -238713.0288  EKtot   =     63094.3711  EPtot      =   -301807.3999
 BOND   =      2052.3162  ANGLE   =      2456.7357  DIHED      =      1416.9102
 UB     =         0.0000  IMP     =         0.0000  CMAP       =       269.4268
 1-4 NB =      1214.9648  1-4 EEL =     15407.6468  VDWAALS    =     40779.1080
 EELEC  =   -365404.5085  EHBOND  =         0.0000  RESTRAINT  =         0.0000
 ------------------------------------------------------------------------------

wrapping first mol.:      -38.30066      108.33064        0.00000

 NSTEP =  2320000   TIME(PS) =  304680.000  TEMP(K) =   308.99  PRESS =     0.0
 Etot   =   -238913.7164  EKtot   =     62921.6562  EPtot      =   -301835.3726
 BOND   =      2117.5675  ANGLE   =      2419.1796  DIHED      =      1398.6202
 UB     =         0.0000  IMP     =         0.0000  CMAP       =       268.8655
 1-4 NB =      1173.4589  1-4 EEL =     15434.6468  VDWAALS    =     40853.5875
 EELEC  =   -365501.2987  EHBOND  =         0.0000  RESTRAINT  =         0.0000
 ------------------------------------------------------------------------------

wrapping first mol.:      -38.30066      108.33064        0.00000

 NSTEP =  2340000   TIME(PS) =  304720.000  TEMP(K) =   310.58  PRESS =     0.0
 Etot   =   -239210.0224  EKtot   =     63245.8594  EPtot      =   -302455.8818
 BOND   =      2048.0042  ANGLE   =      2476.8254  DIHED      =      1402.1926
 UB     =         0.0000  IMP     =         0.0000  CMAP       =       272.4138
 1-4 NB =      1162.1107  1-4 EEL =     15368.2703  VDWAALS    =     40628.3772
 EELEC  =   -365814.0760  EHBOND  =         0.0000  RESTRAINT  =         0.0000
 ------------------------------------------------------------------------------

wrapping first mol.:      -38.30066      108.33064        0.00000

 NSTEP =  2360000   TIME(PS) =  304760.000  TEMP(K) =   309.96  PRESS =     0.0
 Etot   =   -238345.0332  EKtot   =     63118.2031  EPtot      =   -301463.2363
 BOND   =      2053.8070  ANGLE   =      2417.3392  DIHED      =      1407.4074
 UB     =         0.0000  IMP     =         0.0000  CMAP       =       270.1036
 1-4 NB =      1190.3095  1-4 EEL =     15413.4607  VDWAALS    =     40602.7865
 EELEC  =   -364818.4502  EHBOND  =         0.0000  RESTRAINT  =         0.0000
 ------------------------------------------------------------------------------

wrapping first mol.:      -38.30066      108.33064        0.00000

 NSTEP =  2380000   TIME(PS) =  304800.000  TEMP(K) =   309.77  PRESS =     0.0
 Etot   =   -239429.7827  EKtot   =     63079.9844  EPtot      =   -302509.7671
 BOND   =      2084.8696  ANGLE   =      2396.4769  DIHED      =      1367.7006
 UB     =         0.0000  IMP     =         0.0000  CMAP       =       247.5710
 1-4 NB =      1160.8849  1-4 EEL =     15402.3574  VDWAALS    =     40618.4728
 EELEC  =   -365788.1003  EHBOND  =         0.0000  RESTRAINT  =         0.0000
 ------------------------------------------------------------------------------

wrapping first mol.:      -38.30066      108.33064        0.00000

 NSTEP =  2400000   TIME(PS) =  304840.000  TEMP(K) =   311.78  PRESS =     0.0
 Etot   =   -238105.2490  EKtot   =     63490.1289  EPtot      =   -301595.3779
 BOND   =      2058.1534  ANGLE   =      2408.9263  DIHED      =      1396.5954
 UB     =         0.0000  IMP     =         0.0000  CMAP       =       248.1541
 1-4 NB =      1202.9522  1-4 EEL =     15406.4071  VDWAALS    =     40522.5496
 EELEC  =   -364839.1162  EHBOND  =         0.0000  RESTRAINT  =         0.0000
 ------------------------------------------------------------------------------

wrapping first mol.:      -38.30066      108.33064        0.00000

 NSTEP =  2420000   TIME(PS) =  304880.000  TEMP(K) =   309.97  PRESS =     0.0
 Etot   =   -238700.3298  EKtot   =     63120.2148  EPtot      =   -301820.5447
 BOND   =      2101.4397  ANGLE   =      2446.3791  DIHED      =      1445.7852
 UB     =         0.0000  IMP     =         0.0000  CMAP       =       263.7706
 1-4 NB =      1184.3977  1-4 EEL =     15410.5309  VDWAALS    =     40957.0846
 EELEC  =   -365629.9325  EHBOND  =         0.0000  RESTRAINT  =         0.0000
 ------------------------------------------------------------------------------

wrapping first mol.:      -38.30066      108.33064        0.00000

 NSTEP =  2440000   TIME(PS) =  304920.000  TEMP(K) =   310.14  PRESS =     0.0
 Etot   =   -238322.8127  EKtot   =     63154.8398  EPtot      =   -301477.6525
 BOND   =      2065.2676  ANGLE   =      2353.8891  DIHED      =      1417.9841
 UB     =         0.0000  IMP     =         0.0000  CMAP       =       258.6204
 1-4 NB =      1202.2350  1-4 EEL =     15435.9001  VDWAALS    =     40343.4431
 EELEC  =   -364554.9920  EHBOND  =         0.0000  RESTRAINT  =         0.0000
 ------------------------------------------------------------------------------

wrapping first mol.:      -38.30066      108.33064        0.00000

 NSTEP =  2460000   TIME(PS) =  304960.000  TEMP(K) =   311.23  PRESS =     0.0
 Etot   =   -238360.2134  EKtot   =     63378.1758  EPtot      =   -301738.3891
 BOND   =      2123.2756  ANGLE   =      2412.6188  DIHED      =      1406.6585
 UB     =         0.0000  IMP     =         0.0000  CMAP       =       264.1114
 1-4 NB =      1170.1195  1-4 EEL =     15463.0533  VDWAALS    =     40950.6067
 EELEC  =   -365528.8329  EHBOND  =         0.0000  RESTRAINT  =         0.0000
 ------------------------------------------------------------------------------

wrapping first mol.:      -38.30066      108.33064        0.00000

 NSTEP =  2480000   TIME(PS) =  305000.000  TEMP(K) =   308.94  PRESS =     0.0
 Etot   =   -238712.9553  EKtot   =     62911.0547  EPtot      =   -301624.0100
 BOND   =      2167.8055  ANGLE   =      2413.9421  DIHED      =      1437.8250
 UB     =         0.0000  IMP     =         0.0000  CMAP       =       247.5458
 1-4 NB =      1188.3585  1-4 EEL =     15368.7594  VDWAALS    =     40166.4708
 EELEC  =   -364614.7170  EHBOND  =         0.0000  RESTRAINT  =         0.0000
 ------------------------------------------------------------------------------

wrapping first mol.:      -38.30066      108.33064        0.00000
wrapping first mol.:      -38.30066      108.33064        0.00000

 NSTEP =  2500000   TIME(PS) =  305040.000  TEMP(K) =   311.32  PRESS =     0.0
 Etot   =   -238717.0579  EKtot   =     63396.1602  EPtot      =   -302113.2181
 BOND   =      2068.5664  ANGLE   =      2395.4368  DIHED      =      1411.8350
 UB     =         0.0000  IMP     =         0.0000  CMAP       =       263.2883
 1-4 NB =      1197.7714  1-4 EEL =     15439.0107  VDWAALS    =     40695.7354
 EELEC  =   -365584.8619  EHBOND  =         0.0000  RESTRAINT  =         0.0000
 ------------------------------------------------------------------------------


      A V E R A G E S   O V E R     125 S T E P S


 NSTEP =  2500000   TIME(PS) =  305040.000  TEMP(K) =   310.05  PRESS =     0.0
 Etot   =   -238730.2907  EKtot   =     63136.4261  EPtot      =   -301866.7168
 BOND   =      2089.7603  ANGLE   =      2415.1474  DIHED      =      1407.4027
 UB     =         0.0000  IMP     =         0.0000  CMAP       =       259.4589
 1-4 NB =      1184.1893  1-4 EEL =     15433.5953  VDWAALS    =     40693.1886
 EELEC  =   -365349.4592  EHBOND  =         0.0000  RESTRAINT  =         0.0000
 ------------------------------------------------------------------------------


      R M S  F L U C T U A T I O N S


 NSTEP =  2500000   TIME(PS) =  305040.000  TEMP(K) =     1.03  PRESS =     0.0
 Etot   =       357.5228  EKtot   =       210.5148  EPtot      =       312.6988
 BOND   =        32.4590  ANGLE   =        36.4087  DIHED      =        20.8155
 UB     =         0.0000  IMP     =         0.0000  CMAP       =        11.2802
 1-4 NB =        14.4255  1-4 EEL =        66.2144  VDWAALS    =       286.3421
 EELEC  =       444.3650  EHBOND  =         0.0000  RESTRAINT  =         0.0000
 ------------------------------------------------------------------------------

--------------------------------------------------------------------------------
   5.  TIMINGS
--------------------------------------------------------------------------------

|  NonSetup CPU Time in Major Routines:
|
|     Routine           Sec        %
|     ------------------------------
|     Nonbond         182.60   13.37
|     Bond              0.00    0.00
|     Angle             0.00    0.00
|     Dihedral          0.00    0.00
|     Shake            12.69    0.93
|     RunMD          1167.85   85.54
|     Other             2.18    0.16
|     ------------------------------
|     Total          1365.33

|  PME Nonbond Pairlist CPU Time:
|
|     Routine              Sec        %
|     ---------------------------------
|     Set Up Cit           0.00    0.00
|     Build List           0.00    0.00
|     ---------------------------------
|     Total                0.00    0.00

|  PME Direct Force CPU Time:
|
|     Routine              Sec        %
|     ---------------------------------
|     NonBonded Calc       0.00    0.00
|     Exclude Masked       0.00    0.00
|     Other                1.38    0.10
|     ---------------------------------
|     Total                1.38    0.10

|  PME Reciprocal Force CPU Time:
|
|     Routine              Sec        %
|     ---------------------------------
|     1D bspline           0.00    0.00
|     Grid Charges         0.00    0.00
|     Scalar Sum           0.00    0.00
|     Gradient Sum         0.00    0.00
|     FFT                  0.00    0.00
|     ---------------------------------
|     Total                0.00    0.00

|  Final Performance Info:
|     -----------------------------------------------------
|     Average timings for last   80000 steps:
|     Elapsed(s) =      43.92 Per Step(ms) =       0.55
|         ns/day =     314.74   seconds/ns =     274.51
|
|     Average timings for all steps:
|     Elapsed(s) =    1368.18 Per Step(ms) =       0.55
|         ns/day =     315.75   seconds/ns =     273.64
|     -----------------------------------------------------

|  Setup CPU time:            1.19 seconds
|  NonSetup CPU time:      1365.33 seconds
|  Total CPU time:         1366.52 seconds     0.38 hours

|  Setup wall time:           2    seconds
|  NonSetup wall time:     1369    seconds
|  Total wall time:        1371    seconds     0.38 hours
