
          -------------------------------------------------------
          Amber 24 PMEMD                              2024
          -------------------------------------------------------

| PMEMD implementation of SANDER, Release 24

|  Compiled date/time: Thu Apr  3 17:55:38 2025
| Run on 11/14/2025 at 19:21:46

|   Executable path: pmemd.cuda_SPFP
| Working directory: /rs1/researchers/h/hall/vtnguye4/Amber_restart/cappedP1amber/P1_Simulation3
|          Hostname: gpu19

  [-O]verwriting output

File Assignments:
|   MDIN: /rs1/researchers/h/hall/vtnguye4/Amber_restart/cappedP1amber/equil.in 
|  MDOUT: ./OUT_Files/equil70.out                                               
| INPCRD: ./RST_Files/equil69.rst7                                              
|   PARM: ./PRMTOP_Files/P1.prmtop                                              
| RESTRT: ./RST_Files/equil70.rst7                                              
|   REFC: refc                                                                  
|  MDVEL: mdvel                                                                 
|   MDEN: mden                                                                  
|  MDCRD: ./nc_Files/equil70.nc                                                 
| MDINFO: mdinfo                                                                
|  MDFRC: mdfrc                                                                 


 Here is the input file:

!Stage equilibration 5ns                                                       
&cntrl                                                                         
imin=0, irest=1, ntx=5,                                                        
nstlim=2500000, dt=0.002,                                                      
ntc=2, ntf=2, ig=-1,                                                           
ntt=3, gamma_ln=2.0,                                                           
tempi=310.0, temp0=310.0,                                                      
ntxo=2, ioutfm=1,                                                              
ntpr=20000, ntwx=20000,                                                        
ntb=1,                                                                         
cut=9.0,                                                                       
iwrap=1,                                                                       
/                                                                              


Note: ig = -1. Setting random seed to   582184 based on wallclock time in 
      microseconds.
| irandom = 1, using AMBER's internal random number generator (default).
 
|--------------------- INFORMATION ----------------------
| GPU (CUDA) Version of PMEMD in use: NVIDIA GPU IN USE.
|                    Version 18.0.0
| 
|                      03/25/2018
| 
| Implementation by:
|                    Ross C. Walker     (SDSC)
|                    Scott Le Grand     (nVIDIA)
| 
| Version 18 performance extensions by:
|                    David Cerutti     (Rutgers)
| 
| Precision model in use:
|      [SPFP] - Single Precision Forces, 64-bit Fixed Point
|               Accumulation. (Default)
| 
|--------------------------------------------------------
 
|----------------- CITATION INFORMATION -----------------
|
|    When publishing work that utilized the CUDA version
|    of AMBER, please cite the following in addition to
|    the regular AMBER citations:
|
|  - Romelia Salomon-Ferrer; Andreas W. Goetz; Duncan
|    Poole; Scott Le Grand; Ross C. Walker "Routine
|    microsecond molecular dynamics simulations with
|    AMBER - Part II: Particle Mesh Ewald", J. Chem.
|    Theory Comput., 2013, 9 (9), pp3878-3888,
|    DOI: 10.1021/ct400314y.
|
|  - Andreas W. Goetz; Mark J. Williamson; Dong Xu;
|    Duncan Poole; Scott Le Grand; Ross C. Walker
|    "Routine microsecond molecular dynamics simulations
|    with AMBER - Part I: Generalized Born", J. Chem.
|    Theory Comput., 2012, 8 (5), pp1542-1555.
|
|  - Scott Le Grand; Andreas W. Goetz; Ross C. Walker
|    "SPFP: Speed without compromise - a mixed precision
|    model for GPU accelerated molecular dynamics
|    simulations.", Comp. Phys. Comm., 2013, 184
|    pp374-380, DOI: 10.1016/j.cpc.2012.09.022
|
|--------------------------------------------------------
 
|------------------- GPU DEVICE INFO --------------------
|
|            CUDA_VISIBLE_DEVICES: 0
|   CUDA Capable Devices Detected:      1
|           CUDA Device ID in use:      0
|                CUDA Device Name: NVIDIA L40S
|     CUDA Device Global Mem Size:  45487 MB
| CUDA Device Num Multiprocessors:    142
|           CUDA Device Core Freq:   2.52 GHz
|
|--------------------------------------------------------
 
 
| Conditional Compilation Defines Used:
| PUBFFT
| BINTRAJ
| CUDA
| EMIL

| Largest sphere to fit in unit cell has radius =    46.909

| New format PARM file being parsed.
| Version =    1.000 Date = 10/28/25 Time = 16:56:02

| Note: 1-4 EEL scale factors are being read from the topology file.

| Note: 1-4 VDW scale factors are being read from the topology file.
| Duplicated    0 dihedrals

| Duplicated    0 dihedrals

--------------------------------------------------------------------------------
   1.  RESOURCE   USE: 
--------------------------------------------------------------------------------

 getting box info from netcdf restart file
 NATOM  =  101202 NTYPES =      11 NBONH =   98658 MBONA  =    2544
 NTHETH =    5904 MTHETA =    3408 NPHIH =   11760 MPHIA  =   10368
 NHPARM =       0 NPARM  =       0 NNB   =  155656 NRES   =   32422
 NBONA  =    2544 NTHETA =    3408 NPHIA =   10368 NUMBND =      27
 NUMANG =      54 NPTRA  =      59 NATYP =      16 NPHB   =       0
 IFBOX  =       2 NMXRS  =      21 IFCAP =       0 NEXTRA =       0
 NCOPY  =       0

| Coordinate Index Table dimensions:    20   20   20
| Direct force subcell size =     5.7451    5.7451    5.7451

     BOX TYPE: TRUNCATED OCTAHEDRON

--------------------------------------------------------------------------------
   2.  CONTROL  DATA  FOR  THE  RUN
--------------------------------------------------------------------------------

default_name                                                                    

General flags:
     imin    =       0, nmropt  =       0

Nature and format of input:
     ntx     =       5, irest   =       1, ntrx    =       1

Nature and format of output:
     ntxo    =       2, ntpr    =   20000, ntrx    =       1, ntwr    = 2500000
     iwrap   =       1, ntwx    =   20000, ntwv    =       0, ntwe    =       0
     ioutfm  =       1, ntwprt  =       0, idecomp =       0, rbornstat=      0

Potential function:
     ntf     =       2, ntb     =       1, igb     =       0, nsnb    =      25
     ipol    =       0, gbsa    =       0, iesp    =       0
     dielc   =   1.00000, cut     =   9.00000, intdiel =   1.00000

Frozen or restrained atoms:
     ibelly  =       0, ntr     =       0

Molecular dynamics:
     nstlim  =   2500000, nscm    =      1000, nrespa  =         1
     t       =   0.00000, dt      =   0.00200, vlimit  =  -1.00000

Langevin dynamics temperature regulation:
     ig      =  582184
     temp0   = 310.00000, tempi   = 310.00000, gamma_ln=   2.00000

SHAKE:
     ntc     =       2, jfastw  =       0
     tol     =   0.00001

| Intermolecular bonds treatment:
|     no_intermolecular_bonds =       1

| Energy averages sample interval:
|     ene_avg_sampling =   20000

Ewald parameters:
     verbose =       0, ew_type =       0, nbflag  =       1, use_pme =       1
     vdwmeth =       1, eedmeth =       1, netfrc  =       1
     Box X =  114.902   Box Y =  114.902   Box Z =  114.902
     Alpha =  109.471   Beta  =  109.471   Gamma =  109.471
     NFFT1 =  120       NFFT2 =  120       NFFT3 =  120
     Cutoff=    9.000   Tol   =0.100E-04
     Ewald Coefficient =  0.30768
     Interpolation order =    4

--------------------------------------------------------------------------------
   3.  ATOMIC COORDINATES AND VELOCITIES
--------------------------------------------------------------------------------

default_name                                                                    
 begin time read from input coords =345039.999 ps

 
 Number of triangulated 3-point waters found:    31990

     Sum of charges from parm topology file =  -0.00000047
     Forcing neutrality...

| Dynamic Memory, Types Used:
| Reals             3080462
| Integers          3650456

| Nonbonded Pairs Initial Allocation:    23074056

| GPU memory information (estimate):
| KB of GPU memory in use:    789634
| KB of CPU memory in use:    210424

--------------------------------------------------------------------------------
   4.  RESULTS
--------------------------------------------------------------------------------

wrapping first mol.:      -38.30066      108.33064        0.00000

 NSTEP =    20000   TIME(PS) =  345079.999  TEMP(K) =   308.65  PRESS =     0.0
 Etot   =   -238856.2290  EKtot   =     62851.5078  EPtot      =   -301707.7368
 BOND   =      2094.3796  ANGLE   =      2424.7394  DIHED      =      1384.5421
 UB     =         0.0000  IMP     =         0.0000  CMAP       =       234.4200
 1-4 NB =      1157.8722  1-4 EEL =     15402.5397  VDWAALS    =     40842.9985
 EELEC  =   -365249.2284  EHBOND  =         0.0000  RESTRAINT  =         0.0000
 ------------------------------------------------------------------------------

wrapping first mol.:      -38.30066      108.33064        0.00000

 NSTEP =    40000   TIME(PS) =  345119.999  TEMP(K) =   310.55  PRESS =     0.0
 Etot   =   -238631.5079  EKtot   =     63238.6875  EPtot      =   -301870.1954
 BOND   =      2072.1654  ANGLE   =      2415.5866  DIHED      =      1388.3534
 UB     =         0.0000  IMP     =         0.0000  CMAP       =       231.6441
 1-4 NB =      1182.5413  1-4 EEL =     15374.9078  VDWAALS    =     40694.7833
 EELEC  =   -365230.1774  EHBOND  =         0.0000  RESTRAINT  =         0.0000
 ------------------------------------------------------------------------------

wrapping first mol.:      -38.30066      108.33064        0.00000

 NSTEP =    60000   TIME(PS) =  345159.999  TEMP(K) =   307.55  PRESS =     0.0
 Etot   =   -239499.5395  EKtot   =     62627.5547  EPtot      =   -302127.0942
 BOND   =      2067.6528  ANGLE   =      2389.8258  DIHED      =      1388.0190
 UB     =         0.0000  IMP     =         0.0000  CMAP       =       222.7656
 1-4 NB =      1180.3646  1-4 EEL =     15351.4624  VDWAALS    =     41049.5072
 EELEC  =   -365776.6915  EHBOND  =         0.0000  RESTRAINT  =         0.0000
 ------------------------------------------------------------------------------

wrapping first mol.:      -38.30066      108.33064        0.00000

 NSTEP =    80000   TIME(PS) =  345199.999  TEMP(K) =   311.68  PRESS =     0.0
 Etot   =   -238449.5250  EKtot   =     63469.3594  EPtot      =   -301918.8843
 BOND   =      2117.0806  ANGLE   =      2452.2796  DIHED      =      1425.1268
 UB     =         0.0000  IMP     =         0.0000  CMAP       =       221.3882
 1-4 NB =      1157.2321  1-4 EEL =     15410.8590  VDWAALS    =     40438.4621
 EELEC  =   -365141.3126  EHBOND  =         0.0000  RESTRAINT  =         0.0000
 ------------------------------------------------------------------------------

wrapping first mol.:      -38.30066      108.33064        0.00000

 NSTEP =   100000   TIME(PS) =  345239.999  TEMP(K) =   311.15  PRESS =     0.0
 Etot   =   -238310.6391  EKtot   =     63361.6211  EPtot      =   -301672.2601
 BOND   =      2088.3034  ANGLE   =      2444.0423  DIHED      =      1403.8900
 UB     =         0.0000  IMP     =         0.0000  CMAP       =       220.5083
 1-4 NB =      1140.6010  1-4 EEL =     15343.5040  VDWAALS    =     40991.0716
 EELEC  =   -365304.1807  EHBOND  =         0.0000  RESTRAINT  =         0.0000
 ------------------------------------------------------------------------------

wrapping first mol.:      -38.30066      108.33064        0.00000

 NSTEP =   120000   TIME(PS) =  345279.999  TEMP(K) =   311.36  PRESS =     0.0
 Etot   =   -238498.2926  EKtot   =     63403.7578  EPtot      =   -301902.0504
 BOND   =      2133.3260  ANGLE   =      2398.0269  DIHED      =      1390.3455
 UB     =         0.0000  IMP     =         0.0000  CMAP       =       232.1907
 1-4 NB =      1175.7840  1-4 EEL =     15401.3746  VDWAALS    =     40451.6098
 EELEC  =   -365084.7078  EHBOND  =         0.0000  RESTRAINT  =         0.0000
 ------------------------------------------------------------------------------

wrapping first mol.:      -38.30066      108.33064        0.00000

 NSTEP =   140000   TIME(PS) =  345319.999  TEMP(K) =   310.93  PRESS =     0.0
 Etot   =   -238617.8874  EKtot   =     63316.3555  EPtot      =   -301934.2429
 BOND   =      2017.1961  ANGLE   =      2364.7260  DIHED      =      1450.1254
 UB     =         0.0000  IMP     =         0.0000  CMAP       =       237.3078
 1-4 NB =      1169.0176  1-4 EEL =     15357.9170  VDWAALS    =     40340.1226
 EELEC  =   -364870.6555  EHBOND  =         0.0000  RESTRAINT  =         0.0000
 ------------------------------------------------------------------------------

wrapping first mol.:      -38.30066      108.33064        0.00000

 NSTEP =   160000   TIME(PS) =  345359.999  TEMP(K) =   311.31  PRESS =     0.0
 Etot   =   -238318.0806  EKtot   =     63393.0625  EPtot      =   -301711.1431
 BOND   =      2107.1563  ANGLE   =      2420.4844  DIHED      =      1374.2163
 UB     =         0.0000  IMP     =         0.0000  CMAP       =       216.7567
 1-4 NB =      1167.8992  1-4 EEL =     15277.5689  VDWAALS    =     40739.1970
 EELEC  =   -365014.4219  EHBOND  =         0.0000  RESTRAINT  =         0.0000
 ------------------------------------------------------------------------------

wrapping first mol.:      -38.30066      108.33064        0.00000

 NSTEP =   180000   TIME(PS) =  345399.999  TEMP(K) =   311.33  PRESS =     0.0
 Etot   =   -238490.9459  EKtot   =     63398.5273  EPtot      =   -301889.4732
 BOND   =      2046.0854  ANGLE   =      2440.0159  DIHED      =      1408.8398
 UB     =         0.0000  IMP     =         0.0000  CMAP       =       222.4006
 1-4 NB =      1168.1648  1-4 EEL =     15371.9847  VDWAALS    =     40112.2097
 EELEC  =   -364659.1742  EHBOND  =         0.0000  RESTRAINT  =         0.0000
 ------------------------------------------------------------------------------

wrapping first mol.:      -38.30066      108.33064        0.00000

 NSTEP =   200000   TIME(PS) =  345439.999  TEMP(K) =   309.58  PRESS =     0.0
 Etot   =   -239201.6367  EKtot   =     63041.8789  EPtot      =   -302243.5156
 BOND   =      2109.8255  ANGLE   =      2449.0462  DIHED      =      1424.5404
 UB     =         0.0000  IMP     =         0.0000  CMAP       =       217.1848
 1-4 NB =      1164.3447  1-4 EEL =     15344.0080  VDWAALS    =     41318.2366
 EELEC  =   -366270.7019  EHBOND  =         0.0000  RESTRAINT  =         0.0000
 ------------------------------------------------------------------------------

wrapping first mol.:      -38.30066      108.33064        0.00000

 NSTEP =   220000   TIME(PS) =  345479.999  TEMP(K) =   309.74  PRESS =     0.0
 Etot   =   -239367.1376  EKtot   =     63074.2891  EPtot      =   -302441.4267
 BOND   =      2120.4744  ANGLE   =      2419.7141  DIHED      =      1406.8429
 UB     =         0.0000  IMP     =         0.0000  CMAP       =       242.2133
 1-4 NB =      1154.1485  1-4 EEL =     15258.5099  VDWAALS    =     40997.2570
 EELEC  =   -366040.5868  EHBOND  =         0.0000  RESTRAINT  =         0.0000
 ------------------------------------------------------------------------------

wrapping first mol.:      -38.30066      108.33064        0.00000

 NSTEP =   240000   TIME(PS) =  345519.999  TEMP(K) =   311.66  PRESS =     0.0
 Etot   =   -237868.0804  EKtot   =     63465.9766  EPtot      =   -301334.0570
 BOND   =      2080.6821  ANGLE   =      2369.2856  DIHED      =      1419.7623
 UB     =         0.0000  IMP     =         0.0000  CMAP       =       237.2631
 1-4 NB =      1180.7098  1-4 EEL =     15340.9734  VDWAALS    =     40286.3388
 EELEC  =   -364249.0720  EHBOND  =         0.0000  RESTRAINT  =         0.0000
 ------------------------------------------------------------------------------

wrapping first mol.:      -38.30066      108.33064        0.00000

 NSTEP =   260000   TIME(PS) =  345559.999  TEMP(K) =   312.44  PRESS =     0.0
 Etot   =   -238421.5949  EKtot   =     63624.3867  EPtot      =   -302045.9817
 BOND   =      2076.6266  ANGLE   =      2380.9534  DIHED      =      1382.2051
 UB     =         0.0000  IMP     =         0.0000  CMAP       =       232.0413
 1-4 NB =      1153.4948  1-4 EEL =     15323.4881  VDWAALS    =     40609.3551
 EELEC  =   -365204.1461  EHBOND  =         0.0000  RESTRAINT  =         0.0000
 ------------------------------------------------------------------------------

wrapping first mol.:      -38.30066      108.33064        0.00000

 NSTEP =   280000   TIME(PS) =  345599.999  TEMP(K) =   309.66  PRESS =     0.0
 Etot   =   -238865.7256  EKtot   =     63056.8125  EPtot      =   -301922.5381
 BOND   =      2100.6610  ANGLE   =      2388.8137  DIHED      =      1423.1478
 UB     =         0.0000  IMP     =         0.0000  CMAP       =       228.7695
 1-4 NB =      1162.8964  1-4 EEL =     15398.6104  VDWAALS    =     40712.2531
 EELEC  =   -365337.6899  EHBOND  =         0.0000  RESTRAINT  =         0.0000
 ------------------------------------------------------------------------------

wrapping first mol.:      -38.30066      108.33064        0.00000

 NSTEP =   300000   TIME(PS) =  345639.999  TEMP(K) =   309.68  PRESS =     0.0
 Etot   =   -238824.7455  EKtot   =     63061.4102  EPtot      =   -301886.1557
 BOND   =      2095.4563  ANGLE   =      2316.4432  DIHED      =      1430.3436
 UB     =         0.0000  IMP     =         0.0000  CMAP       =       253.9003
 1-4 NB =      1154.1569  1-4 EEL =     15394.0065  VDWAALS    =     41043.7400
 EELEC  =   -365574.2026  EHBOND  =         0.0000  RESTRAINT  =         0.0000
 ------------------------------------------------------------------------------

wrapping first mol.:      -38.30066      108.33064        0.00000

 NSTEP =   320000   TIME(PS) =  345679.999  TEMP(K) =   311.08  PRESS =     0.0
 Etot   =   -238732.6441  EKtot   =     63346.1016  EPtot      =   -302078.7456
 BOND   =      2059.0571  ANGLE   =      2459.1667  DIHED      =      1405.5241
 UB     =         0.0000  IMP     =         0.0000  CMAP       =       233.4597
 1-4 NB =      1162.4977  1-4 EEL =     15369.4004  VDWAALS    =     41342.8400
 EELEC  =   -366110.6913  EHBOND  =         0.0000  RESTRAINT  =         0.0000
 ------------------------------------------------------------------------------

wrapping first mol.:      -38.30066      108.33064        0.00000

 NSTEP =   340000   TIME(PS) =  345719.999  TEMP(K) =   309.94  PRESS =     0.0
 Etot   =   -238608.2198  EKtot   =     63114.0859  EPtot      =   -301722.3057
 BOND   =      2101.0703  ANGLE   =      2373.7789  DIHED      =      1402.5790
 UB     =         0.0000  IMP     =         0.0000  CMAP       =       210.7578
 1-4 NB =      1157.8719  1-4 EEL =     15497.7018  VDWAALS    =     40417.3520
 EELEC  =   -364883.4174  EHBOND  =         0.0000  RESTRAINT  =         0.0000
 ------------------------------------------------------------------------------

wrapping first mol.:      -38.30066      108.33064        0.00000

 NSTEP =   360000   TIME(PS) =  345759.999  TEMP(K) =   309.44  PRESS =     0.0
 Etot   =   -239689.9000  EKtot   =     63012.1992  EPtot      =   -302702.0992
 BOND   =      2063.7122  ANGLE   =      2342.6118  DIHED      =      1420.1569
 UB     =         0.0000  IMP     =         0.0000  CMAP       =       243.0721
 1-4 NB =      1159.5349  1-4 EEL =     15417.2608  VDWAALS    =     41008.5065
 EELEC  =   -366356.9544  EHBOND  =         0.0000  RESTRAINT  =         0.0000
 ------------------------------------------------------------------------------

wrapping first mol.:      -38.30066      108.33064        0.00000

 NSTEP =   380000   TIME(PS) =  345799.999  TEMP(K) =   310.25  PRESS =     0.0
 Etot   =   -239257.5584  EKtot   =     63177.0781  EPtot      =   -302434.6365
 BOND   =      2073.1084  ANGLE   =      2457.0948  DIHED      =      1402.5169
 UB     =         0.0000  IMP     =         0.0000  CMAP       =       226.6422
 1-4 NB =      1167.2544  1-4 EEL =     15377.8585  VDWAALS    =     41209.4999
 EELEC  =   -366348.6117  EHBOND  =         0.0000  RESTRAINT  =         0.0000
 ------------------------------------------------------------------------------

wrapping first mol.:      -38.30066      108.33064        0.00000

 NSTEP =   400000   TIME(PS) =  345839.999  TEMP(K) =   312.58  PRESS =     0.0
 Etot   =   -238543.7472  EKtot   =     63652.2227  EPtot      =   -302195.9698
 BOND   =      2092.6992  ANGLE   =      2352.1011  DIHED      =      1412.8953
 UB     =         0.0000  IMP     =         0.0000  CMAP       =       237.3099
 1-4 NB =      1177.0599  1-4 EEL =     15478.2579  VDWAALS    =     40998.6609
 EELEC  =   -365944.9540  EHBOND  =         0.0000  RESTRAINT  =         0.0000
 ------------------------------------------------------------------------------

wrapping first mol.:      -38.30066      108.33064        0.00000

 NSTEP =   420000   TIME(PS) =  345879.999  TEMP(K) =   310.93  PRESS =     0.0
 Etot   =   -238434.1121  EKtot   =     63316.6953  EPtot      =   -301750.8074
 BOND   =      2020.3583  ANGLE   =      2390.7225  DIHED      =      1389.1162
 UB     =         0.0000  IMP     =         0.0000  CMAP       =       240.4571
 1-4 NB =      1176.4435  1-4 EEL =     15484.5005  VDWAALS    =     40783.1172
 EELEC  =   -365235.5227  EHBOND  =         0.0000  RESTRAINT  =         0.0000
 ------------------------------------------------------------------------------

wrapping first mol.:      -38.30066      108.33064        0.00000

 NSTEP =   440000   TIME(PS) =  345919.999  TEMP(K) =   311.00  PRESS =     0.0
 Etot   =   -238424.9592  EKtot   =     63330.2656  EPtot      =   -301755.2248
 BOND   =      2056.0666  ANGLE   =      2419.4909  DIHED      =      1389.6019
 UB     =         0.0000  IMP     =         0.0000  CMAP       =       234.6913
 1-4 NB =      1186.5988  1-4 EEL =     15460.3848  VDWAALS    =     40398.6516
 EELEC  =   -364900.7108  EHBOND  =         0.0000  RESTRAINT  =         0.0000
 ------------------------------------------------------------------------------

wrapping first mol.:      -38.30066      108.33064        0.00000

 NSTEP =   460000   TIME(PS) =  345959.999  TEMP(K) =   310.42  PRESS =     0.0
 Etot   =   -238791.5627  EKtot   =     63213.4102  EPtot      =   -302004.9729
 BOND   =      2100.3947  ANGLE   =      2417.0765  DIHED      =      1419.9628
 UB     =         0.0000  IMP     =         0.0000  CMAP       =       218.8349
 1-4 NB =      1179.4187  1-4 EEL =     15400.7524  VDWAALS    =     41149.6987
 EELEC  =   -365891.1115  EHBOND  =         0.0000  RESTRAINT  =         0.0000
 ------------------------------------------------------------------------------

wrapping first mol.:      -38.30066      108.33064        0.00000

 NSTEP =   480000   TIME(PS) =  345999.999  TEMP(K) =   311.36  PRESS =     0.0
 Etot   =   -238653.2843  EKtot   =     63404.0078  EPtot      =   -302057.2921
 BOND   =      2076.2482  ANGLE   =      2383.7750  DIHED      =      1417.0611
 UB     =         0.0000  IMP     =         0.0000  CMAP       =       215.6800
 1-4 NB =      1170.1155  1-4 EEL =     15424.2360  VDWAALS    =     40584.8058
 EELEC  =   -365329.2138  EHBOND  =         0.0000  RESTRAINT  =         0.0000
 ------------------------------------------------------------------------------

wrapping first mol.:      -38.30066      108.33064        0.00000

 NSTEP =   500000   TIME(PS) =  346039.999  TEMP(K) =   309.60  PRESS =     0.0
 Etot   =   -238571.6024  EKtot   =     63045.8281  EPtot      =   -301617.4305
 BOND   =      2073.2953  ANGLE   =      2454.6598  DIHED      =      1421.9019
 UB     =         0.0000  IMP     =         0.0000  CMAP       =       232.0432
 1-4 NB =      1173.4936  1-4 EEL =     15383.2718  VDWAALS    =     40701.0726
 EELEC  =   -365057.1689  EHBOND  =         0.0000  RESTRAINT  =         0.0000
 ------------------------------------------------------------------------------

wrapping first mol.:      -38.30066      108.33064        0.00000

 NSTEP =   520000   TIME(PS) =  346079.999  TEMP(K) =   310.31  PRESS =     0.0
 Etot   =   -238841.7018  EKtot   =     63190.5469  EPtot      =   -302032.2487
 BOND   =      2086.7395  ANGLE   =      2421.6904  DIHED      =      1423.4425
 UB     =         0.0000  IMP     =         0.0000  CMAP       =       217.7035
 1-4 NB =      1188.1355  1-4 EEL =     15494.8299  VDWAALS    =     40311.1791
 EELEC  =   -365175.9691  EHBOND  =         0.0000  RESTRAINT  =         0.0000
 ------------------------------------------------------------------------------

wrapping first mol.:      -38.30066      108.33064        0.00000

 NSTEP =   540000   TIME(PS) =  346119.999  TEMP(K) =   310.74  PRESS =     0.0
 Etot   =   -238994.2954  EKtot   =     63277.6797  EPtot      =   -302271.9751
 BOND   =      2104.0861  ANGLE   =      2389.3007  DIHED      =      1408.2865
 UB     =         0.0000  IMP     =         0.0000  CMAP       =       219.3650
 1-4 NB =      1142.3384  1-4 EEL =     15392.7584  VDWAALS    =     40927.9567
 EELEC  =   -365856.0668  EHBOND  =         0.0000  RESTRAINT  =         0.0000
 ------------------------------------------------------------------------------

wrapping first mol.:      -38.30066      108.33064        0.00000

 NSTEP =   560000   TIME(PS) =  346159.999  TEMP(K) =   310.94  PRESS =     0.0
 Etot   =   -238284.8789  EKtot   =     63317.5742  EPtot      =   -301602.4531
 BOND   =      2132.5875  ANGLE   =      2464.5144  DIHED      =      1405.0800
 UB     =         0.0000  IMP     =         0.0000  CMAP       =       211.0620
 1-4 NB =      1169.9089  1-4 EEL =     15347.4125  VDWAALS    =     40175.6927
 EELEC  =   -364508.7112  EHBOND  =         0.0000  RESTRAINT  =         0.0000
 ------------------------------------------------------------------------------

wrapping first mol.:      -38.30066      108.33064        0.00000

 NSTEP =   580000   TIME(PS) =  346199.999  TEMP(K) =   310.17  PRESS =     0.0
 Etot   =   -238581.9377  EKtot   =     63161.7383  EPtot      =   -301743.6760
 BOND   =      2028.2837  ANGLE   =      2447.6743  DIHED      =      1463.9107
 UB     =         0.0000  IMP     =         0.0000  CMAP       =       229.0359
 1-4 NB =      1158.8465  1-4 EEL =     15404.9230  VDWAALS    =     40769.9925
 EELEC  =   -365246.3425  EHBOND  =         0.0000  RESTRAINT  =         0.0000
 ------------------------------------------------------------------------------

wrapping first mol.:      -38.30066      108.33064        0.00000

 NSTEP =   600000   TIME(PS) =  346239.999  TEMP(K) =   308.76  PRESS =     0.0
 Etot   =   -239207.7542  EKtot   =     62874.2852  EPtot      =   -302082.0394
 BOND   =      2120.6876  ANGLE   =      2441.6880  DIHED      =      1435.1317
 UB     =         0.0000  IMP     =         0.0000  CMAP       =       227.5516
 1-4 NB =      1181.8341  1-4 EEL =     15470.3806  VDWAALS    =     40960.4114
 EELEC  =   -365919.7244  EHBOND  =         0.0000  RESTRAINT  =         0.0000
 ------------------------------------------------------------------------------

wrapping first mol.:      -38.30066      108.33064        0.00000

 NSTEP =   620000   TIME(PS) =  346279.999  TEMP(K) =   311.49  PRESS =     0.0
 Etot   =   -238300.4731  EKtot   =     63429.7188  EPtot      =   -301730.1919
 BOND   =      2125.7144  ANGLE   =      2374.9300  DIHED      =      1399.8290
 UB     =         0.0000  IMP     =         0.0000  CMAP       =       222.3416
 1-4 NB =      1161.6183  1-4 EEL =     15468.8730  VDWAALS    =     40976.0781
 EELEC  =   -365459.5763  EHBOND  =         0.0000  RESTRAINT  =         0.0000
 ------------------------------------------------------------------------------

wrapping first mol.:      -38.30066      108.33064        0.00000

 NSTEP =   640000   TIME(PS) =  346319.999  TEMP(K) =   309.38  PRESS =     0.0
 Etot   =   -238491.7234  EKtot   =     63000.1016  EPtot      =   -301491.8250
 BOND   =      2051.4805  ANGLE   =      2393.8915  DIHED      =      1431.3911
 UB     =         0.0000  IMP     =         0.0000  CMAP       =       212.4372
 1-4 NB =      1155.2787  1-4 EEL =     15449.0535  VDWAALS    =     40608.2092
 EELEC  =   -364793.5667  EHBOND  =         0.0000  RESTRAINT  =         0.0000
 ------------------------------------------------------------------------------

wrapping first mol.:      -38.30066      108.33064        0.00000

 NSTEP =   660000   TIME(PS) =  346359.999  TEMP(K) =   311.73  PRESS =     0.0
 Etot   =   -238221.4492  EKtot   =     63480.2109  EPtot      =   -301701.6602
 BOND   =      2063.7462  ANGLE   =      2423.5702  DIHED      =      1427.4720
 UB     =         0.0000  IMP     =         0.0000  CMAP       =       222.4166
 1-4 NB =      1166.2314  1-4 EEL =     15402.5920  VDWAALS    =     40762.5221
 EELEC  =   -365170.2107  EHBOND  =         0.0000  RESTRAINT  =         0.0000
 ------------------------------------------------------------------------------

wrapping first mol.:      -38.30066      108.33064        0.00000

 NSTEP =   680000   TIME(PS) =  346399.999  TEMP(K) =   309.71  PRESS =     0.0
 Etot   =   -238511.0125  EKtot   =     63067.8242  EPtot      =   -301578.8367
 BOND   =      2071.1157  ANGLE   =      2378.3036  DIHED      =      1407.1310
 UB     =         0.0000  IMP     =         0.0000  CMAP       =       219.3703
 1-4 NB =      1189.4894  1-4 EEL =     15478.7114  VDWAALS    =     40326.1344
 EELEC  =   -364649.0925  EHBOND  =         0.0000  RESTRAINT  =         0.0000
 ------------------------------------------------------------------------------

wrapping first mol.:      -38.30066      108.33064        0.00000

 NSTEP =   700000   TIME(PS) =  346439.999  TEMP(K) =   308.14  PRESS =     0.0
 Etot   =   -239262.9984  EKtot   =     62747.2461  EPtot      =   -302010.2445
 BOND   =      2092.5822  ANGLE   =      2432.3001  DIHED      =      1389.5095
 UB     =         0.0000  IMP     =         0.0000  CMAP       =       233.8693
 1-4 NB =      1165.4939  1-4 EEL =     15409.8771  VDWAALS    =     41074.8026
 EELEC  =   -365808.6791  EHBOND  =         0.0000  RESTRAINT  =         0.0000
 ------------------------------------------------------------------------------

wrapping first mol.:      -38.30066      108.33064        0.00000

 NSTEP =   720000   TIME(PS) =  346479.999  TEMP(K) =   309.35  PRESS =     0.0
 Etot   =   -238883.1361  EKtot   =     62995.3594  EPtot      =   -301878.4955
 BOND   =      2082.0193  ANGLE   =      2410.9928  DIHED      =      1378.9640
 UB     =         0.0000  IMP     =         0.0000  CMAP       =       205.4787
 1-4 NB =      1146.5561  1-4 EEL =     15356.5586  VDWAALS    =     40680.9588
 EELEC  =   -365140.0237  EHBOND  =         0.0000  RESTRAINT  =         0.0000
 ------------------------------------------------------------------------------

wrapping first mol.:      -38.30066      108.33064        0.00000

 NSTEP =   740000   TIME(PS) =  346519.999  TEMP(K) =   310.24  PRESS =     0.0
 Etot   =   -238518.7441  EKtot   =     63176.6523  EPtot      =   -301695.3965
 BOND   =      2144.0052  ANGLE   =      2383.3853  DIHED      =      1416.7640
 UB     =         0.0000  IMP     =         0.0000  CMAP       =       227.7008
 1-4 NB =      1174.7462  1-4 EEL =     15427.8887  VDWAALS    =     40532.9058
 EELEC  =   -365002.7926  EHBOND  =         0.0000  RESTRAINT  =         0.0000
 ------------------------------------------------------------------------------

wrapping first mol.:      -38.30066      108.33064        0.00000

 NSTEP =   760000   TIME(PS) =  346559.999  TEMP(K) =   310.10  PRESS =     0.0
 Etot   =   -239090.1593  EKtot   =     63147.3984  EPtot      =   -302237.5578
 BOND   =      2037.1278  ANGLE   =      2357.2859  DIHED      =      1417.6641
 UB     =         0.0000  IMP     =         0.0000  CMAP       =       237.0241
 1-4 NB =      1157.2442  1-4 EEL =     15353.3560  VDWAALS    =     41061.7157
 EELEC  =   -365858.9753  EHBOND  =         0.0000  RESTRAINT  =         0.0000
 ------------------------------------------------------------------------------

wrapping first mol.:      -38.30066      108.33064        0.00000

 NSTEP =   780000   TIME(PS) =  346599.999  TEMP(K) =   309.11  PRESS =     0.0
 Etot   =   -238982.4179  EKtot   =     62945.7031  EPtot      =   -301928.1211
 BOND   =      2113.5988  ANGLE   =      2399.8448  DIHED      =      1408.3458
 UB     =         0.0000  IMP     =         0.0000  CMAP       =       209.1457
 1-4 NB =      1167.1714  1-4 EEL =     15406.0237  VDWAALS    =     40870.7039
 EELEC  =   -365502.9552  EHBOND  =         0.0000  RESTRAINT  =         0.0000
 ------------------------------------------------------------------------------

wrapping first mol.:      -38.30066      108.33064        0.00000

 NSTEP =   800000   TIME(PS) =  346639.999  TEMP(K) =   308.55  PRESS =     0.0
 Etot   =   -238941.7252  EKtot   =     62831.3320  EPtot      =   -301773.0572
 BOND   =      2078.5318  ANGLE   =      2458.8117  DIHED      =      1396.6810
 UB     =         0.0000  IMP     =         0.0000  CMAP       =       214.8578
 1-4 NB =      1146.7789  1-4 EEL =     15415.9736  VDWAALS    =     40848.4799
 EELEC  =   -365333.1719  EHBOND  =         0.0000  RESTRAINT  =         0.0000
 ------------------------------------------------------------------------------

wrapping first mol.:      -38.30066      108.33064        0.00000

 NSTEP =   820000   TIME(PS) =  346679.999  TEMP(K) =   309.01  PRESS =     0.0
 Etot   =   -239332.9943  EKtot   =     62925.7617  EPtot      =   -302258.7560
 BOND   =      2099.0483  ANGLE   =      2389.3866  DIHED      =      1395.0661
 UB     =         0.0000  IMP     =         0.0000  CMAP       =       228.5817
 1-4 NB =      1152.6164  1-4 EEL =     15408.2236  VDWAALS    =     40732.6885
 EELEC  =   -365664.3671  EHBOND  =         0.0000  RESTRAINT  =         0.0000
 ------------------------------------------------------------------------------

wrapping first mol.:      -38.30066      108.33064        0.00000

 NSTEP =   840000   TIME(PS) =  346719.999  TEMP(K) =   311.08  PRESS =     0.0
 Etot   =   -238273.7898  EKtot   =     63346.2656  EPtot      =   -301620.0554
 BOND   =      2127.9113  ANGLE   =      2335.5889  DIHED      =      1423.5305
 UB     =         0.0000  IMP     =         0.0000  CMAP       =       229.3634
 1-4 NB =      1141.1483  1-4 EEL =     15340.8600  VDWAALS    =     40336.8515
 EELEC  =   -364555.3094  EHBOND  =         0.0000  RESTRAINT  =         0.0000
 ------------------------------------------------------------------------------

wrapping first mol.:      -38.30066      108.33064        0.00000

 NSTEP =   860000   TIME(PS) =  346759.999  TEMP(K) =   310.17  PRESS =     0.0
 Etot   =   -238994.3452  EKtot   =     63160.7891  EPtot      =   -302155.1343
 BOND   =      2016.9073  ANGLE   =      2385.6381  DIHED      =      1410.3298
 UB     =         0.0000  IMP     =         0.0000  CMAP       =       225.6081
 1-4 NB =      1155.0283  1-4 EEL =     15453.6715  VDWAALS    =     40713.7163
 EELEC  =   -365516.0337  EHBOND  =         0.0000  RESTRAINT  =         0.0000
 ------------------------------------------------------------------------------

wrapping first mol.:      -38.30066      108.33064        0.00000

 NSTEP =   880000   TIME(PS) =  346799.999  TEMP(K) =   310.57  PRESS =     0.0
 Etot   =   -238668.4084  EKtot   =     63242.6758  EPtot      =   -301911.0842
 BOND   =      2074.8323  ANGLE   =      2339.0450  DIHED      =      1380.3831
 UB     =         0.0000  IMP     =         0.0000  CMAP       =       219.5989
 1-4 NB =      1151.9290  1-4 EEL =     15446.4687  VDWAALS    =     40779.3205
 EELEC  =   -365302.6618  EHBOND  =         0.0000  RESTRAINT  =         0.0000
 ------------------------------------------------------------------------------

wrapping first mol.:      -38.30066      108.33064        0.00000

 NSTEP =   900000   TIME(PS) =  346839.999  TEMP(K) =   310.87  PRESS =     0.0
 Etot   =   -238432.3300  EKtot   =     63304.8203  EPtot      =   -301737.1503
 BOND   =      2089.8129  ANGLE   =      2403.1055  DIHED      =      1396.9720
 UB     =         0.0000  IMP     =         0.0000  CMAP       =       222.5395
 1-4 NB =      1163.1526  1-4 EEL =     15434.9259  VDWAALS    =     40497.6961
 EELEC  =   -364945.3548  EHBOND  =         0.0000  RESTRAINT  =         0.0000
 ------------------------------------------------------------------------------

wrapping first mol.:      -38.30066      108.33064        0.00000

 NSTEP =   920000   TIME(PS) =  346879.999  TEMP(K) =   308.77  PRESS =     0.0
 Etot   =   -239411.3110  EKtot   =     62876.0898  EPtot      =   -302287.4008
 BOND   =      2106.9547  ANGLE   =      2456.4181  DIHED      =      1402.8208
 UB     =         0.0000  IMP     =         0.0000  CMAP       =       222.4198
 1-4 NB =      1177.4420  1-4 EEL =     15413.9164  VDWAALS    =     40738.0245
 EELEC  =   -365805.3971  EHBOND  =         0.0000  RESTRAINT  =         0.0000
 ------------------------------------------------------------------------------

wrapping first mol.:      -38.30066      108.33064        0.00000

 NSTEP =   940000   TIME(PS) =  346919.999  TEMP(K) =   308.79  PRESS =     0.0
 Etot   =   -239184.6500  EKtot   =     62880.0703  EPtot      =   -302064.7203
 BOND   =      2030.9557  ANGLE   =      2371.4815  DIHED      =      1421.4694
 UB     =         0.0000  IMP     =         0.0000  CMAP       =       236.5212
 1-4 NB =      1156.6879  1-4 EEL =     15393.1363  VDWAALS    =     40927.8091
 EELEC  =   -365602.7815  EHBOND  =         0.0000  RESTRAINT  =         0.0000
 ------------------------------------------------------------------------------

wrapping first mol.:      -38.30066      108.33064        0.00000

 NSTEP =   960000   TIME(PS) =  346959.999  TEMP(K) =   310.14  PRESS =     0.0
 Etot   =   -239385.7201  EKtot   =     63156.4023  EPtot      =   -302542.1225
 BOND   =      2064.0381  ANGLE   =      2416.3453  DIHED      =      1420.6170
 UB     =         0.0000  IMP     =         0.0000  CMAP       =       231.4500
 1-4 NB =      1165.7352  1-4 EEL =     15403.2389  VDWAALS    =     41274.9339
 EELEC  =   -366518.4808  EHBOND  =         0.0000  RESTRAINT  =         0.0000
 ------------------------------------------------------------------------------

wrapping first mol.:      -38.30066      108.33064        0.00000

 NSTEP =   980000   TIME(PS) =  346999.999  TEMP(K) =   310.05  PRESS =     0.0
 Etot   =   -238650.3417  EKtot   =     63136.6758  EPtot      =   -301787.0175
 BOND   =      2101.6509  ANGLE   =      2449.2671  DIHED      =      1428.0915
 UB     =         0.0000  IMP     =         0.0000  CMAP       =       207.9124
 1-4 NB =      1163.9300  1-4 EEL =     15383.3538  VDWAALS    =     40675.9257
 EELEC  =   -365197.1489  EHBOND  =         0.0000  RESTRAINT  =         0.0000
 ------------------------------------------------------------------------------

wrapping first mol.:      -38.30066      108.33064        0.00000

 NSTEP =  1000000   TIME(PS) =  347039.999  TEMP(K) =   308.83  PRESS =     0.0
 Etot   =   -238440.4431  EKtot   =     62889.2930  EPtot      =   -301329.7361
 BOND   =      2085.2911  ANGLE   =      2403.3543  DIHED      =      1405.5226
 UB     =         0.0000  IMP     =         0.0000  CMAP       =       223.3332
 1-4 NB =      1153.9784  1-4 EEL =     15437.2655  VDWAALS    =     40285.7483
 EELEC  =   -364324.2296  EHBOND  =         0.0000  RESTRAINT  =         0.0000
 ------------------------------------------------------------------------------

wrapping first mol.:      -38.30066      108.33064        0.00000

 NSTEP =  1020000   TIME(PS) =  347079.999  TEMP(K) =   309.35  PRESS =     0.0
 Etot   =   -238985.9450  EKtot   =     62995.3242  EPtot      =   -301981.2692
 BOND   =      2124.8133  ANGLE   =      2429.8445  DIHED      =      1399.9021
 UB     =         0.0000  IMP     =         0.0000  CMAP       =       224.4156
 1-4 NB =      1156.3337  1-4 EEL =     15408.9169  VDWAALS    =     40666.9727
 EELEC  =   -365392.4681  EHBOND  =         0.0000  RESTRAINT  =         0.0000
 ------------------------------------------------------------------------------

wrapping first mol.:      -38.30066      108.33064        0.00000

 NSTEP =  1040000   TIME(PS) =  347119.999  TEMP(K) =   308.54  PRESS =     0.0
 Etot   =   -238922.7350  EKtot   =     62830.2969  EPtot      =   -301753.0319
 BOND   =      2093.4211  ANGLE   =      2494.7761  DIHED      =      1438.2638
 UB     =         0.0000  IMP     =         0.0000  CMAP       =       236.2980
 1-4 NB =      1138.7983  1-4 EEL =     15510.8391  VDWAALS    =     40839.1282
 EELEC  =   -365504.5565  EHBOND  =         0.0000  RESTRAINT  =         0.0000
 ------------------------------------------------------------------------------

wrapping first mol.:      -38.30066      108.33064        0.00000

 NSTEP =  1060000   TIME(PS) =  347159.999  TEMP(K) =   311.13  PRESS =     0.0
 Etot   =   -238410.8721  EKtot   =     63356.2148  EPtot      =   -301767.0870
 BOND   =      2077.4292  ANGLE   =      2374.3528  DIHED      =      1430.7045
 UB     =         0.0000  IMP     =         0.0000  CMAP       =       234.6451
 1-4 NB =      1166.1651  1-4 EEL =     15437.9391  VDWAALS    =     40820.1816
 EELEC  =   -365308.5044  EHBOND  =         0.0000  RESTRAINT  =         0.0000
 ------------------------------------------------------------------------------

wrapping first mol.:      -38.30066      108.33064        0.00000

 NSTEP =  1080000   TIME(PS) =  347199.999  TEMP(K) =   311.14  PRESS =     0.0
 Etot   =   -238440.3542  EKtot   =     63358.4883  EPtot      =   -301798.8424
 BOND   =      2100.6015  ANGLE   =      2326.8940  DIHED      =      1454.6643
 UB     =         0.0000  IMP     =         0.0000  CMAP       =       223.5075
 1-4 NB =      1147.9178  1-4 EEL =     15451.8301  VDWAALS    =     40165.2546
 EELEC  =   -364669.5122  EHBOND  =         0.0000  RESTRAINT  =         0.0000
 ------------------------------------------------------------------------------

wrapping first mol.:      -38.30066      108.33064        0.00000

 NSTEP =  1100000   TIME(PS) =  347239.999  TEMP(K) =   309.84  PRESS =     0.0
 Etot   =   -239115.9297  EKtot   =     63093.8633  EPtot      =   -302209.7929
 BOND   =      2121.6535  ANGLE   =      2418.3002  DIHED      =      1440.5028
 UB     =         0.0000  IMP     =         0.0000  CMAP       =       241.0796
 1-4 NB =      1138.8260  1-4 EEL =     15499.9069  VDWAALS    =     40910.9710
 EELEC  =   -365981.0329  EHBOND  =         0.0000  RESTRAINT  =         0.0000
 ------------------------------------------------------------------------------

wrapping first mol.:      -38.30066      108.33064        0.00000

 NSTEP =  1120000   TIME(PS) =  347279.999  TEMP(K) =   311.57  PRESS =     0.0
 Etot   =   -237658.9411  EKtot   =     63445.7344  EPtot      =   -301104.6754
 BOND   =      2116.7697  ANGLE   =      2451.3759  DIHED      =      1457.2367
 UB     =         0.0000  IMP     =         0.0000  CMAP       =       229.7394
 1-4 NB =      1151.7113  1-4 EEL =     15502.9914  VDWAALS    =     40614.9136
 EELEC  =   -364629.4136  EHBOND  =         0.0000  RESTRAINT  =         0.0000
 ------------------------------------------------------------------------------

wrapping first mol.:      -38.30066      108.33064        0.00000

 NSTEP =  1140000   TIME(PS) =  347319.999  TEMP(K) =   310.17  PRESS =     0.0
 Etot   =   -238681.7956  EKtot   =     63161.2461  EPtot      =   -301843.0416
 BOND   =      2054.0958  ANGLE   =      2418.1602  DIHED      =      1407.1496
 UB     =         0.0000  IMP     =         0.0000  CMAP       =       204.5006
 1-4 NB =      1178.8698  1-4 EEL =     15491.6250  VDWAALS    =     40445.7187
 EELEC  =   -365043.1614  EHBOND  =         0.0000  RESTRAINT  =         0.0000
 ------------------------------------------------------------------------------

wrapping first mol.:      -38.30066      108.33064        0.00000

 NSTEP =  1160000   TIME(PS) =  347359.999  TEMP(K) =   310.68  PRESS =     0.0
 Etot   =   -238812.7426  EKtot   =     63265.3594  EPtot      =   -302078.1020
 BOND   =      2045.7512  ANGLE   =      2473.8654  DIHED      =      1401.9442
 UB     =         0.0000  IMP     =         0.0000  CMAP       =       227.9417
 1-4 NB =      1183.1196  1-4 EEL =     15548.7122  VDWAALS    =     40573.1839
 EELEC  =   -365532.6202  EHBOND  =         0.0000  RESTRAINT  =         0.0000
 ------------------------------------------------------------------------------

wrapping first mol.:      -38.30066      108.33064        0.00000

 NSTEP =  1180000   TIME(PS) =  347399.999  TEMP(K) =   310.00  PRESS =     0.0
 Etot   =   -238736.0243  EKtot   =     63126.8711  EPtot      =   -301862.8954
 BOND   =      2055.0639  ANGLE   =      2396.9379  DIHED      =      1442.6691
 UB     =         0.0000  IMP     =         0.0000  CMAP       =       219.4355
 1-4 NB =      1159.4151  1-4 EEL =     15552.1092  VDWAALS    =     40482.7783
 EELEC  =   -365171.3045  EHBOND  =         0.0000  RESTRAINT  =         0.0000
 ------------------------------------------------------------------------------

wrapping first mol.:      -38.30066      108.33064        0.00000

 NSTEP =  1200000   TIME(PS) =  347439.999  TEMP(K) =   309.72  PRESS =     0.0
 Etot   =   -238644.3217  EKtot   =     63069.7891  EPtot      =   -301714.1107
 BOND   =      2057.3558  ANGLE   =      2418.3549  DIHED      =      1438.4252
 UB     =         0.0000  IMP     =         0.0000  CMAP       =       219.0862
 1-4 NB =      1166.1924  1-4 EEL =     15453.0340  VDWAALS    =     40427.4795
 EELEC  =   -364894.0387  EHBOND  =         0.0000  RESTRAINT  =         0.0000
 ------------------------------------------------------------------------------

wrapping first mol.:      -38.30066      108.33064        0.00000

 NSTEP =  1220000   TIME(PS) =  347479.999  TEMP(K) =   310.65  PRESS =     0.0
 Etot   =   -238524.4810  EKtot   =     63258.6250  EPtot      =   -301783.1060
 BOND   =      2042.8773  ANGLE   =      2383.2194  DIHED      =      1414.1100
 UB     =         0.0000  IMP     =         0.0000  CMAP       =       231.7053
 1-4 NB =      1189.8324  1-4 EEL =     15464.4362  VDWAALS    =     40805.3554
 EELEC  =   -365314.6420  EHBOND  =         0.0000  RESTRAINT  =         0.0000
 ------------------------------------------------------------------------------

wrapping first mol.:      -38.30066      108.33064        0.00000

 NSTEP =  1240000   TIME(PS) =  347519.999  TEMP(K) =   310.05  PRESS =     0.0
 Etot   =   -238519.5224  EKtot   =     63137.4922  EPtot      =   -301657.0146
 BOND   =      2007.3851  ANGLE   =      2377.7007  DIHED      =      1392.5549
 UB     =         0.0000  IMP     =         0.0000  CMAP       =       200.8841
 1-4 NB =      1184.6321  1-4 EEL =     15488.4205  VDWAALS    =     40370.5673
 EELEC  =   -364679.1592  EHBOND  =         0.0000  RESTRAINT  =         0.0000
 ------------------------------------------------------------------------------

wrapping first mol.:      -38.30066      108.33064        0.00000

 NSTEP =  1260000   TIME(PS) =  347559.999  TEMP(K) =   312.62  PRESS =     0.0
 Etot   =   -238875.5337  EKtot   =     63660.5664  EPtot      =   -302536.1002
 BOND   =      2079.2585  ANGLE   =      2414.0538  DIHED      =      1393.2819
 UB     =         0.0000  IMP     =         0.0000  CMAP       =       216.4986
 1-4 NB =      1186.6013  1-4 EEL =     15482.3794  VDWAALS    =     40282.9721
 EELEC  =   -365591.1458  EHBOND  =         0.0000  RESTRAINT  =         0.0000
 ------------------------------------------------------------------------------

wrapping first mol.:      -38.30066      108.33064        0.00000

 NSTEP =  1280000   TIME(PS) =  347599.999  TEMP(K) =   310.07  PRESS =     0.0
 Etot   =   -238563.9413  EKtot   =     63140.6562  EPtot      =   -301704.5976
 BOND   =      2069.6911  ANGLE   =      2411.5712  DIHED      =      1417.0319
 UB     =         0.0000  IMP     =         0.0000  CMAP       =       222.3064
 1-4 NB =      1161.3732  1-4 EEL =     15431.6798  VDWAALS    =     40770.8439
 EELEC  =   -365189.0952  EHBOND  =         0.0000  RESTRAINT  =         0.0000
 ------------------------------------------------------------------------------

wrapping first mol.:      -38.30066      108.33064        0.00000

 NSTEP =  1300000   TIME(PS) =  347639.999  TEMP(K) =   308.93  PRESS =     0.0
 Etot   =   -239111.8799  EKtot   =     62908.8281  EPtot      =   -302020.7080
 BOND   =      2006.2004  ANGLE   =      2470.5180  DIHED      =      1383.0626
 UB     =         0.0000  IMP     =         0.0000  CMAP       =       230.6180
 1-4 NB =      1164.0478  1-4 EEL =     15454.2589  VDWAALS    =     41128.7406
 EELEC  =   -365858.1543  EHBOND  =         0.0000  RESTRAINT  =         0.0000
 ------------------------------------------------------------------------------

wrapping first mol.:      -38.30066      108.33064        0.00000

 NSTEP =  1320000   TIME(PS) =  347679.999  TEMP(K) =   308.80  PRESS =     0.0
 Etot   =   -238995.5787  EKtot   =     62883.2031  EPtot      =   -301878.7819
 BOND   =      2100.6626  ANGLE   =      2469.8097  DIHED      =      1418.8434
 UB     =         0.0000  IMP     =         0.0000  CMAP       =       213.3636
 1-4 NB =      1161.8917  1-4 EEL =     15375.9373  VDWAALS    =     40626.0371
 EELEC  =   -365245.3273  EHBOND  =         0.0000  RESTRAINT  =         0.0000
 ------------------------------------------------------------------------------

wrapping first mol.:      -38.30066      108.33064        0.00000

 NSTEP =  1340000   TIME(PS) =  347719.999  TEMP(K) =   310.94  PRESS =     0.0
 Etot   =   -238934.9256  EKtot   =     63318.4648  EPtot      =   -302253.3905
 BOND   =      2062.0387  ANGLE   =      2433.4984  DIHED      =      1429.4681
 UB     =         0.0000  IMP     =         0.0000  CMAP       =       205.4567
 1-4 NB =      1169.8929  1-4 EEL =     15485.4820  VDWAALS    =     40680.2743
 EELEC  =   -365719.5016  EHBOND  =         0.0000  RESTRAINT  =         0.0000
 ------------------------------------------------------------------------------

wrapping first mol.:      -38.30066      108.33064        0.00000

 NSTEP =  1360000   TIME(PS) =  347759.999  TEMP(K) =   310.16  PRESS =     0.0
 Etot   =   -238588.5446  EKtot   =     63159.9531  EPtot      =   -301748.4977
 BOND   =      2108.1640  ANGLE   =      2346.3748  DIHED      =      1433.4491
 UB     =         0.0000  IMP     =         0.0000  CMAP       =       203.4828
 1-4 NB =      1171.6587  1-4 EEL =     15403.8514  VDWAALS    =     41255.3182
 EELEC  =   -365670.7966  EHBOND  =         0.0000  RESTRAINT  =         0.0000
 ------------------------------------------------------------------------------

wrapping first mol.:      -38.30066      108.33064        0.00000

 NSTEP =  1380000   TIME(PS) =  347799.999  TEMP(K) =   309.78  PRESS =     0.0
 Etot   =   -238930.5559  EKtot   =     63082.3516  EPtot      =   -302012.9074
 BOND   =      2061.2426  ANGLE   =      2401.0059  DIHED      =      1418.6338
 UB     =         0.0000  IMP     =         0.0000  CMAP       =       230.6628
 1-4 NB =      1143.5002  1-4 EEL =     15440.9647  VDWAALS    =     40960.2852
 EELEC  =   -365669.2025  EHBOND  =         0.0000  RESTRAINT  =         0.0000
 ------------------------------------------------------------------------------

wrapping first mol.:      -38.30066      108.33064        0.00000

 NSTEP =  1400000   TIME(PS) =  347839.999  TEMP(K) =   308.58  PRESS =     0.0
 Etot   =   -238665.3610  EKtot   =     62836.9414  EPtot      =   -301502.3024
 BOND   =      2139.0953  ANGLE   =      2382.0847  DIHED      =      1422.3928
 UB     =         0.0000  IMP     =         0.0000  CMAP       =       207.4324
 1-4 NB =      1175.4129  1-4 EEL =     15474.9524  VDWAALS    =     40837.1512
 EELEC  =   -365140.8242  EHBOND  =         0.0000  RESTRAINT  =         0.0000
 ------------------------------------------------------------------------------

wrapping first mol.:      -38.30066      108.33064        0.00000

 NSTEP =  1420000   TIME(PS) =  347879.999  TEMP(K) =   309.94  PRESS =     0.0
 Etot   =   -238716.8177  EKtot   =     63115.5156  EPtot      =   -301832.3333
 BOND   =      2022.2062  ANGLE   =      2384.3923  DIHED      =      1401.0094
 UB     =         0.0000  IMP     =         0.0000  CMAP       =       215.1822
 1-4 NB =      1189.8948  1-4 EEL =     15387.9456  VDWAALS    =     40899.8775
 EELEC  =   -365332.8414  EHBOND  =         0.0000  RESTRAINT  =         0.0000
 ------------------------------------------------------------------------------

wrapping first mol.:      -38.30066      108.33064        0.00000

 NSTEP =  1440000   TIME(PS) =  347919.999  TEMP(K) =   309.37  PRESS =     0.0
 Etot   =   -238822.1347  EKtot   =     62998.5195  EPtot      =   -301820.6543
 BOND   =      2057.4505  ANGLE   =      2476.2765  DIHED      =      1432.4195
 UB     =         0.0000  IMP     =         0.0000  CMAP       =       207.3494
 1-4 NB =      1166.9170  1-4 EEL =     15451.6681  VDWAALS    =     41074.9107
 EELEC  =   -365687.6461  EHBOND  =         0.0000  RESTRAINT  =         0.0000
 ------------------------------------------------------------------------------

wrapping first mol.:      -38.30066      108.33064        0.00000

 NSTEP =  1460000   TIME(PS) =  347959.999  TEMP(K) =   310.18  PRESS =     0.0
 Etot   =   -238253.2025  EKtot   =     63164.4648  EPtot      =   -301417.6674
 BOND   =      2133.5799  ANGLE   =      2440.4581  DIHED      =      1442.9266
 UB     =         0.0000  IMP     =         0.0000  CMAP       =       253.9830
 1-4 NB =      1154.4784  1-4 EEL =     15401.4739  VDWAALS    =     40600.5848
 EELEC  =   -364845.1521  EHBOND  =         0.0000  RESTRAINT  =         0.0000
 ------------------------------------------------------------------------------

wrapping first mol.:      -38.30066      108.33064        0.00000

 NSTEP =  1480000   TIME(PS) =  347999.999  TEMP(K) =   308.71  PRESS =     0.0
 Etot   =   -239601.9518  EKtot   =     62865.1250  EPtot      =   -302467.0768
 BOND   =      2070.5075  ANGLE   =      2467.5372  DIHED      =      1436.4855
 UB     =         0.0000  IMP     =         0.0000  CMAP       =       232.5515
 1-4 NB =      1155.1064  1-4 EEL =     15377.5508  VDWAALS    =     41167.7398
 EELEC  =   -366374.5555  EHBOND  =         0.0000  RESTRAINT  =         0.0000
 ------------------------------------------------------------------------------

wrapping first mol.:      -38.30066      108.33064        0.00000

 NSTEP =  1500000   TIME(PS) =  348039.999  TEMP(K) =   311.00  PRESS =     0.0
 Etot   =   -238504.3379  EKtot   =     63330.3086  EPtot      =   -301834.6465
 BOND   =      2086.7309  ANGLE   =      2453.8374  DIHED      =      1428.9032
 UB     =         0.0000  IMP     =         0.0000  CMAP       =       226.9994
 1-4 NB =      1146.5520  1-4 EEL =     15388.0620  VDWAALS    =     40350.8811
 EELEC  =   -364916.6125  EHBOND  =         0.0000  RESTRAINT  =         0.0000
 ------------------------------------------------------------------------------

wrapping first mol.:      -38.30066      108.33064        0.00000

 NSTEP =  1520000   TIME(PS) =  348079.999  TEMP(K) =   308.79  PRESS =     0.0
 Etot   =   -238501.2807  EKtot   =     62880.4023  EPtot      =   -301381.6830
 BOND   =      2129.9801  ANGLE   =      2398.2404  DIHED      =      1421.8450
 UB     =         0.0000  IMP     =         0.0000  CMAP       =       230.9118
 1-4 NB =      1168.5399  1-4 EEL =     15478.2728  VDWAALS    =     41034.4726
 EELEC  =   -365243.9455  EHBOND  =         0.0000  RESTRAINT  =         0.0000
 ------------------------------------------------------------------------------

wrapping first mol.:      -38.30066      108.33064        0.00000

 NSTEP =  1540000   TIME(PS) =  348119.999  TEMP(K) =   309.15  PRESS =     0.0
 Etot   =   -238437.2058  EKtot   =     62952.8945  EPtot      =   -301390.1003
 BOND   =      2126.3403  ANGLE   =      2430.9696  DIHED      =      1396.6964
 UB     =         0.0000  IMP     =         0.0000  CMAP       =       227.3682
 1-4 NB =      1149.4953  1-4 EEL =     15415.5536  VDWAALS    =     40584.9971
 EELEC  =   -364721.5210  EHBOND  =         0.0000  RESTRAINT  =         0.0000
 ------------------------------------------------------------------------------

wrapping first mol.:      -38.30066      108.33064        0.00000

 NSTEP =  1560000   TIME(PS) =  348159.999  TEMP(K) =   309.00  PRESS =     0.0
 Etot   =   -238572.9974  EKtot   =     62923.2305  EPtot      =   -301496.2278
 BOND   =      2149.1598  ANGLE   =      2388.1879  DIHED      =      1419.1269
 UB     =         0.0000  IMP     =         0.0000  CMAP       =       235.1797
 1-4 NB =      1141.2949  1-4 EEL =     15341.9393  VDWAALS    =     40211.6297
 EELEC  =   -364382.7461  EHBOND  =         0.0000  RESTRAINT  =         0.0000
 ------------------------------------------------------------------------------

wrapping first mol.:      -38.30066      108.33064        0.00000

 NSTEP =  1580000   TIME(PS) =  348199.999  TEMP(K) =   309.06  PRESS =     0.0
 Etot   =   -239349.4841  EKtot   =     62934.8516  EPtot      =   -302284.3357
 BOND   =      2070.5161  ANGLE   =      2352.8437  DIHED      =      1405.2036
 UB     =         0.0000  IMP     =         0.0000  CMAP       =       219.8925
 1-4 NB =      1177.9551  1-4 EEL =     15472.8442  VDWAALS    =     41234.1709
 EELEC  =   -366217.7617  EHBOND  =         0.0000  RESTRAINT  =         0.0000
 ------------------------------------------------------------------------------

wrapping first mol.:      -38.30066      108.33064        0.00000

 NSTEP =  1600000   TIME(PS) =  348239.999  TEMP(K) =   310.16  PRESS =     0.0
 Etot   =   -238829.5798  EKtot   =     63159.9258  EPtot      =   -301989.5056
 BOND   =      2134.3853  ANGLE   =      2409.5556  DIHED      =      1429.8378
 UB     =         0.0000  IMP     =         0.0000  CMAP       =       224.7499
 1-4 NB =      1151.5940  1-4 EEL =     15405.4676  VDWAALS    =     40330.9180
 EELEC  =   -365076.0137  EHBOND  =         0.0000  RESTRAINT  =         0.0000
 ------------------------------------------------------------------------------

wrapping first mol.:      -38.30066      108.33064        0.00000

 NSTEP =  1620000   TIME(PS) =  348279.999  TEMP(K) =   309.36  PRESS =     0.0
 Etot   =   -238969.1537  EKtot   =     62996.3438  EPtot      =   -301965.4974
 BOND   =      2132.6517  ANGLE   =      2401.7041  DIHED      =      1470.7737
 UB     =         0.0000  IMP     =         0.0000  CMAP       =       204.0518
 1-4 NB =      1186.8959  1-4 EEL =     15413.1582  VDWAALS    =     40389.5553
 EELEC  =   -365164.2882  EHBOND  =         0.0000  RESTRAINT  =         0.0000
 ------------------------------------------------------------------------------

wrapping first mol.:      -38.30066      108.33064        0.00000

 NSTEP =  1640000   TIME(PS) =  348319.999  TEMP(K) =   311.11  PRESS =     0.0
 Etot   =   -238738.1175  EKtot   =     63352.3359  EPtot      =   -302090.4534
 BOND   =      2059.2210  ANGLE   =      2402.2367  DIHED      =      1423.8978
 UB     =         0.0000  IMP     =         0.0000  CMAP       =       213.2359
 1-4 NB =      1147.1912  1-4 EEL =     15515.6692  VDWAALS    =     40550.5901
 EELEC  =   -365402.4954  EHBOND  =         0.0000  RESTRAINT  =         0.0000
 ------------------------------------------------------------------------------

wrapping first mol.:      -38.30066      108.33064        0.00000

 NSTEP =  1660000   TIME(PS) =  348359.999  TEMP(K) =   310.10  PRESS =     0.0
 Etot   =   -238217.8619  EKtot   =     63146.9336  EPtot      =   -301364.7955
 BOND   =      2076.8962  ANGLE   =      2516.9401  DIHED      =      1440.5759
 UB     =         0.0000  IMP     =         0.0000  CMAP       =       228.8338
 1-4 NB =      1170.3380  1-4 EEL =     15549.3612  VDWAALS    =     40822.8378
 EELEC  =   -365170.5786  EHBOND  =         0.0000  RESTRAINT  =         0.0000
 ------------------------------------------------------------------------------

wrapping first mol.:      -38.30066      108.33064        0.00000

 NSTEP =  1680000   TIME(PS) =  348399.999  TEMP(K) =   309.39  PRESS =     0.0
 Etot   =   -239184.6032  EKtot   =     63003.3672  EPtot      =   -302187.9704
 BOND   =      2062.7173  ANGLE   =      2353.7897  DIHED      =      1379.8636
 UB     =         0.0000  IMP     =         0.0000  CMAP       =       231.0673
 1-4 NB =      1174.3266  1-4 EEL =     15526.9130  VDWAALS    =     40988.2590
 EELEC  =   -365904.9069  EHBOND  =         0.0000  RESTRAINT  =         0.0000
 ------------------------------------------------------------------------------

wrapping first mol.:      -38.30066      108.33064        0.00000

 NSTEP =  1700000   TIME(PS) =  348439.999  TEMP(K) =   311.54  PRESS =     0.0
 Etot   =   -238675.0528  EKtot   =     63441.4727  EPtot      =   -302116.5255
 BOND   =      2080.0124  ANGLE   =      2419.2296  DIHED      =      1437.6711
 UB     =         0.0000  IMP     =         0.0000  CMAP       =       213.8967
 1-4 NB =      1169.9071  1-4 EEL =     15491.7456  VDWAALS    =     40612.2169
 EELEC  =   -365541.2047  EHBOND  =         0.0000  RESTRAINT  =         0.0000
 ------------------------------------------------------------------------------

wrapping first mol.:      -38.30066      108.33064        0.00000

 NSTEP =  1720000   TIME(PS) =  348479.999  TEMP(K) =   310.08  PRESS =     0.0
 Etot   =   -238814.1619  EKtot   =     63143.0000  EPtot      =   -301957.1619
 BOND   =      2089.5060  ANGLE   =      2371.9749  DIHED      =      1423.1737
 UB     =         0.0000  IMP     =         0.0000  CMAP       =       243.6601
 1-4 NB =      1161.4214  1-4 EEL =     15457.7921  VDWAALS    =     41110.7822
 EELEC  =   -365815.4723  EHBOND  =         0.0000  RESTRAINT  =         0.0000
 ------------------------------------------------------------------------------

wrapping first mol.:      -38.30066      108.33064        0.00000

 NSTEP =  1740000   TIME(PS) =  348519.999  TEMP(K) =   309.16  PRESS =     0.0
 Etot   =   -239000.8888  EKtot   =     62955.8359  EPtot      =   -301956.7247
 BOND   =      2086.3310  ANGLE   =      2377.7695  DIHED      =      1405.8428
 UB     =         0.0000  IMP     =         0.0000  CMAP       =       213.1278
 1-4 NB =      1159.4854  1-4 EEL =     15430.6394  VDWAALS    =     40519.2226
 EELEC  =   -365149.1431  EHBOND  =         0.0000  RESTRAINT  =         0.0000
 ------------------------------------------------------------------------------

wrapping first mol.:      -38.30066      108.33064        0.00000

 NSTEP =  1760000   TIME(PS) =  348559.999  TEMP(K) =   311.04  PRESS =     0.0
 Etot   =   -238430.4046  EKtot   =     63339.7227  EPtot      =   -301770.1272
 BOND   =      2063.1872  ANGLE   =      2412.6799  DIHED      =      1459.3055
 UB     =         0.0000  IMP     =         0.0000  CMAP       =       219.2885
 1-4 NB =      1158.7186  1-4 EEL =     15435.0420  VDWAALS    =     41099.8203
 EELEC  =   -365618.1692  EHBOND  =         0.0000  RESTRAINT  =         0.0000
 ------------------------------------------------------------------------------

wrapping first mol.:      -38.30066      108.33064        0.00000

 NSTEP =  1780000   TIME(PS) =  348599.999  TEMP(K) =   310.23  PRESS =     0.0
 Etot   =   -239090.2590  EKtot   =     63174.1328  EPtot      =   -302264.3918
 BOND   =      2028.0499  ANGLE   =      2395.6914  DIHED      =      1414.7412
 UB     =         0.0000  IMP     =         0.0000  CMAP       =       230.8629
 1-4 NB =      1189.3575  1-4 EEL =     15379.6269  VDWAALS    =     40907.8130
 EELEC  =   -365810.5346  EHBOND  =         0.0000  RESTRAINT  =         0.0000
 ------------------------------------------------------------------------------

wrapping first mol.:      -38.30066      108.33064        0.00000

 NSTEP =  1800000   TIME(PS) =  348639.999  TEMP(K) =   308.75  PRESS =     0.0
 Etot   =   -238565.4477  EKtot   =     62871.9102  EPtot      =   -301437.3579
 BOND   =      2067.1427  ANGLE   =      2462.9720  DIHED      =      1409.3830
 UB     =         0.0000  IMP     =         0.0000  CMAP       =       221.8847
 1-4 NB =      1178.5047  1-4 EEL =     15394.8863  VDWAALS    =     41361.6762
 EELEC  =   -365533.8074  EHBOND  =         0.0000  RESTRAINT  =         0.0000
 ------------------------------------------------------------------------------

wrapping first mol.:      -38.30066      108.33064        0.00000

 NSTEP =  1820000   TIME(PS) =  348679.999  TEMP(K) =   311.02  PRESS =     0.0
 Etot   =   -238388.3002  EKtot   =     63334.5781  EPtot      =   -301722.8783
 BOND   =      2040.6890  ANGLE   =      2422.9587  DIHED      =      1405.0265
 UB     =         0.0000  IMP     =         0.0000  CMAP       =       222.7606
 1-4 NB =      1155.7300  1-4 EEL =     15407.3666  VDWAALS    =     40877.5893
 EELEC  =   -365254.9990  EHBOND  =         0.0000  RESTRAINT  =         0.0000
 ------------------------------------------------------------------------------

wrapping first mol.:      -38.30066      108.33064        0.00000

 NSTEP =  1840000   TIME(PS) =  348719.999  TEMP(K) =   308.76  PRESS =     0.0
 Etot   =   -238846.3459  EKtot   =     62874.5352  EPtot      =   -301720.8811
 BOND   =      2084.7950  ANGLE   =      2443.7720  DIHED      =      1408.2810
 UB     =         0.0000  IMP     =         0.0000  CMAP       =       228.4028
 1-4 NB =      1146.1575  1-4 EEL =     15420.4672  VDWAALS    =     40090.6184
 EELEC  =   -364543.3749  EHBOND  =         0.0000  RESTRAINT  =         0.0000
 ------------------------------------------------------------------------------

wrapping first mol.:      -38.30066      108.33064        0.00000

 NSTEP =  1860000   TIME(PS) =  348759.999  TEMP(K) =   310.67  PRESS =     0.0
 Etot   =   -238829.9276  EKtot   =     63264.0742  EPtot      =   -302094.0018
 BOND   =      2116.5395  ANGLE   =      2434.3250  DIHED      =      1406.6591
 UB     =         0.0000  IMP     =         0.0000  CMAP       =       213.0437
 1-4 NB =      1160.4147  1-4 EEL =     15335.2769  VDWAALS    =     41228.4952
 EELEC  =   -365988.7559  EHBOND  =         0.0000  RESTRAINT  =         0.0000
 ------------------------------------------------------------------------------

wrapping first mol.:      -38.30066      108.33064        0.00000

 NSTEP =  1880000   TIME(PS) =  348799.999  TEMP(K) =   308.15  PRESS =     0.0
 Etot   =   -239897.8615  EKtot   =     62750.3047  EPtot      =   -302648.1662
 BOND   =      2072.2983  ANGLE   =      2475.8744  DIHED      =      1419.7103
 UB     =         0.0000  IMP     =         0.0000  CMAP       =       227.4018
 1-4 NB =      1165.6267  1-4 EEL =     15341.4694  VDWAALS    =     40837.0455
 EELEC  =   -366187.5927  EHBOND  =         0.0000  RESTRAINT  =         0.0000
 ------------------------------------------------------------------------------

wrapping first mol.:      -38.30066      108.33064        0.00000

 NSTEP =  1900000   TIME(PS) =  348839.999  TEMP(K) =   311.89  PRESS =     0.0
 Etot   =   -239222.2764  EKtot   =     63510.8906  EPtot      =   -302733.1670
 BOND   =      2168.5232  ANGLE   =      2381.7580  DIHED      =      1419.2391
 UB     =         0.0000  IMP     =         0.0000  CMAP       =       219.6088
 1-4 NB =      1148.8868  1-4 EEL =     15342.4634  VDWAALS    =     40503.7641
 EELEC  =   -365917.4104  EHBOND  =         0.0000  RESTRAINT  =         0.0000
 ------------------------------------------------------------------------------

wrapping first mol.:      -38.30066      108.33064        0.00000

 NSTEP =  1920000   TIME(PS) =  348879.999  TEMP(K) =   310.23  PRESS =     0.0
 Etot   =   -238397.0434  EKtot   =     63173.4414  EPtot      =   -301570.4848
 BOND   =      2055.2523  ANGLE   =      2441.2712  DIHED      =      1386.1389
 UB     =         0.0000  IMP     =         0.0000  CMAP       =       226.4538
 1-4 NB =      1176.9590  1-4 EEL =     15350.8791  VDWAALS    =     40512.4261
 EELEC  =   -364719.8653  EHBOND  =         0.0000  RESTRAINT  =         0.0000
 ------------------------------------------------------------------------------

wrapping first mol.:      -38.30066      108.33064        0.00000

 NSTEP =  1940000   TIME(PS) =  348919.999  TEMP(K) =   309.41  PRESS =     0.0
 Etot   =   -238362.0243  EKtot   =     63006.5547  EPtot      =   -301368.5790
 BOND   =      2182.3827  ANGLE   =      2443.2495  DIHED      =      1428.6125
 UB     =         0.0000  IMP     =         0.0000  CMAP       =       230.7495
 1-4 NB =      1172.0415  1-4 EEL =     15437.9679  VDWAALS    =     40750.9276
 EELEC  =   -365014.5103  EHBOND  =         0.0000  RESTRAINT  =         0.0000
 ------------------------------------------------------------------------------

wrapping first mol.:      -38.30066      108.33064        0.00000

 NSTEP =  1960000   TIME(PS) =  348959.999  TEMP(K) =   309.59  PRESS =     0.0
 Etot   =   -238945.2685  EKtot   =     63043.3047  EPtot      =   -301988.5732
 BOND   =      2095.1463  ANGLE   =      2374.9908  DIHED      =      1425.7337
 UB     =         0.0000  IMP     =         0.0000  CMAP       =       233.1995
 1-4 NB =      1168.3311  1-4 EEL =     15505.8779  VDWAALS    =     41095.3677
 EELEC  =   -365887.2203  EHBOND  =         0.0000  RESTRAINT  =         0.0000
 ------------------------------------------------------------------------------

wrapping first mol.:      -38.30066      108.33064        0.00000

 NSTEP =  1980000   TIME(PS) =  348999.999  TEMP(K) =   308.54  PRESS =     0.0
 Etot   =   -238784.6706  EKtot   =     62829.9023  EPtot      =   -301614.5730
 BOND   =      2135.8303  ANGLE   =      2462.7817  DIHED      =      1410.5979
 UB     =         0.0000  IMP     =         0.0000  CMAP       =       240.1675
 1-4 NB =      1164.3264  1-4 EEL =     15406.0063  VDWAALS    =     40597.9167
 EELEC  =   -365032.1997  EHBOND  =         0.0000  RESTRAINT  =         0.0000
 ------------------------------------------------------------------------------

wrapping first mol.:      -38.30066      108.33064        0.00000

 NSTEP =  2000000   TIME(PS) =  349039.999  TEMP(K) =   308.93  PRESS =     0.0
 Etot   =   -239001.6913  EKtot   =     62908.6328  EPtot      =   -301910.3241
 BOND   =      2107.3249  ANGLE   =      2396.9707  DIHED      =      1455.3384
 UB     =         0.0000  IMP     =         0.0000  CMAP       =       227.2941
 1-4 NB =      1199.9020  1-4 EEL =     15458.5287  VDWAALS    =     40545.5599
 EELEC  =   -365301.2427  EHBOND  =         0.0000  RESTRAINT  =         0.0000
 ------------------------------------------------------------------------------

wrapping first mol.:      -38.30066      108.33064        0.00000

 NSTEP =  2020000   TIME(PS) =  349079.999  TEMP(K) =   309.28  PRESS =     0.0
 Etot   =   -238844.0191  EKtot   =     62980.3750  EPtot      =   -301824.3941
 BOND   =      2074.7221  ANGLE   =      2378.6286  DIHED      =      1436.4885
 UB     =         0.0000  IMP     =         0.0000  CMAP       =       234.4419
 1-4 NB =      1165.5407  1-4 EEL =     15446.7709  VDWAALS    =     40703.7805
 EELEC  =   -365264.7671  EHBOND  =         0.0000  RESTRAINT  =         0.0000
 ------------------------------------------------------------------------------

wrapping first mol.:      -38.30066      108.33064        0.00000

 NSTEP =  2040000   TIME(PS) =  349119.999  TEMP(K) =   310.28  PRESS =     0.0
 Etot   =   -238417.1014  EKtot   =     63184.7070  EPtot      =   -301601.8084
 BOND   =      2051.2251  ANGLE   =      2421.7754  DIHED      =      1453.3397
 UB     =         0.0000  IMP     =         0.0000  CMAP       =       232.7532
 1-4 NB =      1160.3963  1-4 EEL =     15370.3173  VDWAALS    =     40645.8697
 EELEC  =   -364937.4851  EHBOND  =         0.0000  RESTRAINT  =         0.0000
 ------------------------------------------------------------------------------

wrapping first mol.:      -38.30066      108.33064        0.00000

 NSTEP =  2060000   TIME(PS) =  349159.999  TEMP(K) =   309.11  PRESS =     0.0
 Etot   =   -238566.7559  EKtot   =     62945.2422  EPtot      =   -301511.9981
 BOND   =      2124.1123  ANGLE   =      2494.6176  DIHED      =      1401.2074
 UB     =         0.0000  IMP     =         0.0000  CMAP       =       215.2340
 1-4 NB =      1139.1134  1-4 EEL =     15418.8472  VDWAALS    =     40720.4537
 EELEC  =   -365025.5836  EHBOND  =         0.0000  RESTRAINT  =         0.0000
 ------------------------------------------------------------------------------

wrapping first mol.:      -38.30066      108.33064        0.00000

 NSTEP =  2080000   TIME(PS) =  349199.999  TEMP(K) =   310.25  PRESS =     0.0
 Etot   =   -238791.3783  EKtot   =     63177.0820  EPtot      =   -301968.4603
 BOND   =      2062.7070  ANGLE   =      2389.3398  DIHED      =      1417.1177
 UB     =         0.0000  IMP     =         0.0000  CMAP       =       218.1887
 1-4 NB =      1187.9439  1-4 EEL =     15475.3266  VDWAALS    =     40879.4847
 EELEC  =   -365598.5687  EHBOND  =         0.0000  RESTRAINT  =         0.0000
 ------------------------------------------------------------------------------

wrapping first mol.:      -38.30066      108.33064        0.00000

 NSTEP =  2100000   TIME(PS) =  349239.999  TEMP(K) =   308.61  PRESS =     0.0
 Etot   =   -239770.9308  EKtot   =     62842.9766  EPtot      =   -302613.9073
 BOND   =      2073.2404  ANGLE   =      2354.2437  DIHED      =      1427.7892
 UB     =         0.0000  IMP     =         0.0000  CMAP       =       236.2357
 1-4 NB =      1168.0341  1-4 EEL =     15424.9289  VDWAALS    =     41108.1790
 EELEC  =   -366406.5583  EHBOND  =         0.0000  RESTRAINT  =         0.0000
 ------------------------------------------------------------------------------

wrapping first mol.:      -38.30066      108.33064        0.00000

 NSTEP =  2120000   TIME(PS) =  349279.999  TEMP(K) =   310.23  PRESS =     0.0
 Etot   =   -238226.8097  EKtot   =     63174.4961  EPtot      =   -301401.3058
 BOND   =      2059.9750  ANGLE   =      2432.7768  DIHED      =      1458.4659
 UB     =         0.0000  IMP     =         0.0000  CMAP       =       231.0638
 1-4 NB =      1186.4430  1-4 EEL =     15463.3202  VDWAALS    =     40373.4255
 EELEC  =   -364606.7760  EHBOND  =         0.0000  RESTRAINT  =         0.0000
 ------------------------------------------------------------------------------

wrapping first mol.:      -38.30066      108.33064        0.00000

 NSTEP =  2140000   TIME(PS) =  349319.999  TEMP(K) =   310.93  PRESS =     0.0
 Etot   =   -238787.6087  EKtot   =     63316.8867  EPtot      =   -302104.4954
 BOND   =      2060.6633  ANGLE   =      2383.4966  DIHED      =      1420.7967
 UB     =         0.0000  IMP     =         0.0000  CMAP       =       224.2570
 1-4 NB =      1179.3838  1-4 EEL =     15424.2802  VDWAALS    =     40470.9555
 EELEC  =   -365268.3285  EHBOND  =         0.0000  RESTRAINT  =         0.0000
 ------------------------------------------------------------------------------

wrapping first mol.:      -38.30066      108.33064        0.00000

 NSTEP =  2160000   TIME(PS) =  349359.999  TEMP(K) =   308.92  PRESS =     0.0
 Etot   =   -238555.8313  EKtot   =     62907.4766  EPtot      =   -301463.3079
 BOND   =      2093.0550  ANGLE   =      2422.3768  DIHED      =      1434.2251
 UB     =         0.0000  IMP     =         0.0000  CMAP       =       235.8997
 1-4 NB =      1166.1362  1-4 EEL =     15356.6777  VDWAALS    =     40599.8225
 EELEC  =   -364771.5009  EHBOND  =         0.0000  RESTRAINT  =         0.0000
 ------------------------------------------------------------------------------

wrapping first mol.:      -38.30066      108.33064        0.00000

 NSTEP =  2180000   TIME(PS) =  349399.999  TEMP(K) =   312.29  PRESS =     0.0
 Etot   =   -238792.7606  EKtot   =     63593.7383  EPtot      =   -302386.4989
 BOND   =      2083.9054  ANGLE   =      2400.1230  DIHED      =      1421.1664
 UB     =         0.0000  IMP     =         0.0000  CMAP       =       239.0566
 1-4 NB =      1176.4829  1-4 EEL =     15426.8093  VDWAALS    =     40815.7527
 EELEC  =   -365949.7952  EHBOND  =         0.0000  RESTRAINT  =         0.0000
 ------------------------------------------------------------------------------

wrapping first mol.:      -38.30066      108.33064        0.00000

 NSTEP =  2200000   TIME(PS) =  349439.999  TEMP(K) =   308.75  PRESS =     0.0
 Etot   =   -238486.7508  EKtot   =     62873.1250  EPtot      =   -301359.8758
 BOND   =      2108.6700  ANGLE   =      2448.1529  DIHED      =      1441.3773
 UB     =         0.0000  IMP     =         0.0000  CMAP       =       229.3963
 1-4 NB =      1152.5840  1-4 EEL =     15397.2240  VDWAALS    =     40058.7982
 EELEC  =   -364196.0785  EHBOND  =         0.0000  RESTRAINT  =         0.0000
 ------------------------------------------------------------------------------

wrapping first mol.:      -38.30066      108.33064        0.00000

 NSTEP =  2220000   TIME(PS) =  349479.999  TEMP(K) =   310.64  PRESS =     0.0
 Etot   =   -239022.1659  EKtot   =     63256.7578  EPtot      =   -302278.9237
 BOND   =      2066.0734  ANGLE   =      2362.3641  DIHED      =      1399.2398
 UB     =         0.0000  IMP     =         0.0000  CMAP       =       250.0789
 1-4 NB =      1194.0492  1-4 EEL =     15472.4033  VDWAALS    =     40925.9134
 EELEC  =   -365949.0459  EHBOND  =         0.0000  RESTRAINT  =         0.0000
 ------------------------------------------------------------------------------

wrapping first mol.:      -38.30066      108.33064        0.00000

 NSTEP =  2240000   TIME(PS) =  349519.999  TEMP(K) =   310.64  PRESS =     0.0
 Etot   =   -238916.4681  EKtot   =     63256.3672  EPtot      =   -302172.8352
 BOND   =      2103.2230  ANGLE   =      2378.5282  DIHED      =      1427.0348
 UB     =         0.0000  IMP     =         0.0000  CMAP       =       259.1220
 1-4 NB =      1169.2251  1-4 EEL =     15412.2464  VDWAALS    =     40775.5322
 EELEC  =   -365697.7469  EHBOND  =         0.0000  RESTRAINT  =         0.0000
 ------------------------------------------------------------------------------

wrapping first mol.:      -38.30066      108.33064        0.00000

 NSTEP =  2260000   TIME(PS) =  349559.999  TEMP(K) =   308.75  PRESS =     0.0
 Etot   =   -239554.3000  EKtot   =     62872.1211  EPtot      =   -302426.4211
 BOND   =      2075.8049  ANGLE   =      2462.5100  DIHED      =      1430.4768
 UB     =         0.0000  IMP     =         0.0000  CMAP       =       241.0677
 1-4 NB =      1147.7977  1-4 EEL =     15460.5453  VDWAALS    =     40835.1426
 EELEC  =   -366079.7662  EHBOND  =         0.0000  RESTRAINT  =         0.0000
 ------------------------------------------------------------------------------

wrapping first mol.:      -38.30066      108.33064        0.00000

 NSTEP =  2280000   TIME(PS) =  349599.999  TEMP(K) =   312.26  PRESS =     0.0
 Etot   =   -238252.1105  EKtot   =     63587.0195  EPtot      =   -301839.1300
 BOND   =      2070.5197  ANGLE   =      2436.6724  DIHED      =      1407.3807
 UB     =         0.0000  IMP     =         0.0000  CMAP       =       231.3609
 1-4 NB =      1168.3108  1-4 EEL =     15482.3776  VDWAALS    =     40791.4497
 EELEC  =   -365427.2018  EHBOND  =         0.0000  RESTRAINT  =         0.0000
 ------------------------------------------------------------------------------

wrapping first mol.:      -38.30066      108.33064        0.00000

 NSTEP =  2300000   TIME(PS) =  349639.999  TEMP(K) =   308.22  PRESS =     0.0
 Etot   =   -238899.9466  EKtot   =     62763.9336  EPtot      =   -301663.8802
 BOND   =      2083.9460  ANGLE   =      2440.2623  DIHED      =      1391.1429
 UB     =         0.0000  IMP     =         0.0000  CMAP       =       247.4984
 1-4 NB =      1196.4676  1-4 EEL =     15485.1854  VDWAALS    =     40434.2393
 EELEC  =   -364942.6221  EHBOND  =         0.0000  RESTRAINT  =         0.0000
 ------------------------------------------------------------------------------

wrapping first mol.:      -38.30066      108.33064        0.00000

 NSTEP =  2320000   TIME(PS) =  349679.999  TEMP(K) =   310.03  PRESS =     0.0
 Etot   =   -239219.0066  EKtot   =     63132.6953  EPtot      =   -302351.7019
 BOND   =      2116.9035  ANGLE   =      2386.4677  DIHED      =      1442.8965
 UB     =         0.0000  IMP     =         0.0000  CMAP       =       246.6800
 1-4 NB =      1148.3178  1-4 EEL =     15448.2146  VDWAALS    =     40793.7364
 EELEC  =   -365934.9184  EHBOND  =         0.0000  RESTRAINT  =         0.0000
 ------------------------------------------------------------------------------

wrapping first mol.:      -38.30066      108.33064        0.00000

 NSTEP =  2340000   TIME(PS) =  349719.999  TEMP(K) =   309.68  PRESS =     0.0
 Etot   =   -239138.2291  EKtot   =     63061.5078  EPtot      =   -302199.7370
 BOND   =      2079.2653  ANGLE   =      2493.2610  DIHED      =      1414.5887
 UB     =         0.0000  IMP     =         0.0000  CMAP       =       232.5664
 1-4 NB =      1164.6101  1-4 EEL =     15358.7993  VDWAALS    =     40588.5297
 EELEC  =   -365531.3574  EHBOND  =         0.0000  RESTRAINT  =         0.0000
 ------------------------------------------------------------------------------

wrapping first mol.:      -38.30066      108.33064        0.00000

 NSTEP =  2360000   TIME(PS) =  349759.999  TEMP(K) =   309.99  PRESS =     0.0
 Etot   =   -238822.9403  EKtot   =     63124.4844  EPtot      =   -301947.4247
 BOND   =      2102.1318  ANGLE   =      2467.4101  DIHED      =      1417.3256
 UB     =         0.0000  IMP     =         0.0000  CMAP       =       210.2561
 1-4 NB =      1161.0420  1-4 EEL =     15412.3418  VDWAALS    =     40399.4814
 EELEC  =   -365117.4135  EHBOND  =         0.0000  RESTRAINT  =         0.0000
 ------------------------------------------------------------------------------

wrapping first mol.:      -38.30066      108.33064        0.00000

 NSTEP =  2380000   TIME(PS) =  349799.999  TEMP(K) =   310.24  PRESS =     0.0
 Etot   =   -239273.0891  EKtot   =     63175.2969  EPtot      =   -302448.3860
 BOND   =      2121.8134  ANGLE   =      2376.0647  DIHED      =      1426.7047
 UB     =         0.0000  IMP     =         0.0000  CMAP       =       211.3752
 1-4 NB =      1145.9644  1-4 EEL =     15455.4017  VDWAALS    =     41006.2039
 EELEC  =   -366191.9140  EHBOND  =         0.0000  RESTRAINT  =         0.0000
 ------------------------------------------------------------------------------

wrapping first mol.:      -38.30066      108.33064        0.00000

 NSTEP =  2400000   TIME(PS) =  349839.999  TEMP(K) =   310.08  PRESS =     0.0
 Etot   =   -239138.7682  EKtot   =     63143.7148  EPtot      =   -302282.4830
 BOND   =      2022.0980  ANGLE   =      2380.6067  DIHED      =      1411.7127
 UB     =         0.0000  IMP     =         0.0000  CMAP       =       226.3909
 1-4 NB =      1194.2819  1-4 EEL =     15453.4513  VDWAALS    =     40989.3345
 EELEC  =   -365960.3591  EHBOND  =         0.0000  RESTRAINT  =         0.0000
 ------------------------------------------------------------------------------

wrapping first mol.:      -38.30066      108.33064        0.00000

 NSTEP =  2420000   TIME(PS) =  349879.999  TEMP(K) =   310.44  PRESS =     0.0
 Etot   =   -238661.1451  EKtot   =     63217.2656  EPtot      =   -301878.4108
 BOND   =      2133.5088  ANGLE   =      2415.7103  DIHED      =      1417.8048
 UB     =         0.0000  IMP     =         0.0000  CMAP       =       244.4681
 1-4 NB =      1160.4665  1-4 EEL =     15336.9092  VDWAALS    =     40721.4906
 EELEC  =   -365308.7690  EHBOND  =         0.0000  RESTRAINT  =         0.0000
 ------------------------------------------------------------------------------

wrapping first mol.:      -38.30066      108.33064        0.00000

 NSTEP =  2440000   TIME(PS) =  349919.999  TEMP(K) =   308.94  PRESS =     0.0
 Etot   =   -238820.0549  EKtot   =     62910.5195  EPtot      =   -301730.5744
 BOND   =      2076.0187  ANGLE   =      2427.8865  DIHED      =      1423.2939
 UB     =         0.0000  IMP     =         0.0000  CMAP       =       227.1866
 1-4 NB =      1179.5852  1-4 EEL =     15413.8234  VDWAALS    =     40635.2153
 EELEC  =   -365113.5840  EHBOND  =         0.0000  RESTRAINT  =         0.0000
 ------------------------------------------------------------------------------

wrapping first mol.:      -38.30066      108.33064        0.00000

 NSTEP =  2460000   TIME(PS) =  349959.999  TEMP(K) =   309.66  PRESS =     0.0
 Etot   =   -239087.4424  EKtot   =     63057.4414  EPtot      =   -302144.8838
 BOND   =      2070.3181  ANGLE   =      2398.5649  DIHED      =      1432.0405
 UB     =         0.0000  IMP     =         0.0000  CMAP       =       220.7804
 1-4 NB =      1142.6153  1-4 EEL =     15378.0317  VDWAALS    =     41457.8697
 EELEC  =   -366245.1044  EHBOND  =         0.0000  RESTRAINT  =         0.0000
 ------------------------------------------------------------------------------

wrapping first mol.:      -38.30066      108.33064        0.00000

 NSTEP =  2480000   TIME(PS) =  349999.999  TEMP(K) =   310.53  PRESS =     0.0
 Etot   =   -238754.3038  EKtot   =     63234.5781  EPtot      =   -301988.8819
 BOND   =      2074.5070  ANGLE   =      2408.3923  DIHED      =      1373.5210
 UB     =         0.0000  IMP     =         0.0000  CMAP       =       242.1301
 1-4 NB =      1151.8790  1-4 EEL =     15315.4622  VDWAALS    =     40992.4239
 EELEC  =   -365547.1974  EHBOND  =         0.0000  RESTRAINT  =         0.0000
 ------------------------------------------------------------------------------

wrapping first mol.:      -38.30066      108.33064        0.00000
wrapping first mol.:      -38.30066      108.33064        0.00000

 NSTEP =  2500000   TIME(PS) =  350039.999  TEMP(K) =   310.51  PRESS =     0.0
 Etot   =   -238526.8318  EKtot   =     63231.8594  EPtot      =   -301758.6912
 BOND   =      2103.2168  ANGLE   =      2462.9306  DIHED      =      1387.8638
 UB     =         0.0000  IMP     =         0.0000  CMAP       =       228.7254
 1-4 NB =      1148.2080  1-4 EEL =     15355.2098  VDWAALS    =     40785.6289
 EELEC  =   -365230.4746  EHBOND  =         0.0000  RESTRAINT  =         0.0000
 ------------------------------------------------------------------------------


      A V E R A G E S   O V E R     125 S T E P S


 NSTEP =  2500000   TIME(PS) =  350039.999  TEMP(K) =   310.05  PRESS =     0.0
 Etot   =   -238777.7199  EKtot   =     63136.9420  EPtot      =   -301914.6619
 BOND   =      2084.5867  ANGLE   =      2412.5070  DIHED      =      1416.5627
 UB     =         0.0000  IMP     =         0.0000  CMAP       =       226.4226
 1-4 NB =      1165.1221  1-4 EEL =     15420.5336  VDWAALS    =     40737.0985
 EELEC  =   -365377.4950  EHBOND  =         0.0000  RESTRAINT  =         0.0000
 ------------------------------------------------------------------------------


      R M S  F L U C T U A T I O N S


 NSTEP =  2500000   TIME(PS) =  350039.999  TEMP(K) =     1.05  PRESS =     0.0
 Etot   =       376.9216  EKtot   =       213.8935  EPtot      =       324.5150
 BOND   =        33.5359  ANGLE   =        39.2339  DIHED      =        20.1455
 UB     =         0.0000  IMP     =         0.0000  CMAP       =        11.4180
 1-4 NB =        14.2418  1-4 EEL =        55.8573  VDWAALS    =       300.2189
 EELEC  =       507.9807  EHBOND  =         0.0000  RESTRAINT  =         0.0000
 ------------------------------------------------------------------------------

--------------------------------------------------------------------------------
   5.  TIMINGS
--------------------------------------------------------------------------------

|  NonSetup CPU Time in Major Routines:
|
|     Routine           Sec        %
|     ------------------------------
|     Nonbond         145.11   10.86
|     Bond              0.00    0.00
|     Angle             0.00    0.00
|     Dihedral          0.00    0.00
|     Shake             9.63    0.72
|     RunMD          1178.97   88.25
|     Other             2.18    0.16
|     ------------------------------
|     Total          1335.89

|  PME Nonbond Pairlist CPU Time:
|
|     Routine              Sec        %
|     ---------------------------------
|     Set Up Cit           0.00    0.00
|     Build List           0.00    0.00
|     ---------------------------------
|     Total                0.00    0.00

|  PME Direct Force CPU Time:
|
|     Routine              Sec        %
|     ---------------------------------
|     NonBonded Calc       0.00    0.00
|     Exclude Masked       0.00    0.00
|     Other                1.37    0.10
|     ---------------------------------
|     Total                1.37    0.10

|  PME Reciprocal Force CPU Time:
|
|     Routine              Sec        %
|     ---------------------------------
|     1D bspline           0.00    0.00
|     Grid Charges         0.00    0.00
|     Scalar Sum           0.00    0.00
|     Gradient Sum         0.00    0.00
|     FFT                  0.00    0.00
|     ---------------------------------
|     Total                0.00    0.00

|  Final Performance Info:
|     -----------------------------------------------------
|     Average timings for last   80000 steps:
|     Elapsed(s) =      42.95 Per Step(ms) =       0.54
|         ns/day =     321.89   seconds/ns =     268.41
|
|     Average timings for all steps:
|     Elapsed(s) =    1338.33 Per Step(ms) =       0.54
|         ns/day =     322.79   seconds/ns =     267.67
|     -----------------------------------------------------

|  Setup CPU time:            1.14 seconds
|  NonSetup CPU time:      1335.89 seconds
|  Total CPU time:         1337.04 seconds     0.37 hours

|  Setup wall time:           1    seconds
|  NonSetup wall time:     1339    seconds
|  Total wall time:        1340    seconds     0.37 hours
