
          -------------------------------------------------------
          Amber 24 PMEMD                              2024
          -------------------------------------------------------

| PMEMD implementation of SANDER, Release 24

|  Compiled date/time: Thu Apr  3 17:55:38 2025
| Run on 10/30/2025 at 15:11:19

|   Executable path: pmemd.cuda_SPFP
| Working directory: /rs1/researchers/h/hall/vtnguye4/Amber_restart/cappedP1amber/P1_Simulation3
|          Hostname: gpu19

  [-O]verwriting output

File Assignments:
|   MDIN: /rs1/researchers/h/hall/vtnguye4/Amber_restart/cappedP1amber/equil.in 
|  MDOUT: ./OUT_Files/equil3.out                                                
| INPCRD: ./RST_Files/equil2.rst7                                               
|   PARM: ./PRMTOP_Files/P1.prmtop                                              
| RESTRT: ./RST_Files/equil3.rst7                                               
|   REFC: refc                                                                  
|  MDVEL: mdvel                                                                 
|   MDEN: mden                                                                  
|  MDCRD: ./nc_Files/equil3.nc                                                  
| MDINFO: mdinfo                                                                
|  MDFRC: mdfrc                                                                 


 Here is the input file:

!Stage equilibration 5ns                                                       
&cntrl                                                                         
imin=0, irest=1, ntx=5,                                                        
nstlim=2500000, dt=0.002,                                                      
ntc=2, ntf=2, ig=-1,                                                           
ntt=3, gamma_ln=2.0,                                                           
tempi=310.0, temp0=310.0,                                                      
ntxo=2, ioutfm=1,                                                              
ntpr=20000, ntwx=20000,                                                        
ntb=1,                                                                         
cut=9.0,                                                                       
iwrap=1,                                                                       
/                                                                              


Note: ig = -1. Setting random seed to   650401 based on wallclock time in 
      microseconds.
| irandom = 1, using AMBER's internal random number generator (default).
 
|--------------------- INFORMATION ----------------------
| GPU (CUDA) Version of PMEMD in use: NVIDIA GPU IN USE.
|                    Version 18.0.0
| 
|                      03/25/2018
| 
| Implementation by:
|                    Ross C. Walker     (SDSC)
|                    Scott Le Grand     (nVIDIA)
| 
| Version 18 performance extensions by:
|                    David Cerutti     (Rutgers)
| 
| Precision model in use:
|      [SPFP] - Single Precision Forces, 64-bit Fixed Point
|               Accumulation. (Default)
| 
|--------------------------------------------------------
 
|----------------- CITATION INFORMATION -----------------
|
|    When publishing work that utilized the CUDA version
|    of AMBER, please cite the following in addition to
|    the regular AMBER citations:
|
|  - Romelia Salomon-Ferrer; Andreas W. Goetz; Duncan
|    Poole; Scott Le Grand; Ross C. Walker "Routine
|    microsecond molecular dynamics simulations with
|    AMBER - Part II: Particle Mesh Ewald", J. Chem.
|    Theory Comput., 2013, 9 (9), pp3878-3888,
|    DOI: 10.1021/ct400314y.
|
|  - Andreas W. Goetz; Mark J. Williamson; Dong Xu;
|    Duncan Poole; Scott Le Grand; Ross C. Walker
|    "Routine microsecond molecular dynamics simulations
|    with AMBER - Part I: Generalized Born", J. Chem.
|    Theory Comput., 2012, 8 (5), pp1542-1555.
|
|  - Scott Le Grand; Andreas W. Goetz; Ross C. Walker
|    "SPFP: Speed without compromise - a mixed precision
|    model for GPU accelerated molecular dynamics
|    simulations.", Comp. Phys. Comm., 2013, 184
|    pp374-380, DOI: 10.1016/j.cpc.2012.09.022
|
|--------------------------------------------------------
 
|------------------- GPU DEVICE INFO --------------------
|
|            CUDA_VISIBLE_DEVICES: 0
|   CUDA Capable Devices Detected:      1
|           CUDA Device ID in use:      0
|                CUDA Device Name: NVIDIA L40S
|     CUDA Device Global Mem Size:  45487 MB
| CUDA Device Num Multiprocessors:    142
|           CUDA Device Core Freq:   2.52 GHz
|
|--------------------------------------------------------
 
 
| Conditional Compilation Defines Used:
| PUBFFT
| BINTRAJ
| CUDA
| EMIL

| Largest sphere to fit in unit cell has radius =    46.909

| New format PARM file being parsed.
| Version =    1.000 Date = 10/28/25 Time = 16:56:02

| Note: 1-4 EEL scale factors are being read from the topology file.

| Note: 1-4 VDW scale factors are being read from the topology file.
| Duplicated    0 dihedrals

| Duplicated    0 dihedrals

--------------------------------------------------------------------------------
   1.  RESOURCE   USE: 
--------------------------------------------------------------------------------

 getting box info from netcdf restart file
 NATOM  =  101202 NTYPES =      11 NBONH =   98658 MBONA  =    2544
 NTHETH =    5904 MTHETA =    3408 NPHIH =   11760 MPHIA  =   10368
 NHPARM =       0 NPARM  =       0 NNB   =  155656 NRES   =   32422
 NBONA  =    2544 NTHETA =    3408 NPHIA =   10368 NUMBND =      27
 NUMANG =      54 NPTRA  =      59 NATYP =      16 NPHB   =       0
 IFBOX  =       2 NMXRS  =      21 IFCAP =       0 NEXTRA =       0
 NCOPY  =       0

| Coordinate Index Table dimensions:    20   20   20
| Direct force subcell size =     5.7451    5.7451    5.7451

     BOX TYPE: TRUNCATED OCTAHEDRON

--------------------------------------------------------------------------------
   2.  CONTROL  DATA  FOR  THE  RUN
--------------------------------------------------------------------------------

default_name                                                                    

General flags:
     imin    =       0, nmropt  =       0

Nature and format of input:
     ntx     =       5, irest   =       1, ntrx    =       1

Nature and format of output:
     ntxo    =       2, ntpr    =   20000, ntrx    =       1, ntwr    = 2500000
     iwrap   =       1, ntwx    =   20000, ntwv    =       0, ntwe    =       0
     ioutfm  =       1, ntwprt  =       0, idecomp =       0, rbornstat=      0

Potential function:
     ntf     =       2, ntb     =       1, igb     =       0, nsnb    =      25
     ipol    =       0, gbsa    =       0, iesp    =       0
     dielc   =   1.00000, cut     =   9.00000, intdiel =   1.00000

Frozen or restrained atoms:
     ibelly  =       0, ntr     =       0

Molecular dynamics:
     nstlim  =   2500000, nscm    =      1000, nrespa  =         1
     t       =   0.00000, dt      =   0.00200, vlimit  =  -1.00000

Langevin dynamics temperature regulation:
     ig      =  650401
     temp0   = 310.00000, tempi   = 310.00000, gamma_ln=   2.00000

SHAKE:
     ntc     =       2, jfastw  =       0
     tol     =   0.00001

| Intermolecular bonds treatment:
|     no_intermolecular_bonds =       1

| Energy averages sample interval:
|     ene_avg_sampling =   20000

Ewald parameters:
     verbose =       0, ew_type =       0, nbflag  =       1, use_pme =       1
     vdwmeth =       1, eedmeth =       1, netfrc  =       1
     Box X =  114.902   Box Y =  114.902   Box Z =  114.902
     Alpha =  109.471   Beta  =  109.471   Gamma =  109.471
     NFFT1 =  120       NFFT2 =  120       NFFT3 =  120
     Cutoff=    9.000   Tol   =0.100E-04
     Ewald Coefficient =  0.30768
     Interpolation order =    4

--------------------------------------------------------------------------------
   3.  ATOMIC COORDINATES AND VELOCITIES
--------------------------------------------------------------------------------

default_name                                                                    
 begin time read from input coords = 10040.000 ps

 
 Number of triangulated 3-point waters found:    31990

     Sum of charges from parm topology file =  -0.00000047
     Forcing neutrality...

| Dynamic Memory, Types Used:
| Reals             3080462
| Integers          3650456

| Nonbonded Pairs Initial Allocation:    23074056

| GPU memory information (estimate):
| KB of GPU memory in use:    789634
| KB of CPU memory in use:    210424

--------------------------------------------------------------------------------
   4.  RESULTS
--------------------------------------------------------------------------------

wrapping first mol.:       38.30067       54.16532       93.81709

 NSTEP =    20000   TIME(PS) =   10080.000  TEMP(K) =   310.70  PRESS =     0.0
 Etot   =   -238803.0022  EKtot   =     63268.6250  EPtot      =   -302071.6272
 BOND   =      2093.3440  ANGLE   =      2374.0358  DIHED      =      1390.7443
 UB     =         0.0000  IMP     =         0.0000  CMAP       =       219.5677
 1-4 NB =      1181.8644  1-4 EEL =     15317.8842  VDWAALS    =     40610.4620
 EELEC  =   -365259.5295  EHBOND  =         0.0000  RESTRAINT  =         0.0000
 ------------------------------------------------------------------------------

wrapping first mol.:       38.30067       54.16532       93.81709

 NSTEP =    40000   TIME(PS) =   10120.000  TEMP(K) =   310.20  PRESS =     0.0
 Etot   =   -238635.5442  EKtot   =     63168.2734  EPtot      =   -301803.8176
 BOND   =      2091.2302  ANGLE   =      2351.8198  DIHED      =      1393.2195
 UB     =         0.0000  IMP     =         0.0000  CMAP       =       212.8431
 1-4 NB =      1167.0636  1-4 EEL =     15384.6039  VDWAALS    =     40502.4303
 EELEC  =   -364907.0280  EHBOND  =         0.0000  RESTRAINT  =         0.0000
 ------------------------------------------------------------------------------

wrapping first mol.:       38.30067       54.16532       93.81709

 NSTEP =    60000   TIME(PS) =   10160.000  TEMP(K) =   309.36  PRESS =     0.0
 Etot   =   -238768.8255  EKtot   =     62997.5000  EPtot      =   -301766.3255
 BOND   =      2110.9369  ANGLE   =      2434.8616  DIHED      =      1378.1887
 UB     =         0.0000  IMP     =         0.0000  CMAP       =       202.8669
 1-4 NB =      1180.9202  1-4 EEL =     15313.5774  VDWAALS    =     41044.0925
 EELEC  =   -365431.7697  EHBOND  =         0.0000  RESTRAINT  =         0.0000
 ------------------------------------------------------------------------------

wrapping first mol.:       38.30067       54.16532       93.81709

 NSTEP =    80000   TIME(PS) =   10200.000  TEMP(K) =   308.56  PRESS =     0.0
 Etot   =   -238664.6868  EKtot   =     62834.2422  EPtot      =   -301498.9290
 BOND   =      2136.0123  ANGLE   =      2484.1572  DIHED      =      1381.4636
 UB     =         0.0000  IMP     =         0.0000  CMAP       =       206.0189
 1-4 NB =      1159.1404  1-4 EEL =     15209.3298  VDWAALS    =     40939.8166
 EELEC  =   -365014.8679  EHBOND  =         0.0000  RESTRAINT  =         0.0000
 ------------------------------------------------------------------------------

wrapping first mol.:       38.30067       54.16532       93.81709

 NSTEP =   100000   TIME(PS) =   10240.000  TEMP(K) =   308.49  PRESS =     0.0
 Etot   =   -238730.2842  EKtot   =     62819.0898  EPtot      =   -301549.3740
 BOND   =      2086.0853  ANGLE   =      2429.8761  DIHED      =      1400.7781
 UB     =         0.0000  IMP     =         0.0000  CMAP       =       227.1271
 1-4 NB =      1151.3364  1-4 EEL =     15275.6377  VDWAALS    =     40454.3871
 EELEC  =   -364574.6019  EHBOND  =         0.0000  RESTRAINT  =         0.0000
 ------------------------------------------------------------------------------

wrapping first mol.:       38.30067       54.16532       93.81709

 NSTEP =   120000   TIME(PS) =   10280.000  TEMP(K) =   311.31  PRESS =     0.0
 Etot   =   -238660.2904  EKtot   =     63393.5352  EPtot      =   -302053.8256
 BOND   =      2099.8332  ANGLE   =      2463.0417  DIHED      =      1414.8585
 UB     =         0.0000  IMP     =         0.0000  CMAP       =       234.2961
 1-4 NB =      1169.3701  1-4 EEL =     15258.1474  VDWAALS    =     41105.0566
 EELEC  =   -365798.4291  EHBOND  =         0.0000  RESTRAINT  =         0.0000
 ------------------------------------------------------------------------------

wrapping first mol.:       38.30067       54.16532       93.81709

 NSTEP =   140000   TIME(PS) =   10320.000  TEMP(K) =   310.60  PRESS =     0.0
 Etot   =   -238878.3333  EKtot   =     63249.2070  EPtot      =   -302127.5404
 BOND   =      2073.5693  ANGLE   =      2451.8749  DIHED      =      1361.1205
 UB     =         0.0000  IMP     =         0.0000  CMAP       =       229.0029
 1-4 NB =      1171.6752  1-4 EEL =     15231.5281  VDWAALS    =     40685.6466
 EELEC  =   -365331.9579  EHBOND  =         0.0000  RESTRAINT  =         0.0000
 ------------------------------------------------------------------------------

wrapping first mol.:       38.30067       54.16532       93.81709

 NSTEP =   160000   TIME(PS) =   10360.000  TEMP(K) =   309.11  PRESS =     0.0
 Etot   =   -239226.9203  EKtot   =     62945.4023  EPtot      =   -302172.3227
 BOND   =      2062.5789  ANGLE   =      2361.1533  DIHED      =      1381.5518
 UB     =         0.0000  IMP     =         0.0000  CMAP       =       235.8462
 1-4 NB =      1168.8793  1-4 EEL =     15297.5981  VDWAALS    =     41160.5633
 EELEC  =   -365840.4935  EHBOND  =         0.0000  RESTRAINT  =         0.0000
 ------------------------------------------------------------------------------

wrapping first mol.:       38.30067       54.16532       93.81709

 NSTEP =   180000   TIME(PS) =   10400.000  TEMP(K) =   312.86  PRESS =     0.0
 Etot   =   -237890.4286  EKtot   =     63709.6211  EPtot      =   -301600.0497
 BOND   =      2062.4504  ANGLE   =      2422.4118  DIHED      =      1383.1081
 UB     =         0.0000  IMP     =         0.0000  CMAP       =       214.8532
 1-4 NB =      1187.0732  1-4 EEL =     15271.0208  VDWAALS    =     40585.8322
 EELEC  =   -364726.7992  EHBOND  =         0.0000  RESTRAINT  =         0.0000
 ------------------------------------------------------------------------------

wrapping first mol.:       38.30067       54.16532       93.81709

 NSTEP =   200000   TIME(PS) =   10440.000  TEMP(K) =   309.39  PRESS =     0.0
 Etot   =   -237734.5820  EKtot   =     63003.0312  EPtot      =   -300737.6133
 BOND   =      2134.2299  ANGLE   =      2488.7251  DIHED      =      1402.7549
 UB     =         0.0000  IMP     =         0.0000  CMAP       =       217.4966
 1-4 NB =      1172.2374  1-4 EEL =     15304.4177  VDWAALS    =     40123.8084
 EELEC  =   -363581.2832  EHBOND  =         0.0000  RESTRAINT  =         0.0000
 ------------------------------------------------------------------------------

wrapping first mol.:      -76.60132       54.16532       93.81709

 NSTEP =   220000   TIME(PS) =   10480.000  TEMP(K) =   310.26  PRESS =     0.0
 Etot   =   -238281.6353  EKtot   =     63179.6094  EPtot      =   -301461.2447
 BOND   =      2111.3642  ANGLE   =      2369.3975  DIHED      =      1388.5268
 UB     =         0.0000  IMP     =         0.0000  CMAP       =       227.7034
 1-4 NB =      1179.8221  1-4 EEL =     15377.6805  VDWAALS    =     40224.3699
 EELEC  =   -364340.1092  EHBOND  =         0.0000  RESTRAINT  =         0.0000
 ------------------------------------------------------------------------------

wrapping first mol.:      -76.60132       54.16532       93.81709

 NSTEP =   240000   TIME(PS) =   10520.000  TEMP(K) =   310.28  PRESS =     0.0
 Etot   =   -238754.8067  EKtot   =     63183.4414  EPtot      =   -301938.2481
 BOND   =      2086.5464  ANGLE   =      2420.7184  DIHED      =      1397.1130
 UB     =         0.0000  IMP     =         0.0000  CMAP       =       233.3539
 1-4 NB =      1197.8593  1-4 EEL =     15297.0570  VDWAALS    =     40635.8612
 EELEC  =   -365206.7572  EHBOND  =         0.0000  RESTRAINT  =         0.0000
 ------------------------------------------------------------------------------

wrapping first mol.:      -76.60132       54.16532       93.81709

 NSTEP =   260000   TIME(PS) =   10560.000  TEMP(K) =   309.32  PRESS =     0.0
 Etot   =   -238830.5046  EKtot   =     62988.1445  EPtot      =   -301818.6492
 BOND   =      2048.5587  ANGLE   =      2396.9190  DIHED      =      1419.8982
 UB     =         0.0000  IMP     =         0.0000  CMAP       =       211.8560
 1-4 NB =      1228.0366  1-4 EEL =     15451.2667  VDWAALS    =     40304.0445
 EELEC  =   -364879.2289  EHBOND  =         0.0000  RESTRAINT  =         0.0000
 ------------------------------------------------------------------------------

wrapping first mol.:       38.30067       54.16532       93.81709

 NSTEP =   280000   TIME(PS) =   10600.000  TEMP(K) =   308.94  PRESS =     0.0
 Etot   =   -238146.7633  EKtot   =     62910.8359  EPtot      =   -301057.5993
 BOND   =      2140.5581  ANGLE   =      2476.6013  DIHED      =      1445.0810
 UB     =         0.0000  IMP     =         0.0000  CMAP       =       216.4484
 1-4 NB =      1171.8244  1-4 EEL =     15274.6054  VDWAALS    =     40342.0006
 EELEC  =   -364124.7184  EHBOND  =         0.0000  RESTRAINT  =         0.0000
 ------------------------------------------------------------------------------

wrapping first mol.:       38.30067       54.16532       93.81709

 NSTEP =   300000   TIME(PS) =   10640.000  TEMP(K) =   311.09  PRESS =     0.0
 Etot   =   -238182.9883  EKtot   =     63349.8477  EPtot      =   -301532.8360
 BOND   =      2114.4523  ANGLE   =      2399.3005  DIHED      =      1419.0646
 UB     =         0.0000  IMP     =         0.0000  CMAP       =       222.7875
 1-4 NB =      1183.2722  1-4 EEL =     15311.1243  VDWAALS    =     40698.7265
 EELEC  =   -364881.5639  EHBOND  =         0.0000  RESTRAINT  =         0.0000
 ------------------------------------------------------------------------------

wrapping first mol.:      -76.60132       54.16532       93.81709

 NSTEP =   320000   TIME(PS) =   10680.000  TEMP(K) =   310.62  PRESS =     0.0
 Etot   =   -238474.0584  EKtot   =     63254.2422  EPtot      =   -301728.3006
 BOND   =      2108.9655  ANGLE   =      2430.1665  DIHED      =      1412.6662
 UB     =         0.0000  IMP     =         0.0000  CMAP       =       219.8677
 1-4 NB =      1164.2206  1-4 EEL =     15372.6504  VDWAALS    =     40616.6219
 EELEC  =   -365053.4594  EHBOND  =         0.0000  RESTRAINT  =         0.0000
 ------------------------------------------------------------------------------

wrapping first mol.:      -76.60132       54.16532       93.81709

 NSTEP =   340000   TIME(PS) =   10720.000  TEMP(K) =   309.84  PRESS =     0.0
 Etot   =   -239365.9427  EKtot   =     63093.8125  EPtot      =   -302459.7552
 BOND   =      2058.9036  ANGLE   =      2460.5294  DIHED      =      1391.2526
 UB     =         0.0000  IMP     =         0.0000  CMAP       =       204.3117
 1-4 NB =      1176.6310  1-4 EEL =     15287.7758  VDWAALS    =     40760.3841
 EELEC  =   -365799.5434  EHBOND  =         0.0000  RESTRAINT  =         0.0000
 ------------------------------------------------------------------------------

wrapping first mol.:      -76.60132       54.16532       93.81709

 NSTEP =   360000   TIME(PS) =   10760.000  TEMP(K) =   308.68  PRESS =     0.0
 Etot   =   -238874.1390  EKtot   =     62858.3242  EPtot      =   -301732.4632
 BOND   =      2084.2253  ANGLE   =      2381.3459  DIHED      =      1395.9419
 UB     =         0.0000  IMP     =         0.0000  CMAP       =       234.7395
 1-4 NB =      1183.2611  1-4 EEL =     15313.4435  VDWAALS    =     40533.0903
 EELEC  =   -364858.5108  EHBOND  =         0.0000  RESTRAINT  =         0.0000
 ------------------------------------------------------------------------------

wrapping first mol.:      -76.60132       54.16532       93.81709

 NSTEP =   380000   TIME(PS) =   10800.000  TEMP(K) =   309.88  PRESS =     0.0
 Etot   =   -238785.1307  EKtot   =     63101.5664  EPtot      =   -301886.6971
 BOND   =      2119.3366  ANGLE   =      2550.6961  DIHED      =      1402.8922
 UB     =         0.0000  IMP     =         0.0000  CMAP       =       231.3549
 1-4 NB =      1162.1501  1-4 EEL =     15332.5029  VDWAALS    =     40594.8683
 EELEC  =   -365280.4982  EHBOND  =         0.0000  RESTRAINT  =         0.0000
 ------------------------------------------------------------------------------

wrapping first mol.:      -76.60132       54.16532       93.81709

 NSTEP =   400000   TIME(PS) =   10840.000  TEMP(K) =   310.51  PRESS =     0.0
 Etot   =   -238576.8114  EKtot   =     63230.3008  EPtot      =   -301807.1121
 BOND   =      2117.6241  ANGLE   =      2465.8926  DIHED      =      1407.0834
 UB     =         0.0000  IMP     =         0.0000  CMAP       =       224.0690
 1-4 NB =      1168.9564  1-4 EEL =     15316.4250  VDWAALS    =     40899.6268
 EELEC  =   -365406.7894  EHBOND  =         0.0000  RESTRAINT  =         0.0000
 ------------------------------------------------------------------------------

wrapping first mol.:       38.30067       54.16532       93.81709

 NSTEP =   420000   TIME(PS) =   10880.000  TEMP(K) =   307.78  PRESS =     0.0
 Etot   =   -239243.9349  EKtot   =     62675.0273  EPtot      =   -301918.9623
 BOND   =      2055.6455  ANGLE   =      2412.5048  DIHED      =      1393.1227
 UB     =         0.0000  IMP     =         0.0000  CMAP       =       244.4826
 1-4 NB =      1181.4561  1-4 EEL =     15287.1900  VDWAALS    =     40406.7141
 EELEC  =   -364900.0781  EHBOND  =         0.0000  RESTRAINT  =         0.0000
 ------------------------------------------------------------------------------

wrapping first mol.:       38.30067       54.16532       93.81709

 NSTEP =   440000   TIME(PS) =   10920.000  TEMP(K) =   310.35  PRESS =     0.0
 Etot   =   -238633.9469  EKtot   =     63198.7109  EPtot      =   -301832.6578
 BOND   =      2075.1991  ANGLE   =      2474.0175  DIHED      =      1423.8413
 UB     =         0.0000  IMP     =         0.0000  CMAP       =       224.1852
 1-4 NB =      1168.4436  1-4 EEL =     15278.7002  VDWAALS    =     40488.3722
 EELEC  =   -364965.4170  EHBOND  =         0.0000  RESTRAINT  =         0.0000
 ------------------------------------------------------------------------------

wrapping first mol.:       38.30067       54.16532       93.81709

 NSTEP =   460000   TIME(PS) =   10960.000  TEMP(K) =   309.41  PRESS =     0.0
 Etot   =   -238518.3773  EKtot   =     63007.8281  EPtot      =   -301526.2054
 BOND   =      2118.2914  ANGLE   =      2384.9016  DIHED      =      1393.5589
 UB     =         0.0000  IMP     =         0.0000  CMAP       =       238.8240
 1-4 NB =      1185.5200  1-4 EEL =     15261.1486  VDWAALS    =     40735.2903
 EELEC  =   -364843.7403  EHBOND  =         0.0000  RESTRAINT  =         0.0000
 ------------------------------------------------------------------------------

wrapping first mol.:      -76.60132       54.16532       93.81709

 NSTEP =   480000   TIME(PS) =   11000.000  TEMP(K) =   308.80  PRESS =     0.0
 Etot   =   -238536.4351  EKtot   =     62883.1914  EPtot      =   -301419.6265
 BOND   =      2108.6221  ANGLE   =      2405.8785  DIHED      =      1369.9204
 UB     =         0.0000  IMP     =         0.0000  CMAP       =       218.8874
 1-4 NB =      1175.6748  1-4 EEL =     15348.0322  VDWAALS    =     41024.0283
 EELEC  =   -365070.6702  EHBOND  =         0.0000  RESTRAINT  =         0.0000
 ------------------------------------------------------------------------------

wrapping first mol.:      -76.60132       54.16532       93.81709

 NSTEP =   500000   TIME(PS) =   11040.000  TEMP(K) =   309.85  PRESS =     0.0
 Etot   =   -238839.4609  EKtot   =     63096.0586  EPtot      =   -301935.5195
 BOND   =      2070.6875  ANGLE   =      2465.7743  DIHED      =      1415.4162
 UB     =         0.0000  IMP     =         0.0000  CMAP       =       207.4840
 1-4 NB =      1168.7462  1-4 EEL =     15269.0578  VDWAALS    =     40424.3633
 EELEC  =   -364957.0488  EHBOND  =         0.0000  RESTRAINT  =         0.0000
 ------------------------------------------------------------------------------

wrapping first mol.:      -76.60132       54.16532       93.81709

 NSTEP =   520000   TIME(PS) =   11080.000  TEMP(K) =   309.63  PRESS =     0.0
 Etot   =   -239114.5111  EKtot   =     63051.5117  EPtot      =   -302166.0228
 BOND   =      2101.0881  ANGLE   =      2460.6139  DIHED      =      1382.4417
 UB     =         0.0000  IMP     =         0.0000  CMAP       =       246.0706
 1-4 NB =      1169.4882  1-4 EEL =     15315.9580  VDWAALS    =     40773.5262
 EELEC  =   -365615.2095  EHBOND  =         0.0000  RESTRAINT  =         0.0000
 ------------------------------------------------------------------------------

wrapping first mol.:      -76.60132       54.16532       93.81709

 NSTEP =   540000   TIME(PS) =   11120.000  TEMP(K) =   310.31  PRESS =     0.0
 Etot   =   -238350.8589  EKtot   =     63190.8398  EPtot      =   -301541.6987
 BOND   =      2056.0588  ANGLE   =      2433.6491  DIHED      =      1416.7410
 UB     =         0.0000  IMP     =         0.0000  CMAP       =       217.2644
 1-4 NB =      1210.0439  1-4 EEL =     15351.3255  VDWAALS    =     41179.9188
 EELEC  =   -365406.7001  EHBOND  =         0.0000  RESTRAINT  =         0.0000
 ------------------------------------------------------------------------------

wrapping first mol.:       38.30067       54.16532       93.81709

 NSTEP =   560000   TIME(PS) =   11160.000  TEMP(K) =   309.43  PRESS =     0.0
 Etot   =   -238419.0583  EKtot   =     63010.1953  EPtot      =   -301429.2536
 BOND   =      2060.4717  ANGLE   =      2471.2050  DIHED      =      1401.3132
 UB     =         0.0000  IMP     =         0.0000  CMAP       =       227.2642
 1-4 NB =      1174.0920  1-4 EEL =     15402.5795  VDWAALS    =     40878.1797
 EELEC  =   -365044.3590  EHBOND  =         0.0000  RESTRAINT  =         0.0000
 ------------------------------------------------------------------------------

wrapping first mol.:       38.30067       54.16532       93.81709

 NSTEP =   580000   TIME(PS) =   11200.000  TEMP(K) =   309.71  PRESS =     0.0
 Etot   =   -238569.0083  EKtot   =     63067.3125  EPtot      =   -301636.3208
 BOND   =      2068.8203  ANGLE   =      2510.3385  DIHED      =      1412.2262
 UB     =         0.0000  IMP     =         0.0000  CMAP       =       220.0816
 1-4 NB =      1162.7774  1-4 EEL =     15427.2543  VDWAALS    =     40340.8405
 EELEC  =   -364778.6596  EHBOND  =         0.0000  RESTRAINT  =         0.0000
 ------------------------------------------------------------------------------

wrapping first mol.:       38.30067       54.16532       93.81709

 NSTEP =   600000   TIME(PS) =   11240.000  TEMP(K) =   309.73  PRESS =     0.0
 Etot   =   -238784.1769  EKtot   =     63073.0117  EPtot      =   -301857.1887
 BOND   =      2096.1409  ANGLE   =      2442.9105  DIHED      =      1374.0670
 UB     =         0.0000  IMP     =         0.0000  CMAP       =       223.4363
 1-4 NB =      1170.1052  1-4 EEL =     15418.8560  VDWAALS    =     40725.6400
 EELEC  =   -365308.3446  EHBOND  =         0.0000  RESTRAINT  =         0.0000
 ------------------------------------------------------------------------------

wrapping first mol.:       38.30067       54.16532       93.81709

 NSTEP =   620000   TIME(PS) =   11280.000  TEMP(K) =   309.91  PRESS =     0.0
 Etot   =   -238141.6826  EKtot   =     63107.9336  EPtot      =   -301249.6162
 BOND   =      2109.4407  ANGLE   =      2371.6040  DIHED      =      1450.3755
 UB     =         0.0000  IMP     =         0.0000  CMAP       =       230.3261
 1-4 NB =      1171.5635  1-4 EEL =     15416.6845  VDWAALS    =     40634.9511
 EELEC  =   -364634.5616  EHBOND  =         0.0000  RESTRAINT  =         0.0000
 ------------------------------------------------------------------------------

wrapping first mol.:       38.30067       54.16532       93.81709

 NSTEP =   640000   TIME(PS) =   11320.000  TEMP(K) =   311.40  PRESS =     0.0
 Etot   =   -238683.1050  EKtot   =     63413.0859  EPtot      =   -302096.1909
 BOND   =      2104.2066  ANGLE   =      2419.2871  DIHED      =      1483.0713
 UB     =         0.0000  IMP     =         0.0000  CMAP       =       214.6711
 1-4 NB =      1161.7058  1-4 EEL =     15421.0677  VDWAALS    =     40730.9582
 EELEC  =   -365631.1587  EHBOND  =         0.0000  RESTRAINT  =         0.0000
 ------------------------------------------------------------------------------

wrapping first mol.:      -76.60132       54.16532       93.81709

 NSTEP =   660000   TIME(PS) =   11360.000  TEMP(K) =   310.46  PRESS =     0.0
 Etot   =   -238190.3723  EKtot   =     63220.2773  EPtot      =   -301410.6496
 BOND   =      2095.6968  ANGLE   =      2404.3812  DIHED      =      1443.5946
 UB     =         0.0000  IMP     =         0.0000  CMAP       =       231.8162
 1-4 NB =      1187.2831  1-4 EEL =     15364.7395  VDWAALS    =     40616.5149
 EELEC  =   -364754.6760  EHBOND  =         0.0000  RESTRAINT  =         0.0000
 ------------------------------------------------------------------------------

wrapping first mol.:      -76.60132       54.16532       93.81709

 NSTEP =   680000   TIME(PS) =   11400.000  TEMP(K) =   308.85  PRESS =     0.0
 Etot   =   -238628.4701  EKtot   =     62892.6875  EPtot      =   -301521.1576
 BOND   =      2073.2262  ANGLE   =      2473.1109  DIHED      =      1399.8869
 UB     =         0.0000  IMP     =         0.0000  CMAP       =       234.6354
 1-4 NB =      1179.7301  1-4 EEL =     15371.4552  VDWAALS    =     40531.3965
 EELEC  =   -364784.5989  EHBOND  =         0.0000  RESTRAINT  =         0.0000
 ------------------------------------------------------------------------------

wrapping first mol.:       38.30067       54.16532       93.81709

 NSTEP =   700000   TIME(PS) =   11440.000  TEMP(K) =   308.80  PRESS =     0.0
 Etot   =   -239081.4780  EKtot   =     62881.6484  EPtot      =   -301963.1264
 BOND   =      2138.0085  ANGLE   =      2448.7527  DIHED      =      1364.2266
 UB     =         0.0000  IMP     =         0.0000  CMAP       =       246.2599
 1-4 NB =      1163.1590  1-4 EEL =     15394.0516  VDWAALS    =     40774.4963
 EELEC  =   -365492.0809  EHBOND  =         0.0000  RESTRAINT  =         0.0000
 ------------------------------------------------------------------------------

wrapping first mol.:       38.30067       54.16532       93.81709

 NSTEP =   720000   TIME(PS) =   11480.000  TEMP(K) =   310.19  PRESS =     0.0
 Etot   =   -238552.7844  EKtot   =     63165.6055  EPtot      =   -301718.3899
 BOND   =      2071.4584  ANGLE   =      2407.8134  DIHED      =      1381.3749
 UB     =         0.0000  IMP     =         0.0000  CMAP       =       214.6521
 1-4 NB =      1176.5741  1-4 EEL =     15447.2810  VDWAALS    =     40459.8085
 EELEC  =   -364877.3524  EHBOND  =         0.0000  RESTRAINT  =         0.0000
 ------------------------------------------------------------------------------

wrapping first mol.:       38.30067       54.16532       93.81709

 NSTEP =   740000   TIME(PS) =   11520.000  TEMP(K) =   309.50  PRESS =     0.0
 Etot   =   -238734.8123  EKtot   =     63025.1797  EPtot      =   -301759.9919
 BOND   =      2092.2500  ANGLE   =      2406.7407  DIHED      =      1375.6003
 UB     =         0.0000  IMP     =         0.0000  CMAP       =       217.5199
 1-4 NB =      1181.2765  1-4 EEL =     15306.0836  VDWAALS    =     40973.5032
 EELEC  =   -365312.9662  EHBOND  =         0.0000  RESTRAINT  =         0.0000
 ------------------------------------------------------------------------------

wrapping first mol.:       38.30067       54.16532       93.81709

 NSTEP =   760000   TIME(PS) =   11560.000  TEMP(K) =   310.49  PRESS =     0.0
 Etot   =   -238694.5545  EKtot   =     63226.9258  EPtot      =   -301921.4803
 BOND   =      2055.1134  ANGLE   =      2453.3325  DIHED      =      1395.7332
 UB     =         0.0000  IMP     =         0.0000  CMAP       =       221.4671
 1-4 NB =      1166.0766  1-4 EEL =     15415.8834  VDWAALS    =     41148.9355
 EELEC  =   -365778.0220  EHBOND  =         0.0000  RESTRAINT  =         0.0000
 ------------------------------------------------------------------------------

wrapping first mol.:       38.30067       54.16532       93.81709

 NSTEP =   780000   TIME(PS) =   11600.000  TEMP(K) =   309.97  PRESS =     0.0
 Etot   =   -238373.9102  EKtot   =     63121.5469  EPtot      =   -301495.4570
 BOND   =      2121.1693  ANGLE   =      2404.3001  DIHED      =      1450.2749
 UB     =         0.0000  IMP     =         0.0000  CMAP       =       210.8237
 1-4 NB =      1187.8186  1-4 EEL =     15408.3273  VDWAALS    =     40599.4911
 EELEC  =   -364877.6621  EHBOND  =         0.0000  RESTRAINT  =         0.0000
 ------------------------------------------------------------------------------

wrapping first mol.:       38.30067       54.16532       93.81709

 NSTEP =   800000   TIME(PS) =   11640.000  TEMP(K) =   309.52  PRESS =     0.0
 Etot   =   -238220.8000  EKtot   =     63030.2617  EPtot      =   -301251.0617
 BOND   =      2076.8370  ANGLE   =      2421.8921  DIHED      =      1437.9129
 UB     =         0.0000  IMP     =         0.0000  CMAP       =       211.1516
 1-4 NB =      1173.6860  1-4 EEL =     15359.9087  VDWAALS    =     40868.1796
 EELEC  =   -364800.6296  EHBOND  =         0.0000  RESTRAINT  =         0.0000
 ------------------------------------------------------------------------------

wrapping first mol.:       38.30067       54.16532       93.81709

 NSTEP =   820000   TIME(PS) =   11680.000  TEMP(K) =   308.84  PRESS =     0.0
 Etot   =   -238997.2884  EKtot   =     62891.0859  EPtot      =   -301888.3744
 BOND   =      2145.0145  ANGLE   =      2484.8090  DIHED      =      1428.6732
 UB     =         0.0000  IMP     =         0.0000  CMAP       =       208.1158
 1-4 NB =      1160.8230  1-4 EEL =     15386.7282  VDWAALS    =     40937.6680
 EELEC  =   -365640.2061  EHBOND  =         0.0000  RESTRAINT  =         0.0000
 ------------------------------------------------------------------------------

wrapping first mol.:       38.30067       54.16532       93.81709

 NSTEP =   840000   TIME(PS) =   11720.000  TEMP(K) =   309.96  PRESS =     0.0
 Etot   =   -238673.7891  EKtot   =     63119.5000  EPtot      =   -301793.2891
 BOND   =      2089.3730  ANGLE   =      2363.8303  DIHED      =      1400.0013
 UB     =         0.0000  IMP     =         0.0000  CMAP       =       225.7662
 1-4 NB =      1161.5299  1-4 EEL =     15283.5037  VDWAALS    =     40341.8534
 EELEC  =   -364659.1469  EHBOND  =         0.0000  RESTRAINT  =         0.0000
 ------------------------------------------------------------------------------

wrapping first mol.:       38.30067       54.16532       93.81709

 NSTEP =   860000   TIME(PS) =   11760.000  TEMP(K) =   310.44  PRESS =     0.0
 Etot   =   -238758.3740  EKtot   =     63216.2578  EPtot      =   -301974.6319
 BOND   =      2107.1393  ANGLE   =      2465.5964  DIHED      =      1422.8574
 UB     =         0.0000  IMP     =         0.0000  CMAP       =       213.4718
 1-4 NB =      1200.8558  1-4 EEL =     15332.6986  VDWAALS    =     41008.8820
 EELEC  =   -365726.1332  EHBOND  =         0.0000  RESTRAINT  =         0.0000
 ------------------------------------------------------------------------------

wrapping first mol.:      -76.60132       54.16532       93.81709

 NSTEP =   880000   TIME(PS) =   11800.000  TEMP(K) =   310.03  PRESS =     0.0
 Etot   =   -238441.7859  EKtot   =     63134.0508  EPtot      =   -301575.8367
 BOND   =      2065.3503  ANGLE   =      2462.0821  DIHED      =      1379.6257
 UB     =         0.0000  IMP     =         0.0000  CMAP       =       211.5857
 1-4 NB =      1182.8053  1-4 EEL =     15276.7822  VDWAALS    =     40793.9122
 EELEC  =   -364947.9802  EHBOND  =         0.0000  RESTRAINT  =         0.0000
 ------------------------------------------------------------------------------

wrapping first mol.:       38.30067       54.16532       93.81709

 NSTEP =   900000   TIME(PS) =   11840.000  TEMP(K) =   310.06  PRESS =     0.0
 Etot   =   -238570.1889  EKtot   =     63138.5078  EPtot      =   -301708.6967
 BOND   =      2031.9570  ANGLE   =      2397.4963  DIHED      =      1396.4392
 UB     =         0.0000  IMP     =         0.0000  CMAP       =       218.7682
 1-4 NB =      1181.3158  1-4 EEL =     15341.7745  VDWAALS    =     40498.7392
 EELEC  =   -364775.1869  EHBOND  =         0.0000  RESTRAINT  =         0.0000
 ------------------------------------------------------------------------------

wrapping first mol.:       38.30067       54.16532       93.81709

 NSTEP =   920000   TIME(PS) =   11880.000  TEMP(K) =   310.82  PRESS =     0.0
 Etot   =   -238033.7300  EKtot   =     63293.1562  EPtot      =   -301326.8863
 BOND   =      2065.8356  ANGLE   =      2415.3529  DIHED      =      1425.7579
 UB     =         0.0000  IMP     =         0.0000  CMAP       =       220.0568
 1-4 NB =      1194.0780  1-4 EEL =     15405.8927  VDWAALS    =     40231.5931
 EELEC  =   -364285.4532  EHBOND  =         0.0000  RESTRAINT  =         0.0000
 ------------------------------------------------------------------------------

wrapping first mol.:      -38.30066      -54.16531       93.81709

 NSTEP =   940000   TIME(PS) =   11920.000  TEMP(K) =   310.47  PRESS =     0.0
 Etot   =   -238682.2521  EKtot   =     63222.6367  EPtot      =   -301904.8888
 BOND   =      2125.7767  ANGLE   =      2408.4341  DIHED      =      1415.4651
 UB     =         0.0000  IMP     =         0.0000  CMAP       =       221.0836
 1-4 NB =      1179.0073  1-4 EEL =     15339.5313  VDWAALS    =     41104.1118
 EELEC  =   -365698.2986  EHBOND  =         0.0000  RESTRAINT  =         0.0000
 ------------------------------------------------------------------------------

wrapping first mol.:      -76.60132       54.16532       93.81709

 NSTEP =   960000   TIME(PS) =   11960.000  TEMP(K) =   310.97  PRESS =     0.0
 Etot   =   -238042.5375  EKtot   =     63323.6836  EPtot      =   -301366.2211
 BOND   =      2036.1272  ANGLE   =      2451.8638  DIHED      =      1407.4727
 UB     =         0.0000  IMP     =         0.0000  CMAP       =       221.2132
 1-4 NB =      1187.8136  1-4 EEL =     15313.2294  VDWAALS    =     41297.5197
 EELEC  =   -365281.4607  EHBOND  =         0.0000  RESTRAINT  =         0.0000
 ------------------------------------------------------------------------------

wrapping first mol.:      -38.30066      -54.16531       93.81709

 NSTEP =   980000   TIME(PS) =   12000.000  TEMP(K) =   307.64  PRESS =     0.0
 Etot   =   -239576.8870  EKtot   =     62646.8906  EPtot      =   -302223.7776
 BOND   =      2020.9675  ANGLE   =      2483.4459  DIHED      =      1416.0119
 UB     =         0.0000  IMP     =         0.0000  CMAP       =       245.2684
 1-4 NB =      1182.1352  1-4 EEL =     15348.8129  VDWAALS    =     41094.9576
 EELEC  =   -366015.3771  EHBOND  =         0.0000  RESTRAINT  =         0.0000
 ------------------------------------------------------------------------------

wrapping first mol.:      -38.30066      -54.16531       93.81709

 NSTEP =  1000000   TIME(PS) =   12040.000  TEMP(K) =   309.66  PRESS =     0.0
 Etot   =   -238561.1866  EKtot   =     63056.7969  EPtot      =   -301617.9835
 BOND   =      2121.8269  ANGLE   =      2391.3047  DIHED      =      1405.8496
 UB     =         0.0000  IMP     =         0.0000  CMAP       =       218.6627
 1-4 NB =      1166.3924  1-4 EEL =     15389.9173  VDWAALS    =     40528.3129
 EELEC  =   -364840.2500  EHBOND  =         0.0000  RESTRAINT  =         0.0000
 ------------------------------------------------------------------------------

wrapping first mol.:      -38.30066      -54.16531       93.81709

 NSTEP =  1020000   TIME(PS) =   12080.000  TEMP(K) =   309.89  PRESS =     0.0
 Etot   =   -238623.8916  EKtot   =     63103.8711  EPtot      =   -301727.7627
 BOND   =      2123.2442  ANGLE   =      2427.8617  DIHED      =      1406.7954
 UB     =         0.0000  IMP     =         0.0000  CMAP       =       223.9377
 1-4 NB =      1170.8864  1-4 EEL =     15358.8123  VDWAALS    =     40452.8525
 EELEC  =   -364892.1527  EHBOND  =         0.0000  RESTRAINT  =         0.0000
 ------------------------------------------------------------------------------

wrapping first mol.:      -38.30066      -54.16531       93.81709

 NSTEP =  1040000   TIME(PS) =   12120.000  TEMP(K) =   310.39  PRESS =     0.0
 Etot   =   -237785.7360  EKtot   =     63205.7617  EPtot      =   -300991.4977
 BOND   =      2128.8499  ANGLE   =      2396.9717  DIHED      =      1395.0225
 UB     =         0.0000  IMP     =         0.0000  CMAP       =       235.8862
 1-4 NB =      1182.8208  1-4 EEL =     15348.6218  VDWAALS    =     40764.2342
 EELEC  =   -364443.9048  EHBOND  =         0.0000  RESTRAINT  =         0.0000
 ------------------------------------------------------------------------------

wrapping first mol.:      -38.30066      -54.16531       93.81709

 NSTEP =  1060000   TIME(PS) =   12160.000  TEMP(K) =   310.37  PRESS =     0.0
 Etot   =   -238464.0850  EKtot   =     63203.2539  EPtot      =   -301667.3389
 BOND   =      2082.8283  ANGLE   =      2441.0230  DIHED      =      1419.7846
 UB     =         0.0000  IMP     =         0.0000  CMAP       =       209.8900
 1-4 NB =      1159.9629  1-4 EEL =     15382.4835  VDWAALS    =     40836.0507
 EELEC  =   -365199.3618  EHBOND  =         0.0000  RESTRAINT  =         0.0000
 ------------------------------------------------------------------------------

wrapping first mol.:      -38.30066      -54.16531       93.81709

 NSTEP =  1080000   TIME(PS) =   12200.000  TEMP(K) =   310.19  PRESS =     0.0
 Etot   =   -238770.6737  EKtot   =     63164.7227  EPtot      =   -301935.3964
 BOND   =      2124.0980  ANGLE   =      2450.0603  DIHED      =      1410.2165
 UB     =         0.0000  IMP     =         0.0000  CMAP       =       230.7492
 1-4 NB =      1202.5657  1-4 EEL =     15382.7154  VDWAALS    =     40460.9251
 EELEC  =   -365196.7266  EHBOND  =         0.0000  RESTRAINT  =         0.0000
 ------------------------------------------------------------------------------

wrapping first mol.:      -38.30066      -54.16531       93.81709

 NSTEP =  1100000   TIME(PS) =   12240.000  TEMP(K) =   309.00  PRESS =     0.0
 Etot   =   -239198.0946  EKtot   =     62922.8125  EPtot      =   -302120.9071
 BOND   =      2126.4147  ANGLE   =      2437.9825  DIHED      =      1378.6776
 UB     =         0.0000  IMP     =         0.0000  CMAP       =       241.7579
 1-4 NB =      1192.7340  1-4 EEL =     15396.5492  VDWAALS    =     41020.3745
 EELEC  =   -365915.3976  EHBOND  =         0.0000  RESTRAINT  =         0.0000
 ------------------------------------------------------------------------------

wrapping first mol.:      -38.30066      -54.16531       93.81709

 NSTEP =  1120000   TIME(PS) =   12280.000  TEMP(K) =   308.48  PRESS =     0.0
 Etot   =   -239348.1730  EKtot   =     62816.6133  EPtot      =   -302164.7863
 BOND   =      2058.6993  ANGLE   =      2442.0072  DIHED      =      1413.3052
 UB     =         0.0000  IMP     =         0.0000  CMAP       =       235.9457
 1-4 NB =      1192.5189  1-4 EEL =     15347.2106  VDWAALS    =     40809.4212
 EELEC  =   -365663.8946  EHBOND  =         0.0000  RESTRAINT  =         0.0000
 ------------------------------------------------------------------------------

wrapping first mol.:      -38.30066      -54.16531       93.81709

 NSTEP =  1140000   TIME(PS) =   12320.000  TEMP(K) =   309.42  PRESS =     0.0
 Etot   =   -238160.0132  EKtot   =     63009.2070  EPtot      =   -301169.2202
 BOND   =      2109.3790  ANGLE   =      2396.6032  DIHED      =      1422.4816
 UB     =         0.0000  IMP     =         0.0000  CMAP       =       236.2704
 1-4 NB =      1190.7745  1-4 EEL =     15302.1537  VDWAALS    =     40708.6284
 EELEC  =   -364535.5110  EHBOND  =         0.0000  RESTRAINT  =         0.0000
 ------------------------------------------------------------------------------

wrapping first mol.:      -38.30066      -54.16531       93.81709

 NSTEP =  1160000   TIME(PS) =   12360.000  TEMP(K) =   309.52  PRESS =     0.0
 Etot   =   -238553.2162  EKtot   =     63028.9102  EPtot      =   -301582.1264
 BOND   =      2040.4962  ANGLE   =      2465.8273  DIHED      =      1414.1075
 UB     =         0.0000  IMP     =         0.0000  CMAP       =       241.5975
 1-4 NB =      1205.6279  1-4 EEL =     15393.8147  VDWAALS    =     40489.6199
 EELEC  =   -364833.2174  EHBOND  =         0.0000  RESTRAINT  =         0.0000
 ------------------------------------------------------------------------------

wrapping first mol.:      -38.30066      -54.16531       93.81709

 NSTEP =  1180000   TIME(PS) =   12400.000  TEMP(K) =   310.08  PRESS =     0.0
 Etot   =   -238205.3713  EKtot   =     63143.6953  EPtot      =   -301349.0666
 BOND   =      2098.2156  ANGLE   =      2377.6834  DIHED      =      1405.7835
 UB     =         0.0000  IMP     =         0.0000  CMAP       =       225.9695
 1-4 NB =      1195.1575  1-4 EEL =     15376.5644  VDWAALS    =     40621.6650
 EELEC  =   -364650.1054  EHBOND  =         0.0000  RESTRAINT  =         0.0000
 ------------------------------------------------------------------------------

wrapping first mol.:      -38.30066      -54.16531       93.81709

 NSTEP =  1200000   TIME(PS) =   12440.000  TEMP(K) =   310.35  PRESS =     0.0
 Etot   =   -238282.2395  EKtot   =     63198.3672  EPtot      =   -301480.6067
 BOND   =      2118.8465  ANGLE   =      2497.2195  DIHED      =      1411.1476
 UB     =         0.0000  IMP     =         0.0000  CMAP       =       242.8804
 1-4 NB =      1175.3672  1-4 EEL =     15438.0156  VDWAALS    =     40801.8195
 EELEC  =   -365165.9031  EHBOND  =         0.0000  RESTRAINT  =         0.0000
 ------------------------------------------------------------------------------

wrapping first mol.:      -38.30066      -54.16531       93.81709

 NSTEP =  1220000   TIME(PS) =   12480.000  TEMP(K) =   310.52  PRESS =     0.0
 Etot   =   -238157.3349  EKtot   =     63233.4492  EPtot      =   -301390.7841
 BOND   =      2115.2258  ANGLE   =      2485.8973  DIHED      =      1428.8263
 UB     =         0.0000  IMP     =         0.0000  CMAP       =       229.4293
 1-4 NB =      1184.8010  1-4 EEL =     15378.1442  VDWAALS    =     41297.2512
 EELEC  =   -365510.3592  EHBOND  =         0.0000  RESTRAINT  =         0.0000
 ------------------------------------------------------------------------------

wrapping first mol.:      -38.30066      -54.16531       93.81709

 NSTEP =  1240000   TIME(PS) =   12520.000  TEMP(K) =   311.79  PRESS =     0.0
 Etot   =   -238169.9594  EKtot   =     63491.5039  EPtot      =   -301661.4634
 BOND   =      2150.9277  ANGLE   =      2356.7512  DIHED      =      1411.5764
 UB     =         0.0000  IMP     =         0.0000  CMAP       =       237.1667
 1-4 NB =      1179.5587  1-4 EEL =     15423.8557  VDWAALS    =     41030.1257
 EELEC  =   -365451.4255  EHBOND  =         0.0000  RESTRAINT  =         0.0000
 ------------------------------------------------------------------------------

wrapping first mol.:      -38.30066      -54.16531       93.81709

 NSTEP =  1260000   TIME(PS) =   12560.000  TEMP(K) =   309.15  PRESS =     0.0
 Etot   =   -238823.3675  EKtot   =     62953.7695  EPtot      =   -301777.1370
 BOND   =      2112.4647  ANGLE   =      2406.8826  DIHED      =      1383.2866
 UB     =         0.0000  IMP     =         0.0000  CMAP       =       232.3480
 1-4 NB =      1206.2551  1-4 EEL =     15368.8557  VDWAALS    =     41041.7047
 EELEC  =   -365528.9343  EHBOND  =         0.0000  RESTRAINT  =         0.0000
 ------------------------------------------------------------------------------

wrapping first mol.:      -38.30066      -54.16531       93.81709

 NSTEP =  1280000   TIME(PS) =   12600.000  TEMP(K) =   309.92  PRESS =     0.0
 Etot   =   -238775.0946  EKtot   =     63111.2305  EPtot      =   -301886.3251
 BOND   =      2103.4846  ANGLE   =      2473.6385  DIHED      =      1397.7430
 UB     =         0.0000  IMP     =         0.0000  CMAP       =       239.4715
 1-4 NB =      1176.3470  1-4 EEL =     15434.1935  VDWAALS    =     41113.9170
 EELEC  =   -365825.1203  EHBOND  =         0.0000  RESTRAINT  =         0.0000
 ------------------------------------------------------------------------------

wrapping first mol.:      -38.30066      -54.16531       93.81709

 NSTEP =  1300000   TIME(PS) =   12640.000  TEMP(K) =   308.86  PRESS =     0.0
 Etot   =   -238536.1331  EKtot   =     62895.8164  EPtot      =   -301431.9495
 BOND   =      2113.6914  ANGLE   =      2445.6826  DIHED      =      1412.6031
 UB     =         0.0000  IMP     =         0.0000  CMAP       =       237.7268
 1-4 NB =      1175.5665  1-4 EEL =     15373.5046  VDWAALS    =     40615.7789
 EELEC  =   -364806.5034  EHBOND  =         0.0000  RESTRAINT  =         0.0000
 ------------------------------------------------------------------------------

wrapping first mol.:      -38.30066      -54.16531       93.81709

 NSTEP =  1320000   TIME(PS) =   12680.000  TEMP(K) =   309.47  PRESS =     0.0
 Etot   =   -239120.0056  EKtot   =     63019.6289  EPtot      =   -302139.6345
 BOND   =      2093.9034  ANGLE   =      2380.7395  DIHED      =      1393.1880
 UB     =         0.0000  IMP     =         0.0000  CMAP       =       234.7185
 1-4 NB =      1171.4442  1-4 EEL =     15380.3645  VDWAALS    =     40398.8607
 EELEC  =   -365192.8532  EHBOND  =         0.0000  RESTRAINT  =         0.0000
 ------------------------------------------------------------------------------

wrapping first mol.:      -38.30066      -54.16531       93.81709

 NSTEP =  1340000   TIME(PS) =   12720.000  TEMP(K) =   312.07  PRESS =     0.0
 Etot   =   -238393.9020  EKtot   =     63549.4531  EPtot      =   -301943.3551
 BOND   =      2074.6448  ANGLE   =      2427.0202  DIHED      =      1451.9234
 UB     =         0.0000  IMP     =         0.0000  CMAP       =       231.7917
 1-4 NB =      1187.7520  1-4 EEL =     15322.3877  VDWAALS    =     41020.4053
 EELEC  =   -365659.2802  EHBOND  =         0.0000  RESTRAINT  =         0.0000
 ------------------------------------------------------------------------------

wrapping first mol.:      -38.30066      -54.16531       93.81709

 NSTEP =  1360000   TIME(PS) =   12760.000  TEMP(K) =   311.47  PRESS =     0.0
 Etot   =   -238343.6532  EKtot   =     63425.5625  EPtot      =   -301769.2157
 BOND   =      2105.2404  ANGLE   =      2445.0788  DIHED      =      1414.7446
 UB     =         0.0000  IMP     =         0.0000  CMAP       =       232.5608
 1-4 NB =      1185.3108  1-4 EEL =     15290.9845  VDWAALS    =     40255.3875
 EELEC  =   -364698.5229  EHBOND  =         0.0000  RESTRAINT  =         0.0000
 ------------------------------------------------------------------------------

wrapping first mol.:      -38.30066      -54.16531       93.81709

 NSTEP =  1380000   TIME(PS) =   12800.000  TEMP(K) =   309.84  PRESS =     0.0
 Etot   =   -238398.5351  EKtot   =     63095.3906  EPtot      =   -301493.9257
 BOND   =      2072.9106  ANGLE   =      2434.1370  DIHED      =      1426.0753
 UB     =         0.0000  IMP     =         0.0000  CMAP       =       234.5821
 1-4 NB =      1193.8508  1-4 EEL =     15295.4540  VDWAALS    =     40789.1533
 EELEC  =   -364940.0887  EHBOND  =         0.0000  RESTRAINT  =         0.0000
 ------------------------------------------------------------------------------

wrapping first mol.:      -38.30066      -54.16531       93.81709

 NSTEP =  1400000   TIME(PS) =   12840.000  TEMP(K) =   310.58  PRESS =     0.0
 Etot   =   -238266.4948  EKtot   =     63245.2773  EPtot      =   -301511.7721
 BOND   =      2088.2592  ANGLE   =      2395.2626  DIHED      =      1410.8052
 UB     =         0.0000  IMP     =         0.0000  CMAP       =       236.3770
 1-4 NB =      1177.9642  1-4 EEL =     15324.2280  VDWAALS    =     40712.9796
 EELEC  =   -364857.6479  EHBOND  =         0.0000  RESTRAINT  =         0.0000
 ------------------------------------------------------------------------------

wrapping first mol.:      -38.30066      -54.16531       93.81709

 NSTEP =  1420000   TIME(PS) =   12880.000  TEMP(K) =   310.36  PRESS =     0.0
 Etot   =   -238221.1417  EKtot   =     63201.1953  EPtot      =   -301422.3370
 BOND   =      2075.0581  ANGLE   =      2433.3842  DIHED      =      1380.3655
 UB     =         0.0000  IMP     =         0.0000  CMAP       =       261.7069
 1-4 NB =      1164.4644  1-4 EEL =     15253.4069  VDWAALS    =     41068.0937
 EELEC  =   -365058.8166  EHBOND  =         0.0000  RESTRAINT  =         0.0000
 ------------------------------------------------------------------------------

wrapping first mol.:      -38.30066      -54.16531       93.81709

 NSTEP =  1440000   TIME(PS) =   12920.000  TEMP(K) =   310.28  PRESS =     0.0
 Etot   =   -238777.1422  EKtot   =     63183.8047  EPtot      =   -301960.9469
 BOND   =      2046.1122  ANGLE   =      2389.4120  DIHED      =      1406.9335
 UB     =         0.0000  IMP     =         0.0000  CMAP       =       222.7799
 1-4 NB =      1200.2637  1-4 EEL =     15296.5990  VDWAALS    =     40422.4117
 EELEC  =   -364945.4588  EHBOND  =         0.0000  RESTRAINT  =         0.0000
 ------------------------------------------------------------------------------

wrapping first mol.:      -38.30066      -54.16531       93.81709

 NSTEP =  1460000   TIME(PS) =   12960.000  TEMP(K) =   311.46  PRESS =     0.0
 Etot   =   -237792.3364  EKtot   =     63423.3555  EPtot      =   -301215.6919
 BOND   =      2137.5600  ANGLE   =      2500.7044  DIHED      =      1389.8271
 UB     =         0.0000  IMP     =         0.0000  CMAP       =       241.3589
 1-4 NB =      1146.9584  1-4 EEL =     15230.8865  VDWAALS    =     40298.7408
 EELEC  =   -364161.7280  EHBOND  =         0.0000  RESTRAINT  =         0.0000
 ------------------------------------------------------------------------------

wrapping first mol.:      -38.30066      -54.16531       93.81709

 NSTEP =  1480000   TIME(PS) =   13000.000  TEMP(K) =   308.69  PRESS =     0.0
 Etot   =   -238801.8077  EKtot   =     62861.1289  EPtot      =   -301662.9366
 BOND   =      2091.9160  ANGLE   =      2464.6308  DIHED      =      1364.0158
 UB     =         0.0000  IMP     =         0.0000  CMAP       =       252.9638
 1-4 NB =      1168.5396  1-4 EEL =     15314.7166  VDWAALS    =     40880.0424
 EELEC  =   -365199.7617  EHBOND  =         0.0000  RESTRAINT  =         0.0000
 ------------------------------------------------------------------------------

wrapping first mol.:      -38.30066      -54.16531       93.81709

 NSTEP =  1500000   TIME(PS) =   13040.000  TEMP(K) =   308.68  PRESS =     0.0
 Etot   =   -238546.4639  EKtot   =     62858.6680  EPtot      =   -301405.1319
 BOND   =      2142.4490  ANGLE   =      2392.5134  DIHED      =      1402.6120
 UB     =         0.0000  IMP     =         0.0000  CMAP       =       222.7762
 1-4 NB =      1165.8497  1-4 EEL =     15291.9737  VDWAALS    =     41016.8382
 EELEC  =   -365040.1441  EHBOND  =         0.0000  RESTRAINT  =         0.0000
 ------------------------------------------------------------------------------

wrapping first mol.:      -38.30066      -54.16531       93.81709

 NSTEP =  1520000   TIME(PS) =   13080.000  TEMP(K) =   311.78  PRESS =     0.0
 Etot   =   -238008.3023  EKtot   =     63489.6406  EPtot      =   -301497.9429
 BOND   =      2064.3338  ANGLE   =      2402.0818  DIHED      =      1413.8397
 UB     =         0.0000  IMP     =         0.0000  CMAP       =       223.5024
 1-4 NB =      1151.2764  1-4 EEL =     15242.4283  VDWAALS    =     40393.9549
 EELEC  =   -364389.3603  EHBOND  =         0.0000  RESTRAINT  =         0.0000
 ------------------------------------------------------------------------------

wrapping first mol.:      -38.30066      -54.16531       93.81709

 NSTEP =  1540000   TIME(PS) =   13120.000  TEMP(K) =   310.52  PRESS =     0.0
 Etot   =   -238536.5350  EKtot   =     63233.5391  EPtot      =   -301770.0741
 BOND   =      2073.3019  ANGLE   =      2413.5226  DIHED      =      1396.4660
 UB     =         0.0000  IMP     =         0.0000  CMAP       =       233.5621
 1-4 NB =      1161.8883  1-4 EEL =     15347.3111  VDWAALS    =     41161.6531
 EELEC  =   -365557.7791  EHBOND  =         0.0000  RESTRAINT  =         0.0000
 ------------------------------------------------------------------------------

wrapping first mol.:      -38.30066      -54.16531       93.81709

 NSTEP =  1560000   TIME(PS) =   13160.000  TEMP(K) =   310.60  PRESS =     0.0
 Etot   =   -238599.4069  EKtot   =     63248.8945  EPtot      =   -301848.3014
 BOND   =      2087.0586  ANGLE   =      2491.7174  DIHED      =      1384.7679
 UB     =         0.0000  IMP     =         0.0000  CMAP       =       220.1302
 1-4 NB =      1193.4047  1-4 EEL =     15278.5581  VDWAALS    =     40895.4595
 EELEC  =   -365399.3979  EHBOND  =         0.0000  RESTRAINT  =         0.0000
 ------------------------------------------------------------------------------

wrapping first mol.:      -38.30066      -54.16531       93.81709

 NSTEP =  1580000   TIME(PS) =   13200.000  TEMP(K) =   309.95  PRESS =     0.0
 Etot   =   -238171.0809  EKtot   =     63117.2812  EPtot      =   -301288.3622
 BOND   =      2080.9470  ANGLE   =      2411.1221  DIHED      =      1410.4522
 UB     =         0.0000  IMP     =         0.0000  CMAP       =       232.3460
 1-4 NB =      1182.7138  1-4 EEL =     15483.2699  VDWAALS    =     39753.1059
 EELEC  =   -363842.3191  EHBOND  =         0.0000  RESTRAINT  =         0.0000
 ------------------------------------------------------------------------------

wrapping first mol.:      -38.30066      -54.16531       93.81709

 NSTEP =  1600000   TIME(PS) =   13240.000  TEMP(K) =   310.65  PRESS =     0.0
 Etot   =   -238598.0574  EKtot   =     63260.0078  EPtot      =   -301858.0653
 BOND   =      2143.7959  ANGLE   =      2349.7531  DIHED      =      1409.1888
 UB     =         0.0000  IMP     =         0.0000  CMAP       =       225.1579
 1-4 NB =      1183.2779  1-4 EEL =     15430.1632  VDWAALS    =     40669.8500
 EELEC  =   -365269.2522  EHBOND  =         0.0000  RESTRAINT  =         0.0000
 ------------------------------------------------------------------------------

wrapping first mol.:      -38.30066      -54.16531       93.81709

 NSTEP =  1620000   TIME(PS) =   13280.000  TEMP(K) =   311.22  PRESS =     0.0
 Etot   =   -238816.9930  EKtot   =     63375.1797  EPtot      =   -302192.1727
 BOND   =      2042.3363  ANGLE   =      2407.0053  DIHED      =      1410.4086
 UB     =         0.0000  IMP     =         0.0000  CMAP       =       248.7468
 1-4 NB =      1181.1813  1-4 EEL =     15414.9450  VDWAALS    =     40568.4227
 EELEC  =   -365465.2188  EHBOND  =         0.0000  RESTRAINT  =         0.0000
 ------------------------------------------------------------------------------

wrapping first mol.:      -38.30066      -54.16531       93.81709

 NSTEP =  1640000   TIME(PS) =   13320.000  TEMP(K) =   311.23  PRESS =     0.0
 Etot   =   -238366.7782  EKtot   =     63377.0625  EPtot      =   -301743.8407
 BOND   =      2050.1172  ANGLE   =      2466.8205  DIHED      =      1409.7087
 UB     =         0.0000  IMP     =         0.0000  CMAP       =       256.4752
 1-4 NB =      1178.0261  1-4 EEL =     15379.7576  VDWAALS    =     40791.6445
 EELEC  =   -365276.3905  EHBOND  =         0.0000  RESTRAINT  =         0.0000
 ------------------------------------------------------------------------------

wrapping first mol.:      -38.30066      -54.16531       93.81709

 NSTEP =  1660000   TIME(PS) =   13360.000  TEMP(K) =   310.84  PRESS =     0.0
 Etot   =   -238399.3131  EKtot   =     63297.8633  EPtot      =   -301697.1764
 BOND   =      2087.1749  ANGLE   =      2447.7915  DIHED      =      1440.7890
 UB     =         0.0000  IMP     =         0.0000  CMAP       =       243.1349
 1-4 NB =      1166.7982  1-4 EEL =     15430.0670  VDWAALS    =     40446.4324
 EELEC  =   -364959.3642  EHBOND  =         0.0000  RESTRAINT  =         0.0000
 ------------------------------------------------------------------------------

wrapping first mol.:      -38.30066      -54.16531       93.81709

 NSTEP =  1680000   TIME(PS) =   13400.000  TEMP(K) =   307.54  PRESS =     0.0
 Etot   =   -238844.3266  EKtot   =     62625.2969  EPtot      =   -301469.6235
 BOND   =      2137.1413  ANGLE   =      2420.2746  DIHED      =      1453.4907
 UB     =         0.0000  IMP     =         0.0000  CMAP       =       245.5363
 1-4 NB =      1182.2642  1-4 EEL =     15403.8883  VDWAALS    =     41134.9596
 EELEC  =   -365447.1785  EHBOND  =         0.0000  RESTRAINT  =         0.0000
 ------------------------------------------------------------------------------

wrapping first mol.:      -38.30066      -54.16531       93.81709

 NSTEP =  1700000   TIME(PS) =   13440.000  TEMP(K) =   311.81  PRESS =     0.0
 Etot   =   -238488.8060  EKtot   =     63494.6172  EPtot      =   -301983.4232
 BOND   =      2123.2446  ANGLE   =      2396.0722  DIHED      =      1410.4812
 UB     =         0.0000  IMP     =         0.0000  CMAP       =       234.9927
 1-4 NB =      1193.1780  1-4 EEL =     15388.7555  VDWAALS    =     40849.1009
 EELEC  =   -365579.2482  EHBOND  =         0.0000  RESTRAINT  =         0.0000
 ------------------------------------------------------------------------------

wrapping first mol.:      -38.30066      -54.16531       93.81709

 NSTEP =  1720000   TIME(PS) =   13480.000  TEMP(K) =   311.09  PRESS =     0.0
 Etot   =   -238525.7945  EKtot   =     63349.4648  EPtot      =   -301875.2594
 BOND   =      2125.0352  ANGLE   =      2358.6603  DIHED      =      1408.9165
 UB     =         0.0000  IMP     =         0.0000  CMAP       =       236.9004
 1-4 NB =      1186.5368  1-4 EEL =     15347.7685  VDWAALS    =     40674.3802
 EELEC  =   -365213.4573  EHBOND  =         0.0000  RESTRAINT  =         0.0000
 ------------------------------------------------------------------------------

wrapping first mol.:      -38.30066      -54.16531       93.81709

 NSTEP =  1740000   TIME(PS) =   13520.000  TEMP(K) =   311.53  PRESS =     0.0
 Etot   =   -237845.0022  EKtot   =     63437.9297  EPtot      =   -301282.9318
 BOND   =      2122.4507  ANGLE   =      2413.5739  DIHED      =      1404.2655
 UB     =         0.0000  IMP     =         0.0000  CMAP       =       232.8376
 1-4 NB =      1164.1458  1-4 EEL =     15276.0549  VDWAALS    =     40437.8783
 EELEC  =   -364334.1384  EHBOND  =         0.0000  RESTRAINT  =         0.0000
 ------------------------------------------------------------------------------

wrapping first mol.:      -38.30066      -54.16531       93.81709

 NSTEP =  1760000   TIME(PS) =   13560.000  TEMP(K) =   309.71  PRESS =     0.0
 Etot   =   -238585.3015  EKtot   =     63068.9258  EPtot      =   -301654.2273
 BOND   =      2084.9373  ANGLE   =      2423.4111  DIHED      =      1384.1203
 UB     =         0.0000  IMP     =         0.0000  CMAP       =       219.4830
 1-4 NB =      1184.5137  1-4 EEL =     15368.2069  VDWAALS    =     40544.0082
 EELEC  =   -364862.9079  EHBOND  =         0.0000  RESTRAINT  =         0.0000
 ------------------------------------------------------------------------------

wrapping first mol.:      -38.30066      -54.16531       93.81709

 NSTEP =  1780000   TIME(PS) =   13600.000  TEMP(K) =   310.28  PRESS =     0.0
 Etot   =   -238108.4435  EKtot   =     63183.7344  EPtot      =   -301292.1779
 BOND   =      2108.8279  ANGLE   =      2382.8101  DIHED      =      1422.2940
 UB     =         0.0000  IMP     =         0.0000  CMAP       =       230.9595
 1-4 NB =      1142.1360  1-4 EEL =     15308.4771  VDWAALS    =     40756.7566
 EELEC  =   -364644.4391  EHBOND  =         0.0000  RESTRAINT  =         0.0000
 ------------------------------------------------------------------------------

wrapping first mol.:      -38.30066      -54.16531       93.81709

 NSTEP =  1800000   TIME(PS) =   13640.000  TEMP(K) =   311.01  PRESS =     0.0
 Etot   =   -238291.6610  EKtot   =     63331.7461  EPtot      =   -301623.4071
 BOND   =      2054.2852  ANGLE   =      2355.8315  DIHED      =      1408.3173
 UB     =         0.0000  IMP     =         0.0000  CMAP       =       201.7116
 1-4 NB =      1202.1821  1-4 EEL =     15386.5714  VDWAALS    =     40610.8297
 EELEC  =   -364843.1360  EHBOND  =         0.0000  RESTRAINT  =         0.0000
 ------------------------------------------------------------------------------

wrapping first mol.:      -38.30066      -54.16531       93.81709

 NSTEP =  1820000   TIME(PS) =   13680.000  TEMP(K) =   308.46  PRESS =     0.0
 Etot   =   -238373.6194  EKtot   =     62812.5820  EPtot      =   -301186.2015
 BOND   =      2101.1060  ANGLE   =      2454.0401  DIHED      =      1399.1950
 UB     =         0.0000  IMP     =         0.0000  CMAP       =       244.4621
 1-4 NB =      1158.8170  1-4 EEL =     15436.2092  VDWAALS    =     40678.6671
 EELEC  =   -364658.6982  EHBOND  =         0.0000  RESTRAINT  =         0.0000
 ------------------------------------------------------------------------------

wrapping first mol.:      -38.30066      -54.16531       93.81709

 NSTEP =  1840000   TIME(PS) =   13720.000  TEMP(K) =   309.95  PRESS =     0.0
 Etot   =   -238604.2431  EKtot   =     63116.5781  EPtot      =   -301720.8213
 BOND   =      2066.3110  ANGLE   =      2359.3811  DIHED      =      1441.9592
 UB     =         0.0000  IMP     =         0.0000  CMAP       =       237.3596
 1-4 NB =      1170.6573  1-4 EEL =     15399.6575  VDWAALS    =     40666.1249
 EELEC  =   -365062.2720  EHBOND  =         0.0000  RESTRAINT  =         0.0000
 ------------------------------------------------------------------------------

wrapping first mol.:      -38.30066      -54.16531       93.81709

 NSTEP =  1860000   TIME(PS) =   13760.000  TEMP(K) =   311.65  PRESS =     0.0
 Etot   =   -238707.8309  EKtot   =     63463.2500  EPtot      =   -302171.0809
 BOND   =      2096.9482  ANGLE   =      2501.7720  DIHED      =      1407.7165
 UB     =         0.0000  IMP     =         0.0000  CMAP       =       246.3356
 1-4 NB =      1176.1776  1-4 EEL =     15359.3071  VDWAALS    =     41348.4776
 EELEC  =   -366307.8155  EHBOND  =         0.0000  RESTRAINT  =         0.0000
 ------------------------------------------------------------------------------

wrapping first mol.:      -38.30066      -54.16531       93.81709

 NSTEP =  1880000   TIME(PS) =   13800.000  TEMP(K) =   309.69  PRESS =     0.0
 Etot   =   -239143.7942  EKtot   =     63064.7188  EPtot      =   -302208.5130
 BOND   =      2079.2432  ANGLE   =      2429.0339  DIHED      =      1465.6593
 UB     =         0.0000  IMP     =         0.0000  CMAP       =       229.4175
 1-4 NB =      1191.9039  1-4 EEL =     15453.0240  VDWAALS    =     40838.9305
 EELEC  =   -365895.7253  EHBOND  =         0.0000  RESTRAINT  =         0.0000
 ------------------------------------------------------------------------------

wrapping first mol.:      -38.30066      -54.16531       93.81709

 NSTEP =  1900000   TIME(PS) =   13840.000  TEMP(K) =   310.34  PRESS =     0.0
 Etot   =   -238666.6709  EKtot   =     63197.0625  EPtot      =   -301863.7334
 BOND   =      2066.7994  ANGLE   =      2406.0758  DIHED      =      1405.2413
 UB     =         0.0000  IMP     =         0.0000  CMAP       =       226.0156
 1-4 NB =      1184.5586  1-4 EEL =     15419.9743  VDWAALS    =     40692.2253
 EELEC  =   -365264.6236  EHBOND  =         0.0000  RESTRAINT  =         0.0000
 ------------------------------------------------------------------------------

wrapping first mol.:      -38.30066      -54.16531       93.81709

 NSTEP =  1920000   TIME(PS) =   13880.000  TEMP(K) =   310.21  PRESS =     0.0
 Etot   =   -237911.9105  EKtot   =     63170.2695  EPtot      =   -301082.1801
 BOND   =      2076.1432  ANGLE   =      2440.8027  DIHED      =      1403.7308
 UB     =         0.0000  IMP     =         0.0000  CMAP       =       243.4408
 1-4 NB =      1171.8136  1-4 EEL =     15451.2588  VDWAALS    =     40896.5554
 EELEC  =   -364765.9255  EHBOND  =         0.0000  RESTRAINT  =         0.0000
 ------------------------------------------------------------------------------

wrapping first mol.:      -38.30066      -54.16531       93.81709

 NSTEP =  1940000   TIME(PS) =   13920.000  TEMP(K) =   309.52  PRESS =     0.0
 Etot   =   -238913.8416  EKtot   =     63029.9258  EPtot      =   -301943.7673
 BOND   =      2118.4315  ANGLE   =      2406.7770  DIHED      =      1403.5256
 UB     =         0.0000  IMP     =         0.0000  CMAP       =       232.8495
 1-4 NB =      1188.7001  1-4 EEL =     15454.7755  VDWAALS    =     40754.4652
 EELEC  =   -365503.2919  EHBOND  =         0.0000  RESTRAINT  =         0.0000
 ------------------------------------------------------------------------------

wrapping first mol.:      -38.30066      -54.16531       93.81709

 NSTEP =  1960000   TIME(PS) =   13960.000  TEMP(K) =   310.55  PRESS =     0.0
 Etot   =   -238615.5799  EKtot   =     63238.8633  EPtot      =   -301854.4432
 BOND   =      2098.6597  ANGLE   =      2443.3522  DIHED      =      1421.0650
 UB     =         0.0000  IMP     =         0.0000  CMAP       =       234.1302
 1-4 NB =      1176.4778  1-4 EEL =     15419.8407  VDWAALS    =     40885.0139
 EELEC  =   -365532.9828  EHBOND  =         0.0000  RESTRAINT  =         0.0000
 ------------------------------------------------------------------------------

wrapping first mol.:      -38.30066      -54.16531       93.81709

 NSTEP =  1980000   TIME(PS) =   14000.000  TEMP(K) =   309.12  PRESS =     0.0
 Etot   =   -238687.0525  EKtot   =     62947.1758  EPtot      =   -301634.2283
 BOND   =      2086.5675  ANGLE   =      2384.2870  DIHED      =      1396.7167
 UB     =         0.0000  IMP     =         0.0000  CMAP       =       248.9566
 1-4 NB =      1145.5659  1-4 EEL =     15392.4171  VDWAALS    =     41009.4527
 EELEC  =   -365298.1918  EHBOND  =         0.0000  RESTRAINT  =         0.0000
 ------------------------------------------------------------------------------

wrapping first mol.:      -38.30066      -54.16531       93.81709

 NSTEP =  2000000   TIME(PS) =   14040.000  TEMP(K) =   310.92  PRESS =     0.0
 Etot   =   -238444.5847  EKtot   =     63314.7891  EPtot      =   -301759.3737
 BOND   =      2112.8840  ANGLE   =      2412.4840  DIHED      =      1394.9547
 UB     =         0.0000  IMP     =         0.0000  CMAP       =       229.5429
 1-4 NB =      1192.7433  1-4 EEL =     15409.6575  VDWAALS    =     40987.3669
 EELEC  =   -365499.0070  EHBOND  =         0.0000  RESTRAINT  =         0.0000
 ------------------------------------------------------------------------------

wrapping first mol.:      -38.30066      -54.16531       93.81709

 NSTEP =  2020000   TIME(PS) =   14080.000  TEMP(K) =   308.85  PRESS =     0.0
 Etot   =   -239293.7402  EKtot   =     62893.7227  EPtot      =   -302187.4628
 BOND   =      2117.0873  ANGLE   =      2398.3745  DIHED      =      1427.2694
 UB     =         0.0000  IMP     =         0.0000  CMAP       =       233.9398
 1-4 NB =      1176.6674  1-4 EEL =     15412.1142  VDWAALS    =     40685.8674
 EELEC  =   -365638.7828  EHBOND  =         0.0000  RESTRAINT  =         0.0000
 ------------------------------------------------------------------------------

wrapping first mol.:      -38.30066      -54.16531       93.81709

 NSTEP =  2040000   TIME(PS) =   14120.000  TEMP(K) =   309.18  PRESS =     0.0
 Etot   =   -238683.6489  EKtot   =     62960.0312  EPtot      =   -301643.6802
 BOND   =      2072.4532  ANGLE   =      2402.6306  DIHED      =      1434.1443
 UB     =         0.0000  IMP     =         0.0000  CMAP       =       239.6103
 1-4 NB =      1177.4539  1-4 EEL =     15394.0925  VDWAALS    =     40489.5705
 EELEC  =   -364853.6354  EHBOND  =         0.0000  RESTRAINT  =         0.0000
 ------------------------------------------------------------------------------

wrapping first mol.:      -38.30066      -54.16531       93.81709

 NSTEP =  2060000   TIME(PS) =   14160.000  TEMP(K) =   309.42  PRESS =     0.0
 Etot   =   -238376.5546  EKtot   =     63009.4180  EPtot      =   -301385.9725
 BOND   =      2092.9329  ANGLE   =      2427.9834  DIHED      =      1419.0083
 UB     =         0.0000  IMP     =         0.0000  CMAP       =       232.5845
 1-4 NB =      1164.8620  1-4 EEL =     15387.5125  VDWAALS    =     40568.7697
 EELEC  =   -364679.6258  EHBOND  =         0.0000  RESTRAINT  =         0.0000
 ------------------------------------------------------------------------------

wrapping first mol.:      -38.30066      -54.16531       93.81709

 NSTEP =  2080000   TIME(PS) =   14200.000  TEMP(K) =   311.69  PRESS =     0.0
 Etot   =   -238087.3477  EKtot   =     63471.6406  EPtot      =   -301558.9884
 BOND   =      2135.7384  ANGLE   =      2431.4967  DIHED      =      1386.4119
 UB     =         0.0000  IMP     =         0.0000  CMAP       =       224.2701
 1-4 NB =      1170.2209  1-4 EEL =     15429.7616  VDWAALS    =     40758.3689
 EELEC  =   -365095.2570  EHBOND  =         0.0000  RESTRAINT  =         0.0000
 ------------------------------------------------------------------------------

wrapping first mol.:      -38.30066      -54.16531       93.81709

 NSTEP =  2100000   TIME(PS) =   14240.000  TEMP(K) =   309.98  PRESS =     0.0
 Etot   =   -238997.3411  EKtot   =     63122.5625  EPtot      =   -302119.9036
 BOND   =      2072.0818  ANGLE   =      2449.5486  DIHED      =      1385.9439
 UB     =         0.0000  IMP     =         0.0000  CMAP       =       231.3852
 1-4 NB =      1184.0905  1-4 EEL =     15354.1059  VDWAALS    =     40541.8129
 EELEC  =   -365338.8725  EHBOND  =         0.0000  RESTRAINT  =         0.0000
 ------------------------------------------------------------------------------

wrapping first mol.:      -38.30066      -54.16531       93.81709

 NSTEP =  2120000   TIME(PS) =   14280.000  TEMP(K) =   311.83  PRESS =     0.0
 Etot   =   -238983.1935  EKtot   =     63500.4180  EPtot      =   -302483.6114
 BOND   =      2104.7062  ANGLE   =      2372.4258  DIHED      =      1401.9427
 UB     =         0.0000  IMP     =         0.0000  CMAP       =       232.7818
 1-4 NB =      1173.1832  1-4 EEL =     15340.3605  VDWAALS    =     41001.4190
 EELEC  =   -366110.4306  EHBOND  =         0.0000  RESTRAINT  =         0.0000
 ------------------------------------------------------------------------------

wrapping first mol.:      -38.30066      -54.16531       93.81709

 NSTEP =  2140000   TIME(PS) =   14320.000  TEMP(K) =   311.76  PRESS =     0.0
 Etot   =   -238005.0334  EKtot   =     63486.3672  EPtot      =   -301491.4006
 BOND   =      2105.8078  ANGLE   =      2468.5571  DIHED      =      1415.1197
 UB     =         0.0000  IMP     =         0.0000  CMAP       =       237.7998
 1-4 NB =      1177.1722  1-4 EEL =     15408.0705  VDWAALS    =     40006.9687
 EELEC  =   -364310.8965  EHBOND  =         0.0000  RESTRAINT  =         0.0000
 ------------------------------------------------------------------------------

wrapping first mol.:      -38.30066      -54.16531       93.81709

 NSTEP =  2160000   TIME(PS) =   14360.000  TEMP(K) =   309.40  PRESS =     0.0
 Etot   =   -238772.9620  EKtot   =     63004.4453  EPtot      =   -301777.4073
 BOND   =      2160.4949  ANGLE   =      2435.6277  DIHED      =      1394.7649
 UB     =         0.0000  IMP     =         0.0000  CMAP       =       243.3223
 1-4 NB =      1186.1800  1-4 EEL =     15287.4966  VDWAALS    =     41020.3081
 EELEC  =   -365505.6018  EHBOND  =         0.0000  RESTRAINT  =         0.0000
 ------------------------------------------------------------------------------

wrapping first mol.:      -38.30066      -54.16531       93.81709

 NSTEP =  2180000   TIME(PS) =   14400.000  TEMP(K) =   310.82  PRESS =     0.0
 Etot   =   -237802.6849  EKtot   =     63294.5586  EPtot      =   -301097.2435
 BOND   =      2055.7610  ANGLE   =      2510.4543  DIHED      =      1427.5795
 UB     =         0.0000  IMP     =         0.0000  CMAP       =       242.7727
 1-4 NB =      1184.4257  1-4 EEL =     15330.3767  VDWAALS    =     40380.0082
 EELEC  =   -364228.6215  EHBOND  =         0.0000  RESTRAINT  =         0.0000
 ------------------------------------------------------------------------------

wrapping first mol.:      -38.30066      -54.16531       93.81709

 NSTEP =  2200000   TIME(PS) =   14440.000  TEMP(K) =   312.23  PRESS =     0.0
 Etot   =   -238027.4580  EKtot   =     63580.7773  EPtot      =   -301608.2353
 BOND   =      2069.5487  ANGLE   =      2560.6646  DIHED      =      1398.8678
 UB     =         0.0000  IMP     =         0.0000  CMAP       =       229.8889
 1-4 NB =      1171.9590  1-4 EEL =     15313.3137  VDWAALS    =     40619.6107
 EELEC  =   -364972.0885  EHBOND  =         0.0000  RESTRAINT  =         0.0000
 ------------------------------------------------------------------------------

wrapping first mol.:      -38.30066      -54.16531       93.81709

 NSTEP =  2220000   TIME(PS) =   14480.000  TEMP(K) =   309.52  PRESS =     0.0
 Etot   =   -238881.8590  EKtot   =     63029.3750  EPtot      =   -301911.2340
 BOND   =      2103.7270  ANGLE   =      2394.1330  DIHED      =      1392.9227
 UB     =         0.0000  IMP     =         0.0000  CMAP       =       241.3952
 1-4 NB =      1193.8615  1-4 EEL =     15344.7534  VDWAALS    =     41505.3615
 EELEC  =   -366087.3884  EHBOND  =         0.0000  RESTRAINT  =         0.0000
 ------------------------------------------------------------------------------

wrapping first mol.:      -38.30066      -54.16531       93.81709

 NSTEP =  2240000   TIME(PS) =   14520.000  TEMP(K) =   309.28  PRESS =     0.0
 Etot   =   -238919.4003  EKtot   =     62980.7422  EPtot      =   -301900.1425
 BOND   =      2058.0378  ANGLE   =      2480.0616  DIHED      =      1421.3994
 UB     =         0.0000  IMP     =         0.0000  CMAP       =       238.1206
 1-4 NB =      1180.2259  1-4 EEL =     15287.8098  VDWAALS    =     40779.9992
 EELEC  =   -365345.7968  EHBOND  =         0.0000  RESTRAINT  =         0.0000
 ------------------------------------------------------------------------------

wrapping first mol.:      -38.30066      -54.16531       93.81709

 NSTEP =  2260000   TIME(PS) =   14560.000  TEMP(K) =   310.34  PRESS =     0.0
 Etot   =   -238762.2060  EKtot   =     63195.6172  EPtot      =   -301957.8232
 BOND   =      2073.1093  ANGLE   =      2370.9657  DIHED      =      1409.9124
 UB     =         0.0000  IMP     =         0.0000  CMAP       =       234.6176
 1-4 NB =      1178.1781  1-4 EEL =     15328.6698  VDWAALS    =     41090.2459
 EELEC  =   -365643.5220  EHBOND  =         0.0000  RESTRAINT  =         0.0000
 ------------------------------------------------------------------------------

wrapping first mol.:      -38.30066      -54.16531       93.81709

 NSTEP =  2280000   TIME(PS) =   14600.000  TEMP(K) =   310.78  PRESS =     0.0
 Etot   =   -238675.9201  EKtot   =     63286.3477  EPtot      =   -301962.2677
 BOND   =      2035.4060  ANGLE   =      2411.0630  DIHED      =      1375.2360
 UB     =         0.0000  IMP     =         0.0000  CMAP       =       231.6953
 1-4 NB =      1202.1359  1-4 EEL =     15357.0880  VDWAALS    =     40651.0514
 EELEC  =   -365225.9432  EHBOND  =         0.0000  RESTRAINT  =         0.0000
 ------------------------------------------------------------------------------

wrapping first mol.:      -38.30066      -54.16531       93.81709

 NSTEP =  2300000   TIME(PS) =   14640.000  TEMP(K) =   309.53  PRESS =     0.0
 Etot   =   -238520.7812  EKtot   =     63030.4141  EPtot      =   -301551.1953
 BOND   =      2156.8777  ANGLE   =      2341.1799  DIHED      =      1418.7230
 UB     =         0.0000  IMP     =         0.0000  CMAP       =       216.9461
 1-4 NB =      1176.2237  1-4 EEL =     15288.6886  VDWAALS    =     40852.4543
 EELEC  =   -365002.2886  EHBOND  =         0.0000  RESTRAINT  =         0.0000
 ------------------------------------------------------------------------------

wrapping first mol.:      -38.30066      -54.16531       93.81709

 NSTEP =  2320000   TIME(PS) =   14680.000  TEMP(K) =   310.68  PRESS =     0.0
 Etot   =   -238190.4876  EKtot   =     63264.6836  EPtot      =   -301455.1712
 BOND   =      2110.6456  ANGLE   =      2383.4384  DIHED      =      1419.7554
 UB     =         0.0000  IMP     =         0.0000  CMAP       =       230.8902
 1-4 NB =      1181.1141  1-4 EEL =     15391.3107  VDWAALS    =     40444.2707
 EELEC  =   -364616.5963  EHBOND  =         0.0000  RESTRAINT  =         0.0000
 ------------------------------------------------------------------------------

wrapping first mol.:      -38.30066      -54.16531       93.81709

 NSTEP =  2340000   TIME(PS) =   14720.000  TEMP(K) =   310.03  PRESS =     0.0
 Etot   =   -238864.9742  EKtot   =     63132.6797  EPtot      =   -301997.6538
 BOND   =      2058.9367  ANGLE   =      2451.3743  DIHED      =      1361.2382
 UB     =         0.0000  IMP     =         0.0000  CMAP       =       249.4606
 1-4 NB =      1175.0009  1-4 EEL =     15352.4036  VDWAALS    =     40897.4059
 EELEC  =   -365543.4741  EHBOND  =         0.0000  RESTRAINT  =         0.0000
 ------------------------------------------------------------------------------

wrapping first mol.:      -38.30066      -54.16531       93.81709

 NSTEP =  2360000   TIME(PS) =   14760.000  TEMP(K) =   311.12  PRESS =     0.0
 Etot   =   -238810.7117  EKtot   =     63355.0664  EPtot      =   -302165.7781
 BOND   =      2035.7051  ANGLE   =      2423.1723  DIHED      =      1387.1446
 UB     =         0.0000  IMP     =         0.0000  CMAP       =       239.0868
 1-4 NB =      1200.0625  1-4 EEL =     15365.0022  VDWAALS    =     40722.2651
 EELEC  =   -365538.2166  EHBOND  =         0.0000  RESTRAINT  =         0.0000
 ------------------------------------------------------------------------------

wrapping first mol.:      -38.30066      -54.16531       93.81709

 NSTEP =  2380000   TIME(PS) =   14800.000  TEMP(K) =   310.57  PRESS =     0.0
 Etot   =   -238423.5798  EKtot   =     63243.4023  EPtot      =   -301666.9821
 BOND   =      2116.1235  ANGLE   =      2510.9571  DIHED      =      1417.2030
 UB     =         0.0000  IMP     =         0.0000  CMAP       =       254.8975
 1-4 NB =      1193.4315  1-4 EEL =     15242.1871  VDWAALS    =     40690.9110
 EELEC  =   -365092.6929  EHBOND  =         0.0000  RESTRAINT  =         0.0000
 ------------------------------------------------------------------------------

wrapping first mol.:      -38.30066      -54.16531       93.81709

 NSTEP =  2400000   TIME(PS) =   14840.000  TEMP(K) =   310.51  PRESS =     0.0
 Etot   =   -238978.9681  EKtot   =     63230.3906  EPtot      =   -302209.3587
 BOND   =      2047.6962  ANGLE   =      2357.0994  DIHED      =      1371.1994
 UB     =         0.0000  IMP     =         0.0000  CMAP       =       256.2058
 1-4 NB =      1197.5828  1-4 EEL =     15277.9296  VDWAALS    =     41066.7135
 EELEC  =   -365783.7854  EHBOND  =         0.0000  RESTRAINT  =         0.0000
 ------------------------------------------------------------------------------

wrapping first mol.:      -38.30066      -54.16531       93.81709

 NSTEP =  2420000   TIME(PS) =   14880.000  TEMP(K) =   310.31  PRESS =     0.0
 Etot   =   -238789.1726  EKtot   =     63189.4688  EPtot      =   -301978.6414
 BOND   =      2128.2362  ANGLE   =      2457.6090  DIHED      =      1344.1739
 UB     =         0.0000  IMP     =         0.0000  CMAP       =       275.4363
 1-4 NB =      1178.8124  1-4 EEL =     15301.6103  VDWAALS    =     41100.7070
 EELEC  =   -365765.2266  EHBOND  =         0.0000  RESTRAINT  =         0.0000
 ------------------------------------------------------------------------------

wrapping first mol.:      -38.30066      -54.16531       93.81709

 NSTEP =  2440000   TIME(PS) =   14920.000  TEMP(K) =   310.71  PRESS =     0.0
 Etot   =   -238459.8546  EKtot   =     63271.0547  EPtot      =   -301730.9093
 BOND   =      2084.9794  ANGLE   =      2419.1347  DIHED      =      1352.1202
 UB     =         0.0000  IMP     =         0.0000  CMAP       =       254.1987
 1-4 NB =      1172.6927  1-4 EEL =     15322.2422  VDWAALS    =     40707.4265
 EELEC  =   -365043.7036  EHBOND  =         0.0000  RESTRAINT  =         0.0000
 ------------------------------------------------------------------------------

wrapping first mol.:      -38.30066      -54.16531       93.81709

 NSTEP =  2460000   TIME(PS) =   14960.000  TEMP(K) =   310.26  PRESS =     0.0
 Etot   =   -238497.8696  EKtot   =     63180.7383  EPtot      =   -301678.6078
 BOND   =      2065.7877  ANGLE   =      2421.5759  DIHED      =      1380.9578
 UB     =         0.0000  IMP     =         0.0000  CMAP       =       262.4190
 1-4 NB =      1168.0348  1-4 EEL =     15286.3694  VDWAALS    =     40536.2798
 EELEC  =   -364800.0322  EHBOND  =         0.0000  RESTRAINT  =         0.0000
 ------------------------------------------------------------------------------

wrapping first mol.:      -38.30066      -54.16531       93.81709

 NSTEP =  2480000   TIME(PS) =   15000.000  TEMP(K) =   310.26  PRESS =     0.0
 Etot   =   -238644.6041  EKtot   =     63180.7695  EPtot      =   -301825.3736
 BOND   =      2079.2992  ANGLE   =      2406.1002  DIHED      =      1383.7351
 UB     =         0.0000  IMP     =         0.0000  CMAP       =       238.4647
 1-4 NB =      1176.2038  1-4 EEL =     15340.6305  VDWAALS    =     40380.6502
 EELEC  =   -364830.4574  EHBOND  =         0.0000  RESTRAINT  =         0.0000
 ------------------------------------------------------------------------------

wrapping first mol.:      -38.30066      -54.16531       93.81709
wrapping first mol.:      -38.30066      -54.16531       93.81709

 NSTEP =  2500000   TIME(PS) =   15040.000  TEMP(K) =   308.35  PRESS =     0.0
 Etot   =   -239042.5785  EKtot   =     62791.9375  EPtot      =   -301834.5160
 BOND   =      2058.5782  ANGLE   =      2467.9183  DIHED      =      1401.1325
 UB     =         0.0000  IMP     =         0.0000  CMAP       =       248.3334
 1-4 NB =      1195.7182  1-4 EEL =     15410.3499  VDWAALS    =     41193.8205
 EELEC  =   -365810.3670  EHBOND  =         0.0000  RESTRAINT  =         0.0000
 ------------------------------------------------------------------------------


      A V E R A G E S   O V E R     125 S T E P S


 NSTEP =  2500000   TIME(PS) =   15040.000  TEMP(K) =   310.09  PRESS =     0.0
 Etot   =   -238569.4253  EKtot   =     63145.5963  EPtot      =   -301715.0216
 BOND   =      2092.1709  ANGLE   =      2428.0618  DIHED      =      1404.9375
 UB     =         0.0000  IMP     =         0.0000  CMAP       =       231.0629
 1-4 NB =      1178.6988  1-4 EEL =     15350.6066  VDWAALS    =     40728.3169
 EELEC  =   -365128.8769  EHBOND  =         0.0000  RESTRAINT  =         0.0000
 ------------------------------------------------------------------------------


      R M S  F L U C T U A T I O N S


 NSTEP =  2500000   TIME(PS) =   15040.000  TEMP(K) =     0.98  PRESS =     0.0
 Etot   =       363.0242  EKtot   =       200.0686  EPtot      =       312.6742
 BOND   =        30.2436  ANGLE   =        42.9997  DIHED      =        22.6044
 UB     =         0.0000  IMP     =         0.0000  CMAP       =        13.3146
 1-4 NB =        13.7867  1-4 EEL =        58.7785  VDWAALS    =       292.5483
 EELEC  =       486.7387  EHBOND  =         0.0000  RESTRAINT  =         0.0000
 ------------------------------------------------------------------------------

--------------------------------------------------------------------------------
   5.  TIMINGS
--------------------------------------------------------------------------------

|  NonSetup CPU Time in Major Routines:
|
|     Routine           Sec        %
|     ------------------------------
|     Nonbond         148.43   11.02
|     Bond              0.00    0.00
|     Angle             0.00    0.00
|     Dihedral          0.00    0.00
|     Shake             9.60    0.71
|     RunMD          1186.70   88.11
|     Other             2.16    0.16
|     ------------------------------
|     Total          1346.88

|  PME Nonbond Pairlist CPU Time:
|
|     Routine              Sec        %
|     ---------------------------------
|     Set Up Cit           0.00    0.00
|     Build List           0.00    0.00
|     ---------------------------------
|     Total                0.00    0.00

|  PME Direct Force CPU Time:
|
|     Routine              Sec        %
|     ---------------------------------
|     NonBonded Calc       0.00    0.00
|     Exclude Masked       0.00    0.00
|     Other                1.36    0.10
|     ---------------------------------
|     Total                1.36    0.10

|  PME Reciprocal Force CPU Time:
|
|     Routine              Sec        %
|     ---------------------------------
|     1D bspline           0.00    0.00
|     Grid Charges         0.00    0.00
|     Scalar Sum           0.00    0.00
|     Gradient Sum         0.00    0.00
|     FFT                  0.00    0.00
|     ---------------------------------
|     Total                0.00    0.00

|  Final Performance Info:
|     -----------------------------------------------------
|     Average timings for last   80000 steps:
|     Elapsed(s) =      42.95 Per Step(ms) =       0.54
|         ns/day =     321.84   seconds/ns =     268.45
|
|     Average timings for all steps:
|     Elapsed(s) =    1351.74 Per Step(ms) =       0.54
|         ns/day =     319.59   seconds/ns =     270.35
|     -----------------------------------------------------

|  Setup CPU time:            1.10 seconds
|  NonSetup CPU time:      1346.88 seconds
|  Total CPU time:         1347.98 seconds     0.37 hours

|  Setup wall time:           1    seconds
|  NonSetup wall time:     1352    seconds
|  Total wall time:        1353    seconds     0.38 hours
