
          -------------------------------------------------------
          Amber 24 PMEMD                              2024
          -------------------------------------------------------

| PMEMD implementation of SANDER, Release 24

|  Compiled date/time: Thu Apr  3 17:55:38 2025
| Run on 11/11/2025 at 11:40:10

|   Executable path: pmemd.cuda_SPFP
| Working directory: /rs1/researchers/h/hall/vtnguye4/Amber_restart/cappedP1amber/P1_Simulation3
|          Hostname: gpu19

  [-O]verwriting output

File Assignments:
|   MDIN: /rs1/researchers/h/hall/vtnguye4/Amber_restart/cappedP1amber/equil.in 
|  MDOUT: ./OUT_Files/equil56.out                                               
| INPCRD: ./RST_Files/equil55.rst7                                              
|   PARM: ./PRMTOP_Files/P1.prmtop                                              
| RESTRT: ./RST_Files/equil56.rst7                                              
|   REFC: refc                                                                  
|  MDVEL: mdvel                                                                 
|   MDEN: mden                                                                  
|  MDCRD: ./nc_Files/equil56.nc                                                 
| MDINFO: mdinfo                                                                
|  MDFRC: mdfrc                                                                 


 Here is the input file:

!Stage equilibration 5ns                                                       
&cntrl                                                                         
imin=0, irest=1, ntx=5,                                                        
nstlim=2500000, dt=0.002,                                                      
ntc=2, ntf=2, ig=-1,                                                           
ntt=3, gamma_ln=2.0,                                                           
tempi=310.0, temp0=310.0,                                                      
ntxo=2, ioutfm=1,                                                              
ntpr=20000, ntwx=20000,                                                        
ntb=1,                                                                         
cut=9.0,                                                                       
iwrap=1,                                                                       
/                                                                              


Note: ig = -1. Setting random seed to   612740 based on wallclock time in 
      microseconds.
| irandom = 1, using AMBER's internal random number generator (default).
 
|--------------------- INFORMATION ----------------------
| GPU (CUDA) Version of PMEMD in use: NVIDIA GPU IN USE.
|                    Version 18.0.0
| 
|                      03/25/2018
| 
| Implementation by:
|                    Ross C. Walker     (SDSC)
|                    Scott Le Grand     (nVIDIA)
| 
| Version 18 performance extensions by:
|                    David Cerutti     (Rutgers)
| 
| Precision model in use:
|      [SPFP] - Single Precision Forces, 64-bit Fixed Point
|               Accumulation. (Default)
| 
|--------------------------------------------------------
 
|----------------- CITATION INFORMATION -----------------
|
|    When publishing work that utilized the CUDA version
|    of AMBER, please cite the following in addition to
|    the regular AMBER citations:
|
|  - Romelia Salomon-Ferrer; Andreas W. Goetz; Duncan
|    Poole; Scott Le Grand; Ross C. Walker "Routine
|    microsecond molecular dynamics simulations with
|    AMBER - Part II: Particle Mesh Ewald", J. Chem.
|    Theory Comput., 2013, 9 (9), pp3878-3888,
|    DOI: 10.1021/ct400314y.
|
|  - Andreas W. Goetz; Mark J. Williamson; Dong Xu;
|    Duncan Poole; Scott Le Grand; Ross C. Walker
|    "Routine microsecond molecular dynamics simulations
|    with AMBER - Part I: Generalized Born", J. Chem.
|    Theory Comput., 2012, 8 (5), pp1542-1555.
|
|  - Scott Le Grand; Andreas W. Goetz; Ross C. Walker
|    "SPFP: Speed without compromise - a mixed precision
|    model for GPU accelerated molecular dynamics
|    simulations.", Comp. Phys. Comm., 2013, 184
|    pp374-380, DOI: 10.1016/j.cpc.2012.09.022
|
|--------------------------------------------------------
 
|------------------- GPU DEVICE INFO --------------------
|
|            CUDA_VISIBLE_DEVICES: 0
|   CUDA Capable Devices Detected:      1
|           CUDA Device ID in use:      0
|                CUDA Device Name: NVIDIA L40S
|     CUDA Device Global Mem Size:  45487 MB
| CUDA Device Num Multiprocessors:    142
|           CUDA Device Core Freq:   2.52 GHz
|
|--------------------------------------------------------
 
 
| Conditional Compilation Defines Used:
| PUBFFT
| BINTRAJ
| CUDA
| EMIL

| Largest sphere to fit in unit cell has radius =    46.909

| New format PARM file being parsed.
| Version =    1.000 Date = 10/28/25 Time = 16:56:02

| Note: 1-4 EEL scale factors are being read from the topology file.

| Note: 1-4 VDW scale factors are being read from the topology file.
| Duplicated    0 dihedrals

| Duplicated    0 dihedrals

--------------------------------------------------------------------------------
   1.  RESOURCE   USE: 
--------------------------------------------------------------------------------

 getting box info from netcdf restart file
 NATOM  =  101202 NTYPES =      11 NBONH =   98658 MBONA  =    2544
 NTHETH =    5904 MTHETA =    3408 NPHIH =   11760 MPHIA  =   10368
 NHPARM =       0 NPARM  =       0 NNB   =  155656 NRES   =   32422
 NBONA  =    2544 NTHETA =    3408 NPHIA =   10368 NUMBND =      27
 NUMANG =      54 NPTRA  =      59 NATYP =      16 NPHB   =       0
 IFBOX  =       2 NMXRS  =      21 IFCAP =       0 NEXTRA =       0
 NCOPY  =       0

| Coordinate Index Table dimensions:    20   20   20
| Direct force subcell size =     5.7451    5.7451    5.7451

     BOX TYPE: TRUNCATED OCTAHEDRON

--------------------------------------------------------------------------------
   2.  CONTROL  DATA  FOR  THE  RUN
--------------------------------------------------------------------------------

default_name                                                                    

General flags:
     imin    =       0, nmropt  =       0

Nature and format of input:
     ntx     =       5, irest   =       1, ntrx    =       1

Nature and format of output:
     ntxo    =       2, ntpr    =   20000, ntrx    =       1, ntwr    = 2500000
     iwrap   =       1, ntwx    =   20000, ntwv    =       0, ntwe    =       0
     ioutfm  =       1, ntwprt  =       0, idecomp =       0, rbornstat=      0

Potential function:
     ntf     =       2, ntb     =       1, igb     =       0, nsnb    =      25
     ipol    =       0, gbsa    =       0, iesp    =       0
     dielc   =   1.00000, cut     =   9.00000, intdiel =   1.00000

Frozen or restrained atoms:
     ibelly  =       0, ntr     =       0

Molecular dynamics:
     nstlim  =   2500000, nscm    =      1000, nrespa  =         1
     t       =   0.00000, dt      =   0.00200, vlimit  =  -1.00000

Langevin dynamics temperature regulation:
     ig      =  612740
     temp0   = 310.00000, tempi   = 310.00000, gamma_ln=   2.00000

SHAKE:
     ntc     =       2, jfastw  =       0
     tol     =   0.00001

| Intermolecular bonds treatment:
|     no_intermolecular_bonds =       1

| Energy averages sample interval:
|     ene_avg_sampling =   20000

Ewald parameters:
     verbose =       0, ew_type =       0, nbflag  =       1, use_pme =       1
     vdwmeth =       1, eedmeth =       1, netfrc  =       1
     Box X =  114.902   Box Y =  114.902   Box Z =  114.902
     Alpha =  109.471   Beta  =  109.471   Gamma =  109.471
     NFFT1 =  120       NFFT2 =  120       NFFT3 =  120
     Cutoff=    9.000   Tol   =0.100E-04
     Ewald Coefficient =  0.30768
     Interpolation order =    4

--------------------------------------------------------------------------------
   3.  ATOMIC COORDINATES AND VELOCITIES
--------------------------------------------------------------------------------

default_name                                                                    
 begin time read from input coords =275040.000 ps

 
 Number of triangulated 3-point waters found:    31990

     Sum of charges from parm topology file =  -0.00000047
     Forcing neutrality...

| Dynamic Memory, Types Used:
| Reals             3080462
| Integers          3650456

| Nonbonded Pairs Initial Allocation:    23074056

| GPU memory information (estimate):
| KB of GPU memory in use:    789634
| KB of CPU memory in use:    210424

--------------------------------------------------------------------------------
   4.  RESULTS
--------------------------------------------------------------------------------

wrapping first mol.:      -38.30066      108.33064        0.00000

 NSTEP =    20000   TIME(PS) =  275080.000  TEMP(K) =   308.78  PRESS =     0.0
 Etot   =   -238821.6385  EKtot   =     62877.6836  EPtot      =   -301699.3221
 BOND   =      2113.9151  ANGLE   =      2453.5524  DIHED      =      1407.6019
 UB     =         0.0000  IMP     =         0.0000  CMAP       =       222.3408
 1-4 NB =      1160.3036  1-4 EEL =     15404.5781  VDWAALS    =     40445.7500
 EELEC  =   -364907.3640  EHBOND  =         0.0000  RESTRAINT  =         0.0000
 ------------------------------------------------------------------------------

wrapping first mol.:      -38.30066      108.33064        0.00000

 NSTEP =    40000   TIME(PS) =  275120.000  TEMP(K) =   310.64  PRESS =     0.0
 Etot   =   -238238.8811  EKtot   =     63257.9492  EPtot      =   -301496.8303
 BOND   =      2145.8370  ANGLE   =      2429.6530  DIHED      =      1397.7442
 UB     =         0.0000  IMP     =         0.0000  CMAP       =       211.7229
 1-4 NB =      1172.9266  1-4 EEL =     15465.9657  VDWAALS    =     40602.1357
 EELEC  =   -364922.8155  EHBOND  =         0.0000  RESTRAINT  =         0.0000
 ------------------------------------------------------------------------------

wrapping first mol.:      -38.30066      108.33064        0.00000

 NSTEP =    60000   TIME(PS) =  275160.000  TEMP(K) =   309.91  PRESS =     0.0
 Etot   =   -238463.1182  EKtot   =     63109.4453  EPtot      =   -301572.5635
 BOND   =      2091.5408  ANGLE   =      2390.5848  DIHED      =      1398.9507
 UB     =         0.0000  IMP     =         0.0000  CMAP       =       208.0171
 1-4 NB =      1160.2100  1-4 EEL =     15428.0143  VDWAALS    =     40331.5114
 EELEC  =   -364581.3926  EHBOND  =         0.0000  RESTRAINT  =         0.0000
 ------------------------------------------------------------------------------

wrapping first mol.:      -38.30066      108.33064        0.00000

 NSTEP =    80000   TIME(PS) =  275200.000  TEMP(K) =   311.06  PRESS =     0.0
 Etot   =   -238672.7773  EKtot   =     63341.9531  EPtot      =   -302014.7304
 BOND   =      2066.1851  ANGLE   =      2415.7688  DIHED      =      1407.3200
 UB     =         0.0000  IMP     =         0.0000  CMAP       =       216.6852
 1-4 NB =      1182.1656  1-4 EEL =     15410.4489  VDWAALS    =     40839.0048
 EELEC  =   -365552.3089  EHBOND  =         0.0000  RESTRAINT  =         0.0000
 ------------------------------------------------------------------------------

wrapping first mol.:      -38.30066      108.33064        0.00000

 NSTEP =   100000   TIME(PS) =  275240.000  TEMP(K) =   309.75  PRESS =     0.0
 Etot   =   -238945.9207  EKtot   =     63075.2148  EPtot      =   -302021.1355
 BOND   =      2047.9200  ANGLE   =      2371.6354  DIHED      =      1416.5600
 UB     =         0.0000  IMP     =         0.0000  CMAP       =       226.7096
 1-4 NB =      1165.3731  1-4 EEL =     15429.5152  VDWAALS    =     40817.2130
 EELEC  =   -365496.0618  EHBOND  =         0.0000  RESTRAINT  =         0.0000
 ------------------------------------------------------------------------------

wrapping first mol.:      -38.30066      108.33064        0.00000

 NSTEP =   120000   TIME(PS) =  275280.000  TEMP(K) =   309.21  PRESS =     0.0
 Etot   =   -239134.6342  EKtot   =     62965.4219  EPtot      =   -302100.0560
 BOND   =      2069.4621  ANGLE   =      2331.4291  DIHED      =      1388.1725
 UB     =         0.0000  IMP     =         0.0000  CMAP       =       228.2681
 1-4 NB =      1180.8972  1-4 EEL =     15369.5348  VDWAALS    =     40630.3577
 EELEC  =   -365298.1775  EHBOND  =         0.0000  RESTRAINT  =         0.0000
 ------------------------------------------------------------------------------

wrapping first mol.:      -38.30066      108.33064        0.00000

 NSTEP =   140000   TIME(PS) =  275320.000  TEMP(K) =   309.88  PRESS =     0.0
 Etot   =   -238994.0495  EKtot   =     63102.7188  EPtot      =   -302096.7683
 BOND   =      2049.4992  ANGLE   =      2395.2108  DIHED      =      1394.7479
 UB     =         0.0000  IMP     =         0.0000  CMAP       =       237.3410
 1-4 NB =      1158.6196  1-4 EEL =     15426.6554  VDWAALS    =     40631.8468
 EELEC  =   -365390.6889  EHBOND  =         0.0000  RESTRAINT  =         0.0000
 ------------------------------------------------------------------------------

wrapping first mol.:      -38.30066      108.33064        0.00000

 NSTEP =   160000   TIME(PS) =  275360.000  TEMP(K) =   309.22  PRESS =     0.0
 Etot   =   -238553.1661  EKtot   =     62968.2031  EPtot      =   -301521.3692
 BOND   =      2123.6924  ANGLE   =      2502.7456  DIHED      =      1434.9347
 UB     =         0.0000  IMP     =         0.0000  CMAP       =       223.1794
 1-4 NB =      1155.0587  1-4 EEL =     15392.9134  VDWAALS    =     40619.4093
 EELEC  =   -364973.3026  EHBOND  =         0.0000  RESTRAINT  =         0.0000
 ------------------------------------------------------------------------------

wrapping first mol.:      -38.30066      108.33064        0.00000

 NSTEP =   180000   TIME(PS) =  275400.000  TEMP(K) =   309.92  PRESS =     0.0
 Etot   =   -239041.5606  EKtot   =     63110.5078  EPtot      =   -302152.0684
 BOND   =      2049.0311  ANGLE   =      2366.2490  DIHED      =      1433.8622
 UB     =         0.0000  IMP     =         0.0000  CMAP       =       232.7134
 1-4 NB =      1171.2662  1-4 EEL =     15302.4808  VDWAALS    =     40962.6288
 EELEC  =   -365670.2999  EHBOND  =         0.0000  RESTRAINT  =         0.0000
 ------------------------------------------------------------------------------

wrapping first mol.:      -38.30066      108.33064        0.00000

 NSTEP =   200000   TIME(PS) =  275440.000  TEMP(K) =   308.99  PRESS =     0.0
 Etot   =   -239004.9466  EKtot   =     62921.9453  EPtot      =   -301926.8919
 BOND   =      2077.9703  ANGLE   =      2341.5992  DIHED      =      1376.5161
 UB     =         0.0000  IMP     =         0.0000  CMAP       =       258.0660
 1-4 NB =      1179.1339  1-4 EEL =     15416.1485  VDWAALS    =     40795.7458
 EELEC  =   -365372.0718  EHBOND  =         0.0000  RESTRAINT  =         0.0000
 ------------------------------------------------------------------------------

wrapping first mol.:      -38.30066      108.33064        0.00000

 NSTEP =   220000   TIME(PS) =  275480.000  TEMP(K) =   310.57  PRESS =     0.0
 Etot   =   -238031.2175  EKtot   =     63242.1172  EPtot      =   -301273.3347
 BOND   =      2053.9855  ANGLE   =      2452.0832  DIHED      =      1423.7407
 UB     =         0.0000  IMP     =         0.0000  CMAP       =       234.5863
 1-4 NB =      1170.7303  1-4 EEL =     15417.7576  VDWAALS    =     40123.5105
 EELEC  =   -364149.7288  EHBOND  =         0.0000  RESTRAINT  =         0.0000
 ------------------------------------------------------------------------------

wrapping first mol.:      -38.30066      108.33064        0.00000

 NSTEP =   240000   TIME(PS) =  275520.000  TEMP(K) =   309.39  PRESS =     0.0
 Etot   =   -239378.7438  EKtot   =     63002.3047  EPtot      =   -302381.0485
 BOND   =      2106.4418  ANGLE   =      2373.5302  DIHED      =      1413.5697
 UB     =         0.0000  IMP     =         0.0000  CMAP       =       226.0599
 1-4 NB =      1149.9467  1-4 EEL =     15368.9338  VDWAALS    =     40494.8726
 EELEC  =   -365514.4032  EHBOND  =         0.0000  RESTRAINT  =         0.0000
 ------------------------------------------------------------------------------

wrapping first mol.:      -38.30066      108.33064        0.00000

 NSTEP =   260000   TIME(PS) =  275560.000  TEMP(K) =   310.19  PRESS =     0.0
 Etot   =   -238781.6423  EKtot   =     63166.0234  EPtot      =   -301947.6657
 BOND   =      2037.2752  ANGLE   =      2427.9833  DIHED      =      1423.3731
 UB     =         0.0000  IMP     =         0.0000  CMAP       =       252.5391
 1-4 NB =      1183.4284  1-4 EEL =     15386.5270  VDWAALS    =     40136.8907
 EELEC  =   -364795.6823  EHBOND  =         0.0000  RESTRAINT  =         0.0000
 ------------------------------------------------------------------------------

wrapping first mol.:      -38.30066      108.33064        0.00000

 NSTEP =   280000   TIME(PS) =  275600.000  TEMP(K) =   310.65  PRESS =     0.0
 Etot   =   -238336.7595  EKtot   =     63259.4961  EPtot      =   -301596.2556
 BOND   =      2091.1315  ANGLE   =      2399.1218  DIHED      =      1427.7040
 UB     =         0.0000  IMP     =         0.0000  CMAP       =       221.2742
 1-4 NB =      1190.0410  1-4 EEL =     15328.2943  VDWAALS    =     40715.8436
 EELEC  =   -364969.6660  EHBOND  =         0.0000  RESTRAINT  =         0.0000
 ------------------------------------------------------------------------------

wrapping first mol.:      -38.30066      108.33064        0.00000

 NSTEP =   300000   TIME(PS) =  275640.000  TEMP(K) =   310.50  PRESS =     0.0
 Etot   =   -238893.3211  EKtot   =     63228.5273  EPtot      =   -302121.8485
 BOND   =      2051.2230  ANGLE   =      2435.8700  DIHED      =      1418.7129
 UB     =         0.0000  IMP     =         0.0000  CMAP       =       250.5395
 1-4 NB =      1166.8125  1-4 EEL =     15440.6548  VDWAALS    =     40581.4288
 EELEC  =   -365467.0899  EHBOND  =         0.0000  RESTRAINT  =         0.0000
 ------------------------------------------------------------------------------

wrapping first mol.:      -38.30066      108.33064        0.00000

 NSTEP =   320000   TIME(PS) =  275680.000  TEMP(K) =   310.62  PRESS =     0.0
 Etot   =   -238740.4019  EKtot   =     63253.5273  EPtot      =   -301993.9292
 BOND   =      2076.6758  ANGLE   =      2454.0612  DIHED      =      1414.8657
 UB     =         0.0000  IMP     =         0.0000  CMAP       =       233.7844
 1-4 NB =      1166.1016  1-4 EEL =     15411.8227  VDWAALS    =     40501.2879
 EELEC  =   -365252.5285  EHBOND  =         0.0000  RESTRAINT  =         0.0000
 ------------------------------------------------------------------------------

wrapping first mol.:      -38.30066      108.33064        0.00000

 NSTEP =   340000   TIME(PS) =  275720.000  TEMP(K) =   309.83  PRESS =     0.0
 Etot   =   -238554.1256  EKtot   =     63092.3086  EPtot      =   -301646.4342
 BOND   =      2076.5445  ANGLE   =      2442.6348  DIHED      =      1403.2362
 UB     =         0.0000  IMP     =         0.0000  CMAP       =       255.9364
 1-4 NB =      1154.6043  1-4 EEL =     15383.4889  VDWAALS    =     40657.3978
 EELEC  =   -365020.2772  EHBOND  =         0.0000  RESTRAINT  =         0.0000
 ------------------------------------------------------------------------------

wrapping first mol.:      -38.30066      108.33064        0.00000

 NSTEP =   360000   TIME(PS) =  275760.000  TEMP(K) =   310.33  PRESS =     0.0
 Etot   =   -238528.5134  EKtot   =     63194.7656  EPtot      =   -301723.2790
 BOND   =      2103.5728  ANGLE   =      2364.5269  DIHED      =      1428.8813
 UB     =         0.0000  IMP     =         0.0000  CMAP       =       222.0856
 1-4 NB =      1165.3148  1-4 EEL =     15445.8302  VDWAALS    =     40713.6257
 EELEC  =   -365167.1163  EHBOND  =         0.0000  RESTRAINT  =         0.0000
 ------------------------------------------------------------------------------

wrapping first mol.:      -38.30066      108.33064        0.00000

 NSTEP =   380000   TIME(PS) =  275800.000  TEMP(K) =   312.19  PRESS =     0.0
 Etot   =   -239217.0890  EKtot   =     63573.6094  EPtot      =   -302790.6984
 BOND   =      2027.0329  ANGLE   =      2393.3950  DIHED      =      1386.8843
 UB     =         0.0000  IMP     =         0.0000  CMAP       =       224.6773
 1-4 NB =      1168.9672  1-4 EEL =     15411.1343  VDWAALS    =     40478.5670
 EELEC  =   -365881.3564  EHBOND  =         0.0000  RESTRAINT  =         0.0000
 ------------------------------------------------------------------------------

wrapping first mol.:      -38.30066      108.33064        0.00000

 NSTEP =   400000   TIME(PS) =  275840.000  TEMP(K) =   309.38  PRESS =     0.0
 Etot   =   -238902.8002  EKtot   =     63000.1016  EPtot      =   -301902.9018
 BOND   =      2102.9529  ANGLE   =      2400.5755  DIHED      =      1428.7795
 UB     =         0.0000  IMP     =         0.0000  CMAP       =       240.1499
 1-4 NB =      1145.6005  1-4 EEL =     15371.4474  VDWAALS    =     40637.0726
 EELEC  =   -365229.4802  EHBOND  =         0.0000  RESTRAINT  =         0.0000
 ------------------------------------------------------------------------------

wrapping first mol.:      -38.30066      108.33064        0.00000

 NSTEP =   420000   TIME(PS) =  275880.000  TEMP(K) =   310.01  PRESS =     0.0
 Etot   =   -238604.1258  EKtot   =     63128.2344  EPtot      =   -301732.3602
 BOND   =      2078.4957  ANGLE   =      2428.2348  DIHED      =      1400.7987
 UB     =         0.0000  IMP     =         0.0000  CMAP       =       246.0253
 1-4 NB =      1155.5275  1-4 EEL =     15375.3133  VDWAALS    =     40908.8865
 EELEC  =   -365325.6420  EHBOND  =         0.0000  RESTRAINT  =         0.0000
 ------------------------------------------------------------------------------

wrapping first mol.:      -38.30066      108.33064        0.00000

 NSTEP =   440000   TIME(PS) =  275920.000  TEMP(K) =   310.25  PRESS =     0.0
 Etot   =   -239007.8420  EKtot   =     63178.3203  EPtot      =   -302186.1623
 BOND   =      2048.8379  ANGLE   =      2415.5501  DIHED      =      1415.5197
 UB     =         0.0000  IMP     =         0.0000  CMAP       =       232.6705
 1-4 NB =      1153.3879  1-4 EEL =     15415.5744  VDWAALS    =     41059.2804
 EELEC  =   -365926.9831  EHBOND  =         0.0000  RESTRAINT  =         0.0000
 ------------------------------------------------------------------------------

wrapping first mol.:      -38.30066      108.33064        0.00000

 NSTEP =   460000   TIME(PS) =  275960.000  TEMP(K) =   310.48  PRESS =     0.0
 Etot   =   -238715.3630  EKtot   =     63225.4805  EPtot      =   -301940.8434
 BOND   =      2127.0000  ANGLE   =      2336.9494  DIHED      =      1425.7317
 UB     =         0.0000  IMP     =         0.0000  CMAP       =       221.9200
 1-4 NB =      1174.4061  1-4 EEL =     15383.3297  VDWAALS    =     40467.6410
 EELEC  =   -365077.8215  EHBOND  =         0.0000  RESTRAINT  =         0.0000
 ------------------------------------------------------------------------------

wrapping first mol.:      -38.30066      108.33064        0.00000

 NSTEP =   480000   TIME(PS) =  276000.000  TEMP(K) =   309.48  PRESS =     0.0
 Etot   =   -238762.4828  EKtot   =     63020.7344  EPtot      =   -301783.2171
 BOND   =      2124.5854  ANGLE   =      2433.6046  DIHED      =      1398.0385
 UB     =         0.0000  IMP     =         0.0000  CMAP       =       251.0117
 1-4 NB =      1162.0895  1-4 EEL =     15473.3675  VDWAALS    =     40783.9494
 EELEC  =   -365409.8637  EHBOND  =         0.0000  RESTRAINT  =         0.0000
 ------------------------------------------------------------------------------

wrapping first mol.:      -38.30066      108.33064        0.00000

 NSTEP =   500000   TIME(PS) =  276040.000  TEMP(K) =   310.59  PRESS =     0.0
 Etot   =   -238215.4119  EKtot   =     63246.2070  EPtot      =   -301461.6189
 BOND   =      2120.4065  ANGLE   =      2410.3410  DIHED      =      1412.3813
 UB     =         0.0000  IMP     =         0.0000  CMAP       =       240.8685
 1-4 NB =      1166.3882  1-4 EEL =     15350.2662  VDWAALS    =     40074.9576
 EELEC  =   -364237.2281  EHBOND  =         0.0000  RESTRAINT  =         0.0000
 ------------------------------------------------------------------------------

wrapping first mol.:      -38.30066      108.33064        0.00000

 NSTEP =   520000   TIME(PS) =  276080.000  TEMP(K) =   310.17  PRESS =     0.0
 Etot   =   -238884.2579  EKtot   =     63161.6289  EPtot      =   -302045.8868
 BOND   =      2097.0239  ANGLE   =      2414.8403  DIHED      =      1439.7211
 UB     =         0.0000  IMP     =         0.0000  CMAP       =       231.8341
 1-4 NB =      1156.2534  1-4 EEL =     15435.4696  VDWAALS    =     41384.3221
 EELEC  =   -366205.3514  EHBOND  =         0.0000  RESTRAINT  =         0.0000
 ------------------------------------------------------------------------------

wrapping first mol.:      -38.30066      108.33064        0.00000

 NSTEP =   540000   TIME(PS) =  276120.000  TEMP(K) =   307.65  PRESS =     0.0
 Etot   =   -239598.4601  EKtot   =     62649.3555  EPtot      =   -302247.8156
 BOND   =      2057.1745  ANGLE   =      2358.7294  DIHED      =      1396.0632
 UB     =         0.0000  IMP     =         0.0000  CMAP       =       231.8351
 1-4 NB =      1151.2594  1-4 EEL =     15413.0258  VDWAALS    =     40934.3192
 EELEC  =   -365790.2221  EHBOND  =         0.0000  RESTRAINT  =         0.0000
 ------------------------------------------------------------------------------

wrapping first mol.:      -38.30066      108.33064        0.00000

 NSTEP =   560000   TIME(PS) =  276160.000  TEMP(K) =   310.89  PRESS =     0.0
 Etot   =   -238484.7869  EKtot   =     63308.1094  EPtot      =   -301792.8962
 BOND   =      2103.6337  ANGLE   =      2463.4726  DIHED      =      1442.1063
 UB     =         0.0000  IMP     =         0.0000  CMAP       =       228.8237
 1-4 NB =      1175.3306  1-4 EEL =     15377.2241  VDWAALS    =     40859.9044
 EELEC  =   -365443.3917  EHBOND  =         0.0000  RESTRAINT  =         0.0000
 ------------------------------------------------------------------------------

wrapping first mol.:      -38.30066      108.33064        0.00000

 NSTEP =   580000   TIME(PS) =  276200.000  TEMP(K) =   312.21  PRESS =     0.0
 Etot   =   -238415.0827  EKtot   =     63577.6914  EPtot      =   -301992.7741
 BOND   =      2052.7242  ANGLE   =      2372.7192  DIHED      =      1406.9323
 UB     =         0.0000  IMP     =         0.0000  CMAP       =       228.9643
 1-4 NB =      1162.2011  1-4 EEL =     15428.1011  VDWAALS    =     40878.2446
 EELEC  =   -365522.6609  EHBOND  =         0.0000  RESTRAINT  =         0.0000
 ------------------------------------------------------------------------------

wrapping first mol.:      -38.30066      108.33064        0.00000

 NSTEP =   600000   TIME(PS) =  276240.000  TEMP(K) =   312.01  PRESS =     0.0
 Etot   =   -238955.5663  EKtot   =     63537.0664  EPtot      =   -302492.6328
 BOND   =      2121.2526  ANGLE   =      2399.5474  DIHED      =      1391.8835
 UB     =         0.0000  IMP     =         0.0000  CMAP       =       221.1027
 1-4 NB =      1160.6525  1-4 EEL =     15358.8378  VDWAALS    =     41165.3556
 EELEC  =   -366311.2649  EHBOND  =         0.0000  RESTRAINT  =         0.0000
 ------------------------------------------------------------------------------

wrapping first mol.:      -38.30066      108.33064        0.00000

 NSTEP =   620000   TIME(PS) =  276280.000  TEMP(K) =   311.02  PRESS =     0.0
 Etot   =   -238928.8261  EKtot   =     63334.7031  EPtot      =   -302263.5292
 BOND   =      2079.3501  ANGLE   =      2414.2860  DIHED      =      1430.0941
 UB     =         0.0000  IMP     =         0.0000  CMAP       =       230.4398
 1-4 NB =      1161.1356  1-4 EEL =     15393.3638  VDWAALS    =     41305.5468
 EELEC  =   -366277.7454  EHBOND  =         0.0000  RESTRAINT  =         0.0000
 ------------------------------------------------------------------------------

wrapping first mol.:      -38.30066      108.33064        0.00000

 NSTEP =   640000   TIME(PS) =  276320.000  TEMP(K) =   310.95  PRESS =     0.0
 Etot   =   -238397.5252  EKtot   =     63320.3242  EPtot      =   -301717.8494
 BOND   =      2067.8942  ANGLE   =      2415.0714  DIHED      =      1385.4918
 UB     =         0.0000  IMP     =         0.0000  CMAP       =       238.5150
 1-4 NB =      1191.0186  1-4 EEL =     15425.2700  VDWAALS    =     40154.2694
 EELEC  =   -364595.3798  EHBOND  =         0.0000  RESTRAINT  =         0.0000
 ------------------------------------------------------------------------------

wrapping first mol.:      -38.30066      108.33064        0.00000

 NSTEP =   660000   TIME(PS) =  276360.000  TEMP(K) =   308.78  PRESS =     0.0
 Etot   =   -239317.5314  EKtot   =     62877.7227  EPtot      =   -302195.2540
 BOND   =      2028.7180  ANGLE   =      2369.9434  DIHED      =      1384.6574
 UB     =         0.0000  IMP     =         0.0000  CMAP       =       226.0997
 1-4 NB =      1188.9102  1-4 EEL =     15430.1374  VDWAALS    =     40973.4699
 EELEC  =   -365797.1901  EHBOND  =         0.0000  RESTRAINT  =         0.0000
 ------------------------------------------------------------------------------

wrapping first mol.:      -38.30066      108.33064        0.00000

 NSTEP =   680000   TIME(PS) =  276400.000  TEMP(K) =   310.40  PRESS =     0.0
 Etot   =   -238916.9634  EKtot   =     63208.9531  EPtot      =   -302125.9165
 BOND   =      2151.8233  ANGLE   =      2404.7740  DIHED      =      1380.9525
 UB     =         0.0000  IMP     =         0.0000  CMAP       =       237.8059
 1-4 NB =      1152.2776  1-4 EEL =     15428.1910  VDWAALS    =     40621.6716
 EELEC  =   -365503.4122  EHBOND  =         0.0000  RESTRAINT  =         0.0000
 ------------------------------------------------------------------------------

wrapping first mol.:      -38.30066      108.33064        0.00000

 NSTEP =   700000   TIME(PS) =  276440.000  TEMP(K) =   310.35  PRESS =     0.0
 Etot   =   -238301.7476  EKtot   =     63198.1562  EPtot      =   -301499.9038
 BOND   =      2059.7704  ANGLE   =      2433.6111  DIHED      =      1370.2513
 UB     =         0.0000  IMP     =         0.0000  CMAP       =       236.6605
 1-4 NB =      1172.3196  1-4 EEL =     15384.1484  VDWAALS    =     40201.7853
 EELEC  =   -364358.4505  EHBOND  =         0.0000  RESTRAINT  =         0.0000
 ------------------------------------------------------------------------------

wrapping first mol.:      -38.30066      108.33064        0.00000

 NSTEP =   720000   TIME(PS) =  276480.000  TEMP(K) =   308.57  PRESS =     0.0
 Etot   =   -238907.9353  EKtot   =     62834.9180  EPtot      =   -301742.8533
 BOND   =      2059.6994  ANGLE   =      2398.5949  DIHED      =      1407.7670
 UB     =         0.0000  IMP     =         0.0000  CMAP       =       241.7960
 1-4 NB =      1168.6063  1-4 EEL =     15347.4616  VDWAALS    =     40448.1692
 EELEC  =   -364814.9476  EHBOND  =         0.0000  RESTRAINT  =         0.0000
 ------------------------------------------------------------------------------

wrapping first mol.:      -38.30066      108.33064        0.00000

 NSTEP =   740000   TIME(PS) =  276520.000  TEMP(K) =   309.20  PRESS =     0.0
 Etot   =   -238956.0694  EKtot   =     62963.8594  EPtot      =   -301919.9288
 BOND   =      2050.6342  ANGLE   =      2437.6104  DIHED      =      1421.2237
 UB     =         0.0000  IMP     =         0.0000  CMAP       =       244.3107
 1-4 NB =      1174.9371  1-4 EEL =     15443.1447  VDWAALS    =     40529.2514
 EELEC  =   -365221.0410  EHBOND  =         0.0000  RESTRAINT  =         0.0000
 ------------------------------------------------------------------------------

wrapping first mol.:      -38.30066      108.33064        0.00000

 NSTEP =   760000   TIME(PS) =  276560.000  TEMP(K) =   310.12  PRESS =     0.0
 Etot   =   -239069.4032  EKtot   =     63151.5469  EPtot      =   -302220.9501
 BOND   =      2097.5107  ANGLE   =      2447.0649  DIHED      =      1401.8955
 UB     =         0.0000  IMP     =         0.0000  CMAP       =       253.3859
 1-4 NB =      1149.2966  1-4 EEL =     15415.6601  VDWAALS    =     41090.7290
 EELEC  =   -366076.4929  EHBOND  =         0.0000  RESTRAINT  =         0.0000
 ------------------------------------------------------------------------------

wrapping first mol.:      -38.30066      108.33064        0.00000

 NSTEP =   780000   TIME(PS) =  276600.000  TEMP(K) =   310.19  PRESS =     0.0
 Etot   =   -239165.2681  EKtot   =     63165.1328  EPtot      =   -302330.4009
 BOND   =      2072.3726  ANGLE   =      2300.2691  DIHED      =      1413.6060
 UB     =         0.0000  IMP     =         0.0000  CMAP       =       245.1087
 1-4 NB =      1163.5084  1-4 EEL =     15392.5535  VDWAALS    =     41252.0637
 EELEC  =   -366169.8827  EHBOND  =         0.0000  RESTRAINT  =         0.0000
 ------------------------------------------------------------------------------

wrapping first mol.:      -38.30066      108.33064        0.00000

 NSTEP =   800000   TIME(PS) =  276640.000  TEMP(K) =   308.83  PRESS =     0.0
 Etot   =   -238598.6840  EKtot   =     62887.8398  EPtot      =   -301486.5239
 BOND   =      2032.3274  ANGLE   =      2487.5604  DIHED      =      1387.4372
 UB     =         0.0000  IMP     =         0.0000  CMAP       =       235.6353
 1-4 NB =      1189.6542  1-4 EEL =     15335.0927  VDWAALS    =     40205.6913
 EELEC  =   -364359.9224  EHBOND  =         0.0000  RESTRAINT  =         0.0000
 ------------------------------------------------------------------------------

wrapping first mol.:      -38.30066      108.33064        0.00000

 NSTEP =   820000   TIME(PS) =  276680.000  TEMP(K) =   310.53  PRESS =     0.0
 Etot   =   -239165.2655  EKtot   =     63235.6367  EPtot      =   -302400.9022
 BOND   =      2138.9363  ANGLE   =      2404.5865  DIHED      =      1426.0218
 UB     =         0.0000  IMP     =         0.0000  CMAP       =       249.1245
 1-4 NB =      1159.3145  1-4 EEL =     15343.4500  VDWAALS    =     40729.6150
 EELEC  =   -365851.9507  EHBOND  =         0.0000  RESTRAINT  =         0.0000
 ------------------------------------------------------------------------------

wrapping first mol.:      -38.30066      108.33064        0.00000

 NSTEP =   840000   TIME(PS) =  276720.000  TEMP(K) =   311.68  PRESS =     0.0
 Etot   =   -238364.7699  EKtot   =     63469.2969  EPtot      =   -301834.0668
 BOND   =      2086.3699  ANGLE   =      2482.8767  DIHED      =      1410.4520
 UB     =         0.0000  IMP     =         0.0000  CMAP       =       233.1340
 1-4 NB =      1133.6284  1-4 EEL =     15390.5191  VDWAALS    =     40617.6366
 EELEC  =   -365188.6834  EHBOND  =         0.0000  RESTRAINT  =         0.0000
 ------------------------------------------------------------------------------

wrapping first mol.:      -38.30066      108.33064        0.00000

 NSTEP =   860000   TIME(PS) =  276760.000  TEMP(K) =   310.84  PRESS =     0.0
 Etot   =   -238304.1820  EKtot   =     63298.6289  EPtot      =   -301602.8109
 BOND   =      2072.0789  ANGLE   =      2394.4555  DIHED      =      1400.1458
 UB     =         0.0000  IMP     =         0.0000  CMAP       =       245.8374
 1-4 NB =      1168.2140  1-4 EEL =     15365.4353  VDWAALS    =     40548.1304
 EELEC  =   -364797.1082  EHBOND  =         0.0000  RESTRAINT  =         0.0000
 ------------------------------------------------------------------------------

wrapping first mol.:      -38.30066      108.33064        0.00000

 NSTEP =   880000   TIME(PS) =  276800.000  TEMP(K) =   310.36  PRESS =     0.0
 Etot   =   -238548.2370  EKtot   =     63199.5234  EPtot      =   -301747.7604
 BOND   =      2084.3548  ANGLE   =      2448.0924  DIHED      =      1389.6687
 UB     =         0.0000  IMP     =         0.0000  CMAP       =       213.3461
 1-4 NB =      1145.1886  1-4 EEL =     15330.1246  VDWAALS    =     40142.8953
 EELEC  =   -364501.4310  EHBOND  =         0.0000  RESTRAINT  =         0.0000
 ------------------------------------------------------------------------------

wrapping first mol.:      -38.30066      108.33064        0.00000

 NSTEP =   900000   TIME(PS) =  276840.000  TEMP(K) =   309.25  PRESS =     0.0
 Etot   =   -238634.5732  EKtot   =     62974.7227  EPtot      =   -301609.2958
 BOND   =      2090.1392  ANGLE   =      2489.9152  DIHED      =      1398.6613
 UB     =         0.0000  IMP     =         0.0000  CMAP       =       218.7327
 1-4 NB =      1150.8581  1-4 EEL =     15361.9840  VDWAALS    =     40629.9968
 EELEC  =   -364949.5832  EHBOND  =         0.0000  RESTRAINT  =         0.0000
 ------------------------------------------------------------------------------

wrapping first mol.:      -38.30066      108.33064        0.00000

 NSTEP =   920000   TIME(PS) =  276880.000  TEMP(K) =   309.01  PRESS =     0.0
 Etot   =   -238528.7186  EKtot   =     62925.3008  EPtot      =   -301454.0194
 BOND   =      2079.9667  ANGLE   =      2472.9165  DIHED      =      1381.1882
 UB     =         0.0000  IMP     =         0.0000  CMAP       =       241.8050
 1-4 NB =      1145.3284  1-4 EEL =     15318.2676  VDWAALS    =     40398.8752
 EELEC  =   -364492.3671  EHBOND  =         0.0000  RESTRAINT  =         0.0000
 ------------------------------------------------------------------------------

wrapping first mol.:      -38.30066      108.33064        0.00000

 NSTEP =   940000   TIME(PS) =  276920.000  TEMP(K) =   308.17  PRESS =     0.0
 Etot   =   -239996.4582  EKtot   =     62753.4258  EPtot      =   -302749.8840
 BOND   =      2043.1488  ANGLE   =      2397.1721  DIHED      =      1396.8483
 UB     =         0.0000  IMP     =         0.0000  CMAP       =       235.3421
 1-4 NB =      1165.0964  1-4 EEL =     15373.4535  VDWAALS    =     40817.0245
 EELEC  =   -366177.9696  EHBOND  =         0.0000  RESTRAINT  =         0.0000
 ------------------------------------------------------------------------------

wrapping first mol.:      -38.30066      108.33064        0.00000

 NSTEP =   960000   TIME(PS) =  276960.000  TEMP(K) =   309.31  PRESS =     0.0
 Etot   =   -239088.8710  EKtot   =     62986.0117  EPtot      =   -302074.8828
 BOND   =      2059.9035  ANGLE   =      2451.0545  DIHED      =      1422.6843
 UB     =         0.0000  IMP     =         0.0000  CMAP       =       227.7504
 1-4 NB =      1149.2526  1-4 EEL =     15393.2960  VDWAALS    =     40658.5961
 EELEC  =   -365437.4201  EHBOND  =         0.0000  RESTRAINT  =         0.0000
 ------------------------------------------------------------------------------

wrapping first mol.:      -38.30066      108.33064        0.00000

 NSTEP =   980000   TIME(PS) =  277000.000  TEMP(K) =   310.75  PRESS =     0.0
 Etot   =   -238602.0603  EKtot   =     63279.6250  EPtot      =   -301881.6853
 BOND   =      2137.7354  ANGLE   =      2366.3634  DIHED      =      1388.4295
 UB     =         0.0000  IMP     =         0.0000  CMAP       =       224.0626
 1-4 NB =      1157.8983  1-4 EEL =     15408.9742  VDWAALS    =     40302.4459
 EELEC  =   -364867.5945  EHBOND  =         0.0000  RESTRAINT  =         0.0000
 ------------------------------------------------------------------------------

wrapping first mol.:      -38.30066      108.33064        0.00000

 NSTEP =  1000000   TIME(PS) =  277040.000  TEMP(K) =   311.08  PRESS =     0.0
 Etot   =   -239290.0695  EKtot   =     63346.3750  EPtot      =   -302636.4445
 BOND   =      2066.9799  ANGLE   =      2462.7802  DIHED      =      1438.3736
 UB     =         0.0000  IMP     =         0.0000  CMAP       =       224.8233
 1-4 NB =      1150.7866  1-4 EEL =     15476.1784  VDWAALS    =     41057.0040
 EELEC  =   -366513.3706  EHBOND  =         0.0000  RESTRAINT  =         0.0000
 ------------------------------------------------------------------------------

wrapping first mol.:      -38.30066      108.33064        0.00000

 NSTEP =  1020000   TIME(PS) =  277080.000  TEMP(K) =   309.30  PRESS =     0.0
 Etot   =   -239469.7316  EKtot   =     62983.8203  EPtot      =   -302453.5519
 BOND   =      2081.4042  ANGLE   =      2438.3430  DIHED      =      1460.5635
 UB     =         0.0000  IMP     =         0.0000  CMAP       =       232.7770
 1-4 NB =      1176.5939  1-4 EEL =     15420.9849  VDWAALS    =     41050.5627
 EELEC  =   -366314.7810  EHBOND  =         0.0000  RESTRAINT  =         0.0000
 ------------------------------------------------------------------------------

wrapping first mol.:      -38.30066      108.33064        0.00000

 NSTEP =  1040000   TIME(PS) =  277120.000  TEMP(K) =   308.06  PRESS =     0.0
 Etot   =   -238908.4416  EKtot   =     62732.8984  EPtot      =   -301641.3401
 BOND   =      2086.2314  ANGLE   =      2493.8623  DIHED      =      1405.4867
 UB     =         0.0000  IMP     =         0.0000  CMAP       =       232.0643
 1-4 NB =      1144.8221  1-4 EEL =     15298.9278  VDWAALS    =     40462.8797
 EELEC  =   -364765.6145  EHBOND  =         0.0000  RESTRAINT  =         0.0000
 ------------------------------------------------------------------------------

wrapping first mol.:      -38.30066      108.33064        0.00000

 NSTEP =  1060000   TIME(PS) =  277160.000  TEMP(K) =   310.37  PRESS =     0.0
 Etot   =   -238907.2439  EKtot   =     63201.4844  EPtot      =   -302108.7283
 BOND   =      2147.1609  ANGLE   =      2360.8339  DIHED      =      1394.6504
 UB     =         0.0000  IMP     =         0.0000  CMAP       =       224.8952
 1-4 NB =      1162.1238  1-4 EEL =     15392.6671  VDWAALS    =     40012.6907
 EELEC  =   -364803.7504  EHBOND  =         0.0000  RESTRAINT  =         0.0000
 ------------------------------------------------------------------------------

wrapping first mol.:      -38.30066      108.33064        0.00000

 NSTEP =  1080000   TIME(PS) =  277200.000  TEMP(K) =   310.23  PRESS =     0.0
 Etot   =   -238872.8238  EKtot   =     63174.5469  EPtot      =   -302047.3707
 BOND   =      2028.0895  ANGLE   =      2372.6261  DIHED      =      1402.4477
 UB     =         0.0000  IMP     =         0.0000  CMAP       =       240.1922
 1-4 NB =      1185.1578  1-4 EEL =     15513.1024  VDWAALS    =     40911.1494
 EELEC  =   -365700.1358  EHBOND  =         0.0000  RESTRAINT  =         0.0000
 ------------------------------------------------------------------------------

wrapping first mol.:      -38.30066      108.33064        0.00000

 NSTEP =  1100000   TIME(PS) =  277240.000  TEMP(K) =   310.70  PRESS =     0.0
 Etot   =   -238836.8437  EKtot   =     63268.9570  EPtot      =   -302105.8007
 BOND   =      2062.0076  ANGLE   =      2368.0789  DIHED      =      1408.9306
 UB     =         0.0000  IMP     =         0.0000  CMAP       =       231.6973
 1-4 NB =      1164.5829  1-4 EEL =     15468.5015  VDWAALS    =     40622.5500
 EELEC  =   -365432.1495  EHBOND  =         0.0000  RESTRAINT  =         0.0000
 ------------------------------------------------------------------------------

wrapping first mol.:      -38.30066      108.33064        0.00000

 NSTEP =  1120000   TIME(PS) =  277280.000  TEMP(K) =   312.52  PRESS =     0.0
 Etot   =   -238256.9131  EKtot   =     63639.3711  EPtot      =   -301896.2842
 BOND   =      2048.8353  ANGLE   =      2431.5082  DIHED      =      1384.7668
 UB     =         0.0000  IMP     =         0.0000  CMAP       =       237.0427
 1-4 NB =      1159.7775  1-4 EEL =     15329.5920  VDWAALS    =     40424.4799
 EELEC  =   -364912.2867  EHBOND  =         0.0000  RESTRAINT  =         0.0000
 ------------------------------------------------------------------------------

wrapping first mol.:      -38.30066      108.33064        0.00000

 NSTEP =  1140000   TIME(PS) =  277320.000  TEMP(K) =   309.50  PRESS =     0.0
 Etot   =   -239075.7325  EKtot   =     63025.2695  EPtot      =   -302101.0021
 BOND   =      2087.7298  ANGLE   =      2374.3673  DIHED      =      1386.4356
 UB     =         0.0000  IMP     =         0.0000  CMAP       =       239.1798
 1-4 NB =      1163.9959  1-4 EEL =     15438.0797  VDWAALS    =     40900.7935
 EELEC  =   -365691.5836  EHBOND  =         0.0000  RESTRAINT  =         0.0000
 ------------------------------------------------------------------------------

wrapping first mol.:      -38.30066      108.33064        0.00000

 NSTEP =  1160000   TIME(PS) =  277360.000  TEMP(K) =   310.91  PRESS =     0.0
 Etot   =   -238392.4777  EKtot   =     63313.1680  EPtot      =   -301705.6456
 BOND   =      2101.5093  ANGLE   =      2377.9628  DIHED      =      1422.3462
 UB     =         0.0000  IMP     =         0.0000  CMAP       =       235.4172
 1-4 NB =      1154.5478  1-4 EEL =     15321.9806  VDWAALS    =     40408.5467
 EELEC  =   -364727.9562  EHBOND  =         0.0000  RESTRAINT  =         0.0000
 ------------------------------------------------------------------------------

wrapping first mol.:      -38.30066      108.33064        0.00000

 NSTEP =  1180000   TIME(PS) =  277400.000  TEMP(K) =   309.86  PRESS =     0.0
 Etot   =   -239142.8294  EKtot   =     63098.5039  EPtot      =   -302241.3333
 BOND   =      2042.2004  ANGLE   =      2325.2240  DIHED      =      1350.8601
 UB     =         0.0000  IMP     =         0.0000  CMAP       =       224.7719
 1-4 NB =      1153.4117  1-4 EEL =     15386.7094  VDWAALS    =     40638.7767
 EELEC  =   -365363.2876  EHBOND  =         0.0000  RESTRAINT  =         0.0000
 ------------------------------------------------------------------------------

wrapping first mol.:      -38.30066      108.33064        0.00000

 NSTEP =  1200000   TIME(PS) =  277440.000  TEMP(K) =   309.79  PRESS =     0.0
 Etot   =   -238385.6312  EKtot   =     63084.7852  EPtot      =   -301470.4164
 BOND   =      2063.8577  ANGLE   =      2423.5555  DIHED      =      1403.2211
 UB     =         0.0000  IMP     =         0.0000  CMAP       =       234.9693
 1-4 NB =      1169.2204  1-4 EEL =     15383.9360  VDWAALS    =     40169.8802
 EELEC  =   -364319.0567  EHBOND  =         0.0000  RESTRAINT  =         0.0000
 ------------------------------------------------------------------------------

wrapping first mol.:      -38.30066      108.33064        0.00000

 NSTEP =  1220000   TIME(PS) =  277480.000  TEMP(K) =   310.43  PRESS =     0.0
 Etot   =   -238843.2942  EKtot   =     63213.5469  EPtot      =   -302056.8411
 BOND   =      2061.2293  ANGLE   =      2421.6371  DIHED      =      1377.6747
 UB     =         0.0000  IMP     =         0.0000  CMAP       =       218.6451
 1-4 NB =      1164.3950  1-4 EEL =     15339.5127  VDWAALS    =     41085.2709
 EELEC  =   -365725.2060  EHBOND  =         0.0000  RESTRAINT  =         0.0000
 ------------------------------------------------------------------------------

wrapping first mol.:      -38.30066      108.33064        0.00000

 NSTEP =  1240000   TIME(PS) =  277520.000  TEMP(K) =   309.63  PRESS =     0.0
 Etot   =   -238925.6806  EKtot   =     63051.1758  EPtot      =   -301976.8564
 BOND   =      2101.2789  ANGLE   =      2432.1241  DIHED      =      1399.3625
 UB     =         0.0000  IMP     =         0.0000  CMAP       =       207.5872
 1-4 NB =      1158.2351  1-4 EEL =     15429.4656  VDWAALS    =     40414.9297
 EELEC  =   -365119.8395  EHBOND  =         0.0000  RESTRAINT  =         0.0000
 ------------------------------------------------------------------------------

wrapping first mol.:      -38.30066      108.33064        0.00000

 NSTEP =  1260000   TIME(PS) =  277560.000  TEMP(K) =   308.64  PRESS =     0.0
 Etot   =   -239502.4488  EKtot   =     62849.6797  EPtot      =   -302352.1284
 BOND   =      2054.0230  ANGLE   =      2413.7887  DIHED      =      1376.5671
 UB     =         0.0000  IMP     =         0.0000  CMAP       =       217.5956
 1-4 NB =      1166.8656  1-4 EEL =     15395.8196  VDWAALS    =     40787.8474
 EELEC  =   -365764.6353  EHBOND  =         0.0000  RESTRAINT  =         0.0000
 ------------------------------------------------------------------------------

wrapping first mol.:      -38.30066      108.33064        0.00000

 NSTEP =  1280000   TIME(PS) =  277600.000  TEMP(K) =   310.72  PRESS =     0.0
 Etot   =   -238153.4818  EKtot   =     63272.6719  EPtot      =   -301426.1537
 BOND   =      2104.3497  ANGLE   =      2453.3343  DIHED      =      1424.6237
 UB     =         0.0000  IMP     =         0.0000  CMAP       =       219.8215
 1-4 NB =      1178.5504  1-4 EEL =     15338.0481  VDWAALS    =     40780.3184
 EELEC  =   -364925.1998  EHBOND  =         0.0000  RESTRAINT  =         0.0000
 ------------------------------------------------------------------------------

wrapping first mol.:      -38.30066      108.33064        0.00000

 NSTEP =  1300000   TIME(PS) =  277640.000  TEMP(K) =   308.71  PRESS =     0.0
 Etot   =   -239307.6303  EKtot   =     62864.6172  EPtot      =   -302172.2474
 BOND   =      2111.0088  ANGLE   =      2421.4857  DIHED      =      1392.5879
 UB     =         0.0000  IMP     =         0.0000  CMAP       =       234.2744
 1-4 NB =      1160.6124  1-4 EEL =     15360.8761  VDWAALS    =     40364.4933
 EELEC  =   -365217.5860  EHBOND  =         0.0000  RESTRAINT  =         0.0000
 ------------------------------------------------------------------------------

wrapping first mol.:      -38.30066      108.33064        0.00000

 NSTEP =  1320000   TIME(PS) =  277680.000  TEMP(K) =   310.33  PRESS =     0.0
 Etot   =   -239067.0792  EKtot   =     63193.8086  EPtot      =   -302260.8878
 BOND   =      2096.3315  ANGLE   =      2450.6046  DIHED      =      1385.3164
 UB     =         0.0000  IMP     =         0.0000  CMAP       =       225.6448
 1-4 NB =      1147.5623  1-4 EEL =     15384.8938  VDWAALS    =     40951.2114
 EELEC  =   -365902.4527  EHBOND  =         0.0000  RESTRAINT  =         0.0000
 ------------------------------------------------------------------------------

wrapping first mol.:      -38.30066      108.33064        0.00000

 NSTEP =  1340000   TIME(PS) =  277720.000  TEMP(K) =   309.75  PRESS =     0.0
 Etot   =   -239016.5201  EKtot   =     63076.6836  EPtot      =   -302093.2037
 BOND   =      2089.6717  ANGLE   =      2444.2669  DIHED      =      1417.4031
 UB     =         0.0000  IMP     =         0.0000  CMAP       =       226.2564
 1-4 NB =      1169.1089  1-4 EEL =     15445.8496  VDWAALS    =     41006.3212
 EELEC  =   -365892.0814  EHBOND  =         0.0000  RESTRAINT  =         0.0000
 ------------------------------------------------------------------------------

wrapping first mol.:      -38.30066      108.33064        0.00000

 NSTEP =  1360000   TIME(PS) =  277760.000  TEMP(K) =   310.82  PRESS =     0.0
 Etot   =   -238852.5560  EKtot   =     63294.7734  EPtot      =   -302147.3294
 BOND   =      2112.7617  ANGLE   =      2322.8332  DIHED      =      1386.5632
 UB     =         0.0000  IMP     =         0.0000  CMAP       =       207.5978
 1-4 NB =      1164.8406  1-4 EEL =     15444.5691  VDWAALS    =     40893.2920
 EELEC  =   -365679.7871  EHBOND  =         0.0000  RESTRAINT  =         0.0000
 ------------------------------------------------------------------------------

wrapping first mol.:      -38.30066      108.33064        0.00000

 NSTEP =  1380000   TIME(PS) =  277800.000  TEMP(K) =   311.55  PRESS =     0.0
 Etot   =   -238912.9951  EKtot   =     63442.1758  EPtot      =   -302355.1709
 BOND   =      2075.7480  ANGLE   =      2454.9199  DIHED      =      1456.0986
 UB     =         0.0000  IMP     =         0.0000  CMAP       =       229.9357
 1-4 NB =      1163.3884  1-4 EEL =     15386.3051  VDWAALS    =     41314.5806
 EELEC  =   -366436.1472  EHBOND  =         0.0000  RESTRAINT  =         0.0000
 ------------------------------------------------------------------------------

wrapping first mol.:      -38.30066      108.33064        0.00000

 NSTEP =  1400000   TIME(PS) =  277840.000  TEMP(K) =   310.59  PRESS =     0.0
 Etot   =   -238663.7076  EKtot   =     63246.3359  EPtot      =   -301910.0435
 BOND   =      2092.8123  ANGLE   =      2422.6489  DIHED      =      1397.0255
 UB     =         0.0000  IMP     =         0.0000  CMAP       =       234.6655
 1-4 NB =      1178.5127  1-4 EEL =     15460.2251  VDWAALS    =     40910.7182
 EELEC  =   -365606.6519  EHBOND  =         0.0000  RESTRAINT  =         0.0000
 ------------------------------------------------------------------------------

wrapping first mol.:      -38.30066      108.33064        0.00000

 NSTEP =  1420000   TIME(PS) =  277880.000  TEMP(K) =   311.27  PRESS =     0.0
 Etot   =   -238683.4746  EKtot   =     63385.8906  EPtot      =   -302069.3652
 BOND   =      2085.1957  ANGLE   =      2432.7162  DIHED      =      1398.6294
 UB     =         0.0000  IMP     =         0.0000  CMAP       =       231.7562
 1-4 NB =      1154.5265  1-4 EEL =     15388.5624  VDWAALS    =     40461.3294
 EELEC  =   -365222.0810  EHBOND  =         0.0000  RESTRAINT  =         0.0000
 ------------------------------------------------------------------------------

wrapping first mol.:      -38.30066      108.33064        0.00000

 NSTEP =  1440000   TIME(PS) =  277920.000  TEMP(K) =   310.66  PRESS =     0.0
 Etot   =   -238724.1786  EKtot   =     63262.3594  EPtot      =   -301986.5379
 BOND   =      2093.2852  ANGLE   =      2425.1107  DIHED      =      1404.7674
 UB     =         0.0000  IMP     =         0.0000  CMAP       =       224.4283
 1-4 NB =      1157.5006  1-4 EEL =     15424.4753  VDWAALS    =     41286.8023
 EELEC  =   -366002.9076  EHBOND  =         0.0000  RESTRAINT  =         0.0000
 ------------------------------------------------------------------------------

wrapping first mol.:      -38.30066      108.33064        0.00000

 NSTEP =  1460000   TIME(PS) =  277960.000  TEMP(K) =   308.92  PRESS =     0.0
 Etot   =   -238737.1893  EKtot   =     62906.6602  EPtot      =   -301643.8494
 BOND   =      2105.3028  ANGLE   =      2390.9108  DIHED      =      1461.3530
 UB     =         0.0000  IMP     =         0.0000  CMAP       =       227.7301
 1-4 NB =      1178.3963  1-4 EEL =     15452.7050  VDWAALS    =     41289.5301
 EELEC  =   -365749.7774  EHBOND  =         0.0000  RESTRAINT  =         0.0000
 ------------------------------------------------------------------------------

wrapping first mol.:      -38.30066      108.33064        0.00000

 NSTEP =  1480000   TIME(PS) =  278000.000  TEMP(K) =   308.98  PRESS =     0.0
 Etot   =   -239147.7774  EKtot   =     62919.0352  EPtot      =   -302066.8125
 BOND   =      2033.6230  ANGLE   =      2473.4877  DIHED      =      1407.1171
 UB     =         0.0000  IMP     =         0.0000  CMAP       =       241.5998
 1-4 NB =      1165.4607  1-4 EEL =     15383.3164  VDWAALS    =     40528.6105
 EELEC  =   -365300.0277  EHBOND  =         0.0000  RESTRAINT  =         0.0000
 ------------------------------------------------------------------------------

wrapping first mol.:      -38.30066      108.33064        0.00000

 NSTEP =  1500000   TIME(PS) =  278040.000  TEMP(K) =   308.66  PRESS =     0.0
 Etot   =   -239394.1152  EKtot   =     62854.0703  EPtot      =   -302248.1855
 BOND   =      2088.3509  ANGLE   =      2375.4105  DIHED      =      1388.9347
 UB     =         0.0000  IMP     =         0.0000  CMAP       =       224.4961
 1-4 NB =      1176.3306  1-4 EEL =     15492.5908  VDWAALS    =     40365.7053
 EELEC  =   -365360.0045  EHBOND  =         0.0000  RESTRAINT  =         0.0000
 ------------------------------------------------------------------------------

wrapping first mol.:      -38.30066      108.33064        0.00000

 NSTEP =  1520000   TIME(PS) =  278080.000  TEMP(K) =   310.15  PRESS =     0.0
 Etot   =   -238747.8737  EKtot   =     63156.9648  EPtot      =   -301904.8385
 BOND   =      2077.0935  ANGLE   =      2419.7927  DIHED      =      1433.1099
 UB     =         0.0000  IMP     =         0.0000  CMAP       =       224.8827
 1-4 NB =      1163.4514  1-4 EEL =     15446.0045  VDWAALS    =     41498.8695
 EELEC  =   -366168.0429  EHBOND  =         0.0000  RESTRAINT  =         0.0000
 ------------------------------------------------------------------------------

wrapping first mol.:      -38.30066      108.33064        0.00000

 NSTEP =  1540000   TIME(PS) =  278120.000  TEMP(K) =   310.04  PRESS =     0.0
 Etot   =   -238178.4671  EKtot   =     63135.7305  EPtot      =   -301314.1975
 BOND   =      2123.7656  ANGLE   =      2445.6393  DIHED      =      1406.2718
 UB     =         0.0000  IMP     =         0.0000  CMAP       =       240.2433
 1-4 NB =      1199.2360  1-4 EEL =     15405.2251  VDWAALS    =     40884.1816
 EELEC  =   -365018.7603  EHBOND  =         0.0000  RESTRAINT  =         0.0000
 ------------------------------------------------------------------------------

wrapping first mol.:      -38.30066      108.33064        0.00000

 NSTEP =  1560000   TIME(PS) =  278160.000  TEMP(K) =   310.70  PRESS =     0.0
 Etot   =   -238726.2289  EKtot   =     63270.2969  EPtot      =   -301996.5258
 BOND   =      2151.6124  ANGLE   =      2439.5585  DIHED      =      1417.8722
 UB     =         0.0000  IMP     =         0.0000  CMAP       =       213.7946
 1-4 NB =      1142.9541  1-4 EEL =     15469.1495  VDWAALS    =     40851.7455
 EELEC  =   -365683.2125  EHBOND  =         0.0000  RESTRAINT  =         0.0000
 ------------------------------------------------------------------------------

wrapping first mol.:      -38.30066      108.33064        0.00000

 NSTEP =  1580000   TIME(PS) =  278200.000  TEMP(K) =   310.50  PRESS =     0.0
 Etot   =   -238626.7252  EKtot   =     63229.7734  EPtot      =   -301856.4986
 BOND   =      2075.2966  ANGLE   =      2441.1835  DIHED      =      1402.4113
 UB     =         0.0000  IMP     =         0.0000  CMAP       =       229.8794
 1-4 NB =      1148.3953  1-4 EEL =     15499.7403  VDWAALS    =     40811.1185
 EELEC  =   -365464.5235  EHBOND  =         0.0000  RESTRAINT  =         0.0000
 ------------------------------------------------------------------------------

wrapping first mol.:      -38.30066      108.33064        0.00000

 NSTEP =  1600000   TIME(PS) =  278240.000  TEMP(K) =   309.51  PRESS =     0.0
 Etot   =   -238691.9869  EKtot   =     63027.1250  EPtot      =   -301719.1119
 BOND   =      2056.1240  ANGLE   =      2395.6996  DIHED      =      1379.0021
 UB     =         0.0000  IMP     =         0.0000  CMAP       =       223.4798
 1-4 NB =      1179.2916  1-4 EEL =     15501.5156  VDWAALS    =     40636.3726
 EELEC  =   -365090.5972  EHBOND  =         0.0000  RESTRAINT  =         0.0000
 ------------------------------------------------------------------------------

wrapping first mol.:      -38.30066      108.33064        0.00000

 NSTEP =  1620000   TIME(PS) =  278280.000  TEMP(K) =   310.13  PRESS =     0.0
 Etot   =   -238636.4693  EKtot   =     63153.3359  EPtot      =   -301789.8052
 BOND   =      2049.6706  ANGLE   =      2392.0368  DIHED      =      1422.0913
 UB     =         0.0000  IMP     =         0.0000  CMAP       =       242.7040
 1-4 NB =      1169.4748  1-4 EEL =     15451.6237  VDWAALS    =     40757.2880
 EELEC  =   -365274.6944  EHBOND  =         0.0000  RESTRAINT  =         0.0000
 ------------------------------------------------------------------------------

wrapping first mol.:      -38.30066      108.33064        0.00000

 NSTEP =  1640000   TIME(PS) =  278320.000  TEMP(K) =   310.29  PRESS =     0.0
 Etot   =   -238476.7259  EKtot   =     63185.7070  EPtot      =   -301662.4330
 BOND   =      2106.7730  ANGLE   =      2398.2291  DIHED      =      1447.4420
 UB     =         0.0000  IMP     =         0.0000  CMAP       =       214.2811
 1-4 NB =      1154.7510  1-4 EEL =     15529.0838  VDWAALS    =     40396.1531
 EELEC  =   -364909.1461  EHBOND  =         0.0000  RESTRAINT  =         0.0000
 ------------------------------------------------------------------------------

wrapping first mol.:      -38.30066      108.33064        0.00000

 NSTEP =  1660000   TIME(PS) =  278360.000  TEMP(K) =   309.95  PRESS =     0.0
 Etot   =   -238511.3519  EKtot   =     63117.2070  EPtot      =   -301628.5590
 BOND   =      2089.7852  ANGLE   =      2420.8873  DIHED      =      1473.4794
 UB     =         0.0000  IMP     =         0.0000  CMAP       =       238.7108
 1-4 NB =      1179.5957  1-4 EEL =     15452.6088  VDWAALS    =     40682.2154
 EELEC  =   -365165.8416  EHBOND  =         0.0000  RESTRAINT  =         0.0000
 ------------------------------------------------------------------------------

wrapping first mol.:      -38.30066      108.33064        0.00000

 NSTEP =  1680000   TIME(PS) =  278400.000  TEMP(K) =   311.14  PRESS =     0.0
 Etot   =   -239013.0818  EKtot   =     63359.8633  EPtot      =   -302372.9451
 BOND   =      2071.6916  ANGLE   =      2413.1562  DIHED      =      1467.0931
 UB     =         0.0000  IMP     =         0.0000  CMAP       =       204.1105
 1-4 NB =      1174.5060  1-4 EEL =     15544.2613  VDWAALS    =     40714.6792
 EELEC  =   -365962.4430  EHBOND  =         0.0000  RESTRAINT  =         0.0000
 ------------------------------------------------------------------------------

wrapping first mol.:      -38.30066      108.33064        0.00000

 NSTEP =  1700000   TIME(PS) =  278440.000  TEMP(K) =   308.83  PRESS =     0.0
 Etot   =   -239319.8587  EKtot   =     62888.3633  EPtot      =   -302208.2220
 BOND   =      2059.6202  ANGLE   =      2370.2069  DIHED      =      1417.9190
 UB     =         0.0000  IMP     =         0.0000  CMAP       =       237.5156
 1-4 NB =      1156.9581  1-4 EEL =     15563.4574  VDWAALS    =     40495.8418
 EELEC  =   -365509.7410  EHBOND  =         0.0000  RESTRAINT  =         0.0000
 ------------------------------------------------------------------------------

wrapping first mol.:      -38.30066      108.33064        0.00000

 NSTEP =  1720000   TIME(PS) =  278480.000  TEMP(K) =   310.16  PRESS =     0.0
 Etot   =   -238783.0910  EKtot   =     63159.3594  EPtot      =   -301942.4504
 BOND   =      2099.7142  ANGLE   =      2411.4215  DIHED      =      1471.0140
 UB     =         0.0000  IMP     =         0.0000  CMAP       =       223.8094
 1-4 NB =      1171.2370  1-4 EEL =     15523.3701  VDWAALS    =     41014.7312
 EELEC  =   -365857.7477  EHBOND  =         0.0000  RESTRAINT  =         0.0000
 ------------------------------------------------------------------------------

wrapping first mol.:      -38.30066      108.33064        0.00000

 NSTEP =  1740000   TIME(PS) =  278520.000  TEMP(K) =   311.53  PRESS =     0.0
 Etot   =   -239113.4229  EKtot   =     63438.4219  EPtot      =   -302551.8447
 BOND   =      2087.8546  ANGLE   =      2402.2948  DIHED      =      1399.7540
 UB     =         0.0000  IMP     =         0.0000  CMAP       =       228.7458
 1-4 NB =      1158.0804  1-4 EEL =     15428.3857  VDWAALS    =     41078.0818
 EELEC  =   -366335.0417  EHBOND  =         0.0000  RESTRAINT  =         0.0000
 ------------------------------------------------------------------------------

wrapping first mol.:      -38.30066      108.33064        0.00000

 NSTEP =  1760000   TIME(PS) =  278560.000  TEMP(K) =   309.32  PRESS =     0.0
 Etot   =   -239059.5389  EKtot   =     62988.1641  EPtot      =   -302047.7030
 BOND   =      2100.8207  ANGLE   =      2358.1898  DIHED      =      1453.3328
 UB     =         0.0000  IMP     =         0.0000  CMAP       =       230.5950
 1-4 NB =      1180.1700  1-4 EEL =     15428.7455  VDWAALS    =     40165.8120
 EELEC  =   -364965.3688  EHBOND  =         0.0000  RESTRAINT  =         0.0000
 ------------------------------------------------------------------------------

wrapping first mol.:      -38.30066      108.33064        0.00000

 NSTEP =  1780000   TIME(PS) =  278600.000  TEMP(K) =   307.94  PRESS =     0.0
 Etot   =   -239509.0043  EKtot   =     62707.5078  EPtot      =   -302216.5121
 BOND   =      2128.5820  ANGLE   =      2334.6907  DIHED      =      1385.6999
 UB     =         0.0000  IMP     =         0.0000  CMAP       =       235.4561
 1-4 NB =      1155.1586  1-4 EEL =     15446.9035  VDWAALS    =     40665.4793
 EELEC  =   -365568.4822  EHBOND  =         0.0000  RESTRAINT  =         0.0000
 ------------------------------------------------------------------------------

wrapping first mol.:      -38.30066      108.33064        0.00000

 NSTEP =  1800000   TIME(PS) =  278640.000  TEMP(K) =   309.87  PRESS =     0.0
 Etot   =   -238903.1000  EKtot   =     63101.2773  EPtot      =   -302004.3774
 BOND   =      2096.7795  ANGLE   =      2459.6064  DIHED      =      1409.8474
 UB     =         0.0000  IMP     =         0.0000  CMAP       =       228.3064
 1-4 NB =      1163.8294  1-4 EEL =     15440.5549  VDWAALS    =     40938.1368
 EELEC  =   -365741.4381  EHBOND  =         0.0000  RESTRAINT  =         0.0000
 ------------------------------------------------------------------------------

wrapping first mol.:      -38.30066      108.33064        0.00000

 NSTEP =  1820000   TIME(PS) =  278680.000  TEMP(K) =   307.33  PRESS =     0.0
 Etot   =   -239232.5904  EKtot   =     62582.6406  EPtot      =   -301815.2311
 BOND   =      2070.7176  ANGLE   =      2487.3810  DIHED      =      1389.3364
 UB     =         0.0000  IMP     =         0.0000  CMAP       =       236.6605
 1-4 NB =      1171.1088  1-4 EEL =     15426.6468  VDWAALS    =     40410.6797
 EELEC  =   -365007.7619  EHBOND  =         0.0000  RESTRAINT  =         0.0000
 ------------------------------------------------------------------------------

wrapping first mol.:      -38.30066      108.33064        0.00000

 NSTEP =  1840000   TIME(PS) =  278720.000  TEMP(K) =   311.24  PRESS =     0.0
 Etot   =   -238199.6559  EKtot   =     63378.6211  EPtot      =   -301578.2770
 BOND   =      2079.0628  ANGLE   =      2393.4799  DIHED      =      1401.7222
 UB     =         0.0000  IMP     =         0.0000  CMAP       =       234.1889
 1-4 NB =      1177.3812  1-4 EEL =     15432.5671  VDWAALS    =     40184.7306
 EELEC  =   -364481.4097  EHBOND  =         0.0000  RESTRAINT  =         0.0000
 ------------------------------------------------------------------------------

wrapping first mol.:      -38.30066      108.33064        0.00000

 NSTEP =  1860000   TIME(PS) =  278760.000  TEMP(K) =   308.41  PRESS =     0.0
 Etot   =   -239094.6424  EKtot   =     62803.8203  EPtot      =   -301898.4627
 BOND   =      2078.4806  ANGLE   =      2363.6943  DIHED      =      1374.4512
 UB     =         0.0000  IMP     =         0.0000  CMAP       =       246.0401
 1-4 NB =      1162.2275  1-4 EEL =     15303.9370  VDWAALS    =     40524.5900
 EELEC  =   -364951.8834  EHBOND  =         0.0000  RESTRAINT  =         0.0000
 ------------------------------------------------------------------------------

wrapping first mol.:      -38.30066      108.33064        0.00000

 NSTEP =  1880000   TIME(PS) =  278800.000  TEMP(K) =   308.52  PRESS =     0.0
 Etot   =   -239119.4977  EKtot   =     62824.6133  EPtot      =   -301944.1110
 BOND   =      2043.1791  ANGLE   =      2368.5440  DIHED      =      1414.8874
 UB     =         0.0000  IMP     =         0.0000  CMAP       =       232.5676
 1-4 NB =      1174.1225  1-4 EEL =     15404.8153  VDWAALS    =     40916.1588
 EELEC  =   -365498.3858  EHBOND  =         0.0000  RESTRAINT  =         0.0000
 ------------------------------------------------------------------------------

wrapping first mol.:      -38.30066      108.33064        0.00000

 NSTEP =  1900000   TIME(PS) =  278840.000  TEMP(K) =   309.38  PRESS =     0.0
 Etot   =   -238866.5904  EKtot   =     63001.2227  EPtot      =   -301867.8131
 BOND   =      2098.4757  ANGLE   =      2439.9295  DIHED      =      1403.1257
 UB     =         0.0000  IMP     =         0.0000  CMAP       =       225.7010
 1-4 NB =      1172.0947  1-4 EEL =     15365.4120  VDWAALS    =     40934.7532
 EELEC  =   -365507.3048  EHBOND  =         0.0000  RESTRAINT  =         0.0000
 ------------------------------------------------------------------------------

wrapping first mol.:      -38.30066      108.33064        0.00000

 NSTEP =  1920000   TIME(PS) =  278880.000  TEMP(K) =   309.29  PRESS =     0.0
 Etot   =   -239005.9802  EKtot   =     62982.1328  EPtot      =   -301988.1130
 BOND   =      2106.4063  ANGLE   =      2392.2080  DIHED      =      1426.9843
 UB     =         0.0000  IMP     =         0.0000  CMAP       =       238.0736
 1-4 NB =      1183.2398  1-4 EEL =     15316.8307  VDWAALS    =     40904.6331
 EELEC  =   -365556.4888  EHBOND  =         0.0000  RESTRAINT  =         0.0000
 ------------------------------------------------------------------------------

wrapping first mol.:      -38.30066      108.33064        0.00000

 NSTEP =  1940000   TIME(PS) =  278920.000  TEMP(K) =   308.39  PRESS =     0.0
 Etot   =   -239131.4657  EKtot   =     62799.1680  EPtot      =   -301930.6337
 BOND   =      2131.4889  ANGLE   =      2419.0047  DIHED      =      1385.2882
 UB     =         0.0000  IMP     =         0.0000  CMAP       =       248.6718
 1-4 NB =      1175.5027  1-4 EEL =     15415.1956  VDWAALS    =     40396.2919
 EELEC  =   -365102.0774  EHBOND  =         0.0000  RESTRAINT  =         0.0000
 ------------------------------------------------------------------------------

wrapping first mol.:      -38.30066      108.33064        0.00000

 NSTEP =  1960000   TIME(PS) =  278960.000  TEMP(K) =   310.19  PRESS =     0.0
 Etot   =   -238734.1621  EKtot   =     63166.4492  EPtot      =   -301900.6113
 BOND   =      2113.1489  ANGLE   =      2385.0152  DIHED      =      1418.9617
 UB     =         0.0000  IMP     =         0.0000  CMAP       =       239.6554
 1-4 NB =      1155.3481  1-4 EEL =     15456.4814  VDWAALS    =     40791.0185
 EELEC  =   -365460.2405  EHBOND  =         0.0000  RESTRAINT  =         0.0000
 ------------------------------------------------------------------------------

wrapping first mol.:      -38.30066      108.33064        0.00000

 NSTEP =  1980000   TIME(PS) =  279000.000  TEMP(K) =   309.76  PRESS =     0.0
 Etot   =   -238815.0430  EKtot   =     63079.0977  EPtot      =   -301894.1407
 BOND   =      2140.3836  ANGLE   =      2464.2350  DIHED      =      1410.5989
 UB     =         0.0000  IMP     =         0.0000  CMAP       =       246.5131
 1-4 NB =      1173.3052  1-4 EEL =     15462.4284  VDWAALS    =     40569.4261
 EELEC  =   -365361.0310  EHBOND  =         0.0000  RESTRAINT  =         0.0000
 ------------------------------------------------------------------------------

wrapping first mol.:      -38.30066      108.33064        0.00000

 NSTEP =  2000000   TIME(PS) =  279040.000  TEMP(K) =   311.40  PRESS =     0.0
 Etot   =   -238420.0326  EKtot   =     63411.5781  EPtot      =   -301831.6107
 BOND   =      2087.7365  ANGLE   =      2413.9565  DIHED      =      1424.9375
 UB     =         0.0000  IMP     =         0.0000  CMAP       =       247.1220
 1-4 NB =      1173.0359  1-4 EEL =     15365.8525  VDWAALS    =     40823.6701
 EELEC  =   -365367.9217  EHBOND  =         0.0000  RESTRAINT  =         0.0000
 ------------------------------------------------------------------------------

wrapping first mol.:      -38.30066      108.33064        0.00000

 NSTEP =  2020000   TIME(PS) =  279080.000  TEMP(K) =   308.52  PRESS =     0.0
 Etot   =   -239391.5879  EKtot   =     62826.3398  EPtot      =   -302217.9278
 BOND   =      2147.3942  ANGLE   =      2406.1838  DIHED      =      1407.9950
 UB     =         0.0000  IMP     =         0.0000  CMAP       =       234.6912
 1-4 NB =      1149.0960  1-4 EEL =     15368.7451  VDWAALS    =     40627.4980
 EELEC  =   -365559.5309  EHBOND  =         0.0000  RESTRAINT  =         0.0000
 ------------------------------------------------------------------------------

wrapping first mol.:      -38.30066      108.33064        0.00000

 NSTEP =  2040000   TIME(PS) =  279120.000  TEMP(K) =   309.08  PRESS =     0.0
 Etot   =   -238584.5231  EKtot   =     62940.5156  EPtot      =   -301525.0387
 BOND   =      2083.3472  ANGLE   =      2456.1608  DIHED      =      1430.0981
 UB     =         0.0000  IMP     =         0.0000  CMAP       =       218.3449
 1-4 NB =      1153.4141  1-4 EEL =     15460.2340  VDWAALS    =     40550.8310
 EELEC  =   -364877.4688  EHBOND  =         0.0000  RESTRAINT  =         0.0000
 ------------------------------------------------------------------------------

wrapping first mol.:      -38.30066      108.33064        0.00000

 NSTEP =  2060000   TIME(PS) =  279160.000  TEMP(K) =   308.39  PRESS =     0.0
 Etot   =   -238685.1178  EKtot   =     62799.8672  EPtot      =   -301484.9850
 BOND   =      2049.4994  ANGLE   =      2435.9096  DIHED      =      1421.4099
 UB     =         0.0000  IMP     =         0.0000  CMAP       =       227.2624
 1-4 NB =      1174.3561  1-4 EEL =     15445.9148  VDWAALS    =     40822.1472
 EELEC  =   -365061.4843  EHBOND  =         0.0000  RESTRAINT  =         0.0000
 ------------------------------------------------------------------------------

wrapping first mol.:      -38.30066      108.33064        0.00000

 NSTEP =  2080000   TIME(PS) =  279200.000  TEMP(K) =   310.60  PRESS =     0.0
 Etot   =   -238380.3238  EKtot   =     63248.6836  EPtot      =   -301629.0074
 BOND   =      2095.3772  ANGLE   =      2455.6794  DIHED      =      1416.0279
 UB     =         0.0000  IMP     =         0.0000  CMAP       =       229.0970
 1-4 NB =      1180.1992  1-4 EEL =     15424.7636  VDWAALS    =     40655.5257
 EELEC  =   -365085.6773  EHBOND  =         0.0000  RESTRAINT  =         0.0000
 ------------------------------------------------------------------------------

wrapping first mol.:      -38.30066      108.33064        0.00000

 NSTEP =  2100000   TIME(PS) =  279240.000  TEMP(K) =   310.96  PRESS =     0.0
 Etot   =   -238772.8569  EKtot   =     63321.8125  EPtot      =   -302094.6694
 BOND   =      2067.5050  ANGLE   =      2418.3865  DIHED      =      1426.3936
 UB     =         0.0000  IMP     =         0.0000  CMAP       =       236.6601
 1-4 NB =      1170.8730  1-4 EEL =     15398.1573  VDWAALS    =     40691.2788
 EELEC  =   -365503.9237  EHBOND  =         0.0000  RESTRAINT  =         0.0000
 ------------------------------------------------------------------------------

wrapping first mol.:      -38.30066      108.33064        0.00000

 NSTEP =  2120000   TIME(PS) =  279280.000  TEMP(K) =   308.88  PRESS =     0.0
 Etot   =   -238575.4986  EKtot   =     62898.0859  EPtot      =   -301473.5845
 BOND   =      2166.6334  ANGLE   =      2481.3384  DIHED      =      1382.7860
 UB     =         0.0000  IMP     =         0.0000  CMAP       =       215.7162
 1-4 NB =      1165.8907  1-4 EEL =     15466.3555  VDWAALS    =     40533.8892
 EELEC  =   -364886.1939  EHBOND  =         0.0000  RESTRAINT  =         0.0000
 ------------------------------------------------------------------------------

wrapping first mol.:      -38.30066      108.33064        0.00000

 NSTEP =  2140000   TIME(PS) =  279320.000  TEMP(K) =   310.89  PRESS =     0.0
 Etot   =   -238531.8059  EKtot   =     63308.4141  EPtot      =   -301840.2199
 BOND   =      2105.1721  ANGLE   =      2447.1368  DIHED      =      1395.2020
 UB     =         0.0000  IMP     =         0.0000  CMAP       =       213.5088
 1-4 NB =      1154.0441  1-4 EEL =     15414.2980  VDWAALS    =     41043.4448
 EELEC  =   -365613.0265  EHBOND  =         0.0000  RESTRAINT  =         0.0000
 ------------------------------------------------------------------------------

wrapping first mol.:      -38.30066      108.33064        0.00000

 NSTEP =  2160000   TIME(PS) =  279360.000  TEMP(K) =   310.25  PRESS =     0.0
 Etot   =   -238657.0015  EKtot   =     63177.4883  EPtot      =   -301834.4897
 BOND   =      2105.3377  ANGLE   =      2371.2480  DIHED      =      1422.4122
 UB     =         0.0000  IMP     =         0.0000  CMAP       =       233.5058
 1-4 NB =      1175.6499  1-4 EEL =     15459.6861  VDWAALS    =     41215.3097
 EELEC  =   -365817.6392  EHBOND  =         0.0000  RESTRAINT  =         0.0000
 ------------------------------------------------------------------------------

wrapping first mol.:      -38.30066      108.33064        0.00000

 NSTEP =  2180000   TIME(PS) =  279400.000  TEMP(K) =   309.05  PRESS =     0.0
 Etot   =   -239113.4730  EKtot   =     62934.3047  EPtot      =   -302047.7777
 BOND   =      2074.1208  ANGLE   =      2364.9654  DIHED      =      1437.5999
 UB     =         0.0000  IMP     =         0.0000  CMAP       =       209.1725
 1-4 NB =      1179.0590  1-4 EEL =     15423.0549  VDWAALS    =     40560.7072
 EELEC  =   -365296.4574  EHBOND  =         0.0000  RESTRAINT  =         0.0000
 ------------------------------------------------------------------------------

wrapping first mol.:      -38.30066      108.33064        0.00000

 NSTEP =  2200000   TIME(PS) =  279440.000  TEMP(K) =   309.12  PRESS =     0.0
 Etot   =   -238990.5217  EKtot   =     62947.5156  EPtot      =   -301938.0374
 BOND   =      2090.8692  ANGLE   =      2409.5065  DIHED      =      1400.9576
 UB     =         0.0000  IMP     =         0.0000  CMAP       =       226.2098
 1-4 NB =      1191.7772  1-4 EEL =     15357.4307  VDWAALS    =     41035.6453
 EELEC  =   -365650.4337  EHBOND  =         0.0000  RESTRAINT  =         0.0000
 ------------------------------------------------------------------------------

wrapping first mol.:      -38.30066      108.33064        0.00000

 NSTEP =  2220000   TIME(PS) =  279480.000  TEMP(K) =   310.52  PRESS =     0.0
 Etot   =   -238509.0388  EKtot   =     63233.5859  EPtot      =   -301742.6247
 BOND   =      2068.7807  ANGLE   =      2422.6978  DIHED      =      1435.5412
 UB     =         0.0000  IMP     =         0.0000  CMAP       =       226.2497
 1-4 NB =      1160.8310  1-4 EEL =     15474.3003  VDWAALS    =     40779.5015
 EELEC  =   -365310.5269  EHBOND  =         0.0000  RESTRAINT  =         0.0000
 ------------------------------------------------------------------------------

wrapping first mol.:      -38.30066      108.33064        0.00000

 NSTEP =  2240000   TIME(PS) =  279520.000  TEMP(K) =   310.75  PRESS =     0.0
 Etot   =   -238932.1552  EKtot   =     63279.5703  EPtot      =   -302211.7255
 BOND   =      2049.5977  ANGLE   =      2404.7711  DIHED      =      1421.6351
 UB     =         0.0000  IMP     =         0.0000  CMAP       =       228.0719
 1-4 NB =      1157.7652  1-4 EEL =     15423.7864  VDWAALS    =     40596.3878
 EELEC  =   -365493.7408  EHBOND  =         0.0000  RESTRAINT  =         0.0000
 ------------------------------------------------------------------------------

wrapping first mol.:      -38.30066      108.33064        0.00000

 NSTEP =  2260000   TIME(PS) =  279560.000  TEMP(K) =   310.69  PRESS =     0.0
 Etot   =   -239068.7707  EKtot   =     63268.1523  EPtot      =   -302336.9231
 BOND   =      2091.7841  ANGLE   =      2375.2446  DIHED      =      1413.4621
 UB     =         0.0000  IMP     =         0.0000  CMAP       =       213.2760
 1-4 NB =      1201.9282  1-4 EEL =     15374.7624  VDWAALS    =     40844.9907
 EELEC  =   -365852.3714  EHBOND  =         0.0000  RESTRAINT  =         0.0000
 ------------------------------------------------------------------------------

wrapping first mol.:      -38.30066      108.33064        0.00000

 NSTEP =  2280000   TIME(PS) =  279600.000  TEMP(K) =   311.06  PRESS =     0.0
 Etot   =   -238950.0325  EKtot   =     63341.8906  EPtot      =   -302291.9231
 BOND   =      2046.9996  ANGLE   =      2437.0263  DIHED      =      1408.1404
 UB     =         0.0000  IMP     =         0.0000  CMAP       =       222.0540
 1-4 NB =      1146.4705  1-4 EEL =     15438.2100  VDWAALS    =     41356.2765
 EELEC  =   -366347.1004  EHBOND  =         0.0000  RESTRAINT  =         0.0000
 ------------------------------------------------------------------------------

wrapping first mol.:      -38.30066      108.33064        0.00000

 NSTEP =  2300000   TIME(PS) =  279640.000  TEMP(K) =   310.91  PRESS =     0.0
 Etot   =   -238971.4158  EKtot   =     63311.8945  EPtot      =   -302283.3103
 BOND   =      2154.9954  ANGLE   =      2403.9525  DIHED      =      1402.8210
 UB     =         0.0000  IMP     =         0.0000  CMAP       =       230.3915
 1-4 NB =      1174.5508  1-4 EEL =     15393.2470  VDWAALS    =     40587.1268
 EELEC  =   -365630.3952  EHBOND  =         0.0000  RESTRAINT  =         0.0000
 ------------------------------------------------------------------------------

wrapping first mol.:      -38.30066      108.33064        0.00000

 NSTEP =  2320000   TIME(PS) =  279680.000  TEMP(K) =   309.14  PRESS =     0.0
 Etot   =   -238804.1063  EKtot   =     62952.6328  EPtot      =   -301756.7391
 BOND   =      2141.4068  ANGLE   =      2407.9336  DIHED      =      1425.6524
 UB     =         0.0000  IMP     =         0.0000  CMAP       =       226.3610
 1-4 NB =      1149.4307  1-4 EEL =     15422.0129  VDWAALS    =     40665.9435
 EELEC  =   -365195.4799  EHBOND  =         0.0000  RESTRAINT  =         0.0000
 ------------------------------------------------------------------------------

wrapping first mol.:      -38.30066      108.33064        0.00000

 NSTEP =  2340000   TIME(PS) =  279720.000  TEMP(K) =   308.90  PRESS =     0.0
 Etot   =   -239475.7298  EKtot   =     62902.3750  EPtot      =   -302378.1048
 BOND   =      2106.8096  ANGLE   =      2402.6073  DIHED      =      1392.9782
 UB     =         0.0000  IMP     =         0.0000  CMAP       =       206.2879
 1-4 NB =      1171.8622  1-4 EEL =     15496.6674  VDWAALS    =     40558.4527
 EELEC  =   -365713.7700  EHBOND  =         0.0000  RESTRAINT  =         0.0000
 ------------------------------------------------------------------------------

wrapping first mol.:      -38.30066      108.33064        0.00000

 NSTEP =  2360000   TIME(PS) =  279760.000  TEMP(K) =   309.32  PRESS =     0.0
 Etot   =   -238367.1308  EKtot   =     62988.7578  EPtot      =   -301355.8886
 BOND   =      2001.7783  ANGLE   =      2489.6410  DIHED      =      1410.4445
 UB     =         0.0000  IMP     =         0.0000  CMAP       =       229.7752
 1-4 NB =      1157.2408  1-4 EEL =     15450.7813  VDWAALS    =     40661.9511
 EELEC  =   -364757.5008  EHBOND  =         0.0000  RESTRAINT  =         0.0000
 ------------------------------------------------------------------------------

wrapping first mol.:      -38.30066      108.33064        0.00000

 NSTEP =  2380000   TIME(PS) =  279800.000  TEMP(K) =   309.13  PRESS =     0.0
 Etot   =   -238945.7365  EKtot   =     62949.9922  EPtot      =   -301895.7287
 BOND   =      2096.1748  ANGLE   =      2424.7974  DIHED      =      1445.0793
 UB     =         0.0000  IMP     =         0.0000  CMAP       =       223.8673
 1-4 NB =      1151.8943  1-4 EEL =     15489.4266  VDWAALS    =     40865.4722
 EELEC  =   -365592.4407  EHBOND  =         0.0000  RESTRAINT  =         0.0000
 ------------------------------------------------------------------------------

wrapping first mol.:      -38.30066      108.33064        0.00000

 NSTEP =  2400000   TIME(PS) =  279840.000  TEMP(K) =   310.41  PRESS =     0.0
 Etot   =   -238330.3876  EKtot   =     63210.3672  EPtot      =   -301540.7547
 BOND   =      2138.4683  ANGLE   =      2396.9806  DIHED      =      1404.8479
 UB     =         0.0000  IMP     =         0.0000  CMAP       =       235.3396
 1-4 NB =      1160.0752  1-4 EEL =     15431.5012  VDWAALS    =     40231.6615
 EELEC  =   -364539.6290  EHBOND  =         0.0000  RESTRAINT  =         0.0000
 ------------------------------------------------------------------------------

wrapping first mol.:      -38.30066      108.33064        0.00000

 NSTEP =  2420000   TIME(PS) =  279880.000  TEMP(K) =   310.14  PRESS =     0.0
 Etot   =   -239452.4056  EKtot   =     63156.4062  EPtot      =   -302608.8119
 BOND   =      2035.6094  ANGLE   =      2335.5557  DIHED      =      1440.7026
 UB     =         0.0000  IMP     =         0.0000  CMAP       =       201.8930
 1-4 NB =      1186.0090  1-4 EEL =     15555.9845  VDWAALS    =     40588.0098
 EELEC  =   -365952.5758  EHBOND  =         0.0000  RESTRAINT  =         0.0000
 ------------------------------------------------------------------------------

wrapping first mol.:      -38.30066      108.33064        0.00000

 NSTEP =  2440000   TIME(PS) =  279920.000  TEMP(K) =   308.81  PRESS =     0.0
 Etot   =   -238857.7700  EKtot   =     62885.1992  EPtot      =   -301742.9692
 BOND   =      2098.0365  ANGLE   =      2432.8615  DIHED      =      1425.7516
 UB     =         0.0000  IMP     =         0.0000  CMAP       =       214.6947
 1-4 NB =      1142.3554  1-4 EEL =     15435.2382  VDWAALS    =     40336.1769
 EELEC  =   -364828.0841  EHBOND  =         0.0000  RESTRAINT  =         0.0000
 ------------------------------------------------------------------------------

wrapping first mol.:      -38.30066      108.33064        0.00000

 NSTEP =  2460000   TIME(PS) =  279960.000  TEMP(K) =   311.61  PRESS =     0.0
 Etot   =   -238385.3446  EKtot   =     63455.8516  EPtot      =   -301841.1961
 BOND   =      2089.2222  ANGLE   =      2404.7647  DIHED      =      1419.5639
 UB     =         0.0000  IMP     =         0.0000  CMAP       =       231.5348
 1-4 NB =      1138.3132  1-4 EEL =     15540.0389  VDWAALS    =     40531.6414
 EELEC  =   -365196.2751  EHBOND  =         0.0000  RESTRAINT  =         0.0000
 ------------------------------------------------------------------------------

wrapping first mol.:      -38.30066      108.33064        0.00000

 NSTEP =  2480000   TIME(PS) =  280000.000  TEMP(K) =   311.92  PRESS =     0.0
 Etot   =   -237981.1258  EKtot   =     63518.6875  EPtot      =   -301499.8133
 BOND   =      2104.4897  ANGLE   =      2419.1623  DIHED      =      1440.5159
 UB     =         0.0000  IMP     =         0.0000  CMAP       =       221.6036
 1-4 NB =      1176.1036  1-4 EEL =     15457.3034  VDWAALS    =     40402.1192
 EELEC  =   -364721.1110  EHBOND  =         0.0000  RESTRAINT  =         0.0000
 ------------------------------------------------------------------------------

wrapping first mol.:      -38.30066      108.33064        0.00000
wrapping first mol.:      -38.30066      108.33064        0.00000

 NSTEP =  2500000   TIME(PS) =  280040.000  TEMP(K) =   310.65  PRESS =     0.0
 Etot   =   -238893.4985  EKtot   =     63259.1094  EPtot      =   -302152.6079
 BOND   =      2047.2398  ANGLE   =      2435.0741  DIHED      =      1412.8399
 UB     =         0.0000  IMP     =         0.0000  CMAP       =       224.3712
 1-4 NB =      1147.3084  1-4 EEL =     15371.5972  VDWAALS    =     40944.2104
 EELEC  =   -365735.2490  EHBOND  =         0.0000  RESTRAINT  =         0.0000
 ------------------------------------------------------------------------------


      A V E R A G E S   O V E R     125 S T E P S


 NSTEP =  2500000   TIME(PS) =  280040.000  TEMP(K) =   309.99  PRESS =     0.0
 Etot   =   -238821.3327  EKtot   =     63124.8847  EPtot      =   -301946.2174
 BOND   =      2085.5012  ANGLE   =      2413.0117  DIHED      =      1410.8993
 UB     =         0.0000  IMP     =         0.0000  CMAP       =       230.0971
 1-4 NB =      1165.2136  1-4 EEL =     15415.3228  VDWAALS    =     40693.5516
 EELEC  =   -365359.8147  EHBOND  =         0.0000  RESTRAINT  =         0.0000
 ------------------------------------------------------------------------------


      R M S  F L U C T U A T I O N S


 NSTEP =  2500000   TIME(PS) =  280040.000  TEMP(K) =     1.02  PRESS =     0.0
 Etot   =       359.3705  EKtot   =       207.0208  EPtot      =       311.6818
 BOND   =        32.2142  ANGLE   =        40.1325  DIHED      =        22.1339
 UB     =         0.0000  IMP     =         0.0000  CMAP       =        11.2837
 1-4 NB =        13.0751  1-4 EEL =        53.8636  VDWAALS    =       308.3062
 EELEC  =       510.3416  EHBOND  =         0.0000  RESTRAINT  =         0.0000
 ------------------------------------------------------------------------------

--------------------------------------------------------------------------------
   5.  TIMINGS
--------------------------------------------------------------------------------

|  NonSetup CPU Time in Major Routines:
|
|     Routine           Sec        %
|     ------------------------------
|     Nonbond         156.46   11.49
|     Bond              0.00    0.00
|     Angle             0.00    0.00
|     Dihedral          0.00    0.00
|     Shake            10.30    0.76
|     RunMD          1193.27   87.60
|     Other             2.17    0.16
|     ------------------------------
|     Total          1362.20

|  PME Nonbond Pairlist CPU Time:
|
|     Routine              Sec        %
|     ---------------------------------
|     Set Up Cit           0.00    0.00
|     Build List           0.00    0.00
|     ---------------------------------
|     Total                0.00    0.00

|  PME Direct Force CPU Time:
|
|     Routine              Sec        %
|     ---------------------------------
|     NonBonded Calc       0.00    0.00
|     Exclude Masked       0.00    0.00
|     Other                1.36    0.10
|     ---------------------------------
|     Total                1.36    0.10

|  PME Reciprocal Force CPU Time:
|
|     Routine              Sec        %
|     ---------------------------------
|     1D bspline           0.00    0.00
|     Grid Charges         0.00    0.00
|     Scalar Sum           0.00    0.00
|     Gradient Sum         0.00    0.00
|     FFT                  0.00    0.00
|     ---------------------------------
|     Total                0.00    0.00

|  Final Performance Info:
|     -----------------------------------------------------
|     Average timings for last   80000 steps:
|     Elapsed(s) =      43.63 Per Step(ms) =       0.55
|         ns/day =     316.84   seconds/ns =     272.69
|
|     Average timings for all steps:
|     Elapsed(s) =    1364.52 Per Step(ms) =       0.55
|         ns/day =     316.60   seconds/ns =     272.90
|     -----------------------------------------------------

|  Setup CPU time:            1.17 seconds
|  NonSetup CPU time:      1362.20 seconds
|  Total CPU time:         1363.37 seconds     0.38 hours

|  Setup wall time:           2    seconds
|  NonSetup wall time:     1364    seconds
|  Total wall time:        1366    seconds     0.38 hours
