
          -------------------------------------------------------
          Amber 24 PMEMD                              2024
          -------------------------------------------------------

| PMEMD implementation of SANDER, Release 24

|  Compiled date/time: Thu Apr  3 17:55:38 2025
| Run on 11/15/2025 at 15:21:45

|   Executable path: pmemd.cuda_SPFP
| Working directory: /rs1/researchers/h/hall/vtnguye4/Amber_restart/cappedP1amber/P1_Simulation3
|          Hostname: gpu27

  [-O]verwriting output

File Assignments:
|   MDIN: /rs1/researchers/h/hall/vtnguye4/Amber_restart/cappedP1amber/equil.in 
|  MDOUT: ./OUT_Files/equil73.out                                               
| INPCRD: ./RST_Files/equil72.rst7                                              
|   PARM: ./PRMTOP_Files/P1.prmtop                                              
| RESTRT: ./RST_Files/equil73.rst7                                              
|   REFC: refc                                                                  
|  MDVEL: mdvel                                                                 
|   MDEN: mden                                                                  
|  MDCRD: ./nc_Files/equil73.nc                                                 
| MDINFO: mdinfo                                                                
|  MDFRC: mdfrc                                                                 


 Here is the input file:

!Stage equilibration 5ns                                                       
&cntrl                                                                         
imin=0, irest=1, ntx=5,                                                        
nstlim=2500000, dt=0.002,                                                      
ntc=2, ntf=2, ig=-1,                                                           
ntt=3, gamma_ln=2.0,                                                           
tempi=310.0, temp0=310.0,                                                      
ntxo=2, ioutfm=1,                                                              
ntpr=20000, ntwx=20000,                                                        
ntb=1,                                                                         
cut=9.0,                                                                       
iwrap=1,                                                                       
/                                                                              


Note: ig = -1. Setting random seed to   516466 based on wallclock time in 
      microseconds.
| irandom = 1, using AMBER's internal random number generator (default).
 
|--------------------- INFORMATION ----------------------
| GPU (CUDA) Version of PMEMD in use: NVIDIA GPU IN USE.
|                    Version 18.0.0
| 
|                      03/25/2018
| 
| Implementation by:
|                    Ross C. Walker     (SDSC)
|                    Scott Le Grand     (nVIDIA)
| 
| Version 18 performance extensions by:
|                    David Cerutti     (Rutgers)
| 
| Precision model in use:
|      [SPFP] - Single Precision Forces, 64-bit Fixed Point
|               Accumulation. (Default)
| 
|--------------------------------------------------------
 
|----------------- CITATION INFORMATION -----------------
|
|    When publishing work that utilized the CUDA version
|    of AMBER, please cite the following in addition to
|    the regular AMBER citations:
|
|  - Romelia Salomon-Ferrer; Andreas W. Goetz; Duncan
|    Poole; Scott Le Grand; Ross C. Walker "Routine
|    microsecond molecular dynamics simulations with
|    AMBER - Part II: Particle Mesh Ewald", J. Chem.
|    Theory Comput., 2013, 9 (9), pp3878-3888,
|    DOI: 10.1021/ct400314y.
|
|  - Andreas W. Goetz; Mark J. Williamson; Dong Xu;
|    Duncan Poole; Scott Le Grand; Ross C. Walker
|    "Routine microsecond molecular dynamics simulations
|    with AMBER - Part I: Generalized Born", J. Chem.
|    Theory Comput., 2012, 8 (5), pp1542-1555.
|
|  - Scott Le Grand; Andreas W. Goetz; Ross C. Walker
|    "SPFP: Speed without compromise - a mixed precision
|    model for GPU accelerated molecular dynamics
|    simulations.", Comp. Phys. Comm., 2013, 184
|    pp374-380, DOI: 10.1016/j.cpc.2012.09.022
|
|--------------------------------------------------------
 
|------------------- GPU DEVICE INFO --------------------
|
|            CUDA_VISIBLE_DEVICES: 0
|   CUDA Capable Devices Detected:      1
|           CUDA Device ID in use:      0
|                CUDA Device Name: NVIDIA L40S
|     CUDA Device Global Mem Size:  45487 MB
| CUDA Device Num Multiprocessors:    142
|           CUDA Device Core Freq:   2.52 GHz
|
|--------------------------------------------------------
 
 
| Conditional Compilation Defines Used:
| PUBFFT
| BINTRAJ
| CUDA
| EMIL

| Largest sphere to fit in unit cell has radius =    46.909

| New format PARM file being parsed.
| Version =    1.000 Date = 10/28/25 Time = 16:56:02

| Note: 1-4 EEL scale factors are being read from the topology file.

| Note: 1-4 VDW scale factors are being read from the topology file.
| Duplicated    0 dihedrals

| Duplicated    0 dihedrals

--------------------------------------------------------------------------------
   1.  RESOURCE   USE: 
--------------------------------------------------------------------------------

 getting box info from netcdf restart file
 NATOM  =  101202 NTYPES =      11 NBONH =   98658 MBONA  =    2544
 NTHETH =    5904 MTHETA =    3408 NPHIH =   11760 MPHIA  =   10368
 NHPARM =       0 NPARM  =       0 NNB   =  155656 NRES   =   32422
 NBONA  =    2544 NTHETA =    3408 NPHIA =   10368 NUMBND =      27
 NUMANG =      54 NPTRA  =      59 NATYP =      16 NPHB   =       0
 IFBOX  =       2 NMXRS  =      21 IFCAP =       0 NEXTRA =       0
 NCOPY  =       0

| Coordinate Index Table dimensions:    20   20   20
| Direct force subcell size =     5.7451    5.7451    5.7451

     BOX TYPE: TRUNCATED OCTAHEDRON

--------------------------------------------------------------------------------
   2.  CONTROL  DATA  FOR  THE  RUN
--------------------------------------------------------------------------------

default_name                                                                    

General flags:
     imin    =       0, nmropt  =       0

Nature and format of input:
     ntx     =       5, irest   =       1, ntrx    =       1

Nature and format of output:
     ntxo    =       2, ntpr    =   20000, ntrx    =       1, ntwr    = 2500000
     iwrap   =       1, ntwx    =   20000, ntwv    =       0, ntwe    =       0
     ioutfm  =       1, ntwprt  =       0, idecomp =       0, rbornstat=      0

Potential function:
     ntf     =       2, ntb     =       1, igb     =       0, nsnb    =      25
     ipol    =       0, gbsa    =       0, iesp    =       0
     dielc   =   1.00000, cut     =   9.00000, intdiel =   1.00000

Frozen or restrained atoms:
     ibelly  =       0, ntr     =       0

Molecular dynamics:
     nstlim  =   2500000, nscm    =      1000, nrespa  =         1
     t       =   0.00000, dt      =   0.00200, vlimit  =  -1.00000

Langevin dynamics temperature regulation:
     ig      =  516466
     temp0   = 310.00000, tempi   = 310.00000, gamma_ln=   2.00000

SHAKE:
     ntc     =       2, jfastw  =       0
     tol     =   0.00001

| Intermolecular bonds treatment:
|     no_intermolecular_bonds =       1

| Energy averages sample interval:
|     ene_avg_sampling =   20000

Ewald parameters:
     verbose =       0, ew_type =       0, nbflag  =       1, use_pme =       1
     vdwmeth =       1, eedmeth =       1, netfrc  =       1
     Box X =  114.902   Box Y =  114.902   Box Z =  114.902
     Alpha =  109.471   Beta  =  109.471   Gamma =  109.471
     NFFT1 =  120       NFFT2 =  120       NFFT3 =  120
     Cutoff=    9.000   Tol   =0.100E-04
     Ewald Coefficient =  0.30768
     Interpolation order =    4

--------------------------------------------------------------------------------
   3.  ATOMIC COORDINATES AND VELOCITIES
--------------------------------------------------------------------------------

default_name                                                                    
 begin time read from input coords =360039.999 ps

 
 Number of triangulated 3-point waters found:    31990

     Sum of charges from parm topology file =  -0.00000047
     Forcing neutrality...

| Dynamic Memory, Types Used:
| Reals             3080462
| Integers          3650456

| Nonbonded Pairs Initial Allocation:    23074056

| GPU memory information (estimate):
| KB of GPU memory in use:    789634
| KB of CPU memory in use:    210424

--------------------------------------------------------------------------------
   4.  RESULTS
--------------------------------------------------------------------------------

wrapping first mol.:      -38.30066      108.33064        0.00000

 NSTEP =    20000   TIME(PS) =  360079.999  TEMP(K) =   310.22  PRESS =     0.0
 Etot   =   -239076.1513  EKtot   =     63171.7266  EPtot      =   -302247.8778
 BOND   =      2112.4023  ANGLE   =      2450.2348  DIHED      =      1387.0490
 UB     =         0.0000  IMP     =         0.0000  CMAP       =       243.1489
 1-4 NB =      1178.0863  1-4 EEL =     15333.1330  VDWAALS    =     40973.5563
 EELEC  =   -365925.4886  EHBOND  =         0.0000  RESTRAINT  =         0.0000
 ------------------------------------------------------------------------------

wrapping first mol.:      -38.30066      108.33064        0.00000

 NSTEP =    40000   TIME(PS) =  360119.999  TEMP(K) =   308.35  PRESS =     0.0
 Etot   =   -238752.4365  EKtot   =     62791.1797  EPtot      =   -301543.6161
 BOND   =      2048.4770  ANGLE   =      2455.5781  DIHED      =      1400.8465
 UB     =         0.0000  IMP     =         0.0000  CMAP       =       249.7924
 1-4 NB =      1175.0388  1-4 EEL =     15332.2534  VDWAALS    =     40334.2410
 EELEC  =   -364539.8434  EHBOND  =         0.0000  RESTRAINT  =         0.0000
 ------------------------------------------------------------------------------

wrapping first mol.:      -38.30066      108.33064        0.00000

 NSTEP =    60000   TIME(PS) =  360159.999  TEMP(K) =   310.88  PRESS =     0.0
 Etot   =   -238829.7419  EKtot   =     63306.8398  EPtot      =   -302136.5817
 BOND   =      2119.4273  ANGLE   =      2426.2715  DIHED      =      1374.3524
 UB     =         0.0000  IMP     =         0.0000  CMAP       =       239.5625
 1-4 NB =      1158.4520  1-4 EEL =     15310.8853  VDWAALS    =     40447.5221
 EELEC  =   -365213.0549  EHBOND  =         0.0000  RESTRAINT  =         0.0000
 ------------------------------------------------------------------------------

wrapping first mol.:      -38.30066      108.33064        0.00000

 NSTEP =    80000   TIME(PS) =  360199.999  TEMP(K) =   307.56  PRESS =     0.0
 Etot   =   -239849.8957  EKtot   =     62630.3086  EPtot      =   -302480.2043
 BOND   =      2106.3825  ANGLE   =      2378.2947  DIHED      =      1377.0276
 UB     =         0.0000  IMP     =         0.0000  CMAP       =       233.9055
 1-4 NB =      1162.0590  1-4 EEL =     15291.2962  VDWAALS    =     41198.8515
 EELEC  =   -366228.0214  EHBOND  =         0.0000  RESTRAINT  =         0.0000
 ------------------------------------------------------------------------------

wrapping first mol.:      -38.30066      108.33064        0.00000

 NSTEP =   100000   TIME(PS) =  360239.999  TEMP(K) =   309.82  PRESS =     0.0
 Etot   =   -238602.3318  EKtot   =     63090.0312  EPtot      =   -301692.3630
 BOND   =      2110.3437  ANGLE   =      2351.3908  DIHED      =      1374.4914
 UB     =         0.0000  IMP     =         0.0000  CMAP       =       238.7283
 1-4 NB =      1160.2737  1-4 EEL =     15408.7194  VDWAALS    =     40776.8536
 EELEC  =   -365113.1639  EHBOND  =         0.0000  RESTRAINT  =         0.0000
 ------------------------------------------------------------------------------

wrapping first mol.:      -38.30066      108.33064        0.00000

 NSTEP =   120000   TIME(PS) =  360279.999  TEMP(K) =   310.44  PRESS =     0.0
 Etot   =   -238588.4858  EKtot   =     63216.5078  EPtot      =   -301804.9936
 BOND   =      2050.3614  ANGLE   =      2336.0635  DIHED      =      1414.2779
 UB     =         0.0000  IMP     =         0.0000  CMAP       =       232.1549
 1-4 NB =      1173.5054  1-4 EEL =     15356.5968  VDWAALS    =     40731.5800
 EELEC  =   -365099.5334  EHBOND  =         0.0000  RESTRAINT  =         0.0000
 ------------------------------------------------------------------------------

wrapping first mol.:      -38.30066      108.33064        0.00000

 NSTEP =   140000   TIME(PS) =  360319.999  TEMP(K) =   309.69  PRESS =     0.0
 Etot   =   -239055.5025  EKtot   =     63063.4844  EPtot      =   -302118.9869
 BOND   =      2125.7453  ANGLE   =      2344.3762  DIHED      =      1424.0216
 UB     =         0.0000  IMP     =         0.0000  CMAP       =       243.6319
 1-4 NB =      1152.8750  1-4 EEL =     15406.6387  VDWAALS    =     40289.1563
 EELEC  =   -365105.4319  EHBOND  =         0.0000  RESTRAINT  =         0.0000
 ------------------------------------------------------------------------------

wrapping first mol.:      -38.30066      108.33064        0.00000

 NSTEP =   160000   TIME(PS) =  360359.999  TEMP(K) =   309.19  PRESS =     0.0
 Etot   =   -239162.6979  EKtot   =     62961.2109  EPtot      =   -302123.9088
 BOND   =      2100.1884  ANGLE   =      2429.6921  DIHED      =      1408.2790
 UB     =         0.0000  IMP     =         0.0000  CMAP       =       236.3961
 1-4 NB =      1151.3326  1-4 EEL =     15379.8273  VDWAALS    =     40710.1969
 EELEC  =   -365539.8211  EHBOND  =         0.0000  RESTRAINT  =         0.0000
 ------------------------------------------------------------------------------

wrapping first mol.:      -38.30066      108.33064        0.00000

 NSTEP =   180000   TIME(PS) =  360399.999  TEMP(K) =   310.19  PRESS =     0.0
 Etot   =   -238831.8552  EKtot   =     63165.9062  EPtot      =   -301997.7614
 BOND   =      2135.4152  ANGLE   =      2402.5087  DIHED      =      1410.9814
 UB     =         0.0000  IMP     =         0.0000  CMAP       =       255.0861
 1-4 NB =      1151.2317  1-4 EEL =     15335.8205  VDWAALS    =     40953.1442
 EELEC  =   -365641.9493  EHBOND  =         0.0000  RESTRAINT  =         0.0000
 ------------------------------------------------------------------------------

wrapping first mol.:      -38.30066      108.33064        0.00000

 NSTEP =   200000   TIME(PS) =  360439.999  TEMP(K) =   312.29  PRESS =     0.0
 Etot   =   -238616.4200  EKtot   =     63592.9922  EPtot      =   -302209.4121
 BOND   =      2080.3495  ANGLE   =      2363.6003  DIHED      =      1395.8863
 UB     =         0.0000  IMP     =         0.0000  CMAP       =       239.0496
 1-4 NB =      1150.9812  1-4 EEL =     15359.2332  VDWAALS    =     40669.9537
 EELEC  =   -365468.4659  EHBOND  =         0.0000  RESTRAINT  =         0.0000
 ------------------------------------------------------------------------------

wrapping first mol.:      -38.30066      108.33064        0.00000

 NSTEP =   220000   TIME(PS) =  360479.999  TEMP(K) =   310.30  PRESS =     0.0
 Etot   =   -238629.7314  EKtot   =     63188.9766  EPtot      =   -301818.7079
 BOND   =      2098.3565  ANGLE   =      2392.3640  DIHED      =      1417.8214
 UB     =         0.0000  IMP     =         0.0000  CMAP       =       239.9451
 1-4 NB =      1184.7547  1-4 EEL =     15389.6247  VDWAALS    =     40564.4038
 EELEC  =   -365105.9782  EHBOND  =         0.0000  RESTRAINT  =         0.0000
 ------------------------------------------------------------------------------

wrapping first mol.:      -38.30066      108.33064        0.00000

 NSTEP =   240000   TIME(PS) =  360519.999  TEMP(K) =   309.07  PRESS =     0.0
 Etot   =   -239262.9295  EKtot   =     62937.4727  EPtot      =   -302200.4022
 BOND   =      2133.0961  ANGLE   =      2336.1579  DIHED      =      1401.4897
 UB     =         0.0000  IMP     =         0.0000  CMAP       =       249.1153
 1-4 NB =      1132.8308  1-4 EEL =     15407.7989  VDWAALS    =     40708.4922
 EELEC  =   -365569.3830  EHBOND  =         0.0000  RESTRAINT  =         0.0000
 ------------------------------------------------------------------------------

wrapping first mol.:      -38.30066      108.33064        0.00000

 NSTEP =   260000   TIME(PS) =  360559.999  TEMP(K) =   310.10  PRESS =     0.0
 Etot   =   -238274.2593  EKtot   =     63148.3008  EPtot      =   -301422.5601
 BOND   =      2101.3517  ANGLE   =      2376.5588  DIHED      =      1392.8954
 UB     =         0.0000  IMP     =         0.0000  CMAP       =       240.7388
 1-4 NB =      1181.2012  1-4 EEL =     15388.2523  VDWAALS    =     40420.0252
 EELEC  =   -364523.5833  EHBOND  =         0.0000  RESTRAINT  =         0.0000
 ------------------------------------------------------------------------------

wrapping first mol.:      -38.30066      108.33064        0.00000

 NSTEP =   280000   TIME(PS) =  360599.999  TEMP(K) =   309.14  PRESS =     0.0
 Etot   =   -239037.1972  EKtot   =     62951.2930  EPtot      =   -301988.4902
 BOND   =      2020.6889  ANGLE   =      2408.4172  DIHED      =      1420.1965
 UB     =         0.0000  IMP     =         0.0000  CMAP       =       236.1977
 1-4 NB =      1149.7468  1-4 EEL =     15347.4207  VDWAALS    =     40576.2652
 EELEC  =   -365147.4232  EHBOND  =         0.0000  RESTRAINT  =         0.0000
 ------------------------------------------------------------------------------

wrapping first mol.:      -38.30066      108.33064        0.00000

 NSTEP =   300000   TIME(PS) =  360639.999  TEMP(K) =   309.88  PRESS =     0.0
 Etot   =   -238858.2760  EKtot   =     63102.9062  EPtot      =   -301961.1822
 BOND   =      2083.8060  ANGLE   =      2380.2124  DIHED      =      1424.1554
 UB     =         0.0000  IMP     =         0.0000  CMAP       =       234.1499
 1-4 NB =      1156.7503  1-4 EEL =     15439.0708  VDWAALS    =     40888.8337
 EELEC  =   -365568.1608  EHBOND  =         0.0000  RESTRAINT  =         0.0000
 ------------------------------------------------------------------------------

wrapping first mol.:      -38.30066      108.33064        0.00000

 NSTEP =   320000   TIME(PS) =  360679.999  TEMP(K) =   308.66  PRESS =     0.0
 Etot   =   -239191.1482  EKtot   =     62854.3906  EPtot      =   -302045.5388
 BOND   =      2034.5237  ANGLE   =      2416.4418  DIHED      =      1415.7071
 UB     =         0.0000  IMP     =         0.0000  CMAP       =       251.0106
 1-4 NB =      1160.8144  1-4 EEL =     15366.2840  VDWAALS    =     40956.8871
 EELEC  =   -365647.2076  EHBOND  =         0.0000  RESTRAINT  =         0.0000
 ------------------------------------------------------------------------------

wrapping first mol.:      -38.30066      108.33064        0.00000

 NSTEP =   340000   TIME(PS) =  360719.999  TEMP(K) =   309.37  PRESS =     0.0
 Etot   =   -239249.8616  EKtot   =     62998.3984  EPtot      =   -302248.2600
 BOND   =      2081.9438  ANGLE   =      2445.7405  DIHED      =      1375.8023
 UB     =         0.0000  IMP     =         0.0000  CMAP       =       244.2955
 1-4 NB =      1166.8083  1-4 EEL =     15358.9008  VDWAALS    =     40569.0456
 EELEC  =   -365490.7968  EHBOND  =         0.0000  RESTRAINT  =         0.0000
 ------------------------------------------------------------------------------

wrapping first mol.:      -38.30066      108.33064        0.00000

 NSTEP =   360000   TIME(PS) =  360759.999  TEMP(K) =   308.99  PRESS =     0.0
 Etot   =   -239054.4652  EKtot   =     62922.1602  EPtot      =   -301976.6254
 BOND   =      2091.8458  ANGLE   =      2370.6535  DIHED      =      1395.8427
 UB     =         0.0000  IMP     =         0.0000  CMAP       =       251.7945
 1-4 NB =      1173.5989  1-4 EEL =     15382.1679  VDWAALS    =     40363.4790
 EELEC  =   -365006.0077  EHBOND  =         0.0000  RESTRAINT  =         0.0000
 ------------------------------------------------------------------------------

wrapping first mol.:      -38.30066      108.33064        0.00000

 NSTEP =   380000   TIME(PS) =  360799.999  TEMP(K) =   309.26  PRESS =     0.0
 Etot   =   -238695.1940  EKtot   =     62976.4297  EPtot      =   -301671.6236
 BOND   =      2062.6957  ANGLE   =      2393.7411  DIHED      =      1442.8136
 UB     =         0.0000  IMP     =         0.0000  CMAP       =       233.5739
 1-4 NB =      1170.6304  1-4 EEL =     15303.1700  VDWAALS    =     40433.9967
 EELEC  =   -364712.2451  EHBOND  =         0.0000  RESTRAINT  =         0.0000
 ------------------------------------------------------------------------------

wrapping first mol.:      -38.30066      108.33064        0.00000

 NSTEP =   400000   TIME(PS) =  360839.999  TEMP(K) =   310.65  PRESS =     0.0
 Etot   =   -238483.8228  EKtot   =     63260.0156  EPtot      =   -301743.8384
 BOND   =      2117.8353  ANGLE   =      2453.7987  DIHED      =      1434.8894
 UB     =         0.0000  IMP     =         0.0000  CMAP       =       245.3253
 1-4 NB =      1156.7028  1-4 EEL =     15235.2852  VDWAALS    =     40386.7352
 EELEC  =   -364774.4104  EHBOND  =         0.0000  RESTRAINT  =         0.0000
 ------------------------------------------------------------------------------

wrapping first mol.:      -38.30066      108.33064        0.00000

 NSTEP =   420000   TIME(PS) =  360879.999  TEMP(K) =   310.63  PRESS =     0.0
 Etot   =   -238832.2670  EKtot   =     63255.7656  EPtot      =   -302088.0326
 BOND   =      2143.0753  ANGLE   =      2405.2350  DIHED      =      1357.8614
 UB     =         0.0000  IMP     =         0.0000  CMAP       =       231.0397
 1-4 NB =      1145.4898  1-4 EEL =     15287.0746  VDWAALS    =     40217.2490
 EELEC  =   -364875.0574  EHBOND  =         0.0000  RESTRAINT  =         0.0000
 ------------------------------------------------------------------------------

wrapping first mol.:      -38.30066      108.33064        0.00000

 NSTEP =   440000   TIME(PS) =  360919.999  TEMP(K) =   308.21  PRESS =     0.0
 Etot   =   -239168.0040  EKtot   =     62762.6602  EPtot      =   -301930.6642
 BOND   =      2125.1003  ANGLE   =      2437.4320  DIHED      =      1387.9650
 UB     =         0.0000  IMP     =         0.0000  CMAP       =       230.9916
 1-4 NB =      1158.6943  1-4 EEL =     15256.2736  VDWAALS    =     40857.5780
 EELEC  =   -365384.6989  EHBOND  =         0.0000  RESTRAINT  =         0.0000
 ------------------------------------------------------------------------------

wrapping first mol.:      -38.30066      108.33064        0.00000

 NSTEP =   460000   TIME(PS) =  360959.999  TEMP(K) =   310.79  PRESS =     0.0
 Etot   =   -238749.3159  EKtot   =     63288.5000  EPtot      =   -302037.8159
 BOND   =      2080.5424  ANGLE   =      2379.1476  DIHED      =      1416.0937
 UB     =         0.0000  IMP     =         0.0000  CMAP       =       245.8440
 1-4 NB =      1163.7782  1-4 EEL =     15298.5050  VDWAALS    =     40685.7339
 EELEC  =   -365307.4606  EHBOND  =         0.0000  RESTRAINT  =         0.0000
 ------------------------------------------------------------------------------

wrapping first mol.:      -38.30066      108.33064        0.00000

 NSTEP =   480000   TIME(PS) =  360999.999  TEMP(K) =   310.90  PRESS =     0.0
 Etot   =   -238650.2061  EKtot   =     63311.2773  EPtot      =   -301961.4834
 BOND   =      2137.8817  ANGLE   =      2362.1958  DIHED      =      1428.8126
 UB     =         0.0000  IMP     =         0.0000  CMAP       =       249.8475
 1-4 NB =      1172.0750  1-4 EEL =     15330.7815  VDWAALS    =     40420.1471
 EELEC  =   -365063.2246  EHBOND  =         0.0000  RESTRAINT  =         0.0000
 ------------------------------------------------------------------------------

wrapping first mol.:      -38.30066      108.33064        0.00000

 NSTEP =   500000   TIME(PS) =  361039.999  TEMP(K) =   309.78  PRESS =     0.0
 Etot   =   -238555.5814  EKtot   =     63082.1523  EPtot      =   -301637.7338
 BOND   =      2093.0246  ANGLE   =      2440.1567  DIHED      =      1401.3303
 UB     =         0.0000  IMP     =         0.0000  CMAP       =       267.8301
 1-4 NB =      1144.2656  1-4 EEL =     15304.4594  VDWAALS    =     40673.5762
 EELEC  =   -364962.3768  EHBOND  =         0.0000  RESTRAINT  =         0.0000
 ------------------------------------------------------------------------------

wrapping first mol.:      -38.30066      108.33064        0.00000

 NSTEP =   520000   TIME(PS) =  361079.999  TEMP(K) =   311.00  PRESS =     0.0
 Etot   =   -238399.5736  EKtot   =     63329.9609  EPtot      =   -301729.5345
 BOND   =      2062.2534  ANGLE   =      2412.5644  DIHED      =      1398.8840
 UB     =         0.0000  IMP     =         0.0000  CMAP       =       239.8756
 1-4 NB =      1142.0405  1-4 EEL =     15247.3771  VDWAALS    =     40622.6519
 EELEC  =   -364855.1814  EHBOND  =         0.0000  RESTRAINT  =         0.0000
 ------------------------------------------------------------------------------

wrapping first mol.:      -38.30066      108.33064        0.00000

 NSTEP =   540000   TIME(PS) =  361119.999  TEMP(K) =   310.30  PRESS =     0.0
 Etot   =   -238545.5912  EKtot   =     63188.1758  EPtot      =   -301733.7670
 BOND   =      2096.3918  ANGLE   =      2395.2484  DIHED      =      1398.1666
 UB     =         0.0000  IMP     =         0.0000  CMAP       =       240.7610
 1-4 NB =      1174.9168  1-4 EEL =     15352.4026  VDWAALS    =     40568.2605
 EELEC  =   -364959.9146  EHBOND  =         0.0000  RESTRAINT  =         0.0000
 ------------------------------------------------------------------------------

wrapping first mol.:      -38.30066      108.33064        0.00000

 NSTEP =   560000   TIME(PS) =  361159.999  TEMP(K) =   308.22  PRESS =     0.0
 Etot   =   -238452.9533  EKtot   =     62764.6836  EPtot      =   -301217.6369
 BOND   =      2052.3542  ANGLE   =      2451.8662  DIHED      =      1413.5418
 UB     =         0.0000  IMP     =         0.0000  CMAP       =       262.0744
 1-4 NB =      1175.0481  1-4 EEL =     15286.8049  VDWAALS    =     40260.5294
 EELEC  =   -364119.8559  EHBOND  =         0.0000  RESTRAINT  =         0.0000
 ------------------------------------------------------------------------------

wrapping first mol.:      -38.30066      108.33064        0.00000

 NSTEP =   580000   TIME(PS) =  361199.999  TEMP(K) =   310.71  PRESS =     0.0
 Etot   =   -238266.6319  EKtot   =     63271.4102  EPtot      =   -301538.0421
 BOND   =      2057.7055  ANGLE   =      2437.1101  DIHED      =      1414.5291
 UB     =         0.0000  IMP     =         0.0000  CMAP       =       249.1666
 1-4 NB =      1142.4223  1-4 EEL =     15334.3414  VDWAALS    =     40794.3697
 EELEC  =   -364967.6868  EHBOND  =         0.0000  RESTRAINT  =         0.0000
 ------------------------------------------------------------------------------

wrapping first mol.:      -38.30066      108.33064        0.00000

 NSTEP =   600000   TIME(PS) =  361239.999  TEMP(K) =   310.00  PRESS =     0.0
 Etot   =   -238826.6615  EKtot   =     63127.4531  EPtot      =   -301954.1146
 BOND   =      2106.8276  ANGLE   =      2384.3717  DIHED      =      1438.8137
 UB     =         0.0000  IMP     =         0.0000  CMAP       =       256.6958
 1-4 NB =      1160.3252  1-4 EEL =     15278.8957  VDWAALS    =     41104.1768
 EELEC  =   -365684.2211  EHBOND  =         0.0000  RESTRAINT  =         0.0000
 ------------------------------------------------------------------------------

wrapping first mol.:      -38.30066      108.33064        0.00000

 NSTEP =   620000   TIME(PS) =  361279.999  TEMP(K) =   308.86  PRESS =     0.0
 Etot   =   -239061.7944  EKtot   =     62893.9492  EPtot      =   -301955.7436
 BOND   =      2093.0573  ANGLE   =      2466.5645  DIHED      =      1391.5920
 UB     =         0.0000  IMP     =         0.0000  CMAP       =       252.1410
 1-4 NB =      1157.1268  1-4 EEL =     15381.3417  VDWAALS    =     40623.4538
 EELEC  =   -365321.0206  EHBOND  =         0.0000  RESTRAINT  =         0.0000
 ------------------------------------------------------------------------------

wrapping first mol.:      -38.30066      108.33064        0.00000

 NSTEP =   640000   TIME(PS) =  361319.999  TEMP(K) =   309.84  PRESS =     0.0
 Etot   =   -238747.3174  EKtot   =     63095.1133  EPtot      =   -301842.4307
 BOND   =      2117.3177  ANGLE   =      2405.0855  DIHED      =      1404.6077
 UB     =         0.0000  IMP     =         0.0000  CMAP       =       234.7247
 1-4 NB =      1132.5179  1-4 EEL =     15319.5581  VDWAALS    =     40784.9697
 EELEC  =   -365241.2119  EHBOND  =         0.0000  RESTRAINT  =         0.0000
 ------------------------------------------------------------------------------

wrapping first mol.:      -38.30066      108.33064        0.00000

 NSTEP =   660000   TIME(PS) =  361359.999  TEMP(K) =   311.62  PRESS =     0.0
 Etot   =   -238863.1633  EKtot   =     63456.0781  EPtot      =   -302319.2414
 BOND   =      2071.1240  ANGLE   =      2448.4516  DIHED      =      1421.7191
 UB     =         0.0000  IMP     =         0.0000  CMAP       =       232.7754
 1-4 NB =      1161.9363  1-4 EEL =     15327.2693  VDWAALS    =     41033.9915
 EELEC  =   -366016.5085  EHBOND  =         0.0000  RESTRAINT  =         0.0000
 ------------------------------------------------------------------------------

wrapping first mol.:      -38.30066      108.33064        0.00000

 NSTEP =   680000   TIME(PS) =  361399.999  TEMP(K) =   309.34  PRESS =     0.0
 Etot   =   -238940.5116  EKtot   =     62993.5469  EPtot      =   -301934.0585
 BOND   =      2059.2349  ANGLE   =      2395.6762  DIHED      =      1392.0721
 UB     =         0.0000  IMP     =         0.0000  CMAP       =       233.0538
 1-4 NB =      1193.4845  1-4 EEL =     15364.4215  VDWAALS    =     41064.8875
 EELEC  =   -365636.8890  EHBOND  =         0.0000  RESTRAINT  =         0.0000
 ------------------------------------------------------------------------------

wrapping first mol.:      -38.30066      108.33064        0.00000

 NSTEP =   700000   TIME(PS) =  361439.999  TEMP(K) =   309.74  PRESS =     0.0
 Etot   =   -238815.8938  EKtot   =     63074.0195  EPtot      =   -301889.9134
 BOND   =      2080.3249  ANGLE   =      2474.3116  DIHED      =      1391.7917
 UB     =         0.0000  IMP     =         0.0000  CMAP       =       241.1209
 1-4 NB =      1167.4300  1-4 EEL =     15371.3879  VDWAALS    =     40699.5001
 EELEC  =   -365315.7805  EHBOND  =         0.0000  RESTRAINT  =         0.0000
 ------------------------------------------------------------------------------

wrapping first mol.:      -38.30066      108.33064        0.00000

 NSTEP =   720000   TIME(PS) =  361479.999  TEMP(K) =   310.55  PRESS =     0.0
 Etot   =   -238806.7847  EKtot   =     63238.5703  EPtot      =   -302045.3550
 BOND   =      2116.6747  ANGLE   =      2402.4569  DIHED      =      1421.5383
 UB     =         0.0000  IMP     =         0.0000  CMAP       =       235.2243
 1-4 NB =      1151.8047  1-4 EEL =     15273.8144  VDWAALS    =     40719.9821
 EELEC  =   -365366.8506  EHBOND  =         0.0000  RESTRAINT  =         0.0000
 ------------------------------------------------------------------------------

wrapping first mol.:      -38.30066      108.33064        0.00000

 NSTEP =   740000   TIME(PS) =  361519.999  TEMP(K) =   309.03  PRESS =     0.0
 Etot   =   -238827.4657  EKtot   =     62929.3281  EPtot      =   -301756.7938
 BOND   =      2066.1041  ANGLE   =      2431.4580  DIHED      =      1377.5958
 UB     =         0.0000  IMP     =         0.0000  CMAP       =       232.9877
 1-4 NB =      1166.0923  1-4 EEL =     15348.8282  VDWAALS    =     40760.0285
 EELEC  =   -365139.8883  EHBOND  =         0.0000  RESTRAINT  =         0.0000
 ------------------------------------------------------------------------------

wrapping first mol.:      -38.30066      108.33064        0.00000

 NSTEP =   760000   TIME(PS) =  361559.999  TEMP(K) =   309.67  PRESS =     0.0
 Etot   =   -238918.9977  EKtot   =     63059.9258  EPtot      =   -301978.9235
 BOND   =      2107.9353  ANGLE   =      2393.7824  DIHED      =      1412.6114
 UB     =         0.0000  IMP     =         0.0000  CMAP       =       236.7430
 1-4 NB =      1158.2288  1-4 EEL =     15385.8698  VDWAALS    =     40941.7002
 EELEC  =   -365615.7945  EHBOND  =         0.0000  RESTRAINT  =         0.0000
 ------------------------------------------------------------------------------

wrapping first mol.:      -38.30066      108.33064        0.00000

 NSTEP =   780000   TIME(PS) =  361599.999  TEMP(K) =   309.99  PRESS =     0.0
 Etot   =   -238452.4952  EKtot   =     63124.1172  EPtot      =   -301576.6124
 BOND   =      2110.9376  ANGLE   =      2374.1576  DIHED      =      1394.9023
 UB     =         0.0000  IMP     =         0.0000  CMAP       =       249.1018
 1-4 NB =      1167.9824  1-4 EEL =     15326.6528  VDWAALS    =     40512.8314
 EELEC  =   -364713.1782  EHBOND  =         0.0000  RESTRAINT  =         0.0000
 ------------------------------------------------------------------------------

wrapping first mol.:      -38.30066      108.33064        0.00000

 NSTEP =   800000   TIME(PS) =  361639.999  TEMP(K) =   310.80  PRESS =     0.0
 Etot   =   -238819.5419  EKtot   =     63288.9883  EPtot      =   -302108.5302
 BOND   =      2072.8005  ANGLE   =      2481.9750  DIHED      =      1401.5316
 UB     =         0.0000  IMP     =         0.0000  CMAP       =       245.0545
 1-4 NB =      1158.3839  1-4 EEL =     15323.3984  VDWAALS    =     40595.8624
 EELEC  =   -365387.5365  EHBOND  =         0.0000  RESTRAINT  =         0.0000
 ------------------------------------------------------------------------------

wrapping first mol.:      -38.30066      108.33064        0.00000

 NSTEP =   820000   TIME(PS) =  361679.999  TEMP(K) =   310.39  PRESS =     0.0
 Etot   =   -238579.9399  EKtot   =     63207.3906  EPtot      =   -301787.3306
 BOND   =      2031.9244  ANGLE   =      2348.2033  DIHED      =      1432.6186
 UB     =         0.0000  IMP     =         0.0000  CMAP       =       249.7402
 1-4 NB =      1179.6550  1-4 EEL =     15403.7358  VDWAALS    =     40836.1767
 EELEC  =   -365269.3846  EHBOND  =         0.0000  RESTRAINT  =         0.0000
 ------------------------------------------------------------------------------

wrapping first mol.:      -38.30066      108.33064        0.00000

 NSTEP =   840000   TIME(PS) =  361719.999  TEMP(K) =   310.70  PRESS =     0.0
 Etot   =   -239398.3739  EKtot   =     63268.8359  EPtot      =   -302667.2099
 BOND   =      2030.9707  ANGLE   =      2474.0515  DIHED      =      1423.1209
 UB     =         0.0000  IMP     =         0.0000  CMAP       =       242.9383
 1-4 NB =      1141.9425  1-4 EEL =     15269.2845  VDWAALS    =     40752.6512
 EELEC  =   -366002.1694  EHBOND  =         0.0000  RESTRAINT  =         0.0000
 ------------------------------------------------------------------------------

wrapping first mol.:      -38.30066      108.33064        0.00000

 NSTEP =   860000   TIME(PS) =  361759.999  TEMP(K) =   310.94  PRESS =     0.0
 Etot   =   -238595.0908  EKtot   =     63317.9531  EPtot      =   -301913.0439
 BOND   =      2056.9690  ANGLE   =      2439.6729  DIHED      =      1402.5626
 UB     =         0.0000  IMP     =         0.0000  CMAP       =       252.8316
 1-4 NB =      1165.9369  1-4 EEL =     15367.9881  VDWAALS    =     40729.4939
 EELEC  =   -365328.4991  EHBOND  =         0.0000  RESTRAINT  =         0.0000
 ------------------------------------------------------------------------------

wrapping first mol.:      -38.30066      108.33064        0.00000

 NSTEP =   880000   TIME(PS) =  361799.999  TEMP(K) =   309.80  PRESS =     0.0
 Etot   =   -239058.7119  EKtot   =     63086.9297  EPtot      =   -302145.6416
 BOND   =      2115.7858  ANGLE   =      2358.7609  DIHED      =      1391.5292
 UB     =         0.0000  IMP     =         0.0000  CMAP       =       245.8818
 1-4 NB =      1161.1461  1-4 EEL =     15321.7333  VDWAALS    =     40864.0805
 EELEC  =   -365604.5590  EHBOND  =         0.0000  RESTRAINT  =         0.0000
 ------------------------------------------------------------------------------

wrapping first mol.:      -38.30066      108.33064        0.00000

 NSTEP =   900000   TIME(PS) =  361839.999  TEMP(K) =   308.19  PRESS =     0.0
 Etot   =   -239227.9204  EKtot   =     62757.4219  EPtot      =   -301985.3423
 BOND   =      2068.6788  ANGLE   =      2375.5127  DIHED      =      1382.8613
 UB     =         0.0000  IMP     =         0.0000  CMAP       =       225.8292
 1-4 NB =      1146.4359  1-4 EEL =     15414.1965  VDWAALS    =     40677.0908
 EELEC  =   -365275.9476  EHBOND  =         0.0000  RESTRAINT  =         0.0000
 ------------------------------------------------------------------------------

wrapping first mol.:      -38.30066      108.33064        0.00000

 NSTEP =   920000   TIME(PS) =  361879.999  TEMP(K) =   309.93  PRESS =     0.0
 Etot   =   -238715.8179  EKtot   =     63113.2539  EPtot      =   -301829.0718
 BOND   =      2087.6158  ANGLE   =      2352.8463  DIHED      =      1376.7902
 UB     =         0.0000  IMP     =         0.0000  CMAP       =       236.4717
 1-4 NB =      1174.1427  1-4 EEL =     15385.9690  VDWAALS    =     40745.7193
 EELEC  =   -365188.6269  EHBOND  =         0.0000  RESTRAINT  =         0.0000
 ------------------------------------------------------------------------------

wrapping first mol.:      -38.30066      108.33064        0.00000

 NSTEP =   940000   TIME(PS) =  361919.999  TEMP(K) =   310.22  PRESS =     0.0
 Etot   =   -238969.2150  EKtot   =     63171.8555  EPtot      =   -302141.0704
 BOND   =      2145.4643  ANGLE   =      2419.9582  DIHED      =      1429.6531
 UB     =         0.0000  IMP     =         0.0000  CMAP       =       237.9804
 1-4 NB =      1133.8731  1-4 EEL =     15376.7955  VDWAALS    =     40731.1510
 EELEC  =   -365615.9460  EHBOND  =         0.0000  RESTRAINT  =         0.0000
 ------------------------------------------------------------------------------

wrapping first mol.:      -38.30066      108.33064        0.00000

 NSTEP =   960000   TIME(PS) =  361959.999  TEMP(K) =   310.27  PRESS =     0.0
 Etot   =   -238464.9308  EKtot   =     63181.5234  EPtot      =   -301646.4542
 BOND   =      2134.7390  ANGLE   =      2380.4781  DIHED      =      1445.1639
 UB     =         0.0000  IMP     =         0.0000  CMAP       =       235.8486
 1-4 NB =      1159.1643  1-4 EEL =     15383.6516  VDWAALS    =     40123.9145
 EELEC  =   -364509.4143  EHBOND  =         0.0000  RESTRAINT  =         0.0000
 ------------------------------------------------------------------------------

wrapping first mol.:      -38.30066      108.33064        0.00000

 NSTEP =   980000   TIME(PS) =  361999.999  TEMP(K) =   310.10  PRESS =     0.0
 Etot   =   -238792.3996  EKtot   =     63147.9727  EPtot      =   -301940.3722
 BOND   =      2121.6452  ANGLE   =      2398.2689  DIHED      =      1414.3268
 UB     =         0.0000  IMP     =         0.0000  CMAP       =       225.6802
 1-4 NB =      1164.9985  1-4 EEL =     15373.7632  VDWAALS    =     40671.0757
 EELEC  =   -365310.1307  EHBOND  =         0.0000  RESTRAINT  =         0.0000
 ------------------------------------------------------------------------------

wrapping first mol.:      -38.30066      108.33064        0.00000

 NSTEP =  1000000   TIME(PS) =  362039.999  TEMP(K) =   309.37  PRESS =     0.0
 Etot   =   -238443.2351  EKtot   =     62999.6953  EPtot      =   -301442.9304
 BOND   =      2077.8789  ANGLE   =      2422.5218  DIHED      =      1397.8989
 UB     =         0.0000  IMP     =         0.0000  CMAP       =       235.2288
 1-4 NB =      1163.4124  1-4 EEL =     15401.2138  VDWAALS    =     40258.8968
 EELEC  =   -364399.9818  EHBOND  =         0.0000  RESTRAINT  =         0.0000
 ------------------------------------------------------------------------------

wrapping first mol.:      -38.30066      108.33064        0.00000

 NSTEP =  1020000   TIME(PS) =  362079.999  TEMP(K) =   309.92  PRESS =     0.0
 Etot   =   -238570.4750  EKtot   =     63109.8711  EPtot      =   -301680.3461
 BOND   =      2101.4829  ANGLE   =      2390.4170  DIHED      =      1393.7985
 UB     =         0.0000  IMP     =         0.0000  CMAP       =       228.3223
 1-4 NB =      1178.4345  1-4 EEL =     15456.7288  VDWAALS    =     41207.0949
 EELEC  =   -365636.6251  EHBOND  =         0.0000  RESTRAINT  =         0.0000
 ------------------------------------------------------------------------------

wrapping first mol.:      -38.30066      108.33064        0.00000

 NSTEP =  1040000   TIME(PS) =  362119.999  TEMP(K) =   309.19  PRESS =     0.0
 Etot   =   -239021.8815  EKtot   =     62962.3711  EPtot      =   -301984.2526
 BOND   =      2079.2722  ANGLE   =      2410.8827  DIHED      =      1402.4079
 UB     =         0.0000  IMP     =         0.0000  CMAP       =       248.7410
 1-4 NB =      1139.0224  1-4 EEL =     15384.3362  VDWAALS    =     41263.9177
 EELEC  =   -365912.8329  EHBOND  =         0.0000  RESTRAINT  =         0.0000
 ------------------------------------------------------------------------------

wrapping first mol.:      -38.30066      108.33064        0.00000

 NSTEP =  1060000   TIME(PS) =  362159.999  TEMP(K) =   310.30  PRESS =     0.0
 Etot   =   -238443.5387  EKtot   =     63188.1367  EPtot      =   -301631.6754
 BOND   =      2098.1994  ANGLE   =      2360.0301  DIHED      =      1420.9484
 UB     =         0.0000  IMP     =         0.0000  CMAP       =       222.2840
 1-4 NB =      1168.4238  1-4 EEL =     15378.7232  VDWAALS    =     40403.9325
 EELEC  =   -364684.2168  EHBOND  =         0.0000  RESTRAINT  =         0.0000
 ------------------------------------------------------------------------------

wrapping first mol.:      -38.30066      108.33064        0.00000

 NSTEP =  1080000   TIME(PS) =  362199.999  TEMP(K) =   310.82  PRESS =     0.0
 Etot   =   -238567.2461  EKtot   =     63294.3828  EPtot      =   -301861.6289
 BOND   =      2103.5533  ANGLE   =      2378.9563  DIHED      =      1416.2901
 UB     =         0.0000  IMP     =         0.0000  CMAP       =       241.6281
 1-4 NB =      1151.0522  1-4 EEL =     15378.1168  VDWAALS    =     40615.5571
 EELEC  =   -365146.7828  EHBOND  =         0.0000  RESTRAINT  =         0.0000
 ------------------------------------------------------------------------------

wrapping first mol.:      -38.30066      108.33064        0.00000

 NSTEP =  1100000   TIME(PS) =  362239.999  TEMP(K) =   310.58  PRESS =     0.0
 Etot   =   -238121.8569  EKtot   =     63245.0117  EPtot      =   -301366.8686
 BOND   =      2092.4635  ANGLE   =      2392.5711  DIHED      =      1433.2372
 UB     =         0.0000  IMP     =         0.0000  CMAP       =       257.9925
 1-4 NB =      1144.3073  1-4 EEL =     15426.6461  VDWAALS    =     40588.8964
 EELEC  =   -364702.9828  EHBOND  =         0.0000  RESTRAINT  =         0.0000
 ------------------------------------------------------------------------------

wrapping first mol.:      -38.30066      108.33064        0.00000

 NSTEP =  1120000   TIME(PS) =  362279.999  TEMP(K) =   309.71  PRESS =     0.0
 Etot   =   -239091.5422  EKtot   =     63068.3906  EPtot      =   -302159.9329
 BOND   =      2060.1171  ANGLE   =      2393.9788  DIHED      =      1427.8777
 UB     =         0.0000  IMP     =         0.0000  CMAP       =       235.0955
 1-4 NB =      1166.7017  1-4 EEL =     15367.9585  VDWAALS    =     41249.8098
 EELEC  =   -366061.4720  EHBOND  =         0.0000  RESTRAINT  =         0.0000
 ------------------------------------------------------------------------------

wrapping first mol.:      -38.30066      108.33064        0.00000

 NSTEP =  1140000   TIME(PS) =  362319.999  TEMP(K) =   309.48  PRESS =     0.0
 Etot   =   -238763.5763  EKtot   =     63021.9453  EPtot      =   -301785.5216
 BOND   =      2063.7953  ANGLE   =      2396.4897  DIHED      =      1386.6067
 UB     =         0.0000  IMP     =         0.0000  CMAP       =       214.7576
 1-4 NB =      1179.0991  1-4 EEL =     15333.1595  VDWAALS    =     40735.0094
 EELEC  =   -365094.4388  EHBOND  =         0.0000  RESTRAINT  =         0.0000
 ------------------------------------------------------------------------------

wrapping first mol.:      -38.30066      108.33064        0.00000

 NSTEP =  1160000   TIME(PS) =  362359.999  TEMP(K) =   308.91  PRESS =     0.0
 Etot   =   -238424.6873  EKtot   =     62904.9805  EPtot      =   -301329.6677
 BOND   =      2079.7839  ANGLE   =      2452.6945  DIHED      =      1381.7121
 UB     =         0.0000  IMP     =         0.0000  CMAP       =       240.9651
 1-4 NB =      1158.6209  1-4 EEL =     15395.3690  VDWAALS    =     40411.7134
 EELEC  =   -364450.5267  EHBOND  =         0.0000  RESTRAINT  =         0.0000
 ------------------------------------------------------------------------------

wrapping first mol.:      -38.30066      108.33064        0.00000

 NSTEP =  1180000   TIME(PS) =  362399.999  TEMP(K) =   309.80  PRESS =     0.0
 Etot   =   -238768.4859  EKtot   =     63086.4102  EPtot      =   -301854.8961
 BOND   =      2101.1765  ANGLE   =      2431.8753  DIHED      =      1406.9251
 UB     =         0.0000  IMP     =         0.0000  CMAP       =       253.2605
 1-4 NB =      1172.5182  1-4 EEL =     15408.7378  VDWAALS    =     40919.8369
 EELEC  =   -365549.2263  EHBOND  =         0.0000  RESTRAINT  =         0.0000
 ------------------------------------------------------------------------------

wrapping first mol.:      -38.30066      108.33064        0.00000

 NSTEP =  1200000   TIME(PS) =  362439.999  TEMP(K) =   311.41  PRESS =     0.0
 Etot   =   -239083.6224  EKtot   =     63413.2188  EPtot      =   -302496.8412
 BOND   =      2066.5705  ANGLE   =      2470.4672  DIHED      =      1425.7532
 UB     =         0.0000  IMP     =         0.0000  CMAP       =       229.6177
 1-4 NB =      1136.2587  1-4 EEL =     15391.9794  VDWAALS    =     40639.0911
 EELEC  =   -365856.5790  EHBOND  =         0.0000  RESTRAINT  =         0.0000
 ------------------------------------------------------------------------------

wrapping first mol.:      -38.30066      108.33064        0.00000

 NSTEP =  1220000   TIME(PS) =  362479.999  TEMP(K) =   308.44  PRESS =     0.0
 Etot   =   -239411.4790  EKtot   =     62810.2852  EPtot      =   -302221.7642
 BOND   =      2067.9325  ANGLE   =      2393.0064  DIHED      =      1402.9138
 UB     =         0.0000  IMP     =         0.0000  CMAP       =       249.3923
 1-4 NB =      1164.3993  1-4 EEL =     15376.3877  VDWAALS    =     41092.2122
 EELEC  =   -365968.0085  EHBOND  =         0.0000  RESTRAINT  =         0.0000
 ------------------------------------------------------------------------------

wrapping first mol.:      -38.30066      108.33064        0.00000

 NSTEP =  1240000   TIME(PS) =  362519.999  TEMP(K) =   309.70  PRESS =     0.0
 Etot   =   -238971.7595  EKtot   =     63064.8984  EPtot      =   -302036.6580
 BOND   =      2038.3268  ANGLE   =      2458.0769  DIHED      =      1425.3206
 UB     =         0.0000  IMP     =         0.0000  CMAP       =       248.4351
 1-4 NB =      1179.1229  1-4 EEL =     15431.5633  VDWAALS    =     40856.7733
 EELEC  =   -365674.2768  EHBOND  =         0.0000  RESTRAINT  =         0.0000
 ------------------------------------------------------------------------------

wrapping first mol.:      -38.30066      108.33064        0.00000

 NSTEP =  1260000   TIME(PS) =  362559.999  TEMP(K) =   308.90  PRESS =     0.0
 Etot   =   -238624.2948  EKtot   =     62902.2773  EPtot      =   -301526.5722
 BOND   =      2168.0410  ANGLE   =      2356.0046  DIHED      =      1404.1230
 UB     =         0.0000  IMP     =         0.0000  CMAP       =       247.0908
 1-4 NB =      1163.5704  1-4 EEL =     15420.3294  VDWAALS    =     40800.7358
 EELEC  =   -365086.4673  EHBOND  =         0.0000  RESTRAINT  =         0.0000
 ------------------------------------------------------------------------------

wrapping first mol.:      -38.30066      108.33064        0.00000

 NSTEP =  1280000   TIME(PS) =  362599.999  TEMP(K) =   309.55  PRESS =     0.0
 Etot   =   -238678.1950  EKtot   =     63035.7422  EPtot      =   -301713.9372
 BOND   =      2122.5812  ANGLE   =      2454.4965  DIHED      =      1417.6035
 UB     =         0.0000  IMP     =         0.0000  CMAP       =       242.8548
 1-4 NB =      1161.2111  1-4 EEL =     15378.7155  VDWAALS    =     40755.2834
 EELEC  =   -365246.6832  EHBOND  =         0.0000  RESTRAINT  =         0.0000
 ------------------------------------------------------------------------------

wrapping first mol.:      -38.30066      108.33064        0.00000

 NSTEP =  1300000   TIME(PS) =  362639.999  TEMP(K) =   311.38  PRESS =     0.0
 Etot   =   -238326.0759  EKtot   =     63408.2773  EPtot      =   -301734.3533
 BOND   =      2079.9172  ANGLE   =      2341.5743  DIHED      =      1384.2963
 UB     =         0.0000  IMP     =         0.0000  CMAP       =       237.5293
 1-4 NB =      1161.0302  1-4 EEL =     15405.3986  VDWAALS    =     40859.3994
 EELEC  =   -365203.4986  EHBOND  =         0.0000  RESTRAINT  =         0.0000
 ------------------------------------------------------------------------------

wrapping first mol.:      -38.30066      108.33064        0.00000

 NSTEP =  1320000   TIME(PS) =  362679.999  TEMP(K) =   309.42  PRESS =     0.0
 Etot   =   -238593.0261  EKtot   =     63008.8047  EPtot      =   -301601.8308
 BOND   =      2082.0541  ANGLE   =      2357.7988  DIHED      =      1401.2503
 UB     =         0.0000  IMP     =         0.0000  CMAP       =       232.8925
 1-4 NB =      1155.4248  1-4 EEL =     15413.2981  VDWAALS    =     40922.4267
 EELEC  =   -365166.9759  EHBOND  =         0.0000  RESTRAINT  =         0.0000
 ------------------------------------------------------------------------------

wrapping first mol.:      -38.30066      108.33064        0.00000

 NSTEP =  1340000   TIME(PS) =  362719.999  TEMP(K) =   310.84  PRESS =     0.0
 Etot   =   -238849.3307  EKtot   =     63298.8828  EPtot      =   -302148.2135
 BOND   =      2043.4068  ANGLE   =      2401.7232  DIHED      =      1402.5180
 UB     =         0.0000  IMP     =         0.0000  CMAP       =       236.1362
 1-4 NB =      1162.0244  1-4 EEL =     15406.3208  VDWAALS    =     40997.8687
 EELEC  =   -365798.2116  EHBOND  =         0.0000  RESTRAINT  =         0.0000
 ------------------------------------------------------------------------------

wrapping first mol.:      -38.30066      108.33064        0.00000

 NSTEP =  1360000   TIME(PS) =  362759.999  TEMP(K) =   309.77  PRESS =     0.0
 Etot   =   -238800.3014  EKtot   =     63080.4844  EPtot      =   -301880.7858
 BOND   =      2061.2711  ANGLE   =      2383.7087  DIHED      =      1422.4012
 UB     =         0.0000  IMP     =         0.0000  CMAP       =       266.3693
 1-4 NB =      1163.2716  1-4 EEL =     15446.4492  VDWAALS    =     40971.4729
 EELEC  =   -365595.7297  EHBOND  =         0.0000  RESTRAINT  =         0.0000
 ------------------------------------------------------------------------------

wrapping first mol.:      -38.30066      108.33064        0.00000

 NSTEP =  1380000   TIME(PS) =  362799.999  TEMP(K) =   311.23  PRESS =     0.0
 Etot   =   -238526.8161  EKtot   =     63377.4883  EPtot      =   -301904.3044
 BOND   =      2091.5105  ANGLE   =      2426.6104  DIHED      =      1414.5185
 UB     =         0.0000  IMP     =         0.0000  CMAP       =       244.1088
 1-4 NB =      1162.3480  1-4 EEL =     15456.5393  VDWAALS    =     40418.6066
 EELEC  =   -365118.5464  EHBOND  =         0.0000  RESTRAINT  =         0.0000
 ------------------------------------------------------------------------------

wrapping first mol.:      -38.30066      108.33064        0.00000

 NSTEP =  1400000   TIME(PS) =  362839.999  TEMP(K) =   311.90  PRESS =     0.0
 Etot   =   -238334.6161  EKtot   =     63512.9180  EPtot      =   -301847.5341
 BOND   =      2078.4401  ANGLE   =      2378.5021  DIHED      =      1415.9499
 UB     =         0.0000  IMP     =         0.0000  CMAP       =       244.7162
 1-4 NB =      1174.0969  1-4 EEL =     15358.1233  VDWAALS    =     40717.8056
 EELEC  =   -365215.1682  EHBOND  =         0.0000  RESTRAINT  =         0.0000
 ------------------------------------------------------------------------------

wrapping first mol.:      -38.30066      108.33064        0.00000

 NSTEP =  1420000   TIME(PS) =  362879.999  TEMP(K) =   309.29  PRESS =     0.0
 Etot   =   -238834.5111  EKtot   =     62982.9688  EPtot      =   -301817.4798
 BOND   =      2076.6790  ANGLE   =      2382.9290  DIHED      =      1402.9255
 UB     =         0.0000  IMP     =         0.0000  CMAP       =       226.4770
 1-4 NB =      1159.3949  1-4 EEL =     15433.3617  VDWAALS    =     40410.5133
 EELEC  =   -364909.7603  EHBOND  =         0.0000  RESTRAINT  =         0.0000
 ------------------------------------------------------------------------------

wrapping first mol.:      -38.30066      108.33064        0.00000

 NSTEP =  1440000   TIME(PS) =  362919.999  TEMP(K) =   310.68  PRESS =     0.0
 Etot   =   -238565.3855  EKtot   =     63265.4141  EPtot      =   -301830.7996
 BOND   =      2100.8119  ANGLE   =      2547.7362  DIHED      =      1380.8499
 UB     =         0.0000  IMP     =         0.0000  CMAP       =       253.8498
 1-4 NB =      1156.5288  1-4 EEL =     15358.1839  VDWAALS    =     41209.7454
 EELEC  =   -365838.5054  EHBOND  =         0.0000  RESTRAINT  =         0.0000
 ------------------------------------------------------------------------------

wrapping first mol.:      -38.30066      108.33064        0.00000

 NSTEP =  1460000   TIME(PS) =  362959.999  TEMP(K) =   310.34  PRESS =     0.0
 Etot   =   -238957.1101  EKtot   =     63197.0273  EPtot      =   -302154.1374
 BOND   =      2062.2356  ANGLE   =      2334.4180  DIHED      =      1405.9519
 UB     =         0.0000  IMP     =         0.0000  CMAP       =       268.6183
 1-4 NB =      1155.1856  1-4 EEL =     15361.2700  VDWAALS    =     40415.9938
 EELEC  =   -365157.8106  EHBOND  =         0.0000  RESTRAINT  =         0.0000
 ------------------------------------------------------------------------------

wrapping first mol.:      -38.30066      108.33064        0.00000

 NSTEP =  1480000   TIME(PS) =  362999.999  TEMP(K) =   310.88  PRESS =     0.0
 Etot   =   -238422.4168  EKtot   =     63306.5977  EPtot      =   -301729.0145
 BOND   =      2057.9539  ANGLE   =      2427.5191  DIHED      =      1393.0732
 UB     =         0.0000  IMP     =         0.0000  CMAP       =       243.7830
 1-4 NB =      1161.9294  1-4 EEL =     15427.2175  VDWAALS    =     40830.9829
 EELEC  =   -365271.4736  EHBOND  =         0.0000  RESTRAINT  =         0.0000
 ------------------------------------------------------------------------------

wrapping first mol.:      -38.30066      108.33064        0.00000

 NSTEP =  1500000   TIME(PS) =  363039.999  TEMP(K) =   311.37  PRESS =     0.0
 Etot   =   -238392.1241  EKtot   =     63405.3594  EPtot      =   -301797.4835
 BOND   =      2089.9965  ANGLE   =      2472.9871  DIHED      =      1408.4736
 UB     =         0.0000  IMP     =         0.0000  CMAP       =       245.6053
 1-4 NB =      1145.2484  1-4 EEL =     15349.0983  VDWAALS    =     40658.8303
 EELEC  =   -365167.7230  EHBOND  =         0.0000  RESTRAINT  =         0.0000
 ------------------------------------------------------------------------------

wrapping first mol.:      -38.30066      108.33064        0.00000

 NSTEP =  1520000   TIME(PS) =  363079.999  TEMP(K) =   310.24  PRESS =     0.0
 Etot   =   -238718.0305  EKtot   =     63175.6602  EPtot      =   -301893.6907
 BOND   =      2091.5816  ANGLE   =      2447.3390  DIHED      =      1388.5622
 UB     =         0.0000  IMP     =         0.0000  CMAP       =       241.1116
 1-4 NB =      1169.2934  1-4 EEL =     15350.2420  VDWAALS    =     40834.6694
 EELEC  =   -365416.4899  EHBOND  =         0.0000  RESTRAINT  =         0.0000
 ------------------------------------------------------------------------------

wrapping first mol.:      -38.30066      108.33064        0.00000

 NSTEP =  1540000   TIME(PS) =  363119.999  TEMP(K) =   311.28  PRESS =     0.0
 Etot   =   -238847.6202  EKtot   =     63387.7773  EPtot      =   -302235.3976
 BOND   =      2079.7891  ANGLE   =      2380.1501  DIHED      =      1416.6127
 UB     =         0.0000  IMP     =         0.0000  CMAP       =       237.7145
 1-4 NB =      1150.5806  1-4 EEL =     15420.9302  VDWAALS    =     40855.7940
 EELEC  =   -365776.9686  EHBOND  =         0.0000  RESTRAINT  =         0.0000
 ------------------------------------------------------------------------------

wrapping first mol.:      -38.30066      108.33064        0.00000

 NSTEP =  1560000   TIME(PS) =  363159.999  TEMP(K) =   310.63  PRESS =     0.0
 Etot   =   -238550.7287  EKtot   =     63256.2266  EPtot      =   -301806.9553
 BOND   =      2101.2610  ANGLE   =      2420.8698  DIHED      =      1419.2904
 UB     =         0.0000  IMP     =         0.0000  CMAP       =       237.6783
 1-4 NB =      1180.6761  1-4 EEL =     15450.5285  VDWAALS    =     41418.6260
 EELEC  =   -366035.8854  EHBOND  =         0.0000  RESTRAINT  =         0.0000
 ------------------------------------------------------------------------------

wrapping first mol.:      -38.30066      108.33064        0.00000

 NSTEP =  1580000   TIME(PS) =  363199.999  TEMP(K) =   311.32  PRESS =     0.0
 Etot   =   -239006.4171  EKtot   =     63395.2656  EPtot      =   -302401.6827
 BOND   =      2063.3022  ANGLE   =      2429.1220  DIHED      =      1404.5813
 UB     =         0.0000  IMP     =         0.0000  CMAP       =       257.3694
 1-4 NB =      1166.7009  1-4 EEL =     15455.2871  VDWAALS    =     40443.4069
 EELEC  =   -365621.4526  EHBOND  =         0.0000  RESTRAINT  =         0.0000
 ------------------------------------------------------------------------------

wrapping first mol.:      -38.30066      108.33064        0.00000

 NSTEP =  1600000   TIME(PS) =  363239.999  TEMP(K) =   309.15  PRESS =     0.0
 Etot   =   -238288.0888  EKtot   =     62954.8867  EPtot      =   -301242.9755
 BOND   =      2124.1799  ANGLE   =      2471.5894  DIHED      =      1411.7975
 UB     =         0.0000  IMP     =         0.0000  CMAP       =       257.8833
 1-4 NB =      1168.1876  1-4 EEL =     15410.3134  VDWAALS    =     40852.4507
 EELEC  =   -364939.3774  EHBOND  =         0.0000  RESTRAINT  =         0.0000
 ------------------------------------------------------------------------------

wrapping first mol.:      -38.30066      108.33064        0.00000

 NSTEP =  1620000   TIME(PS) =  363279.999  TEMP(K) =   310.18  PRESS =     0.0
 Etot   =   -238877.9106  EKtot   =     63164.1367  EPtot      =   -302042.0473
 BOND   =      2070.2930  ANGLE   =      2433.3575  DIHED      =      1430.2594
 UB     =         0.0000  IMP     =         0.0000  CMAP       =       261.8194
 1-4 NB =      1161.9918  1-4 EEL =     15360.6165  VDWAALS    =     40431.2552
 EELEC  =   -365191.6402  EHBOND  =         0.0000  RESTRAINT  =         0.0000
 ------------------------------------------------------------------------------

wrapping first mol.:      -38.30066      108.33064        0.00000

 NSTEP =  1640000   TIME(PS) =  363319.999  TEMP(K) =   310.44  PRESS =     0.0
 Etot   =   -239078.8942  EKtot   =     63216.8008  EPtot      =   -302295.6950
 BOND   =      2079.2775  ANGLE   =      2488.6615  DIHED      =      1404.5705
 UB     =         0.0000  IMP     =         0.0000  CMAP       =       243.4512
 1-4 NB =      1160.1736  1-4 EEL =     15403.2490  VDWAALS    =     41210.1369
 EELEC  =   -366285.2152  EHBOND  =         0.0000  RESTRAINT  =         0.0000
 ------------------------------------------------------------------------------

wrapping first mol.:      -38.30066      108.33064        0.00000

 NSTEP =  1660000   TIME(PS) =  363359.999  TEMP(K) =   309.96  PRESS =     0.0
 Etot   =   -238670.2596  EKtot   =     63119.3281  EPtot      =   -301789.5877
 BOND   =      2086.4649  ANGLE   =      2326.9847  DIHED      =      1400.1814
 UB     =         0.0000  IMP     =         0.0000  CMAP       =       226.6556
 1-4 NB =      1177.9036  1-4 EEL =     15440.8943  VDWAALS    =     40483.8458
 EELEC  =   -364932.5180  EHBOND  =         0.0000  RESTRAINT  =         0.0000
 ------------------------------------------------------------------------------

wrapping first mol.:      -38.30066      108.33064        0.00000

 NSTEP =  1680000   TIME(PS) =  363399.999  TEMP(K) =   309.71  PRESS =     0.0
 Etot   =   -238709.0044  EKtot   =     63068.6914  EPtot      =   -301777.6958
 BOND   =      2077.0435  ANGLE   =      2389.8037  DIHED      =      1388.9998
 UB     =         0.0000  IMP     =         0.0000  CMAP       =       239.8316
 1-4 NB =      1180.7532  1-4 EEL =     15439.2973  VDWAALS    =     40487.2386
 EELEC  =   -364980.6634  EHBOND  =         0.0000  RESTRAINT  =         0.0000
 ------------------------------------------------------------------------------

wrapping first mol.:      -38.30066      108.33064        0.00000

 NSTEP =  1700000   TIME(PS) =  363439.999  TEMP(K) =   310.85  PRESS =     0.0
 Etot   =   -238496.1871  EKtot   =     63300.0039  EPtot      =   -301796.1910
 BOND   =      2070.3776  ANGLE   =      2509.5623  DIHED      =      1421.2543
 UB     =         0.0000  IMP     =         0.0000  CMAP       =       240.2081
 1-4 NB =      1155.8483  1-4 EEL =     15297.8432  VDWAALS    =     40779.3730
 EELEC  =   -365270.6579  EHBOND  =         0.0000  RESTRAINT  =         0.0000
 ------------------------------------------------------------------------------

wrapping first mol.:      -38.30066      108.33064        0.00000

 NSTEP =  1720000   TIME(PS) =  363479.999  TEMP(K) =   309.65  PRESS =     0.0
 Etot   =   -239152.6603  EKtot   =     63056.2578  EPtot      =   -302208.9181
 BOND   =      2115.4681  ANGLE   =      2428.8961  DIHED      =      1409.4357
 UB     =         0.0000  IMP     =         0.0000  CMAP       =       232.3288
 1-4 NB =      1168.9554  1-4 EEL =     15354.6146  VDWAALS    =     40574.1235
 EELEC  =   -365492.7404  EHBOND  =         0.0000  RESTRAINT  =         0.0000
 ------------------------------------------------------------------------------

wrapping first mol.:      -38.30066      108.33064        0.00000

 NSTEP =  1740000   TIME(PS) =  363519.999  TEMP(K) =   310.42  PRESS =     0.0
 Etot   =   -238445.1417  EKtot   =     63212.9961  EPtot      =   -301658.1378
 BOND   =      2076.6254  ANGLE   =      2401.2504  DIHED      =      1427.9854
 UB     =         0.0000  IMP     =         0.0000  CMAP       =       242.3867
 1-4 NB =      1182.9838  1-4 EEL =     15386.9373  VDWAALS    =     40790.8727
 EELEC  =   -365167.1793  EHBOND  =         0.0000  RESTRAINT  =         0.0000
 ------------------------------------------------------------------------------

wrapping first mol.:      -38.30066      108.33064        0.00000

 NSTEP =  1760000   TIME(PS) =  363559.999  TEMP(K) =   309.57  PRESS =     0.0
 Etot   =   -239188.4000  EKtot   =     63039.1016  EPtot      =   -302227.5015
 BOND   =      2141.1043  ANGLE   =      2518.0093  DIHED      =      1388.4551
 UB     =         0.0000  IMP     =         0.0000  CMAP       =       227.1907
 1-4 NB =      1121.7092  1-4 EEL =     15293.5107  VDWAALS    =     40647.3960
 EELEC  =   -365564.8768  EHBOND  =         0.0000  RESTRAINT  =         0.0000
 ------------------------------------------------------------------------------

wrapping first mol.:      -38.30066      108.33064        0.00000

 NSTEP =  1780000   TIME(PS) =  363599.999  TEMP(K) =   311.37  PRESS =     0.0
 Etot   =   -238390.2055  EKtot   =     63405.3711  EPtot      =   -301795.5766
 BOND   =      2110.5620  ANGLE   =      2370.9900  DIHED      =      1407.3983
 UB     =         0.0000  IMP     =         0.0000  CMAP       =       238.6212
 1-4 NB =      1174.8836  1-4 EEL =     15423.0318  VDWAALS    =     40738.6582
 EELEC  =   -365259.7217  EHBOND  =         0.0000  RESTRAINT  =         0.0000
 ------------------------------------------------------------------------------

wrapping first mol.:      -38.30066      108.33064        0.00000

 NSTEP =  1800000   TIME(PS) =  363639.999  TEMP(K) =   309.16  PRESS =     0.0
 Etot   =   -238346.3312  EKtot   =     62955.4102  EPtot      =   -301301.7413
 BOND   =      2131.4658  ANGLE   =      2458.5668  DIHED      =      1433.1450
 UB     =         0.0000  IMP     =         0.0000  CMAP       =       232.9694
 1-4 NB =      1162.3373  1-4 EEL =     15374.7115  VDWAALS    =     40436.4193
 EELEC  =   -364531.3565  EHBOND  =         0.0000  RESTRAINT  =         0.0000
 ------------------------------------------------------------------------------

wrapping first mol.:      -38.30066      108.33064        0.00000

 NSTEP =  1820000   TIME(PS) =  363679.999  TEMP(K) =   309.25  PRESS =     0.0
 Etot   =   -238986.3837  EKtot   =     62973.2812  EPtot      =   -301959.6650
 BOND   =      2067.9289  ANGLE   =      2415.8225  DIHED      =      1393.9514
 UB     =         0.0000  IMP     =         0.0000  CMAP       =       231.3411
 1-4 NB =      1163.8829  1-4 EEL =     15351.3575  VDWAALS    =     40192.3628
 EELEC  =   -364776.3121  EHBOND  =         0.0000  RESTRAINT  =         0.0000
 ------------------------------------------------------------------------------

wrapping first mol.:      -38.30066      108.33064        0.00000

 NSTEP =  1840000   TIME(PS) =  363719.999  TEMP(K) =   311.34  PRESS =     0.0
 Etot   =   -238816.7570  EKtot   =     63399.3281  EPtot      =   -302216.0851
 BOND   =      2102.1043  ANGLE   =      2400.7909  DIHED      =      1400.8631
 UB     =         0.0000  IMP     =         0.0000  CMAP       =       255.8762
 1-4 NB =      1168.3450  1-4 EEL =     15259.6136  VDWAALS    =     40692.9114
 EELEC  =   -365496.5896  EHBOND  =         0.0000  RESTRAINT  =         0.0000
 ------------------------------------------------------------------------------

wrapping first mol.:      -38.30066      108.33064        0.00000

 NSTEP =  1860000   TIME(PS) =  363759.999  TEMP(K) =   309.85  PRESS =     0.0
 Etot   =   -239132.0476  EKtot   =     63096.8711  EPtot      =   -302228.9187
 BOND   =      2134.2334  ANGLE   =      2355.3996  DIHED      =      1411.9610
 UB     =         0.0000  IMP     =         0.0000  CMAP       =       256.7893
 1-4 NB =      1146.8873  1-4 EEL =     15307.4729  VDWAALS    =     40359.5549
 EELEC  =   -365201.2172  EHBOND  =         0.0000  RESTRAINT  =         0.0000
 ------------------------------------------------------------------------------

wrapping first mol.:      -38.30066      108.33064        0.00000

 NSTEP =  1880000   TIME(PS) =  363799.999  TEMP(K) =   309.50  PRESS =     0.0
 Etot   =   -238623.2365  EKtot   =     63024.9453  EPtot      =   -301648.1819
 BOND   =      2126.5458  ANGLE   =      2428.9916  DIHED      =      1422.2164
 UB     =         0.0000  IMP     =         0.0000  CMAP       =       270.3716
 1-4 NB =      1153.3070  1-4 EEL =     15354.9339  VDWAALS    =     40700.8876
 EELEC  =   -365105.4358  EHBOND  =         0.0000  RESTRAINT  =         0.0000
 ------------------------------------------------------------------------------

wrapping first mol.:      -38.30066      108.33064        0.00000

 NSTEP =  1900000   TIME(PS) =  363839.999  TEMP(K) =   308.45  PRESS =     0.0
 Etot   =   -239207.4736  EKtot   =     62811.9648  EPtot      =   -302019.4385
 BOND   =      2089.9588  ANGLE   =      2382.8348  DIHED      =      1434.7323
 UB     =         0.0000  IMP     =         0.0000  CMAP       =       261.5611
 1-4 NB =      1163.0296  1-4 EEL =     15305.7731  VDWAALS    =     40970.0080
 EELEC  =   -365627.3362  EHBOND  =         0.0000  RESTRAINT  =         0.0000
 ------------------------------------------------------------------------------

wrapping first mol.:      -38.30066      108.33064        0.00000

 NSTEP =  1920000   TIME(PS) =  363879.999  TEMP(K) =   308.53  PRESS =     0.0
 Etot   =   -238813.7956  EKtot   =     62827.2930  EPtot      =   -301641.0886
 BOND   =      2100.7430  ANGLE   =      2464.7077  DIHED      =      1408.2997
 UB     =         0.0000  IMP     =         0.0000  CMAP       =       244.0747
 1-4 NB =      1170.8664  1-4 EEL =     15382.0732  VDWAALS    =     40264.7827
 EELEC  =   -364676.6360  EHBOND  =         0.0000  RESTRAINT  =         0.0000
 ------------------------------------------------------------------------------

wrapping first mol.:      -38.30066      108.33064        0.00000

 NSTEP =  1940000   TIME(PS) =  363919.999  TEMP(K) =   309.89  PRESS =     0.0
 Etot   =   -239067.8320  EKtot   =     63104.5195  EPtot      =   -302172.3515
 BOND   =      2121.9528  ANGLE   =      2493.6686  DIHED      =      1398.0861
 UB     =         0.0000  IMP     =         0.0000  CMAP       =       233.8843
 1-4 NB =      1151.7233  1-4 EEL =     15342.6402  VDWAALS    =     40743.5181
 EELEC  =   -365657.8249  EHBOND  =         0.0000  RESTRAINT  =         0.0000
 ------------------------------------------------------------------------------

wrapping first mol.:      -38.30066      108.33064        0.00000

 NSTEP =  1960000   TIME(PS) =  363959.999  TEMP(K) =   309.34  PRESS =     0.0
 Etot   =   -238774.0674  EKtot   =     62993.3438  EPtot      =   -301767.4111
 BOND   =      2096.4979  ANGLE   =      2433.6423  DIHED      =      1437.0270
 UB     =         0.0000  IMP     =         0.0000  CMAP       =       258.4671
 1-4 NB =      1136.7542  1-4 EEL =     15321.5568  VDWAALS    =     40746.8553
 EELEC  =   -365198.2118  EHBOND  =         0.0000  RESTRAINT  =         0.0000
 ------------------------------------------------------------------------------

wrapping first mol.:      -38.30066      108.33064        0.00000

 NSTEP =  1980000   TIME(PS) =  363999.999  TEMP(K) =   309.69  PRESS =     0.0
 Etot   =   -238502.9909  EKtot   =     63064.8086  EPtot      =   -301567.7995
 BOND   =      2141.3968  ANGLE   =      2358.4821  DIHED      =      1409.3464
 UB     =         0.0000  IMP     =         0.0000  CMAP       =       259.7205
 1-4 NB =      1171.8378  1-4 EEL =     15409.6849  VDWAALS    =     40511.3140
 EELEC  =   -364829.5821  EHBOND  =         0.0000  RESTRAINT  =         0.0000
 ------------------------------------------------------------------------------

wrapping first mol.:      -38.30066      108.33064        0.00000

 NSTEP =  2000000   TIME(PS) =  364039.999  TEMP(K) =   309.26  PRESS =     0.0
 Etot   =   -239012.4925  EKtot   =     62976.5586  EPtot      =   -301989.0511
 BOND   =      2059.5206  ANGLE   =      2428.4523  DIHED      =      1402.3983
 UB     =         0.0000  IMP     =         0.0000  CMAP       =       252.3576
 1-4 NB =      1148.4642  1-4 EEL =     15313.4235  VDWAALS    =     40718.3381
 EELEC  =   -365312.0056  EHBOND  =         0.0000  RESTRAINT  =         0.0000
 ------------------------------------------------------------------------------

wrapping first mol.:      -38.30066      108.33064        0.00000

 NSTEP =  2020000   TIME(PS) =  364079.999  TEMP(K) =   310.34  PRESS =     0.0
 Etot   =   -238473.1823  EKtot   =     63196.0742  EPtot      =   -301669.2565
 BOND   =      2157.1707  ANGLE   =      2453.1208  DIHED      =      1412.0736
 UB     =         0.0000  IMP     =         0.0000  CMAP       =       268.2898
 1-4 NB =      1154.6490  1-4 EEL =     15317.1274  VDWAALS    =     40765.8619
 EELEC  =   -365197.5497  EHBOND  =         0.0000  RESTRAINT  =         0.0000
 ------------------------------------------------------------------------------

wrapping first mol.:      -38.30066      108.33064        0.00000

 NSTEP =  2040000   TIME(PS) =  364119.999  TEMP(K) =   310.13  PRESS =     0.0
 Etot   =   -238648.0459  EKtot   =     63152.5000  EPtot      =   -301800.5459
 BOND   =      2103.0865  ANGLE   =      2415.9149  DIHED      =      1417.7313
 UB     =         0.0000  IMP     =         0.0000  CMAP       =       247.1443
 1-4 NB =      1170.9090  1-4 EEL =     15338.2885  VDWAALS    =     41183.5711
 EELEC  =   -365677.1914  EHBOND  =         0.0000  RESTRAINT  =         0.0000
 ------------------------------------------------------------------------------

wrapping first mol.:      -38.30066      108.33064        0.00000

 NSTEP =  2060000   TIME(PS) =  364159.999  TEMP(K) =   310.21  PRESS =     0.0
 Etot   =   -238456.4908  EKtot   =     63170.4219  EPtot      =   -301626.9126
 BOND   =      2101.2683  ANGLE   =      2308.1493  DIHED      =      1409.0691
 UB     =         0.0000  IMP     =         0.0000  CMAP       =       258.4165
 1-4 NB =      1158.6009  1-4 EEL =     15326.5405  VDWAALS    =     40623.5168
 EELEC  =   -364812.4740  EHBOND  =         0.0000  RESTRAINT  =         0.0000
 ------------------------------------------------------------------------------

wrapping first mol.:      -38.30066      108.33064        0.00000

 NSTEP =  2080000   TIME(PS) =  364199.999  TEMP(K) =   309.68  PRESS =     0.0
 Etot   =   -238867.8326  EKtot   =     63061.6602  EPtot      =   -301929.4928
 BOND   =      2039.6803  ANGLE   =      2440.6466  DIHED      =      1406.1858
 UB     =         0.0000  IMP     =         0.0000  CMAP       =       256.2718
 1-4 NB =      1178.4400  1-4 EEL =     15426.0222  VDWAALS    =     40854.9436
 EELEC  =   -365531.6831  EHBOND  =         0.0000  RESTRAINT  =         0.0000
 ------------------------------------------------------------------------------

wrapping first mol.:      -38.30066      108.33064        0.00000

 NSTEP =  2100000   TIME(PS) =  364239.999  TEMP(K) =   310.20  PRESS =     0.0
 Etot   =   -238625.4925  EKtot   =     63167.8398  EPtot      =   -301793.3323
 BOND   =      2018.7899  ANGLE   =      2437.7045  DIHED      =      1386.2803
 UB     =         0.0000  IMP     =         0.0000  CMAP       =       279.4896
 1-4 NB =      1132.1971  1-4 EEL =     15342.5181  VDWAALS    =     40757.8939
 EELEC  =   -365148.2056  EHBOND  =         0.0000  RESTRAINT  =         0.0000
 ------------------------------------------------------------------------------

wrapping first mol.:      -38.30066      108.33064        0.00000

 NSTEP =  2120000   TIME(PS) =  364279.999  TEMP(K) =   309.85  PRESS =     0.0
 Etot   =   -238381.9418  EKtot   =     63096.5039  EPtot      =   -301478.4458
 BOND   =      2101.1364  ANGLE   =      2481.8916  DIHED      =      1378.3537
 UB     =         0.0000  IMP     =         0.0000  CMAP       =       263.2125
 1-4 NB =      1162.3029  1-4 EEL =     15399.9333  VDWAALS    =     40916.4356
 EELEC  =   -365181.7117  EHBOND  =         0.0000  RESTRAINT  =         0.0000
 ------------------------------------------------------------------------------

wrapping first mol.:      -38.30066      108.33064        0.00000

 NSTEP =  2140000   TIME(PS) =  364319.999  TEMP(K) =   310.52  PRESS =     0.0
 Etot   =   -238838.5690  EKtot   =     63233.0625  EPtot      =   -302071.6315
 BOND   =      2110.4984  ANGLE   =      2400.8028  DIHED      =      1389.9713
 UB     =         0.0000  IMP     =         0.0000  CMAP       =       256.3569
 1-4 NB =      1164.9256  1-4 EEL =     15416.3968  VDWAALS    =     40661.5417
 EELEC  =   -365472.1250  EHBOND  =         0.0000  RESTRAINT  =         0.0000
 ------------------------------------------------------------------------------

wrapping first mol.:      -38.30066      108.33064        0.00000

 NSTEP =  2160000   TIME(PS) =  364359.999  TEMP(K) =   310.87  PRESS =     0.0
 Etot   =   -238253.1517  EKtot   =     63305.0742  EPtot      =   -301558.2259
 BOND   =      2062.6930  ANGLE   =      2443.7430  DIHED      =      1422.6412
 UB     =         0.0000  IMP     =         0.0000  CMAP       =       246.4192
 1-4 NB =      1190.4967  1-4 EEL =     15418.8234  VDWAALS    =     40588.7740
 EELEC  =   -364931.8163  EHBOND  =         0.0000  RESTRAINT  =         0.0000
 ------------------------------------------------------------------------------

wrapping first mol.:      -38.30066      108.33064        0.00000

 NSTEP =  2180000   TIME(PS) =  364399.999  TEMP(K) =   311.65  PRESS =     0.0
 Etot   =   -238798.9900  EKtot   =     63463.2148  EPtot      =   -302262.2048
 BOND   =      2077.5425  ANGLE   =      2361.6743  DIHED      =      1392.2890
 UB     =         0.0000  IMP     =         0.0000  CMAP       =       240.4159
 1-4 NB =      1166.7547  1-4 EEL =     15482.4574  VDWAALS    =     40583.8828
 EELEC  =   -365567.2215  EHBOND  =         0.0000  RESTRAINT  =         0.0000
 ------------------------------------------------------------------------------

wrapping first mol.:      -38.30066      108.33064        0.00000

 NSTEP =  2200000   TIME(PS) =  364439.999  TEMP(K) =   310.76  PRESS =     0.0
 Etot   =   -238972.1567  EKtot   =     63281.5977  EPtot      =   -302253.7544
 BOND   =      2120.7454  ANGLE   =      2422.9836  DIHED      =      1410.1454
 UB     =         0.0000  IMP     =         0.0000  CMAP       =       248.2174
 1-4 NB =      1168.6451  1-4 EEL =     15419.6630  VDWAALS    =     40973.6018
 EELEC  =   -366017.7561  EHBOND  =         0.0000  RESTRAINT  =         0.0000
 ------------------------------------------------------------------------------

wrapping first mol.:      -38.30066      108.33064        0.00000

 NSTEP =  2220000   TIME(PS) =  364479.999  TEMP(K) =   310.04  PRESS =     0.0
 Etot   =   -238522.9299  EKtot   =     63135.2500  EPtot      =   -301658.1799
 BOND   =      2119.6537  ANGLE   =      2405.3862  DIHED      =      1412.7651
 UB     =         0.0000  IMP     =         0.0000  CMAP       =       248.8726
 1-4 NB =      1192.1277  1-4 EEL =     15438.2180  VDWAALS    =     40472.6024
 EELEC  =   -364947.8056  EHBOND  =         0.0000  RESTRAINT  =         0.0000
 ------------------------------------------------------------------------------

wrapping first mol.:      -38.30066      108.33064        0.00000

 NSTEP =  2240000   TIME(PS) =  364519.999  TEMP(K) =   308.64  PRESS =     0.0
 Etot   =   -239137.5636  EKtot   =     62850.2695  EPtot      =   -301987.8331
 BOND   =      2044.3710  ANGLE   =      2359.9236  DIHED      =      1422.5705
 UB     =         0.0000  IMP     =         0.0000  CMAP       =       225.4280
 1-4 NB =      1177.9685  1-4 EEL =     15391.4125  VDWAALS    =     41090.4619
 EELEC  =   -365699.9691  EHBOND  =         0.0000  RESTRAINT  =         0.0000
 ------------------------------------------------------------------------------

wrapping first mol.:      -38.30066      108.33064        0.00000

 NSTEP =  2260000   TIME(PS) =  364559.999  TEMP(K) =   308.97  PRESS =     0.0
 Etot   =   -239011.4777  EKtot   =     62916.8359  EPtot      =   -301928.3136
 BOND   =      2083.3307  ANGLE   =      2375.2665  DIHED      =      1418.4217
 UB     =         0.0000  IMP     =         0.0000  CMAP       =       235.9530
 1-4 NB =      1193.4914  1-4 EEL =     15505.1596  VDWAALS    =     41089.2764
 EELEC  =   -365829.2130  EHBOND  =         0.0000  RESTRAINT  =         0.0000
 ------------------------------------------------------------------------------

wrapping first mol.:      -38.30066      108.33064        0.00000

 NSTEP =  2280000   TIME(PS) =  364599.999  TEMP(K) =   310.59  PRESS =     0.0
 Etot   =   -239076.1123  EKtot   =     63246.6562  EPtot      =   -302322.7686
 BOND   =      2089.8645  ANGLE   =      2407.2791  DIHED      =      1422.9159
 UB     =         0.0000  IMP     =         0.0000  CMAP       =       232.5259
 1-4 NB =      1193.7671  1-4 EEL =     15456.9885  VDWAALS    =     40800.9000
 EELEC  =   -365927.0097  EHBOND  =         0.0000  RESTRAINT  =         0.0000
 ------------------------------------------------------------------------------

wrapping first mol.:      -38.30066      108.33064        0.00000

 NSTEP =  2300000   TIME(PS) =  364639.999  TEMP(K) =   310.48  PRESS =     0.0
 Etot   =   -238901.9395  EKtot   =     63224.3359  EPtot      =   -302126.2755
 BOND   =      2054.9854  ANGLE   =      2373.4919  DIHED      =      1399.5959
 UB     =         0.0000  IMP     =         0.0000  CMAP       =       234.8544
 1-4 NB =      1138.2084  1-4 EEL =     15396.5389  VDWAALS    =     40590.4521
 EELEC  =   -365314.4025  EHBOND  =         0.0000  RESTRAINT  =         0.0000
 ------------------------------------------------------------------------------

wrapping first mol.:      -38.30066      108.33064        0.00000

 NSTEP =  2320000   TIME(PS) =  364679.999  TEMP(K) =   311.10  PRESS =     0.0
 Etot   =   -239028.0158  EKtot   =     63350.3633  EPtot      =   -302378.3791
 BOND   =      2080.5035  ANGLE   =      2406.1276  DIHED      =      1403.1923
 UB     =         0.0000  IMP     =         0.0000  CMAP       =       247.3147
 1-4 NB =      1173.7880  1-4 EEL =     15448.6918  VDWAALS    =     40763.9128
 EELEC  =   -365901.9097  EHBOND  =         0.0000  RESTRAINT  =         0.0000
 ------------------------------------------------------------------------------

wrapping first mol.:      -38.30066      108.33064        0.00000

 NSTEP =  2340000   TIME(PS) =  364719.999  TEMP(K) =   311.22  PRESS =     0.0
 Etot   =   -238561.7193  EKtot   =     63375.7109  EPtot      =   -301937.4302
 BOND   =      2086.2114  ANGLE   =      2376.7788  DIHED      =      1426.4905
 UB     =         0.0000  IMP     =         0.0000  CMAP       =       242.2938
 1-4 NB =      1185.3168  1-4 EEL =     15410.6835  VDWAALS    =     40248.4937
 EELEC  =   -364913.6987  EHBOND  =         0.0000  RESTRAINT  =         0.0000
 ------------------------------------------------------------------------------

wrapping first mol.:      -38.30066      108.33064        0.00000

 NSTEP =  2360000   TIME(PS) =  364759.999  TEMP(K) =   309.94  PRESS =     0.0
 Etot   =   -238923.3503  EKtot   =     63114.3047  EPtot      =   -302037.6550
 BOND   =      2087.6417  ANGLE   =      2413.9666  DIHED      =      1412.6845
 UB     =         0.0000  IMP     =         0.0000  CMAP       =       237.4476
 1-4 NB =      1175.2226  1-4 EEL =     15437.2992  VDWAALS    =     40523.6754
 EELEC  =   -365325.5926  EHBOND  =         0.0000  RESTRAINT  =         0.0000
 ------------------------------------------------------------------------------

wrapping first mol.:      -38.30066      108.33064        0.00000

 NSTEP =  2380000   TIME(PS) =  364799.999  TEMP(K) =   310.39  PRESS =     0.0
 Etot   =   -238189.4097  EKtot   =     63205.5078  EPtot      =   -301394.9175
 BOND   =      2116.7792  ANGLE   =      2409.4102  DIHED      =      1418.1954
 UB     =         0.0000  IMP     =         0.0000  CMAP       =       256.5216
 1-4 NB =      1152.3571  1-4 EEL =     15375.5647  VDWAALS    =     40752.9806
 EELEC  =   -364876.7263  EHBOND  =         0.0000  RESTRAINT  =         0.0000
 ------------------------------------------------------------------------------

wrapping first mol.:      -38.30066      108.33064        0.00000

 NSTEP =  2400000   TIME(PS) =  364839.999  TEMP(K) =   309.42  PRESS =     0.0
 Etot   =   -238911.7835  EKtot   =     63008.7227  EPtot      =   -301920.5061
 BOND   =      2063.8172  ANGLE   =      2441.9209  DIHED      =      1392.7062
 UB     =         0.0000  IMP     =         0.0000  CMAP       =       254.9799
 1-4 NB =      1166.5384  1-4 EEL =     15412.3086  VDWAALS    =     40557.4879
 EELEC  =   -365210.2653  EHBOND  =         0.0000  RESTRAINT  =         0.0000
 ------------------------------------------------------------------------------

wrapping first mol.:      -38.30066      108.33064        0.00000

 NSTEP =  2420000   TIME(PS) =  364879.999  TEMP(K) =   310.74  PRESS =     0.0
 Etot   =   -238309.5866  EKtot   =     63277.7969  EPtot      =   -301587.3835
 BOND   =      2087.4236  ANGLE   =      2441.1712  DIHED      =      1375.6787
 UB     =         0.0000  IMP     =         0.0000  CMAP       =       250.4065
 1-4 NB =      1182.3335  1-4 EEL =     15438.5809  VDWAALS    =     40367.7599
 EELEC  =   -364730.7379  EHBOND  =         0.0000  RESTRAINT  =         0.0000
 ------------------------------------------------------------------------------

wrapping first mol.:      -38.30066      108.33064        0.00000

 NSTEP =  2440000   TIME(PS) =  364919.999  TEMP(K) =   309.56  PRESS =     0.0
 Etot   =   -238877.2224  EKtot   =     63038.1016  EPtot      =   -301915.3239
 BOND   =      2063.5604  ANGLE   =      2438.4022  DIHED      =      1407.0778
 UB     =         0.0000  IMP     =         0.0000  CMAP       =       248.4703
 1-4 NB =      1150.9129  1-4 EEL =     15328.3975  VDWAALS    =     41067.6649
 EELEC  =   -365619.8099  EHBOND  =         0.0000  RESTRAINT  =         0.0000
 ------------------------------------------------------------------------------

wrapping first mol.:      -38.30066      108.33064        0.00000

 NSTEP =  2460000   TIME(PS) =  364959.999  TEMP(K) =   309.91  PRESS =     0.0
 Etot   =   -238717.1635  EKtot   =     63109.6367  EPtot      =   -301826.8003
 BOND   =      2104.4434  ANGLE   =      2394.8491  DIHED      =      1437.0455
 UB     =         0.0000  IMP     =         0.0000  CMAP       =       267.0039
 1-4 NB =      1182.0547  1-4 EEL =     15461.2816  VDWAALS    =     40558.1930
 EELEC  =   -365231.6714  EHBOND  =         0.0000  RESTRAINT  =         0.0000
 ------------------------------------------------------------------------------

wrapping first mol.:      -38.30066      108.33064        0.00000

 NSTEP =  2480000   TIME(PS) =  364999.999  TEMP(K) =   310.05  PRESS =     0.0
 Etot   =   -238642.1340  EKtot   =     63136.8281  EPtot      =   -301778.9622
 BOND   =      2054.1470  ANGLE   =      2438.9994  DIHED      =      1413.7835
 UB     =         0.0000  IMP     =         0.0000  CMAP       =       246.9829
 1-4 NB =      1187.9227  1-4 EEL =     15434.0501  VDWAALS    =     40485.8194
 EELEC  =   -365040.6671  EHBOND  =         0.0000  RESTRAINT  =         0.0000
 ------------------------------------------------------------------------------

wrapping first mol.:      -38.30066      108.33064        0.00000
wrapping first mol.:      -38.30066      108.33064        0.00000

 NSTEP =  2500000   TIME(PS) =  365039.999  TEMP(K) =   310.00  PRESS =     0.0
 Etot   =   -238799.1902  EKtot   =     63127.9492  EPtot      =   -301927.1394
 BOND   =      2068.7599  ANGLE   =      2486.4971  DIHED      =      1406.5785
 UB     =         0.0000  IMP     =         0.0000  CMAP       =       237.2245
 1-4 NB =      1187.3184  1-4 EEL =     15369.2731  VDWAALS    =     41259.5244
 EELEC  =   -365942.3153  EHBOND  =         0.0000  RESTRAINT  =         0.0000
 ------------------------------------------------------------------------------


      A V E R A G E S   O V E R     125 S T E P S


 NSTEP =  2500000   TIME(PS) =  365039.999  TEMP(K) =   310.02  PRESS =     0.0
 Etot   =   -238766.5724  EKtot   =     63130.3858  EPtot      =   -301896.9583
 BOND   =      2089.3034  ANGLE   =      2411.4490  DIHED      =      1407.1591
 UB     =         0.0000  IMP     =         0.0000  CMAP       =       244.2063
 1-4 NB =      1163.1758  1-4 EEL =     15372.6155  VDWAALS    =     40709.2999
 EELEC  =   -365294.1673  EHBOND  =         0.0000  RESTRAINT  =         0.0000
 ------------------------------------------------------------------------------


      R M S  F L U C T U A T I O N S


 NSTEP =  2500000   TIME(PS) =  365039.999  TEMP(K) =     0.86  PRESS =     0.0
 Etot   =       293.5936  EKtot   =       176.0141  EPtot      =       272.2298
 BOND   =        29.5797  ANGLE   =        43.3828  DIHED      =        16.9496
 UB     =         0.0000  IMP     =         0.0000  CMAP       =        11.4205
 1-4 NB =        14.4793  1-4 EEL =        53.6175  VDWAALS    =       261.4765
 EELEC  =       418.0477  EHBOND  =         0.0000  RESTRAINT  =         0.0000
 ------------------------------------------------------------------------------

--------------------------------------------------------------------------------
   5.  TIMINGS
--------------------------------------------------------------------------------

|  NonSetup CPU Time in Major Routines:
|
|     Routine           Sec        %
|     ------------------------------
|     Nonbond         187.54   13.73
|     Bond              0.00    0.00
|     Angle             0.00    0.00
|     Dihedral          0.00    0.00
|     Shake            13.03    0.95
|     RunMD          1163.11   85.16
|     Other             2.17    0.16
|     ------------------------------
|     Total          1365.85

|  PME Nonbond Pairlist CPU Time:
|
|     Routine              Sec        %
|     ---------------------------------
|     Set Up Cit           0.00    0.00
|     Build List           0.00    0.00
|     ---------------------------------
|     Total                0.00    0.00

|  PME Direct Force CPU Time:
|
|     Routine              Sec        %
|     ---------------------------------
|     NonBonded Calc       0.00    0.00
|     Exclude Masked       0.00    0.00
|     Other                1.37    0.10
|     ---------------------------------
|     Total                1.37    0.10

|  PME Reciprocal Force CPU Time:
|
|     Routine              Sec        %
|     ---------------------------------
|     1D bspline           0.00    0.00
|     Grid Charges         0.00    0.00
|     Scalar Sum           0.00    0.00
|     Gradient Sum         0.00    0.00
|     FFT                  0.00    0.00
|     ---------------------------------
|     Total                0.00    0.00

|  Final Performance Info:
|     -----------------------------------------------------
|     Average timings for last   80000 steps:
|     Elapsed(s) =      43.96 Per Step(ms) =       0.55
|         ns/day =     314.47   seconds/ns =     274.75
|
|     Average timings for all steps:
|     Elapsed(s) =    1368.67 Per Step(ms) =       0.55
|         ns/day =     315.64   seconds/ns =     273.73
|     -----------------------------------------------------

|  Setup CPU time:            1.16 seconds
|  NonSetup CPU time:      1365.85 seconds
|  Total CPU time:         1367.01 seconds     0.38 hours

|  Setup wall time:           2    seconds
|  NonSetup wall time:     1368    seconds
|  Total wall time:        1370    seconds     0.38 hours
