
          -------------------------------------------------------
          Amber 24 PMEMD                              2024
          -------------------------------------------------------

| PMEMD implementation of SANDER, Release 24

|  Compiled date/time: Thu Apr  3 17:55:38 2025
| Run on 11/17/2025 at 23:18:56

|   Executable path: pmemd.cuda_SPFP
| Working directory: /rs1/researchers/h/hall/vtnguye4/Amber_restart/cappedP1amber/P1_Simulation3
|          Hostname: gpu24

  [-O]verwriting output

File Assignments:
|   MDIN: /rs1/researchers/h/hall/vtnguye4/Amber_restart/cappedP1amber/equil.in 
|  MDOUT: ./OUT_Files/equil81.out                                               
| INPCRD: ./RST_Files/equil80.rst7                                              
|   PARM: ./PRMTOP_Files/P1.prmtop                                              
| RESTRT: ./RST_Files/equil81.rst7                                              
|   REFC: refc                                                                  
|  MDVEL: mdvel                                                                 
|   MDEN: mden                                                                  
|  MDCRD: ./nc_Files/equil81.nc                                                 
| MDINFO: mdinfo                                                                
|  MDFRC: mdfrc                                                                 


 Here is the input file:

!Stage equilibration 5ns                                                       
&cntrl                                                                         
imin=0, irest=1, ntx=5,                                                        
nstlim=2500000, dt=0.002,                                                      
ntc=2, ntf=2, ig=-1,                                                           
ntt=3, gamma_ln=2.0,                                                           
tempi=310.0, temp0=310.0,                                                      
ntxo=2, ioutfm=1,                                                              
ntpr=20000, ntwx=20000,                                                        
ntb=1,                                                                         
cut=9.0,                                                                       
iwrap=1,                                                                       
/                                                                              


Note: ig = -1. Setting random seed to   451511 based on wallclock time in 
      microseconds.
| irandom = 1, using AMBER's internal random number generator (default).
 
|--------------------- INFORMATION ----------------------
| GPU (CUDA) Version of PMEMD in use: NVIDIA GPU IN USE.
|                    Version 18.0.0
| 
|                      03/25/2018
| 
| Implementation by:
|                    Ross C. Walker     (SDSC)
|                    Scott Le Grand     (nVIDIA)
| 
| Version 18 performance extensions by:
|                    David Cerutti     (Rutgers)
| 
| Precision model in use:
|      [SPFP] - Single Precision Forces, 64-bit Fixed Point
|               Accumulation. (Default)
| 
|--------------------------------------------------------
 
|----------------- CITATION INFORMATION -----------------
|
|    When publishing work that utilized the CUDA version
|    of AMBER, please cite the following in addition to
|    the regular AMBER citations:
|
|  - Romelia Salomon-Ferrer; Andreas W. Goetz; Duncan
|    Poole; Scott Le Grand; Ross C. Walker "Routine
|    microsecond molecular dynamics simulations with
|    AMBER - Part II: Particle Mesh Ewald", J. Chem.
|    Theory Comput., 2013, 9 (9), pp3878-3888,
|    DOI: 10.1021/ct400314y.
|
|  - Andreas W. Goetz; Mark J. Williamson; Dong Xu;
|    Duncan Poole; Scott Le Grand; Ross C. Walker
|    "Routine microsecond molecular dynamics simulations
|    with AMBER - Part I: Generalized Born", J. Chem.
|    Theory Comput., 2012, 8 (5), pp1542-1555.
|
|  - Scott Le Grand; Andreas W. Goetz; Ross C. Walker
|    "SPFP: Speed without compromise - a mixed precision
|    model for GPU accelerated molecular dynamics
|    simulations.", Comp. Phys. Comm., 2013, 184
|    pp374-380, DOI: 10.1016/j.cpc.2012.09.022
|
|--------------------------------------------------------
 
|------------------- GPU DEVICE INFO --------------------
|
|            CUDA_VISIBLE_DEVICES: 0
|   CUDA Capable Devices Detected:      1
|           CUDA Device ID in use:      0
|                CUDA Device Name: NVIDIA L40S
|     CUDA Device Global Mem Size:  45487 MB
| CUDA Device Num Multiprocessors:    142
|           CUDA Device Core Freq:   2.52 GHz
|
|--------------------------------------------------------
 
 
| Conditional Compilation Defines Used:
| PUBFFT
| BINTRAJ
| CUDA
| EMIL

| Largest sphere to fit in unit cell has radius =    46.909

| New format PARM file being parsed.
| Version =    1.000 Date = 10/28/25 Time = 16:56:02

| Note: 1-4 EEL scale factors are being read from the topology file.

| Note: 1-4 VDW scale factors are being read from the topology file.
| Duplicated    0 dihedrals

| Duplicated    0 dihedrals

--------------------------------------------------------------------------------
   1.  RESOURCE   USE: 
--------------------------------------------------------------------------------

 getting box info from netcdf restart file
 NATOM  =  101202 NTYPES =      11 NBONH =   98658 MBONA  =    2544
 NTHETH =    5904 MTHETA =    3408 NPHIH =   11760 MPHIA  =   10368
 NHPARM =       0 NPARM  =       0 NNB   =  155656 NRES   =   32422
 NBONA  =    2544 NTHETA =    3408 NPHIA =   10368 NUMBND =      27
 NUMANG =      54 NPTRA  =      59 NATYP =      16 NPHB   =       0
 IFBOX  =       2 NMXRS  =      21 IFCAP =       0 NEXTRA =       0
 NCOPY  =       0

| Coordinate Index Table dimensions:    20   20   20
| Direct force subcell size =     5.7451    5.7451    5.7451

     BOX TYPE: TRUNCATED OCTAHEDRON

--------------------------------------------------------------------------------
   2.  CONTROL  DATA  FOR  THE  RUN
--------------------------------------------------------------------------------

default_name                                                                    

General flags:
     imin    =       0, nmropt  =       0

Nature and format of input:
     ntx     =       5, irest   =       1, ntrx    =       1

Nature and format of output:
     ntxo    =       2, ntpr    =   20000, ntrx    =       1, ntwr    = 2500000
     iwrap   =       1, ntwx    =   20000, ntwv    =       0, ntwe    =       0
     ioutfm  =       1, ntwprt  =       0, idecomp =       0, rbornstat=      0

Potential function:
     ntf     =       2, ntb     =       1, igb     =       0, nsnb    =      25
     ipol    =       0, gbsa    =       0, iesp    =       0
     dielc   =   1.00000, cut     =   9.00000, intdiel =   1.00000

Frozen or restrained atoms:
     ibelly  =       0, ntr     =       0

Molecular dynamics:
     nstlim  =   2500000, nscm    =      1000, nrespa  =         1
     t       =   0.00000, dt      =   0.00200, vlimit  =  -1.00000

Langevin dynamics temperature regulation:
     ig      =  451511
     temp0   = 310.00000, tempi   = 310.00000, gamma_ln=   2.00000

SHAKE:
     ntc     =       2, jfastw  =       0
     tol     =   0.00001

| Intermolecular bonds treatment:
|     no_intermolecular_bonds =       1

| Energy averages sample interval:
|     ene_avg_sampling =   20000

Ewald parameters:
     verbose =       0, ew_type =       0, nbflag  =       1, use_pme =       1
     vdwmeth =       1, eedmeth =       1, netfrc  =       1
     Box X =  114.902   Box Y =  114.902   Box Z =  114.902
     Alpha =  109.471   Beta  =  109.471   Gamma =  109.471
     NFFT1 =  120       NFFT2 =  120       NFFT3 =  120
     Cutoff=    9.000   Tol   =0.100E-04
     Ewald Coefficient =  0.30768
     Interpolation order =    4

--------------------------------------------------------------------------------
   3.  ATOMIC COORDINATES AND VELOCITIES
--------------------------------------------------------------------------------

default_name                                                                    
 begin time read from input coords =400039.999 ps

 
 Number of triangulated 3-point waters found:    31990

     Sum of charges from parm topology file =  -0.00000047
     Forcing neutrality...

| Dynamic Memory, Types Used:
| Reals             3080462
| Integers          3650456

| Nonbonded Pairs Initial Allocation:    23074056

| GPU memory information (estimate):
| KB of GPU memory in use:    789634
| KB of CPU memory in use:    210424

--------------------------------------------------------------------------------
   4.  RESULTS
--------------------------------------------------------------------------------


 NSTEP =    20000   TIME(PS) =  400079.999  TEMP(K) =   308.96  PRESS =     0.0
 Etot   =   -238981.3813  EKtot   =     62915.7031  EPtot      =   -301897.0845
 BOND   =      2151.7449  ANGLE   =      2354.8329  DIHED      =      1444.5591
 UB     =         0.0000  IMP     =         0.0000  CMAP       =       231.9953
 1-4 NB =      1174.1950  1-4 EEL =     15393.3634  VDWAALS    =     40512.3764
 EELEC  =   -365160.1515  EHBOND  =         0.0000  RESTRAINT  =         0.0000
 ------------------------------------------------------------------------------


 NSTEP =    40000   TIME(PS) =  400119.999  TEMP(K) =   311.07  PRESS =     0.0
 Etot   =   -238223.8599  EKtot   =     63344.5547  EPtot      =   -301568.4146
 BOND   =      2064.2761  ANGLE   =      2398.4123  DIHED      =      1401.5771
 UB     =         0.0000  IMP     =         0.0000  CMAP       =       203.5091
 1-4 NB =      1192.1261  1-4 EEL =     15484.0461  VDWAALS    =     40498.6041
 EELEC  =   -364810.9654  EHBOND  =         0.0000  RESTRAINT  =         0.0000
 ------------------------------------------------------------------------------


 NSTEP =    60000   TIME(PS) =  400159.999  TEMP(K) =   310.56  PRESS =     0.0
 Etot   =   -238681.7875  EKtot   =     63241.4648  EPtot      =   -301923.2524
 BOND   =      2108.9820  ANGLE   =      2424.2723  DIHED      =      1403.7369
 UB     =         0.0000  IMP     =         0.0000  CMAP       =       230.7833
 1-4 NB =      1159.0220  1-4 EEL =     15473.7884  VDWAALS    =     40204.3337
 EELEC  =   -364928.1711  EHBOND  =         0.0000  RESTRAINT  =         0.0000
 ------------------------------------------------------------------------------


 NSTEP =    80000   TIME(PS) =  400199.999  TEMP(K) =   311.73  PRESS =     0.0
 Etot   =   -237862.5141  EKtot   =     63479.5430  EPtot      =   -301342.0571
 BOND   =      2079.5564  ANGLE   =      2492.4410  DIHED      =      1390.3056
 UB     =         0.0000  IMP     =         0.0000  CMAP       =       240.1125
 1-4 NB =      1183.7101  1-4 EEL =     15375.9528  VDWAALS    =     40332.6520
 EELEC  =   -364436.7874  EHBOND  =         0.0000  RESTRAINT  =         0.0000
 ------------------------------------------------------------------------------


 NSTEP =   100000   TIME(PS) =  400239.999  TEMP(K) =   311.93  PRESS =     0.0
 Etot   =   -238150.7890  EKtot   =     63519.6914  EPtot      =   -301670.4805
 BOND   =      2071.0485  ANGLE   =      2376.7053  DIHED      =      1390.4221
 UB     =         0.0000  IMP     =         0.0000  CMAP       =       235.5944
 1-4 NB =      1158.9389  1-4 EEL =     15359.5181  VDWAALS    =     40664.6361
 EELEC  =   -364927.3439  EHBOND  =         0.0000  RESTRAINT  =         0.0000
 ------------------------------------------------------------------------------


 NSTEP =   120000   TIME(PS) =  400279.999  TEMP(K) =   311.56  PRESS =     0.0
 Etot   =   -238045.0117  EKtot   =     63444.5938  EPtot      =   -301489.6055
 BOND   =      2096.0169  ANGLE   =      2368.5015  DIHED      =      1418.6699
 UB     =         0.0000  IMP     =         0.0000  CMAP       =       251.6100
 1-4 NB =      1171.2440  1-4 EEL =     15405.0830  VDWAALS    =     40909.4710
 EELEC  =   -365110.2018  EHBOND  =         0.0000  RESTRAINT  =         0.0000
 ------------------------------------------------------------------------------


 NSTEP =   140000   TIME(PS) =  400319.999  TEMP(K) =   310.49  PRESS =     0.0
 Etot   =   -238478.8832  EKtot   =     63227.2812  EPtot      =   -301706.1645
 BOND   =      2078.1724  ANGLE   =      2437.4595  DIHED      =      1393.6728
 UB     =         0.0000  IMP     =         0.0000  CMAP       =       229.5733
 1-4 NB =      1170.7704  1-4 EEL =     15409.5314  VDWAALS    =     40343.7454
 EELEC  =   -364769.0895  EHBOND  =         0.0000  RESTRAINT  =         0.0000
 ------------------------------------------------------------------------------


 NSTEP =   160000   TIME(PS) =  400359.999  TEMP(K) =   310.45  PRESS =     0.0
 Etot   =   -239054.5402  EKtot   =     63219.5195  EPtot      =   -302274.0598
 BOND   =      2130.4575  ANGLE   =      2342.3569  DIHED      =      1439.6966
 UB     =         0.0000  IMP     =         0.0000  CMAP       =       256.4226
 1-4 NB =      1132.1935  1-4 EEL =     15313.8790  VDWAALS    =     40883.9350
 EELEC  =   -365773.0008  EHBOND  =         0.0000  RESTRAINT  =         0.0000
 ------------------------------------------------------------------------------


 NSTEP =   180000   TIME(PS) =  400399.999  TEMP(K) =   309.81  PRESS =     0.0
 Etot   =   -238602.9185  EKtot   =     63088.5820  EPtot      =   -301691.5006
 BOND   =      2071.4438  ANGLE   =      2420.6271  DIHED      =      1425.2141
 UB     =         0.0000  IMP     =         0.0000  CMAP       =       220.6528
 1-4 NB =      1168.1818  1-4 EEL =     15449.0902  VDWAALS    =     40613.2782
 EELEC  =   -365059.9885  EHBOND  =         0.0000  RESTRAINT  =         0.0000
 ------------------------------------------------------------------------------


 NSTEP =   200000   TIME(PS) =  400439.999  TEMP(K) =   309.21  PRESS =     0.0
 Etot   =   -238712.0172  EKtot   =     62966.0078  EPtot      =   -301678.0250
 BOND   =      2108.0303  ANGLE   =      2471.5403  DIHED      =      1460.7621
 UB     =         0.0000  IMP     =         0.0000  CMAP       =       218.6344
 1-4 NB =      1162.0038  1-4 EEL =     15325.9162  VDWAALS    =     40232.3254
 EELEC  =   -364657.2374  EHBOND  =         0.0000  RESTRAINT  =         0.0000
 ------------------------------------------------------------------------------


 NSTEP =   220000   TIME(PS) =  400479.999  TEMP(K) =   310.32  PRESS =     0.0
 Etot   =   -238735.8960  EKtot   =     63192.5625  EPtot      =   -301928.4585
 BOND   =      2085.8132  ANGLE   =      2404.9031  DIHED      =      1414.8856
 UB     =         0.0000  IMP     =         0.0000  CMAP       =       215.7064
 1-4 NB =      1170.0783  1-4 EEL =     15399.6787  VDWAALS    =     40296.4813
 EELEC  =   -364916.0053  EHBOND  =         0.0000  RESTRAINT  =         0.0000
 ------------------------------------------------------------------------------


 NSTEP =   240000   TIME(PS) =  400519.999  TEMP(K) =   310.04  PRESS =     0.0
 Etot   =   -239020.8873  EKtot   =     63135.6641  EPtot      =   -302156.5513
 BOND   =      2051.5038  ANGLE   =      2449.4176  DIHED      =      1406.0409
 UB     =         0.0000  IMP     =         0.0000  CMAP       =       225.9066
 1-4 NB =      1168.0318  1-4 EEL =     15373.0818  VDWAALS    =     40740.3963
 EELEC  =   -365570.9300  EHBOND  =         0.0000  RESTRAINT  =         0.0000
 ------------------------------------------------------------------------------


 NSTEP =   260000   TIME(PS) =  400559.999  TEMP(K) =   310.60  PRESS =     0.0
 Etot   =   -238726.9257  EKtot   =     63248.4805  EPtot      =   -301975.4061
 BOND   =      2122.2888  ANGLE   =      2447.7633  DIHED      =      1398.6531
 UB     =         0.0000  IMP     =         0.0000  CMAP       =       226.4780
 1-4 NB =      1161.5133  1-4 EEL =     15387.7317  VDWAALS    =     40300.2263
 EELEC  =   -365020.0607  EHBOND  =         0.0000  RESTRAINT  =         0.0000
 ------------------------------------------------------------------------------


 NSTEP =   280000   TIME(PS) =  400599.999  TEMP(K) =   309.96  PRESS =     0.0
 Etot   =   -238974.5827  EKtot   =     63119.1289  EPtot      =   -302093.7116
 BOND   =      2122.9671  ANGLE   =      2394.9425  DIHED      =      1411.6755
 UB     =         0.0000  IMP     =         0.0000  CMAP       =       226.0283
 1-4 NB =      1156.5408  1-4 EEL =     15391.4152  VDWAALS    =     40827.6458
 EELEC  =   -365624.9267  EHBOND  =         0.0000  RESTRAINT  =         0.0000
 ------------------------------------------------------------------------------


 NSTEP =   300000   TIME(PS) =  400639.999  TEMP(K) =   309.94  PRESS =     0.0
 Etot   =   -238692.8747  EKtot   =     63114.3867  EPtot      =   -301807.2614
 BOND   =      2047.7065  ANGLE   =      2387.9387  DIHED      =      1442.2007
 UB     =         0.0000  IMP     =         0.0000  CMAP       =       229.1974
 1-4 NB =      1175.1269  1-4 EEL =     15369.5850  VDWAALS    =     40898.3473
 EELEC  =   -365357.3638  EHBOND  =         0.0000  RESTRAINT  =         0.0000
 ------------------------------------------------------------------------------


 NSTEP =   320000   TIME(PS) =  400679.999  TEMP(K) =   310.53  PRESS =     0.0
 Etot   =   -238942.0474  EKtot   =     63234.2500  EPtot      =   -302176.2974
 BOND   =      2092.3308  ANGLE   =      2410.4593  DIHED      =      1427.5699
 UB     =         0.0000  IMP     =         0.0000  CMAP       =       233.0226
 1-4 NB =      1152.8576  1-4 EEL =     15391.2739  VDWAALS    =     40834.7534
 EELEC  =   -365718.5650  EHBOND  =         0.0000  RESTRAINT  =         0.0000
 ------------------------------------------------------------------------------


 NSTEP =   340000   TIME(PS) =  400719.999  TEMP(K) =   311.04  PRESS =     0.0
 Etot   =   -238781.0808  EKtot   =     63337.8633  EPtot      =   -302118.9441
 BOND   =      2058.1769  ANGLE   =      2433.1974  DIHED      =      1409.8757
 UB     =         0.0000  IMP     =         0.0000  CMAP       =       239.6728
 1-4 NB =      1134.9725  1-4 EEL =     15300.0379  VDWAALS    =     40523.3088
 EELEC  =   -365218.1860  EHBOND  =         0.0000  RESTRAINT  =         0.0000
 ------------------------------------------------------------------------------


 NSTEP =   360000   TIME(PS) =  400759.999  TEMP(K) =   311.41  PRESS =     0.0
 Etot   =   -238107.0516  EKtot   =     63413.8438  EPtot      =   -301520.8953
 BOND   =      2071.3080  ANGLE   =      2372.6179  DIHED      =      1388.4507
 UB     =         0.0000  IMP     =         0.0000  CMAP       =       222.4730
 1-4 NB =      1177.3207  1-4 EEL =     15304.8052  VDWAALS    =     40739.3943
 EELEC  =   -364797.2650  EHBOND  =         0.0000  RESTRAINT  =         0.0000
 ------------------------------------------------------------------------------


 NSTEP =   380000   TIME(PS) =  400799.999  TEMP(K) =   310.82  PRESS =     0.0
 Etot   =   -238595.9633  EKtot   =     63294.8945  EPtot      =   -301890.8579
 BOND   =      2127.7967  ANGLE   =      2394.4072  DIHED      =      1393.4533
 UB     =         0.0000  IMP     =         0.0000  CMAP       =       230.8393
 1-4 NB =      1181.1787  1-4 EEL =     15337.8047  VDWAALS    =     41032.3428
 EELEC  =   -365588.6807  EHBOND  =         0.0000  RESTRAINT  =         0.0000
 ------------------------------------------------------------------------------


 NSTEP =   400000   TIME(PS) =  400839.999  TEMP(K) =   310.34  PRESS =     0.0
 Etot   =   -238154.6294  EKtot   =     63196.2422  EPtot      =   -301350.8715
 BOND   =      2072.5398  ANGLE   =      2407.7356  DIHED      =      1381.2851
 UB     =         0.0000  IMP     =         0.0000  CMAP       =       240.2694
 1-4 NB =      1176.0343  1-4 EEL =     15336.9014  VDWAALS    =     40559.5513
 EELEC  =   -364525.1883  EHBOND  =         0.0000  RESTRAINT  =         0.0000
 ------------------------------------------------------------------------------


 NSTEP =   420000   TIME(PS) =  400879.999  TEMP(K) =   309.99  PRESS =     0.0
 Etot   =   -238472.8511  EKtot   =     63124.8320  EPtot      =   -301597.6831
 BOND   =      2046.8631  ANGLE   =      2401.3564  DIHED      =      1408.9469
 UB     =         0.0000  IMP     =         0.0000  CMAP       =       248.1575
 1-4 NB =      1183.4748  1-4 EEL =     15326.3318  VDWAALS    =     40178.0114
 EELEC  =   -364390.8249  EHBOND  =         0.0000  RESTRAINT  =         0.0000
 ------------------------------------------------------------------------------


 NSTEP =   440000   TIME(PS) =  400919.999  TEMP(K) =   310.50  PRESS =     0.0
 Etot   =   -238858.2471  EKtot   =     63228.7109  EPtot      =   -302086.9580
 BOND   =      2067.5635  ANGLE   =      2401.1086  DIHED      =      1392.8129
 UB     =         0.0000  IMP     =         0.0000  CMAP       =       253.5054
 1-4 NB =      1172.4479  1-4 EEL =     15390.7451  VDWAALS    =     40775.1488
 EELEC  =   -365540.2902  EHBOND  =         0.0000  RESTRAINT  =         0.0000
 ------------------------------------------------------------------------------


 NSTEP =   460000   TIME(PS) =  400959.999  TEMP(K) =   309.45  PRESS =     0.0
 Etot   =   -238965.7465  EKtot   =     63014.9844  EPtot      =   -301980.7308
 BOND   =      2069.2990  ANGLE   =      2405.0360  DIHED      =      1401.5374
 UB     =         0.0000  IMP     =         0.0000  CMAP       =       227.4055
 1-4 NB =      1183.4498  1-4 EEL =     15423.3116  VDWAALS    =     40762.3354
 EELEC  =   -365453.1055  EHBOND  =         0.0000  RESTRAINT  =         0.0000
 ------------------------------------------------------------------------------


 NSTEP =   480000   TIME(PS) =  400999.999  TEMP(K) =   310.38  PRESS =     0.0
 Etot   =   -238531.9201  EKtot   =     63204.9102  EPtot      =   -301736.8302
 BOND   =      2078.7060  ANGLE   =      2425.3188  DIHED      =      1391.0573
 UB     =         0.0000  IMP     =         0.0000  CMAP       =       249.9620
 1-4 NB =      1178.5543  1-4 EEL =     15364.3444  VDWAALS    =     40668.2779
 EELEC  =   -365093.0510  EHBOND  =         0.0000  RESTRAINT  =         0.0000
 ------------------------------------------------------------------------------


 NSTEP =   500000   TIME(PS) =  401039.999  TEMP(K) =   311.97  PRESS =     0.0
 Etot   =   -238585.4745  EKtot   =     63528.8086  EPtot      =   -302114.2831
 BOND   =      2105.4849  ANGLE   =      2422.6042  DIHED      =      1407.2409
 UB     =         0.0000  IMP     =         0.0000  CMAP       =       224.4277
 1-4 NB =      1182.1168  1-4 EEL =     15361.6638  VDWAALS    =     40761.3771
 EELEC  =   -365579.1987  EHBOND  =         0.0000  RESTRAINT  =         0.0000
 ------------------------------------------------------------------------------


 NSTEP =   520000   TIME(PS) =  401079.999  TEMP(K) =   309.89  PRESS =     0.0
 Etot   =   -238884.7150  EKtot   =     63103.7383  EPtot      =   -301988.4533
 BOND   =      2087.9433  ANGLE   =      2364.1177  DIHED      =      1402.4878
 UB     =         0.0000  IMP     =         0.0000  CMAP       =       223.8867
 1-4 NB =      1184.8963  1-4 EEL =     15450.4752  VDWAALS    =     40719.1031
 EELEC  =   -365421.3634  EHBOND  =         0.0000  RESTRAINT  =         0.0000
 ------------------------------------------------------------------------------


 NSTEP =   540000   TIME(PS) =  401119.999  TEMP(K) =   309.91  PRESS =     0.0
 Etot   =   -239302.0307  EKtot   =     63109.5781  EPtot      =   -302411.6088
 BOND   =      2098.3706  ANGLE   =      2458.6390  DIHED      =      1456.7221
 UB     =         0.0000  IMP     =         0.0000  CMAP       =       227.3230
 1-4 NB =      1163.4639  1-4 EEL =     15398.8326  VDWAALS    =     40675.8639
 EELEC  =   -365890.8239  EHBOND  =         0.0000  RESTRAINT  =         0.0000
 ------------------------------------------------------------------------------


 NSTEP =   560000   TIME(PS) =  401159.999  TEMP(K) =   309.86  PRESS =     0.0
 Etot   =   -239018.6751  EKtot   =     63098.8008  EPtot      =   -302117.4758
 BOND   =      2042.7861  ANGLE   =      2429.0887  DIHED      =      1414.3908
 UB     =         0.0000  IMP     =         0.0000  CMAP       =       228.4342
 1-4 NB =      1164.1689  1-4 EEL =     15386.7006  VDWAALS    =     40628.0923
 EELEC  =   -365411.1374  EHBOND  =         0.0000  RESTRAINT  =         0.0000
 ------------------------------------------------------------------------------


 NSTEP =   580000   TIME(PS) =  401199.999  TEMP(K) =   310.47  PRESS =     0.0
 Etot   =   -238852.1649  EKtot   =     63223.2578  EPtot      =   -302075.4227
 BOND   =      2056.9692  ANGLE   =      2435.7492  DIHED      =      1405.9317
 UB     =         0.0000  IMP     =         0.0000  CMAP       =       243.8340
 1-4 NB =      1145.8798  1-4 EEL =     15398.0899  VDWAALS    =     40369.5386
 EELEC  =   -365131.4150  EHBOND  =         0.0000  RESTRAINT  =         0.0000
 ------------------------------------------------------------------------------


 NSTEP =   600000   TIME(PS) =  401239.999  TEMP(K) =   309.61  PRESS =     0.0
 Etot   =   -237972.0960  EKtot   =     63046.5703  EPtot      =   -301018.6663
 BOND   =      2109.2188  ANGLE   =      2444.7040  DIHED      =      1402.0519
 UB     =         0.0000  IMP     =         0.0000  CMAP       =       228.1388
 1-4 NB =      1177.8669  1-4 EEL =     15351.5402  VDWAALS    =     40895.3200
 EELEC  =   -364627.5069  EHBOND  =         0.0000  RESTRAINT  =         0.0000
 ------------------------------------------------------------------------------


 NSTEP =   620000   TIME(PS) =  401279.999  TEMP(K) =   309.84  PRESS =     0.0
 Etot   =   -238924.2778  EKtot   =     63094.0273  EPtot      =   -302018.3051
 BOND   =      2054.5682  ANGLE   =      2397.4020  DIHED      =      1387.4814
 UB     =         0.0000  IMP     =         0.0000  CMAP       =       251.4527
 1-4 NB =      1162.0749  1-4 EEL =     15381.4014  VDWAALS    =     40581.8231
 EELEC  =   -365234.5089  EHBOND  =         0.0000  RESTRAINT  =         0.0000
 ------------------------------------------------------------------------------


 NSTEP =   640000   TIME(PS) =  401319.999  TEMP(K) =   310.06  PRESS =     0.0
 Etot   =   -238680.6750  EKtot   =     63139.6367  EPtot      =   -301820.3118
 BOND   =      2100.5980  ANGLE   =      2459.6111  DIHED      =      1391.3945
 UB     =         0.0000  IMP     =         0.0000  CMAP       =       240.7007
 1-4 NB =      1168.6005  1-4 EEL =     15409.2226  VDWAALS    =     40937.9889
 EELEC  =   -365528.4281  EHBOND  =         0.0000  RESTRAINT  =         0.0000
 ------------------------------------------------------------------------------


 NSTEP =   660000   TIME(PS) =  401359.999  TEMP(K) =   309.38  PRESS =     0.0
 Etot   =   -239013.9302  EKtot   =     63001.2930  EPtot      =   -302015.2232
 BOND   =      2169.0938  ANGLE   =      2464.3631  DIHED      =      1391.8360
 UB     =         0.0000  IMP     =         0.0000  CMAP       =       229.8380
 1-4 NB =      1168.2223  1-4 EEL =     15352.3909  VDWAALS    =     40511.4061
 EELEC  =   -365302.3734  EHBOND  =         0.0000  RESTRAINT  =         0.0000
 ------------------------------------------------------------------------------


 NSTEP =   680000   TIME(PS) =  401399.999  TEMP(K) =   309.65  PRESS =     0.0
 Etot   =   -238552.2518  EKtot   =     63055.5430  EPtot      =   -301607.7947
 BOND   =      2135.4601  ANGLE   =      2366.2086  DIHED      =      1379.7177
 UB     =         0.0000  IMP     =         0.0000  CMAP       =       234.0686
 1-4 NB =      1178.9094  1-4 EEL =     15400.8585  VDWAALS    =     40835.4290
 EELEC  =   -365138.4468  EHBOND  =         0.0000  RESTRAINT  =         0.0000
 ------------------------------------------------------------------------------


 NSTEP =   700000   TIME(PS) =  401439.999  TEMP(K) =   310.79  PRESS =     0.0
 Etot   =   -238511.9510  EKtot   =     63287.7500  EPtot      =   -301799.7010
 BOND   =      2071.3283  ANGLE   =      2418.5778  DIHED      =      1393.8550
 UB     =         0.0000  IMP     =         0.0000  CMAP       =       233.3942
 1-4 NB =      1180.7762  1-4 EEL =     15402.8569  VDWAALS    =     40923.2916
 EELEC  =   -365423.7810  EHBOND  =         0.0000  RESTRAINT  =         0.0000
 ------------------------------------------------------------------------------


 NSTEP =   720000   TIME(PS) =  401479.999  TEMP(K) =   311.22  PRESS =     0.0
 Etot   =   -238364.1860  EKtot   =     63374.4180  EPtot      =   -301738.6039
 BOND   =      2076.9622  ANGLE   =      2450.7916  DIHED      =      1362.1501
 UB     =         0.0000  IMP     =         0.0000  CMAP       =       225.3490
 1-4 NB =      1161.7305  1-4 EEL =     15286.4023  VDWAALS    =     40436.4753
 EELEC  =   -364738.4650  EHBOND  =         0.0000  RESTRAINT  =         0.0000
 ------------------------------------------------------------------------------


 NSTEP =   740000   TIME(PS) =  401519.999  TEMP(K) =   308.79  PRESS =     0.0
 Etot   =   -239345.3187  EKtot   =     62881.6055  EPtot      =   -302226.9242
 BOND   =      2068.6681  ANGLE   =      2420.6790  DIHED      =      1431.3594
 UB     =         0.0000  IMP     =         0.0000  CMAP       =       235.5433
 1-4 NB =      1174.1090  1-4 EEL =     15278.8285  VDWAALS    =     40625.1984
 EELEC  =   -365461.3101  EHBOND  =         0.0000  RESTRAINT  =         0.0000
 ------------------------------------------------------------------------------


 NSTEP =   760000   TIME(PS) =  401559.999  TEMP(K) =   311.15  PRESS =     0.0
 Etot   =   -238509.8832  EKtot   =     63360.4883  EPtot      =   -301870.3715
 BOND   =      2048.5072  ANGLE   =      2403.4616  DIHED      =      1390.4654
 UB     =         0.0000  IMP     =         0.0000  CMAP       =       247.1714
 1-4 NB =      1205.5449  1-4 EEL =     15363.9020  VDWAALS    =     40458.5597
 EELEC  =   -364987.9838  EHBOND  =         0.0000  RESTRAINT  =         0.0000
 ------------------------------------------------------------------------------


 NSTEP =   780000   TIME(PS) =  401599.999  TEMP(K) =   310.57  PRESS =     0.0
 Etot   =   -238353.3503  EKtot   =     63244.0000  EPtot      =   -301597.3503
 BOND   =      2095.2472  ANGLE   =      2400.8496  DIHED      =      1408.1806
 UB     =         0.0000  IMP     =         0.0000  CMAP       =       247.4213
 1-4 NB =      1165.0074  1-4 EEL =     15357.9341  VDWAALS    =     40386.8707
 EELEC  =   -364658.8611  EHBOND  =         0.0000  RESTRAINT  =         0.0000
 ------------------------------------------------------------------------------


 NSTEP =   800000   TIME(PS) =  401639.999  TEMP(K) =   311.22  PRESS =     0.0
 Etot   =   -238785.5205  EKtot   =     63374.4297  EPtot      =   -302159.9502
 BOND   =      2129.9042  ANGLE   =      2377.6854  DIHED      =      1412.0927
 UB     =         0.0000  IMP     =         0.0000  CMAP       =       253.9647
 1-4 NB =      1134.5785  1-4 EEL =     15365.1636  VDWAALS    =     40503.9441
 EELEC  =   -365337.2833  EHBOND  =         0.0000  RESTRAINT  =         0.0000
 ------------------------------------------------------------------------------


 NSTEP =   820000   TIME(PS) =  401679.999  TEMP(K) =   311.18  PRESS =     0.0
 Etot   =   -238617.9098  EKtot   =     63367.1133  EPtot      =   -301985.0231
 BOND   =      2070.0809  ANGLE   =      2383.8071  DIHED      =      1402.2265
 UB     =         0.0000  IMP     =         0.0000  CMAP       =       246.2085
 1-4 NB =      1172.3016  1-4 EEL =     15342.7660  VDWAALS    =     41015.7639
 EELEC  =   -365618.1776  EHBOND  =         0.0000  RESTRAINT  =         0.0000
 ------------------------------------------------------------------------------


 NSTEP =   840000   TIME(PS) =  401719.999  TEMP(K) =   309.45  PRESS =     0.0
 Etot   =   -238565.0023  EKtot   =     63014.2070  EPtot      =   -301579.2093
 BOND   =      2097.4631  ANGLE   =      2400.2895  DIHED      =      1429.0603
 UB     =         0.0000  IMP     =         0.0000  CMAP       =       244.5100
 1-4 NB =      1191.3408  1-4 EEL =     15390.1492  VDWAALS    =     40248.6288
 EELEC  =   -364580.6510  EHBOND  =         0.0000  RESTRAINT  =         0.0000
 ------------------------------------------------------------------------------


 NSTEP =   860000   TIME(PS) =  401759.999  TEMP(K) =   310.62  PRESS =     0.0
 Etot   =   -238633.4565  EKtot   =     63253.6836  EPtot      =   -301887.1401
 BOND   =      2146.4833  ANGLE   =      2409.8431  DIHED      =      1410.5009
 UB     =         0.0000  IMP     =         0.0000  CMAP       =       243.3694
 1-4 NB =      1164.2759  1-4 EEL =     15388.4034  VDWAALS    =     40651.7374
 EELEC  =   -365301.7534  EHBOND  =         0.0000  RESTRAINT  =         0.0000
 ------------------------------------------------------------------------------


 NSTEP =   880000   TIME(PS) =  401799.999  TEMP(K) =   309.00  PRESS =     0.0
 Etot   =   -238735.7175  EKtot   =     62922.5586  EPtot      =   -301658.2761
 BOND   =      2138.4621  ANGLE   =      2352.0751  DIHED      =      1408.8255
 UB     =         0.0000  IMP     =         0.0000  CMAP       =       253.1194
 1-4 NB =      1149.9287  1-4 EEL =     15438.1163  VDWAALS    =     40324.3888
 EELEC  =   -364723.1920  EHBOND  =         0.0000  RESTRAINT  =         0.0000
 ------------------------------------------------------------------------------


 NSTEP =   900000   TIME(PS) =  401839.999  TEMP(K) =   311.03  PRESS =     0.0
 Etot   =   -238649.3954  EKtot   =     63336.1875  EPtot      =   -301985.5829
 BOND   =      2079.4720  ANGLE   =      2458.0504  DIHED      =      1428.7324
 UB     =         0.0000  IMP     =         0.0000  CMAP       =       244.5314
 1-4 NB =      1170.8142  1-4 EEL =     15342.2568  VDWAALS    =     40550.0790
 EELEC  =   -365259.5191  EHBOND  =         0.0000  RESTRAINT  =         0.0000
 ------------------------------------------------------------------------------


 NSTEP =   920000   TIME(PS) =  401879.999  TEMP(K) =   310.84  PRESS =     0.0
 Etot   =   -238241.0173  EKtot   =     63298.6094  EPtot      =   -301539.6267
 BOND   =      2066.3394  ANGLE   =      2450.6149  DIHED      =      1410.5040
 UB     =         0.0000  IMP     =         0.0000  CMAP       =       245.7401
 1-4 NB =      1155.4940  1-4 EEL =     15341.4303  VDWAALS    =     40284.9735
 EELEC  =   -364494.7229  EHBOND  =         0.0000  RESTRAINT  =         0.0000
 ------------------------------------------------------------------------------


 NSTEP =   940000   TIME(PS) =  401919.999  TEMP(K) =   311.33  PRESS =     0.0
 Etot   =   -238585.2354  EKtot   =     63398.4102  EPtot      =   -301983.6456
 BOND   =      2099.2085  ANGLE   =      2441.5585  DIHED      =      1425.2208
 UB     =         0.0000  IMP     =         0.0000  CMAP       =       243.5616
 1-4 NB =      1146.1075  1-4 EEL =     15404.7121  VDWAALS    =     40786.2185
 EELEC  =   -365530.2330  EHBOND  =         0.0000  RESTRAINT  =         0.0000
 ------------------------------------------------------------------------------


 NSTEP =   960000   TIME(PS) =  401959.999  TEMP(K) =   311.57  PRESS =     0.0
 Etot   =   -237930.9266  EKtot   =     63446.9531  EPtot      =   -301377.8798
 BOND   =      2092.1873  ANGLE   =      2324.8944  DIHED      =      1411.2317
 UB     =         0.0000  IMP     =         0.0000  CMAP       =       233.9039
 1-4 NB =      1160.8151  1-4 EEL =     15415.3315  VDWAALS    =     39968.8206
 EELEC  =   -363985.0642  EHBOND  =         0.0000  RESTRAINT  =         0.0000
 ------------------------------------------------------------------------------


 NSTEP =   980000   TIME(PS) =  401999.999  TEMP(K) =   310.35  PRESS =     0.0
 Etot   =   -238699.8305  EKtot   =     63197.3594  EPtot      =   -301897.1899
 BOND   =      2127.0446  ANGLE   =      2374.3339  DIHED      =      1415.1448
 UB     =         0.0000  IMP     =         0.0000  CMAP       =       253.9903
 1-4 NB =      1170.3760  1-4 EEL =     15439.8246  VDWAALS    =     40585.5755
 EELEC  =   -365263.4796  EHBOND  =         0.0000  RESTRAINT  =         0.0000
 ------------------------------------------------------------------------------


 NSTEP =  1000000   TIME(PS) =  402039.999  TEMP(K) =   308.13  PRESS =     0.0
 Etot   =   -239420.8389  EKtot   =     62745.2617  EPtot      =   -302166.1006
 BOND   =      2066.2671  ANGLE   =      2411.7359  DIHED      =      1438.2978
 UB     =         0.0000  IMP     =         0.0000  CMAP       =       242.8349
 1-4 NB =      1190.1065  1-4 EEL =     15496.0646  VDWAALS    =     41050.5798
 EELEC  =   -366061.9873  EHBOND  =         0.0000  RESTRAINT  =         0.0000
 ------------------------------------------------------------------------------


 NSTEP =  1020000   TIME(PS) =  402079.999  TEMP(K) =   309.87  PRESS =     0.0
 Etot   =   -239186.5675  EKtot   =     63100.9805  EPtot      =   -302287.5479
 BOND   =      2080.7976  ANGLE   =      2491.5823  DIHED      =      1434.1454
 UB     =         0.0000  IMP     =         0.0000  CMAP       =       251.4838
 1-4 NB =      1165.7327  1-4 EEL =     15323.9483  VDWAALS    =     40971.6299
 EELEC  =   -366006.8680  EHBOND  =         0.0000  RESTRAINT  =         0.0000
 ------------------------------------------------------------------------------


 NSTEP =  1040000   TIME(PS) =  402119.999  TEMP(K) =   311.06  PRESS =     0.0
 Etot   =   -238810.1118  EKtot   =     63341.8867  EPtot      =   -302151.9985
 BOND   =      2090.1697  ANGLE   =      2425.6455  DIHED      =      1424.0816
 UB     =         0.0000  IMP     =         0.0000  CMAP       =       231.6084
 1-4 NB =      1165.8178  1-4 EEL =     15441.7829  VDWAALS    =     41164.5185
 EELEC  =   -366095.6229  EHBOND  =         0.0000  RESTRAINT  =         0.0000
 ------------------------------------------------------------------------------


 NSTEP =  1060000   TIME(PS) =  402159.999  TEMP(K) =   310.17  PRESS =     0.0
 Etot   =   -238682.7551  EKtot   =     63161.0586  EPtot      =   -301843.8137
 BOND   =      2079.6513  ANGLE   =      2443.6742  DIHED      =      1438.7519
 UB     =         0.0000  IMP     =         0.0000  CMAP       =       229.1245
 1-4 NB =      1168.7404  1-4 EEL =     15465.1085  VDWAALS    =     40670.8535
 EELEC  =   -365339.7180  EHBOND  =         0.0000  RESTRAINT  =         0.0000
 ------------------------------------------------------------------------------


 NSTEP =  1080000   TIME(PS) =  402199.999  TEMP(K) =   309.95  PRESS =     0.0
 Etot   =   -238782.1756  EKtot   =     63115.9297  EPtot      =   -301898.1053
 BOND   =      2064.4097  ANGLE   =      2449.9806  DIHED      =      1392.2322
 UB     =         0.0000  IMP     =         0.0000  CMAP       =       229.9356
 1-4 NB =      1181.7597  1-4 EEL =     15457.2453  VDWAALS    =     40802.8098
 EELEC  =   -365476.4780  EHBOND  =         0.0000  RESTRAINT  =         0.0000
 ------------------------------------------------------------------------------


 NSTEP =  1100000   TIME(PS) =  402239.999  TEMP(K) =   310.47  PRESS =     0.0
 Etot   =   -238459.5403  EKtot   =     63222.8203  EPtot      =   -301682.3606
 BOND   =      2137.0780  ANGLE   =      2500.2235  DIHED      =      1417.2877
 UB     =         0.0000  IMP     =         0.0000  CMAP       =       254.0571
 1-4 NB =      1171.6503  1-4 EEL =     15431.6729  VDWAALS    =     40666.5862
 EELEC  =   -365260.9165  EHBOND  =         0.0000  RESTRAINT  =         0.0000
 ------------------------------------------------------------------------------


 NSTEP =  1120000   TIME(PS) =  402279.999  TEMP(K) =   310.53  PRESS =     0.0
 Etot   =   -238338.7041  EKtot   =     63235.1953  EPtot      =   -301573.8994
 BOND   =      2079.5498  ANGLE   =      2377.4998  DIHED      =      1390.0357
 UB     =         0.0000  IMP     =         0.0000  CMAP       =       239.7789
 1-4 NB =      1164.1782  1-4 EEL =     15377.8917  VDWAALS    =     39980.3093
 EELEC  =   -364183.1428  EHBOND  =         0.0000  RESTRAINT  =         0.0000
 ------------------------------------------------------------------------------


 NSTEP =  1140000   TIME(PS) =  402319.999  TEMP(K) =   309.41  PRESS =     0.0
 Etot   =   -238422.9608  EKtot   =     63007.0508  EPtot      =   -301430.0116
 BOND   =      2108.1953  ANGLE   =      2391.1610  DIHED      =      1426.4038
 UB     =         0.0000  IMP     =         0.0000  CMAP       =       223.7816
 1-4 NB =      1168.6656  1-4 EEL =     15473.6968  VDWAALS    =     40273.7692
 EELEC  =   -364495.6849  EHBOND  =         0.0000  RESTRAINT  =         0.0000
 ------------------------------------------------------------------------------


 NSTEP =  1160000   TIME(PS) =  402359.999  TEMP(K) =   309.13  PRESS =     0.0
 Etot   =   -239671.3447  EKtot   =     62948.8438  EPtot      =   -302620.1885
 BOND   =      2075.7899  ANGLE   =      2439.0593  DIHED      =      1416.1360
 UB     =         0.0000  IMP     =         0.0000  CMAP       =       227.8905
 1-4 NB =      1195.4495  1-4 EEL =     15441.6069  VDWAALS    =     40716.3247
 EELEC  =   -366132.4452  EHBOND  =         0.0000  RESTRAINT  =         0.0000
 ------------------------------------------------------------------------------


 NSTEP =  1180000   TIME(PS) =  402399.999  TEMP(K) =   308.43  PRESS =     0.0
 Etot   =   -238767.9387  EKtot   =     62806.9336  EPtot      =   -301574.8723
 BOND   =      2110.4231  ANGLE   =      2447.8276  DIHED      =      1434.1563
 UB     =         0.0000  IMP     =         0.0000  CMAP       =       231.5442
 1-4 NB =      1173.7724  1-4 EEL =     15407.1619  VDWAALS    =     40311.4532
 EELEC  =   -364691.2109  EHBOND  =         0.0000  RESTRAINT  =         0.0000
 ------------------------------------------------------------------------------


 NSTEP =  1200000   TIME(PS) =  402439.999  TEMP(K) =   310.41  PRESS =     0.0
 Etot   =   -239027.5467  EKtot   =     63209.7578  EPtot      =   -302237.3045
 BOND   =      2093.5224  ANGLE   =      2416.3175  DIHED      =      1419.5264
 UB     =         0.0000  IMP     =         0.0000  CMAP       =       247.7979
 1-4 NB =      1150.1328  1-4 EEL =     15412.1206  VDWAALS    =     40834.1120
 EELEC  =   -365810.8342  EHBOND  =         0.0000  RESTRAINT  =         0.0000
 ------------------------------------------------------------------------------


 NSTEP =  1220000   TIME(PS) =  402479.999  TEMP(K) =   309.95  PRESS =     0.0
 Etot   =   -238367.5680  EKtot   =     63117.4062  EPtot      =   -301484.9743
 BOND   =      2087.0587  ANGLE   =      2421.6536  DIHED      =      1419.1009
 UB     =         0.0000  IMP     =         0.0000  CMAP       =       240.9005
 1-4 NB =      1177.1343  1-4 EEL =     15450.1685  VDWAALS    =     40750.1568
 EELEC  =   -365031.1476  EHBOND  =         0.0000  RESTRAINT  =         0.0000
 ------------------------------------------------------------------------------


 NSTEP =  1240000   TIME(PS) =  402519.999  TEMP(K) =   310.65  PRESS =     0.0
 Etot   =   -238188.4286  EKtot   =     63259.0078  EPtot      =   -301447.4364
 BOND   =      2082.9047  ANGLE   =      2473.5600  DIHED      =      1430.6859
 UB     =         0.0000  IMP     =         0.0000  CMAP       =       238.4636
 1-4 NB =      1180.9318  1-4 EEL =     15397.1470  VDWAALS    =     40749.0059
 EELEC  =   -365000.1352  EHBOND  =         0.0000  RESTRAINT  =         0.0000
 ------------------------------------------------------------------------------


 NSTEP =  1260000   TIME(PS) =  402559.999  TEMP(K) =   308.77  PRESS =     0.0
 Etot   =   -238817.3949  EKtot   =     62875.7266  EPtot      =   -301693.1215
 BOND   =      2025.2830  ANGLE   =      2493.1569  DIHED      =      1407.2004
 UB     =         0.0000  IMP     =         0.0000  CMAP       =       233.8229
 1-4 NB =      1201.5004  1-4 EEL =     15429.7926  VDWAALS    =     41012.1597
 EELEC  =   -365496.0374  EHBOND  =         0.0000  RESTRAINT  =         0.0000
 ------------------------------------------------------------------------------


 NSTEP =  1280000   TIME(PS) =  402599.999  TEMP(K) =   308.94  PRESS =     0.0
 Etot   =   -239261.4963  EKtot   =     62911.4453  EPtot      =   -302172.9416
 BOND   =      2079.4446  ANGLE   =      2372.4198  DIHED      =      1425.1311
 UB     =         0.0000  IMP     =         0.0000  CMAP       =       245.1345
 1-4 NB =      1165.6853  1-4 EEL =     15383.2438  VDWAALS    =     40837.6684
 EELEC  =   -365681.6690  EHBOND  =         0.0000  RESTRAINT  =         0.0000
 ------------------------------------------------------------------------------


 NSTEP =  1300000   TIME(PS) =  402639.999  TEMP(K) =   311.26  PRESS =     0.0
 Etot   =   -238908.7135  EKtot   =     63382.8555  EPtot      =   -302291.5689
 BOND   =      2083.6395  ANGLE   =      2410.9361  DIHED      =      1422.6334
 UB     =         0.0000  IMP     =         0.0000  CMAP       =       238.6193
 1-4 NB =      1168.4722  1-4 EEL =     15459.2135  VDWAALS    =     40855.2440
 EELEC  =   -365930.3269  EHBOND  =         0.0000  RESTRAINT  =         0.0000
 ------------------------------------------------------------------------------


 NSTEP =  1320000   TIME(PS) =  402679.999  TEMP(K) =   307.21  PRESS =     0.0
 Etot   =   -238879.9909  EKtot   =     62558.3594  EPtot      =   -301438.3503
 BOND   =      2050.3581  ANGLE   =      2427.1318  DIHED      =      1435.7146
 UB     =         0.0000  IMP     =         0.0000  CMAP       =       236.9283
 1-4 NB =      1167.6440  1-4 EEL =     15439.9348  VDWAALS    =     39934.6701
 EELEC  =   -364130.7320  EHBOND  =         0.0000  RESTRAINT  =         0.0000
 ------------------------------------------------------------------------------


 NSTEP =  1340000   TIME(PS) =  402719.999  TEMP(K) =   310.60  PRESS =     0.0
 Etot   =   -238614.6993  EKtot   =     63249.0820  EPtot      =   -301863.7814
 BOND   =      2090.4287  ANGLE   =      2341.9585  DIHED      =      1422.2749
 UB     =         0.0000  IMP     =         0.0000  CMAP       =       226.7894
 1-4 NB =      1200.5636  1-4 EEL =     15419.9790  VDWAALS    =     40376.8807
 EELEC  =   -364942.6562  EHBOND  =         0.0000  RESTRAINT  =         0.0000
 ------------------------------------------------------------------------------


 NSTEP =  1360000   TIME(PS) =  402759.999  TEMP(K) =   310.26  PRESS =     0.0
 Etot   =   -238858.1949  EKtot   =     63179.4062  EPtot      =   -302037.6012
 BOND   =      2039.8320  ANGLE   =      2425.7361  DIHED      =      1441.4430
 UB     =         0.0000  IMP     =         0.0000  CMAP       =       247.0574
 1-4 NB =      1208.0163  1-4 EEL =     15459.8958  VDWAALS    =     41391.0028
 EELEC  =   -366250.5846  EHBOND  =         0.0000  RESTRAINT  =         0.0000
 ------------------------------------------------------------------------------


 NSTEP =  1380000   TIME(PS) =  402799.999  TEMP(K) =   309.59  PRESS =     0.0
 Etot   =   -239009.0346  EKtot   =     63044.1875  EPtot      =   -302053.2221
 BOND   =      2037.9219  ANGLE   =      2440.2727  DIHED      =      1418.5304
 UB     =         0.0000  IMP     =         0.0000  CMAP       =       237.5741
 1-4 NB =      1176.8831  1-4 EEL =     15386.3714  VDWAALS    =     41169.9672
 EELEC  =   -365920.7427  EHBOND  =         0.0000  RESTRAINT  =         0.0000
 ------------------------------------------------------------------------------


 NSTEP =  1400000   TIME(PS) =  402839.999  TEMP(K) =   310.89  PRESS =     0.0
 Etot   =   -239403.5739  EKtot   =     63307.5039  EPtot      =   -302711.0778
 BOND   =      2096.7440  ANGLE   =      2427.2454  DIHED      =      1391.7253
 UB     =         0.0000  IMP     =         0.0000  CMAP       =       260.3906
 1-4 NB =      1169.9429  1-4 EEL =     15356.1525  VDWAALS    =     40742.3050
 EELEC  =   -366155.5834  EHBOND  =         0.0000  RESTRAINT  =         0.0000
 ------------------------------------------------------------------------------


 NSTEP =  1420000   TIME(PS) =  402879.999  TEMP(K) =   308.86  PRESS =     0.0
 Etot   =   -238433.1071  EKtot   =     62895.5781  EPtot      =   -301328.6852
 BOND   =      2144.5046  ANGLE   =      2428.5830  DIHED      =      1436.0107
 UB     =         0.0000  IMP     =         0.0000  CMAP       =       232.9321
 1-4 NB =      1188.2930  1-4 EEL =     15469.5603  VDWAALS    =     40353.6866
 EELEC  =   -364582.2554  EHBOND  =         0.0000  RESTRAINT  =         0.0000
 ------------------------------------------------------------------------------


 NSTEP =  1440000   TIME(PS) =  402919.999  TEMP(K) =   309.48  PRESS =     0.0
 Etot   =   -238825.8285  EKtot   =     63020.5625  EPtot      =   -301846.3910
 BOND   =      2085.2732  ANGLE   =      2495.7779  DIHED      =      1418.8821
 UB     =         0.0000  IMP     =         0.0000  CMAP       =       245.5733
 1-4 NB =      1172.1869  1-4 EEL =     15432.9592  VDWAALS    =     41108.9451
 EELEC  =   -365805.9887  EHBOND  =         0.0000  RESTRAINT  =         0.0000
 ------------------------------------------------------------------------------


 NSTEP =  1460000   TIME(PS) =  402959.999  TEMP(K) =   311.29  PRESS =     0.0
 Etot   =   -238719.2903  EKtot   =     63390.3398  EPtot      =   -302109.6301
 BOND   =      2109.3988  ANGLE   =      2389.4351  DIHED      =      1429.3427
 UB     =         0.0000  IMP     =         0.0000  CMAP       =       234.3950
 1-4 NB =      1193.6939  1-4 EEL =     15413.0623  VDWAALS    =     40907.5498
 EELEC  =   -365786.5077  EHBOND  =         0.0000  RESTRAINT  =         0.0000
 ------------------------------------------------------------------------------


 NSTEP =  1480000   TIME(PS) =  402999.999  TEMP(K) =   309.11  PRESS =     0.0
 Etot   =   -239584.5222  EKtot   =     62945.3984  EPtot      =   -302529.9206
 BOND   =      2031.7776  ANGLE   =      2388.1556  DIHED      =      1414.5675
 UB     =         0.0000  IMP     =         0.0000  CMAP       =       230.3046
 1-4 NB =      1164.3799  1-4 EEL =     15355.3535  VDWAALS    =     40663.1258
 EELEC  =   -365777.5852  EHBOND  =         0.0000  RESTRAINT  =         0.0000
 ------------------------------------------------------------------------------


 NSTEP =  1500000   TIME(PS) =  403039.999  TEMP(K) =   309.94  PRESS =     0.0
 Etot   =   -238701.3053  EKtot   =     63114.9531  EPtot      =   -301816.2584
 BOND   =      2044.3914  ANGLE   =      2416.5635  DIHED      =      1402.2992
 UB     =         0.0000  IMP     =         0.0000  CMAP       =       237.1060
 1-4 NB =      1182.6919  1-4 EEL =     15378.9512  VDWAALS    =     40220.0730
 EELEC  =   -364698.3346  EHBOND  =         0.0000  RESTRAINT  =         0.0000
 ------------------------------------------------------------------------------


 NSTEP =  1520000   TIME(PS) =  403079.999  TEMP(K) =   313.07  PRESS =     0.0
 Etot   =   -238259.3520  EKtot   =     63752.4648  EPtot      =   -302011.8169
 BOND   =      2158.8597  ANGLE   =      2395.0621  DIHED      =      1445.3211
 UB     =         0.0000  IMP     =         0.0000  CMAP       =       228.7898
 1-4 NB =      1165.8335  1-4 EEL =     15382.1978  VDWAALS    =     41219.1083
 EELEC  =   -366006.9892  EHBOND  =         0.0000  RESTRAINT  =         0.0000
 ------------------------------------------------------------------------------


 NSTEP =  1540000   TIME(PS) =  403119.999  TEMP(K) =   310.79  PRESS =     0.0
 Etot   =   -238629.1153  EKtot   =     63288.1953  EPtot      =   -301917.3106
 BOND   =      2064.2450  ANGLE   =      2398.3731  DIHED      =      1404.6518
 UB     =         0.0000  IMP     =         0.0000  CMAP       =       227.7721
 1-4 NB =      1145.7911  1-4 EEL =     15391.2320  VDWAALS    =     40951.0487
 EELEC  =   -365500.4244  EHBOND  =         0.0000  RESTRAINT  =         0.0000
 ------------------------------------------------------------------------------


 NSTEP =  1560000   TIME(PS) =  403159.999  TEMP(K) =   311.58  PRESS =     0.0
 Etot   =   -237988.2315  EKtot   =     63449.1094  EPtot      =   -301437.3409
 BOND   =      2056.4678  ANGLE   =      2440.6599  DIHED      =      1411.4861
 UB     =         0.0000  IMP     =         0.0000  CMAP       =       235.7713
 1-4 NB =      1155.5018  1-4 EEL =     15359.4777  VDWAALS    =     40695.3110
 EELEC  =   -364792.0164  EHBOND  =         0.0000  RESTRAINT  =         0.0000
 ------------------------------------------------------------------------------


 NSTEP =  1580000   TIME(PS) =  403199.999  TEMP(K) =   309.93  PRESS =     0.0
 Etot   =   -238641.7680  EKtot   =     63111.9141  EPtot      =   -301753.6821
 BOND   =      2103.8014  ANGLE   =      2435.9452  DIHED      =      1437.1436
 UB     =         0.0000  IMP     =         0.0000  CMAP       =       216.2202
 1-4 NB =      1176.9726  1-4 EEL =     15428.6649  VDWAALS    =     40514.1814
 EELEC  =   -365066.6114  EHBOND  =         0.0000  RESTRAINT  =         0.0000
 ------------------------------------------------------------------------------


 NSTEP =  1600000   TIME(PS) =  403239.999  TEMP(K) =   310.72  PRESS =     0.0
 Etot   =   -238189.1214  EKtot   =     63272.9453  EPtot      =   -301462.0667
 BOND   =      2077.6166  ANGLE   =      2390.4034  DIHED      =      1414.1869
 UB     =         0.0000  IMP     =         0.0000  CMAP       =       239.6256
 1-4 NB =      1171.1053  1-4 EEL =     15471.6590  VDWAALS    =     40205.7755
 EELEC  =   -364432.4391  EHBOND  =         0.0000  RESTRAINT  =         0.0000
 ------------------------------------------------------------------------------


 NSTEP =  1620000   TIME(PS) =  403279.999  TEMP(K) =   310.44  PRESS =     0.0
 Etot   =   -239006.4492  EKtot   =     63217.5156  EPtot      =   -302223.9648
 BOND   =      2101.0944  ANGLE   =      2470.3377  DIHED      =      1413.9826
 UB     =         0.0000  IMP     =         0.0000  CMAP       =       240.9024
 1-4 NB =      1159.5113  1-4 EEL =     15463.6791  VDWAALS    =     40547.5286
 EELEC  =   -365621.0008  EHBOND  =         0.0000  RESTRAINT  =         0.0000
 ------------------------------------------------------------------------------


 NSTEP =  1640000   TIME(PS) =  403319.999  TEMP(K) =   308.66  PRESS =     0.0
 Etot   =   -239421.9583  EKtot   =     62855.0039  EPtot      =   -302276.9622
 BOND   =      2113.2909  ANGLE   =      2369.7764  DIHED      =      1403.0242
 UB     =         0.0000  IMP     =         0.0000  CMAP       =       231.9726
 1-4 NB =      1176.0678  1-4 EEL =     15401.6598  VDWAALS    =     40870.8428
 EELEC  =   -365843.5967  EHBOND  =         0.0000  RESTRAINT  =         0.0000
 ------------------------------------------------------------------------------


 NSTEP =  1660000   TIME(PS) =  403359.999  TEMP(K) =   311.50  PRESS =     0.0
 Etot   =   -238632.9551  EKtot   =     63432.7891  EPtot      =   -302065.7441
 BOND   =      2072.4154  ANGLE   =      2469.0209  DIHED      =      1416.2579
 UB     =         0.0000  IMP     =         0.0000  CMAP       =       225.0103
 1-4 NB =      1162.6073  1-4 EEL =     15390.2445  VDWAALS    =     40913.5825
 EELEC  =   -365714.8831  EHBOND  =         0.0000  RESTRAINT  =         0.0000
 ------------------------------------------------------------------------------


 NSTEP =  1680000   TIME(PS) =  403399.999  TEMP(K) =   310.70  PRESS =     0.0
 Etot   =   -238756.1334  EKtot   =     63268.7578  EPtot      =   -302024.8912
 BOND   =      2089.6238  ANGLE   =      2427.9161  DIHED      =      1417.2897
 UB     =         0.0000  IMP     =         0.0000  CMAP       =       219.2745
 1-4 NB =      1158.8577  1-4 EEL =     15395.3856  VDWAALS    =     40695.2014
 EELEC  =   -365428.4400  EHBOND  =         0.0000  RESTRAINT  =         0.0000
 ------------------------------------------------------------------------------


 NSTEP =  1700000   TIME(PS) =  403439.999  TEMP(K) =   310.78  PRESS =     0.0
 Etot   =   -238632.3606  EKtot   =     63285.5508  EPtot      =   -301917.9114
 BOND   =      2099.8232  ANGLE   =      2413.5229  DIHED      =      1396.8349
 UB     =         0.0000  IMP     =         0.0000  CMAP       =       227.3169
 1-4 NB =      1189.0185  1-4 EEL =     15383.5281  VDWAALS    =     40940.2792
 EELEC  =   -365568.2351  EHBOND  =         0.0000  RESTRAINT  =         0.0000
 ------------------------------------------------------------------------------


 NSTEP =  1720000   TIME(PS) =  403479.999  TEMP(K) =   310.89  PRESS =     0.0
 Etot   =   -238176.6522  EKtot   =     63308.8516  EPtot      =   -301485.5038
 BOND   =      2131.1622  ANGLE   =      2415.5046  DIHED      =      1458.8570
 UB     =         0.0000  IMP     =         0.0000  CMAP       =       222.9475
 1-4 NB =      1168.0222  1-4 EEL =     15383.8542  VDWAALS    =     40606.6940
 EELEC  =   -364872.5454  EHBOND  =         0.0000  RESTRAINT  =         0.0000
 ------------------------------------------------------------------------------


 NSTEP =  1740000   TIME(PS) =  403519.999  TEMP(K) =   309.70  PRESS =     0.0
 Etot   =   -238859.1107  EKtot   =     63066.7227  EPtot      =   -301925.8333
 BOND   =      2074.2986  ANGLE   =      2374.5504  DIHED      =      1401.4626
 UB     =         0.0000  IMP     =         0.0000  CMAP       =       233.0547
 1-4 NB =      1158.5727  1-4 EEL =     15428.0676  VDWAALS    =     40536.5952
 EELEC  =   -365132.4352  EHBOND  =         0.0000  RESTRAINT  =         0.0000
 ------------------------------------------------------------------------------


 NSTEP =  1760000   TIME(PS) =  403559.999  TEMP(K) =   311.23  PRESS =     0.0
 Etot   =   -238432.4970  EKtot   =     63376.9297  EPtot      =   -301809.4267
 BOND   =      2073.4287  ANGLE   =      2409.0258  DIHED      =      1380.7519
 UB     =         0.0000  IMP     =         0.0000  CMAP       =       229.5101
 1-4 NB =      1178.2500  1-4 EEL =     15471.1963  VDWAALS    =     40662.6401
 EELEC  =   -365214.2296  EHBOND  =         0.0000  RESTRAINT  =         0.0000
 ------------------------------------------------------------------------------


 NSTEP =  1780000   TIME(PS) =  403599.999  TEMP(K) =   309.18  PRESS =     0.0
 Etot   =   -239102.8858  EKtot   =     62959.6250  EPtot      =   -302062.5108
 BOND   =      2071.7775  ANGLE   =      2347.4470  DIHED      =      1429.8025
 UB     =         0.0000  IMP     =         0.0000  CMAP       =       218.5882
 1-4 NB =      1182.9525  1-4 EEL =     15436.7884  VDWAALS    =     41232.9224
 EELEC  =   -365982.7894  EHBOND  =         0.0000  RESTRAINT  =         0.0000
 ------------------------------------------------------------------------------


 NSTEP =  1800000   TIME(PS) =  403639.999  TEMP(K) =   308.06  PRESS =     0.0
 Etot   =   -239283.2349  EKtot   =     62731.0781  EPtot      =   -302014.3131
 BOND   =      2137.8527  ANGLE   =      2398.0281  DIHED      =      1412.4091
 UB     =         0.0000  IMP     =         0.0000  CMAP       =       227.7017
 1-4 NB =      1165.3727  1-4 EEL =     15445.4547  VDWAALS    =     40711.9135
 EELEC  =   -365513.0457  EHBOND  =         0.0000  RESTRAINT  =         0.0000
 ------------------------------------------------------------------------------


 NSTEP =  1820000   TIME(PS) =  403679.999  TEMP(K) =   310.27  PRESS =     0.0
 Etot   =   -238269.8617  EKtot   =     63180.9727  EPtot      =   -301450.8344
 BOND   =      2074.1728  ANGLE   =      2438.3749  DIHED      =      1436.3733
 UB     =         0.0000  IMP     =         0.0000  CMAP       =       243.2566
 1-4 NB =      1188.8028  1-4 EEL =     15415.6683  VDWAALS    =     40056.1935
 EELEC  =   -364303.6766  EHBOND  =         0.0000  RESTRAINT  =         0.0000
 ------------------------------------------------------------------------------


 NSTEP =  1840000   TIME(PS) =  403719.999  TEMP(K) =   307.89  PRESS =     0.0
 Etot   =   -239090.5553  EKtot   =     62697.7227  EPtot      =   -301788.2779
 BOND   =      2063.2691  ANGLE   =      2447.5424  DIHED      =      1402.4524
 UB     =         0.0000  IMP     =         0.0000  CMAP       =       225.3110
 1-4 NB =      1164.5309  1-4 EEL =     15405.4743  VDWAALS    =     40511.8977
 EELEC  =   -365008.7557  EHBOND  =         0.0000  RESTRAINT  =         0.0000
 ------------------------------------------------------------------------------


 NSTEP =  1860000   TIME(PS) =  403759.999  TEMP(K) =   311.96  PRESS =     0.0
 Etot   =   -238258.2805  EKtot   =     63526.2344  EPtot      =   -301784.5148
 BOND   =      2097.1849  ANGLE   =      2467.6977  DIHED      =      1422.9362
 UB     =         0.0000  IMP     =         0.0000  CMAP       =       215.1412
 1-4 NB =      1159.5728  1-4 EEL =     15445.9002  VDWAALS    =     40731.9115
 EELEC  =   -365324.8593  EHBOND  =         0.0000  RESTRAINT  =         0.0000
 ------------------------------------------------------------------------------


 NSTEP =  1880000   TIME(PS) =  403799.999  TEMP(K) =   309.40  PRESS =     0.0
 Etot   =   -238558.2383  EKtot   =     63004.2930  EPtot      =   -301562.5313
 BOND   =      2061.8313  ANGLE   =      2477.6782  DIHED      =      1429.4829
 UB     =         0.0000  IMP     =         0.0000  CMAP       =       216.0665
 1-4 NB =      1169.8815  1-4 EEL =     15385.6727  VDWAALS    =     40407.3885
 EELEC  =   -364710.5329  EHBOND  =         0.0000  RESTRAINT  =         0.0000
 ------------------------------------------------------------------------------


 NSTEP =  1900000   TIME(PS) =  403839.999  TEMP(K) =   310.32  PRESS =     0.0
 Etot   =   -238248.5335  EKtot   =     63192.9180  EPtot      =   -301441.4514
 BOND   =      2066.2883  ANGLE   =      2310.9545  DIHED      =      1386.4434
 UB     =         0.0000  IMP     =         0.0000  CMAP       =       231.0184
 1-4 NB =      1185.2528  1-4 EEL =     15363.4069  VDWAALS    =     40563.0889
 EELEC  =   -364547.9046  EHBOND  =         0.0000  RESTRAINT  =         0.0000
 ------------------------------------------------------------------------------


 NSTEP =  1920000   TIME(PS) =  403879.999  TEMP(K) =   308.80  PRESS =     0.0
 Etot   =   -238952.8601  EKtot   =     62882.6641  EPtot      =   -301835.5241
 BOND   =      2094.6882  ANGLE   =      2498.7869  DIHED      =      1416.2414
 UB     =         0.0000  IMP     =         0.0000  CMAP       =       231.4428
 1-4 NB =      1195.9662  1-4 EEL =     15358.1021  VDWAALS    =     40532.4363
 EELEC  =   -365163.1882  EHBOND  =         0.0000  RESTRAINT  =         0.0000
 ------------------------------------------------------------------------------


 NSTEP =  1940000   TIME(PS) =  403919.999  TEMP(K) =   309.25  PRESS =     0.0
 Etot   =   -238949.7518  EKtot   =     62973.9492  EPtot      =   -301923.7010
 BOND   =      2075.1121  ANGLE   =      2430.5148  DIHED      =      1423.4512
 UB     =         0.0000  IMP     =         0.0000  CMAP       =       257.1842
 1-4 NB =      1185.0882  1-4 EEL =     15393.3741  VDWAALS    =     40868.4221
 EELEC  =   -365556.8475  EHBOND  =         0.0000  RESTRAINT  =         0.0000
 ------------------------------------------------------------------------------


 NSTEP =  1960000   TIME(PS) =  403959.999  TEMP(K) =   309.27  PRESS =     0.0
 Etot   =   -239156.1479  EKtot   =     62977.3984  EPtot      =   -302133.5463
 BOND   =      2062.8868  ANGLE   =      2409.0987  DIHED      =      1408.6270
 UB     =         0.0000  IMP     =         0.0000  CMAP       =       244.1273
 1-4 NB =      1158.0876  1-4 EEL =     15395.5700  VDWAALS    =     40767.5299
 EELEC  =   -365579.4737  EHBOND  =         0.0000  RESTRAINT  =         0.0000
 ------------------------------------------------------------------------------


 NSTEP =  1980000   TIME(PS) =  403999.999  TEMP(K) =   311.38  PRESS =     0.0
 Etot   =   -238970.5655  EKtot   =     63408.0156  EPtot      =   -302378.5811
 BOND   =      2056.6204  ANGLE   =      2399.7564  DIHED      =      1421.2267
 UB     =         0.0000  IMP     =         0.0000  CMAP       =       222.4060
 1-4 NB =      1169.2044  1-4 EEL =     15394.1126  VDWAALS    =     41065.2280
 EELEC  =   -366107.1357  EHBOND  =         0.0000  RESTRAINT  =         0.0000
 ------------------------------------------------------------------------------


 NSTEP =  2000000   TIME(PS) =  404039.999  TEMP(K) =   310.58  PRESS =     0.0
 Etot   =   -238794.3457  EKtot   =     63244.1719  EPtot      =   -302038.5176
 BOND   =      2041.9541  ANGLE   =      2455.5402  DIHED      =      1409.1959
 UB     =         0.0000  IMP     =         0.0000  CMAP       =       228.7703
 1-4 NB =      1158.2028  1-4 EEL =     15304.5210  VDWAALS    =     40622.7112
 EELEC  =   -365259.4129  EHBOND  =         0.0000  RESTRAINT  =         0.0000
 ------------------------------------------------------------------------------


 NSTEP =  2020000   TIME(PS) =  404079.999  TEMP(K) =   310.56  PRESS =     0.0
 Etot   =   -239074.4220  EKtot   =     63241.5625  EPtot      =   -302315.9845
 BOND   =      2092.2488  ANGLE   =      2449.8448  DIHED      =      1425.6373
 UB     =         0.0000  IMP     =         0.0000  CMAP       =       252.2498
 1-4 NB =      1181.6518  1-4 EEL =     15304.3262  VDWAALS    =     40712.4641
 EELEC  =   -365734.4073  EHBOND  =         0.0000  RESTRAINT  =         0.0000
 ------------------------------------------------------------------------------


 NSTEP =  2040000   TIME(PS) =  404119.999  TEMP(K) =   310.31  PRESS =     0.0
 Etot   =   -238438.0488  EKtot   =     63190.4375  EPtot      =   -301628.4863
 BOND   =      2034.9256  ANGLE   =      2343.5999  DIHED      =      1421.6214
 UB     =         0.0000  IMP     =         0.0000  CMAP       =       243.0617
 1-4 NB =      1170.1885  1-4 EEL =     15434.7499  VDWAALS    =     40816.5380
 EELEC  =   -365093.1711  EHBOND  =         0.0000  RESTRAINT  =         0.0000
 ------------------------------------------------------------------------------


 NSTEP =  2060000   TIME(PS) =  404159.999  TEMP(K) =   310.30  PRESS =     0.0
 Etot   =   -239000.2184  EKtot   =     63189.0273  EPtot      =   -302189.2458
 BOND   =      2070.7166  ANGLE   =      2395.3947  DIHED      =      1450.1399
 UB     =         0.0000  IMP     =         0.0000  CMAP       =       243.7788
 1-4 NB =      1190.5278  1-4 EEL =     15399.3074  VDWAALS    =     40562.9170
 EELEC  =   -365502.0279  EHBOND  =         0.0000  RESTRAINT  =         0.0000
 ------------------------------------------------------------------------------


 NSTEP =  2080000   TIME(PS) =  404199.999  TEMP(K) =   310.40  PRESS =     0.0
 Etot   =   -238300.4639  EKtot   =     63207.8477  EPtot      =   -301508.3115
 BOND   =      2036.1164  ANGLE   =      2445.4917  DIHED      =      1409.7144
 UB     =         0.0000  IMP     =         0.0000  CMAP       =       233.9283
 1-4 NB =      1178.9506  1-4 EEL =     15393.5544  VDWAALS    =     40576.9992
 EELEC  =   -364783.0664  EHBOND  =         0.0000  RESTRAINT  =         0.0000
 ------------------------------------------------------------------------------


 NSTEP =  2100000   TIME(PS) =  404239.999  TEMP(K) =   308.33  PRESS =     0.0
 Etot   =   -238785.9239  EKtot   =     62785.9180  EPtot      =   -301571.8419
 BOND   =      2149.3882  ANGLE   =      2385.8581  DIHED      =      1427.6945
 UB     =         0.0000  IMP     =         0.0000  CMAP       =       224.2073
 1-4 NB =      1163.7915  1-4 EEL =     15279.0501  VDWAALS    =     40837.0455
 EELEC  =   -365038.8770  EHBOND  =         0.0000  RESTRAINT  =         0.0000
 ------------------------------------------------------------------------------


 NSTEP =  2120000   TIME(PS) =  404279.999  TEMP(K) =   309.57  PRESS =     0.0
 Etot   =   -238963.7642  EKtot   =     63039.5586  EPtot      =   -302003.3228
 BOND   =      2080.0572  ANGLE   =      2441.0274  DIHED      =      1409.2163
 UB     =         0.0000  IMP     =         0.0000  CMAP       =       230.6993
 1-4 NB =      1162.2373  1-4 EEL =     15377.3082  VDWAALS    =     40809.2790
 EELEC  =   -365513.1476  EHBOND  =         0.0000  RESTRAINT  =         0.0000
 ------------------------------------------------------------------------------


 NSTEP =  2140000   TIME(PS) =  404319.999  TEMP(K) =   310.37  PRESS =     0.0
 Etot   =   -238641.4992  EKtot   =     63203.0859  EPtot      =   -301844.5851
 BOND   =      2068.4527  ANGLE   =      2431.9483  DIHED      =      1425.2947
 UB     =         0.0000  IMP     =         0.0000  CMAP       =       242.7757
 1-4 NB =      1156.6052  1-4 EEL =     15302.6534  VDWAALS    =     41057.8069
 EELEC  =   -365530.1220  EHBOND  =         0.0000  RESTRAINT  =         0.0000
 ------------------------------------------------------------------------------


 NSTEP =  2160000   TIME(PS) =  404359.999  TEMP(K) =   310.59  PRESS =     0.0
 Etot   =   -238663.5773  EKtot   =     63246.5586  EPtot      =   -301910.1359
 BOND   =      2125.1937  ANGLE   =      2374.4827  DIHED      =      1395.7378
 UB     =         0.0000  IMP     =         0.0000  CMAP       =       218.9991
 1-4 NB =      1162.3693  1-4 EEL =     15337.1395  VDWAALS    =     40589.0179
 EELEC  =   -365113.0758  EHBOND  =         0.0000  RESTRAINT  =         0.0000
 ------------------------------------------------------------------------------


 NSTEP =  2180000   TIME(PS) =  404399.999  TEMP(K) =   308.06  PRESS =     0.0
 Etot   =   -239153.5811  EKtot   =     62731.8477  EPtot      =   -301885.4288
 BOND   =      2081.7654  ANGLE   =      2401.7050  DIHED      =      1420.5032
 UB     =         0.0000  IMP     =         0.0000  CMAP       =       248.4152
 1-4 NB =      1152.2957  1-4 EEL =     15318.9643  VDWAALS    =     41257.9022
 EELEC  =   -365766.9798  EHBOND  =         0.0000  RESTRAINT  =         0.0000
 ------------------------------------------------------------------------------


 NSTEP =  2200000   TIME(PS) =  404439.999  TEMP(K) =   310.48  PRESS =     0.0
 Etot   =   -238671.0759  EKtot   =     63223.9102  EPtot      =   -301894.9860
 BOND   =      2093.8441  ANGLE   =      2382.0725  DIHED      =      1393.8657
 UB     =         0.0000  IMP     =         0.0000  CMAP       =       233.3805
 1-4 NB =      1166.1763  1-4 EEL =     15407.7392  VDWAALS    =     40891.0331
 EELEC  =   -365463.0973  EHBOND  =         0.0000  RESTRAINT  =         0.0000
 ------------------------------------------------------------------------------


 NSTEP =  2220000   TIME(PS) =  404479.999  TEMP(K) =   310.10  PRESS =     0.0
 Etot   =   -238639.7103  EKtot   =     63148.2266  EPtot      =   -301787.9368
 BOND   =      2108.4278  ANGLE   =      2439.3077  DIHED      =      1389.9182
 UB     =         0.0000  IMP     =         0.0000  CMAP       =       228.6958
 1-4 NB =      1203.5295  1-4 EEL =     15439.9219  VDWAALS    =     40650.6502
 EELEC  =   -365248.3879  EHBOND  =         0.0000  RESTRAINT  =         0.0000
 ------------------------------------------------------------------------------


 NSTEP =  2240000   TIME(PS) =  404519.999  TEMP(K) =   311.37  PRESS =     0.0
 Etot   =   -238660.0694  EKtot   =     63405.7188  EPtot      =   -302065.7881
 BOND   =      2089.9300  ANGLE   =      2436.2860  DIHED      =      1397.2074
 UB     =         0.0000  IMP     =         0.0000  CMAP       =       226.5237
 1-4 NB =      1183.5856  1-4 EEL =     15361.6464  VDWAALS    =     40807.8395
 EELEC  =   -365568.8067  EHBOND  =         0.0000  RESTRAINT  =         0.0000
 ------------------------------------------------------------------------------


 NSTEP =  2260000   TIME(PS) =  404559.999  TEMP(K) =   309.66  PRESS =     0.0
 Etot   =   -238329.3234  EKtot   =     63058.4844  EPtot      =   -301387.8078
 BOND   =      2098.1807  ANGLE   =      2412.4939  DIHED      =      1421.5372
 UB     =         0.0000  IMP     =         0.0000  CMAP       =       235.7971
 1-4 NB =      1163.0825  1-4 EEL =     15430.8131  VDWAALS    =     40623.9706
 EELEC  =   -364773.6827  EHBOND  =         0.0000  RESTRAINT  =         0.0000
 ------------------------------------------------------------------------------


 NSTEP =  2280000   TIME(PS) =  404599.999  TEMP(K) =   309.49  PRESS =     0.0
 Etot   =   -238527.0172  EKtot   =     63022.9961  EPtot      =   -301550.0133
 BOND   =      2064.7346  ANGLE   =      2465.8203  DIHED      =      1417.0322
 UB     =         0.0000  IMP     =         0.0000  CMAP       =       223.1744
 1-4 NB =      1181.9028  1-4 EEL =     15401.0737  VDWAALS    =     40495.7980
 EELEC  =   -364799.5493  EHBOND  =         0.0000  RESTRAINT  =         0.0000
 ------------------------------------------------------------------------------


 NSTEP =  2300000   TIME(PS) =  404639.999  TEMP(K) =   310.88  PRESS =     0.0
 Etot   =   -238666.1379  EKtot   =     63306.6523  EPtot      =   -301972.7902
 BOND   =      2055.7429  ANGLE   =      2329.0788  DIHED      =      1383.9953
 UB     =         0.0000  IMP     =         0.0000  CMAP       =       231.7509
 1-4 NB =      1164.3554  1-4 EEL =     15375.9194  VDWAALS    =     40734.0174
 EELEC  =   -365247.6503  EHBOND  =         0.0000  RESTRAINT  =         0.0000
 ------------------------------------------------------------------------------


 NSTEP =  2320000   TIME(PS) =  404679.999  TEMP(K) =   310.44  PRESS =     0.0
 Etot   =   -238544.7895  EKtot   =     63215.9102  EPtot      =   -301760.6996
 BOND   =      2094.9182  ANGLE   =      2416.9057  DIHED      =      1410.7168
 UB     =         0.0000  IMP     =         0.0000  CMAP       =       237.7071
 1-4 NB =      1158.0050  1-4 EEL =     15409.7043  VDWAALS    =     41174.9760
 EELEC  =   -365663.6328  EHBOND  =         0.0000  RESTRAINT  =         0.0000
 ------------------------------------------------------------------------------


 NSTEP =  2340000   TIME(PS) =  404719.999  TEMP(K) =   310.35  PRESS =     0.0
 Etot   =   -238712.8416  EKtot   =     63198.5117  EPtot      =   -301911.3533
 BOND   =      2028.9725  ANGLE   =      2407.3101  DIHED      =      1410.8559
 UB     =         0.0000  IMP     =         0.0000  CMAP       =       248.2208
 1-4 NB =      1190.7759  1-4 EEL =     15370.1701  VDWAALS    =     40515.1528
 EELEC  =   -365082.8114  EHBOND  =         0.0000  RESTRAINT  =         0.0000
 ------------------------------------------------------------------------------


 NSTEP =  2360000   TIME(PS) =  404759.999  TEMP(K) =   309.15  PRESS =     0.0
 Etot   =   -238959.8747  EKtot   =     62953.4648  EPtot      =   -301913.3396
 BOND   =      2024.7527  ANGLE   =      2432.5857  DIHED      =      1402.5473
 UB     =         0.0000  IMP     =         0.0000  CMAP       =       226.2514
 1-4 NB =      1179.2783  1-4 EEL =     15373.8259  VDWAALS    =     40513.8257
 EELEC  =   -365066.4065  EHBOND  =         0.0000  RESTRAINT  =         0.0000
 ------------------------------------------------------------------------------


 NSTEP =  2380000   TIME(PS) =  404799.999  TEMP(K) =   307.45  PRESS =     0.0
 Etot   =   -239446.0925  EKtot   =     62607.2344  EPtot      =   -302053.3269
 BOND   =      2108.2246  ANGLE   =      2434.7947  DIHED      =      1397.8389
 UB     =         0.0000  IMP     =         0.0000  CMAP       =       235.7954
 1-4 NB =      1140.7824  1-4 EEL =     15296.9120  VDWAALS    =     40397.1215
 EELEC  =   -365064.7962  EHBOND  =         0.0000  RESTRAINT  =         0.0000
 ------------------------------------------------------------------------------


 NSTEP =  2400000   TIME(PS) =  404839.999  TEMP(K) =   307.39  PRESS =     0.0
 Etot   =   -239323.8916  EKtot   =     62594.9336  EPtot      =   -301918.8252
 BOND   =      2102.9364  ANGLE   =      2319.8543  DIHED      =      1419.0630
 UB     =         0.0000  IMP     =         0.0000  CMAP       =       247.7752
 1-4 NB =      1175.9085  1-4 EEL =     15354.2943  VDWAALS    =     40548.6980
 EELEC  =   -365087.3550  EHBOND  =         0.0000  RESTRAINT  =         0.0000
 ------------------------------------------------------------------------------


 NSTEP =  2420000   TIME(PS) =  404879.999  TEMP(K) =   310.56  PRESS =     0.0
 Etot   =   -239184.5081  EKtot   =     63241.3438  EPtot      =   -302425.8519
 BOND   =      2042.5471  ANGLE   =      2398.9504  DIHED      =      1388.3823
 UB     =         0.0000  IMP     =         0.0000  CMAP       =       236.6146
 1-4 NB =      1168.0599  1-4 EEL =     15392.1542  VDWAALS    =     41138.0580
 EELEC  =   -366190.6183  EHBOND  =         0.0000  RESTRAINT  =         0.0000
 ------------------------------------------------------------------------------


 NSTEP =  2440000   TIME(PS) =  404919.999  TEMP(K) =   310.02  PRESS =     0.0
 Etot   =   -238520.1935  EKtot   =     63132.0547  EPtot      =   -301652.2481
 BOND   =      2107.2457  ANGLE   =      2385.5886  DIHED      =      1386.3455
 UB     =         0.0000  IMP     =         0.0000  CMAP       =       232.2959
 1-4 NB =      1155.4321  1-4 EEL =     15335.3994  VDWAALS    =     40749.7484
 EELEC  =   -365004.3037  EHBOND  =         0.0000  RESTRAINT  =         0.0000
 ------------------------------------------------------------------------------


 NSTEP =  2460000   TIME(PS) =  404959.999  TEMP(K) =   310.87  PRESS =     0.0
 Etot   =   -238657.8426  EKtot   =     63304.2852  EPtot      =   -301962.1277
 BOND   =      2108.4071  ANGLE   =      2533.2986  DIHED      =      1430.8295
 UB     =         0.0000  IMP     =         0.0000  CMAP       =       236.3224
 1-4 NB =      1172.9341  1-4 EEL =     15328.8965  VDWAALS    =     40376.0459
 EELEC  =   -365148.8618  EHBOND  =         0.0000  RESTRAINT  =         0.0000
 ------------------------------------------------------------------------------


 NSTEP =  2480000   TIME(PS) =  404999.999  TEMP(K) =   308.22  PRESS =     0.0
 Etot   =   -239095.2121  EKtot   =     62764.0820  EPtot      =   -301859.2942
 BOND   =      2110.9656  ANGLE   =      2398.7471  DIHED      =      1352.9784
 UB     =         0.0000  IMP     =         0.0000  CMAP       =       222.8823
 1-4 NB =      1173.0072  1-4 EEL =     15435.2178  VDWAALS    =     40484.7593
 EELEC  =   -365037.8518  EHBOND  =         0.0000  RESTRAINT  =         0.0000
 ------------------------------------------------------------------------------


 NSTEP =  2500000   TIME(PS) =  405039.999  TEMP(K) =   309.68  PRESS =     0.0
 Etot   =   -238559.6546  EKtot   =     63062.2344  EPtot      =   -301621.8890
 BOND   =      2064.7973  ANGLE   =      2427.1823  DIHED      =      1389.3395
 UB     =         0.0000  IMP     =         0.0000  CMAP       =       224.8697
 1-4 NB =      1160.8035  1-4 EEL =     15417.8505  VDWAALS    =     40438.3416
 EELEC  =   -364745.0733  EHBOND  =         0.0000  RESTRAINT  =         0.0000
 ------------------------------------------------------------------------------


      A V E R A G E S   O V E R     125 S T E P S


 NSTEP =  2500000   TIME(PS) =  405039.999  TEMP(K) =   310.13  PRESS =     0.0
 Etot   =   -238716.7498  EKtot   =     63153.2475  EPtot      =   -301869.9973
 BOND   =      2085.4441  ANGLE   =      2416.4943  DIHED      =      1412.3229
 UB     =         0.0000  IMP     =         0.0000  CMAP       =       234.9806
 1-4 NB =      1170.9013  1-4 EEL =     15390.9603  VDWAALS    =     40661.6310
 EELEC  =   -365242.7319  EHBOND  =         0.0000  RESTRAINT  =         0.0000
 ------------------------------------------------------------------------------


      R M S  F L U C T U A T I O N S


 NSTEP =  2500000   TIME(PS) =  405039.999  TEMP(K) =     1.03  PRESS =     0.0
 Etot   =       359.9230  EKtot   =       209.4929  EPtot      =       294.9694
 BOND   =        30.1346  ANGLE   =        40.2959  DIHED      =        18.9403
 UB     =         0.0000  IMP     =         0.0000  CMAP       =        10.6692
 1-4 NB =        14.2759  1-4 EEL =        47.3045  VDWAALS    =       283.3259
 EELEC  =       485.4653  EHBOND  =         0.0000  RESTRAINT  =         0.0000
 ------------------------------------------------------------------------------

--------------------------------------------------------------------------------
   5.  TIMINGS
--------------------------------------------------------------------------------

|  NonSetup CPU Time in Major Routines:
|
|     Routine           Sec        %
|     ------------------------------
|     Nonbond         156.09   11.48
|     Bond              0.00    0.00
|     Angle             0.00    0.00
|     Dihedral          0.00    0.00
|     Shake            10.45    0.77
|     RunMD          1191.43   87.60
|     Other             2.14    0.16
|     ------------------------------
|     Total          1360.11

|  PME Nonbond Pairlist CPU Time:
|
|     Routine              Sec        %
|     ---------------------------------
|     Set Up Cit           0.00    0.00
|     Build List           0.00    0.00
|     ---------------------------------
|     Total                0.00    0.00

|  PME Direct Force CPU Time:
|
|     Routine              Sec        %
|     ---------------------------------
|     NonBonded Calc       0.00    0.00
|     Exclude Masked       0.00    0.00
|     Other                1.35    0.10
|     ---------------------------------
|     Total                1.35    0.10

|  PME Reciprocal Force CPU Time:
|
|     Routine              Sec        %
|     ---------------------------------
|     1D bspline           0.00    0.00
|     Grid Charges         0.00    0.00
|     Scalar Sum           0.00    0.00
|     Gradient Sum         0.00    0.00
|     FFT                  0.00    0.00
|     ---------------------------------
|     Total                0.00    0.00

|  Final Performance Info:
|     -----------------------------------------------------
|     Average timings for last   80000 steps:
|     Elapsed(s) =      43.66 Per Step(ms) =       0.55
|         ns/day =     316.65   seconds/ns =     272.85
|
|     Average timings for all steps:
|     Elapsed(s) =    1362.42 Per Step(ms) =       0.54
|         ns/day =     317.08   seconds/ns =     272.48
|     -----------------------------------------------------

|  Setup CPU time:            1.17 seconds
|  NonSetup CPU time:      1360.11 seconds
|  Total CPU time:         1361.28 seconds     0.38 hours

|  Setup wall time:           2    seconds
|  NonSetup wall time:     1362    seconds
|  Total wall time:        1364    seconds     0.38 hours
