
          -------------------------------------------------------
          Amber 24 PMEMD                              2024
          -------------------------------------------------------

| PMEMD implementation of SANDER, Release 24

|  Compiled date/time: Thu Apr  3 17:55:38 2025
| Run on 10/31/2025 at 00:01:56

|   Executable path: pmemd.cuda_SPFP
| Working directory: /rs1/researchers/h/hall/vtnguye4/Amber_restart/cappedP1amber/P1_Simulation3
|          Hostname: gpu20

  [-O]verwriting output

File Assignments:
|   MDIN: /rs1/researchers/h/hall/vtnguye4/Amber_restart/cappedP1amber/equil.in 
|  MDOUT: ./OUT_Files/equil15.out                                               
| INPCRD: ./RST_Files/equil14.rst7                                              
|   PARM: ./PRMTOP_Files/P1.prmtop                                              
| RESTRT: ./RST_Files/equil15.rst7                                              
|   REFC: refc                                                                  
|  MDVEL: mdvel                                                                 
|   MDEN: mden                                                                  
|  MDCRD: ./nc_Files/equil15.nc                                                 
| MDINFO: mdinfo                                                                
|  MDFRC: mdfrc                                                                 


 Here is the input file:

!Stage equilibration 5ns                                                       
&cntrl                                                                         
imin=0, irest=1, ntx=5,                                                        
nstlim=2500000, dt=0.002,                                                      
ntc=2, ntf=2, ig=-1,                                                           
ntt=3, gamma_ln=2.0,                                                           
tempi=310.0, temp0=310.0,                                                      
ntxo=2, ioutfm=1,                                                              
ntpr=20000, ntwx=20000,                                                        
ntb=1,                                                                         
cut=9.0,                                                                       
iwrap=1,                                                                       
/                                                                              


Note: ig = -1. Setting random seed to   162834 based on wallclock time in 
      microseconds.
| irandom = 1, using AMBER's internal random number generator (default).
 
|--------------------- INFORMATION ----------------------
| GPU (CUDA) Version of PMEMD in use: NVIDIA GPU IN USE.
|                    Version 18.0.0
| 
|                      03/25/2018
| 
| Implementation by:
|                    Ross C. Walker     (SDSC)
|                    Scott Le Grand     (nVIDIA)
| 
| Version 18 performance extensions by:
|                    David Cerutti     (Rutgers)
| 
| Precision model in use:
|      [SPFP] - Single Precision Forces, 64-bit Fixed Point
|               Accumulation. (Default)
| 
|--------------------------------------------------------
 
|----------------- CITATION INFORMATION -----------------
|
|    When publishing work that utilized the CUDA version
|    of AMBER, please cite the following in addition to
|    the regular AMBER citations:
|
|  - Romelia Salomon-Ferrer; Andreas W. Goetz; Duncan
|    Poole; Scott Le Grand; Ross C. Walker "Routine
|    microsecond molecular dynamics simulations with
|    AMBER - Part II: Particle Mesh Ewald", J. Chem.
|    Theory Comput., 2013, 9 (9), pp3878-3888,
|    DOI: 10.1021/ct400314y.
|
|  - Andreas W. Goetz; Mark J. Williamson; Dong Xu;
|    Duncan Poole; Scott Le Grand; Ross C. Walker
|    "Routine microsecond molecular dynamics simulations
|    with AMBER - Part I: Generalized Born", J. Chem.
|    Theory Comput., 2012, 8 (5), pp1542-1555.
|
|  - Scott Le Grand; Andreas W. Goetz; Ross C. Walker
|    "SPFP: Speed without compromise - a mixed precision
|    model for GPU accelerated molecular dynamics
|    simulations.", Comp. Phys. Comm., 2013, 184
|    pp374-380, DOI: 10.1016/j.cpc.2012.09.022
|
|--------------------------------------------------------
 
|------------------- GPU DEVICE INFO --------------------
|
|            CUDA_VISIBLE_DEVICES: 0
|   CUDA Capable Devices Detected:      1
|           CUDA Device ID in use:      0
|                CUDA Device Name: NVIDIA L40S
|     CUDA Device Global Mem Size:  45487 MB
| CUDA Device Num Multiprocessors:    142
|           CUDA Device Core Freq:   2.52 GHz
|
|--------------------------------------------------------
 
 
| Conditional Compilation Defines Used:
| PUBFFT
| BINTRAJ
| CUDA
| EMIL

| Largest sphere to fit in unit cell has radius =    46.909

| New format PARM file being parsed.
| Version =    1.000 Date = 10/28/25 Time = 16:56:02

| Note: 1-4 EEL scale factors are being read from the topology file.

| Note: 1-4 VDW scale factors are being read from the topology file.
| Duplicated    0 dihedrals

| Duplicated    0 dihedrals

--------------------------------------------------------------------------------
   1.  RESOURCE   USE: 
--------------------------------------------------------------------------------

 getting box info from netcdf restart file
 NATOM  =  101202 NTYPES =      11 NBONH =   98658 MBONA  =    2544
 NTHETH =    5904 MTHETA =    3408 NPHIH =   11760 MPHIA  =   10368
 NHPARM =       0 NPARM  =       0 NNB   =  155656 NRES   =   32422
 NBONA  =    2544 NTHETA =    3408 NPHIA =   10368 NUMBND =      27
 NUMANG =      54 NPTRA  =      59 NATYP =      16 NPHB   =       0
 IFBOX  =       2 NMXRS  =      21 IFCAP =       0 NEXTRA =       0
 NCOPY  =       0

| Coordinate Index Table dimensions:    20   20   20
| Direct force subcell size =     5.7451    5.7451    5.7451

     BOX TYPE: TRUNCATED OCTAHEDRON

--------------------------------------------------------------------------------
   2.  CONTROL  DATA  FOR  THE  RUN
--------------------------------------------------------------------------------

default_name                                                                    

General flags:
     imin    =       0, nmropt  =       0

Nature and format of input:
     ntx     =       5, irest   =       1, ntrx    =       1

Nature and format of output:
     ntxo    =       2, ntpr    =   20000, ntrx    =       1, ntwr    = 2500000
     iwrap   =       1, ntwx    =   20000, ntwv    =       0, ntwe    =       0
     ioutfm  =       1, ntwprt  =       0, idecomp =       0, rbornstat=      0

Potential function:
     ntf     =       2, ntb     =       1, igb     =       0, nsnb    =      25
     ipol    =       0, gbsa    =       0, iesp    =       0
     dielc   =   1.00000, cut     =   9.00000, intdiel =   1.00000

Frozen or restrained atoms:
     ibelly  =       0, ntr     =       0

Molecular dynamics:
     nstlim  =   2500000, nscm    =      1000, nrespa  =         1
     t       =   0.00000, dt      =   0.00200, vlimit  =  -1.00000

Langevin dynamics temperature regulation:
     ig      =  162834
     temp0   = 310.00000, tempi   = 310.00000, gamma_ln=   2.00000

SHAKE:
     ntc     =       2, jfastw  =       0
     tol     =   0.00001

| Intermolecular bonds treatment:
|     no_intermolecular_bonds =       1

| Energy averages sample interval:
|     ene_avg_sampling =   20000

Ewald parameters:
     verbose =       0, ew_type =       0, nbflag  =       1, use_pme =       1
     vdwmeth =       1, eedmeth =       1, netfrc  =       1
     Box X =  114.902   Box Y =  114.902   Box Z =  114.902
     Alpha =  109.471   Beta  =  109.471   Gamma =  109.471
     NFFT1 =  120       NFFT2 =  120       NFFT3 =  120
     Cutoff=    9.000   Tol   =0.100E-04
     Ewald Coefficient =  0.30768
     Interpolation order =    4

--------------------------------------------------------------------------------
   3.  ATOMIC COORDINATES AND VELOCITIES
--------------------------------------------------------------------------------

default_name                                                                    
 begin time read from input coords = 70040.000 ps

 
 Number of triangulated 3-point waters found:    31990

     Sum of charges from parm topology file =  -0.00000047
     Forcing neutrality...

| Dynamic Memory, Types Used:
| Reals             3080462
| Integers          3650456

| Nonbonded Pairs Initial Allocation:    23074056

| GPU memory information (estimate):
| KB of GPU memory in use:    789634
| KB of CPU memory in use:    210424

--------------------------------------------------------------------------------
   4.  RESULTS
--------------------------------------------------------------------------------

wrapping first mol.:      -38.30066      -54.16531       93.81709

 NSTEP =    20000   TIME(PS) =   70080.000  TEMP(K) =   308.98  PRESS =     0.0
 Etot   =   -238941.3231  EKtot   =     62918.2734  EPtot      =   -301859.5965
 BOND   =      2120.8414  ANGLE   =      2383.7917  DIHED      =      1418.0696
 UB     =         0.0000  IMP     =         0.0000  CMAP       =       259.5920
 1-4 NB =      1181.1098  1-4 EEL =     15344.6124  VDWAALS    =     40261.5246
 EELEC  =   -364829.1380  EHBOND  =         0.0000  RESTRAINT  =         0.0000
 ------------------------------------------------------------------------------

wrapping first mol.:      -38.30066      -54.16531       93.81709

 NSTEP =    40000   TIME(PS) =   70120.000  TEMP(K) =   311.99  PRESS =     0.0
 Etot   =   -238567.8562  EKtot   =     63532.0234  EPtot      =   -302099.8796
 BOND   =      2176.3903  ANGLE   =      2378.5414  DIHED      =      1370.3022
 UB     =         0.0000  IMP     =         0.0000  CMAP       =       247.1566
 1-4 NB =      1172.1815  1-4 EEL =     15377.6379  VDWAALS    =     40867.4613
 EELEC  =   -365689.5510  EHBOND  =         0.0000  RESTRAINT  =         0.0000
 ------------------------------------------------------------------------------

wrapping first mol.:      -38.30066      -54.16531       93.81709

 NSTEP =    60000   TIME(PS) =   70160.000  TEMP(K) =   309.07  PRESS =     0.0
 Etot   =   -238968.1071  EKtot   =     62936.7188  EPtot      =   -301904.8258
 BOND   =      2052.4267  ANGLE   =      2401.4554  DIHED      =      1408.1106
 UB     =         0.0000  IMP     =         0.0000  CMAP       =       249.1178
 1-4 NB =      1170.1740  1-4 EEL =     15357.1481  VDWAALS    =     40461.9360
 EELEC  =   -365005.1945  EHBOND  =         0.0000  RESTRAINT  =         0.0000
 ------------------------------------------------------------------------------

wrapping first mol.:      -38.30066      -54.16531       93.81709

 NSTEP =    80000   TIME(PS) =   70200.000  TEMP(K) =   310.44  PRESS =     0.0
 Etot   =   -239000.8495  EKtot   =     63217.1289  EPtot      =   -302217.9784
 BOND   =      2146.9884  ANGLE   =      2407.0403  DIHED      =      1384.5330
 UB     =         0.0000  IMP     =         0.0000  CMAP       =       240.0783
 1-4 NB =      1173.7391  1-4 EEL =     15315.9439  VDWAALS    =     41091.2099
 EELEC  =   -365977.5112  EHBOND  =         0.0000  RESTRAINT  =         0.0000
 ------------------------------------------------------------------------------

wrapping first mol.:      -38.30066      -54.16531       93.81709

 NSTEP =   100000   TIME(PS) =   70240.000  TEMP(K) =   311.43  PRESS =     0.0
 Etot   =   -237994.8301  EKtot   =     63418.9297  EPtot      =   -301413.7597
 BOND   =      2126.0798  ANGLE   =      2465.2544  DIHED      =      1367.4509
 UB     =         0.0000  IMP     =         0.0000  CMAP       =       259.3127
 1-4 NB =      1170.6820  1-4 EEL =     15319.2391  VDWAALS    =     40933.5996
 EELEC  =   -365055.3783  EHBOND  =         0.0000  RESTRAINT  =         0.0000
 ------------------------------------------------------------------------------

wrapping first mol.:      -38.30066      -54.16531       93.81709

 NSTEP =   120000   TIME(PS) =   70280.000  TEMP(K) =   309.74  PRESS =     0.0
 Etot   =   -238661.0580  EKtot   =     63074.7148  EPtot      =   -301735.7728
 BOND   =      2074.3167  ANGLE   =      2379.3570  DIHED      =      1408.0420
 UB     =         0.0000  IMP     =         0.0000  CMAP       =       249.2486
 1-4 NB =      1171.1510  1-4 EEL =     15371.2870  VDWAALS    =     40918.3920
 EELEC  =   -365307.5673  EHBOND  =         0.0000  RESTRAINT  =         0.0000
 ------------------------------------------------------------------------------

wrapping first mol.:      -38.30066      -54.16531       93.81709

 NSTEP =   140000   TIME(PS) =   70320.000  TEMP(K) =   310.11  PRESS =     0.0
 Etot   =   -238707.4446  EKtot   =     63148.5312  EPtot      =   -301855.9758
 BOND   =      2079.4276  ANGLE   =      2433.6540  DIHED      =      1392.0029
 UB     =         0.0000  IMP     =         0.0000  CMAP       =       252.1243
 1-4 NB =      1167.4060  1-4 EEL =     15391.0314  VDWAALS    =     40682.9799
 EELEC  =   -365254.6019  EHBOND  =         0.0000  RESTRAINT  =         0.0000
 ------------------------------------------------------------------------------

wrapping first mol.:      -38.30066      -54.16531       93.81709

 NSTEP =   160000   TIME(PS) =   70360.000  TEMP(K) =   311.54  PRESS =     0.0
 Etot   =   -238397.5319  EKtot   =     63441.1094  EPtot      =   -301838.6412
 BOND   =      2040.0539  ANGLE   =      2376.5757  DIHED      =      1417.6979
 UB     =         0.0000  IMP     =         0.0000  CMAP       =       247.3748
 1-4 NB =      1197.5670  1-4 EEL =     15397.4966  VDWAALS    =     41309.5211
 EELEC  =   -365824.9283  EHBOND  =         0.0000  RESTRAINT  =         0.0000
 ------------------------------------------------------------------------------

wrapping first mol.:      -38.30066      -54.16531       93.81709

 NSTEP =   180000   TIME(PS) =   70400.000  TEMP(K) =   308.51  PRESS =     0.0
 Etot   =   -239552.7134  EKtot   =     62824.4414  EPtot      =   -302377.1548
 BOND   =      2107.1863  ANGLE   =      2398.0466  DIHED      =      1362.0363
 UB     =         0.0000  IMP     =         0.0000  CMAP       =       256.4333
 1-4 NB =      1158.0382  1-4 EEL =     15333.9431  VDWAALS    =     40941.3367
 EELEC  =   -365934.1752  EHBOND  =         0.0000  RESTRAINT  =         0.0000
 ------------------------------------------------------------------------------

wrapping first mol.:      -38.30066      -54.16531       93.81709

 NSTEP =   200000   TIME(PS) =   70440.000  TEMP(K) =   310.65  PRESS =     0.0
 Etot   =   -238792.7924  EKtot   =     63259.5781  EPtot      =   -302052.3705
 BOND   =      2103.1782  ANGLE   =      2443.3634  DIHED      =      1382.1731
 UB     =         0.0000  IMP     =         0.0000  CMAP       =       249.2908
 1-4 NB =      1170.8992  1-4 EEL =     15311.4138  VDWAALS    =     41043.8650
 EELEC  =   -365756.5541  EHBOND  =         0.0000  RESTRAINT  =         0.0000
 ------------------------------------------------------------------------------

wrapping first mol.:      -38.30066      -54.16531       93.81709

 NSTEP =   220000   TIME(PS) =   70480.000  TEMP(K) =   308.66  PRESS =     0.0
 Etot   =   -239326.5736  EKtot   =     62855.1328  EPtot      =   -302181.7064
 BOND   =      2072.7178  ANGLE   =      2353.6576  DIHED      =      1410.2609
 UB     =         0.0000  IMP     =         0.0000  CMAP       =       237.0942
 1-4 NB =      1172.8442  1-4 EEL =     15386.1212  VDWAALS    =     41323.7228
 EELEC  =   -366138.1251  EHBOND  =         0.0000  RESTRAINT  =         0.0000
 ------------------------------------------------------------------------------

wrapping first mol.:      -38.30066      -54.16531       93.81709

 NSTEP =   240000   TIME(PS) =   70520.000  TEMP(K) =   309.05  PRESS =     0.0
 Etot   =   -238544.3061  EKtot   =     62934.0625  EPtot      =   -301478.3686
 BOND   =      2054.7268  ANGLE   =      2449.5700  DIHED      =      1442.6378
 UB     =         0.0000  IMP     =         0.0000  CMAP       =       232.7415
 1-4 NB =      1176.2893  1-4 EEL =     15389.2494  VDWAALS    =     40558.3100
 EELEC  =   -364781.8933  EHBOND  =         0.0000  RESTRAINT  =         0.0000
 ------------------------------------------------------------------------------

wrapping first mol.:      -38.30066      -54.16531       93.81709

 NSTEP =   260000   TIME(PS) =   70560.000  TEMP(K) =   311.26  PRESS =     0.0
 Etot   =   -238285.0227  EKtot   =     63383.9922  EPtot      =   -301669.0149
 BOND   =      2136.3891  ANGLE   =      2344.8534  DIHED      =      1414.5133
 UB     =         0.0000  IMP     =         0.0000  CMAP       =       270.2693
 1-4 NB =      1175.8255  1-4 EEL =     15406.1936  VDWAALS    =     40461.0564
 EELEC  =   -364878.1154  EHBOND  =         0.0000  RESTRAINT  =         0.0000
 ------------------------------------------------------------------------------

wrapping first mol.:      -38.30066      -54.16531       93.81709

 NSTEP =   280000   TIME(PS) =   70600.000  TEMP(K) =   308.83  PRESS =     0.0
 Etot   =   -238633.1804  EKtot   =     62889.1328  EPtot      =   -301522.3132
 BOND   =      2071.3185  ANGLE   =      2437.7783  DIHED      =      1451.1522
 UB     =         0.0000  IMP     =         0.0000  CMAP       =       239.3786
 1-4 NB =      1162.2393  1-4 EEL =     15350.1842  VDWAALS    =     40819.5932
 EELEC  =   -365053.9576  EHBOND  =         0.0000  RESTRAINT  =         0.0000
 ------------------------------------------------------------------------------

wrapping first mol.:      -38.30066      -54.16531       93.81709

 NSTEP =   300000   TIME(PS) =   70640.000  TEMP(K) =   310.53  PRESS =     0.0
 Etot   =   -238611.0297  EKtot   =     63233.9258  EPtot      =   -301844.9554
 BOND   =      2087.3182  ANGLE   =      2453.1187  DIHED      =      1400.3837
 UB     =         0.0000  IMP     =         0.0000  CMAP       =       248.9662
 1-4 NB =      1180.9227  1-4 EEL =     15430.0227  VDWAALS    =     40392.4637
 EELEC  =   -365038.1513  EHBOND  =         0.0000  RESTRAINT  =         0.0000
 ------------------------------------------------------------------------------

wrapping first mol.:      -38.30066      -54.16531       93.81709

 NSTEP =   320000   TIME(PS) =   70680.000  TEMP(K) =   309.23  PRESS =     0.0
 Etot   =   -238808.8545  EKtot   =     62970.0664  EPtot      =   -301778.9209
 BOND   =      2126.1282  ANGLE   =      2449.8330  DIHED      =      1392.9636
 UB     =         0.0000  IMP     =         0.0000  CMAP       =       243.7939
 1-4 NB =      1182.7567  1-4 EEL =     15413.9070  VDWAALS    =     40061.5642
 EELEC  =   -364649.8675  EHBOND  =         0.0000  RESTRAINT  =         0.0000
 ------------------------------------------------------------------------------

wrapping first mol.:      -38.30066      -54.16531       93.81709

 NSTEP =   340000   TIME(PS) =   70720.000  TEMP(K) =   310.72  PRESS =     0.0
 Etot   =   -238355.9537  EKtot   =     63273.8320  EPtot      =   -301629.7857
 BOND   =      2170.0423  ANGLE   =      2483.9909  DIHED      =      1375.8336
 UB     =         0.0000  IMP     =         0.0000  CMAP       =       247.6874
 1-4 NB =      1166.7463  1-4 EEL =     15351.4619  VDWAALS    =     40640.1494
 EELEC  =   -365065.6975  EHBOND  =         0.0000  RESTRAINT  =         0.0000
 ------------------------------------------------------------------------------

wrapping first mol.:      -38.30066      -54.16531       93.81709

 NSTEP =   360000   TIME(PS) =   70760.000  TEMP(K) =   309.33  PRESS =     0.0
 Etot   =   -238630.3538  EKtot   =     62991.1289  EPtot      =   -301621.4827
 BOND   =      2053.2724  ANGLE   =      2485.5205  DIHED      =      1460.8387
 UB     =         0.0000  IMP     =         0.0000  CMAP       =       238.5659
 1-4 NB =      1184.1222  1-4 EEL =     15457.9667  VDWAALS    =     41171.6782
 EELEC  =   -365673.4472  EHBOND  =         0.0000  RESTRAINT  =         0.0000
 ------------------------------------------------------------------------------

wrapping first mol.:      -38.30066      -54.16531       93.81709

 NSTEP =   380000   TIME(PS) =   70800.000  TEMP(K) =   311.61  PRESS =     0.0
 Etot   =   -237901.9201  EKtot   =     63454.5898  EPtot      =   -301356.5100
 BOND   =      2082.4019  ANGLE   =      2436.9228  DIHED      =      1389.8006
 UB     =         0.0000  IMP     =         0.0000  CMAP       =       254.0774
 1-4 NB =      1149.0825  1-4 EEL =     15420.3136  VDWAALS    =     40357.3538
 EELEC  =   -364446.4626  EHBOND  =         0.0000  RESTRAINT  =         0.0000
 ------------------------------------------------------------------------------

wrapping first mol.:      -38.30066      -54.16531       93.81709

 NSTEP =   400000   TIME(PS) =   70840.000  TEMP(K) =   310.26  PRESS =     0.0
 Etot   =   -238810.0006  EKtot   =     63179.9453  EPtot      =   -301989.9459
 BOND   =      2075.1236  ANGLE   =      2410.2698  DIHED      =      1400.1419
 UB     =         0.0000  IMP     =         0.0000  CMAP       =       256.2297
 1-4 NB =      1184.7116  1-4 EEL =     15422.8722  VDWAALS    =     41345.7146
 EELEC  =   -366085.0093  EHBOND  =         0.0000  RESTRAINT  =         0.0000
 ------------------------------------------------------------------------------

wrapping first mol.:      -38.30066      -54.16531       93.81709

 NSTEP =   420000   TIME(PS) =   70880.000  TEMP(K) =   310.12  PRESS =     0.0
 Etot   =   -238639.4640  EKtot   =     63151.8555  EPtot      =   -301791.3194
 BOND   =      2098.6190  ANGLE   =      2400.5076  DIHED      =      1413.0173
 UB     =         0.0000  IMP     =         0.0000  CMAP       =       221.7839
 1-4 NB =      1199.0098  1-4 EEL =     15380.3790  VDWAALS    =     40693.2670
 EELEC  =   -365197.9031  EHBOND  =         0.0000  RESTRAINT  =         0.0000
 ------------------------------------------------------------------------------

wrapping first mol.:      -38.30066      -54.16531       93.81709

 NSTEP =   440000   TIME(PS) =   70920.000  TEMP(K) =   310.27  PRESS =     0.0
 Etot   =   -238342.4016  EKtot   =     63181.0234  EPtot      =   -301523.4251
 BOND   =      2110.8809  ANGLE   =      2405.6042  DIHED      =      1422.2475
 UB     =         0.0000  IMP     =         0.0000  CMAP       =       254.1736
 1-4 NB =      1177.9122  1-4 EEL =     15367.6997  VDWAALS    =     40515.2152
 EELEC  =   -364777.1584  EHBOND  =         0.0000  RESTRAINT  =         0.0000
 ------------------------------------------------------------------------------

wrapping first mol.:      -38.30066      -54.16531       93.81709

 NSTEP =   460000   TIME(PS) =   70960.000  TEMP(K) =   310.10  PRESS =     0.0
 Etot   =   -238868.3167  EKtot   =     63146.5273  EPtot      =   -302014.8441
 BOND   =      2084.0012  ANGLE   =      2428.1709  DIHED      =      1399.2937
 UB     =         0.0000  IMP     =         0.0000  CMAP       =       242.0897
 1-4 NB =      1179.1519  1-4 EEL =     15338.2283  VDWAALS    =     40968.7732
 EELEC  =   -365654.5529  EHBOND  =         0.0000  RESTRAINT  =         0.0000
 ------------------------------------------------------------------------------

wrapping first mol.:      -38.30066      -54.16531       93.81709

 NSTEP =   480000   TIME(PS) =   71000.000  TEMP(K) =   310.31  PRESS =     0.0
 Etot   =   -238050.2556  EKtot   =     63190.9883  EPtot      =   -301241.2439
 BOND   =      2072.5939  ANGLE   =      2467.0208  DIHED      =      1393.2600
 UB     =         0.0000  IMP     =         0.0000  CMAP       =       249.7058
 1-4 NB =      1189.7298  1-4 EEL =     15275.5891  VDWAALS    =     40800.6007
 EELEC  =   -364689.7439  EHBOND  =         0.0000  RESTRAINT  =         0.0000
 ------------------------------------------------------------------------------

wrapping first mol.:      -38.30066      -54.16531       93.81709

 NSTEP =   500000   TIME(PS) =   71040.000  TEMP(K) =   309.76  PRESS =     0.0
 Etot   =   -238803.8555  EKtot   =     63077.5117  EPtot      =   -301881.3673
 BOND   =      2067.1149  ANGLE   =      2427.4200  DIHED      =      1380.9525
 UB     =         0.0000  IMP     =         0.0000  CMAP       =       261.6412
 1-4 NB =      1170.7551  1-4 EEL =     15354.9889  VDWAALS    =     40462.3185
 EELEC  =   -365006.5584  EHBOND  =         0.0000  RESTRAINT  =         0.0000
 ------------------------------------------------------------------------------

wrapping first mol.:      -38.30066      -54.16531       93.81709

 NSTEP =   520000   TIME(PS) =   71080.000  TEMP(K) =   310.78  PRESS =     0.0
 Etot   =   -238276.6542  EKtot   =     63285.4219  EPtot      =   -301562.0761
 BOND   =      2106.1114  ANGLE   =      2437.7016  DIHED      =      1408.4972
 UB     =         0.0000  IMP     =         0.0000  CMAP       =       239.4585
 1-4 NB =      1184.3966  1-4 EEL =     15422.9658  VDWAALS    =     40725.0566
 EELEC  =   -365086.2637  EHBOND  =         0.0000  RESTRAINT  =         0.0000
 ------------------------------------------------------------------------------

wrapping first mol.:      -38.30066      -54.16531       93.81709

 NSTEP =   540000   TIME(PS) =   71120.000  TEMP(K) =   310.75  PRESS =     0.0
 Etot   =   -238634.2971  EKtot   =     63279.7812  EPtot      =   -301914.0784
 BOND   =      2099.7060  ANGLE   =      2421.6559  DIHED      =      1396.0056
 UB     =         0.0000  IMP     =         0.0000  CMAP       =       256.0998
 1-4 NB =      1175.8779  1-4 EEL =     15381.4617  VDWAALS    =     40443.1194
 EELEC  =   -365088.0046  EHBOND  =         0.0000  RESTRAINT  =         0.0000
 ------------------------------------------------------------------------------

wrapping first mol.:      -38.30066      -54.16531       93.81709

 NSTEP =   560000   TIME(PS) =   71160.000  TEMP(K) =   310.18  PRESS =     0.0
 Etot   =   -238149.5595  EKtot   =     63163.2031  EPtot      =   -301312.7627
 BOND   =      2083.2977  ANGLE   =      2397.3218  DIHED      =      1364.8671
 UB     =         0.0000  IMP     =         0.0000  CMAP       =       253.8344
 1-4 NB =      1176.1656  1-4 EEL =     15357.4987  VDWAALS    =     40147.6956
 EELEC  =   -364093.4435  EHBOND  =         0.0000  RESTRAINT  =         0.0000
 ------------------------------------------------------------------------------

wrapping first mol.:      -38.30066      -54.16531       93.81709

 NSTEP =   580000   TIME(PS) =   71200.000  TEMP(K) =   310.36  PRESS =     0.0
 Etot   =   -238910.4259  EKtot   =     63200.2109  EPtot      =   -302110.6368
 BOND   =      2059.5032  ANGLE   =      2414.2745  DIHED      =      1392.4885
 UB     =         0.0000  IMP     =         0.0000  CMAP       =       252.7566
 1-4 NB =      1181.0814  1-4 EEL =     15367.6930  VDWAALS    =     40900.8728
 EELEC  =   -365679.3069  EHBOND  =         0.0000  RESTRAINT  =         0.0000
 ------------------------------------------------------------------------------

wrapping first mol.:      -38.30066      -54.16531       93.81709

 NSTEP =   600000   TIME(PS) =   71240.000  TEMP(K) =   308.93  PRESS =     0.0
 Etot   =   -239091.5273  EKtot   =     62909.7266  EPtot      =   -302001.2538
 BOND   =      2128.1981  ANGLE   =      2406.5062  DIHED      =      1355.6444
 UB     =         0.0000  IMP     =         0.0000  CMAP       =       248.4763
 1-4 NB =      1180.6297  1-4 EEL =     15317.2415  VDWAALS    =     40646.8492
 EELEC  =   -365284.7992  EHBOND  =         0.0000  RESTRAINT  =         0.0000
 ------------------------------------------------------------------------------

wrapping first mol.:      -38.30066      -54.16531       93.81709

 NSTEP =   620000   TIME(PS) =   71280.000  TEMP(K) =   310.68  PRESS =     0.0
 Etot   =   -238463.1165  EKtot   =     63265.5547  EPtot      =   -301728.6712
 BOND   =      2102.1458  ANGLE   =      2454.9416  DIHED      =      1385.7295
 UB     =         0.0000  IMP     =         0.0000  CMAP       =       226.9554
 1-4 NB =      1156.7872  1-4 EEL =     15310.6859  VDWAALS    =     40570.6424
 EELEC  =   -364936.5590  EHBOND  =         0.0000  RESTRAINT  =         0.0000
 ------------------------------------------------------------------------------

wrapping first mol.:      -38.30066      -54.16531       93.81709

 NSTEP =   640000   TIME(PS) =   71320.000  TEMP(K) =   309.69  PRESS =     0.0
 Etot   =   -239103.3486  EKtot   =     63064.8086  EPtot      =   -302168.1572
 BOND   =      2040.0378  ANGLE   =      2372.6173  DIHED      =      1377.8992
 UB     =         0.0000  IMP     =         0.0000  CMAP       =       251.1854
 1-4 NB =      1172.4804  1-4 EEL =     15350.1288  VDWAALS    =     40802.3215
 EELEC  =   -365534.8277  EHBOND  =         0.0000  RESTRAINT  =         0.0000
 ------------------------------------------------------------------------------

wrapping first mol.:      -38.30066      -54.16531       93.81709

 NSTEP =   660000   TIME(PS) =   71360.000  TEMP(K) =   308.66  PRESS =     0.0
 Etot   =   -238744.1590  EKtot   =     62854.6953  EPtot      =   -301598.8543
 BOND   =      2128.3790  ANGLE   =      2444.2978  DIHED      =      1421.3748
 UB     =         0.0000  IMP     =         0.0000  CMAP       =       255.5480
 1-4 NB =      1170.4989  1-4 EEL =     15294.5685  VDWAALS    =     40560.4273
 EELEC  =   -364873.9487  EHBOND  =         0.0000  RESTRAINT  =         0.0000
 ------------------------------------------------------------------------------

wrapping first mol.:      -38.30066      -54.16531       93.81709

 NSTEP =   680000   TIME(PS) =   71400.000  TEMP(K) =   309.49  PRESS =     0.0
 Etot   =   -238936.2782  EKtot   =     63023.3438  EPtot      =   -301959.6220
 BOND   =      2059.4348  ANGLE   =      2449.2064  DIHED      =      1396.2827
 UB     =         0.0000  IMP     =         0.0000  CMAP       =       238.1440
 1-4 NB =      1145.6260  1-4 EEL =     15304.9963  VDWAALS    =     40587.1222
 EELEC  =   -365140.4344  EHBOND  =         0.0000  RESTRAINT  =         0.0000
 ------------------------------------------------------------------------------

wrapping first mol.:      -38.30066      -54.16531       93.81709

 NSTEP =   700000   TIME(PS) =   71440.000  TEMP(K) =   308.10  PRESS =     0.0
 Etot   =   -239097.3810  EKtot   =     62740.9219  EPtot      =   -301838.3029
 BOND   =      2115.4011  ANGLE   =      2365.7413  DIHED      =      1407.3817
 UB     =         0.0000  IMP     =         0.0000  CMAP       =       238.4047
 1-4 NB =      1172.7124  1-4 EEL =     15345.6335  VDWAALS    =     40330.8589
 EELEC  =   -364814.4366  EHBOND  =         0.0000  RESTRAINT  =         0.0000
 ------------------------------------------------------------------------------

wrapping first mol.:      -38.30066      -54.16531       93.81709

 NSTEP =   720000   TIME(PS) =   71480.000  TEMP(K) =   309.50  PRESS =     0.0
 Etot   =   -238870.5724  EKtot   =     63025.8867  EPtot      =   -301896.4592
 BOND   =      2106.6598  ANGLE   =      2448.1710  DIHED      =      1371.6899
 UB     =         0.0000  IMP     =         0.0000  CMAP       =       253.0302
 1-4 NB =      1177.3953  1-4 EEL =     15330.8301  VDWAALS    =     40940.7037
 EELEC  =   -365524.9392  EHBOND  =         0.0000  RESTRAINT  =         0.0000
 ------------------------------------------------------------------------------

wrapping first mol.:      -38.30066      -54.16531       93.81709

 NSTEP =   740000   TIME(PS) =   71520.000  TEMP(K) =   309.12  PRESS =     0.0
 Etot   =   -239261.0437  EKtot   =     62948.7422  EPtot      =   -302209.7859
 BOND   =      2064.6775  ANGLE   =      2422.9628  DIHED      =      1389.7073
 UB     =         0.0000  IMP     =         0.0000  CMAP       =       244.3805
 1-4 NB =      1156.6540  1-4 EEL =     15287.7414  VDWAALS    =     40729.4630
 EELEC  =   -365505.3724  EHBOND  =         0.0000  RESTRAINT  =         0.0000
 ------------------------------------------------------------------------------

wrapping first mol.:      -38.30066      -54.16531       93.81709

 NSTEP =   760000   TIME(PS) =   71560.000  TEMP(K) =   309.24  PRESS =     0.0
 Etot   =   -238835.7799  EKtot   =     62972.1328  EPtot      =   -301807.9127
 BOND   =      2080.1219  ANGLE   =      2492.7141  DIHED      =      1384.2116
 UB     =         0.0000  IMP     =         0.0000  CMAP       =       242.6920
 1-4 NB =      1186.6569  1-4 EEL =     15287.4576  VDWAALS    =     40603.2144
 EELEC  =   -365084.9812  EHBOND  =         0.0000  RESTRAINT  =         0.0000
 ------------------------------------------------------------------------------

wrapping first mol.:      -38.30066      -54.16531       93.81709

 NSTEP =   780000   TIME(PS) =   71600.000  TEMP(K) =   312.06  PRESS =     0.0
 Etot   =   -238525.3672  EKtot   =     63546.4219  EPtot      =   -302071.7891
 BOND   =      2064.6582  ANGLE   =      2376.8552  DIHED      =      1393.3221
 UB     =         0.0000  IMP     =         0.0000  CMAP       =       246.5797
 1-4 NB =      1198.3492  1-4 EEL =     15248.6060  VDWAALS    =     40704.2997
 EELEC  =   -365304.4592  EHBOND  =         0.0000  RESTRAINT  =         0.0000
 ------------------------------------------------------------------------------

wrapping first mol.:      -38.30066      -54.16531       93.81709

 NSTEP =   800000   TIME(PS) =   71640.000  TEMP(K) =   309.81  PRESS =     0.0
 Etot   =   -238836.6565  EKtot   =     63088.1406  EPtot      =   -301924.7972
 BOND   =      2111.1302  ANGLE   =      2365.9807  DIHED      =      1407.4228
 UB     =         0.0000  IMP     =         0.0000  CMAP       =       262.2695
 1-4 NB =      1170.9369  1-4 EEL =     15310.6131  VDWAALS    =     40694.0866
 EELEC  =   -365247.2368  EHBOND  =         0.0000  RESTRAINT  =         0.0000
 ------------------------------------------------------------------------------

wrapping first mol.:      -38.30066      -54.16531       93.81709

 NSTEP =   820000   TIME(PS) =   71680.000  TEMP(K) =   310.38  PRESS =     0.0
 Etot   =   -238369.6513  EKtot   =     63204.6719  EPtot      =   -301574.3231
 BOND   =      2069.0569  ANGLE   =      2373.7312  DIHED      =      1396.3914
 UB     =         0.0000  IMP     =         0.0000  CMAP       =       254.1736
 1-4 NB =      1163.8345  1-4 EEL =     15330.8670  VDWAALS    =     40323.4182
 EELEC  =   -364485.7960  EHBOND  =         0.0000  RESTRAINT  =         0.0000
 ------------------------------------------------------------------------------

wrapping first mol.:      -38.30066      -54.16531       93.81709

 NSTEP =   840000   TIME(PS) =   71720.000  TEMP(K) =   311.89  PRESS =     0.0
 Etot   =   -238400.9143  EKtot   =     63510.9766  EPtot      =   -301911.8908
 BOND   =      2113.4942  ANGLE   =      2475.0438  DIHED      =      1406.8997
 UB     =         0.0000  IMP     =         0.0000  CMAP       =       267.1322
 1-4 NB =      1178.3443  1-4 EEL =     15306.9752  VDWAALS    =     40855.6373
 EELEC  =   -365515.4175  EHBOND  =         0.0000  RESTRAINT  =         0.0000
 ------------------------------------------------------------------------------

wrapping first mol.:      -38.30066      -54.16531       93.81709

 NSTEP =   860000   TIME(PS) =   71760.000  TEMP(K) =   310.97  PRESS =     0.0
 Etot   =   -238587.3305  EKtot   =     63325.1914  EPtot      =   -301912.5219
 BOND   =      2066.8533  ANGLE   =      2438.1130  DIHED      =      1380.8760
 UB     =         0.0000  IMP     =         0.0000  CMAP       =       252.6637
 1-4 NB =      1176.7185  1-4 EEL =     15292.5074  VDWAALS    =     40318.1048
 EELEC  =   -364838.3585  EHBOND  =         0.0000  RESTRAINT  =         0.0000
 ------------------------------------------------------------------------------

wrapping first mol.:      -38.30066      -54.16531       93.81709

 NSTEP =   880000   TIME(PS) =   71800.000  TEMP(K) =   309.38  PRESS =     0.0
 Etot   =   -239181.7204  EKtot   =     63000.4336  EPtot      =   -302182.1540
 BOND   =      2126.4997  ANGLE   =      2413.2163  DIHED      =      1400.5674
 UB     =         0.0000  IMP     =         0.0000  CMAP       =       246.0508
 1-4 NB =      1170.2111  1-4 EEL =     15337.0799  VDWAALS    =     41514.2291
 EELEC  =   -366390.0082  EHBOND  =         0.0000  RESTRAINT  =         0.0000
 ------------------------------------------------------------------------------

wrapping first mol.:      -38.30066      -54.16531       93.81709

 NSTEP =   900000   TIME(PS) =   71840.000  TEMP(K) =   310.68  PRESS =     0.0
 Etot   =   -238777.2317  EKtot   =     63265.4375  EPtot      =   -302042.6692
 BOND   =      2059.9054  ANGLE   =      2395.8302  DIHED      =      1345.2017
 UB     =         0.0000  IMP     =         0.0000  CMAP       =       257.0268
 1-4 NB =      1163.1062  1-4 EEL =     15366.1763  VDWAALS    =     40462.4076
 EELEC  =   -365092.3233  EHBOND  =         0.0000  RESTRAINT  =         0.0000
 ------------------------------------------------------------------------------

wrapping first mol.:      -38.30066      -54.16531       93.81709

 NSTEP =   920000   TIME(PS) =   71880.000  TEMP(K) =   307.17  PRESS =     0.0
 Etot   =   -239291.7173  EKtot   =     62551.0273  EPtot      =   -301842.7447
 BOND   =      1994.5923  ANGLE   =      2405.6069  DIHED      =      1396.4365
 UB     =         0.0000  IMP     =         0.0000  CMAP       =       240.5113
 1-4 NB =      1138.2229  1-4 EEL =     15380.3714  VDWAALS    =     41097.1248
 EELEC  =   -365495.6107  EHBOND  =         0.0000  RESTRAINT  =         0.0000
 ------------------------------------------------------------------------------

wrapping first mol.:      -38.30066      -54.16531       93.81709

 NSTEP =   940000   TIME(PS) =   71920.000  TEMP(K) =   309.68  PRESS =     0.0
 Etot   =   -238174.7660  EKtot   =     63061.9570  EPtot      =   -301236.7231
 BOND   =      2083.0537  ANGLE   =      2452.6091  DIHED      =      1369.2599
 UB     =         0.0000  IMP     =         0.0000  CMAP       =       250.2575
 1-4 NB =      1185.6330  1-4 EEL =     15283.2006  VDWAALS    =     40203.0607
 EELEC  =   -364063.7976  EHBOND  =         0.0000  RESTRAINT  =         0.0000
 ------------------------------------------------------------------------------

wrapping first mol.:      -38.30066      -54.16531       93.81709

 NSTEP =   960000   TIME(PS) =   71960.000  TEMP(K) =   308.52  PRESS =     0.0
 Etot   =   -238814.2050  EKtot   =     62825.7305  EPtot      =   -301639.9355
 BOND   =      2057.8994  ANGLE   =      2402.2042  DIHED      =      1395.8700
 UB     =         0.0000  IMP     =         0.0000  CMAP       =       241.2768
 1-4 NB =      1181.9661  1-4 EEL =     15328.4188  VDWAALS    =     40529.9082
 EELEC  =   -364777.4790  EHBOND  =         0.0000  RESTRAINT  =         0.0000
 ------------------------------------------------------------------------------

wrapping first mol.:      -38.30066      -54.16531       93.81709

 NSTEP =   980000   TIME(PS) =   72000.000  TEMP(K) =   309.99  PRESS =     0.0
 Etot   =   -238345.8306  EKtot   =     63125.5273  EPtot      =   -301471.3580
 BOND   =      2114.7592  ANGLE   =      2382.7994  DIHED      =      1409.6472
 UB     =         0.0000  IMP     =         0.0000  CMAP       =       271.2418
 1-4 NB =      1181.4772  1-4 EEL =     15284.1149  VDWAALS    =     40925.2638
 EELEC  =   -365040.6614  EHBOND  =         0.0000  RESTRAINT  =         0.0000
 ------------------------------------------------------------------------------

wrapping first mol.:      -38.30066      -54.16531       93.81709

 NSTEP =  1000000   TIME(PS) =   72040.000  TEMP(K) =   312.29  PRESS =     0.0
 Etot   =   -238446.2307  EKtot   =     63592.6406  EPtot      =   -302038.8714
 BOND   =      2040.0904  ANGLE   =      2358.1299  DIHED      =      1397.6266
 UB     =         0.0000  IMP     =         0.0000  CMAP       =       263.8999
 1-4 NB =      1172.4145  1-4 EEL =     15388.3736  VDWAALS    =     40512.5611
 EELEC  =   -365171.9673  EHBOND  =         0.0000  RESTRAINT  =         0.0000
 ------------------------------------------------------------------------------

wrapping first mol.:      -38.30066      -54.16531       93.81709

 NSTEP =  1020000   TIME(PS) =   72080.000  TEMP(K) =   308.79  PRESS =     0.0
 Etot   =   -239127.4310  EKtot   =     62881.5625  EPtot      =   -302008.9935
 BOND   =      2083.2677  ANGLE   =      2415.4384  DIHED      =      1389.1811
 UB     =         0.0000  IMP     =         0.0000  CMAP       =       241.1837
 1-4 NB =      1159.3208  1-4 EEL =     15228.0458  VDWAALS    =     40768.0711
 EELEC  =   -365293.5022  EHBOND  =         0.0000  RESTRAINT  =         0.0000
 ------------------------------------------------------------------------------

wrapping first mol.:      -38.30066      -54.16531       93.81709

 NSTEP =  1040000   TIME(PS) =   72120.000  TEMP(K) =   309.39  PRESS =     0.0
 Etot   =   -239160.1685  EKtot   =     63003.5703  EPtot      =   -302163.7388
 BOND   =      2070.7562  ANGLE   =      2446.7642  DIHED      =      1415.7383
 UB     =         0.0000  IMP     =         0.0000  CMAP       =       253.6803
 1-4 NB =      1187.3338  1-4 EEL =     15352.7560  VDWAALS    =     41077.9698
 EELEC  =   -365968.7373  EHBOND  =         0.0000  RESTRAINT  =         0.0000
 ------------------------------------------------------------------------------

wrapping first mol.:      -38.30066      -54.16531       93.81709

 NSTEP =  1060000   TIME(PS) =   72160.000  TEMP(K) =   311.77  PRESS =     0.0
 Etot   =   -238438.7678  EKtot   =     63486.8750  EPtot      =   -301925.6428
 BOND   =      2049.7136  ANGLE   =      2379.3352  DIHED      =      1425.7630
 UB     =         0.0000  IMP     =         0.0000  CMAP       =       238.1802
 1-4 NB =      1162.0051  1-4 EEL =     15340.3957  VDWAALS    =     40561.8229
 EELEC  =   -365082.8584  EHBOND  =         0.0000  RESTRAINT  =         0.0000
 ------------------------------------------------------------------------------

wrapping first mol.:      -38.30066      -54.16531       93.81709

 NSTEP =  1080000   TIME(PS) =   72200.000  TEMP(K) =   309.43  PRESS =     0.0
 Etot   =   -239001.6251  EKtot   =     63010.6094  EPtot      =   -302012.2344
 BOND   =      2056.8080  ANGLE   =      2367.4489  DIHED      =      1377.0939
 UB     =         0.0000  IMP     =         0.0000  CMAP       =       244.7174
 1-4 NB =      1173.4288  1-4 EEL =     15378.1124  VDWAALS    =     41180.0065
 EELEC  =   -365789.8504  EHBOND  =         0.0000  RESTRAINT  =         0.0000
 ------------------------------------------------------------------------------

wrapping first mol.:      -38.30066      -54.16531       93.81709

 NSTEP =  1100000   TIME(PS) =   72240.000  TEMP(K) =   310.32  PRESS =     0.0
 Etot   =   -238613.0764  EKtot   =     63192.3828  EPtot      =   -301805.4593
 BOND   =      2140.5254  ANGLE   =      2398.0430  DIHED      =      1370.8701
 UB     =         0.0000  IMP     =         0.0000  CMAP       =       245.7146
 1-4 NB =      1162.8108  1-4 EEL =     15295.0090  VDWAALS    =     40639.8805
 EELEC  =   -365058.3127  EHBOND  =         0.0000  RESTRAINT  =         0.0000
 ------------------------------------------------------------------------------

wrapping first mol.:      -38.30066      -54.16531       93.81709

 NSTEP =  1120000   TIME(PS) =   72280.000  TEMP(K) =   309.82  PRESS =     0.0
 Etot   =   -238521.3970  EKtot   =     63090.4375  EPtot      =   -301611.8345
 BOND   =      2113.5399  ANGLE   =      2351.6073  DIHED      =      1356.3836
 UB     =         0.0000  IMP     =         0.0000  CMAP       =       251.6845
 1-4 NB =      1167.1366  1-4 EEL =     15291.0733  VDWAALS    =     40309.6550
 EELEC  =   -364452.9149  EHBOND  =         0.0000  RESTRAINT  =         0.0000
 ------------------------------------------------------------------------------

wrapping first mol.:      -38.30066      -54.16531       93.81709

 NSTEP =  1140000   TIME(PS) =   72320.000  TEMP(K) =   308.11  PRESS =     0.0
 Etot   =   -239122.1364  EKtot   =     62741.7305  EPtot      =   -301863.8669
 BOND   =      2049.9176  ANGLE   =      2445.2383  DIHED      =      1393.9629
 UB     =         0.0000  IMP     =         0.0000  CMAP       =       263.0924
 1-4 NB =      1156.3930  1-4 EEL =     15274.2229  VDWAALS    =     40637.9608
 EELEC  =   -365084.6550  EHBOND  =         0.0000  RESTRAINT  =         0.0000
 ------------------------------------------------------------------------------

wrapping first mol.:      -38.30066      -54.16531       93.81709

 NSTEP =  1160000   TIME(PS) =   72360.000  TEMP(K) =   310.37  PRESS =     0.0
 Etot   =   -238411.8108  EKtot   =     63202.0078  EPtot      =   -301613.8186
 BOND   =      2138.2735  ANGLE   =      2358.8608  DIHED      =      1391.2884
 UB     =         0.0000  IMP     =         0.0000  CMAP       =       265.1126
 1-4 NB =      1174.3808  1-4 EEL =     15311.5839  VDWAALS    =     40403.6628
 EELEC  =   -364656.9813  EHBOND  =         0.0000  RESTRAINT  =         0.0000
 ------------------------------------------------------------------------------

wrapping first mol.:      -38.30066      -54.16531       93.81709

 NSTEP =  1180000   TIME(PS) =   72400.000  TEMP(K) =   308.79  PRESS =     0.0
 Etot   =   -238810.2281  EKtot   =     62879.6680  EPtot      =   -301689.8961
 BOND   =      2122.9787  ANGLE   =      2438.7691  DIHED      =      1384.8022
 UB     =         0.0000  IMP     =         0.0000  CMAP       =       240.3516
 1-4 NB =      1149.6185  1-4 EEL =     15261.8983  VDWAALS    =     39850.2594
 EELEC  =   -364138.5737  EHBOND  =         0.0000  RESTRAINT  =         0.0000
 ------------------------------------------------------------------------------

wrapping first mol.:      -38.30066      -54.16531       93.81709

 NSTEP =  1200000   TIME(PS) =   72440.000  TEMP(K) =   309.35  PRESS =     0.0
 Etot   =   -238778.8840  EKtot   =     62995.1133  EPtot      =   -301773.9972
 BOND   =      2092.4461  ANGLE   =      2430.2617  DIHED      =      1387.2179
 UB     =         0.0000  IMP     =         0.0000  CMAP       =       230.1487
 1-4 NB =      1178.6950  1-4 EEL =     15255.7307  VDWAALS    =     40735.4896
 EELEC  =   -365083.9869  EHBOND  =         0.0000  RESTRAINT  =         0.0000
 ------------------------------------------------------------------------------

wrapping first mol.:      -38.30066      -54.16531       93.81709

 NSTEP =  1220000   TIME(PS) =   72480.000  TEMP(K) =   309.39  PRESS =     0.0
 Etot   =   -238930.0780  EKtot   =     63002.7578  EPtot      =   -301932.8358
 BOND   =      2122.0413  ANGLE   =      2428.9538  DIHED      =      1395.5806
 UB     =         0.0000  IMP     =         0.0000  CMAP       =       240.1942
 1-4 NB =      1158.3786  1-4 EEL =     15323.3160  VDWAALS    =     40911.9185
 EELEC  =   -365513.2187  EHBOND  =         0.0000  RESTRAINT  =         0.0000
 ------------------------------------------------------------------------------

wrapping first mol.:      -38.30066      -54.16531       93.81709

 NSTEP =  1240000   TIME(PS) =   72520.000  TEMP(K) =   311.51  PRESS =     0.0
 Etot   =   -238209.6278  EKtot   =     63434.8047  EPtot      =   -301644.4325
 BOND   =      2109.4897  ANGLE   =      2322.1248  DIHED      =      1398.9328
 UB     =         0.0000  IMP     =         0.0000  CMAP       =       251.2368
 1-4 NB =      1183.7567  1-4 EEL =     15326.2141  VDWAALS    =     41092.0165
 EELEC  =   -365328.2039  EHBOND  =         0.0000  RESTRAINT  =         0.0000
 ------------------------------------------------------------------------------

wrapping first mol.:      -38.30066      -54.16531       93.81709

 NSTEP =  1260000   TIME(PS) =   72560.000  TEMP(K) =   310.53  PRESS =     0.0
 Etot   =   -239011.4819  EKtot   =     63233.9922  EPtot      =   -302245.4741
 BOND   =      2117.1430  ANGLE   =      2341.9420  DIHED      =      1402.7592
 UB     =         0.0000  IMP     =         0.0000  CMAP       =       236.3579
 1-4 NB =      1172.3016  1-4 EEL =     15315.7749  VDWAALS    =     41007.7574
 EELEC  =   -365839.5101  EHBOND  =         0.0000  RESTRAINT  =         0.0000
 ------------------------------------------------------------------------------

wrapping first mol.:      -38.30066      -54.16531       93.81709

 NSTEP =  1280000   TIME(PS) =   72600.000  TEMP(K) =   310.30  PRESS =     0.0
 Etot   =   -238801.5307  EKtot   =     63188.7578  EPtot      =   -301990.2885
 BOND   =      2088.9569  ANGLE   =      2454.1306  DIHED      =      1379.0629
 UB     =         0.0000  IMP     =         0.0000  CMAP       =       239.1757
 1-4 NB =      1177.1195  1-4 EEL =     15270.9033  VDWAALS    =     40705.0443
 EELEC  =   -365304.6819  EHBOND  =         0.0000  RESTRAINT  =         0.0000
 ------------------------------------------------------------------------------

wrapping first mol.:      -38.30066      -54.16531       93.81709

 NSTEP =  1300000   TIME(PS) =   72640.000  TEMP(K) =   310.90  PRESS =     0.0
 Etot   =   -238603.8728  EKtot   =     63311.2383  EPtot      =   -301915.1110
 BOND   =      2113.4822  ANGLE   =      2410.5496  DIHED      =      1379.5662
 UB     =         0.0000  IMP     =         0.0000  CMAP       =       234.7759
 1-4 NB =      1178.3619  1-4 EEL =     15353.9918  VDWAALS    =     40977.5531
 EELEC  =   -365563.3917  EHBOND  =         0.0000  RESTRAINT  =         0.0000
 ------------------------------------------------------------------------------

wrapping first mol.:      -38.30066      -54.16531       93.81709

 NSTEP =  1320000   TIME(PS) =   72680.000  TEMP(K) =   310.99  PRESS =     0.0
 Etot   =   -238468.8004  EKtot   =     63327.9062  EPtot      =   -301796.7067
 BOND   =      2145.4475  ANGLE   =      2394.7482  DIHED      =      1385.2182
 UB     =         0.0000  IMP     =         0.0000  CMAP       =       237.5047
 1-4 NB =      1176.5806  1-4 EEL =     15377.5731  VDWAALS    =     40715.8586
 EELEC  =   -365229.6375  EHBOND  =         0.0000  RESTRAINT  =         0.0000
 ------------------------------------------------------------------------------

wrapping first mol.:      -38.30066      -54.16531       93.81709

 NSTEP =  1340000   TIME(PS) =   72720.000  TEMP(K) =   309.94  PRESS =     0.0
 Etot   =   -239076.8564  EKtot   =     63115.7227  EPtot      =   -302192.5790
 BOND   =      2051.5150  ANGLE   =      2394.0609  DIHED      =      1396.1053
 UB     =         0.0000  IMP     =         0.0000  CMAP       =       243.0996
 1-4 NB =      1161.3868  1-4 EEL =     15387.8909  VDWAALS    =     41158.0070
 EELEC  =   -365984.6445  EHBOND  =         0.0000  RESTRAINT  =         0.0000
 ------------------------------------------------------------------------------

wrapping first mol.:      -38.30066      -54.16531       93.81709

 NSTEP =  1360000   TIME(PS) =   72760.000  TEMP(K) =   309.45  PRESS =     0.0
 Etot   =   -238387.9621  EKtot   =     63014.1328  EPtot      =   -301402.0949
 BOND   =      2120.1329  ANGLE   =      2380.1851  DIHED      =      1409.2871
 UB     =         0.0000  IMP     =         0.0000  CMAP       =       241.5688
 1-4 NB =      1207.6365  1-4 EEL =     15406.6779  VDWAALS    =     40836.8936
 EELEC  =   -365004.4769  EHBOND  =         0.0000  RESTRAINT  =         0.0000
 ------------------------------------------------------------------------------

wrapping first mol.:      -38.30066      -54.16531       93.81709

 NSTEP =  1380000   TIME(PS) =   72800.000  TEMP(K) =   310.00  PRESS =     0.0
 Etot   =   -238713.3966  EKtot   =     63127.1211  EPtot      =   -301840.5177
 BOND   =      2138.3295  ANGLE   =      2356.9715  DIHED      =      1379.4395
 UB     =         0.0000  IMP     =         0.0000  CMAP       =       227.4014
 1-4 NB =      1156.8793  1-4 EEL =     15360.4052  VDWAALS    =     41013.7810
 EELEC  =   -365473.7251  EHBOND  =         0.0000  RESTRAINT  =         0.0000
 ------------------------------------------------------------------------------

wrapping first mol.:      -38.30066      -54.16531       93.81709

 NSTEP =  1400000   TIME(PS) =   72840.000  TEMP(K) =   310.72  PRESS =     0.0
 Etot   =   -238334.7573  EKtot   =     63272.9453  EPtot      =   -301607.7026
 BOND   =      2086.0862  ANGLE   =      2425.6080  DIHED      =      1409.1657
 UB     =         0.0000  IMP     =         0.0000  CMAP       =       228.6711
 1-4 NB =      1184.3661  1-4 EEL =     15346.8881  VDWAALS    =     40543.2022
 EELEC  =   -364831.6901  EHBOND  =         0.0000  RESTRAINT  =         0.0000
 ------------------------------------------------------------------------------

wrapping first mol.:      -38.30066      -54.16531       93.81709

 NSTEP =  1420000   TIME(PS) =   72880.000  TEMP(K) =   311.94  PRESS =     0.0
 Etot   =   -238105.6842  EKtot   =     63522.0469  EPtot      =   -301627.7311
 BOND   =      2093.7358  ANGLE   =      2395.1227  DIHED      =      1377.2337
 UB     =         0.0000  IMP     =         0.0000  CMAP       =       225.4311
 1-4 NB =      1200.1669  1-4 EEL =     15402.2437  VDWAALS    =     41163.0222
 EELEC  =   -365484.6872  EHBOND  =         0.0000  RESTRAINT  =         0.0000
 ------------------------------------------------------------------------------

wrapping first mol.:      -38.30066      -54.16531       93.81709

 NSTEP =  1440000   TIME(PS) =   72920.000  TEMP(K) =   309.84  PRESS =     0.0
 Etot   =   -238826.4429  EKtot   =     63093.7578  EPtot      =   -301920.2007
 BOND   =      2081.1235  ANGLE   =      2448.3693  DIHED      =      1416.3624
 UB     =         0.0000  IMP     =         0.0000  CMAP       =       232.1502
 1-4 NB =      1167.6805  1-4 EEL =     15403.0087  VDWAALS    =     40626.3749
 EELEC  =   -365295.2702  EHBOND  =         0.0000  RESTRAINT  =         0.0000
 ------------------------------------------------------------------------------

wrapping first mol.:      -38.30066      -54.16531       93.81709

 NSTEP =  1460000   TIME(PS) =   72960.000  TEMP(K) =   308.76  PRESS =     0.0
 Etot   =   -238834.4116  EKtot   =     62873.6094  EPtot      =   -301708.0210
 BOND   =      2083.5654  ANGLE   =      2372.3037  DIHED      =      1399.1638
 UB     =         0.0000  IMP     =         0.0000  CMAP       =       246.4336
 1-4 NB =      1169.8818  1-4 EEL =     15364.9780  VDWAALS    =     40364.8753
 EELEC  =   -364709.2225  EHBOND  =         0.0000  RESTRAINT  =         0.0000
 ------------------------------------------------------------------------------

wrapping first mol.:      -38.30066      -54.16531       93.81709

 NSTEP =  1480000   TIME(PS) =   73000.000  TEMP(K) =   309.41  PRESS =     0.0
 Etot   =   -238379.5928  EKtot   =     63006.2852  EPtot      =   -301385.8779
 BOND   =      2151.3296  ANGLE   =      2404.0753  DIHED      =      1412.1539
 UB     =         0.0000  IMP     =         0.0000  CMAP       =       243.6987
 1-4 NB =      1142.4083  1-4 EEL =     15345.2300  VDWAALS    =     40702.8024
 EELEC  =   -364787.5761  EHBOND  =         0.0000  RESTRAINT  =         0.0000
 ------------------------------------------------------------------------------

wrapping first mol.:      -38.30066      -54.16531       93.81709

 NSTEP =  1500000   TIME(PS) =   73040.000  TEMP(K) =   311.28  PRESS =     0.0
 Etot   =   -238700.2119  EKtot   =     63388.5859  EPtot      =   -302088.7978
 BOND   =      2066.9055  ANGLE   =      2384.1943  DIHED      =      1422.2084
 UB     =         0.0000  IMP     =         0.0000  CMAP       =       247.3835
 1-4 NB =      1180.9043  1-4 EEL =     15366.7801  VDWAALS    =     41146.9215
 EELEC  =   -365904.0955  EHBOND  =         0.0000  RESTRAINT  =         0.0000
 ------------------------------------------------------------------------------

wrapping first mol.:      -38.30066      -54.16531       93.81709

 NSTEP =  1520000   TIME(PS) =   73080.000  TEMP(K) =   310.11  PRESS =     0.0
 Etot   =   -238599.0259  EKtot   =     63148.7734  EPtot      =   -301747.7994
 BOND   =      2085.3400  ANGLE   =      2402.4325  DIHED      =      1354.3867
 UB     =         0.0000  IMP     =         0.0000  CMAP       =       252.0120
 1-4 NB =      1154.7335  1-4 EEL =     15407.5111  VDWAALS    =     40642.6459
 EELEC  =   -365046.8612  EHBOND  =         0.0000  RESTRAINT  =         0.0000
 ------------------------------------------------------------------------------

wrapping first mol.:      -38.30066      -54.16531       93.81709

 NSTEP =  1540000   TIME(PS) =   73120.000  TEMP(K) =   308.96  PRESS =     0.0
 Etot   =   -239200.9112  EKtot   =     62915.7969  EPtot      =   -302116.7081
 BOND   =      2067.1314  ANGLE   =      2356.2863  DIHED      =      1421.1522
 UB     =         0.0000  IMP     =         0.0000  CMAP       =       240.4919
 1-4 NB =      1175.8956  1-4 EEL =     15394.3479  VDWAALS    =     40798.6423
 EELEC  =   -365570.6555  EHBOND  =         0.0000  RESTRAINT  =         0.0000
 ------------------------------------------------------------------------------

wrapping first mol.:      -38.30066      -54.16531       93.81709

 NSTEP =  1560000   TIME(PS) =   73160.000  TEMP(K) =   308.85  PRESS =     0.0
 Etot   =   -238834.3791  EKtot   =     62892.8281  EPtot      =   -301727.2072
 BOND   =      2073.2470  ANGLE   =      2455.4111  DIHED      =      1412.7156
 UB     =         0.0000  IMP     =         0.0000  CMAP       =       263.8473
 1-4 NB =      1191.0493  1-4 EEL =     15360.5396  VDWAALS    =     40850.8317
 EELEC  =   -365334.8487  EHBOND  =         0.0000  RESTRAINT  =         0.0000
 ------------------------------------------------------------------------------

wrapping first mol.:      -38.30066      -54.16531       93.81709

 NSTEP =  1580000   TIME(PS) =   73200.000  TEMP(K) =   310.27  PRESS =     0.0
 Etot   =   -238805.2108  EKtot   =     63182.3320  EPtot      =   -301987.5428
 BOND   =      2114.2302  ANGLE   =      2510.7822  DIHED      =      1389.9274
 UB     =         0.0000  IMP     =         0.0000  CMAP       =       268.6060
 1-4 NB =      1159.9404  1-4 EEL =     15407.3973  VDWAALS    =     40954.6122
 EELEC  =   -365793.0386  EHBOND  =         0.0000  RESTRAINT  =         0.0000
 ------------------------------------------------------------------------------

wrapping first mol.:      -38.30066      -54.16531       93.81709

 NSTEP =  1600000   TIME(PS) =   73240.000  TEMP(K) =   308.03  PRESS =     0.0
 Etot   =   -238917.1851  EKtot   =     62726.4141  EPtot      =   -301643.5992
 BOND   =      2114.2798  ANGLE   =      2336.9737  DIHED      =      1409.6644
 UB     =         0.0000  IMP     =         0.0000  CMAP       =       264.2982
 1-4 NB =      1178.4761  1-4 EEL =     15371.4183  VDWAALS    =     40639.7970
 EELEC  =   -364958.5067  EHBOND  =         0.0000  RESTRAINT  =         0.0000
 ------------------------------------------------------------------------------

wrapping first mol.:      -38.30066      -54.16531       93.81709

 NSTEP =  1620000   TIME(PS) =   73280.000  TEMP(K) =   311.05  PRESS =     0.0
 Etot   =   -238646.8510  EKtot   =     63340.8164  EPtot      =   -301987.6674
 BOND   =      2103.8519  ANGLE   =      2422.6922  DIHED      =      1413.8572
 UB     =         0.0000  IMP     =         0.0000  CMAP       =       235.1429
 1-4 NB =      1194.1205  1-4 EEL =     15321.5782  VDWAALS    =     41187.7717
 EELEC  =   -365866.6820  EHBOND  =         0.0000  RESTRAINT  =         0.0000
 ------------------------------------------------------------------------------

wrapping first mol.:      -38.30066      -54.16531       93.81709

 NSTEP =  1640000   TIME(PS) =   73320.000  TEMP(K) =   310.92  PRESS =     0.0
 Etot   =   -238211.9189  EKtot   =     63315.0469  EPtot      =   -301526.9658
 BOND   =      2139.5012  ANGLE   =      2424.4103  DIHED      =      1423.1340
 UB     =         0.0000  IMP     =         0.0000  CMAP       =       244.6828
 1-4 NB =      1178.9415  1-4 EEL =     15299.8410  VDWAALS    =     40722.1229
 EELEC  =   -364959.5995  EHBOND  =         0.0000  RESTRAINT  =         0.0000
 ------------------------------------------------------------------------------

wrapping first mol.:      -38.30066      -54.16531       93.81709

 NSTEP =  1660000   TIME(PS) =   73360.000  TEMP(K) =   308.98  PRESS =     0.0
 Etot   =   -239287.2255  EKtot   =     62919.9141  EPtot      =   -302207.1395
 BOND   =      2119.7078  ANGLE   =      2481.1465  DIHED      =      1407.8250
 UB     =         0.0000  IMP     =         0.0000  CMAP       =       257.7105
 1-4 NB =      1171.5842  1-4 EEL =     15359.0272  VDWAALS    =     40773.5467
 EELEC  =   -365777.6874  EHBOND  =         0.0000  RESTRAINT  =         0.0000
 ------------------------------------------------------------------------------

wrapping first mol.:      -38.30066      -54.16531       93.81709

 NSTEP =  1680000   TIME(PS) =   73400.000  TEMP(K) =   310.91  PRESS =     0.0
 Etot   =   -238999.8726  EKtot   =     63311.6211  EPtot      =   -302311.4937
 BOND   =      2076.4477  ANGLE   =      2397.7193  DIHED      =      1448.4937
 UB     =         0.0000  IMP     =         0.0000  CMAP       =       240.7202
 1-4 NB =      1192.0898  1-4 EEL =     15468.1653  VDWAALS    =     40833.7287
 EELEC  =   -365968.8583  EHBOND  =         0.0000  RESTRAINT  =         0.0000
 ------------------------------------------------------------------------------

wrapping first mol.:      -38.30066      -54.16531       93.81709

 NSTEP =  1700000   TIME(PS) =   73440.000  TEMP(K) =   308.55  PRESS =     0.0
 Etot   =   -239496.5514  EKtot   =     62831.8242  EPtot      =   -302328.3756
 BOND   =      2066.7756  ANGLE   =      2357.4058  DIHED      =      1391.1945
 UB     =         0.0000  IMP     =         0.0000  CMAP       =       235.1784
 1-4 NB =      1184.8429  1-4 EEL =     15428.7755  VDWAALS    =     40351.4267
 EELEC  =   -365343.9751  EHBOND  =         0.0000  RESTRAINT  =         0.0000
 ------------------------------------------------------------------------------

wrapping first mol.:      -38.30066      -54.16531       93.81709

 NSTEP =  1720000   TIME(PS) =   73480.000  TEMP(K) =   309.85  PRESS =     0.0
 Etot   =   -238984.0619  EKtot   =     63095.8008  EPtot      =   -302079.8627
 BOND   =      2089.2910  ANGLE   =      2365.6566  DIHED      =      1422.3340
 UB     =         0.0000  IMP     =         0.0000  CMAP       =       228.7090
 1-4 NB =      1199.3636  1-4 EEL =     15453.3628  VDWAALS    =     40723.0188
 EELEC  =   -365561.5986  EHBOND  =         0.0000  RESTRAINT  =         0.0000
 ------------------------------------------------------------------------------

wrapping first mol.:      -38.30066      -54.16531       93.81709

 NSTEP =  1740000   TIME(PS) =   73520.000  TEMP(K) =   309.91  PRESS =     0.0
 Etot   =   -238784.8261  EKtot   =     63107.9531  EPtot      =   -301892.7792
 BOND   =      2078.7119  ANGLE   =      2356.6126  DIHED      =      1430.2408
 UB     =         0.0000  IMP     =         0.0000  CMAP       =       245.7113
 1-4 NB =      1171.1450  1-4 EEL =     15455.1223  VDWAALS    =     40765.0724
 EELEC  =   -365395.3955  EHBOND  =         0.0000  RESTRAINT  =         0.0000
 ------------------------------------------------------------------------------

wrapping first mol.:      -38.30066      -54.16531       93.81709

 NSTEP =  1760000   TIME(PS) =   73560.000  TEMP(K) =   309.54  PRESS =     0.0
 Etot   =   -238892.7813  EKtot   =     63034.0859  EPtot      =   -301926.8672
 BOND   =      2070.9835  ANGLE   =      2410.3326  DIHED      =      1447.7021
 UB     =         0.0000  IMP     =         0.0000  CMAP       =       239.8914
 1-4 NB =      1181.5557  1-4 EEL =     15423.3153  VDWAALS    =     40593.3643
 EELEC  =   -365294.0123  EHBOND  =         0.0000  RESTRAINT  =         0.0000
 ------------------------------------------------------------------------------

wrapping first mol.:      -38.30066      -54.16531       93.81709

 NSTEP =  1780000   TIME(PS) =   73600.000  TEMP(K) =   309.48  PRESS =     0.0
 Etot   =   -238638.0177  EKtot   =     63021.4922  EPtot      =   -301659.5098
 BOND   =      2094.1459  ANGLE   =      2409.3373  DIHED      =      1418.0764
 UB     =         0.0000  IMP     =         0.0000  CMAP       =       246.1654
 1-4 NB =      1152.9908  1-4 EEL =     15337.0759  VDWAALS    =     40558.7596
 EELEC  =   -364876.0612  EHBOND  =         0.0000  RESTRAINT  =         0.0000
 ------------------------------------------------------------------------------

wrapping first mol.:      -38.30066      -54.16531       93.81709

 NSTEP =  1800000   TIME(PS) =   73640.000  TEMP(K) =   310.35  PRESS =     0.0
 Etot   =   -238365.7721  EKtot   =     63199.0859  EPtot      =   -301564.8581
 BOND   =      2105.9645  ANGLE   =      2484.0805  DIHED      =      1415.5982
 UB     =         0.0000  IMP     =         0.0000  CMAP       =       246.5389
 1-4 NB =      1157.0063  1-4 EEL =     15387.1319  VDWAALS    =     40723.6961
 EELEC  =   -365084.8744  EHBOND  =         0.0000  RESTRAINT  =         0.0000
 ------------------------------------------------------------------------------

wrapping first mol.:      -38.30066      -54.16531       93.81709

 NSTEP =  1820000   TIME(PS) =   73680.000  TEMP(K) =   308.97  PRESS =     0.0
 Etot   =   -239141.1245  EKtot   =     62917.5391  EPtot      =   -302058.6635
 BOND   =      2068.4241  ANGLE   =      2399.8975  DIHED      =      1400.8177
 UB     =         0.0000  IMP     =         0.0000  CMAP       =       256.5892
 1-4 NB =      1178.6382  1-4 EEL =     15311.7200  VDWAALS    =     40872.4449
 EELEC  =   -365547.1953  EHBOND  =         0.0000  RESTRAINT  =         0.0000
 ------------------------------------------------------------------------------

wrapping first mol.:      -38.30066      -54.16531       93.81709

 NSTEP =  1840000   TIME(PS) =   73720.000  TEMP(K) =   308.86  PRESS =     0.0
 Etot   =   -239073.9315  EKtot   =     62894.4297  EPtot      =   -301968.3612
 BOND   =      2068.9072  ANGLE   =      2447.6032  DIHED      =      1390.8684
 UB     =         0.0000  IMP     =         0.0000  CMAP       =       228.9824
 1-4 NB =      1162.7952  1-4 EEL =     15410.8111  VDWAALS    =     40460.3956
 EELEC  =   -365138.7243  EHBOND  =         0.0000  RESTRAINT  =         0.0000
 ------------------------------------------------------------------------------

wrapping first mol.:      -38.30066      -54.16531       93.81709

 NSTEP =  1860000   TIME(PS) =   73760.000  TEMP(K) =   310.49  PRESS =     0.0
 Etot   =   -238583.9628  EKtot   =     63226.5312  EPtot      =   -301810.4940
 BOND   =      1995.2922  ANGLE   =      2412.8777  DIHED      =      1401.2473
 UB     =         0.0000  IMP     =         0.0000  CMAP       =       253.7016
 1-4 NB =      1197.2375  1-4 EEL =     15424.6260  VDWAALS    =     40491.4170
 EELEC  =   -364986.8932  EHBOND  =         0.0000  RESTRAINT  =         0.0000
 ------------------------------------------------------------------------------

wrapping first mol.:      -38.30066      -54.16531       93.81709

 NSTEP =  1880000   TIME(PS) =   73800.000  TEMP(K) =   310.37  PRESS =     0.0
 Etot   =   -238648.1942  EKtot   =     63202.5039  EPtot      =   -301850.6981
 BOND   =      2105.5931  ANGLE   =      2392.8079  DIHED      =      1409.1221
 UB     =         0.0000  IMP     =         0.0000  CMAP       =       258.4958
 1-4 NB =      1174.9344  1-4 EEL =     15482.0992  VDWAALS    =     40995.5023
 EELEC  =   -365669.2531  EHBOND  =         0.0000  RESTRAINT  =         0.0000
 ------------------------------------------------------------------------------

wrapping first mol.:      -38.30066      -54.16531       93.81709

 NSTEP =  1900000   TIME(PS) =   73840.000  TEMP(K) =   308.03  PRESS =     0.0
 Etot   =   -239269.6162  EKtot   =     62724.8984  EPtot      =   -301994.5147
 BOND   =      2045.8486  ANGLE   =      2462.9915  DIHED      =      1417.4767
 UB     =         0.0000  IMP     =         0.0000  CMAP       =       252.4852
 1-4 NB =      1162.8658  1-4 EEL =     15425.7258  VDWAALS    =     40293.4417
 EELEC  =   -365055.3500  EHBOND  =         0.0000  RESTRAINT  =         0.0000
 ------------------------------------------------------------------------------

wrapping first mol.:      -38.30066      -54.16531       93.81709

 NSTEP =  1920000   TIME(PS) =   73880.000  TEMP(K) =   310.19  PRESS =     0.0
 Etot   =   -238578.0367  EKtot   =     63164.9609  EPtot      =   -301742.9976
 BOND   =      2073.1655  ANGLE   =      2379.6277  DIHED      =      1401.1967
 UB     =         0.0000  IMP     =         0.0000  CMAP       =       260.1261
 1-4 NB =      1176.9498  1-4 EEL =     15437.5313  VDWAALS    =     40993.5795
 EELEC  =   -365465.1743  EHBOND  =         0.0000  RESTRAINT  =         0.0000
 ------------------------------------------------------------------------------

wrapping first mol.:      -38.30066      -54.16531       93.81709

 NSTEP =  1940000   TIME(PS) =   73920.000  TEMP(K) =   309.67  PRESS =     0.0
 Etot   =   -238767.7377  EKtot   =     63060.0391  EPtot      =   -301827.7767
 BOND   =      2085.6105  ANGLE   =      2314.8409  DIHED      =      1411.3408
 UB     =         0.0000  IMP     =         0.0000  CMAP       =       262.8564
 1-4 NB =      1184.9981  1-4 EEL =     15470.8971  VDWAALS    =     40569.1885
 EELEC  =   -365127.5090  EHBOND  =         0.0000  RESTRAINT  =         0.0000
 ------------------------------------------------------------------------------

wrapping first mol.:      -38.30066      -54.16531       93.81709

 NSTEP =  1960000   TIME(PS) =   73960.000  TEMP(K) =   308.79  PRESS =     0.0
 Etot   =   -239010.0990  EKtot   =     62881.3516  EPtot      =   -301891.4505
 BOND   =      2079.3583  ANGLE   =      2354.8971  DIHED      =      1411.0632
 UB     =         0.0000  IMP     =         0.0000  CMAP       =       253.1105
 1-4 NB =      1158.5960  1-4 EEL =     15360.1407  VDWAALS    =     40550.5477
 EELEC  =   -365059.1641  EHBOND  =         0.0000  RESTRAINT  =         0.0000
 ------------------------------------------------------------------------------

wrapping first mol.:      -38.30066      -54.16531       93.81709

 NSTEP =  1980000   TIME(PS) =   74000.000  TEMP(K) =   310.04  PRESS =     0.0
 Etot   =   -238917.2636  EKtot   =     63136.0938  EPtot      =   -302053.3574
 BOND   =      2127.1463  ANGLE   =      2391.0064  DIHED      =      1407.2718
 UB     =         0.0000  IMP     =         0.0000  CMAP       =       245.7828
 1-4 NB =      1192.9928  1-4 EEL =     15355.2281  VDWAALS    =     40517.4369
 EELEC  =   -365290.2225  EHBOND  =         0.0000  RESTRAINT  =         0.0000
 ------------------------------------------------------------------------------

wrapping first mol.:      -38.30066      -54.16531       93.81709

 NSTEP =  2000000   TIME(PS) =   74040.000  TEMP(K) =   312.38  PRESS =     0.0
 Etot   =   -238079.6850  EKtot   =     63612.5703  EPtot      =   -301692.2553
 BOND   =      2024.5170  ANGLE   =      2439.8119  DIHED      =      1384.8472
 UB     =         0.0000  IMP     =         0.0000  CMAP       =       256.6147
 1-4 NB =      1176.5780  1-4 EEL =     15414.9447  VDWAALS    =     40378.1890
 EELEC  =   -364767.7578  EHBOND  =         0.0000  RESTRAINT  =         0.0000
 ------------------------------------------------------------------------------

wrapping first mol.:      -38.30066      -54.16531       93.81709

 NSTEP =  2020000   TIME(PS) =   74080.000  TEMP(K) =   310.17  PRESS =     0.0
 Etot   =   -238023.6771  EKtot   =     63161.7695  EPtot      =   -301185.4466
 BOND   =      2122.3839  ANGLE   =      2453.1583  DIHED      =      1394.7046
 UB     =         0.0000  IMP     =         0.0000  CMAP       =       247.5171
 1-4 NB =      1197.4573  1-4 EEL =     15361.7611  VDWAALS    =     40571.3870
 EELEC  =   -364533.8157  EHBOND  =         0.0000  RESTRAINT  =         0.0000
 ------------------------------------------------------------------------------

wrapping first mol.:      -38.30066      -54.16531       93.81709

 NSTEP =  2040000   TIME(PS) =   74120.000  TEMP(K) =   310.48  PRESS =     0.0
 Etot   =   -239320.2501  EKtot   =     63223.9375  EPtot      =   -302544.1876
 BOND   =      2115.1536  ANGLE   =      2417.0545  DIHED      =      1387.7903
 UB     =         0.0000  IMP     =         0.0000  CMAP       =       237.9154
 1-4 NB =      1164.5349  1-4 EEL =     15385.8354  VDWAALS    =     40928.7183
 EELEC  =   -366181.1900  EHBOND  =         0.0000  RESTRAINT  =         0.0000
 ------------------------------------------------------------------------------

wrapping first mol.:      -38.30066      -54.16531       93.81709

 NSTEP =  2060000   TIME(PS) =   74160.000  TEMP(K) =   308.69  PRESS =     0.0
 Etot   =   -239074.9424  EKtot   =     62859.8750  EPtot      =   -301934.8174
 BOND   =      2048.4028  ANGLE   =      2356.3296  DIHED      =      1425.1076
 UB     =         0.0000  IMP     =         0.0000  CMAP       =       254.7784
 1-4 NB =      1172.7840  1-4 EEL =     15426.6284  VDWAALS    =     40514.0259
 EELEC  =   -365132.8741  EHBOND  =         0.0000  RESTRAINT  =         0.0000
 ------------------------------------------------------------------------------

wrapping first mol.:      -38.30066      -54.16531       93.81709

 NSTEP =  2080000   TIME(PS) =   74200.000  TEMP(K) =   310.93  PRESS =     0.0
 Etot   =   -238174.3070  EKtot   =     63315.3672  EPtot      =   -301489.6742
 BOND   =      2114.8019  ANGLE   =      2518.3026  DIHED      =      1372.1722
 UB     =         0.0000  IMP     =         0.0000  CMAP       =       252.3089
 1-4 NB =      1163.5853  1-4 EEL =     15363.7508  VDWAALS    =     40526.0111
 EELEC  =   -364800.6070  EHBOND  =         0.0000  RESTRAINT  =         0.0000
 ------------------------------------------------------------------------------

wrapping first mol.:      -38.30066      -54.16531       93.81709

 NSTEP =  2100000   TIME(PS) =   74240.000  TEMP(K) =   310.19  PRESS =     0.0
 Etot   =   -238945.0021  EKtot   =     63164.9219  EPtot      =   -302109.9240
 BOND   =      2124.7042  ANGLE   =      2475.5463  DIHED      =      1398.5958
 UB     =         0.0000  IMP     =         0.0000  CMAP       =       234.5785
 1-4 NB =      1142.3432  1-4 EEL =     15361.7458  VDWAALS    =     41150.9027
 EELEC  =   -365998.3406  EHBOND  =         0.0000  RESTRAINT  =         0.0000
 ------------------------------------------------------------------------------

wrapping first mol.:      -38.30066      -54.16531       93.81709

 NSTEP =  2120000   TIME(PS) =   74280.000  TEMP(K) =   310.17  PRESS =     0.0
 Etot   =   -238776.9042  EKtot   =     63160.6562  EPtot      =   -301937.5605
 BOND   =      2096.9842  ANGLE   =      2445.2911  DIHED      =      1403.5363
 UB     =         0.0000  IMP     =         0.0000  CMAP       =       243.1831
 1-4 NB =      1159.7723  1-4 EEL =     15372.1984  VDWAALS    =     40958.1287
 EELEC  =   -365616.6546  EHBOND  =         0.0000  RESTRAINT  =         0.0000
 ------------------------------------------------------------------------------

wrapping first mol.:      -38.30066      -54.16531       93.81709

 NSTEP =  2140000   TIME(PS) =   74320.000  TEMP(K) =   308.96  PRESS =     0.0
 Etot   =   -238797.1620  EKtot   =     62915.0039  EPtot      =   -301712.1659
 BOND   =      2073.5905  ANGLE   =      2358.4788  DIHED      =      1369.3243
 UB     =         0.0000  IMP     =         0.0000  CMAP       =       243.5281
 1-4 NB =      1159.0160  1-4 EEL =     15308.4635  VDWAALS    =     40502.9908
 EELEC  =   -364727.5579  EHBOND  =         0.0000  RESTRAINT  =         0.0000
 ------------------------------------------------------------------------------

wrapping first mol.:      -38.30066      -54.16531       93.81709

 NSTEP =  2160000   TIME(PS) =   74360.000  TEMP(K) =   309.23  PRESS =     0.0
 Etot   =   -238984.1060  EKtot   =     62970.7070  EPtot      =   -301954.8130
 BOND   =      2095.0083  ANGLE   =      2452.3252  DIHED      =      1399.3431
 UB     =         0.0000  IMP     =         0.0000  CMAP       =       258.3607
 1-4 NB =      1154.8125  1-4 EEL =     15429.8237  VDWAALS    =     40720.6816
 EELEC  =   -365465.1682  EHBOND  =         0.0000  RESTRAINT  =         0.0000
 ------------------------------------------------------------------------------

wrapping first mol.:      -38.30066      -54.16531       93.81709

 NSTEP =  2180000   TIME(PS) =   74400.000  TEMP(K) =   310.25  PRESS =     0.0
 Etot   =   -238456.3962  EKtot   =     63177.6250  EPtot      =   -301634.0212
 BOND   =      2152.4559  ANGLE   =      2472.2191  DIHED      =      1411.9315
 UB     =         0.0000  IMP     =         0.0000  CMAP       =       244.9442
 1-4 NB =      1179.7336  1-4 EEL =     15374.5796  VDWAALS    =     40788.0605
 EELEC  =   -365257.9455  EHBOND  =         0.0000  RESTRAINT  =         0.0000
 ------------------------------------------------------------------------------

wrapping first mol.:      -38.30066      -54.16531       93.81709

 NSTEP =  2200000   TIME(PS) =   74440.000  TEMP(K) =   309.97  PRESS =     0.0
 Etot   =   -238339.1695  EKtot   =     63120.2461  EPtot      =   -301459.4156
 BOND   =      2068.5035  ANGLE   =      2394.0247  DIHED      =      1413.4960
 UB     =         0.0000  IMP     =         0.0000  CMAP       =       241.5580
 1-4 NB =      1169.8057  1-4 EEL =     15413.5539  VDWAALS    =     40684.8466
 EELEC  =   -364845.2041  EHBOND  =         0.0000  RESTRAINT  =         0.0000
 ------------------------------------------------------------------------------

wrapping first mol.:      -38.30066      -54.16531       93.81709

 NSTEP =  2220000   TIME(PS) =   74480.000  TEMP(K) =   309.33  PRESS =     0.0
 Etot   =   -238416.7948  EKtot   =     62990.5547  EPtot      =   -301407.3495
 BOND   =      2113.8339  ANGLE   =      2432.5264  DIHED      =      1405.5371
 UB     =         0.0000  IMP     =         0.0000  CMAP       =       246.8861
 1-4 NB =      1193.6448  1-4 EEL =     15416.5669  VDWAALS    =     40536.2377
 EELEC  =   -364752.5823  EHBOND  =         0.0000  RESTRAINT  =         0.0000
 ------------------------------------------------------------------------------

wrapping first mol.:      -38.30066      -54.16531       93.81709

 NSTEP =  2240000   TIME(PS) =   74520.000  TEMP(K) =   310.35  PRESS =     0.0
 Etot   =   -238718.1997  EKtot   =     63198.1953  EPtot      =   -301916.3950
 BOND   =      2142.7329  ANGLE   =      2385.3186  DIHED      =      1401.3129
 UB     =         0.0000  IMP     =         0.0000  CMAP       =       252.6749
 1-4 NB =      1143.4401  1-4 EEL =     15345.2576  VDWAALS    =     40389.0739
 EELEC  =   -364976.2058  EHBOND  =         0.0000  RESTRAINT  =         0.0000
 ------------------------------------------------------------------------------

wrapping first mol.:      -38.30066      -54.16531       93.81709

 NSTEP =  2260000   TIME(PS) =   74560.000  TEMP(K) =   310.02  PRESS =     0.0
 Etot   =   -238857.9684  EKtot   =     63131.7734  EPtot      =   -301989.7419
 BOND   =      2071.6165  ANGLE   =      2448.6317  DIHED      =      1373.6438
 UB     =         0.0000  IMP     =         0.0000  CMAP       =       254.6558
 1-4 NB =      1189.8645  1-4 EEL =     15393.8104  VDWAALS    =     40834.3336
 EELEC  =   -365556.2982  EHBOND  =         0.0000  RESTRAINT  =         0.0000
 ------------------------------------------------------------------------------

wrapping first mol.:      -38.30066      -54.16531       93.81709

 NSTEP =  2280000   TIME(PS) =   74600.000  TEMP(K) =   309.58  PRESS =     0.0
 Etot   =   -239108.6570  EKtot   =     63041.0898  EPtot      =   -302149.7468
 BOND   =      2045.5645  ANGLE   =      2389.2026  DIHED      =      1383.5334
 UB     =         0.0000  IMP     =         0.0000  CMAP       =       260.6055
 1-4 NB =      1166.3391  1-4 EEL =     15418.5483  VDWAALS    =     40932.1414
 EELEC  =   -365745.6816  EHBOND  =         0.0000  RESTRAINT  =         0.0000
 ------------------------------------------------------------------------------

wrapping first mol.:      -38.30066      -54.16531       93.81709

 NSTEP =  2300000   TIME(PS) =   74640.000  TEMP(K) =   310.00  PRESS =     0.0
 Etot   =   -238839.5421  EKtot   =     63127.4023  EPtot      =   -301966.9444
 BOND   =      2135.2639  ANGLE   =      2397.3184  DIHED      =      1407.1907
 UB     =         0.0000  IMP     =         0.0000  CMAP       =       256.9367
 1-4 NB =      1170.3710  1-4 EEL =     15352.1357  VDWAALS    =     41133.2887
 EELEC  =   -365819.4497  EHBOND  =         0.0000  RESTRAINT  =         0.0000
 ------------------------------------------------------------------------------

wrapping first mol.:      -38.30066      -54.16531       93.81709

 NSTEP =  2320000   TIME(PS) =   74680.000  TEMP(K) =   310.72  PRESS =     0.0
 Etot   =   -238460.5328  EKtot   =     63273.8477  EPtot      =   -301734.3804
 BOND   =      2124.7562  ANGLE   =      2338.6531  DIHED      =      1441.8717
 UB     =         0.0000  IMP     =         0.0000  CMAP       =       239.9256
 1-4 NB =      1162.2312  1-4 EEL =     15441.6065  VDWAALS    =     40627.9682
 EELEC  =   -365111.3929  EHBOND  =         0.0000  RESTRAINT  =         0.0000
 ------------------------------------------------------------------------------

wrapping first mol.:      -38.30066      -54.16531       93.81709

 NSTEP =  2340000   TIME(PS) =   74720.000  TEMP(K) =   308.47  PRESS =     0.0
 Etot   =   -239025.1414  EKtot   =     62815.8906  EPtot      =   -301841.0320
 BOND   =      2042.0050  ANGLE   =      2449.4846  DIHED      =      1399.7376
 UB     =         0.0000  IMP     =         0.0000  CMAP       =       241.6645
 1-4 NB =      1162.7604  1-4 EEL =     15418.8224  VDWAALS    =     41142.2045
 EELEC  =   -365697.7109  EHBOND  =         0.0000  RESTRAINT  =         0.0000
 ------------------------------------------------------------------------------

wrapping first mol.:      -38.30066      -54.16531       93.81709

 NSTEP =  2360000   TIME(PS) =   74760.000  TEMP(K) =   311.20  PRESS =     0.0
 Etot   =   -238719.5330  EKtot   =     63372.0938  EPtot      =   -302091.6268
 BOND   =      2099.1155  ANGLE   =      2412.8208  DIHED      =      1408.5803
 UB     =         0.0000  IMP     =         0.0000  CMAP       =       251.1241
 1-4 NB =      1163.0324  1-4 EEL =     15344.5819  VDWAALS    =     41130.6027
 EELEC  =   -365901.4845  EHBOND  =         0.0000  RESTRAINT  =         0.0000
 ------------------------------------------------------------------------------

wrapping first mol.:      -38.30066      -54.16531       93.81709

 NSTEP =  2380000   TIME(PS) =   74800.000  TEMP(K) =   309.35  PRESS =     0.0
 Etot   =   -238688.5274  EKtot   =     62995.3047  EPtot      =   -301683.8321
 BOND   =      2061.0042  ANGLE   =      2489.3187  DIHED      =      1415.7135
 UB     =         0.0000  IMP     =         0.0000  CMAP       =       228.8156
 1-4 NB =      1180.4068  1-4 EEL =     15372.4832  VDWAALS    =     40876.4532
 EELEC  =   -365308.0274  EHBOND  =         0.0000  RESTRAINT  =         0.0000
 ------------------------------------------------------------------------------

wrapping first mol.:      -38.30066      -54.16531       93.81709

 NSTEP =  2400000   TIME(PS) =   74840.000  TEMP(K) =   308.77  PRESS =     0.0
 Etot   =   -239004.9935  EKtot   =     62876.1445  EPtot      =   -301881.1381
 BOND   =      2106.3928  ANGLE   =      2409.4191  DIHED      =      1399.1979
 UB     =         0.0000  IMP     =         0.0000  CMAP       =       257.1386
 1-4 NB =      1177.8076  1-4 EEL =     15385.3567  VDWAALS    =     40829.9492
 EELEC  =   -365446.3999  EHBOND  =         0.0000  RESTRAINT  =         0.0000
 ------------------------------------------------------------------------------

wrapping first mol.:      -38.30066      -54.16531       93.81709

 NSTEP =  2420000   TIME(PS) =   74880.000  TEMP(K) =   310.13  PRESS =     0.0
 Etot   =   -239053.7712  EKtot   =     63153.6328  EPtot      =   -302207.4040
 BOND   =      2106.7587  ANGLE   =      2406.9026  DIHED      =      1400.9038
 UB     =         0.0000  IMP     =         0.0000  CMAP       =       253.2186
 1-4 NB =      1139.3973  1-4 EEL =     15363.1788  VDWAALS    =     40776.8833
 EELEC  =   -365654.6470  EHBOND  =         0.0000  RESTRAINT  =         0.0000
 ------------------------------------------------------------------------------

wrapping first mol.:      -38.30066      -54.16531       93.81709

 NSTEP =  2440000   TIME(PS) =   74920.000  TEMP(K) =   309.63  PRESS =     0.0
 Etot   =   -238607.4601  EKtot   =     63051.0234  EPtot      =   -301658.4835
 BOND   =      2087.1645  ANGLE   =      2454.1790  DIHED      =      1380.7299
 UB     =         0.0000  IMP     =         0.0000  CMAP       =       255.4266
 1-4 NB =      1167.2930  1-4 EEL =     15371.1200  VDWAALS    =     40891.1493
 EELEC  =   -365265.5459  EHBOND  =         0.0000  RESTRAINT  =         0.0000
 ------------------------------------------------------------------------------

wrapping first mol.:      -38.30066      -54.16531       93.81709

 NSTEP =  2460000   TIME(PS) =   74960.000  TEMP(K) =   310.31  PRESS =     0.0
 Etot   =   -238926.5129  EKtot   =     63189.3125  EPtot      =   -302115.8254
 BOND   =      2048.6286  ANGLE   =      2393.7482  DIHED      =      1363.9155
 UB     =         0.0000  IMP     =         0.0000  CMAP       =       250.2377
 1-4 NB =      1162.1756  1-4 EEL =     15408.4041  VDWAALS    =     40938.8636
 EELEC  =   -365681.7988  EHBOND  =         0.0000  RESTRAINT  =         0.0000
 ------------------------------------------------------------------------------

wrapping first mol.:      -38.30066      -54.16531       93.81709

 NSTEP =  2480000   TIME(PS) =   75000.000  TEMP(K) =   312.11  PRESS =     0.0
 Etot   =   -238495.3148  EKtot   =     63556.1562  EPtot      =   -302051.4710
 BOND   =      2079.8591  ANGLE   =      2302.4916  DIHED      =      1381.2363
 UB     =         0.0000  IMP     =         0.0000  CMAP       =       239.0128
 1-4 NB =      1186.7193  1-4 EEL =     15351.2695  VDWAALS    =     41156.0055
 EELEC  =   -365748.0651  EHBOND  =         0.0000  RESTRAINT  =         0.0000
 ------------------------------------------------------------------------------

wrapping first mol.:      -38.30066      -54.16531       93.81709
wrapping first mol.:      -38.30066      -54.16531       93.81709

 NSTEP =  2500000   TIME(PS) =   75040.000  TEMP(K) =   309.58  PRESS =     0.0
 Etot   =   -238414.5840  EKtot   =     63041.6875  EPtot      =   -301456.2715
 BOND   =      2090.4089  ANGLE   =      2428.2874  DIHED      =      1398.1307
 UB     =         0.0000  IMP     =         0.0000  CMAP       =       254.4583
 1-4 NB =      1198.2095  1-4 EEL =     15411.4392  VDWAALS    =     40397.5173
 EELEC  =   -364634.7228  EHBOND  =         0.0000  RESTRAINT  =         0.0000
 ------------------------------------------------------------------------------


      A V E R A G E S   O V E R     125 S T E P S


 NSTEP =  2500000   TIME(PS) =   75040.000  TEMP(K) =   309.95  PRESS =     0.0
 Etot   =   -238725.2455  EKtot   =     63117.3143  EPtot      =   -301842.5598
 BOND   =      2091.1463  ANGLE   =      2411.7067  DIHED      =      1398.7388
 UB     =         0.0000  IMP     =         0.0000  CMAP       =       247.6066
 1-4 NB =      1173.0401  1-4 EEL =     15363.0648  VDWAALS    =     40732.1797
 EELEC  =   -365260.0428  EHBOND  =         0.0000  RESTRAINT  =         0.0000
 ------------------------------------------------------------------------------


      R M S  F L U C T U A T I O N S


 NSTEP =  2500000   TIME(PS) =   75040.000  TEMP(K) =     1.00  PRESS =     0.0
 Etot   =       335.1743  EKtot   =       204.5882  EPtot      =       258.0683
 BOND   =        32.9575  ANGLE   =        42.3897  DIHED      =        20.4932
 UB     =         0.0000  IMP     =         0.0000  CMAP       =        10.2100
 1-4 NB =        13.9080  1-4 EEL =        51.2343  VDWAALS    =       290.5969
 EELEC  =       454.5659  EHBOND  =         0.0000  RESTRAINT  =         0.0000
 ------------------------------------------------------------------------------

--------------------------------------------------------------------------------
   5.  TIMINGS
--------------------------------------------------------------------------------

|  NonSetup CPU Time in Major Routines:
|
|     Routine           Sec        %
|     ------------------------------
|     Nonbond         147.18   11.05
|     Bond              0.00    0.00
|     Angle             0.00    0.00
|     Dihedral          0.00    0.00
|     Shake             9.80    0.74
|     RunMD          1173.22   88.05
|     Other             2.19    0.16
|     ------------------------------
|     Total          1332.39

|  PME Nonbond Pairlist CPU Time:
|
|     Routine              Sec        %
|     ---------------------------------
|     Set Up Cit           0.00    0.00
|     Build List           0.00    0.00
|     ---------------------------------
|     Total                0.00    0.00

|  PME Direct Force CPU Time:
|
|     Routine              Sec        %
|     ---------------------------------
|     NonBonded Calc       0.00    0.00
|     Exclude Masked       0.00    0.00
|     Other                1.38    0.10
|     ---------------------------------
|     Total                1.38    0.10

|  PME Reciprocal Force CPU Time:
|
|     Routine              Sec        %
|     ---------------------------------
|     1D bspline           0.00    0.00
|     Grid Charges         0.00    0.00
|     Scalar Sum           0.00    0.00
|     Gradient Sum         0.00    0.00
|     FFT                  0.00    0.00
|     ---------------------------------
|     Total                0.00    0.00

|  Final Performance Info:
|     -----------------------------------------------------
|     Average timings for last   80000 steps:
|     Elapsed(s) =      42.86 Per Step(ms) =       0.54
|         ns/day =     322.55   seconds/ns =     267.86
|
|     Average timings for all steps:
|     Elapsed(s) =    1334.60 Per Step(ms) =       0.53
|         ns/day =     323.69   seconds/ns =     266.92
|     -----------------------------------------------------

|  Setup CPU time:            1.10 seconds
|  NonSetup CPU time:      1332.39 seconds
|  Total CPU time:         1333.50 seconds     0.37 hours

|  Setup wall time:           2    seconds
|  NonSetup wall time:     1334    seconds
|  Total wall time:        1336    seconds     0.37 hours
