
          -------------------------------------------------------
          Amber 24 PMEMD                              2024
          -------------------------------------------------------

| PMEMD implementation of SANDER, Release 24

|  Compiled date/time: Thu Apr  3 17:55:38 2025
| Run on 11/08/2025 at 13:33:23

|   Executable path: pmemd.cuda_SPFP
| Working directory: /rs1/researchers/h/hall/vtnguye4/Amber_restart/cappedP1amber/P1_Simulation
|          Hostname: gpu34

  [-O]verwriting output

File Assignments:
|   MDIN: /rs1/researchers/h/hall/vtnguye4/Amber_restart/cappedP1amber/equil.in 
|  MDOUT: ./OUT_Files/equil49.out                                               
| INPCRD: ./RST_Files/equil48.rst7                                              
|   PARM: ./PRMTOP_Files/P1.prmtop                                              
| RESTRT: ./RST_Files/equil49.rst7                                              
|   REFC: refc                                                                  
|  MDVEL: mdvel                                                                 
|   MDEN: mden                                                                  
|  MDCRD: ./nc_Files/equil49.nc                                                 
| MDINFO: mdinfo                                                                
|  MDFRC: mdfrc                                                                 


 Here is the input file:

!Stage equilibration 5ns                                                       
&cntrl                                                                         
imin=0, irest=1, ntx=5,                                                        
nstlim=2500000, dt=0.002,                                                      
ntc=2, ntf=2, ig=-1,                                                           
ntt=3, gamma_ln=2.0,                                                           
tempi=310.0, temp0=310.0,                                                      
ntxo=2, ioutfm=1,                                                              
ntpr=20000, ntwx=20000,                                                        
ntb=1,                                                                         
cut=9.0,                                                                       
iwrap=1,                                                                       
/                                                                              


Note: ig = -1. Setting random seed to   103238 based on wallclock time in 
      microseconds.
| irandom = 1, using AMBER's internal random number generator (default).
 
|--------------------- INFORMATION ----------------------
| GPU (CUDA) Version of PMEMD in use: NVIDIA GPU IN USE.
|                    Version 18.0.0
| 
|                      03/25/2018
| 
| Implementation by:
|                    Ross C. Walker     (SDSC)
|                    Scott Le Grand     (nVIDIA)
| 
| Version 18 performance extensions by:
|                    David Cerutti     (Rutgers)
| 
| Precision model in use:
|      [SPFP] - Single Precision Forces, 64-bit Fixed Point
|               Accumulation. (Default)
| 
|--------------------------------------------------------
 
|----------------- CITATION INFORMATION -----------------
|
|    When publishing work that utilized the CUDA version
|    of AMBER, please cite the following in addition to
|    the regular AMBER citations:
|
|  - Romelia Salomon-Ferrer; Andreas W. Goetz; Duncan
|    Poole; Scott Le Grand; Ross C. Walker "Routine
|    microsecond molecular dynamics simulations with
|    AMBER - Part II: Particle Mesh Ewald", J. Chem.
|    Theory Comput., 2013, 9 (9), pp3878-3888,
|    DOI: 10.1021/ct400314y.
|
|  - Andreas W. Goetz; Mark J. Williamson; Dong Xu;
|    Duncan Poole; Scott Le Grand; Ross C. Walker
|    "Routine microsecond molecular dynamics simulations
|    with AMBER - Part I: Generalized Born", J. Chem.
|    Theory Comput., 2012, 8 (5), pp1542-1555.
|
|  - Scott Le Grand; Andreas W. Goetz; Ross C. Walker
|    "SPFP: Speed without compromise - a mixed precision
|    model for GPU accelerated molecular dynamics
|    simulations.", Comp. Phys. Comm., 2013, 184
|    pp374-380, DOI: 10.1016/j.cpc.2012.09.022
|
|--------------------------------------------------------
 
|------------------- GPU DEVICE INFO --------------------
|
|            CUDA_VISIBLE_DEVICES: 0
|   CUDA Capable Devices Detected:      1
|           CUDA Device ID in use:      0
|                CUDA Device Name: NVIDIA L40S
|     CUDA Device Global Mem Size:  45487 MB
| CUDA Device Num Multiprocessors:    142
|           CUDA Device Core Freq:   2.52 GHz
|
|--------------------------------------------------------
 
 
| Conditional Compilation Defines Used:
| PUBFFT
| BINTRAJ
| CUDA
| EMIL

| Largest sphere to fit in unit cell has radius =    46.909

| New format PARM file being parsed.
| Version =    1.000 Date = 10/28/25 Time = 16:56:02

| Note: 1-4 EEL scale factors are being read from the topology file.

| Note: 1-4 VDW scale factors are being read from the topology file.
| Duplicated    0 dihedrals

| Duplicated    0 dihedrals

--------------------------------------------------------------------------------
   1.  RESOURCE   USE: 
--------------------------------------------------------------------------------

 getting box info from netcdf restart file
 NATOM  =  101202 NTYPES =      11 NBONH =   98658 MBONA  =    2544
 NTHETH =    5904 MTHETA =    3408 NPHIH =   11760 MPHIA  =   10368
 NHPARM =       0 NPARM  =       0 NNB   =  155656 NRES   =   32422
 NBONA  =    2544 NTHETA =    3408 NPHIA =   10368 NUMBND =      27
 NUMANG =      54 NPTRA  =      59 NATYP =      16 NPHB   =       0
 IFBOX  =       2 NMXRS  =      21 IFCAP =       0 NEXTRA =       0
 NCOPY  =       0

| Coordinate Index Table dimensions:    20   20   20
| Direct force subcell size =     5.7451    5.7451    5.7451

     BOX TYPE: TRUNCATED OCTAHEDRON

--------------------------------------------------------------------------------
   2.  CONTROL  DATA  FOR  THE  RUN
--------------------------------------------------------------------------------

default_name                                                                    

General flags:
     imin    =       0, nmropt  =       0

Nature and format of input:
     ntx     =       5, irest   =       1, ntrx    =       1

Nature and format of output:
     ntxo    =       2, ntpr    =   20000, ntrx    =       1, ntwr    = 2500000
     iwrap   =       1, ntwx    =   20000, ntwv    =       0, ntwe    =       0
     ioutfm  =       1, ntwprt  =       0, idecomp =       0, rbornstat=      0

Potential function:
     ntf     =       2, ntb     =       1, igb     =       0, nsnb    =      25
     ipol    =       0, gbsa    =       0, iesp    =       0
     dielc   =   1.00000, cut     =   9.00000, intdiel =   1.00000

Frozen or restrained atoms:
     ibelly  =       0, ntr     =       0

Molecular dynamics:
     nstlim  =   2500000, nscm    =      1000, nrespa  =         1
     t       =   0.00000, dt      =   0.00200, vlimit  =  -1.00000

Langevin dynamics temperature regulation:
     ig      =  103238
     temp0   = 310.00000, tempi   = 310.00000, gamma_ln=   2.00000

SHAKE:
     ntc     =       2, jfastw  =       0
     tol     =   0.00001

| Intermolecular bonds treatment:
|     no_intermolecular_bonds =       1

| Energy averages sample interval:
|     ene_avg_sampling =   20000

Ewald parameters:
     verbose =       0, ew_type =       0, nbflag  =       1, use_pme =       1
     vdwmeth =       1, eedmeth =       1, netfrc  =       1
     Box X =  114.902   Box Y =  114.902   Box Z =  114.902
     Alpha =  109.471   Beta  =  109.471   Gamma =  109.471
     NFFT1 =  120       NFFT2 =  120       NFFT3 =  120
     Cutoff=    9.000   Tol   =0.100E-04
     Ewald Coefficient =  0.30768
     Interpolation order =    4

--------------------------------------------------------------------------------
   3.  ATOMIC COORDINATES AND VELOCITIES
--------------------------------------------------------------------------------

default_name                                                                    
 begin time read from input coords =240040.000 ps

 
 Number of triangulated 3-point waters found:    31990

     Sum of charges from parm topology file =  -0.00000047
     Forcing neutrality...

| Dynamic Memory, Types Used:
| Reals             3080462
| Integers          3650456

| Nonbonded Pairs Initial Allocation:    23074056

| GPU memory information (estimate):
| KB of GPU memory in use:    789634
| KB of CPU memory in use:    210424

--------------------------------------------------------------------------------
   4.  RESULTS
--------------------------------------------------------------------------------

wrapping first mol.:       76.60133      -54.16531       93.81709

 NSTEP =    20000   TIME(PS) =  240080.000  TEMP(K) =   312.52  PRESS =     0.0
 Etot   =   -238883.7501  EKtot   =     63639.8086  EPtot      =   -302523.5587
 BOND   =      2068.8465  ANGLE   =      2461.0386  DIHED      =      1390.7263
 UB     =         0.0000  IMP     =         0.0000  CMAP       =       253.1516
 1-4 NB =      1167.0291  1-4 EEL =     15351.5909  VDWAALS    =     40732.6784
 EELEC  =   -365948.6200  EHBOND  =         0.0000  RESTRAINT  =         0.0000
 ------------------------------------------------------------------------------

wrapping first mol.:       76.60133      -54.16531       93.81709

 NSTEP =    40000   TIME(PS) =  240120.000  TEMP(K) =   310.75  PRESS =     0.0
 Etot   =   -238379.0899  EKtot   =     63279.8242  EPtot      =   -301658.9142
 BOND   =      2092.9057  ANGLE   =      2453.6629  DIHED      =      1422.4403
 UB     =         0.0000  IMP     =         0.0000  CMAP       =       252.2742
 1-4 NB =      1151.9394  1-4 EEL =     15393.4059  VDWAALS    =     40775.2719
 EELEC  =   -365200.8145  EHBOND  =         0.0000  RESTRAINT  =         0.0000
 ------------------------------------------------------------------------------

wrapping first mol.:       76.60133      -54.16531       93.81709

 NSTEP =    60000   TIME(PS) =  240160.000  TEMP(K) =   309.76  PRESS =     0.0
 Etot   =   -238533.8919  EKtot   =     63078.0781  EPtot      =   -301611.9700
 BOND   =      2065.3601  ANGLE   =      2401.6947  DIHED      =      1397.5475
 UB     =         0.0000  IMP     =         0.0000  CMAP       =       233.2557
 1-4 NB =      1174.1634  1-4 EEL =     15380.0949  VDWAALS    =     40505.0751
 EELEC  =   -364769.1614  EHBOND  =         0.0000  RESTRAINT  =         0.0000
 ------------------------------------------------------------------------------

wrapping first mol.:       76.60133      -54.16531       93.81709

 NSTEP =    80000   TIME(PS) =  240200.000  TEMP(K) =   310.72  PRESS =     0.0
 Etot   =   -238592.4086  EKtot   =     63273.4492  EPtot      =   -301865.8578
 BOND   =      2030.2907  ANGLE   =      2383.2675  DIHED      =      1408.4045
 UB     =         0.0000  IMP     =         0.0000  CMAP       =       259.7095
 1-4 NB =      1180.7232  1-4 EEL =     15359.7219  VDWAALS    =     40587.6575
 EELEC  =   -365075.6326  EHBOND  =         0.0000  RESTRAINT  =         0.0000
 ------------------------------------------------------------------------------

wrapping first mol.:       76.60133      -54.16531       93.81709

 NSTEP =   100000   TIME(PS) =  240240.000  TEMP(K) =   310.31  PRESS =     0.0
 Etot   =   -238811.1849  EKtot   =     63190.2852  EPtot      =   -302001.4701
 BOND   =      2053.9313  ANGLE   =      2446.6242  DIHED      =      1395.6395
 UB     =         0.0000  IMP     =         0.0000  CMAP       =       233.1793
 1-4 NB =      1168.2741  1-4 EEL =     15371.0040  VDWAALS    =     40997.3236
 EELEC  =   -365667.4460  EHBOND  =         0.0000  RESTRAINT  =         0.0000
 ------------------------------------------------------------------------------

wrapping first mol.:       76.60133      -54.16531       93.81709

 NSTEP =   120000   TIME(PS) =  240280.000  TEMP(K) =   308.95  PRESS =     0.0
 Etot   =   -238457.1649  EKtot   =     62913.2031  EPtot      =   -301370.3680
 BOND   =      2049.3360  ANGLE   =      2441.1015  DIHED      =      1414.4342
 UB     =         0.0000  IMP     =         0.0000  CMAP       =       242.0642
 1-4 NB =      1166.8899  1-4 EEL =     15379.3275  VDWAALS    =     40807.9328
 EELEC  =   -364871.4542  EHBOND  =         0.0000  RESTRAINT  =         0.0000
 ------------------------------------------------------------------------------

wrapping first mol.:       76.60133      -54.16531       93.81709

 NSTEP =   140000   TIME(PS) =  240320.000  TEMP(K) =   310.19  PRESS =     0.0
 Etot   =   -238439.1428  EKtot   =     63166.5312  EPtot      =   -301605.6741
 BOND   =      2114.2316  ANGLE   =      2439.2400  DIHED      =      1395.4468
 UB     =         0.0000  IMP     =         0.0000  CMAP       =       239.7375
 1-4 NB =      1175.4161  1-4 EEL =     15373.0266  VDWAALS    =     40727.7128
 EELEC  =   -365070.4855  EHBOND  =         0.0000  RESTRAINT  =         0.0000
 ------------------------------------------------------------------------------

wrapping first mol.:       76.60133      -54.16531       93.81709

 NSTEP =   160000   TIME(PS) =  240360.000  TEMP(K) =   309.82  PRESS =     0.0
 Etot   =   -238333.2092  EKtot   =     63089.6875  EPtot      =   -301422.8967
 BOND   =      2049.1335  ANGLE   =      2417.9904  DIHED      =      1397.9812
 UB     =         0.0000  IMP     =         0.0000  CMAP       =       220.2460
 1-4 NB =      1185.2785  1-4 EEL =     15372.4221  VDWAALS    =     40619.1347
 EELEC  =   -364685.0831  EHBOND  =         0.0000  RESTRAINT  =         0.0000
 ------------------------------------------------------------------------------

wrapping first mol.:       76.60133      -54.16531       93.81709

 NSTEP =   180000   TIME(PS) =  240400.000  TEMP(K) =   308.82  PRESS =     0.0
 Etot   =   -239065.5484  EKtot   =     62887.0859  EPtot      =   -301952.6344
 BOND   =      2099.8734  ANGLE   =      2384.2913  DIHED      =      1416.7404
 UB     =         0.0000  IMP     =         0.0000  CMAP       =       229.1433
 1-4 NB =      1180.7001  1-4 EEL =     15425.7100  VDWAALS    =     40768.3115
 EELEC  =   -365457.4043  EHBOND  =         0.0000  RESTRAINT  =         0.0000
 ------------------------------------------------------------------------------

wrapping first mol.:       76.60133      -54.16531       93.81709

 NSTEP =   200000   TIME(PS) =  240440.000  TEMP(K) =   310.60  PRESS =     0.0
 Etot   =   -238666.7707  EKtot   =     63248.6562  EPtot      =   -301915.4269
 BOND   =      2027.4451  ANGLE   =      2422.7621  DIHED      =      1397.6971
 UB     =         0.0000  IMP     =         0.0000  CMAP       =       229.5582
 1-4 NB =      1211.3542  1-4 EEL =     15370.9760  VDWAALS    =     40672.4453
 EELEC  =   -365247.6649  EHBOND  =         0.0000  RESTRAINT  =         0.0000
 ------------------------------------------------------------------------------

wrapping first mol.:       76.60133      -54.16531       93.81709

 NSTEP =   220000   TIME(PS) =  240480.000  TEMP(K) =   310.63  PRESS =     0.0
 Etot   =   -238699.8418  EKtot   =     63254.5938  EPtot      =   -301954.4355
 BOND   =      2136.7270  ANGLE   =      2492.6218  DIHED      =      1408.5462
 UB     =         0.0000  IMP     =         0.0000  CMAP       =       252.8187
 1-4 NB =      1159.0195  1-4 EEL =     15399.6254  VDWAALS    =     41095.0003
 EELEC  =   -365898.7944  EHBOND  =         0.0000  RESTRAINT  =         0.0000
 ------------------------------------------------------------------------------

wrapping first mol.:       76.60133      -54.16531       93.81709

 NSTEP =   240000   TIME(PS) =  240520.000  TEMP(K) =   309.41  PRESS =     0.0
 Etot   =   -238690.8919  EKtot   =     63007.0391  EPtot      =   -301697.9309
 BOND   =      2070.4006  ANGLE   =      2390.1331  DIHED      =      1412.5963
 UB     =         0.0000  IMP     =         0.0000  CMAP       =       237.8146
 1-4 NB =      1188.1609  1-4 EEL =     15478.5368  VDWAALS    =     40538.8607
 EELEC  =   -365014.4339  EHBOND  =         0.0000  RESTRAINT  =         0.0000
 ------------------------------------------------------------------------------

wrapping first mol.:       76.60133      -54.16531       93.81709

 NSTEP =   260000   TIME(PS) =  240560.000  TEMP(K) =   309.54  PRESS =     0.0
 Etot   =   -238713.2345  EKtot   =     63033.3984  EPtot      =   -301746.6330
 BOND   =      2106.9752  ANGLE   =      2423.5082  DIHED      =      1366.9489
 UB     =         0.0000  IMP     =         0.0000  CMAP       =       247.9290
 1-4 NB =      1163.5601  1-4 EEL =     15410.0528  VDWAALS    =     40546.3225
 EELEC  =   -365011.9297  EHBOND  =         0.0000  RESTRAINT  =         0.0000
 ------------------------------------------------------------------------------

wrapping first mol.:       76.60133      -54.16531       93.81709

 NSTEP =   280000   TIME(PS) =  240600.000  TEMP(K) =   309.09  PRESS =     0.0
 Etot   =   -238680.4115  EKtot   =     62941.2969  EPtot      =   -301621.7084
 BOND   =      2053.2166  ANGLE   =      2385.3813  DIHED      =      1401.1024
 UB     =         0.0000  IMP     =         0.0000  CMAP       =       241.6412
 1-4 NB =      1195.9587  1-4 EEL =     15365.8333  VDWAALS    =     40816.4292
 EELEC  =   -365081.2710  EHBOND  =         0.0000  RESTRAINT  =         0.0000
 ------------------------------------------------------------------------------

wrapping first mol.:       76.60133      -54.16531       93.81709

 NSTEP =   300000   TIME(PS) =  240640.000  TEMP(K) =   309.31  PRESS =     0.0
 Etot   =   -238810.3004  EKtot   =     62986.7266  EPtot      =   -301797.0270
 BOND   =      2066.3603  ANGLE   =      2366.2983  DIHED      =      1411.3188
 UB     =         0.0000  IMP     =         0.0000  CMAP       =       247.5406
 1-4 NB =      1189.1118  1-4 EEL =     15424.3603  VDWAALS    =     40445.0067
 EELEC  =   -364947.0238  EHBOND  =         0.0000  RESTRAINT  =         0.0000
 ------------------------------------------------------------------------------

wrapping first mol.:       76.60133      -54.16531       93.81709

 NSTEP =   320000   TIME(PS) =  240680.000  TEMP(K) =   309.11  PRESS =     0.0
 Etot   =   -239653.4288  EKtot   =     62945.3867  EPtot      =   -302598.8155
 BOND   =      2038.9630  ANGLE   =      2485.2983  DIHED      =      1394.3392
 UB     =         0.0000  IMP     =         0.0000  CMAP       =       223.5752
 1-4 NB =      1172.8514  1-4 EEL =     15342.4404  VDWAALS    =     41115.0567
 EELEC  =   -366371.3397  EHBOND  =         0.0000  RESTRAINT  =         0.0000
 ------------------------------------------------------------------------------

wrapping first mol.:       76.60133      -54.16531       93.81709

 NSTEP =   340000   TIME(PS) =  240720.000  TEMP(K) =   310.84  PRESS =     0.0
 Etot   =   -238646.4116  EKtot   =     63298.8086  EPtot      =   -301945.2202
 BOND   =      2069.7177  ANGLE   =      2446.5444  DIHED      =      1378.7370
 UB     =         0.0000  IMP     =         0.0000  CMAP       =       254.6047
 1-4 NB =      1161.6546  1-4 EEL =     15381.1626  VDWAALS    =     41108.8624
 EELEC  =   -365746.5037  EHBOND  =         0.0000  RESTRAINT  =         0.0000
 ------------------------------------------------------------------------------

wrapping first mol.:       76.60133      -54.16531       93.81709

 NSTEP =   360000   TIME(PS) =  240760.000  TEMP(K) =   308.94  PRESS =     0.0
 Etot   =   -239003.3815  EKtot   =     62910.2422  EPtot      =   -301913.6237
 BOND   =      2085.4643  ANGLE   =      2450.1259  DIHED      =      1420.4577
 UB     =         0.0000  IMP     =         0.0000  CMAP       =       280.6426
 1-4 NB =      1165.4950  1-4 EEL =     15415.2337  VDWAALS    =     40317.1193
 EELEC  =   -365048.1621  EHBOND  =         0.0000  RESTRAINT  =         0.0000
 ------------------------------------------------------------------------------

wrapping first mol.:       76.60133      -54.16531       93.81709

 NSTEP =   380000   TIME(PS) =  240800.000  TEMP(K) =   310.32  PRESS =     0.0
 Etot   =   -238188.4378  EKtot   =     63193.0625  EPtot      =   -301381.5003
 BOND   =      2118.7125  ANGLE   =      2397.7672  DIHED      =      1423.8682
 UB     =         0.0000  IMP     =         0.0000  CMAP       =       266.0350
 1-4 NB =      1157.6372  1-4 EEL =     15384.2929  VDWAALS    =     40916.9270
 EELEC  =   -365046.7403  EHBOND  =         0.0000  RESTRAINT  =         0.0000
 ------------------------------------------------------------------------------

wrapping first mol.:       76.60133      -54.16531       93.81709

 NSTEP =   400000   TIME(PS) =  240840.000  TEMP(K) =   310.69  PRESS =     0.0
 Etot   =   -238804.0931  EKtot   =     63268.2656  EPtot      =   -302072.3587
 BOND   =      2101.7576  ANGLE   =      2381.6421  DIHED      =      1458.1223
 UB     =         0.0000  IMP     =         0.0000  CMAP       =       248.3451
 1-4 NB =      1195.5112  1-4 EEL =     15421.0717  VDWAALS    =     40361.1989
 EELEC  =   -365240.0075  EHBOND  =         0.0000  RESTRAINT  =         0.0000
 ------------------------------------------------------------------------------

wrapping first mol.:       76.60133      -54.16531       93.81709

 NSTEP =   420000   TIME(PS) =  240880.000  TEMP(K) =   310.25  PRESS =     0.0
 Etot   =   -238914.4970  EKtot   =     63177.8125  EPtot      =   -302092.3095
 BOND   =      2122.6206  ANGLE   =      2436.1858  DIHED      =      1397.8086
 UB     =         0.0000  IMP     =         0.0000  CMAP       =       246.3953
 1-4 NB =      1190.7009  1-4 EEL =     15404.5658  VDWAALS    =     40836.6142
 EELEC  =   -365727.2007  EHBOND  =         0.0000  RESTRAINT  =         0.0000
 ------------------------------------------------------------------------------

wrapping first mol.:       76.60133      -54.16531       93.81709

 NSTEP =   440000   TIME(PS) =  240920.000  TEMP(K) =   309.53  PRESS =     0.0
 Etot   =   -239129.3229  EKtot   =     63031.2461  EPtot      =   -302160.5690
 BOND   =      2057.8403  ANGLE   =      2461.7403  DIHED      =      1424.8899
 UB     =         0.0000  IMP     =         0.0000  CMAP       =       256.8448
 1-4 NB =      1159.4301  1-4 EEL =     15426.9323  VDWAALS    =     41013.2815
 EELEC  =   -365961.5282  EHBOND  =         0.0000  RESTRAINT  =         0.0000
 ------------------------------------------------------------------------------

wrapping first mol.:       76.60133      -54.16531       93.81709

 NSTEP =   460000   TIME(PS) =  240960.000  TEMP(K) =   309.74  PRESS =     0.0
 Etot   =   -238885.0605  EKtot   =     63074.5391  EPtot      =   -301959.5996
 BOND   =      2124.6740  ANGLE   =      2333.6856  DIHED      =      1431.6943
 UB     =         0.0000  IMP     =         0.0000  CMAP       =       241.7556
 1-4 NB =      1186.1801  1-4 EEL =     15369.9117  VDWAALS    =     40718.3392
 EELEC  =   -365365.8401  EHBOND  =         0.0000  RESTRAINT  =         0.0000
 ------------------------------------------------------------------------------

wrapping first mol.:       76.60133      -54.16531       93.81709

 NSTEP =   480000   TIME(PS) =  241000.000  TEMP(K) =   309.89  PRESS =     0.0
 Etot   =   -239408.3421  EKtot   =     63105.1289  EPtot      =   -302513.4710
 BOND   =      2129.7778  ANGLE   =      2390.2384  DIHED      =      1385.4456
 UB     =         0.0000  IMP     =         0.0000  CMAP       =       240.2993
 1-4 NB =      1168.1556  1-4 EEL =     15402.3344  VDWAALS    =     41265.9963
 EELEC  =   -366495.7186  EHBOND  =         0.0000  RESTRAINT  =         0.0000
 ------------------------------------------------------------------------------

wrapping first mol.:       76.60133      -54.16531       93.81709

 NSTEP =   500000   TIME(PS) =  241040.000  TEMP(K) =   309.83  PRESS =     0.0
 Etot   =   -239035.0146  EKtot   =     63093.3516  EPtot      =   -302128.3662
 BOND   =      2094.2595  ANGLE   =      2379.7168  DIHED      =      1404.6740
 UB     =         0.0000  IMP     =         0.0000  CMAP       =       254.6818
 1-4 NB =      1178.9063  1-4 EEL =     15402.1849  VDWAALS    =     40515.9877
 EELEC  =   -365358.7772  EHBOND  =         0.0000  RESTRAINT  =         0.0000
 ------------------------------------------------------------------------------

wrapping first mol.:       76.60133      -54.16531       93.81709

 NSTEP =   520000   TIME(PS) =  241080.000  TEMP(K) =   308.83  PRESS =     0.0
 Etot   =   -238783.0190  EKtot   =     62888.7734  EPtot      =   -301671.7925
 BOND   =      2122.4701  ANGLE   =      2424.6398  DIHED      =      1429.1142
 UB     =         0.0000  IMP     =         0.0000  CMAP       =       231.6365
 1-4 NB =      1169.8057  1-4 EEL =     15483.7334  VDWAALS    =     40868.5666
 EELEC  =   -365401.7587  EHBOND  =         0.0000  RESTRAINT  =         0.0000
 ------------------------------------------------------------------------------

wrapping first mol.:       76.60133      -54.16531       93.81709

 NSTEP =   540000   TIME(PS) =  241120.000  TEMP(K) =   312.34  PRESS =     0.0
 Etot   =   -237985.0002  EKtot   =     63602.9062  EPtot      =   -301587.9065
 BOND   =      2059.9032  ANGLE   =      2405.8806  DIHED      =      1404.7667
 UB     =         0.0000  IMP     =         0.0000  CMAP       =       233.3240
 1-4 NB =      1155.7731  1-4 EEL =     15430.0049  VDWAALS    =     40420.7745
 EELEC  =   -364698.3334  EHBOND  =         0.0000  RESTRAINT  =         0.0000
 ------------------------------------------------------------------------------

wrapping first mol.:       76.60133      -54.16531       93.81709

 NSTEP =   560000   TIME(PS) =  241160.000  TEMP(K) =   309.01  PRESS =     0.0
 Etot   =   -239002.7192  EKtot   =     62925.3008  EPtot      =   -301928.0200
 BOND   =      2048.4263  ANGLE   =      2430.7284  DIHED      =      1403.8842
 UB     =         0.0000  IMP     =         0.0000  CMAP       =       233.4835
 1-4 NB =      1193.7770  1-4 EEL =     15393.5002  VDWAALS    =     40969.8707
 EELEC  =   -365601.6903  EHBOND  =         0.0000  RESTRAINT  =         0.0000
 ------------------------------------------------------------------------------

wrapping first mol.:       76.60133      -54.16531       93.81709

 NSTEP =   580000   TIME(PS) =  241200.000  TEMP(K) =   310.56  PRESS =     0.0
 Etot   =   -238594.8797  EKtot   =     63241.2461  EPtot      =   -301836.1258
 BOND   =      2058.5665  ANGLE   =      2420.2453  DIHED      =      1377.8317
 UB     =         0.0000  IMP     =         0.0000  CMAP       =       250.9958
 1-4 NB =      1174.5705  1-4 EEL =     15415.6023  VDWAALS    =     40866.2783
 EELEC  =   -365400.2163  EHBOND  =         0.0000  RESTRAINT  =         0.0000
 ------------------------------------------------------------------------------

wrapping first mol.:       76.60133      -54.16531       93.81709

 NSTEP =   600000   TIME(PS) =  241240.000  TEMP(K) =   309.92  PRESS =     0.0
 Etot   =   -238532.5935  EKtot   =     63110.6758  EPtot      =   -301643.2693
 BOND   =      2054.8950  ANGLE   =      2397.1503  DIHED      =      1422.4856
 UB     =         0.0000  IMP     =         0.0000  CMAP       =       240.3083
 1-4 NB =      1193.5763  1-4 EEL =     15390.6634  VDWAALS    =     40553.1861
 EELEC  =   -364895.5344  EHBOND  =         0.0000  RESTRAINT  =         0.0000
 ------------------------------------------------------------------------------

wrapping first mol.:       76.60133      -54.16531       93.81709

 NSTEP =   620000   TIME(PS) =  241280.000  TEMP(K) =   309.02  PRESS =     0.0
 Etot   =   -238970.5384  EKtot   =     62927.7070  EPtot      =   -301898.2455
 BOND   =      2041.6037  ANGLE   =      2376.8097  DIHED      =      1401.1177
 UB     =         0.0000  IMP     =         0.0000  CMAP       =       248.8690
 1-4 NB =      1188.2697  1-4 EEL =     15481.6085  VDWAALS    =     41155.5174
 EELEC  =   -365792.0412  EHBOND  =         0.0000  RESTRAINT  =         0.0000
 ------------------------------------------------------------------------------

wrapping first mol.:       76.60133      -54.16531       93.81709

 NSTEP =   640000   TIME(PS) =  241320.000  TEMP(K) =   309.74  PRESS =     0.0
 Etot   =   -238873.3210  EKtot   =     63074.7500  EPtot      =   -301948.0710
 BOND   =      2112.0906  ANGLE   =      2400.1327  DIHED      =      1421.1995
 UB     =         0.0000  IMP     =         0.0000  CMAP       =       233.1745
 1-4 NB =      1174.4029  1-4 EEL =     15438.0962  VDWAALS    =     40682.8137
 EELEC  =   -365409.9811  EHBOND  =         0.0000  RESTRAINT  =         0.0000
 ------------------------------------------------------------------------------

wrapping first mol.:       76.60133      -54.16531       93.81709

 NSTEP =   660000   TIME(PS) =  241360.000  TEMP(K) =   310.94  PRESS =     0.0
 Etot   =   -238937.3717  EKtot   =     63319.4258  EPtot      =   -302256.7975
 BOND   =      2093.1976  ANGLE   =      2391.5332  DIHED      =      1421.4691
 UB     =         0.0000  IMP     =         0.0000  CMAP       =       260.9812
 1-4 NB =      1179.0167  1-4 EEL =     15377.3932  VDWAALS    =     41058.6616
 EELEC  =   -366039.0501  EHBOND  =         0.0000  RESTRAINT  =         0.0000
 ------------------------------------------------------------------------------

wrapping first mol.:       76.60133      -54.16531       93.81709

 NSTEP =   680000   TIME(PS) =  241400.000  TEMP(K) =   310.52  PRESS =     0.0
 Etot   =   -238243.0109  EKtot   =     63232.4414  EPtot      =   -301475.4523
 BOND   =      2053.7561  ANGLE   =      2353.2532  DIHED      =      1423.6234
 UB     =         0.0000  IMP     =         0.0000  CMAP       =       241.9692
 1-4 NB =      1157.9139  1-4 EEL =     15386.7002  VDWAALS    =     40323.0455
 EELEC  =   -364415.7137  EHBOND  =         0.0000  RESTRAINT  =         0.0000
 ------------------------------------------------------------------------------

wrapping first mol.:       76.60133      -54.16531       93.81709

 NSTEP =   700000   TIME(PS) =  241440.000  TEMP(K) =   310.30  PRESS =     0.0
 Etot   =   -238858.0776  EKtot   =     63187.1367  EPtot      =   -302045.2143
 BOND   =      2115.4160  ANGLE   =      2394.2602  DIHED      =      1416.8735
 UB     =         0.0000  IMP     =         0.0000  CMAP       =       235.2168
 1-4 NB =      1167.4308  1-4 EEL =     15353.0638  VDWAALS    =     40631.7590
 EELEC  =   -365359.2345  EHBOND  =         0.0000  RESTRAINT  =         0.0000
 ------------------------------------------------------------------------------

wrapping first mol.:       76.60133      -54.16531       93.81709

 NSTEP =   720000   TIME(PS) =  241480.000  TEMP(K) =   312.52  PRESS =     0.0
 Etot   =   -238057.3555  EKtot   =     63640.3906  EPtot      =   -301697.7461
 BOND   =      2071.8855  ANGLE   =      2388.9596  DIHED      =      1405.0948
 UB     =         0.0000  IMP     =         0.0000  CMAP       =       247.0410
 1-4 NB =      1177.7868  1-4 EEL =     15456.5104  VDWAALS    =     40571.0453
 EELEC  =   -365016.0696  EHBOND  =         0.0000  RESTRAINT  =         0.0000
 ------------------------------------------------------------------------------

wrapping first mol.:       76.60133      -54.16531       93.81709

 NSTEP =   740000   TIME(PS) =  241520.000  TEMP(K) =   309.20  PRESS =     0.0
 Etot   =   -238834.1421  EKtot   =     62963.2539  EPtot      =   -301797.3960
 BOND   =      2082.8374  ANGLE   =      2435.6637  DIHED      =      1396.9109
 UB     =         0.0000  IMP     =         0.0000  CMAP       =       243.6288
 1-4 NB =      1158.2905  1-4 EEL =     15370.6411  VDWAALS    =     40577.8006
 EELEC  =   -365063.1690  EHBOND  =         0.0000  RESTRAINT  =         0.0000
 ------------------------------------------------------------------------------

wrapping first mol.:       76.60133      -54.16531       93.81709

 NSTEP =   760000   TIME(PS) =  241560.000  TEMP(K) =   309.77  PRESS =     0.0
 Etot   =   -238880.6046  EKtot   =     63080.7578  EPtot      =   -301961.3624
 BOND   =      2071.5236  ANGLE   =      2461.6909  DIHED      =      1405.1831
 UB     =         0.0000  IMP     =         0.0000  CMAP       =       248.1277
 1-4 NB =      1164.6802  1-4 EEL =     15440.4902  VDWAALS    =     40899.3367
 EELEC  =   -365652.3949  EHBOND  =         0.0000  RESTRAINT  =         0.0000
 ------------------------------------------------------------------------------

wrapping first mol.:       76.60133      -54.16531       93.81709

 NSTEP =   780000   TIME(PS) =  241600.000  TEMP(K) =   309.65  PRESS =     0.0
 Etot   =   -238420.8718  EKtot   =     63055.3516  EPtot      =   -301476.2234
 BOND   =      2114.6324  ANGLE   =      2484.4187  DIHED      =      1390.5664
 UB     =         0.0000  IMP     =         0.0000  CMAP       =       260.0633
 1-4 NB =      1149.7064  1-4 EEL =     15351.5335  VDWAALS    =     40929.7795
 EELEC  =   -365156.9235  EHBOND  =         0.0000  RESTRAINT  =         0.0000
 ------------------------------------------------------------------------------

wrapping first mol.:       76.60133      -54.16531       93.81709

 NSTEP =   800000   TIME(PS) =  241640.000  TEMP(K) =   310.92  PRESS =     0.0
 Etot   =   -238612.8388  EKtot   =     63315.1367  EPtot      =   -301927.9755
 BOND   =      2036.4026  ANGLE   =      2439.2166  DIHED      =      1419.0020
 UB     =         0.0000  IMP     =         0.0000  CMAP       =       219.4416
 1-4 NB =      1180.7189  1-4 EEL =     15443.1140  VDWAALS    =     40737.2013
 EELEC  =   -365403.0725  EHBOND  =         0.0000  RESTRAINT  =         0.0000
 ------------------------------------------------------------------------------

wrapping first mol.:       76.60133      -54.16531       93.81709

 NSTEP =   820000   TIME(PS) =  241680.000  TEMP(K) =   310.22  PRESS =     0.0
 Etot   =   -239115.6892  EKtot   =     63172.7266  EPtot      =   -302288.4158
 BOND   =      2036.1431  ANGLE   =      2414.8113  DIHED      =      1443.7225
 UB     =         0.0000  IMP     =         0.0000  CMAP       =       229.3229
 1-4 NB =      1186.6192  1-4 EEL =     15441.7594  VDWAALS    =     40695.8098
 EELEC  =   -365736.6040  EHBOND  =         0.0000  RESTRAINT  =         0.0000
 ------------------------------------------------------------------------------

wrapping first mol.:       76.60133      -54.16531       93.81709

 NSTEP =   840000   TIME(PS) =  241720.000  TEMP(K) =   309.61  PRESS =     0.0
 Etot   =   -238144.4502  EKtot   =     63047.9688  EPtot      =   -301192.4190
 BOND   =      2110.5637  ANGLE   =      2410.5731  DIHED      =      1384.1506
 UB     =         0.0000  IMP     =         0.0000  CMAP       =       245.4649
 1-4 NB =      1170.5156  1-4 EEL =     15391.2427  VDWAALS    =     40692.8740
 EELEC  =   -364597.8035  EHBOND  =         0.0000  RESTRAINT  =         0.0000
 ------------------------------------------------------------------------------

wrapping first mol.:       76.60133      -54.16531       93.81709

 NSTEP =   860000   TIME(PS) =  241760.000  TEMP(K) =   311.39  PRESS =     0.0
 Etot   =   -238318.8875  EKtot   =     63410.5391  EPtot      =   -301729.4266
 BOND   =      2124.7482  ANGLE   =      2462.9612  DIHED      =      1427.2393
 UB     =         0.0000  IMP     =         0.0000  CMAP       =       249.4280
 1-4 NB =      1151.5327  1-4 EEL =     15397.5908  VDWAALS    =     41415.0328
 EELEC  =   -365957.9595  EHBOND  =         0.0000  RESTRAINT  =         0.0000
 ------------------------------------------------------------------------------

wrapping first mol.:       76.60133      -54.16531       93.81709

 NSTEP =   880000   TIME(PS) =  241800.000  TEMP(K) =   308.78  PRESS =     0.0
 Etot   =   -238771.0582  EKtot   =     62877.6953  EPtot      =   -301648.7535
 BOND   =      2082.2912  ANGLE   =      2365.3045  DIHED      =      1394.1038
 UB     =         0.0000  IMP     =         0.0000  CMAP       =       267.1268
 1-4 NB =      1169.6423  1-4 EEL =     15396.2299  VDWAALS    =     40773.1072
 EELEC  =   -365096.5593  EHBOND  =         0.0000  RESTRAINT  =         0.0000
 ------------------------------------------------------------------------------

wrapping first mol.:       76.60133      -54.16531       93.81709

 NSTEP =   900000   TIME(PS) =  241840.000  TEMP(K) =   311.64  PRESS =     0.0
 Etot   =   -238518.7700  EKtot   =     63460.7930  EPtot      =   -301979.5630
 BOND   =      2072.5030  ANGLE   =      2403.4318  DIHED      =      1429.4867
 UB     =         0.0000  IMP     =         0.0000  CMAP       =       250.1985
 1-4 NB =      1205.3789  1-4 EEL =     15432.0290  VDWAALS    =     41011.6635
 EELEC  =   -365784.2544  EHBOND  =         0.0000  RESTRAINT  =         0.0000
 ------------------------------------------------------------------------------

wrapping first mol.:       76.60133      -54.16531       93.81709

 NSTEP =   920000   TIME(PS) =  241880.000  TEMP(K) =   309.73  PRESS =     0.0
 Etot   =   -238522.4744  EKtot   =     63072.7148  EPtot      =   -301595.1893
 BOND   =      2050.0063  ANGLE   =      2377.0613  DIHED      =      1427.7636
 UB     =         0.0000  IMP     =         0.0000  CMAP       =       234.6775
 1-4 NB =      1187.4112  1-4 EEL =     15369.7731  VDWAALS    =     40477.2129
 EELEC  =   -364719.0951  EHBOND  =         0.0000  RESTRAINT  =         0.0000
 ------------------------------------------------------------------------------

wrapping first mol.:       76.60133      -54.16531       93.81709

 NSTEP =   940000   TIME(PS) =  241920.000  TEMP(K) =   310.11  PRESS =     0.0
 Etot   =   -238434.4251  EKtot   =     63148.8398  EPtot      =   -301583.2650
 BOND   =      2092.0061  ANGLE   =      2354.6712  DIHED      =      1421.0054
 UB     =         0.0000  IMP     =         0.0000  CMAP       =       241.3132
 1-4 NB =      1185.6427  1-4 EEL =     15398.9379  VDWAALS    =     41018.9820
 EELEC  =   -365295.8233  EHBOND  =         0.0000  RESTRAINT  =         0.0000
 ------------------------------------------------------------------------------

wrapping first mol.:       76.60133      -54.16531       93.81709

 NSTEP =   960000   TIME(PS) =  241960.000  TEMP(K) =   307.86  PRESS =     0.0
 Etot   =   -239276.8429  EKtot   =     62691.9258  EPtot      =   -301968.7687
 BOND   =      2067.1280  ANGLE   =      2473.3954  DIHED      =      1401.6565
 UB     =         0.0000  IMP     =         0.0000  CMAP       =       251.6471
 1-4 NB =      1161.4285  1-4 EEL =     15421.1728  VDWAALS    =     40944.2597
 EELEC  =   -365689.4567  EHBOND  =         0.0000  RESTRAINT  =         0.0000
 ------------------------------------------------------------------------------

wrapping first mol.:       76.60133      -54.16531       93.81709

 NSTEP =   980000   TIME(PS) =  242000.000  TEMP(K) =   310.01  PRESS =     0.0
 Etot   =   -238723.9616  EKtot   =     63129.9570  EPtot      =   -301853.9186
 BOND   =      2095.2340  ANGLE   =      2443.6957  DIHED      =      1428.4896
 UB     =         0.0000  IMP     =         0.0000  CMAP       =       224.3328
 1-4 NB =      1171.4485  1-4 EEL =     15344.6604  VDWAALS    =     40743.8229
 EELEC  =   -365305.6025  EHBOND  =         0.0000  RESTRAINT  =         0.0000
 ------------------------------------------------------------------------------

wrapping first mol.:       76.60133      -54.16531       93.81709

 NSTEP =  1000000   TIME(PS) =  242040.000  TEMP(K) =   308.73  PRESS =     0.0
 Etot   =   -239252.0125  EKtot   =     62867.8203  EPtot      =   -302119.8328
 BOND   =      2086.4802  ANGLE   =      2454.4064  DIHED      =      1401.4022
 UB     =         0.0000  IMP     =         0.0000  CMAP       =       232.7942
 1-4 NB =      1140.3560  1-4 EEL =     15359.0322  VDWAALS    =     41045.1016
 EELEC  =   -365839.4057  EHBOND  =         0.0000  RESTRAINT  =         0.0000
 ------------------------------------------------------------------------------

wrapping first mol.:       76.60133      -54.16531       93.81709

 NSTEP =  1020000   TIME(PS) =  242080.000  TEMP(K) =   310.96  PRESS =     0.0
 Etot   =   -238205.1123  EKtot   =     63321.8398  EPtot      =   -301526.9522
 BOND   =      2076.5133  ANGLE   =      2421.8672  DIHED      =      1435.1895
 UB     =         0.0000  IMP     =         0.0000  CMAP       =       246.2730
 1-4 NB =      1193.2851  1-4 EEL =     15419.0314  VDWAALS    =     41016.0960
 EELEC  =   -365335.2076  EHBOND  =         0.0000  RESTRAINT  =         0.0000
 ------------------------------------------------------------------------------

wrapping first mol.:       76.60133      -54.16531       93.81709

 NSTEP =  1040000   TIME(PS) =  242120.000  TEMP(K) =   309.63  PRESS =     0.0
 Etot   =   -239434.7512  EKtot   =     63052.6250  EPtot      =   -302487.3762
 BOND   =      2139.9934  ANGLE   =      2388.1623  DIHED      =      1415.5294
 UB     =         0.0000  IMP     =         0.0000  CMAP       =       252.8702
 1-4 NB =      1182.4022  1-4 EEL =     15389.6395  VDWAALS    =     40961.3607
 EELEC  =   -366217.3340  EHBOND  =         0.0000  RESTRAINT  =         0.0000
 ------------------------------------------------------------------------------

wrapping first mol.:       76.60133      -54.16531       93.81709

 NSTEP =  1060000   TIME(PS) =  242160.000  TEMP(K) =   309.03  PRESS =     0.0
 Etot   =   -238450.0965  EKtot   =     62928.6875  EPtot      =   -301378.7840
 BOND   =      2091.2078  ANGLE   =      2422.9909  DIHED      =      1405.1168
 UB     =         0.0000  IMP     =         0.0000  CMAP       =       228.6144
 1-4 NB =      1173.1477  1-4 EEL =     15298.3895  VDWAALS    =     40785.4055
 EELEC  =   -364783.6567  EHBOND  =         0.0000  RESTRAINT  =         0.0000
 ------------------------------------------------------------------------------

wrapping first mol.:       76.60133      -54.16531       93.81709

 NSTEP =  1080000   TIME(PS) =  242200.000  TEMP(K) =   308.95  PRESS =     0.0
 Etot   =   -239367.5506  EKtot   =     62913.2773  EPtot      =   -302280.8280
 BOND   =      2131.4713  ANGLE   =      2371.1711  DIHED      =      1450.7665
 UB     =         0.0000  IMP     =         0.0000  CMAP       =       236.5517
 1-4 NB =      1178.1058  1-4 EEL =     15426.3079  VDWAALS    =     40720.7400
 EELEC  =   -365795.9423  EHBOND  =         0.0000  RESTRAINT  =         0.0000
 ------------------------------------------------------------------------------

wrapping first mol.:       76.60133      -54.16531       93.81709

 NSTEP =  1100000   TIME(PS) =  242240.000  TEMP(K) =   309.97  PRESS =     0.0
 Etot   =   -238754.6558  EKtot   =     63120.9219  EPtot      =   -301875.5777
 BOND   =      2074.4682  ANGLE   =      2443.7851  DIHED      =      1431.0289
 UB     =         0.0000  IMP     =         0.0000  CMAP       =       241.0147
 1-4 NB =      1174.1427  1-4 EEL =     15380.5528  VDWAALS    =     40814.9249
 EELEC  =   -365435.4950  EHBOND  =         0.0000  RESTRAINT  =         0.0000
 ------------------------------------------------------------------------------

wrapping first mol.:       76.60133      -54.16531       93.81709

 NSTEP =  1120000   TIME(PS) =  242280.000  TEMP(K) =   310.43  PRESS =     0.0
 Etot   =   -238906.5520  EKtot   =     63215.3164  EPtot      =   -302121.8684
 BOND   =      2076.9284  ANGLE   =      2414.9600  DIHED      =      1400.2819
 UB     =         0.0000  IMP     =         0.0000  CMAP       =       264.6482
 1-4 NB =      1166.7038  1-4 EEL =     15456.1234  VDWAALS    =     40756.3856
 EELEC  =   -365657.8997  EHBOND  =         0.0000  RESTRAINT  =         0.0000
 ------------------------------------------------------------------------------

wrapping first mol.:       76.60133      -54.16531       93.81709

 NSTEP =  1140000   TIME(PS) =  242320.000  TEMP(K) =   310.21  PRESS =     0.0
 Etot   =   -238374.9069  EKtot   =     63170.1562  EPtot      =   -301545.0632
 BOND   =      2036.8828  ANGLE   =      2396.2993  DIHED      =      1408.6865
 UB     =         0.0000  IMP     =         0.0000  CMAP       =       246.6451
 1-4 NB =      1145.1240  1-4 EEL =     15435.3024  VDWAALS    =     40867.9027
 EELEC  =   -365081.9060  EHBOND  =         0.0000  RESTRAINT  =         0.0000
 ------------------------------------------------------------------------------

wrapping first mol.:       76.60133      -54.16531       93.81709

 NSTEP =  1160000   TIME(PS) =  242360.000  TEMP(K) =   309.85  PRESS =     0.0
 Etot   =   -238847.8073  EKtot   =     63096.5430  EPtot      =   -301944.3502
 BOND   =      2042.4621  ANGLE   =      2372.4924  DIHED      =      1392.7933
 UB     =         0.0000  IMP     =         0.0000  CMAP       =       260.5110
 1-4 NB =      1180.2497  1-4 EEL =     15398.7623  VDWAALS    =     40752.7235
 EELEC  =   -365344.3445  EHBOND  =         0.0000  RESTRAINT  =         0.0000
 ------------------------------------------------------------------------------

wrapping first mol.:       76.60133      -54.16531       93.81709

 NSTEP =  1180000   TIME(PS) =  242400.000  TEMP(K) =   310.40  PRESS =     0.0
 Etot   =   -238455.1313  EKtot   =     63209.3984  EPtot      =   -301664.5297
 BOND   =      2063.5312  ANGLE   =      2380.2200  DIHED      =      1405.5021
 UB     =         0.0000  IMP     =         0.0000  CMAP       =       257.5529
 1-4 NB =      1163.9003  1-4 EEL =     15440.2952  VDWAALS    =     40795.8609
 EELEC  =   -365171.3923  EHBOND  =         0.0000  RESTRAINT  =         0.0000
 ------------------------------------------------------------------------------

wrapping first mol.:       76.60133      -54.16531       93.81709

 NSTEP =  1200000   TIME(PS) =  242440.000  TEMP(K) =   310.03  PRESS =     0.0
 Etot   =   -238496.9602  EKtot   =     63132.9844  EPtot      =   -301629.9446
 BOND   =      2112.2622  ANGLE   =      2437.4788  DIHED      =      1427.0103
 UB     =         0.0000  IMP     =         0.0000  CMAP       =       236.4965
 1-4 NB =      1201.5210  1-4 EEL =     15465.5587  VDWAALS    =     41123.7014
 EELEC  =   -365633.9734  EHBOND  =         0.0000  RESTRAINT  =         0.0000
 ------------------------------------------------------------------------------

wrapping first mol.:       76.60133      -54.16531       93.81709

 NSTEP =  1220000   TIME(PS) =  242480.000  TEMP(K) =   310.61  PRESS =     0.0
 Etot   =   -238006.4232  EKtot   =     63250.3398  EPtot      =   -301256.7630
 BOND   =      2121.7045  ANGLE   =      2394.6163  DIHED      =      1440.9153
 UB     =         0.0000  IMP     =         0.0000  CMAP       =       257.0073
 1-4 NB =      1157.6690  1-4 EEL =     15424.0595  VDWAALS    =     40787.2409
 EELEC  =   -364839.9757  EHBOND  =         0.0000  RESTRAINT  =         0.0000
 ------------------------------------------------------------------------------

wrapping first mol.:       76.60133      -54.16531       93.81709

 NSTEP =  1240000   TIME(PS) =  242520.000  TEMP(K) =   311.29  PRESS =     0.0
 Etot   =   -238854.0398  EKtot   =     63388.8672  EPtot      =   -302242.9070
 BOND   =      2081.3255  ANGLE   =      2444.4045  DIHED      =      1405.0876
 UB     =         0.0000  IMP     =         0.0000  CMAP       =       250.6827
 1-4 NB =      1159.1723  1-4 EEL =     15373.3974  VDWAALS    =     40903.7743
 EELEC  =   -365860.7513  EHBOND  =         0.0000  RESTRAINT  =         0.0000
 ------------------------------------------------------------------------------

wrapping first mol.:       76.60133      -54.16531       93.81709

 NSTEP =  1260000   TIME(PS) =  242560.000  TEMP(K) =   309.14  PRESS =     0.0
 Etot   =   -238524.2602  EKtot   =     62951.4414  EPtot      =   -301475.7016
 BOND   =      2146.0369  ANGLE   =      2420.4624  DIHED      =      1475.9095
 UB     =         0.0000  IMP     =         0.0000  CMAP       =       269.8553
 1-4 NB =      1191.1961  1-4 EEL =     15383.1431  VDWAALS    =     40827.4866
 EELEC  =   -365189.7914  EHBOND  =         0.0000  RESTRAINT  =         0.0000
 ------------------------------------------------------------------------------

wrapping first mol.:       76.60133      -54.16531       93.81709

 NSTEP =  1280000   TIME(PS) =  242600.000  TEMP(K) =   311.34  PRESS =     0.0
 Etot   =   -237817.4204  EKtot   =     63399.5820  EPtot      =   -301217.0024
 BOND   =      2099.0133  ANGLE   =      2459.0056  DIHED      =      1429.0852
 UB     =         0.0000  IMP     =         0.0000  CMAP       =       257.1440
 1-4 NB =      1143.7805  1-4 EEL =     15380.7587  VDWAALS    =     40525.6785
 EELEC  =   -364511.4682  EHBOND  =         0.0000  RESTRAINT  =         0.0000
 ------------------------------------------------------------------------------

wrapping first mol.:       76.60133      -54.16531       93.81709

 NSTEP =  1300000   TIME(PS) =  242640.000  TEMP(K) =   309.10  PRESS =     0.0
 Etot   =   -238854.8943  EKtot   =     62942.9297  EPtot      =   -301797.8240
 BOND   =      2109.9349  ANGLE   =      2483.4801  DIHED      =      1380.7377
 UB     =         0.0000  IMP     =         0.0000  CMAP       =       253.7962
 1-4 NB =      1180.3210  1-4 EEL =     15375.1483  VDWAALS    =     40837.7200
 EELEC  =   -365418.9620  EHBOND  =         0.0000  RESTRAINT  =         0.0000
 ------------------------------------------------------------------------------

wrapping first mol.:       76.60133      -54.16531       93.81709

 NSTEP =  1320000   TIME(PS) =  242680.000  TEMP(K) =   310.19  PRESS =     0.0
 Etot   =   -238536.3621  EKtot   =     63166.0195  EPtot      =   -301702.3817
 BOND   =      2121.9123  ANGLE   =      2427.0983  DIHED      =      1384.9588
 UB     =         0.0000  IMP     =         0.0000  CMAP       =       244.2765
 1-4 NB =      1181.6286  1-4 EEL =     15350.5574  VDWAALS    =     40796.9138
 EELEC  =   -365209.7274  EHBOND  =         0.0000  RESTRAINT  =         0.0000
 ------------------------------------------------------------------------------

wrapping first mol.:       76.60133      -54.16531       93.81709

 NSTEP =  1340000   TIME(PS) =  242720.000  TEMP(K) =   309.85  PRESS =     0.0
 Etot   =   -238604.8078  EKtot   =     63096.0156  EPtot      =   -301700.8234
 BOND   =      2055.3220  ANGLE   =      2481.3724  DIHED      =      1413.5607
 UB     =         0.0000  IMP     =         0.0000  CMAP       =       242.5030
 1-4 NB =      1161.4063  1-4 EEL =     15424.7126  VDWAALS    =     40977.6900
 EELEC  =   -365457.3904  EHBOND  =         0.0000  RESTRAINT  =         0.0000
 ------------------------------------------------------------------------------

wrapping first mol.:       76.60133      -54.16531       93.81709

 NSTEP =  1360000   TIME(PS) =  242760.000  TEMP(K) =   311.03  PRESS =     0.0
 Etot   =   -238786.2525  EKtot   =     63336.4570  EPtot      =   -302122.7095
 BOND   =      2082.6297  ANGLE   =      2417.8522  DIHED      =      1428.3567
 UB     =         0.0000  IMP     =         0.0000  CMAP       =       242.5341
 1-4 NB =      1166.6670  1-4 EEL =     15421.7065  VDWAALS    =     40641.9568
 EELEC  =   -365524.4125  EHBOND  =         0.0000  RESTRAINT  =         0.0000
 ------------------------------------------------------------------------------

wrapping first mol.:       76.60133      -54.16531       93.81709

 NSTEP =  1380000   TIME(PS) =  242800.000  TEMP(K) =   309.36  PRESS =     0.0
 Etot   =   -238811.1882  EKtot   =     62997.1641  EPtot      =   -301808.3522
 BOND   =      2030.3483  ANGLE   =      2355.7942  DIHED      =      1402.3461
 UB     =         0.0000  IMP     =         0.0000  CMAP       =       249.5778
 1-4 NB =      1152.8507  1-4 EEL =     15425.1803  VDWAALS    =     40793.7997
 EELEC  =   -365218.2494  EHBOND  =         0.0000  RESTRAINT  =         0.0000
 ------------------------------------------------------------------------------

wrapping first mol.:       76.60133      -54.16531       93.81709

 NSTEP =  1400000   TIME(PS) =  242840.000  TEMP(K) =   309.41  PRESS =     0.0
 Etot   =   -238857.5960  EKtot   =     63007.5742  EPtot      =   -301865.1702
 BOND   =      2029.6427  ANGLE   =      2381.8567  DIHED      =      1413.7734
 UB     =         0.0000  IMP     =         0.0000  CMAP       =       250.0453
 1-4 NB =      1193.8055  1-4 EEL =     15447.2614  VDWAALS    =     40987.8139
 EELEC  =   -365569.3691  EHBOND  =         0.0000  RESTRAINT  =         0.0000
 ------------------------------------------------------------------------------

wrapping first mol.:       76.60133      -54.16531       93.81709

 NSTEP =  1420000   TIME(PS) =  242880.000  TEMP(K) =   310.53  PRESS =     0.0
 Etot   =   -238394.2746  EKtot   =     63235.1680  EPtot      =   -301629.4426
 BOND   =      2104.9610  ANGLE   =      2432.9768  DIHED      =      1390.2901
 UB     =         0.0000  IMP     =         0.0000  CMAP       =       228.3158
 1-4 NB =      1174.1907  1-4 EEL =     15448.8718  VDWAALS    =     40416.8190
 EELEC  =   -364825.8678  EHBOND  =         0.0000  RESTRAINT  =         0.0000
 ------------------------------------------------------------------------------

wrapping first mol.:       76.60133      -54.16531       93.81709

 NSTEP =  1440000   TIME(PS) =  242920.000  TEMP(K) =   310.56  PRESS =     0.0
 Etot   =   -238995.7982  EKtot   =     63241.5273  EPtot      =   -302237.3255
 BOND   =      2140.2361  ANGLE   =      2409.3427  DIHED      =      1392.4289
 UB     =         0.0000  IMP     =         0.0000  CMAP       =       245.2490
 1-4 NB =      1171.5426  1-4 EEL =     15412.8213  VDWAALS    =     40930.3526
 EELEC  =   -365939.2987  EHBOND  =         0.0000  RESTRAINT  =         0.0000
 ------------------------------------------------------------------------------

wrapping first mol.:       76.60133      -54.16531       93.81709

 NSTEP =  1460000   TIME(PS) =  242960.000  TEMP(K) =   309.56  PRESS =     0.0
 Etot   =   -238945.8353  EKtot   =     63038.1484  EPtot      =   -301983.9837
 BOND   =      2076.6183  ANGLE   =      2418.2265  DIHED      =      1384.7076
 UB     =         0.0000  IMP     =         0.0000  CMAP       =       269.1890
 1-4 NB =      1169.8603  1-4 EEL =     15373.4288  VDWAALS    =     40759.9254
 EELEC  =   -365435.9397  EHBOND  =         0.0000  RESTRAINT  =         0.0000
 ------------------------------------------------------------------------------

wrapping first mol.:       76.60133      -54.16531       93.81709

 NSTEP =  1480000   TIME(PS) =  243000.000  TEMP(K) =   309.26  PRESS =     0.0
 Etot   =   -239009.7897  EKtot   =     62976.1016  EPtot      =   -301985.8913
 BOND   =      2140.8666  ANGLE   =      2444.2484  DIHED      =      1419.2390
 UB     =         0.0000  IMP     =         0.0000  CMAP       =       247.5116
 1-4 NB =      1164.5244  1-4 EEL =     15399.5883  VDWAALS    =     41001.9250
 EELEC  =   -365803.7946  EHBOND  =         0.0000  RESTRAINT  =         0.0000
 ------------------------------------------------------------------------------

wrapping first mol.:       76.60133      -54.16531       93.81709

 NSTEP =  1500000   TIME(PS) =  243040.000  TEMP(K) =   309.34  PRESS =     0.0
 Etot   =   -239271.4126  EKtot   =     62993.3828  EPtot      =   -302264.7954
 BOND   =      2145.6814  ANGLE   =      2419.3217  DIHED      =      1395.0832
 UB     =         0.0000  IMP     =         0.0000  CMAP       =       255.1859
 1-4 NB =      1176.7368  1-4 EEL =     15464.9546  VDWAALS    =     40691.3779
 EELEC  =   -365813.1369  EHBOND  =         0.0000  RESTRAINT  =         0.0000
 ------------------------------------------------------------------------------

wrapping first mol.:       76.60133      -54.16531       93.81709

 NSTEP =  1520000   TIME(PS) =  243080.000  TEMP(K) =   309.42  PRESS =     0.0
 Etot   =   -238628.3394  EKtot   =     63009.1211  EPtot      =   -301637.4605
 BOND   =      2031.5473  ANGLE   =      2426.3256  DIHED      =      1432.9406
 UB     =         0.0000  IMP     =         0.0000  CMAP       =       256.5319
 1-4 NB =      1167.8649  1-4 EEL =     15399.6979  VDWAALS    =     40802.1058
 EELEC  =   -365154.4746  EHBOND  =         0.0000  RESTRAINT  =         0.0000
 ------------------------------------------------------------------------------

wrapping first mol.:       76.60133      -54.16531       93.81709

 NSTEP =  1540000   TIME(PS) =  243120.000  TEMP(K) =   311.00  PRESS =     0.0
 Etot   =   -238206.9976  EKtot   =     63329.9023  EPtot      =   -301536.8999
 BOND   =      2078.3916  ANGLE   =      2486.5404  DIHED      =      1441.7776
 UB     =         0.0000  IMP     =         0.0000  CMAP       =       237.3404
 1-4 NB =      1188.0771  1-4 EEL =     15419.5168  VDWAALS    =     40375.8572
 EELEC  =   -364764.4010  EHBOND  =         0.0000  RESTRAINT  =         0.0000
 ------------------------------------------------------------------------------

wrapping first mol.:       76.60133      -54.16531       93.81709

 NSTEP =  1560000   TIME(PS) =  243160.000  TEMP(K) =   309.43  PRESS =     0.0
 Etot   =   -238646.6048  EKtot   =     63011.1289  EPtot      =   -301657.7337
 BOND   =      2074.2191  ANGLE   =      2409.7202  DIHED      =      1437.8027
 UB     =         0.0000  IMP     =         0.0000  CMAP       =       253.2739
 1-4 NB =      1187.7420  1-4 EEL =     15386.6134  VDWAALS    =     40909.1532
 EELEC  =   -365316.2581  EHBOND  =         0.0000  RESTRAINT  =         0.0000
 ------------------------------------------------------------------------------

wrapping first mol.:       76.60133      -54.16531       93.81709

 NSTEP =  1580000   TIME(PS) =  243200.000  TEMP(K) =   309.19  PRESS =     0.0
 Etot   =   -238902.8932  EKtot   =     62961.6992  EPtot      =   -301864.5924
 BOND   =      2112.2084  ANGLE   =      2446.4676  DIHED      =      1395.4607
 UB     =         0.0000  IMP     =         0.0000  CMAP       =       242.8113
 1-4 NB =      1187.0296  1-4 EEL =     15360.7361  VDWAALS    =     41047.4244
 EELEC  =   -365656.7306  EHBOND  =         0.0000  RESTRAINT  =         0.0000
 ------------------------------------------------------------------------------

wrapping first mol.:       76.60133      -54.16531       93.81709

 NSTEP =  1600000   TIME(PS) =  243240.000  TEMP(K) =   308.18  PRESS =     0.0
 Etot   =   -238966.6269  EKtot   =     62756.8828  EPtot      =   -301723.5098
 BOND   =      2052.6776  ANGLE   =      2428.3752  DIHED      =      1437.6825
 UB     =         0.0000  IMP     =         0.0000  CMAP       =       249.0197
 1-4 NB =      1173.6898  1-4 EEL =     15365.8602  VDWAALS    =     40317.0533
 EELEC  =   -364747.8679  EHBOND  =         0.0000  RESTRAINT  =         0.0000
 ------------------------------------------------------------------------------

wrapping first mol.:       76.60133      -54.16531       93.81709

 NSTEP =  1620000   TIME(PS) =  243280.000  TEMP(K) =   309.27  PRESS =     0.0
 Etot   =   -239183.6468  EKtot   =     62979.2812  EPtot      =   -302162.9280
 BOND   =      2077.4336  ANGLE   =      2450.1146  DIHED      =      1413.8154
 UB     =         0.0000  IMP     =         0.0000  CMAP       =       263.1105
 1-4 NB =      1180.1878  1-4 EEL =     15395.8827  VDWAALS    =     40905.6267
 EELEC  =   -365849.0994  EHBOND  =         0.0000  RESTRAINT  =         0.0000
 ------------------------------------------------------------------------------

wrapping first mol.:       76.60133      -54.16531       93.81709

 NSTEP =  1640000   TIME(PS) =  243320.000  TEMP(K) =   308.24  PRESS =     0.0
 Etot   =   -238860.8429  EKtot   =     62768.8320  EPtot      =   -301629.6749
 BOND   =      2061.1975  ANGLE   =      2386.2920  DIHED      =      1409.8353
 UB     =         0.0000  IMP     =         0.0000  CMAP       =       263.5801
 1-4 NB =      1171.0855  1-4 EEL =     15383.5060  VDWAALS    =     40599.5589
 EELEC  =   -364904.7303  EHBOND  =         0.0000  RESTRAINT  =         0.0000
 ------------------------------------------------------------------------------

wrapping first mol.:       76.60133      -54.16531       93.81709

 NSTEP =  1660000   TIME(PS) =  243360.000  TEMP(K) =   310.18  PRESS =     0.0
 Etot   =   -238973.0793  EKtot   =     63163.7344  EPtot      =   -302136.8137
 BOND   =      2052.5169  ANGLE   =      2366.4660  DIHED      =      1405.4303
 UB     =         0.0000  IMP     =         0.0000  CMAP       =       259.3985
 1-4 NB =      1183.4364  1-4 EEL =     15341.0806  VDWAALS    =     40211.5934
 EELEC  =   -364956.7358  EHBOND  =         0.0000  RESTRAINT  =         0.0000
 ------------------------------------------------------------------------------

wrapping first mol.:       76.60133      -54.16531       93.81709

 NSTEP =  1680000   TIME(PS) =  243400.000  TEMP(K) =   308.73  PRESS =     0.0
 Etot   =   -239012.5934  EKtot   =     62869.0664  EPtot      =   -301881.6598
 BOND   =      2068.2316  ANGLE   =      2359.1877  DIHED      =      1430.7012
 UB     =         0.0000  IMP     =         0.0000  CMAP       =       263.9259
 1-4 NB =      1176.6961  1-4 EEL =     15423.3267  VDWAALS    =     40923.6919
 EELEC  =   -365527.4210  EHBOND  =         0.0000  RESTRAINT  =         0.0000
 ------------------------------------------------------------------------------

wrapping first mol.:       76.60133      -54.16531       93.81709

 NSTEP =  1700000   TIME(PS) =  243440.000  TEMP(K) =   308.75  PRESS =     0.0
 Etot   =   -238837.8262  EKtot   =     62871.6953  EPtot      =   -301709.5215
 BOND   =      2076.6657  ANGLE   =      2401.8282  DIHED      =      1406.8413
 UB     =         0.0000  IMP     =         0.0000  CMAP       =       258.2843
 1-4 NB =      1192.1502  1-4 EEL =     15286.4529  VDWAALS    =     41040.5120
 EELEC  =   -365372.2560  EHBOND  =         0.0000  RESTRAINT  =         0.0000
 ------------------------------------------------------------------------------

wrapping first mol.:       76.60133      -54.16531       93.81709

 NSTEP =  1720000   TIME(PS) =  243480.000  TEMP(K) =   309.71  PRESS =     0.0
 Etot   =   -238963.7742  EKtot   =     63067.0508  EPtot      =   -302030.8250
 BOND   =      2115.7950  ANGLE   =      2407.3029  DIHED      =      1426.4772
 UB     =         0.0000  IMP     =         0.0000  CMAP       =       263.1024
 1-4 NB =      1174.7063  1-4 EEL =     15397.7497  VDWAALS    =     40280.9306
 EELEC  =   -365096.8890  EHBOND  =         0.0000  RESTRAINT  =         0.0000
 ------------------------------------------------------------------------------

wrapping first mol.:       76.60133      -54.16531       93.81709

 NSTEP =  1740000   TIME(PS) =  243520.000  TEMP(K) =   309.76  PRESS =     0.0
 Etot   =   -239012.9555  EKtot   =     63078.5117  EPtot      =   -302091.4672
 BOND   =      2084.7929  ANGLE   =      2327.0003  DIHED      =      1431.1491
 UB     =         0.0000  IMP     =         0.0000  CMAP       =       260.8799
 1-4 NB =      1185.1689  1-4 EEL =     15380.2680  VDWAALS    =     41092.4730
 EELEC  =   -365853.1992  EHBOND  =         0.0000  RESTRAINT  =         0.0000
 ------------------------------------------------------------------------------

wrapping first mol.:       76.60133      -54.16531       93.81709

 NSTEP =  1760000   TIME(PS) =  243560.000  TEMP(K) =   312.47  PRESS =     0.0
 Etot   =   -238028.1780  EKtot   =     63630.7109  EPtot      =   -301658.8889
 BOND   =      2071.8349  ANGLE   =      2465.9227  DIHED      =      1400.9297
 UB     =         0.0000  IMP     =         0.0000  CMAP       =       265.9429
 1-4 NB =      1168.8672  1-4 EEL =     15352.1619  VDWAALS    =     40961.1145
 EELEC  =   -365345.6629  EHBOND  =         0.0000  RESTRAINT  =         0.0000
 ------------------------------------------------------------------------------

wrapping first mol.:       76.60133      -54.16531       93.81709

 NSTEP =  1780000   TIME(PS) =  243600.000  TEMP(K) =   311.17  PRESS =     0.0
 Etot   =   -238605.2496  EKtot   =     63365.6250  EPtot      =   -301970.8746
 BOND   =      2072.7458  ANGLE   =      2419.9517  DIHED      =      1430.1972
 UB     =         0.0000  IMP     =         0.0000  CMAP       =       241.1348
 1-4 NB =      1170.0252  1-4 EEL =     15368.2418  VDWAALS    =     40977.8892
 EELEC  =   -365651.0604  EHBOND  =         0.0000  RESTRAINT  =         0.0000
 ------------------------------------------------------------------------------

wrapping first mol.:       76.60133      -54.16531       93.81709

 NSTEP =  1800000   TIME(PS) =  243640.000  TEMP(K) =   309.12  PRESS =     0.0
 Etot   =   -238418.5785  EKtot   =     62947.2266  EPtot      =   -301365.8051
 BOND   =      2097.2463  ANGLE   =      2396.3019  DIHED      =      1409.9051
 UB     =         0.0000  IMP     =         0.0000  CMAP       =       249.9921
 1-4 NB =      1180.3662  1-4 EEL =     15461.7702  VDWAALS    =     40940.7896
 EELEC  =   -365102.1764  EHBOND  =         0.0000  RESTRAINT  =         0.0000
 ------------------------------------------------------------------------------

wrapping first mol.:       76.60133      -54.16531       93.81709

 NSTEP =  1820000   TIME(PS) =  243680.000  TEMP(K) =   310.11  PRESS =     0.0
 Etot   =   -238669.7697  EKtot   =     63148.7734  EPtot      =   -301818.5431
 BOND   =      2053.5695  ANGLE   =      2402.0579  DIHED      =      1401.0646
 UB     =         0.0000  IMP     =         0.0000  CMAP       =       242.9186
 1-4 NB =      1159.5270  1-4 EEL =     15393.4281  VDWAALS    =     40520.4056
 EELEC  =   -364991.5144  EHBOND  =         0.0000  RESTRAINT  =         0.0000
 ------------------------------------------------------------------------------

wrapping first mol.:       76.60133      -54.16531       93.81709

 NSTEP =  1840000   TIME(PS) =  243720.000  TEMP(K) =   310.07  PRESS =     0.0
 Etot   =   -238946.7690  EKtot   =     63141.8086  EPtot      =   -302088.5776
 BOND   =      2158.5591  ANGLE   =      2441.5952  DIHED      =      1407.3147
 UB     =         0.0000  IMP     =         0.0000  CMAP       =       262.1422
 1-4 NB =      1160.7636  1-4 EEL =     15383.3801  VDWAALS    =     40895.4101
 EELEC  =   -365797.7426  EHBOND  =         0.0000  RESTRAINT  =         0.0000
 ------------------------------------------------------------------------------

wrapping first mol.:       76.60133      -54.16531       93.81709

 NSTEP =  1860000   TIME(PS) =  243760.000  TEMP(K) =   311.14  PRESS =     0.0
 Etot   =   -238751.9912  EKtot   =     63359.5508  EPtot      =   -302111.5420
 BOND   =      2061.2745  ANGLE   =      2402.8741  DIHED      =      1412.3279
 UB     =         0.0000  IMP     =         0.0000  CMAP       =       268.0591
 1-4 NB =      1171.2702  1-4 EEL =     15373.8836  VDWAALS    =     41464.7320
 EELEC  =   -366265.9633  EHBOND  =         0.0000  RESTRAINT  =         0.0000
 ------------------------------------------------------------------------------

wrapping first mol.:       76.60133      -54.16531       93.81709

 NSTEP =  1880000   TIME(PS) =  243800.000  TEMP(K) =   309.03  PRESS =     0.0
 Etot   =   -238694.2136  EKtot   =     62929.6992  EPtot      =   -301623.9129
 BOND   =      2105.8037  ANGLE   =      2448.6957  DIHED      =      1403.4353
 UB     =         0.0000  IMP     =         0.0000  CMAP       =       270.6507
 1-4 NB =      1159.5833  1-4 EEL =     15316.5359  VDWAALS    =     40654.4451
 EELEC  =   -364983.0627  EHBOND  =         0.0000  RESTRAINT  =         0.0000
 ------------------------------------------------------------------------------

wrapping first mol.:       76.60133      -54.16531       93.81709

 NSTEP =  1900000   TIME(PS) =  243840.000  TEMP(K) =   310.22  PRESS =     0.0
 Etot   =   -238762.7960  EKtot   =     63172.0273  EPtot      =   -301934.8233
 BOND   =      2112.7234  ANGLE   =      2423.9307  DIHED      =      1415.7385
 UB     =         0.0000  IMP     =         0.0000  CMAP       =       264.8378
 1-4 NB =      1162.3731  1-4 EEL =     15373.9262  VDWAALS    =     40367.6463
 EELEC  =   -365055.9993  EHBOND  =         0.0000  RESTRAINT  =         0.0000
 ------------------------------------------------------------------------------

wrapping first mol.:       76.60133      -54.16531       93.81709

 NSTEP =  1920000   TIME(PS) =  243880.000  TEMP(K) =   311.13  PRESS =     0.0
 Etot   =   -238563.5663  EKtot   =     63357.0977  EPtot      =   -301920.6640
 BOND   =      2075.4134  ANGLE   =      2348.0271  DIHED      =      1400.6861
 UB     =         0.0000  IMP     =         0.0000  CMAP       =       267.3325
 1-4 NB =      1178.6710  1-4 EEL =     15379.2989  VDWAALS    =     40770.1177
 EELEC  =   -365340.2107  EHBOND  =         0.0000  RESTRAINT  =         0.0000
 ------------------------------------------------------------------------------

wrapping first mol.:       76.60133      -54.16531       93.81709

 NSTEP =  1940000   TIME(PS) =  243920.000  TEMP(K) =   308.14  PRESS =     0.0
 Etot   =   -238659.6695  EKtot   =     62748.2617  EPtot      =   -301407.9312
 BOND   =      2009.3764  ANGLE   =      2449.4288  DIHED      =      1437.6320
 UB     =         0.0000  IMP     =         0.0000  CMAP       =       281.0764
 1-4 NB =      1181.8918  1-4 EEL =     15298.5645  VDWAALS    =     40494.2861
 EELEC  =   -364560.1872  EHBOND  =         0.0000  RESTRAINT  =         0.0000
 ------------------------------------------------------------------------------

wrapping first mol.:       76.60133      -54.16531       93.81709

 NSTEP =  1960000   TIME(PS) =  243960.000  TEMP(K) =   310.34  PRESS =     0.0
 Etot   =   -238450.7830  EKtot   =     63195.6680  EPtot      =   -301646.4510
 BOND   =      2062.4655  ANGLE   =      2446.3281  DIHED      =      1427.5029
 UB     =         0.0000  IMP     =         0.0000  CMAP       =       245.1311
 1-4 NB =      1152.0772  1-4 EEL =     15377.7623  VDWAALS    =     41175.7331
 EELEC  =   -365533.4513  EHBOND  =         0.0000  RESTRAINT  =         0.0000
 ------------------------------------------------------------------------------

wrapping first mol.:       76.60133      -54.16531       93.81709

 NSTEP =  1980000   TIME(PS) =  244000.000  TEMP(K) =   310.68  PRESS =     0.0
 Etot   =   -238613.0342  EKtot   =     63264.4531  EPtot      =   -301877.4873
 BOND   =      2171.3022  ANGLE   =      2382.1944  DIHED      =      1403.6010
 UB     =         0.0000  IMP     =         0.0000  CMAP       =       261.1023
 1-4 NB =      1149.7176  1-4 EEL =     15368.4530  VDWAALS    =     41156.2757
 EELEC  =   -365770.1335  EHBOND  =         0.0000  RESTRAINT  =         0.0000
 ------------------------------------------------------------------------------

wrapping first mol.:       76.60133      -54.16531       93.81709

 NSTEP =  2000000   TIME(PS) =  244040.000  TEMP(K) =   309.69  PRESS =     0.0
 Etot   =   -238440.7846  EKtot   =     63063.1523  EPtot      =   -301503.9369
 BOND   =      2083.4375  ANGLE   =      2473.8123  DIHED      =      1416.8757
 UB     =         0.0000  IMP     =         0.0000  CMAP       =       266.7811
 1-4 NB =      1169.7491  1-4 EEL =     15326.8049  VDWAALS    =     40866.4566
 EELEC  =   -365107.8540  EHBOND  =         0.0000  RESTRAINT  =         0.0000
 ------------------------------------------------------------------------------

wrapping first mol.:       76.60133      -54.16531       93.81709

 NSTEP =  2020000   TIME(PS) =  244080.000  TEMP(K) =   310.79  PRESS =     0.0
 Etot   =   -238929.6877  EKtot   =     63288.3125  EPtot      =   -302218.0002
 BOND   =      2028.6939  ANGLE   =      2414.4562  DIHED      =      1429.0912
 UB     =         0.0000  IMP     =         0.0000  CMAP       =       246.5149
 1-4 NB =      1183.1611  1-4 EEL =     15407.3803  VDWAALS    =     41041.4116
 EELEC  =   -365968.7095  EHBOND  =         0.0000  RESTRAINT  =         0.0000
 ------------------------------------------------------------------------------

wrapping first mol.:       76.60133      -54.16531       93.81709

 NSTEP =  2040000   TIME(PS) =  244120.000  TEMP(K) =   310.27  PRESS =     0.0
 Etot   =   -239002.3553  EKtot   =     63181.6680  EPtot      =   -302184.0233
 BOND   =      2105.8491  ANGLE   =      2422.0910  DIHED      =      1415.2682
 UB     =         0.0000  IMP     =         0.0000  CMAP       =       250.7366
 1-4 NB =      1189.0582  1-4 EEL =     15391.7834  VDWAALS    =     40995.8692
 EELEC  =   -365954.6790  EHBOND  =         0.0000  RESTRAINT  =         0.0000
 ------------------------------------------------------------------------------

wrapping first mol.:       76.60133      -54.16531       93.81709

 NSTEP =  2060000   TIME(PS) =  244160.000  TEMP(K) =   310.61  PRESS =     0.0
 Etot   =   -238767.3910  EKtot   =     63251.5742  EPtot      =   -302018.9652
 BOND   =      2101.0439  ANGLE   =      2393.7119  DIHED      =      1366.2200
 UB     =         0.0000  IMP     =         0.0000  CMAP       =       262.8476
 1-4 NB =      1173.7255  1-4 EEL =     15432.2415  VDWAALS    =     40812.7740
 EELEC  =   -365561.5295  EHBOND  =         0.0000  RESTRAINT  =         0.0000
 ------------------------------------------------------------------------------

wrapping first mol.:       76.60133      -54.16531       93.81709

 NSTEP =  2080000   TIME(PS) =  244200.000  TEMP(K) =   310.50  PRESS =     0.0
 Etot   =   -238490.4492  EKtot   =     63227.8477  EPtot      =   -301718.2968
 BOND   =      2105.8761  ANGLE   =      2458.4555  DIHED      =      1424.6728
 UB     =         0.0000  IMP     =         0.0000  CMAP       =       253.0398
 1-4 NB =      1182.1893  1-4 EEL =     15279.3539  VDWAALS    =     40772.6031
 EELEC  =   -365194.4873  EHBOND  =         0.0000  RESTRAINT  =         0.0000
 ------------------------------------------------------------------------------

wrapping first mol.:       76.60133      -54.16531       93.81709

 NSTEP =  2100000   TIME(PS) =  244240.000  TEMP(K) =   311.24  PRESS =     0.0
 Etot   =   -238540.2738  EKtot   =     63379.9414  EPtot      =   -301920.2152
 BOND   =      2116.7436  ANGLE   =      2390.1457  DIHED      =      1382.1104
 UB     =         0.0000  IMP     =         0.0000  CMAP       =       254.2489
 1-4 NB =      1177.6919  1-4 EEL =     15383.7868  VDWAALS    =     40538.4163
 EELEC  =   -365163.3588  EHBOND  =         0.0000  RESTRAINT  =         0.0000
 ------------------------------------------------------------------------------

wrapping first mol.:       76.60133      -54.16531       93.81709

 NSTEP =  2120000   TIME(PS) =  244280.000  TEMP(K) =   309.30  PRESS =     0.0
 Etot   =   -238311.2091  EKtot   =     62983.6250  EPtot      =   -301294.8341
 BOND   =      2102.9472  ANGLE   =      2422.7581  DIHED      =      1417.7539
 UB     =         0.0000  IMP     =         0.0000  CMAP       =       246.3955
 1-4 NB =      1160.6911  1-4 EEL =     15306.9339  VDWAALS    =     40563.5176
 EELEC  =   -364515.8315  EHBOND  =         0.0000  RESTRAINT  =         0.0000
 ------------------------------------------------------------------------------

wrapping first mol.:       76.60133      -54.16531       93.81709

 NSTEP =  2140000   TIME(PS) =  244320.000  TEMP(K) =   309.75  PRESS =     0.0
 Etot   =   -238544.2945  EKtot   =     63076.6719  EPtot      =   -301620.9664
 BOND   =      2082.0134  ANGLE   =      2443.3554  DIHED      =      1428.6979
 UB     =         0.0000  IMP     =         0.0000  CMAP       =       253.6601
 1-4 NB =      1173.6993  1-4 EEL =     15361.4749  VDWAALS    =     40824.2977
 EELEC  =   -365188.1649  EHBOND  =         0.0000  RESTRAINT  =         0.0000
 ------------------------------------------------------------------------------

wrapping first mol.:       76.60133      -54.16531       93.81709

 NSTEP =  2160000   TIME(PS) =  244360.000  TEMP(K) =   310.75  PRESS =     0.0
 Etot   =   -238592.1425  EKtot   =     63280.6211  EPtot      =   -301872.7636
 BOND   =      2093.7634  ANGLE   =      2490.0954  DIHED      =      1416.6559
 UB     =         0.0000  IMP     =         0.0000  CMAP       =       240.5609
 1-4 NB =      1185.7119  1-4 EEL =     15394.7719  VDWAALS    =     40626.5573
 EELEC  =   -365320.8801  EHBOND  =         0.0000  RESTRAINT  =         0.0000
 ------------------------------------------------------------------------------

wrapping first mol.:       76.60133      -54.16531       93.81709

 NSTEP =  2180000   TIME(PS) =  244400.000  TEMP(K) =   308.33  PRESS =     0.0
 Etot   =   -239250.1088  EKtot   =     62787.1953  EPtot      =   -302037.3041
 BOND   =      2058.3638  ANGLE   =      2426.4373  DIHED      =      1450.0821
 UB     =         0.0000  IMP     =         0.0000  CMAP       =       246.4901
 1-4 NB =      1178.4622  1-4 EEL =     15390.4488  VDWAALS    =     40456.1295
 EELEC  =   -365243.7180  EHBOND  =         0.0000  RESTRAINT  =         0.0000
 ------------------------------------------------------------------------------

wrapping first mol.:       76.60133      -54.16531       93.81709

 NSTEP =  2200000   TIME(PS) =  244440.000  TEMP(K) =   308.70  PRESS =     0.0
 Etot   =   -238990.5720  EKtot   =     62863.2695  EPtot      =   -301853.8415
 BOND   =      2041.1333  ANGLE   =      2414.9328  DIHED      =      1414.4180
 UB     =         0.0000  IMP     =         0.0000  CMAP       =       256.0960
 1-4 NB =      1179.1064  1-4 EEL =     15406.4015  VDWAALS    =     40605.5269
 EELEC  =   -365171.4564  EHBOND  =         0.0000  RESTRAINT  =         0.0000
 ------------------------------------------------------------------------------

wrapping first mol.:       76.60133      -54.16531       93.81709

 NSTEP =  2220000   TIME(PS) =  244480.000  TEMP(K) =   309.88  PRESS =     0.0
 Etot   =   -238956.7689  EKtot   =     63103.3984  EPtot      =   -302060.1673
 BOND   =      2097.5691  ANGLE   =      2412.1901  DIHED      =      1406.9593
 UB     =         0.0000  IMP     =         0.0000  CMAP       =       254.1719
 1-4 NB =      1163.3061  1-4 EEL =     15464.5374  VDWAALS    =     40257.6509
 EELEC  =   -365116.5522  EHBOND  =         0.0000  RESTRAINT  =         0.0000
 ------------------------------------------------------------------------------

wrapping first mol.:       76.60133      -54.16531       93.81709

 NSTEP =  2240000   TIME(PS) =  244520.000  TEMP(K) =   309.02  PRESS =     0.0
 Etot   =   -238782.1237  EKtot   =     62926.4531  EPtot      =   -301708.5768
 BOND   =      2006.5941  ANGLE   =      2338.7907  DIHED      =      1406.0255
 UB     =         0.0000  IMP     =         0.0000  CMAP       =       241.3106
 1-4 NB =      1198.3475  1-4 EEL =     15468.5628  VDWAALS    =     40478.5920
 EELEC  =   -364846.8000  EHBOND  =         0.0000  RESTRAINT  =         0.0000
 ------------------------------------------------------------------------------

wrapping first mol.:       76.60133      -54.16531       93.81709

 NSTEP =  2260000   TIME(PS) =  244560.000  TEMP(K) =   309.85  PRESS =     0.0
 Etot   =   -239103.6905  EKtot   =     63096.6133  EPtot      =   -302200.3037
 BOND   =      2045.6502  ANGLE   =      2463.8342  DIHED      =      1412.5916
 UB     =         0.0000  IMP     =         0.0000  CMAP       =       258.0643
 1-4 NB =      1177.6940  1-4 EEL =     15437.6240  VDWAALS    =     40816.2300
 EELEC  =   -365811.9920  EHBOND  =         0.0000  RESTRAINT  =         0.0000
 ------------------------------------------------------------------------------

wrapping first mol.:       76.60133      -54.16531       93.81709

 NSTEP =  2280000   TIME(PS) =  244600.000  TEMP(K) =   307.85  PRESS =     0.0
 Etot   =   -239086.7778  EKtot   =     62689.9766  EPtot      =   -301776.7543
 BOND   =      2064.2364  ANGLE   =      2384.3491  DIHED      =      1432.1451
 UB     =         0.0000  IMP     =         0.0000  CMAP       =       251.8357
 1-4 NB =      1165.9358  1-4 EEL =     15466.4070  VDWAALS    =     40801.5375
 EELEC  =   -365343.2010  EHBOND  =         0.0000  RESTRAINT  =         0.0000
 ------------------------------------------------------------------------------

wrapping first mol.:       76.60133      -54.16531       93.81709

 NSTEP =  2300000   TIME(PS) =  244640.000  TEMP(K) =   309.44  PRESS =     0.0
 Etot   =   -238818.8958  EKtot   =     63013.7539  EPtot      =   -301832.6497
 BOND   =      2118.7132  ANGLE   =      2441.5501  DIHED      =      1410.7114
 UB     =         0.0000  IMP     =         0.0000  CMAP       =       245.4621
 1-4 NB =      1157.3214  1-4 EEL =     15423.9961  VDWAALS    =     40902.0922
 EELEC  =   -365532.4960  EHBOND  =         0.0000  RESTRAINT  =         0.0000
 ------------------------------------------------------------------------------

wrapping first mol.:       76.60133      -54.16531       93.81709

 NSTEP =  2320000   TIME(PS) =  244680.000  TEMP(K) =   309.27  PRESS =     0.0
 Etot   =   -238507.4878  EKtot   =     62979.1133  EPtot      =   -301486.6011
 BOND   =      2077.5723  ANGLE   =      2461.0924  DIHED      =      1403.5680
 UB     =         0.0000  IMP     =         0.0000  CMAP       =       244.0871
 1-4 NB =      1209.5323  1-4 EEL =     15458.3127  VDWAALS    =     40676.7686
 EELEC  =   -365017.5344  EHBOND  =         0.0000  RESTRAINT  =         0.0000
 ------------------------------------------------------------------------------

wrapping first mol.:       76.60133      -54.16531       93.81709

 NSTEP =  2340000   TIME(PS) =  244720.000  TEMP(K) =   310.81  PRESS =     0.0
 Etot   =   -238709.3199  EKtot   =     63291.4453  EPtot      =   -302000.7652
 BOND   =      2099.7998  ANGLE   =      2379.9313  DIHED      =      1391.3504
 UB     =         0.0000  IMP     =         0.0000  CMAP       =       247.6831
 1-4 NB =      1160.5274  1-4 EEL =     15433.5136  VDWAALS    =     40242.4739
 EELEC  =   -364956.0446  EHBOND  =         0.0000  RESTRAINT  =         0.0000
 ------------------------------------------------------------------------------

wrapping first mol.:       76.60133      -54.16531       93.81709

 NSTEP =  2360000   TIME(PS) =  244760.000  TEMP(K) =   308.61  PRESS =     0.0
 Etot   =   -238896.6113  EKtot   =     62844.9258  EPtot      =   -301741.5371
 BOND   =      2106.7791  ANGLE   =      2396.1041  DIHED      =      1425.9016
 UB     =         0.0000  IMP     =         0.0000  CMAP       =       257.4742
 1-4 NB =      1189.9320  1-4 EEL =     15426.3388  VDWAALS    =     40940.8219
 EELEC  =   -365484.8889  EHBOND  =         0.0000  RESTRAINT  =         0.0000
 ------------------------------------------------------------------------------

wrapping first mol.:       76.60133      -54.16531       93.81709

 NSTEP =  2380000   TIME(PS) =  244800.000  TEMP(K) =   310.40  PRESS =     0.0
 Etot   =   -238184.9368  EKtot   =     63207.5742  EPtot      =   -301392.5110
 BOND   =      2123.0396  ANGLE   =      2390.7058  DIHED      =      1428.5634
 UB     =         0.0000  IMP     =         0.0000  CMAP       =       261.3421
 1-4 NB =      1203.7128  1-4 EEL =     15554.1844  VDWAALS    =     40434.2950
 EELEC  =   -364788.3542  EHBOND  =         0.0000  RESTRAINT  =         0.0000
 ------------------------------------------------------------------------------

wrapping first mol.:       76.60133      -54.16531       93.81709

 NSTEP =  2400000   TIME(PS) =  244840.000  TEMP(K) =   309.11  PRESS =     0.0
 Etot   =   -238693.6210  EKtot   =     62945.9180  EPtot      =   -301639.5389
 BOND   =      2119.8022  ANGLE   =      2393.6587  DIHED      =      1395.7164
 UB     =         0.0000  IMP     =         0.0000  CMAP       =       270.2429
 1-4 NB =      1172.4165  1-4 EEL =     15342.9362  VDWAALS    =     40154.7007
 EELEC  =   -364489.0126  EHBOND  =         0.0000  RESTRAINT  =         0.0000
 ------------------------------------------------------------------------------

wrapping first mol.:       76.60133      -54.16531       93.81709

 NSTEP =  2420000   TIME(PS) =  244880.000  TEMP(K) =   310.57  PRESS =     0.0
 Etot   =   -238650.1772  EKtot   =     63242.5742  EPtot      =   -301892.7514
 BOND   =      2133.3928  ANGLE   =      2364.7702  DIHED      =      1426.8298
 UB     =         0.0000  IMP     =         0.0000  CMAP       =       256.5993
 1-4 NB =      1124.3962  1-4 EEL =     15383.7232  VDWAALS    =     40296.6534
 EELEC  =   -364879.1162  EHBOND  =         0.0000  RESTRAINT  =         0.0000
 ------------------------------------------------------------------------------

wrapping first mol.:       76.60133      -54.16531       93.81709

 NSTEP =  2440000   TIME(PS) =  244920.000  TEMP(K) =   308.73  PRESS =     0.0
 Etot   =   -239457.9797  EKtot   =     62868.7617  EPtot      =   -302326.7414
 BOND   =      2090.2140  ANGLE   =      2443.5900  DIHED      =      1408.1750
 UB     =         0.0000  IMP     =         0.0000  CMAP       =       264.1763
 1-4 NB =      1202.5564  1-4 EEL =     15444.5330  VDWAALS    =     40600.9868
 EELEC  =   -365780.9730  EHBOND  =         0.0000  RESTRAINT  =         0.0000
 ------------------------------------------------------------------------------

wrapping first mol.:       76.60133      -54.16531       93.81709

 NSTEP =  2460000   TIME(PS) =  244960.000  TEMP(K) =   310.40  PRESS =     0.0
 Etot   =   -238389.9843  EKtot   =     63207.8828  EPtot      =   -301597.8672
 BOND   =      2117.9849  ANGLE   =      2385.0490  DIHED      =      1445.8586
 UB     =         0.0000  IMP     =         0.0000  CMAP       =       245.7807
 1-4 NB =      1189.2674  1-4 EEL =     15463.7411  VDWAALS    =     40472.1237
 EELEC  =   -364917.6725  EHBOND  =         0.0000  RESTRAINT  =         0.0000
 ------------------------------------------------------------------------------

wrapping first mol.:       76.60133      -54.16531       93.81709

 NSTEP =  2480000   TIME(PS) =  245000.000  TEMP(K) =   309.04  PRESS =     0.0
 Etot   =   -239086.0341  EKtot   =     62932.2266  EPtot      =   -302018.2607
 BOND   =      2139.1297  ANGLE   =      2377.7876  DIHED      =      1416.4298
 UB     =         0.0000  IMP     =         0.0000  CMAP       =       261.5283
 1-4 NB =      1179.1767  1-4 EEL =     15397.1893  VDWAALS    =     40819.5076
 EELEC  =   -365609.0097  EHBOND  =         0.0000  RESTRAINT  =         0.0000
 ------------------------------------------------------------------------------

wrapping first mol.:       76.60133      -54.16531       93.81709
wrapping first mol.:       76.60133      -54.16531       93.81709

 NSTEP =  2500000   TIME(PS) =  245040.000  TEMP(K) =   309.82  PRESS =     0.0
 Etot   =   -239140.0259  EKtot   =     63091.1641  EPtot      =   -302231.1900
 BOND   =      2048.6369  ANGLE   =      2410.1706  DIHED      =      1403.4818
 UB     =         0.0000  IMP     =         0.0000  CMAP       =       240.4510
 1-4 NB =      1174.5646  1-4 EEL =     15462.3048  VDWAALS    =     40876.2466
 EELEC  =   -365847.0462  EHBOND  =         0.0000  RESTRAINT  =         0.0000
 ------------------------------------------------------------------------------


      A V E R A G E S   O V E R     125 S T E P S


 NSTEP =  2500000   TIME(PS) =  245040.000  TEMP(K) =   309.91  PRESS =     0.0
 Etot   =   -238730.7049  EKtot   =     63109.3574  EPtot      =   -301840.0623
 BOND   =      2084.4997  ANGLE   =      2415.9496  DIHED      =      1412.6443
 UB     =         0.0000  IMP     =         0.0000  CMAP       =       249.5282
 1-4 NB =      1174.3891  1-4 EEL =     15399.0707  VDWAALS    =     40760.8215
 EELEC  =   -365336.9653  EHBOND  =         0.0000  RESTRAINT  =         0.0000
 ------------------------------------------------------------------------------


      R M S  F L U C T U A T I O N S


 NSTEP =  2500000   TIME(PS) =  245040.000  TEMP(K) =     0.93  PRESS =     0.0
 Etot   =       329.5601  EKtot   =       190.1625  EPtot      =       285.3521
 BOND   =        33.4595  ANGLE   =        36.1508  DIHED      =        18.3819
 UB     =         0.0000  IMP     =         0.0000  CMAP       =        12.2370
 1-4 NB =        14.7981  1-4 EEL =        43.6163  VDWAALS    =       254.4834
 EELEC  =       428.3438  EHBOND  =         0.0000  RESTRAINT  =         0.0000
 ------------------------------------------------------------------------------

--------------------------------------------------------------------------------
   5.  TIMINGS
--------------------------------------------------------------------------------

|  NonSetup CPU Time in Major Routines:
|
|     Routine           Sec        %
|     ------------------------------
|     Nonbond         146.50   10.91
|     Bond              0.00    0.00
|     Angle             0.00    0.00
|     Dihedral          0.00    0.00
|     Shake             9.44    0.70
|     RunMD          1185.27   88.23
|     Other             2.17    0.16
|     ------------------------------
|     Total          1343.39

|  PME Nonbond Pairlist CPU Time:
|
|     Routine              Sec        %
|     ---------------------------------
|     Set Up Cit           0.00    0.00
|     Build List           0.00    0.00
|     ---------------------------------
|     Total                0.00    0.00

|  PME Direct Force CPU Time:
|
|     Routine              Sec        %
|     ---------------------------------
|     NonBonded Calc       0.00    0.00
|     Exclude Masked       0.00    0.00
|     Other                1.36    0.10
|     ---------------------------------
|     Total                1.36    0.10

|  PME Reciprocal Force CPU Time:
|
|     Routine              Sec        %
|     ---------------------------------
|     1D bspline           0.00    0.00
|     Grid Charges         0.00    0.00
|     Scalar Sum           0.00    0.00
|     Gradient Sum         0.00    0.00
|     FFT                  0.00    0.00
|     ---------------------------------
|     Total                0.00    0.00

|  Final Performance Info:
|     -----------------------------------------------------
|     Average timings for last   80000 steps:
|     Elapsed(s) =      43.18 Per Step(ms) =       0.54
|         ns/day =     320.14   seconds/ns =     269.88
|
|     Average timings for all steps:
|     Elapsed(s) =    1345.53 Per Step(ms) =       0.54
|         ns/day =     321.06   seconds/ns =     269.11
|     -----------------------------------------------------

|  Setup CPU time:            1.16 seconds
|  NonSetup CPU time:      1343.39 seconds
|  Total CPU time:         1344.55 seconds     0.37 hours

|  Setup wall time:           2    seconds
|  NonSetup wall time:     1345    seconds
|  Total wall time:        1347    seconds     0.37 hours
