
          -------------------------------------------------------
          Amber 24 PMEMD                              2024
          -------------------------------------------------------

| PMEMD implementation of SANDER, Release 24

|  Compiled date/time: Thu Apr  3 17:55:38 2025
| Run on 10/30/2025 at 17:53:21

|   Executable path: pmemd.cuda_SPFP
| Working directory: /rs1/researchers/h/hall/vtnguye4/Amber_restart/cappedP1amber/P1_Simulation
|          Hostname: gpu19

  [-O]verwriting output

File Assignments:
|   MDIN: /rs1/researchers/h/hall/vtnguye4/Amber_restart/cappedP1amber/equil.in 
|  MDOUT: ./OUT_Files/equil28.out                                               
| INPCRD: ./RST_Files/equil27.rst7                                              
|   PARM: ./PRMTOP_Files/P1.prmtop                                              
| RESTRT: ./RST_Files/equil28.rst7                                              
|   REFC: refc                                                                  
|  MDVEL: mdvel                                                                 
|   MDEN: mden                                                                  
|  MDCRD: ./nc_Files/equil28.nc                                                 
| MDINFO: mdinfo                                                                
|  MDFRC: mdfrc                                                                 


 Here is the input file:

!Stage equilibration 5ns                                                       
&cntrl                                                                         
imin=0, irest=1, ntx=5,                                                        
nstlim=2500000, dt=0.002,                                                      
ntc=2, ntf=2, ig=-1,                                                           
ntt=3, gamma_ln=2.0,                                                           
tempi=310.0, temp0=310.0,                                                      
ntxo=2, ioutfm=1,                                                              
ntpr=20000, ntwx=20000,                                                        
ntb=1,                                                                         
cut=9.0,                                                                       
iwrap=1,                                                                       
/                                                                              


Note: ig = -1. Setting random seed to   229025 based on wallclock time in 
      microseconds.
| irandom = 1, using AMBER's internal random number generator (default).
 
|--------------------- INFORMATION ----------------------
| GPU (CUDA) Version of PMEMD in use: NVIDIA GPU IN USE.
|                    Version 18.0.0
| 
|                      03/25/2018
| 
| Implementation by:
|                    Ross C. Walker     (SDSC)
|                    Scott Le Grand     (nVIDIA)
| 
| Version 18 performance extensions by:
|                    David Cerutti     (Rutgers)
| 
| Precision model in use:
|      [SPFP] - Single Precision Forces, 64-bit Fixed Point
|               Accumulation. (Default)
| 
|--------------------------------------------------------
 
|----------------- CITATION INFORMATION -----------------
|
|    When publishing work that utilized the CUDA version
|    of AMBER, please cite the following in addition to
|    the regular AMBER citations:
|
|  - Romelia Salomon-Ferrer; Andreas W. Goetz; Duncan
|    Poole; Scott Le Grand; Ross C. Walker "Routine
|    microsecond molecular dynamics simulations with
|    AMBER - Part II: Particle Mesh Ewald", J. Chem.
|    Theory Comput., 2013, 9 (9), pp3878-3888,
|    DOI: 10.1021/ct400314y.
|
|  - Andreas W. Goetz; Mark J. Williamson; Dong Xu;
|    Duncan Poole; Scott Le Grand; Ross C. Walker
|    "Routine microsecond molecular dynamics simulations
|    with AMBER - Part I: Generalized Born", J. Chem.
|    Theory Comput., 2012, 8 (5), pp1542-1555.
|
|  - Scott Le Grand; Andreas W. Goetz; Ross C. Walker
|    "SPFP: Speed without compromise - a mixed precision
|    model for GPU accelerated molecular dynamics
|    simulations.", Comp. Phys. Comm., 2013, 184
|    pp374-380, DOI: 10.1016/j.cpc.2012.09.022
|
|--------------------------------------------------------
 
|------------------- GPU DEVICE INFO --------------------
|
|            CUDA_VISIBLE_DEVICES: 0
|   CUDA Capable Devices Detected:      1
|           CUDA Device ID in use:      0
|                CUDA Device Name: NVIDIA L40S
|     CUDA Device Global Mem Size:  45487 MB
| CUDA Device Num Multiprocessors:    142
|           CUDA Device Core Freq:   2.52 GHz
|
|--------------------------------------------------------
 
 
| Conditional Compilation Defines Used:
| PUBFFT
| BINTRAJ
| CUDA
| EMIL

| Largest sphere to fit in unit cell has radius =    46.909

| New format PARM file being parsed.
| Version =    1.000 Date = 10/28/25 Time = 16:56:02

| Note: 1-4 EEL scale factors are being read from the topology file.

| Note: 1-4 VDW scale factors are being read from the topology file.
| Duplicated    0 dihedrals

| Duplicated    0 dihedrals

--------------------------------------------------------------------------------
   1.  RESOURCE   USE: 
--------------------------------------------------------------------------------

 getting box info from netcdf restart file
 NATOM  =  101202 NTYPES =      11 NBONH =   98658 MBONA  =    2544
 NTHETH =    5904 MTHETA =    3408 NPHIH =   11760 MPHIA  =   10368
 NHPARM =       0 NPARM  =       0 NNB   =  155656 NRES   =   32422
 NBONA  =    2544 NTHETA =    3408 NPHIA =   10368 NUMBND =      27
 NUMANG =      54 NPTRA  =      59 NATYP =      16 NPHB   =       0
 IFBOX  =       2 NMXRS  =      21 IFCAP =       0 NEXTRA =       0
 NCOPY  =       0

| Coordinate Index Table dimensions:    20   20   20
| Direct force subcell size =     5.7451    5.7451    5.7451

     BOX TYPE: TRUNCATED OCTAHEDRON

--------------------------------------------------------------------------------
   2.  CONTROL  DATA  FOR  THE  RUN
--------------------------------------------------------------------------------

default_name                                                                    

General flags:
     imin    =       0, nmropt  =       0

Nature and format of input:
     ntx     =       5, irest   =       1, ntrx    =       1

Nature and format of output:
     ntxo    =       2, ntpr    =   20000, ntrx    =       1, ntwr    = 2500000
     iwrap   =       1, ntwx    =   20000, ntwv    =       0, ntwe    =       0
     ioutfm  =       1, ntwprt  =       0, idecomp =       0, rbornstat=      0

Potential function:
     ntf     =       2, ntb     =       1, igb     =       0, nsnb    =      25
     ipol    =       0, gbsa    =       0, iesp    =       0
     dielc   =   1.00000, cut     =   9.00000, intdiel =   1.00000

Frozen or restrained atoms:
     ibelly  =       0, ntr     =       0

Molecular dynamics:
     nstlim  =   2500000, nscm    =      1000, nrespa  =         1
     t       =   0.00000, dt      =   0.00200, vlimit  =  -1.00000

Langevin dynamics temperature regulation:
     ig      =  229025
     temp0   = 310.00000, tempi   = 310.00000, gamma_ln=   2.00000

SHAKE:
     ntc     =       2, jfastw  =       0
     tol     =   0.00001

| Intermolecular bonds treatment:
|     no_intermolecular_bonds =       1

| Energy averages sample interval:
|     ene_avg_sampling =   20000

Ewald parameters:
     verbose =       0, ew_type =       0, nbflag  =       1, use_pme =       1
     vdwmeth =       1, eedmeth =       1, netfrc  =       1
     Box X =  114.902   Box Y =  114.902   Box Z =  114.902
     Alpha =  109.471   Beta  =  109.471   Gamma =  109.471
     NFFT1 =  120       NFFT2 =  120       NFFT3 =  120
     Cutoff=    9.000   Tol   =0.100E-04
     Ewald Coefficient =  0.30768
     Interpolation order =    4

--------------------------------------------------------------------------------
   3.  ATOMIC COORDINATES AND VELOCITIES
--------------------------------------------------------------------------------

default_name                                                                    
 begin time read from input coords =135040.000 ps

 
 Number of triangulated 3-point waters found:    31990

     Sum of charges from parm topology file =  -0.00000047
     Forcing neutrality...

| Dynamic Memory, Types Used:
| Reals             3080462
| Integers          3650456

| Nonbonded Pairs Initial Allocation:    23074056

| GPU memory information (estimate):
| KB of GPU memory in use:    789634
| KB of CPU memory in use:    210424

--------------------------------------------------------------------------------
   4.  RESULTS
--------------------------------------------------------------------------------

wrapping first mol.:      -38.30066      -54.16531       93.81709

 NSTEP =    20000   TIME(PS) =  135080.000  TEMP(K) =   309.25  PRESS =     0.0
 Etot   =   -239315.7059  EKtot   =     62973.3828  EPtot      =   -302289.0888
 BOND   =      2068.9234  ANGLE   =      2444.0792  DIHED      =      1432.4386
 UB     =         0.0000  IMP     =         0.0000  CMAP       =       264.4545
 1-4 NB =      1161.6242  1-4 EEL =     15457.0557  VDWAALS    =     40867.1758
 EELEC  =   -365984.8401  EHBOND  =         0.0000  RESTRAINT  =         0.0000
 ------------------------------------------------------------------------------

wrapping first mol.:      -38.30066      -54.16531       93.81709

 NSTEP =    40000   TIME(PS) =  135120.000  TEMP(K) =   310.16  PRESS =     0.0
 Etot   =   -238531.1538  EKtot   =     63158.5977  EPtot      =   -301689.7515
 BOND   =      2131.4695  ANGLE   =      2475.9220  DIHED      =      1420.8954
 UB     =         0.0000  IMP     =         0.0000  CMAP       =       266.6241
 1-4 NB =      1182.1750  1-4 EEL =     15476.1926  VDWAALS    =     40709.1658
 EELEC  =   -365352.1959  EHBOND  =         0.0000  RESTRAINT  =         0.0000
 ------------------------------------------------------------------------------

wrapping first mol.:      -38.30066      -54.16531       93.81709

 NSTEP =    60000   TIME(PS) =  135160.000  TEMP(K) =   306.91  PRESS =     0.0
 Etot   =   -239032.3754  EKtot   =     62498.3359  EPtot      =   -301530.7113
 BOND   =      2079.9303  ANGLE   =      2491.0052  DIHED      =      1424.7779
 UB     =         0.0000  IMP     =         0.0000  CMAP       =       253.4295
 1-4 NB =      1175.3173  1-4 EEL =     15341.4192  VDWAALS    =     40712.0950
 EELEC  =   -365008.6855  EHBOND  =         0.0000  RESTRAINT  =         0.0000
 ------------------------------------------------------------------------------

wrapping first mol.:      -38.30066      -54.16531       93.81709

 NSTEP =    80000   TIME(PS) =  135200.000  TEMP(K) =   310.50  PRESS =     0.0
 Etot   =   -238315.1596  EKtot   =     63228.1172  EPtot      =   -301543.2768
 BOND   =      2089.8917  ANGLE   =      2463.0999  DIHED      =      1451.2071
 UB     =         0.0000  IMP     =         0.0000  CMAP       =       258.9525
 1-4 NB =      1181.2232  1-4 EEL =     15385.2913  VDWAALS    =     40623.7209
 EELEC  =   -364996.6635  EHBOND  =         0.0000  RESTRAINT  =         0.0000
 ------------------------------------------------------------------------------

wrapping first mol.:      -38.30066      -54.16531       93.81709

 NSTEP =   100000   TIME(PS) =  135240.000  TEMP(K) =   309.37  PRESS =     0.0
 Etot   =   -238829.3379  EKtot   =     62998.4219  EPtot      =   -301827.7597
 BOND   =      2092.0898  ANGLE   =      2380.6239  DIHED      =      1422.4267
 UB     =         0.0000  IMP     =         0.0000  CMAP       =       249.3509
 1-4 NB =      1181.4043  1-4 EEL =     15462.0488  VDWAALS    =     40668.1616
 EELEC  =   -365283.8656  EHBOND  =         0.0000  RESTRAINT  =         0.0000
 ------------------------------------------------------------------------------

wrapping first mol.:      -38.30066      -54.16531       93.81709

 NSTEP =   120000   TIME(PS) =  135280.000  TEMP(K) =   310.45  PRESS =     0.0
 Etot   =   -238751.3418  EKtot   =     63217.7188  EPtot      =   -301969.0606
 BOND   =      2152.3554  ANGLE   =      2532.6945  DIHED      =      1391.5582
 UB     =         0.0000  IMP     =         0.0000  CMAP       =       262.9502
 1-4 NB =      1148.3219  1-4 EEL =     15369.2256  VDWAALS    =     40499.0141
 EELEC  =   -365325.1806  EHBOND  =         0.0000  RESTRAINT  =         0.0000
 ------------------------------------------------------------------------------

wrapping first mol.:      -38.30066      -54.16531       93.81709

 NSTEP =   140000   TIME(PS) =  135320.000  TEMP(K) =   308.74  PRESS =     0.0
 Etot   =   -238792.2733  EKtot   =     62869.5586  EPtot      =   -301661.8319
 BOND   =      2073.6944  ANGLE   =      2435.0715  DIHED      =      1404.6002
 UB     =         0.0000  IMP     =         0.0000  CMAP       =       269.9902
 1-4 NB =      1139.0063  1-4 EEL =     15423.9346  VDWAALS    =     39844.4306
 EELEC  =   -364252.5596  EHBOND  =         0.0000  RESTRAINT  =         0.0000
 ------------------------------------------------------------------------------

wrapping first mol.:      -38.30066      -54.16531       93.81709

 NSTEP =   160000   TIME(PS) =  135360.000  TEMP(K) =   311.26  PRESS =     0.0
 Etot   =   -238939.8668  EKtot   =     63383.5352  EPtot      =   -302323.4020
 BOND   =      2121.3232  ANGLE   =      2376.9869  DIHED      =      1407.9454
 UB     =         0.0000  IMP     =         0.0000  CMAP       =       272.9456
 1-4 NB =      1166.7884  1-4 EEL =     15390.9557  VDWAALS    =     40318.7821
 EELEC  =   -365379.1293  EHBOND  =         0.0000  RESTRAINT  =         0.0000
 ------------------------------------------------------------------------------

wrapping first mol.:      -38.30066      -54.16531       93.81709

 NSTEP =   180000   TIME(PS) =  135400.000  TEMP(K) =   308.23  PRESS =     0.0
 Etot   =   -238693.5977  EKtot   =     62767.1250  EPtot      =   -301460.7227
 BOND   =      2100.5497  ANGLE   =      2438.4347  DIHED      =      1439.0870
 UB     =         0.0000  IMP     =         0.0000  CMAP       =       250.4657
 1-4 NB =      1181.8000  1-4 EEL =     15305.9027  VDWAALS    =     40693.8269
 EELEC  =   -364870.7893  EHBOND  =         0.0000  RESTRAINT  =         0.0000
 ------------------------------------------------------------------------------

wrapping first mol.:      -38.30066      -54.16531       93.81709

 NSTEP =   200000   TIME(PS) =  135440.000  TEMP(K) =   308.96  PRESS =     0.0
 Etot   =   -238531.3820  EKtot   =     62914.8633  EPtot      =   -301446.2452
 BOND   =      2155.0617  ANGLE   =      2482.1923  DIHED      =      1418.1324
 UB     =         0.0000  IMP     =         0.0000  CMAP       =       248.7591
 1-4 NB =      1169.7013  1-4 EEL =     15382.0839  VDWAALS    =     40088.9859
 EELEC  =   -364391.1618  EHBOND  =         0.0000  RESTRAINT  =         0.0000
 ------------------------------------------------------------------------------

wrapping first mol.:      -38.30066      -54.16531       93.81709

 NSTEP =   220000   TIME(PS) =  135480.000  TEMP(K) =   310.12  PRESS =     0.0
 Etot   =   -238351.0968  EKtot   =     63151.4844  EPtot      =   -301502.5812
 BOND   =      2091.2770  ANGLE   =      2384.7831  DIHED      =      1421.2382
 UB     =         0.0000  IMP     =         0.0000  CMAP       =       265.0163
 1-4 NB =      1169.8339  1-4 EEL =     15374.4848  VDWAALS    =     40366.6981
 EELEC  =   -364575.9125  EHBOND  =         0.0000  RESTRAINT  =         0.0000
 ------------------------------------------------------------------------------

wrapping first mol.:      -38.30066      -54.16531       93.81709

 NSTEP =   240000   TIME(PS) =  135520.000  TEMP(K) =   309.36  PRESS =     0.0
 Etot   =   -238550.5486  EKtot   =     62996.2461  EPtot      =   -301546.7947
 BOND   =      2060.0192  ANGLE   =      2412.6793  DIHED      =      1428.3178
 UB     =         0.0000  IMP     =         0.0000  CMAP       =       276.6412
 1-4 NB =      1192.4537  1-4 EEL =     15391.2784  VDWAALS    =     40425.0207
 EELEC  =   -364733.2049  EHBOND  =         0.0000  RESTRAINT  =         0.0000
 ------------------------------------------------------------------------------

wrapping first mol.:      -38.30066      -54.16531       93.81709

 NSTEP =   260000   TIME(PS) =  135560.000  TEMP(K) =   309.84  PRESS =     0.0
 Etot   =   -238728.1801  EKtot   =     63095.3633  EPtot      =   -301823.5434
 BOND   =      2121.3266  ANGLE   =      2424.2835  DIHED      =      1432.0073
 UB     =         0.0000  IMP     =         0.0000  CMAP       =       249.9843
 1-4 NB =      1173.0061  1-4 EEL =     15401.8947  VDWAALS    =     40801.0624
 EELEC  =   -365427.1082  EHBOND  =         0.0000  RESTRAINT  =         0.0000
 ------------------------------------------------------------------------------

wrapping first mol.:      -38.30066      -54.16531       93.81709

 NSTEP =   280000   TIME(PS) =  135600.000  TEMP(K) =   310.14  PRESS =     0.0
 Etot   =   -238446.3328  EKtot   =     63156.3711  EPtot      =   -301602.7039
 BOND   =      2137.5416  ANGLE   =      2466.7230  DIHED      =      1408.2135
 UB     =         0.0000  IMP     =         0.0000  CMAP       =       238.6495
 1-4 NB =      1189.4566  1-4 EEL =     15476.5434  VDWAALS    =     40569.5093
 EELEC  =   -365089.3408  EHBOND  =         0.0000  RESTRAINT  =         0.0000
 ------------------------------------------------------------------------------

wrapping first mol.:      -38.30066      -54.16531       93.81709

 NSTEP =   300000   TIME(PS) =  135640.000  TEMP(K) =   311.10  PRESS =     0.0
 Etot   =   -237933.9752  EKtot   =     63350.6289  EPtot      =   -301284.6041
 BOND   =      2100.1815  ANGLE   =      2385.2313  DIHED      =      1413.6846
 UB     =         0.0000  IMP     =         0.0000  CMAP       =       263.2719
 1-4 NB =      1172.5474  1-4 EEL =     15365.3523  VDWAALS    =     40565.3484
 EELEC  =   -364550.2215  EHBOND  =         0.0000  RESTRAINT  =         0.0000
 ------------------------------------------------------------------------------

wrapping first mol.:      -38.30066      -54.16531       93.81709

 NSTEP =   320000   TIME(PS) =  135680.000  TEMP(K) =   309.71  PRESS =     0.0
 Etot   =   -239133.1594  EKtot   =     63068.6406  EPtot      =   -302201.8000
 BOND   =      2088.9440  ANGLE   =      2370.5755  DIHED      =      1384.1092
 UB     =         0.0000  IMP     =         0.0000  CMAP       =       268.0202
 1-4 NB =      1158.7023  1-4 EEL =     15414.4731  VDWAALS    =     41064.3962
 EELEC  =   -365951.0206  EHBOND  =         0.0000  RESTRAINT  =         0.0000
 ------------------------------------------------------------------------------

wrapping first mol.:      -38.30066      -54.16531       93.81709

 NSTEP =   340000   TIME(PS) =  135720.000  TEMP(K) =   310.36  PRESS =     0.0
 Etot   =   -238769.6470  EKtot   =     63199.5859  EPtot      =   -301969.2330
 BOND   =      2143.8817  ANGLE   =      2380.7534  DIHED      =      1392.5040
 UB     =         0.0000  IMP     =         0.0000  CMAP       =       274.5454
 1-4 NB =      1163.6404  1-4 EEL =     15376.2212  VDWAALS    =     40938.8128
 EELEC  =   -365639.5918  EHBOND  =         0.0000  RESTRAINT  =         0.0000
 ------------------------------------------------------------------------------

wrapping first mol.:      -38.30066      -54.16531       93.81709

 NSTEP =   360000   TIME(PS) =  135760.000  TEMP(K) =   310.86  PRESS =     0.0
 Etot   =   -239113.6911  EKtot   =     63302.3984  EPtot      =   -302416.0896
 BOND   =      2112.0980  ANGLE   =      2427.2025  DIHED      =      1428.4231
 UB     =         0.0000  IMP     =         0.0000  CMAP       =       245.0466
 1-4 NB =      1180.9526  1-4 EEL =     15360.0653  VDWAALS    =     40808.9691
 EELEC  =   -365978.8468  EHBOND  =         0.0000  RESTRAINT  =         0.0000
 ------------------------------------------------------------------------------

wrapping first mol.:      -38.30066      -54.16531       93.81709

 NSTEP =   380000   TIME(PS) =  135800.000  TEMP(K) =   308.83  PRESS =     0.0
 Etot   =   -238625.6615  EKtot   =     62888.1719  EPtot      =   -301513.8334
 BOND   =      2112.5832  ANGLE   =      2402.6171  DIHED      =      1375.7150
 UB     =         0.0000  IMP     =         0.0000  CMAP       =       259.6631
 1-4 NB =      1179.6575  1-4 EEL =     15439.5970  VDWAALS    =     40668.1534
 EELEC  =   -364951.8197  EHBOND  =         0.0000  RESTRAINT  =         0.0000
 ------------------------------------------------------------------------------

wrapping first mol.:      -38.30066      -54.16531       93.81709

 NSTEP =   400000   TIME(PS) =  135840.000  TEMP(K) =   310.46  PRESS =     0.0
 Etot   =   -238621.2489  EKtot   =     63221.4531  EPtot      =   -301842.7021
 BOND   =      2088.4379  ANGLE   =      2457.0373  DIHED      =      1398.9385
 UB     =         0.0000  IMP     =         0.0000  CMAP       =       246.2267
 1-4 NB =      1187.6887  1-4 EEL =     15469.0680  VDWAALS    =     40652.0118
 EELEC  =   -365342.1110  EHBOND  =         0.0000  RESTRAINT  =         0.0000
 ------------------------------------------------------------------------------

wrapping first mol.:      -38.30066      -54.16531       93.81709

 NSTEP =   420000   TIME(PS) =  135880.000  TEMP(K) =   310.10  PRESS =     0.0
 Etot   =   -238756.8749  EKtot   =     63146.9727  EPtot      =   -301903.8476
 BOND   =      2081.5384  ANGLE   =      2449.3553  DIHED      =      1430.1302
 UB     =         0.0000  IMP     =         0.0000  CMAP       =       244.8198
 1-4 NB =      1170.0746  1-4 EEL =     15284.3601  VDWAALS    =     40814.1993
 EELEC  =   -365378.3252  EHBOND  =         0.0000  RESTRAINT  =         0.0000
 ------------------------------------------------------------------------------

wrapping first mol.:      -38.30066      -54.16531       93.81709

 NSTEP =   440000   TIME(PS) =  135920.000  TEMP(K) =   310.79  PRESS =     0.0
 Etot   =   -238504.5588  EKtot   =     63287.2070  EPtot      =   -301791.7658
 BOND   =      2059.2793  ANGLE   =      2381.6557  DIHED      =      1403.4867
 UB     =         0.0000  IMP     =         0.0000  CMAP       =       248.9906
 1-4 NB =      1155.7306  1-4 EEL =     15366.5988  VDWAALS    =     40371.5556
 EELEC  =   -364779.0631  EHBOND  =         0.0000  RESTRAINT  =         0.0000
 ------------------------------------------------------------------------------

wrapping first mol.:      -38.30066      -54.16531       93.81709

 NSTEP =   460000   TIME(PS) =  135960.000  TEMP(K) =   310.20  PRESS =     0.0
 Etot   =   -238520.4958  EKtot   =     63168.6992  EPtot      =   -301689.1950
 BOND   =      2096.0527  ANGLE   =      2456.5179  DIHED      =      1393.4588
 UB     =         0.0000  IMP     =         0.0000  CMAP       =       253.3948
 1-4 NB =      1172.9790  1-4 EEL =     15355.2426  VDWAALS    =     40512.2098
 EELEC  =   -364929.0507  EHBOND  =         0.0000  RESTRAINT  =         0.0000
 ------------------------------------------------------------------------------

wrapping first mol.:      -38.30066      -54.16531       93.81709

 NSTEP =   480000   TIME(PS) =  136000.000  TEMP(K) =   310.83  PRESS =     0.0
 Etot   =   -238006.4859  EKtot   =     63295.2617  EPtot      =   -301301.7476
 BOND   =      2109.0346  ANGLE   =      2438.2551  DIHED      =      1418.7312
 UB     =         0.0000  IMP     =         0.0000  CMAP       =       268.7315
 1-4 NB =      1153.6919  1-4 EEL =     15422.6750  VDWAALS    =     40702.3856
 EELEC  =   -364815.2525  EHBOND  =         0.0000  RESTRAINT  =         0.0000
 ------------------------------------------------------------------------------

wrapping first mol.:      -38.30066      -54.16531       93.81709

 NSTEP =   500000   TIME(PS) =  136040.000  TEMP(K) =   307.56  PRESS =     0.0
 Etot   =   -239446.2849  EKtot   =     62629.3516  EPtot      =   -302075.6364
 BOND   =      2054.4065  ANGLE   =      2425.4886  DIHED      =      1433.8391
 UB     =         0.0000  IMP     =         0.0000  CMAP       =       242.3070
 1-4 NB =      1178.1396  1-4 EEL =     15425.0655  VDWAALS    =     40835.9093
 EELEC  =   -365670.7920  EHBOND  =         0.0000  RESTRAINT  =         0.0000
 ------------------------------------------------------------------------------

wrapping first mol.:      -38.30066      -54.16531       93.81709

 NSTEP =   520000   TIME(PS) =  136080.000  TEMP(K) =   308.51  PRESS =     0.0
 Etot   =   -238745.5231  EKtot   =     62824.1719  EPtot      =   -301569.6950
 BOND   =      2069.3060  ANGLE   =      2434.2843  DIHED      =      1414.2950
 UB     =         0.0000  IMP     =         0.0000  CMAP       =       259.6850
 1-4 NB =      1159.0846  1-4 EEL =     15445.4036  VDWAALS    =     40870.5343
 EELEC  =   -365222.2879  EHBOND  =         0.0000  RESTRAINT  =         0.0000
 ------------------------------------------------------------------------------

wrapping first mol.:      -38.30066      -54.16531       93.81709

 NSTEP =   540000   TIME(PS) =  136120.000  TEMP(K) =   310.46  PRESS =     0.0
 Etot   =   -238589.8918  EKtot   =     63220.8281  EPtot      =   -301810.7199
 BOND   =      2056.1876  ANGLE   =      2474.8765  DIHED      =      1424.5281
 UB     =         0.0000  IMP     =         0.0000  CMAP       =       248.0975
 1-4 NB =      1158.0560  1-4 EEL =     15413.5226  VDWAALS    =     40685.1411
 EELEC  =   -365271.1294  EHBOND  =         0.0000  RESTRAINT  =         0.0000
 ------------------------------------------------------------------------------

wrapping first mol.:      -38.30066      -54.16531       93.81709

 NSTEP =   560000   TIME(PS) =  136160.000  TEMP(K) =   309.65  PRESS =     0.0
 Etot   =   -238628.2366  EKtot   =     63055.5312  EPtot      =   -301683.7678
 BOND   =      2155.4695  ANGLE   =      2350.3637  DIHED      =      1425.5753
 UB     =         0.0000  IMP     =         0.0000  CMAP       =       248.4609
 1-4 NB =      1176.0365  1-4 EEL =     15457.0194  VDWAALS    =     40783.6292
 EELEC  =   -365280.3223  EHBOND  =         0.0000  RESTRAINT  =         0.0000
 ------------------------------------------------------------------------------

wrapping first mol.:      -38.30066      -54.16531       93.81709

 NSTEP =   580000   TIME(PS) =  136200.000  TEMP(K) =   310.45  PRESS =     0.0
 Etot   =   -238597.9052  EKtot   =     63218.2812  EPtot      =   -301816.1864
 BOND   =      2071.1656  ANGLE   =      2450.3149  DIHED      =      1460.2788
 UB     =         0.0000  IMP     =         0.0000  CMAP       =       239.3331
 1-4 NB =      1199.9977  1-4 EEL =     15406.7395  VDWAALS    =     40218.7785
 EELEC  =   -364862.7944  EHBOND  =         0.0000  RESTRAINT  =         0.0000
 ------------------------------------------------------------------------------

wrapping first mol.:      -38.30066      -54.16531       93.81709

 NSTEP =   600000   TIME(PS) =  136240.000  TEMP(K) =   310.13  PRESS =     0.0
 Etot   =   -239083.3204  EKtot   =     63153.7500  EPtot      =   -302237.0704
 BOND   =      2107.0064  ANGLE   =      2423.4271  DIHED      =      1443.3148
 UB     =         0.0000  IMP     =         0.0000  CMAP       =       241.9265
 1-4 NB =      1162.7561  1-4 EEL =     15387.5901  VDWAALS    =     40798.8354
 EELEC  =   -365801.9268  EHBOND  =         0.0000  RESTRAINT  =         0.0000
 ------------------------------------------------------------------------------

wrapping first mol.:      -38.30066      -54.16531       93.81709

 NSTEP =   620000   TIME(PS) =  136280.000  TEMP(K) =   308.53  PRESS =     0.0
 Etot   =   -239304.4590  EKtot   =     62828.4883  EPtot      =   -302132.9473
 BOND   =      2048.3879  ANGLE   =      2443.4728  DIHED      =      1445.8977
 UB     =         0.0000  IMP     =         0.0000  CMAP       =       245.8993
 1-4 NB =      1178.0584  1-4 EEL =     15372.7159  VDWAALS    =     41069.7671
 EELEC  =   -365937.1464  EHBOND  =         0.0000  RESTRAINT  =         0.0000
 ------------------------------------------------------------------------------

wrapping first mol.:      -38.30066      -54.16531       93.81709

 NSTEP =   640000   TIME(PS) =  136320.000  TEMP(K) =   309.48  PRESS =     0.0
 Etot   =   -239207.9802  EKtot   =     63021.9883  EPtot      =   -302229.9684
 BOND   =      2079.5030  ANGLE   =      2374.3238  DIHED      =      1414.8961
 UB     =         0.0000  IMP     =         0.0000  CMAP       =       247.3936
 1-4 NB =      1200.8632  1-4 EEL =     15472.8741  VDWAALS    =     40668.4447
 EELEC  =   -365688.2670  EHBOND  =         0.0000  RESTRAINT  =         0.0000
 ------------------------------------------------------------------------------

wrapping first mol.:      -38.30066      -54.16531       93.81709

 NSTEP =   660000   TIME(PS) =  136360.000  TEMP(K) =   309.28  PRESS =     0.0
 Etot   =   -239475.3722  EKtot   =     62980.4375  EPtot      =   -302455.8097
 BOND   =      2037.7504  ANGLE   =      2459.3172  DIHED      =      1422.2161
 UB     =         0.0000  IMP     =         0.0000  CMAP       =       259.4977
 1-4 NB =      1191.4667  1-4 EEL =     15420.2779  VDWAALS    =     40545.9318
 EELEC  =   -365792.2677  EHBOND  =         0.0000  RESTRAINT  =         0.0000
 ------------------------------------------------------------------------------

wrapping first mol.:      -38.30066      -54.16531       93.81709

 NSTEP =   680000   TIME(PS) =  136400.000  TEMP(K) =   309.50  PRESS =     0.0
 Etot   =   -238755.3754  EKtot   =     63026.0430  EPtot      =   -301781.4184
 BOND   =      2084.6128  ANGLE   =      2408.9119  DIHED      =      1377.3363
 UB     =         0.0000  IMP     =         0.0000  CMAP       =       256.2808
 1-4 NB =      1179.9248  1-4 EEL =     15378.0837  VDWAALS    =     40786.8329
 EELEC  =   -365253.4015  EHBOND  =         0.0000  RESTRAINT  =         0.0000
 ------------------------------------------------------------------------------

wrapping first mol.:      -38.30066      -54.16531       93.81709

 NSTEP =   700000   TIME(PS) =  136440.000  TEMP(K) =   311.47  PRESS =     0.0
 Etot   =   -238853.4870  EKtot   =     63426.0078  EPtot      =   -302279.4948
 BOND   =      2129.7434  ANGLE   =      2380.6886  DIHED      =      1402.4896
 UB     =         0.0000  IMP     =         0.0000  CMAP       =       245.9993
 1-4 NB =      1172.3405  1-4 EEL =     15447.3359  VDWAALS    =     40582.4722
 EELEC  =   -365640.5644  EHBOND  =         0.0000  RESTRAINT  =         0.0000
 ------------------------------------------------------------------------------

wrapping first mol.:      -38.30066      -54.16531       93.81709

 NSTEP =   720000   TIME(PS) =  136480.000  TEMP(K) =   310.28  PRESS =     0.0
 Etot   =   -238441.5026  EKtot   =     63183.3906  EPtot      =   -301624.8932
 BOND   =      2051.1243  ANGLE   =      2473.9772  DIHED      =      1404.4227
 UB     =         0.0000  IMP     =         0.0000  CMAP       =       251.0168
 1-4 NB =      1189.7965  1-4 EEL =     15494.7899  VDWAALS    =     40449.1421
 EELEC  =   -364939.1628  EHBOND  =         0.0000  RESTRAINT  =         0.0000
 ------------------------------------------------------------------------------

wrapping first mol.:      -38.30066      -54.16531       93.81709

 NSTEP =   740000   TIME(PS) =  136520.000  TEMP(K) =   309.45  PRESS =     0.0
 Etot   =   -238676.7711  EKtot   =     63015.8984  EPtot      =   -301692.6695
 BOND   =      2123.6617  ANGLE   =      2418.1353  DIHED      =      1396.4001
 UB     =         0.0000  IMP     =         0.0000  CMAP       =       242.8208
 1-4 NB =      1168.1647  1-4 EEL =     15410.8672  VDWAALS    =     40759.2008
 EELEC  =   -365211.9200  EHBOND  =         0.0000  RESTRAINT  =         0.0000
 ------------------------------------------------------------------------------

wrapping first mol.:      -38.30066      -54.16531       93.81709

 NSTEP =   760000   TIME(PS) =  136560.000  TEMP(K) =   309.78  PRESS =     0.0
 Etot   =   -238906.0577  EKtot   =     63082.7227  EPtot      =   -301988.7803
 BOND   =      2104.1564  ANGLE   =      2422.6355  DIHED      =      1409.2060
 UB     =         0.0000  IMP     =         0.0000  CMAP       =       249.2194
 1-4 NB =      1162.8859  1-4 EEL =     15437.7196  VDWAALS    =     41256.7940
 EELEC  =   -366031.3971  EHBOND  =         0.0000  RESTRAINT  =         0.0000
 ------------------------------------------------------------------------------

wrapping first mol.:      -38.30066      -54.16531       93.81709

 NSTEP =   780000   TIME(PS) =  136600.000  TEMP(K) =   310.13  PRESS =     0.0
 Etot   =   -238460.1583  EKtot   =     63152.9766  EPtot      =   -301613.1349
 BOND   =      2111.4892  ANGLE   =      2360.3396  DIHED      =      1413.1053
 UB     =         0.0000  IMP     =         0.0000  CMAP       =       242.5452
 1-4 NB =      1171.9208  1-4 EEL =     15478.1259  VDWAALS    =     40521.5646
 EELEC  =   -364912.2255  EHBOND  =         0.0000  RESTRAINT  =         0.0000
 ------------------------------------------------------------------------------

wrapping first mol.:      -38.30066      -54.16531       93.81709

 NSTEP =   800000   TIME(PS) =  136640.000  TEMP(K) =   311.73  PRESS =     0.0
 Etot   =   -238387.9154  EKtot   =     63478.8359  EPtot      =   -301866.7513
 BOND   =      2113.7113  ANGLE   =      2362.8292  DIHED      =      1410.1231
 UB     =         0.0000  IMP     =         0.0000  CMAP       =       257.8057
 1-4 NB =      1167.7024  1-4 EEL =     15414.1237  VDWAALS    =     40973.2912
 EELEC  =   -365566.3378  EHBOND  =         0.0000  RESTRAINT  =         0.0000
 ------------------------------------------------------------------------------

wrapping first mol.:      -38.30066      -54.16531       93.81709

 NSTEP =   820000   TIME(PS) =  136680.000  TEMP(K) =   308.46  PRESS =     0.0
 Etot   =   -238726.3889  EKtot   =     62814.4180  EPtot      =   -301540.8069
 BOND   =      2109.0490  ANGLE   =      2427.4814  DIHED      =      1380.5590
 UB     =         0.0000  IMP     =         0.0000  CMAP       =       256.7699
 1-4 NB =      1156.1926  1-4 EEL =     15397.1343  VDWAALS    =     40417.1946
 EELEC  =   -364685.1877  EHBOND  =         0.0000  RESTRAINT  =         0.0000
 ------------------------------------------------------------------------------

wrapping first mol.:      -38.30066      -54.16531       93.81709

 NSTEP =   840000   TIME(PS) =  136720.000  TEMP(K) =   312.31  PRESS =     0.0
 Etot   =   -238351.4040  EKtot   =     63597.9531  EPtot      =   -301949.3571
 BOND   =      2102.2227  ANGLE   =      2381.6744  DIHED      =      1396.7014
 UB     =         0.0000  IMP     =         0.0000  CMAP       =       248.8753
 1-4 NB =      1183.9438  1-4 EEL =     15385.3802  VDWAALS    =     40945.2981
 EELEC  =   -365593.4530  EHBOND  =         0.0000  RESTRAINT  =         0.0000
 ------------------------------------------------------------------------------

wrapping first mol.:      -38.30066      -54.16531       93.81709

 NSTEP =   860000   TIME(PS) =  136760.000  TEMP(K) =   310.15  PRESS =     0.0
 Etot   =   -238838.6066  EKtot   =     63158.1523  EPtot      =   -301996.7589
 BOND   =      2080.1394  ANGLE   =      2474.2869  DIHED      =      1407.2604
 UB     =         0.0000  IMP     =         0.0000  CMAP       =       255.2794
 1-4 NB =      1155.3876  1-4 EEL =     15385.7342  VDWAALS    =     40780.1767
 EELEC  =   -365535.0234  EHBOND  =         0.0000  RESTRAINT  =         0.0000
 ------------------------------------------------------------------------------

wrapping first mol.:      -38.30066      -54.16531       93.81709

 NSTEP =   880000   TIME(PS) =  136800.000  TEMP(K) =   309.84  PRESS =     0.0
 Etot   =   -238393.2679  EKtot   =     63094.6445  EPtot      =   -301487.9124
 BOND   =      2117.7386  ANGLE   =      2418.4428  DIHED      =      1429.4326
 UB     =         0.0000  IMP     =         0.0000  CMAP       =       240.0781
 1-4 NB =      1160.6533  1-4 EEL =     15381.0599  VDWAALS    =     40437.8589
 EELEC  =   -364673.1766  EHBOND  =         0.0000  RESTRAINT  =         0.0000
 ------------------------------------------------------------------------------

wrapping first mol.:      -38.30066      -54.16531       93.81709

 NSTEP =   900000   TIME(PS) =  136840.000  TEMP(K) =   310.41  PRESS =     0.0
 Etot   =   -238557.0165  EKtot   =     63210.2422  EPtot      =   -301767.2586
 BOND   =      2129.5824  ANGLE   =      2424.4016  DIHED      =      1405.5084
 UB     =         0.0000  IMP     =         0.0000  CMAP       =       252.5968
 1-4 NB =      1182.9287  1-4 EEL =     15438.0046  VDWAALS    =     40590.1233
 EELEC  =   -365190.4045  EHBOND  =         0.0000  RESTRAINT  =         0.0000
 ------------------------------------------------------------------------------

wrapping first mol.:      -38.30066      -54.16531       93.81709

 NSTEP =   920000   TIME(PS) =  136880.000  TEMP(K) =   310.03  PRESS =     0.0
 Etot   =   -238356.3179  EKtot   =     63133.0039  EPtot      =   -301489.3218
 BOND   =      2067.5473  ANGLE   =      2465.7831  DIHED      =      1404.8297
 UB     =         0.0000  IMP     =         0.0000  CMAP       =       258.4971
 1-4 NB =      1186.1538  1-4 EEL =     15395.1171  VDWAALS    =     40629.3277
 EELEC  =   -364896.5776  EHBOND  =         0.0000  RESTRAINT  =         0.0000
 ------------------------------------------------------------------------------

wrapping first mol.:      -38.30066      -54.16531       93.81709

 NSTEP =   940000   TIME(PS) =  136920.000  TEMP(K) =   309.57  PRESS =     0.0
 Etot   =   -239230.4019  EKtot   =     63039.9180  EPtot      =   -302270.3198
 BOND   =      2093.0794  ANGLE   =      2413.7060  DIHED      =      1416.3585
 UB     =         0.0000  IMP     =         0.0000  CMAP       =       247.6153
 1-4 NB =      1159.8675  1-4 EEL =     15454.3292  VDWAALS    =     40642.9783
 EELEC  =   -365698.2540  EHBOND  =         0.0000  RESTRAINT  =         0.0000
 ------------------------------------------------------------------------------

wrapping first mol.:      -38.30066      -54.16531       93.81709

 NSTEP =   960000   TIME(PS) =  136960.000  TEMP(K) =   309.01  PRESS =     0.0
 Etot   =   -238762.5189  EKtot   =     62924.7852  EPtot      =   -301687.3041
 BOND   =      2044.6295  ANGLE   =      2381.2289  DIHED      =      1389.4186
 UB     =         0.0000  IMP     =         0.0000  CMAP       =       264.8553
 1-4 NB =      1167.0348  1-4 EEL =     15441.0546  VDWAALS    =     40504.4080
 EELEC  =   -364879.9337  EHBOND  =         0.0000  RESTRAINT  =         0.0000
 ------------------------------------------------------------------------------

wrapping first mol.:      -38.30066      -54.16531       93.81709

 NSTEP =   980000   TIME(PS) =  137000.000  TEMP(K) =   311.27  PRESS =     0.0
 Etot   =   -238421.0128  EKtot   =     63385.8164  EPtot      =   -301806.8292
 BOND   =      2143.8823  ANGLE   =      2393.5787  DIHED      =      1437.0910
 UB     =         0.0000  IMP     =         0.0000  CMAP       =       258.7024
 1-4 NB =      1173.6850  1-4 EEL =     15510.6912  VDWAALS    =     41129.9398
 EELEC  =   -365854.3996  EHBOND  =         0.0000  RESTRAINT  =         0.0000
 ------------------------------------------------------------------------------

wrapping first mol.:      -38.30066      -54.16531       93.81709

 NSTEP =  1000000   TIME(PS) =  137040.000  TEMP(K) =   308.00  PRESS =     0.0
 Etot   =   -239440.2907  EKtot   =     62720.6875  EPtot      =   -302160.9782
 BOND   =      2145.2817  ANGLE   =      2437.1800  DIHED      =      1445.8582
 UB     =         0.0000  IMP     =         0.0000  CMAP       =       250.1144
 1-4 NB =      1151.6774  1-4 EEL =     15469.4148  VDWAALS    =     40863.4582
 EELEC  =   -365923.9628  EHBOND  =         0.0000  RESTRAINT  =         0.0000
 ------------------------------------------------------------------------------

wrapping first mol.:      -38.30066      -54.16531       93.81709

 NSTEP =  1020000   TIME(PS) =  137080.000  TEMP(K) =   310.28  PRESS =     0.0
 Etot   =   -238841.6026  EKtot   =     63183.5625  EPtot      =   -302025.1651
 BOND   =      2109.3184  ANGLE   =      2430.4520  DIHED      =      1396.8461
 UB     =         0.0000  IMP     =         0.0000  CMAP       =       254.0650
 1-4 NB =      1185.9067  1-4 EEL =     15383.5284  VDWAALS    =     40800.1794
 EELEC  =   -365585.4611  EHBOND  =         0.0000  RESTRAINT  =         0.0000
 ------------------------------------------------------------------------------

wrapping first mol.:      -38.30066      -54.16531       93.81709

 NSTEP =  1040000   TIME(PS) =  137120.000  TEMP(K) =   309.61  PRESS =     0.0
 Etot   =   -237999.0954  EKtot   =     63047.7109  EPtot      =   -301046.8064
 BOND   =      2127.3080  ANGLE   =      2442.5519  DIHED      =      1396.5743
 UB     =         0.0000  IMP     =         0.0000  CMAP       =       246.9073
 1-4 NB =      1186.6670  1-4 EEL =     15531.8921  VDWAALS    =     40219.5062
 EELEC  =   -364198.2132  EHBOND  =         0.0000  RESTRAINT  =         0.0000
 ------------------------------------------------------------------------------

wrapping first mol.:      -38.30066      -54.16531       93.81709

 NSTEP =  1060000   TIME(PS) =  137160.000  TEMP(K) =   308.99  PRESS =     0.0
 Etot   =   -238509.6892  EKtot   =     62920.7148  EPtot      =   -301430.4041
 BOND   =      2093.5720  ANGLE   =      2465.3771  DIHED      =      1397.1858
 UB     =         0.0000  IMP     =         0.0000  CMAP       =       266.3226
 1-4 NB =      1147.4028  1-4 EEL =     15378.2846  VDWAALS    =     40696.3782
 EELEC  =   -364874.9271  EHBOND  =         0.0000  RESTRAINT  =         0.0000
 ------------------------------------------------------------------------------

wrapping first mol.:      -38.30066      -54.16531       93.81709

 NSTEP =  1080000   TIME(PS) =  137200.000  TEMP(K) =   311.29  PRESS =     0.0
 Etot   =   -238413.5605  EKtot   =     63389.8750  EPtot      =   -301803.4355
 BOND   =      2052.4691  ANGLE   =      2412.0039  DIHED      =      1390.0557
 UB     =         0.0000  IMP     =         0.0000  CMAP       =       262.7925
 1-4 NB =      1185.7303  1-4 EEL =     15481.8420  VDWAALS    =     40691.9199
 EELEC  =   -365280.2489  EHBOND  =         0.0000  RESTRAINT  =         0.0000
 ------------------------------------------------------------------------------

wrapping first mol.:      -38.30066      -54.16531       93.81709

 NSTEP =  1100000   TIME(PS) =  137240.000  TEMP(K) =   311.34  PRESS =     0.0
 Etot   =   -238506.4913  EKtot   =     63399.8047  EPtot      =   -301906.2960
 BOND   =      2094.2980  ANGLE   =      2443.2271  DIHED      =      1392.4380
 UB     =         0.0000  IMP     =         0.0000  CMAP       =       241.5170
 1-4 NB =      1163.7519  1-4 EEL =     15399.4307  VDWAALS    =     40664.9035
 EELEC  =   -365305.8621  EHBOND  =         0.0000  RESTRAINT  =         0.0000
 ------------------------------------------------------------------------------

wrapping first mol.:      -38.30066      -54.16531       93.81709

 NSTEP =  1120000   TIME(PS) =  137280.000  TEMP(K) =   309.98  PRESS =     0.0
 Etot   =   -238477.7825  EKtot   =     63123.8867  EPtot      =   -301601.6692
 BOND   =      2094.4395  ANGLE   =      2425.2808  DIHED      =      1391.4497
 UB     =         0.0000  IMP     =         0.0000  CMAP       =       252.6271
 1-4 NB =      1172.0625  1-4 EEL =     15488.0857  VDWAALS    =     40502.5967
 EELEC  =   -364928.2111  EHBOND  =         0.0000  RESTRAINT  =         0.0000
 ------------------------------------------------------------------------------

wrapping first mol.:      -38.30066      -54.16531       93.81709

 NSTEP =  1140000   TIME(PS) =  137320.000  TEMP(K) =   309.53  PRESS =     0.0
 Etot   =   -238814.8394  EKtot   =     63031.3750  EPtot      =   -301846.2144
 BOND   =      2072.4329  ANGLE   =      2411.5667  DIHED      =      1395.0684
 UB     =         0.0000  IMP     =         0.0000  CMAP       =       268.7794
 1-4 NB =      1169.2923  1-4 EEL =     15383.9910  VDWAALS    =     40826.5103
 EELEC  =   -365373.8555  EHBOND  =         0.0000  RESTRAINT  =         0.0000
 ------------------------------------------------------------------------------

wrapping first mol.:      -38.30066      -54.16531       93.81709

 NSTEP =  1160000   TIME(PS) =  137360.000  TEMP(K) =   309.10  PRESS =     0.0
 Etot   =   -238806.2021  EKtot   =     62943.5312  EPtot      =   -301749.7334
 BOND   =      2028.9686  ANGLE   =      2432.5461  DIHED      =      1386.8834
 UB     =         0.0000  IMP     =         0.0000  CMAP       =       260.1576
 1-4 NB =      1183.3324  1-4 EEL =     15428.8672  VDWAALS    =     40308.0285
 EELEC  =   -364778.5173  EHBOND  =         0.0000  RESTRAINT  =         0.0000
 ------------------------------------------------------------------------------

wrapping first mol.:      -38.30066      -54.16531       93.81709

 NSTEP =  1180000   TIME(PS) =  137400.000  TEMP(K) =   311.56  PRESS =     0.0
 Etot   =   -238078.8744  EKtot   =     63444.2930  EPtot      =   -301523.1674
 BOND   =      2121.8480  ANGLE   =      2406.7120  DIHED      =      1429.4493
 UB     =         0.0000  IMP     =         0.0000  CMAP       =       277.5935
 1-4 NB =      1168.7524  1-4 EEL =     15435.9845  VDWAALS    =     40888.1385
 EELEC  =   -365251.6457  EHBOND  =         0.0000  RESTRAINT  =         0.0000
 ------------------------------------------------------------------------------

wrapping first mol.:      -38.30066      -54.16531       93.81709

 NSTEP =  1200000   TIME(PS) =  137440.000  TEMP(K) =   310.59  PRESS =     0.0
 Etot   =   -238334.9127  EKtot   =     63246.8672  EPtot      =   -301581.7799
 BOND   =      2131.6699  ANGLE   =      2436.1259  DIHED      =      1420.7638
 UB     =         0.0000  IMP     =         0.0000  CMAP       =       255.8772
 1-4 NB =      1163.8565  1-4 EEL =     15413.3288  VDWAALS    =     40201.1541
 EELEC  =   -364604.5562  EHBOND  =         0.0000  RESTRAINT  =         0.0000
 ------------------------------------------------------------------------------

wrapping first mol.:      -38.30066      -54.16531       93.81709

 NSTEP =  1220000   TIME(PS) =  137480.000  TEMP(K) =   308.64  PRESS =     0.0
 Etot   =   -239276.6936  EKtot   =     62850.1719  EPtot      =   -302126.8655
 BOND   =      2105.6955  ANGLE   =      2409.4630  DIHED      =      1415.4654
 UB     =         0.0000  IMP     =         0.0000  CMAP       =       248.5381
 1-4 NB =      1180.5549  1-4 EEL =     15360.1906  VDWAALS    =     40758.7473
 EELEC  =   -365605.5203  EHBOND  =         0.0000  RESTRAINT  =         0.0000
 ------------------------------------------------------------------------------

wrapping first mol.:      -38.30066      -54.16531       93.81709

 NSTEP =  1240000   TIME(PS) =  137520.000  TEMP(K) =   310.16  PRESS =     0.0
 Etot   =   -238455.0478  EKtot   =     63160.3711  EPtot      =   -301615.4189
 BOND   =      2063.2670  ANGLE   =      2343.6490  DIHED      =      1400.2289
 UB     =         0.0000  IMP     =         0.0000  CMAP       =       255.9937
 1-4 NB =      1179.3180  1-4 EEL =     15394.0412  VDWAALS    =     40873.0735
 EELEC  =   -365124.9902  EHBOND  =         0.0000  RESTRAINT  =         0.0000
 ------------------------------------------------------------------------------

wrapping first mol.:      -38.30066      -54.16531       93.81709

 NSTEP =  1260000   TIME(PS) =  137560.000  TEMP(K) =   310.36  PRESS =     0.0
 Etot   =   -238255.7845  EKtot   =     63199.8984  EPtot      =   -301455.6829
 BOND   =      2044.6556  ANGLE   =      2433.3437  DIHED      =      1416.2451
 UB     =         0.0000  IMP     =         0.0000  CMAP       =       254.6764
 1-4 NB =      1159.8505  1-4 EEL =     15421.7562  VDWAALS    =     41161.1281
 EELEC  =   -365347.3384  EHBOND  =         0.0000  RESTRAINT  =         0.0000
 ------------------------------------------------------------------------------

wrapping first mol.:      -38.30066      -54.16531       93.81709

 NSTEP =  1280000   TIME(PS) =  137600.000  TEMP(K) =   309.77  PRESS =     0.0
 Etot   =   -238383.2754  EKtot   =     63080.9180  EPtot      =   -301464.1934
 BOND   =      2098.0327  ANGLE   =      2420.8093  DIHED      =      1429.5326
 UB     =         0.0000  IMP     =         0.0000  CMAP       =       251.2439
 1-4 NB =      1177.6739  1-4 EEL =     15445.6711  VDWAALS    =     41129.1206
 EELEC  =   -365416.2775  EHBOND  =         0.0000  RESTRAINT  =         0.0000
 ------------------------------------------------------------------------------

wrapping first mol.:      -38.30066      -54.16531       93.81709

 NSTEP =  1300000   TIME(PS) =  137640.000  TEMP(K) =   310.36  PRESS =     0.0
 Etot   =   -238615.6146  EKtot   =     63200.9336  EPtot      =   -301816.5482
 BOND   =      2128.3520  ANGLE   =      2407.9481  DIHED      =      1418.4766
 UB     =         0.0000  IMP     =         0.0000  CMAP       =       281.4831
 1-4 NB =      1180.8519  1-4 EEL =     15401.6521  VDWAALS    =     40984.4432
 EELEC  =   -365619.7552  EHBOND  =         0.0000  RESTRAINT  =         0.0000
 ------------------------------------------------------------------------------

wrapping first mol.:      -38.30066      -54.16531       93.81709

 NSTEP =  1320000   TIME(PS) =  137680.000  TEMP(K) =   310.52  PRESS =     0.0
 Etot   =   -238284.9695  EKtot   =     63232.8320  EPtot      =   -301517.8015
 BOND   =      2040.0493  ANGLE   =      2391.0691  DIHED      =      1400.3290
 UB     =         0.0000  IMP     =         0.0000  CMAP       =       250.6564
 1-4 NB =      1198.3010  1-4 EEL =     15396.4651  VDWAALS    =     40756.4801
 EELEC  =   -364951.1514  EHBOND  =         0.0000  RESTRAINT  =         0.0000
 ------------------------------------------------------------------------------

wrapping first mol.:      -38.30066      -54.16531       93.81709

 NSTEP =  1340000   TIME(PS) =  137720.000  TEMP(K) =   310.40  PRESS =     0.0
 Etot   =   -238604.0814  EKtot   =     63207.6719  EPtot      =   -301811.7533
 BOND   =      2067.7269  ANGLE   =      2475.0319  DIHED      =      1417.1824
 UB     =         0.0000  IMP     =         0.0000  CMAP       =       268.9161
 1-4 NB =      1172.8878  1-4 EEL =     15318.0779  VDWAALS    =     40672.8588
 EELEC  =   -365204.4349  EHBOND  =         0.0000  RESTRAINT  =         0.0000
 ------------------------------------------------------------------------------

wrapping first mol.:      -38.30066      -54.16531       93.81709

 NSTEP =  1360000   TIME(PS) =  137760.000  TEMP(K) =   310.75  PRESS =     0.0
 Etot   =   -238498.8163  EKtot   =     63279.1641  EPtot      =   -301777.9804
 BOND   =      2091.4753  ANGLE   =      2439.0352  DIHED      =      1400.1157
 UB     =         0.0000  IMP     =         0.0000  CMAP       =       252.6193
 1-4 NB =      1166.7000  1-4 EEL =     15328.6775  VDWAALS    =     40822.4987
 EELEC  =   -365279.1022  EHBOND  =         0.0000  RESTRAINT  =         0.0000
 ------------------------------------------------------------------------------

wrapping first mol.:      -38.30066      -54.16531       93.81709

 NSTEP =  1380000   TIME(PS) =  137800.000  TEMP(K) =   311.45  PRESS =     0.0
 Etot   =   -238277.8443  EKtot   =     63422.0078  EPtot      =   -301699.8521
 BOND   =      2073.7902  ANGLE   =      2437.1730  DIHED      =      1428.6280
 UB     =         0.0000  IMP     =         0.0000  CMAP       =       259.4769
 1-4 NB =      1164.8424  1-4 EEL =     15348.1749  VDWAALS    =     40283.5054
 EELEC  =   -364695.4429  EHBOND  =         0.0000  RESTRAINT  =         0.0000
 ------------------------------------------------------------------------------

wrapping first mol.:      -38.30066      -54.16531       93.81709

 NSTEP =  1400000   TIME(PS) =  137840.000  TEMP(K) =   309.48  PRESS =     0.0
 Etot   =   -238298.5865  EKtot   =     63021.8320  EPtot      =   -301320.4185
 BOND   =      2147.5730  ANGLE   =      2403.3719  DIHED      =      1404.8226
 UB     =         0.0000  IMP     =         0.0000  CMAP       =       257.8754
 1-4 NB =      1161.6856  1-4 EEL =     15396.6309  VDWAALS    =     40510.3651
 EELEC  =   -364602.7430  EHBOND  =         0.0000  RESTRAINT  =         0.0000
 ------------------------------------------------------------------------------

wrapping first mol.:      -38.30066      -54.16531       93.81709

 NSTEP =  1420000   TIME(PS) =  137880.000  TEMP(K) =   309.19  PRESS =     0.0
 Etot   =   -239361.0424  EKtot   =     62961.4062  EPtot      =   -302322.4486
 BOND   =      2060.8801  ANGLE   =      2380.3673  DIHED      =      1386.1159
 UB     =         0.0000  IMP     =         0.0000  CMAP       =       242.1697
 1-4 NB =      1177.0674  1-4 EEL =     15488.7001  VDWAALS    =     40653.7063
 EELEC  =   -365711.4554  EHBOND  =         0.0000  RESTRAINT  =         0.0000
 ------------------------------------------------------------------------------

wrapping first mol.:      -38.30066      -54.16531       93.81709

 NSTEP =  1440000   TIME(PS) =  137920.000  TEMP(K) =   310.51  PRESS =     0.0
 Etot   =   -238670.8548  EKtot   =     63230.8320  EPtot      =   -301901.6869
 BOND   =      2068.8358  ANGLE   =      2506.5187  DIHED      =      1418.1605
 UB     =         0.0000  IMP     =         0.0000  CMAP       =       243.4024
 1-4 NB =      1182.2902  1-4 EEL =     15416.5840  VDWAALS    =     40799.9913
 EELEC  =   -365537.4698  EHBOND  =         0.0000  RESTRAINT  =         0.0000
 ------------------------------------------------------------------------------

wrapping first mol.:      -38.30066      -54.16531       93.81709

 NSTEP =  1460000   TIME(PS) =  137960.000  TEMP(K) =   309.80  PRESS =     0.0
 Etot   =   -238727.6540  EKtot   =     63086.1953  EPtot      =   -301813.8493
 BOND   =      2017.6934  ANGLE   =      2388.4140  DIHED      =      1433.9045
 UB     =         0.0000  IMP     =         0.0000  CMAP       =       248.0483
 1-4 NB =      1191.1247  1-4 EEL =     15495.1250  VDWAALS    =     41141.4642
 EELEC  =   -365729.6234  EHBOND  =         0.0000  RESTRAINT  =         0.0000
 ------------------------------------------------------------------------------

wrapping first mol.:      -38.30066      -54.16531       93.81709

 NSTEP =  1480000   TIME(PS) =  138000.000  TEMP(K) =   311.32  PRESS =     0.0
 Etot   =   -237965.2863  EKtot   =     63396.2461  EPtot      =   -301361.5324
 BOND   =      2078.3007  ANGLE   =      2369.1088  DIHED      =      1388.5802
 UB     =         0.0000  IMP     =         0.0000  CMAP       =       263.5962
 1-4 NB =      1156.5670  1-4 EEL =     15444.5351  VDWAALS    =     40101.7443
 EELEC  =   -364163.9647  EHBOND  =         0.0000  RESTRAINT  =         0.0000
 ------------------------------------------------------------------------------

wrapping first mol.:      -38.30066      -54.16531       93.81709

 NSTEP =  1500000   TIME(PS) =  138040.000  TEMP(K) =   308.70  PRESS =     0.0
 Etot   =   -238740.8299  EKtot   =     62861.9570  EPtot      =   -301602.7869
 BOND   =      2110.0222  ANGLE   =      2415.6284  DIHED      =      1423.4451
 UB     =         0.0000  IMP     =         0.0000  CMAP       =       241.4196
 1-4 NB =      1172.7649  1-4 EEL =     15369.6989  VDWAALS    =     40990.8739
 EELEC  =   -365326.6401  EHBOND  =         0.0000  RESTRAINT  =         0.0000
 ------------------------------------------------------------------------------

wrapping first mol.:      -38.30066      -54.16531       93.81709

 NSTEP =  1520000   TIME(PS) =  138080.000  TEMP(K) =   311.00  PRESS =     0.0
 Etot   =   -238323.6001  EKtot   =     63329.8320  EPtot      =   -301653.4322
 BOND   =      2121.7207  ANGLE   =      2350.6747  DIHED      =      1416.8851
 UB     =         0.0000  IMP     =         0.0000  CMAP       =       262.4539
 1-4 NB =      1154.8908  1-4 EEL =     15413.7535  VDWAALS    =     40253.5978
 EELEC  =   -364627.4087  EHBOND  =         0.0000  RESTRAINT  =         0.0000
 ------------------------------------------------------------------------------

wrapping first mol.:      -38.30066      -54.16531       93.81709

 NSTEP =  1540000   TIME(PS) =  138120.000  TEMP(K) =   308.01  PRESS =     0.0
 Etot   =   -239064.0765  EKtot   =     62721.5703  EPtot      =   -301785.6468
 BOND   =      2097.1451  ANGLE   =      2405.1554  DIHED      =      1385.7493
 UB     =         0.0000  IMP     =         0.0000  CMAP       =       272.2789
 1-4 NB =      1186.1051  1-4 EEL =     15351.5247  VDWAALS    =     40645.1638
 EELEC  =   -365128.7691  EHBOND  =         0.0000  RESTRAINT  =         0.0000
 ------------------------------------------------------------------------------

wrapping first mol.:      -38.30066      -54.16531       93.81709

 NSTEP =  1560000   TIME(PS) =  138160.000  TEMP(K) =   308.52  PRESS =     0.0
 Etot   =   -238522.5926  EKtot   =     62825.0117  EPtot      =   -301347.6043
 BOND   =      2068.3623  ANGLE   =      2425.4535  DIHED      =      1423.5359
 UB     =         0.0000  IMP     =         0.0000  CMAP       =       272.0226
 1-4 NB =      1167.2600  1-4 EEL =     15362.8004  VDWAALS    =     40387.6183
 EELEC  =   -364454.6573  EHBOND  =         0.0000  RESTRAINT  =         0.0000
 ------------------------------------------------------------------------------

wrapping first mol.:      -38.30066      -54.16531       93.81709

 NSTEP =  1580000   TIME(PS) =  138200.000  TEMP(K) =   310.03  PRESS =     0.0
 Etot   =   -238691.6329  EKtot   =     63133.0430  EPtot      =   -301824.6759
 BOND   =      2140.7760  ANGLE   =      2389.0670  DIHED      =      1409.0846
 UB     =         0.0000  IMP     =         0.0000  CMAP       =       271.1990
 1-4 NB =      1177.7970  1-4 EEL =     15425.6982  VDWAALS    =     40607.4693
 EELEC  =   -365245.7670  EHBOND  =         0.0000  RESTRAINT  =         0.0000
 ------------------------------------------------------------------------------

wrapping first mol.:      -38.30066      -54.16531       93.81709

 NSTEP =  1600000   TIME(PS) =  138240.000  TEMP(K) =   310.52  PRESS =     0.0
 Etot   =   -238925.4767  EKtot   =     63232.5820  EPtot      =   -302158.0588
 BOND   =      2188.0881  ANGLE   =      2399.6736  DIHED      =      1412.2055
 UB     =         0.0000  IMP     =         0.0000  CMAP       =       254.0510
 1-4 NB =      1176.4115  1-4 EEL =     15342.0584  VDWAALS    =     41518.7097
 EELEC  =   -366449.2565  EHBOND  =         0.0000  RESTRAINT  =         0.0000
 ------------------------------------------------------------------------------

wrapping first mol.:      -38.30066      -54.16531       93.81709

 NSTEP =  1620000   TIME(PS) =  138280.000  TEMP(K) =   310.54  PRESS =     0.0
 Etot   =   -238681.6904  EKtot   =     63235.9727  EPtot      =   -301917.6630
 BOND   =      2008.0662  ANGLE   =      2453.4790  DIHED      =      1417.7253
 UB     =         0.0000  IMP     =         0.0000  CMAP       =       259.7322
 1-4 NB =      1170.5341  1-4 EEL =     15376.7976  VDWAALS    =     40498.0896
 EELEC  =   -365102.0871  EHBOND  =         0.0000  RESTRAINT  =         0.0000
 ------------------------------------------------------------------------------

wrapping first mol.:      -38.30066      -54.16531       93.81709

 NSTEP =  1640000   TIME(PS) =  138320.000  TEMP(K) =   310.56  PRESS =     0.0
 Etot   =   -238326.1030  EKtot   =     63240.6562  EPtot      =   -301566.7592
 BOND   =      2099.8893  ANGLE   =      2400.4393  DIHED      =      1451.8620
 UB     =         0.0000  IMP     =         0.0000  CMAP       =       274.3256
 1-4 NB =      1184.9427  1-4 EEL =     15391.3487  VDWAALS    =     40178.2308
 EELEC  =   -364547.7975  EHBOND  =         0.0000  RESTRAINT  =         0.0000
 ------------------------------------------------------------------------------

wrapping first mol.:      -38.30066      -54.16531       93.81709

 NSTEP =  1660000   TIME(PS) =  138360.000  TEMP(K) =   310.50  PRESS =     0.0
 Etot   =   -238413.6633  EKtot   =     63229.6680  EPtot      =   -301643.3313
 BOND   =      2040.9045  ANGLE   =      2406.0394  DIHED      =      1409.5015
 UB     =         0.0000  IMP     =         0.0000  CMAP       =       258.4489
 1-4 NB =      1191.2235  1-4 EEL =     15388.0365  VDWAALS    =     40816.3335
 EELEC  =   -365153.8192  EHBOND  =         0.0000  RESTRAINT  =         0.0000
 ------------------------------------------------------------------------------

wrapping first mol.:      -38.30066      -54.16531       93.81709

 NSTEP =  1680000   TIME(PS) =  138400.000  TEMP(K) =   310.02  PRESS =     0.0
 Etot   =   -238813.6815  EKtot   =     63132.0508  EPtot      =   -301945.7323
 BOND   =      2017.6997  ANGLE   =      2364.7216  DIHED      =      1396.1736
 UB     =         0.0000  IMP     =         0.0000  CMAP       =       263.2236
 1-4 NB =      1176.5863  1-4 EEL =     15459.0613  VDWAALS    =     41128.8172
 EELEC  =   -365752.0156  EHBOND  =         0.0000  RESTRAINT  =         0.0000
 ------------------------------------------------------------------------------

wrapping first mol.:      -38.30066      -54.16531       93.81709

 NSTEP =  1700000   TIME(PS) =  138440.000  TEMP(K) =   312.04  PRESS =     0.0
 Etot   =   -238343.3136  EKtot   =     63542.6289  EPtot      =   -301885.9425
 BOND   =      2064.5749  ANGLE   =      2474.0090  DIHED      =      1444.3313
 UB     =         0.0000  IMP     =         0.0000  CMAP       =       279.8320
 1-4 NB =      1165.4812  1-4 EEL =     15395.9052  VDWAALS    =     41108.8515
 EELEC  =   -365818.9276  EHBOND  =         0.0000  RESTRAINT  =         0.0000
 ------------------------------------------------------------------------------

wrapping first mol.:      -38.30066      -54.16531       93.81709

 NSTEP =  1720000   TIME(PS) =  138480.000  TEMP(K) =   310.01  PRESS =     0.0
 Etot   =   -238808.1059  EKtot   =     63129.1680  EPtot      =   -301937.2739
 BOND   =      2139.5211  ANGLE   =      2394.0967  DIHED      =      1390.5758
 UB     =         0.0000  IMP     =         0.0000  CMAP       =       257.8096
 1-4 NB =      1183.1012  1-4 EEL =     15313.2242  VDWAALS    =     40903.1904
 EELEC  =   -365518.7929  EHBOND  =         0.0000  RESTRAINT  =         0.0000
 ------------------------------------------------------------------------------

wrapping first mol.:      -38.30066      -54.16531       93.81709

 NSTEP =  1740000   TIME(PS) =  138520.000  TEMP(K) =   311.30  PRESS =     0.0
 Etot   =   -238644.2285  EKtot   =     63390.9102  EPtot      =   -302035.1387
 BOND   =      2069.1257  ANGLE   =      2460.2530  DIHED      =      1420.6064
 UB     =         0.0000  IMP     =         0.0000  CMAP       =       255.4033
 1-4 NB =      1154.0688  1-4 EEL =     15361.1675  VDWAALS    =     40124.7384
 EELEC  =   -364880.5017  EHBOND  =         0.0000  RESTRAINT  =         0.0000
 ------------------------------------------------------------------------------

wrapping first mol.:      -38.30066      -54.16531       93.81709

 NSTEP =  1760000   TIME(PS) =  138560.000  TEMP(K) =   310.71  PRESS =     0.0
 Etot   =   -238648.7346  EKtot   =     63271.4375  EPtot      =   -301920.1721
 BOND   =      2074.6438  ANGLE   =      2511.3650  DIHED      =      1443.1133
 UB     =         0.0000  IMP     =         0.0000  CMAP       =       270.3291
 1-4 NB =      1158.5785  1-4 EEL =     15329.7092  VDWAALS    =     41164.5636
 EELEC  =   -365872.4747  EHBOND  =         0.0000  RESTRAINT  =         0.0000
 ------------------------------------------------------------------------------

wrapping first mol.:      -38.30066      -54.16531       93.81709

 NSTEP =  1780000   TIME(PS) =  138600.000  TEMP(K) =   309.76  PRESS =     0.0
 Etot   =   -238320.2119  EKtot   =     63078.3672  EPtot      =   -301398.5791
 BOND   =      2075.5737  ANGLE   =      2344.4054  DIHED      =      1427.9617
 UB     =         0.0000  IMP     =         0.0000  CMAP       =       265.4261
 1-4 NB =      1140.6778  1-4 EEL =     15340.4149  VDWAALS    =     40586.9830
 EELEC  =   -364580.0217  EHBOND  =         0.0000  RESTRAINT  =         0.0000
 ------------------------------------------------------------------------------

wrapping first mol.:      -38.30066      -54.16531       93.81709

 NSTEP =  1800000   TIME(PS) =  138640.000  TEMP(K) =   310.19  PRESS =     0.0
 Etot   =   -238963.7767  EKtot   =     63165.0508  EPtot      =   -302128.8275
 BOND   =      2097.5514  ANGLE   =      2443.8251  DIHED      =      1411.6586
 UB     =         0.0000  IMP     =         0.0000  CMAP       =       254.3132
 1-4 NB =      1184.8328  1-4 EEL =     15406.2926  VDWAALS    =     40677.4920
 EELEC  =   -365604.7933  EHBOND  =         0.0000  RESTRAINT  =         0.0000
 ------------------------------------------------------------------------------

wrapping first mol.:      -38.30066      -54.16531       93.81709

 NSTEP =  1820000   TIME(PS) =  138680.000  TEMP(K) =   312.53  PRESS =     0.0
 Etot   =   -238582.9188  EKtot   =     63642.3711  EPtot      =   -302225.2899
 BOND   =      2014.0245  ANGLE   =      2439.6836  DIHED      =      1392.6918
 UB     =         0.0000  IMP     =         0.0000  CMAP       =       271.7638
 1-4 NB =      1182.0581  1-4 EEL =     15394.7605  VDWAALS    =     40670.5243
 EELEC  =   -365590.7965  EHBOND  =         0.0000  RESTRAINT  =         0.0000
 ------------------------------------------------------------------------------

wrapping first mol.:      -38.30066      -54.16531       93.81709

 NSTEP =  1840000   TIME(PS) =  138720.000  TEMP(K) =   310.55  PRESS =     0.0
 Etot   =   -238845.0765  EKtot   =     63238.0664  EPtot      =   -302083.1430
 BOND   =      2099.6254  ANGLE   =      2371.6799  DIHED      =      1425.1522
 UB     =         0.0000  IMP     =         0.0000  CMAP       =       256.2610
 1-4 NB =      1157.6523  1-4 EEL =     15387.7734  VDWAALS    =     41039.4973
 EELEC  =   -365820.7844  EHBOND  =         0.0000  RESTRAINT  =         0.0000
 ------------------------------------------------------------------------------

wrapping first mol.:      -38.30066      -54.16531       93.81709

 NSTEP =  1860000   TIME(PS) =  138760.000  TEMP(K) =   312.20  PRESS =     0.0
 Etot   =   -237897.3091  EKtot   =     63575.8711  EPtot      =   -301473.1802
 BOND   =      2055.6639  ANGLE   =      2382.2689  DIHED      =      1387.2923
 UB     =         0.0000  IMP     =         0.0000  CMAP       =       245.9281
 1-4 NB =      1154.3951  1-4 EEL =     15304.6023  VDWAALS    =     40584.8118
 EELEC  =   -364588.1426  EHBOND  =         0.0000  RESTRAINT  =         0.0000
 ------------------------------------------------------------------------------

wrapping first mol.:      -38.30066      -54.16531       93.81709

 NSTEP =  1880000   TIME(PS) =  138800.000  TEMP(K) =   310.00  PRESS =     0.0
 Etot   =   -238232.1257  EKtot   =     63126.8086  EPtot      =   -301358.9343
 BOND   =      2129.8837  ANGLE   =      2379.5572  DIHED      =      1456.5807
 UB     =         0.0000  IMP     =         0.0000  CMAP       =       270.5212
 1-4 NB =      1187.4805  1-4 EEL =     15357.9722  VDWAALS    =     40371.1451
 EELEC  =   -364512.0750  EHBOND  =         0.0000  RESTRAINT  =         0.0000
 ------------------------------------------------------------------------------

wrapping first mol.:      -38.30066      -54.16531       93.81709

 NSTEP =  1900000   TIME(PS) =  138840.000  TEMP(K) =   308.91  PRESS =     0.0
 Etot   =   -239100.2292  EKtot   =     62904.0195  EPtot      =   -302004.2487
 BOND   =      2046.1085  ANGLE   =      2447.7262  DIHED      =      1403.3728
 UB     =         0.0000  IMP     =         0.0000  CMAP       =       273.3529
 1-4 NB =      1180.9005  1-4 EEL =     15411.8681  VDWAALS    =     40845.0590
 EELEC  =   -365612.6367  EHBOND  =         0.0000  RESTRAINT  =         0.0000
 ------------------------------------------------------------------------------

wrapping first mol.:      -38.30066      -54.16531       93.81709

 NSTEP =  1920000   TIME(PS) =  138880.000  TEMP(K) =   310.29  PRESS =     0.0
 Etot   =   -238569.9097  EKtot   =     63186.6641  EPtot      =   -301756.5737
 BOND   =      2050.8231  ANGLE   =      2435.4403  DIHED      =      1379.7915
 UB     =         0.0000  IMP     =         0.0000  CMAP       =       256.9700
 1-4 NB =      1186.8456  1-4 EEL =     15395.5621  VDWAALS    =     40853.2701
 EELEC  =   -365315.2764  EHBOND  =         0.0000  RESTRAINT  =         0.0000
 ------------------------------------------------------------------------------

wrapping first mol.:      -38.30066      -54.16531       93.81709

 NSTEP =  1940000   TIME(PS) =  138920.000  TEMP(K) =   307.69  PRESS =     0.0
 Etot   =   -239329.9749  EKtot   =     62655.7188  EPtot      =   -301985.6937
 BOND   =      2073.7785  ANGLE   =      2436.4557  DIHED      =      1355.7977
 UB     =         0.0000  IMP     =         0.0000  CMAP       =       252.7439
 1-4 NB =      1165.4099  1-4 EEL =     15401.7261  VDWAALS    =     40680.1603
 EELEC  =   -365351.7657  EHBOND  =         0.0000  RESTRAINT  =         0.0000
 ------------------------------------------------------------------------------

wrapping first mol.:      -38.30066      -54.16531       93.81709

 NSTEP =  1960000   TIME(PS) =  138960.000  TEMP(K) =   310.24  PRESS =     0.0
 Etot   =   -239328.0533  EKtot   =     63174.9688  EPtot      =   -302503.0220
 BOND   =      2048.8848  ANGLE   =      2477.9966  DIHED      =      1392.5939
 UB     =         0.0000  IMP     =         0.0000  CMAP       =       247.8563
 1-4 NB =      1171.0384  1-4 EEL =     15323.4950  VDWAALS    =     40954.1635
 EELEC  =   -366119.0505  EHBOND  =         0.0000  RESTRAINT  =         0.0000
 ------------------------------------------------------------------------------

wrapping first mol.:      -38.30066      -54.16531       93.81709

 NSTEP =  1980000   TIME(PS) =  139000.000  TEMP(K) =   308.01  PRESS =     0.0
 Etot   =   -239690.0650  EKtot   =     62722.7617  EPtot      =   -302412.8267
 BOND   =      2146.8270  ANGLE   =      2420.3054  DIHED      =      1400.5810
 UB     =         0.0000  IMP     =         0.0000  CMAP       =       250.6190
 1-4 NB =      1200.1617  1-4 EEL =     15342.4675  VDWAALS    =     41388.6534
 EELEC  =   -366562.4417  EHBOND  =         0.0000  RESTRAINT  =         0.0000
 ------------------------------------------------------------------------------

wrapping first mol.:      -38.30066      -54.16531       93.81709

 NSTEP =  2000000   TIME(PS) =  139040.000  TEMP(K) =   310.44  PRESS =     0.0
 Etot   =   -238610.9659  EKtot   =     63216.0508  EPtot      =   -301827.0167
 BOND   =      2100.5577  ANGLE   =      2408.8417  DIHED      =      1405.7413
 UB     =         0.0000  IMP     =         0.0000  CMAP       =       253.8499
 1-4 NB =      1179.3181  1-4 EEL =     15363.9713  VDWAALS    =     40546.2458
 EELEC  =   -365085.5424  EHBOND  =         0.0000  RESTRAINT  =         0.0000
 ------------------------------------------------------------------------------

wrapping first mol.:      -38.30066      -54.16531       93.81709

 NSTEP =  2020000   TIME(PS) =  139080.000  TEMP(K) =   311.70  PRESS =     0.0
 Etot   =   -238409.0722  EKtot   =     63472.8789  EPtot      =   -301881.9511
 BOND   =      2073.1820  ANGLE   =      2380.7518  DIHED      =      1376.2616
 UB     =         0.0000  IMP     =         0.0000  CMAP       =       260.5825
 1-4 NB =      1159.0384  1-4 EEL =     15362.5693  VDWAALS    =     40755.6286
 EELEC  =   -365249.9653  EHBOND  =         0.0000  RESTRAINT  =         0.0000
 ------------------------------------------------------------------------------

wrapping first mol.:      -38.30066      -54.16531       93.81709

 NSTEP =  2040000   TIME(PS) =  139120.000  TEMP(K) =   309.65  PRESS =     0.0
 Etot   =   -238619.5794  EKtot   =     63056.0859  EPtot      =   -301675.6653
 BOND   =      2076.3801  ANGLE   =      2390.0422  DIHED      =      1382.5555
 UB     =         0.0000  IMP     =         0.0000  CMAP       =       255.9817
 1-4 NB =      1151.3930  1-4 EEL =     15341.2596  VDWAALS    =     40799.2435
 EELEC  =   -365072.5209  EHBOND  =         0.0000  RESTRAINT  =         0.0000
 ------------------------------------------------------------------------------

wrapping first mol.:      -38.30066      -54.16531       93.81709

 NSTEP =  2060000   TIME(PS) =  139160.000  TEMP(K) =   307.05  PRESS =     0.0
 Etot   =   -239444.0754  EKtot   =     62525.3906  EPtot      =   -301969.4660
 BOND   =      2057.0818  ANGLE   =      2398.3634  DIHED      =      1440.7128
 UB     =         0.0000  IMP     =         0.0000  CMAP       =       269.5316
 1-4 NB =      1158.0649  1-4 EEL =     15386.3770  VDWAALS    =     40560.9418
 EELEC  =   -365240.5393  EHBOND  =         0.0000  RESTRAINT  =         0.0000
 ------------------------------------------------------------------------------

wrapping first mol.:      -38.30066      -54.16531       93.81709

 NSTEP =  2080000   TIME(PS) =  139200.000  TEMP(K) =   309.41  PRESS =     0.0
 Etot   =   -238499.8652  EKtot   =     63006.7266  EPtot      =   -301506.5917
 BOND   =      2090.1404  ANGLE   =      2405.9538  DIHED      =      1422.3618
 UB     =         0.0000  IMP     =         0.0000  CMAP       =       252.8909
 1-4 NB =      1171.1996  1-4 EEL =     15335.0757  VDWAALS    =     40811.9556
 EELEC  =   -364996.1694  EHBOND  =         0.0000  RESTRAINT  =         0.0000
 ------------------------------------------------------------------------------

wrapping first mol.:      -38.30066      -54.16531       93.81709

 NSTEP =  2100000   TIME(PS) =  139240.000  TEMP(K) =   312.10  PRESS =     0.0
 Etot   =   -238394.8202  EKtot   =     63553.7891  EPtot      =   -301948.6093
 BOND   =      2094.6842  ANGLE   =      2356.6969  DIHED      =      1426.6421
 UB     =         0.0000  IMP     =         0.0000  CMAP       =       270.5366
 1-4 NB =      1184.1205  1-4 EEL =     15425.0574  VDWAALS    =     41016.2649
 EELEC  =   -365722.6118  EHBOND  =         0.0000  RESTRAINT  =         0.0000
 ------------------------------------------------------------------------------

wrapping first mol.:      -38.30066      -54.16531       93.81709

 NSTEP =  2120000   TIME(PS) =  139280.000  TEMP(K) =   310.09  PRESS =     0.0
 Etot   =   -238129.8672  EKtot   =     63145.8242  EPtot      =   -301275.6914
 BOND   =      2072.2099  ANGLE   =      2408.6368  DIHED      =      1452.8863
 UB     =         0.0000  IMP     =         0.0000  CMAP       =       238.9842
 1-4 NB =      1191.0095  1-4 EEL =     15363.4638  VDWAALS    =     40449.0921
 EELEC  =   -364451.9740  EHBOND  =         0.0000  RESTRAINT  =         0.0000
 ------------------------------------------------------------------------------

wrapping first mol.:      -38.30066      -54.16531       93.81709

 NSTEP =  2140000   TIME(PS) =  139320.000  TEMP(K) =   310.69  PRESS =     0.0
 Etot   =   -238384.1809  EKtot   =     63267.3086  EPtot      =   -301651.4895
 BOND   =      2091.8146  ANGLE   =      2376.2451  DIHED      =      1424.8040
 UB     =         0.0000  IMP     =         0.0000  CMAP       =       257.9239
 1-4 NB =      1190.7833  1-4 EEL =     15285.6511  VDWAALS    =     40665.9023
 EELEC  =   -364944.6139  EHBOND  =         0.0000  RESTRAINT  =         0.0000
 ------------------------------------------------------------------------------

wrapping first mol.:      -38.30066      -54.16531       93.81709

 NSTEP =  2160000   TIME(PS) =  139360.000  TEMP(K) =   308.76  PRESS =     0.0
 Etot   =   -239051.0228  EKtot   =     62873.7188  EPtot      =   -301924.7416
 BOND   =      2106.3864  ANGLE   =      2455.8254  DIHED      =      1445.5320
 UB     =         0.0000  IMP     =         0.0000  CMAP       =       263.6592
 1-4 NB =      1181.4076  1-4 EEL =     15377.8639  VDWAALS    =     40940.0075
 EELEC  =   -365695.4237  EHBOND  =         0.0000  RESTRAINT  =         0.0000
 ------------------------------------------------------------------------------

wrapping first mol.:      -38.30066      -54.16531       93.81709

 NSTEP =  2180000   TIME(PS) =  139400.000  TEMP(K) =   309.96  PRESS =     0.0
 Etot   =   -238715.0092  EKtot   =     63119.4766  EPtot      =   -301834.4858
 BOND   =      2046.2199  ANGLE   =      2414.3288  DIHED      =      1425.1212
 UB     =         0.0000  IMP     =         0.0000  CMAP       =       236.7591
 1-4 NB =      1196.2562  1-4 EEL =     15408.6647  VDWAALS    =     40683.0507
 EELEC  =   -365244.8865  EHBOND  =         0.0000  RESTRAINT  =         0.0000
 ------------------------------------------------------------------------------

wrapping first mol.:      -38.30066      -54.16531       93.81709

 NSTEP =  2200000   TIME(PS) =  139440.000  TEMP(K) =   310.55  PRESS =     0.0
 Etot   =   -238624.5984  EKtot   =     63239.8633  EPtot      =   -301864.4617
 BOND   =      2071.1317  ANGLE   =      2396.4522  DIHED      =      1409.4076
 UB     =         0.0000  IMP     =         0.0000  CMAP       =       254.6151
 1-4 NB =      1169.1935  1-4 EEL =     15377.0139  VDWAALS    =     40711.1313
 EELEC  =   -365253.4070  EHBOND  =         0.0000  RESTRAINT  =         0.0000
 ------------------------------------------------------------------------------

wrapping first mol.:      -38.30066      -54.16531       93.81709

 NSTEP =  2220000   TIME(PS) =  139480.000  TEMP(K) =   308.41  PRESS =     0.0
 Etot   =   -239516.0299  EKtot   =     62803.6602  EPtot      =   -302319.6901
 BOND   =      2085.0898  ANGLE   =      2435.9842  DIHED      =      1417.7191
 UB     =         0.0000  IMP     =         0.0000  CMAP       =       250.0102
 1-4 NB =      1169.3753  1-4 EEL =     15331.0743  VDWAALS    =     40894.5561
 EELEC  =   -365903.4990  EHBOND  =         0.0000  RESTRAINT  =         0.0000
 ------------------------------------------------------------------------------

wrapping first mol.:      -38.30066      -54.16531       93.81709

 NSTEP =  2240000   TIME(PS) =  139520.000  TEMP(K) =   310.57  PRESS =     0.0
 Etot   =   -238953.3310  EKtot   =     63243.2656  EPtot      =   -302196.5966
 BOND   =      2110.8317  ANGLE   =      2438.9453  DIHED      =      1398.2367
 UB     =         0.0000  IMP     =         0.0000  CMAP       =       257.8746
 1-4 NB =      1167.5108  1-4 EEL =     15368.3896  VDWAALS    =     40878.9973
 EELEC  =   -365817.3825  EHBOND  =         0.0000  RESTRAINT  =         0.0000
 ------------------------------------------------------------------------------

wrapping first mol.:      -38.30066      -54.16531       93.81709

 NSTEP =  2260000   TIME(PS) =  139560.000  TEMP(K) =   311.12  PRESS =     0.0
 Etot   =   -238682.7524  EKtot   =     63354.9258  EPtot      =   -302037.6782
 BOND   =      2043.8371  ANGLE   =      2480.1141  DIHED      =      1427.8898
 UB     =         0.0000  IMP     =         0.0000  CMAP       =       256.7545
 1-4 NB =      1179.8952  1-4 EEL =     15392.5616  VDWAALS    =     41112.9010
 EELEC  =   -365931.6315  EHBOND  =         0.0000  RESTRAINT  =         0.0000
 ------------------------------------------------------------------------------

wrapping first mol.:      -38.30066      -54.16531       93.81709

 NSTEP =  2280000   TIME(PS) =  139600.000  TEMP(K) =   310.58  PRESS =     0.0
 Etot   =   -238787.1751  EKtot   =     63245.2461  EPtot      =   -302032.4212
 BOND   =      2042.5161  ANGLE   =      2420.2315  DIHED      =      1409.8737
 UB     =         0.0000  IMP     =         0.0000  CMAP       =       244.6298
 1-4 NB =      1162.9185  1-4 EEL =     15279.7948  VDWAALS    =     40811.2532
 EELEC  =   -365403.6388  EHBOND  =         0.0000  RESTRAINT  =         0.0000
 ------------------------------------------------------------------------------

wrapping first mol.:      -38.30066      -54.16531       93.81709

 NSTEP =  2300000   TIME(PS) =  139640.000  TEMP(K) =   309.54  PRESS =     0.0
 Etot   =   -238293.0214  EKtot   =     63033.0195  EPtot      =   -301326.0409
 BOND   =      2126.4104  ANGLE   =      2450.9476  DIHED      =      1388.0565
 UB     =         0.0000  IMP     =         0.0000  CMAP       =       261.8571
 1-4 NB =      1158.0837  1-4 EEL =     15306.7700  VDWAALS    =     40753.8427
 EELEC  =   -364772.0087  EHBOND  =         0.0000  RESTRAINT  =         0.0000
 ------------------------------------------------------------------------------

wrapping first mol.:      -38.30066      -54.16531       93.81709

 NSTEP =  2320000   TIME(PS) =  139680.000  TEMP(K) =   308.57  PRESS =     0.0
 Etot   =   -238654.1934  EKtot   =     62835.3516  EPtot      =   -301489.5450
 BOND   =      2179.4362  ANGLE   =      2404.8931  DIHED      =      1398.3520
 UB     =         0.0000  IMP     =         0.0000  CMAP       =       237.9336
 1-4 NB =      1169.5280  1-4 EEL =     15298.9397  VDWAALS    =     41354.7140
 EELEC  =   -365533.3417  EHBOND  =         0.0000  RESTRAINT  =         0.0000
 ------------------------------------------------------------------------------

wrapping first mol.:      -38.30066      -54.16531       93.81709

 NSTEP =  2340000   TIME(PS) =  139720.000  TEMP(K) =   311.09  PRESS =     0.0
 Etot   =   -238590.3354  EKtot   =     63349.2305  EPtot      =   -301939.5658
 BOND   =      2090.2254  ANGLE   =      2431.9724  DIHED      =      1431.8228
 UB     =         0.0000  IMP     =         0.0000  CMAP       =       254.7256
 1-4 NB =      1165.3141  1-4 EEL =     15431.5539  VDWAALS    =     41051.1672
 EELEC  =   -365796.3471  EHBOND  =         0.0000  RESTRAINT  =         0.0000
 ------------------------------------------------------------------------------

wrapping first mol.:      -38.30066      -54.16531       93.81709

 NSTEP =  2360000   TIME(PS) =  139760.000  TEMP(K) =   309.42  PRESS =     0.0
 Etot   =   -238886.9369  EKtot   =     63009.4648  EPtot      =   -301896.4018
 BOND   =      2057.5795  ANGLE   =      2397.7393  DIHED      =      1406.9763
 UB     =         0.0000  IMP     =         0.0000  CMAP       =       242.6499
 1-4 NB =      1174.3539  1-4 EEL =     15365.1211  VDWAALS    =     40229.9316
 EELEC  =   -364770.7534  EHBOND  =         0.0000  RESTRAINT  =         0.0000
 ------------------------------------------------------------------------------

wrapping first mol.:      -38.30066      -54.16531       93.81709

 NSTEP =  2380000   TIME(PS) =  139800.000  TEMP(K) =   311.14  PRESS =     0.0
 Etot   =   -238215.8374  EKtot   =     63359.3555  EPtot      =   -301575.1928
 BOND   =      2052.6429  ANGLE   =      2502.9320  DIHED      =      1425.7051
 UB     =         0.0000  IMP     =         0.0000  CMAP       =       252.1385
 1-4 NB =      1170.3414  1-4 EEL =     15382.4549  VDWAALS    =     40644.7189
 EELEC  =   -365006.1265  EHBOND  =         0.0000  RESTRAINT  =         0.0000
 ------------------------------------------------------------------------------

wrapping first mol.:      -38.30066      -54.16531       93.81709

 NSTEP =  2400000   TIME(PS) =  139840.000  TEMP(K) =   309.59  PRESS =     0.0
 Etot   =   -238483.8084  EKtot   =     63043.0078  EPtot      =   -301526.8162
 BOND   =      2116.9829  ANGLE   =      2405.8841  DIHED      =      1441.9373
 UB     =         0.0000  IMP     =         0.0000  CMAP       =       245.8975
 1-4 NB =      1156.9618  1-4 EEL =     15379.9834  VDWAALS    =     40644.6464
 EELEC  =   -364919.1097  EHBOND  =         0.0000  RESTRAINT  =         0.0000
 ------------------------------------------------------------------------------

wrapping first mol.:      -38.30066      -54.16531       93.81709

 NSTEP =  2420000   TIME(PS) =  139880.000  TEMP(K) =   309.77  PRESS =     0.0
 Etot   =   -238427.4384  EKtot   =     63079.6953  EPtot      =   -301507.1337
 BOND   =      2060.6903  ANGLE   =      2373.0642  DIHED      =      1439.3875
 UB     =         0.0000  IMP     =         0.0000  CMAP       =       277.4713
 1-4 NB =      1158.4256  1-4 EEL =     15338.9982  VDWAALS    =     40634.4657
 EELEC  =   -364789.6364  EHBOND  =         0.0000  RESTRAINT  =         0.0000
 ------------------------------------------------------------------------------

wrapping first mol.:      -38.30066      -54.16531       93.81709

 NSTEP =  2440000   TIME(PS) =  139920.000  TEMP(K) =   310.83  PRESS =     0.0
 Etot   =   -238665.3530  EKtot   =     63295.0625  EPtot      =   -301960.4155
 BOND   =      2046.6585  ANGLE   =      2447.9951  DIHED      =      1405.3522
 UB     =         0.0000  IMP     =         0.0000  CMAP       =       256.2979
 1-4 NB =      1155.0686  1-4 EEL =     15357.8862  VDWAALS    =     40714.3656
 EELEC  =   -365344.0395  EHBOND  =         0.0000  RESTRAINT  =         0.0000
 ------------------------------------------------------------------------------

wrapping first mol.:      -38.30066      -54.16531       93.81709

 NSTEP =  2460000   TIME(PS) =  139960.000  TEMP(K) =   310.03  PRESS =     0.0
 Etot   =   -238491.1077  EKtot   =     63133.0156  EPtot      =   -301624.1233
 BOND   =      2065.1825  ANGLE   =      2417.2085  DIHED      =      1391.7415
 UB     =         0.0000  IMP     =         0.0000  CMAP       =       266.4269
 1-4 NB =      1186.4924  1-4 EEL =     15354.1361  VDWAALS    =     41099.0044
 EELEC  =   -365404.3156  EHBOND  =         0.0000  RESTRAINT  =         0.0000
 ------------------------------------------------------------------------------

wrapping first mol.:      -38.30066      -54.16531       93.81709

 NSTEP =  2480000   TIME(PS) =  140000.000  TEMP(K) =   309.12  PRESS =     0.0
 Etot   =   -238769.2838  EKtot   =     62946.8945  EPtot      =   -301716.1783
 BOND   =      2089.2895  ANGLE   =      2430.3544  DIHED      =      1400.4485
 UB     =         0.0000  IMP     =         0.0000  CMAP       =       274.3845
 1-4 NB =      1167.6510  1-4 EEL =     15312.4852  VDWAALS    =     40202.0089
 EELEC  =   -364592.8002  EHBOND  =         0.0000  RESTRAINT  =         0.0000
 ------------------------------------------------------------------------------

wrapping first mol.:      -38.30066      -54.16531       93.81709
wrapping first mol.:      -38.30066      -54.16531       93.81709

 NSTEP =  2500000   TIME(PS) =  140040.000  TEMP(K) =   309.48  PRESS =     0.0
 Etot   =   -239308.1208  EKtot   =     63021.0703  EPtot      =   -302329.1911
 BOND   =      2085.5070  ANGLE   =      2469.6222  DIHED      =      1400.4603
 UB     =         0.0000  IMP     =         0.0000  CMAP       =       241.7950
 1-4 NB =      1193.9433  1-4 EEL =     15364.5099  VDWAALS    =     40813.4011
 EELEC  =   -365898.4298  EHBOND  =         0.0000  RESTRAINT  =         0.0000
 ------------------------------------------------------------------------------


      A V E R A G E S   O V E R     125 S T E P S


 NSTEP =  2500000   TIME(PS) =  140040.000  TEMP(K) =   310.00  PRESS =     0.0
 Etot   =   -238674.4431  EKtot   =     63126.0408  EPtot      =   -301800.4839
 BOND   =      2088.9834  ANGLE   =      2421.4360  DIHED      =      1412.6538
 UB     =         0.0000  IMP     =         0.0000  CMAP       =       256.4190
 1-4 NB =      1172.6225  1-4 EEL =     15393.8640  VDWAALS    =     40705.9089
 EELEC  =   -365252.3715  EHBOND  =         0.0000  RESTRAINT  =         0.0000
 ------------------------------------------------------------------------------


      R M S  F L U C T U A T I O N S


 NSTEP =  2500000   TIME(PS) =  140040.000  TEMP(K) =     1.07  PRESS =     0.0
 Etot   =       361.3524  EKtot   =       217.0312  EPtot      =       294.4251
 BOND   =        35.0343  ANGLE   =        37.7396  DIHED      =        19.8722
 UB     =         0.0000  IMP     =         0.0000  CMAP       =        10.4680
 1-4 NB =        13.1025  1-4 EEL =        50.7381  VDWAALS    =       287.2664
 EELEC  =       480.1738  EHBOND  =         0.0000  RESTRAINT  =         0.0000
 ------------------------------------------------------------------------------

--------------------------------------------------------------------------------
   5.  TIMINGS
--------------------------------------------------------------------------------

|  NonSetup CPU Time in Major Routines:
|
|     Routine           Sec        %
|     ------------------------------
|     Nonbond         144.33   10.81
|     Bond              0.00    0.00
|     Angle             0.00    0.00
|     Dihedral          0.00    0.00
|     Shake             9.55    0.72
|     RunMD          1179.01   88.31
|     Other             2.21    0.17
|     ------------------------------
|     Total          1335.10

|  PME Nonbond Pairlist CPU Time:
|
|     Routine              Sec        %
|     ---------------------------------
|     Set Up Cit           0.00    0.00
|     Build List           0.00    0.00
|     ---------------------------------
|     Total                0.00    0.00

|  PME Direct Force CPU Time:
|
|     Routine              Sec        %
|     ---------------------------------
|     NonBonded Calc       0.00    0.00
|     Exclude Masked       0.00    0.00
|     Other                1.39    0.10
|     ---------------------------------
|     Total                1.39    0.10

|  PME Reciprocal Force CPU Time:
|
|     Routine              Sec        %
|     ---------------------------------
|     1D bspline           0.00    0.00
|     Grid Charges         0.00    0.00
|     Scalar Sum           0.00    0.00
|     Gradient Sum         0.00    0.00
|     FFT                  0.00    0.00
|     ---------------------------------
|     Total                0.00    0.00

|  Final Performance Info:
|     -----------------------------------------------------
|     Average timings for last   80000 steps:
|     Elapsed(s) =      42.76 Per Step(ms) =       0.53
|         ns/day =     323.28   seconds/ns =     267.26
|
|     Average timings for all steps:
|     Elapsed(s) =    1337.19 Per Step(ms) =       0.53
|         ns/day =     323.07   seconds/ns =     267.44
|     -----------------------------------------------------

|  Setup CPU time:            1.15 seconds
|  NonSetup CPU time:      1335.10 seconds
|  Total CPU time:         1336.25 seconds     0.37 hours

|  Setup wall time:           2    seconds
|  NonSetup wall time:     1337    seconds
|  Total wall time:        1339    seconds     0.37 hours
