
          -------------------------------------------------------
          Amber 24 PMEMD                              2024
          -------------------------------------------------------

| PMEMD implementation of SANDER, Release 24

|  Compiled date/time: Thu Apr  3 17:55:38 2025
| Run on 11/09/2025 at 14:22:08

|   Executable path: pmemd.cuda_SPFP
| Working directory: /rs1/researchers/h/hall/vtnguye4/Amber_restart/cappedP1amber/P1_Simulation
|          Hostname: gpu24

  [-O]verwriting output

File Assignments:
|   MDIN: /rs1/researchers/h/hall/vtnguye4/Amber_restart/cappedP1amber/equil.in 
|  MDOUT: ./OUT_Files/equil68.out                                               
| INPCRD: ./RST_Files/equil67.rst7                                              
|   PARM: ./PRMTOP_Files/P1.prmtop                                              
| RESTRT: ./RST_Files/equil68.rst7                                              
|   REFC: refc                                                                  
|  MDVEL: mdvel                                                                 
|   MDEN: mden                                                                  
|  MDCRD: ./nc_Files/equil68.nc                                                 
| MDINFO: mdinfo                                                                
|  MDFRC: mdfrc                                                                 


 Here is the input file:

!Stage equilibration 5ns                                                       
&cntrl                                                                         
imin=0, irest=1, ntx=5,                                                        
nstlim=2500000, dt=0.002,                                                      
ntc=2, ntf=2, ig=-1,                                                           
ntt=3, gamma_ln=2.0,                                                           
tempi=310.0, temp0=310.0,                                                      
ntxo=2, ioutfm=1,                                                              
ntpr=20000, ntwx=20000,                                                        
ntb=1,                                                                         
cut=9.0,                                                                       
iwrap=1,                                                                       
/                                                                              


Note: ig = -1. Setting random seed to   825295 based on wallclock time in 
      microseconds.
| irandom = 1, using AMBER's internal random number generator (default).
 
|--------------------- INFORMATION ----------------------
| GPU (CUDA) Version of PMEMD in use: NVIDIA GPU IN USE.
|                    Version 18.0.0
| 
|                      03/25/2018
| 
| Implementation by:
|                    Ross C. Walker     (SDSC)
|                    Scott Le Grand     (nVIDIA)
| 
| Version 18 performance extensions by:
|                    David Cerutti     (Rutgers)
| 
| Precision model in use:
|      [SPFP] - Single Precision Forces, 64-bit Fixed Point
|               Accumulation. (Default)
| 
|--------------------------------------------------------
 
|----------------- CITATION INFORMATION -----------------
|
|    When publishing work that utilized the CUDA version
|    of AMBER, please cite the following in addition to
|    the regular AMBER citations:
|
|  - Romelia Salomon-Ferrer; Andreas W. Goetz; Duncan
|    Poole; Scott Le Grand; Ross C. Walker "Routine
|    microsecond molecular dynamics simulations with
|    AMBER - Part II: Particle Mesh Ewald", J. Chem.
|    Theory Comput., 2013, 9 (9), pp3878-3888,
|    DOI: 10.1021/ct400314y.
|
|  - Andreas W. Goetz; Mark J. Williamson; Dong Xu;
|    Duncan Poole; Scott Le Grand; Ross C. Walker
|    "Routine microsecond molecular dynamics simulations
|    with AMBER - Part I: Generalized Born", J. Chem.
|    Theory Comput., 2012, 8 (5), pp1542-1555.
|
|  - Scott Le Grand; Andreas W. Goetz; Ross C. Walker
|    "SPFP: Speed without compromise - a mixed precision
|    model for GPU accelerated molecular dynamics
|    simulations.", Comp. Phys. Comm., 2013, 184
|    pp374-380, DOI: 10.1016/j.cpc.2012.09.022
|
|--------------------------------------------------------
 
|------------------- GPU DEVICE INFO --------------------
|
|            CUDA_VISIBLE_DEVICES: 0
|   CUDA Capable Devices Detected:      1
|           CUDA Device ID in use:      0
|                CUDA Device Name: NVIDIA L40S
|     CUDA Device Global Mem Size:  45487 MB
| CUDA Device Num Multiprocessors:    142
|           CUDA Device Core Freq:   2.52 GHz
|
|--------------------------------------------------------
 
 
| Conditional Compilation Defines Used:
| PUBFFT
| BINTRAJ
| CUDA
| EMIL

| Largest sphere to fit in unit cell has radius =    46.909

| New format PARM file being parsed.
| Version =    1.000 Date = 10/28/25 Time = 16:56:02

| Note: 1-4 EEL scale factors are being read from the topology file.

| Note: 1-4 VDW scale factors are being read from the topology file.
| Duplicated    0 dihedrals

| Duplicated    0 dihedrals

--------------------------------------------------------------------------------
   1.  RESOURCE   USE: 
--------------------------------------------------------------------------------

 getting box info from netcdf restart file
 NATOM  =  101202 NTYPES =      11 NBONH =   98658 MBONA  =    2544
 NTHETH =    5904 MTHETA =    3408 NPHIH =   11760 MPHIA  =   10368
 NHPARM =       0 NPARM  =       0 NNB   =  155656 NRES   =   32422
 NBONA  =    2544 NTHETA =    3408 NPHIA =   10368 NUMBND =      27
 NUMANG =      54 NPTRA  =      59 NATYP =      16 NPHB   =       0
 IFBOX  =       2 NMXRS  =      21 IFCAP =       0 NEXTRA =       0
 NCOPY  =       0

| Coordinate Index Table dimensions:    20   20   20
| Direct force subcell size =     5.7451    5.7451    5.7451

     BOX TYPE: TRUNCATED OCTAHEDRON

--------------------------------------------------------------------------------
   2.  CONTROL  DATA  FOR  THE  RUN
--------------------------------------------------------------------------------

default_name                                                                    

General flags:
     imin    =       0, nmropt  =       0

Nature and format of input:
     ntx     =       5, irest   =       1, ntrx    =       1

Nature and format of output:
     ntxo    =       2, ntpr    =   20000, ntrx    =       1, ntwr    = 2500000
     iwrap   =       1, ntwx    =   20000, ntwv    =       0, ntwe    =       0
     ioutfm  =       1, ntwprt  =       0, idecomp =       0, rbornstat=      0

Potential function:
     ntf     =       2, ntb     =       1, igb     =       0, nsnb    =      25
     ipol    =       0, gbsa    =       0, iesp    =       0
     dielc   =   1.00000, cut     =   9.00000, intdiel =   1.00000

Frozen or restrained atoms:
     ibelly  =       0, ntr     =       0

Molecular dynamics:
     nstlim  =   2500000, nscm    =      1000, nrespa  =         1
     t       =   0.00000, dt      =   0.00200, vlimit  =  -1.00000

Langevin dynamics temperature regulation:
     ig      =  825295
     temp0   = 310.00000, tempi   = 310.00000, gamma_ln=   2.00000

SHAKE:
     ntc     =       2, jfastw  =       0
     tol     =   0.00001

| Intermolecular bonds treatment:
|     no_intermolecular_bonds =       1

| Energy averages sample interval:
|     ene_avg_sampling =   20000

Ewald parameters:
     verbose =       0, ew_type =       0, nbflag  =       1, use_pme =       1
     vdwmeth =       1, eedmeth =       1, netfrc  =       1
     Box X =  114.902   Box Y =  114.902   Box Z =  114.902
     Alpha =  109.471   Beta  =  109.471   Gamma =  109.471
     NFFT1 =  120       NFFT2 =  120       NFFT3 =  120
     Cutoff=    9.000   Tol   =0.100E-04
     Ewald Coefficient =  0.30768
     Interpolation order =    4

--------------------------------------------------------------------------------
   3.  ATOMIC COORDINATES AND VELOCITIES
--------------------------------------------------------------------------------

default_name                                                                    
 begin time read from input coords =335040.000 ps

 
 Number of triangulated 3-point waters found:    31990

     Sum of charges from parm topology file =  -0.00000047
     Forcing neutrality...

| Dynamic Memory, Types Used:
| Reals             3080462
| Integers          3650456

| Nonbonded Pairs Initial Allocation:    23074056

| GPU memory information (estimate):
| KB of GPU memory in use:    789634
| KB of CPU memory in use:    210424

--------------------------------------------------------------------------------
   4.  RESULTS
--------------------------------------------------------------------------------

wrapping first mol.:       76.60133      -54.16531       93.81709

 NSTEP =    20000   TIME(PS) =  335080.000  TEMP(K) =   309.64  PRESS =     0.0
 Etot   =   -238527.8734  EKtot   =     63053.9180  EPtot      =   -301581.7914
 BOND   =      2090.9033  ANGLE   =      2487.6755  DIHED      =      1377.0139
 UB     =         0.0000  IMP     =         0.0000  CMAP       =       234.4085
 1-4 NB =      1187.1474  1-4 EEL =     15404.0651  VDWAALS    =     40568.1828
 EELEC  =   -364931.1877  EHBOND  =         0.0000  RESTRAINT  =         0.0000
 ------------------------------------------------------------------------------

wrapping first mol.:       76.60133      -54.16531       93.81709

 NSTEP =    40000   TIME(PS) =  335120.000  TEMP(K) =   310.29  PRESS =     0.0
 Etot   =   -238767.8205  EKtot   =     63186.4727  EPtot      =   -301954.2932
 BOND   =      2047.2812  ANGLE   =      2542.1629  DIHED      =      1392.5266
 UB     =         0.0000  IMP     =         0.0000  CMAP       =       256.1374
 1-4 NB =      1166.8632  1-4 EEL =     15372.5810  VDWAALS    =     40938.5919
 EELEC  =   -365670.4374  EHBOND  =         0.0000  RESTRAINT  =         0.0000
 ------------------------------------------------------------------------------

wrapping first mol.:       76.60133      -54.16531       93.81709

 NSTEP =    60000   TIME(PS) =  335160.000  TEMP(K) =   310.18  PRESS =     0.0
 Etot   =   -238979.7793  EKtot   =     63163.9062  EPtot      =   -302143.6855
 BOND   =      2183.6138  ANGLE   =      2466.2994  DIHED      =      1417.7467
 UB     =         0.0000  IMP     =         0.0000  CMAP       =       229.9979
 1-4 NB =      1172.8003  1-4 EEL =     15342.4674  VDWAALS    =     40790.7759
 EELEC  =   -365747.3869  EHBOND  =         0.0000  RESTRAINT  =         0.0000
 ------------------------------------------------------------------------------

wrapping first mol.:       76.60133      -54.16531       93.81709

 NSTEP =    80000   TIME(PS) =  335200.000  TEMP(K) =   311.06  PRESS =     0.0
 Etot   =   -238496.2905  EKtot   =     63343.3164  EPtot      =   -301839.6069
 BOND   =      2055.2461  ANGLE   =      2441.2644  DIHED      =      1429.9773
 UB     =         0.0000  IMP     =         0.0000  CMAP       =       249.2121
 1-4 NB =      1161.8968  1-4 EEL =     15452.1109  VDWAALS    =     41203.7999
 EELEC  =   -365833.1143  EHBOND  =         0.0000  RESTRAINT  =         0.0000
 ------------------------------------------------------------------------------

wrapping first mol.:       76.60133      -54.16531       93.81709

 NSTEP =   100000   TIME(PS) =  335240.000  TEMP(K) =   308.35  PRESS =     0.0
 Etot   =   -239168.4344  EKtot   =     62790.9922  EPtot      =   -301959.4265
 BOND   =      2047.6384  ANGLE   =      2466.2993  DIHED      =      1407.9643
 UB     =         0.0000  IMP     =         0.0000  CMAP       =       252.5619
 1-4 NB =      1178.9477  1-4 EEL =     15450.3405  VDWAALS    =     40277.3741
 EELEC  =   -365040.5528  EHBOND  =         0.0000  RESTRAINT  =         0.0000
 ------------------------------------------------------------------------------

wrapping first mol.:       76.60133      -54.16531       93.81709

 NSTEP =   120000   TIME(PS) =  335280.000  TEMP(K) =   310.09  PRESS =     0.0
 Etot   =   -238788.0101  EKtot   =     63144.5430  EPtot      =   -301932.5530
 BOND   =      2114.7412  ANGLE   =      2480.2441  DIHED      =      1409.6353
 UB     =         0.0000  IMP     =         0.0000  CMAP       =       236.8832
 1-4 NB =      1166.5332  1-4 EEL =     15453.0408  VDWAALS    =     40934.2321
 EELEC  =   -365727.8630  EHBOND  =         0.0000  RESTRAINT  =         0.0000
 ------------------------------------------------------------------------------

wrapping first mol.:       76.60133      -54.16531       93.81709

 NSTEP =   140000   TIME(PS) =  335320.000  TEMP(K) =   309.99  PRESS =     0.0
 Etot   =   -239260.4064  EKtot   =     63125.6836  EPtot      =   -302386.0900
 BOND   =      2141.4484  ANGLE   =      2382.3919  DIHED      =      1443.1402
 UB     =         0.0000  IMP     =         0.0000  CMAP       =       243.2023
 1-4 NB =      1165.5679  1-4 EEL =     15417.1004  VDWAALS    =     40766.3644
 EELEC  =   -365945.3055  EHBOND  =         0.0000  RESTRAINT  =         0.0000
 ------------------------------------------------------------------------------

wrapping first mol.:       76.60133      -54.16531       93.81709

 NSTEP =   160000   TIME(PS) =  335360.000  TEMP(K) =   310.63  PRESS =     0.0
 Etot   =   -238355.9053  EKtot   =     63254.3789  EPtot      =   -301610.2842
 BOND   =      2059.8744  ANGLE   =      2475.8494  DIHED      =      1467.9569
 UB     =         0.0000  IMP     =         0.0000  CMAP       =       259.0190
 1-4 NB =      1181.7805  1-4 EEL =     15425.5450  VDWAALS    =     40473.7899
 EELEC  =   -364954.0993  EHBOND  =         0.0000  RESTRAINT  =         0.0000
 ------------------------------------------------------------------------------

wrapping first mol.:       76.60133      -54.16531       93.81709

 NSTEP =   180000   TIME(PS) =  335400.000  TEMP(K) =   311.07  PRESS =     0.0
 Etot   =   -238655.7151  EKtot   =     63345.4492  EPtot      =   -302001.1643
 BOND   =      2092.0485  ANGLE   =      2456.5517  DIHED      =      1420.6890
 UB     =         0.0000  IMP     =         0.0000  CMAP       =       252.7774
 1-4 NB =      1153.1342  1-4 EEL =     15362.4685  VDWAALS    =     41056.0779
 EELEC  =   -365794.9116  EHBOND  =         0.0000  RESTRAINT  =         0.0000
 ------------------------------------------------------------------------------

wrapping first mol.:       76.60133      -54.16531       93.81709

 NSTEP =   200000   TIME(PS) =  335440.000  TEMP(K) =   310.55  PRESS =     0.0
 Etot   =   -238363.2272  EKtot   =     63239.3359  EPtot      =   -301602.5632
 BOND   =      2106.9975  ANGLE   =      2413.6240  DIHED      =      1405.8249
 UB     =         0.0000  IMP     =         0.0000  CMAP       =       247.2315
 1-4 NB =      1163.0423  1-4 EEL =     15329.7074  VDWAALS    =     40305.8724
 EELEC  =   -364574.8631  EHBOND  =         0.0000  RESTRAINT  =         0.0000
 ------------------------------------------------------------------------------

wrapping first mol.:       76.60133      -54.16531       93.81709

 NSTEP =   220000   TIME(PS) =  335480.000  TEMP(K) =   309.31  PRESS =     0.0
 Etot   =   -238413.9452  EKtot   =     62987.1602  EPtot      =   -301401.1054
 BOND   =      2148.6254  ANGLE   =      2465.5721  DIHED      =      1407.5558
 UB     =         0.0000  IMP     =         0.0000  CMAP       =       236.5309
 1-4 NB =      1180.6276  1-4 EEL =     15353.5544  VDWAALS    =     40421.8760
 EELEC  =   -364615.4476  EHBOND  =         0.0000  RESTRAINT  =         0.0000
 ------------------------------------------------------------------------------

wrapping first mol.:       76.60133      -54.16531       93.81709

 NSTEP =   240000   TIME(PS) =  335520.000  TEMP(K) =   309.02  PRESS =     0.0
 Etot   =   -239211.2946  EKtot   =     62927.4453  EPtot      =   -302138.7399
 BOND   =      2097.7017  ANGLE   =      2403.9300  DIHED      =      1427.9623
 UB     =         0.0000  IMP     =         0.0000  CMAP       =       235.6532
 1-4 NB =      1154.6509  1-4 EEL =     15356.0280  VDWAALS    =     40261.5383
 EELEC  =   -365076.2044  EHBOND  =         0.0000  RESTRAINT  =         0.0000
 ------------------------------------------------------------------------------

wrapping first mol.:       76.60133      -54.16531       93.81709

 NSTEP =   260000   TIME(PS) =  335560.000  TEMP(K) =   308.76  PRESS =     0.0
 Etot   =   -239302.4855  EKtot   =     62873.8320  EPtot      =   -302176.3175
 BOND   =      2080.5816  ANGLE   =      2377.9102  DIHED      =      1416.2295
 UB     =         0.0000  IMP     =         0.0000  CMAP       =       244.2272
 1-4 NB =      1143.8247  1-4 EEL =     15410.6717  VDWAALS    =     40390.6395
 EELEC  =   -365240.4018  EHBOND  =         0.0000  RESTRAINT  =         0.0000
 ------------------------------------------------------------------------------

wrapping first mol.:       76.60133      -54.16531       93.81709

 NSTEP =   280000   TIME(PS) =  335600.000  TEMP(K) =   310.60  PRESS =     0.0
 Etot   =   -238505.1667  EKtot   =     63248.7031  EPtot      =   -301753.8699
 BOND   =      2053.4150  ANGLE   =      2442.7487  DIHED      =      1423.7799
 UB     =         0.0000  IMP     =         0.0000  CMAP       =       230.8879
 1-4 NB =      1202.4718  1-4 EEL =     15405.9653  VDWAALS    =     40208.2433
 EELEC  =   -364721.3817  EHBOND  =         0.0000  RESTRAINT  =         0.0000
 ------------------------------------------------------------------------------

wrapping first mol.:       76.60133      -54.16531       93.81709

 NSTEP =   300000   TIME(PS) =  335640.000  TEMP(K) =   310.29  PRESS =     0.0
 Etot   =   -238460.6003  EKtot   =     63186.6680  EPtot      =   -301647.2683
 BOND   =      2046.0538  ANGLE   =      2463.0958  DIHED      =      1448.3789
 UB     =         0.0000  IMP     =         0.0000  CMAP       =       212.1968
 1-4 NB =      1156.2720  1-4 EEL =     15383.0928  VDWAALS    =     40617.8722
 EELEC  =   -364974.2305  EHBOND  =         0.0000  RESTRAINT  =         0.0000
 ------------------------------------------------------------------------------

wrapping first mol.:       76.60133      -54.16531       93.81709

 NSTEP =   320000   TIME(PS) =  335680.000  TEMP(K) =   311.40  PRESS =     0.0
 Etot   =   -238423.9352  EKtot   =     63411.6328  EPtot      =   -301835.5680
 BOND   =      2135.3734  ANGLE   =      2491.0325  DIHED      =      1427.7385
 UB     =         0.0000  IMP     =         0.0000  CMAP       =       231.4337
 1-4 NB =      1162.2444  1-4 EEL =     15421.9792  VDWAALS    =     40861.8832
 EELEC  =   -365567.2530  EHBOND  =         0.0000  RESTRAINT  =         0.0000
 ------------------------------------------------------------------------------

wrapping first mol.:       76.60133      -54.16531       93.81709

 NSTEP =   340000   TIME(PS) =  335720.000  TEMP(K) =   310.23  PRESS =     0.0
 Etot   =   -238471.2608  EKtot   =     63173.2109  EPtot      =   -301644.4717
 BOND   =      2060.5665  ANGLE   =      2443.4010  DIHED      =      1434.5937
 UB     =         0.0000  IMP     =         0.0000  CMAP       =       228.0472
 1-4 NB =      1174.0492  1-4 EEL =     15363.2782  VDWAALS    =     40807.8431
 EELEC  =   -365156.2504  EHBOND  =         0.0000  RESTRAINT  =         0.0000
 ------------------------------------------------------------------------------

wrapping first mol.:       76.60133      -54.16531       93.81709

 NSTEP =   360000   TIME(PS) =  335760.000  TEMP(K) =   308.10  PRESS =     0.0
 Etot   =   -238827.1912  EKtot   =     62740.9727  EPtot      =   -301568.1638
 BOND   =      2133.2137  ANGLE   =      2462.1590  DIHED      =      1422.8998
 UB     =         0.0000  IMP     =         0.0000  CMAP       =       237.7268
 1-4 NB =      1174.4940  1-4 EEL =     15406.8876  VDWAALS    =     40509.0046
 EELEC  =   -364914.5493  EHBOND  =         0.0000  RESTRAINT  =         0.0000
 ------------------------------------------------------------------------------

wrapping first mol.:       76.60133      -54.16531       93.81709

 NSTEP =   380000   TIME(PS) =  335800.000  TEMP(K) =   310.39  PRESS =     0.0
 Etot   =   -238770.9422  EKtot   =     63207.3711  EPtot      =   -301978.3133
 BOND   =      2040.9878  ANGLE   =      2376.9015  DIHED      =      1382.2146
 UB     =         0.0000  IMP     =         0.0000  CMAP       =       247.8524
 1-4 NB =      1162.1146  1-4 EEL =     15472.3473  VDWAALS    =     40985.6882
 EELEC  =   -365646.4198  EHBOND  =         0.0000  RESTRAINT  =         0.0000
 ------------------------------------------------------------------------------

wrapping first mol.:       76.60133      -54.16531       93.81709

 NSTEP =   400000   TIME(PS) =  335840.000  TEMP(K) =   307.59  PRESS =     0.0
 Etot   =   -238961.5128  EKtot   =     62635.2383  EPtot      =   -301596.7511
 BOND   =      2106.2112  ANGLE   =      2441.3178  DIHED      =      1425.1764
 UB     =         0.0000  IMP     =         0.0000  CMAP       =       229.9216
 1-4 NB =      1167.4224  1-4 EEL =     15408.5839  VDWAALS    =     41040.1305
 EELEC  =   -365415.5149  EHBOND  =         0.0000  RESTRAINT  =         0.0000
 ------------------------------------------------------------------------------

wrapping first mol.:       76.60133      -54.16531       93.81709

 NSTEP =   420000   TIME(PS) =  335880.000  TEMP(K) =   310.17  PRESS =     0.0
 Etot   =   -238907.6812  EKtot   =     63160.7695  EPtot      =   -302068.4507
 BOND   =      2120.0267  ANGLE   =      2427.9523  DIHED      =      1442.5782
 UB     =         0.0000  IMP     =         0.0000  CMAP       =       257.8312
 1-4 NB =      1173.2465  1-4 EEL =     15394.7957  VDWAALS    =     40695.7808
 EELEC  =   -365580.6621  EHBOND  =         0.0000  RESTRAINT  =         0.0000
 ------------------------------------------------------------------------------

wrapping first mol.:       76.60133      -54.16531       93.81709

 NSTEP =   440000   TIME(PS) =  335920.000  TEMP(K) =   309.64  PRESS =     0.0
 Etot   =   -239297.0889  EKtot   =     63054.4570  EPtot      =   -302351.5459
 BOND   =      2076.9055  ANGLE   =      2417.7917  DIHED      =      1400.2328
 UB     =         0.0000  IMP     =         0.0000  CMAP       =       246.5650
 1-4 NB =      1172.6098  1-4 EEL =     15466.5645  VDWAALS    =     40949.8597
 EELEC  =   -366082.0749  EHBOND  =         0.0000  RESTRAINT  =         0.0000
 ------------------------------------------------------------------------------

wrapping first mol.:       76.60133      -54.16531       93.81709

 NSTEP =   460000   TIME(PS) =  335960.000  TEMP(K) =   309.99  PRESS =     0.0
 Etot   =   -238428.2067  EKtot   =     63124.2148  EPtot      =   -301552.4215
 BOND   =      2080.4074  ANGLE   =      2451.9489  DIHED      =      1407.3612
 UB     =         0.0000  IMP     =         0.0000  CMAP       =       264.7815
 1-4 NB =      1185.8714  1-4 EEL =     15434.5830  VDWAALS    =     40831.4142
 EELEC  =   -365208.7891  EHBOND  =         0.0000  RESTRAINT  =         0.0000
 ------------------------------------------------------------------------------

wrapping first mol.:       76.60133      -54.16531       93.81709

 NSTEP =   480000   TIME(PS) =  335999.999  TEMP(K) =   310.24  PRESS =     0.0
 Etot   =   -239127.7233  EKtot   =     63174.9336  EPtot      =   -302302.6569
 BOND   =      2136.0234  ANGLE   =      2404.2050  DIHED      =      1427.8769
 UB     =         0.0000  IMP     =         0.0000  CMAP       =       243.6225
 1-4 NB =      1181.9861  1-4 EEL =     15455.6855  VDWAALS    =     41124.3920
 EELEC  =   -366276.4483  EHBOND  =         0.0000  RESTRAINT  =         0.0000
 ------------------------------------------------------------------------------

wrapping first mol.:       76.60133      -54.16531       93.81709

 NSTEP =   500000   TIME(PS) =  336039.999  TEMP(K) =   310.53  PRESS =     0.0
 Etot   =   -238361.7583  EKtot   =     63234.5859  EPtot      =   -301596.3443
 BOND   =      2035.6309  ANGLE   =      2496.6802  DIHED      =      1438.9874
 UB     =         0.0000  IMP     =         0.0000  CMAP       =       245.8892
 1-4 NB =      1174.8050  1-4 EEL =     15415.5370  VDWAALS    =     40943.4408
 EELEC  =   -365347.3148  EHBOND  =         0.0000  RESTRAINT  =         0.0000
 ------------------------------------------------------------------------------

wrapping first mol.:       76.60133      -54.16531       93.81709

 NSTEP =   520000   TIME(PS) =  336079.999  TEMP(K) =   309.14  PRESS =     0.0
 Etot   =   -239054.8148  EKtot   =     62952.3320  EPtot      =   -302007.1469
 BOND   =      2110.3194  ANGLE   =      2447.3041  DIHED      =      1436.4827
 UB     =         0.0000  IMP     =         0.0000  CMAP       =       270.6691
 1-4 NB =      1168.2930  1-4 EEL =     15405.1982  VDWAALS    =     40642.6901
 EELEC  =   -365488.1034  EHBOND  =         0.0000  RESTRAINT  =         0.0000
 ------------------------------------------------------------------------------

wrapping first mol.:       76.60133      -54.16531       93.81709

 NSTEP =   540000   TIME(PS) =  336119.999  TEMP(K) =   310.09  PRESS =     0.0
 Etot   =   -239181.9984  EKtot   =     63145.7578  EPtot      =   -302327.7562
 BOND   =      2116.7094  ANGLE   =      2486.4909  DIHED      =      1443.0887
 UB     =         0.0000  IMP     =         0.0000  CMAP       =       247.7972
 1-4 NB =      1174.1649  1-4 EEL =     15497.8774  VDWAALS    =     41426.2129
 EELEC  =   -366720.0976  EHBOND  =         0.0000  RESTRAINT  =         0.0000
 ------------------------------------------------------------------------------

wrapping first mol.:       76.60133      -54.16531       93.81709

 NSTEP =   560000   TIME(PS) =  336159.999  TEMP(K) =   309.60  PRESS =     0.0
 Etot   =   -239024.5101  EKtot   =     63044.9219  EPtot      =   -302069.4319
 BOND   =      2098.2452  ANGLE   =      2347.0353  DIHED      =      1428.0248
 UB     =         0.0000  IMP     =         0.0000  CMAP       =       246.8014
 1-4 NB =      1187.4444  1-4 EEL =     15430.1397  VDWAALS    =     40711.1954
 EELEC  =   -365518.3181  EHBOND  =         0.0000  RESTRAINT  =         0.0000
 ------------------------------------------------------------------------------

wrapping first mol.:       76.60133      -54.16531       93.81709

 NSTEP =   580000   TIME(PS) =  336199.999  TEMP(K) =   309.34  PRESS =     0.0
 Etot   =   -238423.1555  EKtot   =     62992.0703  EPtot      =   -301415.2258
 BOND   =      2118.9396  ANGLE   =      2446.0283  DIHED      =      1405.6953
 UB     =         0.0000  IMP     =         0.0000  CMAP       =       284.3858
 1-4 NB =      1159.5411  1-4 EEL =     15393.5364  VDWAALS    =     40500.0154
 EELEC  =   -364723.3678  EHBOND  =         0.0000  RESTRAINT  =         0.0000
 ------------------------------------------------------------------------------

wrapping first mol.:       76.60133      -54.16531       93.81709

 NSTEP =   600000   TIME(PS) =  336239.999  TEMP(K) =   309.91  PRESS =     0.0
 Etot   =   -238582.5244  EKtot   =     63108.6445  EPtot      =   -301691.1689
 BOND   =      2126.8194  ANGLE   =      2403.9757  DIHED      =      1449.4451
 UB     =         0.0000  IMP     =         0.0000  CMAP       =       257.8201
 1-4 NB =      1170.9475  1-4 EEL =     15381.2460  VDWAALS    =     40403.2823
 EELEC  =   -364884.7052  EHBOND  =         0.0000  RESTRAINT  =         0.0000
 ------------------------------------------------------------------------------

wrapping first mol.:       76.60133      -54.16531       93.81709

 NSTEP =   620000   TIME(PS) =  336279.999  TEMP(K) =   309.85  PRESS =     0.0
 Etot   =   -238754.9300  EKtot   =     63097.0586  EPtot      =   -301851.9886
 BOND   =      2090.2296  ANGLE   =      2432.5516  DIHED      =      1451.4978
 UB     =         0.0000  IMP     =         0.0000  CMAP       =       254.8200
 1-4 NB =      1194.5232  1-4 EEL =     15478.2085  VDWAALS    =     40987.5856
 EELEC  =   -365741.4048  EHBOND  =         0.0000  RESTRAINT  =         0.0000
 ------------------------------------------------------------------------------

wrapping first mol.:       76.60133      -54.16531       93.81709

 NSTEP =   640000   TIME(PS) =  336319.999  TEMP(K) =   311.08  PRESS =     0.0
 Etot   =   -237916.0480  EKtot   =     63347.8711  EPtot      =   -301263.9191
 BOND   =      2088.1869  ANGLE   =      2490.8522  DIHED      =      1434.3701
 UB     =         0.0000  IMP     =         0.0000  CMAP       =       247.4143
 1-4 NB =      1190.0240  1-4 EEL =     15349.1860  VDWAALS    =     40329.7726
 EELEC  =   -364393.7252  EHBOND  =         0.0000  RESTRAINT  =         0.0000
 ------------------------------------------------------------------------------

wrapping first mol.:       76.60133      -54.16531       93.81709

 NSTEP =   660000   TIME(PS) =  336359.999  TEMP(K) =   311.45  PRESS =     0.0
 Etot   =   -238478.8619  EKtot   =     63422.7227  EPtot      =   -301901.5845
 BOND   =      2123.8464  ANGLE   =      2393.0022  DIHED      =      1422.2601
 UB     =         0.0000  IMP     =         0.0000  CMAP       =       254.1972
 1-4 NB =      1185.5947  1-4 EEL =     15380.9815  VDWAALS    =     40590.9842
 EELEC  =   -365252.4508  EHBOND  =         0.0000  RESTRAINT  =         0.0000
 ------------------------------------------------------------------------------

wrapping first mol.:       76.60133      -54.16531       93.81709

 NSTEP =   680000   TIME(PS) =  336399.999  TEMP(K) =   311.08  PRESS =     0.0
 Etot   =   -238639.0837  EKtot   =     63346.7852  EPtot      =   -301985.8688
 BOND   =      2062.7787  ANGLE   =      2455.5252  DIHED      =      1450.6670
 UB     =         0.0000  IMP     =         0.0000  CMAP       =       232.9029
 1-4 NB =      1157.0728  1-4 EEL =     15311.6078  VDWAALS    =     41164.9230
 EELEC  =   -365821.3462  EHBOND  =         0.0000  RESTRAINT  =         0.0000
 ------------------------------------------------------------------------------

wrapping first mol.:       76.60133      -54.16531       93.81709

 NSTEP =   700000   TIME(PS) =  336439.999  TEMP(K) =   310.71  PRESS =     0.0
 Etot   =   -238707.0939  EKtot   =     63271.6680  EPtot      =   -301978.7619
 BOND   =      2094.6155  ANGLE   =      2392.0924  DIHED      =      1413.7809
 UB     =         0.0000  IMP     =         0.0000  CMAP       =       249.3435
 1-4 NB =      1170.0790  1-4 EEL =     15370.8113  VDWAALS    =     40558.2194
 EELEC  =   -365227.7039  EHBOND  =         0.0000  RESTRAINT  =         0.0000
 ------------------------------------------------------------------------------

wrapping first mol.:       76.60133      -54.16531       93.81709

 NSTEP =   720000   TIME(PS) =  336479.999  TEMP(K) =   309.81  PRESS =     0.0
 Etot   =   -238552.9890  EKtot   =     63089.0156  EPtot      =   -301642.0046
 BOND   =      2101.8969  ANGLE   =      2369.4379  DIHED      =      1414.6144
 UB     =         0.0000  IMP     =         0.0000  CMAP       =       257.5371
 1-4 NB =      1171.2188  1-4 EEL =     15295.0128  VDWAALS    =     40643.1028
 EELEC  =   -364894.8254  EHBOND  =         0.0000  RESTRAINT  =         0.0000
 ------------------------------------------------------------------------------

wrapping first mol.:       76.60133      -54.16531       93.81709

 NSTEP =   740000   TIME(PS) =  336519.999  TEMP(K) =   310.69  PRESS =     0.0
 Etot   =   -238421.5589  EKtot   =     63268.2305  EPtot      =   -301689.7894
 BOND   =      2145.0875  ANGLE   =      2399.5917  DIHED      =      1411.9182
 UB     =         0.0000  IMP     =         0.0000  CMAP       =       264.3976
 1-4 NB =      1167.9596  1-4 EEL =     15329.2860  VDWAALS    =     41292.1125
 EELEC  =   -365700.1423  EHBOND  =         0.0000  RESTRAINT  =         0.0000
 ------------------------------------------------------------------------------

wrapping first mol.:       76.60133      -54.16531       93.81709

 NSTEP =   760000   TIME(PS) =  336559.999  TEMP(K) =   310.93  PRESS =     0.0
 Etot   =   -238263.8867  EKtot   =     63316.7031  EPtot      =   -301580.5898
 BOND   =      2094.7066  ANGLE   =      2402.5299  DIHED      =      1399.8670
 UB     =         0.0000  IMP     =         0.0000  CMAP       =       255.3470
 1-4 NB =      1184.5807  1-4 EEL =     15389.8618  VDWAALS    =     40835.8633
 EELEC  =   -365143.3462  EHBOND  =         0.0000  RESTRAINT  =         0.0000
 ------------------------------------------------------------------------------

wrapping first mol.:       76.60133      -54.16531       93.81709

 NSTEP =   780000   TIME(PS) =  336599.999  TEMP(K) =   309.29  PRESS =     0.0
 Etot   =   -238981.4347  EKtot   =     62982.2891  EPtot      =   -301963.7237
 BOND   =      2159.5341  ANGLE   =      2493.3143  DIHED      =      1422.9338
 UB     =         0.0000  IMP     =         0.0000  CMAP       =       229.8214
 1-4 NB =      1167.3292  1-4 EEL =     15371.4576  VDWAALS    =     40549.3791
 EELEC  =   -365357.4932  EHBOND  =         0.0000  RESTRAINT  =         0.0000
 ------------------------------------------------------------------------------

wrapping first mol.:       76.60133      -54.16531       93.81709

 NSTEP =   800000   TIME(PS) =  336639.999  TEMP(K) =   308.49  PRESS =     0.0
 Etot   =   -238687.0318  EKtot   =     62819.7734  EPtot      =   -301506.8053
 BOND   =      2119.4297  ANGLE   =      2369.3206  DIHED      =      1368.3120
 UB     =         0.0000  IMP     =         0.0000  CMAP       =       228.0210
 1-4 NB =      1147.5822  1-4 EEL =     15229.3053  VDWAALS    =     40607.9588
 EELEC  =   -364576.7349  EHBOND  =         0.0000  RESTRAINT  =         0.0000
 ------------------------------------------------------------------------------

wrapping first mol.:       76.60133      -54.16531       93.81709

 NSTEP =   820000   TIME(PS) =  336679.999  TEMP(K) =   308.92  PRESS =     0.0
 Etot   =   -239061.1827  EKtot   =     62906.1094  EPtot      =   -301967.2921
 BOND   =      2051.1707  ANGLE   =      2443.8671  DIHED      =      1384.3960
 UB     =         0.0000  IMP     =         0.0000  CMAP       =       233.7594
 1-4 NB =      1170.6378  1-4 EEL =     15386.2451  VDWAALS    =     40889.7971
 EELEC  =   -365527.1653  EHBOND  =         0.0000  RESTRAINT  =         0.0000
 ------------------------------------------------------------------------------

wrapping first mol.:       76.60133      -54.16531       93.81709

 NSTEP =   840000   TIME(PS) =  336719.999  TEMP(K) =   309.62  PRESS =     0.0
 Etot   =   -238619.5202  EKtot   =     63049.6719  EPtot      =   -301669.1921
 BOND   =      2083.6109  ANGLE   =      2479.7011  DIHED      =      1408.5740
 UB     =         0.0000  IMP     =         0.0000  CMAP       =       242.3680
 1-4 NB =      1160.0392  1-4 EEL =     15306.0016  VDWAALS    =     40325.6354
 EELEC  =   -364675.1224  EHBOND  =         0.0000  RESTRAINT  =         0.0000
 ------------------------------------------------------------------------------

wrapping first mol.:       76.60133      -54.16531       93.81709

 NSTEP =   860000   TIME(PS) =  336759.999  TEMP(K) =   309.61  PRESS =     0.0
 Etot   =   -238839.6330  EKtot   =     63047.6484  EPtot      =   -301887.2814
 BOND   =      2099.7548  ANGLE   =      2486.8682  DIHED      =      1396.5161
 UB     =         0.0000  IMP     =         0.0000  CMAP       =       248.0323
 1-4 NB =      1173.0068  1-4 EEL =     15324.3898  VDWAALS    =     40387.0263
 EELEC  =   -365002.8758  EHBOND  =         0.0000  RESTRAINT  =         0.0000
 ------------------------------------------------------------------------------

wrapping first mol.:       76.60133      -54.16531       93.81709

 NSTEP =   880000   TIME(PS) =  336799.999  TEMP(K) =   310.73  PRESS =     0.0
 Etot   =   -238721.6795  EKtot   =     63275.8359  EPtot      =   -301997.5154
 BOND   =      2106.4723  ANGLE   =      2447.1798  DIHED      =      1374.4106
 UB     =         0.0000  IMP     =         0.0000  CMAP       =       239.1247
 1-4 NB =      1176.6803  1-4 EEL =     15283.5342  VDWAALS    =     40542.0306
 EELEC  =   -365166.9479  EHBOND  =         0.0000  RESTRAINT  =         0.0000
 ------------------------------------------------------------------------------

wrapping first mol.:       76.60133      -54.16531       93.81709

 NSTEP =   900000   TIME(PS) =  336839.999  TEMP(K) =   310.67  PRESS =     0.0
 Etot   =   -238469.5128  EKtot   =     63264.1133  EPtot      =   -301733.6261
 BOND   =      2100.1202  ANGLE   =      2462.8178  DIHED      =      1359.8872
 UB     =         0.0000  IMP     =         0.0000  CMAP       =       239.2658
 1-4 NB =      1172.1999  1-4 EEL =     15412.2115  VDWAALS    =     40711.8637
 EELEC  =   -365191.9922  EHBOND  =         0.0000  RESTRAINT  =         0.0000
 ------------------------------------------------------------------------------

wrapping first mol.:       76.60133      -54.16531       93.81709

 NSTEP =   920000   TIME(PS) =  336879.999  TEMP(K) =   311.08  PRESS =     0.0
 Etot   =   -238431.5156  EKtot   =     63346.7500  EPtot      =   -301778.2656
 BOND   =      2084.2643  ANGLE   =      2456.6531  DIHED      =      1376.7374
 UB     =         0.0000  IMP     =         0.0000  CMAP       =       250.5019
 1-4 NB =      1190.3634  1-4 EEL =     15379.9883  VDWAALS    =     40978.0295
 EELEC  =   -365494.8035  EHBOND  =         0.0000  RESTRAINT  =         0.0000
 ------------------------------------------------------------------------------

wrapping first mol.:       76.60133      -54.16531       93.81709

 NSTEP =   940000   TIME(PS) =  336919.999  TEMP(K) =   311.00  PRESS =     0.0
 Etot   =   -238613.9682  EKtot   =     63329.7422  EPtot      =   -301943.7104
 BOND   =      2062.9398  ANGLE   =      2373.8969  DIHED      =      1377.3137
 UB     =         0.0000  IMP     =         0.0000  CMAP       =       252.1019
 1-4 NB =      1206.4190  1-4 EEL =     15405.2856  VDWAALS    =     40661.1006
 EELEC  =   -365282.7679  EHBOND  =         0.0000  RESTRAINT  =         0.0000
 ------------------------------------------------------------------------------

wrapping first mol.:       76.60133      -54.16531       93.81709

 NSTEP =   960000   TIME(PS) =  336959.999  TEMP(K) =   309.98  PRESS =     0.0
 Etot   =   -238735.8988  EKtot   =     63122.5234  EPtot      =   -301858.4222
 BOND   =      2104.1728  ANGLE   =      2407.1362  DIHED      =      1379.9617
 UB     =         0.0000  IMP     =         0.0000  CMAP       =       236.4287
 1-4 NB =      1171.3318  1-4 EEL =     15403.7704  VDWAALS    =     40178.1779
 EELEC  =   -364739.4018  EHBOND  =         0.0000  RESTRAINT  =         0.0000
 ------------------------------------------------------------------------------

wrapping first mol.:       76.60133      -54.16531       93.81709

 NSTEP =   980000   TIME(PS) =  336999.999  TEMP(K) =   310.33  PRESS =     0.0
 Etot   =   -238758.7546  EKtot   =     63194.1875  EPtot      =   -301952.9421
 BOND   =      2154.9214  ANGLE   =      2436.3282  DIHED      =      1403.6707
 UB     =         0.0000  IMP     =         0.0000  CMAP       =       242.7095
 1-4 NB =      1171.6780  1-4 EEL =     15487.5638  VDWAALS    =     41056.3465
 EELEC  =   -365906.1600  EHBOND  =         0.0000  RESTRAINT  =         0.0000
 ------------------------------------------------------------------------------

wrapping first mol.:       76.60133      -54.16531       93.81709

 NSTEP =  1000000   TIME(PS) =  337039.999  TEMP(K) =   310.86  PRESS =     0.0
 Etot   =   -238702.2642  EKtot   =     63301.4453  EPtot      =   -302003.7095
 BOND   =      2156.5257  ANGLE   =      2355.8790  DIHED      =      1426.5109
 UB     =         0.0000  IMP     =         0.0000  CMAP       =       250.6167
 1-4 NB =      1149.8244  1-4 EEL =     15440.9479  VDWAALS    =     40840.3833
 EELEC  =   -365624.3975  EHBOND  =         0.0000  RESTRAINT  =         0.0000
 ------------------------------------------------------------------------------

wrapping first mol.:       76.60133      -54.16531       93.81709

 NSTEP =  1020000   TIME(PS) =  337079.999  TEMP(K) =   310.43  PRESS =     0.0
 Etot   =   -238927.4752  EKtot   =     63214.0625  EPtot      =   -302141.5377
 BOND   =      2092.1852  ANGLE   =      2447.2970  DIHED      =      1390.1109
 UB     =         0.0000  IMP     =         0.0000  CMAP       =       230.1542
 1-4 NB =      1168.2458  1-4 EEL =     15410.4920  VDWAALS    =     40579.8536
 EELEC  =   -365459.8765  EHBOND  =         0.0000  RESTRAINT  =         0.0000
 ------------------------------------------------------------------------------

wrapping first mol.:       76.60133      -54.16531       93.81709

 NSTEP =  1040000   TIME(PS) =  337119.999  TEMP(K) =   310.65  PRESS =     0.0
 Etot   =   -238377.6136  EKtot   =     63259.2656  EPtot      =   -301636.8792
 BOND   =      2089.6286  ANGLE   =      2458.5125  DIHED      =      1423.5993
 UB     =         0.0000  IMP     =         0.0000  CMAP       =       223.3923
 1-4 NB =      1200.9348  1-4 EEL =     15401.4932  VDWAALS    =     40819.6122
 EELEC  =   -365254.0521  EHBOND  =         0.0000  RESTRAINT  =         0.0000
 ------------------------------------------------------------------------------

wrapping first mol.:       76.60133      -54.16531       93.81709

 NSTEP =  1060000   TIME(PS) =  337159.999  TEMP(K) =   310.93  PRESS =     0.0
 Etot   =   -239146.6548  EKtot   =     63317.1445  EPtot      =   -302463.7993
 BOND   =      2091.2480  ANGLE   =      2409.2726  DIHED      =      1399.6690
 UB     =         0.0000  IMP     =         0.0000  CMAP       =       232.3647
 1-4 NB =      1150.7880  1-4 EEL =     15330.1269  VDWAALS    =     40960.6425
 EELEC  =   -366037.9109  EHBOND  =         0.0000  RESTRAINT  =         0.0000
 ------------------------------------------------------------------------------

wrapping first mol.:       76.60133      -54.16531       93.81709

 NSTEP =  1080000   TIME(PS) =  337199.999  TEMP(K) =   309.77  PRESS =     0.0
 Etot   =   -239201.2965  EKtot   =     63080.9688  EPtot      =   -302282.2652
 BOND   =      2119.1074  ANGLE   =      2487.3081  DIHED      =      1434.5685
 UB     =         0.0000  IMP     =         0.0000  CMAP       =       229.1623
 1-4 NB =      1185.0018  1-4 EEL =     15388.3145  VDWAALS    =     40609.2644
 EELEC  =   -365734.9921  EHBOND  =         0.0000  RESTRAINT  =         0.0000
 ------------------------------------------------------------------------------

wrapping first mol.:       76.60133      -54.16531       93.81709

 NSTEP =  1100000   TIME(PS) =  337239.999  TEMP(K) =   310.62  PRESS =     0.0
 Etot   =   -238830.7591  EKtot   =     63252.8672  EPtot      =   -302083.6263
 BOND   =      2016.4816  ANGLE   =      2397.0235  DIHED      =      1402.0456
 UB     =         0.0000  IMP     =         0.0000  CMAP       =       238.0322
 1-4 NB =      1199.8717  1-4 EEL =     15361.0290  VDWAALS    =     40436.5282
 EELEC  =   -365134.6382  EHBOND  =         0.0000  RESTRAINT  =         0.0000
 ------------------------------------------------------------------------------

wrapping first mol.:       76.60133      -54.16531       93.81709

 NSTEP =  1120000   TIME(PS) =  337279.999  TEMP(K) =   308.86  PRESS =     0.0
 Etot   =   -239243.9084  EKtot   =     62895.4297  EPtot      =   -302139.3381
 BOND   =      2097.0811  ANGLE   =      2422.3707  DIHED      =      1400.3451
 UB     =         0.0000  IMP     =         0.0000  CMAP       =       242.9331
 1-4 NB =      1189.1701  1-4 EEL =     15312.9704  VDWAALS    =     40789.5517
 EELEC  =   -365593.7603  EHBOND  =         0.0000  RESTRAINT  =         0.0000
 ------------------------------------------------------------------------------

wrapping first mol.:       76.60133      -54.16531       93.81709

 NSTEP =  1140000   TIME(PS) =  337319.999  TEMP(K) =   308.78  PRESS =     0.0
 Etot   =   -238529.9149  EKtot   =     62877.5859  EPtot      =   -301407.5008
 BOND   =      2107.2639  ANGLE   =      2375.4882  DIHED      =      1400.5123
 UB     =         0.0000  IMP     =         0.0000  CMAP       =       232.6880
 1-4 NB =      1177.5244  1-4 EEL =     15362.9952  VDWAALS    =     40679.9299
 EELEC  =   -364743.9028  EHBOND  =         0.0000  RESTRAINT  =         0.0000
 ------------------------------------------------------------------------------

wrapping first mol.:       76.60133      -54.16531       93.81709

 NSTEP =  1160000   TIME(PS) =  337359.999  TEMP(K) =   309.45  PRESS =     0.0
 Etot   =   -238547.1716  EKtot   =     63015.8633  EPtot      =   -301563.0349
 BOND   =      2057.6792  ANGLE   =      2420.1473  DIHED      =      1422.9651
 UB     =         0.0000  IMP     =         0.0000  CMAP       =       247.6242
 1-4 NB =      1168.3773  1-4 EEL =     15340.0700  VDWAALS    =     40570.0768
 EELEC  =   -364789.9749  EHBOND  =         0.0000  RESTRAINT  =         0.0000
 ------------------------------------------------------------------------------

wrapping first mol.:       76.60133      -54.16531       93.81709

 NSTEP =  1180000   TIME(PS) =  337399.999  TEMP(K) =   310.48  PRESS =     0.0
 Etot   =   -239041.5954  EKtot   =     63225.0898  EPtot      =   -302266.6852
 BOND   =      2052.1732  ANGLE   =      2468.6087  DIHED      =      1396.3261
 UB     =         0.0000  IMP     =         0.0000  CMAP       =       238.0547
 1-4 NB =      1135.9512  1-4 EEL =     15414.0429  VDWAALS    =     41086.5405
 EELEC  =   -366058.3825  EHBOND  =         0.0000  RESTRAINT  =         0.0000
 ------------------------------------------------------------------------------

wrapping first mol.:       76.60133      -54.16531       93.81709

 NSTEP =  1200000   TIME(PS) =  337439.999  TEMP(K) =   310.25  PRESS =     0.0
 Etot   =   -238966.6967  EKtot   =     63178.4219  EPtot      =   -302145.1185
 BOND   =      2065.7547  ANGLE   =      2439.2795  DIHED      =      1419.6526
 UB     =         0.0000  IMP     =         0.0000  CMAP       =       235.0421
 1-4 NB =      1175.0098  1-4 EEL =     15272.6865  VDWAALS    =     40961.4929
 EELEC  =   -365714.0365  EHBOND  =         0.0000  RESTRAINT  =         0.0000
 ------------------------------------------------------------------------------

wrapping first mol.:       76.60133      -54.16531       93.81709

 NSTEP =  1220000   TIME(PS) =  337479.999  TEMP(K) =   311.28  PRESS =     0.0
 Etot   =   -238733.3065  EKtot   =     63388.0117  EPtot      =   -302121.3182
 BOND   =      2150.1500  ANGLE   =      2381.0391  DIHED      =      1413.5358
 UB     =         0.0000  IMP     =         0.0000  CMAP       =       250.2632
 1-4 NB =      1184.6317  1-4 EEL =     15369.4182  VDWAALS    =     41012.2851
 EELEC  =   -365882.6413  EHBOND  =         0.0000  RESTRAINT  =         0.0000
 ------------------------------------------------------------------------------

wrapping first mol.:       76.60133      -54.16531       93.81709

 NSTEP =  1240000   TIME(PS) =  337519.999  TEMP(K) =   310.39  PRESS =     0.0
 Etot   =   -238814.2526  EKtot   =     63206.8555  EPtot      =   -302021.1080
 BOND   =      2056.9383  ANGLE   =      2375.1754  DIHED      =      1387.2432
 UB     =         0.0000  IMP     =         0.0000  CMAP       =       231.0320
 1-4 NB =      1183.1417  1-4 EEL =     15403.4817  VDWAALS    =     40893.7698
 EELEC  =   -365551.8901  EHBOND  =         0.0000  RESTRAINT  =         0.0000
 ------------------------------------------------------------------------------

wrapping first mol.:       76.60133      -54.16531       93.81709

 NSTEP =  1260000   TIME(PS) =  337559.999  TEMP(K) =   309.88  PRESS =     0.0
 Etot   =   -238906.8764  EKtot   =     63102.9844  EPtot      =   -302009.8607
 BOND   =      2142.3519  ANGLE   =      2399.2160  DIHED      =      1388.2283
 UB     =         0.0000  IMP     =         0.0000  CMAP       =       245.9900
 1-4 NB =      1182.4470  1-4 EEL =     15393.4810  VDWAALS    =     41204.9042
 EELEC  =   -365966.4790  EHBOND  =         0.0000  RESTRAINT  =         0.0000
 ------------------------------------------------------------------------------

wrapping first mol.:       76.60133      -54.16531       93.81709

 NSTEP =  1280000   TIME(PS) =  337599.999  TEMP(K) =   308.82  PRESS =     0.0
 Etot   =   -239049.1297  EKtot   =     62886.1055  EPtot      =   -301935.2351
 BOND   =      2073.0491  ANGLE   =      2438.5094  DIHED      =      1405.1783
 UB     =         0.0000  IMP     =         0.0000  CMAP       =       237.1019
 1-4 NB =      1172.0966  1-4 EEL =     15368.9486  VDWAALS    =     40729.8698
 EELEC  =   -365359.9888  EHBOND  =         0.0000  RESTRAINT  =         0.0000
 ------------------------------------------------------------------------------

wrapping first mol.:       76.60133      -54.16531       93.81709

 NSTEP =  1300000   TIME(PS) =  337639.999  TEMP(K) =   309.53  PRESS =     0.0
 Etot   =   -239254.3622  EKtot   =     63031.9414  EPtot      =   -302286.3036
 BOND   =      2051.2146  ANGLE   =      2387.6508  DIHED      =      1380.6270
 UB     =         0.0000  IMP     =         0.0000  CMAP       =       244.6816
 1-4 NB =      1193.8649  1-4 EEL =     15419.0331  VDWAALS    =     40890.6717
 EELEC  =   -365854.0473  EHBOND  =         0.0000  RESTRAINT  =         0.0000
 ------------------------------------------------------------------------------

wrapping first mol.:       76.60133      -54.16531       93.81709

 NSTEP =  1320000   TIME(PS) =  337679.999  TEMP(K) =   309.14  PRESS =     0.0
 Etot   =   -239136.0404  EKtot   =     62952.2383  EPtot      =   -302088.2786
 BOND   =      2087.8976  ANGLE   =      2382.3725  DIHED      =      1421.5598
 UB     =         0.0000  IMP     =         0.0000  CMAP       =       215.3685
 1-4 NB =      1185.3899  1-4 EEL =     15346.4190  VDWAALS    =     40958.8119
 EELEC  =   -365686.0979  EHBOND  =         0.0000  RESTRAINT  =         0.0000
 ------------------------------------------------------------------------------

wrapping first mol.:       76.60133      -54.16531       93.81709

 NSTEP =  1340000   TIME(PS) =  337719.999  TEMP(K) =   309.41  PRESS =     0.0
 Etot   =   -238820.4644  EKtot   =     63006.8281  EPtot      =   -301827.2925
 BOND   =      2088.8816  ANGLE   =      2478.6452  DIHED      =      1410.1510
 UB     =         0.0000  IMP     =         0.0000  CMAP       =       235.8544
 1-4 NB =      1165.8305  1-4 EEL =     15312.4244  VDWAALS    =     40807.7560
 EELEC  =   -365326.8357  EHBOND  =         0.0000  RESTRAINT  =         0.0000
 ------------------------------------------------------------------------------

wrapping first mol.:       76.60133      -54.16531       93.81709

 NSTEP =  1360000   TIME(PS) =  337759.999  TEMP(K) =   310.54  PRESS =     0.0
 Etot   =   -238370.6113  EKtot   =     63236.9570  EPtot      =   -301607.5683
 BOND   =      2082.6541  ANGLE   =      2475.0898  DIHED      =      1407.2420
 UB     =         0.0000  IMP     =         0.0000  CMAP       =       240.2069
 1-4 NB =      1165.0879  1-4 EEL =     15330.4391  VDWAALS    =     40943.1263
 EELEC  =   -365251.4146  EHBOND  =         0.0000  RESTRAINT  =         0.0000
 ------------------------------------------------------------------------------

wrapping first mol.:       76.60133      -54.16531       93.81709

 NSTEP =  1380000   TIME(PS) =  337799.999  TEMP(K) =   310.91  PRESS =     0.0
 Etot   =   -238709.7260  EKtot   =     63312.0742  EPtot      =   -302021.8002
 BOND   =      2062.4484  ANGLE   =      2372.3205  DIHED      =      1434.1605
 UB     =         0.0000  IMP     =         0.0000  CMAP       =       223.8918
 1-4 NB =      1184.5427  1-4 EEL =     15420.9490  VDWAALS    =     40399.9264
 EELEC  =   -365120.0395  EHBOND  =         0.0000  RESTRAINT  =         0.0000
 ------------------------------------------------------------------------------

wrapping first mol.:       76.60133      -54.16531       93.81709

 NSTEP =  1400000   TIME(PS) =  337839.999  TEMP(K) =   309.48  PRESS =     0.0
 Etot   =   -239161.8570  EKtot   =     63020.7266  EPtot      =   -302182.5836
 BOND   =      2109.7692  ANGLE   =      2406.5119  DIHED      =      1410.3105
 UB     =         0.0000  IMP     =         0.0000  CMAP       =       245.4828
 1-4 NB =      1148.6063  1-4 EEL =     15286.6159  VDWAALS    =     40794.3928
 EELEC  =   -365584.2730  EHBOND  =         0.0000  RESTRAINT  =         0.0000
 ------------------------------------------------------------------------------

wrapping first mol.:       76.60133      -54.16531       93.81709

 NSTEP =  1420000   TIME(PS) =  337879.999  TEMP(K) =   311.50  PRESS =     0.0
 Etot   =   -238584.3463  EKtot   =     63432.1523  EPtot      =   -302016.4987
 BOND   =      2036.3925  ANGLE   =      2418.7790  DIHED      =      1409.5726
 UB     =         0.0000  IMP     =         0.0000  CMAP       =       239.9252
 1-4 NB =      1197.5031  1-4 EEL =     15357.5310  VDWAALS    =     40946.1789
 EELEC  =   -365622.3811  EHBOND  =         0.0000  RESTRAINT  =         0.0000
 ------------------------------------------------------------------------------

wrapping first mol.:       76.60133      -54.16531       93.81709

 NSTEP =  1440000   TIME(PS) =  337919.999  TEMP(K) =   308.23  PRESS =     0.0
 Etot   =   -239648.8208  EKtot   =     62766.4453  EPtot      =   -302415.2661
 BOND   =      2105.7495  ANGLE   =      2401.4918  DIHED      =      1431.5931
 UB     =         0.0000  IMP     =         0.0000  CMAP       =       238.3019
 1-4 NB =      1161.4961  1-4 EEL =     15402.8409  VDWAALS    =     40716.9750
 EELEC  =   -365873.7145  EHBOND  =         0.0000  RESTRAINT  =         0.0000
 ------------------------------------------------------------------------------

wrapping first mol.:       76.60133      -54.16531       93.81709

 NSTEP =  1460000   TIME(PS) =  337959.999  TEMP(K) =   310.90  PRESS =     0.0
 Etot   =   -238457.3732  EKtot   =     63310.0547  EPtot      =   -301767.4279
 BOND   =      2136.6152  ANGLE   =      2480.9406  DIHED      =      1428.8094
 UB     =         0.0000  IMP     =         0.0000  CMAP       =       256.9217
 1-4 NB =      1175.7350  1-4 EEL =     15353.4121  VDWAALS    =     40810.7311
 EELEC  =   -365410.5930  EHBOND  =         0.0000  RESTRAINT  =         0.0000
 ------------------------------------------------------------------------------

wrapping first mol.:       76.60133      -54.16531       93.81709

 NSTEP =  1480000   TIME(PS) =  337999.999  TEMP(K) =   311.40  PRESS =     0.0
 Etot   =   -238328.9805  EKtot   =     63412.4492  EPtot      =   -301741.4297
 BOND   =      2051.7649  ANGLE   =      2492.6336  DIHED      =      1406.2520
 UB     =         0.0000  IMP     =         0.0000  CMAP       =       248.1470
 1-4 NB =      1179.6632  1-4 EEL =     15442.5385  VDWAALS    =     40508.8513
 EELEC  =   -365071.2802  EHBOND  =         0.0000  RESTRAINT  =         0.0000
 ------------------------------------------------------------------------------

wrapping first mol.:       76.60133      -54.16531       93.81709

 NSTEP =  1500000   TIME(PS) =  338039.999  TEMP(K) =   309.10  PRESS =     0.0
 Etot   =   -239030.3149  EKtot   =     62944.2422  EPtot      =   -301974.5571
 BOND   =      2022.1647  ANGLE   =      2440.1413  DIHED      =      1400.7381
 UB     =         0.0000  IMP     =         0.0000  CMAP       =       230.1049
 1-4 NB =      1166.6927  1-4 EEL =     15458.4693  VDWAALS    =     40223.1792
 EELEC  =   -364916.0473  EHBOND  =         0.0000  RESTRAINT  =         0.0000
 ------------------------------------------------------------------------------

wrapping first mol.:       76.60133      -54.16531       93.81709

 NSTEP =  1520000   TIME(PS) =  338079.999  TEMP(K) =   310.82  PRESS =     0.0
 Etot   =   -238750.5815  EKtot   =     63294.6797  EPtot      =   -302045.2611
 BOND   =      2114.9890  ANGLE   =      2333.9185  DIHED      =      1381.5683
 UB     =         0.0000  IMP     =         0.0000  CMAP       =       272.2187
 1-4 NB =      1170.0137  1-4 EEL =     15353.2964  VDWAALS    =     40854.8481
 EELEC  =   -365526.1137  EHBOND  =         0.0000  RESTRAINT  =         0.0000
 ------------------------------------------------------------------------------

wrapping first mol.:       76.60133      -54.16531       93.81709

 NSTEP =  1540000   TIME(PS) =  338119.999  TEMP(K) =   309.54  PRESS =     0.0
 Etot   =   -239313.5258  EKtot   =     63033.5000  EPtot      =   -302347.0258
 BOND   =      2112.3186  ANGLE   =      2360.9629  DIHED      =      1419.8685
 UB     =         0.0000  IMP     =         0.0000  CMAP       =       263.6026
 1-4 NB =      1158.6770  1-4 EEL =     15394.5684  VDWAALS    =     40730.3987
 EELEC  =   -365787.4226  EHBOND  =         0.0000  RESTRAINT  =         0.0000
 ------------------------------------------------------------------------------

wrapping first mol.:       76.60133      -54.16531       93.81709

 NSTEP =  1560000   TIME(PS) =  338159.999  TEMP(K) =   311.57  PRESS =     0.0
 Etot   =   -238700.9064  EKtot   =     63446.3984  EPtot      =   -302147.3049
 BOND   =      2121.8266  ANGLE   =      2421.6142  DIHED      =      1408.3390
 UB     =         0.0000  IMP     =         0.0000  CMAP       =       239.6587
 1-4 NB =      1172.9437  1-4 EEL =     15476.8227  VDWAALS    =     40924.3323
 EELEC  =   -365912.8421  EHBOND  =         0.0000  RESTRAINT  =         0.0000
 ------------------------------------------------------------------------------

wrapping first mol.:       76.60133      -54.16531       93.81709

 NSTEP =  1580000   TIME(PS) =  338199.999  TEMP(K) =   311.24  PRESS =     0.0
 Etot   =   -238158.2226  EKtot   =     63380.2188  EPtot      =   -301538.4414
 BOND   =      2081.3514  ANGLE   =      2416.3131  DIHED      =      1442.4537
 UB     =         0.0000  IMP     =         0.0000  CMAP       =       256.8902
 1-4 NB =      1202.8393  1-4 EEL =     15462.8486  VDWAALS    =     41140.7600
 EELEC  =   -365541.8978  EHBOND  =         0.0000  RESTRAINT  =         0.0000
 ------------------------------------------------------------------------------

wrapping first mol.:       76.60133      -54.16531       93.81709

 NSTEP =  1600000   TIME(PS) =  338239.999  TEMP(K) =   310.34  PRESS =     0.0
 Etot   =   -238739.0723  EKtot   =     63197.1094  EPtot      =   -301936.1816
 BOND   =      2037.1212  ANGLE   =      2432.3820  DIHED      =      1422.2457
 UB     =         0.0000  IMP     =         0.0000  CMAP       =       251.9236
 1-4 NB =      1182.7014  1-4 EEL =     15446.0802  VDWAALS    =     40678.3821
 EELEC  =   -365387.0178  EHBOND  =         0.0000  RESTRAINT  =         0.0000
 ------------------------------------------------------------------------------

wrapping first mol.:       76.60133      -54.16531       93.81709

 NSTEP =  1620000   TIME(PS) =  338279.999  TEMP(K) =   310.06  PRESS =     0.0
 Etot   =   -238890.2140  EKtot   =     63139.0703  EPtot      =   -302029.2843
 BOND   =      2119.0911  ANGLE   =      2483.9064  DIHED      =      1385.0044
 UB     =         0.0000  IMP     =         0.0000  CMAP       =       254.2986
 1-4 NB =      1147.1435  1-4 EEL =     15343.8094  VDWAALS    =     40723.2446
 EELEC  =   -365485.7824  EHBOND  =         0.0000  RESTRAINT  =         0.0000
 ------------------------------------------------------------------------------

wrapping first mol.:       76.60133      -54.16531       93.81709

 NSTEP =  1640000   TIME(PS) =  338319.999  TEMP(K) =   310.79  PRESS =     0.0
 Etot   =   -237966.5102  EKtot   =     63288.1133  EPtot      =   -301254.6235
 BOND   =      2099.4116  ANGLE   =      2431.5653  DIHED      =      1437.3913
 UB     =         0.0000  IMP     =         0.0000  CMAP       =       256.2536
 1-4 NB =      1177.6156  1-4 EEL =     15481.1408  VDWAALS    =     41085.0004
 EELEC  =   -365223.0022  EHBOND  =         0.0000  RESTRAINT  =         0.0000
 ------------------------------------------------------------------------------

wrapping first mol.:       76.60133      -54.16531       93.81709

 NSTEP =  1660000   TIME(PS) =  338359.999  TEMP(K) =   311.52  PRESS =     0.0
 Etot   =   -238693.2901  EKtot   =     63436.1719  EPtot      =   -302129.4619
 BOND   =      2043.0646  ANGLE   =      2420.8877  DIHED      =      1438.4558
 UB     =         0.0000  IMP     =         0.0000  CMAP       =       263.6690
 1-4 NB =      1207.9692  1-4 EEL =     15545.8564  VDWAALS    =     40947.2935
 EELEC  =   -365996.6581  EHBOND  =         0.0000  RESTRAINT  =         0.0000
 ------------------------------------------------------------------------------

wrapping first mol.:       76.60133      -54.16531       93.81709

 NSTEP =  1680000   TIME(PS) =  338399.999  TEMP(K) =   310.92  PRESS =     0.0
 Etot   =   -238336.6294  EKtot   =     63313.6016  EPtot      =   -301650.2309
 BOND   =      2120.6238  ANGLE   =      2384.6315  DIHED      =      1418.1754
 UB     =         0.0000  IMP     =         0.0000  CMAP       =       247.1587
 1-4 NB =      1145.5354  1-4 EEL =     15482.7312  VDWAALS    =     40795.5181
 EELEC  =   -365244.6049  EHBOND  =         0.0000  RESTRAINT  =         0.0000
 ------------------------------------------------------------------------------

wrapping first mol.:       76.60133      -54.16531       93.81709

 NSTEP =  1700000   TIME(PS) =  338439.999  TEMP(K) =   310.00  PRESS =     0.0
 Etot   =   -238841.1218  EKtot   =     63127.1211  EPtot      =   -301968.2429
 BOND   =      2095.3809  ANGLE   =      2436.2273  DIHED      =      1430.9778
 UB     =         0.0000  IMP     =         0.0000  CMAP       =       240.1108
 1-4 NB =      1169.2750  1-4 EEL =     15468.2548  VDWAALS    =     40870.5612
 EELEC  =   -365679.0307  EHBOND  =         0.0000  RESTRAINT  =         0.0000
 ------------------------------------------------------------------------------

wrapping first mol.:       76.60133      -54.16531       93.81709

 NSTEP =  1720000   TIME(PS) =  338479.999  TEMP(K) =   309.42  PRESS =     0.0
 Etot   =   -238781.0846  EKtot   =     63009.7891  EPtot      =   -301790.8736
 BOND   =      2093.5949  ANGLE   =      2372.2461  DIHED      =      1473.9875
 UB     =         0.0000  IMP     =         0.0000  CMAP       =       260.7274
 1-4 NB =      1179.1858  1-4 EEL =     15488.6571  VDWAALS    =     40949.2405
 EELEC  =   -365608.5130  EHBOND  =         0.0000  RESTRAINT  =         0.0000
 ------------------------------------------------------------------------------

wrapping first mol.:       76.60133      -54.16531       93.81709

 NSTEP =  1740000   TIME(PS) =  338519.999  TEMP(K) =   310.75  PRESS =     0.0
 Etot   =   -238868.3834  EKtot   =     63279.6016  EPtot      =   -302147.9849
 BOND   =      2108.1951  ANGLE   =      2437.4892  DIHED      =      1423.8318
 UB     =         0.0000  IMP     =         0.0000  CMAP       =       255.9912
 1-4 NB =      1175.1149  1-4 EEL =     15496.9280  VDWAALS    =     40795.8593
 EELEC  =   -365841.3945  EHBOND  =         0.0000  RESTRAINT  =         0.0000
 ------------------------------------------------------------------------------

wrapping first mol.:       76.60133      -54.16531       93.81709

 NSTEP =  1760000   TIME(PS) =  338559.999  TEMP(K) =   310.19  PRESS =     0.0
 Etot   =   -238760.0033  EKtot   =     63165.7812  EPtot      =   -301925.7845
 BOND   =      2067.9869  ANGLE   =      2393.2488  DIHED      =      1401.3288
 UB     =         0.0000  IMP     =         0.0000  CMAP       =       260.1327
 1-4 NB =      1142.6695  1-4 EEL =     15477.6291  VDWAALS    =     40687.8952
 EELEC  =   -365356.6756  EHBOND  =         0.0000  RESTRAINT  =         0.0000
 ------------------------------------------------------------------------------

wrapping first mol.:       76.60133      -54.16531       93.81709

 NSTEP =  1780000   TIME(PS) =  338599.999  TEMP(K) =   309.69  PRESS =     0.0
 Etot   =   -238769.7898  EKtot   =     63064.1016  EPtot      =   -301833.8914
 BOND   =      2136.2343  ANGLE   =      2420.3321  DIHED      =      1420.0783
 UB     =         0.0000  IMP     =         0.0000  CMAP       =       249.9508
 1-4 NB =      1152.2950  1-4 EEL =     15425.1881  VDWAALS    =     40791.9491
 EELEC  =   -365429.9190  EHBOND  =         0.0000  RESTRAINT  =         0.0000
 ------------------------------------------------------------------------------

wrapping first mol.:       76.60133      -54.16531       93.81709

 NSTEP =  1800000   TIME(PS) =  338639.999  TEMP(K) =   310.65  PRESS =     0.0
 Etot   =   -238915.1660  EKtot   =     63259.4727  EPtot      =   -302174.6386
 BOND   =      2091.4424  ANGLE   =      2473.8833  DIHED      =      1403.1441
 UB     =         0.0000  IMP     =         0.0000  CMAP       =       248.3456
 1-4 NB =      1179.4565  1-4 EEL =     15393.1322  VDWAALS    =     41068.6257
 EELEC  =   -366032.6684  EHBOND  =         0.0000  RESTRAINT  =         0.0000
 ------------------------------------------------------------------------------

wrapping first mol.:       76.60133      -54.16531       93.81709

 NSTEP =  1820000   TIME(PS) =  338679.999  TEMP(K) =   309.32  PRESS =     0.0
 Etot   =   -238560.1626  EKtot   =     62989.2734  EPtot      =   -301549.4360
 BOND   =      2033.0079  ANGLE   =      2429.6823  DIHED      =      1459.4462
 UB     =         0.0000  IMP     =         0.0000  CMAP       =       221.2662
 1-4 NB =      1171.4433  1-4 EEL =     15408.7070  VDWAALS    =     40824.2656
 EELEC  =   -365097.2545  EHBOND  =         0.0000  RESTRAINT  =         0.0000
 ------------------------------------------------------------------------------

wrapping first mol.:       76.60133      -54.16531       93.81709

 NSTEP =  1840000   TIME(PS) =  338719.999  TEMP(K) =   309.20  PRESS =     0.0
 Etot   =   -238838.9809  EKtot   =     62963.1641  EPtot      =   -301802.1450
 BOND   =      2076.2100  ANGLE   =      2382.4967  DIHED      =      1448.4341
 UB     =         0.0000  IMP     =         0.0000  CMAP       =       255.4954
 1-4 NB =      1150.4007  1-4 EEL =     15462.0034  VDWAALS    =     40792.7424
 EELEC  =   -365369.9277  EHBOND  =         0.0000  RESTRAINT  =         0.0000
 ------------------------------------------------------------------------------

wrapping first mol.:       76.60133      -54.16531       93.81709

 NSTEP =  1860000   TIME(PS) =  338759.999  TEMP(K) =   311.54  PRESS =     0.0
 Etot   =   -238670.4199  EKtot   =     63439.7891  EPtot      =   -302110.2090
 BOND   =      2134.8299  ANGLE   =      2485.1444  DIHED      =      1409.5617
 UB     =         0.0000  IMP     =         0.0000  CMAP       =       252.6640
 1-4 NB =      1161.2394  1-4 EEL =     15437.2424  VDWAALS    =     40417.1286
 EELEC  =   -365408.0193  EHBOND  =         0.0000  RESTRAINT  =         0.0000
 ------------------------------------------------------------------------------

wrapping first mol.:       76.60133      -54.16531       93.81709

 NSTEP =  1880000   TIME(PS) =  338799.999  TEMP(K) =   310.15  PRESS =     0.0
 Etot   =   -238813.6215  EKtot   =     63157.0117  EPtot      =   -301970.6332
 BOND   =      2137.3310  ANGLE   =      2428.7379  DIHED      =      1464.0987
 UB     =         0.0000  IMP     =         0.0000  CMAP       =       247.4522
 1-4 NB =      1179.8400  1-4 EEL =     15443.0717  VDWAALS    =     40903.9467
 EELEC  =   -365775.1114  EHBOND  =         0.0000  RESTRAINT  =         0.0000
 ------------------------------------------------------------------------------

wrapping first mol.:       76.60133      -54.16531       93.81709

 NSTEP =  1900000   TIME(PS) =  338839.999  TEMP(K) =   307.78  PRESS =     0.0
 Etot   =   -239389.1648  EKtot   =     62674.5469  EPtot      =   -302063.7117
 BOND   =      2087.4077  ANGLE   =      2368.9839  DIHED      =      1408.6824
 UB     =         0.0000  IMP     =         0.0000  CMAP       =       238.5606
 1-4 NB =      1160.1567  1-4 EEL =     15498.0140  VDWAALS    =     41000.3940
 EELEC  =   -365825.9110  EHBOND  =         0.0000  RESTRAINT  =         0.0000
 ------------------------------------------------------------------------------

wrapping first mol.:       76.60133      -54.16531       93.81709

 NSTEP =  1920000   TIME(PS) =  338879.999  TEMP(K) =   309.14  PRESS =     0.0
 Etot   =   -239218.8474  EKtot   =     62951.9844  EPtot      =   -302170.8318
 BOND   =      2104.0960  ANGLE   =      2361.8809  DIHED      =      1456.9998
 UB     =         0.0000  IMP     =         0.0000  CMAP       =       236.3531
 1-4 NB =      1179.3254  1-4 EEL =     15514.1381  VDWAALS    =     41270.9506
 EELEC  =   -366294.5756  EHBOND  =         0.0000  RESTRAINT  =         0.0000
 ------------------------------------------------------------------------------

wrapping first mol.:       76.60133      -54.16531       93.81709

 NSTEP =  1940000   TIME(PS) =  338919.999  TEMP(K) =   311.21  PRESS =     0.0
 Etot   =   -238270.4128  EKtot   =     63373.0547  EPtot      =   -301643.4675
 BOND   =      2083.4796  ANGLE   =      2393.3865  DIHED      =      1436.1473
 UB     =         0.0000  IMP     =         0.0000  CMAP       =       243.6290
 1-4 NB =      1184.8925  1-4 EEL =     15501.9577  VDWAALS    =     40476.4940
 EELEC  =   -364963.4541  EHBOND  =         0.0000  RESTRAINT  =         0.0000
 ------------------------------------------------------------------------------

wrapping first mol.:       76.60133      -54.16531       93.81709

 NSTEP =  1960000   TIME(PS) =  338959.999  TEMP(K) =   310.30  PRESS =     0.0
 Etot   =   -239009.5284  EKtot   =     63188.6484  EPtot      =   -302198.1769
 BOND   =      2037.0058  ANGLE   =      2481.1092  DIHED      =      1427.1560
 UB     =         0.0000  IMP     =         0.0000  CMAP       =       243.0618
 1-4 NB =      1172.6802  1-4 EEL =     15441.6705  VDWAALS    =     41313.5580
 EELEC  =   -366314.4185  EHBOND  =         0.0000  RESTRAINT  =         0.0000
 ------------------------------------------------------------------------------

wrapping first mol.:       76.60133      -54.16531       93.81709

 NSTEP =  1980000   TIME(PS) =  338999.999  TEMP(K) =   311.56  PRESS =     0.0
 Etot   =   -238212.1056  EKtot   =     63443.7461  EPtot      =   -301655.8517
 BOND   =      2144.2413  ANGLE   =      2409.8949  DIHED      =      1403.4634
 UB     =         0.0000  IMP     =         0.0000  CMAP       =       249.1394
 1-4 NB =      1162.9157  1-4 EEL =     15496.9082  VDWAALS    =     40783.3696
 EELEC  =   -365305.7842  EHBOND  =         0.0000  RESTRAINT  =         0.0000
 ------------------------------------------------------------------------------

wrapping first mol.:       76.60133      -54.16531       93.81709

 NSTEP =  2000000   TIME(PS) =  339039.999  TEMP(K) =   311.30  PRESS =     0.0
 Etot   =   -238617.4886  EKtot   =     63392.0469  EPtot      =   -302009.5355
 BOND   =      2074.8419  ANGLE   =      2380.6404  DIHED      =      1424.9001
 UB     =         0.0000  IMP     =         0.0000  CMAP       =       253.0646
 1-4 NB =      1178.6127  1-4 EEL =     15469.7148  VDWAALS    =     40636.0338
 EELEC  =   -365427.3439  EHBOND  =         0.0000  RESTRAINT  =         0.0000
 ------------------------------------------------------------------------------

wrapping first mol.:       76.60133      -54.16531       93.81709

 NSTEP =  2020000   TIME(PS) =  339079.999  TEMP(K) =   309.84  PRESS =     0.0
 Etot   =   -239271.2554  EKtot   =     63093.7266  EPtot      =   -302364.9820
 BOND   =      2039.4280  ANGLE   =      2398.8626  DIHED      =      1398.4232
 UB     =         0.0000  IMP     =         0.0000  CMAP       =       264.5231
 1-4 NB =      1218.9876  1-4 EEL =     15498.0129  VDWAALS    =     40542.6086
 EELEC  =   -365725.8280  EHBOND  =         0.0000  RESTRAINT  =         0.0000
 ------------------------------------------------------------------------------

wrapping first mol.:       76.60133      -54.16531       93.81709

 NSTEP =  2040000   TIME(PS) =  339119.999  TEMP(K) =   310.30  PRESS =     0.0
 Etot   =   -238320.0997  EKtot   =     63188.3125  EPtot      =   -301508.4122
 BOND   =      2094.0483  ANGLE   =      2372.1382  DIHED      =      1441.0230
 UB     =         0.0000  IMP     =         0.0000  CMAP       =       267.5608
 1-4 NB =      1160.9857  1-4 EEL =     15444.7986  VDWAALS    =     40747.1570
 EELEC  =   -365036.1238  EHBOND  =         0.0000  RESTRAINT  =         0.0000
 ------------------------------------------------------------------------------

wrapping first mol.:       76.60133      -54.16531       93.81709

 NSTEP =  2060000   TIME(PS) =  339159.999  TEMP(K) =   308.63  PRESS =     0.0
 Etot   =   -239159.0358  EKtot   =     62848.9336  EPtot      =   -302007.9694
 BOND   =      2077.2813  ANGLE   =      2457.8150  DIHED      =      1413.9860
 UB     =         0.0000  IMP     =         0.0000  CMAP       =       258.3919
 1-4 NB =      1174.7300  1-4 EEL =     15449.8695  VDWAALS    =     41148.8580
 EELEC  =   -365988.9012  EHBOND  =         0.0000  RESTRAINT  =         0.0000
 ------------------------------------------------------------------------------

wrapping first mol.:       76.60133      -54.16531       93.81709

 NSTEP =  2080000   TIME(PS) =  339199.999  TEMP(K) =   311.16  PRESS =     0.0
 Etot   =   -238646.3231  EKtot   =     63363.0508  EPtot      =   -302009.3739
 BOND   =      2077.4717  ANGLE   =      2460.8027  DIHED      =      1423.1024
 UB     =         0.0000  IMP     =         0.0000  CMAP       =       256.8232
 1-4 NB =      1153.8802  1-4 EEL =     15411.3770  VDWAALS    =     41008.5961
 EELEC  =   -365801.4273  EHBOND  =         0.0000  RESTRAINT  =         0.0000
 ------------------------------------------------------------------------------

wrapping first mol.:       76.60133      -54.16531       93.81709

 NSTEP =  2100000   TIME(PS) =  339239.999  TEMP(K) =   309.46  PRESS =     0.0
 Etot   =   -238758.3497  EKtot   =     63017.1211  EPtot      =   -301775.4708
 BOND   =      2044.2463  ANGLE   =      2392.0663  DIHED      =      1442.3489
 UB     =         0.0000  IMP     =         0.0000  CMAP       =       255.1760
 1-4 NB =      1168.0206  1-4 EEL =     15446.8895  VDWAALS    =     40664.5051
 EELEC  =   -365188.7235  EHBOND  =         0.0000  RESTRAINT  =         0.0000
 ------------------------------------------------------------------------------

wrapping first mol.:       76.60133      -54.16531       93.81709

 NSTEP =  2120000   TIME(PS) =  339279.999  TEMP(K) =   310.83  PRESS =     0.0
 Etot   =   -238336.5237  EKtot   =     63296.4688  EPtot      =   -301632.9925
 BOND   =      2063.5633  ANGLE   =      2410.3966  DIHED      =      1383.8192
 UB     =         0.0000  IMP     =         0.0000  CMAP       =       252.9822
 1-4 NB =      1187.8465  1-4 EEL =     15413.2032  VDWAALS    =     40564.4066
 EELEC  =   -364909.2100  EHBOND  =         0.0000  RESTRAINT  =         0.0000
 ------------------------------------------------------------------------------

wrapping first mol.:       76.60133      -54.16531       93.81709

 NSTEP =  2140000   TIME(PS) =  339319.999  TEMP(K) =   309.26  PRESS =     0.0
 Etot   =   -238180.0381  EKtot   =     62975.4922  EPtot      =   -301155.5303
 BOND   =      2126.4562  ANGLE   =      2459.4587  DIHED      =      1398.7270
 UB     =         0.0000  IMP     =         0.0000  CMAP       =       254.8989
 1-4 NB =      1170.9836  1-4 EEL =     15338.1763  VDWAALS    =     40576.2876
 EELEC  =   -364480.5186  EHBOND  =         0.0000  RESTRAINT  =         0.0000
 ------------------------------------------------------------------------------

wrapping first mol.:       76.60133      -54.16531       93.81709

 NSTEP =  2160000   TIME(PS) =  339359.999  TEMP(K) =   310.03  PRESS =     0.0
 Etot   =   -238846.1515  EKtot   =     63132.5508  EPtot      =   -301978.7023
 BOND   =      2100.3228  ANGLE   =      2435.9826  DIHED      =      1438.5418
 UB     =         0.0000  IMP     =         0.0000  CMAP       =       258.8079
 1-4 NB =      1183.0923  1-4 EEL =     15432.6496  VDWAALS    =     41058.4701
 EELEC  =   -365886.5694  EHBOND  =         0.0000  RESTRAINT  =         0.0000
 ------------------------------------------------------------------------------

wrapping first mol.:       76.60133      -54.16531       93.81709

 NSTEP =  2180000   TIME(PS) =  339399.999  TEMP(K) =   311.06  PRESS =     0.0
 Etot   =   -238939.9492  EKtot   =     63342.5742  EPtot      =   -302282.5234
 BOND   =      2131.7179  ANGLE   =      2435.1922  DIHED      =      1425.5032
 UB     =         0.0000  IMP     =         0.0000  CMAP       =       257.3354
 1-4 NB =      1193.1923  1-4 EEL =     15445.5065  VDWAALS    =     40365.4584
 EELEC  =   -365536.4294  EHBOND  =         0.0000  RESTRAINT  =         0.0000
 ------------------------------------------------------------------------------

wrapping first mol.:       76.60133      -54.16531       93.81709

 NSTEP =  2200000   TIME(PS) =  339439.999  TEMP(K) =   311.13  PRESS =     0.0
 Etot   =   -238796.0702  EKtot   =     63358.0820  EPtot      =   -302154.1522
 BOND   =      2084.4206  ANGLE   =      2382.9330  DIHED      =      1435.6101
 UB     =         0.0000  IMP     =         0.0000  CMAP       =       244.5059
 1-4 NB =      1166.0818  1-4 EEL =     15451.0384  VDWAALS    =     41170.3436
 EELEC  =   -366089.0858  EHBOND  =         0.0000  RESTRAINT  =         0.0000
 ------------------------------------------------------------------------------

wrapping first mol.:       76.60133      -54.16531       93.81709

 NSTEP =  2220000   TIME(PS) =  339479.999  TEMP(K) =   309.23  PRESS =     0.0
 Etot   =   -238769.1626  EKtot   =     62969.8008  EPtot      =   -301738.9634
 BOND   =      2110.5567  ANGLE   =      2414.2710  DIHED      =      1428.1314
 UB     =         0.0000  IMP     =         0.0000  CMAP       =       282.6446
 1-4 NB =      1171.7225  1-4 EEL =     15382.2203  VDWAALS    =     40909.6397
 EELEC  =   -365438.1495  EHBOND  =         0.0000  RESTRAINT  =         0.0000
 ------------------------------------------------------------------------------

wrapping first mol.:       76.60133      -54.16531       93.81709

 NSTEP =  2240000   TIME(PS) =  339519.999  TEMP(K) =   312.47  PRESS =     0.0
 Etot   =   -238112.4174  EKtot   =     63630.9570  EPtot      =   -301743.3744
 BOND   =      2099.7912  ANGLE   =      2410.5604  DIHED      =      1410.8203
 UB     =         0.0000  IMP     =         0.0000  CMAP       =       260.9516
 1-4 NB =      1167.7806  1-4 EEL =     15388.6098  VDWAALS    =     40109.4117
 EELEC  =   -364591.3000  EHBOND  =         0.0000  RESTRAINT  =         0.0000
 ------------------------------------------------------------------------------

wrapping first mol.:       76.60133      -54.16531       93.81709

 NSTEP =  2260000   TIME(PS) =  339559.999  TEMP(K) =   308.10  PRESS =     0.0
 Etot   =   -239011.1078  EKtot   =     62739.1484  EPtot      =   -301750.2562
 BOND   =      2095.5432  ANGLE   =      2415.0263  DIHED      =      1419.3373
 UB     =         0.0000  IMP     =         0.0000  CMAP       =       251.8372
 1-4 NB =      1183.4319  1-4 EEL =     15444.0866  VDWAALS    =     40624.3731
 EELEC  =   -365183.8918  EHBOND  =         0.0000  RESTRAINT  =         0.0000
 ------------------------------------------------------------------------------

wrapping first mol.:       76.60133      -54.16531       93.81709

 NSTEP =  2280000   TIME(PS) =  339599.999  TEMP(K) =   308.21  PRESS =     0.0
 Etot   =   -239033.4495  EKtot   =     62763.0000  EPtot      =   -301796.4495
 BOND   =      2147.4407  ANGLE   =      2498.3562  DIHED      =      1454.2209
 UB     =         0.0000  IMP     =         0.0000  CMAP       =       253.0265
 1-4 NB =      1166.0754  1-4 EEL =     15437.6189  VDWAALS    =     40549.2172
 EELEC  =   -365302.4054  EHBOND  =         0.0000  RESTRAINT  =         0.0000
 ------------------------------------------------------------------------------

wrapping first mol.:       76.60133      -54.16531       93.81709

 NSTEP =  2300000   TIME(PS) =  339639.999  TEMP(K) =   311.48  PRESS =     0.0
 Etot   =   -238707.6179  EKtot   =     63428.1445  EPtot      =   -302135.7624
 BOND   =      2100.1072  ANGLE   =      2395.6146  DIHED      =      1423.5774
 UB     =         0.0000  IMP     =         0.0000  CMAP       =       246.2801
 1-4 NB =      1194.8903  1-4 EEL =     15419.0968  VDWAALS    =     41223.8433
 EELEC  =   -366139.1721  EHBOND  =         0.0000  RESTRAINT  =         0.0000
 ------------------------------------------------------------------------------

wrapping first mol.:       76.60133      -54.16531       93.81709

 NSTEP =  2320000   TIME(PS) =  339679.999  TEMP(K) =   308.71  PRESS =     0.0
 Etot   =   -238544.9808  EKtot   =     62865.2539  EPtot      =   -301410.2347
 BOND   =      2083.7659  ANGLE   =      2391.6393  DIHED      =      1414.1192
 UB     =         0.0000  IMP     =         0.0000  CMAP       =       269.4228
 1-4 NB =      1182.3982  1-4 EEL =     15406.0842  VDWAALS    =     40918.5601
 EELEC  =   -365076.2245  EHBOND  =         0.0000  RESTRAINT  =         0.0000
 ------------------------------------------------------------------------------

wrapping first mol.:       76.60133      -54.16531       93.81709

 NSTEP =  2340000   TIME(PS) =  339719.999  TEMP(K) =   311.18  PRESS =     0.0
 Etot   =   -238456.4847  EKtot   =     63367.2695  EPtot      =   -301823.7543
 BOND   =      2069.1908  ANGLE   =      2414.5805  DIHED      =      1400.6698
 UB     =         0.0000  IMP     =         0.0000  CMAP       =       262.2955
 1-4 NB =      1206.8032  1-4 EEL =     15408.5154  VDWAALS    =     40505.5092
 EELEC  =   -365091.3187  EHBOND  =         0.0000  RESTRAINT  =         0.0000
 ------------------------------------------------------------------------------

wrapping first mol.:       76.60133      -54.16531       93.81709

 NSTEP =  2360000   TIME(PS) =  339759.999  TEMP(K) =   309.38  PRESS =     0.0
 Etot   =   -238400.8013  EKtot   =     63000.7578  EPtot      =   -301401.5591
 BOND   =      2065.7281  ANGLE   =      2424.7498  DIHED      =      1395.5670
 UB     =         0.0000  IMP     =         0.0000  CMAP       =       265.3305
 1-4 NB =      1208.9884  1-4 EEL =     15403.5264  VDWAALS    =     40779.6780
 EELEC  =   -364945.1273  EHBOND  =         0.0000  RESTRAINT  =         0.0000
 ------------------------------------------------------------------------------

wrapping first mol.:       76.60133      -54.16531       93.81709

 NSTEP =  2380000   TIME(PS) =  339799.999  TEMP(K) =   309.57  PRESS =     0.0
 Etot   =   -238901.9529  EKtot   =     63039.0898  EPtot      =   -301941.0427
 BOND   =      2128.1903  ANGLE   =      2385.6355  DIHED      =      1432.6532
 UB     =         0.0000  IMP     =         0.0000  CMAP       =       251.7625
 1-4 NB =      1180.3659  1-4 EEL =     15370.9495  VDWAALS    =     40409.3902
 EELEC  =   -365099.9897  EHBOND  =         0.0000  RESTRAINT  =         0.0000
 ------------------------------------------------------------------------------

wrapping first mol.:       76.60133      -54.16531       93.81709

 NSTEP =  2400000   TIME(PS) =  339839.999  TEMP(K) =   309.95  PRESS =     0.0
 Etot   =   -238894.1413  EKtot   =     63117.2266  EPtot      =   -302011.3679
 BOND   =      2095.0676  ANGLE   =      2433.3205  DIHED      =      1395.7504
 UB     =         0.0000  IMP     =         0.0000  CMAP       =       255.7691
 1-4 NB =      1182.0345  1-4 EEL =     15453.6960  VDWAALS    =     40398.9443
 EELEC  =   -365225.9503  EHBOND  =         0.0000  RESTRAINT  =         0.0000
 ------------------------------------------------------------------------------

wrapping first mol.:       76.60133      -54.16531       93.81709

 NSTEP =  2420000   TIME(PS) =  339879.999  TEMP(K) =   309.77  PRESS =     0.0
 Etot   =   -238768.1532  EKtot   =     63079.4922  EPtot      =   -301847.6454
 BOND   =      2098.1929  ANGLE   =      2454.9235  DIHED      =      1420.7843
 UB     =         0.0000  IMP     =         0.0000  CMAP       =       257.8178
 1-4 NB =      1173.9060  1-4 EEL =     15383.0879  VDWAALS    =     40678.5494
 EELEC  =   -365314.9073  EHBOND  =         0.0000  RESTRAINT  =         0.0000
 ------------------------------------------------------------------------------

wrapping first mol.:       76.60133      -54.16531       93.81709

 NSTEP =  2440000   TIME(PS) =  339919.999  TEMP(K) =   310.04  PRESS =     0.0
 Etot   =   -238710.7994  EKtot   =     63135.4062  EPtot      =   -301846.2057
 BOND   =      2120.4466  ANGLE   =      2421.9537  DIHED      =      1437.0520
 UB     =         0.0000  IMP     =         0.0000  CMAP       =       262.1357
 1-4 NB =      1154.4429  1-4 EEL =     15388.3905  VDWAALS    =     40880.8353
 EELEC  =   -365511.4623  EHBOND  =         0.0000  RESTRAINT  =         0.0000
 ------------------------------------------------------------------------------

wrapping first mol.:       76.60133      -54.16531       93.81709

 NSTEP =  2460000   TIME(PS) =  339959.999  TEMP(K) =   311.18  PRESS =     0.0
 Etot   =   -238116.7193  EKtot   =     63368.1562  EPtot      =   -301484.8756
 BOND   =      2055.3350  ANGLE   =      2489.7176  DIHED      =      1389.0996
 UB     =         0.0000  IMP     =         0.0000  CMAP       =       239.6957
 1-4 NB =      1184.7122  1-4 EEL =     15421.3022  VDWAALS    =     40782.5394
 EELEC  =   -365047.2772  EHBOND  =         0.0000  RESTRAINT  =         0.0000
 ------------------------------------------------------------------------------

wrapping first mol.:       76.60133      -54.16531       93.81709

 NSTEP =  2480000   TIME(PS) =  339999.999  TEMP(K) =   311.09  PRESS =     0.0
 Etot   =   -238572.8373  EKtot   =     63348.8359  EPtot      =   -301921.6732
 BOND   =      2088.6615  ANGLE   =      2371.1545  DIHED      =      1400.7064
 UB     =         0.0000  IMP     =         0.0000  CMAP       =       252.5041
 1-4 NB =      1186.0141  1-4 EEL =     15422.1483  VDWAALS    =     40760.2447
 EELEC  =   -365403.1069  EHBOND  =         0.0000  RESTRAINT  =         0.0000
 ------------------------------------------------------------------------------

wrapping first mol.:       76.60133      -54.16531       93.81709
wrapping first mol.:       76.60133      -54.16531       93.81709

 NSTEP =  2500000   TIME(PS) =  340039.999  TEMP(K) =   311.09  PRESS =     0.0
 Etot   =   -238509.8307  EKtot   =     63349.6172  EPtot      =   -301859.4479
 BOND   =      2116.5065  ANGLE   =      2418.9873  DIHED      =      1401.0396
 UB     =         0.0000  IMP     =         0.0000  CMAP       =       256.0809
 1-4 NB =      1172.3848  1-4 EEL =     15372.1643  VDWAALS    =     40875.1403
 EELEC  =   -365471.7516  EHBOND  =         0.0000  RESTRAINT  =         0.0000
 ------------------------------------------------------------------------------


      A V E R A G E S   O V E R     125 S T E P S


 NSTEP =  2500000   TIME(PS) =  340039.999  TEMP(K) =   310.12  PRESS =     0.0
 Etot   =   -238737.0171  EKtot   =     63151.8903  EPtot      =   -301888.9075
 BOND   =      2093.2962  ANGLE   =      2427.2153  DIHED      =      1416.3386
 UB     =         0.0000  IMP     =         0.0000  CMAP       =       247.2295
 1-4 NB =      1174.0739  1-4 EEL =     15405.6500  VDWAALS    =     40758.6291
 EELEC  =   -365411.3401  EHBOND  =         0.0000  RESTRAINT  =         0.0000
 ------------------------------------------------------------------------------


      R M S  F L U C T U A T I O N S


 NSTEP =  2500000   TIME(PS) =  340039.999  TEMP(K) =     0.94  PRESS =     0.0
 Etot   =       322.7860  EKtot   =       192.0799  EPtot      =       269.2851
 BOND   =        33.3265  ANGLE   =        40.6530  DIHED      =        22.0476
 UB     =         0.0000  IMP     =         0.0000  CMAP       =        12.6886
 1-4 NB =        15.1640  1-4 EEL =        56.4320  VDWAALS    =       268.6035
 EELEC  =       435.6260  EHBOND  =         0.0000  RESTRAINT  =         0.0000
 ------------------------------------------------------------------------------

--------------------------------------------------------------------------------
   5.  TIMINGS
--------------------------------------------------------------------------------

|  NonSetup CPU Time in Major Routines:
|
|     Routine           Sec        %
|     ------------------------------
|     Nonbond         152.94   11.55
|     Bond              0.00    0.00
|     Angle             0.00    0.00
|     Dihedral          0.00    0.00
|     Shake            10.14    0.77
|     RunMD          1158.40   87.51
|     Other             2.18    0.16
|     ------------------------------
|     Total          1323.67

|  PME Nonbond Pairlist CPU Time:
|
|     Routine              Sec        %
|     ---------------------------------
|     Set Up Cit           0.00    0.00
|     Build List           0.00    0.00
|     ---------------------------------
|     Total                0.00    0.00

|  PME Direct Force CPU Time:
|
|     Routine              Sec        %
|     ---------------------------------
|     NonBonded Calc       0.00    0.00
|     Exclude Masked       0.00    0.00
|     Other                1.38    0.10
|     ---------------------------------
|     Total                1.38    0.10

|  PME Reciprocal Force CPU Time:
|
|     Routine              Sec        %
|     ---------------------------------
|     1D bspline           0.00    0.00
|     Grid Charges         0.00    0.00
|     Scalar Sum           0.00    0.00
|     Gradient Sum         0.00    0.00
|     FFT                  0.00    0.00
|     ---------------------------------
|     Total                0.00    0.00

|  Final Performance Info:
|     -----------------------------------------------------
|     Average timings for last   80000 steps:
|     Elapsed(s) =      42.35 Per Step(ms) =       0.53
|         ns/day =     326.44   seconds/ns =     264.67
|
|     Average timings for all steps:
|     Elapsed(s) =    1325.99 Per Step(ms) =       0.53
|         ns/day =     325.79   seconds/ns =     265.20
|     -----------------------------------------------------

|  Setup CPU time:            1.10 seconds
|  NonSetup CPU time:      1323.67 seconds
|  Total CPU time:         1324.77 seconds     0.37 hours

|  Setup wall time:           1    seconds
|  NonSetup wall time:     1326    seconds
|  Total wall time:        1327    seconds     0.37 hours
