
          -------------------------------------------------------
          Amber 24 PMEMD                              2024
          -------------------------------------------------------

| PMEMD implementation of SANDER, Release 24

|  Compiled date/time: Thu Apr  3 17:55:38 2025
| Run on 10/30/2025 at 14:19:24

|   Executable path: pmemd.cuda_SPFP
| Working directory: /rs1/researchers/h/hall/vtnguye4/Amber_restart/cappedP1amber/P1_Simulation
|          Hostname: gpu19

  [-O]verwriting output

File Assignments:
|   MDIN: /rs1/researchers/h/hall/vtnguye4/Amber_restart/cappedP1amber/equil.in 
|  MDOUT: ./OUT_Files/equil21.out                                               
| INPCRD: ./RST_Files/equil20.rst7                                              
|   PARM: ./PRMTOP_Files/P1.prmtop                                              
| RESTRT: ./RST_Files/equil21.rst7                                              
|   REFC: refc                                                                  
|  MDVEL: mdvel                                                                 
|   MDEN: mden                                                                  
|  MDCRD: ./nc_Files/equil21.nc                                                 
| MDINFO: mdinfo                                                                
|  MDFRC: mdfrc                                                                 


 Here is the input file:

!Stage equilibration 5ns                                                       
&cntrl                                                                         
imin=0, irest=1, ntx=5,                                                        
nstlim=2500000, dt=0.002,                                                      
ntc=2, ntf=2, ig=-1,                                                           
ntt=3, gamma_ln=2.0,                                                           
tempi=310.0, temp0=310.0,                                                      
ntxo=2, ioutfm=1,                                                              
ntpr=20000, ntwx=20000,                                                        
ntb=1,                                                                         
cut=9.0,                                                                       
iwrap=1,                                                                       
/                                                                              


Note: ig = -1. Setting random seed to   124085 based on wallclock time in 
      microseconds.
| irandom = 1, using AMBER's internal random number generator (default).
 
|--------------------- INFORMATION ----------------------
| GPU (CUDA) Version of PMEMD in use: NVIDIA GPU IN USE.
|                    Version 18.0.0
| 
|                      03/25/2018
| 
| Implementation by:
|                    Ross C. Walker     (SDSC)
|                    Scott Le Grand     (nVIDIA)
| 
| Version 18 performance extensions by:
|                    David Cerutti     (Rutgers)
| 
| Precision model in use:
|      [SPFP] - Single Precision Forces, 64-bit Fixed Point
|               Accumulation. (Default)
| 
|--------------------------------------------------------
 
|----------------- CITATION INFORMATION -----------------
|
|    When publishing work that utilized the CUDA version
|    of AMBER, please cite the following in addition to
|    the regular AMBER citations:
|
|  - Romelia Salomon-Ferrer; Andreas W. Goetz; Duncan
|    Poole; Scott Le Grand; Ross C. Walker "Routine
|    microsecond molecular dynamics simulations with
|    AMBER - Part II: Particle Mesh Ewald", J. Chem.
|    Theory Comput., 2013, 9 (9), pp3878-3888,
|    DOI: 10.1021/ct400314y.
|
|  - Andreas W. Goetz; Mark J. Williamson; Dong Xu;
|    Duncan Poole; Scott Le Grand; Ross C. Walker
|    "Routine microsecond molecular dynamics simulations
|    with AMBER - Part I: Generalized Born", J. Chem.
|    Theory Comput., 2012, 8 (5), pp1542-1555.
|
|  - Scott Le Grand; Andreas W. Goetz; Ross C. Walker
|    "SPFP: Speed without compromise - a mixed precision
|    model for GPU accelerated molecular dynamics
|    simulations.", Comp. Phys. Comm., 2013, 184
|    pp374-380, DOI: 10.1016/j.cpc.2012.09.022
|
|--------------------------------------------------------
 
|------------------- GPU DEVICE INFO --------------------
|
|            CUDA_VISIBLE_DEVICES: 0
|   CUDA Capable Devices Detected:      1
|           CUDA Device ID in use:      0
|                CUDA Device Name: NVIDIA L40S
|     CUDA Device Global Mem Size:  45487 MB
| CUDA Device Num Multiprocessors:    142
|           CUDA Device Core Freq:   2.52 GHz
|
|--------------------------------------------------------
 
 
| Conditional Compilation Defines Used:
| PUBFFT
| BINTRAJ
| CUDA
| EMIL

| Largest sphere to fit in unit cell has radius =    46.909

| New format PARM file being parsed.
| Version =    1.000 Date = 10/28/25 Time = 16:56:02

| Note: 1-4 EEL scale factors are being read from the topology file.

| Note: 1-4 VDW scale factors are being read from the topology file.
| Duplicated    0 dihedrals

| Duplicated    0 dihedrals

--------------------------------------------------------------------------------
   1.  RESOURCE   USE: 
--------------------------------------------------------------------------------

 getting box info from netcdf restart file
 NATOM  =  101202 NTYPES =      11 NBONH =   98658 MBONA  =    2544
 NTHETH =    5904 MTHETA =    3408 NPHIH =   11760 MPHIA  =   10368
 NHPARM =       0 NPARM  =       0 NNB   =  155656 NRES   =   32422
 NBONA  =    2544 NTHETA =    3408 NPHIA =   10368 NUMBND =      27
 NUMANG =      54 NPTRA  =      59 NATYP =      16 NPHB   =       0
 IFBOX  =       2 NMXRS  =      21 IFCAP =       0 NEXTRA =       0
 NCOPY  =       0

| Coordinate Index Table dimensions:    20   20   20
| Direct force subcell size =     5.7451    5.7451    5.7451

     BOX TYPE: TRUNCATED OCTAHEDRON

--------------------------------------------------------------------------------
   2.  CONTROL  DATA  FOR  THE  RUN
--------------------------------------------------------------------------------

default_name                                                                    

General flags:
     imin    =       0, nmropt  =       0

Nature and format of input:
     ntx     =       5, irest   =       1, ntrx    =       1

Nature and format of output:
     ntxo    =       2, ntpr    =   20000, ntrx    =       1, ntwr    = 2500000
     iwrap   =       1, ntwx    =   20000, ntwv    =       0, ntwe    =       0
     ioutfm  =       1, ntwprt  =       0, idecomp =       0, rbornstat=      0

Potential function:
     ntf     =       2, ntb     =       1, igb     =       0, nsnb    =      25
     ipol    =       0, gbsa    =       0, iesp    =       0
     dielc   =   1.00000, cut     =   9.00000, intdiel =   1.00000

Frozen or restrained atoms:
     ibelly  =       0, ntr     =       0

Molecular dynamics:
     nstlim  =   2500000, nscm    =      1000, nrespa  =         1
     t       =   0.00000, dt      =   0.00200, vlimit  =  -1.00000

Langevin dynamics temperature regulation:
     ig      =  124085
     temp0   = 310.00000, tempi   = 310.00000, gamma_ln=   2.00000

SHAKE:
     ntc     =       2, jfastw  =       0
     tol     =   0.00001

| Intermolecular bonds treatment:
|     no_intermolecular_bonds =       1

| Energy averages sample interval:
|     ene_avg_sampling =   20000

Ewald parameters:
     verbose =       0, ew_type =       0, nbflag  =       1, use_pme =       1
     vdwmeth =       1, eedmeth =       1, netfrc  =       1
     Box X =  114.902   Box Y =  114.902   Box Z =  114.902
     Alpha =  109.471   Beta  =  109.471   Gamma =  109.471
     NFFT1 =  120       NFFT2 =  120       NFFT3 =  120
     Cutoff=    9.000   Tol   =0.100E-04
     Ewald Coefficient =  0.30768
     Interpolation order =    4

--------------------------------------------------------------------------------
   3.  ATOMIC COORDINATES AND VELOCITIES
--------------------------------------------------------------------------------

default_name                                                                    
 begin time read from input coords =100040.000 ps

 
 Number of triangulated 3-point waters found:    31990

     Sum of charges from parm topology file =  -0.00000047
     Forcing neutrality...

| Dynamic Memory, Types Used:
| Reals             3080462
| Integers          3650456

| Nonbonded Pairs Initial Allocation:    23074056

| GPU memory information (estimate):
| KB of GPU memory in use:    789634
| KB of CPU memory in use:    210424

--------------------------------------------------------------------------------
   4.  RESULTS
--------------------------------------------------------------------------------

wrapping first mol.:      -38.30066      -54.16531       93.81709

 NSTEP =    20000   TIME(PS) =  100080.000  TEMP(K) =   308.55  PRESS =     0.0
 Etot   =   -239207.4279  EKtot   =     62831.7383  EPtot      =   -302039.1662
 BOND   =      2135.8516  ANGLE   =      2409.3010  DIHED      =      1443.1792
 UB     =         0.0000  IMP     =         0.0000  CMAP       =       248.7947
 1-4 NB =      1174.7128  1-4 EEL =     15418.3787  VDWAALS    =     40851.3409
 EELEC  =   -365720.7249  EHBOND  =         0.0000  RESTRAINT  =         0.0000
 ------------------------------------------------------------------------------

wrapping first mol.:      -38.30066      -54.16531       93.81709

 NSTEP =    40000   TIME(PS) =  100120.000  TEMP(K) =   309.31  PRESS =     0.0
 Etot   =   -238901.2144  EKtot   =     62986.1211  EPtot      =   -301887.3355
 BOND   =      2109.5574  ANGLE   =      2412.2194  DIHED      =      1421.6851
 UB     =         0.0000  IMP     =         0.0000  CMAP       =       253.1884
 1-4 NB =      1185.9412  1-4 EEL =     15454.8520  VDWAALS    =     40699.0570
 EELEC  =   -365423.8361  EHBOND  =         0.0000  RESTRAINT  =         0.0000
 ------------------------------------------------------------------------------

wrapping first mol.:      -38.30066      -54.16531       93.81709

 NSTEP =    60000   TIME(PS) =  100160.000  TEMP(K) =   310.67  PRESS =     0.0
 Etot   =   -238627.7371  EKtot   =     63264.3594  EPtot      =   -301892.0965
 BOND   =      2063.5347  ANGLE   =      2418.0317  DIHED      =      1398.4336
 UB     =         0.0000  IMP     =         0.0000  CMAP       =       233.5761
 1-4 NB =      1172.9697  1-4 EEL =     15403.0124  VDWAALS    =     40697.4326
 EELEC  =   -365279.0874  EHBOND  =         0.0000  RESTRAINT  =         0.0000
 ------------------------------------------------------------------------------

wrapping first mol.:      -38.30066      -54.16531       93.81709

 NSTEP =    80000   TIME(PS) =  100200.000  TEMP(K) =   310.77  PRESS =     0.0
 Etot   =   -238456.2731  EKtot   =     63284.2383  EPtot      =   -301740.5114
 BOND   =      2038.4688  ANGLE   =      2424.9046  DIHED      =      1426.3643
 UB     =         0.0000  IMP     =         0.0000  CMAP       =       252.7280
 1-4 NB =      1193.5820  1-4 EEL =     15407.1440  VDWAALS    =     41166.3016
 EELEC  =   -365650.0047  EHBOND  =         0.0000  RESTRAINT  =         0.0000
 ------------------------------------------------------------------------------

wrapping first mol.:      -38.30066      -54.16531       93.81709

 NSTEP =   100000   TIME(PS) =  100240.000  TEMP(K) =   309.67  PRESS =     0.0
 Etot   =   -239150.1636  EKtot   =     63060.4102  EPtot      =   -302210.5738
 BOND   =      2125.6087  ANGLE   =      2445.2673  DIHED      =      1439.8646
 UB     =         0.0000  IMP     =         0.0000  CMAP       =       249.6955
 1-4 NB =      1176.9733  1-4 EEL =     15485.2545  VDWAALS    =     40920.7061
 EELEC  =   -366053.9437  EHBOND  =         0.0000  RESTRAINT  =         0.0000
 ------------------------------------------------------------------------------

wrapping first mol.:      -38.30066      -54.16531       93.81709

 NSTEP =   120000   TIME(PS) =  100280.000  TEMP(K) =   310.33  PRESS =     0.0
 Etot   =   -238466.1237  EKtot   =     63195.1562  EPtot      =   -301661.2800
 BOND   =      2081.7087  ANGLE   =      2463.7970  DIHED      =      1416.4366
 UB     =         0.0000  IMP     =         0.0000  CMAP       =       250.7664
 1-4 NB =      1180.9982  1-4 EEL =     15403.7282  VDWAALS    =     41064.9670
 EELEC  =   -365523.6822  EHBOND  =         0.0000  RESTRAINT  =         0.0000
 ------------------------------------------------------------------------------

wrapping first mol.:      -38.30066      -54.16531       93.81709

 NSTEP =   140000   TIME(PS) =  100320.000  TEMP(K) =   310.91  PRESS =     0.0
 Etot   =   -238568.8071  EKtot   =     63311.8828  EPtot      =   -301880.6899
 BOND   =      2118.9568  ANGLE   =      2427.3982  DIHED      =      1417.0710
 UB     =         0.0000  IMP     =         0.0000  CMAP       =       246.4001
 1-4 NB =      1197.5807  1-4 EEL =     15344.3929  VDWAALS    =     40943.7826
 EELEC  =   -365576.2723  EHBOND  =         0.0000  RESTRAINT  =         0.0000
 ------------------------------------------------------------------------------

wrapping first mol.:      -38.30066      -54.16531       93.81709

 NSTEP =   160000   TIME(PS) =  100360.000  TEMP(K) =   311.42  PRESS =     0.0
 Etot   =   -238215.6784  EKtot   =     63416.4609  EPtot      =   -301632.1394
 BOND   =      2103.3971  ANGLE   =      2415.5103  DIHED      =      1398.6754
 UB     =         0.0000  IMP     =         0.0000  CMAP       =       258.2696
 1-4 NB =      1170.0537  1-4 EEL =     15392.6015  VDWAALS    =     40745.9925
 EELEC  =   -365116.6396  EHBOND  =         0.0000  RESTRAINT  =         0.0000
 ------------------------------------------------------------------------------

wrapping first mol.:      -76.60132       54.16532       93.81709

 NSTEP =   180000   TIME(PS) =  100400.000  TEMP(K) =   309.71  PRESS =     0.0
 Etot   =   -238209.5566  EKtot   =     63067.4062  EPtot      =   -301276.9628
 BOND   =      2113.5792  ANGLE   =      2457.1383  DIHED      =      1412.0905
 UB     =         0.0000  IMP     =         0.0000  CMAP       =       248.5556
 1-4 NB =      1148.2856  1-4 EEL =     15332.4570  VDWAALS    =     40679.8090
 EELEC  =   -364668.8779  EHBOND  =         0.0000  RESTRAINT  =         0.0000
 ------------------------------------------------------------------------------

wrapping first mol.:      -76.60132       54.16532       93.81709

 NSTEP =   200000   TIME(PS) =  100440.000  TEMP(K) =   311.25  PRESS =     0.0
 Etot   =   -238102.3820  EKtot   =     63381.1172  EPtot      =   -301483.4992
 BOND   =      2136.2304  ANGLE   =      2346.8117  DIHED      =      1411.1644
 UB     =         0.0000  IMP     =         0.0000  CMAP       =       250.6664
 1-4 NB =      1166.7986  1-4 EEL =     15330.2215  VDWAALS    =     40877.9047
 EELEC  =   -365003.2969  EHBOND  =         0.0000  RESTRAINT  =         0.0000
 ------------------------------------------------------------------------------

wrapping first mol.:      -38.30066      -54.16531       93.81709

 NSTEP =   220000   TIME(PS) =  100480.000  TEMP(K) =   309.45  PRESS =     0.0
 Etot   =   -238654.4930  EKtot   =     63015.2695  EPtot      =   -301669.7625
 BOND   =      2063.2785  ANGLE   =      2447.5007  DIHED      =      1397.2735
 UB     =         0.0000  IMP     =         0.0000  CMAP       =       257.2197
 1-4 NB =      1190.2876  1-4 EEL =     15415.9753  VDWAALS    =     40579.9837
 EELEC  =   -365021.2816  EHBOND  =         0.0000  RESTRAINT  =         0.0000
 ------------------------------------------------------------------------------

wrapping first mol.:      -38.30066      -54.16531       93.81709

 NSTEP =   240000   TIME(PS) =  100520.000  TEMP(K) =   310.98  PRESS =     0.0
 Etot   =   -238693.4037  EKtot   =     63326.8672  EPtot      =   -302020.2709
 BOND   =      2103.3106  ANGLE   =      2376.1077  DIHED      =      1427.3896
 UB     =         0.0000  IMP     =         0.0000  CMAP       =       256.3329
 1-4 NB =      1186.7792  1-4 EEL =     15387.9371  VDWAALS    =     41049.5931
 EELEC  =   -365807.7211  EHBOND  =         0.0000  RESTRAINT  =         0.0000
 ------------------------------------------------------------------------------

wrapping first mol.:      -38.30066      -54.16531       93.81709

 NSTEP =   260000   TIME(PS) =  100560.000  TEMP(K) =   310.13  PRESS =     0.0
 Etot   =   -238860.1185  EKtot   =     63153.4062  EPtot      =   -302013.5248
 BOND   =      2084.4684  ANGLE   =      2426.7896  DIHED      =      1406.9283
 UB     =         0.0000  IMP     =         0.0000  CMAP       =       248.2776
 1-4 NB =      1180.4102  1-4 EEL =     15423.0924  VDWAALS    =     40520.4535
 EELEC  =   -365303.9447  EHBOND  =         0.0000  RESTRAINT  =         0.0000
 ------------------------------------------------------------------------------

wrapping first mol.:      -38.30066      -54.16531       93.81709

 NSTEP =   280000   TIME(PS) =  100600.000  TEMP(K) =   310.12  PRESS =     0.0
 Etot   =   -238591.0233  EKtot   =     63150.5000  EPtot      =   -301741.5233
 BOND   =      2141.7873  ANGLE   =      2472.2584  DIHED      =      1417.9047
 UB     =         0.0000  IMP     =         0.0000  CMAP       =       259.7047
 1-4 NB =      1173.3590  1-4 EEL =     15375.2410  VDWAALS    =     40540.4578
 EELEC  =   -365122.2360  EHBOND  =         0.0000  RESTRAINT  =         0.0000
 ------------------------------------------------------------------------------

wrapping first mol.:      -38.30066      -54.16531       93.81709

 NSTEP =   300000   TIME(PS) =  100640.000  TEMP(K) =   309.37  PRESS =     0.0
 Etot   =   -238971.8006  EKtot   =     62998.0117  EPtot      =   -301969.8123
 BOND   =      2126.7063  ANGLE   =      2424.4580  DIHED      =      1422.7553
 UB     =         0.0000  IMP     =         0.0000  CMAP       =       260.8003
 1-4 NB =      1164.8069  1-4 EEL =     15289.3557  VDWAALS    =     40592.2591
 EELEC  =   -365250.9539  EHBOND  =         0.0000  RESTRAINT  =         0.0000
 ------------------------------------------------------------------------------

wrapping first mol.:      -38.30066      -54.16531       93.81709

 NSTEP =   320000   TIME(PS) =  100680.000  TEMP(K) =   309.63  PRESS =     0.0
 Etot   =   -238902.2128  EKtot   =     63051.2930  EPtot      =   -301953.5057
 BOND   =      2115.0148  ANGLE   =      2495.6542  DIHED      =      1411.1507
 UB     =         0.0000  IMP     =         0.0000  CMAP       =       256.8530
 1-4 NB =      1161.4866  1-4 EEL =     15339.4000  VDWAALS    =     40962.1659
 EELEC  =   -365695.2309  EHBOND  =         0.0000  RESTRAINT  =         0.0000
 ------------------------------------------------------------------------------

wrapping first mol.:      -38.30066      -54.16531       93.81709

 NSTEP =   340000   TIME(PS) =  100720.000  TEMP(K) =   309.33  PRESS =     0.0
 Etot   =   -238839.4600  EKtot   =     62990.9844  EPtot      =   -301830.4444
 BOND   =      2078.0524  ANGLE   =      2459.9782  DIHED      =      1455.5663
 UB     =         0.0000  IMP     =         0.0000  CMAP       =       257.5836
 1-4 NB =      1179.6299  1-4 EEL =     15309.9751  VDWAALS    =     40630.8071
 EELEC  =   -365202.0370  EHBOND  =         0.0000  RESTRAINT  =         0.0000
 ------------------------------------------------------------------------------

wrapping first mol.:      -38.30066      -54.16531       93.81709

 NSTEP =   360000   TIME(PS) =  100760.000  TEMP(K) =   309.14  PRESS =     0.0
 Etot   =   -238808.2689  EKtot   =     62952.8203  EPtot      =   -301761.0892
 BOND   =      2067.8673  ANGLE   =      2383.9959  DIHED      =      1438.1954
 UB     =         0.0000  IMP     =         0.0000  CMAP       =       284.9239
 1-4 NB =      1163.9472  1-4 EEL =     15361.6873  VDWAALS    =     41105.6007
 EELEC  =   -365567.3069  EHBOND  =         0.0000  RESTRAINT  =         0.0000
 ------------------------------------------------------------------------------

wrapping first mol.:      -38.30066      -54.16531       93.81709

 NSTEP =   380000   TIME(PS) =  100800.000  TEMP(K) =   310.97  PRESS =     0.0
 Etot   =   -238521.7327  EKtot   =     63324.9102  EPtot      =   -301846.6429
 BOND   =      2106.9122  ANGLE   =      2436.9662  DIHED      =      1405.1028
 UB     =         0.0000  IMP     =         0.0000  CMAP       =       254.6064
 1-4 NB =      1198.5968  1-4 EEL =     15419.6743  VDWAALS    =     40915.7203
 EELEC  =   -365584.2217  EHBOND  =         0.0000  RESTRAINT  =         0.0000
 ------------------------------------------------------------------------------

wrapping first mol.:      -38.30066      -54.16531       93.81709

 NSTEP =   400000   TIME(PS) =  100840.000  TEMP(K) =   311.02  PRESS =     0.0
 Etot   =   -238680.5054  EKtot   =     63334.7109  EPtot      =   -302015.2164
 BOND   =      2075.8368  ANGLE   =      2414.1330  DIHED      =      1403.4988
 UB     =         0.0000  IMP     =         0.0000  CMAP       =       251.8053
 1-4 NB =      1156.8769  1-4 EEL =     15400.8752  VDWAALS    =     40912.2168
 EELEC  =   -365630.4592  EHBOND  =         0.0000  RESTRAINT  =         0.0000
 ------------------------------------------------------------------------------

wrapping first mol.:      -38.30066      -54.16531       93.81709

 NSTEP =   420000   TIME(PS) =  100880.000  TEMP(K) =   310.52  PRESS =     0.0
 Etot   =   -238364.3113  EKtot   =     63232.0391  EPtot      =   -301596.3503
 BOND   =      2109.0577  ANGLE   =      2445.4923  DIHED      =      1396.1385
 UB     =         0.0000  IMP     =         0.0000  CMAP       =       251.3828
 1-4 NB =      1207.6750  1-4 EEL =     15420.5579  VDWAALS    =     40781.0042
 EELEC  =   -365207.6585  EHBOND  =         0.0000  RESTRAINT  =         0.0000
 ------------------------------------------------------------------------------

wrapping first mol.:      -38.30066      -54.16531       93.81709

 NSTEP =   440000   TIME(PS) =  100920.000  TEMP(K) =   310.55  PRESS =     0.0
 Etot   =   -238797.1045  EKtot   =     63238.7500  EPtot      =   -302035.8545
 BOND   =      2141.7759  ANGLE   =      2405.6724  DIHED      =      1427.0087
 UB     =         0.0000  IMP     =         0.0000  CMAP       =       247.2418
 1-4 NB =      1155.5116  1-4 EEL =     15398.3800  VDWAALS    =     40892.0943
 EELEC  =   -365703.5392  EHBOND  =         0.0000  RESTRAINT  =         0.0000
 ------------------------------------------------------------------------------

wrapping first mol.:      -38.30066      -54.16531       93.81709

 NSTEP =   460000   TIME(PS) =  100960.000  TEMP(K) =   309.12  PRESS =     0.0
 Etot   =   -239306.9097  EKtot   =     62947.6172  EPtot      =   -302254.5269
 BOND   =      2058.2085  ANGLE   =      2438.5406  DIHED      =      1395.4372
 UB     =         0.0000  IMP     =         0.0000  CMAP       =       264.8201
 1-4 NB =      1194.9969  1-4 EEL =     15400.8614  VDWAALS    =     41239.2015
 EELEC  =   -366246.5930  EHBOND  =         0.0000  RESTRAINT  =         0.0000
 ------------------------------------------------------------------------------

wrapping first mol.:      -38.30066      -54.16531       93.81709

 NSTEP =   480000   TIME(PS) =  101000.000  TEMP(K) =   309.70  PRESS =     0.0
 Etot   =   -238812.4055  EKtot   =     63065.3008  EPtot      =   -301877.7063
 BOND   =      2080.2872  ANGLE   =      2362.0482  DIHED      =      1410.2956
 UB     =         0.0000  IMP     =         0.0000  CMAP       =       248.1708
 1-4 NB =      1181.8847  1-4 EEL =     15461.2004  VDWAALS    =     41098.7767
 EELEC  =   -365720.3697  EHBOND  =         0.0000  RESTRAINT  =         0.0000
 ------------------------------------------------------------------------------

wrapping first mol.:      -38.30066      -54.16531       93.81709

 NSTEP =   500000   TIME(PS) =  101040.000  TEMP(K) =   309.91  PRESS =     0.0
 Etot   =   -238928.1946  EKtot   =     63108.8164  EPtot      =   -302037.0110
 BOND   =      2119.8355  ANGLE   =      2474.9274  DIHED      =      1370.6616
 UB     =         0.0000  IMP     =         0.0000  CMAP       =       252.9775
 1-4 NB =      1175.8771  1-4 EEL =     15389.2532  VDWAALS    =     40492.4095
 EELEC  =   -365312.9528  EHBOND  =         0.0000  RESTRAINT  =         0.0000
 ------------------------------------------------------------------------------

wrapping first mol.:      -38.30066      -54.16531       93.81709

 NSTEP =   520000   TIME(PS) =  101080.000  TEMP(K) =   309.49  PRESS =     0.0
 Etot   =   -239245.4409  EKtot   =     63023.2773  EPtot      =   -302268.7183
 BOND   =      2068.7858  ANGLE   =      2472.0498  DIHED      =      1422.8371
 UB     =         0.0000  IMP     =         0.0000  CMAP       =       265.3437
 1-4 NB =      1167.5076  1-4 EEL =     15418.0877  VDWAALS    =     40208.9098
 EELEC  =   -365292.2397  EHBOND  =         0.0000  RESTRAINT  =         0.0000
 ------------------------------------------------------------------------------

wrapping first mol.:      -38.30066      -54.16531       93.81709

 NSTEP =   540000   TIME(PS) =  101120.000  TEMP(K) =   310.60  PRESS =     0.0
 Etot   =   -238632.2860  EKtot   =     63250.0508  EPtot      =   -301882.3367
 BOND   =      2091.9175  ANGLE   =      2422.4221  DIHED      =      1427.7593
 UB     =         0.0000  IMP     =         0.0000  CMAP       =       267.0613
 1-4 NB =      1167.4441  1-4 EEL =     15366.0463  VDWAALS    =     40870.3378
 EELEC  =   -365495.3251  EHBOND  =         0.0000  RESTRAINT  =         0.0000
 ------------------------------------------------------------------------------

wrapping first mol.:      -38.30066      -54.16531       93.81709

 NSTEP =   560000   TIME(PS) =  101160.000  TEMP(K) =   309.00  PRESS =     0.0
 Etot   =   -238545.6139  EKtot   =     62923.4141  EPtot      =   -301469.0279
 BOND   =      2071.4328  ANGLE   =      2393.8605  DIHED      =      1452.7419
 UB     =         0.0000  IMP     =         0.0000  CMAP       =       256.9798
 1-4 NB =      1154.6028  1-4 EEL =     15371.2776  VDWAALS    =     40919.4859
 EELEC  =   -365089.4093  EHBOND  =         0.0000  RESTRAINT  =         0.0000
 ------------------------------------------------------------------------------

wrapping first mol.:      -38.30066      -54.16531       93.81709

 NSTEP =   580000   TIME(PS) =  101200.000  TEMP(K) =   309.73  PRESS =     0.0
 Etot   =   -238412.9664  EKtot   =     63071.2500  EPtot      =   -301484.2164
 BOND   =      2131.7655  ANGLE   =      2404.5345  DIHED      =      1389.2437
 UB     =         0.0000  IMP     =         0.0000  CMAP       =       235.5950
 1-4 NB =      1184.4876  1-4 EEL =     15417.0213  VDWAALS    =     40667.6191
 EELEC  =   -364914.4832  EHBOND  =         0.0000  RESTRAINT  =         0.0000
 ------------------------------------------------------------------------------

wrapping first mol.:      -38.30066      -54.16531       93.81709

 NSTEP =   600000   TIME(PS) =  101240.000  TEMP(K) =   311.55  PRESS =     0.0
 Etot   =   -238008.6022  EKtot   =     63442.6875  EPtot      =   -301451.2897
 BOND   =      2071.4465  ANGLE   =      2442.3665  DIHED      =      1403.1383
 UB     =         0.0000  IMP     =         0.0000  CMAP       =       257.7354
 1-4 NB =      1169.7465  1-4 EEL =     15408.8661  VDWAALS    =     40694.1243
 EELEC  =   -364898.7133  EHBOND  =         0.0000  RESTRAINT  =         0.0000
 ------------------------------------------------------------------------------

wrapping first mol.:      -38.30066      -54.16531       93.81709

 NSTEP =   620000   TIME(PS) =  101280.000  TEMP(K) =   309.17  PRESS =     0.0
 Etot   =   -239241.3125  EKtot   =     62957.0469  EPtot      =   -302198.3593
 BOND   =      2076.2779  ANGLE   =      2440.6016  DIHED      =      1424.8938
 UB     =         0.0000  IMP     =         0.0000  CMAP       =       246.9254
 1-4 NB =      1191.4220  1-4 EEL =     15445.7801  VDWAALS    =     40974.5125
 EELEC  =   -365998.7727  EHBOND  =         0.0000  RESTRAINT  =         0.0000
 ------------------------------------------------------------------------------

wrapping first mol.:      -38.30066      -54.16531       93.81709

 NSTEP =   640000   TIME(PS) =  101320.000  TEMP(K) =   310.97  PRESS =     0.0
 Etot   =   -238783.5406  EKtot   =     63324.2188  EPtot      =   -302107.7594
 BOND   =      2076.3117  ANGLE   =      2435.4926  DIHED      =      1390.4287
 UB     =         0.0000  IMP     =         0.0000  CMAP       =       248.8011
 1-4 NB =      1173.9528  1-4 EEL =     15382.5612  VDWAALS    =     40786.9746
 EELEC  =   -365602.2820  EHBOND  =         0.0000  RESTRAINT  =         0.0000
 ------------------------------------------------------------------------------

wrapping first mol.:      -38.30066      -54.16531       93.81709

 NSTEP =   660000   TIME(PS) =  101360.000  TEMP(K) =   310.87  PRESS =     0.0
 Etot   =   -238542.6885  EKtot   =     63304.1875  EPtot      =   -301846.8760
 BOND   =      2066.8952  ANGLE   =      2459.8169  DIHED      =      1426.9142
 UB     =         0.0000  IMP     =         0.0000  CMAP       =       246.4380
 1-4 NB =      1208.0159  1-4 EEL =     15400.7470  VDWAALS    =     40918.5854
 EELEC  =   -365574.2886  EHBOND  =         0.0000  RESTRAINT  =         0.0000
 ------------------------------------------------------------------------------

wrapping first mol.:      -38.30066      -54.16531       93.81709

 NSTEP =   680000   TIME(PS) =  101400.000  TEMP(K) =   309.94  PRESS =     0.0
 Etot   =   -238729.7909  EKtot   =     63115.6172  EPtot      =   -301845.4081
 BOND   =      2104.8958  ANGLE   =      2447.3040  DIHED      =      1416.5952
 UB     =         0.0000  IMP     =         0.0000  CMAP       =       240.9401
 1-4 NB =      1163.9972  1-4 EEL =     15360.4932  VDWAALS    =     40861.5445
 EELEC  =   -365441.1780  EHBOND  =         0.0000  RESTRAINT  =         0.0000
 ------------------------------------------------------------------------------

wrapping first mol.:      -38.30066      -54.16531       93.81709

 NSTEP =   700000   TIME(PS) =  101440.000  TEMP(K) =   309.13  PRESS =     0.0
 Etot   =   -238446.0842  EKtot   =     62950.4766  EPtot      =   -301396.5607
 BOND   =      2104.5852  ANGLE   =      2448.8851  DIHED      =      1412.7834
 UB     =         0.0000  IMP     =         0.0000  CMAP       =       246.1120
 1-4 NB =      1177.7148  1-4 EEL =     15395.7902  VDWAALS    =     40741.5892
 EELEC  =   -364924.0206  EHBOND  =         0.0000  RESTRAINT  =         0.0000
 ------------------------------------------------------------------------------

wrapping first mol.:      -38.30066      -54.16531       93.81709

 NSTEP =   720000   TIME(PS) =  101480.000  TEMP(K) =   310.05  PRESS =     0.0
 Etot   =   -238599.6931  EKtot   =     63136.8711  EPtot      =   -301736.5642
 BOND   =      2137.9322  ANGLE   =      2415.7321  DIHED      =      1430.2550
 UB     =         0.0000  IMP     =         0.0000  CMAP       =       226.5236
 1-4 NB =      1165.7765  1-4 EEL =     15473.5628  VDWAALS    =     41235.7785
 EELEC  =   -365822.1248  EHBOND  =         0.0000  RESTRAINT  =         0.0000
 ------------------------------------------------------------------------------

wrapping first mol.:      -38.30066      -54.16531       93.81709

 NSTEP =   740000   TIME(PS) =  101520.000  TEMP(K) =   310.93  PRESS =     0.0
 Etot   =   -238466.3819  EKtot   =     63317.2500  EPtot      =   -301783.6319
 BOND   =      2071.9197  ANGLE   =      2503.8824  DIHED      =      1421.1762
 UB     =         0.0000  IMP     =         0.0000  CMAP       =       251.1429
 1-4 NB =      1171.2625  1-4 EEL =     15379.3549  VDWAALS    =     40722.9073
 EELEC  =   -365305.2778  EHBOND  =         0.0000  RESTRAINT  =         0.0000
 ------------------------------------------------------------------------------

wrapping first mol.:      -38.30066      -54.16531       93.81709

 NSTEP =   760000   TIME(PS) =  101560.000  TEMP(K) =   308.33  PRESS =     0.0
 Etot   =   -239115.3729  EKtot   =     62787.7891  EPtot      =   -301903.1619
 BOND   =      2083.0559  ANGLE   =      2427.7541  DIHED      =      1444.3044
 UB     =         0.0000  IMP     =         0.0000  CMAP       =       248.2654
 1-4 NB =      1179.8229  1-4 EEL =     15403.1515  VDWAALS    =     40661.3412
 EELEC  =   -365350.8573  EHBOND  =         0.0000  RESTRAINT  =         0.0000
 ------------------------------------------------------------------------------

wrapping first mol.:      -38.30066      -54.16531       93.81709

 NSTEP =   780000   TIME(PS) =  101600.000  TEMP(K) =   311.11  PRESS =     0.0
 Etot   =   -238176.5477  EKtot   =     63354.0039  EPtot      =   -301530.5516
 BOND   =      2041.5440  ANGLE   =      2431.1362  DIHED      =      1433.1461
 UB     =         0.0000  IMP     =         0.0000  CMAP       =       239.1801
 1-4 NB =      1219.8542  1-4 EEL =     15464.8891  VDWAALS    =     40448.9158
 EELEC  =   -364809.2171  EHBOND  =         0.0000  RESTRAINT  =         0.0000
 ------------------------------------------------------------------------------

wrapping first mol.:      -38.30066      -54.16531       93.81709

 NSTEP =   800000   TIME(PS) =  101640.000  TEMP(K) =   310.08  PRESS =     0.0
 Etot   =   -238476.0023  EKtot   =     63142.4688  EPtot      =   -301618.4710
 BOND   =      2116.4118  ANGLE   =      2457.6452  DIHED      =      1433.7331
 UB     =         0.0000  IMP     =         0.0000  CMAP       =       256.6034
 1-4 NB =      1162.8151  1-4 EEL =     15262.6755  VDWAALS    =     40560.5580
 EELEC  =   -364868.9131  EHBOND  =         0.0000  RESTRAINT  =         0.0000
 ------------------------------------------------------------------------------

wrapping first mol.:      -38.30066      -54.16531       93.81709

 NSTEP =   820000   TIME(PS) =  101680.000  TEMP(K) =   310.09  PRESS =     0.0
 Etot   =   -238838.5548  EKtot   =     63146.2227  EPtot      =   -301984.7774
 BOND   =      2049.5963  ANGLE   =      2426.7642  DIHED      =      1394.4555
 UB     =         0.0000  IMP     =         0.0000  CMAP       =       251.1535
 1-4 NB =      1197.6738  1-4 EEL =     15469.9617  VDWAALS    =     40536.9116
 EELEC  =   -365311.2940  EHBOND  =         0.0000  RESTRAINT  =         0.0000
 ------------------------------------------------------------------------------

wrapping first mol.:      -38.30066      -54.16531       93.81709

 NSTEP =   840000   TIME(PS) =  101720.000  TEMP(K) =   310.34  PRESS =     0.0
 Etot   =   -238802.7538  EKtot   =     63197.2422  EPtot      =   -301999.9960
 BOND   =      2090.5668  ANGLE   =      2423.8085  DIHED      =      1414.5807
 UB     =         0.0000  IMP     =         0.0000  CMAP       =       256.5941
 1-4 NB =      1180.9678  1-4 EEL =     15430.2341  VDWAALS    =     40874.9840
 EELEC  =   -365671.7320  EHBOND  =         0.0000  RESTRAINT  =         0.0000
 ------------------------------------------------------------------------------

wrapping first mol.:      -38.30066      -54.16531       93.81709

 NSTEP =   860000   TIME(PS) =  101760.000  TEMP(K) =   310.17  PRESS =     0.0
 Etot   =   -238578.4702  EKtot   =     63161.5547  EPtot      =   -301740.0249
 BOND   =      2096.5126  ANGLE   =      2480.8850  DIHED      =      1401.1295
 UB     =         0.0000  IMP     =         0.0000  CMAP       =       247.6273
 1-4 NB =      1177.3614  1-4 EEL =     15338.9277  VDWAALS    =     40901.6293
 EELEC  =   -365384.0977  EHBOND  =         0.0000  RESTRAINT  =         0.0000
 ------------------------------------------------------------------------------

wrapping first mol.:      -38.30066      -54.16531       93.81709

 NSTEP =   880000   TIME(PS) =  101800.000  TEMP(K) =   311.33  PRESS =     0.0
 Etot   =   -238761.8098  EKtot   =     63398.1875  EPtot      =   -302159.9973
 BOND   =      2118.2736  ANGLE   =      2418.0820  DIHED      =      1385.2531
 UB     =         0.0000  IMP     =         0.0000  CMAP       =       234.3537
 1-4 NB =      1162.1194  1-4 EEL =     15362.4913  VDWAALS    =     40760.9344
 EELEC  =   -365601.5047  EHBOND  =         0.0000  RESTRAINT  =         0.0000
 ------------------------------------------------------------------------------

wrapping first mol.:      -38.30066      -54.16531       93.81709

 NSTEP =   900000   TIME(PS) =  101840.000  TEMP(K) =   309.88  PRESS =     0.0
 Etot   =   -238777.3527  EKtot   =     63103.1836  EPtot      =   -301880.5363
 BOND   =      2079.0582  ANGLE   =      2368.4500  DIHED      =      1411.6392
 UB     =         0.0000  IMP     =         0.0000  CMAP       =       251.0006
 1-4 NB =      1176.4717  1-4 EEL =     15420.7556  VDWAALS    =     40859.8843
 EELEC  =   -365447.7959  EHBOND  =         0.0000  RESTRAINT  =         0.0000
 ------------------------------------------------------------------------------

wrapping first mol.:      -38.30066      -54.16531       93.81709

 NSTEP =   920000   TIME(PS) =  101880.000  TEMP(K) =   309.66  PRESS =     0.0
 Etot   =   -238517.1253  EKtot   =     63057.0078  EPtot      =   -301574.1331
 BOND   =      2074.0934  ANGLE   =      2484.1512  DIHED      =      1390.3990
 UB     =         0.0000  IMP     =         0.0000  CMAP       =       246.0882
 1-4 NB =      1181.0410  1-4 EEL =     15334.8253  VDWAALS    =     40624.6425
 EELEC  =   -364909.3735  EHBOND  =         0.0000  RESTRAINT  =         0.0000
 ------------------------------------------------------------------------------

wrapping first mol.:      -38.30066      -54.16531       93.81709

 NSTEP =   940000   TIME(PS) =  101920.000  TEMP(K) =   312.32  PRESS =     0.0
 Etot   =   -237982.3844  EKtot   =     63599.7734  EPtot      =   -301582.1579
 BOND   =      2071.4752  ANGLE   =      2434.3586  DIHED      =      1433.7373
 UB     =         0.0000  IMP     =         0.0000  CMAP       =       258.9839
 1-4 NB =      1172.2057  1-4 EEL =     15424.4218  VDWAALS    =     41220.4723
 EELEC  =   -365597.8126  EHBOND  =         0.0000  RESTRAINT  =         0.0000
 ------------------------------------------------------------------------------

wrapping first mol.:      -38.30066      -54.16531       93.81709

 NSTEP =   960000   TIME(PS) =  101960.000  TEMP(K) =   307.74  PRESS =     0.0
 Etot   =   -238865.2224  EKtot   =     62667.7188  EPtot      =   -301532.9411
 BOND   =      2170.5579  ANGLE   =      2391.4466  DIHED      =      1418.8763
 UB     =         0.0000  IMP     =         0.0000  CMAP       =       264.2080
 1-4 NB =      1172.2258  1-4 EEL =     15395.1222  VDWAALS    =     40566.9247
 EELEC  =   -364912.3028  EHBOND  =         0.0000  RESTRAINT  =         0.0000
 ------------------------------------------------------------------------------

wrapping first mol.:      -38.30066      -54.16531       93.81709

 NSTEP =   980000   TIME(PS) =  102000.000  TEMP(K) =   311.48  PRESS =     0.0
 Etot   =   -238819.8435  EKtot   =     63427.4922  EPtot      =   -302247.3356
 BOND   =      2088.8580  ANGLE   =      2398.0939  DIHED      =      1415.9202
 UB     =         0.0000  IMP     =         0.0000  CMAP       =       241.1424
 1-4 NB =      1182.8346  1-4 EEL =     15421.7386  VDWAALS    =     40910.5567
 EELEC  =   -365906.4801  EHBOND  =         0.0000  RESTRAINT  =         0.0000
 ------------------------------------------------------------------------------

wrapping first mol.:      -38.30066      -54.16531       93.81709

 NSTEP =  1000000   TIME(PS) =  102040.000  TEMP(K) =   310.18  PRESS =     0.0
 Etot   =   -238871.0445  EKtot   =     63164.6523  EPtot      =   -302035.6969
 BOND   =      2109.2222  ANGLE   =      2406.9013  DIHED      =      1422.2888
 UB     =         0.0000  IMP     =         0.0000  CMAP       =       255.9350
 1-4 NB =      1163.8935  1-4 EEL =     15401.0664  VDWAALS    =     40624.7235
 EELEC  =   -365419.7275  EHBOND  =         0.0000  RESTRAINT  =         0.0000
 ------------------------------------------------------------------------------

wrapping first mol.:      -38.30066      -54.16531       93.81709

 NSTEP =  1020000   TIME(PS) =  102080.000  TEMP(K) =   309.42  PRESS =     0.0
 Etot   =   -239261.0353  EKtot   =     63008.3398  EPtot      =   -302269.3751
 BOND   =      2104.0132  ANGLE   =      2419.8567  DIHED      =      1424.1613
 UB     =         0.0000  IMP     =         0.0000  CMAP       =       258.4632
 1-4 NB =      1161.0323  1-4 EEL =     15353.7427  VDWAALS    =     40637.7812
 EELEC  =   -365628.4257  EHBOND  =         0.0000  RESTRAINT  =         0.0000
 ------------------------------------------------------------------------------

wrapping first mol.:      -38.30066      -54.16531       93.81709

 NSTEP =  1040000   TIME(PS) =  102120.000  TEMP(K) =   309.20  PRESS =     0.0
 Etot   =   -239658.8182  EKtot   =     62964.9062  EPtot      =   -302623.7244
 BOND   =      2153.6660  ANGLE   =      2432.0767  DIHED      =      1398.8145
 UB     =         0.0000  IMP     =         0.0000  CMAP       =       260.8004
 1-4 NB =      1181.4547  1-4 EEL =     15446.1761  VDWAALS    =     40666.0071
 EELEC  =   -366162.7200  EHBOND  =         0.0000  RESTRAINT  =         0.0000
 ------------------------------------------------------------------------------

wrapping first mol.:      -38.30066      -54.16531       93.81709

 NSTEP =  1060000   TIME(PS) =  102160.000  TEMP(K) =   309.63  PRESS =     0.0
 Etot   =   -239002.5851  EKtot   =     63052.2383  EPtot      =   -302054.8234
 BOND   =      2078.8083  ANGLE   =      2448.3906  DIHED      =      1423.6466
 UB     =         0.0000  IMP     =         0.0000  CMAP       =       250.1985
 1-4 NB =      1178.8082  1-4 EEL =     15396.7780  VDWAALS    =     40686.1043
 EELEC  =   -365517.5579  EHBOND  =         0.0000  RESTRAINT  =         0.0000
 ------------------------------------------------------------------------------

wrapping first mol.:      -38.30066      -54.16531       93.81709

 NSTEP =  1080000   TIME(PS) =  102200.000  TEMP(K) =   309.17  PRESS =     0.0
 Etot   =   -238958.7569  EKtot   =     62958.2266  EPtot      =   -301916.9834
 BOND   =      2034.7935  ANGLE   =      2485.8882  DIHED      =      1387.4334
 UB     =         0.0000  IMP     =         0.0000  CMAP       =       263.3797
 1-4 NB =      1164.7713  1-4 EEL =     15413.6880  VDWAALS    =     40945.3992
 EELEC  =   -365612.3368  EHBOND  =         0.0000  RESTRAINT  =         0.0000
 ------------------------------------------------------------------------------

wrapping first mol.:      -38.30066      -54.16531       93.81709

 NSTEP =  1100000   TIME(PS) =  102240.000  TEMP(K) =   310.43  PRESS =     0.0
 Etot   =   -238460.0196  EKtot   =     63213.9023  EPtot      =   -301673.9219
 BOND   =      2101.0015  ANGLE   =      2403.6061  DIHED      =      1400.1727
 UB     =         0.0000  IMP     =         0.0000  CMAP       =       247.6008
 1-4 NB =      1167.6346  1-4 EEL =     15417.1540  VDWAALS    =     40251.0432
 EELEC  =   -364662.1348  EHBOND  =         0.0000  RESTRAINT  =         0.0000
 ------------------------------------------------------------------------------

wrapping first mol.:      -38.30066      -54.16531       93.81709

 NSTEP =  1120000   TIME(PS) =  102280.000  TEMP(K) =   309.37  PRESS =     0.0
 Etot   =   -238378.9181  EKtot   =     62998.7266  EPtot      =   -301377.6447
 BOND   =      2076.5035  ANGLE   =      2383.2015  DIHED      =      1445.3655
 UB     =         0.0000  IMP     =         0.0000  CMAP       =       252.5581
 1-4 NB =      1174.1413  1-4 EEL =     15422.8147  VDWAALS    =     40831.7159
 EELEC  =   -364963.9451  EHBOND  =         0.0000  RESTRAINT  =         0.0000
 ------------------------------------------------------------------------------

wrapping first mol.:      -38.30066      -54.16531       93.81709

 NSTEP =  1140000   TIME(PS) =  102320.000  TEMP(K) =   311.89  PRESS =     0.0
 Etot   =   -238203.8296  EKtot   =     63512.0898  EPtot      =   -301715.9194
 BOND   =      2075.8160  ANGLE   =      2444.8844  DIHED      =      1426.1816
 UB     =         0.0000  IMP     =         0.0000  CMAP       =       238.1660
 1-4 NB =      1183.2269  1-4 EEL =     15441.7316  VDWAALS    =     40471.8586
 EELEC  =   -364997.7843  EHBOND  =         0.0000  RESTRAINT  =         0.0000
 ------------------------------------------------------------------------------

wrapping first mol.:      -76.60132       54.16532       93.81709

 NSTEP =  1160000   TIME(PS) =  102360.000  TEMP(K) =   309.82  PRESS =     0.0
 Etot   =   -238476.4656  EKtot   =     63091.1641  EPtot      =   -301567.6297
 BOND   =      2039.1289  ANGLE   =      2423.0550  DIHED      =      1423.6313
 UB     =         0.0000  IMP     =         0.0000  CMAP       =       238.1008
 1-4 NB =      1196.3637  1-4 EEL =     15415.8948  VDWAALS    =     41165.0410
 EELEC  =   -365468.8451  EHBOND  =         0.0000  RESTRAINT  =         0.0000
 ------------------------------------------------------------------------------

wrapping first mol.:      -38.30066      -54.16531       93.81709

 NSTEP =  1180000   TIME(PS) =  102400.000  TEMP(K) =   311.29  PRESS =     0.0
 Etot   =   -238201.3021  EKtot   =     63390.3008  EPtot      =   -301591.6029
 BOND   =      2058.2017  ANGLE   =      2404.7781  DIHED      =      1413.9962
 UB     =         0.0000  IMP     =         0.0000  CMAP       =       256.3265
 1-4 NB =      1166.1420  1-4 EEL =     15388.8410  VDWAALS    =     40736.1919
 EELEC  =   -365016.0803  EHBOND  =         0.0000  RESTRAINT  =         0.0000
 ------------------------------------------------------------------------------

wrapping first mol.:      -76.60132       54.16532       93.81709

 NSTEP =  1200000   TIME(PS) =  102440.000  TEMP(K) =   310.34  PRESS =     0.0
 Etot   =   -239363.8726  EKtot   =     63195.9766  EPtot      =   -302559.8491
 BOND   =      2082.1695  ANGLE   =      2403.6761  DIHED      =      1422.9506
 UB     =         0.0000  IMP     =         0.0000  CMAP       =       259.7828
 1-4 NB =      1204.4147  1-4 EEL =     15435.3404  VDWAALS    =     41059.5675
 EELEC  =   -366427.7508  EHBOND  =         0.0000  RESTRAINT  =         0.0000
 ------------------------------------------------------------------------------

wrapping first mol.:      -76.60132       54.16532       93.81709

 NSTEP =  1220000   TIME(PS) =  102480.000  TEMP(K) =   310.64  PRESS =     0.0
 Etot   =   -238306.0383  EKtot   =     63257.2383  EPtot      =   -301563.2766
 BOND   =      2089.8834  ANGLE   =      2436.8547  DIHED      =      1402.9221
 UB     =         0.0000  IMP     =         0.0000  CMAP       =       268.4337
 1-4 NB =      1181.8052  1-4 EEL =     15430.5614  VDWAALS    =     40926.9332
 EELEC  =   -365300.6702  EHBOND  =         0.0000  RESTRAINT  =         0.0000
 ------------------------------------------------------------------------------

wrapping first mol.:      -76.60132       54.16532       93.81709

 NSTEP =  1240000   TIME(PS) =  102520.000  TEMP(K) =   310.69  PRESS =     0.0
 Etot   =   -238280.5217  EKtot   =     63267.0312  EPtot      =   -301547.5530
 BOND   =      2076.3918  ANGLE   =      2468.4386  DIHED      =      1379.5922
 UB     =         0.0000  IMP     =         0.0000  CMAP       =       255.6014
 1-4 NB =      1188.2937  1-4 EEL =     15378.1877  VDWAALS    =     40664.2984
 EELEC  =   -364958.3569  EHBOND  =         0.0000  RESTRAINT  =         0.0000
 ------------------------------------------------------------------------------

wrapping first mol.:      -76.60132       54.16532       93.81709

 NSTEP =  1260000   TIME(PS) =  102560.000  TEMP(K) =   310.98  PRESS =     0.0
 Etot   =   -238237.3955  EKtot   =     63327.4648  EPtot      =   -301564.8603
 BOND   =      2075.8786  ANGLE   =      2406.9398  DIHED      =      1417.4980
 UB     =         0.0000  IMP     =         0.0000  CMAP       =       258.2879
 1-4 NB =      1157.5610  1-4 EEL =     15417.8963  VDWAALS    =     40567.2433
 EELEC  =   -364866.1653  EHBOND  =         0.0000  RESTRAINT  =         0.0000
 ------------------------------------------------------------------------------

wrapping first mol.:      -76.60132       54.16532       93.81709

 NSTEP =  1280000   TIME(PS) =  102600.000  TEMP(K) =   309.94  PRESS =     0.0
 Etot   =   -238443.2714  EKtot   =     63114.6641  EPtot      =   -301557.9355
 BOND   =      2073.1990  ANGLE   =      2402.6933  DIHED      =      1449.2885
 UB     =         0.0000  IMP     =         0.0000  CMAP       =       261.0239
 1-4 NB =      1178.1626  1-4 EEL =     15297.8224  VDWAALS    =     40661.3625
 EELEC  =   -364881.4877  EHBOND  =         0.0000  RESTRAINT  =         0.0000
 ------------------------------------------------------------------------------

wrapping first mol.:      -76.60132       54.16532       93.81709

 NSTEP =  1300000   TIME(PS) =  102640.000  TEMP(K) =   308.95  PRESS =     0.0
 Etot   =   -238744.9312  EKtot   =     62912.7031  EPtot      =   -301657.6343
 BOND   =      2139.4309  ANGLE   =      2407.8686  DIHED      =      1463.7953
 UB     =         0.0000  IMP     =         0.0000  CMAP       =       265.5374
 1-4 NB =      1163.8341  1-4 EEL =     15373.9633  VDWAALS    =     40623.5811
 EELEC  =   -365095.6450  EHBOND  =         0.0000  RESTRAINT  =         0.0000
 ------------------------------------------------------------------------------

wrapping first mol.:      -76.60132       54.16532       93.81709

 NSTEP =  1320000   TIME(PS) =  102680.000  TEMP(K) =   311.44  PRESS =     0.0
 Etot   =   -238300.6104  EKtot   =     63419.9258  EPtot      =   -301720.5362
 BOND   =      2029.4456  ANGLE   =      2475.9825  DIHED      =      1412.5456
 UB     =         0.0000  IMP     =         0.0000  CMAP       =       256.3588
 1-4 NB =      1167.7856  1-4 EEL =     15364.2894  VDWAALS    =     40841.0396
 EELEC  =   -365267.9832  EHBOND  =         0.0000  RESTRAINT  =         0.0000
 ------------------------------------------------------------------------------

wrapping first mol.:      -76.60132       54.16532       93.81709

 NSTEP =  1340000   TIME(PS) =  102720.000  TEMP(K) =   310.80  PRESS =     0.0
 Etot   =   -238246.1670  EKtot   =     63290.8203  EPtot      =   -301536.9874
 BOND   =      2084.3065  ANGLE   =      2488.4040  DIHED      =      1409.9217
 UB     =         0.0000  IMP     =         0.0000  CMAP       =       260.3914
 1-4 NB =      1166.0184  1-4 EEL =     15451.0270  VDWAALS    =     40880.8744
 EELEC  =   -365277.9309  EHBOND  =         0.0000  RESTRAINT  =         0.0000
 ------------------------------------------------------------------------------

wrapping first mol.:      -76.60132       54.16532       93.81709

 NSTEP =  1360000   TIME(PS) =  102760.000  TEMP(K) =   309.46  PRESS =     0.0
 Etot   =   -238361.1192  EKtot   =     63016.0391  EPtot      =   -301377.1583
 BOND   =      2119.3016  ANGLE   =      2503.5366  DIHED      =      1401.1460
 UB     =         0.0000  IMP     =         0.0000  CMAP       =       263.2735
 1-4 NB =      1173.2813  1-4 EEL =     15402.9987  VDWAALS    =     40839.3485
 EELEC  =   -365080.0444  EHBOND  =         0.0000  RESTRAINT  =         0.0000
 ------------------------------------------------------------------------------

wrapping first mol.:      -76.60132       54.16532       93.81709

 NSTEP =  1380000   TIME(PS) =  102800.000  TEMP(K) =   310.42  PRESS =     0.0
 Etot   =   -239198.8859  EKtot   =     63213.1211  EPtot      =   -302412.0070
 BOND   =      2059.5864  ANGLE   =      2394.8466  DIHED      =      1421.4019
 UB     =         0.0000  IMP     =         0.0000  CMAP       =       241.4075
 1-4 NB =      1176.8520  1-4 EEL =     15366.5799  VDWAALS    =     40589.5551
 EELEC  =   -365662.2364  EHBOND  =         0.0000  RESTRAINT  =         0.0000
 ------------------------------------------------------------------------------

wrapping first mol.:      -76.60132       54.16532       93.81709

 NSTEP =  1400000   TIME(PS) =  102840.000  TEMP(K) =   312.85  PRESS =     0.0
 Etot   =   -238458.7770  EKtot   =     63707.5938  EPtot      =   -302166.3707
 BOND   =      2101.4405  ANGLE   =      2356.0728  DIHED      =      1404.1744
 UB     =         0.0000  IMP     =         0.0000  CMAP       =       247.6846
 1-4 NB =      1164.0289  1-4 EEL =     15416.6535  VDWAALS    =     40626.1686
 EELEC  =   -365482.5941  EHBOND  =         0.0000  RESTRAINT  =         0.0000
 ------------------------------------------------------------------------------

wrapping first mol.:      -76.60132       54.16532       93.81709

 NSTEP =  1420000   TIME(PS) =  102880.000  TEMP(K) =   308.73  PRESS =     0.0
 Etot   =   -238982.6862  EKtot   =     62868.3750  EPtot      =   -301851.0612
 BOND   =      2139.5099  ANGLE   =      2421.8398  DIHED      =      1426.9303
 UB     =         0.0000  IMP     =         0.0000  CMAP       =       244.2219
 1-4 NB =      1169.0044  1-4 EEL =     15402.3082  VDWAALS    =     41038.6640
 EELEC  =   -365693.5399  EHBOND  =         0.0000  RESTRAINT  =         0.0000
 ------------------------------------------------------------------------------

wrapping first mol.:      -76.60132       54.16532       93.81709

 NSTEP =  1440000   TIME(PS) =  102920.000  TEMP(K) =   310.60  PRESS =     0.0
 Etot   =   -238290.6132  EKtot   =     63248.4492  EPtot      =   -301539.0624
 BOND   =      2119.9744  ANGLE   =      2463.1533  DIHED      =      1420.2385
 UB     =         0.0000  IMP     =         0.0000  CMAP       =       265.9542
 1-4 NB =      1172.1819  1-4 EEL =     15432.2766  VDWAALS    =     40408.4851
 EELEC  =   -364821.3264  EHBOND  =         0.0000  RESTRAINT  =         0.0000
 ------------------------------------------------------------------------------

wrapping first mol.:      -76.60132       54.16532       93.81709

 NSTEP =  1460000   TIME(PS) =  102960.000  TEMP(K) =   310.41  PRESS =     0.0
 Etot   =   -238632.8277  EKtot   =     63209.6641  EPtot      =   -301842.4918
 BOND   =      2121.4891  ANGLE   =      2422.1454  DIHED      =      1412.7067
 UB     =         0.0000  IMP     =         0.0000  CMAP       =       253.9200
 1-4 NB =      1151.1869  1-4 EEL =     15393.0634  VDWAALS    =     41108.6529
 EELEC  =   -365705.6563  EHBOND  =         0.0000  RESTRAINT  =         0.0000
 ------------------------------------------------------------------------------

wrapping first mol.:      -76.60132       54.16532       93.81709

 NSTEP =  1480000   TIME(PS) =  103000.000  TEMP(K) =   309.49  PRESS =     0.0
 Etot   =   -238773.8326  EKtot   =     63023.0547  EPtot      =   -301796.8873
 BOND   =      2103.4225  ANGLE   =      2396.9123  DIHED      =      1432.3242
 UB     =         0.0000  IMP     =         0.0000  CMAP       =       243.5555
 1-4 NB =      1148.9523  1-4 EEL =     15399.4300  VDWAALS    =     40712.1068
 EELEC  =   -365233.5908  EHBOND  =         0.0000  RESTRAINT  =         0.0000
 ------------------------------------------------------------------------------

wrapping first mol.:      -76.60132       54.16532       93.81709

 NSTEP =  1500000   TIME(PS) =  103040.000  TEMP(K) =   310.46  PRESS =     0.0
 Etot   =   -238785.2461  EKtot   =     63220.8906  EPtot      =   -302006.1367
 BOND   =      2018.2816  ANGLE   =      2439.9364  DIHED      =      1431.9568
 UB     =         0.0000  IMP     =         0.0000  CMAP       =       272.3350
 1-4 NB =      1218.5296  1-4 EEL =     15423.4055  VDWAALS    =     40938.1089
 EELEC  =   -365748.6906  EHBOND  =         0.0000  RESTRAINT  =         0.0000
 ------------------------------------------------------------------------------

wrapping first mol.:      -76.60132       54.16532       93.81709

 NSTEP =  1520000   TIME(PS) =  103080.000  TEMP(K) =   309.03  PRESS =     0.0
 Etot   =   -239418.2242  EKtot   =     62929.0859  EPtot      =   -302347.3101
 BOND   =      2123.4877  ANGLE   =      2389.1498  DIHED      =      1425.9033
 UB     =         0.0000  IMP     =         0.0000  CMAP       =       277.8145
 1-4 NB =      1176.2738  1-4 EEL =     15427.6687  VDWAALS    =     41147.7979
 EELEC  =   -366315.4057  EHBOND  =         0.0000  RESTRAINT  =         0.0000
 ------------------------------------------------------------------------------

wrapping first mol.:      -76.60132       54.16532       93.81709

 NSTEP =  1540000   TIME(PS) =  103120.000  TEMP(K) =   308.88  PRESS =     0.0
 Etot   =   -238591.7708  EKtot   =     62899.7031  EPtot      =   -301491.4740
 BOND   =      2140.0338  ANGLE   =      2343.3116  DIHED      =      1444.4301
 UB     =         0.0000  IMP     =         0.0000  CMAP       =       269.9983
 1-4 NB =      1197.2149  1-4 EEL =     15439.5234  VDWAALS    =     40740.8862
 EELEC  =   -365066.8723  EHBOND  =         0.0000  RESTRAINT  =         0.0000
 ------------------------------------------------------------------------------

wrapping first mol.:      -76.60132       54.16532       93.81709

 NSTEP =  1560000   TIME(PS) =  103160.000  TEMP(K) =   309.21  PRESS =     0.0
 Etot   =   -239335.1768  EKtot   =     62965.9180  EPtot      =   -302301.0947
 BOND   =      2092.3174  ANGLE   =      2399.8362  DIHED      =      1411.4384
 UB     =         0.0000  IMP     =         0.0000  CMAP       =       288.8347
 1-4 NB =      1162.8822  1-4 EEL =     15387.8246  VDWAALS    =     40901.2893
 EELEC  =   -365945.5176  EHBOND  =         0.0000  RESTRAINT  =         0.0000
 ------------------------------------------------------------------------------

wrapping first mol.:      -76.60132       54.16532       93.81709

 NSTEP =  1580000   TIME(PS) =  103200.000  TEMP(K) =   309.21  PRESS =     0.0
 Etot   =   -238732.0553  EKtot   =     62965.9883  EPtot      =   -301698.0436
 BOND   =      2056.8289  ANGLE   =      2370.1223  DIHED      =      1417.4088
 UB     =         0.0000  IMP     =         0.0000  CMAP       =       260.7551
 1-4 NB =      1178.2580  1-4 EEL =     15377.5446  VDWAALS    =     40645.5833
 EELEC  =   -365004.5446  EHBOND  =         0.0000  RESTRAINT  =         0.0000
 ------------------------------------------------------------------------------

wrapping first mol.:      -76.60132       54.16532       93.81709

 NSTEP =  1600000   TIME(PS) =  103240.000  TEMP(K) =   308.07  PRESS =     0.0
 Etot   =   -239423.0287  EKtot   =     62733.6445  EPtot      =   -302156.6732
 BOND   =      2075.2706  ANGLE   =      2327.1802  DIHED      =      1422.3469
 UB     =         0.0000  IMP     =         0.0000  CMAP       =       267.2872
 1-4 NB =      1174.5394  1-4 EEL =     15423.8423  VDWAALS    =     40898.9840
 EELEC  =   -365746.1239  EHBOND  =         0.0000  RESTRAINT  =         0.0000
 ------------------------------------------------------------------------------

wrapping first mol.:      -76.60132       54.16532       93.81709

 NSTEP =  1620000   TIME(PS) =  103280.000  TEMP(K) =   310.77  PRESS =     0.0
 Etot   =   -238689.8725  EKtot   =     63284.1406  EPtot      =   -301974.0132
 BOND   =      2101.5962  ANGLE   =      2395.9752  DIHED      =      1411.5910
 UB     =         0.0000  IMP     =         0.0000  CMAP       =       279.7597
 1-4 NB =      1163.9603  1-4 EEL =     15374.7061  VDWAALS    =     40545.8605
 EELEC  =   -365247.4622  EHBOND  =         0.0000  RESTRAINT  =         0.0000
 ------------------------------------------------------------------------------

wrapping first mol.:      -76.60132       54.16532       93.81709

 NSTEP =  1640000   TIME(PS) =  103320.000  TEMP(K) =   309.85  PRESS =     0.0
 Etot   =   -238750.8532  EKtot   =     63095.7383  EPtot      =   -301846.5915
 BOND   =      2117.3228  ANGLE   =      2429.5503  DIHED      =      1413.5188
 UB     =         0.0000  IMP     =         0.0000  CMAP       =       270.1646
 1-4 NB =      1151.4588  1-4 EEL =     15380.2951  VDWAALS    =     41002.1640
 EELEC  =   -365611.0658  EHBOND  =         0.0000  RESTRAINT  =         0.0000
 ------------------------------------------------------------------------------

wrapping first mol.:      -76.60132       54.16532       93.81709

 NSTEP =  1660000   TIME(PS) =  103360.000  TEMP(K) =   310.16  PRESS =     0.0
 Etot   =   -238760.8862  EKtot   =     63158.9336  EPtot      =   -301919.8198
 BOND   =      2139.6014  ANGLE   =      2449.7614  DIHED      =      1408.1377
 UB     =         0.0000  IMP     =         0.0000  CMAP       =       261.1889
 1-4 NB =      1196.2663  1-4 EEL =     15405.8497  VDWAALS    =     40766.5928
 EELEC  =   -365547.2180  EHBOND  =         0.0000  RESTRAINT  =         0.0000
 ------------------------------------------------------------------------------

wrapping first mol.:      -76.60132       54.16532       93.81709

 NSTEP =  1680000   TIME(PS) =  103400.000  TEMP(K) =   309.65  PRESS =     0.0
 Etot   =   -238575.6229  EKtot   =     63055.3320  EPtot      =   -301630.9549
 BOND   =      2099.5567  ANGLE   =      2437.6880  DIHED      =      1399.9963
 UB     =         0.0000  IMP     =         0.0000  CMAP       =       268.4147
 1-4 NB =      1182.4791  1-4 EEL =     15396.5631  VDWAALS    =     41070.9690
 EELEC  =   -365486.6219  EHBOND  =         0.0000  RESTRAINT  =         0.0000
 ------------------------------------------------------------------------------

wrapping first mol.:      -76.60132       54.16532       93.81709

 NSTEP =  1700000   TIME(PS) =  103440.000  TEMP(K) =   309.02  PRESS =     0.0
 Etot   =   -239351.8950  EKtot   =     62928.2188  EPtot      =   -302280.1138
 BOND   =      2090.2043  ANGLE   =      2396.1601  DIHED      =      1394.4793
 UB     =         0.0000  IMP     =         0.0000  CMAP       =       250.5825
 1-4 NB =      1161.7475  1-4 EEL =     15361.0083  VDWAALS    =     40825.1040
 EELEC  =   -365759.3997  EHBOND  =         0.0000  RESTRAINT  =         0.0000
 ------------------------------------------------------------------------------

wrapping first mol.:      -38.30066      -54.16531       93.81709

 NSTEP =  1720000   TIME(PS) =  103480.000  TEMP(K) =   308.35  PRESS =     0.0
 Etot   =   -238764.1471  EKtot   =     62791.2578  EPtot      =   -301555.4049
 BOND   =      2058.8056  ANGLE   =      2403.3544  DIHED      =      1436.9466
 UB     =         0.0000  IMP     =         0.0000  CMAP       =       249.1846
 1-4 NB =      1167.8294  1-4 EEL =     15297.6758  VDWAALS    =     40923.3419
 EELEC  =   -365092.5433  EHBOND  =         0.0000  RESTRAINT  =         0.0000
 ------------------------------------------------------------------------------

wrapping first mol.:      -38.30066      -54.16531       93.81709

 NSTEP =  1740000   TIME(PS) =  103520.000  TEMP(K) =   309.55  PRESS =     0.0
 Etot   =   -238548.2348  EKtot   =     63035.9414  EPtot      =   -301584.1762
 BOND   =      2069.6499  ANGLE   =      2373.7500  DIHED      =      1404.3248
 UB     =         0.0000  IMP     =         0.0000  CMAP       =       266.3039
 1-4 NB =      1196.9586  1-4 EEL =     15266.1783  VDWAALS    =     40350.8722
 EELEC  =   -364512.2140  EHBOND  =         0.0000  RESTRAINT  =         0.0000
 ------------------------------------------------------------------------------

wrapping first mol.:      -38.30066      -54.16531       93.81709

 NSTEP =  1760000   TIME(PS) =  103560.000  TEMP(K) =   308.97  PRESS =     0.0
 Etot   =   -238944.3981  EKtot   =     62917.5625  EPtot      =   -301861.9606
 BOND   =      2090.3987  ANGLE   =      2408.7799  DIHED      =      1371.4645
 UB     =         0.0000  IMP     =         0.0000  CMAP       =       252.9244
 1-4 NB =      1181.6726  1-4 EEL =     15361.4998  VDWAALS    =     40695.9044
 EELEC  =   -365224.6050  EHBOND  =         0.0000  RESTRAINT  =         0.0000
 ------------------------------------------------------------------------------

wrapping first mol.:      -76.60132       54.16532       93.81709

 NSTEP =  1780000   TIME(PS) =  103600.000  TEMP(K) =   309.45  PRESS =     0.0
 Etot   =   -238866.1633  EKtot   =     63014.4805  EPtot      =   -301880.6438
 BOND   =      2162.6317  ANGLE   =      2345.3016  DIHED      =      1403.5672
 UB     =         0.0000  IMP     =         0.0000  CMAP       =       247.5821
 1-4 NB =      1183.5745  1-4 EEL =     15343.8383  VDWAALS    =     41159.2673
 EELEC  =   -365726.4065  EHBOND  =         0.0000  RESTRAINT  =         0.0000
 ------------------------------------------------------------------------------

wrapping first mol.:      -76.60132       54.16532       93.81709

 NSTEP =  1800000   TIME(PS) =  103640.000  TEMP(K) =   311.82  PRESS =     0.0
 Etot   =   -238341.2529  EKtot   =     63497.8984  EPtot      =   -301839.1513
 BOND   =      2086.2849  ANGLE   =      2382.7601  DIHED      =      1416.0796
 UB     =         0.0000  IMP     =         0.0000  CMAP       =       265.8695
 1-4 NB =      1191.1735  1-4 EEL =     15364.1039  VDWAALS    =     40535.7022
 EELEC  =   -365081.1250  EHBOND  =         0.0000  RESTRAINT  =         0.0000
 ------------------------------------------------------------------------------

wrapping first mol.:      -76.60132       54.16532       93.81709

 NSTEP =  1820000   TIME(PS) =  103680.000  TEMP(K) =   308.65  PRESS =     0.0
 Etot   =   -238585.4533  EKtot   =     62852.8086  EPtot      =   -301438.2619
 BOND   =      2112.4269  ANGLE   =      2517.4691  DIHED      =      1421.7390
 UB     =         0.0000  IMP     =         0.0000  CMAP       =       255.0683
 1-4 NB =      1162.3291  1-4 EEL =     15353.9374  VDWAALS    =     40615.4032
 EELEC  =   -364876.6349  EHBOND  =         0.0000  RESTRAINT  =         0.0000
 ------------------------------------------------------------------------------

wrapping first mol.:      -76.60132       54.16532       93.81709

 NSTEP =  1840000   TIME(PS) =  103720.000  TEMP(K) =   308.97  PRESS =     0.0
 Etot   =   -239044.9400  EKtot   =     62916.7344  EPtot      =   -301961.6744
 BOND   =      2091.8674  ANGLE   =      2444.1103  DIHED      =      1362.7641
 UB     =         0.0000  IMP     =         0.0000  CMAP       =       272.7810
 1-4 NB =      1160.1672  1-4 EEL =     15324.0443  VDWAALS    =     41189.8327
 EELEC  =   -365807.2414  EHBOND  =         0.0000  RESTRAINT  =         0.0000
 ------------------------------------------------------------------------------

wrapping first mol.:      -76.60132       54.16532       93.81709

 NSTEP =  1860000   TIME(PS) =  103760.000  TEMP(K) =   311.29  PRESS =     0.0
 Etot   =   -238509.9383  EKtot   =     63388.8164  EPtot      =   -301898.7547
 BOND   =      2079.8647  ANGLE   =      2365.6218  DIHED      =      1439.5027
 UB     =         0.0000  IMP     =         0.0000  CMAP       =       259.3453
 1-4 NB =      1180.1788  1-4 EEL =     15349.8352  VDWAALS    =     40722.4629
 EELEC  =   -365295.5661  EHBOND  =         0.0000  RESTRAINT  =         0.0000
 ------------------------------------------------------------------------------

wrapping first mol.:      -76.60132       54.16532       93.81709

 NSTEP =  1880000   TIME(PS) =  103800.000  TEMP(K) =   310.16  PRESS =     0.0
 Etot   =   -238560.1077  EKtot   =     63159.8164  EPtot      =   -301719.9241
 BOND   =      2140.4011  ANGLE   =      2437.6874  DIHED      =      1399.1611
 UB     =         0.0000  IMP     =         0.0000  CMAP       =       258.6711
 1-4 NB =      1168.8215  1-4 EEL =     15303.4747  VDWAALS    =     40687.1493
 EELEC  =   -365115.2902  EHBOND  =         0.0000  RESTRAINT  =         0.0000
 ------------------------------------------------------------------------------

wrapping first mol.:      -76.60132       54.16532       93.81709

 NSTEP =  1900000   TIME(PS) =  103840.000  TEMP(K) =   310.26  PRESS =     0.0
 Etot   =   -238699.8167  EKtot   =     63179.7969  EPtot      =   -301879.6135
 BOND   =      2148.4989  ANGLE   =      2371.0537  DIHED      =      1434.2812
 UB     =         0.0000  IMP     =         0.0000  CMAP       =       258.1870
 1-4 NB =      1165.4567  1-4 EEL =     15340.8137  VDWAALS    =     40278.5917
 EELEC  =   -364876.4966  EHBOND  =         0.0000  RESTRAINT  =         0.0000
 ------------------------------------------------------------------------------

wrapping first mol.:      -76.60132       54.16532       93.81709

 NSTEP =  1920000   TIME(PS) =  103880.000  TEMP(K) =   310.66  PRESS =     0.0
 Etot   =   -238731.6785  EKtot   =     63261.8906  EPtot      =   -301993.5691
 BOND   =      2124.8696  ANGLE   =      2399.6803  DIHED      =      1394.4157
 UB     =         0.0000  IMP     =         0.0000  CMAP       =       252.2776
 1-4 NB =      1151.5628  1-4 EEL =     15328.4452  VDWAALS    =     40524.2483
 EELEC  =   -365169.0686  EHBOND  =         0.0000  RESTRAINT  =         0.0000
 ------------------------------------------------------------------------------

wrapping first mol.:      -76.60132       54.16532       93.81709

 NSTEP =  1940000   TIME(PS) =  103920.000  TEMP(K) =   310.44  PRESS =     0.0
 Etot   =   -238878.2567  EKtot   =     63216.2148  EPtot      =   -302094.4716
 BOND   =      2099.9655  ANGLE   =      2376.6171  DIHED      =      1393.6769
 UB     =         0.0000  IMP     =         0.0000  CMAP       =       277.4306
 1-4 NB =      1172.2656  1-4 EEL =     15365.0727  VDWAALS    =     40867.3501
 EELEC  =   -365646.8499  EHBOND  =         0.0000  RESTRAINT  =         0.0000
 ------------------------------------------------------------------------------

wrapping first mol.:      -76.60132       54.16532       93.81709

 NSTEP =  1960000   TIME(PS) =  103960.000  TEMP(K) =   310.44  PRESS =     0.0
 Etot   =   -238607.4000  EKtot   =     63215.8477  EPtot      =   -301823.2476
 BOND   =      2021.0502  ANGLE   =      2442.2411  DIHED      =      1425.0543
 UB     =         0.0000  IMP     =         0.0000  CMAP       =       262.6543
 1-4 NB =      1156.4272  1-4 EEL =     15273.4756  VDWAALS    =     40474.4663
 EELEC  =   -364878.6165  EHBOND  =         0.0000  RESTRAINT  =         0.0000
 ------------------------------------------------------------------------------

wrapping first mol.:      -76.60132       54.16532       93.81709

 NSTEP =  1980000   TIME(PS) =  104000.000  TEMP(K) =   311.70  PRESS =     0.0
 Etot   =   -238364.0858  EKtot   =     63473.7656  EPtot      =   -301837.8514
 BOND   =      2049.0979  ANGLE   =      2456.2673  DIHED      =      1406.8546
 UB     =         0.0000  IMP     =         0.0000  CMAP       =       267.9770
 1-4 NB =      1160.1128  1-4 EEL =     15338.6225  VDWAALS    =     40861.5749
 EELEC  =   -365378.3582  EHBOND  =         0.0000  RESTRAINT  =         0.0000
 ------------------------------------------------------------------------------

wrapping first mol.:      -76.60132       54.16532       93.81709

 NSTEP =  2000000   TIME(PS) =  104040.000  TEMP(K) =   311.30  PRESS =     0.0
 Etot   =   -238536.3945  EKtot   =     63391.5781  EPtot      =   -301927.9726
 BOND   =      2124.8115  ANGLE   =      2354.7314  DIHED      =      1413.6982
 UB     =         0.0000  IMP     =         0.0000  CMAP       =       245.4352
 1-4 NB =      1176.9105  1-4 EEL =     15342.4961  VDWAALS    =     40535.4310
 EELEC  =   -365121.4866  EHBOND  =         0.0000  RESTRAINT  =         0.0000
 ------------------------------------------------------------------------------

wrapping first mol.:      -76.60132       54.16532       93.81709

 NSTEP =  2020000   TIME(PS) =  104080.000  TEMP(K) =   310.95  PRESS =     0.0
 Etot   =   -238937.3089  EKtot   =     63320.4688  EPtot      =   -302257.7776
 BOND   =      2060.6822  ANGLE   =      2390.1177  DIHED      =      1415.1727
 UB     =         0.0000  IMP     =         0.0000  CMAP       =       262.5178
 1-4 NB =      1157.3418  1-4 EEL =     15318.9917  VDWAALS    =     40836.0865
 EELEC  =   -365698.6880  EHBOND  =         0.0000  RESTRAINT  =         0.0000
 ------------------------------------------------------------------------------

wrapping first mol.:      -76.60132       54.16532       93.81709

 NSTEP =  2040000   TIME(PS) =  104120.000  TEMP(K) =   310.18  PRESS =     0.0
 Etot   =   -238791.2905  EKtot   =     63163.7500  EPtot      =   -301955.0405
 BOND   =      2144.9732  ANGLE   =      2370.5688  DIHED      =      1392.9190
 UB     =         0.0000  IMP     =         0.0000  CMAP       =       245.5030
 1-4 NB =      1179.7093  1-4 EEL =     15349.7657  VDWAALS    =     40396.8192
 EELEC  =   -365035.2988  EHBOND  =         0.0000  RESTRAINT  =         0.0000
 ------------------------------------------------------------------------------

wrapping first mol.:      -76.60132       54.16532       93.81709

 NSTEP =  2060000   TIME(PS) =  104160.000  TEMP(K) =   311.96  PRESS =     0.0
 Etot   =   -238532.8625  EKtot   =     63526.4766  EPtot      =   -302059.3391
 BOND   =      2160.6663  ANGLE   =      2443.5114  DIHED      =      1345.4730
 UB     =         0.0000  IMP     =         0.0000  CMAP       =       245.9588
 1-4 NB =      1170.9512  1-4 EEL =     15291.4299  VDWAALS    =     40890.6862
 EELEC  =   -365608.0159  EHBOND  =         0.0000  RESTRAINT  =         0.0000
 ------------------------------------------------------------------------------

wrapping first mol.:      -76.60132       54.16532       93.81709

 NSTEP =  2080000   TIME(PS) =  104200.000  TEMP(K) =   309.59  PRESS =     0.0
 Etot   =   -238726.3210  EKtot   =     63043.0547  EPtot      =   -301769.3757
 BOND   =      2136.6957  ANGLE   =      2431.1599  DIHED      =      1411.6715
 UB     =         0.0000  IMP     =         0.0000  CMAP       =       266.7569
 1-4 NB =      1160.2177  1-4 EEL =     15374.9950  VDWAALS    =     40815.5806
 EELEC  =   -365366.4530  EHBOND  =         0.0000  RESTRAINT  =         0.0000
 ------------------------------------------------------------------------------

wrapping first mol.:      -76.60132       54.16532       93.81709

 NSTEP =  2100000   TIME(PS) =  104240.000  TEMP(K) =   310.62  PRESS =     0.0
 Etot   =   -238595.2273  EKtot   =     63253.1875  EPtot      =   -301848.4148
 BOND   =      2064.3963  ANGLE   =      2382.9936  DIHED      =      1403.7290
 UB     =         0.0000  IMP     =         0.0000  CMAP       =       259.9388
 1-4 NB =      1163.9728  1-4 EEL =     15364.1191  VDWAALS    =     41091.6437
 EELEC  =   -365579.2082  EHBOND  =         0.0000  RESTRAINT  =         0.0000
 ------------------------------------------------------------------------------

wrapping first mol.:      -76.60132       54.16532       93.81709

 NSTEP =  2120000   TIME(PS) =  104280.000  TEMP(K) =   310.69  PRESS =     0.0
 Etot   =   -238839.0339  EKtot   =     63267.0000  EPtot      =   -302106.0339
 BOND   =      2135.8843  ANGLE   =      2396.9889  DIHED      =      1414.6637
 UB     =         0.0000  IMP     =         0.0000  CMAP       =       259.2372
 1-4 NB =      1131.7814  1-4 EEL =     15400.1783  VDWAALS    =     41266.1669
 EELEC  =   -366110.9346  EHBOND  =         0.0000  RESTRAINT  =         0.0000
 ------------------------------------------------------------------------------

wrapping first mol.:      -76.60132       54.16532       93.81709

 NSTEP =  2140000   TIME(PS) =  104320.000  TEMP(K) =   308.55  PRESS =     0.0
 Etot   =   -239372.2194  EKtot   =     62831.9727  EPtot      =   -302204.1921
 BOND   =      2139.6613  ANGLE   =      2405.3476  DIHED      =      1409.2273
 UB     =         0.0000  IMP     =         0.0000  CMAP       =       266.3095
 1-4 NB =      1152.5074  1-4 EEL =     15350.2659  VDWAALS    =     40792.0668
 EELEC  =   -365719.5779  EHBOND  =         0.0000  RESTRAINT  =         0.0000
 ------------------------------------------------------------------------------

wrapping first mol.:      -76.60132       54.16532       93.81709

 NSTEP =  2160000   TIME(PS) =  104360.000  TEMP(K) =   307.78  PRESS =     0.0
 Etot   =   -238956.0232  EKtot   =     62675.4375  EPtot      =   -301631.4607
 BOND   =      2104.2974  ANGLE   =      2382.4244  DIHED      =      1423.8363
 UB     =         0.0000  IMP     =         0.0000  CMAP       =       259.6140
 1-4 NB =      1179.3069  1-4 EEL =     15387.0840  VDWAALS    =     40549.7763
 EELEC  =   -364917.8001  EHBOND  =         0.0000  RESTRAINT  =         0.0000
 ------------------------------------------------------------------------------

wrapping first mol.:      -76.60132       54.16532       93.81709

 NSTEP =  2180000   TIME(PS) =  104400.000  TEMP(K) =   310.39  PRESS =     0.0
 Etot   =   -238384.6880  EKtot   =     63206.8594  EPtot      =   -301591.5474
 BOND   =      2034.2192  ANGLE   =      2467.1824  DIHED      =      1400.3551
 UB     =         0.0000  IMP     =         0.0000  CMAP       =       259.6265
 1-4 NB =      1179.9937  1-4 EEL =     15404.3214  VDWAALS    =     40982.7723
 EELEC  =   -365320.0180  EHBOND  =         0.0000  RESTRAINT  =         0.0000
 ------------------------------------------------------------------------------

wrapping first mol.:      -76.60132       54.16532       93.81709

 NSTEP =  2200000   TIME(PS) =  104440.000  TEMP(K) =   310.02  PRESS =     0.0
 Etot   =   -239071.8389  EKtot   =     63132.0469  EPtot      =   -302203.8858
 BOND   =      2064.4007  ANGLE   =      2471.3980  DIHED      =      1438.7522
 UB     =         0.0000  IMP     =         0.0000  CMAP       =       260.0861
 1-4 NB =      1191.7364  1-4 EEL =     15402.7665  VDWAALS    =     40592.9040
 EELEC  =   -365625.9297  EHBOND  =         0.0000  RESTRAINT  =         0.0000
 ------------------------------------------------------------------------------

wrapping first mol.:      -76.60132       54.16532       93.81709

 NSTEP =  2220000   TIME(PS) =  104480.000  TEMP(K) =   307.88  PRESS =     0.0
 Etot   =   -239349.2149  EKtot   =     62695.1641  EPtot      =   -302044.3789
 BOND   =      2053.1993  ANGLE   =      2429.8063  DIHED      =      1372.9301
 UB     =         0.0000  IMP     =         0.0000  CMAP       =       239.4050
 1-4 NB =      1163.3584  1-4 EEL =     15409.7189  VDWAALS    =     40452.4601
 EELEC  =   -365165.2571  EHBOND  =         0.0000  RESTRAINT  =         0.0000
 ------------------------------------------------------------------------------

wrapping first mol.:      -76.60132       54.16532       93.81709

 NSTEP =  2240000   TIME(PS) =  104520.000  TEMP(K) =   310.55  PRESS =     0.0
 Etot   =   -239065.3712  EKtot   =     63238.0898  EPtot      =   -302303.4611
 BOND   =      2111.4167  ANGLE   =      2411.7966  DIHED      =      1387.8386
 UB     =         0.0000  IMP     =         0.0000  CMAP       =       275.1257
 1-4 NB =      1167.1148  1-4 EEL =     15442.1544  VDWAALS    =     40437.9179
 EELEC  =   -365536.8257  EHBOND  =         0.0000  RESTRAINT  =         0.0000
 ------------------------------------------------------------------------------

wrapping first mol.:      -76.60132       54.16532       93.81709

 NSTEP =  2260000   TIME(PS) =  104560.000  TEMP(K) =   309.35  PRESS =     0.0
 Etot   =   -238721.1357  EKtot   =     62995.4375  EPtot      =   -301716.5732
 BOND   =      2149.6097  ANGLE   =      2465.2300  DIHED      =      1411.5878
 UB     =         0.0000  IMP     =         0.0000  CMAP       =       238.0029
 1-4 NB =      1164.3682  1-4 EEL =     15429.2429  VDWAALS    =     40967.4841
 EELEC  =   -365542.0989  EHBOND  =         0.0000  RESTRAINT  =         0.0000
 ------------------------------------------------------------------------------

wrapping first mol.:      -76.60132       54.16532       93.81709

 NSTEP =  2280000   TIME(PS) =  104600.000  TEMP(K) =   310.62  PRESS =     0.0
 Etot   =   -238908.9582  EKtot   =     63253.1016  EPtot      =   -302162.0597
 BOND   =      2096.5027  ANGLE   =      2420.3163  DIHED      =      1407.2087
 UB     =         0.0000  IMP     =         0.0000  CMAP       =       261.1975
 1-4 NB =      1177.2129  1-4 EEL =     15402.3785  VDWAALS    =     41079.0752
 EELEC  =   -366005.9517  EHBOND  =         0.0000  RESTRAINT  =         0.0000
 ------------------------------------------------------------------------------

wrapping first mol.:      -76.60132       54.16532       93.81709

 NSTEP =  2300000   TIME(PS) =  104640.000  TEMP(K) =   309.57  PRESS =     0.0
 Etot   =   -238786.1831  EKtot   =     63039.3828  EPtot      =   -301825.5659
 BOND   =      2125.2719  ANGLE   =      2400.5652  DIHED      =      1400.3621
 UB     =         0.0000  IMP     =         0.0000  CMAP       =       246.1677
 1-4 NB =      1205.6254  1-4 EEL =     15386.3634  VDWAALS    =     40232.8769
 EELEC  =   -364822.7984  EHBOND  =         0.0000  RESTRAINT  =         0.0000
 ------------------------------------------------------------------------------

wrapping first mol.:      -76.60132       54.16532       93.81709

 NSTEP =  2320000   TIME(PS) =  104680.000  TEMP(K) =   311.07  PRESS =     0.0
 Etot   =   -238254.7230  EKtot   =     63345.2500  EPtot      =   -301599.9730
 BOND   =      2142.8240  ANGLE   =      2384.9503  DIHED      =      1406.8167
 UB     =         0.0000  IMP     =         0.0000  CMAP       =       253.2965
 1-4 NB =      1173.1603  1-4 EEL =     15340.4444  VDWAALS    =     40952.0732
 EELEC  =   -365253.5383  EHBOND  =         0.0000  RESTRAINT  =         0.0000
 ------------------------------------------------------------------------------

wrapping first mol.:      -76.60132       54.16532       93.81709

 NSTEP =  2340000   TIME(PS) =  104720.000  TEMP(K) =   310.18  PRESS =     0.0
 Etot   =   -238273.1450  EKtot   =     63162.8242  EPtot      =   -301435.9692
 BOND   =      2091.5714  ANGLE   =      2415.8229  DIHED      =      1429.7996
 UB     =         0.0000  IMP     =         0.0000  CMAP       =       246.1953
 1-4 NB =      1167.9930  1-4 EEL =     15349.6971  VDWAALS    =     40417.8351
 EELEC  =   -364554.8836  EHBOND  =         0.0000  RESTRAINT  =         0.0000
 ------------------------------------------------------------------------------

wrapping first mol.:      -76.60132       54.16532       93.81709

 NSTEP =  2360000   TIME(PS) =  104760.000  TEMP(K) =   308.96  PRESS =     0.0
 Etot   =   -238703.4301  EKtot   =     62915.3008  EPtot      =   -301618.7309
 BOND   =      2148.7581  ANGLE   =      2433.3100  DIHED      =      1407.3574
 UB     =         0.0000  IMP     =         0.0000  CMAP       =       254.6491
 1-4 NB =      1185.1405  1-4 EEL =     15322.6966  VDWAALS    =     40831.4750
 EELEC  =   -365202.1175  EHBOND  =         0.0000  RESTRAINT  =         0.0000
 ------------------------------------------------------------------------------

wrapping first mol.:      -76.60132       54.16532       93.81709

 NSTEP =  2380000   TIME(PS) =  104800.000  TEMP(K) =   313.05  PRESS =     0.0
 Etot   =   -237906.1359  EKtot   =     63749.0469  EPtot      =   -301655.1828
 BOND   =      2122.5124  ANGLE   =      2384.8741  DIHED      =      1409.6536
 UB     =         0.0000  IMP     =         0.0000  CMAP       =       240.8706
 1-4 NB =      1155.2533  1-4 EEL =     15388.4834  VDWAALS    =     40397.9382
 EELEC  =   -364754.7684  EHBOND  =         0.0000  RESTRAINT  =         0.0000
 ------------------------------------------------------------------------------

wrapping first mol.:      -76.60132       54.16532       93.81709

 NSTEP =  2400000   TIME(PS) =  104840.000  TEMP(K) =   308.67  PRESS =     0.0
 Etot   =   -239126.6191  EKtot   =     62856.5039  EPtot      =   -301983.1230
 BOND   =      2075.6116  ANGLE   =      2510.8506  DIHED      =      1440.3220
 UB     =         0.0000  IMP     =         0.0000  CMAP       =       257.9689
 1-4 NB =      1175.6273  1-4 EEL =     15300.5072  VDWAALS    =     40623.2111
 EELEC  =   -365367.2217  EHBOND  =         0.0000  RESTRAINT  =         0.0000
 ------------------------------------------------------------------------------

wrapping first mol.:      -76.60132       54.16532       93.81709

 NSTEP =  2420000   TIME(PS) =  104880.000  TEMP(K) =   309.00  PRESS =     0.0
 Etot   =   -238872.8343  EKtot   =     62922.7383  EPtot      =   -301795.5726
 BOND   =      2133.9294  ANGLE   =      2400.0411  DIHED      =      1401.5952
 UB     =         0.0000  IMP     =         0.0000  CMAP       =       249.0103
 1-4 NB =      1154.4412  1-4 EEL =     15394.6271  VDWAALS    =     40713.5296
 EELEC  =   -365242.7464  EHBOND  =         0.0000  RESTRAINT  =         0.0000
 ------------------------------------------------------------------------------

wrapping first mol.:      -76.60132       54.16532       93.81709

 NSTEP =  2440000   TIME(PS) =  104920.000  TEMP(K) =   309.61  PRESS =     0.0
 Etot   =   -238445.2897  EKtot   =     63048.0781  EPtot      =   -301493.3678
 BOND   =      2109.4238  ANGLE   =      2425.3500  DIHED      =      1414.1892
 UB     =         0.0000  IMP     =         0.0000  CMAP       =       236.4404
 1-4 NB =      1173.9814  1-4 EEL =     15379.4282  VDWAALS    =     40588.9549
 EELEC  =   -364821.1358  EHBOND  =         0.0000  RESTRAINT  =         0.0000
 ------------------------------------------------------------------------------

wrapping first mol.:      -76.60132       54.16532       93.81709

 NSTEP =  2460000   TIME(PS) =  104960.000  TEMP(K) =   309.76  PRESS =     0.0
 Etot   =   -238887.9652  EKtot   =     63078.4883  EPtot      =   -301966.4535
 BOND   =      2122.3498  ANGLE   =      2365.2053  DIHED      =      1413.1587
 UB     =         0.0000  IMP     =         0.0000  CMAP       =       251.4270
 1-4 NB =      1171.6252  1-4 EEL =     15353.9951  VDWAALS    =     40842.3047
 EELEC  =   -365486.5193  EHBOND  =         0.0000  RESTRAINT  =         0.0000
 ------------------------------------------------------------------------------

wrapping first mol.:      -76.60132       54.16532       93.81709

 NSTEP =  2480000   TIME(PS) =  105000.000  TEMP(K) =   311.99  PRESS =     0.0
 Etot   =   -238315.3930  EKtot   =     63532.9531  EPtot      =   -301848.3461
 BOND   =      2117.2933  ANGLE   =      2399.5669  DIHED      =      1414.0442
 UB     =         0.0000  IMP     =         0.0000  CMAP       =       243.6720
 1-4 NB =      1179.3132  1-4 EEL =     15344.4550  VDWAALS    =     40730.3093
 EELEC  =   -365277.0000  EHBOND  =         0.0000  RESTRAINT  =         0.0000
 ------------------------------------------------------------------------------

wrapping first mol.:      -76.60132       54.16532       93.81709
wrapping first mol.:      -76.60132       54.16532       93.81709

 NSTEP =  2500000   TIME(PS) =  105040.000  TEMP(K) =   309.05  PRESS =     0.0
 Etot   =   -238797.3762  EKtot   =     62933.9062  EPtot      =   -301731.2825
 BOND   =      2070.5836  ANGLE   =      2388.5347  DIHED      =      1414.9419
 UB     =         0.0000  IMP     =         0.0000  CMAP       =       274.6810
 1-4 NB =      1192.1733  1-4 EEL =     15389.0743  VDWAALS    =     40424.8746
 EELEC  =   -364886.1460  EHBOND  =         0.0000  RESTRAINT  =         0.0000
 ------------------------------------------------------------------------------


      A V E R A G E S   O V E R     125 S T E P S


 NSTEP =  2500000   TIME(PS) =  105040.000  TEMP(K) =   310.07  PRESS =     0.0
 Etot   =   -238704.9197  EKtot   =     63141.7150  EPtot      =   -301846.6347
 BOND   =      2097.0553  ANGLE   =      2421.2195  DIHED      =      1413.6135
 UB     =         0.0000  IMP     =         0.0000  CMAP       =       255.2767
 1-4 NB =      1174.5211  1-4 EEL =     15384.0280  VDWAALS    =     40766.9254
 EELEC  =   -365359.2741  EHBOND  =         0.0000  RESTRAINT  =         0.0000
 ------------------------------------------------------------------------------


      R M S  F L U C T U A T I O N S


 NSTEP =  2500000   TIME(PS) =  105040.000  TEMP(K) =     1.02  PRESS =     0.0
 Etot   =       339.8096  EKtot   =       207.9968  EPtot      =       266.4506
 BOND   =        32.9670  ANGLE   =        37.8377  DIHED      =        18.7478
 UB     =         0.0000  IMP     =         0.0000  CMAP       =        10.8494
 1-4 NB =        14.7782  1-4 EEL =        45.0000  VDWAALS    =       234.3662
 EELEC  =       382.7304  EHBOND  =         0.0000  RESTRAINT  =         0.0000
 ------------------------------------------------------------------------------

--------------------------------------------------------------------------------
   5.  TIMINGS
--------------------------------------------------------------------------------

|  NonSetup CPU Time in Major Routines:
|
|     Routine           Sec        %
|     ------------------------------
|     Nonbond         154.95   11.44
|     Bond              0.00    0.00
|     Angle             0.00    0.00
|     Dihedral          0.00    0.00
|     Shake            10.24    0.76
|     RunMD          1186.63   87.64
|     Other             2.19    0.16
|     ------------------------------
|     Total          1354.01

|  PME Nonbond Pairlist CPU Time:
|
|     Routine              Sec        %
|     ---------------------------------
|     Set Up Cit           0.00    0.00
|     Build List           0.00    0.00
|     ---------------------------------
|     Total                0.00    0.00

|  PME Direct Force CPU Time:
|
|     Routine              Sec        %
|     ---------------------------------
|     NonBonded Calc       0.00    0.00
|     Exclude Masked       0.00    0.00
|     Other                1.38    0.10
|     ---------------------------------
|     Total                1.38    0.10

|  PME Reciprocal Force CPU Time:
|
|     Routine              Sec        %
|     ---------------------------------
|     1D bspline           0.00    0.00
|     Grid Charges         0.00    0.00
|     Scalar Sum           0.00    0.00
|     Gradient Sum         0.00    0.00
|     FFT                  0.00    0.00
|     ---------------------------------
|     Total                0.00    0.00

|  Final Performance Info:
|     -----------------------------------------------------
|     Average timings for last   80000 steps:
|     Elapsed(s) =      43.39 Per Step(ms) =       0.54
|         ns/day =     318.63   seconds/ns =     271.16
|
|     Average timings for all steps:
|     Elapsed(s) =    1356.02 Per Step(ms) =       0.54
|         ns/day =     318.58   seconds/ns =     271.20
|     -----------------------------------------------------

|  Setup CPU time:            1.13 seconds
|  NonSetup CPU time:      1354.01 seconds
|  Total CPU time:         1355.14 seconds     0.38 hours

|  Setup wall time:           2    seconds
|  NonSetup wall time:     1356    seconds
|  Total wall time:        1358    seconds     0.38 hours
