
          -------------------------------------------------------
          Amber 24 PMEMD                              2024
          -------------------------------------------------------

| PMEMD implementation of SANDER, Release 24

|  Compiled date/time: Thu Apr  3 17:55:38 2025
| Run on 10/30/2025 at 18:15:40

|   Executable path: pmemd.cuda_SPFP
| Working directory: /rs1/researchers/h/hall/vtnguye4/Amber_restart/cappedP1amber/P1_Simulation
|          Hostname: gpu19

  [-O]verwriting output

File Assignments:
|   MDIN: /rs1/researchers/h/hall/vtnguye4/Amber_restart/cappedP1amber/equil.in 
|  MDOUT: ./OUT_Files/equil29.out                                               
| INPCRD: ./RST_Files/equil28.rst7                                              
|   PARM: ./PRMTOP_Files/P1.prmtop                                              
| RESTRT: ./RST_Files/equil29.rst7                                              
|   REFC: refc                                                                  
|  MDVEL: mdvel                                                                 
|   MDEN: mden                                                                  
|  MDCRD: ./nc_Files/equil29.nc                                                 
| MDINFO: mdinfo                                                                
|  MDFRC: mdfrc                                                                 


 Here is the input file:

!Stage equilibration 5ns                                                       
&cntrl                                                                         
imin=0, irest=1, ntx=5,                                                        
nstlim=2500000, dt=0.002,                                                      
ntc=2, ntf=2, ig=-1,                                                           
ntt=3, gamma_ln=2.0,                                                           
tempi=310.0, temp0=310.0,                                                      
ntxo=2, ioutfm=1,                                                              
ntpr=20000, ntwx=20000,                                                        
ntb=1,                                                                         
cut=9.0,                                                                       
iwrap=1,                                                                       
/                                                                              


Note: ig = -1. Setting random seed to   750798 based on wallclock time in 
      microseconds.
| irandom = 1, using AMBER's internal random number generator (default).
 
|--------------------- INFORMATION ----------------------
| GPU (CUDA) Version of PMEMD in use: NVIDIA GPU IN USE.
|                    Version 18.0.0
| 
|                      03/25/2018
| 
| Implementation by:
|                    Ross C. Walker     (SDSC)
|                    Scott Le Grand     (nVIDIA)
| 
| Version 18 performance extensions by:
|                    David Cerutti     (Rutgers)
| 
| Precision model in use:
|      [SPFP] - Single Precision Forces, 64-bit Fixed Point
|               Accumulation. (Default)
| 
|--------------------------------------------------------
 
|----------------- CITATION INFORMATION -----------------
|
|    When publishing work that utilized the CUDA version
|    of AMBER, please cite the following in addition to
|    the regular AMBER citations:
|
|  - Romelia Salomon-Ferrer; Andreas W. Goetz; Duncan
|    Poole; Scott Le Grand; Ross C. Walker "Routine
|    microsecond molecular dynamics simulations with
|    AMBER - Part II: Particle Mesh Ewald", J. Chem.
|    Theory Comput., 2013, 9 (9), pp3878-3888,
|    DOI: 10.1021/ct400314y.
|
|  - Andreas W. Goetz; Mark J. Williamson; Dong Xu;
|    Duncan Poole; Scott Le Grand; Ross C. Walker
|    "Routine microsecond molecular dynamics simulations
|    with AMBER - Part I: Generalized Born", J. Chem.
|    Theory Comput., 2012, 8 (5), pp1542-1555.
|
|  - Scott Le Grand; Andreas W. Goetz; Ross C. Walker
|    "SPFP: Speed without compromise - a mixed precision
|    model for GPU accelerated molecular dynamics
|    simulations.", Comp. Phys. Comm., 2013, 184
|    pp374-380, DOI: 10.1016/j.cpc.2012.09.022
|
|--------------------------------------------------------
 
|------------------- GPU DEVICE INFO --------------------
|
|            CUDA_VISIBLE_DEVICES: 0
|   CUDA Capable Devices Detected:      1
|           CUDA Device ID in use:      0
|                CUDA Device Name: NVIDIA L40S
|     CUDA Device Global Mem Size:  45487 MB
| CUDA Device Num Multiprocessors:    142
|           CUDA Device Core Freq:   2.52 GHz
|
|--------------------------------------------------------
 
 
| Conditional Compilation Defines Used:
| PUBFFT
| BINTRAJ
| CUDA
| EMIL

| Largest sphere to fit in unit cell has radius =    46.909

| New format PARM file being parsed.
| Version =    1.000 Date = 10/28/25 Time = 16:56:02

| Note: 1-4 EEL scale factors are being read from the topology file.

| Note: 1-4 VDW scale factors are being read from the topology file.
| Duplicated    0 dihedrals

| Duplicated    0 dihedrals

--------------------------------------------------------------------------------
   1.  RESOURCE   USE: 
--------------------------------------------------------------------------------

 getting box info from netcdf restart file
 NATOM  =  101202 NTYPES =      11 NBONH =   98658 MBONA  =    2544
 NTHETH =    5904 MTHETA =    3408 NPHIH =   11760 MPHIA  =   10368
 NHPARM =       0 NPARM  =       0 NNB   =  155656 NRES   =   32422
 NBONA  =    2544 NTHETA =    3408 NPHIA =   10368 NUMBND =      27
 NUMANG =      54 NPTRA  =      59 NATYP =      16 NPHB   =       0
 IFBOX  =       2 NMXRS  =      21 IFCAP =       0 NEXTRA =       0
 NCOPY  =       0

| Coordinate Index Table dimensions:    20   20   20
| Direct force subcell size =     5.7451    5.7451    5.7451

     BOX TYPE: TRUNCATED OCTAHEDRON

--------------------------------------------------------------------------------
   2.  CONTROL  DATA  FOR  THE  RUN
--------------------------------------------------------------------------------

default_name                                                                    

General flags:
     imin    =       0, nmropt  =       0

Nature and format of input:
     ntx     =       5, irest   =       1, ntrx    =       1

Nature and format of output:
     ntxo    =       2, ntpr    =   20000, ntrx    =       1, ntwr    = 2500000
     iwrap   =       1, ntwx    =   20000, ntwv    =       0, ntwe    =       0
     ioutfm  =       1, ntwprt  =       0, idecomp =       0, rbornstat=      0

Potential function:
     ntf     =       2, ntb     =       1, igb     =       0, nsnb    =      25
     ipol    =       0, gbsa    =       0, iesp    =       0
     dielc   =   1.00000, cut     =   9.00000, intdiel =   1.00000

Frozen or restrained atoms:
     ibelly  =       0, ntr     =       0

Molecular dynamics:
     nstlim  =   2500000, nscm    =      1000, nrespa  =         1
     t       =   0.00000, dt      =   0.00200, vlimit  =  -1.00000

Langevin dynamics temperature regulation:
     ig      =  750798
     temp0   = 310.00000, tempi   = 310.00000, gamma_ln=   2.00000

SHAKE:
     ntc     =       2, jfastw  =       0
     tol     =   0.00001

| Intermolecular bonds treatment:
|     no_intermolecular_bonds =       1

| Energy averages sample interval:
|     ene_avg_sampling =   20000

Ewald parameters:
     verbose =       0, ew_type =       0, nbflag  =       1, use_pme =       1
     vdwmeth =       1, eedmeth =       1, netfrc  =       1
     Box X =  114.902   Box Y =  114.902   Box Z =  114.902
     Alpha =  109.471   Beta  =  109.471   Gamma =  109.471
     NFFT1 =  120       NFFT2 =  120       NFFT3 =  120
     Cutoff=    9.000   Tol   =0.100E-04
     Ewald Coefficient =  0.30768
     Interpolation order =    4

--------------------------------------------------------------------------------
   3.  ATOMIC COORDINATES AND VELOCITIES
--------------------------------------------------------------------------------

default_name                                                                    
 begin time read from input coords =140040.000 ps

 
 Number of triangulated 3-point waters found:    31990

     Sum of charges from parm topology file =  -0.00000047
     Forcing neutrality...

| Dynamic Memory, Types Used:
| Reals             3080462
| Integers          3650456

| Nonbonded Pairs Initial Allocation:    23074056

| GPU memory information (estimate):
| KB of GPU memory in use:    789634
| KB of CPU memory in use:    210424

--------------------------------------------------------------------------------
   4.  RESULTS
--------------------------------------------------------------------------------

wrapping first mol.:      -38.30066      -54.16531       93.81709

 NSTEP =    20000   TIME(PS) =  140080.000  TEMP(K) =   310.52  PRESS =     0.0
 Etot   =   -238958.6726  EKtot   =     63232.6250  EPtot      =   -302191.2976
 BOND   =      2045.4534  ANGLE   =      2441.4245  DIHED      =      1401.8616
 UB     =         0.0000  IMP     =         0.0000  CMAP       =       265.0323
 1-4 NB =      1154.7727  1-4 EEL =     15384.1750  VDWAALS    =     40716.5453
 EELEC  =   -365600.5625  EHBOND  =         0.0000  RESTRAINT  =         0.0000
 ------------------------------------------------------------------------------

wrapping first mol.:      -38.30066      -54.16531       93.81709

 NSTEP =    40000   TIME(PS) =  140120.000  TEMP(K) =   308.70  PRESS =     0.0
 Etot   =   -239247.3175  EKtot   =     62861.8984  EPtot      =   -302109.2159
 BOND   =      2105.3357  ANGLE   =      2426.2245  DIHED      =      1451.5642
 UB     =         0.0000  IMP     =         0.0000  CMAP       =       278.7907
 1-4 NB =      1178.6562  1-4 EEL =     15332.1719  VDWAALS    =     40935.5186
 EELEC  =   -365817.4778  EHBOND  =         0.0000  RESTRAINT  =         0.0000
 ------------------------------------------------------------------------------

wrapping first mol.:      -38.30066      -54.16531       93.81709

 NSTEP =    60000   TIME(PS) =  140160.000  TEMP(K) =   311.35  PRESS =     0.0
 Etot   =   -238618.0055  EKtot   =     63402.4453  EPtot      =   -302020.4508
 BOND   =      2076.4080  ANGLE   =      2443.0947  DIHED      =      1403.7034
 UB     =         0.0000  IMP     =         0.0000  CMAP       =       274.1498
 1-4 NB =      1153.7194  1-4 EEL =     15337.8126  VDWAALS    =     40858.8142
 EELEC  =   -365568.1529  EHBOND  =         0.0000  RESTRAINT  =         0.0000
 ------------------------------------------------------------------------------

wrapping first mol.:      -38.30066      -54.16531       93.81709

 NSTEP =    80000   TIME(PS) =  140200.000  TEMP(K) =   309.17  PRESS =     0.0
 Etot   =   -238802.6534  EKtot   =     62958.8008  EPtot      =   -301761.4542
 BOND   =      2110.7501  ANGLE   =      2401.4018  DIHED      =      1405.6052
 UB     =         0.0000  IMP     =         0.0000  CMAP       =       278.7329
 1-4 NB =      1161.0058  1-4 EEL =     15373.5708  VDWAALS    =     41375.0987
 EELEC  =   -365867.6195  EHBOND  =         0.0000  RESTRAINT  =         0.0000
 ------------------------------------------------------------------------------

wrapping first mol.:      -38.30066      -54.16531       93.81709

 NSTEP =   100000   TIME(PS) =  140240.000  TEMP(K) =   311.96  PRESS =     0.0
 Etot   =   -238311.2387  EKtot   =     63525.8359  EPtot      =   -301837.0746
 BOND   =      2007.6484  ANGLE   =      2409.9524  DIHED      =      1410.5111
 UB     =         0.0000  IMP     =         0.0000  CMAP       =       237.6922
 1-4 NB =      1173.7478  1-4 EEL =     15408.8547  VDWAALS    =     40428.2987
 EELEC  =   -364913.7799  EHBOND  =         0.0000  RESTRAINT  =         0.0000
 ------------------------------------------------------------------------------

wrapping first mol.:      -38.30066      -54.16531       93.81709

 NSTEP =   120000   TIME(PS) =  140280.000  TEMP(K) =   309.49  PRESS =     0.0
 Etot   =   -238926.2697  EKtot   =     63023.2969  EPtot      =   -301949.5666
 BOND   =      2027.2999  ANGLE   =      2389.5232  DIHED      =      1438.5885
 UB     =         0.0000  IMP     =         0.0000  CMAP       =       246.1903
 1-4 NB =      1183.8519  1-4 EEL =     15461.2731  VDWAALS    =     40780.9010
 EELEC  =   -365477.1945  EHBOND  =         0.0000  RESTRAINT  =         0.0000
 ------------------------------------------------------------------------------

wrapping first mol.:      -38.30066      -54.16531       93.81709

 NSTEP =   140000   TIME(PS) =  140320.000  TEMP(K) =   309.78  PRESS =     0.0
 Etot   =   -238870.0235  EKtot   =     63081.3242  EPtot      =   -301951.3477
 BOND   =      2071.7142  ANGLE   =      2380.7200  DIHED      =      1406.2961
 UB     =         0.0000  IMP     =         0.0000  CMAP       =       244.4145
 1-4 NB =      1186.4378  1-4 EEL =     15367.3243  VDWAALS    =     40845.1315
 EELEC  =   -365453.3860  EHBOND  =         0.0000  RESTRAINT  =         0.0000
 ------------------------------------------------------------------------------

wrapping first mol.:      -38.30066      -54.16531       93.81709

 NSTEP =   160000   TIME(PS) =  140360.000  TEMP(K) =   311.51  PRESS =     0.0
 Etot   =   -238479.5134  EKtot   =     63433.7500  EPtot      =   -301913.2634
 BOND   =      2113.1271  ANGLE   =      2427.7117  DIHED      =      1436.4864
 UB     =         0.0000  IMP     =         0.0000  CMAP       =       269.6794
 1-4 NB =      1178.6745  1-4 EEL =     15408.8521  VDWAALS    =     40664.2638
 EELEC  =   -365412.0583  EHBOND  =         0.0000  RESTRAINT  =         0.0000
 ------------------------------------------------------------------------------

wrapping first mol.:      -38.30066      -54.16531       93.81709

 NSTEP =   180000   TIME(PS) =  140400.000  TEMP(K) =   309.94  PRESS =     0.0
 Etot   =   -238636.4082  EKtot   =     63114.0156  EPtot      =   -301750.4238
 BOND   =      2091.9272  ANGLE   =      2456.8555  DIHED      =      1441.4373
 UB     =         0.0000  IMP     =         0.0000  CMAP       =       260.9052
 1-4 NB =      1200.3211  1-4 EEL =     15450.0947  VDWAALS    =     40687.6311
 EELEC  =   -365339.5957  EHBOND  =         0.0000  RESTRAINT  =         0.0000
 ------------------------------------------------------------------------------

wrapping first mol.:      -38.30066      -54.16531       93.81709

 NSTEP =   200000   TIME(PS) =  140440.000  TEMP(K) =   312.29  PRESS =     0.0
 Etot   =   -237780.6649  EKtot   =     63592.3711  EPtot      =   -301373.0360
 BOND   =      2077.7064  ANGLE   =      2450.8890  DIHED      =      1392.8008
 UB     =         0.0000  IMP     =         0.0000  CMAP       =       260.4085
 1-4 NB =      1169.2022  1-4 EEL =     15404.4347  VDWAALS    =     40170.8247
 EELEC  =   -364299.3024  EHBOND  =         0.0000  RESTRAINT  =         0.0000
 ------------------------------------------------------------------------------

wrapping first mol.:      -38.30066      -54.16531       93.81709

 NSTEP =   220000   TIME(PS) =  140480.000  TEMP(K) =   310.63  PRESS =     0.0
 Etot   =   -238583.4477  EKtot   =     63254.5547  EPtot      =   -301838.0024
 BOND   =      2100.1904  ANGLE   =      2395.4041  DIHED      =      1417.8379
 UB     =         0.0000  IMP     =         0.0000  CMAP       =       285.9579
 1-4 NB =      1186.6260  1-4 EEL =     15369.2515  VDWAALS    =     40547.6284
 EELEC  =   -365140.8987  EHBOND  =         0.0000  RESTRAINT  =         0.0000
 ------------------------------------------------------------------------------

wrapping first mol.:      -38.30066      -54.16531       93.81709

 NSTEP =   240000   TIME(PS) =  140520.000  TEMP(K) =   310.85  PRESS =     0.0
 Etot   =   -238894.4122  EKtot   =     63299.8750  EPtot      =   -302194.2872
 BOND   =      2085.2034  ANGLE   =      2402.1203  DIHED      =      1390.5062
 UB     =         0.0000  IMP     =         0.0000  CMAP       =       257.5641
 1-4 NB =      1181.1803  1-4 EEL =     15383.3103  VDWAALS    =     40591.8716
 EELEC  =   -365486.0434  EHBOND  =         0.0000  RESTRAINT  =         0.0000
 ------------------------------------------------------------------------------

wrapping first mol.:      -38.30066      -54.16531       93.81709

 NSTEP =   260000   TIME(PS) =  140560.000  TEMP(K) =   309.76  PRESS =     0.0
 Etot   =   -238401.9374  EKtot   =     63079.1055  EPtot      =   -301481.0429
 BOND   =      2173.0311  ANGLE   =      2405.0122  DIHED      =      1389.5919
 UB     =         0.0000  IMP     =         0.0000  CMAP       =       255.3169
 1-4 NB =      1194.1822  1-4 EEL =     15390.2661  VDWAALS    =     40403.8700
 EELEC  =   -364692.3132  EHBOND  =         0.0000  RESTRAINT  =         0.0000
 ------------------------------------------------------------------------------

wrapping first mol.:      -38.30066      -54.16531       93.81709

 NSTEP =   280000   TIME(PS) =  140600.000  TEMP(K) =   311.16  PRESS =     0.0
 Etot   =   -238994.1194  EKtot   =     63364.0312  EPtot      =   -302358.1507
 BOND   =      2050.0096  ANGLE   =      2385.3726  DIHED      =      1432.1320
 UB     =         0.0000  IMP     =         0.0000  CMAP       =       256.4849
 1-4 NB =      1156.5810  1-4 EEL =     15442.3093  VDWAALS    =     41707.8224
 EELEC  =   -366788.8625  EHBOND  =         0.0000  RESTRAINT  =         0.0000
 ------------------------------------------------------------------------------

wrapping first mol.:      -38.30066      -54.16531       93.81709

 NSTEP =   300000   TIME(PS) =  140640.000  TEMP(K) =   309.24  PRESS =     0.0
 Etot   =   -238891.9447  EKtot   =     62971.8594  EPtot      =   -301863.8041
 BOND   =      2132.8760  ANGLE   =      2416.9690  DIHED      =      1441.4554
 UB     =         0.0000  IMP     =         0.0000  CMAP       =       252.4397
 1-4 NB =      1182.1669  1-4 EEL =     15389.6495  VDWAALS    =     41040.2268
 EELEC  =   -365719.5874  EHBOND  =         0.0000  RESTRAINT  =         0.0000
 ------------------------------------------------------------------------------

wrapping first mol.:      -38.30066      -54.16531       93.81709

 NSTEP =   320000   TIME(PS) =  140680.000  TEMP(K) =   309.48  PRESS =     0.0
 Etot   =   -238953.0787  EKtot   =     63020.6758  EPtot      =   -301973.7545
 BOND   =      2051.3794  ANGLE   =      2426.8499  DIHED      =      1403.4378
 UB     =         0.0000  IMP     =         0.0000  CMAP       =       264.9053
 1-4 NB =      1168.8241  1-4 EEL =     15454.4221  VDWAALS    =     41085.9696
 EELEC  =   -365829.5427  EHBOND  =         0.0000  RESTRAINT  =         0.0000
 ------------------------------------------------------------------------------

wrapping first mol.:      -38.30066      -54.16531       93.81709

 NSTEP =   340000   TIME(PS) =  140720.000  TEMP(K) =   311.07  PRESS =     0.0
 Etot   =   -238505.2966  EKtot   =     63345.2227  EPtot      =   -301850.5193
 BOND   =      2097.1624  ANGLE   =      2473.1948  DIHED      =      1414.7274
 UB     =         0.0000  IMP     =         0.0000  CMAP       =       267.6835
 1-4 NB =      1159.3463  1-4 EEL =     15410.7455  VDWAALS    =     40404.1486
 EELEC  =   -365077.5278  EHBOND  =         0.0000  RESTRAINT  =         0.0000
 ------------------------------------------------------------------------------

wrapping first mol.:      -38.30066      -54.16531       93.81709

 NSTEP =   360000   TIME(PS) =  140760.000  TEMP(K) =   311.37  PRESS =     0.0
 Etot   =   -238650.4368  EKtot   =     63406.8125  EPtot      =   -302057.2493
 BOND   =      2096.5460  ANGLE   =      2472.5705  DIHED      =      1400.2174
 UB     =         0.0000  IMP     =         0.0000  CMAP       =       247.4810
 1-4 NB =      1191.6942  1-4 EEL =     15342.7224  VDWAALS    =     40394.9896
 EELEC  =   -365203.4704  EHBOND  =         0.0000  RESTRAINT  =         0.0000
 ------------------------------------------------------------------------------

wrapping first mol.:      -38.30066      -54.16531       93.81709

 NSTEP =   380000   TIME(PS) =  140800.000  TEMP(K) =   308.76  PRESS =     0.0
 Etot   =   -238978.4246  EKtot   =     62875.0547  EPtot      =   -301853.4793
 BOND   =      2029.8917  ANGLE   =      2385.2392  DIHED      =      1430.5357
 UB     =         0.0000  IMP     =         0.0000  CMAP       =       254.0530
 1-4 NB =      1190.3518  1-4 EEL =     15367.9166  VDWAALS    =     40694.6947
 EELEC  =   -365206.1620  EHBOND  =         0.0000  RESTRAINT  =         0.0000
 ------------------------------------------------------------------------------

wrapping first mol.:      -38.30066      -54.16531       93.81709

 NSTEP =   400000   TIME(PS) =  140840.000  TEMP(K) =   310.57  PRESS =     0.0
 Etot   =   -239308.4258  EKtot   =     63242.1055  EPtot      =   -302550.5312
 BOND   =      2062.5206  ANGLE   =      2413.4411  DIHED      =      1427.8589
 UB     =         0.0000  IMP     =         0.0000  CMAP       =       255.3235
 1-4 NB =      1176.2966  1-4 EEL =     15374.6435  VDWAALS    =     40920.0863
 EELEC  =   -366180.7016  EHBOND  =         0.0000  RESTRAINT  =         0.0000
 ------------------------------------------------------------------------------

wrapping first mol.:      -38.30066      -54.16531       93.81709

 NSTEP =   420000   TIME(PS) =  140880.000  TEMP(K) =   309.36  PRESS =     0.0
 Etot   =   -238766.2365  EKtot   =     62996.8555  EPtot      =   -301763.0920
 BOND   =      2091.7478  ANGLE   =      2398.8049  DIHED      =      1430.8740
 UB     =         0.0000  IMP     =         0.0000  CMAP       =       265.0625
 1-4 NB =      1165.9898  1-4 EEL =     15411.3730  VDWAALS    =     40889.9764
 EELEC  =   -365416.9204  EHBOND  =         0.0000  RESTRAINT  =         0.0000
 ------------------------------------------------------------------------------

wrapping first mol.:      -38.30066      -54.16531       93.81709

 NSTEP =   440000   TIME(PS) =  140920.000  TEMP(K) =   309.50  PRESS =     0.0
 Etot   =   -238578.8524  EKtot   =     63024.3516  EPtot      =   -301603.2040
 BOND   =      2086.2410  ANGLE   =      2483.7652  DIHED      =      1410.6030
 UB     =         0.0000  IMP     =         0.0000  CMAP       =       253.8259
 1-4 NB =      1181.3629  1-4 EEL =     15375.5514  VDWAALS    =     40982.4423
 EELEC  =   -365376.9956  EHBOND  =         0.0000  RESTRAINT  =         0.0000
 ------------------------------------------------------------------------------

wrapping first mol.:      -38.30066      -54.16531       93.81709

 NSTEP =   460000   TIME(PS) =  140960.000  TEMP(K) =   310.66  PRESS =     0.0
 Etot   =   -238515.3635  EKtot   =     63260.8320  EPtot      =   -301776.1955
 BOND   =      2041.9607  ANGLE   =      2419.4160  DIHED      =      1417.6839
 UB     =         0.0000  IMP     =         0.0000  CMAP       =       250.9236
 1-4 NB =      1200.6247  1-4 EEL =     15380.7944  VDWAALS    =     41052.8676
 EELEC  =   -365540.4664  EHBOND  =         0.0000  RESTRAINT  =         0.0000
 ------------------------------------------------------------------------------

wrapping first mol.:      -38.30066      -54.16531       93.81709

 NSTEP =   480000   TIME(PS) =  141000.000  TEMP(K) =   311.00  PRESS =     0.0
 Etot   =   -238242.2700  EKtot   =     63330.5898  EPtot      =   -301572.8598
 BOND   =      2122.9918  ANGLE   =      2437.5978  DIHED      =      1394.1804
 UB     =         0.0000  IMP     =         0.0000  CMAP       =       247.1826
 1-4 NB =      1165.6800  1-4 EEL =     15420.2542  VDWAALS    =     40992.4349
 EELEC  =   -365353.1816  EHBOND  =         0.0000  RESTRAINT  =         0.0000
 ------------------------------------------------------------------------------

wrapping first mol.:      -38.30066      -54.16531       93.81709

 NSTEP =   500000   TIME(PS) =  141040.000  TEMP(K) =   309.53  PRESS =     0.0
 Etot   =   -238661.1433  EKtot   =     63031.4375  EPtot      =   -301692.5808
 BOND   =      2084.8720  ANGLE   =      2386.8439  DIHED      =      1412.7774
 UB     =         0.0000  IMP     =         0.0000  CMAP       =       264.2945
 1-4 NB =      1151.9975  1-4 EEL =     15335.8534  VDWAALS    =     40725.6900
 EELEC  =   -365054.9094  EHBOND  =         0.0000  RESTRAINT  =         0.0000
 ------------------------------------------------------------------------------

wrapping first mol.:      -38.30066      -54.16531       93.81709

 NSTEP =   520000   TIME(PS) =  141080.000  TEMP(K) =   309.73  PRESS =     0.0
 Etot   =   -238828.3040  EKtot   =     63071.9688  EPtot      =   -301900.2728
 BOND   =      2140.6148  ANGLE   =      2415.7259  DIHED      =      1437.3737
 UB     =         0.0000  IMP     =         0.0000  CMAP       =       251.4998
 1-4 NB =      1171.9014  1-4 EEL =     15372.9076  VDWAALS    =     41010.4987
 EELEC  =   -365700.7946  EHBOND  =         0.0000  RESTRAINT  =         0.0000
 ------------------------------------------------------------------------------

wrapping first mol.:      -38.30066      -54.16531       93.81709

 NSTEP =   540000   TIME(PS) =  141120.000  TEMP(K) =   309.48  PRESS =     0.0
 Etot   =   -238454.8711  EKtot   =     63020.9609  EPtot      =   -301475.8320
 BOND   =      2083.8930  ANGLE   =      2473.0368  DIHED      =      1436.2939
 UB     =         0.0000  IMP     =         0.0000  CMAP       =       238.8751
 1-4 NB =      1181.9297  1-4 EEL =     15414.2607  VDWAALS    =     40282.7783
 EELEC  =   -364586.8995  EHBOND  =         0.0000  RESTRAINT  =         0.0000
 ------------------------------------------------------------------------------

wrapping first mol.:      -38.30066      -54.16531       93.81709

 NSTEP =   560000   TIME(PS) =  141160.000  TEMP(K) =   310.15  PRESS =     0.0
 Etot   =   -238471.9169  EKtot   =     63157.0469  EPtot      =   -301628.9637
 BOND   =      2058.9991  ANGLE   =      2432.4253  DIHED      =      1421.8580
 UB     =         0.0000  IMP     =         0.0000  CMAP       =       276.0650
 1-4 NB =      1199.3053  1-4 EEL =     15459.1067  VDWAALS    =     40847.4510
 EELEC  =   -365324.1741  EHBOND  =         0.0000  RESTRAINT  =         0.0000
 ------------------------------------------------------------------------------

wrapping first mol.:      -38.30066      -54.16531       93.81709

 NSTEP =   580000   TIME(PS) =  141200.000  TEMP(K) =   308.22  PRESS =     0.0
 Etot   =   -238764.5700  EKtot   =     62764.4141  EPtot      =   -301528.9840
 BOND   =      2015.9648  ANGLE   =      2458.3268  DIHED      =      1401.5283
 UB     =         0.0000  IMP     =         0.0000  CMAP       =       250.0760
 1-4 NB =      1171.5054  1-4 EEL =     15357.4622  VDWAALS    =     40961.8109
 EELEC  =   -365145.6584  EHBOND  =         0.0000  RESTRAINT  =         0.0000
 ------------------------------------------------------------------------------

wrapping first mol.:      -38.30066      -54.16531       93.81709

 NSTEP =   600000   TIME(PS) =  141240.000  TEMP(K) =   311.45  PRESS =     0.0
 Etot   =   -238172.2008  EKtot   =     63422.5273  EPtot      =   -301594.7281
 BOND   =      2070.7503  ANGLE   =      2527.7439  DIHED      =      1437.4056
 UB     =         0.0000  IMP     =         0.0000  CMAP       =       237.1127
 1-4 NB =      1172.8277  1-4 EEL =     15439.1549  VDWAALS    =     40456.6225
 EELEC  =   -364936.3457  EHBOND  =         0.0000  RESTRAINT  =         0.0000
 ------------------------------------------------------------------------------

wrapping first mol.:      -38.30066      -54.16531       93.81709

 NSTEP =   620000   TIME(PS) =  141280.000  TEMP(K) =   311.27  PRESS =     0.0
 Etot   =   -238334.7129  EKtot   =     63384.8867  EPtot      =   -301719.5996
 BOND   =      2101.7683  ANGLE   =      2515.8849  DIHED      =      1444.1190
 UB     =         0.0000  IMP     =         0.0000  CMAP       =       263.1827
 1-4 NB =      1176.2927  1-4 EEL =     15392.9120  VDWAALS    =     40847.7808
 EELEC  =   -365461.5399  EHBOND  =         0.0000  RESTRAINT  =         0.0000
 ------------------------------------------------------------------------------

wrapping first mol.:      -38.30066      -54.16531       93.81709

 NSTEP =   640000   TIME(PS) =  141320.000  TEMP(K) =   309.42  PRESS =     0.0
 Etot   =   -238606.3482  EKtot   =     63009.6836  EPtot      =   -301616.0317
 BOND   =      2088.9750  ANGLE   =      2454.2640  DIHED      =      1401.1532
 UB     =         0.0000  IMP     =         0.0000  CMAP       =       235.2240
 1-4 NB =      1162.7982  1-4 EEL =     15342.4453  VDWAALS    =     41504.2498
 EELEC  =   -365805.1414  EHBOND  =         0.0000  RESTRAINT  =         0.0000
 ------------------------------------------------------------------------------

wrapping first mol.:      -38.30066      -54.16531       93.81709

 NSTEP =   660000   TIME(PS) =  141360.000  TEMP(K) =   311.07  PRESS =     0.0
 Etot   =   -238097.8287  EKtot   =     63344.4297  EPtot      =   -301442.2584
 BOND   =      2086.3801  ANGLE   =      2441.6663  DIHED      =      1408.8865
 UB     =         0.0000  IMP     =         0.0000  CMAP       =       242.4265
 1-4 NB =      1156.1772  1-4 EEL =     15270.7682  VDWAALS    =     40831.9275
 EELEC  =   -364880.4907  EHBOND  =         0.0000  RESTRAINT  =         0.0000
 ------------------------------------------------------------------------------

wrapping first mol.:      -38.30066      -54.16531       93.81709

 NSTEP =   680000   TIME(PS) =  141400.000  TEMP(K) =   310.21  PRESS =     0.0
 Etot   =   -238588.9474  EKtot   =     63169.5742  EPtot      =   -301758.5216
 BOND   =      2048.6657  ANGLE   =      2393.1809  DIHED      =      1408.3752
 UB     =         0.0000  IMP     =         0.0000  CMAP       =       235.0057
 1-4 NB =      1183.4484  1-4 EEL =     15349.9953  VDWAALS    =     40928.1558
 EELEC  =   -365305.3487  EHBOND  =         0.0000  RESTRAINT  =         0.0000
 ------------------------------------------------------------------------------

wrapping first mol.:      -38.30066      -54.16531       93.81709

 NSTEP =   700000   TIME(PS) =  141440.000  TEMP(K) =   309.39  PRESS =     0.0
 Etot   =   -239037.1814  EKtot   =     63002.4141  EPtot      =   -302039.5954
 BOND   =      2106.8991  ANGLE   =      2429.6416  DIHED      =      1440.4663
 UB     =         0.0000  IMP     =         0.0000  CMAP       =       252.0008
 1-4 NB =      1185.9945  1-4 EEL =     15412.5127  VDWAALS    =     41246.1831
 EELEC  =   -366113.2935  EHBOND  =         0.0000  RESTRAINT  =         0.0000
 ------------------------------------------------------------------------------

wrapping first mol.:      -38.30066      -54.16531       93.81709

 NSTEP =   720000   TIME(PS) =  141480.000  TEMP(K) =   309.49  PRESS =     0.0
 Etot   =   -238882.2440  EKtot   =     63023.8945  EPtot      =   -301906.1385
 BOND   =      2074.1941  ANGLE   =      2469.5362  DIHED      =      1389.3940
 UB     =         0.0000  IMP     =         0.0000  CMAP       =       257.6664
 1-4 NB =      1161.8581  1-4 EEL =     15347.3541  VDWAALS    =     40750.5244
 EELEC  =   -365356.6658  EHBOND  =         0.0000  RESTRAINT  =         0.0000
 ------------------------------------------------------------------------------

wrapping first mol.:      -38.30066      -54.16531       93.81709

 NSTEP =   740000   TIME(PS) =  141520.000  TEMP(K) =   309.88  PRESS =     0.0
 Etot   =   -238649.9472  EKtot   =     63102.9531  EPtot      =   -301752.9003
 BOND   =      2136.3795  ANGLE   =      2439.0284  DIHED      =      1401.4855
 UB     =         0.0000  IMP     =         0.0000  CMAP       =       248.9163
 1-4 NB =      1167.8499  1-4 EEL =     15327.0257  VDWAALS    =     40276.7958
 EELEC  =   -364750.3815  EHBOND  =         0.0000  RESTRAINT  =         0.0000
 ------------------------------------------------------------------------------

wrapping first mol.:      -38.30066      -54.16531       93.81709

 NSTEP =   760000   TIME(PS) =  141560.000  TEMP(K) =   312.16  PRESS =     0.0
 Etot   =   -238104.8697  EKtot   =     63567.3281  EPtot      =   -301672.1979
 BOND   =      2069.6060  ANGLE   =      2414.1321  DIHED      =      1429.0137
 UB     =         0.0000  IMP     =         0.0000  CMAP       =       256.6843
 1-4 NB =      1197.8759  1-4 EEL =     15391.9877  VDWAALS    =     40645.4858
 EELEC  =   -365076.9834  EHBOND  =         0.0000  RESTRAINT  =         0.0000
 ------------------------------------------------------------------------------

wrapping first mol.:      -38.30066      -54.16531       93.81709

 NSTEP =   780000   TIME(PS) =  141600.000  TEMP(K) =   310.12  PRESS =     0.0
 Etot   =   -238811.4234  EKtot   =     63151.8086  EPtot      =   -301963.2320
 BOND   =      2055.6910  ANGLE   =      2434.6117  DIHED      =      1431.5882
 UB     =         0.0000  IMP     =         0.0000  CMAP       =       252.4150
 1-4 NB =      1173.0461  1-4 EEL =     15415.5098  VDWAALS    =     40764.4372
 EELEC  =   -365490.5311  EHBOND  =         0.0000  RESTRAINT  =         0.0000
 ------------------------------------------------------------------------------

wrapping first mol.:      -38.30066      -54.16531       93.81709

 NSTEP =   800000   TIME(PS) =  141640.000  TEMP(K) =   311.97  PRESS =     0.0
 Etot   =   -238410.5749  EKtot   =     63527.7148  EPtot      =   -301938.2897
 BOND   =      2102.0241  ANGLE   =      2428.7598  DIHED      =      1391.8266
 UB     =         0.0000  IMP     =         0.0000  CMAP       =       254.4912
 1-4 NB =      1179.3057  1-4 EEL =     15380.1160  VDWAALS    =     40601.6429
 EELEC  =   -365276.4561  EHBOND  =         0.0000  RESTRAINT  =         0.0000
 ------------------------------------------------------------------------------

wrapping first mol.:      -38.30066      -54.16531       93.81709

 NSTEP =   820000   TIME(PS) =  141680.000  TEMP(K) =   308.82  PRESS =     0.0
 Etot   =   -239040.6451  EKtot   =     62886.0508  EPtot      =   -301926.6959
 BOND   =      2132.9959  ANGLE   =      2479.9683  DIHED      =      1419.9478
 UB     =         0.0000  IMP     =         0.0000  CMAP       =       255.0958
 1-4 NB =      1168.5807  1-4 EEL =     15359.9821  VDWAALS    =     40646.9221
 EELEC  =   -365390.1887  EHBOND  =         0.0000  RESTRAINT  =         0.0000
 ------------------------------------------------------------------------------

wrapping first mol.:      -38.30066      -54.16531       93.81709

 NSTEP =   840000   TIME(PS) =  141720.000  TEMP(K) =   310.33  PRESS =     0.0
 Etot   =   -238861.2085  EKtot   =     63195.0742  EPtot      =   -302056.2827
 BOND   =      2055.8313  ANGLE   =      2497.9868  DIHED      =      1429.2074
 UB     =         0.0000  IMP     =         0.0000  CMAP       =       251.4316
 1-4 NB =      1168.3874  1-4 EEL =     15248.6351  VDWAALS    =     40928.9819
 EELEC  =   -365636.7442  EHBOND  =         0.0000  RESTRAINT  =         0.0000
 ------------------------------------------------------------------------------

wrapping first mol.:      -38.30066      -54.16531       93.81709

 NSTEP =   860000   TIME(PS) =  141760.000  TEMP(K) =   309.19  PRESS =     0.0
 Etot   =   -238658.8453  EKtot   =     62961.2969  EPtot      =   -301620.1421
 BOND   =      2020.0995  ANGLE   =      2445.3926  DIHED      =      1404.7660
 UB     =         0.0000  IMP     =         0.0000  CMAP       =       252.7863
 1-4 NB =      1180.1683  1-4 EEL =     15284.1119  VDWAALS    =     41112.1552
 EELEC  =   -365319.6219  EHBOND  =         0.0000  RESTRAINT  =         0.0000
 ------------------------------------------------------------------------------

wrapping first mol.:      -38.30066      -54.16531       93.81709

 NSTEP =   880000   TIME(PS) =  141800.000  TEMP(K) =   310.07  PRESS =     0.0
 Etot   =   -238920.7625  EKtot   =     63141.2383  EPtot      =   -302062.0008
 BOND   =      2121.9806  ANGLE   =      2441.4193  DIHED      =      1414.9354
 UB     =         0.0000  IMP     =         0.0000  CMAP       =       267.1885
 1-4 NB =      1177.6370  1-4 EEL =     15328.9321  VDWAALS    =     41015.4078
 EELEC  =   -365829.5014  EHBOND  =         0.0000  RESTRAINT  =         0.0000
 ------------------------------------------------------------------------------

wrapping first mol.:      -38.30066      -54.16531       93.81709

 NSTEP =   900000   TIME(PS) =  141840.000  TEMP(K) =   310.19  PRESS =     0.0
 Etot   =   -238637.8547  EKtot   =     63164.8984  EPtot      =   -301802.7531
 BOND   =      2091.5115  ANGLE   =      2396.0364  DIHED      =      1414.4712
 UB     =         0.0000  IMP     =         0.0000  CMAP       =       247.2307
 1-4 NB =      1184.4418  1-4 EEL =     15328.9120  VDWAALS    =     39975.9068
 EELEC  =   -364441.2634  EHBOND  =         0.0000  RESTRAINT  =         0.0000
 ------------------------------------------------------------------------------

wrapping first mol.:      -38.30066      -54.16531       93.81709

 NSTEP =   920000   TIME(PS) =  141880.000  TEMP(K) =   309.05  PRESS =     0.0
 Etot   =   -238583.2264  EKtot   =     62934.1758  EPtot      =   -301517.4022
 BOND   =      2101.7341  ANGLE   =      2379.3836  DIHED      =      1429.8276
 UB     =         0.0000  IMP     =         0.0000  CMAP       =       251.6370
 1-4 NB =      1191.2317  1-4 EEL =     15411.2455  VDWAALS    =     40539.4116
 EELEC  =   -364821.8733  EHBOND  =         0.0000  RESTRAINT  =         0.0000
 ------------------------------------------------------------------------------

wrapping first mol.:      -38.30066      -54.16531       93.81709

 NSTEP =   940000   TIME(PS) =  141920.000  TEMP(K) =   311.51  PRESS =     0.0
 Etot   =   -238210.3412  EKtot   =     63434.6172  EPtot      =   -301644.9584
 BOND   =      2056.6857  ANGLE   =      2398.7257  DIHED      =      1440.6322
 UB     =         0.0000  IMP     =         0.0000  CMAP       =       237.6481
 1-4 NB =      1185.0519  1-4 EEL =     15374.3772  VDWAALS    =     40218.1344
 EELEC  =   -364556.2136  EHBOND  =         0.0000  RESTRAINT  =         0.0000
 ------------------------------------------------------------------------------

wrapping first mol.:      -38.30066      -54.16531       93.81709

 NSTEP =   960000   TIME(PS) =  141960.000  TEMP(K) =   310.52  PRESS =     0.0
 Etot   =   -238676.5353  EKtot   =     63233.3203  EPtot      =   -301909.8556
 BOND   =      2087.1380  ANGLE   =      2397.6711  DIHED      =      1416.3434
 UB     =         0.0000  IMP     =         0.0000  CMAP       =       242.2433
 1-4 NB =      1174.5145  1-4 EEL =     15379.9214  VDWAALS    =     40490.2600
 EELEC  =   -365097.9473  EHBOND  =         0.0000  RESTRAINT  =         0.0000
 ------------------------------------------------------------------------------

wrapping first mol.:      -38.30066      -54.16531       93.81709

 NSTEP =   980000   TIME(PS) =  142000.000  TEMP(K) =   311.40  PRESS =     0.0
 Etot   =   -238321.8348  EKtot   =     63412.2109  EPtot      =   -301734.0458
 BOND   =      2183.1288  ANGLE   =      2397.4448  DIHED      =      1415.7448
 UB     =         0.0000  IMP     =         0.0000  CMAP       =       247.6429
 1-4 NB =      1141.3557  1-4 EEL =     15315.4842  VDWAALS    =     40543.3021
 EELEC  =   -364978.1490  EHBOND  =         0.0000  RESTRAINT  =         0.0000
 ------------------------------------------------------------------------------

wrapping first mol.:      -38.30066      -54.16531       93.81709

 NSTEP =  1000000   TIME(PS) =  142040.000  TEMP(K) =   310.52  PRESS =     0.0
 Etot   =   -238738.0133  EKtot   =     63233.6289  EPtot      =   -301971.6422
 BOND   =      2099.6133  ANGLE   =      2390.1151  DIHED      =      1417.3474
 UB     =         0.0000  IMP     =         0.0000  CMAP       =       251.7312
 1-4 NB =      1171.2795  1-4 EEL =     15351.1817  VDWAALS    =     40707.8617
 EELEC  =   -365360.7719  EHBOND  =         0.0000  RESTRAINT  =         0.0000
 ------------------------------------------------------------------------------

wrapping first mol.:      -38.30066      -54.16531       93.81709

 NSTEP =  1020000   TIME(PS) =  142080.000  TEMP(K) =   308.41  PRESS =     0.0
 Etot   =   -239383.9944  EKtot   =     62803.2695  EPtot      =   -302187.2639
 BOND   =      2112.3609  ANGLE   =      2493.1238  DIHED      =      1391.4252
 UB     =         0.0000  IMP     =         0.0000  CMAP       =       244.1440
 1-4 NB =      1145.1633  1-4 EEL =     15328.4369  VDWAALS    =     40598.8249
 EELEC  =   -365500.7428  EHBOND  =         0.0000  RESTRAINT  =         0.0000
 ------------------------------------------------------------------------------

wrapping first mol.:      -38.30066      -54.16531       93.81709

 NSTEP =  1040000   TIME(PS) =  142120.000  TEMP(K) =   309.81  PRESS =     0.0
 Etot   =   -238819.8575  EKtot   =     63087.3047  EPtot      =   -301907.1622
 BOND   =      2088.5967  ANGLE   =      2484.2415  DIHED      =      1416.1880
 UB     =         0.0000  IMP     =         0.0000  CMAP       =       234.7437
 1-4 NB =      1163.1955  1-4 EEL =     15301.4233  VDWAALS    =     41616.4864
 EELEC  =   -366212.0372  EHBOND  =         0.0000  RESTRAINT  =         0.0000
 ------------------------------------------------------------------------------

wrapping first mol.:      -38.30066      -54.16531       93.81709

 NSTEP =  1060000   TIME(PS) =  142160.000  TEMP(K) =   309.62  PRESS =     0.0
 Etot   =   -239236.5075  EKtot   =     63050.2617  EPtot      =   -302286.7693
 BOND   =      2081.6102  ANGLE   =      2339.9598  DIHED      =      1421.5749
 UB     =         0.0000  IMP     =         0.0000  CMAP       =       245.3425
 1-4 NB =      1184.2874  1-4 EEL =     15456.4453  VDWAALS    =     41016.5608
 EELEC  =   -366032.5502  EHBOND  =         0.0000  RESTRAINT  =         0.0000
 ------------------------------------------------------------------------------

wrapping first mol.:      -38.30066      -54.16531       93.81709

 NSTEP =  1080000   TIME(PS) =  142200.000  TEMP(K) =   311.56  PRESS =     0.0
 Etot   =   -238444.1561  EKtot   =     63443.6680  EPtot      =   -301887.8241
 BOND   =      2155.4564  ANGLE   =      2448.8660  DIHED      =      1386.3279
 UB     =         0.0000  IMP     =         0.0000  CMAP       =       235.0363
 1-4 NB =      1152.8010  1-4 EEL =     15343.9410  VDWAALS    =     40679.6097
 EELEC  =   -365289.8624  EHBOND  =         0.0000  RESTRAINT  =         0.0000
 ------------------------------------------------------------------------------

wrapping first mol.:      -38.30066      -54.16531       93.81709

 NSTEP =  1100000   TIME(PS) =  142240.000  TEMP(K) =   306.96  PRESS =     0.0
 Etot   =   -239130.7984  EKtot   =     62507.5508  EPtot      =   -301638.3492
 BOND   =      2104.0216  ANGLE   =      2485.0189  DIHED      =      1373.5584
 UB     =         0.0000  IMP     =         0.0000  CMAP       =       256.4625
 1-4 NB =      1140.2632  1-4 EEL =     15434.6403  VDWAALS    =     40755.8286
 EELEC  =   -365188.1429  EHBOND  =         0.0000  RESTRAINT  =         0.0000
 ------------------------------------------------------------------------------

wrapping first mol.:      -38.30066      -54.16531       93.81709

 NSTEP =  1120000   TIME(PS) =  142280.000  TEMP(K) =   310.55  PRESS =     0.0
 Etot   =   -238598.0686  EKtot   =     63239.1523  EPtot      =   -301837.2209
 BOND   =      2060.0683  ANGLE   =      2491.6630  DIHED      =      1415.4507
 UB     =         0.0000  IMP     =         0.0000  CMAP       =       246.9823
 1-4 NB =      1165.9676  1-4 EEL =     15472.7770  VDWAALS    =     40320.1292
 EELEC  =   -365010.2591  EHBOND  =         0.0000  RESTRAINT  =         0.0000
 ------------------------------------------------------------------------------

wrapping first mol.:      -38.30066      -54.16531       93.81709

 NSTEP =  1140000   TIME(PS) =  142320.000  TEMP(K) =   310.55  PRESS =     0.0
 Etot   =   -238866.1254  EKtot   =     63238.1133  EPtot      =   -302104.2386
 BOND   =      2050.1462  ANGLE   =      2402.0245  DIHED      =      1420.1231
 UB     =         0.0000  IMP     =         0.0000  CMAP       =       232.8738
 1-4 NB =      1182.3499  1-4 EEL =     15348.1734  VDWAALS    =     40748.0472
 EELEC  =   -365487.9768  EHBOND  =         0.0000  RESTRAINT  =         0.0000
 ------------------------------------------------------------------------------

wrapping first mol.:      -38.30066      -54.16531       93.81709

 NSTEP =  1160000   TIME(PS) =  142360.000  TEMP(K) =   309.52  PRESS =     0.0
 Etot   =   -239019.5608  EKtot   =     63029.6758  EPtot      =   -302049.2366
 BOND   =      2022.1486  ANGLE   =      2492.7352  DIHED      =      1407.5627
 UB     =         0.0000  IMP     =         0.0000  CMAP       =       266.9847
 1-4 NB =      1168.8279  1-4 EEL =     15358.9009  VDWAALS    =     41051.4985
 EELEC  =   -365817.8951  EHBOND  =         0.0000  RESTRAINT  =         0.0000
 ------------------------------------------------------------------------------

wrapping first mol.:      -38.30066      -54.16531       93.81709

 NSTEP =  1180000   TIME(PS) =  142400.000  TEMP(K) =   310.42  PRESS =     0.0
 Etot   =   -238544.1668  EKtot   =     63211.6641  EPtot      =   -301755.8309
 BOND   =      2047.0567  ANGLE   =      2480.2993  DIHED      =      1405.7613
 UB     =         0.0000  IMP     =         0.0000  CMAP       =       250.2123
 1-4 NB =      1181.3632  1-4 EEL =     15328.7517  VDWAALS    =     41053.2403
 EELEC  =   -365502.5157  EHBOND  =         0.0000  RESTRAINT  =         0.0000
 ------------------------------------------------------------------------------

wrapping first mol.:      -38.30066      -54.16531       93.81709

 NSTEP =  1200000   TIME(PS) =  142440.000  TEMP(K) =   311.26  PRESS =     0.0
 Etot   =   -238103.4554  EKtot   =     63383.0430  EPtot      =   -301486.4983
 BOND   =      2057.1811  ANGLE   =      2522.7668  DIHED      =      1411.3589
 UB     =         0.0000  IMP     =         0.0000  CMAP       =       261.3600
 1-4 NB =      1173.0914  1-4 EEL =     15266.1187  VDWAALS    =     40758.9564
 EELEC  =   -364937.3316  EHBOND  =         0.0000  RESTRAINT  =         0.0000
 ------------------------------------------------------------------------------

wrapping first mol.:      -38.30066      -54.16531       93.81709

 NSTEP =  1220000   TIME(PS) =  142480.000  TEMP(K) =   309.27  PRESS =     0.0
 Etot   =   -238441.0271  EKtot   =     62977.7070  EPtot      =   -301418.7341
 BOND   =      2087.3197  ANGLE   =      2446.0297  DIHED      =      1417.6018
 UB     =         0.0000  IMP     =         0.0000  CMAP       =       235.2272
 1-4 NB =      1160.4339  1-4 EEL =     15370.3869  VDWAALS    =     40150.6698
 EELEC  =   -364286.4031  EHBOND  =         0.0000  RESTRAINT  =         0.0000
 ------------------------------------------------------------------------------

wrapping first mol.:      -38.30066      -54.16531       93.81709

 NSTEP =  1240000   TIME(PS) =  142520.000  TEMP(K) =   312.13  PRESS =     0.0
 Etot   =   -238032.0022  EKtot   =     63561.5000  EPtot      =   -301593.5022
 BOND   =      2072.1526  ANGLE   =      2425.3010  DIHED      =      1410.2216
 UB     =         0.0000  IMP     =         0.0000  CMAP       =       245.1058
 1-4 NB =      1189.3167  1-4 EEL =     15267.7489  VDWAALS    =     40762.4226
 EELEC  =   -364965.7714  EHBOND  =         0.0000  RESTRAINT  =         0.0000
 ------------------------------------------------------------------------------

wrapping first mol.:      -38.30066      -54.16531       93.81709

 NSTEP =  1260000   TIME(PS) =  142560.000  TEMP(K) =   310.94  PRESS =     0.0
 Etot   =   -238725.1503  EKtot   =     63319.4180  EPtot      =   -302044.5683
 BOND   =      2094.2423  ANGLE   =      2419.2330  DIHED      =      1372.7154
 UB     =         0.0000  IMP     =         0.0000  CMAP       =       238.6259
 1-4 NB =      1183.6239  1-4 EEL =     15388.3879  VDWAALS    =     40697.6168
 EELEC  =   -365439.0134  EHBOND  =         0.0000  RESTRAINT  =         0.0000
 ------------------------------------------------------------------------------

wrapping first mol.:      -38.30066      -54.16531       93.81709

 NSTEP =  1280000   TIME(PS) =  142600.000  TEMP(K) =   309.72  PRESS =     0.0
 Etot   =   -238891.5591  EKtot   =     63069.0508  EPtot      =   -301960.6099
 BOND   =      2108.3578  ANGLE   =      2393.2664  DIHED      =      1430.8543
 UB     =         0.0000  IMP     =         0.0000  CMAP       =       254.5131
 1-4 NB =      1172.9265  1-4 EEL =     15313.9625  VDWAALS    =     40376.8760
 EELEC  =   -365011.3666  EHBOND  =         0.0000  RESTRAINT  =         0.0000
 ------------------------------------------------------------------------------

wrapping first mol.:      -38.30066      -54.16531       93.81709

 NSTEP =  1300000   TIME(PS) =  142640.000  TEMP(K) =   309.06  PRESS =     0.0
 Etot   =   -239198.2631  EKtot   =     62936.0508  EPtot      =   -302134.3139
 BOND   =      2043.3838  ANGLE   =      2382.6005  DIHED      =      1394.2854
 UB     =         0.0000  IMP     =         0.0000  CMAP       =       254.8368
 1-4 NB =      1173.5497  1-4 EEL =     15356.5247  VDWAALS    =     41069.2799
 EELEC  =   -365808.7747  EHBOND  =         0.0000  RESTRAINT  =         0.0000
 ------------------------------------------------------------------------------

wrapping first mol.:      -38.30066      -54.16531       93.81709

 NSTEP =  1320000   TIME(PS) =  142680.000  TEMP(K) =   311.76  PRESS =     0.0
 Etot   =   -238836.1884  EKtot   =     63484.7500  EPtot      =   -302320.9384
 BOND   =      2136.6337  ANGLE   =      2397.8207  DIHED      =      1436.8364
 UB     =         0.0000  IMP     =         0.0000  CMAP       =       250.4530
 1-4 NB =      1164.0212  1-4 EEL =     15323.3889  VDWAALS    =     40695.6986
 EELEC  =   -365725.7909  EHBOND  =         0.0000  RESTRAINT  =         0.0000
 ------------------------------------------------------------------------------

wrapping first mol.:      -38.30066      -54.16531       93.81709

 NSTEP =  1340000   TIME(PS) =  142720.000  TEMP(K) =   310.89  PRESS =     0.0
 Etot   =   -238548.2099  EKtot   =     63309.1250  EPtot      =   -301857.3349
 BOND   =      2050.1687  ANGLE   =      2399.9970  DIHED      =      1409.6533
 UB     =         0.0000  IMP     =         0.0000  CMAP       =       266.4015
 1-4 NB =      1157.9181  1-4 EEL =     15386.9661  VDWAALS    =     40874.5063
 EELEC  =   -365402.9459  EHBOND  =         0.0000  RESTRAINT  =         0.0000
 ------------------------------------------------------------------------------

wrapping first mol.:      -38.30066      -54.16531       93.81709

 NSTEP =  1360000   TIME(PS) =  142760.000  TEMP(K) =   309.88  PRESS =     0.0
 Etot   =   -239260.8719  EKtot   =     63102.5625  EPtot      =   -302363.4344
 BOND   =      2111.2585  ANGLE   =      2444.4429  DIHED      =      1436.9976
 UB     =         0.0000  IMP     =         0.0000  CMAP       =       238.5015
 1-4 NB =      1165.5003  1-4 EEL =     15382.4159  VDWAALS    =     41079.1610
 EELEC  =   -366221.7122  EHBOND  =         0.0000  RESTRAINT  =         0.0000
 ------------------------------------------------------------------------------

wrapping first mol.:      -38.30066      -54.16531       93.81709

 NSTEP =  1380000   TIME(PS) =  142800.000  TEMP(K) =   310.12  PRESS =     0.0
 Etot   =   -238790.1648  EKtot   =     63151.4375  EPtot      =   -301941.6023
 BOND   =      2152.9972  ANGLE   =      2473.4633  DIHED      =      1406.3956
 UB     =         0.0000  IMP     =         0.0000  CMAP       =       239.3373
 1-4 NB =      1173.7451  1-4 EEL =     15307.0362  VDWAALS    =     40598.8799
 EELEC  =   -365293.4568  EHBOND  =         0.0000  RESTRAINT  =         0.0000
 ------------------------------------------------------------------------------

wrapping first mol.:      -38.30066      -54.16531       93.81709

 NSTEP =  1400000   TIME(PS) =  142840.000  TEMP(K) =   309.39  PRESS =     0.0
 Etot   =   -238780.2492  EKtot   =     63001.9297  EPtot      =   -301782.1789
 BOND   =      2065.5056  ANGLE   =      2397.2757  DIHED      =      1423.9404
 UB     =         0.0000  IMP     =         0.0000  CMAP       =       245.3254
 1-4 NB =      1166.6431  1-4 EEL =     15297.2118  VDWAALS    =     41173.2572
 EELEC  =   -365551.3381  EHBOND  =         0.0000  RESTRAINT  =         0.0000
 ------------------------------------------------------------------------------

wrapping first mol.:      -38.30066      -54.16531       93.81709

 NSTEP =  1420000   TIME(PS) =  142880.000  TEMP(K) =   310.49  PRESS =     0.0
 Etot   =   -239337.5753  EKtot   =     63227.1328  EPtot      =   -302564.7081
 BOND   =      2120.2134  ANGLE   =      2435.3211  DIHED      =      1434.2769
 UB     =         0.0000  IMP     =         0.0000  CMAP       =       240.9145
 1-4 NB =      1183.7986  1-4 EEL =     15422.6344  VDWAALS    =     41550.7228
 EELEC  =   -366952.5899  EHBOND  =         0.0000  RESTRAINT  =         0.0000
 ------------------------------------------------------------------------------

wrapping first mol.:      -38.30066      -54.16531       93.81709

 NSTEP =  1440000   TIME(PS) =  142920.000  TEMP(K) =   307.71  PRESS =     0.0
 Etot   =   -238926.9262  EKtot   =     62660.6289  EPtot      =   -301587.5551
 BOND   =      2089.7228  ANGLE   =      2368.3417  DIHED      =      1373.3570
 UB     =         0.0000  IMP     =         0.0000  CMAP       =       252.3174
 1-4 NB =      1172.1503  1-4 EEL =     15336.6448  VDWAALS    =     40810.7085
 EELEC  =   -364990.7976  EHBOND  =         0.0000  RESTRAINT  =         0.0000
 ------------------------------------------------------------------------------

wrapping first mol.:      -38.30066      -54.16531       93.81709

 NSTEP =  1460000   TIME(PS) =  142960.000  TEMP(K) =   310.67  PRESS =     0.0
 Etot   =   -239066.1911  EKtot   =     63262.7188  EPtot      =   -302328.9098
 BOND   =      2082.7670  ANGLE   =      2392.5078  DIHED      =      1408.1308
 UB     =         0.0000  IMP     =         0.0000  CMAP       =       250.1652
 1-4 NB =      1177.2757  1-4 EEL =     15439.1934  VDWAALS    =     41164.2868
 EELEC  =   -366243.2364  EHBOND  =         0.0000  RESTRAINT  =         0.0000
 ------------------------------------------------------------------------------

wrapping first mol.:      -38.30066      -54.16531       93.81709

 NSTEP =  1480000   TIME(PS) =  143000.000  TEMP(K) =   311.23  PRESS =     0.0
 Etot   =   -238186.2234  EKtot   =     63377.1953  EPtot      =   -301563.4187
 BOND   =      2109.4509  ANGLE   =      2488.0624  DIHED      =      1450.9726
 UB     =         0.0000  IMP     =         0.0000  CMAP       =       246.7975
 1-4 NB =      1177.3709  1-4 EEL =     15308.8888  VDWAALS    =     41012.0047
 EELEC  =   -365356.9666  EHBOND  =         0.0000  RESTRAINT  =         0.0000
 ------------------------------------------------------------------------------

wrapping first mol.:      -38.30066      -54.16531       93.81709

 NSTEP =  1500000   TIME(PS) =  143040.000  TEMP(K) =   309.77  PRESS =     0.0
 Etot   =   -238729.2643  EKtot   =     63079.1484  EPtot      =   -301808.4128
 BOND   =      2108.6512  ANGLE   =      2462.7592  DIHED      =      1429.5929
 UB     =         0.0000  IMP     =         0.0000  CMAP       =       247.0467
 1-4 NB =      1154.1383  1-4 EEL =     15395.8181  VDWAALS    =     40834.0249
 EELEC  =   -365440.4440  EHBOND  =         0.0000  RESTRAINT  =         0.0000
 ------------------------------------------------------------------------------

wrapping first mol.:      -38.30066      -54.16531       93.81709

 NSTEP =  1520000   TIME(PS) =  143080.000  TEMP(K) =   310.43  PRESS =     0.0
 Etot   =   -238325.1808  EKtot   =     63213.8516  EPtot      =   -301539.0324
 BOND   =      2067.4280  ANGLE   =      2433.3078  DIHED      =      1397.3705
 UB     =         0.0000  IMP     =         0.0000  CMAP       =       249.0235
 1-4 NB =      1169.9047  1-4 EEL =     15438.6375  VDWAALS    =     40659.5189
 EELEC  =   -364954.2232  EHBOND  =         0.0000  RESTRAINT  =         0.0000
 ------------------------------------------------------------------------------

wrapping first mol.:      -38.30066      -54.16531       93.81709

 NSTEP =  1540000   TIME(PS) =  143120.000  TEMP(K) =   310.25  PRESS =     0.0
 Etot   =   -238968.7536  EKtot   =     63178.7344  EPtot      =   -302147.4880
 BOND   =      2115.3798  ANGLE   =      2413.6079  DIHED      =      1414.5140
 UB     =         0.0000  IMP     =         0.0000  CMAP       =       264.7059
 1-4 NB =      1178.3312  1-4 EEL =     15403.9344  VDWAALS    =     40310.1141
 EELEC  =   -365248.0754  EHBOND  =         0.0000  RESTRAINT  =         0.0000
 ------------------------------------------------------------------------------

wrapping first mol.:      -38.30066      -54.16531       93.81709

 NSTEP =  1560000   TIME(PS) =  143160.000  TEMP(K) =   310.31  PRESS =     0.0
 Etot   =   -238762.5344  EKtot   =     63190.4062  EPtot      =   -301952.9406
 BOND   =      2053.8662  ANGLE   =      2446.8794  DIHED      =      1375.3856
 UB     =         0.0000  IMP     =         0.0000  CMAP       =       265.3043
 1-4 NB =      1186.7966  1-4 EEL =     15290.0043  VDWAALS    =     40866.8567
 EELEC  =   -365438.0336  EHBOND  =         0.0000  RESTRAINT  =         0.0000
 ------------------------------------------------------------------------------

wrapping first mol.:      -38.30066      -54.16531       93.81709

 NSTEP =  1580000   TIME(PS) =  143200.000  TEMP(K) =   309.98  PRESS =     0.0
 Etot   =   -238872.3053  EKtot   =     63123.7852  EPtot      =   -301996.0904
 BOND   =      2118.3593  ANGLE   =      2433.2204  DIHED      =      1416.4186
 UB     =         0.0000  IMP     =         0.0000  CMAP       =       238.9778
 1-4 NB =      1158.3385  1-4 EEL =     15429.3774  VDWAALS    =     40816.2860
 EELEC  =   -365607.0686  EHBOND  =         0.0000  RESTRAINT  =         0.0000
 ------------------------------------------------------------------------------

wrapping first mol.:      -38.30066      -54.16531       93.81709

 NSTEP =  1600000   TIME(PS) =  143240.000  TEMP(K) =   309.38  PRESS =     0.0
 Etot   =   -239021.4896  EKtot   =     63000.0312  EPtot      =   -302021.5209
 BOND   =      2061.6629  ANGLE   =      2439.1652  DIHED      =      1420.1750
 UB     =         0.0000  IMP     =         0.0000  CMAP       =       261.0608
 1-4 NB =      1178.5603  1-4 EEL =     15357.2854  VDWAALS    =     40909.6294
 EELEC  =   -365649.0600  EHBOND  =         0.0000  RESTRAINT  =         0.0000
 ------------------------------------------------------------------------------

wrapping first mol.:      -38.30066      -54.16531       93.81709

 NSTEP =  1620000   TIME(PS) =  143280.000  TEMP(K) =   309.87  PRESS =     0.0
 Etot   =   -238569.7391  EKtot   =     63100.5742  EPtot      =   -301670.3133
 BOND   =      2071.1373  ANGLE   =      2384.5955  DIHED      =      1409.4218
 UB     =         0.0000  IMP     =         0.0000  CMAP       =       255.4392
 1-4 NB =      1173.3705  1-4 EEL =     15353.5013  VDWAALS    =     40853.6654
 EELEC  =   -365171.4444  EHBOND  =         0.0000  RESTRAINT  =         0.0000
 ------------------------------------------------------------------------------

wrapping first mol.:      -38.30066      -54.16531       93.81709

 NSTEP =  1640000   TIME(PS) =  143320.000  TEMP(K) =   310.74  PRESS =     0.0
 Etot   =   -238327.5246  EKtot   =     63277.7148  EPtot      =   -301605.2394
 BOND   =      2127.3754  ANGLE   =      2412.9213  DIHED      =      1424.8908
 UB     =         0.0000  IMP     =         0.0000  CMAP       =       241.9125
 1-4 NB =      1187.6883  1-4 EEL =     15426.8834  VDWAALS    =     40379.4451
 EELEC  =   -364806.3562  EHBOND  =         0.0000  RESTRAINT  =         0.0000
 ------------------------------------------------------------------------------

wrapping first mol.:      -38.30066      -54.16531       93.81709

 NSTEP =  1660000   TIME(PS) =  143360.000  TEMP(K) =   309.81  PRESS =     0.0
 Etot   =   -238874.4354  EKtot   =     63089.0312  EPtot      =   -301963.4666
 BOND   =      2059.1198  ANGLE   =      2338.9236  DIHED      =      1427.4647
 UB     =         0.0000  IMP     =         0.0000  CMAP       =       270.3604
 1-4 NB =      1187.0860  1-4 EEL =     15443.1747  VDWAALS    =     40509.5904
 EELEC  =   -365199.1862  EHBOND  =         0.0000  RESTRAINT  =         0.0000
 ------------------------------------------------------------------------------

wrapping first mol.:      -38.30066      -54.16531       93.81709

 NSTEP =  1680000   TIME(PS) =  143400.000  TEMP(K) =   310.07  PRESS =     0.0
 Etot   =   -238986.0436  EKtot   =     63141.7227  EPtot      =   -302127.7662
 BOND   =      2037.0243  ANGLE   =      2370.8425  DIHED      =      1434.5436
 UB     =         0.0000  IMP     =         0.0000  CMAP       =       260.9592
 1-4 NB =      1169.0337  1-4 EEL =     15415.3727  VDWAALS    =     40554.6426
 EELEC  =   -365370.1847  EHBOND  =         0.0000  RESTRAINT  =         0.0000
 ------------------------------------------------------------------------------

wrapping first mol.:      -38.30066      -54.16531       93.81709

 NSTEP =  1700000   TIME(PS) =  143440.000  TEMP(K) =   310.58  PRESS =     0.0
 Etot   =   -239101.4708  EKtot   =     63245.2969  EPtot      =   -302346.7676
 BOND   =      2045.3639  ANGLE   =      2357.1819  DIHED      =      1395.9276
 UB     =         0.0000  IMP     =         0.0000  CMAP       =       234.1399
 1-4 NB =      1176.5385  1-4 EEL =     15357.9926  VDWAALS    =     41110.8880
 EELEC  =   -366024.7999  EHBOND  =         0.0000  RESTRAINT  =         0.0000
 ------------------------------------------------------------------------------

wrapping first mol.:      -38.30066      -54.16531       93.81709

 NSTEP =  1720000   TIME(PS) =  143480.000  TEMP(K) =   312.01  PRESS =     0.0
 Etot   =   -238491.8628  EKtot   =     63536.0195  EPtot      =   -302027.8823
 BOND   =      2063.5174  ANGLE   =      2375.3089  DIHED      =      1374.2191
 UB     =         0.0000  IMP     =         0.0000  CMAP       =       234.1091
 1-4 NB =      1161.6355  1-4 EEL =     15326.9535  VDWAALS    =     40601.9129
 EELEC  =   -365165.5387  EHBOND  =         0.0000  RESTRAINT  =         0.0000
 ------------------------------------------------------------------------------

wrapping first mol.:      -38.30066      -54.16531       93.81709

 NSTEP =  1740000   TIME(PS) =  143520.000  TEMP(K) =   309.27  PRESS =     0.0
 Etot   =   -239448.4226  EKtot   =     62978.8945  EPtot      =   -302427.3171
 BOND   =      2082.9677  ANGLE   =      2536.2713  DIHED      =      1407.8857
 UB     =         0.0000  IMP     =         0.0000  CMAP       =       254.1866
 1-4 NB =      1143.0986  1-4 EEL =     15349.8374  VDWAALS    =     40775.9572
 EELEC  =   -365977.5216  EHBOND  =         0.0000  RESTRAINT  =         0.0000
 ------------------------------------------------------------------------------

wrapping first mol.:      -38.30066      -54.16531       93.81709

 NSTEP =  1760000   TIME(PS) =  143560.000  TEMP(K) =   310.27  PRESS =     0.0
 Etot   =   -238220.9737  EKtot   =     63181.7578  EPtot      =   -301402.7315
 BOND   =      2089.0699  ANGLE   =      2416.0657  DIHED      =      1386.4247
 UB     =         0.0000  IMP     =         0.0000  CMAP       =       251.8978
 1-4 NB =      1193.0670  1-4 EEL =     15420.2838  VDWAALS    =     40572.7402
 EELEC  =   -364732.2806  EHBOND  =         0.0000  RESTRAINT  =         0.0000
 ------------------------------------------------------------------------------

wrapping first mol.:      -38.30066      -54.16531       93.81709

 NSTEP =  1780000   TIME(PS) =  143600.000  TEMP(K) =   310.45  PRESS =     0.0
 Etot   =   -238823.4796  EKtot   =     63218.1016  EPtot      =   -302041.5812
 BOND   =      2065.0340  ANGLE   =      2429.6573  DIHED      =      1423.5278
 UB     =         0.0000  IMP     =         0.0000  CMAP       =       286.2192
 1-4 NB =      1165.5331  1-4 EEL =     15366.6537  VDWAALS    =     40867.1158
 EELEC  =   -365645.3220  EHBOND  =         0.0000  RESTRAINT  =         0.0000
 ------------------------------------------------------------------------------

wrapping first mol.:      -38.30066      -54.16531       93.81709

 NSTEP =  1800000   TIME(PS) =  143640.000  TEMP(K) =   309.97  PRESS =     0.0
 Etot   =   -239236.7482  EKtot   =     63121.6289  EPtot      =   -302358.3771
 BOND   =      2118.1913  ANGLE   =      2470.0501  DIHED      =      1397.1799
 UB     =         0.0000  IMP     =         0.0000  CMAP       =       245.5610
 1-4 NB =      1167.0935  1-4 EEL =     15361.4371  VDWAALS    =     40887.3025
 EELEC  =   -366005.1925  EHBOND  =         0.0000  RESTRAINT  =         0.0000
 ------------------------------------------------------------------------------

wrapping first mol.:      -38.30066      -54.16531       93.81709

 NSTEP =  1820000   TIME(PS) =  143680.000  TEMP(K) =   310.65  PRESS =     0.0
 Etot   =   -238447.0871  EKtot   =     63259.8867  EPtot      =   -301706.9739
 BOND   =      2111.2884  ANGLE   =      2359.1778  DIHED      =      1389.5366
 UB     =         0.0000  IMP     =         0.0000  CMAP       =       246.2837
 1-4 NB =      1158.1528  1-4 EEL =     15356.7985  VDWAALS    =     40442.8159
 EELEC  =   -364771.0276  EHBOND  =         0.0000  RESTRAINT  =         0.0000
 ------------------------------------------------------------------------------

wrapping first mol.:      -38.30066      -54.16531       93.81709

 NSTEP =  1840000   TIME(PS) =  143720.000  TEMP(K) =   309.81  PRESS =     0.0
 Etot   =   -238839.9263  EKtot   =     63088.7031  EPtot      =   -301928.6294
 BOND   =      2113.8073  ANGLE   =      2328.8793  DIHED      =      1419.9758
 UB     =         0.0000  IMP     =         0.0000  CMAP       =       251.4513
 1-4 NB =      1190.7544  1-4 EEL =     15328.3122  VDWAALS    =     41286.5413
 EELEC  =   -365848.3509  EHBOND  =         0.0000  RESTRAINT  =         0.0000
 ------------------------------------------------------------------------------

wrapping first mol.:      -38.30066      -54.16531       93.81709

 NSTEP =  1860000   TIME(PS) =  143760.000  TEMP(K) =   310.66  PRESS =     0.0
 Etot   =   -238834.3773  EKtot   =     63262.0273  EPtot      =   -302096.4047
 BOND   =      2057.6097  ANGLE   =      2346.7089  DIHED      =      1456.8317
 UB     =         0.0000  IMP     =         0.0000  CMAP       =       254.9718
 1-4 NB =      1167.8131  1-4 EEL =     15425.8615  VDWAALS    =     41014.5956
 EELEC  =   -365820.7970  EHBOND  =         0.0000  RESTRAINT  =         0.0000
 ------------------------------------------------------------------------------

wrapping first mol.:      -38.30066      -54.16531       93.81709

 NSTEP =  1880000   TIME(PS) =  143800.000  TEMP(K) =   310.32  PRESS =     0.0
 Etot   =   -239100.8830  EKtot   =     63192.5117  EPtot      =   -302293.3947
 BOND   =      2115.8451  ANGLE   =      2408.8575  DIHED      =      1415.9678
 UB     =         0.0000  IMP     =         0.0000  CMAP       =       256.3758
 1-4 NB =      1165.8843  1-4 EEL =     15372.0482  VDWAALS    =     41260.5821
 EELEC  =   -366288.9556  EHBOND  =         0.0000  RESTRAINT  =         0.0000
 ------------------------------------------------------------------------------

wrapping first mol.:      -38.30066      -54.16531       93.81709

 NSTEP =  1900000   TIME(PS) =  143840.000  TEMP(K) =   309.06  PRESS =     0.0
 Etot   =   -238865.0569  EKtot   =     62936.2500  EPtot      =   -301801.3069
 BOND   =      2064.0306  ANGLE   =      2478.8420  DIHED      =      1408.6844
 UB     =         0.0000  IMP     =         0.0000  CMAP       =       254.5193
 1-4 NB =      1173.1350  1-4 EEL =     15409.5352  VDWAALS    =     40631.0959
 EELEC  =   -365221.1494  EHBOND  =         0.0000  RESTRAINT  =         0.0000
 ------------------------------------------------------------------------------

wrapping first mol.:      -38.30066      -54.16531       93.81709

 NSTEP =  1920000   TIME(PS) =  143880.000  TEMP(K) =   310.54  PRESS =     0.0
 Etot   =   -238569.0208  EKtot   =     63237.1523  EPtot      =   -301806.1731
 BOND   =      2019.9090  ANGLE   =      2455.8549  DIHED      =      1393.2013
 UB     =         0.0000  IMP     =         0.0000  CMAP       =       256.1945
 1-4 NB =      1169.0360  1-4 EEL =     15300.5816  VDWAALS    =     40685.5756
 EELEC  =   -365086.5260  EHBOND  =         0.0000  RESTRAINT  =         0.0000
 ------------------------------------------------------------------------------

wrapping first mol.:      -38.30066      -54.16531       93.81709

 NSTEP =  1940000   TIME(PS) =  143920.000  TEMP(K) =   310.55  PRESS =     0.0
 Etot   =   -238331.6990  EKtot   =     63238.4023  EPtot      =   -301570.1014
 BOND   =      2091.9650  ANGLE   =      2432.5181  DIHED      =      1428.5697
 UB     =         0.0000  IMP     =         0.0000  CMAP       =       265.1624
 1-4 NB =      1195.8385  1-4 EEL =     15395.3853  VDWAALS    =     40379.8528
 EELEC  =   -364759.3931  EHBOND  =         0.0000  RESTRAINT  =         0.0000
 ------------------------------------------------------------------------------

wrapping first mol.:      -38.30066      -54.16531       93.81709

 NSTEP =  1960000   TIME(PS) =  143960.000  TEMP(K) =   310.49  PRESS =     0.0
 Etot   =   -239032.3322  EKtot   =     63226.0039  EPtot      =   -302258.3361
 BOND   =      2075.9934  ANGLE   =      2410.6815  DIHED      =      1408.0948
 UB     =         0.0000  IMP     =         0.0000  CMAP       =       245.9422
 1-4 NB =      1168.1069  1-4 EEL =     15425.4411  VDWAALS    =     41296.4177
 EELEC  =   -366289.0138  EHBOND  =         0.0000  RESTRAINT  =         0.0000
 ------------------------------------------------------------------------------

wrapping first mol.:      -38.30066      -54.16531       93.81709

 NSTEP =  1980000   TIME(PS) =  144000.000  TEMP(K) =   309.66  PRESS =     0.0
 Etot   =   -238678.7918  EKtot   =     63058.3203  EPtot      =   -301737.1121
 BOND   =      2068.0464  ANGLE   =      2387.4913  DIHED      =      1399.0520
 UB     =         0.0000  IMP     =         0.0000  CMAP       =       260.3301
 1-4 NB =      1141.8972  1-4 EEL =     15410.4488  VDWAALS    =     40670.2780
 EELEC  =   -365074.6559  EHBOND  =         0.0000  RESTRAINT  =         0.0000
 ------------------------------------------------------------------------------

wrapping first mol.:      -38.30066      -54.16531       93.81709

 NSTEP =  2000000   TIME(PS) =  144040.000  TEMP(K) =   310.16  PRESS =     0.0
 Etot   =   -238393.9713  EKtot   =     63160.4453  EPtot      =   -301554.4167
 BOND   =      2069.9591  ANGLE   =      2389.6171  DIHED      =      1418.8427
 UB     =         0.0000  IMP     =         0.0000  CMAP       =       261.1912
 1-4 NB =      1191.1563  1-4 EEL =     15439.4457  VDWAALS    =     40577.5715
 EELEC  =   -364902.2003  EHBOND  =         0.0000  RESTRAINT  =         0.0000
 ------------------------------------------------------------------------------

wrapping first mol.:      -38.30066      -54.16531       93.81709

 NSTEP =  2020000   TIME(PS) =  144080.000  TEMP(K) =   309.06  PRESS =     0.0
 Etot   =   -238837.9449  EKtot   =     62936.0000  EPtot      =   -301773.9449
 BOND   =      2110.7457  ANGLE   =      2374.2570  DIHED      =      1416.4364
 UB     =         0.0000  IMP     =         0.0000  CMAP       =       244.2302
 1-4 NB =      1186.3529  1-4 EEL =     15487.3409  VDWAALS    =     40982.1163
 EELEC  =   -365575.4243  EHBOND  =         0.0000  RESTRAINT  =         0.0000
 ------------------------------------------------------------------------------

wrapping first mol.:      -38.30066      -54.16531       93.81709

 NSTEP =  2040000   TIME(PS) =  144120.000  TEMP(K) =   310.05  PRESS =     0.0
 Etot   =   -238687.8392  EKtot   =     63137.5117  EPtot      =   -301825.3509
 BOND   =      2076.2825  ANGLE   =      2435.8769  DIHED      =      1412.9906
 UB     =         0.0000  IMP     =         0.0000  CMAP       =       264.2633
 1-4 NB =      1182.3483  1-4 EEL =     15435.6605  VDWAALS    =     40995.2423
 EELEC  =   -365628.0153  EHBOND  =         0.0000  RESTRAINT  =         0.0000
 ------------------------------------------------------------------------------

wrapping first mol.:      -38.30066      -54.16531       93.81709

 NSTEP =  2060000   TIME(PS) =  144160.000  TEMP(K) =   307.76  PRESS =     0.0
 Etot   =   -239011.5153  EKtot   =     62670.5859  EPtot      =   -301682.1012
 BOND   =      2013.6529  ANGLE   =      2395.1224  DIHED      =      1392.9329
 UB     =         0.0000  IMP     =         0.0000  CMAP       =       271.2075
 1-4 NB =      1163.4096  1-4 EEL =     15393.3041  VDWAALS    =     40687.9615
 EELEC  =   -364999.6921  EHBOND  =         0.0000  RESTRAINT  =         0.0000
 ------------------------------------------------------------------------------

wrapping first mol.:      -38.30066      -54.16531       93.81709

 NSTEP =  2080000   TIME(PS) =  144200.000  TEMP(K) =   309.67  PRESS =     0.0
 Etot   =   -239029.1557  EKtot   =     63059.5859  EPtot      =   -302088.7416
 BOND   =      2078.7127  ANGLE   =      2423.3648  DIHED      =      1401.9548
 UB     =         0.0000  IMP     =         0.0000  CMAP       =       266.7031
 1-4 NB =      1179.4050  1-4 EEL =     15396.5269  VDWAALS    =     40805.6901
 EELEC  =   -365641.0991  EHBOND  =         0.0000  RESTRAINT  =         0.0000
 ------------------------------------------------------------------------------

wrapping first mol.:      -38.30066      -54.16531       93.81709

 NSTEP =  2100000   TIME(PS) =  144240.000  TEMP(K) =   309.79  PRESS =     0.0
 Etot   =   -238506.6985  EKtot   =     63084.0234  EPtot      =   -301590.7219
 BOND   =      2006.8935  ANGLE   =      2480.2684  DIHED      =      1436.1673
 UB     =         0.0000  IMP     =         0.0000  CMAP       =       243.3300
 1-4 NB =      1196.2132  1-4 EEL =     15481.4828  VDWAALS    =     40560.6912
 EELEC  =   -364995.7683  EHBOND  =         0.0000  RESTRAINT  =         0.0000
 ------------------------------------------------------------------------------

wrapping first mol.:      -38.30066      -54.16531       93.81709

 NSTEP =  2120000   TIME(PS) =  144280.000  TEMP(K) =   310.44  PRESS =     0.0
 Etot   =   -238661.0034  EKtot   =     63216.7344  EPtot      =   -301877.7377
 BOND   =      2083.3881  ANGLE   =      2404.7909  DIHED      =      1395.8811
 UB     =         0.0000  IMP     =         0.0000  CMAP       =       255.0270
 1-4 NB =      1166.4657  1-4 EEL =     15485.7870  VDWAALS    =     40658.7805
 EELEC  =   -365327.8580  EHBOND  =         0.0000  RESTRAINT  =         0.0000
 ------------------------------------------------------------------------------

wrapping first mol.:      -38.30066      -54.16531       93.81709

 NSTEP =  2140000   TIME(PS) =  144320.000  TEMP(K) =   309.93  PRESS =     0.0
 Etot   =   -238344.4874  EKtot   =     63113.2734  EPtot      =   -301457.7608
 BOND   =      2086.6207  ANGLE   =      2457.6248  DIHED      =      1426.9024
 UB     =         0.0000  IMP     =         0.0000  CMAP       =       255.3275
 1-4 NB =      1165.1463  1-4 EEL =     15318.9538  VDWAALS    =     40451.7971
 EELEC  =   -364620.1334  EHBOND  =         0.0000  RESTRAINT  =         0.0000
 ------------------------------------------------------------------------------

wrapping first mol.:      -38.30066      -54.16531       93.81709

 NSTEP =  2160000   TIME(PS) =  144360.000  TEMP(K) =   309.78  PRESS =     0.0
 Etot   =   -238307.7854  EKtot   =     63081.7188  EPtot      =   -301389.5042
 BOND   =      2020.7685  ANGLE   =      2476.5342  DIHED      =      1408.4917
 UB     =         0.0000  IMP     =         0.0000  CMAP       =       256.2231
 1-4 NB =      1184.6683  1-4 EEL =     15384.3968  VDWAALS    =     40825.5558
 EELEC  =   -364946.1426  EHBOND  =         0.0000  RESTRAINT  =         0.0000
 ------------------------------------------------------------------------------

wrapping first mol.:      -38.30066      -54.16531       93.81709

 NSTEP =  2180000   TIME(PS) =  144400.000  TEMP(K) =   309.80  PRESS =     0.0
 Etot   =   -238722.3208  EKtot   =     63086.7617  EPtot      =   -301809.0825
 BOND   =      2113.4014  ANGLE   =      2408.3473  DIHED      =      1390.0402
 UB     =         0.0000  IMP     =         0.0000  CMAP       =       279.2819
 1-4 NB =      1163.6140  1-4 EEL =     15417.3212  VDWAALS    =     40518.1138
 EELEC  =   -365099.2022  EHBOND  =         0.0000  RESTRAINT  =         0.0000
 ------------------------------------------------------------------------------

wrapping first mol.:      -38.30066      -54.16531       93.81709

 NSTEP =  2200000   TIME(PS) =  144440.000  TEMP(K) =   310.43  PRESS =     0.0
 Etot   =   -238113.4514  EKtot   =     63214.8633  EPtot      =   -301328.3147
 BOND   =      2186.1433  ANGLE   =      2385.0245  DIHED      =      1396.4962
 UB     =         0.0000  IMP     =         0.0000  CMAP       =       260.9204
 1-4 NB =      1197.1600  1-4 EEL =     15386.4904  VDWAALS    =     40711.0942
 EELEC  =   -364851.6437  EHBOND  =         0.0000  RESTRAINT  =         0.0000
 ------------------------------------------------------------------------------

wrapping first mol.:      -38.30066      -54.16531       93.81709

 NSTEP =  2220000   TIME(PS) =  144480.000  TEMP(K) =   309.66  PRESS =     0.0
 Etot   =   -238073.6927  EKtot   =     63058.3555  EPtot      =   -301132.0482
 BOND   =      2100.1591  ANGLE   =      2392.8065  DIHED      =      1434.4570
 UB     =         0.0000  IMP     =         0.0000  CMAP       =       256.1159
 1-4 NB =      1185.4330  1-4 EEL =     15342.6630  VDWAALS    =     39815.2691
 EELEC  =   -363658.9517  EHBOND  =         0.0000  RESTRAINT  =         0.0000
 ------------------------------------------------------------------------------

wrapping first mol.:      -38.30066      -54.16531       93.81709

 NSTEP =  2240000   TIME(PS) =  144520.000  TEMP(K) =   309.89  PRESS =     0.0
 Etot   =   -238938.3434  EKtot   =     63104.1289  EPtot      =   -302042.4723
 BOND   =      2100.9230  ANGLE   =      2376.0828  DIHED      =      1374.3006
 UB     =         0.0000  IMP     =         0.0000  CMAP       =       255.5619
 1-4 NB =      1158.3253  1-4 EEL =     15339.2876  VDWAALS    =     40799.6450
 EELEC  =   -365446.5986  EHBOND  =         0.0000  RESTRAINT  =         0.0000
 ------------------------------------------------------------------------------

wrapping first mol.:      -38.30066      -54.16531       93.81709

 NSTEP =  2260000   TIME(PS) =  144560.000  TEMP(K) =   309.90  PRESS =     0.0
 Etot   =   -239401.4334  EKtot   =     63107.3750  EPtot      =   -302508.8084
 BOND   =      2109.5505  ANGLE   =      2422.7417  DIHED      =      1403.2055
 UB     =         0.0000  IMP     =         0.0000  CMAP       =       252.7358
 1-4 NB =      1194.0182  1-4 EEL =     15429.0530  VDWAALS    =     41015.5974
 EELEC  =   -366335.7106  EHBOND  =         0.0000  RESTRAINT  =         0.0000
 ------------------------------------------------------------------------------

wrapping first mol.:      -38.30066      -54.16531       93.81709

 NSTEP =  2280000   TIME(PS) =  144600.000  TEMP(K) =   310.59  PRESS =     0.0
 Etot   =   -238845.6255  EKtot   =     63247.9297  EPtot      =   -302093.5552
 BOND   =      2121.0775  ANGLE   =      2503.0664  DIHED      =      1377.2074
 UB     =         0.0000  IMP     =         0.0000  CMAP       =       230.1117
 1-4 NB =      1152.1458  1-4 EEL =     15365.2856  VDWAALS    =     40599.4478
 EELEC  =   -365441.8975  EHBOND  =         0.0000  RESTRAINT  =         0.0000
 ------------------------------------------------------------------------------

wrapping first mol.:      -38.30066      -54.16531       93.81709

 NSTEP =  2300000   TIME(PS) =  144640.000  TEMP(K) =   310.10  PRESS =     0.0
 Etot   =   -238964.3951  EKtot   =     63148.3047  EPtot      =   -302112.6997
 BOND   =      2093.0995  ANGLE   =      2373.2525  DIHED      =      1399.1712
 UB     =         0.0000  IMP     =         0.0000  CMAP       =       233.6874
 1-4 NB =      1173.8460  1-4 EEL =     15359.9973  VDWAALS    =     41257.6937
 EELEC  =   -366003.4472  EHBOND  =         0.0000  RESTRAINT  =         0.0000
 ------------------------------------------------------------------------------

wrapping first mol.:      -38.30066      -54.16531       93.81709

 NSTEP =  2320000   TIME(PS) =  144680.000  TEMP(K) =   308.98  PRESS =     0.0
 Etot   =   -238995.5535  EKtot   =     62919.4961  EPtot      =   -301915.0496
 BOND   =      2075.2122  ANGLE   =      2481.5500  DIHED      =      1395.1227
 UB     =         0.0000  IMP     =         0.0000  CMAP       =       252.5613
 1-4 NB =      1143.1425  1-4 EEL =     15331.6674  VDWAALS    =     40690.7652
 EELEC  =   -365285.0709  EHBOND  =         0.0000  RESTRAINT  =         0.0000
 ------------------------------------------------------------------------------

wrapping first mol.:      -38.30066      -54.16531       93.81709

 NSTEP =  2340000   TIME(PS) =  144720.000  TEMP(K) =   309.90  PRESS =     0.0
 Etot   =   -238606.8767  EKtot   =     63106.1445  EPtot      =   -301713.0213
 BOND   =      2084.3915  ANGLE   =      2353.6643  DIHED      =      1374.0512
 UB     =         0.0000  IMP     =         0.0000  CMAP       =       236.4975
 1-4 NB =      1179.1022  1-4 EEL =     15417.6166  VDWAALS    =     41213.1679
 EELEC  =   -365571.5126  EHBOND  =         0.0000  RESTRAINT  =         0.0000
 ------------------------------------------------------------------------------

wrapping first mol.:      -38.30066      -54.16531       93.81709

 NSTEP =  2360000   TIME(PS) =  144760.000  TEMP(K) =   312.10  PRESS =     0.0
 Etot   =   -238553.8800  EKtot   =     63553.8672  EPtot      =   -302107.7472
 BOND   =      2030.1275  ANGLE   =      2404.3526  DIHED      =      1372.1283
 UB     =         0.0000  IMP     =         0.0000  CMAP       =       251.8308
 1-4 NB =      1150.6519  1-4 EEL =     15361.1059  VDWAALS    =     41099.4360
 EELEC  =   -365777.3803  EHBOND  =         0.0000  RESTRAINT  =         0.0000
 ------------------------------------------------------------------------------

wrapping first mol.:      -38.30066      -54.16531       93.81709

 NSTEP =  2380000   TIME(PS) =  144800.000  TEMP(K) =   309.83  PRESS =     0.0
 Etot   =   -238681.1490  EKtot   =     63093.3125  EPtot      =   -301774.4615
 BOND   =      2055.3775  ANGLE   =      2453.6566  DIHED      =      1424.4201
 UB     =         0.0000  IMP     =         0.0000  CMAP       =       237.4186
 1-4 NB =      1192.6806  1-4 EEL =     15382.1189  VDWAALS    =     40299.1444
 EELEC  =   -364819.2783  EHBOND  =         0.0000  RESTRAINT  =         0.0000
 ------------------------------------------------------------------------------

wrapping first mol.:      -38.30066      -54.16531       93.81709

 NSTEP =  2400000   TIME(PS) =  144840.000  TEMP(K) =   310.33  PRESS =     0.0
 Etot   =   -238686.1684  EKtot   =     63194.7305  EPtot      =   -301880.8989
 BOND   =      2044.8507  ANGLE   =      2401.0405  DIHED      =      1441.2313
 UB     =         0.0000  IMP     =         0.0000  CMAP       =       243.3761
 1-4 NB =      1145.4491  1-4 EEL =     15337.5537  VDWAALS    =     41115.5485
 EELEC  =   -365609.9489  EHBOND  =         0.0000  RESTRAINT  =         0.0000
 ------------------------------------------------------------------------------

wrapping first mol.:      -38.30066      -54.16531       93.81709

 NSTEP =  2420000   TIME(PS) =  144880.000  TEMP(K) =   310.62  PRESS =     0.0
 Etot   =   -238352.1489  EKtot   =     63252.3984  EPtot      =   -301604.5473
 BOND   =      2046.7081  ANGLE   =      2461.6053  DIHED      =      1445.6449
 UB     =         0.0000  IMP     =         0.0000  CMAP       =       230.1837
 1-4 NB =      1170.8172  1-4 EEL =     15353.6296  VDWAALS    =     40725.0468
 EELEC  =   -365038.1830  EHBOND  =         0.0000  RESTRAINT  =         0.0000
 ------------------------------------------------------------------------------

wrapping first mol.:      -38.30066      -54.16531       93.81709

 NSTEP =  2440000   TIME(PS) =  144920.000  TEMP(K) =   310.94  PRESS =     0.0
 Etot   =   -237807.4299  EKtot   =     63318.7383  EPtot      =   -301126.1682
 BOND   =      2044.5580  ANGLE   =      2453.0861  DIHED      =      1433.6686
 UB     =         0.0000  IMP     =         0.0000  CMAP       =       242.4995
 1-4 NB =      1183.9009  1-4 EEL =     15393.8688  VDWAALS    =     40925.0599
 EELEC  =   -364802.8100  EHBOND  =         0.0000  RESTRAINT  =         0.0000
 ------------------------------------------------------------------------------

wrapping first mol.:      -38.30066      -54.16531       93.81709

 NSTEP =  2460000   TIME(PS) =  144960.000  TEMP(K) =   309.48  PRESS =     0.0
 Etot   =   -238973.4571  EKtot   =     63020.8320  EPtot      =   -301994.2892
 BOND   =      2182.7940  ANGLE   =      2365.8737  DIHED      =      1392.2054
 UB     =         0.0000  IMP     =         0.0000  CMAP       =       243.0771
 1-4 NB =      1151.2469  1-4 EEL =     15279.6860  VDWAALS    =     40963.7611
 EELEC  =   -365572.9334  EHBOND  =         0.0000  RESTRAINT  =         0.0000
 ------------------------------------------------------------------------------

wrapping first mol.:      -38.30066      -54.16531       93.81709

 NSTEP =  2480000   TIME(PS) =  145000.000  TEMP(K) =   309.57  PRESS =     0.0
 Etot   =   -238426.9110  EKtot   =     63039.9141  EPtot      =   -301466.8251
 BOND   =      2108.0884  ANGLE   =      2461.4190  DIHED      =      1411.7706
 UB     =         0.0000  IMP     =         0.0000  CMAP       =       229.4788
 1-4 NB =      1151.9983  1-4 EEL =     15396.6530  VDWAALS    =     40471.6582
 EELEC  =   -364697.8914  EHBOND  =         0.0000  RESTRAINT  =         0.0000
 ------------------------------------------------------------------------------

wrapping first mol.:      -38.30066      -54.16531       93.81709
wrapping first mol.:      -38.30066      -54.16531       93.81709

 NSTEP =  2500000   TIME(PS) =  145040.000  TEMP(K) =   310.18  PRESS =     0.0
 Etot   =   -238265.8222  EKtot   =     63163.3555  EPtot      =   -301429.1777
 BOND   =      2082.1131  ANGLE   =      2467.5544  DIHED      =      1418.0413
 UB     =         0.0000  IMP     =         0.0000  CMAP       =       239.4847
 1-4 NB =      1129.3918  1-4 EEL =     15355.0136  VDWAALS    =     40491.8194
 EELEC  =   -364612.5959  EHBOND  =         0.0000  RESTRAINT  =         0.0000
 ------------------------------------------------------------------------------


      A V E R A G E S   O V E R     125 S T E P S


 NSTEP =  2500000   TIME(PS) =  145040.000  TEMP(K) =   310.15  PRESS =     0.0
 Etot   =   -238697.8970  EKtot   =     63157.9928  EPtot      =   -301855.8897
 BOND   =      2083.6526  ANGLE   =      2426.5538  DIHED      =      1412.7316
 UB     =         0.0000  IMP     =         0.0000  CMAP       =       252.2232
 1-4 NB =      1172.5805  1-4 EEL =     15376.0672  VDWAALS    =     40776.6626
 EELEC  =   -365356.3613  EHBOND  =         0.0000  RESTRAINT  =         0.0000
 ------------------------------------------------------------------------------


      R M S  F L U C T U A T I O N S


 NSTEP =  2500000   TIME(PS) =  145040.000  TEMP(K) =     0.93  PRESS =     0.0
 Etot   =       336.3190  EKtot   =       190.2360  EPtot      =       286.1783
 BOND   =        36.3632  ANGLE   =        42.7626  DIHED      =        19.2959
 UB     =         0.0000  IMP     =         0.0000  CMAP       =        11.9469
 1-4 NB =        14.6718  1-4 EEL =        49.6364  VDWAALS    =       320.4054
 EELEC  =       504.3518  EHBOND  =         0.0000  RESTRAINT  =         0.0000
 ------------------------------------------------------------------------------

--------------------------------------------------------------------------------
   5.  TIMINGS
--------------------------------------------------------------------------------

|  NonSetup CPU Time in Major Routines:
|
|     Routine           Sec        %
|     ------------------------------
|     Nonbond         148.09   11.04
|     Bond              0.00    0.00
|     Angle             0.00    0.00
|     Dihedral          0.00    0.00
|     Shake             9.60    0.72
|     RunMD          1181.14   88.08
|     Other             2.20    0.16
|     ------------------------------
|     Total          1341.03

|  PME Nonbond Pairlist CPU Time:
|
|     Routine              Sec        %
|     ---------------------------------
|     Set Up Cit           0.00    0.00
|     Build List           0.00    0.00
|     ---------------------------------
|     Total                0.00    0.00

|  PME Direct Force CPU Time:
|
|     Routine              Sec        %
|     ---------------------------------
|     NonBonded Calc       0.00    0.00
|     Exclude Masked       0.00    0.00
|     Other                1.39    0.10
|     ---------------------------------
|     Total                1.39    0.10

|  PME Reciprocal Force CPU Time:
|
|     Routine              Sec        %
|     ---------------------------------
|     1D bspline           0.00    0.00
|     Grid Charges         0.00    0.00
|     Scalar Sum           0.00    0.00
|     Gradient Sum         0.00    0.00
|     FFT                  0.00    0.00
|     ---------------------------------
|     Total                0.00    0.00

|  Final Performance Info:
|     -----------------------------------------------------
|     Average timings for last   80000 steps:
|     Elapsed(s) =      43.03 Per Step(ms) =       0.54
|         ns/day =     321.27   seconds/ns =     268.94
|
|     Average timings for all steps:
|     Elapsed(s) =    1343.32 Per Step(ms) =       0.54
|         ns/day =     321.59   seconds/ns =     268.66
|     -----------------------------------------------------

|  Setup CPU time:            1.12 seconds
|  NonSetup CPU time:      1341.03 seconds
|  Total CPU time:         1342.15 seconds     0.37 hours

|  Setup wall time:           2    seconds
|  NonSetup wall time:     1343    seconds
|  Total wall time:        1345    seconds     0.37 hours
