
          -------------------------------------------------------
          Amber 24 PMEMD                              2024
          -------------------------------------------------------

| PMEMD implementation of SANDER, Release 24

|  Compiled date/time: Thu Apr  3 17:55:38 2025
| Run on 10/30/2025 at 14:42:02

|   Executable path: pmemd.cuda_SPFP
| Working directory: /rs1/researchers/h/hall/vtnguye4/Amber_restart/cappedP1amber/P1_Simulation
|          Hostname: gpu19

  [-O]verwriting output

File Assignments:
|   MDIN: /rs1/researchers/h/hall/vtnguye4/Amber_restart/cappedP1amber/equil.in 
|  MDOUT: ./OUT_Files/equil22.out                                               
| INPCRD: ./RST_Files/equil21.rst7                                              
|   PARM: ./PRMTOP_Files/P1.prmtop                                              
| RESTRT: ./RST_Files/equil22.rst7                                              
|   REFC: refc                                                                  
|  MDVEL: mdvel                                                                 
|   MDEN: mden                                                                  
|  MDCRD: ./nc_Files/equil22.nc                                                 
| MDINFO: mdinfo                                                                
|  MDFRC: mdfrc                                                                 


 Here is the input file:

!Stage equilibration 5ns                                                       
&cntrl                                                                         
imin=0, irest=1, ntx=5,                                                        
nstlim=2500000, dt=0.002,                                                      
ntc=2, ntf=2, ig=-1,                                                           
ntt=3, gamma_ln=2.0,                                                           
tempi=310.0, temp0=310.0,                                                      
ntxo=2, ioutfm=1,                                                              
ntpr=20000, ntwx=20000,                                                        
ntb=1,                                                                         
cut=9.0,                                                                       
iwrap=1,                                                                       
/                                                                              


Note: ig = -1. Setting random seed to   450466 based on wallclock time in 
      microseconds.
| irandom = 1, using AMBER's internal random number generator (default).
 
|--------------------- INFORMATION ----------------------
| GPU (CUDA) Version of PMEMD in use: NVIDIA GPU IN USE.
|                    Version 18.0.0
| 
|                      03/25/2018
| 
| Implementation by:
|                    Ross C. Walker     (SDSC)
|                    Scott Le Grand     (nVIDIA)
| 
| Version 18 performance extensions by:
|                    David Cerutti     (Rutgers)
| 
| Precision model in use:
|      [SPFP] - Single Precision Forces, 64-bit Fixed Point
|               Accumulation. (Default)
| 
|--------------------------------------------------------
 
|----------------- CITATION INFORMATION -----------------
|
|    When publishing work that utilized the CUDA version
|    of AMBER, please cite the following in addition to
|    the regular AMBER citations:
|
|  - Romelia Salomon-Ferrer; Andreas W. Goetz; Duncan
|    Poole; Scott Le Grand; Ross C. Walker "Routine
|    microsecond molecular dynamics simulations with
|    AMBER - Part II: Particle Mesh Ewald", J. Chem.
|    Theory Comput., 2013, 9 (9), pp3878-3888,
|    DOI: 10.1021/ct400314y.
|
|  - Andreas W. Goetz; Mark J. Williamson; Dong Xu;
|    Duncan Poole; Scott Le Grand; Ross C. Walker
|    "Routine microsecond molecular dynamics simulations
|    with AMBER - Part I: Generalized Born", J. Chem.
|    Theory Comput., 2012, 8 (5), pp1542-1555.
|
|  - Scott Le Grand; Andreas W. Goetz; Ross C. Walker
|    "SPFP: Speed without compromise - a mixed precision
|    model for GPU accelerated molecular dynamics
|    simulations.", Comp. Phys. Comm., 2013, 184
|    pp374-380, DOI: 10.1016/j.cpc.2012.09.022
|
|--------------------------------------------------------
 
|------------------- GPU DEVICE INFO --------------------
|
|            CUDA_VISIBLE_DEVICES: 0
|   CUDA Capable Devices Detected:      1
|           CUDA Device ID in use:      0
|                CUDA Device Name: NVIDIA L40S
|     CUDA Device Global Mem Size:  45487 MB
| CUDA Device Num Multiprocessors:    142
|           CUDA Device Core Freq:   2.52 GHz
|
|--------------------------------------------------------
 
 
| Conditional Compilation Defines Used:
| PUBFFT
| BINTRAJ
| CUDA
| EMIL

| Largest sphere to fit in unit cell has radius =    46.909

| New format PARM file being parsed.
| Version =    1.000 Date = 10/28/25 Time = 16:56:02

| Note: 1-4 EEL scale factors are being read from the topology file.

| Note: 1-4 VDW scale factors are being read from the topology file.
| Duplicated    0 dihedrals

| Duplicated    0 dihedrals

--------------------------------------------------------------------------------
   1.  RESOURCE   USE: 
--------------------------------------------------------------------------------

 getting box info from netcdf restart file
 NATOM  =  101202 NTYPES =      11 NBONH =   98658 MBONA  =    2544
 NTHETH =    5904 MTHETA =    3408 NPHIH =   11760 MPHIA  =   10368
 NHPARM =       0 NPARM  =       0 NNB   =  155656 NRES   =   32422
 NBONA  =    2544 NTHETA =    3408 NPHIA =   10368 NUMBND =      27
 NUMANG =      54 NPTRA  =      59 NATYP =      16 NPHB   =       0
 IFBOX  =       2 NMXRS  =      21 IFCAP =       0 NEXTRA =       0
 NCOPY  =       0

| Coordinate Index Table dimensions:    20   20   20
| Direct force subcell size =     5.7451    5.7451    5.7451

     BOX TYPE: TRUNCATED OCTAHEDRON

--------------------------------------------------------------------------------
   2.  CONTROL  DATA  FOR  THE  RUN
--------------------------------------------------------------------------------

default_name                                                                    

General flags:
     imin    =       0, nmropt  =       0

Nature and format of input:
     ntx     =       5, irest   =       1, ntrx    =       1

Nature and format of output:
     ntxo    =       2, ntpr    =   20000, ntrx    =       1, ntwr    = 2500000
     iwrap   =       1, ntwx    =   20000, ntwv    =       0, ntwe    =       0
     ioutfm  =       1, ntwprt  =       0, idecomp =       0, rbornstat=      0

Potential function:
     ntf     =       2, ntb     =       1, igb     =       0, nsnb    =      25
     ipol    =       0, gbsa    =       0, iesp    =       0
     dielc   =   1.00000, cut     =   9.00000, intdiel =   1.00000

Frozen or restrained atoms:
     ibelly  =       0, ntr     =       0

Molecular dynamics:
     nstlim  =   2500000, nscm    =      1000, nrespa  =         1
     t       =   0.00000, dt      =   0.00200, vlimit  =  -1.00000

Langevin dynamics temperature regulation:
     ig      =  450466
     temp0   = 310.00000, tempi   = 310.00000, gamma_ln=   2.00000

SHAKE:
     ntc     =       2, jfastw  =       0
     tol     =   0.00001

| Intermolecular bonds treatment:
|     no_intermolecular_bonds =       1

| Energy averages sample interval:
|     ene_avg_sampling =   20000

Ewald parameters:
     verbose =       0, ew_type =       0, nbflag  =       1, use_pme =       1
     vdwmeth =       1, eedmeth =       1, netfrc  =       1
     Box X =  114.902   Box Y =  114.902   Box Z =  114.902
     Alpha =  109.471   Beta  =  109.471   Gamma =  109.471
     NFFT1 =  120       NFFT2 =  120       NFFT3 =  120
     Cutoff=    9.000   Tol   =0.100E-04
     Ewald Coefficient =  0.30768
     Interpolation order =    4

--------------------------------------------------------------------------------
   3.  ATOMIC COORDINATES AND VELOCITIES
--------------------------------------------------------------------------------

default_name                                                                    
 begin time read from input coords =105040.000 ps

 
 Number of triangulated 3-point waters found:    31990

     Sum of charges from parm topology file =  -0.00000047
     Forcing neutrality...

| Dynamic Memory, Types Used:
| Reals             3080462
| Integers          3650456

| Nonbonded Pairs Initial Allocation:    23074056

| GPU memory information (estimate):
| KB of GPU memory in use:    789634
| KB of CPU memory in use:    210424

--------------------------------------------------------------------------------
   4.  RESULTS
--------------------------------------------------------------------------------

wrapping first mol.:      -76.60132       54.16532       93.81709

 NSTEP =    20000   TIME(PS) =  105080.000  TEMP(K) =   310.07  PRESS =     0.0
 Etot   =   -238463.4322  EKtot   =     63141.4570  EPtot      =   -301604.8892
 BOND   =      2109.2060  ANGLE   =      2401.6721  DIHED      =      1411.5404
 UB     =         0.0000  IMP     =         0.0000  CMAP       =       255.9229
 1-4 NB =      1185.7961  1-4 EEL =     15369.5845  VDWAALS    =     41083.0768
 EELEC  =   -365421.6882  EHBOND  =         0.0000  RESTRAINT  =         0.0000
 ------------------------------------------------------------------------------

wrapping first mol.:      -76.60132       54.16532       93.81709

 NSTEP =    40000   TIME(PS) =  105120.000  TEMP(K) =   309.00  PRESS =     0.0
 Etot   =   -238889.1623  EKtot   =     62922.9688  EPtot      =   -301812.1310
 BOND   =      2068.3731  ANGLE   =      2386.8666  DIHED      =      1389.3466
 UB     =         0.0000  IMP     =         0.0000  CMAP       =       243.0845
 1-4 NB =      1189.0007  1-4 EEL =     15412.8404  VDWAALS    =     40817.7902
 EELEC  =   -365319.4330  EHBOND  =         0.0000  RESTRAINT  =         0.0000
 ------------------------------------------------------------------------------

wrapping first mol.:      -76.60132       54.16532       93.81709

 NSTEP =    60000   TIME(PS) =  105160.000  TEMP(K) =   309.81  PRESS =     0.0
 Etot   =   -238250.2071  EKtot   =     63087.6484  EPtot      =   -301337.8555
 BOND   =      2062.7485  ANGLE   =      2374.7161  DIHED      =      1376.2460
 UB     =         0.0000  IMP     =         0.0000  CMAP       =       267.8466
 1-4 NB =      1169.9365  1-4 EEL =     15363.4452  VDWAALS    =     40542.7900
 EELEC  =   -364495.5844  EHBOND  =         0.0000  RESTRAINT  =         0.0000
 ------------------------------------------------------------------------------

wrapping first mol.:      -76.60132       54.16532       93.81709

 NSTEP =    80000   TIME(PS) =  105200.000  TEMP(K) =   311.34  PRESS =     0.0
 Etot   =   -238651.7615  EKtot   =     63400.0625  EPtot      =   -302051.8240
 BOND   =      2125.1548  ANGLE   =      2458.9547  DIHED      =      1409.0327
 UB     =         0.0000  IMP     =         0.0000  CMAP       =       242.4350
 1-4 NB =      1163.7736  1-4 EEL =     15389.7065  VDWAALS    =     40621.2213
 EELEC  =   -365462.1026  EHBOND  =         0.0000  RESTRAINT  =         0.0000
 ------------------------------------------------------------------------------

wrapping first mol.:      -76.60132       54.16532       93.81709

 NSTEP =   100000   TIME(PS) =  105240.000  TEMP(K) =   308.70  PRESS =     0.0
 Etot   =   -239055.2196  EKtot   =     62862.2031  EPtot      =   -301917.4227
 BOND   =      2128.5369  ANGLE   =      2405.5660  DIHED      =      1379.0285
 UB     =         0.0000  IMP     =         0.0000  CMAP       =       269.2731
 1-4 NB =      1175.4831  1-4 EEL =     15450.9355  VDWAALS    =     40617.1356
 EELEC  =   -365343.3814  EHBOND  =         0.0000  RESTRAINT  =         0.0000
 ------------------------------------------------------------------------------

wrapping first mol.:      -76.60132       54.16532       93.81709

 NSTEP =   120000   TIME(PS) =  105280.000  TEMP(K) =   309.36  PRESS =     0.0
 Etot   =   -238977.8844  EKtot   =     62996.7266  EPtot      =   -301974.6110
 BOND   =      2105.5135  ANGLE   =      2373.9929  DIHED      =      1454.9926
 UB     =         0.0000  IMP     =         0.0000  CMAP       =       251.8710
 1-4 NB =      1179.7611  1-4 EEL =     15437.3434  VDWAALS    =     41232.0322
 EELEC  =   -366010.1175  EHBOND  =         0.0000  RESTRAINT  =         0.0000
 ------------------------------------------------------------------------------

wrapping first mol.:      -76.60132       54.16532       93.81709

 NSTEP =   140000   TIME(PS) =  105320.000  TEMP(K) =   310.20  PRESS =     0.0
 Etot   =   -238983.4027  EKtot   =     63168.0938  EPtot      =   -302151.4965
 BOND   =      2116.2365  ANGLE   =      2411.4252  DIHED      =      1445.8342
 UB     =         0.0000  IMP     =         0.0000  CMAP       =       240.4268
 1-4 NB =      1172.0575  1-4 EEL =     15393.9161  VDWAALS    =     40657.2410
 EELEC  =   -365588.6338  EHBOND  =         0.0000  RESTRAINT  =         0.0000
 ------------------------------------------------------------------------------

wrapping first mol.:      -76.60132       54.16532       93.81709

 NSTEP =   160000   TIME(PS) =  105360.000  TEMP(K) =   310.96  PRESS =     0.0
 Etot   =   -238308.0670  EKtot   =     63322.9414  EPtot      =   -301631.0084
 BOND   =      2070.8861  ANGLE   =      2458.7473  DIHED      =      1389.0569
 UB     =         0.0000  IMP     =         0.0000  CMAP       =       266.2322
 1-4 NB =      1176.0770  1-4 EEL =     15368.7555  VDWAALS    =     41067.2722
 EELEC  =   -365428.0356  EHBOND  =         0.0000  RESTRAINT  =         0.0000
 ------------------------------------------------------------------------------

wrapping first mol.:      -76.60132       54.16532       93.81709

 NSTEP =   180000   TIME(PS) =  105400.000  TEMP(K) =   310.16  PRESS =     0.0
 Etot   =   -238604.7024  EKtot   =     63159.9336  EPtot      =   -301764.6360
 BOND   =      2092.3877  ANGLE   =      2427.1024  DIHED      =      1450.1641
 UB     =         0.0000  IMP     =         0.0000  CMAP       =       247.3353
 1-4 NB =      1175.2531  1-4 EEL =     15406.7255  VDWAALS    =     40598.3321
 EELEC  =   -365161.9361  EHBOND  =         0.0000  RESTRAINT  =         0.0000
 ------------------------------------------------------------------------------

wrapping first mol.:      -76.60132       54.16532       93.81709

 NSTEP =   200000   TIME(PS) =  105440.000  TEMP(K) =   310.70  PRESS =     0.0
 Etot   =   -238366.4490  EKtot   =     63270.2109  EPtot      =   -301636.6600
 BOND   =      2120.6262  ANGLE   =      2376.3366  DIHED      =      1407.9856
 UB     =         0.0000  IMP     =         0.0000  CMAP       =       259.6249
 1-4 NB =      1189.2977  1-4 EEL =     15361.7289  VDWAALS    =     40606.9729
 EELEC  =   -364959.2328  EHBOND  =         0.0000  RESTRAINT  =         0.0000
 ------------------------------------------------------------------------------

wrapping first mol.:      -76.60132       54.16532       93.81709

 NSTEP =   220000   TIME(PS) =  105480.000  TEMP(K) =   311.15  PRESS =     0.0
 Etot   =   -238376.4345  EKtot   =     63361.3398  EPtot      =   -301737.7743
 BOND   =      2091.5869  ANGLE   =      2446.4359  DIHED      =      1423.7173
 UB     =         0.0000  IMP     =         0.0000  CMAP       =       221.9750
 1-4 NB =      1198.4471  1-4 EEL =     15373.6785  VDWAALS    =     40593.4331
 EELEC  =   -365087.0481  EHBOND  =         0.0000  RESTRAINT  =         0.0000
 ------------------------------------------------------------------------------

wrapping first mol.:      -76.60132       54.16532       93.81709

 NSTEP =   240000   TIME(PS) =  105520.000  TEMP(K) =   310.23  PRESS =     0.0
 Etot   =   -239356.1750  EKtot   =     63173.2617  EPtot      =   -302529.4367
 BOND   =      2119.0362  ANGLE   =      2393.9803  DIHED      =      1413.5702
 UB     =         0.0000  IMP     =         0.0000  CMAP       =       243.4229
 1-4 NB =      1187.5774  1-4 EEL =     15453.7461  VDWAALS    =     40548.4123
 EELEC  =   -365889.1820  EHBOND  =         0.0000  RESTRAINT  =         0.0000
 ------------------------------------------------------------------------------

wrapping first mol.:      -76.60132       54.16532       93.81709

 NSTEP =   260000   TIME(PS) =  105560.000  TEMP(K) =   309.52  PRESS =     0.0
 Etot   =   -238289.3589  EKtot   =     63029.2461  EPtot      =   -301318.6050
 BOND   =      2140.0286  ANGLE   =      2445.8484  DIHED      =      1425.0199
 UB     =         0.0000  IMP     =         0.0000  CMAP       =       264.8101
 1-4 NB =      1172.9185  1-4 EEL =     15325.5082  VDWAALS    =     40929.6318
 EELEC  =   -365022.3705  EHBOND  =         0.0000  RESTRAINT  =         0.0000
 ------------------------------------------------------------------------------

wrapping first mol.:      -76.60132       54.16532       93.81709

 NSTEP =   280000   TIME(PS) =  105600.000  TEMP(K) =   310.57  PRESS =     0.0
 Etot   =   -238565.6581  EKtot   =     63243.2109  EPtot      =   -301808.8690
 BOND   =      2056.5717  ANGLE   =      2393.7922  DIHED      =      1428.9536
 UB     =         0.0000  IMP     =         0.0000  CMAP       =       239.8797
 1-4 NB =      1185.8708  1-4 EEL =     15455.1582  VDWAALS    =     40459.7368
 EELEC  =   -365028.8320  EHBOND  =         0.0000  RESTRAINT  =         0.0000
 ------------------------------------------------------------------------------

wrapping first mol.:      -76.60132       54.16532       93.81709

 NSTEP =   300000   TIME(PS) =  105640.000  TEMP(K) =   309.09  PRESS =     0.0
 Etot   =   -238433.6602  EKtot   =     62942.2656  EPtot      =   -301375.9258
 BOND   =      2178.3658  ANGLE   =      2385.0375  DIHED      =      1413.6438
 UB     =         0.0000  IMP     =         0.0000  CMAP       =       259.9788
 1-4 NB =      1174.4182  1-4 EEL =     15446.4662  VDWAALS    =     40234.2806
 EELEC  =   -364468.1167  EHBOND  =         0.0000  RESTRAINT  =         0.0000
 ------------------------------------------------------------------------------

wrapping first mol.:      -76.60132       54.16532       93.81709

 NSTEP =   320000   TIME(PS) =  105680.000  TEMP(K) =   309.89  PRESS =     0.0
 Etot   =   -238806.6635  EKtot   =     63104.8281  EPtot      =   -301911.4916
 BOND   =      2039.5466  ANGLE   =      2392.9013  DIHED      =      1406.8963
 UB     =         0.0000  IMP     =         0.0000  CMAP       =       254.5122
 1-4 NB =      1186.9048  1-4 EEL =     15417.4909  VDWAALS    =     40514.1027
 EELEC  =   -365123.8465  EHBOND  =         0.0000  RESTRAINT  =         0.0000
 ------------------------------------------------------------------------------

wrapping first mol.:      -76.60132       54.16532       93.81709

 NSTEP =   340000   TIME(PS) =  105720.000  TEMP(K) =   309.06  PRESS =     0.0
 Etot   =   -238849.5487  EKtot   =     62935.4648  EPtot      =   -301785.0136
 BOND   =      2071.0534  ANGLE   =      2411.0440  DIHED      =      1408.9257
 UB     =         0.0000  IMP     =         0.0000  CMAP       =       255.0164
 1-4 NB =      1175.9616  1-4 EEL =     15470.4864  VDWAALS    =     40589.9048
 EELEC  =   -365167.4059  EHBOND  =         0.0000  RESTRAINT  =         0.0000
 ------------------------------------------------------------------------------

wrapping first mol.:      -76.60132       54.16532       93.81709

 NSTEP =   360000   TIME(PS) =  105760.000  TEMP(K) =   311.36  PRESS =     0.0
 Etot   =   -238116.8314  EKtot   =     63404.8945  EPtot      =   -301521.7259
 BOND   =      2121.8622  ANGLE   =      2469.2115  DIHED      =      1454.6760
 UB     =         0.0000  IMP     =         0.0000  CMAP       =       254.3591
 1-4 NB =      1171.9414  1-4 EEL =     15371.6849  VDWAALS    =     40482.5134
 EELEC  =   -364847.9744  EHBOND  =         0.0000  RESTRAINT  =         0.0000
 ------------------------------------------------------------------------------

wrapping first mol.:      -76.60132       54.16532       93.81709

 NSTEP =   380000   TIME(PS) =  105800.000  TEMP(K) =   309.44  PRESS =     0.0
 Etot   =   -238952.4366  EKtot   =     63012.6875  EPtot      =   -301965.1241
 BOND   =      2126.8675  ANGLE   =      2433.3922  DIHED      =      1389.1998
 UB     =         0.0000  IMP     =         0.0000  CMAP       =       235.4366
 1-4 NB =      1175.9914  1-4 EEL =     15424.5636  VDWAALS    =     40727.3464
 EELEC  =   -365477.9217  EHBOND  =         0.0000  RESTRAINT  =         0.0000
 ------------------------------------------------------------------------------

wrapping first mol.:      -76.60132       54.16532       93.81709

 NSTEP =   400000   TIME(PS) =  105840.000  TEMP(K) =   309.96  PRESS =     0.0
 Etot   =   -239619.4576  EKtot   =     63118.3242  EPtot      =   -302737.7818
 BOND   =      2028.9334  ANGLE   =      2378.3182  DIHED      =      1419.0633
 UB     =         0.0000  IMP     =         0.0000  CMAP       =       253.3615
 1-4 NB =      1184.3313  1-4 EEL =     15470.0615  VDWAALS    =     40833.2500
 EELEC  =   -366305.1010  EHBOND  =         0.0000  RESTRAINT  =         0.0000
 ------------------------------------------------------------------------------

wrapping first mol.:      -76.60132       54.16532       93.81709

 NSTEP =   420000   TIME(PS) =  105880.000  TEMP(K) =   309.55  PRESS =     0.0
 Etot   =   -239086.2125  EKtot   =     63035.9844  EPtot      =   -302122.1969
 BOND   =      2046.2194  ANGLE   =      2420.9408  DIHED      =      1415.5544
 UB     =         0.0000  IMP     =         0.0000  CMAP       =       258.3798
 1-4 NB =      1194.6090  1-4 EEL =     15452.8556  VDWAALS    =     40979.9464
 EELEC  =   -365890.7024  EHBOND  =         0.0000  RESTRAINT  =         0.0000
 ------------------------------------------------------------------------------

wrapping first mol.:      -76.60132       54.16532       93.81709

 NSTEP =   440000   TIME(PS) =  105920.000  TEMP(K) =   310.04  PRESS =     0.0
 Etot   =   -238873.7300  EKtot   =     63134.6953  EPtot      =   -302008.4253
 BOND   =      2051.3987  ANGLE   =      2452.6264  DIHED      =      1452.6711
 UB     =         0.0000  IMP     =         0.0000  CMAP       =       244.2405
 1-4 NB =      1175.8215  1-4 EEL =     15432.5392  VDWAALS    =     40664.9642
 EELEC  =   -365482.6870  EHBOND  =         0.0000  RESTRAINT  =         0.0000
 ------------------------------------------------------------------------------

wrapping first mol.:      -76.60132       54.16532       93.81709

 NSTEP =   460000   TIME(PS) =  105960.000  TEMP(K) =   306.48  PRESS =     0.0
 Etot   =   -239507.2575  EKtot   =     62410.4570  EPtot      =   -301917.7146
 BOND   =      2126.9636  ANGLE   =      2441.3569  DIHED      =      1410.6085
 UB     =         0.0000  IMP     =         0.0000  CMAP       =       258.5403
 1-4 NB =      1177.5003  1-4 EEL =     15391.7879  VDWAALS    =     40589.1084
 EELEC  =   -365313.5804  EHBOND  =         0.0000  RESTRAINT  =         0.0000
 ------------------------------------------------------------------------------

wrapping first mol.:      -76.60132       54.16532       93.81709

 NSTEP =   480000   TIME(PS) =  106000.000  TEMP(K) =   309.91  PRESS =     0.0
 Etot   =   -238932.2553  EKtot   =     63109.0039  EPtot      =   -302041.2592
 BOND   =      2041.8524  ANGLE   =      2376.8365  DIHED      =      1424.8206
 UB     =         0.0000  IMP     =         0.0000  CMAP       =       261.3208
 1-4 NB =      1179.4092  1-4 EEL =     15459.8703  VDWAALS    =     40709.7197
 EELEC  =   -365495.0886  EHBOND  =         0.0000  RESTRAINT  =         0.0000
 ------------------------------------------------------------------------------

wrapping first mol.:      -76.60132       54.16532       93.81709

 NSTEP =   500000   TIME(PS) =  106040.000  TEMP(K) =   309.21  PRESS =     0.0
 Etot   =   -238274.3308  EKtot   =     62965.8125  EPtot      =   -301240.1433
 BOND   =      2134.2493  ANGLE   =      2483.5328  DIHED      =      1386.0596
 UB     =         0.0000  IMP     =         0.0000  CMAP       =       253.5830
 1-4 NB =      1170.8720  1-4 EEL =     15439.4281  VDWAALS    =     40752.2707
 EELEC  =   -364860.1389  EHBOND  =         0.0000  RESTRAINT  =         0.0000
 ------------------------------------------------------------------------------

wrapping first mol.:      -76.60132       54.16532       93.81709

 NSTEP =   520000   TIME(PS) =  106080.000  TEMP(K) =   309.34  PRESS =     0.0
 Etot   =   -238899.2780  EKtot   =     62993.0625  EPtot      =   -301892.3405
 BOND   =      2081.8839  ANGLE   =      2418.3463  DIHED      =      1364.8190
 UB     =         0.0000  IMP     =         0.0000  CMAP       =       242.8067
 1-4 NB =      1201.0835  1-4 EEL =     15420.7882  VDWAALS    =     41014.3622
 EELEC  =   -365636.4303  EHBOND  =         0.0000  RESTRAINT  =         0.0000
 ------------------------------------------------------------------------------

wrapping first mol.:      -76.60132       54.16532       93.81709

 NSTEP =   540000   TIME(PS) =  106120.000  TEMP(K) =   309.04  PRESS =     0.0
 Etot   =   -238979.4897  EKtot   =     62932.0977  EPtot      =   -301911.5874
 BOND   =      2076.3722  ANGLE   =      2340.4406  DIHED      =      1421.5901
 UB     =         0.0000  IMP     =         0.0000  CMAP       =       254.3721
 1-4 NB =      1178.8964  1-4 EEL =     15427.3491  VDWAALS    =     40578.8666
 EELEC  =   -365189.4745  EHBOND  =         0.0000  RESTRAINT  =         0.0000
 ------------------------------------------------------------------------------

wrapping first mol.:      -76.60132       54.16532       93.81709

 NSTEP =   560000   TIME(PS) =  106160.000  TEMP(K) =   309.98  PRESS =     0.0
 Etot   =   -238817.7164  EKtot   =     63122.9180  EPtot      =   -301940.6343
 BOND   =      2076.1028  ANGLE   =      2442.7389  DIHED      =      1408.9726
 UB     =         0.0000  IMP     =         0.0000  CMAP       =       268.6961
 1-4 NB =      1182.3285  1-4 EEL =     15405.7034  VDWAALS    =     40417.0913
 EELEC  =   -365142.2680  EHBOND  =         0.0000  RESTRAINT  =         0.0000
 ------------------------------------------------------------------------------

wrapping first mol.:      -76.60132       54.16532       93.81709

 NSTEP =   580000   TIME(PS) =  106200.000  TEMP(K) =   311.16  PRESS =     0.0
 Etot   =   -238566.6354  EKtot   =     63364.0859  EPtot      =   -301930.7213
 BOND   =      2088.8780  ANGLE   =      2426.3577  DIHED      =      1405.6415
 UB     =         0.0000  IMP     =         0.0000  CMAP       =       250.5171
 1-4 NB =      1161.5921  1-4 EEL =     15407.1767  VDWAALS    =     40830.8898
 EELEC  =   -365501.7742  EHBOND  =         0.0000  RESTRAINT  =         0.0000
 ------------------------------------------------------------------------------

wrapping first mol.:      -76.60132       54.16532       93.81709

 NSTEP =   600000   TIME(PS) =  106240.000  TEMP(K) =   310.90  PRESS =     0.0
 Etot   =   -238884.1721  EKtot   =     63309.2891  EPtot      =   -302193.4612
 BOND   =      2111.5775  ANGLE   =      2420.7258  DIHED      =      1379.9385
 UB     =         0.0000  IMP     =         0.0000  CMAP       =       264.5247
 1-4 NB =      1175.2669  1-4 EEL =     15368.7627  VDWAALS    =     40410.2584
 EELEC  =   -365324.5156  EHBOND  =         0.0000  RESTRAINT  =         0.0000
 ------------------------------------------------------------------------------

wrapping first mol.:      -76.60132       54.16532       93.81709

 NSTEP =   620000   TIME(PS) =  106280.000  TEMP(K) =   311.33  PRESS =     0.0
 Etot   =   -238592.9762  EKtot   =     63398.1719  EPtot      =   -301991.1481
 BOND   =      2089.9417  ANGLE   =      2450.4782  DIHED      =      1399.0417
 UB     =         0.0000  IMP     =         0.0000  CMAP       =       233.7229
 1-4 NB =      1177.6849  1-4 EEL =     15273.2778  VDWAALS    =     40533.3364
 EELEC  =   -365148.6318  EHBOND  =         0.0000  RESTRAINT  =         0.0000
 ------------------------------------------------------------------------------

wrapping first mol.:      -76.60132       54.16532       93.81709

 NSTEP =   640000   TIME(PS) =  106320.000  TEMP(K) =   309.89  PRESS =     0.0
 Etot   =   -238877.9962  EKtot   =     63105.5000  EPtot      =   -301983.4962
 BOND   =      2066.9392  ANGLE   =      2480.5198  DIHED      =      1394.5763
 UB     =         0.0000  IMP     =         0.0000  CMAP       =       252.5857
 1-4 NB =      1187.0660  1-4 EEL =     15414.0530  VDWAALS    =     40495.8022
 EELEC  =   -365275.0384  EHBOND  =         0.0000  RESTRAINT  =         0.0000
 ------------------------------------------------------------------------------

wrapping first mol.:      -76.60132       54.16532       93.81709

 NSTEP =   660000   TIME(PS) =  106360.000  TEMP(K) =   311.05  PRESS =     0.0
 Etot   =   -238588.6738  EKtot   =     63340.5977  EPtot      =   -301929.2714
 BOND   =      2057.3735  ANGLE   =      2435.2732  DIHED      =      1372.6908
 UB     =         0.0000  IMP     =         0.0000  CMAP       =       263.6280
 1-4 NB =      1162.6836  1-4 EEL =     15415.6613  VDWAALS    =     40811.7079
 EELEC  =   -365448.2897  EHBOND  =         0.0000  RESTRAINT  =         0.0000
 ------------------------------------------------------------------------------

wrapping first mol.:      -76.60132       54.16532       93.81709

 NSTEP =   680000   TIME(PS) =  106400.000  TEMP(K) =   310.80  PRESS =     0.0
 Etot   =   -238137.6372  EKtot   =     63290.3047  EPtot      =   -301427.9419
 BOND   =      2076.5782  ANGLE   =      2396.0799  DIHED      =      1424.3337
 UB     =         0.0000  IMP     =         0.0000  CMAP       =       249.7936
 1-4 NB =      1157.3794  1-4 EEL =     15345.8670  VDWAALS    =     40527.0124
 EELEC  =   -364604.9861  EHBOND  =         0.0000  RESTRAINT  =         0.0000
 ------------------------------------------------------------------------------

wrapping first mol.:      -76.60132       54.16532       93.81709

 NSTEP =   700000   TIME(PS) =  106440.000  TEMP(K) =   310.29  PRESS =     0.0
 Etot   =   -238916.9720  EKtot   =     63186.5625  EPtot      =   -302103.5345
 BOND   =      2050.4830  ANGLE   =      2417.3962  DIHED      =      1430.0400
 UB     =         0.0000  IMP     =         0.0000  CMAP       =       259.2911
 1-4 NB =      1202.8642  1-4 EEL =     15402.9370  VDWAALS    =     40494.1340
 EELEC  =   -365360.6800  EHBOND  =         0.0000  RESTRAINT  =         0.0000
 ------------------------------------------------------------------------------

wrapping first mol.:      -76.60132       54.16532       93.81709

 NSTEP =   720000   TIME(PS) =  106480.000  TEMP(K) =   308.99  PRESS =     0.0
 Etot   =   -239222.1562  EKtot   =     62920.5859  EPtot      =   -302142.7421
 BOND   =      2051.9383  ANGLE   =      2401.1291  DIHED      =      1402.3583
 UB     =         0.0000  IMP     =         0.0000  CMAP       =       270.1321
 1-4 NB =      1169.3230  1-4 EEL =     15310.0217  VDWAALS    =     40749.3812
 EELEC  =   -365497.0258  EHBOND  =         0.0000  RESTRAINT  =         0.0000
 ------------------------------------------------------------------------------

wrapping first mol.:      -76.60132       54.16532       93.81709

 NSTEP =   740000   TIME(PS) =  106520.000  TEMP(K) =   308.92  PRESS =     0.0
 Etot   =   -239479.7521  EKtot   =     62906.6172  EPtot      =   -302386.3693
 BOND   =      2134.6318  ANGLE   =      2435.0032  DIHED      =      1395.7084
 UB     =         0.0000  IMP     =         0.0000  CMAP       =       249.2747
 1-4 NB =      1145.2231  1-4 EEL =     15393.4053  VDWAALS    =     41360.0850
 EELEC  =   -366499.7009  EHBOND  =         0.0000  RESTRAINT  =         0.0000
 ------------------------------------------------------------------------------

wrapping first mol.:      -76.60132       54.16532       93.81709

 NSTEP =   760000   TIME(PS) =  106560.000  TEMP(K) =   308.78  PRESS =     0.0
 Etot   =   -239346.7500  EKtot   =     62879.4805  EPtot      =   -302226.2305
 BOND   =      2132.3616  ANGLE   =      2459.9807  DIHED      =      1396.6509
 UB     =         0.0000  IMP     =         0.0000  CMAP       =       266.5636
 1-4 NB =      1181.6678  1-4 EEL =     15425.8860  VDWAALS    =     40658.2115
 EELEC  =   -365747.5527  EHBOND  =         0.0000  RESTRAINT  =         0.0000
 ------------------------------------------------------------------------------

wrapping first mol.:      -76.60132       54.16532       93.81709

 NSTEP =   780000   TIME(PS) =  106600.000  TEMP(K) =   311.79  PRESS =     0.0
 Etot   =   -238331.6305  EKtot   =     63490.5977  EPtot      =   -301822.2282
 BOND   =      2095.5858  ANGLE   =      2464.0073  DIHED      =      1401.0762
 UB     =         0.0000  IMP     =         0.0000  CMAP       =       261.9225
 1-4 NB =      1163.7007  1-4 EEL =     15354.1649  VDWAALS    =     41134.8446
 EELEC  =   -365697.5301  EHBOND  =         0.0000  RESTRAINT  =         0.0000
 ------------------------------------------------------------------------------

wrapping first mol.:      -76.60132       54.16532       93.81709

 NSTEP =   800000   TIME(PS) =  106640.000  TEMP(K) =   309.75  PRESS =     0.0
 Etot   =   -239088.6701  EKtot   =     63076.0117  EPtot      =   -302164.6818
 BOND   =      2097.5488  ANGLE   =      2351.2857  DIHED      =      1437.6201
 UB     =         0.0000  IMP     =         0.0000  CMAP       =       252.3475
 1-4 NB =      1158.5809  1-4 EEL =     15353.8670  VDWAALS    =     40487.9095
 EELEC  =   -365303.8414  EHBOND  =         0.0000  RESTRAINT  =         0.0000
 ------------------------------------------------------------------------------

wrapping first mol.:      -76.60132       54.16532       93.81709

 NSTEP =   820000   TIME(PS) =  106680.000  TEMP(K) =   310.03  PRESS =     0.0
 Etot   =   -238485.9270  EKtot   =     63132.4297  EPtot      =   -301618.3566
 BOND   =      2049.6525  ANGLE   =      2430.1902  DIHED      =      1437.4763
 UB     =         0.0000  IMP     =         0.0000  CMAP       =       252.3318
 1-4 NB =      1174.8020  1-4 EEL =     15368.3869  VDWAALS    =     40850.1126
 EELEC  =   -365181.3089  EHBOND  =         0.0000  RESTRAINT  =         0.0000
 ------------------------------------------------------------------------------

wrapping first mol.:      -76.60132       54.16532       93.81709

 NSTEP =   840000   TIME(PS) =  106720.000  TEMP(K) =   309.71  PRESS =     0.0
 Etot   =   -238787.7342  EKtot   =     63067.3047  EPtot      =   -301855.0389
 BOND   =      2080.9040  ANGLE   =      2402.5870  DIHED      =      1422.6956
 UB     =         0.0000  IMP     =         0.0000  CMAP       =       269.8775
 1-4 NB =      1155.8914  1-4 EEL =     15355.4951  VDWAALS    =     40677.5189
 EELEC  =   -365220.0083  EHBOND  =         0.0000  RESTRAINT  =         0.0000
 ------------------------------------------------------------------------------

wrapping first mol.:      -76.60132       54.16532       93.81709

 NSTEP =   860000   TIME(PS) =  106760.000  TEMP(K) =   309.23  PRESS =     0.0
 Etot   =   -239198.5765  EKtot   =     62970.1562  EPtot      =   -302168.7328
 BOND   =      2069.9393  ANGLE   =      2376.4019  DIHED      =      1402.7929
 UB     =         0.0000  IMP     =         0.0000  CMAP       =       257.4014
 1-4 NB =      1161.8079  1-4 EEL =     15363.0203  VDWAALS    =     40600.8801
 EELEC  =   -365400.9765  EHBOND  =         0.0000  RESTRAINT  =         0.0000
 ------------------------------------------------------------------------------

wrapping first mol.:      -76.60132       54.16532       93.81709

 NSTEP =   880000   TIME(PS) =  106800.000  TEMP(K) =   310.28  PRESS =     0.0
 Etot   =   -238423.3339  EKtot   =     63184.2734  EPtot      =   -301607.6073
 BOND   =      2045.4452  ANGLE   =      2484.5723  DIHED      =      1375.6912
 UB     =         0.0000  IMP     =         0.0000  CMAP       =       250.2151
 1-4 NB =      1185.9327  1-4 EEL =     15493.4030  VDWAALS    =     40419.3468
 EELEC  =   -364862.2137  EHBOND  =         0.0000  RESTRAINT  =         0.0000
 ------------------------------------------------------------------------------

wrapping first mol.:      -76.60132       54.16532       93.81709

 NSTEP =   900000   TIME(PS) =  106840.000  TEMP(K) =   309.10  PRESS =     0.0
 Etot   =   -238780.9184  EKtot   =     62943.5273  EPtot      =   -301724.4458
 BOND   =      2137.6146  ANGLE   =      2430.6783  DIHED      =      1401.6088
 UB     =         0.0000  IMP     =         0.0000  CMAP       =       263.4442
 1-4 NB =      1154.8610  1-4 EEL =     15427.7832  VDWAALS    =     40944.3403
 EELEC  =   -365484.7761  EHBOND  =         0.0000  RESTRAINT  =         0.0000
 ------------------------------------------------------------------------------

wrapping first mol.:      -76.60132       54.16532       93.81709

 NSTEP =   920000   TIME(PS) =  106880.000  TEMP(K) =   310.76  PRESS =     0.0
 Etot   =   -238034.6218  EKtot   =     63282.4727  EPtot      =   -301317.0944
 BOND   =      2067.4993  ANGLE   =      2436.8291  DIHED      =      1439.9225
 UB     =         0.0000  IMP     =         0.0000  CMAP       =       253.6090
 1-4 NB =      1186.8959  1-4 EEL =     15423.6417  VDWAALS    =     40635.8308
 EELEC  =   -364761.3227  EHBOND  =         0.0000  RESTRAINT  =         0.0000
 ------------------------------------------------------------------------------

wrapping first mol.:      -76.60132       54.16532       93.81709

 NSTEP =   940000   TIME(PS) =  106920.000  TEMP(K) =   309.56  PRESS =     0.0
 Etot   =   -238411.3079  EKtot   =     63036.4570  EPtot      =   -301447.7650
 BOND   =      2096.8827  ANGLE   =      2390.3720  DIHED      =      1435.2970
 UB     =         0.0000  IMP     =         0.0000  CMAP       =       243.7984
 1-4 NB =      1194.2413  1-4 EEL =     15448.2564  VDWAALS    =     40648.6790
 EELEC  =   -364905.2917  EHBOND  =         0.0000  RESTRAINT  =         0.0000
 ------------------------------------------------------------------------------

wrapping first mol.:      -76.60132       54.16532       93.81709

 NSTEP =   960000   TIME(PS) =  106960.000  TEMP(K) =   311.28  PRESS =     0.0
 Etot   =   -238854.2291  EKtot   =     63388.3984  EPtot      =   -302242.6275
 BOND   =      2110.0019  ANGLE   =      2340.4337  DIHED      =      1417.6503
 UB     =         0.0000  IMP     =         0.0000  CMAP       =       273.6207
 1-4 NB =      1158.1066  1-4 EEL =     15440.2426  VDWAALS    =     41120.9580
 EELEC  =   -366103.6413  EHBOND  =         0.0000  RESTRAINT  =         0.0000
 ------------------------------------------------------------------------------

wrapping first mol.:      -76.60132       54.16532       93.81709

 NSTEP =   980000   TIME(PS) =  107000.000  TEMP(K) =   309.87  PRESS =     0.0
 Etot   =   -238947.6481  EKtot   =     63101.1055  EPtot      =   -302048.7536
 BOND   =      2034.5111  ANGLE   =      2495.1939  DIHED      =      1388.7467
 UB     =         0.0000  IMP     =         0.0000  CMAP       =       258.3777
 1-4 NB =      1157.8954  1-4 EEL =     15414.9143  VDWAALS    =     40471.1957
 EELEC  =   -365269.5883  EHBOND  =         0.0000  RESTRAINT  =         0.0000
 ------------------------------------------------------------------------------

wrapping first mol.:      -76.60132       54.16532       93.81709

 NSTEP =  1000000   TIME(PS) =  107040.000  TEMP(K) =   309.82  PRESS =     0.0
 Etot   =   -238696.3101  EKtot   =     63089.4023  EPtot      =   -301785.7124
 BOND   =      2045.2970  ANGLE   =      2448.2569  DIHED      =      1419.6483
 UB     =         0.0000  IMP     =         0.0000  CMAP       =       261.7381
 1-4 NB =      1165.6240  1-4 EEL =     15422.1243  VDWAALS    =     40847.7588
 EELEC  =   -365396.1598  EHBOND  =         0.0000  RESTRAINT  =         0.0000
 ------------------------------------------------------------------------------

wrapping first mol.:      -76.60132       54.16532       93.81709

 NSTEP =  1020000   TIME(PS) =  107080.000  TEMP(K) =   311.49  PRESS =     0.0
 Etot   =   -238030.4119  EKtot   =     63431.3242  EPtot      =   -301461.7362
 BOND   =      2094.9008  ANGLE   =      2434.9073  DIHED      =      1419.4338
 UB     =         0.0000  IMP     =         0.0000  CMAP       =       270.0462
 1-4 NB =      1174.2336  1-4 EEL =     15404.0066  VDWAALS    =     40395.7001
 EELEC  =   -364654.9646  EHBOND  =         0.0000  RESTRAINT  =         0.0000
 ------------------------------------------------------------------------------

wrapping first mol.:      -76.60132       54.16532       93.81709

 NSTEP =  1040000   TIME(PS) =  107120.000  TEMP(K) =   311.35  PRESS =     0.0
 Etot   =   -238356.2749  EKtot   =     63400.9414  EPtot      =   -301757.2163
 BOND   =      2071.7108  ANGLE   =      2382.6649  DIHED      =      1403.3222
 UB     =         0.0000  IMP     =         0.0000  CMAP       =       250.3048
 1-4 NB =      1172.4914  1-4 EEL =     15335.7747  VDWAALS    =     40508.5534
 EELEC  =   -364882.0385  EHBOND  =         0.0000  RESTRAINT  =         0.0000
 ------------------------------------------------------------------------------

wrapping first mol.:      -76.60132       54.16532       93.81709

 NSTEP =  1060000   TIME(PS) =  107160.000  TEMP(K) =   308.97  PRESS =     0.0
 Etot   =   -238662.2816  EKtot   =     62917.4883  EPtot      =   -301579.7699
 BOND   =      2127.8568  ANGLE   =      2390.6932  DIHED      =      1414.0261
 UB     =         0.0000  IMP     =         0.0000  CMAP       =       249.6588
 1-4 NB =      1168.5445  1-4 EEL =     15327.9470  VDWAALS    =     40467.9535
 EELEC  =   -364726.4498  EHBOND  =         0.0000  RESTRAINT  =         0.0000
 ------------------------------------------------------------------------------

wrapping first mol.:      -76.60132       54.16532       93.81709

 NSTEP =  1080000   TIME(PS) =  107200.000  TEMP(K) =   311.18  PRESS =     0.0
 Etot   =   -238523.4459  EKtot   =     63366.4258  EPtot      =   -301889.8717
 BOND   =      2078.4969  ANGLE   =      2440.6223  DIHED      =      1440.9157
 UB     =         0.0000  IMP     =         0.0000  CMAP       =       260.4383
 1-4 NB =      1164.0334  1-4 EEL =     15364.5117  VDWAALS    =     40816.8600
 EELEC  =   -365455.7499  EHBOND  =         0.0000  RESTRAINT  =         0.0000
 ------------------------------------------------------------------------------

wrapping first mol.:      -76.60132       54.16532       93.81709

 NSTEP =  1100000   TIME(PS) =  107240.000  TEMP(K) =   311.93  PRESS =     0.0
 Etot   =   -237963.7466  EKtot   =     63519.3516  EPtot      =   -301483.0982
 BOND   =      2141.0848  ANGLE   =      2444.0695  DIHED      =      1419.1917
 UB     =         0.0000  IMP     =         0.0000  CMAP       =       265.6448
 1-4 NB =      1177.4511  1-4 EEL =     15325.8447  VDWAALS    =     40103.6038
 EELEC  =   -364359.9885  EHBOND  =         0.0000  RESTRAINT  =         0.0000
 ------------------------------------------------------------------------------

wrapping first mol.:      -76.60132       54.16532       93.81709

 NSTEP =  1120000   TIME(PS) =  107280.000  TEMP(K) =   310.36  PRESS =     0.0
 Etot   =   -238081.4209  EKtot   =     63200.9688  EPtot      =   -301282.3897
 BOND   =      2086.4879  ANGLE   =      2432.9085  DIHED      =      1403.7581
 UB     =         0.0000  IMP     =         0.0000  CMAP       =       261.8561
 1-4 NB =      1181.9925  1-4 EEL =     15345.7659  VDWAALS    =     40167.3921
 EELEC  =   -364162.5508  EHBOND  =         0.0000  RESTRAINT  =         0.0000
 ------------------------------------------------------------------------------

wrapping first mol.:      -76.60132       54.16532       93.81709

 NSTEP =  1140000   TIME(PS) =  107320.000  TEMP(K) =   310.60  PRESS =     0.0
 Etot   =   -238623.2181  EKtot   =     63249.4727  EPtot      =   -301872.6907
 BOND   =      2099.6382  ANGLE   =      2420.7487  DIHED      =      1423.5365
 UB     =         0.0000  IMP     =         0.0000  CMAP       =       294.3996
 1-4 NB =      1173.2425  1-4 EEL =     15338.4773  VDWAALS    =     40562.4285
 EELEC  =   -365185.1620  EHBOND  =         0.0000  RESTRAINT  =         0.0000
 ------------------------------------------------------------------------------

wrapping first mol.:      -76.60132       54.16532       93.81709

 NSTEP =  1160000   TIME(PS) =  107360.000  TEMP(K) =   309.78  PRESS =     0.0
 Etot   =   -238779.5690  EKtot   =     63081.6406  EPtot      =   -301861.2096
 BOND   =      2064.9894  ANGLE   =      2350.6927  DIHED      =      1413.7954
 UB     =         0.0000  IMP     =         0.0000  CMAP       =       269.6599
 1-4 NB =      1189.0805  1-4 EEL =     15349.5782  VDWAALS    =     41314.7298
 EELEC  =   -365813.7356  EHBOND  =         0.0000  RESTRAINT  =         0.0000
 ------------------------------------------------------------------------------

wrapping first mol.:      -76.60132       54.16532       93.81709

 NSTEP =  1180000   TIME(PS) =  107400.000  TEMP(K) =   309.94  PRESS =     0.0
 Etot   =   -238821.1591  EKtot   =     63113.9766  EPtot      =   -301935.1356
 BOND   =      2050.0774  ANGLE   =      2393.0170  DIHED      =      1388.2371
 UB     =         0.0000  IMP     =         0.0000  CMAP       =       266.0416
 1-4 NB =      1167.4086  1-4 EEL =     15411.4980  VDWAALS    =     40562.6543
 EELEC  =   -365174.0697  EHBOND  =         0.0000  RESTRAINT  =         0.0000
 ------------------------------------------------------------------------------

wrapping first mol.:      -76.60132       54.16532       93.81709

 NSTEP =  1200000   TIME(PS) =  107440.000  TEMP(K) =   311.74  PRESS =     0.0
 Etot   =   -238250.0327  EKtot   =     63481.9883  EPtot      =   -301732.0209
 BOND   =      2101.6597  ANGLE   =      2479.7610  DIHED      =      1434.8960
 UB     =         0.0000  IMP     =         0.0000  CMAP       =       258.4966
 1-4 NB =      1191.3908  1-4 EEL =     15393.5364  VDWAALS    =     40649.1474
 EELEC  =   -365240.9088  EHBOND  =         0.0000  RESTRAINT  =         0.0000
 ------------------------------------------------------------------------------

wrapping first mol.:      -76.60132       54.16532       93.81709

 NSTEP =  1220000   TIME(PS) =  107480.000  TEMP(K) =   310.12  PRESS =     0.0
 Etot   =   -238976.6116  EKtot   =     63152.0234  EPtot      =   -302128.6350
 BOND   =      2092.3011  ANGLE   =      2401.2224  DIHED      =      1410.6965
 UB     =         0.0000  IMP     =         0.0000  CMAP       =       270.4570
 1-4 NB =      1171.2746  1-4 EEL =     15431.0001  VDWAALS    =     40872.8843
 EELEC  =   -365778.4710  EHBOND  =         0.0000  RESTRAINT  =         0.0000
 ------------------------------------------------------------------------------

wrapping first mol.:      -76.60132       54.16532       93.81709

 NSTEP =  1240000   TIME(PS) =  107520.000  TEMP(K) =   308.42  PRESS =     0.0
 Etot   =   -238800.5185  EKtot   =     62805.7930  EPtot      =   -301606.3115
 BOND   =      2137.7466  ANGLE   =      2434.8832  DIHED      =      1422.8308
 UB     =         0.0000  IMP     =         0.0000  CMAP       =       255.6099
 1-4 NB =      1189.8799  1-4 EEL =     15438.2272  VDWAALS    =     40500.6087
 EELEC  =   -364986.0977  EHBOND  =         0.0000  RESTRAINT  =         0.0000
 ------------------------------------------------------------------------------

wrapping first mol.:      -76.60132       54.16532       93.81709

 NSTEP =  1260000   TIME(PS) =  107560.000  TEMP(K) =   308.86  PRESS =     0.0
 Etot   =   -238926.3112  EKtot   =     62894.7383  EPtot      =   -301821.0495
 BOND   =      2047.0746  ANGLE   =      2474.5745  DIHED      =      1407.8734
 UB     =         0.0000  IMP     =         0.0000  CMAP       =       248.5653
 1-4 NB =      1160.0191  1-4 EEL =     15387.8521  VDWAALS    =     40574.3049
 EELEC  =   -365121.3134  EHBOND  =         0.0000  RESTRAINT  =         0.0000
 ------------------------------------------------------------------------------

wrapping first mol.:      -76.60132       54.16532       93.81709

 NSTEP =  1280000   TIME(PS) =  107600.000  TEMP(K) =   310.45  PRESS =     0.0
 Etot   =   -238614.9268  EKtot   =     63218.9023  EPtot      =   -301833.8291
 BOND   =      2095.1265  ANGLE   =      2504.1104  DIHED      =      1383.3113
 UB     =         0.0000  IMP     =         0.0000  CMAP       =       270.2413
 1-4 NB =      1174.1144  1-4 EEL =     15423.6561  VDWAALS    =     41024.0839
 EELEC  =   -365708.4730  EHBOND  =         0.0000  RESTRAINT  =         0.0000
 ------------------------------------------------------------------------------

wrapping first mol.:      -76.60132       54.16532       93.81709

 NSTEP =  1300000   TIME(PS) =  107640.000  TEMP(K) =   309.40  PRESS =     0.0
 Etot   =   -238924.2633  EKtot   =     63003.8945  EPtot      =   -301928.1578
 BOND   =      2139.8950  ANGLE   =      2464.4801  DIHED      =      1413.9210
 UB     =         0.0000  IMP     =         0.0000  CMAP       =       253.1012
 1-4 NB =      1177.1299  1-4 EEL =     15341.1305  VDWAALS    =     40330.1467
 EELEC  =   -365047.9622  EHBOND  =         0.0000  RESTRAINT  =         0.0000
 ------------------------------------------------------------------------------

wrapping first mol.:      -76.60132       54.16532       93.81709

 NSTEP =  1320000   TIME(PS) =  107680.000  TEMP(K) =   310.17  PRESS =     0.0
 Etot   =   -238497.6409  EKtot   =     63161.3008  EPtot      =   -301658.9417
 BOND   =      2054.4756  ANGLE   =      2517.2120  DIHED      =      1430.2764
 UB     =         0.0000  IMP     =         0.0000  CMAP       =       253.8160
 1-4 NB =      1189.9191  1-4 EEL =     15363.0219  VDWAALS    =     40600.1519
 EELEC  =   -365067.8147  EHBOND  =         0.0000  RESTRAINT  =         0.0000
 ------------------------------------------------------------------------------

wrapping first mol.:      -76.60132       54.16532       93.81709

 NSTEP =  1340000   TIME(PS) =  107720.000  TEMP(K) =   312.04  PRESS =     0.0
 Etot   =   -238376.9134  EKtot   =     63541.5898  EPtot      =   -301918.5033
 BOND   =      2069.9071  ANGLE   =      2384.1503  DIHED      =      1389.4180
 UB     =         0.0000  IMP     =         0.0000  CMAP       =       240.8834
 1-4 NB =      1153.1958  1-4 EEL =     15378.6306  VDWAALS    =     40912.8860
 EELEC  =   -365447.5745  EHBOND  =         0.0000  RESTRAINT  =         0.0000
 ------------------------------------------------------------------------------

wrapping first mol.:      -76.60132       54.16532       93.81709

 NSTEP =  1360000   TIME(PS) =  107760.000  TEMP(K) =   311.19  PRESS =     0.0
 Etot   =   -238783.7139  EKtot   =     63369.4062  EPtot      =   -302153.1201
 BOND   =      2061.5407  ANGLE   =      2423.4595  DIHED      =      1370.3131
 UB     =         0.0000  IMP     =         0.0000  CMAP       =       251.7279
 1-4 NB =      1173.4097  1-4 EEL =     15355.3990  VDWAALS    =     40794.3532
 EELEC  =   -365583.3232  EHBOND  =         0.0000  RESTRAINT  =         0.0000
 ------------------------------------------------------------------------------

wrapping first mol.:      -76.60132       54.16532       93.81709

 NSTEP =  1380000   TIME(PS) =  107800.000  TEMP(K) =   311.37  PRESS =     0.0
 Etot   =   -238154.7335  EKtot   =     63405.9766  EPtot      =   -301560.7101
 BOND   =      2123.5041  ANGLE   =      2491.2503  DIHED      =      1386.8892
 UB     =         0.0000  IMP     =         0.0000  CMAP       =       244.5750
 1-4 NB =      1156.6972  1-4 EEL =     15267.3077  VDWAALS    =     40783.3547
 EELEC  =   -365014.2882  EHBOND  =         0.0000  RESTRAINT  =         0.0000
 ------------------------------------------------------------------------------

wrapping first mol.:      -76.60132       54.16532       93.81709

 NSTEP =  1400000   TIME(PS) =  107840.000  TEMP(K) =   308.83  PRESS =     0.0
 Etot   =   -239152.4167  EKtot   =     62889.2617  EPtot      =   -302041.6784
 BOND   =      2060.2993  ANGLE   =      2423.9740  DIHED      =      1425.3253
 UB     =         0.0000  IMP     =         0.0000  CMAP       =       245.1538
 1-4 NB =      1143.0999  1-4 EEL =     15336.9711  VDWAALS    =     40295.3516
 EELEC  =   -364971.8534  EHBOND  =         0.0000  RESTRAINT  =         0.0000
 ------------------------------------------------------------------------------

wrapping first mol.:      -76.60132       54.16532       93.81709

 NSTEP =  1420000   TIME(PS) =  107880.000  TEMP(K) =   311.85  PRESS =     0.0
 Etot   =   -238427.1277  EKtot   =     63502.9609  EPtot      =   -301930.0886
 BOND   =      2120.0922  ANGLE   =      2411.5058  DIHED      =      1420.9778
 UB     =         0.0000  IMP     =         0.0000  CMAP       =       245.1700
 1-4 NB =      1175.6102  1-4 EEL =     15302.2317  VDWAALS    =     40663.4599
 EELEC  =   -365269.1363  EHBOND  =         0.0000  RESTRAINT  =         0.0000
 ------------------------------------------------------------------------------

wrapping first mol.:      -76.60132       54.16532       93.81709

 NSTEP =  1440000   TIME(PS) =  107920.000  TEMP(K) =   309.57  PRESS =     0.0
 Etot   =   -238323.2275  EKtot   =     63039.1953  EPtot      =   -301362.4228
 BOND   =      2086.8686  ANGLE   =      2394.2418  DIHED      =      1400.8917
 UB     =         0.0000  IMP     =         0.0000  CMAP       =       240.8198
 1-4 NB =      1179.8914  1-4 EEL =     15284.0529  VDWAALS    =     40466.6143
 EELEC  =   -364415.8032  EHBOND  =         0.0000  RESTRAINT  =         0.0000
 ------------------------------------------------------------------------------

wrapping first mol.:      -76.60132       54.16532       93.81709

 NSTEP =  1460000   TIME(PS) =  107960.000  TEMP(K) =   309.81  PRESS =     0.0
 Etot   =   -238793.7155  EKtot   =     63088.0859  EPtot      =   -301881.8014
 BOND   =      2085.1448  ANGLE   =      2432.2798  DIHED      =      1373.1646
 UB     =         0.0000  IMP     =         0.0000  CMAP       =       257.1432
 1-4 NB =      1145.9687  1-4 EEL =     15323.8826  VDWAALS    =     40978.1186
 EELEC  =   -365477.5038  EHBOND  =         0.0000  RESTRAINT  =         0.0000
 ------------------------------------------------------------------------------

wrapping first mol.:      -76.60132       54.16532       93.81709

 NSTEP =  1480000   TIME(PS) =  108000.000  TEMP(K) =   308.47  PRESS =     0.0
 Etot   =   -238983.3675  EKtot   =     62814.4922  EPtot      =   -301797.8597
 BOND   =      2100.1664  ANGLE   =      2425.5516  DIHED      =      1409.7374
 UB     =         0.0000  IMP     =         0.0000  CMAP       =       269.5822
 1-4 NB =      1160.2230  1-4 EEL =     15298.2984  VDWAALS    =     40811.7419
 EELEC  =   -365273.1607  EHBOND  =         0.0000  RESTRAINT  =         0.0000
 ------------------------------------------------------------------------------

wrapping first mol.:      -76.60132       54.16532       93.81709

 NSTEP =  1500000   TIME(PS) =  108040.000  TEMP(K) =   310.25  PRESS =     0.0
 Etot   =   -239138.4624  EKtot   =     63177.8984  EPtot      =   -302316.3608
 BOND   =      2047.3883  ANGLE   =      2419.1439  DIHED      =      1405.3041
 UB     =         0.0000  IMP     =         0.0000  CMAP       =       258.1828
 1-4 NB =      1169.3594  1-4 EEL =     15431.5427  VDWAALS    =     41023.3935
 EELEC  =   -366070.6754  EHBOND  =         0.0000  RESTRAINT  =         0.0000
 ------------------------------------------------------------------------------

wrapping first mol.:      -76.60132       54.16532       93.81709

 NSTEP =  1520000   TIME(PS) =  108080.000  TEMP(K) =   309.14  PRESS =     0.0
 Etot   =   -238511.4942  EKtot   =     62952.3320  EPtot      =   -301463.8263
 BOND   =      2094.3602  ANGLE   =      2454.3466  DIHED      =      1420.9808
 UB     =         0.0000  IMP     =         0.0000  CMAP       =       251.2295
 1-4 NB =      1195.4665  1-4 EEL =     15303.1480  VDWAALS    =     40575.4565
 EELEC  =   -364758.8143  EHBOND  =         0.0000  RESTRAINT  =         0.0000
 ------------------------------------------------------------------------------

wrapping first mol.:      -76.60132       54.16532       93.81709

 NSTEP =  1540000   TIME(PS) =  108120.000  TEMP(K) =   308.74  PRESS =     0.0
 Etot   =   -238641.6974  EKtot   =     62871.0469  EPtot      =   -301512.7442
 BOND   =      2080.1596  ANGLE   =      2458.3064  DIHED      =      1403.1068
 UB     =         0.0000  IMP     =         0.0000  CMAP       =       246.5944
 1-4 NB =      1190.3405  1-4 EEL =     15307.5810  VDWAALS    =     40911.6871
 EELEC  =   -365110.5201  EHBOND  =         0.0000  RESTRAINT  =         0.0000
 ------------------------------------------------------------------------------

wrapping first mol.:      -76.60132       54.16532       93.81709

 NSTEP =  1560000   TIME(PS) =  108160.000  TEMP(K) =   310.04  PRESS =     0.0
 Etot   =   -238236.6352  EKtot   =     63134.5859  EPtot      =   -301371.2212
 BOND   =      2067.4638  ANGLE   =      2415.5164  DIHED      =      1410.7946
 UB     =         0.0000  IMP     =         0.0000  CMAP       =       268.7555
 1-4 NB =      1184.1157  1-4 EEL =     15332.7887  VDWAALS    =     40790.2191
 EELEC  =   -364840.8750  EHBOND  =         0.0000  RESTRAINT  =         0.0000
 ------------------------------------------------------------------------------

wrapping first mol.:      -76.60132       54.16532       93.81709

 NSTEP =  1580000   TIME(PS) =  108200.000  TEMP(K) =   310.61  PRESS =     0.0
 Etot   =   -238254.5089  EKtot   =     63250.4492  EPtot      =   -301504.9582
 BOND   =      2105.6693  ANGLE   =      2413.5647  DIHED      =      1416.4360
 UB     =         0.0000  IMP     =         0.0000  CMAP       =       259.5708
 1-4 NB =      1210.4186  1-4 EEL =     15350.5669  VDWAALS    =     40829.4042
 EELEC  =   -365090.5886  EHBOND  =         0.0000  RESTRAINT  =         0.0000
 ------------------------------------------------------------------------------

wrapping first mol.:      -76.60132       54.16532       93.81709

 NSTEP =  1600000   TIME(PS) =  108240.000  TEMP(K) =   310.39  PRESS =     0.0
 Etot   =   -238564.2670  EKtot   =     63206.6719  EPtot      =   -301770.9389
 BOND   =      2026.5544  ANGLE   =      2381.8715  DIHED      =      1354.2387
 UB     =         0.0000  IMP     =         0.0000  CMAP       =       273.8812
 1-4 NB =      1159.6203  1-4 EEL =     15339.6747  VDWAALS    =     40461.9632
 EELEC  =   -364768.7429  EHBOND  =         0.0000  RESTRAINT  =         0.0000
 ------------------------------------------------------------------------------

wrapping first mol.:      -76.60132       54.16532       93.81709

 NSTEP =  1620000   TIME(PS) =  108280.000  TEMP(K) =   309.29  PRESS =     0.0
 Etot   =   -238476.2314  EKtot   =     62982.7383  EPtot      =   -301458.9697
 BOND   =      2093.8830  ANGLE   =      2397.1660  DIHED      =      1412.5059
 UB     =         0.0000  IMP     =         0.0000  CMAP       =       274.2247
 1-4 NB =      1174.3933  1-4 EEL =     15305.5794  VDWAALS    =     40545.7495
 EELEC  =   -364662.4716  EHBOND  =         0.0000  RESTRAINT  =         0.0000
 ------------------------------------------------------------------------------

wrapping first mol.:      -76.60132       54.16532       93.81709

 NSTEP =  1640000   TIME(PS) =  108320.000  TEMP(K) =   309.67  PRESS =     0.0
 Etot   =   -238776.6089  EKtot   =     63059.6641  EPtot      =   -301836.2729
 BOND   =      2082.7412  ANGLE   =      2448.7531  DIHED      =      1420.4655
 UB     =         0.0000  IMP     =         0.0000  CMAP       =       278.7498
 1-4 NB =      1175.7859  1-4 EEL =     15291.9041  VDWAALS    =     40731.9816
 EELEC  =   -365266.6542  EHBOND  =         0.0000  RESTRAINT  =         0.0000
 ------------------------------------------------------------------------------

wrapping first mol.:      -76.60132       54.16532       93.81709

 NSTEP =  1660000   TIME(PS) =  108360.000  TEMP(K) =   310.86  PRESS =     0.0
 Etot   =   -239115.7381  EKtot   =     63301.2188  EPtot      =   -302416.9569
 BOND   =      2143.8439  ANGLE   =      2422.5734  DIHED      =      1406.9643
 UB     =         0.0000  IMP     =         0.0000  CMAP       =       273.0865
 1-4 NB =      1139.0022  1-4 EEL =     15247.5995  VDWAALS    =     41111.3917
 EELEC  =   -366161.4185  EHBOND  =         0.0000  RESTRAINT  =         0.0000
 ------------------------------------------------------------------------------

wrapping first mol.:      -76.60132       54.16532       93.81709

 NSTEP =  1680000   TIME(PS) =  108400.000  TEMP(K) =   309.61  PRESS =     0.0
 Etot   =   -238430.4669  EKtot   =     63048.0859  EPtot      =   -301478.5529
 BOND   =      2055.3195  ANGLE   =      2417.2115  DIHED      =      1367.8285
 UB     =         0.0000  IMP     =         0.0000  CMAP       =       275.2319
 1-4 NB =      1182.9166  1-4 EEL =     15381.4995  VDWAALS    =     40567.4890
 EELEC  =   -364726.0493  EHBOND  =         0.0000  RESTRAINT  =         0.0000
 ------------------------------------------------------------------------------

wrapping first mol.:      -76.60132       54.16532       93.81709

 NSTEP =  1700000   TIME(PS) =  108440.000  TEMP(K) =   309.60  PRESS =     0.0
 Etot   =   -238846.4492  EKtot   =     63046.3008  EPtot      =   -301892.7500
 BOND   =      2093.9576  ANGLE   =      2452.5465  DIHED      =      1412.2515
 UB     =         0.0000  IMP     =         0.0000  CMAP       =       246.7497
 1-4 NB =      1151.9588  1-4 EEL =     15360.0527  VDWAALS    =     40636.2189
 EELEC  =   -365246.4857  EHBOND  =         0.0000  RESTRAINT  =         0.0000
 ------------------------------------------------------------------------------

wrapping first mol.:      -38.30066      -54.16531       93.81709

 NSTEP =  1720000   TIME(PS) =  108480.000  TEMP(K) =   310.89  PRESS =     0.0
 Etot   =   -238603.6360  EKtot   =     63307.7969  EPtot      =   -301911.4329
 BOND   =      2051.9182  ANGLE   =      2370.2727  DIHED      =      1422.7781
 UB     =         0.0000  IMP     =         0.0000  CMAP       =       287.2514
 1-4 NB =      1157.8622  1-4 EEL =     15411.0232  VDWAALS    =     40832.4170
 EELEC  =   -365444.9558  EHBOND  =         0.0000  RESTRAINT  =         0.0000
 ------------------------------------------------------------------------------

wrapping first mol.:      -38.30066      -54.16531       93.81709

 NSTEP =  1740000   TIME(PS) =  108520.000  TEMP(K) =   310.32  PRESS =     0.0
 Etot   =   -238946.0727  EKtot   =     63191.8125  EPtot      =   -302137.8852
 BOND   =      2157.0915  ANGLE   =      2412.4005  DIHED      =      1450.5423
 UB     =         0.0000  IMP     =         0.0000  CMAP       =       269.6034
 1-4 NB =      1155.8130  1-4 EEL =     15360.7182  VDWAALS    =     40583.4114
 EELEC  =   -365527.4655  EHBOND  =         0.0000  RESTRAINT  =         0.0000
 ------------------------------------------------------------------------------

wrapping first mol.:      -38.30066      -54.16531       93.81709

 NSTEP =  1760000   TIME(PS) =  108560.000  TEMP(K) =   309.89  PRESS =     0.0
 Etot   =   -238474.2025  EKtot   =     63104.8516  EPtot      =   -301579.0541
 BOND   =      2110.6591  ANGLE   =      2417.7386  DIHED      =      1387.3704
 UB     =         0.0000  IMP     =         0.0000  CMAP       =       264.7499
 1-4 NB =      1188.6942  1-4 EEL =     15347.9672  VDWAALS    =     40630.4260
 EELEC  =   -364926.6596  EHBOND  =         0.0000  RESTRAINT  =         0.0000
 ------------------------------------------------------------------------------

wrapping first mol.:      -38.30066      -54.16531       93.81709

 NSTEP =  1780000   TIME(PS) =  108600.000  TEMP(K) =   308.98  PRESS =     0.0
 Etot   =   -238578.1119  EKtot   =     62919.3125  EPtot      =   -301497.4244
 BOND   =      2098.6755  ANGLE   =      2411.5330  DIHED      =      1392.2590
 UB     =         0.0000  IMP     =         0.0000  CMAP       =       238.1220
 1-4 NB =      1176.4328  1-4 EEL =     15400.7142  VDWAALS    =     40645.0696
 EELEC  =   -364860.2306  EHBOND  =         0.0000  RESTRAINT  =         0.0000
 ------------------------------------------------------------------------------

wrapping first mol.:      -38.30066      -54.16531       93.81709

 NSTEP =  1800000   TIME(PS) =  108640.000  TEMP(K) =   309.49  PRESS =     0.0
 Etot   =   -238812.6988  EKtot   =     63022.2031  EPtot      =   -301834.9020
 BOND   =      2096.1090  ANGLE   =      2357.6556  DIHED      =      1409.6306
 UB     =         0.0000  IMP     =         0.0000  CMAP       =       267.0791
 1-4 NB =      1177.8121  1-4 EEL =     15362.8176  VDWAALS    =     40425.0765
 EELEC  =   -364931.0825  EHBOND  =         0.0000  RESTRAINT  =         0.0000
 ------------------------------------------------------------------------------

wrapping first mol.:      -38.30066      -54.16531       93.81709

 NSTEP =  1820000   TIME(PS) =  108680.000  TEMP(K) =   308.94  PRESS =     0.0
 Etot   =   -238701.0886  EKtot   =     62911.6367  EPtot      =   -301612.7253
 BOND   =      2035.2471  ANGLE   =      2434.2410  DIHED      =      1430.1856
 UB     =         0.0000  IMP     =         0.0000  CMAP       =       259.9999
 1-4 NB =      1170.4423  1-4 EEL =     15363.5522  VDWAALS    =     40940.1949
 EELEC  =   -365246.5882  EHBOND  =         0.0000  RESTRAINT  =         0.0000
 ------------------------------------------------------------------------------

wrapping first mol.:      -76.60132       54.16532       93.81709

 NSTEP =  1840000   TIME(PS) =  108720.000  TEMP(K) =   310.83  PRESS =     0.0
 Etot   =   -238066.8964  EKtot   =     63296.2773  EPtot      =   -301363.1738
 BOND   =      2033.6887  ANGLE   =      2366.2342  DIHED      =      1394.0945
 UB     =         0.0000  IMP     =         0.0000  CMAP       =       235.4459
 1-4 NB =      1189.4185  1-4 EEL =     15372.7246  VDWAALS    =     40421.8498
 EELEC  =   -364376.6301  EHBOND  =         0.0000  RESTRAINT  =         0.0000
 ------------------------------------------------------------------------------

wrapping first mol.:      -76.60132       54.16532       93.81709

 NSTEP =  1860000   TIME(PS) =  108760.000  TEMP(K) =   308.97  PRESS =     0.0
 Etot   =   -238650.8678  EKtot   =     62917.0195  EPtot      =   -301567.8874
 BOND   =      2106.0293  ANGLE   =      2335.2178  DIHED      =      1414.3725
 UB     =         0.0000  IMP     =         0.0000  CMAP       =       244.2383
 1-4 NB =      1193.8319  1-4 EEL =     15418.0635  VDWAALS    =     40474.7400
 EELEC  =   -364754.3808  EHBOND  =         0.0000  RESTRAINT  =         0.0000
 ------------------------------------------------------------------------------

wrapping first mol.:      -76.60132       54.16532       93.81709

 NSTEP =  1880000   TIME(PS) =  108800.000  TEMP(K) =   310.62  PRESS =     0.0
 Etot   =   -238995.6842  EKtot   =     63252.4961  EPtot      =   -302248.1803
 BOND   =      2034.6446  ANGLE   =      2363.8603  DIHED      =      1400.8677
 UB     =         0.0000  IMP     =         0.0000  CMAP       =       247.4396
 1-4 NB =      1192.2698  1-4 EEL =     15399.1334  VDWAALS    =     40706.7679
 EELEC  =   -365593.1636  EHBOND  =         0.0000  RESTRAINT  =         0.0000
 ------------------------------------------------------------------------------

wrapping first mol.:      -76.60132       54.16532       93.81709

 NSTEP =  1900000   TIME(PS) =  108840.000  TEMP(K) =   308.23  PRESS =     0.0
 Etot   =   -239124.5363  EKtot   =     62766.9609  EPtot      =   -301891.4972
 BOND   =      2057.5381  ANGLE   =      2407.5588  DIHED      =      1401.3453
 UB     =         0.0000  IMP     =         0.0000  CMAP       =       249.1455
 1-4 NB =      1154.1603  1-4 EEL =     15401.7831  VDWAALS    =     40147.5526
 EELEC  =   -364710.5810  EHBOND  =         0.0000  RESTRAINT  =         0.0000
 ------------------------------------------------------------------------------

wrapping first mol.:      -76.60132       54.16532       93.81709

 NSTEP =  1920000   TIME(PS) =  108880.000  TEMP(K) =   311.39  PRESS =     0.0
 Etot   =   -238333.5545  EKtot   =     63409.9766  EPtot      =   -301743.5311
 BOND   =      2078.7098  ANGLE   =      2460.7577  DIHED      =      1428.5179
 UB     =         0.0000  IMP     =         0.0000  CMAP       =       236.3310
 1-4 NB =      1190.0926  1-4 EEL =     15376.2967  VDWAALS    =     41363.9165
 EELEC  =   -365878.1533  EHBOND  =         0.0000  RESTRAINT  =         0.0000
 ------------------------------------------------------------------------------

wrapping first mol.:      -76.60132       54.16532       93.81709

 NSTEP =  1940000   TIME(PS) =  108920.000  TEMP(K) =   309.03  PRESS =     0.0
 Etot   =   -238505.5200  EKtot   =     62929.2969  EPtot      =   -301434.8169
 BOND   =      2100.2230  ANGLE   =      2440.7939  DIHED      =      1414.1337
 UB     =         0.0000  IMP     =         0.0000  CMAP       =       260.6912
 1-4 NB =      1171.5002  1-4 EEL =     15345.3080  VDWAALS    =     40156.9423
 EELEC  =   -364324.4091  EHBOND  =         0.0000  RESTRAINT  =         0.0000
 ------------------------------------------------------------------------------

wrapping first mol.:      -76.60132       54.16532       93.81709

 NSTEP =  1960000   TIME(PS) =  108960.000  TEMP(K) =   308.91  PRESS =     0.0
 Etot   =   -238815.1040  EKtot   =     62904.9180  EPtot      =   -301720.0219
 BOND   =      2103.2869  ANGLE   =      2371.1871  DIHED      =      1407.6670
 UB     =         0.0000  IMP     =         0.0000  CMAP       =       264.0770
 1-4 NB =      1199.0635  1-4 EEL =     15446.2807  VDWAALS    =     40692.9932
 EELEC  =   -365204.5774  EHBOND  =         0.0000  RESTRAINT  =         0.0000
 ------------------------------------------------------------------------------

wrapping first mol.:      -76.60132       54.16532       93.81709

 NSTEP =  1980000   TIME(PS) =  109000.000  TEMP(K) =   309.46  PRESS =     0.0
 Etot   =   -239062.4057  EKtot   =     63017.7734  EPtot      =   -302080.1791
 BOND   =      2107.0969  ANGLE   =      2370.5516  DIHED      =      1402.7060
 UB     =         0.0000  IMP     =         0.0000  CMAP       =       273.0173
 1-4 NB =      1170.9147  1-4 EEL =     15381.8743  VDWAALS    =     40776.8447
 EELEC  =   -365563.1847  EHBOND  =         0.0000  RESTRAINT  =         0.0000
 ------------------------------------------------------------------------------

wrapping first mol.:      -38.30066      -54.16531       93.81709

 NSTEP =  2000000   TIME(PS) =  109040.000  TEMP(K) =   309.71  PRESS =     0.0
 Etot   =   -239157.3769  EKtot   =     63068.0547  EPtot      =   -302225.4316
 BOND   =      2092.5259  ANGLE   =      2366.5378  DIHED      =      1416.1907
 UB     =         0.0000  IMP     =         0.0000  CMAP       =       280.1966
 1-4 NB =      1163.1325  1-4 EEL =     15369.2937  VDWAALS    =     40673.2449
 EELEC  =   -365586.5535  EHBOND  =         0.0000  RESTRAINT  =         0.0000
 ------------------------------------------------------------------------------

wrapping first mol.:      -76.60132       54.16532       93.81709

 NSTEP =  2020000   TIME(PS) =  109080.000  TEMP(K) =   309.73  PRESS =     0.0
 Etot   =   -238319.7559  EKtot   =     63071.1641  EPtot      =   -301390.9199
 BOND   =      2104.3806  ANGLE   =      2444.6142  DIHED      =      1419.3673
 UB     =         0.0000  IMP     =         0.0000  CMAP       =       278.0166
 1-4 NB =      1163.9620  1-4 EEL =     15303.5063  VDWAALS    =     40915.9406
 EELEC  =   -365020.7076  EHBOND  =         0.0000  RESTRAINT  =         0.0000
 ------------------------------------------------------------------------------

wrapping first mol.:      -76.60132       54.16532       93.81709

 NSTEP =  2040000   TIME(PS) =  109120.000  TEMP(K) =   311.20  PRESS =     0.0
 Etot   =   -238856.7476  EKtot   =     63370.4258  EPtot      =   -302227.1734
 BOND   =      2086.4347  ANGLE   =      2398.4782  DIHED      =      1414.1806
 UB     =         0.0000  IMP     =         0.0000  CMAP       =       248.8427
 1-4 NB =      1190.4536  1-4 EEL =     15416.7932  VDWAALS    =     40978.8532
 EELEC  =   -365961.2097  EHBOND  =         0.0000  RESTRAINT  =         0.0000
 ------------------------------------------------------------------------------

wrapping first mol.:      -76.60132       54.16532       93.81709

 NSTEP =  2060000   TIME(PS) =  109160.000  TEMP(K) =   310.06  PRESS =     0.0
 Etot   =   -238701.8937  EKtot   =     63139.8203  EPtot      =   -301841.7141
 BOND   =      2068.0850  ANGLE   =      2400.2298  DIHED      =      1432.6161
 UB     =         0.0000  IMP     =         0.0000  CMAP       =       268.0838
 1-4 NB =      1184.7721  1-4 EEL =     15496.6250  VDWAALS    =     40743.3655
 EELEC  =   -365435.4914  EHBOND  =         0.0000  RESTRAINT  =         0.0000
 ------------------------------------------------------------------------------

wrapping first mol.:      -76.60132       54.16532       93.81709

 NSTEP =  2080000   TIME(PS) =  109200.000  TEMP(K) =   307.74  PRESS =     0.0
 Etot   =   -238970.6409  EKtot   =     62665.9805  EPtot      =   -301636.6214
 BOND   =      2100.8500  ANGLE   =      2428.8087  DIHED      =      1405.3656
 UB     =         0.0000  IMP     =         0.0000  CMAP       =       240.7979
 1-4 NB =      1158.3418  1-4 EEL =     15398.3045  VDWAALS    =     40742.3857
 EELEC  =   -365111.4756  EHBOND  =         0.0000  RESTRAINT  =         0.0000
 ------------------------------------------------------------------------------

wrapping first mol.:      -76.60132       54.16532       93.81709

 NSTEP =  2100000   TIME(PS) =  109240.000  TEMP(K) =   309.48  PRESS =     0.0
 Etot   =   -238952.7879  EKtot   =     63021.4844  EPtot      =   -301974.2723
 BOND   =      2101.2502  ANGLE   =      2360.8991  DIHED      =      1435.4580
 UB     =         0.0000  IMP     =         0.0000  CMAP       =       253.4227
 1-4 NB =      1184.4006  1-4 EEL =     15407.4717  VDWAALS    =     41017.6814
 EELEC  =   -365734.8559  EHBOND  =         0.0000  RESTRAINT  =         0.0000
 ------------------------------------------------------------------------------

wrapping first mol.:      -76.60132       54.16532       93.81709

 NSTEP =  2120000   TIME(PS) =  109280.000  TEMP(K) =   309.06  PRESS =     0.0
 Etot   =   -238656.0793  EKtot   =     62934.6016  EPtot      =   -301590.6808
 BOND   =      2126.9587  ANGLE   =      2400.5361  DIHED      =      1424.5316
 UB     =         0.0000  IMP     =         0.0000  CMAP       =       259.0671
 1-4 NB =      1172.3490  1-4 EEL =     15496.0738  VDWAALS    =     40509.3604
 EELEC  =   -364979.5575  EHBOND  =         0.0000  RESTRAINT  =         0.0000
 ------------------------------------------------------------------------------

wrapping first mol.:      -76.60132       54.16532       93.81709

 NSTEP =  2140000   TIME(PS) =  109320.000  TEMP(K) =   308.18  PRESS =     0.0
 Etot   =   -239230.9045  EKtot   =     62756.2969  EPtot      =   -301987.2014
 BOND   =      2136.6166  ANGLE   =      2442.4323  DIHED      =      1399.2201
 UB     =         0.0000  IMP     =         0.0000  CMAP       =       261.5367
 1-4 NB =      1144.9397  1-4 EEL =     15457.6035  VDWAALS    =     40832.8859
 EELEC  =   -365662.4362  EHBOND  =         0.0000  RESTRAINT  =         0.0000
 ------------------------------------------------------------------------------

wrapping first mol.:      -76.60132       54.16532       93.81709

 NSTEP =  2160000   TIME(PS) =  109360.000  TEMP(K) =   310.05  PRESS =     0.0
 Etot   =   -238612.4603  EKtot   =     63137.8203  EPtot      =   -301750.2806
 BOND   =      2106.3993  ANGLE   =      2423.4667  DIHED      =      1390.6199
 UB     =         0.0000  IMP     =         0.0000  CMAP       =       258.8656
 1-4 NB =      1164.1927  1-4 EEL =     15403.9590  VDWAALS    =     40693.3586
 EELEC  =   -365191.1426  EHBOND  =         0.0000  RESTRAINT  =         0.0000
 ------------------------------------------------------------------------------

wrapping first mol.:      -76.60132       54.16532       93.81709

 NSTEP =  2180000   TIME(PS) =  109400.000  TEMP(K) =   310.93  PRESS =     0.0
 Etot   =   -239158.7404  EKtot   =     63315.6055  EPtot      =   -302474.3458
 BOND   =      2063.8544  ANGLE   =      2435.1090  DIHED      =      1435.2943
 UB     =         0.0000  IMP     =         0.0000  CMAP       =       265.9698
 1-4 NB =      1177.7726  1-4 EEL =     15510.3505  VDWAALS    =     40722.5380
 EELEC  =   -366085.2343  EHBOND  =         0.0000  RESTRAINT  =         0.0000
 ------------------------------------------------------------------------------

wrapping first mol.:      -38.30066      -54.16531       93.81709

 NSTEP =  2200000   TIME(PS) =  109440.000  TEMP(K) =   309.61  PRESS =     0.0
 Etot   =   -239283.7879  EKtot   =     63046.6250  EPtot      =   -302330.4129
 BOND   =      2098.9554  ANGLE   =      2430.7128  DIHED      =      1395.8723
 UB     =         0.0000  IMP     =         0.0000  CMAP       =       243.0911
 1-4 NB =      1173.5335  1-4 EEL =     15499.2136  VDWAALS    =     40733.6722
 EELEC  =   -365905.4638  EHBOND  =         0.0000  RESTRAINT  =         0.0000
 ------------------------------------------------------------------------------

wrapping first mol.:      -38.30066      -54.16531       93.81709

 NSTEP =  2220000   TIME(PS) =  109480.000  TEMP(K) =   309.21  PRESS =     0.0
 Etot   =   -238592.3353  EKtot   =     62965.8906  EPtot      =   -301558.2259
 BOND   =      2102.8750  ANGLE   =      2397.6321  DIHED      =      1423.2730
 UB     =         0.0000  IMP     =         0.0000  CMAP       =       236.6658
 1-4 NB =      1182.7396  1-4 EEL =     15484.9089  VDWAALS    =     40516.8999
 EELEC  =   -364903.2203  EHBOND  =         0.0000  RESTRAINT  =         0.0000
 ------------------------------------------------------------------------------

wrapping first mol.:      -38.30066      -54.16531       93.81709

 NSTEP =  2240000   TIME(PS) =  109520.000  TEMP(K) =   310.44  PRESS =     0.0
 Etot   =   -238722.0621  EKtot   =     63216.8047  EPtot      =   -301938.8667
 BOND   =      2048.1812  ANGLE   =      2418.1935  DIHED      =      1409.2906
 UB     =         0.0000  IMP     =         0.0000  CMAP       =       282.4433
 1-4 NB =      1167.1109  1-4 EEL =     15439.3623  VDWAALS    =     40918.5240
 EELEC  =   -365621.9725  EHBOND  =         0.0000  RESTRAINT  =         0.0000
 ------------------------------------------------------------------------------

wrapping first mol.:      -38.30066      -54.16531       93.81709

 NSTEP =  2260000   TIME(PS) =  109560.000  TEMP(K) =   309.25  PRESS =     0.0
 Etot   =   -238714.5376  EKtot   =     62975.1875  EPtot      =   -301689.7251
 BOND   =      2055.8111  ANGLE   =      2406.5734  DIHED      =      1423.3035
 UB     =         0.0000  IMP     =         0.0000  CMAP       =       236.2322
 1-4 NB =      1167.6806  1-4 EEL =     15400.3430  VDWAALS    =     40441.2983
 EELEC  =   -364820.9671  EHBOND  =         0.0000  RESTRAINT  =         0.0000
 ------------------------------------------------------------------------------

wrapping first mol.:      -38.30066      -54.16531       93.81709

 NSTEP =  2280000   TIME(PS) =  109600.000  TEMP(K) =   308.72  PRESS =     0.0
 Etot   =   -239001.4925  EKtot   =     62866.7461  EPtot      =   -301868.2386
 BOND   =      2096.6776  ANGLE   =      2409.6397  DIHED      =      1461.2639
 UB     =         0.0000  IMP     =         0.0000  CMAP       =       235.5657
 1-4 NB =      1167.7324  1-4 EEL =     15407.2497  VDWAALS    =     40853.1517
 EELEC  =   -365499.5192  EHBOND  =         0.0000  RESTRAINT  =         0.0000
 ------------------------------------------------------------------------------

wrapping first mol.:      -38.30066      -54.16531       93.81709

 NSTEP =  2300000   TIME(PS) =  109640.000  TEMP(K) =   309.16  PRESS =     0.0
 Etot   =   -238704.3387  EKtot   =     62956.7891  EPtot      =   -301661.1278
 BOND   =      2038.4206  ANGLE   =      2383.5543  DIHED      =      1433.4202
 UB     =         0.0000  IMP     =         0.0000  CMAP       =       234.6182
 1-4 NB =      1189.5784  1-4 EEL =     15439.3491  VDWAALS    =     40620.8591
 EELEC  =   -365000.9277  EHBOND  =         0.0000  RESTRAINT  =         0.0000
 ------------------------------------------------------------------------------

wrapping first mol.:      -38.30066      -54.16531       93.81709

 NSTEP =  2320000   TIME(PS) =  109680.000  TEMP(K) =   311.54  PRESS =     0.0
 Etot   =   -238091.8968  EKtot   =     63440.8672  EPtot      =   -301532.7640
 BOND   =      2132.3069  ANGLE   =      2418.3254  DIHED      =      1393.7390
 UB     =         0.0000  IMP     =         0.0000  CMAP       =       252.6686
 1-4 NB =      1157.6104  1-4 EEL =     15351.9208  VDWAALS    =     40039.8727
 EELEC  =   -364279.2079  EHBOND  =         0.0000  RESTRAINT  =         0.0000
 ------------------------------------------------------------------------------

wrapping first mol.:      -38.30066      -54.16531       93.81709

 NSTEP =  2340000   TIME(PS) =  109720.000  TEMP(K) =   309.79  PRESS =     0.0
 Etot   =   -238676.9009  EKtot   =     63084.8633  EPtot      =   -301761.7641
 BOND   =      2100.1728  ANGLE   =      2405.1187  DIHED      =      1408.6097
 UB     =         0.0000  IMP     =         0.0000  CMAP       =       233.3472
 1-4 NB =      1193.8237  1-4 EEL =     15375.3588  VDWAALS    =     40461.7048
 EELEC  =   -364939.8998  EHBOND  =         0.0000  RESTRAINT  =         0.0000
 ------------------------------------------------------------------------------

wrapping first mol.:      -38.30066      -54.16531       93.81709

 NSTEP =  2360000   TIME(PS) =  109760.000  TEMP(K) =   309.62  PRESS =     0.0
 Etot   =   -238635.5340  EKtot   =     63050.2812  EPtot      =   -301685.8153
 BOND   =      2042.4357  ANGLE   =      2453.6482  DIHED      =      1421.9824
 UB     =         0.0000  IMP     =         0.0000  CMAP       =       233.8416
 1-4 NB =      1191.7692  1-4 EEL =     15407.7573  VDWAALS    =     41093.8043
 EELEC  =   -365531.0540  EHBOND  =         0.0000  RESTRAINT  =         0.0000
 ------------------------------------------------------------------------------

wrapping first mol.:      -38.30066      -54.16531       93.81709

 NSTEP =  2380000   TIME(PS) =  109800.000  TEMP(K) =   310.38  PRESS =     0.0
 Etot   =   -239428.6809  EKtot   =     63204.3984  EPtot      =   -302633.0793
 BOND   =      2102.2256  ANGLE   =      2421.1771  DIHED      =      1376.6320
 UB     =         0.0000  IMP     =         0.0000  CMAP       =       231.8209
 1-4 NB =      1179.7040  1-4 EEL =     15405.5184  VDWAALS    =     41172.3937
 EELEC  =   -366522.5511  EHBOND  =         0.0000  RESTRAINT  =         0.0000
 ------------------------------------------------------------------------------

wrapping first mol.:      -38.30066      -54.16531       93.81709

 NSTEP =  2400000   TIME(PS) =  109840.000  TEMP(K) =   310.32  PRESS =     0.0
 Etot   =   -238128.5209  EKtot   =     63192.6094  EPtot      =   -301321.1303
 BOND   =      2052.7493  ANGLE   =      2436.4310  DIHED      =      1414.3876
 UB     =         0.0000  IMP     =         0.0000  CMAP       =       212.8261
 1-4 NB =      1172.8302  1-4 EEL =     15366.9509  VDWAALS    =     40714.9899
 EELEC  =   -364692.2953  EHBOND  =         0.0000  RESTRAINT  =         0.0000
 ------------------------------------------------------------------------------

wrapping first mol.:      -38.30066      -54.16531       93.81709

 NSTEP =  2420000   TIME(PS) =  109880.000  TEMP(K) =   312.14  PRESS =     0.0
 Etot   =   -237919.8714  EKtot   =     63562.4219  EPtot      =   -301482.2933
 BOND   =      2139.5335  ANGLE   =      2384.4812  DIHED      =      1426.8271
 UB     =         0.0000  IMP     =         0.0000  CMAP       =       221.6003
 1-4 NB =      1165.3559  1-4 EEL =     15374.2359  VDWAALS    =     40247.4933
 EELEC  =   -364441.8205  EHBOND  =         0.0000  RESTRAINT  =         0.0000
 ------------------------------------------------------------------------------

wrapping first mol.:      -38.30066      -54.16531       93.81709

 NSTEP =  2440000   TIME(PS) =  109920.000  TEMP(K) =   309.66  PRESS =     0.0
 Etot   =   -238893.9688  EKtot   =     63057.1602  EPtot      =   -301951.1289
 BOND   =      2070.7576  ANGLE   =      2379.2563  DIHED      =      1399.6166
 UB     =         0.0000  IMP     =         0.0000  CMAP       =       264.1075
 1-4 NB =      1148.7407  1-4 EEL =     15396.0136  VDWAALS    =     40519.0891
 EELEC  =   -365128.7104  EHBOND  =         0.0000  RESTRAINT  =         0.0000
 ------------------------------------------------------------------------------

wrapping first mol.:      -38.30066      -54.16531       93.81709

 NSTEP =  2460000   TIME(PS) =  109960.000  TEMP(K) =   309.14  PRESS =     0.0
 Etot   =   -238551.2028  EKtot   =     62951.0430  EPtot      =   -301502.2457
 BOND   =      2074.2370  ANGLE   =      2384.0805  DIHED      =      1393.8875
 UB     =         0.0000  IMP     =         0.0000  CMAP       =       240.6114
 1-4 NB =      1189.1530  1-4 EEL =     15325.6833  VDWAALS    =     40733.0399
 EELEC  =   -364842.9384  EHBOND  =         0.0000  RESTRAINT  =         0.0000
 ------------------------------------------------------------------------------

wrapping first mol.:      -38.30066      -54.16531       93.81709

 NSTEP =  2480000   TIME(PS) =  110000.000  TEMP(K) =   310.57  PRESS =     0.0
 Etot   =   -238835.3671  EKtot   =     63242.4648  EPtot      =   -302077.8320
 BOND   =      2070.5237  ANGLE   =      2375.8115  DIHED      =      1395.0605
 UB     =         0.0000  IMP     =         0.0000  CMAP       =       231.9540
 1-4 NB =      1164.2131  1-4 EEL =     15363.1789  VDWAALS    =     40704.9256
 EELEC  =   -365383.4994  EHBOND  =         0.0000  RESTRAINT  =         0.0000
 ------------------------------------------------------------------------------

wrapping first mol.:      -38.30066      -54.16531       93.81709
wrapping first mol.:      -38.30066      -54.16531       93.81709

 NSTEP =  2500000   TIME(PS) =  110040.000  TEMP(K) =   310.57  PRESS =     0.0
 Etot   =   -238888.0293  EKtot   =     63243.8633  EPtot      =   -302131.8926
 BOND   =      2117.5540  ANGLE   =      2418.2192  DIHED      =      1406.2515
 UB     =         0.0000  IMP     =         0.0000  CMAP       =       227.9204
 1-4 NB =      1172.6449  1-4 EEL =     15364.3598  VDWAALS    =     41082.2189
 EELEC  =   -365921.0613  EHBOND  =         0.0000  RESTRAINT  =         0.0000
 ------------------------------------------------------------------------------


      A V E R A G E S   O V E R     125 S T E P S


 NSTEP =  2500000   TIME(PS) =  110040.000  TEMP(K) =   309.97  PRESS =     0.0
 Etot   =   -238704.9385  EKtot   =     63119.9914  EPtot      =   -301824.9299
 BOND   =      2087.8738  ANGLE   =      2417.2309  DIHED      =      1410.5083
 UB     =         0.0000  IMP     =         0.0000  CMAP       =       254.8673
 1-4 NB =      1174.4875  1-4 EEL =     15387.5734  VDWAALS    =     40687.9743
 EELEC  =   -365245.4455  EHBOND  =         0.0000  RESTRAINT  =         0.0000
 ------------------------------------------------------------------------------


      R M S  F L U C T U A T I O N S


 NSTEP =  2500000   TIME(PS) =  110040.000  TEMP(K) =     0.97  PRESS =     0.0
 Etot   =       353.5287  EKtot   =       198.4368  EPtot      =       304.0288
 BOND   =        31.9099  ANGLE   =        36.0929  DIHED      =        20.2078
 UB     =         0.0000  IMP     =         0.0000  CMAP       =        14.1502
 1-4 NB =        13.8903  1-4 EEL =        52.3398  VDWAALS    =       256.6072
 EELEC  =       463.6193  EHBOND  =         0.0000  RESTRAINT  =         0.0000
 ------------------------------------------------------------------------------

--------------------------------------------------------------------------------
   5.  TIMINGS
--------------------------------------------------------------------------------

|  NonSetup CPU Time in Major Routines:
|
|     Routine           Sec        %
|     ------------------------------
|     Nonbond         156.78   11.56
|     Bond              0.00    0.00
|     Angle             0.00    0.00
|     Dihedral          0.00    0.00
|     Shake            10.27    0.76
|     RunMD          1187.27   87.52
|     Other             2.18    0.16
|     ------------------------------
|     Total          1356.50

|  PME Nonbond Pairlist CPU Time:
|
|     Routine              Sec        %
|     ---------------------------------
|     Set Up Cit           0.00    0.00
|     Build List           0.00    0.00
|     ---------------------------------
|     Total                0.00    0.00

|  PME Direct Force CPU Time:
|
|     Routine              Sec        %
|     ---------------------------------
|     NonBonded Calc       0.00    0.00
|     Exclude Masked       0.00    0.00
|     Other                1.38    0.10
|     ---------------------------------
|     Total                1.38    0.10

|  PME Reciprocal Force CPU Time:
|
|     Routine              Sec        %
|     ---------------------------------
|     1D bspline           0.00    0.00
|     Grid Charges         0.00    0.00
|     Scalar Sum           0.00    0.00
|     Gradient Sum         0.00    0.00
|     FFT                  0.00    0.00
|     ---------------------------------
|     Total                0.00    0.00

|  Final Performance Info:
|     -----------------------------------------------------
|     Average timings for last   80000 steps:
|     Elapsed(s) =      43.57 Per Step(ms) =       0.54
|         ns/day =     317.27   seconds/ns =     272.32
|
|     Average timings for all steps:
|     Elapsed(s) =    1360.47 Per Step(ms) =       0.54
|         ns/day =     317.54   seconds/ns =     272.09
|     -----------------------------------------------------

|  Setup CPU time:            1.11 seconds
|  NonSetup CPU time:      1356.50 seconds
|  Total CPU time:         1357.60 seconds     0.38 hours

|  Setup wall time:           2    seconds
|  NonSetup wall time:     1361    seconds
|  Total wall time:        1363    seconds     0.38 hours
