
          -------------------------------------------------------
          Amber 24 PMEMD                              2024
          -------------------------------------------------------

| PMEMD implementation of SANDER, Release 24

|  Compiled date/time: Thu Apr  3 17:55:38 2025
| Run on 10/30/2025 at 00:00:37

|   Executable path: pmemd.cuda_SPFP
| Working directory: /rs1/researchers/h/hall/vtnguye4/Amber_restart/cappedP1amber/P1_Simulation
|          Hostname: gpu20

  [-O]verwriting output

File Assignments:
|   MDIN: /rs1/researchers/h/hall/vtnguye4/Amber_restart/cappedP1amber/equil.in 
|  MDOUT: ./OUT_Files/equil14.out                                               
| INPCRD: ./RST_Files/equil13.rst7                                              
|   PARM: ./PRMTOP_Files/P1.prmtop                                              
| RESTRT: ./RST_Files/equil14.rst7                                              
|   REFC: refc                                                                  
|  MDVEL: mdvel                                                                 
|   MDEN: mden                                                                  
|  MDCRD: ./nc_Files/equil14.nc                                                 
| MDINFO: mdinfo                                                                
|  MDFRC: mdfrc                                                                 


 Here is the input file:

!Stage equilibration 5ns                                                       
&cntrl                                                                         
imin=0, irest=1, ntx=5,                                                        
nstlim=2500000, dt=0.002,                                                      
ntc=2, ntf=2, ig=-1,                                                           
ntt=3, gamma_ln=2.0,                                                           
tempi=310.0, temp0=310.0,                                                      
ntxo=2, ioutfm=1,                                                              
ntpr=20000, ntwx=20000,                                                        
ntb=1,                                                                         
cut=9.0,                                                                       
iwrap=1,                                                                       
/                                                                              


Note: ig = -1. Setting random seed to   329797 based on wallclock time in 
      microseconds.
| irandom = 1, using AMBER's internal random number generator (default).
 
|--------------------- INFORMATION ----------------------
| GPU (CUDA) Version of PMEMD in use: NVIDIA GPU IN USE.
|                    Version 18.0.0
| 
|                      03/25/2018
| 
| Implementation by:
|                    Ross C. Walker     (SDSC)
|                    Scott Le Grand     (nVIDIA)
| 
| Version 18 performance extensions by:
|                    David Cerutti     (Rutgers)
| 
| Precision model in use:
|      [SPFP] - Single Precision Forces, 64-bit Fixed Point
|               Accumulation. (Default)
| 
|--------------------------------------------------------
 
|----------------- CITATION INFORMATION -----------------
|
|    When publishing work that utilized the CUDA version
|    of AMBER, please cite the following in addition to
|    the regular AMBER citations:
|
|  - Romelia Salomon-Ferrer; Andreas W. Goetz; Duncan
|    Poole; Scott Le Grand; Ross C. Walker "Routine
|    microsecond molecular dynamics simulations with
|    AMBER - Part II: Particle Mesh Ewald", J. Chem.
|    Theory Comput., 2013, 9 (9), pp3878-3888,
|    DOI: 10.1021/ct400314y.
|
|  - Andreas W. Goetz; Mark J. Williamson; Dong Xu;
|    Duncan Poole; Scott Le Grand; Ross C. Walker
|    "Routine microsecond molecular dynamics simulations
|    with AMBER - Part I: Generalized Born", J. Chem.
|    Theory Comput., 2012, 8 (5), pp1542-1555.
|
|  - Scott Le Grand; Andreas W. Goetz; Ross C. Walker
|    "SPFP: Speed without compromise - a mixed precision
|    model for GPU accelerated molecular dynamics
|    simulations.", Comp. Phys. Comm., 2013, 184
|    pp374-380, DOI: 10.1016/j.cpc.2012.09.022
|
|--------------------------------------------------------
 
|------------------- GPU DEVICE INFO --------------------
|
|            CUDA_VISIBLE_DEVICES: 0
|   CUDA Capable Devices Detected:      1
|           CUDA Device ID in use:      0
|                CUDA Device Name: NVIDIA L40S
|     CUDA Device Global Mem Size:  45487 MB
| CUDA Device Num Multiprocessors:    142
|           CUDA Device Core Freq:   2.52 GHz
|
|--------------------------------------------------------
 
 
| Conditional Compilation Defines Used:
| PUBFFT
| BINTRAJ
| CUDA
| EMIL

| Largest sphere to fit in unit cell has radius =    46.909

| New format PARM file being parsed.
| Version =    1.000 Date = 10/28/25 Time = 16:56:02

| Note: 1-4 EEL scale factors are being read from the topology file.

| Note: 1-4 VDW scale factors are being read from the topology file.
| Duplicated    0 dihedrals

| Duplicated    0 dihedrals

--------------------------------------------------------------------------------
   1.  RESOURCE   USE: 
--------------------------------------------------------------------------------

 getting box info from netcdf restart file
 NATOM  =  101202 NTYPES =      11 NBONH =   98658 MBONA  =    2544
 NTHETH =    5904 MTHETA =    3408 NPHIH =   11760 MPHIA  =   10368
 NHPARM =       0 NPARM  =       0 NNB   =  155656 NRES   =   32422
 NBONA  =    2544 NTHETA =    3408 NPHIA =   10368 NUMBND =      27
 NUMANG =      54 NPTRA  =      59 NATYP =      16 NPHB   =       0
 IFBOX  =       2 NMXRS  =      21 IFCAP =       0 NEXTRA =       0
 NCOPY  =       0

| Coordinate Index Table dimensions:    20   20   20
| Direct force subcell size =     5.7451    5.7451    5.7451

     BOX TYPE: TRUNCATED OCTAHEDRON

--------------------------------------------------------------------------------
   2.  CONTROL  DATA  FOR  THE  RUN
--------------------------------------------------------------------------------

default_name                                                                    

General flags:
     imin    =       0, nmropt  =       0

Nature and format of input:
     ntx     =       5, irest   =       1, ntrx    =       1

Nature and format of output:
     ntxo    =       2, ntpr    =   20000, ntrx    =       1, ntwr    = 2500000
     iwrap   =       1, ntwx    =   20000, ntwv    =       0, ntwe    =       0
     ioutfm  =       1, ntwprt  =       0, idecomp =       0, rbornstat=      0

Potential function:
     ntf     =       2, ntb     =       1, igb     =       0, nsnb    =      25
     ipol    =       0, gbsa    =       0, iesp    =       0
     dielc   =   1.00000, cut     =   9.00000, intdiel =   1.00000

Frozen or restrained atoms:
     ibelly  =       0, ntr     =       0

Molecular dynamics:
     nstlim  =   2500000, nscm    =      1000, nrespa  =         1
     t       =   0.00000, dt      =   0.00200, vlimit  =  -1.00000

Langevin dynamics temperature regulation:
     ig      =  329797
     temp0   = 310.00000, tempi   = 310.00000, gamma_ln=   2.00000

SHAKE:
     ntc     =       2, jfastw  =       0
     tol     =   0.00001

| Intermolecular bonds treatment:
|     no_intermolecular_bonds =       1

| Energy averages sample interval:
|     ene_avg_sampling =   20000

Ewald parameters:
     verbose =       0, ew_type =       0, nbflag  =       1, use_pme =       1
     vdwmeth =       1, eedmeth =       1, netfrc  =       1
     Box X =  114.902   Box Y =  114.902   Box Z =  114.902
     Alpha =  109.471   Beta  =  109.471   Gamma =  109.471
     NFFT1 =  120       NFFT2 =  120       NFFT3 =  120
     Cutoff=    9.000   Tol   =0.100E-04
     Ewald Coefficient =  0.30768
     Interpolation order =    4

--------------------------------------------------------------------------------
   3.  ATOMIC COORDINATES AND VELOCITIES
--------------------------------------------------------------------------------

default_name                                                                    
 begin time read from input coords = 65040.000 ps

 
 Number of triangulated 3-point waters found:    31990

     Sum of charges from parm topology file =  -0.00000047
     Forcing neutrality...

| Dynamic Memory, Types Used:
| Reals             3080462
| Integers          3650456

| Nonbonded Pairs Initial Allocation:    23074056

| GPU memory information (estimate):
| KB of GPU memory in use:    789634
| KB of CPU memory in use:    210424

--------------------------------------------------------------------------------
   4.  RESULTS
--------------------------------------------------------------------------------

wrapping first mol.:      -76.60132       54.16532       93.81709

 NSTEP =    20000   TIME(PS) =   65080.000  TEMP(K) =   311.23  PRESS =     0.0
 Etot   =   -238385.3266  EKtot   =     63377.6562  EPtot      =   -301762.9828
 BOND   =      2123.6885  ANGLE   =      2413.6696  DIHED      =      1418.7001
 UB     =         0.0000  IMP     =         0.0000  CMAP       =       238.8379
 1-4 NB =      1172.3153  1-4 EEL =     15412.4173  VDWAALS    =     40133.7278
 EELEC  =   -364676.3394  EHBOND  =         0.0000  RESTRAINT  =         0.0000
 ------------------------------------------------------------------------------

wrapping first mol.:      -76.60132       54.16532       93.81709

 NSTEP =    40000   TIME(PS) =   65120.000  TEMP(K) =   311.08  PRESS =     0.0
 Etot   =   -238393.7489  EKtot   =     63347.3242  EPtot      =   -301741.0732
 BOND   =      2107.4895  ANGLE   =      2421.5719  DIHED      =      1419.8539
 UB     =         0.0000  IMP     =         0.0000  CMAP       =       248.1637
 1-4 NB =      1168.2548  1-4 EEL =     15431.5903  VDWAALS    =     40705.5753
 EELEC  =   -365243.5724  EHBOND  =         0.0000  RESTRAINT  =         0.0000
 ------------------------------------------------------------------------------

wrapping first mol.:      -76.60132       54.16532       93.81709

 NSTEP =    60000   TIME(PS) =   65160.000  TEMP(K) =   310.40  PRESS =     0.0
 Etot   =   -238896.9554  EKtot   =     63208.1445  EPtot      =   -302105.1000
 BOND   =      2059.0285  ANGLE   =      2393.1421  DIHED      =      1423.8215
 UB     =         0.0000  IMP     =         0.0000  CMAP       =       252.2503
 1-4 NB =      1174.0775  1-4 EEL =     15486.4282  VDWAALS    =     40469.8201
 EELEC  =   -365363.6682  EHBOND  =         0.0000  RESTRAINT  =         0.0000
 ------------------------------------------------------------------------------

wrapping first mol.:      -38.30066      -54.16531       93.81709

 NSTEP =    80000   TIME(PS) =   65200.000  TEMP(K) =   309.83  PRESS =     0.0
 Etot   =   -239398.8321  EKtot   =     63093.2891  EPtot      =   -302492.1211
 BOND   =      2077.5612  ANGLE   =      2418.3482  DIHED      =      1395.9769
 UB     =         0.0000  IMP     =         0.0000  CMAP       =       244.1220
 1-4 NB =      1191.6932  1-4 EEL =     15454.8760  VDWAALS    =     40983.1342
 EELEC  =   -366257.8328  EHBOND  =         0.0000  RESTRAINT  =         0.0000
 ------------------------------------------------------------------------------

wrapping first mol.:      -38.30066      -54.16531       93.81709

 NSTEP =   100000   TIME(PS) =   65240.000  TEMP(K) =   310.70  PRESS =     0.0
 Etot   =   -238508.9952  EKtot   =     63270.0312  EPtot      =   -301779.0264
 BOND   =      2121.5501  ANGLE   =      2386.3236  DIHED      =      1387.4936
 UB     =         0.0000  IMP     =         0.0000  CMAP       =       263.3188
 1-4 NB =      1151.5777  1-4 EEL =     15452.9979  VDWAALS    =     40566.9157
 EELEC  =   -365109.2037  EHBOND  =         0.0000  RESTRAINT  =         0.0000
 ------------------------------------------------------------------------------

wrapping first mol.:      -38.30066      -54.16531       93.81709

 NSTEP =   120000   TIME(PS) =   65280.000  TEMP(K) =   309.41  PRESS =     0.0
 Etot   =   -238394.8532  EKtot   =     63006.6680  EPtot      =   -301401.5211
 BOND   =      2114.0249  ANGLE   =      2366.8506  DIHED      =      1381.5685
 UB     =         0.0000  IMP     =         0.0000  CMAP       =       241.9894
 1-4 NB =      1149.4261  1-4 EEL =     15434.1499  VDWAALS    =     40517.2503
 EELEC  =   -364606.7808  EHBOND  =         0.0000  RESTRAINT  =         0.0000
 ------------------------------------------------------------------------------

wrapping first mol.:      -38.30066      -54.16531       93.81709

 NSTEP =   140000   TIME(PS) =   65320.000  TEMP(K) =   310.20  PRESS =     0.0
 Etot   =   -238628.3437  EKtot   =     63167.8438  EPtot      =   -301796.1875
 BOND   =      2098.3578  ANGLE   =      2486.0374  DIHED      =      1406.3643
 UB     =         0.0000  IMP     =         0.0000  CMAP       =       262.9213
 1-4 NB =      1154.8671  1-4 EEL =     15461.2489  VDWAALS    =     40381.8875
 EELEC  =   -365047.8718  EHBOND  =         0.0000  RESTRAINT  =         0.0000
 ------------------------------------------------------------------------------

wrapping first mol.:      -76.60132       54.16532       93.81709

 NSTEP =   160000   TIME(PS) =   65360.000  TEMP(K) =   309.61  PRESS =     0.0
 Etot   =   -238480.3591  EKtot   =     63047.7617  EPtot      =   -301528.1208
 BOND   =      2019.5744  ANGLE   =      2453.8930  DIHED      =      1465.9284
 UB     =         0.0000  IMP     =         0.0000  CMAP       =       257.1108
 1-4 NB =      1176.8988  1-4 EEL =     15441.0676  VDWAALS    =     40794.1269
 EELEC  =   -365136.7206  EHBOND  =         0.0000  RESTRAINT  =         0.0000
 ------------------------------------------------------------------------------

wrapping first mol.:      -76.60132       54.16532       93.81709

 NSTEP =   180000   TIME(PS) =   65400.000  TEMP(K) =   310.29  PRESS =     0.0
 Etot   =   -238911.1878  EKtot   =     63186.3516  EPtot      =   -302097.5394
 BOND   =      2124.3992  ANGLE   =      2405.6345  DIHED      =      1413.3417
 UB     =         0.0000  IMP     =         0.0000  CMAP       =       254.4937
 1-4 NB =      1169.1904  1-4 EEL =     15403.2548  VDWAALS    =     40620.4286
 EELEC  =   -365488.2823  EHBOND  =         0.0000  RESTRAINT  =         0.0000
 ------------------------------------------------------------------------------

wrapping first mol.:      -38.30066      -54.16531       93.81709

 NSTEP =   200000   TIME(PS) =   65440.000  TEMP(K) =   310.60  PRESS =     0.0
 Etot   =   -238234.7118  EKtot   =     63248.9141  EPtot      =   -301483.6259
 BOND   =      2114.6898  ANGLE   =      2415.8189  DIHED      =      1400.7570
 UB     =         0.0000  IMP     =         0.0000  CMAP       =       275.2606
 1-4 NB =      1183.0742  1-4 EEL =     15475.3911  VDWAALS    =     40913.2554
 EELEC  =   -365261.8727  EHBOND  =         0.0000  RESTRAINT  =         0.0000
 ------------------------------------------------------------------------------

wrapping first mol.:      -38.30066      -54.16531       93.81709

 NSTEP =   220000   TIME(PS) =   65480.000  TEMP(K) =   310.28  PRESS =     0.0
 Etot   =   -238759.2208  EKtot   =     63184.7305  EPtot      =   -301943.9512
 BOND   =      2076.6470  ANGLE   =      2385.6924  DIHED      =      1404.2352
 UB     =         0.0000  IMP     =         0.0000  CMAP       =       243.6925
 1-4 NB =      1196.3770  1-4 EEL =     15503.5995  VDWAALS    =     40898.3064
 EELEC  =   -365652.5011  EHBOND  =         0.0000  RESTRAINT  =         0.0000
 ------------------------------------------------------------------------------

wrapping first mol.:      -38.30066      -54.16531       93.81709

 NSTEP =   240000   TIME(PS) =   65520.000  TEMP(K) =   310.48  PRESS =     0.0
 Etot   =   -238969.2358  EKtot   =     63224.3750  EPtot      =   -302193.6108
 BOND   =      2110.4996  ANGLE   =      2462.1364  DIHED      =      1386.1922
 UB     =         0.0000  IMP     =         0.0000  CMAP       =       241.5623
 1-4 NB =      1196.9586  1-4 EEL =     15421.4937  VDWAALS    =     40604.2816
 EELEC  =   -365616.7353  EHBOND  =         0.0000  RESTRAINT  =         0.0000
 ------------------------------------------------------------------------------

wrapping first mol.:      -38.30066      -54.16531       93.81709

 NSTEP =   260000   TIME(PS) =   65560.000  TEMP(K) =   309.76  PRESS =     0.0
 Etot   =   -238510.2099  EKtot   =     63078.3672  EPtot      =   -301588.5771
 BOND   =      2084.3907  ANGLE   =      2394.9825  DIHED      =      1389.0801
 UB     =         0.0000  IMP     =         0.0000  CMAP       =       255.2559
 1-4 NB =      1177.5151  1-4 EEL =     15423.5399  VDWAALS    =     40077.3550
 EELEC  =   -364390.6963  EHBOND  =         0.0000  RESTRAINT  =         0.0000
 ------------------------------------------------------------------------------

wrapping first mol.:      -38.30066      -54.16531       93.81709

 NSTEP =   280000   TIME(PS) =   65600.000  TEMP(K) =   309.54  PRESS =     0.0
 Etot   =   -238270.1013  EKtot   =     63034.3203  EPtot      =   -301304.4216
 BOND   =      2102.8335  ANGLE   =      2461.6006  DIHED      =      1412.3406
 UB     =         0.0000  IMP     =         0.0000  CMAP       =       248.3542
 1-4 NB =      1201.3897  1-4 EEL =     15392.6798  VDWAALS    =     40670.0982
 EELEC  =   -364793.7182  EHBOND  =         0.0000  RESTRAINT  =         0.0000
 ------------------------------------------------------------------------------

wrapping first mol.:      -38.30066      -54.16531       93.81709

 NSTEP =   300000   TIME(PS) =   65640.000  TEMP(K) =   309.60  PRESS =     0.0
 Etot   =   -238807.8402  EKtot   =     63046.3125  EPtot      =   -301854.1527
 BOND   =      2086.9835  ANGLE   =      2461.7954  DIHED      =      1407.0117
 UB     =         0.0000  IMP     =         0.0000  CMAP       =       272.2692
 1-4 NB =      1169.9030  1-4 EEL =     15450.6932  VDWAALS    =     41337.3495
 EELEC  =   -366040.1584  EHBOND  =         0.0000  RESTRAINT  =         0.0000
 ------------------------------------------------------------------------------

wrapping first mol.:      -76.60132       54.16532       93.81709

 NSTEP =   320000   TIME(PS) =   65680.000  TEMP(K) =   309.99  PRESS =     0.0
 Etot   =   -238189.0287  EKtot   =     63124.6211  EPtot      =   -301313.6498
 BOND   =      2128.7269  ANGLE   =      2396.4738  DIHED      =      1358.3926
 UB     =         0.0000  IMP     =         0.0000  CMAP       =       270.5552
 1-4 NB =      1171.4149  1-4 EEL =     15320.7794  VDWAALS    =     40519.1904
 EELEC  =   -364479.1829  EHBOND  =         0.0000  RESTRAINT  =         0.0000
 ------------------------------------------------------------------------------

wrapping first mol.:      -38.30066      -54.16531       93.81709

 NSTEP =   340000   TIME(PS) =   65720.000  TEMP(K) =   310.30  PRESS =     0.0
 Etot   =   -238376.3671  EKtot   =     63189.0391  EPtot      =   -301565.4062
 BOND   =      2051.8150  ANGLE   =      2448.6963  DIHED      =      1370.1441
 UB     =         0.0000  IMP     =         0.0000  CMAP       =       264.1325
 1-4 NB =      1187.1282  1-4 EEL =     15369.2348  VDWAALS    =     40607.4848
 EELEC  =   -364864.0418  EHBOND  =         0.0000  RESTRAINT  =         0.0000
 ------------------------------------------------------------------------------

wrapping first mol.:      -76.60132       54.16532       93.81709

 NSTEP =   360000   TIME(PS) =   65760.000  TEMP(K) =   310.16  PRESS =     0.0
 Etot   =   -238622.5090  EKtot   =     63159.6680  EPtot      =   -301782.1769
 BOND   =      2103.9932  ANGLE   =      2356.9300  DIHED      =      1442.2448
 UB     =         0.0000  IMP     =         0.0000  CMAP       =       252.0739
 1-4 NB =      1219.7784  1-4 EEL =     15375.0737  VDWAALS    =     40901.6109
 EELEC  =   -365433.8819  EHBOND  =         0.0000  RESTRAINT  =         0.0000
 ------------------------------------------------------------------------------

wrapping first mol.:      -76.60132       54.16532       93.81709

 NSTEP =   380000   TIME(PS) =   65800.000  TEMP(K) =   309.29  PRESS =     0.0
 Etot   =   -238692.3864  EKtot   =     62982.3398  EPtot      =   -301674.7263
 BOND   =      2090.5240  ANGLE   =      2462.8365  DIHED      =      1454.6984
 UB     =         0.0000  IMP     =         0.0000  CMAP       =       254.9379
 1-4 NB =      1198.2531  1-4 EEL =     15399.6802  VDWAALS    =     40755.4769
 EELEC  =   -365291.1333  EHBOND  =         0.0000  RESTRAINT  =         0.0000
 ------------------------------------------------------------------------------

wrapping first mol.:      -76.60132       54.16532       93.81709

 NSTEP =   400000   TIME(PS) =   65840.000  TEMP(K) =   308.93  PRESS =     0.0
 Etot   =   -238720.1166  EKtot   =     62908.9570  EPtot      =   -301629.0737
 BOND   =      2077.3791  ANGLE   =      2403.7710  DIHED      =      1445.3219
 UB     =         0.0000  IMP     =         0.0000  CMAP       =       264.0115
 1-4 NB =      1169.7192  1-4 EEL =     15370.5760  VDWAALS    =     40356.8315
 EELEC  =   -364716.6839  EHBOND  =         0.0000  RESTRAINT  =         0.0000
 ------------------------------------------------------------------------------

wrapping first mol.:      -76.60132       54.16532       93.81709

 NSTEP =   420000   TIME(PS) =   65880.000  TEMP(K) =   310.93  PRESS =     0.0
 Etot   =   -238687.8805  EKtot   =     63317.3555  EPtot      =   -302005.2360
 BOND   =      2132.1289  ANGLE   =      2406.9256  DIHED      =      1362.9280
 UB     =         0.0000  IMP     =         0.0000  CMAP       =       232.6022
 1-4 NB =      1177.5830  1-4 EEL =     15375.7765  VDWAALS    =     40736.2238
 EELEC  =   -365429.4039  EHBOND  =         0.0000  RESTRAINT  =         0.0000
 ------------------------------------------------------------------------------

wrapping first mol.:      -76.60132       54.16532       93.81709

 NSTEP =   440000   TIME(PS) =   65920.000  TEMP(K) =   309.68  PRESS =     0.0
 Etot   =   -239145.3961  EKtot   =     63061.1055  EPtot      =   -302206.5015
 BOND   =      2087.0891  ANGLE   =      2394.3338  DIHED      =      1409.6684
 UB     =         0.0000  IMP     =         0.0000  CMAP       =       245.5890
 1-4 NB =      1176.2764  1-4 EEL =     15379.0417  VDWAALS    =     41321.8710
 EELEC  =   -366220.3709  EHBOND  =         0.0000  RESTRAINT  =         0.0000
 ------------------------------------------------------------------------------

wrapping first mol.:      -76.60132       54.16532       93.81709

 NSTEP =   460000   TIME(PS) =   65960.000  TEMP(K) =   310.91  PRESS =     0.0
 Etot   =   -239217.7130  EKtot   =     63312.2188  EPtot      =   -302529.9317
 BOND   =      2076.7484  ANGLE   =      2380.0636  DIHED      =      1394.5569
 UB     =         0.0000  IMP     =         0.0000  CMAP       =       248.6892
 1-4 NB =      1156.9663  1-4 EEL =     15413.5753  VDWAALS    =     40813.8610
 EELEC  =   -366014.3926  EHBOND  =         0.0000  RESTRAINT  =         0.0000
 ------------------------------------------------------------------------------

wrapping first mol.:      -76.60132       54.16532       93.81709

 NSTEP =   480000   TIME(PS) =   66000.000  TEMP(K) =   311.38  PRESS =     0.0
 Etot   =   -238452.2815  EKtot   =     63408.7734  EPtot      =   -301861.0549
 BOND   =      2058.2675  ANGLE   =      2437.4130  DIHED      =      1383.4033
 UB     =         0.0000  IMP     =         0.0000  CMAP       =       247.2331
 1-4 NB =      1188.1229  1-4 EEL =     15365.1871  VDWAALS    =     40935.7953
 EELEC  =   -365476.4771  EHBOND  =         0.0000  RESTRAINT  =         0.0000
 ------------------------------------------------------------------------------

wrapping first mol.:      -76.60132       54.16532       93.81709

 NSTEP =   500000   TIME(PS) =   66040.000  TEMP(K) =   309.40  PRESS =     0.0
 Etot   =   -239075.1537  EKtot   =     63004.7344  EPtot      =   -302079.8881
 BOND   =      2089.1636  ANGLE   =      2403.5887  DIHED      =      1421.0459
 UB     =         0.0000  IMP     =         0.0000  CMAP       =       241.6720
 1-4 NB =      1176.0173  1-4 EEL =     15306.5814  VDWAALS    =     41096.5804
 EELEC  =   -365814.5374  EHBOND  =         0.0000  RESTRAINT  =         0.0000
 ------------------------------------------------------------------------------

wrapping first mol.:      -76.60132       54.16532       93.81709

 NSTEP =   520000   TIME(PS) =   66080.000  TEMP(K) =   309.41  PRESS =     0.0
 Etot   =   -238832.9760  EKtot   =     63006.7422  EPtot      =   -301839.7182
 BOND   =      2076.2599  ANGLE   =      2428.8017  DIHED      =      1397.8904
 UB     =         0.0000  IMP     =         0.0000  CMAP       =       258.0928
 1-4 NB =      1151.8501  1-4 EEL =     15377.2525  VDWAALS    =     41091.1332
 EELEC  =   -365620.9987  EHBOND  =         0.0000  RESTRAINT  =         0.0000
 ------------------------------------------------------------------------------

wrapping first mol.:      -38.30066      -54.16531       93.81709

 NSTEP =   540000   TIME(PS) =   66120.000  TEMP(K) =   310.16  PRESS =     0.0
 Etot   =   -238649.2560  EKtot   =     63159.5469  EPtot      =   -301808.8029
 BOND   =      2091.4224  ANGLE   =      2432.9559  DIHED      =      1384.3585
 UB     =         0.0000  IMP     =         0.0000  CMAP       =       262.4785
 1-4 NB =      1148.3698  1-4 EEL =     15398.1392  VDWAALS    =     40616.3907
 EELEC  =   -365142.9180  EHBOND  =         0.0000  RESTRAINT  =         0.0000
 ------------------------------------------------------------------------------

wrapping first mol.:      -76.60132       54.16532       93.81709

 NSTEP =   560000   TIME(PS) =   66160.000  TEMP(K) =   308.12  PRESS =     0.0
 Etot   =   -238699.5307  EKtot   =     62743.3633  EPtot      =   -301442.8939
 BOND   =      2029.6068  ANGLE   =      2418.5542  DIHED      =      1428.7598
 UB     =         0.0000  IMP     =         0.0000  CMAP       =       245.1377
 1-4 NB =      1212.1181  1-4 EEL =     15469.2937  VDWAALS    =     40950.4165
 EELEC  =   -365196.7808  EHBOND  =         0.0000  RESTRAINT  =         0.0000
 ------------------------------------------------------------------------------

wrapping first mol.:      -38.30066      -54.16531       93.81709

 NSTEP =   580000   TIME(PS) =   66200.000  TEMP(K) =   309.91  PRESS =     0.0
 Etot   =   -238557.6621  EKtot   =     63108.6953  EPtot      =   -301666.3574
 BOND   =      2056.2983  ANGLE   =      2423.5969  DIHED      =      1429.3788
 UB     =         0.0000  IMP     =         0.0000  CMAP       =       228.1996
 1-4 NB =      1157.0588  1-4 EEL =     15406.3570  VDWAALS    =     40654.6566
 EELEC  =   -365021.9034  EHBOND  =         0.0000  RESTRAINT  =         0.0000
 ------------------------------------------------------------------------------

wrapping first mol.:      -38.30066      -54.16531       93.81709

 NSTEP =   600000   TIME(PS) =   66240.000  TEMP(K) =   309.59  PRESS =     0.0
 Etot   =   -239459.7187  EKtot   =     63042.5781  EPtot      =   -302502.2968
 BOND   =      2077.5449  ANGLE   =      2389.0702  DIHED      =      1418.0048
 UB     =         0.0000  IMP     =         0.0000  CMAP       =       252.6577
 1-4 NB =      1192.6181  1-4 EEL =     15451.1493  VDWAALS    =     40364.6450
 EELEC  =   -365647.9866  EHBOND  =         0.0000  RESTRAINT  =         0.0000
 ------------------------------------------------------------------------------

wrapping first mol.:      -38.30066      -54.16531       93.81709

 NSTEP =   620000   TIME(PS) =   66280.000  TEMP(K) =   309.50  PRESS =     0.0
 Etot   =   -238484.3262  EKtot   =     63024.8164  EPtot      =   -301509.1426
 BOND   =      2053.7289  ANGLE   =      2516.5697  DIHED      =      1406.9712
 UB     =         0.0000  IMP     =         0.0000  CMAP       =       255.1548
 1-4 NB =      1170.5380  1-4 EEL =     15402.7011  VDWAALS    =     40854.6756
 EELEC  =   -365169.4819  EHBOND  =         0.0000  RESTRAINT  =         0.0000
 ------------------------------------------------------------------------------

wrapping first mol.:      -38.30066      -54.16531       93.81709

 NSTEP =   640000   TIME(PS) =   66320.000  TEMP(K) =   309.91  PRESS =     0.0
 Etot   =   -238850.6114  EKtot   =     63108.9961  EPtot      =   -301959.6075
 BOND   =      2067.7283  ANGLE   =      2400.7166  DIHED      =      1399.9504
 UB     =         0.0000  IMP     =         0.0000  CMAP       =       259.9288
 1-4 NB =      1174.7083  1-4 EEL =     15401.6946  VDWAALS    =     41081.7277
 EELEC  =   -365746.0622  EHBOND  =         0.0000  RESTRAINT  =         0.0000
 ------------------------------------------------------------------------------

wrapping first mol.:      -38.30066      -54.16531       93.81709

 NSTEP =   660000   TIME(PS) =   66360.000  TEMP(K) =   311.38  PRESS =     0.0
 Etot   =   -238433.0089  EKtot   =     63407.0859  EPtot      =   -301840.0949
 BOND   =      2071.4683  ANGLE   =      2439.8884  DIHED      =      1383.3871
 UB     =         0.0000  IMP     =         0.0000  CMAP       =       258.5568
 1-4 NB =      1172.1935  1-4 EEL =     15380.5247  VDWAALS    =     40794.0647
 EELEC  =   -365340.1784  EHBOND  =         0.0000  RESTRAINT  =         0.0000
 ------------------------------------------------------------------------------

wrapping first mol.:      -76.60132       54.16532       93.81709

 NSTEP =   680000   TIME(PS) =   66400.000  TEMP(K) =   310.17  PRESS =     0.0
 Etot   =   -238471.0386  EKtot   =     63162.0312  EPtot      =   -301633.0699
 BOND   =      2095.0077  ANGLE   =      2450.1358  DIHED      =      1409.3879
 UB     =         0.0000  IMP     =         0.0000  CMAP       =       238.7884
 1-4 NB =      1187.2294  1-4 EEL =     15436.5107  VDWAALS    =     40692.9346
 EELEC  =   -365143.0646  EHBOND  =         0.0000  RESTRAINT  =         0.0000
 ------------------------------------------------------------------------------

wrapping first mol.:      -38.30066      -54.16531       93.81709

 NSTEP =   700000   TIME(PS) =   66440.000  TEMP(K) =   310.36  PRESS =     0.0
 Etot   =   -238312.4478  EKtot   =     63199.3359  EPtot      =   -301511.7837
 BOND   =      2148.4402  ANGLE   =      2463.9923  DIHED      =      1393.4485
 UB     =         0.0000  IMP     =         0.0000  CMAP       =       250.5967
 1-4 NB =      1190.9663  1-4 EEL =     15376.0350  VDWAALS    =     40344.4582
 EELEC  =   -364679.7209  EHBOND  =         0.0000  RESTRAINT  =         0.0000
 ------------------------------------------------------------------------------

wrapping first mol.:      -76.60132       54.16532       93.81709

 NSTEP =   720000   TIME(PS) =   66480.000  TEMP(K) =   310.55  PRESS =     0.0
 Etot   =   -238236.7182  EKtot   =     63239.9609  EPtot      =   -301476.6791
 BOND   =      2112.8528  ANGLE   =      2433.9894  DIHED      =      1389.8556
 UB     =         0.0000  IMP     =         0.0000  CMAP       =       229.0230
 1-4 NB =      1186.3369  1-4 EEL =     15323.2641  VDWAALS    =     40661.9515
 EELEC  =   -364813.9523  EHBOND  =         0.0000  RESTRAINT  =         0.0000
 ------------------------------------------------------------------------------

wrapping first mol.:      -76.60132       54.16532       93.81709

 NSTEP =   740000   TIME(PS) =   66520.000  TEMP(K) =   309.50  PRESS =     0.0
 Etot   =   -238888.5068  EKtot   =     63025.1758  EPtot      =   -301913.6826
 BOND   =      2060.1778  ANGLE   =      2437.5514  DIHED      =      1349.4234
 UB     =         0.0000  IMP     =         0.0000  CMAP       =       242.1186
 1-4 NB =      1185.5027  1-4 EEL =     15428.0414  VDWAALS    =     40968.7259
 EELEC  =   -365585.2238  EHBOND  =         0.0000  RESTRAINT  =         0.0000
 ------------------------------------------------------------------------------

wrapping first mol.:      -76.60132       54.16532       93.81709

 NSTEP =   760000   TIME(PS) =   66560.000  TEMP(K) =   309.06  PRESS =     0.0
 Etot   =   -238713.8152  EKtot   =     62936.4258  EPtot      =   -301650.2410
 BOND   =      2061.2562  ANGLE   =      2397.6037  DIHED      =      1447.0110
 UB     =         0.0000  IMP     =         0.0000  CMAP       =       229.1945
 1-4 NB =      1184.2996  1-4 EEL =     15354.5815  VDWAALS    =     40636.3984
 EELEC  =   -364960.5859  EHBOND  =         0.0000  RESTRAINT  =         0.0000
 ------------------------------------------------------------------------------

wrapping first mol.:      -38.30066      -54.16531       93.81709

 NSTEP =   780000   TIME(PS) =   66600.000  TEMP(K) =   309.22  PRESS =     0.0
 Etot   =   -238855.4905  EKtot   =     62967.7578  EPtot      =   -301823.2483
 BOND   =      2089.8585  ANGLE   =      2454.2804  DIHED      =      1431.8391
 UB     =         0.0000  IMP     =         0.0000  CMAP       =       252.1537
 1-4 NB =      1209.8607  1-4 EEL =     15401.4454  VDWAALS    =     40600.5420
 EELEC  =   -365263.2280  EHBOND  =         0.0000  RESTRAINT  =         0.0000
 ------------------------------------------------------------------------------

wrapping first mol.:      -76.60132       54.16532       93.81709

 NSTEP =   800000   TIME(PS) =   66640.000  TEMP(K) =   310.62  PRESS =     0.0
 Etot   =   -238571.8853  EKtot   =     63254.0898  EPtot      =   -301825.9752
 BOND   =      2131.9413  ANGLE   =      2397.9777  DIHED      =      1415.1489
 UB     =         0.0000  IMP     =         0.0000  CMAP       =       263.8922
 1-4 NB =      1203.0650  1-4 EEL =     15418.7738  VDWAALS    =     40784.7503
 EELEC  =   -365441.5243  EHBOND  =         0.0000  RESTRAINT  =         0.0000
 ------------------------------------------------------------------------------

wrapping first mol.:      -38.30066      -54.16531       93.81709

 NSTEP =   820000   TIME(PS) =   66680.000  TEMP(K) =   309.51  PRESS =     0.0
 Etot   =   -238716.8663  EKtot   =     63026.8633  EPtot      =   -301743.7296
 BOND   =      2129.9962  ANGLE   =      2405.9191  DIHED      =      1402.4117
 UB     =         0.0000  IMP     =         0.0000  CMAP       =       253.5604
 1-4 NB =      1166.2142  1-4 EEL =     15437.6444  VDWAALS    =     40894.2914
 EELEC  =   -365433.7670  EHBOND  =         0.0000  RESTRAINT  =         0.0000
 ------------------------------------------------------------------------------

wrapping first mol.:      -38.30066      -54.16531       93.81709

 NSTEP =   840000   TIME(PS) =   66720.000  TEMP(K) =   310.10  PRESS =     0.0
 Etot   =   -238654.9885  EKtot   =     63148.2617  EPtot      =   -301803.2502
 BOND   =      2068.8119  ANGLE   =      2446.7410  DIHED      =      1406.5907
 UB     =         0.0000  IMP     =         0.0000  CMAP       =       264.0023
 1-4 NB =      1184.8528  1-4 EEL =     15420.7752  VDWAALS    =     40659.9490
 EELEC  =   -365254.9731  EHBOND  =         0.0000  RESTRAINT  =         0.0000
 ------------------------------------------------------------------------------

wrapping first mol.:      -38.30066      -54.16531       93.81709

 NSTEP =   860000   TIME(PS) =   66760.000  TEMP(K) =   309.76  PRESS =     0.0
 Etot   =   -238489.6236  EKtot   =     63079.0039  EPtot      =   -301568.6275
 BOND   =      2081.5353  ANGLE   =      2495.6188  DIHED      =      1426.8541
 UB     =         0.0000  IMP     =         0.0000  CMAP       =       255.2283
 1-4 NB =      1165.3677  1-4 EEL =     15355.1998  VDWAALS    =     40425.1287
 EELEC  =   -364773.5604  EHBOND  =         0.0000  RESTRAINT  =         0.0000
 ------------------------------------------------------------------------------

wrapping first mol.:      -38.30066      -54.16531       93.81709

 NSTEP =   880000   TIME(PS) =   66800.000  TEMP(K) =   310.21  PRESS =     0.0
 Etot   =   -238561.3639  EKtot   =     63169.7617  EPtot      =   -301731.1257
 BOND   =      2087.2325  ANGLE   =      2524.1155  DIHED      =      1434.8771
 UB     =         0.0000  IMP     =         0.0000  CMAP       =       268.7847
 1-4 NB =      1180.5373  1-4 EEL =     15454.4373  VDWAALS    =     40217.1248
 EELEC  =   -364898.2349  EHBOND  =         0.0000  RESTRAINT  =         0.0000
 ------------------------------------------------------------------------------

wrapping first mol.:      -38.30066      -54.16531       93.81709

 NSTEP =   900000   TIME(PS) =   66840.000  TEMP(K) =   311.90  PRESS =     0.0
 Etot   =   -238469.7188  EKtot   =     63513.5977  EPtot      =   -301983.3164
 BOND   =      2104.1533  ANGLE   =      2395.4990  DIHED      =      1403.7255
 UB     =         0.0000  IMP     =         0.0000  CMAP       =       248.9767
 1-4 NB =      1195.4315  1-4 EEL =     15443.7938  VDWAALS    =     40833.2601
 EELEC  =   -365608.1564  EHBOND  =         0.0000  RESTRAINT  =         0.0000
 ------------------------------------------------------------------------------

wrapping first mol.:      -38.30066      -54.16531       93.81709

 NSTEP =   920000   TIME(PS) =   66880.000  TEMP(K) =   309.64  PRESS =     0.0
 Etot   =   -238337.9597  EKtot   =     63053.8281  EPtot      =   -301391.7879
 BOND   =      2106.7310  ANGLE   =      2465.4400  DIHED      =      1388.4193
 UB     =         0.0000  IMP     =         0.0000  CMAP       =       252.4811
 1-4 NB =      1174.8308  1-4 EEL =     15387.2515  VDWAALS    =     40486.4529
 EELEC  =   -364653.3946  EHBOND  =         0.0000  RESTRAINT  =         0.0000
 ------------------------------------------------------------------------------

wrapping first mol.:      -38.30066      -54.16531       93.81709

 NSTEP =   940000   TIME(PS) =   66920.000  TEMP(K) =   310.14  PRESS =     0.0
 Etot   =   -238794.4824  EKtot   =     63155.9648  EPtot      =   -301950.4473
 BOND   =      2058.4120  ANGLE   =      2423.6513  DIHED      =      1406.5249
 UB     =         0.0000  IMP     =         0.0000  CMAP       =       251.6618
 1-4 NB =      1138.6420  1-4 EEL =     15287.0223  VDWAALS    =     40233.7117
 EELEC  =   -364750.0733  EHBOND  =         0.0000  RESTRAINT  =         0.0000
 ------------------------------------------------------------------------------

wrapping first mol.:      -38.30066      -54.16531       93.81709

 NSTEP =   960000   TIME(PS) =   66960.000  TEMP(K) =   310.24  PRESS =     0.0
 Etot   =   -238631.1238  EKtot   =     63175.3789  EPtot      =   -301806.5027
 BOND   =      2103.3826  ANGLE   =      2422.7926  DIHED      =      1388.3829
 UB     =         0.0000  IMP     =         0.0000  CMAP       =       237.5324
 1-4 NB =      1206.6944  1-4 EEL =     15396.6308  VDWAALS    =     40961.3822
 EELEC  =   -365523.3005  EHBOND  =         0.0000  RESTRAINT  =         0.0000
 ------------------------------------------------------------------------------

wrapping first mol.:      -76.60132       54.16532       93.81709

 NSTEP =   980000   TIME(PS) =   67000.000  TEMP(K) =   308.56  PRESS =     0.0
 Etot   =   -239200.3646  EKtot   =     62833.9844  EPtot      =   -302034.3490
 BOND   =      2059.5051  ANGLE   =      2454.7814  DIHED      =      1361.0310
 UB     =         0.0000  IMP     =         0.0000  CMAP       =       271.0416
 1-4 NB =      1171.8169  1-4 EEL =     15502.8597  VDWAALS    =     41237.0254
 EELEC  =   -366092.4101  EHBOND  =         0.0000  RESTRAINT  =         0.0000
 ------------------------------------------------------------------------------

wrapping first mol.:      -76.60132       54.16532       93.81709

 NSTEP =  1000000   TIME(PS) =   67040.000  TEMP(K) =   310.11  PRESS =     0.0
 Etot   =   -238834.5561  EKtot   =     63149.9336  EPtot      =   -301984.4897
 BOND   =      2086.7231  ANGLE   =      2441.1565  DIHED      =      1411.8971
 UB     =         0.0000  IMP     =         0.0000  CMAP       =       245.7281
 1-4 NB =      1200.0677  1-4 EEL =     15412.7905  VDWAALS    =     40416.5501
 EELEC  =   -365199.4029  EHBOND  =         0.0000  RESTRAINT  =         0.0000
 ------------------------------------------------------------------------------

wrapping first mol.:      -76.60132       54.16532       93.81709

 NSTEP =  1020000   TIME(PS) =   67080.000  TEMP(K) =   310.05  PRESS =     0.0
 Etot   =   -238643.9124  EKtot   =     63137.0469  EPtot      =   -301780.9593
 BOND   =      2058.4467  ANGLE   =      2419.0267  DIHED      =      1396.9659
 UB     =         0.0000  IMP     =         0.0000  CMAP       =       261.1336
 1-4 NB =      1165.4270  1-4 EEL =     15329.0650  VDWAALS    =     40897.5970
 EELEC  =   -365308.6212  EHBOND  =         0.0000  RESTRAINT  =         0.0000
 ------------------------------------------------------------------------------

wrapping first mol.:      -76.60132       54.16532       93.81709

 NSTEP =  1040000   TIME(PS) =   67120.000  TEMP(K) =   309.10  PRESS =     0.0
 Etot   =   -238741.2349  EKtot   =     62943.8711  EPtot      =   -301685.1059
 BOND   =      2184.1954  ANGLE   =      2374.9757  DIHED      =      1442.5928
 UB     =         0.0000  IMP     =         0.0000  CMAP       =       270.7840
 1-4 NB =      1163.3085  1-4 EEL =     15422.7239  VDWAALS    =     40803.0830
 EELEC  =   -365346.7693  EHBOND  =         0.0000  RESTRAINT  =         0.0000
 ------------------------------------------------------------------------------

wrapping first mol.:      -76.60132       54.16532       93.81709

 NSTEP =  1060000   TIME(PS) =   67160.000  TEMP(K) =   310.89  PRESS =     0.0
 Etot   =   -238505.3985  EKtot   =     63308.1367  EPtot      =   -301813.5352
 BOND   =      2116.9602  ANGLE   =      2418.4451  DIHED      =      1410.4175
 UB     =         0.0000  IMP     =         0.0000  CMAP       =       265.4156
 1-4 NB =      1170.1489  1-4 EEL =     15452.3077  VDWAALS    =     40872.2166
 EELEC  =   -365519.4467  EHBOND  =         0.0000  RESTRAINT  =         0.0000
 ------------------------------------------------------------------------------

wrapping first mol.:      -38.30066      -54.16531       93.81709

 NSTEP =  1080000   TIME(PS) =   67200.000  TEMP(K) =   310.18  PRESS =     0.0
 Etot   =   -238413.3434  EKtot   =     63164.5156  EPtot      =   -301577.8590
 BOND   =      2077.6091  ANGLE   =      2385.7905  DIHED      =      1389.0066
 UB     =         0.0000  IMP     =         0.0000  CMAP       =       258.8837
 1-4 NB =      1203.3571  1-4 EEL =     15391.4678  VDWAALS    =     40749.3702
 EELEC  =   -365033.3441  EHBOND  =         0.0000  RESTRAINT  =         0.0000
 ------------------------------------------------------------------------------

wrapping first mol.:      -38.30066      -54.16531       93.81709

 NSTEP =  1100000   TIME(PS) =   67240.000  TEMP(K) =   310.37  PRESS =     0.0
 Etot   =   -238807.4809  EKtot   =     63202.4453  EPtot      =   -302009.9262
 BOND   =      2089.6763  ANGLE   =      2362.9916  DIHED      =      1408.4327
 UB     =         0.0000  IMP     =         0.0000  CMAP       =       255.1720
 1-4 NB =      1173.0362  1-4 EEL =     15396.7373  VDWAALS    =     40842.2396
 EELEC  =   -365538.2118  EHBOND  =         0.0000  RESTRAINT  =         0.0000
 ------------------------------------------------------------------------------

wrapping first mol.:      -38.30066      -54.16531       93.81709

 NSTEP =  1120000   TIME(PS) =   67280.000  TEMP(K) =   313.26  PRESS =     0.0
 Etot   =   -237926.3618  EKtot   =     63790.8945  EPtot      =   -301717.2564
 BOND   =      2165.8473  ANGLE   =      2454.6274  DIHED      =      1428.7717
 UB     =         0.0000  IMP     =         0.0000  CMAP       =       231.9780
 1-4 NB =      1177.7436  1-4 EEL =     15466.4191  VDWAALS    =     40958.3140
 EELEC  =   -365600.9575  EHBOND  =         0.0000  RESTRAINT  =         0.0000
 ------------------------------------------------------------------------------

wrapping first mol.:      -38.30066      -54.16531       93.81709

 NSTEP =  1140000   TIME(PS) =   67320.000  TEMP(K) =   309.50  PRESS =     0.0
 Etot   =   -238597.9213  EKtot   =     63025.2148  EPtot      =   -301623.1361
 BOND   =      2119.6786  ANGLE   =      2423.6770  DIHED      =      1447.2328
 UB     =         0.0000  IMP     =         0.0000  CMAP       =       255.6521
 1-4 NB =      1169.8823  1-4 EEL =     15470.0263  VDWAALS    =     40461.8956
 EELEC  =   -364971.1807  EHBOND  =         0.0000  RESTRAINT  =         0.0000
 ------------------------------------------------------------------------------

wrapping first mol.:      -38.30066      -54.16531       93.81709

 NSTEP =  1160000   TIME(PS) =   67360.000  TEMP(K) =   311.60  PRESS =     0.0
 Etot   =   -238625.6684  EKtot   =     63452.9883  EPtot      =   -302078.6567
 BOND   =      2044.7327  ANGLE   =      2441.3152  DIHED      =      1412.6397
 UB     =         0.0000  IMP     =         0.0000  CMAP       =       242.7388
 1-4 NB =      1176.6532  1-4 EEL =     15400.9942  VDWAALS    =     40732.4751
 EELEC  =   -365530.2057  EHBOND  =         0.0000  RESTRAINT  =         0.0000
 ------------------------------------------------------------------------------

wrapping first mol.:      -38.30066      -54.16531       93.81709

 NSTEP =  1180000   TIME(PS) =   67400.000  TEMP(K) =   310.06  PRESS =     0.0
 Etot   =   -238975.2394  EKtot   =     63139.0234  EPtot      =   -302114.2628
 BOND   =      2081.2185  ANGLE   =      2438.6279  DIHED      =      1419.8517
 UB     =         0.0000  IMP     =         0.0000  CMAP       =       245.5338
 1-4 NB =      1162.5415  1-4 EEL =     15458.3276  VDWAALS    =     40639.4959
 EELEC  =   -365559.8598  EHBOND  =         0.0000  RESTRAINT  =         0.0000
 ------------------------------------------------------------------------------

wrapping first mol.:      -38.30066      -54.16531       93.81709

 NSTEP =  1200000   TIME(PS) =   67440.000  TEMP(K) =   309.52  PRESS =     0.0
 Etot   =   -238455.7171  EKtot   =     63028.2500  EPtot      =   -301483.9671
 BOND   =      2162.6541  ANGLE   =      2419.0008  DIHED      =      1412.3191
 UB     =         0.0000  IMP     =         0.0000  CMAP       =       255.5139
 1-4 NB =      1184.2143  1-4 EEL =     15491.0909  VDWAALS    =     40724.3928
 EELEC  =   -365133.1530  EHBOND  =         0.0000  RESTRAINT  =         0.0000
 ------------------------------------------------------------------------------

wrapping first mol.:      -38.30066      -54.16531       93.81709

 NSTEP =  1220000   TIME(PS) =   67480.000  TEMP(K) =   307.79  PRESS =     0.0
 Etot   =   -239361.8501  EKtot   =     62677.3516  EPtot      =   -302039.2017
 BOND   =      2066.7479  ANGLE   =      2468.6369  DIHED      =      1418.9656
 UB     =         0.0000  IMP     =         0.0000  CMAP       =       246.8688
 1-4 NB =      1197.1824  1-4 EEL =     15451.5849  VDWAALS    =     40644.8793
 EELEC  =   -365534.0673  EHBOND  =         0.0000  RESTRAINT  =         0.0000
 ------------------------------------------------------------------------------

wrapping first mol.:      -38.30066      -54.16531       93.81709

 NSTEP =  1240000   TIME(PS) =   67520.000  TEMP(K) =   310.08  PRESS =     0.0
 Etot   =   -239208.3374  EKtot   =     63143.5938  EPtot      =   -302351.9312
 BOND   =      2089.9123  ANGLE   =      2388.3741  DIHED      =      1412.0750
 UB     =         0.0000  IMP     =         0.0000  CMAP       =       247.3680
 1-4 NB =      1177.0657  1-4 EEL =     15438.6261  VDWAALS    =     41164.4282
 EELEC  =   -366269.7804  EHBOND  =         0.0000  RESTRAINT  =         0.0000
 ------------------------------------------------------------------------------

wrapping first mol.:      -38.30066      -54.16531       93.81709

 NSTEP =  1260000   TIME(PS) =   67560.000  TEMP(K) =   311.08  PRESS =     0.0
 Etot   =   -238392.8269  EKtot   =     63346.3789  EPtot      =   -301739.2058
 BOND   =      2138.1002  ANGLE   =      2431.4907  DIHED      =      1422.9962
 UB     =         0.0000  IMP     =         0.0000  CMAP       =       258.3087
 1-4 NB =      1186.1738  1-4 EEL =     15494.6043  VDWAALS    =     40445.2397
 EELEC  =   -365116.1195  EHBOND  =         0.0000  RESTRAINT  =         0.0000
 ------------------------------------------------------------------------------

wrapping first mol.:      -38.30066      -54.16531       93.81709

 NSTEP =  1280000   TIME(PS) =   67600.000  TEMP(K) =   310.27  PRESS =     0.0
 Etot   =   -238294.4992  EKtot   =     63181.4414  EPtot      =   -301475.9407
 BOND   =      2112.8764  ANGLE   =      2458.0806  DIHED      =      1407.1844
 UB     =         0.0000  IMP     =         0.0000  CMAP       =       259.3234
 1-4 NB =      1173.3670  1-4 EEL =     15463.9340  VDWAALS    =     40964.0569
 EELEC  =   -365314.7633  EHBOND  =         0.0000  RESTRAINT  =         0.0000
 ------------------------------------------------------------------------------

wrapping first mol.:      -38.30066      -54.16531       93.81709

 NSTEP =  1300000   TIME(PS) =   67640.000  TEMP(K) =   312.07  PRESS =     0.0
 Etot   =   -238171.6076  EKtot   =     63549.1055  EPtot      =   -301720.7130
 BOND   =      2082.5726  ANGLE   =      2407.4248  DIHED      =      1417.4006
 UB     =         0.0000  IMP     =         0.0000  CMAP       =       266.2187
 1-4 NB =      1197.4947  1-4 EEL =     15392.7665  VDWAALS    =     40715.8564
 EELEC  =   -365200.4474  EHBOND  =         0.0000  RESTRAINT  =         0.0000
 ------------------------------------------------------------------------------

wrapping first mol.:      -38.30066      -54.16531       93.81709

 NSTEP =  1320000   TIME(PS) =   67680.000  TEMP(K) =   311.02  PRESS =     0.0
 Etot   =   -238772.0241  EKtot   =     63333.7031  EPtot      =   -302105.7273
 BOND   =      2089.9925  ANGLE   =      2375.5547  DIHED      =      1446.7557
 UB     =         0.0000  IMP     =         0.0000  CMAP       =       272.3949
 1-4 NB =      1174.8163  1-4 EEL =     15455.6624  VDWAALS    =     40634.3591
 EELEC  =   -365555.2627  EHBOND  =         0.0000  RESTRAINT  =         0.0000
 ------------------------------------------------------------------------------

wrapping first mol.:      -38.30066      -54.16531       93.81709

 NSTEP =  1340000   TIME(PS) =   67720.000  TEMP(K) =   310.46  PRESS =     0.0
 Etot   =   -238814.3077  EKtot   =     63221.2539  EPtot      =   -302035.5616
 BOND   =      2122.5086  ANGLE   =      2368.5534  DIHED      =      1404.7714
 UB     =         0.0000  IMP     =         0.0000  CMAP       =       261.9514
 1-4 NB =      1180.7280  1-4 EEL =     15465.9201  VDWAALS    =     40629.9464
 EELEC  =   -365469.9408  EHBOND  =         0.0000  RESTRAINT  =         0.0000
 ------------------------------------------------------------------------------

wrapping first mol.:      -38.30066      -54.16531       93.81709

 NSTEP =  1360000   TIME(PS) =   67760.000  TEMP(K) =   309.60  PRESS =     0.0
 Etot   =   -239068.6786  EKtot   =     63044.8477  EPtot      =   -302113.5263
 BOND   =      2083.3548  ANGLE   =      2427.1474  DIHED      =      1391.4521
 UB     =         0.0000  IMP     =         0.0000  CMAP       =       258.7198
 1-4 NB =      1187.6158  1-4 EEL =     15421.4364  VDWAALS    =     40328.9392
 EELEC  =   -365212.1918  EHBOND  =         0.0000  RESTRAINT  =         0.0000
 ------------------------------------------------------------------------------

wrapping first mol.:      -38.30066      -54.16531       93.81709

 NSTEP =  1380000   TIME(PS) =   67800.000  TEMP(K) =   311.20  PRESS =     0.0
 Etot   =   -238416.8679  EKtot   =     63371.5547  EPtot      =   -301788.4226
 BOND   =      2046.0058  ANGLE   =      2476.7258  DIHED      =      1385.6258
 UB     =         0.0000  IMP     =         0.0000  CMAP       =       259.1157
 1-4 NB =      1193.9100  1-4 EEL =     15407.6592  VDWAALS    =     41059.3917
 EELEC  =   -365616.8565  EHBOND  =         0.0000  RESTRAINT  =         0.0000
 ------------------------------------------------------------------------------

wrapping first mol.:      -38.30066      -54.16531       93.81709

 NSTEP =  1400000   TIME(PS) =   67840.000  TEMP(K) =   309.01  PRESS =     0.0
 Etot   =   -238911.1689  EKtot   =     62925.5391  EPtot      =   -301836.7080
 BOND   =      2085.2732  ANGLE   =      2427.4546  DIHED      =      1411.9908
 UB     =         0.0000  IMP     =         0.0000  CMAP       =       252.1496
 1-4 NB =      1180.6647  1-4 EEL =     15384.1731  VDWAALS    =     40956.1053
 EELEC  =   -365534.5191  EHBOND  =         0.0000  RESTRAINT  =         0.0000
 ------------------------------------------------------------------------------

wrapping first mol.:      -38.30066      -54.16531       93.81709

 NSTEP =  1420000   TIME(PS) =   67880.000  TEMP(K) =   309.92  PRESS =     0.0
 Etot   =   -238510.3983  EKtot   =     63110.9062  EPtot      =   -301621.3045
 BOND   =      2103.4745  ANGLE   =      2404.7842  DIHED      =      1407.0850
 UB     =         0.0000  IMP     =         0.0000  CMAP       =       255.6472
 1-4 NB =      1164.4339  1-4 EEL =     15366.5348  VDWAALS    =     41180.1090
 EELEC  =   -365503.3732  EHBOND  =         0.0000  RESTRAINT  =         0.0000
 ------------------------------------------------------------------------------

wrapping first mol.:      -38.30066      -54.16531       93.81709

 NSTEP =  1440000   TIME(PS) =   67920.000  TEMP(K) =   310.15  PRESS =     0.0
 Etot   =   -238652.3094  EKtot   =     63158.4805  EPtot      =   -301810.7898
 BOND   =      2094.0325  ANGLE   =      2412.0860  DIHED      =      1366.5855
 UB     =         0.0000  IMP     =         0.0000  CMAP       =       260.9029
 1-4 NB =      1172.5568  1-4 EEL =     15342.3376  VDWAALS    =     41123.2340
 EELEC  =   -365582.5252  EHBOND  =         0.0000  RESTRAINT  =         0.0000
 ------------------------------------------------------------------------------

wrapping first mol.:      -38.30066      -54.16531       93.81709

 NSTEP =  1460000   TIME(PS) =   67960.000  TEMP(K) =   310.63  PRESS =     0.0
 Etot   =   -238549.3839  EKtot   =     63255.2852  EPtot      =   -301804.6690
 BOND   =      2098.5981  ANGLE   =      2377.0839  DIHED      =      1398.1357
 UB     =         0.0000  IMP     =         0.0000  CMAP       =       273.6017
 1-4 NB =      1170.6526  1-4 EEL =     15378.2931  VDWAALS    =     41014.0265
 EELEC  =   -365515.0607  EHBOND  =         0.0000  RESTRAINT  =         0.0000
 ------------------------------------------------------------------------------

wrapping first mol.:      -38.30066      -54.16531       93.81709

 NSTEP =  1480000   TIME(PS) =   68000.000  TEMP(K) =   309.49  PRESS =     0.0
 Etot   =   -238836.1302  EKtot   =     63023.7734  EPtot      =   -301859.9036
 BOND   =      2118.5670  ANGLE   =      2449.4695  DIHED      =      1373.7194
 UB     =         0.0000  IMP     =         0.0000  CMAP       =       240.9520
 1-4 NB =      1190.0350  1-4 EEL =     15444.9207  VDWAALS    =     40556.7693
 EELEC  =   -365234.3365  EHBOND  =         0.0000  RESTRAINT  =         0.0000
 ------------------------------------------------------------------------------

wrapping first mol.:      -38.30066      -54.16531       93.81709

 NSTEP =  1500000   TIME(PS) =   68040.000  TEMP(K) =   312.02  PRESS =     0.0
 Etot   =   -238135.2210  EKtot   =     63537.8281  EPtot      =   -301673.0491
 BOND   =      2026.4892  ANGLE   =      2444.0135  DIHED      =      1380.5696
 UB     =         0.0000  IMP     =         0.0000  CMAP       =       259.4953
 1-4 NB =      1180.7629  1-4 EEL =     15298.5557  VDWAALS    =     40972.9403
 EELEC  =   -365235.8756  EHBOND  =         0.0000  RESTRAINT  =         0.0000
 ------------------------------------------------------------------------------

wrapping first mol.:      -38.30066      -54.16531       93.81709

 NSTEP =  1520000   TIME(PS) =   68080.000  TEMP(K) =   308.61  PRESS =     0.0
 Etot   =   -239374.7840  EKtot   =     62844.1094  EPtot      =   -302218.8934
 BOND   =      2082.6791  ANGLE   =      2379.4930  DIHED      =      1364.4244
 UB     =         0.0000  IMP     =         0.0000  CMAP       =       254.4127
 1-4 NB =      1207.4984  1-4 EEL =     15394.6214  VDWAALS    =     40568.2560
 EELEC  =   -365470.2784  EHBOND  =         0.0000  RESTRAINT  =         0.0000
 ------------------------------------------------------------------------------

wrapping first mol.:      -38.30066      -54.16531       93.81709

 NSTEP =  1540000   TIME(PS) =   68120.000  TEMP(K) =   308.51  PRESS =     0.0
 Etot   =   -238939.2238  EKtot   =     62824.4336  EPtot      =   -301763.6574
 BOND   =      2082.6541  ANGLE   =      2436.3275  DIHED      =      1382.7209
 UB     =         0.0000  IMP     =         0.0000  CMAP       =       263.1708
 1-4 NB =      1184.1951  1-4 EEL =     15394.4526  VDWAALS    =     40548.9626
 EELEC  =   -365056.1410  EHBOND  =         0.0000  RESTRAINT  =         0.0000
 ------------------------------------------------------------------------------

wrapping first mol.:      -38.30066      -54.16531       93.81709

 NSTEP =  1560000   TIME(PS) =   68160.000  TEMP(K) =   309.80  PRESS =     0.0
 Etot   =   -238929.5723  EKtot   =     63086.5781  EPtot      =   -302016.1504
 BOND   =      2067.7830  ANGLE   =      2459.6715  DIHED      =      1417.0901
 UB     =         0.0000  IMP     =         0.0000  CMAP       =       243.9627
 1-4 NB =      1183.8746  1-4 EEL =     15323.5165  VDWAALS    =     40868.0884
 EELEC  =   -365580.1373  EHBOND  =         0.0000  RESTRAINT  =         0.0000
 ------------------------------------------------------------------------------

wrapping first mol.:      -38.30066      -54.16531       93.81709

 NSTEP =  1580000   TIME(PS) =   68200.000  TEMP(K) =   310.57  PRESS =     0.0
 Etot   =   -238752.3848  EKtot   =     63242.1211  EPtot      =   -301994.5059
 BOND   =      2124.4902  ANGLE   =      2334.7543  DIHED      =      1386.1197
 UB     =         0.0000  IMP     =         0.0000  CMAP       =       258.6894
 1-4 NB =      1185.8017  1-4 EEL =     15395.3802  VDWAALS    =     40466.4178
 EELEC  =   -365146.1592  EHBOND  =         0.0000  RESTRAINT  =         0.0000
 ------------------------------------------------------------------------------

wrapping first mol.:      -38.30066      -54.16531       93.81709

 NSTEP =  1600000   TIME(PS) =   68240.000  TEMP(K) =   312.02  PRESS =     0.0
 Etot   =   -238251.3187  EKtot   =     63537.9141  EPtot      =   -301789.2327
 BOND   =      2061.9299  ANGLE   =      2351.4044  DIHED      =      1380.9830
 UB     =         0.0000  IMP     =         0.0000  CMAP       =       241.7439
 1-4 NB =      1209.4264  1-4 EEL =     15306.7920  VDWAALS    =     40441.1619
 EELEC  =   -364782.6742  EHBOND  =         0.0000  RESTRAINT  =         0.0000
 ------------------------------------------------------------------------------

wrapping first mol.:      -38.30066      -54.16531       93.81709

 NSTEP =  1620000   TIME(PS) =   68280.000  TEMP(K) =   309.62  PRESS =     0.0
 Etot   =   -238147.7025  EKtot   =     63049.1211  EPtot      =   -301196.8236
 BOND   =      2062.4333  ANGLE   =      2433.4285  DIHED      =      1394.5660
 UB     =         0.0000  IMP     =         0.0000  CMAP       =       250.3316
 1-4 NB =      1170.5600  1-4 EEL =     15334.2448  VDWAALS    =     40139.1981
 EELEC  =   -363981.5859  EHBOND  =         0.0000  RESTRAINT  =         0.0000
 ------------------------------------------------------------------------------

wrapping first mol.:      -38.30066      -54.16531       93.81709

 NSTEP =  1640000   TIME(PS) =   68320.000  TEMP(K) =   309.26  PRESS =     0.0
 Etot   =   -238767.4115  EKtot   =     62975.9844  EPtot      =   -301743.3958
 BOND   =      2089.6057  ANGLE   =      2385.4530  DIHED      =      1397.1453
 UB     =         0.0000  IMP     =         0.0000  CMAP       =       245.0193
 1-4 NB =      1184.1863  1-4 EEL =     15355.7019  VDWAALS    =     40582.1846
 EELEC  =   -364982.6919  EHBOND  =         0.0000  RESTRAINT  =         0.0000
 ------------------------------------------------------------------------------

wrapping first mol.:      -38.30066      -54.16531       93.81709

 NSTEP =  1660000   TIME(PS) =   68360.000  TEMP(K) =   310.44  PRESS =     0.0
 Etot   =   -238652.1271  EKtot   =     63216.9609  EPtot      =   -301869.0880
 BOND   =      2088.0963  ANGLE   =      2392.0620  DIHED      =      1387.7933
 UB     =         0.0000  IMP     =         0.0000  CMAP       =       257.1073
 1-4 NB =      1196.0522  1-4 EEL =     15384.2304  VDWAALS    =     40632.3879
 EELEC  =   -365206.8176  EHBOND  =         0.0000  RESTRAINT  =         0.0000
 ------------------------------------------------------------------------------

wrapping first mol.:      -38.30066      -54.16531       93.81709

 NSTEP =  1680000   TIME(PS) =   68400.000  TEMP(K) =   310.27  PRESS =     0.0
 Etot   =   -238563.3090  EKtot   =     63181.9609  EPtot      =   -301745.2699
 BOND   =      2065.8679  ANGLE   =      2489.5166  DIHED      =      1386.8128
 UB     =         0.0000  IMP     =         0.0000  CMAP       =       248.8721
 1-4 NB =      1192.9689  1-4 EEL =     15359.0730  VDWAALS    =     40809.2596
 EELEC  =   -365297.6408  EHBOND  =         0.0000  RESTRAINT  =         0.0000
 ------------------------------------------------------------------------------

wrapping first mol.:      -38.30066      -54.16531       93.81709

 NSTEP =  1700000   TIME(PS) =   68440.000  TEMP(K) =   310.63  PRESS =     0.0
 Etot   =   -238719.4710  EKtot   =     63254.6953  EPtot      =   -301974.1663
 BOND   =      2073.2065  ANGLE   =      2371.3151  DIHED      =      1405.1359
 UB     =         0.0000  IMP     =         0.0000  CMAP       =       236.9552
 1-4 NB =      1172.9784  1-4 EEL =     15303.4493  VDWAALS    =     40645.4697
 EELEC  =   -365182.6764  EHBOND  =         0.0000  RESTRAINT  =         0.0000
 ------------------------------------------------------------------------------

wrapping first mol.:      -38.30066      -54.16531       93.81709

 NSTEP =  1720000   TIME(PS) =   68480.000  TEMP(K) =   309.91  PRESS =     0.0
 Etot   =   -238528.5960  EKtot   =     63108.1094  EPtot      =   -301636.7053
 BOND   =      2082.4887  ANGLE   =      2386.8141  DIHED      =      1406.3899
 UB     =         0.0000  IMP     =         0.0000  CMAP       =       273.6604
 1-4 NB =      1166.2556  1-4 EEL =     15335.3797  VDWAALS    =     40881.7279
 EELEC  =   -365169.4216  EHBOND  =         0.0000  RESTRAINT  =         0.0000
 ------------------------------------------------------------------------------

wrapping first mol.:      -38.30066      -54.16531       93.81709

 NSTEP =  1740000   TIME(PS) =   68520.000  TEMP(K) =   310.71  PRESS =     0.0
 Etot   =   -238269.4969  EKtot   =     63271.6133  EPtot      =   -301541.1102
 BOND   =      2152.1806  ANGLE   =      2466.9212  DIHED      =      1361.6139
 UB     =         0.0000  IMP     =         0.0000  CMAP       =       268.9645
 1-4 NB =      1174.4191  1-4 EEL =     15398.2398  VDWAALS    =     40747.4942
 EELEC  =   -365110.9435  EHBOND  =         0.0000  RESTRAINT  =         0.0000
 ------------------------------------------------------------------------------

wrapping first mol.:      -38.30066      -54.16531       93.81709

 NSTEP =  1760000   TIME(PS) =   68560.000  TEMP(K) =   310.14  PRESS =     0.0
 Etot   =   -238578.1764  EKtot   =     63156.0078  EPtot      =   -301734.1842
 BOND   =      2112.4095  ANGLE   =      2420.0536  DIHED      =      1434.0788
 UB     =         0.0000  IMP     =         0.0000  CMAP       =       268.5529
 1-4 NB =      1159.1476  1-4 EEL =     15458.3923  VDWAALS    =     40856.8851
 EELEC  =   -365443.7040  EHBOND  =         0.0000  RESTRAINT  =         0.0000
 ------------------------------------------------------------------------------

wrapping first mol.:      -38.30066      -54.16531       93.81709

 NSTEP =  1780000   TIME(PS) =   68600.000  TEMP(K) =   311.45  PRESS =     0.0
 Etot   =   -238804.5428  EKtot   =     63422.1328  EPtot      =   -302226.6756
 BOND   =      2045.5819  ANGLE   =      2420.4826  DIHED      =      1401.4552
 UB     =         0.0000  IMP     =         0.0000  CMAP       =       255.7203
 1-4 NB =      1171.1416  1-4 EEL =     15323.4315  VDWAALS    =     40739.5770
 EELEC  =   -365584.0657  EHBOND  =         0.0000  RESTRAINT  =         0.0000
 ------------------------------------------------------------------------------

wrapping first mol.:      -38.30066      -54.16531       93.81709

 NSTEP =  1800000   TIME(PS) =   68640.000  TEMP(K) =   310.02  PRESS =     0.0
 Etot   =   -238619.4366  EKtot   =     63132.0156  EPtot      =   -301751.4523
 BOND   =      2109.5312  ANGLE   =      2424.0807  DIHED      =      1433.7950
 UB     =         0.0000  IMP     =         0.0000  CMAP       =       264.5630
 1-4 NB =      1180.4409  1-4 EEL =     15362.8128  VDWAALS    =     40751.1042
 EELEC  =   -365277.7800  EHBOND  =         0.0000  RESTRAINT  =         0.0000
 ------------------------------------------------------------------------------

wrapping first mol.:      -38.30066      -54.16531       93.81709

 NSTEP =  1820000   TIME(PS) =   68680.000  TEMP(K) =   309.47  PRESS =     0.0
 Etot   =   -239104.9519  EKtot   =     63019.2305  EPtot      =   -302124.1824
 BOND   =      2024.3037  ANGLE   =      2472.4260  DIHED      =      1409.5546
 UB     =         0.0000  IMP     =         0.0000  CMAP       =       261.5612
 1-4 NB =      1183.4555  1-4 EEL =     15397.4707  VDWAALS    =     40589.3895
 EELEC  =   -365462.3435  EHBOND  =         0.0000  RESTRAINT  =         0.0000
 ------------------------------------------------------------------------------

wrapping first mol.:      -38.30066      -54.16531       93.81709

 NSTEP =  1840000   TIME(PS) =   68720.000  TEMP(K) =   309.95  PRESS =     0.0
 Etot   =   -238707.9362  EKtot   =     63117.7617  EPtot      =   -301825.6979
 BOND   =      2105.1444  ANGLE   =      2394.6760  DIHED      =      1384.2358
 UB     =         0.0000  IMP     =         0.0000  CMAP       =       252.0817
 1-4 NB =      1192.4874  1-4 EEL =     15397.8497  VDWAALS    =     40794.4349
 EELEC  =   -365346.6078  EHBOND  =         0.0000  RESTRAINT  =         0.0000
 ------------------------------------------------------------------------------

wrapping first mol.:      -38.30066      -54.16531       93.81709

 NSTEP =  1860000   TIME(PS) =   68760.000  TEMP(K) =   311.08  PRESS =     0.0
 Etot   =   -238143.8059  EKtot   =     63346.6562  EPtot      =   -301490.4621
 BOND   =      2059.3400  ANGLE   =      2440.3864  DIHED      =      1419.5433
 UB     =         0.0000  IMP     =         0.0000  CMAP       =       254.2238
 1-4 NB =      1187.9959  1-4 EEL =     15420.1164  VDWAALS    =     40837.5108
 EELEC  =   -365109.5787  EHBOND  =         0.0000  RESTRAINT  =         0.0000
 ------------------------------------------------------------------------------

wrapping first mol.:      -38.30066      -54.16531       93.81709

 NSTEP =  1880000   TIME(PS) =   68800.000  TEMP(K) =   309.95  PRESS =     0.0
 Etot   =   -238990.0985  EKtot   =     63115.9258  EPtot      =   -302106.0243
 BOND   =      2074.1035  ANGLE   =      2394.6589  DIHED      =      1380.0108
 UB     =         0.0000  IMP     =         0.0000  CMAP       =       243.6333
 1-4 NB =      1206.4348  1-4 EEL =     15402.3625  VDWAALS    =     40874.3019
 EELEC  =   -365681.5300  EHBOND  =         0.0000  RESTRAINT  =         0.0000
 ------------------------------------------------------------------------------

wrapping first mol.:      -38.30066      -54.16531       93.81709

 NSTEP =  1900000   TIME(PS) =   68840.000  TEMP(K) =   311.27  PRESS =     0.0
 Etot   =   -238733.7871  EKtot   =     63384.8672  EPtot      =   -302118.6543
 BOND   =      2060.7929  ANGLE   =      2382.9318  DIHED      =      1392.6117
 UB     =         0.0000  IMP     =         0.0000  CMAP       =       237.8172
 1-4 NB =      1177.2137  1-4 EEL =     15415.1929  VDWAALS    =     40770.2490
 EELEC  =   -365555.4634  EHBOND  =         0.0000  RESTRAINT  =         0.0000
 ------------------------------------------------------------------------------

wrapping first mol.:      -38.30066      -54.16531       93.81709

 NSTEP =  1920000   TIME(PS) =   68880.000  TEMP(K) =   309.62  PRESS =     0.0
 Etot   =   -239301.1029  EKtot   =     63049.5312  EPtot      =   -302350.6342
 BOND   =      2101.0505  ANGLE   =      2441.3375  DIHED      =      1390.8984
 UB     =         0.0000  IMP     =         0.0000  CMAP       =       240.9685
 1-4 NB =      1175.5855  1-4 EEL =     15403.3355  VDWAALS    =     41089.6173
 EELEC  =   -366193.4273  EHBOND  =         0.0000  RESTRAINT  =         0.0000
 ------------------------------------------------------------------------------

wrapping first mol.:      -38.30066      -54.16531       93.81709

 NSTEP =  1940000   TIME(PS) =   68920.000  TEMP(K) =   309.82  PRESS =     0.0
 Etot   =   -238781.3730  EKtot   =     63090.9375  EPtot      =   -301872.3105
 BOND   =      2013.7999  ANGLE   =      2422.6409  DIHED      =      1372.1939
 UB     =         0.0000  IMP     =         0.0000  CMAP       =       240.2187
 1-4 NB =      1198.6808  1-4 EEL =     15413.1306  VDWAALS    =     41107.9801
 EELEC  =   -365640.9554  EHBOND  =         0.0000  RESTRAINT  =         0.0000
 ------------------------------------------------------------------------------

wrapping first mol.:      -38.30066      -54.16531       93.81709

 NSTEP =  1960000   TIME(PS) =   68960.000  TEMP(K) =   309.27  PRESS =     0.0
 Etot   =   -238237.1470  EKtot   =     62978.3164  EPtot      =   -301215.4634
 BOND   =      2060.5320  ANGLE   =      2302.0641  DIHED      =      1411.0301
 UB     =         0.0000  IMP     =         0.0000  CMAP       =       241.7674
 1-4 NB =      1177.8992  1-4 EEL =     15396.2043  VDWAALS    =     41018.5532
 EELEC  =   -364823.5138  EHBOND  =         0.0000  RESTRAINT  =         0.0000
 ------------------------------------------------------------------------------

wrapping first mol.:      -38.30066      -54.16531       93.81709

 NSTEP =  1980000   TIME(PS) =   69000.000  TEMP(K) =   309.60  PRESS =     0.0
 Etot   =   -238870.2073  EKtot   =     63044.9102  EPtot      =   -301915.1174
 BOND   =      2103.4918  ANGLE   =      2487.0972  DIHED      =      1400.6306
 UB     =         0.0000  IMP     =         0.0000  CMAP       =       251.0227
 1-4 NB =      1205.4159  1-4 EEL =     15378.4752  VDWAALS    =     40862.0303
 EELEC  =   -365603.2811  EHBOND  =         0.0000  RESTRAINT  =         0.0000
 ------------------------------------------------------------------------------

wrapping first mol.:      -38.30066      -54.16531       93.81709

 NSTEP =  2000000   TIME(PS) =   69040.000  TEMP(K) =   310.18  PRESS =     0.0
 Etot   =   -238812.9218  EKtot   =     63164.0117  EPtot      =   -301976.9336
 BOND   =      2075.7575  ANGLE   =      2341.9909  DIHED      =      1402.5478
 UB     =         0.0000  IMP     =         0.0000  CMAP       =       255.0846
 1-4 NB =      1178.5508  1-4 EEL =     15338.8440  VDWAALS    =     40970.3420
 EELEC  =   -365540.0512  EHBOND  =         0.0000  RESTRAINT  =         0.0000
 ------------------------------------------------------------------------------

wrapping first mol.:      -38.30066      -54.16531       93.81709

 NSTEP =  2020000   TIME(PS) =   69080.000  TEMP(K) =   309.42  PRESS =     0.0
 Etot   =   -238917.9522  EKtot   =     63009.7383  EPtot      =   -301927.6905
 BOND   =      2145.1722  ANGLE   =      2429.6188  DIHED      =      1419.2302
 UB     =         0.0000  IMP     =         0.0000  CMAP       =       246.9693
 1-4 NB =      1176.3740  1-4 EEL =     15318.1336  VDWAALS    =     40469.6024
 EELEC  =   -365132.7910  EHBOND  =         0.0000  RESTRAINT  =         0.0000
 ------------------------------------------------------------------------------

wrapping first mol.:      -38.30066      -54.16531       93.81709

 NSTEP =  2040000   TIME(PS) =   69120.000  TEMP(K) =   309.48  PRESS =     0.0
 Etot   =   -238977.2959  EKtot   =     63020.3477  EPtot      =   -301997.6435
 BOND   =      2093.1966  ANGLE   =      2364.1426  DIHED      =      1420.4829
 UB     =         0.0000  IMP     =         0.0000  CMAP       =       242.0746
 1-4 NB =      1196.1399  1-4 EEL =     15371.4339  VDWAALS    =     40507.2600
 EELEC  =   -365192.3740  EHBOND  =         0.0000  RESTRAINT  =         0.0000
 ------------------------------------------------------------------------------

wrapping first mol.:      -38.30066      -54.16531       93.81709

 NSTEP =  2060000   TIME(PS) =   69160.000  TEMP(K) =   310.04  PRESS =     0.0
 Etot   =   -238666.4959  EKtot   =     63135.7383  EPtot      =   -301802.2341
 BOND   =      2056.4611  ANGLE   =      2417.5173  DIHED      =      1381.0574
 UB     =         0.0000  IMP     =         0.0000  CMAP       =       256.5675
 1-4 NB =      1199.9480  1-4 EEL =     15338.8123  VDWAALS    =     40582.1412
 EELEC  =   -365034.7390  EHBOND  =         0.0000  RESTRAINT  =         0.0000
 ------------------------------------------------------------------------------

wrapping first mol.:      -38.30066      -54.16531       93.81709

 NSTEP =  2080000   TIME(PS) =   69200.000  TEMP(K) =   310.73  PRESS =     0.0
 Etot   =   -238160.2904  EKtot   =     63274.8555  EPtot      =   -301435.1459
 BOND   =      2136.9075  ANGLE   =      2433.0334  DIHED      =      1394.0105
 UB     =         0.0000  IMP     =         0.0000  CMAP       =       236.4995
 1-4 NB =      1180.6794  1-4 EEL =     15377.2741  VDWAALS    =     40438.0932
 EELEC  =   -364631.6434  EHBOND  =         0.0000  RESTRAINT  =         0.0000
 ------------------------------------------------------------------------------

wrapping first mol.:      -38.30066      -54.16531       93.81709

 NSTEP =  2100000   TIME(PS) =   69240.000  TEMP(K) =   310.85  PRESS =     0.0
 Etot   =   -238232.3472  EKtot   =     63300.7461  EPtot      =   -301533.0932
 BOND   =      2125.3762  ANGLE   =      2308.6223  DIHED      =      1417.6986
 UB     =         0.0000  IMP     =         0.0000  CMAP       =       253.6054
 1-4 NB =      1189.8026  1-4 EEL =     15370.5034  VDWAALS    =     40531.2699
 EELEC  =   -364729.9717  EHBOND  =         0.0000  RESTRAINT  =         0.0000
 ------------------------------------------------------------------------------

wrapping first mol.:      -38.30066      -54.16531       93.81709

 NSTEP =  2120000   TIME(PS) =   69280.000  TEMP(K) =   309.44  PRESS =     0.0
 Etot   =   -239161.3417  EKtot   =     63013.0117  EPtot      =   -302174.3534
 BOND   =      2138.9576  ANGLE   =      2410.1491  DIHED      =      1400.4408
 UB     =         0.0000  IMP     =         0.0000  CMAP       =       239.4907
 1-4 NB =      1190.0339  1-4 EEL =     15318.0139  VDWAALS    =     41031.5232
 EELEC  =   -365902.9625  EHBOND  =         0.0000  RESTRAINT  =         0.0000
 ------------------------------------------------------------------------------

wrapping first mol.:      -38.30066      -54.16531       93.81709

 NSTEP =  2140000   TIME(PS) =   69320.000  TEMP(K) =   309.26  PRESS =     0.0
 Etot   =   -238631.9747  EKtot   =     62976.6445  EPtot      =   -301608.6193
 BOND   =      2150.8942  ANGLE   =      2430.8797  DIHED      =      1416.8726
 UB     =         0.0000  IMP     =         0.0000  CMAP       =       237.6212
 1-4 NB =      1174.6290  1-4 EEL =     15423.1717  VDWAALS    =     40717.3703
 EELEC  =   -365160.0579  EHBOND  =         0.0000  RESTRAINT  =         0.0000
 ------------------------------------------------------------------------------

wrapping first mol.:      -38.30066      -54.16531       93.81709

 NSTEP =  2160000   TIME(PS) =   69360.000  TEMP(K) =   310.08  PRESS =     0.0
 Etot   =   -238704.4402  EKtot   =     63142.6523  EPtot      =   -301847.0926
 BOND   =      2085.1597  ANGLE   =      2384.0662  DIHED      =      1440.9684
 UB     =         0.0000  IMP     =         0.0000  CMAP       =       231.9776
 1-4 NB =      1188.8883  1-4 EEL =     15421.6510  VDWAALS    =     40884.5015
 EELEC  =   -365484.3052  EHBOND  =         0.0000  RESTRAINT  =         0.0000
 ------------------------------------------------------------------------------

wrapping first mol.:      -38.30066      -54.16531       93.81709

 NSTEP =  2180000   TIME(PS) =   69400.000  TEMP(K) =   309.93  PRESS =     0.0
 Etot   =   -238618.9987  EKtot   =     63112.3711  EPtot      =   -301731.3698
 BOND   =      2131.4446  ANGLE   =      2421.4041  DIHED      =      1368.7935
 UB     =         0.0000  IMP     =         0.0000  CMAP       =       239.8240
 1-4 NB =      1190.7940  1-4 EEL =     15459.9294  VDWAALS    =     40834.2917
 EELEC  =   -365377.8512  EHBOND  =         0.0000  RESTRAINT  =         0.0000
 ------------------------------------------------------------------------------

wrapping first mol.:      -38.30066      -54.16531       93.81709

 NSTEP =  2200000   TIME(PS) =   69440.000  TEMP(K) =   310.94  PRESS =     0.0
 Etot   =   -238113.5652  EKtot   =     63318.9492  EPtot      =   -301432.5145
 BOND   =      2058.9805  ANGLE   =      2436.6829  DIHED      =      1421.9112
 UB     =         0.0000  IMP     =         0.0000  CMAP       =       232.7409
 1-4 NB =      1185.9373  1-4 EEL =     15396.0678  VDWAALS    =     40358.4776
 EELEC  =   -364523.3125  EHBOND  =         0.0000  RESTRAINT  =         0.0000
 ------------------------------------------------------------------------------

wrapping first mol.:      -38.30066      -54.16531       93.81709

 NSTEP =  2220000   TIME(PS) =   69480.000  TEMP(K) =   310.03  PRESS =     0.0
 Etot   =   -238957.2170  EKtot   =     63132.4570  EPtot      =   -302089.6740
 BOND   =      2101.7160  ANGLE   =      2408.9472  DIHED      =      1393.4274
 UB     =         0.0000  IMP     =         0.0000  CMAP       =       262.2706
 1-4 NB =      1176.3831  1-4 EEL =     15488.8492  VDWAALS    =     41163.2467
 EELEC  =   -366084.5142  EHBOND  =         0.0000  RESTRAINT  =         0.0000
 ------------------------------------------------------------------------------

wrapping first mol.:      -38.30066      -54.16531       93.81709

 NSTEP =  2240000   TIME(PS) =   69520.000  TEMP(K) =   308.54  PRESS =     0.0
 Etot   =   -239131.9523  EKtot   =     62830.1484  EPtot      =   -301962.1007
 BOND   =      2147.1711  ANGLE   =      2409.2644  DIHED      =      1399.7036
 UB     =         0.0000  IMP     =         0.0000  CMAP       =       251.4669
 1-4 NB =      1169.3985  1-4 EEL =     15381.2745  VDWAALS    =     40355.2563
 EELEC  =   -365075.6361  EHBOND  =         0.0000  RESTRAINT  =         0.0000
 ------------------------------------------------------------------------------

wrapping first mol.:      -38.30066      -54.16531       93.81709

 NSTEP =  2260000   TIME(PS) =   69560.000  TEMP(K) =   310.56  PRESS =     0.0
 Etot   =   -238398.0000  EKtot   =     63240.2539  EPtot      =   -301638.2539
 BOND   =      2134.0403  ANGLE   =      2370.8474  DIHED      =      1428.7843
 UB     =         0.0000  IMP     =         0.0000  CMAP       =       254.4741
 1-4 NB =      1184.4729  1-4 EEL =     15480.7782  VDWAALS    =     41052.1320
 EELEC  =   -365543.7832  EHBOND  =         0.0000  RESTRAINT  =         0.0000
 ------------------------------------------------------------------------------

wrapping first mol.:      -38.30066      -54.16531       93.81709

 NSTEP =  2280000   TIME(PS) =   69600.000  TEMP(K) =   310.24  PRESS =     0.0
 Etot   =   -238443.0296  EKtot   =     63176.1914  EPtot      =   -301619.2210
 BOND   =      2083.7302  ANGLE   =      2377.1191  DIHED      =      1376.5564
 UB     =         0.0000  IMP     =         0.0000  CMAP       =       249.6102
 1-4 NB =      1172.6616  1-4 EEL =     15420.2147  VDWAALS    =     40948.3273
 EELEC  =   -365247.4403  EHBOND  =         0.0000  RESTRAINT  =         0.0000
 ------------------------------------------------------------------------------

wrapping first mol.:      -38.30066      -54.16531       93.81709

 NSTEP =  2300000   TIME(PS) =   69640.000  TEMP(K) =   310.24  PRESS =     0.0
 Etot   =   -238955.5289  EKtot   =     63176.5312  EPtot      =   -302132.0602
 BOND   =      2017.0493  ANGLE   =      2492.6083  DIHED      =      1432.6328
 UB     =         0.0000  IMP     =         0.0000  CMAP       =       249.7366
 1-4 NB =      1183.0977  1-4 EEL =     15459.5992  VDWAALS    =     40926.9507
 EELEC  =   -365893.7348  EHBOND  =         0.0000  RESTRAINT  =         0.0000
 ------------------------------------------------------------------------------

wrapping first mol.:      -38.30066      -54.16531       93.81709

 NSTEP =  2320000   TIME(PS) =   69680.000  TEMP(K) =   311.14  PRESS =     0.0
 Etot   =   -238827.2315  EKtot   =     63358.6367  EPtot      =   -302185.8682
 BOND   =      2139.3913  ANGLE   =      2352.7668  DIHED      =      1407.7316
 UB     =         0.0000  IMP     =         0.0000  CMAP       =       263.0863
 1-4 NB =      1180.2312  1-4 EEL =     15378.6158  VDWAALS    =     40999.3906
 EELEC  =   -365907.0820  EHBOND  =         0.0000  RESTRAINT  =         0.0000
 ------------------------------------------------------------------------------

wrapping first mol.:      -38.30066      -54.16531       93.81709

 NSTEP =  2340000   TIME(PS) =   69720.000  TEMP(K) =   311.48  PRESS =     0.0
 Etot   =   -238290.5656  EKtot   =     63428.3750  EPtot      =   -301718.9406
 BOND   =      2112.2436  ANGLE   =      2439.7878  DIHED      =      1428.8332
 UB     =         0.0000  IMP     =         0.0000  CMAP       =       242.2920
 1-4 NB =      1170.3589  1-4 EEL =     15349.7199  VDWAALS    =     40388.3066
 EELEC  =   -364850.4826  EHBOND  =         0.0000  RESTRAINT  =         0.0000
 ------------------------------------------------------------------------------

wrapping first mol.:      -38.30066      -54.16531       93.81709

 NSTEP =  2360000   TIME(PS) =   69760.000  TEMP(K) =   310.27  PRESS =     0.0
 Etot   =   -238622.1518  EKtot   =     63181.1133  EPtot      =   -301803.2651
 BOND   =      2101.4488  ANGLE   =      2436.9678  DIHED      =      1385.2050
 UB     =         0.0000  IMP     =         0.0000  CMAP       =       255.6034
 1-4 NB =      1210.6746  1-4 EEL =     15374.4954  VDWAALS    =     40281.7971
 EELEC  =   -364849.4572  EHBOND  =         0.0000  RESTRAINT  =         0.0000
 ------------------------------------------------------------------------------

wrapping first mol.:      -38.30066      -54.16531       93.81709

 NSTEP =  2380000   TIME(PS) =   69800.000  TEMP(K) =   310.07  PRESS =     0.0
 Etot   =   -238593.9186  EKtot   =     63141.1055  EPtot      =   -301735.0240
 BOND   =      2087.9740  ANGLE   =      2418.9104  DIHED      =      1416.6538
 UB     =         0.0000  IMP     =         0.0000  CMAP       =       226.8748
 1-4 NB =      1174.4527  1-4 EEL =     15412.3404  VDWAALS    =     40708.4394
 EELEC  =   -365180.6696  EHBOND  =         0.0000  RESTRAINT  =         0.0000
 ------------------------------------------------------------------------------

wrapping first mol.:      -38.30066      -54.16531       93.81709

 NSTEP =  2400000   TIME(PS) =   69840.000  TEMP(K) =   310.90  PRESS =     0.0
 Etot   =   -239115.0029  EKtot   =     63309.2539  EPtot      =   -302424.2568
 BOND   =      2074.1486  ANGLE   =      2433.5038  DIHED      =      1367.9374
 UB     =         0.0000  IMP     =         0.0000  CMAP       =       235.6358
 1-4 NB =      1191.3306  1-4 EEL =     15479.2077  VDWAALS    =     41203.1921
 EELEC  =   -366409.2127  EHBOND  =         0.0000  RESTRAINT  =         0.0000
 ------------------------------------------------------------------------------

wrapping first mol.:      -38.30066      -54.16531       93.81709

 NSTEP =  2420000   TIME(PS) =   69880.000  TEMP(K) =   311.15  PRESS =     0.0
 Etot   =   -238613.9916  EKtot   =     63360.3906  EPtot      =   -301974.3822
 BOND   =      2141.4709  ANGLE   =      2463.8992  DIHED      =      1411.9298
 UB     =         0.0000  IMP     =         0.0000  CMAP       =       234.2237
 1-4 NB =      1184.1642  1-4 EEL =     15462.4272  VDWAALS    =     41088.1885
 EELEC  =   -365960.6859  EHBOND  =         0.0000  RESTRAINT  =         0.0000
 ------------------------------------------------------------------------------

wrapping first mol.:      -38.30066      -54.16531       93.81709

 NSTEP =  2440000   TIME(PS) =   69920.000  TEMP(K) =   310.13  PRESS =     0.0
 Etot   =   -238531.2357  EKtot   =     63153.3750  EPtot      =   -301684.6107
 BOND   =      2109.5544  ANGLE   =      2398.7495  DIHED      =      1425.8269
 UB     =         0.0000  IMP     =         0.0000  CMAP       =       237.9527
 1-4 NB =      1189.1029  1-4 EEL =     15436.2241  VDWAALS    =     40997.9280
 EELEC  =   -365479.9493  EHBOND  =         0.0000  RESTRAINT  =         0.0000
 ------------------------------------------------------------------------------

wrapping first mol.:      -38.30066      -54.16531       93.81709

 NSTEP =  2460000   TIME(PS) =   69960.000  TEMP(K) =   309.00  PRESS =     0.0
 Etot   =   -238463.2246  EKtot   =     62923.7734  EPtot      =   -301386.9981
 BOND   =      2087.7331  ANGLE   =      2452.9492  DIHED      =      1362.0772
 UB     =         0.0000  IMP     =         0.0000  CMAP       =       246.3520
 1-4 NB =      1173.0925  1-4 EEL =     15401.8355  VDWAALS    =     40950.5944
 EELEC  =   -365061.6320  EHBOND  =         0.0000  RESTRAINT  =         0.0000
 ------------------------------------------------------------------------------

wrapping first mol.:      -38.30066      -54.16531       93.81709

 NSTEP =  2480000   TIME(PS) =   70000.000  TEMP(K) =   311.59  PRESS =     0.0
 Etot   =   -238573.5196  EKtot   =     63450.1094  EPtot      =   -302023.6290
 BOND   =      2102.6295  ANGLE   =      2358.4927  DIHED      =      1391.9037
 UB     =         0.0000  IMP     =         0.0000  CMAP       =       247.8867
 1-4 NB =      1178.7790  1-4 EEL =     15373.5091  VDWAALS    =     40846.9506
 EELEC  =   -365523.7803  EHBOND  =         0.0000  RESTRAINT  =         0.0000
 ------------------------------------------------------------------------------

wrapping first mol.:      -38.30066      -54.16531       93.81709
wrapping first mol.:      -38.30066      -54.16531       93.81709

 NSTEP =  2500000   TIME(PS) =   70040.000  TEMP(K) =   310.30  PRESS =     0.0
 Etot   =   -238163.1000  EKtot   =     63188.8086  EPtot      =   -301351.9086
 BOND   =      2090.7834  ANGLE   =      2426.1959  DIHED      =      1396.8475
 UB     =         0.0000  IMP     =         0.0000  CMAP       =       249.5354
 1-4 NB =      1190.3200  1-4 EEL =     15414.9965  VDWAALS    =     40932.1026
 EELEC  =   -365052.6900  EHBOND  =         0.0000  RESTRAINT  =         0.0000
 ------------------------------------------------------------------------------


      A V E R A G E S   O V E R     125 S T E P S


 NSTEP =  2500000   TIME(PS) =   70040.000  TEMP(K) =   310.15  PRESS =     0.0
 Etot   =   -238661.3595  EKtot   =     63157.8320  EPtot      =   -301819.1915
 BOND   =      2092.1603  ANGLE   =      2418.7552  DIHED      =      1403.9603
 UB     =         0.0000  IMP     =         0.0000  CMAP       =       251.5710
 1-4 NB =      1181.3131  1-4 EEL =     15403.4644  VDWAALS    =     40744.3365
 EELEC  =   -365314.7523  EHBOND  =         0.0000  RESTRAINT  =         0.0000
 ------------------------------------------------------------------------------


      R M S  F L U C T U A T I O N S


 NSTEP =  2500000   TIME(PS) =   70040.000  TEMP(K) =     0.85  PRESS =     0.0
 Etot   =       308.3741  EKtot   =       172.3973  EPtot      =       269.3629
 BOND   =        32.4617  ANGLE   =        39.0312  DIHED      =        22.3602
 UB     =         0.0000  IMP     =         0.0000  CMAP       =        11.0915
 1-4 NB =        14.5196  1-4 EEL =        48.5201  VDWAALS    =       263.1024
 EELEC  =       417.0385  EHBOND  =         0.0000  RESTRAINT  =         0.0000
 ------------------------------------------------------------------------------

--------------------------------------------------------------------------------
   5.  TIMINGS
--------------------------------------------------------------------------------

|  NonSetup CPU Time in Major Routines:
|
|     Routine           Sec        %
|     ------------------------------
|     Nonbond         146.24   10.85
|     Bond              0.00    0.00
|     Angle             0.00    0.00
|     Dihedral          0.00    0.00
|     Shake             9.51    0.71
|     RunMD          1189.79   88.27
|     Other             2.28    0.17
|     ------------------------------
|     Total          1347.83

|  PME Nonbond Pairlist CPU Time:
|
|     Routine              Sec        %
|     ---------------------------------
|     Set Up Cit           0.00    0.00
|     Build List           0.00    0.00
|     ---------------------------------
|     Total                0.00    0.00

|  PME Direct Force CPU Time:
|
|     Routine              Sec        %
|     ---------------------------------
|     NonBonded Calc       0.00    0.00
|     Exclude Masked       0.00    0.00
|     Other                1.37    0.10
|     ---------------------------------
|     Total                1.37    0.10

|  PME Reciprocal Force CPU Time:
|
|     Routine              Sec        %
|     ---------------------------------
|     1D bspline           0.00    0.00
|     Grid Charges         0.00    0.00
|     Scalar Sum           0.00    0.00
|     Gradient Sum         0.00    0.00
|     FFT                  0.00    0.00
|     ---------------------------------
|     Total                0.00    0.00

|  Final Performance Info:
|     -----------------------------------------------------
|     Average timings for last   80000 steps:
|     Elapsed(s) =      43.28 Per Step(ms) =       0.54
|         ns/day =     319.42   seconds/ns =     270.49
|
|     Average timings for all steps:
|     Elapsed(s) =    1349.92 Per Step(ms) =       0.54
|         ns/day =     320.02   seconds/ns =     269.98
|     -----------------------------------------------------

|  Setup CPU time:            1.10 seconds
|  NonSetup CPU time:      1347.83 seconds
|  Total CPU time:         1348.93 seconds     0.37 hours

|  Setup wall time:           2    seconds
|  NonSetup wall time:     1350    seconds
|  Total wall time:        1352    seconds     0.38 hours
