
          -------------------------------------------------------
          Amber 24 PMEMD                              2024
          -------------------------------------------------------

| PMEMD implementation of SANDER, Release 24

|  Compiled date/time: Thu Apr  3 17:55:38 2025
| Run on 10/29/2025 at 17:37:46

|   Executable path: pmemd.cuda_SPFP
| Working directory: /rs1/researchers/h/hall/vtnguye4/Amber_restart/cappedP1amber/P1_Simulation
|          Hostname: gpu20

  [-O]verwriting output

File Assignments:
|   MDIN: /rs1/researchers/h/hall/vtnguye4/Amber_restart/cappedP1amber/equil.in 
|  MDOUT: ./OUT_Files/equil8.out                                                
| INPCRD: ./RST_Files/equil7.rst7                                               
|   PARM: ./PRMTOP_Files/P1.prmtop                                              
| RESTRT: ./RST_Files/equil8.rst7                                               
|   REFC: refc                                                                  
|  MDVEL: mdvel                                                                 
|   MDEN: mden                                                                  
|  MDCRD: ./nc_Files/equil8.nc                                                  
| MDINFO: mdinfo                                                                
|  MDFRC: mdfrc                                                                 


 Here is the input file:

!Stage equilibration 5ns                                                       
&cntrl                                                                         
imin=0, irest=1, ntx=5,                                                        
nstlim=2500000, dt=0.002,                                                      
ntc=2, ntf=2, ig=-1,                                                           
ntt=3, gamma_ln=2.0,                                                           
tempi=310.0, temp0=310.0,                                                      
ntxo=2, ioutfm=1,                                                              
ntpr=20000, ntwx=20000,                                                        
ntb=1,                                                                         
cut=9.0,                                                                       
iwrap=1,                                                                       
/                                                                              


Note: ig = -1. Setting random seed to   689385 based on wallclock time in 
      microseconds.
| irandom = 1, using AMBER's internal random number generator (default).
 
|--------------------- INFORMATION ----------------------
| GPU (CUDA) Version of PMEMD in use: NVIDIA GPU IN USE.
|                    Version 18.0.0
| 
|                      03/25/2018
| 
| Implementation by:
|                    Ross C. Walker     (SDSC)
|                    Scott Le Grand     (nVIDIA)
| 
| Version 18 performance extensions by:
|                    David Cerutti     (Rutgers)
| 
| Precision model in use:
|      [SPFP] - Single Precision Forces, 64-bit Fixed Point
|               Accumulation. (Default)
| 
|--------------------------------------------------------
 
|----------------- CITATION INFORMATION -----------------
|
|    When publishing work that utilized the CUDA version
|    of AMBER, please cite the following in addition to
|    the regular AMBER citations:
|
|  - Romelia Salomon-Ferrer; Andreas W. Goetz; Duncan
|    Poole; Scott Le Grand; Ross C. Walker "Routine
|    microsecond molecular dynamics simulations with
|    AMBER - Part II: Particle Mesh Ewald", J. Chem.
|    Theory Comput., 2013, 9 (9), pp3878-3888,
|    DOI: 10.1021/ct400314y.
|
|  - Andreas W. Goetz; Mark J. Williamson; Dong Xu;
|    Duncan Poole; Scott Le Grand; Ross C. Walker
|    "Routine microsecond molecular dynamics simulations
|    with AMBER - Part I: Generalized Born", J. Chem.
|    Theory Comput., 2012, 8 (5), pp1542-1555.
|
|  - Scott Le Grand; Andreas W. Goetz; Ross C. Walker
|    "SPFP: Speed without compromise - a mixed precision
|    model for GPU accelerated molecular dynamics
|    simulations.", Comp. Phys. Comm., 2013, 184
|    pp374-380, DOI: 10.1016/j.cpc.2012.09.022
|
|--------------------------------------------------------
 
|------------------- GPU DEVICE INFO --------------------
|
|            CUDA_VISIBLE_DEVICES: 0
|   CUDA Capable Devices Detected:      1
|           CUDA Device ID in use:      0
|                CUDA Device Name: NVIDIA L40S
|     CUDA Device Global Mem Size:  45487 MB
| CUDA Device Num Multiprocessors:    142
|           CUDA Device Core Freq:   2.52 GHz
|
|--------------------------------------------------------
 
 
| Conditional Compilation Defines Used:
| PUBFFT
| BINTRAJ
| CUDA
| EMIL

| Largest sphere to fit in unit cell has radius =    46.909

| New format PARM file being parsed.
| Version =    1.000 Date = 10/28/25 Time = 16:56:02

| Note: 1-4 EEL scale factors are being read from the topology file.

| Note: 1-4 VDW scale factors are being read from the topology file.
| Duplicated    0 dihedrals

| Duplicated    0 dihedrals

--------------------------------------------------------------------------------
   1.  RESOURCE   USE: 
--------------------------------------------------------------------------------

 getting box info from netcdf restart file
 NATOM  =  101202 NTYPES =      11 NBONH =   98658 MBONA  =    2544
 NTHETH =    5904 MTHETA =    3408 NPHIH =   11760 MPHIA  =   10368
 NHPARM =       0 NPARM  =       0 NNB   =  155656 NRES   =   32422
 NBONA  =    2544 NTHETA =    3408 NPHIA =   10368 NUMBND =      27
 NUMANG =      54 NPTRA  =      59 NATYP =      16 NPHB   =       0
 IFBOX  =       2 NMXRS  =      21 IFCAP =       0 NEXTRA =       0
 NCOPY  =       0

| Coordinate Index Table dimensions:    20   20   20
| Direct force subcell size =     5.7451    5.7451    5.7451

     BOX TYPE: TRUNCATED OCTAHEDRON

--------------------------------------------------------------------------------
   2.  CONTROL  DATA  FOR  THE  RUN
--------------------------------------------------------------------------------

default_name                                                                    

General flags:
     imin    =       0, nmropt  =       0

Nature and format of input:
     ntx     =       5, irest   =       1, ntrx    =       1

Nature and format of output:
     ntxo    =       2, ntpr    =   20000, ntrx    =       1, ntwr    = 2500000
     iwrap   =       1, ntwx    =   20000, ntwv    =       0, ntwe    =       0
     ioutfm  =       1, ntwprt  =       0, idecomp =       0, rbornstat=      0

Potential function:
     ntf     =       2, ntb     =       1, igb     =       0, nsnb    =      25
     ipol    =       0, gbsa    =       0, iesp    =       0
     dielc   =   1.00000, cut     =   9.00000, intdiel =   1.00000

Frozen or restrained atoms:
     ibelly  =       0, ntr     =       0

Molecular dynamics:
     nstlim  =   2500000, nscm    =      1000, nrespa  =         1
     t       =   0.00000, dt      =   0.00200, vlimit  =  -1.00000

Langevin dynamics temperature regulation:
     ig      =  689385
     temp0   = 310.00000, tempi   = 310.00000, gamma_ln=   2.00000

SHAKE:
     ntc     =       2, jfastw  =       0
     tol     =   0.00001

| Intermolecular bonds treatment:
|     no_intermolecular_bonds =       1

| Energy averages sample interval:
|     ene_avg_sampling =   20000

Ewald parameters:
     verbose =       0, ew_type =       0, nbflag  =       1, use_pme =       1
     vdwmeth =       1, eedmeth =       1, netfrc  =       1
     Box X =  114.902   Box Y =  114.902   Box Z =  114.902
     Alpha =  109.471   Beta  =  109.471   Gamma =  109.471
     NFFT1 =  120       NFFT2 =  120       NFFT3 =  120
     Cutoff=    9.000   Tol   =0.100E-04
     Ewald Coefficient =  0.30768
     Interpolation order =    4

--------------------------------------------------------------------------------
   3.  ATOMIC COORDINATES AND VELOCITIES
--------------------------------------------------------------------------------

default_name                                                                    
 begin time read from input coords = 35040.000 ps

 
 Number of triangulated 3-point waters found:    31990

     Sum of charges from parm topology file =  -0.00000047
     Forcing neutrality...

| Dynamic Memory, Types Used:
| Reals             3080462
| Integers          3650456

| Nonbonded Pairs Initial Allocation:    23074056

| GPU memory information (estimate):
| KB of GPU memory in use:    789634
| KB of CPU memory in use:    210424

--------------------------------------------------------------------------------
   4.  RESULTS
--------------------------------------------------------------------------------

wrapping first mol.:      -76.60132       54.16532       93.81709

 NSTEP =    20000   TIME(PS) =   35080.000  TEMP(K) =   310.99  PRESS =     0.0
 Etot   =   -237933.3268  EKtot   =     63329.0117  EPtot      =   -301262.3386
 BOND   =      2061.1041  ANGLE   =      2448.1295  DIHED      =      1428.9593
 UB     =         0.0000  IMP     =         0.0000  CMAP       =       258.0552
 1-4 NB =      1176.7837  1-4 EEL =     15375.1557  VDWAALS    =     40478.9016
 EELEC  =   -364489.4277  EHBOND  =         0.0000  RESTRAINT  =         0.0000
 ------------------------------------------------------------------------------

wrapping first mol.:      -76.60132       54.16532       93.81709

 NSTEP =    40000   TIME(PS) =   35120.000  TEMP(K) =   308.44  PRESS =     0.0
 Etot   =   -238903.0645  EKtot   =     62809.5664  EPtot      =   -301712.6309
 BOND   =      2052.9642  ANGLE   =      2411.3680  DIHED      =      1421.4990
 UB     =         0.0000  IMP     =         0.0000  CMAP       =       262.4734
 1-4 NB =      1195.6056  1-4 EEL =     15432.3155  VDWAALS    =     40483.6330
 EELEC  =   -364972.4894  EHBOND  =         0.0000  RESTRAINT  =         0.0000
 ------------------------------------------------------------------------------

wrapping first mol.:      -76.60132       54.16532       93.81709

 NSTEP =    60000   TIME(PS) =   35160.000  TEMP(K) =   309.17  PRESS =     0.0
 Etot   =   -238689.7249  EKtot   =     62958.3242  EPtot      =   -301648.0491
 BOND   =      2124.5925  ANGLE   =      2363.2612  DIHED      =      1399.2627
 UB     =         0.0000  IMP     =         0.0000  CMAP       =       249.5245
 1-4 NB =      1153.2273  1-4 EEL =     15473.8401  VDWAALS    =     40367.8249
 EELEC  =   -364779.5822  EHBOND  =         0.0000  RESTRAINT  =         0.0000
 ------------------------------------------------------------------------------

wrapping first mol.:      -76.60132       54.16532       93.81709

 NSTEP =    80000   TIME(PS) =   35200.000  TEMP(K) =   309.03  PRESS =     0.0
 Etot   =   -239188.5513  EKtot   =     62929.7930  EPtot      =   -302118.3442
 BOND   =      2097.0180  ANGLE   =      2394.3615  DIHED      =      1403.4495
 UB     =         0.0000  IMP     =         0.0000  CMAP       =       240.9791
 1-4 NB =      1172.7461  1-4 EEL =     15311.0168  VDWAALS    =     41186.7233
 EELEC  =   -365924.6384  EHBOND  =         0.0000  RESTRAINT  =         0.0000
 ------------------------------------------------------------------------------

wrapping first mol.:      -76.60132       54.16532       93.81709

 NSTEP =   100000   TIME(PS) =   35240.000  TEMP(K) =   309.87  PRESS =     0.0
 Etot   =   -238686.7819  EKtot   =     63099.7812  EPtot      =   -301786.5632
 BOND   =      2114.3113  ANGLE   =      2427.6771  DIHED      =      1420.5385
 UB     =         0.0000  IMP     =         0.0000  CMAP       =       236.7488
 1-4 NB =      1174.2706  1-4 EEL =     15441.4219  VDWAALS    =     40750.5387
 EELEC  =   -365352.0701  EHBOND  =         0.0000  RESTRAINT  =         0.0000
 ------------------------------------------------------------------------------

wrapping first mol.:      -76.60132       54.16532       93.81709

 NSTEP =   120000   TIME(PS) =   35280.000  TEMP(K) =   311.23  PRESS =     0.0
 Etot   =   -238384.5531  EKtot   =     63377.3555  EPtot      =   -301761.9086
 BOND   =      2101.4701  ANGLE   =      2446.7577  DIHED      =      1420.1939
 UB     =         0.0000  IMP     =         0.0000  CMAP       =       215.5571
 1-4 NB =      1155.2991  1-4 EEL =     15410.8662  VDWAALS    =     40731.1441
 EELEC  =   -365243.1968  EHBOND  =         0.0000  RESTRAINT  =         0.0000
 ------------------------------------------------------------------------------

wrapping first mol.:      -76.60132       54.16532       93.81709

 NSTEP =   140000   TIME(PS) =   35320.000  TEMP(K) =   309.03  PRESS =     0.0
 Etot   =   -239304.9253  EKtot   =     62929.1289  EPtot      =   -302234.0542
 BOND   =      2120.5696  ANGLE   =      2350.3606  DIHED      =      1394.5928
 UB     =         0.0000  IMP     =         0.0000  CMAP       =       225.2469
 1-4 NB =      1162.4464  1-4 EEL =     15457.0340  VDWAALS    =     41079.6875
 EELEC  =   -366023.9919  EHBOND  =         0.0000  RESTRAINT  =         0.0000
 ------------------------------------------------------------------------------

wrapping first mol.:      -76.60132       54.16532       93.81709

 NSTEP =   160000   TIME(PS) =   35360.000  TEMP(K) =   310.51  PRESS =     0.0
 Etot   =   -238345.3405  EKtot   =     63231.5000  EPtot      =   -301576.8405
 BOND   =      2093.6091  ANGLE   =      2360.3093  DIHED      =      1403.0779
 UB     =         0.0000  IMP     =         0.0000  CMAP       =       237.8224
 1-4 NB =      1182.6973  1-4 EEL =     15395.8782  VDWAALS    =     40571.4193
 EELEC  =   -364821.6538  EHBOND  =         0.0000  RESTRAINT  =         0.0000
 ------------------------------------------------------------------------------

wrapping first mol.:      -76.60132       54.16532       93.81709

 NSTEP =   180000   TIME(PS) =   35400.000  TEMP(K) =   309.45  PRESS =     0.0
 Etot   =   -239032.7150  EKtot   =     63015.6406  EPtot      =   -302048.3556
 BOND   =      2107.2380  ANGLE   =      2475.9938  DIHED      =      1380.5453
 UB     =         0.0000  IMP     =         0.0000  CMAP       =       238.0593
 1-4 NB =      1173.7863  1-4 EEL =     15394.5300  VDWAALS    =     41335.3502
 EELEC  =   -366153.8586  EHBOND  =         0.0000  RESTRAINT  =         0.0000
 ------------------------------------------------------------------------------

wrapping first mol.:      -76.60132       54.16532       93.81709

 NSTEP =   200000   TIME(PS) =   35440.000  TEMP(K) =   310.16  PRESS =     0.0
 Etot   =   -238969.7689  EKtot   =     63159.0547  EPtot      =   -302128.8235
 BOND   =      2070.9437  ANGLE   =      2479.6824  DIHED      =      1413.6915
 UB     =         0.0000  IMP     =         0.0000  CMAP       =       244.0028
 1-4 NB =      1150.3788  1-4 EEL =     15371.7703  VDWAALS    =     40604.9167
 EELEC  =   -365464.2098  EHBOND  =         0.0000  RESTRAINT  =         0.0000
 ------------------------------------------------------------------------------

wrapping first mol.:      -76.60132       54.16532       93.81709

 NSTEP =   220000   TIME(PS) =   35480.000  TEMP(K) =   310.09  PRESS =     0.0
 Etot   =   -238700.9898  EKtot   =     63146.1367  EPtot      =   -301847.1265
 BOND   =      2113.9262  ANGLE   =      2441.1577  DIHED      =      1411.5758
 UB     =         0.0000  IMP     =         0.0000  CMAP       =       252.7822
 1-4 NB =      1172.4461  1-4 EEL =     15359.4024  VDWAALS    =     41137.3706
 EELEC  =   -365735.7875  EHBOND  =         0.0000  RESTRAINT  =         0.0000
 ------------------------------------------------------------------------------

wrapping first mol.:      -76.60132       54.16532       93.81709

 NSTEP =   240000   TIME(PS) =   35520.000  TEMP(K) =   308.72  PRESS =     0.0
 Etot   =   -239087.7976  EKtot   =     62865.9297  EPtot      =   -301953.7272
 BOND   =      2084.3541  ANGLE   =      2414.5849  DIHED      =      1417.0049
 UB     =         0.0000  IMP     =         0.0000  CMAP       =       241.5184
 1-4 NB =      1187.3748  1-4 EEL =     15327.2109  VDWAALS    =     40256.0898
 EELEC  =   -364881.8652  EHBOND  =         0.0000  RESTRAINT  =         0.0000
 ------------------------------------------------------------------------------

wrapping first mol.:      -76.60132       54.16532       93.81709

 NSTEP =   260000   TIME(PS) =   35560.000  TEMP(K) =   310.33  PRESS =     0.0
 Etot   =   -238870.9044  EKtot   =     63195.0938  EPtot      =   -302065.9981
 BOND   =      2081.6472  ANGLE   =      2439.6656  DIHED      =      1384.4610
 UB     =         0.0000  IMP     =         0.0000  CMAP       =       253.7724
 1-4 NB =      1187.0882  1-4 EEL =     15370.9458  VDWAALS    =     40427.2413
 EELEC  =   -365210.8198  EHBOND  =         0.0000  RESTRAINT  =         0.0000
 ------------------------------------------------------------------------------

wrapping first mol.:      -76.60132       54.16532       93.81709

 NSTEP =   280000   TIME(PS) =   35600.000  TEMP(K) =   311.71  PRESS =     0.0
 Etot   =   -238139.0612  EKtot   =     63475.9180  EPtot      =   -301614.9791
 BOND   =      2093.0704  ANGLE   =      2385.9478  DIHED      =      1389.5591
 UB     =         0.0000  IMP     =         0.0000  CMAP       =       269.6728
 1-4 NB =      1188.8412  1-4 EEL =     15363.7142  VDWAALS    =     40721.7174
 EELEC  =   -365027.5020  EHBOND  =         0.0000  RESTRAINT  =         0.0000
 ------------------------------------------------------------------------------

wrapping first mol.:      -76.60132       54.16532       93.81709

 NSTEP =   300000   TIME(PS) =   35640.000  TEMP(K) =   311.05  PRESS =     0.0
 Etot   =   -238861.2839  EKtot   =     63341.4805  EPtot      =   -302202.7644
 BOND   =      2083.9462  ANGLE   =      2422.1986  DIHED      =      1421.2952
 UB     =         0.0000  IMP     =         0.0000  CMAP       =       226.1452
 1-4 NB =      1192.5585  1-4 EEL =     15297.1978  VDWAALS    =     40831.3288
 EELEC  =   -365677.4347  EHBOND  =         0.0000  RESTRAINT  =         0.0000
 ------------------------------------------------------------------------------

wrapping first mol.:      -76.60132       54.16532       93.81709

 NSTEP =   320000   TIME(PS) =   35680.000  TEMP(K) =   309.08  PRESS =     0.0
 Etot   =   -238606.2629  EKtot   =     62939.3477  EPtot      =   -301545.6106
 BOND   =      2098.9019  ANGLE   =      2477.1908  DIHED      =      1388.6774
 UB     =         0.0000  IMP     =         0.0000  CMAP       =       224.3228
 1-4 NB =      1185.5974  1-4 EEL =     15384.0603  VDWAALS    =     40431.3197
 EELEC  =   -364735.6810  EHBOND  =         0.0000  RESTRAINT  =         0.0000
 ------------------------------------------------------------------------------

wrapping first mol.:      -76.60132       54.16532       93.81709

 NSTEP =   340000   TIME(PS) =   35720.000  TEMP(K) =   311.20  PRESS =     0.0
 Etot   =   -238691.3886  EKtot   =     63371.2148  EPtot      =   -302062.6035
 BOND   =      2106.5499  ANGLE   =      2340.9174  DIHED      =      1404.1260
 UB     =         0.0000  IMP     =         0.0000  CMAP       =       257.0353
 1-4 NB =      1187.6972  1-4 EEL =     15460.7691  VDWAALS    =     40530.8597
 EELEC  =   -365350.5580  EHBOND  =         0.0000  RESTRAINT  =         0.0000
 ------------------------------------------------------------------------------

wrapping first mol.:      -76.60132       54.16532       93.81709

 NSTEP =   360000   TIME(PS) =   35760.000  TEMP(K) =   309.82  PRESS =     0.0
 Etot   =   -239029.4763  EKtot   =     63089.9766  EPtot      =   -302119.4528
 BOND   =      2026.7531  ANGLE   =      2405.1799  DIHED      =      1385.0880
 UB     =         0.0000  IMP     =         0.0000  CMAP       =       246.2233
 1-4 NB =      1174.8527  1-4 EEL =     15478.0401  VDWAALS    =     41323.7273
 EELEC  =   -366159.3175  EHBOND  =         0.0000  RESTRAINT  =         0.0000
 ------------------------------------------------------------------------------

wrapping first mol.:      -76.60132       54.16532       93.81709

 NSTEP =   380000   TIME(PS) =   35800.000  TEMP(K) =   309.76  PRESS =     0.0
 Etot   =   -238566.3100  EKtot   =     63077.6055  EPtot      =   -301643.9155
 BOND   =      2143.3262  ANGLE   =      2373.9803  DIHED      =      1421.4916
 UB     =         0.0000  IMP     =         0.0000  CMAP       =       259.4253
 1-4 NB =      1164.2365  1-4 EEL =     15443.1705  VDWAALS    =     40286.3793
 EELEC  =   -364735.9251  EHBOND  =         0.0000  RESTRAINT  =         0.0000
 ------------------------------------------------------------------------------

wrapping first mol.:      -76.60132       54.16532       93.81709

 NSTEP =   400000   TIME(PS) =   35840.000  TEMP(K) =   309.79  PRESS =     0.0
 Etot   =   -239064.6848  EKtot   =     63083.3281  EPtot      =   -302148.0129
 BOND   =      2116.7019  ANGLE   =      2418.4268  DIHED      =      1419.6692
 UB     =         0.0000  IMP     =         0.0000  CMAP       =       252.5449
 1-4 NB =      1144.3821  1-4 EEL =     15330.7129  VDWAALS    =     40580.2783
 EELEC  =   -365410.7290  EHBOND  =         0.0000  RESTRAINT  =         0.0000
 ------------------------------------------------------------------------------

wrapping first mol.:      -76.60132       54.16532       93.81709

 NSTEP =   420000   TIME(PS) =   35880.000  TEMP(K) =   310.27  PRESS =     0.0
 Etot   =   -238472.4075  EKtot   =     63182.4414  EPtot      =   -301654.8489
 BOND   =      2120.4158  ANGLE   =      2415.5226  DIHED      =      1397.5447
 UB     =         0.0000  IMP     =         0.0000  CMAP       =       244.9046
 1-4 NB =      1195.1151  1-4 EEL =     15352.3767  VDWAALS    =     40723.9785
 EELEC  =   -365104.7069  EHBOND  =         0.0000  RESTRAINT  =         0.0000
 ------------------------------------------------------------------------------

wrapping first mol.:      -76.60132       54.16532       93.81709

 NSTEP =   440000   TIME(PS) =   35920.000  TEMP(K) =   311.18  PRESS =     0.0
 Etot   =   -238493.4821  EKtot   =     63366.3359  EPtot      =   -301859.8181
 BOND   =      2119.8573  ANGLE   =      2412.0286  DIHED      =      1417.8234
 UB     =         0.0000  IMP     =         0.0000  CMAP       =       252.8881
 1-4 NB =      1156.8520  1-4 EEL =     15382.3090  VDWAALS    =     41227.8598
 EELEC  =   -365829.4364  EHBOND  =         0.0000  RESTRAINT  =         0.0000
 ------------------------------------------------------------------------------

wrapping first mol.:      -76.60132       54.16532       93.81709

 NSTEP =   460000   TIME(PS) =   35960.000  TEMP(K) =   309.95  PRESS =     0.0
 Etot   =   -238819.5423  EKtot   =     63117.3164  EPtot      =   -301936.8587
 BOND   =      2156.7098  ANGLE   =      2416.2024  DIHED      =      1383.8883
 UB     =         0.0000  IMP     =         0.0000  CMAP       =       241.7962
 1-4 NB =      1170.8696  1-4 EEL =     15390.7898  VDWAALS    =     40599.9400
 EELEC  =   -365297.0548  EHBOND  =         0.0000  RESTRAINT  =         0.0000
 ------------------------------------------------------------------------------

wrapping first mol.:      -76.60132       54.16532       93.81709

 NSTEP =   480000   TIME(PS) =   36000.000  TEMP(K) =   309.49  PRESS =     0.0
 Etot   =   -238562.4676  EKtot   =     63022.3516  EPtot      =   -301584.8192
 BOND   =      2057.7987  ANGLE   =      2429.8470  DIHED      =      1409.3356
 UB     =         0.0000  IMP     =         0.0000  CMAP       =       234.5046
 1-4 NB =      1145.0571  1-4 EEL =     15386.8169  VDWAALS    =     40666.5596
 EELEC  =   -364914.7387  EHBOND  =         0.0000  RESTRAINT  =         0.0000
 ------------------------------------------------------------------------------

wrapping first mol.:      -76.60132       54.16532       93.81709

 NSTEP =   500000   TIME(PS) =   36040.000  TEMP(K) =   311.14  PRESS =     0.0
 Etot   =   -238460.7022  EKtot   =     63358.2461  EPtot      =   -301818.9483
 BOND   =      2138.6712  ANGLE   =      2413.0362  DIHED      =      1403.7768
 UB     =         0.0000  IMP     =         0.0000  CMAP       =       259.4856
 1-4 NB =      1171.2381  1-4 EEL =     15433.7185  VDWAALS    =     41100.5907
 EELEC  =   -365739.4653  EHBOND  =         0.0000  RESTRAINT  =         0.0000
 ------------------------------------------------------------------------------

wrapping first mol.:      -76.60132       54.16532       93.81709

 NSTEP =   520000   TIME(PS) =   36080.000  TEMP(K) =   310.66  PRESS =     0.0
 Etot   =   -238436.0674  EKtot   =     63261.2461  EPtot      =   -301697.3135
 BOND   =      2100.1455  ANGLE   =      2352.4326  DIHED      =      1404.4137
 UB     =         0.0000  IMP     =         0.0000  CMAP       =       244.9266
 1-4 NB =      1167.8130  1-4 EEL =     15455.0135  VDWAALS    =     41023.5365
 EELEC  =   -365445.5949  EHBOND  =         0.0000  RESTRAINT  =         0.0000
 ------------------------------------------------------------------------------

wrapping first mol.:      -76.60132       54.16532       93.81709

 NSTEP =   540000   TIME(PS) =   36120.000  TEMP(K) =   311.34  PRESS =     0.0
 Etot   =   -238040.7856  EKtot   =     63399.0742  EPtot      =   -301439.8599
 BOND   =      2034.9594  ANGLE   =      2382.4156  DIHED      =      1371.8365
 UB     =         0.0000  IMP     =         0.0000  CMAP       =       240.5189
 1-4 NB =      1166.5809  1-4 EEL =     15350.7697  VDWAALS    =     40530.8298
 EELEC  =   -364517.7706  EHBOND  =         0.0000  RESTRAINT  =         0.0000
 ------------------------------------------------------------------------------

wrapping first mol.:      -76.60132       54.16532       93.81709

 NSTEP =   560000   TIME(PS) =   36160.000  TEMP(K) =   311.15  PRESS =     0.0
 Etot   =   -238488.8790  EKtot   =     63360.6562  EPtot      =   -301849.5353
 BOND   =      2082.1509  ANGLE   =      2457.3458  DIHED      =      1389.8855
 UB     =         0.0000  IMP     =         0.0000  CMAP       =       246.1490
 1-4 NB =      1162.1713  1-4 EEL =     15371.2620  VDWAALS    =     40507.7748
 EELEC  =   -365066.2746  EHBOND  =         0.0000  RESTRAINT  =         0.0000
 ------------------------------------------------------------------------------

wrapping first mol.:      -76.60132       54.16532       93.81709

 NSTEP =   580000   TIME(PS) =   36200.000  TEMP(K) =   311.40  PRESS =     0.0
 Etot   =   -238568.3261  EKtot   =     63411.4531  EPtot      =   -301979.7792
 BOND   =      2036.5155  ANGLE   =      2421.9341  DIHED      =      1429.3200
 UB     =         0.0000  IMP     =         0.0000  CMAP       =       235.5823
 1-4 NB =      1192.1786  1-4 EEL =     15396.0832  VDWAALS    =     40853.5736
 EELEC  =   -365544.9666  EHBOND  =         0.0000  RESTRAINT  =         0.0000
 ------------------------------------------------------------------------------

wrapping first mol.:      -76.60132       54.16532       93.81709

 NSTEP =   600000   TIME(PS) =   36240.000  TEMP(K) =   309.03  PRESS =     0.0
 Etot   =   -238292.8636  EKtot   =     62929.4297  EPtot      =   -301222.2933
 BOND   =      2110.6238  ANGLE   =      2430.7063  DIHED      =      1404.5537
 UB     =         0.0000  IMP     =         0.0000  CMAP       =       245.8866
 1-4 NB =      1146.3548  1-4 EEL =     15379.7571  VDWAALS    =     40757.3758
 EELEC  =   -364697.5514  EHBOND  =         0.0000  RESTRAINT  =         0.0000
 ------------------------------------------------------------------------------

wrapping first mol.:      -76.60132       54.16532       93.81709

 NSTEP =   620000   TIME(PS) =   36280.000  TEMP(K) =   310.87  PRESS =     0.0
 Etot   =   -237985.4157  EKtot   =     63305.0312  EPtot      =   -301290.4469
 BOND   =      2146.6653  ANGLE   =      2407.9001  DIHED      =      1400.3059
 UB     =         0.0000  IMP     =         0.0000  CMAP       =       240.8119
 1-4 NB =      1167.6934  1-4 EEL =     15336.0958  VDWAALS    =     40695.5995
 EELEC  =   -364685.5188  EHBOND  =         0.0000  RESTRAINT  =         0.0000
 ------------------------------------------------------------------------------

wrapping first mol.:      -76.60132       54.16532       93.81709

 NSTEP =   640000   TIME(PS) =   36320.000  TEMP(K) =   311.77  PRESS =     0.0
 Etot   =   -238059.3027  EKtot   =     63487.9375  EPtot      =   -301547.2402
 BOND   =      2082.4333  ANGLE   =      2371.0381  DIHED      =      1405.4418
 UB     =         0.0000  IMP     =         0.0000  CMAP       =       251.4106
 1-4 NB =      1169.8449  1-4 EEL =     15382.5990  VDWAALS    =     40630.7016
 EELEC  =   -364840.7095  EHBOND  =         0.0000  RESTRAINT  =         0.0000
 ------------------------------------------------------------------------------

wrapping first mol.:      -76.60132       54.16532       93.81709

 NSTEP =   660000   TIME(PS) =   36360.000  TEMP(K) =   312.04  PRESS =     0.0
 Etot   =   -238480.0388  EKtot   =     63541.4023  EPtot      =   -302021.4411
 BOND   =      2129.7700  ANGLE   =      2464.3118  DIHED      =      1397.3002
 UB     =         0.0000  IMP     =         0.0000  CMAP       =       233.2697
 1-4 NB =      1154.7769  1-4 EEL =     15354.2876  VDWAALS    =     40934.4202
 EELEC  =   -365689.5775  EHBOND  =         0.0000  RESTRAINT  =         0.0000
 ------------------------------------------------------------------------------

wrapping first mol.:      -76.60132       54.16532       93.81709

 NSTEP =   680000   TIME(PS) =   36400.000  TEMP(K) =   308.85  PRESS =     0.0
 Etot   =   -239030.4188  EKtot   =     62893.5859  EPtot      =   -301924.0047
 BOND   =      2134.5961  ANGLE   =      2456.4507  DIHED      =      1408.4882
 UB     =         0.0000  IMP     =         0.0000  CMAP       =       232.7768
 1-4 NB =      1176.6319  1-4 EEL =     15418.4447  VDWAALS    =     40956.3690
 EELEC  =   -365707.7622  EHBOND  =         0.0000  RESTRAINT  =         0.0000
 ------------------------------------------------------------------------------

wrapping first mol.:      -76.60132       54.16532       93.81709

 NSTEP =   700000   TIME(PS) =   36440.000  TEMP(K) =   310.69  PRESS =     0.0
 Etot   =   -238232.0351  EKtot   =     63268.3164  EPtot      =   -301500.3515
 BOND   =      2011.1125  ANGLE   =      2459.5258  DIHED      =      1366.4809
 UB     =         0.0000  IMP     =         0.0000  CMAP       =       250.8916
 1-4 NB =      1191.3003  1-4 EEL =     15330.7879  VDWAALS    =     40889.4835
 EELEC  =   -364999.9340  EHBOND  =         0.0000  RESTRAINT  =         0.0000
 ------------------------------------------------------------------------------

wrapping first mol.:      -76.60132       54.16532       93.81709

 NSTEP =   720000   TIME(PS) =   36480.000  TEMP(K) =   309.61  PRESS =     0.0
 Etot   =   -239556.3684  EKtot   =     63047.9023  EPtot      =   -302604.2708
 BOND   =      2062.1916  ANGLE   =      2412.5638  DIHED      =      1399.0739
 UB     =         0.0000  IMP     =         0.0000  CMAP       =       240.2647
 1-4 NB =      1201.1800  1-4 EEL =     15344.3722  VDWAALS    =     41329.7814
 EELEC  =   -366593.6984  EHBOND  =         0.0000  RESTRAINT  =         0.0000
 ------------------------------------------------------------------------------

wrapping first mol.:      -76.60132       54.16532       93.81709

 NSTEP =   740000   TIME(PS) =   36520.000  TEMP(K) =   308.30  PRESS =     0.0
 Etot   =   -238795.4631  EKtot   =     62781.5742  EPtot      =   -301577.0374
 BOND   =      2043.2375  ANGLE   =      2395.4977  DIHED      =      1418.8762
 UB     =         0.0000  IMP     =         0.0000  CMAP       =       239.3827
 1-4 NB =      1170.1322  1-4 EEL =     15287.2315  VDWAALS    =     40618.7753
 EELEC  =   -364750.1705  EHBOND  =         0.0000  RESTRAINT  =         0.0000
 ------------------------------------------------------------------------------

wrapping first mol.:      -76.60132       54.16532       93.81709

 NSTEP =   760000   TIME(PS) =   36560.000  TEMP(K) =   309.17  PRESS =     0.0
 Etot   =   -238732.7806  EKtot   =     62958.1562  EPtot      =   -301690.9369
 BOND   =      2082.9191  ANGLE   =      2406.8512  DIHED      =      1375.8496
 UB     =         0.0000  IMP     =         0.0000  CMAP       =       254.6019
 1-4 NB =      1203.2370  1-4 EEL =     15452.8998  VDWAALS    =     40302.9021
 EELEC  =   -364770.1977  EHBOND  =         0.0000  RESTRAINT  =         0.0000
 ------------------------------------------------------------------------------

wrapping first mol.:      -76.60132       54.16532       93.81709

 NSTEP =   780000   TIME(PS) =   36600.000  TEMP(K) =   307.34  PRESS =     0.0
 Etot   =   -239111.0440  EKtot   =     62586.1328  EPtot      =   -301697.1768
 BOND   =      2057.8355  ANGLE   =      2433.7603  DIHED      =      1423.0559
 UB     =         0.0000  IMP     =         0.0000  CMAP       =       242.7737
 1-4 NB =      1197.9171  1-4 EEL =     15440.6188  VDWAALS    =     41376.6463
 EELEC  =   -365869.7845  EHBOND  =         0.0000  RESTRAINT  =         0.0000
 ------------------------------------------------------------------------------

wrapping first mol.:      -76.60132       54.16532       93.81709

 NSTEP =   800000   TIME(PS) =   36640.000  TEMP(K) =   310.24  PRESS =     0.0
 Etot   =   -238745.1823  EKtot   =     63176.7500  EPtot      =   -301921.9323
 BOND   =      2078.2371  ANGLE   =      2391.7174  DIHED      =      1409.2377
 UB     =         0.0000  IMP     =         0.0000  CMAP       =       243.3779
 1-4 NB =      1164.2303  1-4 EEL =     15350.8128  VDWAALS    =     41044.9251
 EELEC  =   -365604.4706  EHBOND  =         0.0000  RESTRAINT  =         0.0000
 ------------------------------------------------------------------------------

wrapping first mol.:      -76.60132       54.16532       93.81709

 NSTEP =   820000   TIME(PS) =   36680.000  TEMP(K) =   310.54  PRESS =     0.0
 Etot   =   -238423.7171  EKtot   =     63236.6758  EPtot      =   -301660.3929
 BOND   =      2096.3799  ANGLE   =      2427.5166  DIHED      =      1403.9595
 UB     =         0.0000  IMP     =         0.0000  CMAP       =       234.1234
 1-4 NB =      1160.6901  1-4 EEL =     15402.6423  VDWAALS    =     40087.1370
 EELEC  =   -364472.8417  EHBOND  =         0.0000  RESTRAINT  =         0.0000
 ------------------------------------------------------------------------------

wrapping first mol.:      -76.60132       54.16532       93.81709

 NSTEP =   840000   TIME(PS) =   36720.000  TEMP(K) =   309.86  PRESS =     0.0
 Etot   =   -237980.3898  EKtot   =     63099.0156  EPtot      =   -301079.4054
 BOND   =      2133.5108  ANGLE   =      2470.3724  DIHED      =      1402.3875
 UB     =         0.0000  IMP     =         0.0000  CMAP       =       254.6115
 1-4 NB =      1172.2338  1-4 EEL =     15461.2503  VDWAALS    =     40451.3173
 EELEC  =   -364425.0891  EHBOND  =         0.0000  RESTRAINT  =         0.0000
 ------------------------------------------------------------------------------

wrapping first mol.:      -76.60132       54.16532       93.81709

 NSTEP =   860000   TIME(PS) =   36760.000  TEMP(K) =   309.14  PRESS =     0.0
 Etot   =   -238423.3310  EKtot   =     62952.3672  EPtot      =   -301375.6981
 BOND   =      2106.1646  ANGLE   =      2439.4731  DIHED      =      1380.2021
 UB     =         0.0000  IMP     =         0.0000  CMAP       =       238.0592
 1-4 NB =      1164.7485  1-4 EEL =     15342.3083  VDWAALS    =     40365.3647
 EELEC  =   -364412.0186  EHBOND  =         0.0000  RESTRAINT  =         0.0000
 ------------------------------------------------------------------------------

wrapping first mol.:      -76.60132       54.16532       93.81709

 NSTEP =   880000   TIME(PS) =   36800.000  TEMP(K) =   309.80  PRESS =     0.0
 Etot   =   -239240.7674  EKtot   =     63086.4922  EPtot      =   -302327.2596
 BOND   =      2091.4131  ANGLE   =      2421.4393  DIHED      =      1379.7730
 UB     =         0.0000  IMP     =         0.0000  CMAP       =       235.1889
 1-4 NB =      1187.9480  1-4 EEL =     15330.3510  VDWAALS    =     41366.5921
 EELEC  =   -366339.9650  EHBOND  =         0.0000  RESTRAINT  =         0.0000
 ------------------------------------------------------------------------------

wrapping first mol.:      -76.60132       54.16532       93.81709

 NSTEP =   900000   TIME(PS) =   36840.000  TEMP(K) =   308.69  PRESS =     0.0
 Etot   =   -239052.0230  EKtot   =     62859.2695  EPtot      =   -301911.2925
 BOND   =      2089.0293  ANGLE   =      2360.1151  DIHED      =      1340.5559
 UB     =         0.0000  IMP     =         0.0000  CMAP       =       227.7310
 1-4 NB =      1202.2170  1-4 EEL =     15358.5907  VDWAALS    =     41037.5056
 EELEC  =   -365527.0371  EHBOND  =         0.0000  RESTRAINT  =         0.0000
 ------------------------------------------------------------------------------

wrapping first mol.:      -76.60132       54.16532       93.81709

 NSTEP =   920000   TIME(PS) =   36880.000  TEMP(K) =   309.62  PRESS =     0.0
 Etot   =   -238652.2040  EKtot   =     63049.7383  EPtot      =   -301701.9423
 BOND   =      2077.5437  ANGLE   =      2504.7514  DIHED      =      1415.0830
 UB     =         0.0000  IMP     =         0.0000  CMAP       =       242.4620
 1-4 NB =      1174.9414  1-4 EEL =     15320.9152  VDWAALS    =     40753.2700
 EELEC  =   -365190.9089  EHBOND  =         0.0000  RESTRAINT  =         0.0000
 ------------------------------------------------------------------------------

wrapping first mol.:      -76.60132       54.16532       93.81709

 NSTEP =   940000   TIME(PS) =   36920.000  TEMP(K) =   310.48  PRESS =     0.0
 Etot   =   -238705.2623  EKtot   =     63224.2500  EPtot      =   -301929.5123
 BOND   =      2133.7131  ANGLE   =      2424.7065  DIHED      =      1373.1937
 UB     =         0.0000  IMP     =         0.0000  CMAP       =       235.4736
 1-4 NB =      1138.2321  1-4 EEL =     15371.8955  VDWAALS    =     40436.1396
 EELEC  =   -365042.8664  EHBOND  =         0.0000  RESTRAINT  =         0.0000
 ------------------------------------------------------------------------------

wrapping first mol.:      -76.60132       54.16532       93.81709

 NSTEP =   960000   TIME(PS) =   36960.000  TEMP(K) =   309.84  PRESS =     0.0
 Etot   =   -238327.5833  EKtot   =     63094.5508  EPtot      =   -301422.1340
 BOND   =      2070.8878  ANGLE   =      2441.4643  DIHED      =      1357.2297
 UB     =         0.0000  IMP     =         0.0000  CMAP       =       218.9890
 1-4 NB =      1177.9792  1-4 EEL =     15325.6949  VDWAALS    =     40535.6689
 EELEC  =   -364550.0479  EHBOND  =         0.0000  RESTRAINT  =         0.0000
 ------------------------------------------------------------------------------

wrapping first mol.:      -76.60132       54.16532       93.81709

 NSTEP =   980000   TIME(PS) =   37000.000  TEMP(K) =   309.66  PRESS =     0.0
 Etot   =   -238976.7786  EKtot   =     63057.8477  EPtot      =   -302034.6263
 BOND   =      2127.8613  ANGLE   =      2398.3739  DIHED      =      1396.7142
 UB     =         0.0000  IMP     =         0.0000  CMAP       =       241.8726
 1-4 NB =      1170.1500  1-4 EEL =     15363.0279  VDWAALS    =     40455.4022
 EELEC  =   -365188.0282  EHBOND  =         0.0000  RESTRAINT  =         0.0000
 ------------------------------------------------------------------------------

wrapping first mol.:      -76.60132       54.16532       93.81709

 NSTEP =  1000000   TIME(PS) =   37040.000  TEMP(K) =   310.01  PRESS =     0.0
 Etot   =   -238770.2020  EKtot   =     63128.3438  EPtot      =   -301898.5458
 BOND   =      2116.0411  ANGLE   =      2423.0504  DIHED      =      1383.9140
 UB     =         0.0000  IMP     =         0.0000  CMAP       =       243.3624
 1-4 NB =      1181.4887  1-4 EEL =     15337.2080  VDWAALS    =     40954.7480
 EELEC  =   -365538.3584  EHBOND  =         0.0000  RESTRAINT  =         0.0000
 ------------------------------------------------------------------------------

wrapping first mol.:      -76.60132       54.16532       93.81709

 NSTEP =  1020000   TIME(PS) =   37080.000  TEMP(K) =   310.89  PRESS =     0.0
 Etot   =   -238792.0346  EKtot   =     63307.4648  EPtot      =   -302099.4994
 BOND   =      2101.9975  ANGLE   =      2383.1215  DIHED      =      1393.3021
 UB     =         0.0000  IMP     =         0.0000  CMAP       =       236.8370
 1-4 NB =      1168.3022  1-4 EEL =     15320.7509  VDWAALS    =     40960.4777
 EELEC  =   -365664.2883  EHBOND  =         0.0000  RESTRAINT  =         0.0000
 ------------------------------------------------------------------------------

wrapping first mol.:      -76.60132       54.16532       93.81709

 NSTEP =  1040000   TIME(PS) =   37120.000  TEMP(K) =   310.69  PRESS =     0.0
 Etot   =   -238718.5431  EKtot   =     63267.9805  EPtot      =   -301986.5236
 BOND   =      2070.7815  ANGLE   =      2384.1124  DIHED      =      1384.7919
 UB     =         0.0000  IMP     =         0.0000  CMAP       =       219.3284
 1-4 NB =      1158.7281  1-4 EEL =     15280.0015  VDWAALS    =     40788.1699
 EELEC  =   -365272.4373  EHBOND  =         0.0000  RESTRAINT  =         0.0000
 ------------------------------------------------------------------------------

wrapping first mol.:      -76.60132       54.16532       93.81709

 NSTEP =  1060000   TIME(PS) =   37160.000  TEMP(K) =   310.32  PRESS =     0.0
 Etot   =   -238331.3676  EKtot   =     63192.3320  EPtot      =   -301523.6996
 BOND   =      2103.3917  ANGLE   =      2377.4501  DIHED      =      1394.2500
 UB     =         0.0000  IMP     =         0.0000  CMAP       =       220.9472
 1-4 NB =      1203.5100  1-4 EEL =     15382.5348  VDWAALS    =     40512.4787
 EELEC  =   -364718.2621  EHBOND  =         0.0000  RESTRAINT  =         0.0000
 ------------------------------------------------------------------------------

wrapping first mol.:      -76.60132       54.16532       93.81709

 NSTEP =  1080000   TIME(PS) =   37200.000  TEMP(K) =   307.89  PRESS =     0.0
 Etot   =   -239328.4780  EKtot   =     62697.3359  EPtot      =   -302025.8140
 BOND   =      2043.9802  ANGLE   =      2394.4246  DIHED      =      1394.9297
 UB     =         0.0000  IMP     =         0.0000  CMAP       =       246.0811
 1-4 NB =      1187.7613  1-4 EEL =     15404.0665  VDWAALS    =     40720.2511
 EELEC  =   -365417.3084  EHBOND  =         0.0000  RESTRAINT  =         0.0000
 ------------------------------------------------------------------------------

wrapping first mol.:      -76.60132       54.16532       93.81709

 NSTEP =  1100000   TIME(PS) =   37240.000  TEMP(K) =   309.19  PRESS =     0.0
 Etot   =   -238112.5340  EKtot   =     62961.0625  EPtot      =   -301073.5965
 BOND   =      2116.0139  ANGLE   =      2394.0823  DIHED      =      1408.4681
 UB     =         0.0000  IMP     =         0.0000  CMAP       =       247.1572
 1-4 NB =      1178.4504  1-4 EEL =     15489.9872  VDWAALS    =     40211.4467
 EELEC  =   -364119.2021  EHBOND  =         0.0000  RESTRAINT  =         0.0000
 ------------------------------------------------------------------------------

wrapping first mol.:      -76.60132       54.16532       93.81709

 NSTEP =  1120000   TIME(PS) =   37280.000  TEMP(K) =   309.54  PRESS =     0.0
 Etot   =   -238661.1774  EKtot   =     63033.3320  EPtot      =   -301694.5094
 BOND   =      2092.4265  ANGLE   =      2506.7958  DIHED      =      1391.0987
 UB     =         0.0000  IMP     =         0.0000  CMAP       =       235.9335
 1-4 NB =      1162.7084  1-4 EEL =     15380.7227  VDWAALS    =     40406.8957
 EELEC  =   -364871.0907  EHBOND  =         0.0000  RESTRAINT  =         0.0000
 ------------------------------------------------------------------------------

wrapping first mol.:      -76.60132       54.16532       93.81709

 NSTEP =  1140000   TIME(PS) =   37320.000  TEMP(K) =   309.30  PRESS =     0.0
 Etot   =   -238775.9111  EKtot   =     62985.1055  EPtot      =   -301761.0166
 BOND   =      2063.0872  ANGLE   =      2384.7145  DIHED      =      1367.0382
 UB     =         0.0000  IMP     =         0.0000  CMAP       =       228.1675
 1-4 NB =      1197.2106  1-4 EEL =     15394.1338  VDWAALS    =     40536.0877
 EELEC  =   -364931.4560  EHBOND  =         0.0000  RESTRAINT  =         0.0000
 ------------------------------------------------------------------------------

wrapping first mol.:      -76.60132       54.16532       93.81709

 NSTEP =  1160000   TIME(PS) =   37360.000  TEMP(K) =   310.07  PRESS =     0.0
 Etot   =   -238559.4424  EKtot   =     63141.4531  EPtot      =   -301700.8955
 BOND   =      2086.8509  ANGLE   =      2392.4308  DIHED      =      1409.7234
 UB     =         0.0000  IMP     =         0.0000  CMAP       =       240.0407
 1-4 NB =      1190.4103  1-4 EEL =     15383.4442  VDWAALS    =     41234.7476
 EELEC  =   -365638.5434  EHBOND  =         0.0000  RESTRAINT  =         0.0000
 ------------------------------------------------------------------------------

wrapping first mol.:      -76.60132       54.16532       93.81709

 NSTEP =  1180000   TIME(PS) =   37400.000  TEMP(K) =   309.69  PRESS =     0.0
 Etot   =   -239025.8686  EKtot   =     63063.2891  EPtot      =   -302089.1576
 BOND   =      2104.7342  ANGLE   =      2361.8128  DIHED      =      1412.2486
 UB     =         0.0000  IMP     =         0.0000  CMAP       =       254.2622
 1-4 NB =      1182.4376  1-4 EEL =     15424.4115  VDWAALS    =     40915.2975
 EELEC  =   -365744.3620  EHBOND  =         0.0000  RESTRAINT  =         0.0000
 ------------------------------------------------------------------------------

wrapping first mol.:      -76.60132       54.16532       93.81709

 NSTEP =  1200000   TIME(PS) =   37440.000  TEMP(K) =   309.97  PRESS =     0.0
 Etot   =   -239108.7329  EKtot   =     63121.4375  EPtot      =   -302230.1704
 BOND   =      2089.6597  ANGLE   =      2409.7238  DIHED      =      1379.1782
 UB     =         0.0000  IMP     =         0.0000  CMAP       =       233.9963
 1-4 NB =      1158.7202  1-4 EEL =     15365.4009  VDWAALS    =     40815.4357
 EELEC  =   -365682.2852  EHBOND  =         0.0000  RESTRAINT  =         0.0000
 ------------------------------------------------------------------------------

wrapping first mol.:      -76.60132       54.16532       93.81709

 NSTEP =  1220000   TIME(PS) =   37480.000  TEMP(K) =   309.45  PRESS =     0.0
 Etot   =   -238673.6339  EKtot   =     63015.0898  EPtot      =   -301688.7238
 BOND   =      2047.1582  ANGLE   =      2414.3152  DIHED      =      1373.4932
 UB     =         0.0000  IMP     =         0.0000  CMAP       =       226.4708
 1-4 NB =      1195.4396  1-4 EEL =     15357.4768  VDWAALS    =     40145.4936
 EELEC  =   -364448.5712  EHBOND  =         0.0000  RESTRAINT  =         0.0000
 ------------------------------------------------------------------------------

wrapping first mol.:      -76.60132       54.16532       93.81709

 NSTEP =  1240000   TIME(PS) =   37520.000  TEMP(K) =   310.15  PRESS =     0.0
 Etot   =   -238689.8656  EKtot   =     63156.7930  EPtot      =   -301846.6586
 BOND   =      2108.3220  ANGLE   =      2420.0035  DIHED      =      1370.0043
 UB     =         0.0000  IMP     =         0.0000  CMAP       =       215.6496
 1-4 NB =      1161.4941  1-4 EEL =     15420.9586  VDWAALS    =     40093.2140
 EELEC  =   -364636.3047  EHBOND  =         0.0000  RESTRAINT  =         0.0000
 ------------------------------------------------------------------------------

wrapping first mol.:      -76.60132       54.16532       93.81709

 NSTEP =  1260000   TIME(PS) =   37560.000  TEMP(K) =   310.38  PRESS =     0.0
 Etot   =   -238764.8398  EKtot   =     63205.3047  EPtot      =   -301970.1445
 BOND   =      2082.7169  ANGLE   =      2454.4596  DIHED      =      1371.5703
 UB     =         0.0000  IMP     =         0.0000  CMAP       =       244.2947
 1-4 NB =      1178.7214  1-4 EEL =     15382.7722  VDWAALS    =     40971.8725
 EELEC  =   -365656.5521  EHBOND  =         0.0000  RESTRAINT  =         0.0000
 ------------------------------------------------------------------------------

wrapping first mol.:      -76.60132       54.16532       93.81709

 NSTEP =  1280000   TIME(PS) =   37600.000  TEMP(K) =   310.35  PRESS =     0.0
 Etot   =   -238750.1866  EKtot   =     63197.7773  EPtot      =   -301947.9639
 BOND   =      2083.7056  ANGLE   =      2335.3591  DIHED      =      1382.6577
 UB     =         0.0000  IMP     =         0.0000  CMAP       =       236.5433
 1-4 NB =      1188.7501  1-4 EEL =     15443.6228  VDWAALS    =     41011.9871
 EELEC  =   -365630.5896  EHBOND  =         0.0000  RESTRAINT  =         0.0000
 ------------------------------------------------------------------------------

wrapping first mol.:      -76.60132       54.16532       93.81709

 NSTEP =  1300000   TIME(PS) =   37640.000  TEMP(K) =   308.83  PRESS =     0.0
 Etot   =   -238923.4059  EKtot   =     62888.5508  EPtot      =   -301811.9567
 BOND   =      2093.1451  ANGLE   =      2375.5203  DIHED      =      1358.8328
 UB     =         0.0000  IMP     =         0.0000  CMAP       =       243.9441
 1-4 NB =      1174.7616  1-4 EEL =     15357.5979  VDWAALS    =     40572.9949
 EELEC  =   -364988.7534  EHBOND  =         0.0000  RESTRAINT  =         0.0000
 ------------------------------------------------------------------------------

wrapping first mol.:      -76.60132       54.16532       93.81709

 NSTEP =  1320000   TIME(PS) =   37680.000  TEMP(K) =   309.91  PRESS =     0.0
 Etot   =   -238188.0311  EKtot   =     63109.0703  EPtot      =   -301297.1014
 BOND   =      2042.4032  ANGLE   =      2382.0034  DIHED      =      1387.7353
 UB     =         0.0000  IMP     =         0.0000  CMAP       =       225.6213
 1-4 NB =      1192.3097  1-4 EEL =     15494.0575  VDWAALS    =     40357.4059
 EELEC  =   -364378.6378  EHBOND  =         0.0000  RESTRAINT  =         0.0000
 ------------------------------------------------------------------------------

wrapping first mol.:      -76.60132       54.16532       93.81709

 NSTEP =  1340000   TIME(PS) =   37720.000  TEMP(K) =   310.63  PRESS =     0.0
 Etot   =   -238193.2362  EKtot   =     63255.8828  EPtot      =   -301449.1190
 BOND   =      2135.6741  ANGLE   =      2436.4913  DIHED      =      1387.5029
 UB     =         0.0000  IMP     =         0.0000  CMAP       =       236.4630
 1-4 NB =      1199.7337  1-4 EEL =     15435.2083  VDWAALS    =     41156.6553
 EELEC  =   -365436.8477  EHBOND  =         0.0000  RESTRAINT  =         0.0000
 ------------------------------------------------------------------------------

wrapping first mol.:      -76.60132       54.16532       93.81709

 NSTEP =  1360000   TIME(PS) =   37760.000  TEMP(K) =   311.41  PRESS =     0.0
 Etot   =   -238434.9507  EKtot   =     63413.5781  EPtot      =   -301848.5288
 BOND   =      2038.6055  ANGLE   =      2410.5741  DIHED      =      1451.1878
 UB     =         0.0000  IMP     =         0.0000  CMAP       =       209.5401
 1-4 NB =      1165.5317  1-4 EEL =     15397.0632  VDWAALS    =     40492.6979
 EELEC  =   -365013.7292  EHBOND  =         0.0000  RESTRAINT  =         0.0000
 ------------------------------------------------------------------------------

wrapping first mol.:      -76.60132       54.16532       93.81709

 NSTEP =  1380000   TIME(PS) =   37800.000  TEMP(K) =   308.28  PRESS =     0.0
 Etot   =   -239371.8701  EKtot   =     62777.6836  EPtot      =   -302149.5537
 BOND   =      2142.0601  ANGLE   =      2428.7190  DIHED      =      1455.4122
 UB     =         0.0000  IMP     =         0.0000  CMAP       =       249.1713
 1-4 NB =      1171.6504  1-4 EEL =     15398.8250  VDWAALS    =     40883.7844
 EELEC  =   -365879.1760  EHBOND  =         0.0000  RESTRAINT  =         0.0000
 ------------------------------------------------------------------------------

wrapping first mol.:      -76.60132       54.16532       93.81709

 NSTEP =  1400000   TIME(PS) =   37840.000  TEMP(K) =   311.97  PRESS =     0.0
 Etot   =   -238210.6100  EKtot   =     63528.3516  EPtot      =   -301738.9616
 BOND   =      2125.1435  ANGLE   =      2426.0885  DIHED      =      1428.6873
 UB     =         0.0000  IMP     =         0.0000  CMAP       =       233.5446
 1-4 NB =      1185.7522  1-4 EEL =     15394.9076  VDWAALS    =     41026.5396
 EELEC  =   -365559.6249  EHBOND  =         0.0000  RESTRAINT  =         0.0000
 ------------------------------------------------------------------------------

wrapping first mol.:      -76.60132       54.16532       93.81709

 NSTEP =  1420000   TIME(PS) =   37880.000  TEMP(K) =   309.71  PRESS =     0.0
 Etot   =   -238783.9092  EKtot   =     63068.7422  EPtot      =   -301852.6513
 BOND   =      2090.6405  ANGLE   =      2404.0582  DIHED      =      1429.5443
 UB     =         0.0000  IMP     =         0.0000  CMAP       =       240.1638
 1-4 NB =      1189.0077  1-4 EEL =     15454.9469  VDWAALS    =     40560.9846
 EELEC  =   -365221.9975  EHBOND  =         0.0000  RESTRAINT  =         0.0000
 ------------------------------------------------------------------------------

wrapping first mol.:      -76.60132       54.16532       93.81709

 NSTEP =  1440000   TIME(PS) =   37920.000  TEMP(K) =   311.70  PRESS =     0.0
 Etot   =   -238441.7943  EKtot   =     63472.6289  EPtot      =   -301914.4232
 BOND   =      2132.8886  ANGLE   =      2447.2067  DIHED      =      1400.0125
 UB     =         0.0000  IMP     =         0.0000  CMAP       =       219.7468
 1-4 NB =      1162.0890  1-4 EEL =     15428.7158  VDWAALS    =     40599.5731
 EELEC  =   -365304.6557  EHBOND  =         0.0000  RESTRAINT  =         0.0000
 ------------------------------------------------------------------------------

wrapping first mol.:      -76.60132       54.16532       93.81709

 NSTEP =  1460000   TIME(PS) =   37960.000  TEMP(K) =   310.21  PRESS =     0.0
 Etot   =   -238452.7970  EKtot   =     63169.8789  EPtot      =   -301622.6759
 BOND   =      2137.9594  ANGLE   =      2438.7067  DIHED      =      1401.5322
 UB     =         0.0000  IMP     =         0.0000  CMAP       =       230.5008
 1-4 NB =      1175.8207  1-4 EEL =     15503.1400  VDWAALS    =     40331.3989
 EELEC  =   -364841.7346  EHBOND  =         0.0000  RESTRAINT  =         0.0000
 ------------------------------------------------------------------------------

wrapping first mol.:      -76.60132       54.16532       93.81709

 NSTEP =  1480000   TIME(PS) =   38000.000  TEMP(K) =   310.56  PRESS =     0.0
 Etot   =   -238363.9977  EKtot   =     63240.5039  EPtot      =   -301604.5016
 BOND   =      2034.3497  ANGLE   =      2392.7260  DIHED      =      1405.3059
 UB     =         0.0000  IMP     =         0.0000  CMAP       =       227.9384
 1-4 NB =      1203.8246  1-4 EEL =     15377.7838  VDWAALS    =     40434.6174
 EELEC  =   -364681.0473  EHBOND  =         0.0000  RESTRAINT  =         0.0000
 ------------------------------------------------------------------------------

wrapping first mol.:      -76.60132       54.16532       93.81709

 NSTEP =  1500000   TIME(PS) =   38040.000  TEMP(K) =   311.86  PRESS =     0.0
 Etot   =   -238753.4497  EKtot   =     63504.8281  EPtot      =   -302258.2779
 BOND   =      2068.0647  ANGLE   =      2469.9104  DIHED      =      1386.8068
 UB     =         0.0000  IMP     =         0.0000  CMAP       =       244.2528
 1-4 NB =      1195.8249  1-4 EEL =     15347.4006  VDWAALS    =     40789.8576
 EELEC  =   -365760.3957  EHBOND  =         0.0000  RESTRAINT  =         0.0000
 ------------------------------------------------------------------------------

wrapping first mol.:      -76.60132       54.16532       93.81709

 NSTEP =  1520000   TIME(PS) =   38080.000  TEMP(K) =   308.63  PRESS =     0.0
 Etot   =   -239088.4108  EKtot   =     62847.1172  EPtot      =   -301935.5280
 BOND   =      2038.7754  ANGLE   =      2469.3124  DIHED      =      1384.4109
 UB     =         0.0000  IMP     =         0.0000  CMAP       =       246.1040
 1-4 NB =      1173.3091  1-4 EEL =     15362.7044  VDWAALS    =     40594.1751
 EELEC  =   -365204.3193  EHBOND  =         0.0000  RESTRAINT  =         0.0000
 ------------------------------------------------------------------------------

wrapping first mol.:      -76.60132       54.16532       93.81709

 NSTEP =  1540000   TIME(PS) =   38120.000  TEMP(K) =   308.47  PRESS =     0.0
 Etot   =   -239047.2459  EKtot   =     62815.5781  EPtot      =   -301862.8240
 BOND   =      2055.8360  ANGLE   =      2390.7341  DIHED      =      1408.2356
 UB     =         0.0000  IMP     =         0.0000  CMAP       =       231.2809
 1-4 NB =      1171.6886  1-4 EEL =     15377.6978  VDWAALS    =     40558.1768
 EELEC  =   -365056.4738  EHBOND  =         0.0000  RESTRAINT  =         0.0000
 ------------------------------------------------------------------------------

wrapping first mol.:      -76.60132       54.16532       93.81709

 NSTEP =  1560000   TIME(PS) =   38160.000  TEMP(K) =   310.19  PRESS =     0.0
 Etot   =   -238618.2824  EKtot   =     63166.3750  EPtot      =   -301784.6574
 BOND   =      2100.1656  ANGLE   =      2457.8261  DIHED      =      1399.1931
 UB     =         0.0000  IMP     =         0.0000  CMAP       =       238.5641
 1-4 NB =      1192.2646  1-4 EEL =     15343.5352  VDWAALS    =     41260.2875
 EELEC  =   -365776.4936  EHBOND  =         0.0000  RESTRAINT  =         0.0000
 ------------------------------------------------------------------------------

wrapping first mol.:      -76.60132       54.16532       93.81709

 NSTEP =  1580000   TIME(PS) =   38200.000  TEMP(K) =   308.92  PRESS =     0.0
 Etot   =   -239128.9693  EKtot   =     62907.1562  EPtot      =   -302036.1255
 BOND   =      2059.3037  ANGLE   =      2441.5396  DIHED      =      1394.1050
 UB     =         0.0000  IMP     =         0.0000  CMAP       =       222.2678
 1-4 NB =      1178.1636  1-4 EEL =     15368.1916  VDWAALS    =     40520.0373
 EELEC  =   -365219.7340  EHBOND  =         0.0000  RESTRAINT  =         0.0000
 ------------------------------------------------------------------------------

wrapping first mol.:      -76.60132       54.16532       93.81709

 NSTEP =  1600000   TIME(PS) =   38240.000  TEMP(K) =   310.92  PRESS =     0.0
 Etot   =   -238387.9713  EKtot   =     63314.8242  EPtot      =   -301702.7955
 BOND   =      2054.9936  ANGLE   =      2424.1357  DIHED      =      1423.7420
 UB     =         0.0000  IMP     =         0.0000  CMAP       =       226.4114
 1-4 NB =      1198.7218  1-4 EEL =     15459.0760  VDWAALS    =     40669.7340
 EELEC  =   -365159.6100  EHBOND  =         0.0000  RESTRAINT  =         0.0000
 ------------------------------------------------------------------------------

wrapping first mol.:      -76.60132       54.16532       93.81709

 NSTEP =  1620000   TIME(PS) =   38280.000  TEMP(K) =   310.37  PRESS =     0.0
 Etot   =   -238575.9343  EKtot   =     63201.8789  EPtot      =   -301777.8132
 BOND   =      2146.1416  ANGLE   =      2454.2240  DIHED      =      1402.4183
 UB     =         0.0000  IMP     =         0.0000  CMAP       =       225.1762
 1-4 NB =      1176.6901  1-4 EEL =     15343.3243  VDWAALS    =     40562.7312
 EELEC  =   -365088.5189  EHBOND  =         0.0000  RESTRAINT  =         0.0000
 ------------------------------------------------------------------------------

wrapping first mol.:      -76.60132       54.16532       93.81709

 NSTEP =  1640000   TIME(PS) =   38320.000  TEMP(K) =   310.74  PRESS =     0.0
 Etot   =   -238993.7331  EKtot   =     63277.5156  EPtot      =   -302271.2488
 BOND   =      2034.4290  ANGLE   =      2474.1962  DIHED      =      1394.3831
 UB     =         0.0000  IMP     =         0.0000  CMAP       =       231.6155
 1-4 NB =      1146.6422  1-4 EEL =     15286.5426  VDWAALS    =     40787.8710
 EELEC  =   -365626.9282  EHBOND  =         0.0000  RESTRAINT  =         0.0000
 ------------------------------------------------------------------------------

wrapping first mol.:      -76.60132       54.16532       93.81709

 NSTEP =  1660000   TIME(PS) =   38360.000  TEMP(K) =   310.75  PRESS =     0.0
 Etot   =   -238981.4491  EKtot   =     63280.4805  EPtot      =   -302261.9296
 BOND   =      2041.9189  ANGLE   =      2383.4738  DIHED      =      1412.9911
 UB     =         0.0000  IMP     =         0.0000  CMAP       =       242.2411
 1-4 NB =      1189.3249  1-4 EEL =     15372.0229  VDWAALS    =     40919.6024
 EELEC  =   -365823.5047  EHBOND  =         0.0000  RESTRAINT  =         0.0000
 ------------------------------------------------------------------------------

wrapping first mol.:      -76.60132       54.16532       93.81709

 NSTEP =  1680000   TIME(PS) =   38400.000  TEMP(K) =   312.14  PRESS =     0.0
 Etot   =   -238269.5751  EKtot   =     63563.2227  EPtot      =   -301832.7977
 BOND   =      2071.6000  ANGLE   =      2378.0289  DIHED      =      1387.1715
 UB     =         0.0000  IMP     =         0.0000  CMAP       =       253.4776
 1-4 NB =      1172.2099  1-4 EEL =     15340.3216  VDWAALS    =     40834.6688
 EELEC  =   -365270.2760  EHBOND  =         0.0000  RESTRAINT  =         0.0000
 ------------------------------------------------------------------------------

wrapping first mol.:      -76.60132       54.16532       93.81709

 NSTEP =  1700000   TIME(PS) =   38440.000  TEMP(K) =   310.62  PRESS =     0.0
 Etot   =   -238300.5142  EKtot   =     63253.2266  EPtot      =   -301553.7407
 BOND   =      2136.0859  ANGLE   =      2344.4373  DIHED      =      1434.8215
 UB     =         0.0000  IMP     =         0.0000  CMAP       =       228.6382
 1-4 NB =      1145.9237  1-4 EEL =     15296.1706  VDWAALS    =     40793.1599
 EELEC  =   -364932.9779  EHBOND  =         0.0000  RESTRAINT  =         0.0000
 ------------------------------------------------------------------------------

wrapping first mol.:      -76.60132       54.16532       93.81709

 NSTEP =  1720000   TIME(PS) =   38480.000  TEMP(K) =   309.55  PRESS =     0.0
 Etot   =   -238937.3827  EKtot   =     63034.5273  EPtot      =   -301971.9100
 BOND   =      2130.3540  ANGLE   =      2428.8989  DIHED      =      1389.1531
 UB     =         0.0000  IMP     =         0.0000  CMAP       =       251.5012
 1-4 NB =      1140.5310  1-4 EEL =     15325.0205  VDWAALS    =     40960.7987
 EELEC  =   -365598.1675  EHBOND  =         0.0000  RESTRAINT  =         0.0000
 ------------------------------------------------------------------------------

wrapping first mol.:      -76.60132       54.16532       93.81709

 NSTEP =  1740000   TIME(PS) =   38520.000  TEMP(K) =   309.76  PRESS =     0.0
 Etot   =   -238921.7578  EKtot   =     63078.2461  EPtot      =   -302000.0039
 BOND   =      2064.4233  ANGLE   =      2426.8735  DIHED      =      1407.1400
 UB     =         0.0000  IMP     =         0.0000  CMAP       =       234.4921
 1-4 NB =      1165.0471  1-4 EEL =     15300.2723  VDWAALS    =     41065.6281
 EELEC  =   -365663.8802  EHBOND  =         0.0000  RESTRAINT  =         0.0000
 ------------------------------------------------------------------------------

wrapping first mol.:      -76.60132       54.16532       93.81709

 NSTEP =  1760000   TIME(PS) =   38560.000  TEMP(K) =   310.32  PRESS =     0.0
 Etot   =   -238302.2475  EKtot   =     63192.0859  EPtot      =   -301494.3335
 BOND   =      2005.6945  ANGLE   =      2385.4894  DIHED      =      1380.4423
 UB     =         0.0000  IMP     =         0.0000  CMAP       =       245.8719
 1-4 NB =      1187.5014  1-4 EEL =     15317.4953  VDWAALS    =     40801.4372
 EELEC  =   -364818.2654  EHBOND  =         0.0000  RESTRAINT  =         0.0000
 ------------------------------------------------------------------------------

wrapping first mol.:      -76.60132       54.16532       93.81709

 NSTEP =  1780000   TIME(PS) =   38600.000  TEMP(K) =   309.54  PRESS =     0.0
 Etot   =   -238554.1371  EKtot   =     63033.3438  EPtot      =   -301587.4809
 BOND   =      2156.2723  ANGLE   =      2422.3970  DIHED      =      1351.9281
 UB     =         0.0000  IMP     =         0.0000  CMAP       =       220.5378
 1-4 NB =      1185.0422  1-4 EEL =     15338.7287  VDWAALS    =     40678.3218
 EELEC  =   -364940.7088  EHBOND  =         0.0000  RESTRAINT  =         0.0000
 ------------------------------------------------------------------------------

wrapping first mol.:      -76.60132       54.16532       93.81709

 NSTEP =  1800000   TIME(PS) =   38640.000  TEMP(K) =   309.28  PRESS =     0.0
 Etot   =   -238755.3398  EKtot   =     62979.3906  EPtot      =   -301734.7304
 BOND   =      2007.1453  ANGLE   =      2356.1690  DIHED      =      1384.0861
 UB     =         0.0000  IMP     =         0.0000  CMAP       =       233.6830
 1-4 NB =      1169.8438  1-4 EEL =     15380.8625  VDWAALS    =     40336.0397
 EELEC  =   -364602.5598  EHBOND  =         0.0000  RESTRAINT  =         0.0000
 ------------------------------------------------------------------------------

wrapping first mol.:      -76.60132       54.16532       93.81709

 NSTEP =  1820000   TIME(PS) =   38680.000  TEMP(K) =   310.60  PRESS =     0.0
 Etot   =   -238399.4297  EKtot   =     63249.0859  EPtot      =   -301648.5156
 BOND   =      2040.6614  ANGLE   =      2394.1488  DIHED      =      1368.5803
 UB     =         0.0000  IMP     =         0.0000  CMAP       =       223.8177
 1-4 NB =      1173.7943  1-4 EEL =     15344.8122  VDWAALS    =     40671.0981
 EELEC  =   -364865.4284  EHBOND  =         0.0000  RESTRAINT  =         0.0000
 ------------------------------------------------------------------------------

wrapping first mol.:      -76.60132       54.16532       93.81709

 NSTEP =  1840000   TIME(PS) =   38720.000  TEMP(K) =   310.04  PRESS =     0.0
 Etot   =   -238993.5119  EKtot   =     63134.6445  EPtot      =   -302128.1564
 BOND   =      2137.0902  ANGLE   =      2476.2401  DIHED      =      1427.1999
 UB     =         0.0000  IMP     =         0.0000  CMAP       =       238.4071
 1-4 NB =      1154.0178  1-4 EEL =     15325.0570  VDWAALS    =     41093.0550
 EELEC  =   -365979.2236  EHBOND  =         0.0000  RESTRAINT  =         0.0000
 ------------------------------------------------------------------------------

wrapping first mol.:      -76.60132       54.16532       93.81709

 NSTEP =  1860000   TIME(PS) =   38760.000  TEMP(K) =   309.38  PRESS =     0.0
 Etot   =   -238763.0655  EKtot   =     63001.1641  EPtot      =   -301764.2296
 BOND   =      2091.1024  ANGLE   =      2467.1931  DIHED      =      1404.4976
 UB     =         0.0000  IMP     =         0.0000  CMAP       =       235.4609
 1-4 NB =      1163.6292  1-4 EEL =     15384.6653  VDWAALS    =     40765.7163
 EELEC  =   -365276.4944  EHBOND  =         0.0000  RESTRAINT  =         0.0000
 ------------------------------------------------------------------------------

wrapping first mol.:      -76.60132       54.16532       93.81709

 NSTEP =  1880000   TIME(PS) =   38800.000  TEMP(K) =   309.68  PRESS =     0.0
 Etot   =   -239255.1046  EKtot   =     63061.6992  EPtot      =   -302316.8038
 BOND   =      2067.9366  ANGLE   =      2475.2439  DIHED      =      1410.4655
 UB     =         0.0000  IMP     =         0.0000  CMAP       =       241.4929
 1-4 NB =      1162.2451  1-4 EEL =     15418.8508  VDWAALS    =     40978.3087
 EELEC  =   -366071.3472  EHBOND  =         0.0000  RESTRAINT  =         0.0000
 ------------------------------------------------------------------------------

wrapping first mol.:      -76.60132       54.16532       93.81709

 NSTEP =  1900000   TIME(PS) =   38840.000  TEMP(K) =   309.75  PRESS =     0.0
 Etot   =   -238872.4889  EKtot   =     63076.3125  EPtot      =   -301948.8014
 BOND   =      2083.7473  ANGLE   =      2453.6259  DIHED      =      1434.3761
 UB     =         0.0000  IMP     =         0.0000  CMAP       =       242.2458
 1-4 NB =      1170.3757  1-4 EEL =     15427.4318  VDWAALS    =     41638.7220
 EELEC  =   -366399.3259  EHBOND  =         0.0000  RESTRAINT  =         0.0000
 ------------------------------------------------------------------------------

wrapping first mol.:      -76.60132       54.16532       93.81709

 NSTEP =  1920000   TIME(PS) =   38880.000  TEMP(K) =   309.37  PRESS =     0.0
 Etot   =   -239251.7046  EKtot   =     62998.9102  EPtot      =   -302250.6148
 BOND   =      2098.2731  ANGLE   =      2370.8541  DIHED      =      1403.5835
 UB     =         0.0000  IMP     =         0.0000  CMAP       =       240.3250
 1-4 NB =      1159.7621  1-4 EEL =     15440.5512  VDWAALS    =     41140.2624
 EELEC  =   -366104.2262  EHBOND  =         0.0000  RESTRAINT  =         0.0000
 ------------------------------------------------------------------------------

wrapping first mol.:      -76.60132       54.16532       93.81709

 NSTEP =  1940000   TIME(PS) =   38920.000  TEMP(K) =   309.31  PRESS =     0.0
 Etot   =   -239153.1771  EKtot   =     62987.1719  EPtot      =   -302140.3490
 BOND   =      2109.8776  ANGLE   =      2410.6544  DIHED      =      1429.8954
 UB     =         0.0000  IMP     =         0.0000  CMAP       =       225.0957
 1-4 NB =      1165.7628  1-4 EEL =     15325.9997  VDWAALS    =     40874.1714
 EELEC  =   -365681.8060  EHBOND  =         0.0000  RESTRAINT  =         0.0000
 ------------------------------------------------------------------------------

wrapping first mol.:      -76.60132       54.16532       93.81709

 NSTEP =  1960000   TIME(PS) =   38960.000  TEMP(K) =   309.85  PRESS =     0.0
 Etot   =   -238945.0239  EKtot   =     63096.1055  EPtot      =   -302041.1294
 BOND   =      2128.8398  ANGLE   =      2419.3582  DIHED      =      1432.9459
 UB     =         0.0000  IMP     =         0.0000  CMAP       =       254.7399
 1-4 NB =      1165.2469  1-4 EEL =     15404.8090  VDWAALS    =     41146.4874
 EELEC  =   -365993.5565  EHBOND  =         0.0000  RESTRAINT  =         0.0000
 ------------------------------------------------------------------------------

wrapping first mol.:      -76.60132       54.16532       93.81709

 NSTEP =  1980000   TIME(PS) =   39000.000  TEMP(K) =   309.46  PRESS =     0.0
 Etot   =   -238902.1818  EKtot   =     63016.5391  EPtot      =   -301918.7209
 BOND   =      2161.9109  ANGLE   =      2451.0040  DIHED      =      1387.4501
 UB     =         0.0000  IMP     =         0.0000  CMAP       =       246.9191
 1-4 NB =      1162.6538  1-4 EEL =     15353.7663  VDWAALS    =     40709.7412
 EELEC  =   -365392.1664  EHBOND  =         0.0000  RESTRAINT  =         0.0000
 ------------------------------------------------------------------------------

wrapping first mol.:      -76.60132       54.16532       93.81709

 NSTEP =  2000000   TIME(PS) =   39040.000  TEMP(K) =   309.54  PRESS =     0.0
 Etot   =   -238606.0306  EKtot   =     63033.7734  EPtot      =   -301639.8041
 BOND   =      2069.0758  ANGLE   =      2420.9973  DIHED      =      1376.5565
 UB     =         0.0000  IMP     =         0.0000  CMAP       =       243.0042
 1-4 NB =      1181.8753  1-4 EEL =     15427.8348  VDWAALS    =     41190.8365
 EELEC  =   -365549.9845  EHBOND  =         0.0000  RESTRAINT  =         0.0000
 ------------------------------------------------------------------------------

wrapping first mol.:      -76.60132       54.16532       93.81709

 NSTEP =  2020000   TIME(PS) =   39080.000  TEMP(K) =   310.29  PRESS =     0.0
 Etot   =   -238568.8831  EKtot   =     63185.2031  EPtot      =   -301754.0862
 BOND   =      2149.9502  ANGLE   =      2430.4612  DIHED      =      1413.1612
 UB     =         0.0000  IMP     =         0.0000  CMAP       =       230.1698
 1-4 NB =      1173.7310  1-4 EEL =     15361.2309  VDWAALS    =     40455.3329
 EELEC  =   -364968.1234  EHBOND  =         0.0000  RESTRAINT  =         0.0000
 ------------------------------------------------------------------------------

wrapping first mol.:      -76.60132       54.16532       93.81709

 NSTEP =  2040000   TIME(PS) =   39120.000  TEMP(K) =   309.88  PRESS =     0.0
 Etot   =   -238775.3911  EKtot   =     63102.4141  EPtot      =   -301877.8051
 BOND   =      2061.6123  ANGLE   =      2467.6613  DIHED      =      1403.3718
 UB     =         0.0000  IMP     =         0.0000  CMAP       =       226.3800
 1-4 NB =      1157.3191  1-4 EEL =     15507.0045  VDWAALS    =     40915.1161
 EELEC  =   -365616.2701  EHBOND  =         0.0000  RESTRAINT  =         0.0000
 ------------------------------------------------------------------------------

wrapping first mol.:      -76.60132       54.16532       93.81709

 NSTEP =  2060000   TIME(PS) =   39160.000  TEMP(K) =   310.89  PRESS =     0.0
 Etot   =   -238837.2411  EKtot   =     63308.9141  EPtot      =   -302146.1552
 BOND   =      2098.8419  ANGLE   =      2390.1797  DIHED      =      1450.1536
 UB     =         0.0000  IMP     =         0.0000  CMAP       =       254.3976
 1-4 NB =      1168.5533  1-4 EEL =     15450.4855  VDWAALS    =     40925.5375
 EELEC  =   -365884.3042  EHBOND  =         0.0000  RESTRAINT  =         0.0000
 ------------------------------------------------------------------------------

wrapping first mol.:      -76.60132       54.16532       93.81709

 NSTEP =  2080000   TIME(PS) =   39200.000  TEMP(K) =   310.83  PRESS =     0.0
 Etot   =   -238809.2214  EKtot   =     63296.8672  EPtot      =   -302106.0885
 BOND   =      2190.9637  ANGLE   =      2387.2892  DIHED      =      1391.9910
 UB     =         0.0000  IMP     =         0.0000  CMAP       =       249.4098
 1-4 NB =      1172.8581  1-4 EEL =     15399.4739  VDWAALS    =     41086.4872
 EELEC  =   -365984.5614  EHBOND  =         0.0000  RESTRAINT  =         0.0000
 ------------------------------------------------------------------------------

wrapping first mol.:      -76.60132       54.16532       93.81709

 NSTEP =  2100000   TIME(PS) =   39240.000  TEMP(K) =   310.88  PRESS =     0.0
 Etot   =   -239140.9046  EKtot   =     63306.9492  EPtot      =   -302447.8538
 BOND   =      2141.8877  ANGLE   =      2350.2213  DIHED      =      1380.0289
 UB     =         0.0000  IMP     =         0.0000  CMAP       =       246.4709
 1-4 NB =      1173.9320  1-4 EEL =     15430.6757  VDWAALS    =     40704.7504
 EELEC  =   -365875.8205  EHBOND  =         0.0000  RESTRAINT  =         0.0000
 ------------------------------------------------------------------------------

wrapping first mol.:      -76.60132       54.16532       93.81709

 NSTEP =  2120000   TIME(PS) =   39280.000  TEMP(K) =   308.76  PRESS =     0.0
 Etot   =   -239035.3961  EKtot   =     62874.2617  EPtot      =   -301909.6578
 BOND   =      2082.8921  ANGLE   =      2358.3144  DIHED      =      1378.3636
 UB     =         0.0000  IMP     =         0.0000  CMAP       =       255.4787
 1-4 NB =      1166.6380  1-4 EEL =     15414.8578  VDWAALS    =     40600.3782
 EELEC  =   -365166.5808  EHBOND  =         0.0000  RESTRAINT  =         0.0000
 ------------------------------------------------------------------------------

wrapping first mol.:      -76.60132       54.16532       93.81709

 NSTEP =  2140000   TIME(PS) =   39320.000  TEMP(K) =   310.33  PRESS =     0.0
 Etot   =   -238494.0812  EKtot   =     63194.6953  EPtot      =   -301688.7765
 BOND   =      2059.9691  ANGLE   =      2386.3411  DIHED      =      1416.8081
 UB     =         0.0000  IMP     =         0.0000  CMAP       =       247.8692
 1-4 NB =      1182.2108  1-4 EEL =     15427.4328  VDWAALS    =     40564.7837
 EELEC  =   -364974.1913  EHBOND  =         0.0000  RESTRAINT  =         0.0000
 ------------------------------------------------------------------------------

wrapping first mol.:      -76.60132       54.16532       93.81709

 NSTEP =  2160000   TIME(PS) =   39360.000  TEMP(K) =   310.32  PRESS =     0.0
 Etot   =   -238953.7394  EKtot   =     63191.8516  EPtot      =   -302145.5909
 BOND   =      2073.3262  ANGLE   =      2492.8383  DIHED      =      1405.0137
 UB     =         0.0000  IMP     =         0.0000  CMAP       =       216.6099
 1-4 NB =      1189.8367  1-4 EEL =     15447.6851  VDWAALS    =     41247.7123
 EELEC  =   -366218.6131  EHBOND  =         0.0000  RESTRAINT  =         0.0000
 ------------------------------------------------------------------------------

wrapping first mol.:      -76.60132       54.16532       93.81709

 NSTEP =  2180000   TIME(PS) =   39400.000  TEMP(K) =   310.72  PRESS =     0.0
 Etot   =   -238754.6054  EKtot   =     63273.6602  EPtot      =   -302028.2655
 BOND   =      2095.3959  ANGLE   =      2384.5031  DIHED      =      1418.8366
 UB     =         0.0000  IMP     =         0.0000  CMAP       =       241.0264
 1-4 NB =      1171.2421  1-4 EEL =     15427.7290  VDWAALS    =     40293.4026
 EELEC  =   -365060.4014  EHBOND  =         0.0000  RESTRAINT  =         0.0000
 ------------------------------------------------------------------------------

wrapping first mol.:      -76.60132       54.16532       93.81709

 NSTEP =  2200000   TIME(PS) =   39440.000  TEMP(K) =   309.86  PRESS =     0.0
 Etot   =   -238970.1554  EKtot   =     63098.4688  EPtot      =   -302068.6242
 BOND   =      2056.2315  ANGLE   =      2336.1213  DIHED      =      1411.1207
 UB     =         0.0000  IMP     =         0.0000  CMAP       =       236.0540
 1-4 NB =      1173.5186  1-4 EEL =     15468.3996  VDWAALS    =     40274.6391
 EELEC  =   -365024.7091  EHBOND  =         0.0000  RESTRAINT  =         0.0000
 ------------------------------------------------------------------------------

wrapping first mol.:      -76.60132       54.16532       93.81709

 NSTEP =  2220000   TIME(PS) =   39480.000  TEMP(K) =   310.22  PRESS =     0.0
 Etot   =   -238791.3551  EKtot   =     63171.5469  EPtot      =   -301962.9020
 BOND   =      2142.8282  ANGLE   =      2412.6080  DIHED      =      1394.8662
 UB     =         0.0000  IMP     =         0.0000  CMAP       =       258.7979
 1-4 NB =      1173.3728  1-4 EEL =     15418.0161  VDWAALS    =     40677.3410
 EELEC  =   -365440.7323  EHBOND  =         0.0000  RESTRAINT  =         0.0000
 ------------------------------------------------------------------------------

wrapping first mol.:      -76.60132       54.16532       93.81709

 NSTEP =  2240000   TIME(PS) =   39520.000  TEMP(K) =   309.98  PRESS =     0.0
 Etot   =   -238931.3689  EKtot   =     63123.3086  EPtot      =   -302054.6775
 BOND   =      2100.0994  ANGLE   =      2432.3512  DIHED      =      1410.7252
 UB     =         0.0000  IMP     =         0.0000  CMAP       =       258.4574
 1-4 NB =      1166.2965  1-4 EEL =     15462.3505  VDWAALS    =     40380.3704
 EELEC  =   -365265.3283  EHBOND  =         0.0000  RESTRAINT  =         0.0000
 ------------------------------------------------------------------------------

wrapping first mol.:      -76.60132       54.16532       93.81709

 NSTEP =  2260000   TIME(PS) =   39560.000  TEMP(K) =   309.16  PRESS =     0.0
 Etot   =   -238910.8542  EKtot   =     62955.5664  EPtot      =   -301866.4206
 BOND   =      2044.3908  ANGLE   =      2437.0720  DIHED      =      1437.8919
 UB     =         0.0000  IMP     =         0.0000  CMAP       =       238.3955
 1-4 NB =      1171.4641  1-4 EEL =     15406.1980  VDWAALS    =     40745.3436
 EELEC  =   -365347.1765  EHBOND  =         0.0000  RESTRAINT  =         0.0000
 ------------------------------------------------------------------------------

wrapping first mol.:      -76.60132       54.16532       93.81709

 NSTEP =  2280000   TIME(PS) =   39600.000  TEMP(K) =   310.61  PRESS =     0.0
 Etot   =   -238584.0197  EKtot   =     63251.0273  EPtot      =   -301835.0470
 BOND   =      2089.4017  ANGLE   =      2397.7765  DIHED      =      1418.7815
 UB     =         0.0000  IMP     =         0.0000  CMAP       =       248.0444
 1-4 NB =      1159.3309  1-4 EEL =     15402.6963  VDWAALS    =     40636.8487
 EELEC  =   -365187.9271  EHBOND  =         0.0000  RESTRAINT  =         0.0000
 ------------------------------------------------------------------------------

wrapping first mol.:      -76.60132       54.16532       93.81709

 NSTEP =  2300000   TIME(PS) =   39640.000  TEMP(K) =   309.77  PRESS =     0.0
 Etot   =   -238332.9854  EKtot   =     63080.4414  EPtot      =   -301413.4268
 BOND   =      2059.0402  ANGLE   =      2441.4432  DIHED      =      1403.5976
 UB     =         0.0000  IMP     =         0.0000  CMAP       =       240.6272
 1-4 NB =      1181.4296  1-4 EEL =     15402.4259  VDWAALS    =     40804.7516
 EELEC  =   -364946.7420  EHBOND  =         0.0000  RESTRAINT  =         0.0000
 ------------------------------------------------------------------------------

wrapping first mol.:      -76.60132       54.16532       93.81709

 NSTEP =  2320000   TIME(PS) =   39680.000  TEMP(K) =   310.06  PRESS =     0.0
 Etot   =   -238986.9781  EKtot   =     63139.6367  EPtot      =   -302126.6148
 BOND   =      2091.4441  ANGLE   =      2411.5041  DIHED      =      1405.1989
 UB     =         0.0000  IMP     =         0.0000  CMAP       =       248.7030
 1-4 NB =      1169.6174  1-4 EEL =     15381.4941  VDWAALS    =     40575.9751
 EELEC  =   -365410.5515  EHBOND  =         0.0000  RESTRAINT  =         0.0000
 ------------------------------------------------------------------------------

wrapping first mol.:      -76.60132       54.16532       93.81709

 NSTEP =  2340000   TIME(PS) =   39720.000  TEMP(K) =   309.69  PRESS =     0.0
 Etot   =   -239001.4501  EKtot   =     63063.0312  EPtot      =   -302064.4813
 BOND   =      2097.1077  ANGLE   =      2304.6924  DIHED      =      1406.6821
 UB     =         0.0000  IMP     =         0.0000  CMAP       =       237.9843
 1-4 NB =      1171.0945  1-4 EEL =     15424.0163  VDWAALS    =     40219.0842
 EELEC  =   -364925.1428  EHBOND  =         0.0000  RESTRAINT  =         0.0000
 ------------------------------------------------------------------------------

wrapping first mol.:      -76.60132       54.16532       93.81709

 NSTEP =  2360000   TIME(PS) =   39760.000  TEMP(K) =   311.87  PRESS =     0.0
 Etot   =   -238366.5379  EKtot   =     63508.6484  EPtot      =   -301875.1863
 BOND   =      2102.0629  ANGLE   =      2465.7863  DIHED      =      1381.5280
 UB     =         0.0000  IMP     =         0.0000  CMAP       =       244.0939
 1-4 NB =      1209.8802  1-4 EEL =     15435.1624  VDWAALS    =     40496.4731
 EELEC  =   -365210.1733  EHBOND  =         0.0000  RESTRAINT  =         0.0000
 ------------------------------------------------------------------------------

wrapping first mol.:      -76.60132       54.16532       93.81709

 NSTEP =  2380000   TIME(PS) =   39800.000  TEMP(K) =   310.21  PRESS =     0.0
 Etot   =   -238658.5532  EKtot   =     63169.8477  EPtot      =   -301828.4008
 BOND   =      2068.7662  ANGLE   =      2416.7698  DIHED      =      1398.2537
 UB     =         0.0000  IMP     =         0.0000  CMAP       =       247.1527
 1-4 NB =      1204.2686  1-4 EEL =     15448.1068  VDWAALS    =     41256.5903
 EELEC  =   -365868.3089  EHBOND  =         0.0000  RESTRAINT  =         0.0000
 ------------------------------------------------------------------------------

wrapping first mol.:      -76.60132       54.16532       93.81709

 NSTEP =  2400000   TIME(PS) =   39840.000  TEMP(K) =   309.76  PRESS =     0.0
 Etot   =   -238725.2795  EKtot   =     63077.8672  EPtot      =   -301803.1467
 BOND   =      2108.6395  ANGLE   =      2436.2355  DIHED      =      1416.8304
 UB     =         0.0000  IMP     =         0.0000  CMAP       =       243.3373
 1-4 NB =      1189.5581  1-4 EEL =     15381.2573  VDWAALS    =     41020.3092
 EELEC  =   -365599.3141  EHBOND  =         0.0000  RESTRAINT  =         0.0000
 ------------------------------------------------------------------------------

wrapping first mol.:      -76.60132       54.16532       93.81709

 NSTEP =  2420000   TIME(PS) =   39880.000  TEMP(K) =   309.89  PRESS =     0.0
 Etot   =   -238963.3814  EKtot   =     63104.5820  EPtot      =   -302067.9634
 BOND   =      2058.4311  ANGLE   =      2387.8785  DIHED      =      1390.5668
 UB     =         0.0000  IMP     =         0.0000  CMAP       =       229.2170
 1-4 NB =      1191.6157  1-4 EEL =     15358.9154  VDWAALS    =     40840.8103
 EELEC  =   -365525.3983  EHBOND  =         0.0000  RESTRAINT  =         0.0000
 ------------------------------------------------------------------------------

wrapping first mol.:      -76.60132       54.16532       93.81709

 NSTEP =  2440000   TIME(PS) =   39920.000  TEMP(K) =   309.49  PRESS =     0.0
 Etot   =   -238586.1915  EKtot   =     63022.3633  EPtot      =   -301608.5548
 BOND   =      2080.6050  ANGLE   =      2422.8542  DIHED      =      1385.8580
 UB     =         0.0000  IMP     =         0.0000  CMAP       =       257.4410
 1-4 NB =      1195.5563  1-4 EEL =     15352.8955  VDWAALS    =     40714.2086
 EELEC  =   -365017.9734  EHBOND  =         0.0000  RESTRAINT  =         0.0000
 ------------------------------------------------------------------------------

wrapping first mol.:      -76.60132       54.16532       93.81709

 NSTEP =  2460000   TIME(PS) =   39960.000  TEMP(K) =   311.22  PRESS =     0.0
 Etot   =   -238683.7132  EKtot   =     63376.0352  EPtot      =   -302059.7484
 BOND   =      2036.6960  ANGLE   =      2334.1228  DIHED      =      1383.7352
 UB     =         0.0000  IMP     =         0.0000  CMAP       =       242.2620
 1-4 NB =      1183.1185  1-4 EEL =     15418.9874  VDWAALS    =     40838.1608
 EELEC  =   -365496.8311  EHBOND  =         0.0000  RESTRAINT  =         0.0000
 ------------------------------------------------------------------------------

wrapping first mol.:      -76.60132       54.16532       93.81709

 NSTEP =  2480000   TIME(PS) =   40000.000  TEMP(K) =   311.18  PRESS =     0.0
 Etot   =   -238447.3582  EKtot   =     63366.5273  EPtot      =   -301813.8856
 BOND   =      2098.1368  ANGLE   =      2475.0530  DIHED      =      1415.9248
 UB     =         0.0000  IMP     =         0.0000  CMAP       =       258.6355
 1-4 NB =      1185.2855  1-4 EEL =     15375.4811  VDWAALS    =     40552.3991
 EELEC  =   -365174.8012  EHBOND  =         0.0000  RESTRAINT  =         0.0000
 ------------------------------------------------------------------------------

wrapping first mol.:      -76.60132       54.16532       93.81709
wrapping first mol.:      -76.60132       54.16532       93.81709

 NSTEP =  2500000   TIME(PS) =   40040.000  TEMP(K) =   309.59  PRESS =     0.0
 Etot   =   -238903.5062  EKtot   =     63044.2227  EPtot      =   -301947.7289
 BOND   =      2077.1079  ANGLE   =      2422.5471  DIHED      =      1419.3838
 UB     =         0.0000  IMP     =         0.0000  CMAP       =       260.4434
 1-4 NB =      1196.9765  1-4 EEL =     15386.0050  VDWAALS    =     40806.3648
 EELEC  =   -365516.5573  EHBOND  =         0.0000  RESTRAINT  =         0.0000
 ------------------------------------------------------------------------------


      A V E R A G E S   O V E R     125 S T E P S


 NSTEP =  2500000   TIME(PS) =   40040.000  TEMP(K) =   310.06  PRESS =     0.0
 Etot   =   -238708.8098  EKtot   =     63138.6628  EPtot      =   -301847.4726
 BOND   =      2090.5250  ANGLE   =      2415.2320  DIHED      =      1400.5762
 UB     =         0.0000  IMP     =         0.0000  CMAP       =       240.2193
 1-4 NB =      1175.5523  1-4 EEL =     15388.5171  VDWAALS    =     40744.3666
 EELEC  =   -365302.4612  EHBOND  =         0.0000  RESTRAINT  =         0.0000
 ------------------------------------------------------------------------------


      R M S  F L U C T U A T I O N S


 NSTEP =  2500000   TIME(PS) =   40040.000  TEMP(K) =     0.91  PRESS =     0.0
 Etot   =       327.6204  EKtot   =       185.1846  EPtot      =       274.0166
 BOND   =        35.9139  ANGLE   =        39.2546  DIHED      =        20.3888
 UB     =         0.0000  IMP     =         0.0000  CMAP       =        11.5850
 1-4 NB =        15.3267  1-4 EEL =        49.7724  VDWAALS    =       311.3071
 EELEC  =       489.3292  EHBOND  =         0.0000  RESTRAINT  =         0.0000
 ------------------------------------------------------------------------------

--------------------------------------------------------------------------------
   5.  TIMINGS
--------------------------------------------------------------------------------

|  NonSetup CPU Time in Major Routines:
|
|     Routine           Sec        %
|     ------------------------------
|     Nonbond         143.10   10.74
|     Bond              0.00    0.00
|     Angle             0.00    0.00
|     Dihedral          0.00    0.00
|     Shake             9.57    0.72
|     RunMD          1177.84   88.38
|     Other             2.20    0.16
|     ------------------------------
|     Total          1332.71

|  PME Nonbond Pairlist CPU Time:
|
|     Routine              Sec        %
|     ---------------------------------
|     Set Up Cit           0.00    0.00
|     Build List           0.00    0.00
|     ---------------------------------
|     Total                0.00    0.00

|  PME Direct Force CPU Time:
|
|     Routine              Sec        %
|     ---------------------------------
|     NonBonded Calc       0.00    0.00
|     Exclude Masked       0.00    0.00
|     Other                1.38    0.10
|     ---------------------------------
|     Total                1.38    0.10

|  PME Reciprocal Force CPU Time:
|
|     Routine              Sec        %
|     ---------------------------------
|     1D bspline           0.00    0.00
|     Grid Charges         0.00    0.00
|     Scalar Sum           0.00    0.00
|     Gradient Sum         0.00    0.00
|     FFT                  0.00    0.00
|     ---------------------------------
|     Total                0.00    0.00

|  Final Performance Info:
|     -----------------------------------------------------
|     Average timings for last   80000 steps:
|     Elapsed(s) =      42.80 Per Step(ms) =       0.53
|         ns/day =     322.99   seconds/ns =     267.50
|
|     Average timings for all steps:
|     Elapsed(s) =    1335.46 Per Step(ms) =       0.53
|         ns/day =     323.48   seconds/ns =     267.09
|     -----------------------------------------------------

|  Setup CPU time:            0.94 seconds
|  NonSetup CPU time:      1332.71 seconds
|  Total CPU time:         1333.65 seconds     0.37 hours

|  Setup wall time:           1    seconds
|  NonSetup wall time:     1336    seconds
|  Total wall time:        1337    seconds     0.37 hours
