
          -------------------------------------------------------
          Amber 24 PMEMD                              2024
          -------------------------------------------------------

| PMEMD implementation of SANDER, Release 24

|  Compiled date/time: Thu Apr  3 17:55:38 2025
| Run on 11/17/2025 at 18:26:20

|   Executable path: pmemd.cuda_SPFP
| Working directory: /rs1/researchers/h/hall/vtnguye4/Amber_restart/cappedP1amber/P1_Simulation
|          Hostname: gpu24

  [-O]verwriting output

File Assignments:
|   MDIN: /rs1/researchers/h/hall/vtnguye4/Amber_restart/cappedP1amber/equil.in 
|  MDOUT: ./OUT_Files/equil98.out                                               
| INPCRD: ./RST_Files/equil97.rst7                                              
|   PARM: ./PRMTOP_Files/P1.prmtop                                              
| RESTRT: ./RST_Files/equil98.rst7                                              
|   REFC: refc                                                                  
|  MDVEL: mdvel                                                                 
|   MDEN: mden                                                                  
|  MDCRD: ./nc_Files/equil98.nc                                                 
| MDINFO: mdinfo                                                                
|  MDFRC: mdfrc                                                                 


 Here is the input file:

!Stage equilibration 5ns                                                       
&cntrl                                                                         
imin=0, irest=1, ntx=5,                                                        
nstlim=2500000, dt=0.002,                                                      
ntc=2, ntf=2, ig=-1,                                                           
ntt=3, gamma_ln=2.0,                                                           
tempi=310.0, temp0=310.0,                                                      
ntxo=2, ioutfm=1,                                                              
ntpr=20000, ntwx=20000,                                                        
ntb=1,                                                                         
cut=9.0,                                                                       
iwrap=1,                                                                       
/                                                                              


Note: ig = -1. Setting random seed to   565273 based on wallclock time in 
      microseconds.
| irandom = 1, using AMBER's internal random number generator (default).
 
|--------------------- INFORMATION ----------------------
| GPU (CUDA) Version of PMEMD in use: NVIDIA GPU IN USE.
|                    Version 18.0.0
| 
|                      03/25/2018
| 
| Implementation by:
|                    Ross C. Walker     (SDSC)
|                    Scott Le Grand     (nVIDIA)
| 
| Version 18 performance extensions by:
|                    David Cerutti     (Rutgers)
| 
| Precision model in use:
|      [SPFP] - Single Precision Forces, 64-bit Fixed Point
|               Accumulation. (Default)
| 
|--------------------------------------------------------
 
|----------------- CITATION INFORMATION -----------------
|
|    When publishing work that utilized the CUDA version
|    of AMBER, please cite the following in addition to
|    the regular AMBER citations:
|
|  - Romelia Salomon-Ferrer; Andreas W. Goetz; Duncan
|    Poole; Scott Le Grand; Ross C. Walker "Routine
|    microsecond molecular dynamics simulations with
|    AMBER - Part II: Particle Mesh Ewald", J. Chem.
|    Theory Comput., 2013, 9 (9), pp3878-3888,
|    DOI: 10.1021/ct400314y.
|
|  - Andreas W. Goetz; Mark J. Williamson; Dong Xu;
|    Duncan Poole; Scott Le Grand; Ross C. Walker
|    "Routine microsecond molecular dynamics simulations
|    with AMBER - Part I: Generalized Born", J. Chem.
|    Theory Comput., 2012, 8 (5), pp1542-1555.
|
|  - Scott Le Grand; Andreas W. Goetz; Ross C. Walker
|    "SPFP: Speed without compromise - a mixed precision
|    model for GPU accelerated molecular dynamics
|    simulations.", Comp. Phys. Comm., 2013, 184
|    pp374-380, DOI: 10.1016/j.cpc.2012.09.022
|
|--------------------------------------------------------
 
|------------------- GPU DEVICE INFO --------------------
|
|            CUDA_VISIBLE_DEVICES: 0
|   CUDA Capable Devices Detected:      1
|           CUDA Device ID in use:      0
|                CUDA Device Name: NVIDIA L40S
|     CUDA Device Global Mem Size:  45487 MB
| CUDA Device Num Multiprocessors:    142
|           CUDA Device Core Freq:   2.52 GHz
|
|--------------------------------------------------------
 
 
| Conditional Compilation Defines Used:
| PUBFFT
| BINTRAJ
| CUDA
| EMIL

| Largest sphere to fit in unit cell has radius =    46.909

| New format PARM file being parsed.
| Version =    1.000 Date = 10/28/25 Time = 16:56:02

| Note: 1-4 EEL scale factors are being read from the topology file.

| Note: 1-4 VDW scale factors are being read from the topology file.
| Duplicated    0 dihedrals

| Duplicated    0 dihedrals

--------------------------------------------------------------------------------
   1.  RESOURCE   USE: 
--------------------------------------------------------------------------------

 getting box info from netcdf restart file
 NATOM  =  101202 NTYPES =      11 NBONH =   98658 MBONA  =    2544
 NTHETH =    5904 MTHETA =    3408 NPHIH =   11760 MPHIA  =   10368
 NHPARM =       0 NPARM  =       0 NNB   =  155656 NRES   =   32422
 NBONA  =    2544 NTHETA =    3408 NPHIA =   10368 NUMBND =      27
 NUMANG =      54 NPTRA  =      59 NATYP =      16 NPHB   =       0
 IFBOX  =       2 NMXRS  =      21 IFCAP =       0 NEXTRA =       0
 NCOPY  =       0

| Coordinate Index Table dimensions:    20   20   20
| Direct force subcell size =     5.7451    5.7451    5.7451

     BOX TYPE: TRUNCATED OCTAHEDRON

--------------------------------------------------------------------------------
   2.  CONTROL  DATA  FOR  THE  RUN
--------------------------------------------------------------------------------

default_name                                                                    

General flags:
     imin    =       0, nmropt  =       0

Nature and format of input:
     ntx     =       5, irest   =       1, ntrx    =       1

Nature and format of output:
     ntxo    =       2, ntpr    =   20000, ntrx    =       1, ntwr    = 2500000
     iwrap   =       1, ntwx    =   20000, ntwv    =       0, ntwe    =       0
     ioutfm  =       1, ntwprt  =       0, idecomp =       0, rbornstat=      0

Potential function:
     ntf     =       2, ntb     =       1, igb     =       0, nsnb    =      25
     ipol    =       0, gbsa    =       0, iesp    =       0
     dielc   =   1.00000, cut     =   9.00000, intdiel =   1.00000

Frozen or restrained atoms:
     ibelly  =       0, ntr     =       0

Molecular dynamics:
     nstlim  =   2500000, nscm    =      1000, nrespa  =         1
     t       =   0.00000, dt      =   0.00200, vlimit  =  -1.00000

Langevin dynamics temperature regulation:
     ig      =  565273
     temp0   = 310.00000, tempi   = 310.00000, gamma_ln=   2.00000

SHAKE:
     ntc     =       2, jfastw  =       0
     tol     =   0.00001

| Intermolecular bonds treatment:
|     no_intermolecular_bonds =       1

| Energy averages sample interval:
|     ene_avg_sampling =   20000

Ewald parameters:
     verbose =       0, ew_type =       0, nbflag  =       1, use_pme =       1
     vdwmeth =       1, eedmeth =       1, netfrc  =       1
     Box X =  114.902   Box Y =  114.902   Box Z =  114.902
     Alpha =  109.471   Beta  =  109.471   Gamma =  109.471
     NFFT1 =  120       NFFT2 =  120       NFFT3 =  120
     Cutoff=    9.000   Tol   =0.100E-04
     Ewald Coefficient =  0.30768
     Interpolation order =    4

--------------------------------------------------------------------------------
   3.  ATOMIC COORDINATES AND VELOCITIES
--------------------------------------------------------------------------------

default_name                                                                    
 begin time read from input coords =485039.998 ps

 
 Number of triangulated 3-point waters found:    31990

     Sum of charges from parm topology file =  -0.00000047
     Forcing neutrality...

| Dynamic Memory, Types Used:
| Reals             3080462
| Integers          3650456

| Nonbonded Pairs Initial Allocation:    23074056

| GPU memory information (estimate):
| KB of GPU memory in use:    789634
| KB of CPU memory in use:    210424

--------------------------------------------------------------------------------
   4.  RESULTS
--------------------------------------------------------------------------------

wrapping first mol.:       76.60133      -54.16531       93.81709

 NSTEP =    20000   TIME(PS) =  485079.998  TEMP(K) =   310.73  PRESS =     0.0
 Etot   =   -238407.2633  EKtot   =     63276.6562  EPtot      =   -301683.9195
 BOND   =      2120.0533  ANGLE   =      2368.3967  DIHED      =      1425.0927
 UB     =         0.0000  IMP     =         0.0000  CMAP       =       247.9475
 1-4 NB =      1189.1316  1-4 EEL =     15399.8923  VDWAALS    =     40556.9600
 EELEC  =   -364991.3936  EHBOND  =         0.0000  RESTRAINT  =         0.0000
 ------------------------------------------------------------------------------

wrapping first mol.:       76.60133      -54.16531       93.81709

 NSTEP =    40000   TIME(PS) =  485119.998  TEMP(K) =   309.20  PRESS =     0.0
 Etot   =   -239323.4946  EKtot   =     62963.4219  EPtot      =   -302286.9165
 BOND   =      2088.2237  ANGLE   =      2384.8154  DIHED      =      1416.1861
 UB     =         0.0000  IMP     =         0.0000  CMAP       =       258.3344
 1-4 NB =      1213.7084  1-4 EEL =     15487.7436  VDWAALS    =     40519.5935
 EELEC  =   -365655.5215  EHBOND  =         0.0000  RESTRAINT  =         0.0000
 ------------------------------------------------------------------------------

wrapping first mol.:       76.60133      -54.16531       93.81709

 NSTEP =    60000   TIME(PS) =  485159.998  TEMP(K) =   310.44  PRESS =     0.0
 Etot   =   -238490.3089  EKtot   =     63217.5508  EPtot      =   -301707.8596
 BOND   =      2088.6900  ANGLE   =      2382.0874  DIHED      =      1404.1850
 UB     =         0.0000  IMP     =         0.0000  CMAP       =       248.7322
 1-4 NB =      1184.5160  1-4 EEL =     15363.1015  VDWAALS    =     40465.4676
 EELEC  =   -364844.6395  EHBOND  =         0.0000  RESTRAINT  =         0.0000
 ------------------------------------------------------------------------------

wrapping first mol.:       76.60133      -54.16531       93.81709

 NSTEP =    80000   TIME(PS) =  485199.998  TEMP(K) =   309.78  PRESS =     0.0
 Etot   =   -238549.1701  EKtot   =     63081.9531  EPtot      =   -301631.1232
 BOND   =      2114.0799  ANGLE   =      2423.2844  DIHED      =      1381.1637
 UB     =         0.0000  IMP     =         0.0000  CMAP       =       251.9832
 1-4 NB =      1153.0350  1-4 EEL =     15394.1860  VDWAALS    =     40551.4071
 EELEC  =   -364900.2626  EHBOND  =         0.0000  RESTRAINT  =         0.0000
 ------------------------------------------------------------------------------

wrapping first mol.:       76.60133      -54.16531       93.81709

 NSTEP =   100000   TIME(PS) =  485239.998  TEMP(K) =   310.56  PRESS =     0.0
 Etot   =   -238856.4356  EKtot   =     63241.8906  EPtot      =   -302098.3262
 BOND   =      2099.0226  ANGLE   =      2389.8996  DIHED      =      1392.4785
 UB     =         0.0000  IMP     =         0.0000  CMAP       =       243.8029
 1-4 NB =      1171.2907  1-4 EEL =     15453.0162  VDWAALS    =     40413.2459
 EELEC  =   -365261.0826  EHBOND  =         0.0000  RESTRAINT  =         0.0000
 ------------------------------------------------------------------------------

wrapping first mol.:       76.60133      -54.16531       93.81709

 NSTEP =   120000   TIME(PS) =  485279.998  TEMP(K) =   308.16  PRESS =     0.0
 Etot   =   -238957.9532  EKtot   =     62753.3047  EPtot      =   -301711.2579
 BOND   =      2113.7955  ANGLE   =      2502.8913  DIHED      =      1396.7989
 UB     =         0.0000  IMP     =         0.0000  CMAP       =       214.0467
 1-4 NB =      1156.9547  1-4 EEL =     15336.2479  VDWAALS    =     40297.8888
 EELEC  =   -364729.8816  EHBOND  =         0.0000  RESTRAINT  =         0.0000
 ------------------------------------------------------------------------------

wrapping first mol.:       76.60133      -54.16531       93.81709

 NSTEP =   140000   TIME(PS) =  485319.998  TEMP(K) =   309.74  PRESS =     0.0
 Etot   =   -239118.3870  EKtot   =     63074.7500  EPtot      =   -302193.1370
 BOND   =      2122.9053  ANGLE   =      2419.3697  DIHED      =      1377.3775
 UB     =         0.0000  IMP     =         0.0000  CMAP       =       239.3299
 1-4 NB =      1162.6570  1-4 EEL =     15387.9241  VDWAALS    =     40964.5807
 EELEC  =   -365867.2812  EHBOND  =         0.0000  RESTRAINT  =         0.0000
 ------------------------------------------------------------------------------

wrapping first mol.:       76.60133      -54.16531       93.81709

 NSTEP =   160000   TIME(PS) =  485359.998  TEMP(K) =   311.25  PRESS =     0.0
 Etot   =   -238474.2347  EKtot   =     63381.5352  EPtot      =   -301855.7698
 BOND   =      2060.6592  ANGLE   =      2384.9761  DIHED      =      1398.2194
 UB     =         0.0000  IMP     =         0.0000  CMAP       =       253.6737
 1-4 NB =      1167.7380  1-4 EEL =     15449.3897  VDWAALS    =     40721.8793
 EELEC  =   -365292.3054  EHBOND  =         0.0000  RESTRAINT  =         0.0000
 ------------------------------------------------------------------------------

wrapping first mol.:       76.60133      -54.16531       93.81709

 NSTEP =   180000   TIME(PS) =  485399.998  TEMP(K) =   309.46  PRESS =     0.0
 Etot   =   -238786.8529  EKtot   =     63016.3867  EPtot      =   -301803.2397
 BOND   =      2033.4350  ANGLE   =      2495.1565  DIHED      =      1413.3728
 UB     =         0.0000  IMP     =         0.0000  CMAP       =       258.3567
 1-4 NB =      1184.5671  1-4 EEL =     15458.8627  VDWAALS    =     40401.7115
 EELEC  =   -365048.7019  EHBOND  =         0.0000  RESTRAINT  =         0.0000
 ------------------------------------------------------------------------------

wrapping first mol.:       76.60133      -54.16531       93.81709

 NSTEP =   200000   TIME(PS) =  485439.998  TEMP(K) =   310.46  PRESS =     0.0
 Etot   =   -238369.1647  EKtot   =     63220.5391  EPtot      =   -301589.7037
 BOND   =      2096.6471  ANGLE   =      2349.8525  DIHED      =      1402.8139
 UB     =         0.0000  IMP     =         0.0000  CMAP       =       245.5649
 1-4 NB =      1168.6057  1-4 EEL =     15354.8431  VDWAALS    =     40886.3572
 EELEC  =   -365094.3881  EHBOND  =         0.0000  RESTRAINT  =         0.0000
 ------------------------------------------------------------------------------

wrapping first mol.:       76.60133      -54.16531       93.81709

 NSTEP =   220000   TIME(PS) =  485479.998  TEMP(K) =   311.00  PRESS =     0.0
 Etot   =   -238310.9811  EKtot   =     63331.5625  EPtot      =   -301642.5436
 BOND   =      2125.4718  ANGLE   =      2449.1823  DIHED      =      1443.2952
 UB     =         0.0000  IMP     =         0.0000  CMAP       =       250.0817
 1-4 NB =      1155.9433  1-4 EEL =     15266.7922  VDWAALS    =     40721.0856
 EELEC  =   -365054.3957  EHBOND  =         0.0000  RESTRAINT  =         0.0000
 ------------------------------------------------------------------------------

wrapping first mol.:       76.60133      -54.16531       93.81709

 NSTEP =   240000   TIME(PS) =  485519.998  TEMP(K) =   311.04  PRESS =     0.0
 Etot   =   -238526.3632  EKtot   =     63338.2422  EPtot      =   -301864.6054
 BOND   =      2102.5082  ANGLE   =      2374.3911  DIHED      =      1456.3056
 UB     =         0.0000  IMP     =         0.0000  CMAP       =       244.4095
 1-4 NB =      1178.7964  1-4 EEL =     15399.1964  VDWAALS    =     40795.7057
 EELEC  =   -365415.9182  EHBOND  =         0.0000  RESTRAINT  =         0.0000
 ------------------------------------------------------------------------------

wrapping first mol.:       76.60133      -54.16531       93.81709

 NSTEP =   260000   TIME(PS) =  485559.998  TEMP(K) =   309.37  PRESS =     0.0
 Etot   =   -239516.7830  EKtot   =     62997.8711  EPtot      =   -302514.6541
 BOND   =      2097.9002  ANGLE   =      2400.6227  DIHED      =      1392.5303
 UB     =         0.0000  IMP     =         0.0000  CMAP       =       270.1142
 1-4 NB =      1157.7928  1-4 EEL =     15314.6281  VDWAALS    =     41318.3353
 EELEC  =   -366466.5777  EHBOND  =         0.0000  RESTRAINT  =         0.0000
 ------------------------------------------------------------------------------

wrapping first mol.:       76.60133      -54.16531       93.81709

 NSTEP =   280000   TIME(PS) =  485599.998  TEMP(K) =   307.62  PRESS =     0.0
 Etot   =   -239138.9275  EKtot   =     62641.9648  EPtot      =   -301780.8924
 BOND   =      2112.8443  ANGLE   =      2412.0343  DIHED      =      1375.7617
 UB     =         0.0000  IMP     =         0.0000  CMAP       =       264.8618
 1-4 NB =      1158.9810  1-4 EEL =     15350.4599  VDWAALS    =     40177.0264
 EELEC  =   -364632.8617  EHBOND  =         0.0000  RESTRAINT  =         0.0000
 ------------------------------------------------------------------------------

wrapping first mol.:       76.60133      -54.16531       93.81709

 NSTEP =   300000   TIME(PS) =  485639.998  TEMP(K) =   310.74  PRESS =     0.0
 Etot   =   -238794.0454  EKtot   =     63277.0391  EPtot      =   -302071.0844
 BOND   =      2082.4790  ANGLE   =      2384.3785  DIHED      =      1404.1058
 UB     =         0.0000  IMP     =         0.0000  CMAP       =       266.9428
 1-4 NB =      1167.8345  1-4 EEL =     15380.2468  VDWAALS    =     41129.1394
 EELEC  =   -365886.2112  EHBOND  =         0.0000  RESTRAINT  =         0.0000
 ------------------------------------------------------------------------------

wrapping first mol.:       76.60133      -54.16531       93.81709

 NSTEP =   320000   TIME(PS) =  485679.998  TEMP(K) =   311.36  PRESS =     0.0
 Etot   =   -238464.7642  EKtot   =     63403.4883  EPtot      =   -301868.2525
 BOND   =      2062.2328  ANGLE   =      2442.2505  DIHED      =      1417.8447
 UB     =         0.0000  IMP     =         0.0000  CMAP       =       238.2931
 1-4 NB =      1169.4349  1-4 EEL =     15380.0569  VDWAALS    =     40185.5878
 EELEC  =   -364763.9531  EHBOND  =         0.0000  RESTRAINT  =         0.0000
 ------------------------------------------------------------------------------

wrapping first mol.:       76.60133      -54.16531       93.81709

 NSTEP =   340000   TIME(PS) =  485719.998  TEMP(K) =   312.06  PRESS =     0.0
 Etot   =   -238114.6617  EKtot   =     63547.3555  EPtot      =   -301662.0172
 BOND   =      2118.2888  ANGLE   =      2444.7381  DIHED      =      1404.8144
 UB     =         0.0000  IMP     =         0.0000  CMAP       =       249.4873
 1-4 NB =      1162.0262  1-4 EEL =     15332.5268  VDWAALS    =     40571.7207
 EELEC  =   -364945.6196  EHBOND  =         0.0000  RESTRAINT  =         0.0000
 ------------------------------------------------------------------------------

wrapping first mol.:       76.60133      -54.16531       93.81709

 NSTEP =   360000   TIME(PS) =  485759.998  TEMP(K) =   308.78  PRESS =     0.0
 Etot   =   -238974.8381  EKtot   =     62878.5781  EPtot      =   -301853.4162
 BOND   =      2126.2371  ANGLE   =      2464.8932  DIHED      =      1420.4946
 UB     =         0.0000  IMP     =         0.0000  CMAP       =       258.1911
 1-4 NB =      1163.2499  1-4 EEL =     15350.9383  VDWAALS    =     40983.8004
 EELEC  =   -365621.2210  EHBOND  =         0.0000  RESTRAINT  =         0.0000
 ------------------------------------------------------------------------------

wrapping first mol.:       76.60133      -54.16531       93.81709

 NSTEP =   380000   TIME(PS) =  485799.998  TEMP(K) =   309.26  PRESS =     0.0
 Etot   =   -238693.8357  EKtot   =     62976.3945  EPtot      =   -301670.2303
 BOND   =      2104.8005  ANGLE   =      2469.6628  DIHED      =      1389.0022
 UB     =         0.0000  IMP     =         0.0000  CMAP       =       234.7496
 1-4 NB =      1201.8458  1-4 EEL =     15413.1318  VDWAALS    =     40706.5267
 EELEC  =   -365189.9497  EHBOND  =         0.0000  RESTRAINT  =         0.0000
 ------------------------------------------------------------------------------

wrapping first mol.:       76.60133      -54.16531       93.81709

 NSTEP =   400000   TIME(PS) =  485839.998  TEMP(K) =   309.52  PRESS =     0.0
 Etot   =   -238846.1158  EKtot   =     63030.2266  EPtot      =   -301876.3423
 BOND   =      2043.2519  ANGLE   =      2420.8296  DIHED      =      1411.1183
 UB     =         0.0000  IMP     =         0.0000  CMAP       =       243.9643
 1-4 NB =      1169.4796  1-4 EEL =     15371.5165  VDWAALS    =     40674.5611
 EELEC  =   -365211.0636  EHBOND  =         0.0000  RESTRAINT  =         0.0000
 ------------------------------------------------------------------------------

wrapping first mol.:       76.60133      -54.16531       93.81709

 NSTEP =   420000   TIME(PS) =  485879.998  TEMP(K) =   309.24  PRESS =     0.0
 Etot   =   -238572.4965  EKtot   =     62972.9609  EPtot      =   -301545.4575
 BOND   =      2099.7424  ANGLE   =      2389.1603  DIHED      =      1362.4965
 UB     =         0.0000  IMP     =         0.0000  CMAP       =       268.9058
 1-4 NB =      1187.4919  1-4 EEL =     15413.7459  VDWAALS    =     41340.1661
 EELEC  =   -365607.1664  EHBOND  =         0.0000  RESTRAINT  =         0.0000
 ------------------------------------------------------------------------------

wrapping first mol.:       76.60133      -54.16531       93.81709

 NSTEP =   440000   TIME(PS) =  485919.998  TEMP(K) =   308.54  PRESS =     0.0
 Etot   =   -239287.5619  EKtot   =     62829.8359  EPtot      =   -302117.3978
 BOND   =      2083.0418  ANGLE   =      2407.9314  DIHED      =      1403.3875
 UB     =         0.0000  IMP     =         0.0000  CMAP       =       247.5987
 1-4 NB =      1155.8095  1-4 EEL =     15380.4112  VDWAALS    =     40797.2129
 EELEC  =   -365592.7908  EHBOND  =         0.0000  RESTRAINT  =         0.0000
 ------------------------------------------------------------------------------

wrapping first mol.:       76.60133      -54.16531       93.81709

 NSTEP =   460000   TIME(PS) =  485959.998  TEMP(K) =   309.62  PRESS =     0.0
 Etot   =   -239370.5264  EKtot   =     63050.3086  EPtot      =   -302420.8350
 BOND   =      2133.7977  ANGLE   =      2444.7358  DIHED      =      1402.9209
 UB     =         0.0000  IMP     =         0.0000  CMAP       =       242.9484
 1-4 NB =      1175.2524  1-4 EEL =     15445.8781  VDWAALS    =     40935.5007
 EELEC  =   -366201.8689  EHBOND  =         0.0000  RESTRAINT  =         0.0000
 ------------------------------------------------------------------------------

wrapping first mol.:       76.60133      -54.16531       93.81709

 NSTEP =   480000   TIME(PS) =  485999.998  TEMP(K) =   310.67  PRESS =     0.0
 Etot   =   -239228.5135  EKtot   =     63264.1250  EPtot      =   -302492.6385
 BOND   =      2080.3137  ANGLE   =      2363.4920  DIHED      =      1404.3308
 UB     =         0.0000  IMP     =         0.0000  CMAP       =       239.9882
 1-4 NB =      1165.9086  1-4 EEL =     15387.9104  VDWAALS    =     40590.3024
 EELEC  =   -365724.8846  EHBOND  =         0.0000  RESTRAINT  =         0.0000
 ------------------------------------------------------------------------------

wrapping first mol.:       76.60133      -54.16531       93.81709

 NSTEP =   500000   TIME(PS) =  486039.998  TEMP(K) =   310.04  PRESS =     0.0
 Etot   =   -238118.3257  EKtot   =     63135.5820  EPtot      =   -301253.9077
 BOND   =      2066.8919  ANGLE   =      2402.1699  DIHED      =      1439.3628
 UB     =         0.0000  IMP     =         0.0000  CMAP       =       244.4275
 1-4 NB =      1172.0192  1-4 EEL =     15357.7382  VDWAALS    =     40509.5870
 EELEC  =   -364446.1042  EHBOND  =         0.0000  RESTRAINT  =         0.0000
 ------------------------------------------------------------------------------

wrapping first mol.:       76.60133      -54.16531       93.81709

 NSTEP =   520000   TIME(PS) =  486079.998  TEMP(K) =   310.81  PRESS =     0.0
 Etot   =   -238867.6659  EKtot   =     63291.7773  EPtot      =   -302159.4432
 BOND   =      2115.4777  ANGLE   =      2427.3539  DIHED      =      1425.2919
 UB     =         0.0000  IMP     =         0.0000  CMAP       =       238.5486
 1-4 NB =      1170.7087  1-4 EEL =     15375.5187  VDWAALS    =     40837.3335
 EELEC  =   -365749.6762  EHBOND  =         0.0000  RESTRAINT  =         0.0000
 ------------------------------------------------------------------------------

wrapping first mol.:       76.60133      -54.16531       93.81709

 NSTEP =   540000   TIME(PS) =  486119.998  TEMP(K) =   309.85  PRESS =     0.0
 Etot   =   -238582.6975  EKtot   =     63096.6250  EPtot      =   -301679.3225
 BOND   =      2064.2861  ANGLE   =      2426.4127  DIHED      =      1435.5797
 UB     =         0.0000  IMP     =         0.0000  CMAP       =       249.6997
 1-4 NB =      1166.7471  1-4 EEL =     15389.9345  VDWAALS    =     40711.4818
 EELEC  =   -365123.4642  EHBOND  =         0.0000  RESTRAINT  =         0.0000
 ------------------------------------------------------------------------------

wrapping first mol.:       76.60133      -54.16531       93.81709

 NSTEP =   560000   TIME(PS) =  486159.998  TEMP(K) =   310.09  PRESS =     0.0
 Etot   =   -238836.7353  EKtot   =     63145.6406  EPtot      =   -301982.3760
 BOND   =      2088.3480  ANGLE   =      2450.0478  DIHED      =      1405.0671
 UB     =         0.0000  IMP     =         0.0000  CMAP       =       248.3154
 1-4 NB =      1173.1054  1-4 EEL =     15326.0402  VDWAALS    =     40816.2269
 EELEC  =   -365489.5268  EHBOND  =         0.0000  RESTRAINT  =         0.0000
 ------------------------------------------------------------------------------

wrapping first mol.:       76.60133      -54.16531       93.81709

 NSTEP =   580000   TIME(PS) =  486199.998  TEMP(K) =   310.95  PRESS =     0.0
 Etot   =   -238387.2676  EKtot   =     63319.8711  EPtot      =   -301707.1387
 BOND   =      2073.7036  ANGLE   =      2422.3640  DIHED      =      1392.1118
 UB     =         0.0000  IMP     =         0.0000  CMAP       =       257.5432
 1-4 NB =      1182.1462  1-4 EEL =     15406.5866  VDWAALS    =     40701.1157
 EELEC  =   -365142.7097  EHBOND  =         0.0000  RESTRAINT  =         0.0000
 ------------------------------------------------------------------------------

wrapping first mol.:       76.60133      -54.16531       93.81709

 NSTEP =   600000   TIME(PS) =  486239.998  TEMP(K) =   310.24  PRESS =     0.0
 Etot   =   -238869.9816  EKtot   =     63175.6445  EPtot      =   -302045.6261
 BOND   =      2087.2147  ANGLE   =      2383.7372  DIHED      =      1434.2177
 UB     =         0.0000  IMP     =         0.0000  CMAP       =       230.1334
 1-4 NB =      1175.2785  1-4 EEL =     15299.3304  VDWAALS    =     39998.3894
 EELEC  =   -364653.9274  EHBOND  =         0.0000  RESTRAINT  =         0.0000
 ------------------------------------------------------------------------------

wrapping first mol.:       76.60133      -54.16531       93.81709

 NSTEP =   620000   TIME(PS) =  486279.998  TEMP(K) =   310.22  PRESS =     0.0
 Etot   =   -238693.3648  EKtot   =     63172.5352  EPtot      =   -301865.9000
 BOND   =      2094.0299  ANGLE   =      2420.1982  DIHED      =      1371.5823
 UB     =         0.0000  IMP     =         0.0000  CMAP       =       259.1430
 1-4 NB =      1178.0114  1-4 EEL =     15393.9063  VDWAALS    =     40908.1059
 EELEC  =   -365490.8769  EHBOND  =         0.0000  RESTRAINT  =         0.0000
 ------------------------------------------------------------------------------

wrapping first mol.:       76.60133      -54.16531       93.81709

 NSTEP =   640000   TIME(PS) =  486319.998  TEMP(K) =   309.30  PRESS =     0.0
 Etot   =   -238718.3037  EKtot   =     62985.1367  EPtot      =   -301703.4404
 BOND   =      2124.4348  ANGLE   =      2432.3508  DIHED      =      1376.9505
 UB     =         0.0000  IMP     =         0.0000  CMAP       =       238.9463
 1-4 NB =      1169.3370  1-4 EEL =     15338.0884  VDWAALS    =     40365.3095
 EELEC  =   -364748.8577  EHBOND  =         0.0000  RESTRAINT  =         0.0000
 ------------------------------------------------------------------------------

wrapping first mol.:       76.60133      -54.16531       93.81709

 NSTEP =   660000   TIME(PS) =  486359.998  TEMP(K) =   309.51  PRESS =     0.0
 Etot   =   -239065.7633  EKtot   =     63027.1719  EPtot      =   -302092.9352
 BOND   =      2092.1135  ANGLE   =      2433.6886  DIHED      =      1413.5933
 UB     =         0.0000  IMP     =         0.0000  CMAP       =       241.0175
 1-4 NB =      1185.6733  1-4 EEL =     15383.7848  VDWAALS    =     40908.6719
 EELEC  =   -365751.4781  EHBOND  =         0.0000  RESTRAINT  =         0.0000
 ------------------------------------------------------------------------------

wrapping first mol.:       76.60133      -54.16531       93.81709

 NSTEP =   680000   TIME(PS) =  486399.998  TEMP(K) =   309.96  PRESS =     0.0
 Etot   =   -239006.7610  EKtot   =     63119.4102  EPtot      =   -302126.1711
 BOND   =      2104.2119  ANGLE   =      2437.9033  DIHED      =      1360.8683
 UB     =         0.0000  IMP     =         0.0000  CMAP       =       240.6759
 1-4 NB =      1152.3020  1-4 EEL =     15408.6833  VDWAALS    =     40865.8650
 EELEC  =   -365696.6807  EHBOND  =         0.0000  RESTRAINT  =         0.0000
 ------------------------------------------------------------------------------

wrapping first mol.:       76.60133      -54.16531       93.81709

 NSTEP =   700000   TIME(PS) =  486439.998  TEMP(K) =   310.79  PRESS =     0.0
 Etot   =   -238701.7158  EKtot   =     63287.3906  EPtot      =   -301989.1064
 BOND   =      2106.0611  ANGLE   =      2494.6482  DIHED      =      1407.0564
 UB     =         0.0000  IMP     =         0.0000  CMAP       =       236.5902
 1-4 NB =      1189.9904  1-4 EEL =     15341.8981  VDWAALS    =     40742.4331
 EELEC  =   -365507.7839  EHBOND  =         0.0000  RESTRAINT  =         0.0000
 ------------------------------------------------------------------------------

wrapping first mol.:       76.60133      -54.16531       93.81709

 NSTEP =   720000   TIME(PS) =  486479.998  TEMP(K) =   310.91  PRESS =     0.0
 Etot   =   -238831.5811  EKtot   =     63312.0508  EPtot      =   -302143.6319
 BOND   =      2081.9436  ANGLE   =      2416.8032  DIHED      =      1415.1741
 UB     =         0.0000  IMP     =         0.0000  CMAP       =       234.5276
 1-4 NB =      1183.0604  1-4 EEL =     15441.1841  VDWAALS    =     40828.9349
 EELEC  =   -365745.2597  EHBOND  =         0.0000  RESTRAINT  =         0.0000
 ------------------------------------------------------------------------------

wrapping first mol.:       76.60133      -54.16531       93.81709

 NSTEP =   740000   TIME(PS) =  486519.998  TEMP(K) =   311.56  PRESS =     0.0
 Etot   =   -237964.1842  EKtot   =     63445.4766  EPtot      =   -301409.6608
 BOND   =      2106.9655  ANGLE   =      2373.7650  DIHED      =      1390.7035
 UB     =         0.0000  IMP     =         0.0000  CMAP       =       245.7600
 1-4 NB =      1179.6203  1-4 EEL =     15392.2851  VDWAALS    =     40328.7377
 EELEC  =   -364427.4978  EHBOND  =         0.0000  RESTRAINT  =         0.0000
 ------------------------------------------------------------------------------

wrapping first mol.:       76.60133      -54.16531       93.81709

 NSTEP =   760000   TIME(PS) =  486559.998  TEMP(K) =   308.48  PRESS =     0.0
 Etot   =   -239321.7737  EKtot   =     62816.8906  EPtot      =   -302138.6644
 BOND   =      2087.4496  ANGLE   =      2360.5007  DIHED      =      1402.6472
 UB     =         0.0000  IMP     =         0.0000  CMAP       =       232.5524
 1-4 NB =      1164.9599  1-4 EEL =     15390.1007  VDWAALS    =     40145.6453
 EELEC  =   -364922.5201  EHBOND  =         0.0000  RESTRAINT  =         0.0000
 ------------------------------------------------------------------------------

wrapping first mol.:       76.60133      -54.16531       93.81709

 NSTEP =   780000   TIME(PS) =  486599.998  TEMP(K) =   308.82  PRESS =     0.0
 Etot   =   -238809.7084  EKtot   =     62886.8594  EPtot      =   -301696.5678
 BOND   =      2016.1892  ANGLE   =      2500.3746  DIHED      =      1425.0139
 UB     =         0.0000  IMP     =         0.0000  CMAP       =       244.5842
 1-4 NB =      1188.3428  1-4 EEL =     15416.8367  VDWAALS    =     40970.1418
 EELEC  =   -365458.0509  EHBOND  =         0.0000  RESTRAINT  =         0.0000
 ------------------------------------------------------------------------------

wrapping first mol.:       76.60133      -54.16531       93.81709

 NSTEP =   800000   TIME(PS) =  486639.998  TEMP(K) =   310.29  PRESS =     0.0
 Etot   =   -238726.0064  EKtot   =     63186.7344  EPtot      =   -301912.7408
 BOND   =      2064.6880  ANGLE   =      2386.1604  DIHED      =      1397.9901
 UB     =         0.0000  IMP     =         0.0000  CMAP       =       244.4360
 1-4 NB =      1165.4257  1-4 EEL =     15435.7489  VDWAALS    =     40545.7722
 EELEC  =   -365152.9620  EHBOND  =         0.0000  RESTRAINT  =         0.0000
 ------------------------------------------------------------------------------

wrapping first mol.:       76.60133      -54.16531       93.81709

 NSTEP =   820000   TIME(PS) =  486679.998  TEMP(K) =   311.32  PRESS =     0.0
 Etot   =   -238338.4909  EKtot   =     63395.6367  EPtot      =   -301734.1276
 BOND   =      2127.8673  ANGLE   =      2420.6293  DIHED      =      1423.3452
 UB     =         0.0000  IMP     =         0.0000  CMAP       =       233.4647
 1-4 NB =      1176.5174  1-4 EEL =     15377.8473  VDWAALS    =     40700.1313
 EELEC  =   -365193.9302  EHBOND  =         0.0000  RESTRAINT  =         0.0000
 ------------------------------------------------------------------------------

wrapping first mol.:       76.60133      -54.16531       93.81709

 NSTEP =   840000   TIME(PS) =  486719.998  TEMP(K) =   308.99  PRESS =     0.0
 Etot   =   -238682.8573  EKtot   =     62921.9023  EPtot      =   -301604.7596
 BOND   =      2088.8294  ANGLE   =      2379.9510  DIHED      =      1403.2520
 UB     =         0.0000  IMP     =         0.0000  CMAP       =       231.0057
 1-4 NB =      1188.3256  1-4 EEL =     15383.3561  VDWAALS    =     40478.0076
 EELEC  =   -364757.4869  EHBOND  =         0.0000  RESTRAINT  =         0.0000
 ------------------------------------------------------------------------------

wrapping first mol.:       76.60133      -54.16531       93.81709

 NSTEP =   860000   TIME(PS) =  486759.998  TEMP(K) =   311.14  PRESS =     0.0
 Etot   =   -238318.8146  EKtot   =     63360.1016  EPtot      =   -301678.9162
 BOND   =      2078.1211  ANGLE   =      2400.6716  DIHED      =      1435.1713
 UB     =         0.0000  IMP     =         0.0000  CMAP       =       243.1633
 1-4 NB =      1177.5419  1-4 EEL =     15307.0394  VDWAALS    =     40533.9245
 EELEC  =   -364854.5492  EHBOND  =         0.0000  RESTRAINT  =         0.0000
 ------------------------------------------------------------------------------

wrapping first mol.:       76.60133      -54.16531       93.81709

 NSTEP =   880000   TIME(PS) =  486799.998  TEMP(K) =   310.19  PRESS =     0.0
 Etot   =   -238697.0229  EKtot   =     63165.2695  EPtot      =   -301862.2924
 BOND   =      2106.0548  ANGLE   =      2445.8272  DIHED      =      1391.2943
 UB     =         0.0000  IMP     =         0.0000  CMAP       =       235.8950
 1-4 NB =      1146.3136  1-4 EEL =     15365.2948  VDWAALS    =     40877.3594
 EELEC  =   -365430.3315  EHBOND  =         0.0000  RESTRAINT  =         0.0000
 ------------------------------------------------------------------------------

wrapping first mol.:       76.60133      -54.16531       93.81709

 NSTEP =   900000   TIME(PS) =  486839.998  TEMP(K) =   309.45  PRESS =     0.0
 Etot   =   -239290.4682  EKtot   =     63015.2383  EPtot      =   -302305.7065
 BOND   =      2083.5328  ANGLE   =      2405.0466  DIHED      =      1386.9997
 UB     =         0.0000  IMP     =         0.0000  CMAP       =       265.9846
 1-4 NB =      1151.0990  1-4 EEL =     15397.2197  VDWAALS    =     40651.2771
 EELEC  =   -365646.8661  EHBOND  =         0.0000  RESTRAINT  =         0.0000
 ------------------------------------------------------------------------------

wrapping first mol.:       76.60133      -54.16531       93.81709

 NSTEP =   920000   TIME(PS) =  486879.998  TEMP(K) =   309.50  PRESS =     0.0
 Etot   =   -238974.2413  EKtot   =     63025.5938  EPtot      =   -301999.8350
 BOND   =      2079.8097  ANGLE   =      2336.4570  DIHED      =      1429.1638
 UB     =         0.0000  IMP     =         0.0000  CMAP       =       246.6396
 1-4 NB =      1186.6713  1-4 EEL =     15448.6137  VDWAALS    =     40777.9797
 EELEC  =   -365505.1699  EHBOND  =         0.0000  RESTRAINT  =         0.0000
 ------------------------------------------------------------------------------

wrapping first mol.:       76.60133      -54.16531       93.81709

 NSTEP =   940000   TIME(PS) =  486919.998  TEMP(K) =   310.40  PRESS =     0.0
 Etot   =   -238472.5685  EKtot   =     63208.8125  EPtot      =   -301681.3810
 BOND   =      2112.6643  ANGLE   =      2382.8304  DIHED      =      1437.7833
 UB     =         0.0000  IMP     =         0.0000  CMAP       =       241.3381
 1-4 NB =      1179.0567  1-4 EEL =     15381.5081  VDWAALS    =     40439.7730
 EELEC  =   -364856.3350  EHBOND  =         0.0000  RESTRAINT  =         0.0000
 ------------------------------------------------------------------------------

wrapping first mol.:       76.60133      -54.16531       93.81709

 NSTEP =   960000   TIME(PS) =  486959.998  TEMP(K) =   310.47  PRESS =     0.0
 Etot   =   -238598.4641  EKtot   =     63221.7656  EPtot      =   -301820.2297
 BOND   =      2148.4092  ANGLE   =      2437.6330  DIHED      =      1416.5238
 UB     =         0.0000  IMP     =         0.0000  CMAP       =       262.9739
 1-4 NB =      1176.6372  1-4 EEL =     15378.7310  VDWAALS    =     40534.3108
 EELEC  =   -365175.4486  EHBOND  =         0.0000  RESTRAINT  =         0.0000
 ------------------------------------------------------------------------------

wrapping first mol.:       76.60133      -54.16531       93.81709

 NSTEP =   980000   TIME(PS) =  486999.998  TEMP(K) =   308.90  PRESS =     0.0
 Etot   =   -238818.6405  EKtot   =     62903.5625  EPtot      =   -301722.2030
 BOND   =      2064.8903  ANGLE   =      2443.8082  DIHED      =      1419.4786
 UB     =         0.0000  IMP     =         0.0000  CMAP       =       238.3597
 1-4 NB =      1158.2463  1-4 EEL =     15381.2256  VDWAALS    =     40911.3281
 EELEC  =   -365339.5400  EHBOND  =         0.0000  RESTRAINT  =         0.0000
 ------------------------------------------------------------------------------

wrapping first mol.:       76.60133      -54.16531       93.81709

 NSTEP =  1000000   TIME(PS) =  487039.998  TEMP(K) =   309.06  PRESS =     0.0
 Etot   =   -238927.2846  EKtot   =     62936.3164  EPtot      =   -301863.6010
 BOND   =      2094.6351  ANGLE   =      2479.9355  DIHED      =      1404.9548
 UB     =         0.0000  IMP     =         0.0000  CMAP       =       245.7593
 1-4 NB =      1153.5815  1-4 EEL =     15402.4190  VDWAALS    =     41000.8721
 EELEC  =   -365645.7582  EHBOND  =         0.0000  RESTRAINT  =         0.0000
 ------------------------------------------------------------------------------

wrapping first mol.:       76.60133      -54.16531       93.81709

 NSTEP =  1020000   TIME(PS) =  487079.998  TEMP(K) =   309.70  PRESS =     0.0
 Etot   =   -239056.8376  EKtot   =     63066.1680  EPtot      =   -302123.0056
 BOND   =      2099.9670  ANGLE   =      2387.8686  DIHED      =      1400.0528
 UB     =         0.0000  IMP     =         0.0000  CMAP       =       231.0693
 1-4 NB =      1180.3077  1-4 EEL =     15397.2999  VDWAALS    =     40731.3419
 EELEC  =   -365550.9128  EHBOND  =         0.0000  RESTRAINT  =         0.0000
 ------------------------------------------------------------------------------

wrapping first mol.:       76.60133      -54.16531       93.81709

 NSTEP =  1040000   TIME(PS) =  487119.998  TEMP(K) =   310.43  PRESS =     0.0
 Etot   =   -238846.5097  EKtot   =     63214.0234  EPtot      =   -302060.5332
 BOND   =      2127.7483  ANGLE   =      2404.4890  DIHED      =      1375.9829
 UB     =         0.0000  IMP     =         0.0000  CMAP       =       264.8398
 1-4 NB =      1148.8033  1-4 EEL =     15328.3611  VDWAALS    =     40754.7416
 EELEC  =   -365465.4991  EHBOND  =         0.0000  RESTRAINT  =         0.0000
 ------------------------------------------------------------------------------

wrapping first mol.:       76.60133      -54.16531       93.81709

 NSTEP =  1060000   TIME(PS) =  487159.998  TEMP(K) =   309.83  PRESS =     0.0
 Etot   =   -238746.9979  EKtot   =     63093.1445  EPtot      =   -301840.1425
 BOND   =      2118.7271  ANGLE   =      2465.0698  DIHED      =      1401.4907
 UB     =         0.0000  IMP     =         0.0000  CMAP       =       227.8597
 1-4 NB =      1180.9609  1-4 EEL =     15346.1760  VDWAALS    =     40526.7224
 EELEC  =   -365107.1491  EHBOND  =         0.0000  RESTRAINT  =         0.0000
 ------------------------------------------------------------------------------

wrapping first mol.:       76.60133      -54.16531       93.81709

 NSTEP =  1080000   TIME(PS) =  487199.998  TEMP(K) =   310.12  PRESS =     0.0
 Etot   =   -238545.9352  EKtot   =     63151.1055  EPtot      =   -301697.0407
 BOND   =      2109.3137  ANGLE   =      2347.2246  DIHED      =      1438.3195
 UB     =         0.0000  IMP     =         0.0000  CMAP       =       248.7071
 1-4 NB =      1173.2637  1-4 EEL =     15419.3465  VDWAALS    =     40978.7081
 EELEC  =   -365411.9239  EHBOND  =         0.0000  RESTRAINT  =         0.0000
 ------------------------------------------------------------------------------

wrapping first mol.:       76.60133      -54.16531       93.81709

 NSTEP =  1100000   TIME(PS) =  487239.998  TEMP(K) =   308.94  PRESS =     0.0
 Etot   =   -238667.1203  EKtot   =     62911.0312  EPtot      =   -301578.1516
 BOND   =      2061.1153  ANGLE   =      2321.9772  DIHED      =      1409.3100
 UB     =         0.0000  IMP     =         0.0000  CMAP       =       257.6521
 1-4 NB =      1171.9766  1-4 EEL =     15432.7934  VDWAALS    =     40709.7281
 EELEC  =   -364942.7042  EHBOND  =         0.0000  RESTRAINT  =         0.0000
 ------------------------------------------------------------------------------

wrapping first mol.:       76.60133      -54.16531       93.81709

 NSTEP =  1120000   TIME(PS) =  487279.998  TEMP(K) =   309.66  PRESS =     0.0
 Etot   =   -238686.9970  EKtot   =     63058.1523  EPtot      =   -301745.1494
 BOND   =      2099.1118  ANGLE   =      2464.2104  DIHED      =      1438.3527
 UB     =         0.0000  IMP     =         0.0000  CMAP       =       247.7984
 1-4 NB =      1180.2381  1-4 EEL =     15366.8728  VDWAALS    =     40613.3159
 EELEC  =   -365155.0493  EHBOND  =         0.0000  RESTRAINT  =         0.0000
 ------------------------------------------------------------------------------

wrapping first mol.:       76.60133      -54.16531       93.81709

 NSTEP =  1140000   TIME(PS) =  487319.998  TEMP(K) =   309.79  PRESS =     0.0
 Etot   =   -238894.7912  EKtot   =     63083.7578  EPtot      =   -301978.5490
 BOND   =      2116.4088  ANGLE   =      2379.2541  DIHED      =      1411.9682
 UB     =         0.0000  IMP     =         0.0000  CMAP       =       243.8934
 1-4 NB =      1144.9229  1-4 EEL =     15339.1525  VDWAALS    =     40508.3941
 EELEC  =   -365122.5430  EHBOND  =         0.0000  RESTRAINT  =         0.0000
 ------------------------------------------------------------------------------

wrapping first mol.:       76.60133      -54.16531       93.81709

 NSTEP =  1160000   TIME(PS) =  487359.998  TEMP(K) =   310.66  PRESS =     0.0
 Etot   =   -238932.6899  EKtot   =     63260.6328  EPtot      =   -302193.3227
 BOND   =      2130.9080  ANGLE   =      2444.6080  DIHED      =      1418.0005
 UB     =         0.0000  IMP     =         0.0000  CMAP       =       247.7709
 1-4 NB =      1168.3382  1-4 EEL =     15279.9992  VDWAALS    =     40784.8793
 EELEC  =   -365667.8267  EHBOND  =         0.0000  RESTRAINT  =         0.0000
 ------------------------------------------------------------------------------

wrapping first mol.:       76.60133      -54.16531       93.81709

 NSTEP =  1180000   TIME(PS) =  487399.998  TEMP(K) =   308.78  PRESS =     0.0
 Etot   =   -238893.8323  EKtot   =     62879.3750  EPtot      =   -301773.2073
 BOND   =      2106.5118  ANGLE   =      2332.3873  DIHED      =      1418.1222
 UB     =         0.0000  IMP     =         0.0000  CMAP       =       247.3781
 1-4 NB =      1182.2254  1-4 EEL =     15362.5937  VDWAALS    =     40658.2432
 EELEC  =   -365080.6691  EHBOND  =         0.0000  RESTRAINT  =         0.0000
 ------------------------------------------------------------------------------

wrapping first mol.:       76.60133      -54.16531       93.81709

 NSTEP =  1200000   TIME(PS) =  487439.998  TEMP(K) =   310.03  PRESS =     0.0
 Etot   =   -238886.0474  EKtot   =     63132.1836  EPtot      =   -302018.2310
 BOND   =      2110.3423  ANGLE   =      2430.3602  DIHED      =      1402.4855
 UB     =         0.0000  IMP     =         0.0000  CMAP       =       255.3176
 1-4 NB =      1183.2872  1-4 EEL =     15372.8508  VDWAALS    =     40628.0861
 EELEC  =   -365400.9608  EHBOND  =         0.0000  RESTRAINT  =         0.0000
 ------------------------------------------------------------------------------

wrapping first mol.:       76.60133      -54.16531       93.81709

 NSTEP =  1220000   TIME(PS) =  487479.998  TEMP(K) =   311.04  PRESS =     0.0
 Etot   =   -238333.3477  EKtot   =     63338.5977  EPtot      =   -301671.9453
 BOND   =      2061.2084  ANGLE   =      2406.8417  DIHED      =      1399.8606
 UB     =         0.0000  IMP     =         0.0000  CMAP       =       244.2548
 1-4 NB =      1189.5346  1-4 EEL =     15422.4442  VDWAALS    =     40746.2196
 EELEC  =   -365142.3093  EHBOND  =         0.0000  RESTRAINT  =         0.0000
 ------------------------------------------------------------------------------

wrapping first mol.:       76.60133      -54.16531       93.81709

 NSTEP =  1240000   TIME(PS) =  487519.998  TEMP(K) =   308.54  PRESS =     0.0
 Etot   =   -239191.6861  EKtot   =     62830.3945  EPtot      =   -302022.0806
 BOND   =      2093.1867  ANGLE   =      2365.3518  DIHED      =      1405.4682
 UB     =         0.0000  IMP     =         0.0000  CMAP       =       236.9416
 1-4 NB =      1184.7525  1-4 EEL =     15420.3576  VDWAALS    =     40709.0498
 EELEC  =   -365437.1888  EHBOND  =         0.0000  RESTRAINT  =         0.0000
 ------------------------------------------------------------------------------

wrapping first mol.:       76.60133      -54.16531       93.81709

 NSTEP =  1260000   TIME(PS) =  487559.998  TEMP(K) =   309.05  PRESS =     0.0
 Etot   =   -238964.3409  EKtot   =     62934.0977  EPtot      =   -301898.4385
 BOND   =      2155.6618  ANGLE   =      2471.7916  DIHED      =      1414.2937
 UB     =         0.0000  IMP     =         0.0000  CMAP       =       231.7565
 1-4 NB =      1157.1844  1-4 EEL =     15444.4924  VDWAALS    =     40480.1600
 EELEC  =   -365253.7789  EHBOND  =         0.0000  RESTRAINT  =         0.0000
 ------------------------------------------------------------------------------

wrapping first mol.:       76.60133      -54.16531       93.81709

 NSTEP =  1280000   TIME(PS) =  487599.998  TEMP(K) =   308.79  PRESS =     0.0
 Etot   =   -238812.1762  EKtot   =     62879.8867  EPtot      =   -301692.0629
 BOND   =      2060.9200  ANGLE   =      2409.6527  DIHED      =      1378.0548
 UB     =         0.0000  IMP     =         0.0000  CMAP       =       239.5816
 1-4 NB =      1182.5793  1-4 EEL =     15421.2013  VDWAALS    =     40593.5189
 EELEC  =   -364977.5716  EHBOND  =         0.0000  RESTRAINT  =         0.0000
 ------------------------------------------------------------------------------

wrapping first mol.:       76.60133      -54.16531       93.81709

 NSTEP =  1300000   TIME(PS) =  487639.998  TEMP(K) =   309.33  PRESS =     0.0
 Etot   =   -238949.5528  EKtot   =     62991.1992  EPtot      =   -301940.7520
 BOND   =      2169.7103  ANGLE   =      2411.3744  DIHED      =      1394.2452
 UB     =         0.0000  IMP     =         0.0000  CMAP       =       232.4218
 1-4 NB =      1166.1792  1-4 EEL =     15469.7462  VDWAALS    =     40910.8019
 EELEC  =   -365695.2310  EHBOND  =         0.0000  RESTRAINT  =         0.0000
 ------------------------------------------------------------------------------

wrapping first mol.:       76.60133      -54.16531       93.81709

 NSTEP =  1320000   TIME(PS) =  487679.998  TEMP(K) =   310.59  PRESS =     0.0
 Etot   =   -238708.3975  EKtot   =     63247.1484  EPtot      =   -301955.5459
 BOND   =      2057.2564  ANGLE   =      2378.0592  DIHED      =      1369.0780
 UB     =         0.0000  IMP     =         0.0000  CMAP       =       256.0866
 1-4 NB =      1162.3858  1-4 EEL =     15403.4822  VDWAALS    =     40697.1872
 EELEC  =   -365279.0812  EHBOND  =         0.0000  RESTRAINT  =         0.0000
 ------------------------------------------------------------------------------

wrapping first mol.:       76.60133      -54.16531       93.81709

 NSTEP =  1340000   TIME(PS) =  487719.998  TEMP(K) =   310.44  PRESS =     0.0
 Etot   =   -238309.1719  EKtot   =     63216.4141  EPtot      =   -301525.5860
 BOND   =      2038.5319  ANGLE   =      2476.2414  DIHED      =      1447.1525
 UB     =         0.0000  IMP     =         0.0000  CMAP       =       238.0703
 1-4 NB =      1205.0929  1-4 EEL =     15419.9573  VDWAALS    =     41203.6180
 EELEC  =   -365554.2503  EHBOND  =         0.0000  RESTRAINT  =         0.0000
 ------------------------------------------------------------------------------

wrapping first mol.:       76.60133      -54.16531       93.81709

 NSTEP =  1360000   TIME(PS) =  487759.998  TEMP(K) =   308.71  PRESS =     0.0
 Etot   =   -239256.8940  EKtot   =     62863.7305  EPtot      =   -302120.6244
 BOND   =      2045.9935  ANGLE   =      2460.3173  DIHED      =      1420.9520
 UB     =         0.0000  IMP     =         0.0000  CMAP       =       222.9412
 1-4 NB =      1180.5431  1-4 EEL =     15437.2635  VDWAALS    =     40242.8934
 EELEC  =   -365131.5284  EHBOND  =         0.0000  RESTRAINT  =         0.0000
 ------------------------------------------------------------------------------

wrapping first mol.:       76.60133      -54.16531       93.81709

 NSTEP =  1380000   TIME(PS) =  487799.998  TEMP(K) =   310.52  PRESS =     0.0
 Etot   =   -239060.9362  EKtot   =     63233.1094  EPtot      =   -302294.0456
 BOND   =      2114.3513  ANGLE   =      2469.7960  DIHED      =      1413.7280
 UB     =         0.0000  IMP     =         0.0000  CMAP       =       237.9178
 1-4 NB =      1179.6883  1-4 EEL =     15352.7077  VDWAALS    =     40762.5861
 EELEC  =   -365824.8206  EHBOND  =         0.0000  RESTRAINT  =         0.0000
 ------------------------------------------------------------------------------

wrapping first mol.:       76.60133      -54.16531       93.81709

 NSTEP =  1400000   TIME(PS) =  487839.998  TEMP(K) =   312.29  PRESS =     0.0
 Etot   =   -238499.4041  EKtot   =     63592.5781  EPtot      =   -302091.9822
 BOND   =      2172.4240  ANGLE   =      2408.3655  DIHED      =      1426.0281
 UB     =         0.0000  IMP     =         0.0000  CMAP       =       224.9441
 1-4 NB =      1170.4959  1-4 EEL =     15334.0132  VDWAALS    =     40784.7444
 EELEC  =   -365612.9973  EHBOND  =         0.0000  RESTRAINT  =         0.0000
 ------------------------------------------------------------------------------

wrapping first mol.:       76.60133      -54.16531       93.81709

 NSTEP =  1420000   TIME(PS) =  487879.998  TEMP(K) =   309.50  PRESS =     0.0
 Etot   =   -238510.6223  EKtot   =     63024.4609  EPtot      =   -301535.0833
 BOND   =      2123.5590  ANGLE   =      2491.1960  DIHED      =      1392.3073
 UB     =         0.0000  IMP     =         0.0000  CMAP       =       242.6653
 1-4 NB =      1136.6154  1-4 EEL =     15332.9285  VDWAALS    =     40297.7012
 EELEC  =   -364552.0557  EHBOND  =         0.0000  RESTRAINT  =         0.0000
 ------------------------------------------------------------------------------

wrapping first mol.:       76.60133      -54.16531       93.81709

 NSTEP =  1440000   TIME(PS) =  487919.998  TEMP(K) =   310.01  PRESS =     0.0
 Etot   =   -238841.2723  EKtot   =     63128.4180  EPtot      =   -301969.6903
 BOND   =      2070.3930  ANGLE   =      2439.3384  DIHED      =      1404.3741
 UB     =         0.0000  IMP     =         0.0000  CMAP       =       231.7301
 1-4 NB =      1201.6956  1-4 EEL =     15355.0973  VDWAALS    =     40623.0772
 EELEC  =   -365295.3959  EHBOND  =         0.0000  RESTRAINT  =         0.0000
 ------------------------------------------------------------------------------

wrapping first mol.:       76.60133      -54.16531       93.81709

 NSTEP =  1460000   TIME(PS) =  487959.998  TEMP(K) =   311.13  PRESS =     0.0
 Etot   =   -238782.6091  EKtot   =     63357.0781  EPtot      =   -302139.6872
 BOND   =      2043.4502  ANGLE   =      2397.9086  DIHED      =      1419.6210
 UB     =         0.0000  IMP     =         0.0000  CMAP       =       239.2975
 1-4 NB =      1182.3456  1-4 EEL =     15468.7004  VDWAALS    =     40773.6949
 EELEC  =   -365664.7055  EHBOND  =         0.0000  RESTRAINT  =         0.0000
 ------------------------------------------------------------------------------

wrapping first mol.:       76.60133      -54.16531       93.81709

 NSTEP =  1480000   TIME(PS) =  487999.998  TEMP(K) =   310.64  PRESS =     0.0
 Etot   =   -238448.0617  EKtot   =     63257.5547  EPtot      =   -301705.6164
 BOND   =      2084.8692  ANGLE   =      2484.5649  DIHED      =      1425.4933
 UB     =         0.0000  IMP     =         0.0000  CMAP       =       245.5678
 1-4 NB =      1182.7188  1-4 EEL =     15402.2864  VDWAALS    =     40980.4519
 EELEC  =   -365511.5687  EHBOND  =         0.0000  RESTRAINT  =         0.0000
 ------------------------------------------------------------------------------

wrapping first mol.:       76.60133      -54.16531       93.81709

 NSTEP =  1500000   TIME(PS) =  488039.998  TEMP(K) =   308.96  PRESS =     0.0
 Etot   =   -239386.5503  EKtot   =     62915.3867  EPtot      =   -302301.9370
 BOND   =      2131.6248  ANGLE   =      2418.6802  DIHED      =      1434.2199
 UB     =         0.0000  IMP     =         0.0000  CMAP       =       251.6068
 1-4 NB =      1165.7263  1-4 EEL =     15429.4626  VDWAALS    =     40872.3432
 EELEC  =   -366005.6009  EHBOND  =         0.0000  RESTRAINT  =         0.0000
 ------------------------------------------------------------------------------

wrapping first mol.:       76.60133      -54.16531       93.81709

 NSTEP =  1520000   TIME(PS) =  488079.998  TEMP(K) =   309.48  PRESS =     0.0
 Etot   =   -239116.0854  EKtot   =     63020.4062  EPtot      =   -302136.4916
 BOND   =      2125.6397  ANGLE   =      2428.5819  DIHED      =      1370.3268
 UB     =         0.0000  IMP     =         0.0000  CMAP       =       235.6201
 1-4 NB =      1181.2078  1-4 EEL =     15423.1767  VDWAALS    =     40152.7760
 EELEC  =   -365053.8206  EHBOND  =         0.0000  RESTRAINT  =         0.0000
 ------------------------------------------------------------------------------

wrapping first mol.:       76.60133      -54.16531       93.81709

 NSTEP =  1540000   TIME(PS) =  488119.998  TEMP(K) =   311.17  PRESS =     0.0
 Etot   =   -238500.6764  EKtot   =     63365.5820  EPtot      =   -301866.2584
 BOND   =      2101.3101  ANGLE   =      2394.4228  DIHED      =      1416.7805
 UB     =         0.0000  IMP     =         0.0000  CMAP       =       242.9018
 1-4 NB =      1163.8232  1-4 EEL =     15374.6433  VDWAALS    =     40269.7222
 EELEC  =   -364829.8624  EHBOND  =         0.0000  RESTRAINT  =         0.0000
 ------------------------------------------------------------------------------

wrapping first mol.:       76.60133      -54.16531       93.81709

 NSTEP =  1560000   TIME(PS) =  488159.998  TEMP(K) =   310.50  PRESS =     0.0
 Etot   =   -239264.7211  EKtot   =     63228.0820  EPtot      =   -302492.8032
 BOND   =      2139.2560  ANGLE   =      2457.8824  DIHED      =      1380.8655
 UB     =         0.0000  IMP     =         0.0000  CMAP       =       236.0453
 1-4 NB =      1171.0460  1-4 EEL =     15349.0364  VDWAALS    =     40471.7810
 EELEC  =   -365698.7157  EHBOND  =         0.0000  RESTRAINT  =         0.0000
 ------------------------------------------------------------------------------

wrapping first mol.:       76.60133      -54.16531       93.81709

 NSTEP =  1580000   TIME(PS) =  488199.998  TEMP(K) =   310.12  PRESS =     0.0
 Etot   =   -238573.8160  EKtot   =     63151.0312  EPtot      =   -301724.8472
 BOND   =      2102.9041  ANGLE   =      2370.2514  DIHED      =      1384.3831
 UB     =         0.0000  IMP     =         0.0000  CMAP       =       247.0256
 1-4 NB =      1188.9891  1-4 EEL =     15416.9511  VDWAALS    =     40810.4877
 EELEC  =   -365245.8394  EHBOND  =         0.0000  RESTRAINT  =         0.0000
 ------------------------------------------------------------------------------

wrapping first mol.:       76.60133      -54.16531       93.81709

 NSTEP =  1600000   TIME(PS) =  488239.998  TEMP(K) =   310.00  PRESS =     0.0
 Etot   =   -238854.8141  EKtot   =     63127.6016  EPtot      =   -301982.4157
 BOND   =      2144.9625  ANGLE   =      2340.1348  DIHED      =      1414.1256
 UB     =         0.0000  IMP     =         0.0000  CMAP       =       240.2973
 1-4 NB =      1195.6817  1-4 EEL =     15373.1343  VDWAALS    =     40995.2985
 EELEC  =   -365686.0503  EHBOND  =         0.0000  RESTRAINT  =         0.0000
 ------------------------------------------------------------------------------

wrapping first mol.:       76.60133      -54.16531       93.81709

 NSTEP =  1620000   TIME(PS) =  488279.998  TEMP(K) =   310.46  PRESS =     0.0
 Etot   =   -238234.4996  EKtot   =     63221.2422  EPtot      =   -301455.7418
 BOND   =      2094.2638  ANGLE   =      2435.0802  DIHED      =      1396.6686
 UB     =         0.0000  IMP     =         0.0000  CMAP       =       246.2255
 1-4 NB =      1168.1223  1-4 EEL =     15419.3615  VDWAALS    =     40579.0317
 EELEC  =   -364794.4953  EHBOND  =         0.0000  RESTRAINT  =         0.0000
 ------------------------------------------------------------------------------

wrapping first mol.:       76.60133      -54.16531       93.81709

 NSTEP =  1640000   TIME(PS) =  488319.998  TEMP(K) =   309.19  PRESS =     0.0
 Etot   =   -238912.0990  EKtot   =     62961.3984  EPtot      =   -301873.4974
 BOND   =      2153.0466  ANGLE   =      2379.6155  DIHED      =      1414.9929
 UB     =         0.0000  IMP     =         0.0000  CMAP       =       269.5004
 1-4 NB =      1163.6341  1-4 EEL =     15407.0611  VDWAALS    =     40461.0056
 EELEC  =   -365122.3537  EHBOND  =         0.0000  RESTRAINT  =         0.0000
 ------------------------------------------------------------------------------

wrapping first mol.:       76.60133      -54.16531       93.81709

 NSTEP =  1660000   TIME(PS) =  488359.998  TEMP(K) =   310.74  PRESS =     0.0
 Etot   =   -238313.2351  EKtot   =     63278.6602  EPtot      =   -301591.8953
 BOND   =      2121.4769  ANGLE   =      2477.1735  DIHED      =      1399.3939
 UB     =         0.0000  IMP     =         0.0000  CMAP       =       257.4584
 1-4 NB =      1159.3854  1-4 EEL =     15360.5960  VDWAALS    =     40678.9277
 EELEC  =   -365046.3070  EHBOND  =         0.0000  RESTRAINT  =         0.0000
 ------------------------------------------------------------------------------

wrapping first mol.:       76.60133      -54.16531       93.81709

 NSTEP =  1680000   TIME(PS) =  488399.998  TEMP(K) =   311.44  PRESS =     0.0
 Etot   =   -238963.8704  EKtot   =     63419.3633  EPtot      =   -302383.2337
 BOND   =      2066.7762  ANGLE   =      2477.1851  DIHED      =      1412.9146
 UB     =         0.0000  IMP     =         0.0000  CMAP       =       241.2571
 1-4 NB =      1154.4915  1-4 EEL =     15342.9341  VDWAALS    =     41131.1688
 EELEC  =   -366209.9611  EHBOND  =         0.0000  RESTRAINT  =         0.0000
 ------------------------------------------------------------------------------

wrapping first mol.:       76.60133      -54.16531       93.81709

 NSTEP =  1700000   TIME(PS) =  488439.998  TEMP(K) =   310.32  PRESS =     0.0
 Etot   =   -239075.6139  EKtot   =     63191.7188  EPtot      =   -302267.3326
 BOND   =      2022.4469  ANGLE   =      2486.3968  DIHED      =      1435.9927
 UB     =         0.0000  IMP     =         0.0000  CMAP       =       245.8001
 1-4 NB =      1198.9805  1-4 EEL =     15521.9055  VDWAALS    =     40609.5385
 EELEC  =   -365788.3937  EHBOND  =         0.0000  RESTRAINT  =         0.0000
 ------------------------------------------------------------------------------

wrapping first mol.:       76.60133      -54.16531       93.81709

 NSTEP =  1720000   TIME(PS) =  488479.998  TEMP(K) =   310.82  PRESS =     0.0
 Etot   =   -238284.7321  EKtot   =     63294.2773  EPtot      =   -301579.0095
 BOND   =      2102.2046  ANGLE   =      2414.1100  DIHED      =      1405.9575
 UB     =         0.0000  IMP     =         0.0000  CMAP       =       243.3548
 1-4 NB =      1184.6740  1-4 EEL =     15456.9817  VDWAALS    =     40701.4174
 EELEC  =   -365087.7095  EHBOND  =         0.0000  RESTRAINT  =         0.0000
 ------------------------------------------------------------------------------

wrapping first mol.:       76.60133      -54.16531       93.81709

 NSTEP =  1740000   TIME(PS) =  488519.998  TEMP(K) =   311.30  PRESS =     0.0
 Etot   =   -238541.4882  EKtot   =     63392.5977  EPtot      =   -301934.0858
 BOND   =      2066.0761  ANGLE   =      2358.3301  DIHED      =      1430.5354
 UB     =         0.0000  IMP     =         0.0000  CMAP       =       253.4367
 1-4 NB =      1184.3899  1-4 EEL =     15438.3015  VDWAALS    =     40306.3812
 EELEC  =   -364971.5368  EHBOND  =         0.0000  RESTRAINT  =         0.0000
 ------------------------------------------------------------------------------

wrapping first mol.:       76.60133      -54.16531       93.81709

 NSTEP =  1760000   TIME(PS) =  488559.998  TEMP(K) =   310.31  PRESS =     0.0
 Etot   =   -238849.3303  EKtot   =     63190.1875  EPtot      =   -302039.5178
 BOND   =      2070.2408  ANGLE   =      2473.8007  DIHED      =      1414.6864
 UB     =         0.0000  IMP     =         0.0000  CMAP       =       224.1283
 1-4 NB =      1154.2993  1-4 EEL =     15436.5734  VDWAALS    =     40281.0244
 EELEC  =   -365094.2712  EHBOND  =         0.0000  RESTRAINT  =         0.0000
 ------------------------------------------------------------------------------

wrapping first mol.:       76.60133      -54.16531       93.81709

 NSTEP =  1780000   TIME(PS) =  488599.998  TEMP(K) =   311.82  PRESS =     0.0
 Etot   =   -238420.5669  EKtot   =     63498.5117  EPtot      =   -301919.0786
 BOND   =      2072.4811  ANGLE   =      2401.4259  DIHED      =      1437.3546
 UB     =         0.0000  IMP     =         0.0000  CMAP       =       247.6486
 1-4 NB =      1165.5495  1-4 EEL =     15350.4320  VDWAALS    =     40443.3380
 EELEC  =   -365037.3084  EHBOND  =         0.0000  RESTRAINT  =         0.0000
 ------------------------------------------------------------------------------

wrapping first mol.:       76.60133      -54.16531       93.81709

 NSTEP =  1800000   TIME(PS) =  488639.998  TEMP(K) =   311.34  PRESS =     0.0
 Etot   =   -238519.2511  EKtot   =     63400.8125  EPtot      =   -301920.0636
 BOND   =      2111.3438  ANGLE   =      2418.2343  DIHED      =      1400.2461
 UB     =         0.0000  IMP     =         0.0000  CMAP       =       252.8863
 1-4 NB =      1158.2526  1-4 EEL =     15421.2181  VDWAALS    =     40593.7932
 EELEC  =   -365276.0379  EHBOND  =         0.0000  RESTRAINT  =         0.0000
 ------------------------------------------------------------------------------

wrapping first mol.:       76.60133      -54.16531       93.81709

 NSTEP =  1820000   TIME(PS) =  488679.998  TEMP(K) =   309.53  PRESS =     0.0
 Etot   =   -238754.6592  EKtot   =     63030.5312  EPtot      =   -301785.1905
 BOND   =      2099.6200  ANGLE   =      2401.5666  DIHED      =      1451.8866
 UB     =         0.0000  IMP     =         0.0000  CMAP       =       218.4145
 1-4 NB =      1176.3109  1-4 EEL =     15411.4896  VDWAALS    =     40845.7469
 EELEC  =   -365390.2256  EHBOND  =         0.0000  RESTRAINT  =         0.0000
 ------------------------------------------------------------------------------

wrapping first mol.:       76.60133      -54.16531       93.81709

 NSTEP =  1840000   TIME(PS) =  488719.998  TEMP(K) =   310.37  PRESS =     0.0
 Etot   =   -238701.3835  EKtot   =     63202.0469  EPtot      =   -301903.4304
 BOND   =      2103.4868  ANGLE   =      2425.9879  DIHED      =      1425.6965
 UB     =         0.0000  IMP     =         0.0000  CMAP       =       238.0157
 1-4 NB =      1198.8917  1-4 EEL =     15353.4894  VDWAALS    =     40498.6756
 EELEC  =   -365147.6740  EHBOND  =         0.0000  RESTRAINT  =         0.0000
 ------------------------------------------------------------------------------

wrapping first mol.:       76.60133      -54.16531       93.81709

 NSTEP =  1860000   TIME(PS) =  488759.998  TEMP(K) =   310.25  PRESS =     0.0
 Etot   =   -238520.7792  EKtot   =     63178.7852  EPtot      =   -301699.5644
 BOND   =      2138.9551  ANGLE   =      2465.2064  DIHED      =      1407.5134
 UB     =         0.0000  IMP     =         0.0000  CMAP       =       240.7635
 1-4 NB =      1177.0881  1-4 EEL =     15291.7043  VDWAALS    =     40487.6122
 EELEC  =   -364908.4073  EHBOND  =         0.0000  RESTRAINT  =         0.0000
 ------------------------------------------------------------------------------

wrapping first mol.:       76.60133      -54.16531       93.81709

 NSTEP =  1880000   TIME(PS) =  488799.998  TEMP(K) =   308.94  PRESS =     0.0
 Etot   =   -239115.5095  EKtot   =     62911.5078  EPtot      =   -302027.0173
 BOND   =      2125.8862  ANGLE   =      2335.3370  DIHED      =      1409.3431
 UB     =         0.0000  IMP     =         0.0000  CMAP       =       263.2457
 1-4 NB =      1202.8718  1-4 EEL =     15382.5588  VDWAALS    =     40959.4877
 EELEC  =   -365705.7476  EHBOND  =         0.0000  RESTRAINT  =         0.0000
 ------------------------------------------------------------------------------

wrapping first mol.:       76.60133      -54.16531       93.81709

 NSTEP =  1900000   TIME(PS) =  488839.998  TEMP(K) =   311.21  PRESS =     0.0
 Etot   =   -238001.8108  EKtot   =     63373.8516  EPtot      =   -301375.6624
 BOND   =      2063.0672  ANGLE   =      2394.7542  DIHED      =      1380.0452
 UB     =         0.0000  IMP     =         0.0000  CMAP       =       227.3615
 1-4 NB =      1181.0105  1-4 EEL =     15383.7503  VDWAALS    =     40497.7168
 EELEC  =   -364503.3680  EHBOND  =         0.0000  RESTRAINT  =         0.0000
 ------------------------------------------------------------------------------

wrapping first mol.:       76.60133      -54.16531       93.81709

 NSTEP =  1920000   TIME(PS) =  488879.998  TEMP(K) =   309.71  PRESS =     0.0
 Etot   =   -239215.2908  EKtot   =     63068.4844  EPtot      =   -302283.7752
 BOND   =      2062.8745  ANGLE   =      2474.7774  DIHED      =      1392.8161
 UB     =         0.0000  IMP     =         0.0000  CMAP       =       246.6437
 1-4 NB =      1175.9820  1-4 EEL =     15370.7478  VDWAALS    =     40882.0950
 EELEC  =   -365889.7116  EHBOND  =         0.0000  RESTRAINT  =         0.0000
 ------------------------------------------------------------------------------

wrapping first mol.:       76.60133      -54.16531       93.81709

 NSTEP =  1940000   TIME(PS) =  488919.998  TEMP(K) =   311.33  PRESS =     0.0
 Etot   =   -238501.9047  EKtot   =     63398.6484  EPtot      =   -301900.5531
 BOND   =      2081.7095  ANGLE   =      2428.4129  DIHED      =      1390.5148
 UB     =         0.0000  IMP     =         0.0000  CMAP       =       250.6516
 1-4 NB =      1177.7809  1-4 EEL =     15335.3846  VDWAALS    =     40285.0962
 EELEC  =   -364850.1036  EHBOND  =         0.0000  RESTRAINT  =         0.0000
 ------------------------------------------------------------------------------

wrapping first mol.:       76.60133      -54.16531       93.81709

 NSTEP =  1960000   TIME(PS) =  488959.998  TEMP(K) =   309.14  PRESS =     0.0
 Etot   =   -239035.3066  EKtot   =     62952.6602  EPtot      =   -301987.9668
 BOND   =      2096.6191  ANGLE   =      2432.9944  DIHED      =      1396.5485
 UB     =         0.0000  IMP     =         0.0000  CMAP       =       249.5952
 1-4 NB =      1198.5202  1-4 EEL =     15359.9032  VDWAALS    =     40694.3049
 EELEC  =   -365416.4524  EHBOND  =         0.0000  RESTRAINT  =         0.0000
 ------------------------------------------------------------------------------

wrapping first mol.:       76.60133      -54.16531       93.81709

 NSTEP =  1980000   TIME(PS) =  488999.998  TEMP(K) =   309.94  PRESS =     0.0
 Etot   =   -239035.0425  EKtot   =     63114.4023  EPtot      =   -302149.4449
 BOND   =      2066.4844  ANGLE   =      2422.1980  DIHED      =      1380.1325
 UB     =         0.0000  IMP     =         0.0000  CMAP       =       243.2153
 1-4 NB =      1179.3929  1-4 EEL =     15290.6722  VDWAALS    =     40488.2455
 EELEC  =   -365219.7858  EHBOND  =         0.0000  RESTRAINT  =         0.0000
 ------------------------------------------------------------------------------

wrapping first mol.:       76.60133      -54.16531       93.81709

 NSTEP =  2000000   TIME(PS) =  489039.998  TEMP(K) =   310.00  PRESS =     0.0
 Etot   =   -238929.4768  EKtot   =     63127.6250  EPtot      =   -302057.1018
 BOND   =      2082.0288  ANGLE   =      2370.9279  DIHED      =      1405.7897
 UB     =         0.0000  IMP     =         0.0000  CMAP       =       238.6905
 1-4 NB =      1187.2509  1-4 EEL =     15373.1470  VDWAALS    =     41202.3683
 EELEC  =   -365917.3050  EHBOND  =         0.0000  RESTRAINT  =         0.0000
 ------------------------------------------------------------------------------

wrapping first mol.:       76.60133      -54.16531       93.81709

 NSTEP =  2020000   TIME(PS) =  489079.998  TEMP(K) =   309.76  PRESS =     0.0
 Etot   =   -238692.7733  EKtot   =     63078.0273  EPtot      =   -301770.8007
 BOND   =      2082.5830  ANGLE   =      2490.4648  DIHED      =      1435.5947
 UB     =         0.0000  IMP     =         0.0000  CMAP       =       236.6454
 1-4 NB =      1169.5112  1-4 EEL =     15347.8844  VDWAALS    =     40739.6495
 EELEC  =   -365273.1337  EHBOND  =         0.0000  RESTRAINT  =         0.0000
 ------------------------------------------------------------------------------

wrapping first mol.:       76.60133      -54.16531       93.81709

 NSTEP =  2040000   TIME(PS) =  489119.998  TEMP(K) =   310.34  PRESS =     0.0
 Etot   =   -239217.9547  EKtot   =     63195.3789  EPtot      =   -302413.3336
 BOND   =      2081.6177  ANGLE   =      2351.9050  DIHED      =      1389.9765
 UB     =         0.0000  IMP     =         0.0000  CMAP       =       249.3875
 1-4 NB =      1181.0596  1-4 EEL =     15383.6654  VDWAALS    =     41498.7324
 EELEC  =   -366549.6778  EHBOND  =         0.0000  RESTRAINT  =         0.0000
 ------------------------------------------------------------------------------

wrapping first mol.:       76.60133      -54.16531       93.81709

 NSTEP =  2060000   TIME(PS) =  489159.998  TEMP(K) =   311.20  PRESS =     0.0
 Etot   =   -238346.9895  EKtot   =     63372.3281  EPtot      =   -301719.3176
 BOND   =      2121.3478  ANGLE   =      2478.1991  DIHED      =      1412.4335
 UB     =         0.0000  IMP     =         0.0000  CMAP       =       244.4325
 1-4 NB =      1178.9622  1-4 EEL =     15349.4844  VDWAALS    =     41042.5312
 EELEC  =   -365546.7084  EHBOND  =         0.0000  RESTRAINT  =         0.0000
 ------------------------------------------------------------------------------

wrapping first mol.:       76.60133      -54.16531       93.81709

 NSTEP =  2080000   TIME(PS) =  489199.998  TEMP(K) =   309.60  PRESS =     0.0
 Etot   =   -238717.1388  EKtot   =     63045.0703  EPtot      =   -301762.2091
 BOND   =      2099.1097  ANGLE   =      2469.9976  DIHED      =      1424.7017
 UB     =         0.0000  IMP     =         0.0000  CMAP       =       234.1090
 1-4 NB =      1179.9805  1-4 EEL =     15369.1234  VDWAALS    =     40850.3888
 EELEC  =   -365389.6199  EHBOND  =         0.0000  RESTRAINT  =         0.0000
 ------------------------------------------------------------------------------

wrapping first mol.:       76.60133      -54.16531       93.81709

 NSTEP =  2100000   TIME(PS) =  489239.998  TEMP(K) =   309.47  PRESS =     0.0
 Etot   =   -239216.2916  EKtot   =     63019.8164  EPtot      =   -302236.1080
 BOND   =      2150.7670  ANGLE   =      2386.6703  DIHED      =      1413.7270
 UB     =         0.0000  IMP     =         0.0000  CMAP       =       251.4436
 1-4 NB =      1177.9571  1-4 EEL =     15272.1639  VDWAALS    =     40999.0142
 EELEC  =   -365887.8511  EHBOND  =         0.0000  RESTRAINT  =         0.0000
 ------------------------------------------------------------------------------

wrapping first mol.:       76.60133      -54.16531       93.81709

 NSTEP =  2120000   TIME(PS) =  489279.998  TEMP(K) =   311.11  PRESS =     0.0
 Etot   =   -238977.1527  EKtot   =     63353.5430  EPtot      =   -302330.6956
 BOND   =      2041.4526  ANGLE   =      2491.1571  DIHED      =      1379.0449
 UB     =         0.0000  IMP     =         0.0000  CMAP       =       252.5592
 1-4 NB =      1180.5740  1-4 EEL =     15375.9916  VDWAALS    =     41267.3607
 EELEC  =   -366318.8358  EHBOND  =         0.0000  RESTRAINT  =         0.0000
 ------------------------------------------------------------------------------

wrapping first mol.:       76.60133      -54.16531       93.81709

 NSTEP =  2140000   TIME(PS) =  489319.998  TEMP(K) =   309.05  PRESS =     0.0
 Etot   =   -238463.4934  EKtot   =     62933.5234  EPtot      =   -301397.0168
 BOND   =      2099.2229  ANGLE   =      2381.8119  DIHED      =      1373.7447
 UB     =         0.0000  IMP     =         0.0000  CMAP       =       252.9075
 1-4 NB =      1159.6319  1-4 EEL =     15320.1324  VDWAALS    =     40475.6867
 EELEC  =   -364460.1549  EHBOND  =         0.0000  RESTRAINT  =         0.0000
 ------------------------------------------------------------------------------

wrapping first mol.:       76.60133      -54.16531       93.81709

 NSTEP =  2160000   TIME(PS) =  489359.998  TEMP(K) =   308.34  PRESS =     0.0
 Etot   =   -239171.0326  EKtot   =     62789.2422  EPtot      =   -301960.2748
 BOND   =      2076.2992  ANGLE   =      2418.1236  DIHED      =      1379.4146
 UB     =         0.0000  IMP     =         0.0000  CMAP       =       245.5288
 1-4 NB =      1188.3733  1-4 EEL =     15438.8427  VDWAALS    =     40913.3487
 EELEC  =   -365620.2058  EHBOND  =         0.0000  RESTRAINT  =         0.0000
 ------------------------------------------------------------------------------

wrapping first mol.:       76.60133      -54.16531       93.81709

 NSTEP =  2180000   TIME(PS) =  489399.998  TEMP(K) =   309.02  PRESS =     0.0
 Etot   =   -239237.1040  EKtot   =     62927.8750  EPtot      =   -302164.9790
 BOND   =      2084.9582  ANGLE   =      2390.0285  DIHED      =      1396.7829
 UB     =         0.0000  IMP     =         0.0000  CMAP       =       247.2846
 1-4 NB =      1165.6920  1-4 EEL =     15362.4359  VDWAALS    =     40059.9806
 EELEC  =   -364872.1417  EHBOND  =         0.0000  RESTRAINT  =         0.0000
 ------------------------------------------------------------------------------

wrapping first mol.:       76.60133      -54.16531       93.81709

 NSTEP =  2200000   TIME(PS) =  489439.998  TEMP(K) =   311.17  PRESS =     0.0
 Etot   =   -238363.7263  EKtot   =     63365.6602  EPtot      =   -301729.3865
 BOND   =      2062.2723  ANGLE   =      2431.0594  DIHED      =      1413.7050
 UB     =         0.0000  IMP     =         0.0000  CMAP       =       241.2456
 1-4 NB =      1194.4071  1-4 EEL =     15344.8847  VDWAALS    =     40934.6464
 EELEC  =   -365351.6070  EHBOND  =         0.0000  RESTRAINT  =         0.0000
 ------------------------------------------------------------------------------

wrapping first mol.:       76.60133      -54.16531       93.81709

 NSTEP =  2220000   TIME(PS) =  489479.998  TEMP(K) =   310.24  PRESS =     0.0
 Etot   =   -238598.5897  EKtot   =     63175.1445  EPtot      =   -301773.7342
 BOND   =      2102.0563  ANGLE   =      2443.2301  DIHED      =      1415.9923
 UB     =         0.0000  IMP     =         0.0000  CMAP       =       254.5624
 1-4 NB =      1192.0882  1-4 EEL =     15413.9054  VDWAALS    =     40746.6182
 EELEC  =   -365342.1873  EHBOND  =         0.0000  RESTRAINT  =         0.0000
 ------------------------------------------------------------------------------

wrapping first mol.:       76.60133      -54.16531       93.81709

 NSTEP =  2240000   TIME(PS) =  489519.998  TEMP(K) =   308.63  PRESS =     0.0
 Etot   =   -238954.6052  EKtot   =     62848.8594  EPtot      =   -301803.4646
 BOND   =      2024.6698  ANGLE   =      2465.8138  DIHED      =      1427.8483
 UB     =         0.0000  IMP     =         0.0000  CMAP       =       234.0466
 1-4 NB =      1184.7360  1-4 EEL =     15417.1046  VDWAALS    =     40794.9084
 EELEC  =   -365352.5922  EHBOND  =         0.0000  RESTRAINT  =         0.0000
 ------------------------------------------------------------------------------

wrapping first mol.:       76.60133      -54.16531       93.81709

 NSTEP =  2260000   TIME(PS) =  489559.998  TEMP(K) =   309.10  PRESS =     0.0
 Etot   =   -239329.6287  EKtot   =     62943.1641  EPtot      =   -302272.7928
 BOND   =      2145.1252  ANGLE   =      2464.9784  DIHED      =      1391.3132
 UB     =         0.0000  IMP     =         0.0000  CMAP       =       224.0420
 1-4 NB =      1169.1792  1-4 EEL =     15320.1928  VDWAALS    =     40643.2154
 EELEC  =   -365630.8389  EHBOND  =         0.0000  RESTRAINT  =         0.0000
 ------------------------------------------------------------------------------

wrapping first mol.:       76.60133      -54.16531       93.81709

 NSTEP =  2280000   TIME(PS) =  489599.998  TEMP(K) =   309.05  PRESS =     0.0
 Etot   =   -238712.0465  EKtot   =     62933.4414  EPtot      =   -301645.4879
 BOND   =      2087.4666  ANGLE   =      2514.1616  DIHED      =      1398.9502
 UB     =         0.0000  IMP     =         0.0000  CMAP       =       239.0481
 1-4 NB =      1160.7424  1-4 EEL =     15331.6592  VDWAALS    =     40331.6673
 EELEC  =   -364709.1832  EHBOND  =         0.0000  RESTRAINT  =         0.0000
 ------------------------------------------------------------------------------

wrapping first mol.:       76.60133      -54.16531       93.81709

 NSTEP =  2300000   TIME(PS) =  489639.998  TEMP(K) =   310.50  PRESS =     0.0
 Etot   =   -238679.4309  EKtot   =     63228.2578  EPtot      =   -301907.6887
 BOND   =      2110.4440  ANGLE   =      2358.9776  DIHED      =      1393.0123
 UB     =         0.0000  IMP     =         0.0000  CMAP       =       232.8081
 1-4 NB =      1175.3026  1-4 EEL =     15324.5087  VDWAALS    =     40564.3848
 EELEC  =   -365067.1269  EHBOND  =         0.0000  RESTRAINT  =         0.0000
 ------------------------------------------------------------------------------

wrapping first mol.:       76.60133      -54.16531       93.81709

 NSTEP =  2320000   TIME(PS) =  489679.998  TEMP(K) =   308.40  PRESS =     0.0
 Etot   =   -238796.1239  EKtot   =     62800.6758  EPtot      =   -301596.7997
 BOND   =      2095.6087  ANGLE   =      2388.5671  DIHED      =      1429.5694
 UB     =         0.0000  IMP     =         0.0000  CMAP       =       229.1824
 1-4 NB =      1172.4521  1-4 EEL =     15345.7375  VDWAALS    =     40443.3812
 EELEC  =   -364701.2980  EHBOND  =         0.0000  RESTRAINT  =         0.0000
 ------------------------------------------------------------------------------

wrapping first mol.:       76.60133      -54.16531       93.81709

 NSTEP =  2340000   TIME(PS) =  489719.998  TEMP(K) =   308.43  PRESS =     0.0
 Etot   =   -239281.4546  EKtot   =     62808.2734  EPtot      =   -302089.7281
 BOND   =      2129.6932  ANGLE   =      2477.0190  DIHED      =      1395.9480
 UB     =         0.0000  IMP     =         0.0000  CMAP       =       239.4831
 1-4 NB =      1168.3377  1-4 EEL =     15335.8092  VDWAALS    =     40346.6489
 EELEC  =   -365182.6673  EHBOND  =         0.0000  RESTRAINT  =         0.0000
 ------------------------------------------------------------------------------

wrapping first mol.:       76.60133      -54.16531       93.81709

 NSTEP =  2360000   TIME(PS) =  489759.998  TEMP(K) =   310.16  PRESS =     0.0
 Etot   =   -238796.3699  EKtot   =     63159.4219  EPtot      =   -301955.7917
 BOND   =      2105.0851  ANGLE   =      2401.5090  DIHED      =      1415.6311
 UB     =         0.0000  IMP     =         0.0000  CMAP       =       235.9820
 1-4 NB =      1181.7232  1-4 EEL =     15348.7389  VDWAALS    =     40376.2814
 EELEC  =   -365020.7423  EHBOND  =         0.0000  RESTRAINT  =         0.0000
 ------------------------------------------------------------------------------

wrapping first mol.:       76.60133      -54.16531       93.81709

 NSTEP =  2380000   TIME(PS) =  489799.998  TEMP(K) =   310.21  PRESS =     0.0
 Etot   =   -238893.8618  EKtot   =     63169.8789  EPtot      =   -302063.7407
 BOND   =      2059.6409  ANGLE   =      2412.0874  DIHED      =      1421.4487
 UB     =         0.0000  IMP     =         0.0000  CMAP       =       246.3061
 1-4 NB =      1164.4781  1-4 EEL =     15333.7804  VDWAALS    =     40511.3677
 EELEC  =   -365212.8499  EHBOND  =         0.0000  RESTRAINT  =         0.0000
 ------------------------------------------------------------------------------

wrapping first mol.:       76.60133      -54.16531       93.81709

 NSTEP =  2400000   TIME(PS) =  489839.998  TEMP(K) =   309.76  PRESS =     0.0
 Etot   =   -239123.3917  EKtot   =     63078.2383  EPtot      =   -302201.6299
 BOND   =      2053.6594  ANGLE   =      2415.0686  DIHED      =      1426.5538
 UB     =         0.0000  IMP     =         0.0000  CMAP       =       257.4516
 1-4 NB =      1184.5616  1-4 EEL =     15331.6297  VDWAALS    =     40562.9173
 EELEC  =   -365433.4718  EHBOND  =         0.0000  RESTRAINT  =         0.0000
 ------------------------------------------------------------------------------

wrapping first mol.:       76.60133      -54.16531       93.81709

 NSTEP =  2420000   TIME(PS) =  489879.998  TEMP(K) =   309.97  PRESS =     0.0
 Etot   =   -238922.0091  EKtot   =     63121.6836  EPtot      =   -302043.6927
 BOND   =      2140.5301  ANGLE   =      2547.3478  DIHED      =      1370.8929
 UB     =         0.0000  IMP     =         0.0000  CMAP       =       249.7155
 1-4 NB =      1177.3045  1-4 EEL =     15307.1903  VDWAALS    =     40814.0981
 EELEC  =   -365650.7719  EHBOND  =         0.0000  RESTRAINT  =         0.0000
 ------------------------------------------------------------------------------

wrapping first mol.:       76.60133      -54.16531       93.81709

 NSTEP =  2440000   TIME(PS) =  489919.998  TEMP(K) =   310.01  PRESS =     0.0
 Etot   =   -238834.8922  EKtot   =     63128.5117  EPtot      =   -301963.4039
 BOND   =      2063.0556  ANGLE   =      2403.7453  DIHED      =      1423.1512
 UB     =         0.0000  IMP     =         0.0000  CMAP       =       223.4433
 1-4 NB =      1183.4446  1-4 EEL =     15368.5042  VDWAALS    =     40810.7137
 EELEC  =   -365439.4618  EHBOND  =         0.0000  RESTRAINT  =         0.0000
 ------------------------------------------------------------------------------

wrapping first mol.:       76.60133      -54.16531       93.81709

 NSTEP =  2460000   TIME(PS) =  489959.998  TEMP(K) =   309.41  PRESS =     0.0
 Etot   =   -239161.5879  EKtot   =     63007.4062  EPtot      =   -302168.9942
 BOND   =      2025.9608  ANGLE   =      2474.8145  DIHED      =      1412.2760
 UB     =         0.0000  IMP     =         0.0000  CMAP       =       223.8437
 1-4 NB =      1212.3515  1-4 EEL =     15409.6858  VDWAALS    =     40503.6469
 EELEC  =   -365431.5734  EHBOND  =         0.0000  RESTRAINT  =         0.0000
 ------------------------------------------------------------------------------

wrapping first mol.:       76.60133      -54.16531       93.81709

 NSTEP =  2480000   TIME(PS) =  489999.998  TEMP(K) =   310.20  PRESS =     0.0
 Etot   =   -238991.0569  EKtot   =     63167.9414  EPtot      =   -302158.9983
 BOND   =      2102.4649  ANGLE   =      2442.8388  DIHED      =      1416.9536
 UB     =         0.0000  IMP     =         0.0000  CMAP       =       238.4782
 1-4 NB =      1190.3141  1-4 EEL =     15379.1668  VDWAALS    =     40367.6273
 EELEC  =   -365296.8420  EHBOND  =         0.0000  RESTRAINT  =         0.0000
 ------------------------------------------------------------------------------

wrapping first mol.:       76.60133      -54.16531       93.81709
wrapping first mol.:       76.60133      -54.16531       93.81709

 NSTEP =  2500000   TIME(PS) =  490039.998  TEMP(K) =   310.66  PRESS =     0.0
 Etot   =   -238990.3247  EKtot   =     63260.8047  EPtot      =   -302251.1294
 BOND   =      2045.2320  ANGLE   =      2441.9504  DIHED      =      1350.8886
 UB     =         0.0000  IMP     =         0.0000  CMAP       =       237.6024
 1-4 NB =      1192.6146  1-4 EEL =     15384.0276  VDWAALS    =     41064.2802
 EELEC  =   -365967.7253  EHBOND  =         0.0000  RESTRAINT  =         0.0000
 ------------------------------------------------------------------------------


      A V E R A G E S   O V E R     125 S T E P S


 NSTEP =  2500000   TIME(PS) =  490039.998  TEMP(K) =   310.00  PRESS =     0.0
 Etot   =   -238789.6971  EKtot   =     63127.9900  EPtot      =   -301917.6871
 BOND   =      2094.2242  ANGLE   =      2421.9484  DIHED      =      1406.8904
 UB     =         0.0000  IMP     =         0.0000  CMAP       =       243.8687
 1-4 NB =      1175.2643  1-4 EEL =     15380.1165  VDWAALS    =     40674.8546
 EELEC  =   -365314.8541  EHBOND  =         0.0000  RESTRAINT  =         0.0000
 ------------------------------------------------------------------------------


      R M S  F L U C T U A T I O N S


 NSTEP =  2500000   TIME(PS) =  490039.998  TEMP(K) =     0.91  PRESS =     0.0
 Etot   =       321.8643  EKtot   =       184.7948  EPtot      =       258.0330
 BOND   =        31.4750  ANGLE   =        44.3870  DIHED      =        20.4802
 UB     =         0.0000  IMP     =         0.0000  CMAP       =        10.9328
 1-4 NB =        14.1476  1-4 EEL =        46.1594  VDWAALS    =       275.9525
 EELEC  =       418.9376  EHBOND  =         0.0000  RESTRAINT  =         0.0000
 ------------------------------------------------------------------------------

--------------------------------------------------------------------------------
   5.  TIMINGS
--------------------------------------------------------------------------------

|  NonSetup CPU Time in Major Routines:
|
|     Routine           Sec        %
|     ------------------------------
|     Nonbond         145.35   10.85
|     Bond              0.00    0.00
|     Angle             0.00    0.00
|     Dihedral          0.00    0.00
|     Shake             9.48    0.71
|     RunMD          1182.65   88.28
|     Other             2.16    0.16
|     ------------------------------
|     Total          1339.65

|  PME Nonbond Pairlist CPU Time:
|
|     Routine              Sec        %
|     ---------------------------------
|     Set Up Cit           0.00    0.00
|     Build List           0.00    0.00
|     ---------------------------------
|     Total                0.00    0.00

|  PME Direct Force CPU Time:
|
|     Routine              Sec        %
|     ---------------------------------
|     NonBonded Calc       0.00    0.00
|     Exclude Masked       0.00    0.00
|     Other                1.36    0.10
|     ---------------------------------
|     Total                1.36    0.10

|  PME Reciprocal Force CPU Time:
|
|     Routine              Sec        %
|     ---------------------------------
|     1D bspline           0.00    0.00
|     Grid Charges         0.00    0.00
|     Scalar Sum           0.00    0.00
|     Gradient Sum         0.00    0.00
|     FFT                  0.00    0.00
|     ---------------------------------
|     Total                0.00    0.00

|  Final Performance Info:
|     -----------------------------------------------------
|     Average timings for last   80000 steps:
|     Elapsed(s) =      42.99 Per Step(ms) =       0.54
|         ns/day =     321.53   seconds/ns =     268.71
|
|     Average timings for all steps:
|     Elapsed(s) =    1341.65 Per Step(ms) =       0.54
|         ns/day =     321.99   seconds/ns =     268.33
|     -----------------------------------------------------

|  Setup CPU time:            1.10 seconds
|  NonSetup CPU time:      1339.65 seconds
|  Total CPU time:         1340.75 seconds     0.37 hours

|  Setup wall time:           1    seconds
|  NonSetup wall time:     1342    seconds
|  Total wall time:        1343    seconds     0.37 hours
