
          -------------------------------------------------------
          Amber 24 PMEMD                              2024
          -------------------------------------------------------

| PMEMD implementation of SANDER, Release 24

|  Compiled date/time: Thu Apr  3 17:55:38 2025
| Run on 10/31/2025 at 08:23:30

|   Executable path: pmemd.cuda_SPFP
| Working directory: /rs1/researchers/h/hall/vtnguye4/Amber_restart/cappedP1amber/P1_Simulation
|          Hostname: gpu20

  [-O]verwriting output

File Assignments:
|   MDIN: /rs1/researchers/h/hall/vtnguye4/Amber_restart/cappedP1amber/equil.in 
|  MDOUT: ./OUT_Files/equil38.out                                               
| INPCRD: ./RST_Files/equil37.rst7                                              
|   PARM: ./PRMTOP_Files/P1.prmtop                                              
| RESTRT: ./RST_Files/equil38.rst7                                              
|   REFC: refc                                                                  
|  MDVEL: mdvel                                                                 
|   MDEN: mden                                                                  
|  MDCRD: ./nc_Files/equil38.nc                                                 
| MDINFO: mdinfo                                                                
|  MDFRC: mdfrc                                                                 


 Here is the input file:

!Stage equilibration 5ns                                                       
&cntrl                                                                         
imin=0, irest=1, ntx=5,                                                        
nstlim=2500000, dt=0.002,                                                      
ntc=2, ntf=2, ig=-1,                                                           
ntt=3, gamma_ln=2.0,                                                           
tempi=310.0, temp0=310.0,                                                      
ntxo=2, ioutfm=1,                                                              
ntpr=20000, ntwx=20000,                                                        
ntb=1,                                                                         
cut=9.0,                                                                       
iwrap=1,                                                                       
/                                                                              


Note: ig = -1. Setting random seed to   223410 based on wallclock time in 
      microseconds.
| irandom = 1, using AMBER's internal random number generator (default).
 
|--------------------- INFORMATION ----------------------
| GPU (CUDA) Version of PMEMD in use: NVIDIA GPU IN USE.
|                    Version 18.0.0
| 
|                      03/25/2018
| 
| Implementation by:
|                    Ross C. Walker     (SDSC)
|                    Scott Le Grand     (nVIDIA)
| 
| Version 18 performance extensions by:
|                    David Cerutti     (Rutgers)
| 
| Precision model in use:
|      [SPFP] - Single Precision Forces, 64-bit Fixed Point
|               Accumulation. (Default)
| 
|--------------------------------------------------------
 
|----------------- CITATION INFORMATION -----------------
|
|    When publishing work that utilized the CUDA version
|    of AMBER, please cite the following in addition to
|    the regular AMBER citations:
|
|  - Romelia Salomon-Ferrer; Andreas W. Goetz; Duncan
|    Poole; Scott Le Grand; Ross C. Walker "Routine
|    microsecond molecular dynamics simulations with
|    AMBER - Part II: Particle Mesh Ewald", J. Chem.
|    Theory Comput., 2013, 9 (9), pp3878-3888,
|    DOI: 10.1021/ct400314y.
|
|  - Andreas W. Goetz; Mark J. Williamson; Dong Xu;
|    Duncan Poole; Scott Le Grand; Ross C. Walker
|    "Routine microsecond molecular dynamics simulations
|    with AMBER - Part I: Generalized Born", J. Chem.
|    Theory Comput., 2012, 8 (5), pp1542-1555.
|
|  - Scott Le Grand; Andreas W. Goetz; Ross C. Walker
|    "SPFP: Speed without compromise - a mixed precision
|    model for GPU accelerated molecular dynamics
|    simulations.", Comp. Phys. Comm., 2013, 184
|    pp374-380, DOI: 10.1016/j.cpc.2012.09.022
|
|--------------------------------------------------------
 
|------------------- GPU DEVICE INFO --------------------
|
|            CUDA_VISIBLE_DEVICES: 0
|   CUDA Capable Devices Detected:      1
|           CUDA Device ID in use:      0
|                CUDA Device Name: NVIDIA L40S
|     CUDA Device Global Mem Size:  45487 MB
| CUDA Device Num Multiprocessors:    142
|           CUDA Device Core Freq:   2.52 GHz
|
|--------------------------------------------------------
 
 
| Conditional Compilation Defines Used:
| PUBFFT
| BINTRAJ
| CUDA
| EMIL

| Largest sphere to fit in unit cell has radius =    46.909

| New format PARM file being parsed.
| Version =    1.000 Date = 10/28/25 Time = 16:56:02

| Note: 1-4 EEL scale factors are being read from the topology file.

| Note: 1-4 VDW scale factors are being read from the topology file.
| Duplicated    0 dihedrals

| Duplicated    0 dihedrals

--------------------------------------------------------------------------------
   1.  RESOURCE   USE: 
--------------------------------------------------------------------------------

 getting box info from netcdf restart file
 NATOM  =  101202 NTYPES =      11 NBONH =   98658 MBONA  =    2544
 NTHETH =    5904 MTHETA =    3408 NPHIH =   11760 MPHIA  =   10368
 NHPARM =       0 NPARM  =       0 NNB   =  155656 NRES   =   32422
 NBONA  =    2544 NTHETA =    3408 NPHIA =   10368 NUMBND =      27
 NUMANG =      54 NPTRA  =      59 NATYP =      16 NPHB   =       0
 IFBOX  =       2 NMXRS  =      21 IFCAP =       0 NEXTRA =       0
 NCOPY  =       0

| Coordinate Index Table dimensions:    20   20   20
| Direct force subcell size =     5.7451    5.7451    5.7451

     BOX TYPE: TRUNCATED OCTAHEDRON

--------------------------------------------------------------------------------
   2.  CONTROL  DATA  FOR  THE  RUN
--------------------------------------------------------------------------------

default_name                                                                    

General flags:
     imin    =       0, nmropt  =       0

Nature and format of input:
     ntx     =       5, irest   =       1, ntrx    =       1

Nature and format of output:
     ntxo    =       2, ntpr    =   20000, ntrx    =       1, ntwr    = 2500000
     iwrap   =       1, ntwx    =   20000, ntwv    =       0, ntwe    =       0
     ioutfm  =       1, ntwprt  =       0, idecomp =       0, rbornstat=      0

Potential function:
     ntf     =       2, ntb     =       1, igb     =       0, nsnb    =      25
     ipol    =       0, gbsa    =       0, iesp    =       0
     dielc   =   1.00000, cut     =   9.00000, intdiel =   1.00000

Frozen or restrained atoms:
     ibelly  =       0, ntr     =       0

Molecular dynamics:
     nstlim  =   2500000, nscm    =      1000, nrespa  =         1
     t       =   0.00000, dt      =   0.00200, vlimit  =  -1.00000

Langevin dynamics temperature regulation:
     ig      =  223410
     temp0   = 310.00000, tempi   = 310.00000, gamma_ln=   2.00000

SHAKE:
     ntc     =       2, jfastw  =       0
     tol     =   0.00001

| Intermolecular bonds treatment:
|     no_intermolecular_bonds =       1

| Energy averages sample interval:
|     ene_avg_sampling =   20000

Ewald parameters:
     verbose =       0, ew_type =       0, nbflag  =       1, use_pme =       1
     vdwmeth =       1, eedmeth =       1, netfrc  =       1
     Box X =  114.902   Box Y =  114.902   Box Z =  114.902
     Alpha =  109.471   Beta  =  109.471   Gamma =  109.471
     NFFT1 =  120       NFFT2 =  120       NFFT3 =  120
     Cutoff=    9.000   Tol   =0.100E-04
     Ewald Coefficient =  0.30768
     Interpolation order =    4

--------------------------------------------------------------------------------
   3.  ATOMIC COORDINATES AND VELOCITIES
--------------------------------------------------------------------------------

default_name                                                                    
 begin time read from input coords =185040.000 ps

 
 Number of triangulated 3-point waters found:    31990

     Sum of charges from parm topology file =  -0.00000047
     Forcing neutrality...

| Dynamic Memory, Types Used:
| Reals             3080462
| Integers          3650456

| Nonbonded Pairs Initial Allocation:    23074056

| GPU memory information (estimate):
| KB of GPU memory in use:    789634
| KB of CPU memory in use:    210424

--------------------------------------------------------------------------------
   4.  RESULTS
--------------------------------------------------------------------------------

wrapping first mol.:       76.60133      -54.16531       93.81709

 NSTEP =    20000   TIME(PS) =  185080.000  TEMP(K) =   311.04  PRESS =     0.0
 Etot   =   -238408.9071  EKtot   =     63338.7812  EPtot      =   -301747.6883
 BOND   =      2030.1927  ANGLE   =      2406.5162  DIHED      =      1420.3077
 UB     =         0.0000  IMP     =         0.0000  CMAP       =       243.5069
 1-4 NB =      1157.7607  1-4 EEL =     15484.9533  VDWAALS    =     40530.3235
 EELEC  =   -365021.2493  EHBOND  =         0.0000  RESTRAINT  =         0.0000
 ------------------------------------------------------------------------------

wrapping first mol.:       76.60133      -54.16531       93.81709

 NSTEP =    40000   TIME(PS) =  185120.000  TEMP(K) =   309.74  PRESS =     0.0
 Etot   =   -238952.5945  EKtot   =     63073.1211  EPtot      =   -302025.7155
 BOND   =      2125.2040  ANGLE   =      2397.2380  DIHED      =      1410.1449
 UB     =         0.0000  IMP     =         0.0000  CMAP       =       245.7906
 1-4 NB =      1157.0184  1-4 EEL =     15459.5480  VDWAALS    =     40862.5253
 EELEC  =   -365683.1847  EHBOND  =         0.0000  RESTRAINT  =         0.0000
 ------------------------------------------------------------------------------

wrapping first mol.:       76.60133      -54.16531       93.81709

 NSTEP =    60000   TIME(PS) =  185160.000  TEMP(K) =   312.41  PRESS =     0.0
 Etot   =   -238378.7865  EKtot   =     63618.6836  EPtot      =   -301997.4701
 BOND   =      2058.6708  ANGLE   =      2373.7713  DIHED      =      1443.9033
 UB     =         0.0000  IMP     =         0.0000  CMAP       =       244.6256
 1-4 NB =      1185.2036  1-4 EEL =     15496.6012  VDWAALS    =     40566.0657
 EELEC  =   -365366.3116  EHBOND  =         0.0000  RESTRAINT  =         0.0000
 ------------------------------------------------------------------------------

wrapping first mol.:       76.60133      -54.16531       93.81709

 NSTEP =    80000   TIME(PS) =  185200.000  TEMP(K) =   310.11  PRESS =     0.0
 Etot   =   -239289.2031  EKtot   =     63148.4609  EPtot      =   -302437.6641
 BOND   =      2071.8142  ANGLE   =      2404.5603  DIHED      =      1423.2601
 UB     =         0.0000  IMP     =         0.0000  CMAP       =       242.8769
 1-4 NB =      1170.4617  1-4 EEL =     15462.7514  VDWAALS    =     40791.2777
 EELEC  =   -366004.6665  EHBOND  =         0.0000  RESTRAINT  =         0.0000
 ------------------------------------------------------------------------------

wrapping first mol.:       76.60133      -54.16531       93.81709

 NSTEP =   100000   TIME(PS) =  185240.000  TEMP(K) =   309.34  PRESS =     0.0
 Etot   =   -238741.6182  EKtot   =     62992.6562  EPtot      =   -301734.2744
 BOND   =      2090.7705  ANGLE   =      2441.6810  DIHED      =      1428.7232
 UB     =         0.0000  IMP     =         0.0000  CMAP       =       235.3805
 1-4 NB =      1167.1293  1-4 EEL =     15403.5163  VDWAALS    =     40351.5064
 EELEC  =   -364852.9817  EHBOND  =         0.0000  RESTRAINT  =         0.0000
 ------------------------------------------------------------------------------

wrapping first mol.:      -38.30066      -54.16531       93.81709

 NSTEP =   120000   TIME(PS) =  185280.000  TEMP(K) =   309.52  PRESS =     0.0
 Etot   =   -239026.2260  EKtot   =     63029.3281  EPtot      =   -302055.5541
 BOND   =      2038.2976  ANGLE   =      2447.8661  DIHED      =      1404.3641
 UB     =         0.0000  IMP     =         0.0000  CMAP       =       229.2137
 1-4 NB =      1185.1581  1-4 EEL =     15424.9701  VDWAALS    =     41272.6168
 EELEC  =   -366058.0406  EHBOND  =         0.0000  RESTRAINT  =         0.0000
 ------------------------------------------------------------------------------

wrapping first mol.:      -38.30066      -54.16531       93.81709

 NSTEP =   140000   TIME(PS) =  185320.000  TEMP(K) =   309.17  PRESS =     0.0
 Etot   =   -239470.6134  EKtot   =     62958.2852  EPtot      =   -302428.8985
 BOND   =      2099.0746  ANGLE   =      2419.3205  DIHED      =      1436.2979
 UB     =         0.0000  IMP     =         0.0000  CMAP       =       225.9544
 1-4 NB =      1175.2648  1-4 EEL =     15461.7007  VDWAALS    =     40704.2043
 EELEC  =   -365950.7157  EHBOND  =         0.0000  RESTRAINT  =         0.0000
 ------------------------------------------------------------------------------

wrapping first mol.:      -38.30066      -54.16531       93.81709

 NSTEP =   160000   TIME(PS) =  185360.000  TEMP(K) =   309.51  PRESS =     0.0
 Etot   =   -238672.9352  EKtot   =     63027.9258  EPtot      =   -301700.8609
 BOND   =      2086.9492  ANGLE   =      2425.3273  DIHED      =      1453.1016
 UB     =         0.0000  IMP     =         0.0000  CMAP       =       225.0753
 1-4 NB =      1192.3195  1-4 EEL =     15413.4671  VDWAALS    =     41070.0537
 EELEC  =   -365567.1546  EHBOND  =         0.0000  RESTRAINT  =         0.0000
 ------------------------------------------------------------------------------

wrapping first mol.:      -38.30066      -54.16531       93.81709

 NSTEP =   180000   TIME(PS) =  185400.000  TEMP(K) =   309.78  PRESS =     0.0
 Etot   =   -239088.6519  EKtot   =     63081.8516  EPtot      =   -302170.5034
 BOND   =      2038.5174  ANGLE   =      2392.5638  DIHED      =      1426.3440
 UB     =         0.0000  IMP     =         0.0000  CMAP       =       269.3447
 1-4 NB =      1177.3152  1-4 EEL =     15442.8569  VDWAALS    =     40590.2418
 EELEC  =   -365507.6871  EHBOND  =         0.0000  RESTRAINT  =         0.0000
 ------------------------------------------------------------------------------

wrapping first mol.:       76.60133      -54.16531       93.81709

 NSTEP =   200000   TIME(PS) =  185440.000  TEMP(K) =   309.10  PRESS =     0.0
 Etot   =   -239147.8431  EKtot   =     62942.8203  EPtot      =   -302090.6634
 BOND   =      2116.4653  ANGLE   =      2355.7486  DIHED      =      1377.7443
 UB     =         0.0000  IMP     =         0.0000  CMAP       =       242.6073
 1-4 NB =      1184.5354  1-4 EEL =     15382.8475  VDWAALS    =     40274.4169
 EELEC  =   -365025.0286  EHBOND  =         0.0000  RESTRAINT  =         0.0000
 ------------------------------------------------------------------------------

wrapping first mol.:       76.60133      -54.16531       93.81709

 NSTEP =   220000   TIME(PS) =  185480.000  TEMP(K) =   312.36  PRESS =     0.0
 Etot   =   -239096.6599  EKtot   =     63606.6641  EPtot      =   -302703.3239
 BOND   =      2088.8029  ANGLE   =      2431.7621  DIHED      =      1425.5912
 UB     =         0.0000  IMP     =         0.0000  CMAP       =       218.4052
 1-4 NB =      1153.5070  1-4 EEL =     15474.7149  VDWAALS    =     40958.4008
 EELEC  =   -366454.5081  EHBOND  =         0.0000  RESTRAINT  =         0.0000
 ------------------------------------------------------------------------------

wrapping first mol.:       76.60133      -54.16531       93.81709

 NSTEP =   240000   TIME(PS) =  185520.000  TEMP(K) =   309.16  PRESS =     0.0
 Etot   =   -239105.9099  EKtot   =     62956.9570  EPtot      =   -302062.8669
 BOND   =      2092.0893  ANGLE   =      2412.0700  DIHED      =      1402.4554
 UB     =         0.0000  IMP     =         0.0000  CMAP       =       232.4099
 1-4 NB =      1171.0511  1-4 EEL =     15401.3649  VDWAALS    =     40472.2235
 EELEC  =   -365246.5311  EHBOND  =         0.0000  RESTRAINT  =         0.0000
 ------------------------------------------------------------------------------

wrapping first mol.:       76.60133      -54.16531       93.81709

 NSTEP =   260000   TIME(PS) =  185560.000  TEMP(K) =   311.40  PRESS =     0.0
 Etot   =   -238780.7740  EKtot   =     63411.4609  EPtot      =   -302192.2350
 BOND   =      2110.3305  ANGLE   =      2418.3772  DIHED      =      1417.6265
 UB     =         0.0000  IMP     =         0.0000  CMAP       =       235.6612
 1-4 NB =      1147.1243  1-4 EEL =     15474.9123  VDWAALS    =     40989.8287
 EELEC  =   -365986.0956  EHBOND  =         0.0000  RESTRAINT  =         0.0000
 ------------------------------------------------------------------------------

wrapping first mol.:       76.60133      -54.16531       93.81709

 NSTEP =   280000   TIME(PS) =  185600.000  TEMP(K) =   310.38  PRESS =     0.0
 Etot   =   -239281.6775  EKtot   =     63204.8750  EPtot      =   -302486.5525
 BOND   =      2135.7516  ANGLE   =      2425.6663  DIHED      =      1428.3997
 UB     =         0.0000  IMP     =         0.0000  CMAP       =       242.1602
 1-4 NB =      1176.0407  1-4 EEL =     15463.0676  VDWAALS    =     41236.6608
 EELEC  =   -366594.2994  EHBOND  =         0.0000  RESTRAINT  =         0.0000
 ------------------------------------------------------------------------------

wrapping first mol.:       76.60133      -54.16531       93.81709

 NSTEP =   300000   TIME(PS) =  185640.000  TEMP(K) =   309.74  PRESS =     0.0
 Etot   =   -238856.6697  EKtot   =     63074.0469  EPtot      =   -301930.7166
 BOND   =      2120.8412  ANGLE   =      2445.6343  DIHED      =      1409.1576
 UB     =         0.0000  IMP     =         0.0000  CMAP       =       237.5361
 1-4 NB =      1162.4536  1-4 EEL =     15455.4183  VDWAALS    =     40305.0122
 EELEC  =   -365066.7698  EHBOND  =         0.0000  RESTRAINT  =         0.0000
 ------------------------------------------------------------------------------

wrapping first mol.:       76.60133      -54.16531       93.81709

 NSTEP =   320000   TIME(PS) =  185680.000  TEMP(K) =   306.91  PRESS =     0.0
 Etot   =   -239260.4957  EKtot   =     62498.4258  EPtot      =   -301758.9215
 BOND   =      2062.0666  ANGLE   =      2434.1153  DIHED      =      1378.3696
 UB     =         0.0000  IMP     =         0.0000  CMAP       =       226.9535
 1-4 NB =      1188.9715  1-4 EEL =     15462.3279  VDWAALS    =     41084.4861
 EELEC  =   -365596.2120  EHBOND  =         0.0000  RESTRAINT  =         0.0000
 ------------------------------------------------------------------------------

wrapping first mol.:       76.60133      -54.16531       93.81709

 NSTEP =   340000   TIME(PS) =  185720.000  TEMP(K) =   309.86  PRESS =     0.0
 Etot   =   -238692.1085  EKtot   =     63099.3750  EPtot      =   -301791.4835
 BOND   =      2062.6979  ANGLE   =      2382.7600  DIHED      =      1416.3706
 UB     =         0.0000  IMP     =         0.0000  CMAP       =       229.5466
 1-4 NB =      1162.6256  1-4 EEL =     15419.6446  VDWAALS    =     40876.0517
 EELEC  =   -365341.1804  EHBOND  =         0.0000  RESTRAINT  =         0.0000
 ------------------------------------------------------------------------------

wrapping first mol.:       76.60133      -54.16531       93.81709

 NSTEP =   360000   TIME(PS) =  185760.000  TEMP(K) =   310.38  PRESS =     0.0
 Etot   =   -238983.9719  EKtot   =     63204.1875  EPtot      =   -302188.1594
 BOND   =      2086.8505  ANGLE   =      2443.3026  DIHED      =      1400.0058
 UB     =         0.0000  IMP     =         0.0000  CMAP       =       248.5319
 1-4 NB =      1210.2769  1-4 EEL =     15414.4756  VDWAALS    =     40739.1280
 EELEC  =   -365730.7306  EHBOND  =         0.0000  RESTRAINT  =         0.0000
 ------------------------------------------------------------------------------

wrapping first mol.:       76.60133      -54.16531       93.81709

 NSTEP =   380000   TIME(PS) =  185800.000  TEMP(K) =   310.39  PRESS =     0.0
 Etot   =   -238573.7616  EKtot   =     63206.7031  EPtot      =   -301780.4648
 BOND   =      2088.0959  ANGLE   =      2444.4515  DIHED      =      1387.9940
 UB     =         0.0000  IMP     =         0.0000  CMAP       =       246.4312
 1-4 NB =      1161.7418  1-4 EEL =     15399.9928  VDWAALS    =     39871.3201
 EELEC  =   -364380.4919  EHBOND  =         0.0000  RESTRAINT  =         0.0000
 ------------------------------------------------------------------------------

wrapping first mol.:       76.60133      -54.16531       93.81709

 NSTEP =   400000   TIME(PS) =  185840.000  TEMP(K) =   310.55  PRESS =     0.0
 Etot   =   -238959.0043  EKtot   =     63238.7695  EPtot      =   -302197.7739
 BOND   =      2123.9507  ANGLE   =      2424.4101  DIHED      =      1415.4403
 UB     =         0.0000  IMP     =         0.0000  CMAP       =       229.5937
 1-4 NB =      1168.6395  1-4 EEL =     15423.4110  VDWAALS    =     40824.8812
 EELEC  =   -365808.1003  EHBOND  =         0.0000  RESTRAINT  =         0.0000
 ------------------------------------------------------------------------------

wrapping first mol.:       76.60133      -54.16531       93.81709

 NSTEP =   420000   TIME(PS) =  185880.000  TEMP(K) =   308.80  PRESS =     0.0
 Etot   =   -238911.6602  EKtot   =     62882.1953  EPtot      =   -301793.8555
 BOND   =      2196.9239  ANGLE   =      2440.8927  DIHED      =      1431.1379
 UB     =         0.0000  IMP     =         0.0000  CMAP       =       231.2513
 1-4 NB =      1155.1736  1-4 EEL =     15368.8315  VDWAALS    =     41323.9654
 EELEC  =   -365942.0318  EHBOND  =         0.0000  RESTRAINT  =         0.0000
 ------------------------------------------------------------------------------

wrapping first mol.:       76.60133      -54.16531       93.81709

 NSTEP =   440000   TIME(PS) =  185920.000  TEMP(K) =   309.45  PRESS =     0.0
 Etot   =   -238900.5715  EKtot   =     63014.6836  EPtot      =   -301915.2550
 BOND   =      2109.3112  ANGLE   =      2311.0105  DIHED      =      1435.4764
 UB     =         0.0000  IMP     =         0.0000  CMAP       =       231.2843
 1-4 NB =      1178.5431  1-4 EEL =     15350.8103  VDWAALS    =     40420.9906
 EELEC  =   -364952.6816  EHBOND  =         0.0000  RESTRAINT  =         0.0000
 ------------------------------------------------------------------------------

wrapping first mol.:       76.60133      -54.16531       93.81709

 NSTEP =   460000   TIME(PS) =  185960.000  TEMP(K) =   308.88  PRESS =     0.0
 Etot   =   -238728.5643  EKtot   =     62899.2305  EPtot      =   -301627.7948
 BOND   =      2094.1391  ANGLE   =      2448.4542  DIHED      =      1419.9474
 UB     =         0.0000  IMP     =         0.0000  CMAP       =       231.0804
 1-4 NB =      1194.0057  1-4 EEL =     15338.2456  VDWAALS    =     41106.6622
 EELEC  =   -365460.3294  EHBOND  =         0.0000  RESTRAINT  =         0.0000
 ------------------------------------------------------------------------------

wrapping first mol.:       76.60133      -54.16531       93.81709

 NSTEP =   480000   TIME(PS) =  186000.000  TEMP(K) =   310.12  PRESS =     0.0
 Etot   =   -239257.0253  EKtot   =     63150.8359  EPtot      =   -302407.8612
 BOND   =      2069.2503  ANGLE   =      2471.2160  DIHED      =      1415.2255
 UB     =         0.0000  IMP     =         0.0000  CMAP       =       238.3401
 1-4 NB =      1168.9772  1-4 EEL =     15413.3337  VDWAALS    =     40697.0044
 EELEC  =   -365881.2085  EHBOND  =         0.0000  RESTRAINT  =         0.0000
 ------------------------------------------------------------------------------

wrapping first mol.:       76.60133      -54.16531       93.81709

 NSTEP =   500000   TIME(PS) =  186040.000  TEMP(K) =   309.47  PRESS =     0.0
 Etot   =   -238621.7342  EKtot   =     63019.8516  EPtot      =   -301641.5857
 BOND   =      2106.9468  ANGLE   =      2421.2255  DIHED      =      1382.2736
 UB     =         0.0000  IMP     =         0.0000  CMAP       =       244.4924
 1-4 NB =      1178.9470  1-4 EEL =     15358.3440  VDWAALS    =     40878.3683
 EELEC  =   -365212.1833  EHBOND  =         0.0000  RESTRAINT  =         0.0000
 ------------------------------------------------------------------------------

wrapping first mol.:       76.60133      -54.16531       93.81709

 NSTEP =   520000   TIME(PS) =  186080.000  TEMP(K) =   308.08  PRESS =     0.0
 Etot   =   -238918.7688  EKtot   =     62736.9883  EPtot      =   -301655.7571
 BOND   =      2095.7683  ANGLE   =      2429.0734  DIHED      =      1384.0684
 UB     =         0.0000  IMP     =         0.0000  CMAP       =       227.5221
 1-4 NB =      1160.2057  1-4 EEL =     15436.6393  VDWAALS    =     40790.5529
 EELEC  =   -365179.5871  EHBOND  =         0.0000  RESTRAINT  =         0.0000
 ------------------------------------------------------------------------------

wrapping first mol.:       76.60133      -54.16531       93.81709

 NSTEP =   540000   TIME(PS) =  186120.000  TEMP(K) =   309.53  PRESS =     0.0
 Etot   =   -238654.9136  EKtot   =     63030.7500  EPtot      =   -301685.6636
 BOND   =      2114.4338  ANGLE   =      2368.2148  DIHED      =      1432.5362
 UB     =         0.0000  IMP     =         0.0000  CMAP       =       249.5567
 1-4 NB =      1169.1926  1-4 EEL =     15469.8391  VDWAALS    =     40540.3272
 EELEC  =   -365029.7639  EHBOND  =         0.0000  RESTRAINT  =         0.0000
 ------------------------------------------------------------------------------

wrapping first mol.:       76.60133      -54.16531       93.81709

 NSTEP =   560000   TIME(PS) =  186160.000  TEMP(K) =   311.91  PRESS =     0.0
 Etot   =   -238730.4112  EKtot   =     63515.8047  EPtot      =   -302246.2159
 BOND   =      2024.7176  ANGLE   =      2412.3204  DIHED      =      1383.3283
 UB     =         0.0000  IMP     =         0.0000  CMAP       =       243.4150
 1-4 NB =      1162.3869  1-4 EEL =     15318.0205  VDWAALS    =     40515.5814
 EELEC  =   -365305.9860  EHBOND  =         0.0000  RESTRAINT  =         0.0000
 ------------------------------------------------------------------------------

wrapping first mol.:       76.60133      -54.16531       93.81709

 NSTEP =   580000   TIME(PS) =  186200.000  TEMP(K) =   309.96  PRESS =     0.0
 Etot   =   -238439.0102  EKtot   =     63119.1211  EPtot      =   -301558.1313
 BOND   =      2048.0676  ANGLE   =      2460.9994  DIHED      =      1435.4197
 UB     =         0.0000  IMP     =         0.0000  CMAP       =       243.0638
 1-4 NB =      1202.8354  1-4 EEL =     15375.4447  VDWAALS    =     41016.7889
 EELEC  =   -365340.7509  EHBOND  =         0.0000  RESTRAINT  =         0.0000
 ------------------------------------------------------------------------------

wrapping first mol.:       76.60133      -54.16531       93.81709

 NSTEP =   600000   TIME(PS) =  186240.000  TEMP(K) =   309.83  PRESS =     0.0
 Etot   =   -239329.8706  EKtot   =     63092.6914  EPtot      =   -302422.5620
 BOND   =      2104.1701  ANGLE   =      2411.5995  DIHED      =      1417.6933
 UB     =         0.0000  IMP     =         0.0000  CMAP       =       221.2856
 1-4 NB =      1182.5196  1-4 EEL =     15425.3802  VDWAALS    =     40792.8333
 EELEC  =   -365978.0435  EHBOND  =         0.0000  RESTRAINT  =         0.0000
 ------------------------------------------------------------------------------

wrapping first mol.:       76.60133      -54.16531       93.81709

 NSTEP =   620000   TIME(PS) =  186280.000  TEMP(K) =   311.61  PRESS =     0.0
 Etot   =   -238763.7957  EKtot   =     63455.7656  EPtot      =   -302219.5613
 BOND   =      2103.9339  ANGLE   =      2448.4700  DIHED      =      1405.7417
 UB     =         0.0000  IMP     =         0.0000  CMAP       =       229.0611
 1-4 NB =      1175.9114  1-4 EEL =     15390.6762  VDWAALS    =     41007.5115
 EELEC  =   -365980.8671  EHBOND  =         0.0000  RESTRAINT  =         0.0000
 ------------------------------------------------------------------------------

wrapping first mol.:       76.60133      -54.16531       93.81709

 NSTEP =   640000   TIME(PS) =  186320.000  TEMP(K) =   308.70  PRESS =     0.0
 Etot   =   -239206.8578  EKtot   =     62861.8984  EPtot      =   -302068.7562
 BOND   =      2097.5476  ANGLE   =      2435.6919  DIHED      =      1408.9823
 UB     =         0.0000  IMP     =         0.0000  CMAP       =       226.4928
 1-4 NB =      1167.4648  1-4 EEL =     15363.1829  VDWAALS    =     41134.8641
 EELEC  =   -365902.9826  EHBOND  =         0.0000  RESTRAINT  =         0.0000
 ------------------------------------------------------------------------------

wrapping first mol.:       76.60133      -54.16531       93.81709

 NSTEP =   660000   TIME(PS) =  186360.000  TEMP(K) =   309.88  PRESS =     0.0
 Etot   =   -238781.5634  EKtot   =     63103.4844  EPtot      =   -301885.0477
 BOND   =      2118.4596  ANGLE   =      2481.1312  DIHED      =      1438.3474
 UB     =         0.0000  IMP     =         0.0000  CMAP       =       238.0180
 1-4 NB =      1173.4479  1-4 EEL =     15418.5014  VDWAALS    =     40918.6020
 EELEC  =   -365671.5553  EHBOND  =         0.0000  RESTRAINT  =         0.0000
 ------------------------------------------------------------------------------

wrapping first mol.:       76.60133      -54.16531       93.81709

 NSTEP =   680000   TIME(PS) =  186400.000  TEMP(K) =   309.35  PRESS =     0.0
 Etot   =   -238867.6004  EKtot   =     62994.2305  EPtot      =   -301861.8308
 BOND   =      2140.7297  ANGLE   =      2428.2135  DIHED      =      1400.6963
 UB     =         0.0000  IMP     =         0.0000  CMAP       =       238.5586
 1-4 NB =      1176.7074  1-4 EEL =     15422.7859  VDWAALS    =     40253.4549
 EELEC  =   -364922.9771  EHBOND  =         0.0000  RESTRAINT  =         0.0000
 ------------------------------------------------------------------------------

wrapping first mol.:       76.60133      -54.16531       93.81709

 NSTEP =   700000   TIME(PS) =  186440.000  TEMP(K) =   308.67  PRESS =     0.0
 Etot   =   -239124.1104  EKtot   =     62856.7305  EPtot      =   -301980.8409
 BOND   =      2048.6478  ANGLE   =      2435.2893  DIHED      =      1426.1745
 UB     =         0.0000  IMP     =         0.0000  CMAP       =       240.6396
 1-4 NB =      1171.9380  1-4 EEL =     15414.0884  VDWAALS    =     41003.8691
 EELEC  =   -365721.4874  EHBOND  =         0.0000  RESTRAINT  =         0.0000
 ------------------------------------------------------------------------------

wrapping first mol.:       76.60133      -54.16531       93.81709

 NSTEP =   720000   TIME(PS) =  186480.000  TEMP(K) =   308.83  PRESS =     0.0
 Etot   =   -239368.9084  EKtot   =     62889.3984  EPtot      =   -302258.3068
 BOND   =      2146.1608  ANGLE   =      2404.4754  DIHED      =      1452.9823
 UB     =         0.0000  IMP     =         0.0000  CMAP       =       232.1549
 1-4 NB =      1173.9932  1-4 EEL =     15342.7747  VDWAALS    =     40588.6149
 EELEC  =   -365599.4629  EHBOND  =         0.0000  RESTRAINT  =         0.0000
 ------------------------------------------------------------------------------

wrapping first mol.:       76.60133      -54.16531       93.81709

 NSTEP =   740000   TIME(PS) =  186520.000  TEMP(K) =   310.48  PRESS =     0.0
 Etot   =   -238773.6352  EKtot   =     63224.9336  EPtot      =   -301998.5688
 BOND   =      2037.3340  ANGLE   =      2429.1210  DIHED      =      1467.4023
 UB     =         0.0000  IMP     =         0.0000  CMAP       =       240.5859
 1-4 NB =      1177.9098  1-4 EEL =     15436.3343  VDWAALS    =     40445.5760
 EELEC  =   -365232.8321  EHBOND  =         0.0000  RESTRAINT  =         0.0000
 ------------------------------------------------------------------------------

wrapping first mol.:       76.60133      -54.16531       93.81709

 NSTEP =   760000   TIME(PS) =  186560.000  TEMP(K) =   310.30  PRESS =     0.0
 Etot   =   -238639.8536  EKtot   =     63188.4219  EPtot      =   -301828.2754
 BOND   =      2128.2795  ANGLE   =      2438.9962  DIHED      =      1417.1709
 UB     =         0.0000  IMP     =         0.0000  CMAP       =       240.8030
 1-4 NB =      1159.8278  1-4 EEL =     15224.2141  VDWAALS    =     40699.4020
 EELEC  =   -365136.9691  EHBOND  =         0.0000  RESTRAINT  =         0.0000
 ------------------------------------------------------------------------------

wrapping first mol.:       76.60133      -54.16531       93.81709

 NSTEP =   780000   TIME(PS) =  186600.000  TEMP(K) =   310.52  PRESS =     0.0
 Etot   =   -239107.0384  EKtot   =     63231.9453  EPtot      =   -302338.9837
 BOND   =      2126.7090  ANGLE   =      2409.0837  DIHED      =      1427.6867
 UB     =         0.0000  IMP     =         0.0000  CMAP       =       222.2926
 1-4 NB =      1180.6099  1-4 EEL =     15445.9972  VDWAALS    =     41023.6508
 EELEC  =   -366175.0136  EHBOND  =         0.0000  RESTRAINT  =         0.0000
 ------------------------------------------------------------------------------

wrapping first mol.:       76.60133      -54.16531       93.81709

 NSTEP =   800000   TIME(PS) =  186640.000  TEMP(K) =   309.26  PRESS =     0.0
 Etot   =   -238691.8269  EKtot   =     62976.7461  EPtot      =   -301668.5730
 BOND   =      2074.1702  ANGLE   =      2369.8281  DIHED      =      1403.4773
 UB     =         0.0000  IMP     =         0.0000  CMAP       =       248.4057
 1-4 NB =      1190.1661  1-4 EEL =     15409.0111  VDWAALS    =     40402.8546
 EELEC  =   -364766.4861  EHBOND  =         0.0000  RESTRAINT  =         0.0000
 ------------------------------------------------------------------------------

wrapping first mol.:       76.60133      -54.16531       93.81709

 NSTEP =   820000   TIME(PS) =  186680.000  TEMP(K) =   310.16  PRESS =     0.0
 Etot   =   -238500.5242  EKtot   =     63160.4805  EPtot      =   -301661.0047
 BOND   =      2072.3062  ANGLE   =      2467.0012  DIHED      =      1417.0130
 UB     =         0.0000  IMP     =         0.0000  CMAP       =       240.4137
 1-4 NB =      1157.3015  1-4 EEL =     15401.3299  VDWAALS    =     40728.0700
 EELEC  =   -365144.4402  EHBOND  =         0.0000  RESTRAINT  =         0.0000
 ------------------------------------------------------------------------------

wrapping first mol.:       76.60133      -54.16531       93.81709

 NSTEP =   840000   TIME(PS) =  186720.000  TEMP(K) =   310.00  PRESS =     0.0
 Etot   =   -239275.7921  EKtot   =     63127.9336  EPtot      =   -302403.7257
 BOND   =      2065.9461  ANGLE   =      2402.4498  DIHED      =      1408.4387
 UB     =         0.0000  IMP     =         0.0000  CMAP       =       237.0424
 1-4 NB =      1171.5368  1-4 EEL =     15420.1558  VDWAALS    =     41059.1372
 EELEC  =   -366168.4326  EHBOND  =         0.0000  RESTRAINT  =         0.0000
 ------------------------------------------------------------------------------

wrapping first mol.:       76.60133      -54.16531       93.81709

 NSTEP =   860000   TIME(PS) =  186760.000  TEMP(K) =   307.68  PRESS =     0.0
 Etot   =   -239270.8441  EKtot   =     62653.9180  EPtot      =   -301924.7621
 BOND   =      2091.0166  ANGLE   =      2325.1358  DIHED      =      1419.2503
 UB     =         0.0000  IMP     =         0.0000  CMAP       =       214.9151
 1-4 NB =      1196.9665  1-4 EEL =     15449.7725  VDWAALS    =     40799.6251
 EELEC  =   -365421.4441  EHBOND  =         0.0000  RESTRAINT  =         0.0000
 ------------------------------------------------------------------------------

wrapping first mol.:       76.60133      -54.16531       93.81709

 NSTEP =   880000   TIME(PS) =  186800.000  TEMP(K) =   309.96  PRESS =     0.0
 Etot   =   -238819.4288  EKtot   =     63118.7148  EPtot      =   -301938.1436
 BOND   =      2062.3423  ANGLE   =      2400.2358  DIHED      =      1406.6884
 UB     =         0.0000  IMP     =         0.0000  CMAP       =       224.7783
 1-4 NB =      1166.6374  1-4 EEL =     15440.0579  VDWAALS    =     40807.3911
 EELEC  =   -365446.2748  EHBOND  =         0.0000  RESTRAINT  =         0.0000
 ------------------------------------------------------------------------------

wrapping first mol.:       76.60133      -54.16531       93.81709

 NSTEP =   900000   TIME(PS) =  186840.000  TEMP(K) =   309.90  PRESS =     0.0
 Etot   =   -238971.7279  EKtot   =     63105.9609  EPtot      =   -302077.6888
 BOND   =      2071.2664  ANGLE   =      2437.4537  DIHED      =      1393.8390
 UB     =         0.0000  IMP     =         0.0000  CMAP       =       255.3163
 1-4 NB =      1162.2669  1-4 EEL =     15499.0865  VDWAALS    =     40817.7802
 EELEC  =   -365714.6977  EHBOND  =         0.0000  RESTRAINT  =         0.0000
 ------------------------------------------------------------------------------

wrapping first mol.:       76.60133      -54.16531       93.81709

 NSTEP =   920000   TIME(PS) =  186880.000  TEMP(K) =   310.65  PRESS =     0.0
 Etot   =   -238338.5013  EKtot   =     63260.0703  EPtot      =   -301598.5716
 BOND   =      2125.0009  ANGLE   =      2413.8288  DIHED      =      1379.9521
 UB     =         0.0000  IMP     =         0.0000  CMAP       =       255.8587
 1-4 NB =      1171.4170  1-4 EEL =     15386.3482  VDWAALS    =     40663.4029
 EELEC  =   -364994.3802  EHBOND  =         0.0000  RESTRAINT  =         0.0000
 ------------------------------------------------------------------------------

wrapping first mol.:       76.60133      -54.16531       93.81709

 NSTEP =   940000   TIME(PS) =  186920.000  TEMP(K) =   309.17  PRESS =     0.0
 Etot   =   -238800.4854  EKtot   =     62958.7695  EPtot      =   -301759.2550
 BOND   =      2070.7937  ANGLE   =      2450.6707  DIHED      =      1438.7807
 UB     =         0.0000  IMP     =         0.0000  CMAP       =       219.5945
 1-4 NB =      1191.1146  1-4 EEL =     15404.6522  VDWAALS    =     40961.1779
 EELEC  =   -365496.0392  EHBOND  =         0.0000  RESTRAINT  =         0.0000
 ------------------------------------------------------------------------------

wrapping first mol.:       76.60133      -54.16531       93.81709

 NSTEP =   960000   TIME(PS) =  186960.000  TEMP(K) =   308.66  PRESS =     0.0
 Etot   =   -238888.2942  EKtot   =     62853.3242  EPtot      =   -301741.6185
 BOND   =      2110.3227  ANGLE   =      2430.0921  DIHED      =      1398.7103
 UB     =         0.0000  IMP     =         0.0000  CMAP       =       235.6888
 1-4 NB =      1162.5962  1-4 EEL =     15418.5454  VDWAALS    =     40359.2620
 EELEC  =   -364856.8359  EHBOND  =         0.0000  RESTRAINT  =         0.0000
 ------------------------------------------------------------------------------

wrapping first mol.:       76.60133      -54.16531       93.81709

 NSTEP =   980000   TIME(PS) =  187000.000  TEMP(K) =   312.68  PRESS =     0.0
 Etot   =   -238323.3381  EKtot   =     63672.7109  EPtot      =   -301996.0490
 BOND   =      2077.7749  ANGLE   =      2429.9675  DIHED      =      1397.9252
 UB     =         0.0000  IMP     =         0.0000  CMAP       =       247.4037
 1-4 NB =      1184.7993  1-4 EEL =     15440.0020  VDWAALS    =     40659.6533
 EELEC  =   -365433.5750  EHBOND  =         0.0000  RESTRAINT  =         0.0000
 ------------------------------------------------------------------------------

wrapping first mol.:       76.60133      -54.16531       93.81709

 NSTEP =  1000000   TIME(PS) =  187040.000  TEMP(K) =   310.70  PRESS =     0.0
 Etot   =   -238769.6562  EKtot   =     63269.3867  EPtot      =   -302039.0429
 BOND   =      2025.8162  ANGLE   =      2440.4570  DIHED      =      1425.4816
 UB     =         0.0000  IMP     =         0.0000  CMAP       =       259.6077
 1-4 NB =      1168.1812  1-4 EEL =     15439.7930  VDWAALS    =     41192.5333
 EELEC  =   -365990.9130  EHBOND  =         0.0000  RESTRAINT  =         0.0000
 ------------------------------------------------------------------------------

wrapping first mol.:       76.60133      -54.16531       93.81709

 NSTEP =  1020000   TIME(PS) =  187080.000  TEMP(K) =   311.74  PRESS =     0.0
 Etot   =   -238412.9740  EKtot   =     63480.6797  EPtot      =   -301893.6537
 BOND   =      2074.0639  ANGLE   =      2441.9874  DIHED      =      1379.0428
 UB     =         0.0000  IMP     =         0.0000  CMAP       =       235.5323
 1-4 NB =      1174.0740  1-4 EEL =     15415.5591  VDWAALS    =     40831.7260
 EELEC  =   -365445.6393  EHBOND  =         0.0000  RESTRAINT  =         0.0000
 ------------------------------------------------------------------------------

wrapping first mol.:       76.60133      -54.16531       93.81709

 NSTEP =  1040000   TIME(PS) =  187120.000  TEMP(K) =   309.53  PRESS =     0.0
 Etot   =   -238665.2221  EKtot   =     63032.1367  EPtot      =   -301697.3588
 BOND   =      2144.2583  ANGLE   =      2440.1246  DIHED      =      1389.5522
 UB     =         0.0000  IMP     =         0.0000  CMAP       =       259.2306
 1-4 NB =      1163.1514  1-4 EEL =     15400.1562  VDWAALS    =     40600.0479
 EELEC  =   -365093.8801  EHBOND  =         0.0000  RESTRAINT  =         0.0000
 ------------------------------------------------------------------------------

wrapping first mol.:       76.60133      -54.16531       93.81709

 NSTEP =  1060000   TIME(PS) =  187160.000  TEMP(K) =   309.35  PRESS =     0.0
 Etot   =   -238672.0261  EKtot   =     62994.0586  EPtot      =   -301666.0847
 BOND   =      2069.0137  ANGLE   =      2457.5319  DIHED      =      1417.3017
 UB     =         0.0000  IMP     =         0.0000  CMAP       =       250.4040
 1-4 NB =      1184.6311  1-4 EEL =     15388.5661  VDWAALS    =     40261.2300
 EELEC  =   -364694.7633  EHBOND  =         0.0000  RESTRAINT  =         0.0000
 ------------------------------------------------------------------------------

wrapping first mol.:       76.60133      -54.16531       93.81709

 NSTEP =  1080000   TIME(PS) =  187200.000  TEMP(K) =   308.80  PRESS =     0.0
 Etot   =   -239231.9763  EKtot   =     62881.9258  EPtot      =   -302113.9021
 BOND   =      2124.8981  ANGLE   =      2387.4347  DIHED      =      1434.1236
 UB     =         0.0000  IMP     =         0.0000  CMAP       =       226.2707
 1-4 NB =      1174.3207  1-4 EEL =     15390.8850  VDWAALS    =     40526.4149
 EELEC  =   -365378.2498  EHBOND  =         0.0000  RESTRAINT  =         0.0000
 ------------------------------------------------------------------------------

wrapping first mol.:       76.60133      -54.16531       93.81709

 NSTEP =  1100000   TIME(PS) =  187240.000  TEMP(K) =   309.64  PRESS =     0.0
 Etot   =   -238812.1756  EKtot   =     63054.5859  EPtot      =   -301866.7615
 BOND   =      2119.3828  ANGLE   =      2423.4952  DIHED      =      1419.9548
 UB     =         0.0000  IMP     =         0.0000  CMAP       =       262.7368
 1-4 NB =      1180.6369  1-4 EEL =     15370.8286  VDWAALS    =     40608.6231
 EELEC  =   -365252.4197  EHBOND  =         0.0000  RESTRAINT  =         0.0000
 ------------------------------------------------------------------------------

wrapping first mol.:       76.60133      -54.16531       93.81709

 NSTEP =  1120000   TIME(PS) =  187280.000  TEMP(K) =   310.00  PRESS =     0.0
 Etot   =   -239397.4954  EKtot   =     63127.7930  EPtot      =   -302525.2884
 BOND   =      2160.4417  ANGLE   =      2441.5627  DIHED      =      1412.5879
 UB     =         0.0000  IMP     =         0.0000  CMAP       =       261.8408
 1-4 NB =      1177.9750  1-4 EEL =     15393.2629  VDWAALS    =     40507.9424
 EELEC  =   -365880.9017  EHBOND  =         0.0000  RESTRAINT  =         0.0000
 ------------------------------------------------------------------------------

wrapping first mol.:       76.60133      -54.16531       93.81709

 NSTEP =  1140000   TIME(PS) =  187320.000  TEMP(K) =   308.94  PRESS =     0.0
 Etot   =   -239006.7697  EKtot   =     62912.0430  EPtot      =   -301918.8127
 BOND   =      2026.3170  ANGLE   =      2371.2892  DIHED      =      1388.0376
 UB     =         0.0000  IMP     =         0.0000  CMAP       =       239.8743
 1-4 NB =      1155.5757  1-4 EEL =     15367.0506  VDWAALS    =     40806.7326
 EELEC  =   -365273.6897  EHBOND  =         0.0000  RESTRAINT  =         0.0000
 ------------------------------------------------------------------------------

wrapping first mol.:       76.60133      -54.16531       93.81709

 NSTEP =  1160000   TIME(PS) =  187360.000  TEMP(K) =   309.35  PRESS =     0.0
 Etot   =   -238473.9473  EKtot   =     62994.5156  EPtot      =   -301468.4629
 BOND   =      2059.2095  ANGLE   =      2368.5707  DIHED      =      1380.4209
 UB     =         0.0000  IMP     =         0.0000  CMAP       =       256.4405
 1-4 NB =      1177.9679  1-4 EEL =     15423.5524  VDWAALS    =     41049.4636
 EELEC  =   -365184.0884  EHBOND  =         0.0000  RESTRAINT  =         0.0000
 ------------------------------------------------------------------------------

wrapping first mol.:       76.60133      -54.16531       93.81709

 NSTEP =  1180000   TIME(PS) =  187400.000  TEMP(K) =   308.53  PRESS =     0.0
 Etot   =   -239356.5018  EKtot   =     62826.7734  EPtot      =   -302183.2752
 BOND   =      2029.6538  ANGLE   =      2402.3576  DIHED      =      1421.5516
 UB     =         0.0000  IMP     =         0.0000  CMAP       =       244.9265
 1-4 NB =      1183.8690  1-4 EEL =     15418.2566  VDWAALS    =     41033.7540
 EELEC  =   -365917.6444  EHBOND  =         0.0000  RESTRAINT  =         0.0000
 ------------------------------------------------------------------------------

wrapping first mol.:       76.60133      -54.16531       93.81709

 NSTEP =  1200000   TIME(PS) =  187440.000  TEMP(K) =   310.51  PRESS =     0.0
 Etot   =   -238729.9981  EKtot   =     63229.9961  EPtot      =   -301959.9942
 BOND   =      2020.5460  ANGLE   =      2401.4790  DIHED      =      1385.0740
 UB     =         0.0000  IMP     =         0.0000  CMAP       =       246.2169
 1-4 NB =      1152.7107  1-4 EEL =     15314.2665  VDWAALS    =     40321.2467
 EELEC  =   -364801.5341  EHBOND  =         0.0000  RESTRAINT  =         0.0000
 ------------------------------------------------------------------------------

wrapping first mol.:       76.60133      -54.16531       93.81709

 NSTEP =  1220000   TIME(PS) =  187480.000  TEMP(K) =   309.48  PRESS =     0.0
 Etot   =   -238935.0063  EKtot   =     63021.0039  EPtot      =   -301956.0102
 BOND   =      2140.2142  ANGLE   =      2413.8876  DIHED      =      1400.0155
 UB     =         0.0000  IMP     =         0.0000  CMAP       =       245.1436
 1-4 NB =      1151.2271  1-4 EEL =     15335.5568  VDWAALS    =     40752.1041
 EELEC  =   -365394.1591  EHBOND  =         0.0000  RESTRAINT  =         0.0000
 ------------------------------------------------------------------------------

wrapping first mol.:       76.60133      -54.16531       93.81709

 NSTEP =  1240000   TIME(PS) =  187520.000  TEMP(K) =   310.59  PRESS =     0.0
 Etot   =   -239040.2543  EKtot   =     63247.6211  EPtot      =   -302287.8754
 BOND   =      2144.8574  ANGLE   =      2428.0600  DIHED      =      1427.9144
 UB     =         0.0000  IMP     =         0.0000  CMAP       =       245.3108
 1-4 NB =      1165.7779  1-4 EEL =     15365.1537  VDWAALS    =     40658.7837
 EELEC  =   -365723.7333  EHBOND  =         0.0000  RESTRAINT  =         0.0000
 ------------------------------------------------------------------------------

wrapping first mol.:       76.60133      -54.16531       93.81709

 NSTEP =  1260000   TIME(PS) =  187560.000  TEMP(K) =   309.20  PRESS =     0.0
 Etot   =   -239097.6218  EKtot   =     62964.5703  EPtot      =   -302062.1921
 BOND   =      2072.9832  ANGLE   =      2360.4721  DIHED      =      1370.8161
 UB     =         0.0000  IMP     =         0.0000  CMAP       =       242.4197
 1-4 NB =      1186.8894  1-4 EEL =     15403.2730  VDWAALS    =     40816.7336
 EELEC  =   -365515.7793  EHBOND  =         0.0000  RESTRAINT  =         0.0000
 ------------------------------------------------------------------------------

wrapping first mol.:       76.60133      -54.16531       93.81709

 NSTEP =  1280000   TIME(PS) =  187600.000  TEMP(K) =   310.34  PRESS =     0.0
 Etot   =   -238892.3630  EKtot   =     63197.1914  EPtot      =   -302089.5544
 BOND   =      2102.9515  ANGLE   =      2421.9350  DIHED      =      1399.5091
 UB     =         0.0000  IMP     =         0.0000  CMAP       =       245.5839
 1-4 NB =      1166.9983  1-4 EEL =     15286.3875  VDWAALS    =     40498.3638
 EELEC  =   -365211.2833  EHBOND  =         0.0000  RESTRAINT  =         0.0000
 ------------------------------------------------------------------------------

wrapping first mol.:       76.60133      -54.16531       93.81709

 NSTEP =  1300000   TIME(PS) =  187640.000  TEMP(K) =   310.38  PRESS =     0.0
 Etot   =   -238922.5036  EKtot   =     63205.3828  EPtot      =   -302127.8864
 BOND   =      2158.4437  ANGLE   =      2404.3444  DIHED      =      1432.3778
 UB     =         0.0000  IMP     =         0.0000  CMAP       =       262.1802
 1-4 NB =      1176.4139  1-4 EEL =     15327.8514  VDWAALS    =     40904.9285
 EELEC  =   -365794.4262  EHBOND  =         0.0000  RESTRAINT  =         0.0000
 ------------------------------------------------------------------------------

wrapping first mol.:       76.60133      -54.16531       93.81709

 NSTEP =  1320000   TIME(PS) =  187680.000  TEMP(K) =   309.86  PRESS =     0.0
 Etot   =   -238933.7497  EKtot   =     63098.4688  EPtot      =   -302032.2184
 BOND   =      2071.1910  ANGLE   =      2421.1513  DIHED      =      1429.8380
 UB     =         0.0000  IMP     =         0.0000  CMAP       =       247.2868
 1-4 NB =      1187.3493  1-4 EEL =     15384.9650  VDWAALS    =     40785.1339
 EELEC  =   -365559.1337  EHBOND  =         0.0000  RESTRAINT  =         0.0000
 ------------------------------------------------------------------------------

wrapping first mol.:       76.60133      -54.16531       93.81709

 NSTEP =  1340000   TIME(PS) =  187720.000  TEMP(K) =   308.83  PRESS =     0.0
 Etot   =   -238863.6717  EKtot   =     62889.3672  EPtot      =   -301753.0389
 BOND   =      2105.9850  ANGLE   =      2387.2953  DIHED      =      1411.4060
 UB     =         0.0000  IMP     =         0.0000  CMAP       =       260.3746
 1-4 NB =      1183.0378  1-4 EEL =     15404.2134  VDWAALS    =     40750.6791
 EELEC  =   -365256.0300  EHBOND  =         0.0000  RESTRAINT  =         0.0000
 ------------------------------------------------------------------------------

wrapping first mol.:       76.60133      -54.16531       93.81709

 NSTEP =  1360000   TIME(PS) =  187760.000  TEMP(K) =   311.02  PRESS =     0.0
 Etot   =   -238915.0998  EKtot   =     63335.2578  EPtot      =   -302250.3577
 BOND   =      2085.1720  ANGLE   =      2417.8253  DIHED      =      1393.9116
 UB     =         0.0000  IMP     =         0.0000  CMAP       =       244.0365
 1-4 NB =      1157.4919  1-4 EEL =     15296.8397  VDWAALS    =     40444.4642
 EELEC  =   -365290.0989  EHBOND  =         0.0000  RESTRAINT  =         0.0000
 ------------------------------------------------------------------------------

wrapping first mol.:       76.60133      -54.16531       93.81709

 NSTEP =  1380000   TIME(PS) =  187800.000  TEMP(K) =   309.93  PRESS =     0.0
 Etot   =   -238761.8622  EKtot   =     63113.3984  EPtot      =   -301875.2606
 BOND   =      2064.6592  ANGLE   =      2504.9281  DIHED      =      1402.0202
 UB     =         0.0000  IMP     =         0.0000  CMAP       =       273.9145
 1-4 NB =      1182.2004  1-4 EEL =     15439.0871  VDWAALS    =     40850.0927
 EELEC  =   -365592.1628  EHBOND  =         0.0000  RESTRAINT  =         0.0000
 ------------------------------------------------------------------------------

wrapping first mol.:       76.60133      -54.16531       93.81709

 NSTEP =  1400000   TIME(PS) =  187840.000  TEMP(K) =   308.96  PRESS =     0.0
 Etot   =   -239104.2087  EKtot   =     62914.2656  EPtot      =   -302018.4743
 BOND   =      2075.3266  ANGLE   =      2417.8895  DIHED      =      1378.9504
 UB     =         0.0000  IMP     =         0.0000  CMAP       =       265.6461
 1-4 NB =      1180.6810  1-4 EEL =     15373.1124  VDWAALS    =     40789.9216
 EELEC  =   -365500.0019  EHBOND  =         0.0000  RESTRAINT  =         0.0000
 ------------------------------------------------------------------------------

wrapping first mol.:       76.60133      -54.16531       93.81709

 NSTEP =  1420000   TIME(PS) =  187880.000  TEMP(K) =   309.80  PRESS =     0.0
 Etot   =   -238864.1560  EKtot   =     63085.3555  EPtot      =   -301949.5115
 BOND   =      2071.1553  ANGLE   =      2389.1499  DIHED      =      1404.4903
 UB     =         0.0000  IMP     =         0.0000  CMAP       =       256.5840
 1-4 NB =      1193.3141  1-4 EEL =     15365.1391  VDWAALS    =     40578.2161
 EELEC  =   -365207.5603  EHBOND  =         0.0000  RESTRAINT  =         0.0000
 ------------------------------------------------------------------------------

wrapping first mol.:       76.60133      -54.16531       93.81709

 NSTEP =  1440000   TIME(PS) =  187920.000  TEMP(K) =   310.49  PRESS =     0.0
 Etot   =   -238856.9979  EKtot   =     63227.4805  EPtot      =   -302084.4783
 BOND   =      2056.1024  ANGLE   =      2392.1306  DIHED      =      1380.1879
 UB     =         0.0000  IMP     =         0.0000  CMAP       =       271.1177
 1-4 NB =      1164.9309  1-4 EEL =     15366.2751  VDWAALS    =     41365.5308
 EELEC  =   -366080.7537  EHBOND  =         0.0000  RESTRAINT  =         0.0000
 ------------------------------------------------------------------------------

wrapping first mol.:       76.60133      -54.16531       93.81709

 NSTEP =  1460000   TIME(PS) =  187960.000  TEMP(K) =   308.33  PRESS =     0.0
 Etot   =   -239321.2288  EKtot   =     62785.9258  EPtot      =   -302107.1546
 BOND   =      2129.8051  ANGLE   =      2395.2696  DIHED      =      1409.1730
 UB     =         0.0000  IMP     =         0.0000  CMAP       =       233.8725
 1-4 NB =      1172.4073  1-4 EEL =     15372.9705  VDWAALS    =     40958.0715
 EELEC  =   -365778.7242  EHBOND  =         0.0000  RESTRAINT  =         0.0000
 ------------------------------------------------------------------------------

wrapping first mol.:       76.60133      -54.16531       93.81709

 NSTEP =  1480000   TIME(PS) =  188000.000  TEMP(K) =   309.95  PRESS =     0.0
 Etot   =   -238736.7431  EKtot   =     63116.4023  EPtot      =   -301853.1454
 BOND   =      2034.3931  ANGLE   =      2499.5822  DIHED      =      1403.1808
 UB     =         0.0000  IMP     =         0.0000  CMAP       =       257.0900
 1-4 NB =      1189.4263  1-4 EEL =     15353.6785  VDWAALS    =     40718.7750
 EELEC  =   -365309.2713  EHBOND  =         0.0000  RESTRAINT  =         0.0000
 ------------------------------------------------------------------------------

wrapping first mol.:       76.60133      -54.16531       93.81709

 NSTEP =  1500000   TIME(PS) =  188040.000  TEMP(K) =   309.18  PRESS =     0.0
 Etot   =   -238906.2290  EKtot   =     62960.5039  EPtot      =   -301866.7329
 BOND   =      2060.4471  ANGLE   =      2407.9984  DIHED      =      1403.2586
 UB     =         0.0000  IMP     =         0.0000  CMAP       =       239.4427
 1-4 NB =      1176.6940  1-4 EEL =     15389.9849  VDWAALS    =     40967.1680
 EELEC  =   -365511.7265  EHBOND  =         0.0000  RESTRAINT  =         0.0000
 ------------------------------------------------------------------------------

wrapping first mol.:       76.60133      -54.16531       93.81709

 NSTEP =  1520000   TIME(PS) =  188080.000  TEMP(K) =   309.89  PRESS =     0.0
 Etot   =   -238704.8445  EKtot   =     63105.4180  EPtot      =   -301810.2625
 BOND   =      2062.5945  ANGLE   =      2449.6678  DIHED      =      1405.0604
 UB     =         0.0000  IMP     =         0.0000  CMAP       =       258.5606
 1-4 NB =      1150.3689  1-4 EEL =     15377.6104  VDWAALS    =     40326.1047
 EELEC  =   -364840.2299  EHBOND  =         0.0000  RESTRAINT  =         0.0000
 ------------------------------------------------------------------------------

wrapping first mol.:       76.60133      -54.16531       93.81709

 NSTEP =  1540000   TIME(PS) =  188120.000  TEMP(K) =   310.44  PRESS =     0.0
 Etot   =   -238550.4905  EKtot   =     63216.6719  EPtot      =   -301767.1624
 BOND   =      2043.3474  ANGLE   =      2327.7091  DIHED      =      1376.9136
 UB     =         0.0000  IMP     =         0.0000  CMAP       =       240.5028
 1-4 NB =      1184.9237  1-4 EEL =     15391.3155  VDWAALS    =     40426.2397
 EELEC  =   -364758.1142  EHBOND  =         0.0000  RESTRAINT  =         0.0000
 ------------------------------------------------------------------------------

wrapping first mol.:       76.60133      -54.16531       93.81709

 NSTEP =  1560000   TIME(PS) =  188160.000  TEMP(K) =   310.16  PRESS =     0.0
 Etot   =   -238775.9009  EKtot   =     63158.6484  EPtot      =   -301934.5494
 BOND   =      2125.5365  ANGLE   =      2403.2705  DIHED      =      1378.0745
 UB     =         0.0000  IMP     =         0.0000  CMAP       =       239.4567
 1-4 NB =      1188.6720  1-4 EEL =     15336.0079  VDWAALS    =     40501.8490
 EELEC  =   -365107.4166  EHBOND  =         0.0000  RESTRAINT  =         0.0000
 ------------------------------------------------------------------------------

wrapping first mol.:       76.60133      -54.16531       93.81709

 NSTEP =  1580000   TIME(PS) =  188200.000  TEMP(K) =   311.03  PRESS =     0.0
 Etot   =   -238314.3559  EKtot   =     63336.6484  EPtot      =   -301651.0043
 BOND   =      2061.0378  ANGLE   =      2430.6626  DIHED      =      1368.1368
 UB     =         0.0000  IMP     =         0.0000  CMAP       =       249.0966
 1-4 NB =      1140.9477  1-4 EEL =     15350.3650  VDWAALS    =     41177.7424
 EELEC  =   -365428.9933  EHBOND  =         0.0000  RESTRAINT  =         0.0000
 ------------------------------------------------------------------------------

wrapping first mol.:       76.60133      -54.16531       93.81709

 NSTEP =  1600000   TIME(PS) =  188240.000  TEMP(K) =   308.45  PRESS =     0.0
 Etot   =   -238983.7522  EKtot   =     62810.6914  EPtot      =   -301794.4436
 BOND   =      2076.7460  ANGLE   =      2378.1246  DIHED      =      1406.1830
 UB     =         0.0000  IMP     =         0.0000  CMAP       =       258.2681
 1-4 NB =      1156.2585  1-4 EEL =     15416.8401  VDWAALS    =     40835.0478
 EELEC  =   -365321.9118  EHBOND  =         0.0000  RESTRAINT  =         0.0000
 ------------------------------------------------------------------------------

wrapping first mol.:       76.60133      -54.16531       93.81709

 NSTEP =  1620000   TIME(PS) =  188280.000  TEMP(K) =   308.91  PRESS =     0.0
 Etot   =   -238808.3272  EKtot   =     62904.5078  EPtot      =   -301712.8350
 BOND   =      2106.2425  ANGLE   =      2511.4749  DIHED      =      1387.1365
 UB     =         0.0000  IMP     =         0.0000  CMAP       =       244.7201
 1-4 NB =      1167.3963  1-4 EEL =     15346.3110  VDWAALS    =     40839.2323
 EELEC  =   -365315.3486  EHBOND  =         0.0000  RESTRAINT  =         0.0000
 ------------------------------------------------------------------------------

wrapping first mol.:       76.60133      -54.16531       93.81709

 NSTEP =  1640000   TIME(PS) =  188320.000  TEMP(K) =   309.75  PRESS =     0.0
 Etot   =   -238673.6370  EKtot   =     63076.6133  EPtot      =   -301750.2503
 BOND   =      2085.6859  ANGLE   =      2493.6812  DIHED      =      1369.1090
 UB     =         0.0000  IMP     =         0.0000  CMAP       =       246.2460
 1-4 NB =      1178.2468  1-4 EEL =     15346.8844  VDWAALS    =     40964.8849
 EELEC  =   -365434.9886  EHBOND  =         0.0000  RESTRAINT  =         0.0000
 ------------------------------------------------------------------------------

wrapping first mol.:       76.60133      -54.16531       93.81709

 NSTEP =  1660000   TIME(PS) =  188360.000  TEMP(K) =   308.66  PRESS =     0.0
 Etot   =   -238664.5653  EKtot   =     62854.3281  EPtot      =   -301518.8935
 BOND   =      2083.1284  ANGLE   =      2388.2437  DIHED      =      1419.4313
 UB     =         0.0000  IMP     =         0.0000  CMAP       =       238.4867
 1-4 NB =      1186.9435  1-4 EEL =     15405.2279  VDWAALS    =     40584.0563
 EELEC  =   -364824.4114  EHBOND  =         0.0000  RESTRAINT  =         0.0000
 ------------------------------------------------------------------------------

wrapping first mol.:       76.60133      -54.16531       93.81709

 NSTEP =  1680000   TIME(PS) =  188400.000  TEMP(K) =   310.70  PRESS =     0.0
 Etot   =   -238368.6223  EKtot   =     63270.4102  EPtot      =   -301639.0325
 BOND   =      2047.6609  ANGLE   =      2369.8483  DIHED      =      1415.3264
 UB     =         0.0000  IMP     =         0.0000  CMAP       =       284.5055
 1-4 NB =      1184.7935  1-4 EEL =     15364.5431  VDWAALS    =     40725.3920
 EELEC  =   -365031.1021  EHBOND  =         0.0000  RESTRAINT  =         0.0000
 ------------------------------------------------------------------------------

wrapping first mol.:       76.60133      -54.16531       93.81709

 NSTEP =  1700000   TIME(PS) =  188440.000  TEMP(K) =   310.59  PRESS =     0.0
 Etot   =   -238700.1881  EKtot   =     63247.3320  EPtot      =   -301947.5201
 BOND   =      2057.0928  ANGLE   =      2402.2319  DIHED      =      1414.7151
 UB     =         0.0000  IMP     =         0.0000  CMAP       =       245.5343
 1-4 NB =      1196.8545  1-4 EEL =     15363.9173  VDWAALS    =     40653.4228
 EELEC  =   -365281.2888  EHBOND  =         0.0000  RESTRAINT  =         0.0000
 ------------------------------------------------------------------------------

wrapping first mol.:       76.60133      -54.16531       93.81709

 NSTEP =  1720000   TIME(PS) =  188480.000  TEMP(K) =   310.34  PRESS =     0.0
 Etot   =   -238487.8202  EKtot   =     63195.6602  EPtot      =   -301683.4804
 BOND   =      2120.9271  ANGLE   =      2466.2116  DIHED      =      1424.5061
 UB     =         0.0000  IMP     =         0.0000  CMAP       =       244.3694
 1-4 NB =      1185.3030  1-4 EEL =     15287.5537  VDWAALS    =     40545.2394
 EELEC  =   -364957.5908  EHBOND  =         0.0000  RESTRAINT  =         0.0000
 ------------------------------------------------------------------------------

wrapping first mol.:       76.60133      -54.16531       93.81709

 NSTEP =  1740000   TIME(PS) =  188520.000  TEMP(K) =   310.77  PRESS =     0.0
 Etot   =   -237998.4007  EKtot   =     63284.2383  EPtot      =   -301282.6390
 BOND   =      2139.5776  ANGLE   =      2457.6594  DIHED      =      1365.6855
 UB     =         0.0000  IMP     =         0.0000  CMAP       =       238.8005
 1-4 NB =      1181.8663  1-4 EEL =     15338.5860  VDWAALS    =     40425.2251
 EELEC  =   -364430.0393  EHBOND  =         0.0000  RESTRAINT  =         0.0000
 ------------------------------------------------------------------------------

wrapping first mol.:       76.60133      -54.16531       93.81709

 NSTEP =  1760000   TIME(PS) =  188560.000  TEMP(K) =   310.16  PRESS =     0.0
 Etot   =   -238569.0125  EKtot   =     63160.5586  EPtot      =   -301729.5711
 BOND   =      2116.3591  ANGLE   =      2389.0827  DIHED      =      1419.1129
 UB     =         0.0000  IMP     =         0.0000  CMAP       =       261.7939
 1-4 NB =      1178.2283  1-4 EEL =     15301.4893  VDWAALS    =     40151.0733
 EELEC  =   -364546.7106  EHBOND  =         0.0000  RESTRAINT  =         0.0000
 ------------------------------------------------------------------------------

wrapping first mol.:       76.60133      -54.16531       93.81709

 NSTEP =  1780000   TIME(PS) =  188600.000  TEMP(K) =   308.84  PRESS =     0.0
 Etot   =   -239163.0481  EKtot   =     62890.8477  EPtot      =   -302053.8957
 BOND   =      2079.2160  ANGLE   =      2389.9927  DIHED      =      1376.0559
 UB     =         0.0000  IMP     =         0.0000  CMAP       =       254.7058
 1-4 NB =      1180.9886  1-4 EEL =     15368.2529  VDWAALS    =     40272.5666
 EELEC  =   -364975.6744  EHBOND  =         0.0000  RESTRAINT  =         0.0000
 ------------------------------------------------------------------------------

wrapping first mol.:       76.60133      -54.16531       93.81709

 NSTEP =  1800000   TIME(PS) =  188640.000  TEMP(K) =   308.84  PRESS =     0.0
 Etot   =   -238876.8347  EKtot   =     62891.5820  EPtot      =   -301768.4168
 BOND   =      2079.8314  ANGLE   =      2361.8917  DIHED      =      1402.2184
 UB     =         0.0000  IMP     =         0.0000  CMAP       =       277.6171
 1-4 NB =      1169.6358  1-4 EEL =     15337.6979  VDWAALS    =     40655.5103
 EELEC  =   -365052.8195  EHBOND  =         0.0000  RESTRAINT  =         0.0000
 ------------------------------------------------------------------------------

wrapping first mol.:       76.60133      -54.16531       93.81709

 NSTEP =  1820000   TIME(PS) =  188680.000  TEMP(K) =   310.58  PRESS =     0.0
 Etot   =   -238148.7096  EKtot   =     63245.1680  EPtot      =   -301393.8776
 BOND   =      2082.2283  ANGLE   =      2458.5572  DIHED      =      1438.8427
 UB     =         0.0000  IMP     =         0.0000  CMAP       =       254.1810
 1-4 NB =      1160.5364  1-4 EEL =     15248.4689  VDWAALS    =     40379.8293
 EELEC  =   -364416.5214  EHBOND  =         0.0000  RESTRAINT  =         0.0000
 ------------------------------------------------------------------------------

wrapping first mol.:       76.60133      -54.16531       93.81709

 NSTEP =  1840000   TIME(PS) =  188720.000  TEMP(K) =   311.21  PRESS =     0.0
 Etot   =   -238648.3960  EKtot   =     63372.9883  EPtot      =   -302021.3843
 BOND   =      2110.4433  ANGLE   =      2405.7903  DIHED      =      1391.5133
 UB     =         0.0000  IMP     =         0.0000  CMAP       =       270.7822
 1-4 NB =      1166.0456  1-4 EEL =     15359.1408  VDWAALS    =     40649.0225
 EELEC  =   -365374.1222  EHBOND  =         0.0000  RESTRAINT  =         0.0000
 ------------------------------------------------------------------------------

wrapping first mol.:       76.60133      -54.16531       93.81709

 NSTEP =  1860000   TIME(PS) =  188760.000  TEMP(K) =   310.39  PRESS =     0.0
 Etot   =   -238941.0792  EKtot   =     63206.8555  EPtot      =   -302147.9346
 BOND   =      2107.4276  ANGLE   =      2488.7977  DIHED      =      1386.6591
 UB     =         0.0000  IMP     =         0.0000  CMAP       =       261.2018
 1-4 NB =      1189.4615  1-4 EEL =     15342.4808  VDWAALS    =     40521.6590
 EELEC  =   -365445.6222  EHBOND  =         0.0000  RESTRAINT  =         0.0000
 ------------------------------------------------------------------------------

wrapping first mol.:       76.60133      -54.16531       93.81709

 NSTEP =  1880000   TIME(PS) =  188800.000  TEMP(K) =   310.26  PRESS =     0.0
 Etot   =   -239180.1092  EKtot   =     63180.5195  EPtot      =   -302360.6288
 BOND   =      2072.0171  ANGLE   =      2394.1670  DIHED      =      1363.6543
 UB     =         0.0000  IMP     =         0.0000  CMAP       =       281.3718
 1-4 NB =      1187.6358  1-4 EEL =     15344.9451  VDWAALS    =     41006.1800
 EELEC  =   -366010.5999  EHBOND  =         0.0000  RESTRAINT  =         0.0000
 ------------------------------------------------------------------------------

wrapping first mol.:       76.60133      -54.16531       93.81709

 NSTEP =  1900000   TIME(PS) =  188840.000  TEMP(K) =   308.51  PRESS =     0.0
 Etot   =   -238959.2038  EKtot   =     62824.3047  EPtot      =   -301783.5084
 BOND   =      2094.1349  ANGLE   =      2434.4797  DIHED      =      1391.5153
 UB     =         0.0000  IMP     =         0.0000  CMAP       =       241.0882
 1-4 NB =      1171.9711  1-4 EEL =     15307.6839  VDWAALS    =     40778.5250
 EELEC  =   -365202.9064  EHBOND  =         0.0000  RESTRAINT  =         0.0000
 ------------------------------------------------------------------------------

wrapping first mol.:       76.60133      -54.16531       93.81709

 NSTEP =  1920000   TIME(PS) =  188880.000  TEMP(K) =   309.51  PRESS =     0.0
 Etot   =   -238901.0245  EKtot   =     63026.9141  EPtot      =   -301927.9386
 BOND   =      2113.4460  ANGLE   =      2484.9455  DIHED      =      1382.7841
 UB     =         0.0000  IMP     =         0.0000  CMAP       =       254.5072
 1-4 NB =      1171.7099  1-4 EEL =     15282.6468  VDWAALS    =     40084.8320
 EELEC  =   -364702.8101  EHBOND  =         0.0000  RESTRAINT  =         0.0000
 ------------------------------------------------------------------------------

wrapping first mol.:       76.60133      -54.16531       93.81709

 NSTEP =  1940000   TIME(PS) =  188920.000  TEMP(K) =   309.05  PRESS =     0.0
 Etot   =   -239129.9128  EKtot   =     62932.9883  EPtot      =   -302062.9011
 BOND   =      2133.9351  ANGLE   =      2364.5970  DIHED      =      1378.7278
 UB     =         0.0000  IMP     =         0.0000  CMAP       =       252.8009
 1-4 NB =      1175.4933  1-4 EEL =     15330.8059  VDWAALS    =     40994.7652
 EELEC  =   -365694.0262  EHBOND  =         0.0000  RESTRAINT  =         0.0000
 ------------------------------------------------------------------------------

wrapping first mol.:       76.60133      -54.16531       93.81709

 NSTEP =  1960000   TIME(PS) =  188960.000  TEMP(K) =   311.16  PRESS =     0.0
 Etot   =   -237954.6281  EKtot   =     63363.0625  EPtot      =   -301317.6906
 BOND   =      2120.6706  ANGLE   =      2388.1502  DIHED      =      1417.8090
 UB     =         0.0000  IMP     =         0.0000  CMAP       =       238.1382
 1-4 NB =      1179.2814  1-4 EEL =     15437.0119  VDWAALS    =     41068.6013
 EELEC  =   -365167.3532  EHBOND  =         0.0000  RESTRAINT  =         0.0000
 ------------------------------------------------------------------------------

wrapping first mol.:       76.60133      -54.16531       93.81709

 NSTEP =  1980000   TIME(PS) =  189000.000  TEMP(K) =   311.21  PRESS =     0.0
 Etot   =   -238276.4538  EKtot   =     63373.3984  EPtot      =   -301649.8522
 BOND   =      2125.8605  ANGLE   =      2414.9513  DIHED      =      1408.0372
 UB     =         0.0000  IMP     =         0.0000  CMAP       =       237.1875
 1-4 NB =      1171.9066  1-4 EEL =     15378.0256  VDWAALS    =     40671.2693
 EELEC  =   -365057.0903  EHBOND  =         0.0000  RESTRAINT  =         0.0000
 ------------------------------------------------------------------------------

wrapping first mol.:       76.60133      -54.16531       93.81709

 NSTEP =  2000000   TIME(PS) =  189040.000  TEMP(K) =   309.25  PRESS =     0.0
 Etot   =   -239447.5248  EKtot   =     62974.5547  EPtot      =   -302422.0795
 BOND   =      2115.0390  ANGLE   =      2452.6522  DIHED      =      1395.4827
 UB     =         0.0000  IMP     =         0.0000  CMAP       =       272.0962
 1-4 NB =      1151.2640  1-4 EEL =     15346.1162  VDWAALS    =     40701.9703
 EELEC  =   -365856.7001  EHBOND  =         0.0000  RESTRAINT  =         0.0000
 ------------------------------------------------------------------------------

wrapping first mol.:       76.60133      -54.16531       93.81709

 NSTEP =  2020000   TIME(PS) =  189080.000  TEMP(K) =   309.58  PRESS =     0.0
 Etot   =   -238532.3941  EKtot   =     63042.2852  EPtot      =   -301574.6792
 BOND   =      2111.1510  ANGLE   =      2397.8400  DIHED      =      1412.1680
 UB     =         0.0000  IMP     =         0.0000  CMAP       =       252.7850
 1-4 NB =      1153.6291  1-4 EEL =     15459.4389  VDWAALS    =     41027.5279
 EELEC  =   -365389.2190  EHBOND  =         0.0000  RESTRAINT  =         0.0000
 ------------------------------------------------------------------------------

wrapping first mol.:       76.60133      -54.16531       93.81709

 NSTEP =  2040000   TIME(PS) =  189120.000  TEMP(K) =   312.89  PRESS =     0.0
 Etot   =   -238265.5594  EKtot   =     63715.8203  EPtot      =   -301981.3797
 BOND   =      2073.2446  ANGLE   =      2357.9859  DIHED      =      1399.9796
 UB     =         0.0000  IMP     =         0.0000  CMAP       =       235.1530
 1-4 NB =      1173.8298  1-4 EEL =     15326.6178  VDWAALS    =     40989.0804
 EELEC  =   -365537.2708  EHBOND  =         0.0000  RESTRAINT  =         0.0000
 ------------------------------------------------------------------------------

wrapping first mol.:       76.60133      -54.16531       93.81709

 NSTEP =  2060000   TIME(PS) =  189160.000  TEMP(K) =   310.45  PRESS =     0.0
 Etot   =   -238276.5742  EKtot   =     63218.2109  EPtot      =   -301494.7852
 BOND   =      2067.7310  ANGLE   =      2360.0242  DIHED      =      1365.5204
 UB     =         0.0000  IMP     =         0.0000  CMAP       =       245.6722
 1-4 NB =      1178.4483  1-4 EEL =     15427.8476  VDWAALS    =     40668.7587
 EELEC  =   -364808.7877  EHBOND  =         0.0000  RESTRAINT  =         0.0000
 ------------------------------------------------------------------------------

wrapping first mol.:       76.60133      -54.16531       93.81709

 NSTEP =  2080000   TIME(PS) =  189200.000  TEMP(K) =   310.97  PRESS =     0.0
 Etot   =   -238975.1629  EKtot   =     63324.2969  EPtot      =   -302299.4598
 BOND   =      2095.8225  ANGLE   =      2413.2700  DIHED      =      1427.5969
 UB     =         0.0000  IMP     =         0.0000  CMAP       =       259.4019
 1-4 NB =      1178.7133  1-4 EEL =     15406.6597  VDWAALS    =     40647.1106
 EELEC  =   -365728.0346  EHBOND  =         0.0000  RESTRAINT  =         0.0000
 ------------------------------------------------------------------------------

wrapping first mol.:       76.60133      -54.16531       93.81709

 NSTEP =  2100000   TIME(PS) =  189240.000  TEMP(K) =   309.59  PRESS =     0.0
 Etot   =   -238784.7168  EKtot   =     63042.7930  EPtot      =   -301827.5098
 BOND   =      2070.3312  ANGLE   =      2396.8739  DIHED      =      1372.4171
 UB     =         0.0000  IMP     =         0.0000  CMAP       =       255.6039
 1-4 NB =      1161.3189  1-4 EEL =     15368.9001  VDWAALS    =     40336.9360
 EELEC  =   -364789.8910  EHBOND  =         0.0000  RESTRAINT  =         0.0000
 ------------------------------------------------------------------------------

wrapping first mol.:       76.60133      -54.16531       93.81709

 NSTEP =  2120000   TIME(PS) =  189280.000  TEMP(K) =   312.17  PRESS =     0.0
 Etot   =   -237872.3366  EKtot   =     63569.5469  EPtot      =   -301441.8835
 BOND   =      2101.3453  ANGLE   =      2419.9959  DIHED      =      1426.3394
 UB     =         0.0000  IMP     =         0.0000  CMAP       =       244.1271
 1-4 NB =      1161.8898  1-4 EEL =     15340.6180  VDWAALS    =     40820.2950
 EELEC  =   -364956.4940  EHBOND  =         0.0000  RESTRAINT  =         0.0000
 ------------------------------------------------------------------------------

wrapping first mol.:       76.60133      -54.16531       93.81709

 NSTEP =  2140000   TIME(PS) =  189320.000  TEMP(K) =   310.78  PRESS =     0.0
 Etot   =   -238636.7565  EKtot   =     63285.1406  EPtot      =   -301921.8972
 BOND   =      2055.5029  ANGLE   =      2411.8160  DIHED      =      1417.3924
 UB     =         0.0000  IMP     =         0.0000  CMAP       =       255.9966
 1-4 NB =      1204.0342  1-4 EEL =     15360.9114  VDWAALS    =     40738.0849
 EELEC  =   -365365.6355  EHBOND  =         0.0000  RESTRAINT  =         0.0000
 ------------------------------------------------------------------------------

wrapping first mol.:       76.60133      -54.16531       93.81709

 NSTEP =  2160000   TIME(PS) =  189360.000  TEMP(K) =   308.87  PRESS =     0.0
 Etot   =   -239170.8256  EKtot   =     62897.6172  EPtot      =   -302068.4428
 BOND   =      2094.3265  ANGLE   =      2393.1317  DIHED      =      1390.0580
 UB     =         0.0000  IMP     =         0.0000  CMAP       =       254.4740
 1-4 NB =      1155.0984  1-4 EEL =     15385.1584  VDWAALS    =     40540.0395
 EELEC  =   -365280.7294  EHBOND  =         0.0000  RESTRAINT  =         0.0000
 ------------------------------------------------------------------------------

wrapping first mol.:       76.60133      -54.16531       93.81709

 NSTEP =  2180000   TIME(PS) =  189400.000  TEMP(K) =   310.42  PRESS =     0.0
 Etot   =   -238589.9558  EKtot   =     63212.6836  EPtot      =   -301802.6394
 BOND   =      2048.0518  ANGLE   =      2441.3791  DIHED      =      1420.8827
 UB     =         0.0000  IMP     =         0.0000  CMAP       =       249.4316
 1-4 NB =      1163.9378  1-4 EEL =     15430.0496  VDWAALS    =     40140.8388
 EELEC  =   -364697.2107  EHBOND  =         0.0000  RESTRAINT  =         0.0000
 ------------------------------------------------------------------------------

wrapping first mol.:       76.60133      -54.16531       93.81709

 NSTEP =  2200000   TIME(PS) =  189440.000  TEMP(K) =   309.61  PRESS =     0.0
 Etot   =   -238498.2523  EKtot   =     63047.9023  EPtot      =   -301546.1546
 BOND   =      2121.6524  ANGLE   =      2463.5280  DIHED      =      1438.5977
 UB     =         0.0000  IMP     =         0.0000  CMAP       =       230.2738
 1-4 NB =      1135.6523  1-4 EEL =     15381.0076  VDWAALS    =     40971.4672
 EELEC  =   -365288.3335  EHBOND  =         0.0000  RESTRAINT  =         0.0000
 ------------------------------------------------------------------------------

wrapping first mol.:       76.60133      -54.16531       93.81709

 NSTEP =  2220000   TIME(PS) =  189480.000  TEMP(K) =   309.90  PRESS =     0.0
 Etot   =   -238526.3027  EKtot   =     63107.2695  EPtot      =   -301633.5722
 BOND   =      2066.1434  ANGLE   =      2447.9646  DIHED      =      1379.0973
 UB     =         0.0000  IMP     =         0.0000  CMAP       =       263.6437
 1-4 NB =      1171.7919  1-4 EEL =     15366.0807  VDWAALS    =     40685.5348
 EELEC  =   -365013.8287  EHBOND  =         0.0000  RESTRAINT  =         0.0000
 ------------------------------------------------------------------------------

wrapping first mol.:       76.60133      -54.16531       93.81709

 NSTEP =  2240000   TIME(PS) =  189520.000  TEMP(K) =   311.97  PRESS =     0.0
 Etot   =   -238373.0567  EKtot   =     63528.9180  EPtot      =   -301901.9747
 BOND   =      2083.3570  ANGLE   =      2395.0197  DIHED      =      1407.7426
 UB     =         0.0000  IMP     =         0.0000  CMAP       =       255.0360
 1-4 NB =      1152.1350  1-4 EEL =     15404.3120  VDWAALS    =     40708.9740
 EELEC  =   -365308.5510  EHBOND  =         0.0000  RESTRAINT  =         0.0000
 ------------------------------------------------------------------------------

wrapping first mol.:       76.60133      -54.16531       93.81709

 NSTEP =  2260000   TIME(PS) =  189560.000  TEMP(K) =   311.23  PRESS =     0.0
 Etot   =   -238392.3043  EKtot   =     63377.0078  EPtot      =   -301769.3121
 BOND   =      2075.7161  ANGLE   =      2475.9972  DIHED      =      1438.9660
 UB     =         0.0000  IMP     =         0.0000  CMAP       =       241.2160
 1-4 NB =      1170.9943  1-4 EEL =     15383.5416  VDWAALS    =     40589.8176
 EELEC  =   -365145.5609  EHBOND  =         0.0000  RESTRAINT  =         0.0000
 ------------------------------------------------------------------------------

wrapping first mol.:       76.60133      -54.16531       93.81709

 NSTEP =  2280000   TIME(PS) =  189600.000  TEMP(K) =   310.84  PRESS =     0.0
 Etot   =   -238585.7436  EKtot   =     63298.1953  EPtot      =   -301883.9389
 BOND   =      2066.4886  ANGLE   =      2464.3636  DIHED      =      1392.8154
 UB     =         0.0000  IMP     =         0.0000  CMAP       =       258.3850
 1-4 NB =      1176.5904  1-4 EEL =     15360.4482  VDWAALS    =     40555.2895
 EELEC  =   -365158.3195  EHBOND  =         0.0000  RESTRAINT  =         0.0000
 ------------------------------------------------------------------------------

wrapping first mol.:       76.60133      -54.16531       93.81709

 NSTEP =  2300000   TIME(PS) =  189640.000  TEMP(K) =   311.14  PRESS =     0.0
 Etot   =   -238670.7680  EKtot   =     63360.0898  EPtot      =   -302030.8579
 BOND   =      2094.1074  ANGLE   =      2416.9425  DIHED      =      1408.9032
 UB     =         0.0000  IMP     =         0.0000  CMAP       =       235.6657
 1-4 NB =      1168.1940  1-4 EEL =     15355.6640  VDWAALS    =     40725.7847
 EELEC  =   -365436.1194  EHBOND  =         0.0000  RESTRAINT  =         0.0000
 ------------------------------------------------------------------------------

wrapping first mol.:       76.60133      -54.16531       93.81709

 NSTEP =  2320000   TIME(PS) =  189680.000  TEMP(K) =   310.79  PRESS =     0.0
 Etot   =   -239134.8663  EKtot   =     63288.8164  EPtot      =   -302423.6827
 BOND   =      2084.3438  ANGLE   =      2418.8680  DIHED      =      1412.4059
 UB     =         0.0000  IMP     =         0.0000  CMAP       =       247.7746
 1-4 NB =      1188.1720  1-4 EEL =     15414.2969  VDWAALS    =     41003.6467
 EELEC  =   -366193.1906  EHBOND  =         0.0000  RESTRAINT  =         0.0000
 ------------------------------------------------------------------------------

wrapping first mol.:       76.60133      -54.16531       93.81709

 NSTEP =  2340000   TIME(PS) =  189720.000  TEMP(K) =   309.82  PRESS =     0.0
 Etot   =   -239158.1481  EKtot   =     63090.8594  EPtot      =   -302249.0075
 BOND   =      2069.7431  ANGLE   =      2437.1340  DIHED      =      1417.5917
 UB     =         0.0000  IMP     =         0.0000  CMAP       =       237.3635
 1-4 NB =      1197.7341  1-4 EEL =     15411.0362  VDWAALS    =     40834.5652
 EELEC  =   -365854.1753  EHBOND  =         0.0000  RESTRAINT  =         0.0000
 ------------------------------------------------------------------------------

wrapping first mol.:       76.60133      -54.16531       93.81709

 NSTEP =  2360000   TIME(PS) =  189760.000  TEMP(K) =   310.25  PRESS =     0.0
 Etot   =   -238750.2256  EKtot   =     63177.4297  EPtot      =   -301927.6553
 BOND   =      2133.3351  ANGLE   =      2358.3751  DIHED      =      1408.4765
 UB     =         0.0000  IMP     =         0.0000  CMAP       =       244.5663
 1-4 NB =      1168.5751  1-4 EEL =     15379.1997  VDWAALS    =     40744.0015
 EELEC  =   -365364.1847  EHBOND  =         0.0000  RESTRAINT  =         0.0000
 ------------------------------------------------------------------------------

wrapping first mol.:       76.60133      -54.16531       93.81709

 NSTEP =  2380000   TIME(PS) =  189800.000  TEMP(K) =   309.16  PRESS =     0.0
 Etot   =   -239137.4891  EKtot   =     62956.7578  EPtot      =   -302094.2469
 BOND   =      1995.9419  ANGLE   =      2422.4744  DIHED      =      1385.0454
 UB     =         0.0000  IMP     =         0.0000  CMAP       =       256.7627
 1-4 NB =      1159.9843  1-4 EEL =     15389.9857  VDWAALS    =     40688.6848
 EELEC  =   -365393.1261  EHBOND  =         0.0000  RESTRAINT  =         0.0000
 ------------------------------------------------------------------------------

wrapping first mol.:       76.60133      -54.16531       93.81709

 NSTEP =  2400000   TIME(PS) =  189840.000  TEMP(K) =   309.27  PRESS =     0.0
 Etot   =   -239017.2243  EKtot   =     62977.9883  EPtot      =   -301995.2126
 BOND   =      2136.6278  ANGLE   =      2483.3255  DIHED      =      1383.0783
 UB     =         0.0000  IMP     =         0.0000  CMAP       =       240.7139
 1-4 NB =      1174.2181  1-4 EEL =     15376.1522  VDWAALS    =     40280.2856
 EELEC  =   -365069.6140  EHBOND  =         0.0000  RESTRAINT  =         0.0000
 ------------------------------------------------------------------------------

wrapping first mol.:       76.60133      -54.16531       93.81709

 NSTEP =  2420000   TIME(PS) =  189880.000  TEMP(K) =   308.95  PRESS =     0.0
 Etot   =   -238942.6453  EKtot   =     62913.0234  EPtot      =   -301855.6687
 BOND   =      2062.8476  ANGLE   =      2407.8497  DIHED      =      1429.6054
 UB     =         0.0000  IMP     =         0.0000  CMAP       =       242.5249
 1-4 NB =      1160.4456  1-4 EEL =     15331.3978  VDWAALS    =     40634.5538
 EELEC  =   -365124.8934  EHBOND  =         0.0000  RESTRAINT  =         0.0000
 ------------------------------------------------------------------------------

wrapping first mol.:       76.60133      -54.16531       93.81709

 NSTEP =  2440000   TIME(PS) =  189920.000  TEMP(K) =   308.63  PRESS =     0.0
 Etot   =   -238833.6957  EKtot   =     62847.7539  EPtot      =   -301681.4496
 BOND   =      2085.7572  ANGLE   =      2412.9211  DIHED      =      1391.8054
 UB     =         0.0000  IMP     =         0.0000  CMAP       =       243.3213
 1-4 NB =      1187.3209  1-4 EEL =     15312.7785  VDWAALS    =     40602.1485
 EELEC  =   -364917.5025  EHBOND  =         0.0000  RESTRAINT  =         0.0000
 ------------------------------------------------------------------------------

wrapping first mol.:       76.60133      -54.16531       93.81709

 NSTEP =  2460000   TIME(PS) =  189960.000  TEMP(K) =   309.87  PRESS =     0.0
 Etot   =   -238513.4809  EKtot   =     63100.5156  EPtot      =   -301613.9965
 BOND   =      2135.7835  ANGLE   =      2451.3413  DIHED      =      1418.4237
 UB     =         0.0000  IMP     =         0.0000  CMAP       =       252.8238
 1-4 NB =      1184.4597  1-4 EEL =     15285.6051  VDWAALS    =     40621.1235
 EELEC  =   -364963.5573  EHBOND  =         0.0000  RESTRAINT  =         0.0000
 ------------------------------------------------------------------------------

wrapping first mol.:       76.60133      -54.16531       93.81709

 NSTEP =  2480000   TIME(PS) =  190000.000  TEMP(K) =   311.48  PRESS =     0.0
 Etot   =   -238714.4208  EKtot   =     63429.1016  EPtot      =   -302143.5224
 BOND   =      2070.2486  ANGLE   =      2350.3343  DIHED      =      1384.5515
 UB     =         0.0000  IMP     =         0.0000  CMAP       =       245.0640
 1-4 NB =      1194.9375  1-4 EEL =     15410.9090  VDWAALS    =     40269.6759
 EELEC  =   -365069.2432  EHBOND  =         0.0000  RESTRAINT  =         0.0000
 ------------------------------------------------------------------------------

wrapping first mol.:       76.60133      -54.16531       93.81709
wrapping first mol.:       76.60133      -54.16531       93.81709

 NSTEP =  2500000   TIME(PS) =  190040.000  TEMP(K) =   310.51  PRESS =     0.0
 Etot   =   -238897.5600  EKtot   =     63231.2852  EPtot      =   -302128.8452
 BOND   =      2088.9544  ANGLE   =      2407.1925  DIHED      =      1392.5191
 UB     =         0.0000  IMP     =         0.0000  CMAP       =       236.1136
 1-4 NB =      1169.7883  1-4 EEL =     15377.4364  VDWAALS    =     40574.3158
 EELEC  =   -365375.1653  EHBOND  =         0.0000  RESTRAINT  =         0.0000
 ------------------------------------------------------------------------------


      A V E R A G E S   O V E R     125 S T E P S


 NSTEP =  2500000   TIME(PS) =  190040.000  TEMP(K) =   309.96  PRESS =     0.0
 Etot   =   -238815.4625  EKtot   =     63118.2662  EPtot      =   -301933.7287
 BOND   =      2089.0875  ANGLE   =      2418.3223  DIHED      =      1406.8545
 UB     =         0.0000  IMP     =         0.0000  CMAP       =       245.3114
 1-4 NB =      1173.5725  1-4 EEL =     15386.7808  VDWAALS    =     40709.6453
 EELEC  =   -365363.3029  EHBOND  =         0.0000  RESTRAINT  =         0.0000
 ------------------------------------------------------------------------------


      R M S  F L U C T U A T I O N S


 NSTEP =  2500000   TIME(PS) =  190040.000  TEMP(K) =     1.03  PRESS =     0.0
 Etot   =       320.1314  EKtot   =       210.0830  EPtot      =       270.2249
 BOND   =        34.2445  ANGLE   =        37.1722  DIHED      =        21.3279
 UB     =         0.0000  IMP     =         0.0000  CMAP       =        13.3515
 1-4 NB =        13.4896  1-4 EEL =        51.0365  VDWAALS    =       276.0095
 EELEC  =       427.4954  EHBOND  =         0.0000  RESTRAINT  =         0.0000
 ------------------------------------------------------------------------------

--------------------------------------------------------------------------------
   5.  TIMINGS
--------------------------------------------------------------------------------

|  NonSetup CPU Time in Major Routines:
|
|     Routine           Sec        %
|     ------------------------------
|     Nonbond         148.38   11.12
|     Bond              0.00    0.00
|     Angle             0.00    0.00
|     Dihedral          0.00    0.00
|     Shake             9.69    0.73
|     RunMD          1173.78   87.99
|     Other             2.20    0.16
|     ------------------------------
|     Total          1334.06

|  PME Nonbond Pairlist CPU Time:
|
|     Routine              Sec        %
|     ---------------------------------
|     Set Up Cit           0.00    0.00
|     Build List           0.00    0.00
|     ---------------------------------
|     Total                0.00    0.00

|  PME Direct Force CPU Time:
|
|     Routine              Sec        %
|     ---------------------------------
|     NonBonded Calc       0.00    0.00
|     Exclude Masked       0.00    0.00
|     Other                1.40    0.10
|     ---------------------------------
|     Total                1.40    0.10

|  PME Reciprocal Force CPU Time:
|
|     Routine              Sec        %
|     ---------------------------------
|     1D bspline           0.00    0.00
|     Grid Charges         0.00    0.00
|     Scalar Sum           0.00    0.00
|     Gradient Sum         0.00    0.00
|     FFT                  0.00    0.00
|     ---------------------------------
|     Total                0.00    0.00

|  Final Performance Info:
|     -----------------------------------------------------
|     Average timings for last   80000 steps:
|     Elapsed(s) =      42.83 Per Step(ms) =       0.54
|         ns/day =     322.80   seconds/ns =     267.66
|
|     Average timings for all steps:
|     Elapsed(s) =    1335.94 Per Step(ms) =       0.53
|         ns/day =     323.37   seconds/ns =     267.19
|     -----------------------------------------------------

|  Setup CPU time:            1.15 seconds
|  NonSetup CPU time:      1334.06 seconds
|  Total CPU time:         1335.21 seconds     0.37 hours

|  Setup wall time:           2    seconds
|  NonSetup wall time:     1336    seconds
|  Total wall time:        1338    seconds     0.37 hours
