
          -------------------------------------------------------
          Amber 24 PMEMD                              2024
          -------------------------------------------------------

| PMEMD implementation of SANDER, Release 24

|  Compiled date/time: Thu Apr  3 17:55:38 2025
| Run on 11/09/2025 at 13:59:51

|   Executable path: pmemd.cuda_SPFP
| Working directory: /rs1/researchers/h/hall/vtnguye4/Amber_restart/cappedP1amber/P1_Simulation
|          Hostname: gpu24

  [-O]verwriting output

File Assignments:
|   MDIN: /rs1/researchers/h/hall/vtnguye4/Amber_restart/cappedP1amber/equil.in 
|  MDOUT: ./OUT_Files/equil67.out                                               
| INPCRD: ./RST_Files/equil66.rst7                                              
|   PARM: ./PRMTOP_Files/P1.prmtop                                              
| RESTRT: ./RST_Files/equil67.rst7                                              
|   REFC: refc                                                                  
|  MDVEL: mdvel                                                                 
|   MDEN: mden                                                                  
|  MDCRD: ./nc_Files/equil67.nc                                                 
| MDINFO: mdinfo                                                                
|  MDFRC: mdfrc                                                                 


 Here is the input file:

!Stage equilibration 5ns                                                       
&cntrl                                                                         
imin=0, irest=1, ntx=5,                                                        
nstlim=2500000, dt=0.002,                                                      
ntc=2, ntf=2, ig=-1,                                                           
ntt=3, gamma_ln=2.0,                                                           
tempi=310.0, temp0=310.0,                                                      
ntxo=2, ioutfm=1,                                                              
ntpr=20000, ntwx=20000,                                                        
ntb=1,                                                                         
cut=9.0,                                                                       
iwrap=1,                                                                       
/                                                                              


Note: ig = -1. Setting random seed to   861227 based on wallclock time in 
      microseconds.
| irandom = 1, using AMBER's internal random number generator (default).
 
|--------------------- INFORMATION ----------------------
| GPU (CUDA) Version of PMEMD in use: NVIDIA GPU IN USE.
|                    Version 18.0.0
| 
|                      03/25/2018
| 
| Implementation by:
|                    Ross C. Walker     (SDSC)
|                    Scott Le Grand     (nVIDIA)
| 
| Version 18 performance extensions by:
|                    David Cerutti     (Rutgers)
| 
| Precision model in use:
|      [SPFP] - Single Precision Forces, 64-bit Fixed Point
|               Accumulation. (Default)
| 
|--------------------------------------------------------
 
|----------------- CITATION INFORMATION -----------------
|
|    When publishing work that utilized the CUDA version
|    of AMBER, please cite the following in addition to
|    the regular AMBER citations:
|
|  - Romelia Salomon-Ferrer; Andreas W. Goetz; Duncan
|    Poole; Scott Le Grand; Ross C. Walker "Routine
|    microsecond molecular dynamics simulations with
|    AMBER - Part II: Particle Mesh Ewald", J. Chem.
|    Theory Comput., 2013, 9 (9), pp3878-3888,
|    DOI: 10.1021/ct400314y.
|
|  - Andreas W. Goetz; Mark J. Williamson; Dong Xu;
|    Duncan Poole; Scott Le Grand; Ross C. Walker
|    "Routine microsecond molecular dynamics simulations
|    with AMBER - Part I: Generalized Born", J. Chem.
|    Theory Comput., 2012, 8 (5), pp1542-1555.
|
|  - Scott Le Grand; Andreas W. Goetz; Ross C. Walker
|    "SPFP: Speed without compromise - a mixed precision
|    model for GPU accelerated molecular dynamics
|    simulations.", Comp. Phys. Comm., 2013, 184
|    pp374-380, DOI: 10.1016/j.cpc.2012.09.022
|
|--------------------------------------------------------
 
|------------------- GPU DEVICE INFO --------------------
|
|            CUDA_VISIBLE_DEVICES: 0
|   CUDA Capable Devices Detected:      1
|           CUDA Device ID in use:      0
|                CUDA Device Name: NVIDIA L40S
|     CUDA Device Global Mem Size:  45487 MB
| CUDA Device Num Multiprocessors:    142
|           CUDA Device Core Freq:   2.52 GHz
|
|--------------------------------------------------------
 
 
| Conditional Compilation Defines Used:
| PUBFFT
| BINTRAJ
| CUDA
| EMIL

| Largest sphere to fit in unit cell has radius =    46.909

| New format PARM file being parsed.
| Version =    1.000 Date = 10/28/25 Time = 16:56:02

| Note: 1-4 EEL scale factors are being read from the topology file.

| Note: 1-4 VDW scale factors are being read from the topology file.
| Duplicated    0 dihedrals

| Duplicated    0 dihedrals

--------------------------------------------------------------------------------
   1.  RESOURCE   USE: 
--------------------------------------------------------------------------------

 getting box info from netcdf restart file
 NATOM  =  101202 NTYPES =      11 NBONH =   98658 MBONA  =    2544
 NTHETH =    5904 MTHETA =    3408 NPHIH =   11760 MPHIA  =   10368
 NHPARM =       0 NPARM  =       0 NNB   =  155656 NRES   =   32422
 NBONA  =    2544 NTHETA =    3408 NPHIA =   10368 NUMBND =      27
 NUMANG =      54 NPTRA  =      59 NATYP =      16 NPHB   =       0
 IFBOX  =       2 NMXRS  =      21 IFCAP =       0 NEXTRA =       0
 NCOPY  =       0

| Coordinate Index Table dimensions:    20   20   20
| Direct force subcell size =     5.7451    5.7451    5.7451

     BOX TYPE: TRUNCATED OCTAHEDRON

--------------------------------------------------------------------------------
   2.  CONTROL  DATA  FOR  THE  RUN
--------------------------------------------------------------------------------

default_name                                                                    

General flags:
     imin    =       0, nmropt  =       0

Nature and format of input:
     ntx     =       5, irest   =       1, ntrx    =       1

Nature and format of output:
     ntxo    =       2, ntpr    =   20000, ntrx    =       1, ntwr    = 2500000
     iwrap   =       1, ntwx    =   20000, ntwv    =       0, ntwe    =       0
     ioutfm  =       1, ntwprt  =       0, idecomp =       0, rbornstat=      0

Potential function:
     ntf     =       2, ntb     =       1, igb     =       0, nsnb    =      25
     ipol    =       0, gbsa    =       0, iesp    =       0
     dielc   =   1.00000, cut     =   9.00000, intdiel =   1.00000

Frozen or restrained atoms:
     ibelly  =       0, ntr     =       0

Molecular dynamics:
     nstlim  =   2500000, nscm    =      1000, nrespa  =         1
     t       =   0.00000, dt      =   0.00200, vlimit  =  -1.00000

Langevin dynamics temperature regulation:
     ig      =  861227
     temp0   = 310.00000, tempi   = 310.00000, gamma_ln=   2.00000

SHAKE:
     ntc     =       2, jfastw  =       0
     tol     =   0.00001

| Intermolecular bonds treatment:
|     no_intermolecular_bonds =       1

| Energy averages sample interval:
|     ene_avg_sampling =   20000

Ewald parameters:
     verbose =       0, ew_type =       0, nbflag  =       1, use_pme =       1
     vdwmeth =       1, eedmeth =       1, netfrc  =       1
     Box X =  114.902   Box Y =  114.902   Box Z =  114.902
     Alpha =  109.471   Beta  =  109.471   Gamma =  109.471
     NFFT1 =  120       NFFT2 =  120       NFFT3 =  120
     Cutoff=    9.000   Tol   =0.100E-04
     Ewald Coefficient =  0.30768
     Interpolation order =    4

--------------------------------------------------------------------------------
   3.  ATOMIC COORDINATES AND VELOCITIES
--------------------------------------------------------------------------------

default_name                                                                    
 begin time read from input coords =330040.000 ps

 
 Number of triangulated 3-point waters found:    31990

     Sum of charges from parm topology file =  -0.00000047
     Forcing neutrality...

| Dynamic Memory, Types Used:
| Reals             3080462
| Integers          3650456

| Nonbonded Pairs Initial Allocation:    23074056

| GPU memory information (estimate):
| KB of GPU memory in use:    789634
| KB of CPU memory in use:    210424

--------------------------------------------------------------------------------
   4.  RESULTS
--------------------------------------------------------------------------------

wrapping first mol.:       76.60133      -54.16531       93.81709

 NSTEP =    20000   TIME(PS) =  330080.000  TEMP(K) =   309.24  PRESS =     0.0
 Etot   =   -238973.7686  EKtot   =     62973.1250  EPtot      =   -301946.8936
 BOND   =      2105.9992  ANGLE   =      2355.3260  DIHED      =      1417.3511
 UB     =         0.0000  IMP     =         0.0000  CMAP       =       254.0536
 1-4 NB =      1172.8332  1-4 EEL =     15476.4570  VDWAALS    =     41072.5576
 EELEC  =   -365801.4712  EHBOND  =         0.0000  RESTRAINT  =         0.0000
 ------------------------------------------------------------------------------

wrapping first mol.:       76.60133      -54.16531       93.81709

 NSTEP =    40000   TIME(PS) =  330120.000  TEMP(K) =   309.96  PRESS =     0.0
 Etot   =   -239082.3225  EKtot   =     63118.5977  EPtot      =   -302200.9201
 BOND   =      2095.7137  ANGLE   =      2420.7897  DIHED      =      1469.1049
 UB     =         0.0000  IMP     =         0.0000  CMAP       =       256.8604
 1-4 NB =      1167.5739  1-4 EEL =     15370.0233  VDWAALS    =     41372.9939
 EELEC  =   -366353.9800  EHBOND  =         0.0000  RESTRAINT  =         0.0000
 ------------------------------------------------------------------------------

wrapping first mol.:       76.60133      -54.16531       93.81709

 NSTEP =    60000   TIME(PS) =  330160.000  TEMP(K) =   311.51  PRESS =     0.0
 Etot   =   -238402.2324  EKtot   =     63434.5938  EPtot      =   -301836.8261
 BOND   =      2056.5867  ANGLE   =      2429.9260  DIHED      =      1439.5002
 UB     =         0.0000  IMP     =         0.0000  CMAP       =       255.2723
 1-4 NB =      1179.9690  1-4 EEL =     15483.4014  VDWAALS    =     40419.0989
 EELEC  =   -365100.5805  EHBOND  =         0.0000  RESTRAINT  =         0.0000
 ------------------------------------------------------------------------------

wrapping first mol.:       76.60133      -54.16531       93.81709

 NSTEP =    80000   TIME(PS) =  330200.000  TEMP(K) =   310.23  PRESS =     0.0
 Etot   =   -238829.5932  EKtot   =     63173.1719  EPtot      =   -302002.7650
 BOND   =      2010.0056  ANGLE   =      2450.7060  DIHED      =      1428.7789
 UB     =         0.0000  IMP     =         0.0000  CMAP       =       243.4759
 1-4 NB =      1180.2335  1-4 EEL =     15462.0800  VDWAALS    =     40857.7858
 EELEC  =   -365635.8308  EHBOND  =         0.0000  RESTRAINT  =         0.0000
 ------------------------------------------------------------------------------

wrapping first mol.:       76.60133      -54.16531       93.81709

 NSTEP =   100000   TIME(PS) =  330240.000  TEMP(K) =   311.71  PRESS =     0.0
 Etot   =   -238634.1610  EKtot   =     63474.9258  EPtot      =   -302109.0868
 BOND   =      2093.8348  ANGLE   =      2438.6009  DIHED      =      1414.3846
 UB     =         0.0000  IMP     =         0.0000  CMAP       =       247.0923
 1-4 NB =      1142.8954  1-4 EEL =     15414.4411  VDWAALS    =     40748.1334
 EELEC  =   -365608.4693  EHBOND  =         0.0000  RESTRAINT  =         0.0000
 ------------------------------------------------------------------------------

wrapping first mol.:       76.60133      -54.16531       93.81709

 NSTEP =   120000   TIME(PS) =  330280.000  TEMP(K) =   309.14  PRESS =     0.0
 Etot   =   -239030.2673  EKtot   =     62951.1289  EPtot      =   -301981.3962
 BOND   =      2073.0000  ANGLE   =      2408.4022  DIHED      =      1437.8137
 UB     =         0.0000  IMP     =         0.0000  CMAP       =       249.3241
 1-4 NB =      1189.4805  1-4 EEL =     15350.9042  VDWAALS    =     41059.4919
 EELEC  =   -365749.8128  EHBOND  =         0.0000  RESTRAINT  =         0.0000
 ------------------------------------------------------------------------------

wrapping first mol.:       76.60133      -54.16531       93.81709

 NSTEP =   140000   TIME(PS) =  330320.000  TEMP(K) =   309.73  PRESS =     0.0
 Etot   =   -238958.2634  EKtot   =     63071.7031  EPtot      =   -302029.9665
 BOND   =      2036.3177  ANGLE   =      2447.9469  DIHED      =      1393.9339
 UB     =         0.0000  IMP     =         0.0000  CMAP       =       259.9910
 1-4 NB =      1178.3809  1-4 EEL =     15434.3638  VDWAALS    =     40489.1700
 EELEC  =   -365270.0707  EHBOND  =         0.0000  RESTRAINT  =         0.0000
 ------------------------------------------------------------------------------

wrapping first mol.:       76.60133      -54.16531       93.81709

 NSTEP =   160000   TIME(PS) =  330360.000  TEMP(K) =   309.90  PRESS =     0.0
 Etot   =   -238954.8460  EKtot   =     63107.1484  EPtot      =   -302061.9945
 BOND   =      2120.9839  ANGLE   =      2478.4867  DIHED      =      1392.8759
 UB     =         0.0000  IMP     =         0.0000  CMAP       =       240.0753
 1-4 NB =      1166.4410  1-4 EEL =     15351.5941  VDWAALS    =     41048.1598
 EELEC  =   -365860.6112  EHBOND  =         0.0000  RESTRAINT  =         0.0000
 ------------------------------------------------------------------------------

wrapping first mol.:       76.60133      -54.16531       93.81709

 NSTEP =   180000   TIME(PS) =  330400.000  TEMP(K) =   309.22  PRESS =     0.0
 Etot   =   -238575.3212  EKtot   =     62967.8359  EPtot      =   -301543.1572
 BOND   =      2072.1711  ANGLE   =      2358.7732  DIHED      =      1447.6341
 UB     =         0.0000  IMP     =         0.0000  CMAP       =       264.2108
 1-4 NB =      1184.9288  1-4 EEL =     15425.9083  VDWAALS    =     41148.8032
 EELEC  =   -365445.5866  EHBOND  =         0.0000  RESTRAINT  =         0.0000
 ------------------------------------------------------------------------------

wrapping first mol.:       76.60133      -54.16531       93.81709

 NSTEP =   200000   TIME(PS) =  330440.000  TEMP(K) =   309.62  PRESS =     0.0
 Etot   =   -239024.8202  EKtot   =     63050.5586  EPtot      =   -302075.3787
 BOND   =      2094.3657  ANGLE   =      2421.8725  DIHED      =      1366.8554
 UB     =         0.0000  IMP     =         0.0000  CMAP       =       268.2824
 1-4 NB =      1163.8387  1-4 EEL =     15373.2028  VDWAALS    =     40293.8979
 EELEC  =   -365057.6942  EHBOND  =         0.0000  RESTRAINT  =         0.0000
 ------------------------------------------------------------------------------

wrapping first mol.:       76.60133      -54.16531       93.81709

 NSTEP =   220000   TIME(PS) =  330480.000  TEMP(K) =   310.36  PRESS =     0.0
 Etot   =   -238498.3819  EKtot   =     63201.2656  EPtot      =   -301699.6476
 BOND   =      2150.0478  ANGLE   =      2407.4620  DIHED      =      1401.1045
 UB     =         0.0000  IMP     =         0.0000  CMAP       =       248.2496
 1-4 NB =      1150.2270  1-4 EEL =     15435.4389  VDWAALS    =     40414.2398
 EELEC  =   -364906.4171  EHBOND  =         0.0000  RESTRAINT  =         0.0000
 ------------------------------------------------------------------------------

wrapping first mol.:       76.60133      -54.16531       93.81709

 NSTEP =   240000   TIME(PS) =  330520.000  TEMP(K) =   309.32  PRESS =     0.0
 Etot   =   -238952.2557  EKtot   =     62988.9688  EPtot      =   -301941.2245
 BOND   =      2097.5679  ANGLE   =      2402.8760  DIHED      =      1401.2454
 UB     =         0.0000  IMP     =         0.0000  CMAP       =       236.9622
 1-4 NB =      1145.9467  1-4 EEL =     15364.1607  VDWAALS    =     41081.6624
 EELEC  =   -365671.6457  EHBOND  =         0.0000  RESTRAINT  =         0.0000
 ------------------------------------------------------------------------------

wrapping first mol.:       76.60133      -54.16531       93.81709

 NSTEP =   260000   TIME(PS) =  330560.000  TEMP(K) =   311.48  PRESS =     0.0
 Etot   =   -238105.6507  EKtot   =     63428.3789  EPtot      =   -301534.0296
 BOND   =      2109.3322  ANGLE   =      2412.0153  DIHED      =      1395.7500
 UB     =         0.0000  IMP     =         0.0000  CMAP       =       221.8124
 1-4 NB =      1183.7185  1-4 EEL =     15431.1692  VDWAALS    =     40423.7575
 EELEC  =   -364711.5846  EHBOND  =         0.0000  RESTRAINT  =         0.0000
 ------------------------------------------------------------------------------

wrapping first mol.:       76.60133      -54.16531       93.81709

 NSTEP =   280000   TIME(PS) =  330600.000  TEMP(K) =   309.54  PRESS =     0.0
 Etot   =   -238921.8589  EKtot   =     63032.9219  EPtot      =   -301954.7807
 BOND   =      2049.9654  ANGLE   =      2463.4730  DIHED      =      1410.5569
 UB     =         0.0000  IMP     =         0.0000  CMAP       =       241.7019
 1-4 NB =      1178.0206  1-4 EEL =     15441.0864  VDWAALS    =     40330.9055
 EELEC  =   -365070.4905  EHBOND  =         0.0000  RESTRAINT  =         0.0000
 ------------------------------------------------------------------------------

wrapping first mol.:       76.60133      -54.16531       93.81709

 NSTEP =   300000   TIME(PS) =  330640.000  TEMP(K) =   309.59  PRESS =     0.0
 Etot   =   -238736.4154  EKtot   =     63044.4336  EPtot      =   -301780.8490
 BOND   =      2032.6272  ANGLE   =      2363.8309  DIHED      =      1391.1271
 UB     =         0.0000  IMP     =         0.0000  CMAP       =       256.0239
 1-4 NB =      1179.1946  1-4 EEL =     15430.9127  VDWAALS    =     40484.5191
 EELEC  =   -364919.0845  EHBOND  =         0.0000  RESTRAINT  =         0.0000
 ------------------------------------------------------------------------------

wrapping first mol.:       76.60133      -54.16531       93.81709

 NSTEP =   320000   TIME(PS) =  330680.000  TEMP(K) =   309.75  PRESS =     0.0
 Etot   =   -238497.9756  EKtot   =     63076.7109  EPtot      =   -301574.6865
 BOND   =      2050.7368  ANGLE   =      2444.5892  DIHED      =      1403.3849
 UB     =         0.0000  IMP     =         0.0000  CMAP       =       254.2446
 1-4 NB =      1178.1438  1-4 EEL =     15426.8474  VDWAALS    =     40254.2587
 EELEC  =   -364586.8919  EHBOND  =         0.0000  RESTRAINT  =         0.0000
 ------------------------------------------------------------------------------

wrapping first mol.:       76.60133      -54.16531       93.81709

 NSTEP =   340000   TIME(PS) =  330720.000  TEMP(K) =   308.44  PRESS =     0.0
 Etot   =   -238464.4868  EKtot   =     62809.3203  EPtot      =   -301273.8072
 BOND   =      2127.5563  ANGLE   =      2447.1148  DIHED      =      1416.3231
 UB     =         0.0000  IMP     =         0.0000  CMAP       =       245.8862
 1-4 NB =      1181.0300  1-4 EEL =     15443.0521  VDWAALS    =     40855.4056
 EELEC  =   -364990.1753  EHBOND  =         0.0000  RESTRAINT  =         0.0000
 ------------------------------------------------------------------------------

wrapping first mol.:       76.60133      -54.16531       93.81709

 NSTEP =   360000   TIME(PS) =  330760.000  TEMP(K) =   310.90  PRESS =     0.0
 Etot   =   -238471.5123  EKtot   =     63309.5312  EPtot      =   -301781.0435
 BOND   =      2127.4772  ANGLE   =      2404.5813  DIHED      =      1421.1673
 UB     =         0.0000  IMP     =         0.0000  CMAP       =       251.1553
 1-4 NB =      1180.2618  1-4 EEL =     15489.1272  VDWAALS    =     40756.4909
 EELEC  =   -365411.3045  EHBOND  =         0.0000  RESTRAINT  =         0.0000
 ------------------------------------------------------------------------------

wrapping first mol.:       76.60133      -54.16531       93.81709

 NSTEP =   380000   TIME(PS) =  330800.000  TEMP(K) =   310.79  PRESS =     0.0
 Etot   =   -238413.1498  EKtot   =     63288.6719  EPtot      =   -301701.8217
 BOND   =      2078.3499  ANGLE   =      2455.9996  DIHED      =      1401.9699
 UB     =         0.0000  IMP     =         0.0000  CMAP       =       244.9622
 1-4 NB =      1157.7353  1-4 EEL =     15441.1579  VDWAALS    =     40262.5664
 EELEC  =   -364744.5630  EHBOND  =         0.0000  RESTRAINT  =         0.0000
 ------------------------------------------------------------------------------

wrapping first mol.:       76.60133      -54.16531       93.81709

 NSTEP =   400000   TIME(PS) =  330840.000  TEMP(K) =   309.41  PRESS =     0.0
 Etot   =   -238739.9458  EKtot   =     63007.0234  EPtot      =   -301746.9692
 BOND   =      2077.6337  ANGLE   =      2463.5396  DIHED      =      1441.4789
 UB     =         0.0000  IMP     =         0.0000  CMAP       =       228.1497
 1-4 NB =      1162.8057  1-4 EEL =     15465.5526  VDWAALS    =     40544.5325
 EELEC  =   -365130.6619  EHBOND  =         0.0000  RESTRAINT  =         0.0000
 ------------------------------------------------------------------------------

wrapping first mol.:       76.60133      -54.16531       93.81709

 NSTEP =   420000   TIME(PS) =  330880.000  TEMP(K) =   311.21  PRESS =     0.0
 Etot   =   -238675.2545  EKtot   =     63373.3438  EPtot      =   -302048.5983
 BOND   =      2070.3979  ANGLE   =      2372.3578  DIHED      =      1414.7631
 UB     =         0.0000  IMP     =         0.0000  CMAP       =       241.9498
 1-4 NB =      1174.2508  1-4 EEL =     15479.3188  VDWAALS    =     40457.7142
 EELEC  =   -365259.3506  EHBOND  =         0.0000  RESTRAINT  =         0.0000
 ------------------------------------------------------------------------------

wrapping first mol.:       76.60133      -54.16531       93.81709

 NSTEP =   440000   TIME(PS) =  330920.000  TEMP(K) =   309.72  PRESS =     0.0
 Etot   =   -238607.3707  EKtot   =     63070.0156  EPtot      =   -301677.3863
 BOND   =      2058.0710  ANGLE   =      2432.0143  DIHED      =      1420.8082
 UB     =         0.0000  IMP     =         0.0000  CMAP       =       264.8139
 1-4 NB =      1168.1907  1-4 EEL =     15409.2476  VDWAALS    =     40670.3566
 EELEC  =   -365100.8885  EHBOND  =         0.0000  RESTRAINT  =         0.0000
 ------------------------------------------------------------------------------

wrapping first mol.:       76.60133      -54.16531       93.81709

 NSTEP =   460000   TIME(PS) =  330960.000  TEMP(K) =   310.22  PRESS =     0.0
 Etot   =   -239109.3820  EKtot   =     63172.1016  EPtot      =   -302281.4836
 BOND   =      2147.2140  ANGLE   =      2368.7996  DIHED      =      1422.5963
 UB     =         0.0000  IMP     =         0.0000  CMAP       =       241.7263
 1-4 NB =      1160.5683  1-4 EEL =     15436.6463  VDWAALS    =     41132.8494
 EELEC  =   -366191.8838  EHBOND  =         0.0000  RESTRAINT  =         0.0000
 ------------------------------------------------------------------------------

wrapping first mol.:       76.60133      -54.16531       93.81709

 NSTEP =   480000   TIME(PS) =  331000.000  TEMP(K) =   308.31  PRESS =     0.0
 Etot   =   -239158.4981  EKtot   =     62782.8867  EPtot      =   -301941.3849
 BOND   =      2094.2810  ANGLE   =      2343.3975  DIHED      =      1428.5706
 UB     =         0.0000  IMP     =         0.0000  CMAP       =       257.1568
 1-4 NB =      1166.6660  1-4 EEL =     15391.7401  VDWAALS    =     41010.9349
 EELEC  =   -365634.1317  EHBOND  =         0.0000  RESTRAINT  =         0.0000
 ------------------------------------------------------------------------------

wrapping first mol.:       76.60133      -54.16531       93.81709

 NSTEP =   500000   TIME(PS) =  331040.000  TEMP(K) =   311.55  PRESS =     0.0
 Etot   =   -238777.3914  EKtot   =     63442.0430  EPtot      =   -302219.4344
 BOND   =      2112.1730  ANGLE   =      2464.0519  DIHED      =      1432.3514
 UB     =         0.0000  IMP     =         0.0000  CMAP       =       250.9662
 1-4 NB =      1176.5487  1-4 EEL =     15489.6585  VDWAALS    =     40728.9185
 EELEC  =   -365874.1026  EHBOND  =         0.0000  RESTRAINT  =         0.0000
 ------------------------------------------------------------------------------

wrapping first mol.:       76.60133      -54.16531       93.81709

 NSTEP =   520000   TIME(PS) =  331080.000  TEMP(K) =   311.05  PRESS =     0.0
 Etot   =   -239072.6233  EKtot   =     63340.2188  EPtot      =   -302412.8420
 BOND   =      2112.8695  ANGLE   =      2501.1382  DIHED      =      1431.9819
 UB     =         0.0000  IMP     =         0.0000  CMAP       =       259.8399
 1-4 NB =      1142.9378  1-4 EEL =     15462.2647  VDWAALS    =     40822.9973
 EELEC  =   -366146.8715  EHBOND  =         0.0000  RESTRAINT  =         0.0000
 ------------------------------------------------------------------------------

wrapping first mol.:       76.60133      -54.16531       93.81709

 NSTEP =   540000   TIME(PS) =  331120.000  TEMP(K) =   310.12  PRESS =     0.0
 Etot   =   -238757.1867  EKtot   =     63151.9297  EPtot      =   -301909.1164
 BOND   =      2098.6432  ANGLE   =      2448.6008  DIHED      =      1403.9848
 UB     =         0.0000  IMP     =         0.0000  CMAP       =       247.5654
 1-4 NB =      1187.5575  1-4 EEL =     15507.2307  VDWAALS    =     41014.7566
 EELEC  =   -365817.4554  EHBOND  =         0.0000  RESTRAINT  =         0.0000
 ------------------------------------------------------------------------------

wrapping first mol.:       76.60133      -54.16531       93.81709

 NSTEP =   560000   TIME(PS) =  331160.000  TEMP(K) =   311.21  PRESS =     0.0
 Etot   =   -238657.5293  EKtot   =     63374.1445  EPtot      =   -302031.6738
 BOND   =      2113.5808  ANGLE   =      2426.5158  DIHED      =      1422.6921
 UB     =         0.0000  IMP     =         0.0000  CMAP       =       231.5295
 1-4 NB =      1167.4616  1-4 EEL =     15428.7214  VDWAALS    =     41209.8085
 EELEC  =   -366031.9835  EHBOND  =         0.0000  RESTRAINT  =         0.0000
 ------------------------------------------------------------------------------

wrapping first mol.:       76.60133      -54.16531       93.81709

 NSTEP =   580000   TIME(PS) =  331200.000  TEMP(K) =   311.40  PRESS =     0.0
 Etot   =   -238838.1947  EKtot   =     63411.3086  EPtot      =   -302249.5033
 BOND   =      2123.5233  ANGLE   =      2375.7014  DIHED      =      1377.6589
 UB     =         0.0000  IMP     =         0.0000  CMAP       =       255.9438
 1-4 NB =      1183.1230  1-4 EEL =     15481.0005  VDWAALS    =     40791.6539
 EELEC  =   -365838.1081  EHBOND  =         0.0000  RESTRAINT  =         0.0000
 ------------------------------------------------------------------------------

wrapping first mol.:       76.60133      -54.16531       93.81709

 NSTEP =   600000   TIME(PS) =  331240.000  TEMP(K) =   310.59  PRESS =     0.0
 Etot   =   -239163.1488  EKtot   =     63247.2930  EPtot      =   -302410.4417
 BOND   =      2076.0023  ANGLE   =      2394.1250  DIHED      =      1414.3357
 UB     =         0.0000  IMP     =         0.0000  CMAP       =       251.1969
 1-4 NB =      1156.0460  1-4 EEL =     15453.9940  VDWAALS    =     40643.0135
 EELEC  =   -365799.1551  EHBOND  =         0.0000  RESTRAINT  =         0.0000
 ------------------------------------------------------------------------------

wrapping first mol.:       76.60133      -54.16531       93.81709

 NSTEP =   620000   TIME(PS) =  331280.000  TEMP(K) =   309.59  PRESS =     0.0
 Etot   =   -238923.8160  EKtot   =     63044.4414  EPtot      =   -301968.2575
 BOND   =      2102.2952  ANGLE   =      2453.2601  DIHED      =      1410.2891
 UB     =         0.0000  IMP     =         0.0000  CMAP       =       231.5463
 1-4 NB =      1147.7699  1-4 EEL =     15383.7273  VDWAALS    =     41111.5551
 EELEC  =   -365808.7006  EHBOND  =         0.0000  RESTRAINT  =         0.0000
 ------------------------------------------------------------------------------

wrapping first mol.:       76.60133      -54.16531       93.81709

 NSTEP =   640000   TIME(PS) =  331320.000  TEMP(K) =   310.57  PRESS =     0.0
 Etot   =   -238652.1260  EKtot   =     63242.8008  EPtot      =   -301894.9268
 BOND   =      2074.3470  ANGLE   =      2440.8779  DIHED      =      1402.0106
 UB     =         0.0000  IMP     =         0.0000  CMAP       =       228.1190
 1-4 NB =      1160.2533  1-4 EEL =     15460.4900  VDWAALS    =     40993.2800
 EELEC  =   -365654.3045  EHBOND  =         0.0000  RESTRAINT  =         0.0000
 ------------------------------------------------------------------------------

wrapping first mol.:       76.60133      -54.16531       93.81709

 NSTEP =   660000   TIME(PS) =  331360.000  TEMP(K) =   308.87  PRESS =     0.0
 Etot   =   -239274.8602  EKtot   =     62897.2266  EPtot      =   -302172.0868
 BOND   =      2041.3954  ANGLE   =      2403.0315  DIHED      =      1397.9613
 UB     =         0.0000  IMP     =         0.0000  CMAP       =       253.3039
 1-4 NB =      1183.5883  1-4 EEL =     15437.9845  VDWAALS    =     41062.1956
 EELEC  =   -365951.5472  EHBOND  =         0.0000  RESTRAINT  =         0.0000
 ------------------------------------------------------------------------------

wrapping first mol.:       76.60133      -54.16531       93.81709

 NSTEP =   680000   TIME(PS) =  331400.000  TEMP(K) =   310.79  PRESS =     0.0
 Etot   =   -238980.2995  EKtot   =     63288.8359  EPtot      =   -302269.1355
 BOND   =      2072.2643  ANGLE   =      2406.3058  DIHED      =      1443.5738
 UB     =         0.0000  IMP     =         0.0000  CMAP       =       250.7785
 1-4 NB =      1163.1449  1-4 EEL =     15486.7934  VDWAALS    =     41203.3974
 EELEC  =   -366295.3936  EHBOND  =         0.0000  RESTRAINT  =         0.0000
 ------------------------------------------------------------------------------

wrapping first mol.:       76.60133      -54.16531       93.81709

 NSTEP =   700000   TIME(PS) =  331440.000  TEMP(K) =   309.79  PRESS =     0.0
 Etot   =   -238914.3291  EKtot   =     63085.1484  EPtot      =   -301999.4776
 BOND   =      2039.9959  ANGLE   =      2408.7623  DIHED      =      1398.4846
 UB     =         0.0000  IMP     =         0.0000  CMAP       =       251.0371
 1-4 NB =      1152.9768  1-4 EEL =     15459.3012  VDWAALS    =     40875.3931
 EELEC  =   -365585.4288  EHBOND  =         0.0000  RESTRAINT  =         0.0000
 ------------------------------------------------------------------------------

wrapping first mol.:       76.60133      -54.16531       93.81709

 NSTEP =   720000   TIME(PS) =  331480.000  TEMP(K) =   309.36  PRESS =     0.0
 Etot   =   -238867.2680  EKtot   =     62996.5156  EPtot      =   -301863.7837
 BOND   =      2109.9536  ANGLE   =      2420.4098  DIHED      =      1450.3482
 UB     =         0.0000  IMP     =         0.0000  CMAP       =       243.8023
 1-4 NB =      1168.5828  1-4 EEL =     15451.4980  VDWAALS    =     40916.6035
 EELEC  =   -365624.9820  EHBOND  =         0.0000  RESTRAINT  =         0.0000
 ------------------------------------------------------------------------------

wrapping first mol.:       76.60133      -54.16531       93.81709

 NSTEP =   740000   TIME(PS) =  331520.000  TEMP(K) =   310.74  PRESS =     0.0
 Etot   =   -238598.3562  EKtot   =     63277.1172  EPtot      =   -301875.4734
 BOND   =      2069.2283  ANGLE   =      2369.1405  DIHED      =      1410.7179
 UB     =         0.0000  IMP     =         0.0000  CMAP       =       251.5162
 1-4 NB =      1166.0361  1-4 EEL =     15365.6698  VDWAALS    =     40730.2178
 EELEC  =   -365238.0000  EHBOND  =         0.0000  RESTRAINT  =         0.0000
 ------------------------------------------------------------------------------

wrapping first mol.:       76.60133      -54.16531       93.81709

 NSTEP =   760000   TIME(PS) =  331560.000  TEMP(K) =   311.50  PRESS =     0.0
 Etot   =   -238496.1204  EKtot   =     63433.2461  EPtot      =   -301929.3665
 BOND   =      2043.9960  ANGLE   =      2477.6391  DIHED      =      1392.5845
 UB     =         0.0000  IMP     =         0.0000  CMAP       =       255.5083
 1-4 NB =      1173.3397  1-4 EEL =     15432.9865  VDWAALS    =     40567.8845
 EELEC  =   -365273.3051  EHBOND  =         0.0000  RESTRAINT  =         0.0000
 ------------------------------------------------------------------------------

wrapping first mol.:       76.60133      -54.16531       93.81709

 NSTEP =   780000   TIME(PS) =  331600.000  TEMP(K) =   310.36  PRESS =     0.0
 Etot   =   -238777.5779  EKtot   =     63200.8320  EPtot      =   -301978.4100
 BOND   =      2119.7055  ANGLE   =      2449.4109  DIHED      =      1435.7754
 UB     =         0.0000  IMP     =         0.0000  CMAP       =       261.2800
 1-4 NB =      1160.8612  1-4 EEL =     15451.7140  VDWAALS    =     40456.8079
 EELEC  =   -365313.9648  EHBOND  =         0.0000  RESTRAINT  =         0.0000
 ------------------------------------------------------------------------------

wrapping first mol.:       76.60133      -54.16531       93.81709

 NSTEP =   800000   TIME(PS) =  331640.000  TEMP(K) =   308.54  PRESS =     0.0
 Etot   =   -238774.5502  EKtot   =     62829.3867  EPtot      =   -301603.9369
 BOND   =      2093.4804  ANGLE   =      2391.0913  DIHED      =      1452.8974
 UB     =         0.0000  IMP     =         0.0000  CMAP       =       272.4828
 1-4 NB =      1173.6214  1-4 EEL =     15394.9673  VDWAALS    =     40950.2963
 EELEC  =   -365332.7737  EHBOND  =         0.0000  RESTRAINT  =         0.0000
 ------------------------------------------------------------------------------

wrapping first mol.:       76.60133      -54.16531       93.81709

 NSTEP =   820000   TIME(PS) =  331680.000  TEMP(K) =   311.82  PRESS =     0.0
 Etot   =   -238584.7984  EKtot   =     63497.4453  EPtot      =   -302082.2437
 BOND   =      2118.2599  ANGLE   =      2427.3984  DIHED      =      1385.9769
 UB     =         0.0000  IMP     =         0.0000  CMAP       =       253.4068
 1-4 NB =      1155.6171  1-4 EEL =     15450.3271  VDWAALS    =     40714.3773
 EELEC  =   -365587.6073  EHBOND  =         0.0000  RESTRAINT  =         0.0000
 ------------------------------------------------------------------------------

wrapping first mol.:       76.60133      -54.16531       93.81709

 NSTEP =   840000   TIME(PS) =  331720.000  TEMP(K) =   311.17  PRESS =     0.0
 Etot   =   -238803.4138  EKtot   =     63365.9336  EPtot      =   -302169.3474
 BOND   =      2070.1577  ANGLE   =      2424.5310  DIHED      =      1402.6869
 UB     =         0.0000  IMP     =         0.0000  CMAP       =       244.6111
 1-4 NB =      1165.1704  1-4 EEL =     15435.2600  VDWAALS    =     40677.2105
 EELEC  =   -365588.9749  EHBOND  =         0.0000  RESTRAINT  =         0.0000
 ------------------------------------------------------------------------------

wrapping first mol.:       76.60133      -54.16531       93.81709

 NSTEP =   860000   TIME(PS) =  331760.000  TEMP(K) =   311.97  PRESS =     0.0
 Etot   =   -238275.5804  EKtot   =     63528.9141  EPtot      =   -301804.4944
 BOND   =      2068.4124  ANGLE   =      2428.0948  DIHED      =      1441.5637
 UB     =         0.0000  IMP     =         0.0000  CMAP       =       239.7796
 1-4 NB =      1174.7862  1-4 EEL =     15476.2357  VDWAALS    =     40406.2432
 EELEC  =   -365039.6100  EHBOND  =         0.0000  RESTRAINT  =         0.0000
 ------------------------------------------------------------------------------

wrapping first mol.:       76.60133      -54.16531       93.81709

 NSTEP =   880000   TIME(PS) =  331800.000  TEMP(K) =   311.17  PRESS =     0.0
 Etot   =   -238677.8827  EKtot   =     63364.5039  EPtot      =   -302042.3866
 BOND   =      2057.2571  ANGLE   =      2324.6868  DIHED      =      1393.2033
 UB     =         0.0000  IMP     =         0.0000  CMAP       =       237.6832
 1-4 NB =      1188.7305  1-4 EEL =     15434.8394  VDWAALS    =     41382.9718
 EELEC  =   -366061.7588  EHBOND  =         0.0000  RESTRAINT  =         0.0000
 ------------------------------------------------------------------------------

wrapping first mol.:       76.60133      -54.16531       93.81709

 NSTEP =   900000   TIME(PS) =  331840.000  TEMP(K) =   309.97  PRESS =     0.0
 Etot   =   -238439.4420  EKtot   =     63121.6836  EPtot      =   -301561.1255
 BOND   =      2089.1790  ANGLE   =      2358.7923  DIHED      =      1386.0736
 UB     =         0.0000  IMP     =         0.0000  CMAP       =       245.3646
 1-4 NB =      1149.2749  1-4 EEL =     15428.5432  VDWAALS    =     40382.6396
 EELEC  =   -364600.9928  EHBOND  =         0.0000  RESTRAINT  =         0.0000
 ------------------------------------------------------------------------------

wrapping first mol.:       76.60133      -54.16531       93.81709

 NSTEP =   920000   TIME(PS) =  331880.000  TEMP(K) =   310.50  PRESS =     0.0
 Etot   =   -238451.2469  EKtot   =     63229.0938  EPtot      =   -301680.3407
 BOND   =      2083.9707  ANGLE   =      2348.7196  DIHED      =      1432.5761
 UB     =         0.0000  IMP     =         0.0000  CMAP       =       234.5601
 1-4 NB =      1179.2865  1-4 EEL =     15405.5851  VDWAALS    =     40811.4228
 EELEC  =   -365176.4615  EHBOND  =         0.0000  RESTRAINT  =         0.0000
 ------------------------------------------------------------------------------

wrapping first mol.:       76.60133      -54.16531       93.81709

 NSTEP =   940000   TIME(PS) =  331920.000  TEMP(K) =   310.86  PRESS =     0.0
 Etot   =   -238766.8816  EKtot   =     63302.4453  EPtot      =   -302069.3269
 BOND   =      2140.1027  ANGLE   =      2395.4932  DIHED      =      1418.6405
 UB     =         0.0000  IMP     =         0.0000  CMAP       =       252.1761
 1-4 NB =      1177.8770  1-4 EEL =     15352.9110  VDWAALS    =     40170.7152
 EELEC  =   -364977.2425  EHBOND  =         0.0000  RESTRAINT  =         0.0000
 ------------------------------------------------------------------------------

wrapping first mol.:       76.60133      -54.16531       93.81709

 NSTEP =   960000   TIME(PS) =  331960.000  TEMP(K) =   309.46  PRESS =     0.0
 Etot   =   -238891.4027  EKtot   =     63017.9297  EPtot      =   -301909.3324
 BOND   =      2098.5244  ANGLE   =      2442.1372  DIHED      =      1414.3858
 UB     =         0.0000  IMP     =         0.0000  CMAP       =       241.1639
 1-4 NB =      1186.2548  1-4 EEL =     15360.9115  VDWAALS    =     40922.9713
 EELEC  =   -365575.6812  EHBOND  =         0.0000  RESTRAINT  =         0.0000
 ------------------------------------------------------------------------------

wrapping first mol.:       76.60133      -54.16531       93.81709

 NSTEP =   980000   TIME(PS) =  332000.000  TEMP(K) =   310.04  PRESS =     0.0
 Etot   =   -239143.8177  EKtot   =     63136.0000  EPtot      =   -302279.8177
 BOND   =      2070.1025  ANGLE   =      2387.5517  DIHED      =      1378.3230
 UB     =         0.0000  IMP     =         0.0000  CMAP       =       249.1425
 1-4 NB =      1185.5686  1-4 EEL =     15384.4505  VDWAALS    =     40401.6924
 EELEC  =   -365336.6487  EHBOND  =         0.0000  RESTRAINT  =         0.0000
 ------------------------------------------------------------------------------

wrapping first mol.:       76.60133      -54.16531       93.81709

 NSTEP =  1000000   TIME(PS) =  332040.000  TEMP(K) =   309.88  PRESS =     0.0
 Etot   =   -238411.8690  EKtot   =     63102.8320  EPtot      =   -301514.7011
 BOND   =      2046.5974  ANGLE   =      2368.9820  DIHED      =      1448.3603
 UB     =         0.0000  IMP     =         0.0000  CMAP       =       240.2896
 1-4 NB =      1206.7623  1-4 EEL =     15423.4740  VDWAALS    =     41118.1065
 EELEC  =   -365367.2732  EHBOND  =         0.0000  RESTRAINT  =         0.0000
 ------------------------------------------------------------------------------

wrapping first mol.:       76.60133      -54.16531       93.81709

 NSTEP =  1020000   TIME(PS) =  332080.000  TEMP(K) =   312.37  PRESS =     0.0
 Etot   =   -237848.2614  EKtot   =     63609.7109  EPtot      =   -301457.9723
 BOND   =      2054.3660  ANGLE   =      2434.5800  DIHED      =      1443.8673
 UB     =         0.0000  IMP     =         0.0000  CMAP       =       256.8142
 1-4 NB =      1177.0026  1-4 EEL =     15408.0834  VDWAALS    =     40811.2233
 EELEC  =   -365043.9092  EHBOND  =         0.0000  RESTRAINT  =         0.0000
 ------------------------------------------------------------------------------

wrapping first mol.:       76.60133      -54.16531       93.81709

 NSTEP =  1040000   TIME(PS) =  332120.000  TEMP(K) =   308.97  PRESS =     0.0
 Etot   =   -239066.3590  EKtot   =     62917.7695  EPtot      =   -301984.1285
 BOND   =      2131.6582  ANGLE   =      2430.2950  DIHED      =      1442.6203
 UB     =         0.0000  IMP     =         0.0000  CMAP       =       224.3086
 1-4 NB =      1171.0848  1-4 EEL =     15347.8426  VDWAALS    =     40745.3093
 EELEC  =   -365477.2473  EHBOND  =         0.0000  RESTRAINT  =         0.0000
 ------------------------------------------------------------------------------

wrapping first mol.:       76.60133      -54.16531       93.81709

 NSTEP =  1060000   TIME(PS) =  332160.000  TEMP(K) =   309.65  PRESS =     0.0
 Etot   =   -238564.8215  EKtot   =     63055.0977  EPtot      =   -301619.9192
 BOND   =      2106.8273  ANGLE   =      2428.9212  DIHED      =      1436.6034
 UB     =         0.0000  IMP     =         0.0000  CMAP       =       221.9295
 1-4 NB =      1189.6808  1-4 EEL =     15408.3134  VDWAALS    =     40532.6782
 EELEC  =   -364944.8731  EHBOND  =         0.0000  RESTRAINT  =         0.0000
 ------------------------------------------------------------------------------

wrapping first mol.:       76.60133      -54.16531       93.81709

 NSTEP =  1080000   TIME(PS) =  332200.000  TEMP(K) =   311.57  PRESS =     0.0
 Etot   =   -238455.2108  EKtot   =     63447.3281  EPtot      =   -301902.5389
 BOND   =      2111.2424  ANGLE   =      2447.2784  DIHED      =      1411.5289
 UB     =         0.0000  IMP     =         0.0000  CMAP       =       250.4630
 1-4 NB =      1189.6414  1-4 EEL =     15401.5767  VDWAALS    =     40532.3509
 EELEC  =   -365246.6207  EHBOND  =         0.0000  RESTRAINT  =         0.0000
 ------------------------------------------------------------------------------

wrapping first mol.:       76.60133      -54.16531       93.81709

 NSTEP =  1100000   TIME(PS) =  332240.000  TEMP(K) =   309.02  PRESS =     0.0
 Etot   =   -239190.5321  EKtot   =     62927.9922  EPtot      =   -302118.5243
 BOND   =      2145.0081  ANGLE   =      2490.9957  DIHED      =      1418.9099
 UB     =         0.0000  IMP     =         0.0000  CMAP       =       232.9687
 1-4 NB =      1151.1412  1-4 EEL =     15356.8140  VDWAALS    =     41020.8573
 EELEC  =   -365935.2192  EHBOND  =         0.0000  RESTRAINT  =         0.0000
 ------------------------------------------------------------------------------

wrapping first mol.:       76.60133      -54.16531       93.81709

 NSTEP =  1120000   TIME(PS) =  332280.000  TEMP(K) =   310.40  PRESS =     0.0
 Etot   =   -238592.9083  EKtot   =     63207.7617  EPtot      =   -301800.6700
 BOND   =      2099.2801  ANGLE   =      2379.7220  DIHED      =      1411.6940
 UB     =         0.0000  IMP     =         0.0000  CMAP       =       251.5924
 1-4 NB =      1156.0750  1-4 EEL =     15448.1470  VDWAALS    =     40762.0011
 EELEC  =   -365309.1815  EHBOND  =         0.0000  RESTRAINT  =         0.0000
 ------------------------------------------------------------------------------

wrapping first mol.:       76.60133      -54.16531       93.81709

 NSTEP =  1140000   TIME(PS) =  332320.000  TEMP(K) =   309.73  PRESS =     0.0
 Etot   =   -238715.1207  EKtot   =     63072.4609  EPtot      =   -301787.5817
 BOND   =      2083.4992  ANGLE   =      2387.5078  DIHED      =      1365.9738
 UB     =         0.0000  IMP     =         0.0000  CMAP       =       246.1546
 1-4 NB =      1193.3033  1-4 EEL =     15370.4281  VDWAALS    =     40574.0158
 EELEC  =   -365008.4642  EHBOND  =         0.0000  RESTRAINT  =         0.0000
 ------------------------------------------------------------------------------

wrapping first mol.:       76.60133      -54.16531       93.81709

 NSTEP =  1160000   TIME(PS) =  332360.000  TEMP(K) =   309.60  PRESS =     0.0
 Etot   =   -238718.2133  EKtot   =     63046.2305  EPtot      =   -301764.4438
 BOND   =      2114.3301  ANGLE   =      2387.8895  DIHED      =      1410.2030
 UB     =         0.0000  IMP     =         0.0000  CMAP       =       255.7064
 1-4 NB =      1165.0720  1-4 EEL =     15431.0601  VDWAALS    =     40971.3881
 EELEC  =   -365500.0931  EHBOND  =         0.0000  RESTRAINT  =         0.0000
 ------------------------------------------------------------------------------

wrapping first mol.:       76.60133      -54.16531       93.81709

 NSTEP =  1180000   TIME(PS) =  332400.000  TEMP(K) =   310.07  PRESS =     0.0
 Etot   =   -238334.9516  EKtot   =     63141.5508  EPtot      =   -301476.5024
 BOND   =      2139.0793  ANGLE   =      2454.2634  DIHED      =      1428.6086
 UB     =         0.0000  IMP     =         0.0000  CMAP       =       251.1444
 1-4 NB =      1175.4082  1-4 EEL =     15422.9331  VDWAALS    =     40598.0903
 EELEC  =   -364946.0296  EHBOND  =         0.0000  RESTRAINT  =         0.0000
 ------------------------------------------------------------------------------

wrapping first mol.:       76.60133      -54.16531       93.81709

 NSTEP =  1200000   TIME(PS) =  332440.000  TEMP(K) =   309.33  PRESS =     0.0
 Etot   =   -238961.4947  EKtot   =     62990.9648  EPtot      =   -301952.4595
 BOND   =      2102.1498  ANGLE   =      2399.4491  DIHED      =      1383.2085
 UB     =         0.0000  IMP     =         0.0000  CMAP       =       246.7044
 1-4 NB =      1154.9036  1-4 EEL =     15390.6216  VDWAALS    =     41036.2205
 EELEC  =   -365665.7169  EHBOND  =         0.0000  RESTRAINT  =         0.0000
 ------------------------------------------------------------------------------

wrapping first mol.:       76.60133      -54.16531       93.81709

 NSTEP =  1220000   TIME(PS) =  332480.000  TEMP(K) =   308.49  PRESS =     0.0
 Etot   =   -239124.6660  EKtot   =     62819.8008  EPtot      =   -301944.4668
 BOND   =      2077.1197  ANGLE   =      2431.8469  DIHED      =      1409.7101
 UB     =         0.0000  IMP     =         0.0000  CMAP       =       246.2680
 1-4 NB =      1177.5790  1-4 EEL =     15438.4479  VDWAALS    =     39989.2912
 EELEC  =   -364714.7294  EHBOND  =         0.0000  RESTRAINT  =         0.0000
 ------------------------------------------------------------------------------

wrapping first mol.:       76.60133      -54.16531       93.81709

 NSTEP =  1240000   TIME(PS) =  332520.000  TEMP(K) =   310.76  PRESS =     0.0
 Etot   =   -237914.1121  EKtot   =     63281.7656  EPtot      =   -301195.8777
 BOND   =      2079.2519  ANGLE   =      2440.8409  DIHED      =      1455.3517
 UB     =         0.0000  IMP     =         0.0000  CMAP       =       252.2879
 1-4 NB =      1163.4030  1-4 EEL =     15375.4129  VDWAALS    =     40945.6433
 EELEC  =   -364908.0694  EHBOND  =         0.0000  RESTRAINT  =         0.0000
 ------------------------------------------------------------------------------

wrapping first mol.:       76.60133      -54.16531       93.81709

 NSTEP =  1260000   TIME(PS) =  332560.000  TEMP(K) =   310.67  PRESS =     0.0
 Etot   =   -238592.2974  EKtot   =     63263.7031  EPtot      =   -301856.0005
 BOND   =      2138.9724  ANGLE   =      2412.9162  DIHED      =      1404.7984
 UB     =         0.0000  IMP     =         0.0000  CMAP       =       250.0260
 1-4 NB =      1170.3356  1-4 EEL =     15323.1880  VDWAALS    =     40516.1198
 EELEC  =   -365072.3570  EHBOND  =         0.0000  RESTRAINT  =         0.0000
 ------------------------------------------------------------------------------

wrapping first mol.:       76.60133      -54.16531       93.81709

 NSTEP =  1280000   TIME(PS) =  332600.000  TEMP(K) =   310.49  PRESS =     0.0
 Etot   =   -238383.9770  EKtot   =     63227.3125  EPtot      =   -301611.2895
 BOND   =      2067.4472  ANGLE   =      2380.4664  DIHED      =      1373.0225
 UB     =         0.0000  IMP     =         0.0000  CMAP       =       258.9773
 1-4 NB =      1168.0167  1-4 EEL =     15394.4176  VDWAALS    =     40782.1178
 EELEC  =   -365035.7551  EHBOND  =         0.0000  RESTRAINT  =         0.0000
 ------------------------------------------------------------------------------

wrapping first mol.:       76.60133      -54.16531       93.81709

 NSTEP =  1300000   TIME(PS) =  332640.000  TEMP(K) =   309.29  PRESS =     0.0
 Etot   =   -239238.8813  EKtot   =     62981.5352  EPtot      =   -302220.4165
 BOND   =      2055.6325  ANGLE   =      2428.2348  DIHED      =      1397.0132
 UB     =         0.0000  IMP     =         0.0000  CMAP       =       262.1287
 1-4 NB =      1153.7765  1-4 EEL =     15408.3374  VDWAALS    =     40748.4612
 EELEC  =   -365674.0008  EHBOND  =         0.0000  RESTRAINT  =         0.0000
 ------------------------------------------------------------------------------

wrapping first mol.:       76.60133      -54.16531       93.81709

 NSTEP =  1320000   TIME(PS) =  332680.000  TEMP(K) =   310.09  PRESS =     0.0
 Etot   =   -238598.8448  EKtot   =     63145.1133  EPtot      =   -301743.9580
 BOND   =      2100.6310  ANGLE   =      2448.6858  DIHED      =      1441.1205
 UB     =         0.0000  IMP     =         0.0000  CMAP       =       255.3909
 1-4 NB =      1168.9275  1-4 EEL =     15486.5642  VDWAALS    =     40593.7991
 EELEC  =   -365239.0772  EHBOND  =         0.0000  RESTRAINT  =         0.0000
 ------------------------------------------------------------------------------

wrapping first mol.:       76.60133      -54.16531       93.81709

 NSTEP =  1340000   TIME(PS) =  332720.000  TEMP(K) =   310.29  PRESS =     0.0
 Etot   =   -238783.2849  EKtot   =     63185.8555  EPtot      =   -301969.1404
 BOND   =      2077.3436  ANGLE   =      2459.5740  DIHED      =      1418.7421
 UB     =         0.0000  IMP     =         0.0000  CMAP       =       245.9179
 1-4 NB =      1155.5483  1-4 EEL =     15408.2457  VDWAALS    =     41196.0071
 EELEC  =   -365930.5191  EHBOND  =         0.0000  RESTRAINT  =         0.0000
 ------------------------------------------------------------------------------

wrapping first mol.:       76.60133      -54.16531       93.81709

 NSTEP =  1360000   TIME(PS) =  332760.000  TEMP(K) =   310.90  PRESS =     0.0
 Etot   =   -238439.6357  EKtot   =     63311.1094  EPtot      =   -301750.7451
 BOND   =      2097.8568  ANGLE   =      2380.7046  DIHED      =      1360.8569
 UB     =         0.0000  IMP     =         0.0000  CMAP       =       258.0710
 1-4 NB =      1157.9362  1-4 EEL =     15404.5990  VDWAALS    =     40292.4391
 EELEC  =   -364703.2087  EHBOND  =         0.0000  RESTRAINT  =         0.0000
 ------------------------------------------------------------------------------

wrapping first mol.:       76.60133      -54.16531       93.81709

 NSTEP =  1380000   TIME(PS) =  332800.000  TEMP(K) =   308.82  PRESS =     0.0
 Etot   =   -239020.6647  EKtot   =     62887.0234  EPtot      =   -301907.6881
 BOND   =      2075.5327  ANGLE   =      2468.6614  DIHED      =      1439.1576
 UB     =         0.0000  IMP     =         0.0000  CMAP       =       246.0412
 1-4 NB =      1160.7238  1-4 EEL =     15505.9512  VDWAALS    =     41058.3463
 EELEC  =   -365862.1022  EHBOND  =         0.0000  RESTRAINT  =         0.0000
 ------------------------------------------------------------------------------

wrapping first mol.:       76.60133      -54.16531       93.81709

 NSTEP =  1400000   TIME(PS) =  332840.000  TEMP(K) =   311.59  PRESS =     0.0
 Etot   =   -238741.0434  EKtot   =     63450.3438  EPtot      =   -302191.3871
 BOND   =      2097.6308  ANGLE   =      2394.1164  DIHED      =      1433.0176
 UB     =         0.0000  IMP     =         0.0000  CMAP       =       267.2424
 1-4 NB =      1185.5710  1-4 EEL =     15430.0466  VDWAALS    =     40829.3603
 EELEC  =   -365828.3722  EHBOND  =         0.0000  RESTRAINT  =         0.0000
 ------------------------------------------------------------------------------

wrapping first mol.:       76.60133      -54.16531       93.81709

 NSTEP =  1420000   TIME(PS) =  332880.000  TEMP(K) =   310.09  PRESS =     0.0
 Etot   =   -238733.2224  EKtot   =     63144.5430  EPtot      =   -301877.7654
 BOND   =      2093.6419  ANGLE   =      2367.7631  DIHED      =      1415.7610
 UB     =         0.0000  IMP     =         0.0000  CMAP       =       230.7337
 1-4 NB =      1177.1895  1-4 EEL =     15528.7517  VDWAALS    =     40788.1268
 EELEC  =   -365479.7329  EHBOND  =         0.0000  RESTRAINT  =         0.0000
 ------------------------------------------------------------------------------

wrapping first mol.:       76.60133      -54.16531       93.81709

 NSTEP =  1440000   TIME(PS) =  332920.000  TEMP(K) =   310.75  PRESS =     0.0
 Etot   =   -238236.8445  EKtot   =     63279.6836  EPtot      =   -301516.5281
 BOND   =      2082.5755  ANGLE   =      2407.8399  DIHED      =      1436.6141
 UB     =         0.0000  IMP     =         0.0000  CMAP       =       235.4542
 1-4 NB =      1177.7599  1-4 EEL =     15469.6979  VDWAALS    =     40746.1673
 EELEC  =   -365072.6369  EHBOND  =         0.0000  RESTRAINT  =         0.0000
 ------------------------------------------------------------------------------

wrapping first mol.:       76.60133      -54.16531       93.81709

 NSTEP =  1460000   TIME(PS) =  332960.000  TEMP(K) =   309.10  PRESS =     0.0
 Etot   =   -238592.0514  EKtot   =     62943.9297  EPtot      =   -301535.9810
 BOND   =      2120.4499  ANGLE   =      2429.3575  DIHED      =      1391.6417
 UB     =         0.0000  IMP     =         0.0000  CMAP       =       252.5695
 1-4 NB =      1154.1949  1-4 EEL =     15423.6145  VDWAALS    =     41150.2191
 EELEC  =   -365458.0280  EHBOND  =         0.0000  RESTRAINT  =         0.0000
 ------------------------------------------------------------------------------

wrapping first mol.:       76.60133      -54.16531       93.81709

 NSTEP =  1480000   TIME(PS) =  333000.000  TEMP(K) =   310.43  PRESS =     0.0
 Etot   =   -238085.8789  EKtot   =     63213.8516  EPtot      =   -301299.7304
 BOND   =      2046.7747  ANGLE   =      2458.3374  DIHED      =      1421.9720
 UB     =         0.0000  IMP     =         0.0000  CMAP       =       261.3119
 1-4 NB =      1177.4355  1-4 EEL =     15474.1380  VDWAALS    =     40809.9945
 EELEC  =   -364949.6944  EHBOND  =         0.0000  RESTRAINT  =         0.0000
 ------------------------------------------------------------------------------

wrapping first mol.:       76.60133      -54.16531       93.81709

 NSTEP =  1500000   TIME(PS) =  333040.000  TEMP(K) =   310.30  PRESS =     0.0
 Etot   =   -238938.5441  EKtot   =     63188.6992  EPtot      =   -302127.2433
 BOND   =      2099.5423  ANGLE   =      2441.3301  DIHED      =      1413.8406
 UB     =         0.0000  IMP     =         0.0000  CMAP       =       241.4076
 1-4 NB =      1178.3839  1-4 EEL =     15440.9063  VDWAALS    =     40518.1117
 EELEC  =   -365460.7658  EHBOND  =         0.0000  RESTRAINT  =         0.0000
 ------------------------------------------------------------------------------

wrapping first mol.:       76.60133      -54.16531       93.81709

 NSTEP =  1520000   TIME(PS) =  333080.000  TEMP(K) =   309.88  PRESS =     0.0
 Etot   =   -238739.3043  EKtot   =     63102.8633  EPtot      =   -301842.1676
 BOND   =      2066.9962  ANGLE   =      2404.2376  DIHED      =      1407.3678
 UB     =         0.0000  IMP     =         0.0000  CMAP       =       263.8128
 1-4 NB =      1151.1251  1-4 EEL =     15405.4288  VDWAALS    =     41050.5068
 EELEC  =   -365591.6427  EHBOND  =         0.0000  RESTRAINT  =         0.0000
 ------------------------------------------------------------------------------

wrapping first mol.:       76.60133      -54.16531       93.81709

 NSTEP =  1540000   TIME(PS) =  333120.000  TEMP(K) =   310.95  PRESS =     0.0
 Etot   =   -239191.0526  EKtot   =     63319.4922  EPtot      =   -302510.5448
 BOND   =      2052.6706  ANGLE   =      2405.8689  DIHED      =      1430.8289
 UB     =         0.0000  IMP     =         0.0000  CMAP       =       242.2672
 1-4 NB =      1185.6050  1-4 EEL =     15497.1479  VDWAALS    =     40568.8401
 EELEC  =   -365893.7734  EHBOND  =         0.0000  RESTRAINT  =         0.0000
 ------------------------------------------------------------------------------

wrapping first mol.:       76.60133      -54.16531       93.81709

 NSTEP =  1560000   TIME(PS) =  333160.000  TEMP(K) =   310.50  PRESS =     0.0
 Etot   =   -238404.1699  EKtot   =     63229.0000  EPtot      =   -301633.1699
 BOND   =      2060.6715  ANGLE   =      2403.6090  DIHED      =      1430.5656
 UB     =         0.0000  IMP     =         0.0000  CMAP       =       230.0495
 1-4 NB =      1178.8530  1-4 EEL =     15434.1788  VDWAALS    =     40380.3812
 EELEC  =   -364751.4786  EHBOND  =         0.0000  RESTRAINT  =         0.0000
 ------------------------------------------------------------------------------

wrapping first mol.:       76.60133      -54.16531       93.81709

 NSTEP =  1580000   TIME(PS) =  333200.000  TEMP(K) =   310.09  PRESS =     0.0
 Etot   =   -238196.4750  EKtot   =     63144.7852  EPtot      =   -301341.2601
 BOND   =      2109.4621  ANGLE   =      2391.5875  DIHED      =      1426.4184
 UB     =         0.0000  IMP     =         0.0000  CMAP       =       259.3446
 1-4 NB =      1183.2723  1-4 EEL =     15450.4186  VDWAALS    =     40266.1602
 EELEC  =   -364427.9238  EHBOND  =         0.0000  RESTRAINT  =         0.0000
 ------------------------------------------------------------------------------

wrapping first mol.:       76.60133      -54.16531       93.81709

 NSTEP =  1600000   TIME(PS) =  333240.000  TEMP(K) =   311.04  PRESS =     0.0
 Etot   =   -238834.8469  EKtot   =     63338.6445  EPtot      =   -302173.4915
 BOND   =      2118.2180  ANGLE   =      2458.3743  DIHED      =      1403.4196
 UB     =         0.0000  IMP     =         0.0000  CMAP       =       245.1042
 1-4 NB =      1165.7887  1-4 EEL =     15393.8997  VDWAALS    =     41059.9485
 EELEC  =   -366018.2445  EHBOND  =         0.0000  RESTRAINT  =         0.0000
 ------------------------------------------------------------------------------

wrapping first mol.:       76.60133      -54.16531       93.81709

 NSTEP =  1620000   TIME(PS) =  333280.000  TEMP(K) =   309.68  PRESS =     0.0
 Etot   =   -239374.3966  EKtot   =     63062.7500  EPtot      =   -302437.1466
 BOND   =      2008.6735  ANGLE   =      2394.2686  DIHED      =      1421.0265
 UB     =         0.0000  IMP     =         0.0000  CMAP       =       237.3530
 1-4 NB =      1171.0685  1-4 EEL =     15430.4139  VDWAALS    =     40541.0386
 EELEC  =   -365640.9894  EHBOND  =         0.0000  RESTRAINT  =         0.0000
 ------------------------------------------------------------------------------

wrapping first mol.:       76.60133      -54.16531       93.81709

 NSTEP =  1640000   TIME(PS) =  333320.000  TEMP(K) =   310.14  PRESS =     0.0
 Etot   =   -238615.7581  EKtot   =     63154.5977  EPtot      =   -301770.3557
 BOND   =      2180.1580  ANGLE   =      2460.8900  DIHED      =      1382.3375
 UB     =         0.0000  IMP     =         0.0000  CMAP       =       229.7911
 1-4 NB =      1145.9070  1-4 EEL =     15453.7740  VDWAALS    =     40321.4279
 EELEC  =   -364944.6412  EHBOND  =         0.0000  RESTRAINT  =         0.0000
 ------------------------------------------------------------------------------

wrapping first mol.:       76.60133      -54.16531       93.81709

 NSTEP =  1660000   TIME(PS) =  333360.000  TEMP(K) =   307.93  PRESS =     0.0
 Etot   =   -239493.3982  EKtot   =     62705.2539  EPtot      =   -302198.6521
 BOND   =      2074.3456  ANGLE   =      2342.7423  DIHED      =      1450.2069
 UB     =         0.0000  IMP     =         0.0000  CMAP       =       256.5201
 1-4 NB =      1159.8013  1-4 EEL =     15390.0589  VDWAALS    =     41006.0410
 EELEC  =   -365878.3682  EHBOND  =         0.0000  RESTRAINT  =         0.0000
 ------------------------------------------------------------------------------

wrapping first mol.:       76.60133      -54.16531       93.81709

 NSTEP =  1680000   TIME(PS) =  333400.000  TEMP(K) =   309.18  PRESS =     0.0
 Etot   =   -238801.0271  EKtot   =     62959.2695  EPtot      =   -301760.2966
 BOND   =      2080.3914  ANGLE   =      2442.8777  DIHED      =      1409.3977
 UB     =         0.0000  IMP     =         0.0000  CMAP       =       238.5640
 1-4 NB =      1152.1592  1-4 EEL =     15416.6389  VDWAALS    =     40107.9197
 EELEC  =   -364608.2451  EHBOND  =         0.0000  RESTRAINT  =         0.0000
 ------------------------------------------------------------------------------

wrapping first mol.:       76.60133      -54.16531       93.81709

 NSTEP =  1700000   TIME(PS) =  333440.000  TEMP(K) =   311.79  PRESS =     0.0
 Etot   =   -237954.6182  EKtot   =     63491.9375  EPtot      =   -301446.5557
 BOND   =      2092.3215  ANGLE   =      2502.5287  DIHED      =      1412.5726
 UB     =         0.0000  IMP     =         0.0000  CMAP       =       246.8896
 1-4 NB =      1171.1084  1-4 EEL =     15494.2360  VDWAALS    =     40774.4509
 EELEC  =   -365140.6634  EHBOND  =         0.0000  RESTRAINT  =         0.0000
 ------------------------------------------------------------------------------

wrapping first mol.:       76.60133      -54.16531       93.81709

 NSTEP =  1720000   TIME(PS) =  333480.000  TEMP(K) =   309.67  PRESS =     0.0
 Etot   =   -238192.1533  EKtot   =     63060.7930  EPtot      =   -301252.9462
 BOND   =      2074.5600  ANGLE   =      2468.1126  DIHED      =      1411.1363
 UB     =         0.0000  IMP     =         0.0000  CMAP       =       253.1491
 1-4 NB =      1184.1412  1-4 EEL =     15417.8936  VDWAALS    =     40492.3565
 EELEC  =   -364554.2955  EHBOND  =         0.0000  RESTRAINT  =         0.0000
 ------------------------------------------------------------------------------

wrapping first mol.:       76.60133      -54.16531       93.81709

 NSTEP =  1740000   TIME(PS) =  333520.000  TEMP(K) =   308.83  PRESS =     0.0
 Etot   =   -239176.9646  EKtot   =     62888.6016  EPtot      =   -302065.5662
 BOND   =      2101.7885  ANGLE   =      2398.2566  DIHED      =      1439.2278
 UB     =         0.0000  IMP     =         0.0000  CMAP       =       241.4213
 1-4 NB =      1191.4130  1-4 EEL =     15434.1564  VDWAALS    =     40847.0933
 EELEC  =   -365718.9231  EHBOND  =         0.0000  RESTRAINT  =         0.0000
 ------------------------------------------------------------------------------

wrapping first mol.:       76.60133      -54.16531       93.81709

 NSTEP =  1760000   TIME(PS) =  333560.000  TEMP(K) =   309.34  PRESS =     0.0
 Etot   =   -239175.8909  EKtot   =     62992.4688  EPtot      =   -302168.3597
 BOND   =      2026.8539  ANGLE   =      2460.6282  DIHED      =      1395.4163
 UB     =         0.0000  IMP     =         0.0000  CMAP       =       248.2642
 1-4 NB =      1173.6074  1-4 EEL =     15416.2351  VDWAALS    =     41088.7408
 EELEC  =   -365978.1057  EHBOND  =         0.0000  RESTRAINT  =         0.0000
 ------------------------------------------------------------------------------

wrapping first mol.:       76.60133      -54.16531       93.81709

 NSTEP =  1780000   TIME(PS) =  333600.000  TEMP(K) =   309.71  PRESS =     0.0
 Etot   =   -238848.7328  EKtot   =     63068.2422  EPtot      =   -301916.9750
 BOND   =      2097.8634  ANGLE   =      2418.0798  DIHED      =      1470.3471
 UB     =         0.0000  IMP     =         0.0000  CMAP       =       219.5456
 1-4 NB =      1182.7189  1-4 EEL =     15454.0900  VDWAALS    =     40960.6112
 EELEC  =   -365720.2311  EHBOND  =         0.0000  RESTRAINT  =         0.0000
 ------------------------------------------------------------------------------

wrapping first mol.:       76.60133      -54.16531       93.81709

 NSTEP =  1800000   TIME(PS) =  333640.000  TEMP(K) =   308.79  PRESS =     0.0
 Etot   =   -239849.9792  EKtot   =     62881.3555  EPtot      =   -302731.3347
 BOND   =      2076.7838  ANGLE   =      2407.0167  DIHED      =      1437.5514
 UB     =         0.0000  IMP     =         0.0000  CMAP       =       245.9627
 1-4 NB =      1174.7629  1-4 EEL =     15386.4935  VDWAALS    =     41110.8675
 EELEC  =   -366570.7732  EHBOND  =         0.0000  RESTRAINT  =         0.0000
 ------------------------------------------------------------------------------

wrapping first mol.:       76.60133      -54.16531       93.81709

 NSTEP =  1820000   TIME(PS) =  333680.000  TEMP(K) =   309.65  PRESS =     0.0
 Etot   =   -238555.0392  EKtot   =     63055.4531  EPtot      =   -301610.4923
 BOND   =      2062.3675  ANGLE   =      2473.8313  DIHED      =      1423.8549
 UB     =         0.0000  IMP     =         0.0000  CMAP       =       249.4561
 1-4 NB =      1173.8035  1-4 EEL =     15400.4508  VDWAALS    =     41189.4368
 EELEC  =   -365583.6932  EHBOND  =         0.0000  RESTRAINT  =         0.0000
 ------------------------------------------------------------------------------

wrapping first mol.:       76.60133      -54.16531       93.81709

 NSTEP =  1840000   TIME(PS) =  333720.000  TEMP(K) =   311.58  PRESS =     0.0
 Etot   =   -238352.6988  EKtot   =     63449.0273  EPtot      =   -301801.7261
 BOND   =      2094.0753  ANGLE   =      2453.4277  DIHED      =      1388.8781
 UB     =         0.0000  IMP     =         0.0000  CMAP       =       241.5264
 1-4 NB =      1177.9808  1-4 EEL =     15384.9955  VDWAALS    =     40260.0833
 EELEC  =   -364802.6933  EHBOND  =         0.0000  RESTRAINT  =         0.0000
 ------------------------------------------------------------------------------

wrapping first mol.:       76.60133      -54.16531       93.81709

 NSTEP =  1860000   TIME(PS) =  333760.000  TEMP(K) =   311.72  PRESS =     0.0
 Etot   =   -238824.0285  EKtot   =     63477.3516  EPtot      =   -302301.3801
 BOND   =      2121.3058  ANGLE   =      2442.8885  DIHED      =      1384.9525
 UB     =         0.0000  IMP     =         0.0000  CMAP       =       252.2954
 1-4 NB =      1156.7235  1-4 EEL =     15354.9017  VDWAALS    =     41255.2385
 EELEC  =   -366269.6859  EHBOND  =         0.0000  RESTRAINT  =         0.0000
 ------------------------------------------------------------------------------

wrapping first mol.:       76.60133      -54.16531       93.81709

 NSTEP =  1880000   TIME(PS) =  333800.000  TEMP(K) =   308.31  PRESS =     0.0
 Etot   =   -239357.3788  EKtot   =     62782.4648  EPtot      =   -302139.8437
 BOND   =      2089.6960  ANGLE   =      2428.1358  DIHED      =      1377.0636
 UB     =         0.0000  IMP     =         0.0000  CMAP       =       260.4634
 1-4 NB =      1146.3497  1-4 EEL =     15401.3671  VDWAALS    =     40610.9654
 EELEC  =   -365453.8846  EHBOND  =         0.0000  RESTRAINT  =         0.0000
 ------------------------------------------------------------------------------

wrapping first mol.:       76.60133      -54.16531       93.81709

 NSTEP =  1900000   TIME(PS) =  333840.000  TEMP(K) =   307.74  PRESS =     0.0
 Etot   =   -238744.4927  EKtot   =     62667.6055  EPtot      =   -301412.0982
 BOND   =      2065.6655  ANGLE   =      2447.0836  DIHED      =      1414.1031
 UB     =         0.0000  IMP     =         0.0000  CMAP       =       241.9781
 1-4 NB =      1179.3562  1-4 EEL =     15362.0098  VDWAALS    =     40655.4488
 EELEC  =   -364777.7432  EHBOND  =         0.0000  RESTRAINT  =         0.0000
 ------------------------------------------------------------------------------

wrapping first mol.:       76.60133      -54.16531       93.81709

 NSTEP =  1920000   TIME(PS) =  333880.000  TEMP(K) =   312.40  PRESS =     0.0
 Etot   =   -237866.7608  EKtot   =     63615.3359  EPtot      =   -301482.0968
 BOND   =      2061.9854  ANGLE   =      2425.9405  DIHED      =      1387.6981
 UB     =         0.0000  IMP     =         0.0000  CMAP       =       245.2768
 1-4 NB =      1177.5268  1-4 EEL =     15337.6167  VDWAALS    =     40959.5920
 EELEC  =   -365077.7331  EHBOND  =         0.0000  RESTRAINT  =         0.0000
 ------------------------------------------------------------------------------

wrapping first mol.:       76.60133      -54.16531       93.81709

 NSTEP =  1940000   TIME(PS) =  333920.000  TEMP(K) =   309.90  PRESS =     0.0
 Etot   =   -238541.2319  EKtot   =     63106.6484  EPtot      =   -301647.8804
 BOND   =      2095.1602  ANGLE   =      2339.1176  DIHED      =      1402.0461
 UB     =         0.0000  IMP     =         0.0000  CMAP       =       252.2279
 1-4 NB =      1165.8788  1-4 EEL =     15363.3999  VDWAALS    =     40535.8223
 EELEC  =   -364801.5332  EHBOND  =         0.0000  RESTRAINT  =         0.0000
 ------------------------------------------------------------------------------

wrapping first mol.:       76.60133      -54.16531       93.81709

 NSTEP =  1960000   TIME(PS) =  333960.000  TEMP(K) =   309.46  PRESS =     0.0
 Etot   =   -239086.8070  EKtot   =     63016.6094  EPtot      =   -302103.4164
 BOND   =      2118.3238  ANGLE   =      2425.2542  DIHED      =      1404.5155
 UB     =         0.0000  IMP     =         0.0000  CMAP       =       241.7577
 1-4 NB =      1179.2533  1-4 EEL =     15374.1127  VDWAALS    =     40980.1835
 EELEC  =   -365826.8171  EHBOND  =         0.0000  RESTRAINT  =         0.0000
 ------------------------------------------------------------------------------

wrapping first mol.:       76.60133      -54.16531       93.81709

 NSTEP =  1980000   TIME(PS) =  334000.000  TEMP(K) =   309.73  PRESS =     0.0
 Etot   =   -238513.4911  EKtot   =     63071.6328  EPtot      =   -301585.1239
 BOND   =      2066.4415  ANGLE   =      2459.1866  DIHED      =      1425.9637
 UB     =         0.0000  IMP     =         0.0000  CMAP       =       243.6586
 1-4 NB =      1149.9531  1-4 EEL =     15363.3207  VDWAALS    =     40355.4275
 EELEC  =   -364649.0755  EHBOND  =         0.0000  RESTRAINT  =         0.0000
 ------------------------------------------------------------------------------

wrapping first mol.:       76.60133      -54.16531       93.81709

 NSTEP =  2000000   TIME(PS) =  334040.000  TEMP(K) =   307.38  PRESS =     0.0
 Etot   =   -238991.3950  EKtot   =     62593.7734  EPtot      =   -301585.1684
 BOND   =      2115.3375  ANGLE   =      2373.6558  DIHED      =      1410.9041
 UB     =         0.0000  IMP     =         0.0000  CMAP       =       228.6758
 1-4 NB =      1192.4279  1-4 EEL =     15445.4148  VDWAALS    =     40387.2841
 EELEC  =   -364738.8684  EHBOND  =         0.0000  RESTRAINT  =         0.0000
 ------------------------------------------------------------------------------

wrapping first mol.:       76.60133      -54.16531       93.81709

 NSTEP =  2020000   TIME(PS) =  334080.000  TEMP(K) =   309.92  PRESS =     0.0
 Etot   =   -239170.2266  EKtot   =     63111.3789  EPtot      =   -302281.6055
 BOND   =      2140.0326  ANGLE   =      2369.4079  DIHED      =      1421.1491
 UB     =         0.0000  IMP     =         0.0000  CMAP       =       243.7667
 1-4 NB =      1174.4821  1-4 EEL =     15380.4971  VDWAALS    =     40808.6622
 EELEC  =   -365819.6032  EHBOND  =         0.0000  RESTRAINT  =         0.0000
 ------------------------------------------------------------------------------

wrapping first mol.:       76.60133      -54.16531       93.81709

 NSTEP =  2040000   TIME(PS) =  334120.000  TEMP(K) =   310.90  PRESS =     0.0
 Etot   =   -238491.0312  EKtot   =     63310.0391  EPtot      =   -301801.0702
 BOND   =      2080.7469  ANGLE   =      2476.1057  DIHED      =      1462.8646
 UB     =         0.0000  IMP     =         0.0000  CMAP       =       236.3291
 1-4 NB =      1173.9209  1-4 EEL =     15373.4130  VDWAALS    =     41102.3724
 EELEC  =   -365706.8228  EHBOND  =         0.0000  RESTRAINT  =         0.0000
 ------------------------------------------------------------------------------

wrapping first mol.:       76.60133      -54.16531       93.81709

 NSTEP =  2060000   TIME(PS) =  334160.000  TEMP(K) =   310.86  PRESS =     0.0
 Etot   =   -238632.7279  EKtot   =     63301.7773  EPtot      =   -301934.5053
 BOND   =      2074.6808  ANGLE   =      2425.1329  DIHED      =      1424.5286
 UB     =         0.0000  IMP     =         0.0000  CMAP       =       227.6039
 1-4 NB =      1163.3804  1-4 EEL =     15402.8148  VDWAALS    =     40467.9466
 EELEC  =   -365120.5933  EHBOND  =         0.0000  RESTRAINT  =         0.0000
 ------------------------------------------------------------------------------

wrapping first mol.:       76.60133      -54.16531       93.81709

 NSTEP =  2080000   TIME(PS) =  334200.000  TEMP(K) =   310.08  PRESS =     0.0
 Etot   =   -238633.4979  EKtot   =     63143.8398  EPtot      =   -301777.3378
 BOND   =      2094.2597  ANGLE   =      2363.7665  DIHED      =      1407.3518
 UB     =         0.0000  IMP     =         0.0000  CMAP       =       231.3236
 1-4 NB =      1179.7629  1-4 EEL =     15458.8518  VDWAALS    =     40520.5799
 EELEC  =   -365033.2340  EHBOND  =         0.0000  RESTRAINT  =         0.0000
 ------------------------------------------------------------------------------

wrapping first mol.:       76.60133      -54.16531       93.81709

 NSTEP =  2100000   TIME(PS) =  334240.000  TEMP(K) =   310.27  PRESS =     0.0
 Etot   =   -238517.4153  EKtot   =     63182.8203  EPtot      =   -301700.2356
 BOND   =      2101.3572  ANGLE   =      2356.1601  DIHED      =      1431.2966
 UB     =         0.0000  IMP     =         0.0000  CMAP       =       273.0152
 1-4 NB =      1181.6675  1-4 EEL =     15455.2119  VDWAALS    =     40536.3880
 EELEC  =   -365035.3321  EHBOND  =         0.0000  RESTRAINT  =         0.0000
 ------------------------------------------------------------------------------

wrapping first mol.:       76.60133      -54.16531       93.81709

 NSTEP =  2120000   TIME(PS) =  334280.000  TEMP(K) =   309.46  PRESS =     0.0
 Etot   =   -238666.7037  EKtot   =     63016.4336  EPtot      =   -301683.1373
 BOND   =      2088.1781  ANGLE   =      2358.4312  DIHED      =      1387.0089
 UB     =         0.0000  IMP     =         0.0000  CMAP       =       239.7696
 1-4 NB =      1172.3132  1-4 EEL =     15428.0811  VDWAALS    =     40980.8528
 EELEC  =   -365337.7721  EHBOND  =         0.0000  RESTRAINT  =         0.0000
 ------------------------------------------------------------------------------

wrapping first mol.:       76.60133      -54.16531       93.81709

 NSTEP =  2140000   TIME(PS) =  334320.000  TEMP(K) =   310.45  PRESS =     0.0
 Etot   =   -238499.8490  EKtot   =     63219.2852  EPtot      =   -301719.1341
 BOND   =      2066.3989  ANGLE   =      2456.5427  DIHED      =      1421.1019
 UB     =         0.0000  IMP     =         0.0000  CMAP       =       216.6983
 1-4 NB =      1151.9863  1-4 EEL =     15374.7797  VDWAALS    =     40831.4419
 EELEC  =   -365238.0839  EHBOND  =         0.0000  RESTRAINT  =         0.0000
 ------------------------------------------------------------------------------

wrapping first mol.:       76.60133      -54.16531       93.81709

 NSTEP =  2160000   TIME(PS) =  334360.000  TEMP(K) =   310.95  PRESS =     0.0
 Etot   =   -238070.8011  EKtot   =     63319.5469  EPtot      =   -301390.3480
 BOND   =      2102.4943  ANGLE   =      2386.9450  DIHED      =      1391.6769
 UB     =         0.0000  IMP     =         0.0000  CMAP       =       232.7407
 1-4 NB =      1167.8423  1-4 EEL =     15399.1304  VDWAALS    =     40176.6753
 EELEC  =   -364247.8529  EHBOND  =         0.0000  RESTRAINT  =         0.0000
 ------------------------------------------------------------------------------

wrapping first mol.:       76.60133      -54.16531       93.81709

 NSTEP =  2180000   TIME(PS) =  334400.000  TEMP(K) =   310.83  PRESS =     0.0
 Etot   =   -238623.8412  EKtot   =     63296.2227  EPtot      =   -301920.0639
 BOND   =      2124.1285  ANGLE   =      2385.2582  DIHED      =      1402.0186
 UB     =         0.0000  IMP     =         0.0000  CMAP       =       235.4707
 1-4 NB =      1156.1223  1-4 EEL =     15408.2290  VDWAALS    =     40498.3591
 EELEC  =   -365129.6500  EHBOND  =         0.0000  RESTRAINT  =         0.0000
 ------------------------------------------------------------------------------

wrapping first mol.:       76.60133      -54.16531       93.81709

 NSTEP =  2200000   TIME(PS) =  334440.000  TEMP(K) =   310.12  PRESS =     0.0
 Etot   =   -238664.8958  EKtot   =     63151.6875  EPtot      =   -301816.5833
 BOND   =      2120.7100  ANGLE   =      2407.8038  DIHED      =      1393.5997
 UB     =         0.0000  IMP     =         0.0000  CMAP       =       239.8326
 1-4 NB =      1182.0641  1-4 EEL =     15362.7240  VDWAALS    =     41007.1132
 EELEC  =   -365530.4307  EHBOND  =         0.0000  RESTRAINT  =         0.0000
 ------------------------------------------------------------------------------

wrapping first mol.:       76.60133      -54.16531       93.81709

 NSTEP =  2220000   TIME(PS) =  334480.000  TEMP(K) =   310.06  PRESS =     0.0
 Etot   =   -238586.1822  EKtot   =     63138.5508  EPtot      =   -301724.7330
 BOND   =      2044.0358  ANGLE   =      2459.5536  DIHED      =      1390.5389
 UB     =         0.0000  IMP     =         0.0000  CMAP       =       265.3000
 1-4 NB =      1151.8724  1-4 EEL =     15279.6384  VDWAALS    =     40776.2142
 EELEC  =   -365091.8863  EHBOND  =         0.0000  RESTRAINT  =         0.0000
 ------------------------------------------------------------------------------

wrapping first mol.:       76.60133      -54.16531       93.81709

 NSTEP =  2240000   TIME(PS) =  334520.000  TEMP(K) =   311.90  PRESS =     0.0
 Etot   =   -237456.3889  EKtot   =     63514.6523  EPtot      =   -300971.0413
 BOND   =      2117.7674  ANGLE   =      2484.7604  DIHED      =      1403.6992
 UB     =         0.0000  IMP     =         0.0000  CMAP       =       249.2893
 1-4 NB =      1174.2462  1-4 EEL =     15323.6177  VDWAALS    =     40332.8923
 EELEC  =   -364057.3137  EHBOND  =         0.0000  RESTRAINT  =         0.0000
 ------------------------------------------------------------------------------

wrapping first mol.:       76.60133      -54.16531       93.81709

 NSTEP =  2260000   TIME(PS) =  334560.000  TEMP(K) =   310.28  PRESS =     0.0
 Etot   =   -238687.1694  EKtot   =     63183.2852  EPtot      =   -301870.4545
 BOND   =      2143.2482  ANGLE   =      2339.5572  DIHED      =      1398.0047
 UB     =         0.0000  IMP     =         0.0000  CMAP       =       247.0792
 1-4 NB =      1150.1722  1-4 EEL =     15324.4984  VDWAALS    =     40503.8339
 EELEC  =   -364976.8484  EHBOND  =         0.0000  RESTRAINT  =         0.0000
 ------------------------------------------------------------------------------

wrapping first mol.:       76.60133      -54.16531       93.81709

 NSTEP =  2280000   TIME(PS) =  334600.000  TEMP(K) =   309.63  PRESS =     0.0
 Etot   =   -238630.6857  EKtot   =     63050.7500  EPtot      =   -301681.4357
 BOND   =      2077.8595  ANGLE   =      2379.8065  DIHED      =      1432.7890
 UB     =         0.0000  IMP     =         0.0000  CMAP       =       240.7160
 1-4 NB =      1187.3539  1-4 EEL =     15466.8104  VDWAALS    =     40556.4827
 EELEC  =   -365023.2537  EHBOND  =         0.0000  RESTRAINT  =         0.0000
 ------------------------------------------------------------------------------

wrapping first mol.:       76.60133      -54.16531       93.81709

 NSTEP =  2300000   TIME(PS) =  334640.000  TEMP(K) =   309.32  PRESS =     0.0
 Etot   =   -238767.0354  EKtot   =     62988.3672  EPtot      =   -301755.4026
 BOND   =      2058.4278  ANGLE   =      2496.7062  DIHED      =      1432.2245
 UB     =         0.0000  IMP     =         0.0000  CMAP       =       236.0804
 1-4 NB =      1161.6042  1-4 EEL =     15335.3016  VDWAALS    =     40534.5037
 EELEC  =   -365010.2510  EHBOND  =         0.0000  RESTRAINT  =         0.0000
 ------------------------------------------------------------------------------

wrapping first mol.:       76.60133      -54.16531       93.81709

 NSTEP =  2320000   TIME(PS) =  334680.000  TEMP(K) =   309.93  PRESS =     0.0
 Etot   =   -238744.5588  EKtot   =     63113.6172  EPtot      =   -301858.1760
 BOND   =      2114.8171  ANGLE   =      2394.3667  DIHED      =      1413.0306
 UB     =         0.0000  IMP     =         0.0000  CMAP       =       246.0014
 1-4 NB =      1156.0758  1-4 EEL =     15282.8462  VDWAALS    =     40776.0335
 EELEC  =   -365241.3474  EHBOND  =         0.0000  RESTRAINT  =         0.0000
 ------------------------------------------------------------------------------

wrapping first mol.:       76.60133      -54.16531       93.81709

 NSTEP =  2340000   TIME(PS) =  334720.000  TEMP(K) =   310.82  PRESS =     0.0
 Etot   =   -238331.6470  EKtot   =     63294.5938  EPtot      =   -301626.2407
 BOND   =      2074.4636  ANGLE   =      2416.1004  DIHED      =      1416.7524
 UB     =         0.0000  IMP     =         0.0000  CMAP       =       241.9605
 1-4 NB =      1165.2087  1-4 EEL =     15418.0273  VDWAALS    =     40377.8426
 EELEC  =   -364736.5964  EHBOND  =         0.0000  RESTRAINT  =         0.0000
 ------------------------------------------------------------------------------

wrapping first mol.:       76.60133      -54.16531       93.81709

 NSTEP =  2360000   TIME(PS) =  334760.000  TEMP(K) =   307.70  PRESS =     0.0
 Etot   =   -238876.3827  EKtot   =     62658.1250  EPtot      =   -301534.5077
 BOND   =      2080.1560  ANGLE   =      2453.4870  DIHED      =      1365.8648
 UB     =         0.0000  IMP     =         0.0000  CMAP       =       239.7354
 1-4 NB =      1187.7964  1-4 EEL =     15348.0281  VDWAALS    =     39983.3914
 EELEC  =   -364192.9668  EHBOND  =         0.0000  RESTRAINT  =         0.0000
 ------------------------------------------------------------------------------

wrapping first mol.:       76.60133      -54.16531       93.81709

 NSTEP =  2380000   TIME(PS) =  334800.000  TEMP(K) =   308.94  PRESS =     0.0
 Etot   =   -239078.0043  EKtot   =     62911.9180  EPtot      =   -301989.9222
 BOND   =      2073.2473  ANGLE   =      2420.9056  DIHED      =      1380.3989
 UB     =         0.0000  IMP     =         0.0000  CMAP       =       243.3869
 1-4 NB =      1195.5876  1-4 EEL =     15340.8407  VDWAALS    =     40670.9894
 EELEC  =   -365315.2786  EHBOND  =         0.0000  RESTRAINT  =         0.0000
 ------------------------------------------------------------------------------

wrapping first mol.:       76.60133      -54.16531       93.81709

 NSTEP =  2400000   TIME(PS) =  334840.000  TEMP(K) =   310.22  PRESS =     0.0
 Etot   =   -238536.1399  EKtot   =     63172.4453  EPtot      =   -301708.5852
 BOND   =      2095.2649  ANGLE   =      2472.4250  DIHED      =      1409.5817
 UB     =         0.0000  IMP     =         0.0000  CMAP       =       247.6460
 1-4 NB =      1170.0399  1-4 EEL =     15400.7626  VDWAALS    =     40960.5253
 EELEC  =   -365464.8306  EHBOND  =         0.0000  RESTRAINT  =         0.0000
 ------------------------------------------------------------------------------

wrapping first mol.:       76.60133      -54.16531       93.81709

 NSTEP =  2420000   TIME(PS) =  334880.000  TEMP(K) =   310.81  PRESS =     0.0
 Etot   =   -238715.1583  EKtot   =     63291.7578  EPtot      =   -302006.9161
 BOND   =      2069.7433  ANGLE   =      2435.7975  DIHED      =      1416.8383
 UB     =         0.0000  IMP     =         0.0000  CMAP       =       248.4575
 1-4 NB =      1169.2297  1-4 EEL =     15408.1152  VDWAALS    =     40503.0430
 EELEC  =   -365258.1407  EHBOND  =         0.0000  RESTRAINT  =         0.0000
 ------------------------------------------------------------------------------

wrapping first mol.:       76.60133      -54.16531       93.81709

 NSTEP =  2440000   TIME(PS) =  334920.000  TEMP(K) =   310.91  PRESS =     0.0
 Etot   =   -237896.4762  EKtot   =     63312.7344  EPtot      =   -301209.2106
 BOND   =      2122.8860  ANGLE   =      2522.0854  DIHED      =      1434.0001
 UB     =         0.0000  IMP     =         0.0000  CMAP       =       232.9528
 1-4 NB =      1156.3283  1-4 EEL =     15322.9326  VDWAALS    =     40366.1027
 EELEC  =   -364366.4984  EHBOND  =         0.0000  RESTRAINT  =         0.0000
 ------------------------------------------------------------------------------

wrapping first mol.:       76.60133      -54.16531       93.81709

 NSTEP =  2460000   TIME(PS) =  334960.000  TEMP(K) =   310.16  PRESS =     0.0
 Etot   =   -238743.9368  EKtot   =     63159.3789  EPtot      =   -301903.3157
 BOND   =      2106.9713  ANGLE   =      2462.6383  DIHED      =      1419.8214
 UB     =         0.0000  IMP     =         0.0000  CMAP       =       211.0825
 1-4 NB =      1167.0847  1-4 EEL =     15410.8865  VDWAALS    =     40891.3036
 EELEC  =   -365573.1040  EHBOND  =         0.0000  RESTRAINT  =         0.0000
 ------------------------------------------------------------------------------

wrapping first mol.:       76.60133      -54.16531       93.81709

 NSTEP =  2480000   TIME(PS) =  335000.000  TEMP(K) =   309.42  PRESS =     0.0
 Etot   =   -239073.6253  EKtot   =     63008.6914  EPtot      =   -302082.3167
 BOND   =      2091.7236  ANGLE   =      2360.0498  DIHED      =      1422.7132
 UB     =         0.0000  IMP     =         0.0000  CMAP       =       235.2688
 1-4 NB =      1159.4516  1-4 EEL =     15386.3708  VDWAALS    =     40630.9099
 EELEC  =   -365368.8045  EHBOND  =         0.0000  RESTRAINT  =         0.0000
 ------------------------------------------------------------------------------

wrapping first mol.:       76.60133      -54.16531       93.81709
wrapping first mol.:       76.60133      -54.16531       93.81709

 NSTEP =  2500000   TIME(PS) =  335040.000  TEMP(K) =   310.08  PRESS =     0.0
 Etot   =   -238385.1176  EKtot   =     63142.5977  EPtot      =   -301527.7152
 BOND   =      2109.0821  ANGLE   =      2422.7526  DIHED      =      1432.0749
 UB     =         0.0000  IMP     =         0.0000  CMAP       =       244.4246
 1-4 NB =      1173.7615  1-4 EEL =     15426.9380  VDWAALS    =     41240.5220
 EELEC  =   -365577.2709  EHBOND  =         0.0000  RESTRAINT  =         0.0000
 ------------------------------------------------------------------------------


      A V E R A G E S   O V E R     125 S T E P S


 NSTEP =  2500000   TIME(PS) =  335040.000  TEMP(K) =   310.12  PRESS =     0.0
 Etot   =   -238702.5829  EKtot   =     63150.4738  EPtot      =   -301853.0567
 BOND   =      2089.2712  ANGLE   =      2419.6404  DIHED      =      1414.2647
 UB     =         0.0000  IMP     =         0.0000  CMAP       =       245.8474
 1-4 NB =      1170.2124  1-4 EEL =     15414.4681  VDWAALS    =     40724.8528
 EELEC  =   -365331.6136  EHBOND  =         0.0000  RESTRAINT  =         0.0000
 ------------------------------------------------------------------------------


      R M S  F L U C T U A T I O N S


 NSTEP =  2500000   TIME(PS) =  335040.000  TEMP(K) =     0.99  PRESS =     0.0
 Etot   =       361.5587  EKtot   =       202.1759  EPtot      =       296.2530
 BOND   =        30.1126  ANGLE   =        40.4798  DIHED      =        22.3171
 UB     =         0.0000  IMP     =         0.0000  CMAP       =        11.4636
 1-4 NB =        13.0741  1-4 EEL =        47.8637  VDWAALS    =       307.8798
 EELEC  =       484.1941  EHBOND  =         0.0000  RESTRAINT  =         0.0000
 ------------------------------------------------------------------------------

--------------------------------------------------------------------------------
   5.  TIMINGS
--------------------------------------------------------------------------------

|  NonSetup CPU Time in Major Routines:
|
|     Routine           Sec        %
|     ------------------------------
|     Nonbond         147.69   11.08
|     Bond              0.00    0.00
|     Angle             0.00    0.00
|     Dihedral          0.00    0.00
|     Shake             9.53    0.72
|     RunMD          1173.15   88.04
|     Other             2.16    0.16
|     ------------------------------
|     Total          1332.53

|  PME Nonbond Pairlist CPU Time:
|
|     Routine              Sec        %
|     ---------------------------------
|     Set Up Cit           0.00    0.00
|     Build List           0.00    0.00
|     ---------------------------------
|     Total                0.00    0.00

|  PME Direct Force CPU Time:
|
|     Routine              Sec        %
|     ---------------------------------
|     NonBonded Calc       0.00    0.00
|     Exclude Masked       0.00    0.00
|     Other                1.36    0.10
|     ---------------------------------
|     Total                1.36    0.10

|  PME Reciprocal Force CPU Time:
|
|     Routine              Sec        %
|     ---------------------------------
|     1D bspline           0.00    0.00
|     Grid Charges         0.00    0.00
|     Scalar Sum           0.00    0.00
|     Gradient Sum         0.00    0.00
|     FFT                  0.00    0.00
|     ---------------------------------
|     Total                0.00    0.00

|  Final Performance Info:
|     -----------------------------------------------------
|     Average timings for last   80000 steps:
|     Elapsed(s) =      42.36 Per Step(ms) =       0.53
|         ns/day =     326.34   seconds/ns =     264.76
|
|     Average timings for all steps:
|     Elapsed(s) =    1334.76 Per Step(ms) =       0.53
|         ns/day =     323.65   seconds/ns =     266.95
|     -----------------------------------------------------

|  Setup CPU time:            1.11 seconds
|  NonSetup CPU time:      1332.53 seconds
|  Total CPU time:         1333.64 seconds     0.37 hours

|  Setup wall time:           2    seconds
|  NonSetup wall time:     1335    seconds
|  Total wall time:        1337    seconds     0.37 hours
