
          -------------------------------------------------------
          Amber 24 PMEMD                              2024
          -------------------------------------------------------

| PMEMD implementation of SANDER, Release 24

|  Compiled date/time: Thu Apr  3 17:55:38 2025
| Run on 11/14/2025 at 17:30:11

|   Executable path: pmemd.cuda_SPFP
| Working directory: /rs1/researchers/h/hall/vtnguye4/Amber_restart/cappedP1amber/P1_Simulation
|          Hostname: gpu24

  [-O]verwriting output

File Assignments:
|   MDIN: /rs1/researchers/h/hall/vtnguye4/Amber_restart/cappedP1amber/equil.in 
|  MDOUT: ./OUT_Files/equil86.out                                               
| INPCRD: ./RST_Files/equil85.rst7                                              
|   PARM: ./PRMTOP_Files/P1.prmtop                                              
| RESTRT: ./RST_Files/equil86.rst7                                              
|   REFC: refc                                                                  
|  MDVEL: mdvel                                                                 
|   MDEN: mden                                                                  
|  MDCRD: ./nc_Files/equil86.nc                                                 
| MDINFO: mdinfo                                                                
|  MDFRC: mdfrc                                                                 


 Here is the input file:

!Stage equilibration 5ns                                                       
&cntrl                                                                         
imin=0, irest=1, ntx=5,                                                        
nstlim=2500000, dt=0.002,                                                      
ntc=2, ntf=2, ig=-1,                                                           
ntt=3, gamma_ln=2.0,                                                           
tempi=310.0, temp0=310.0,                                                      
ntxo=2, ioutfm=1,                                                              
ntpr=20000, ntwx=20000,                                                        
ntb=1,                                                                         
cut=9.0,                                                                       
iwrap=1,                                                                       
/                                                                              


Note: ig = -1. Setting random seed to   600945 based on wallclock time in 
      microseconds.
| irandom = 1, using AMBER's internal random number generator (default).
 
|--------------------- INFORMATION ----------------------
| GPU (CUDA) Version of PMEMD in use: NVIDIA GPU IN USE.
|                    Version 18.0.0
| 
|                      03/25/2018
| 
| Implementation by:
|                    Ross C. Walker     (SDSC)
|                    Scott Le Grand     (nVIDIA)
| 
| Version 18 performance extensions by:
|                    David Cerutti     (Rutgers)
| 
| Precision model in use:
|      [SPFP] - Single Precision Forces, 64-bit Fixed Point
|               Accumulation. (Default)
| 
|--------------------------------------------------------
 
|----------------- CITATION INFORMATION -----------------
|
|    When publishing work that utilized the CUDA version
|    of AMBER, please cite the following in addition to
|    the regular AMBER citations:
|
|  - Romelia Salomon-Ferrer; Andreas W. Goetz; Duncan
|    Poole; Scott Le Grand; Ross C. Walker "Routine
|    microsecond molecular dynamics simulations with
|    AMBER - Part II: Particle Mesh Ewald", J. Chem.
|    Theory Comput., 2013, 9 (9), pp3878-3888,
|    DOI: 10.1021/ct400314y.
|
|  - Andreas W. Goetz; Mark J. Williamson; Dong Xu;
|    Duncan Poole; Scott Le Grand; Ross C. Walker
|    "Routine microsecond molecular dynamics simulations
|    with AMBER - Part I: Generalized Born", J. Chem.
|    Theory Comput., 2012, 8 (5), pp1542-1555.
|
|  - Scott Le Grand; Andreas W. Goetz; Ross C. Walker
|    "SPFP: Speed without compromise - a mixed precision
|    model for GPU accelerated molecular dynamics
|    simulations.", Comp. Phys. Comm., 2013, 184
|    pp374-380, DOI: 10.1016/j.cpc.2012.09.022
|
|--------------------------------------------------------
 
|------------------- GPU DEVICE INFO --------------------
|
|            CUDA_VISIBLE_DEVICES: 0
|   CUDA Capable Devices Detected:      1
|           CUDA Device ID in use:      0
|                CUDA Device Name: NVIDIA L40S
|     CUDA Device Global Mem Size:  45487 MB
| CUDA Device Num Multiprocessors:    142
|           CUDA Device Core Freq:   2.52 GHz
|
|--------------------------------------------------------
 
 
| Conditional Compilation Defines Used:
| PUBFFT
| BINTRAJ
| CUDA
| EMIL

| Largest sphere to fit in unit cell has radius =    46.909

| New format PARM file being parsed.
| Version =    1.000 Date = 10/28/25 Time = 16:56:02

| Note: 1-4 EEL scale factors are being read from the topology file.

| Note: 1-4 VDW scale factors are being read from the topology file.
| Duplicated    0 dihedrals

| Duplicated    0 dihedrals

--------------------------------------------------------------------------------
   1.  RESOURCE   USE: 
--------------------------------------------------------------------------------

 getting box info from netcdf restart file
 NATOM  =  101202 NTYPES =      11 NBONH =   98658 MBONA  =    2544
 NTHETH =    5904 MTHETA =    3408 NPHIH =   11760 MPHIA  =   10368
 NHPARM =       0 NPARM  =       0 NNB   =  155656 NRES   =   32422
 NBONA  =    2544 NTHETA =    3408 NPHIA =   10368 NUMBND =      27
 NUMANG =      54 NPTRA  =      59 NATYP =      16 NPHB   =       0
 IFBOX  =       2 NMXRS  =      21 IFCAP =       0 NEXTRA =       0
 NCOPY  =       0

| Coordinate Index Table dimensions:    20   20   20
| Direct force subcell size =     5.7451    5.7451    5.7451

     BOX TYPE: TRUNCATED OCTAHEDRON

--------------------------------------------------------------------------------
   2.  CONTROL  DATA  FOR  THE  RUN
--------------------------------------------------------------------------------

default_name                                                                    

General flags:
     imin    =       0, nmropt  =       0

Nature and format of input:
     ntx     =       5, irest   =       1, ntrx    =       1

Nature and format of output:
     ntxo    =       2, ntpr    =   20000, ntrx    =       1, ntwr    = 2500000
     iwrap   =       1, ntwx    =   20000, ntwv    =       0, ntwe    =       0
     ioutfm  =       1, ntwprt  =       0, idecomp =       0, rbornstat=      0

Potential function:
     ntf     =       2, ntb     =       1, igb     =       0, nsnb    =      25
     ipol    =       0, gbsa    =       0, iesp    =       0
     dielc   =   1.00000, cut     =   9.00000, intdiel =   1.00000

Frozen or restrained atoms:
     ibelly  =       0, ntr     =       0

Molecular dynamics:
     nstlim  =   2500000, nscm    =      1000, nrespa  =         1
     t       =   0.00000, dt      =   0.00200, vlimit  =  -1.00000

Langevin dynamics temperature regulation:
     ig      =  600945
     temp0   = 310.00000, tempi   = 310.00000, gamma_ln=   2.00000

SHAKE:
     ntc     =       2, jfastw  =       0
     tol     =   0.00001

| Intermolecular bonds treatment:
|     no_intermolecular_bonds =       1

| Energy averages sample interval:
|     ene_avg_sampling =   20000

Ewald parameters:
     verbose =       0, ew_type =       0, nbflag  =       1, use_pme =       1
     vdwmeth =       1, eedmeth =       1, netfrc  =       1
     Box X =  114.902   Box Y =  114.902   Box Z =  114.902
     Alpha =  109.471   Beta  =  109.471   Gamma =  109.471
     NFFT1 =  120       NFFT2 =  120       NFFT3 =  120
     Cutoff=    9.000   Tol   =0.100E-04
     Ewald Coefficient =  0.30768
     Interpolation order =    4

--------------------------------------------------------------------------------
   3.  ATOMIC COORDINATES AND VELOCITIES
--------------------------------------------------------------------------------

default_name                                                                    
 begin time read from input coords =425039.999 ps

 
 Number of triangulated 3-point waters found:    31990

     Sum of charges from parm topology file =  -0.00000047
     Forcing neutrality...

| Dynamic Memory, Types Used:
| Reals             3080462
| Integers          3650456

| Nonbonded Pairs Initial Allocation:    23074056

| GPU memory information (estimate):
| KB of GPU memory in use:    789634
| KB of CPU memory in use:    210424

--------------------------------------------------------------------------------
   4.  RESULTS
--------------------------------------------------------------------------------

wrapping first mol.:       76.60133      -54.16531       93.81709

 NSTEP =    20000   TIME(PS) =  425079.999  TEMP(K) =   310.27  PRESS =     0.0
 Etot   =   -238465.2479  EKtot   =     63181.6094  EPtot      =   -301646.8573
 BOND   =      2090.0035  ANGLE   =      2465.7769  DIHED      =      1444.5956
 UB     =         0.0000  IMP     =         0.0000  CMAP       =       243.9682
 1-4 NB =      1180.5871  1-4 EEL =     15486.0333  VDWAALS    =     40937.0424
 EELEC  =   -365494.8644  EHBOND  =         0.0000  RESTRAINT  =         0.0000
 ------------------------------------------------------------------------------

wrapping first mol.:       76.60133      -54.16531       93.81709

 NSTEP =    40000   TIME(PS) =  425119.999  TEMP(K) =   308.84  PRESS =     0.0
 Etot   =   -238906.9454  EKtot   =     62890.5352  EPtot      =   -301797.4805
 BOND   =      2089.6282  ANGLE   =      2502.7466  DIHED      =      1393.4404
 UB     =         0.0000  IMP     =         0.0000  CMAP       =       246.6694
 1-4 NB =      1170.1614  1-4 EEL =     15366.8360  VDWAALS    =     40677.2129
 EELEC  =   -365244.1754  EHBOND  =         0.0000  RESTRAINT  =         0.0000
 ------------------------------------------------------------------------------

wrapping first mol.:       76.60133      -54.16531       93.81709

 NSTEP =    60000   TIME(PS) =  425159.999  TEMP(K) =   310.54  PRESS =     0.0
 Etot   =   -238383.3694  EKtot   =     63237.4844  EPtot      =   -301620.8538
 BOND   =      2031.7459  ANGLE   =      2369.9886  DIHED      =      1445.5744
 UB     =         0.0000  IMP     =         0.0000  CMAP       =       265.2249
 1-4 NB =      1222.5886  1-4 EEL =     15419.9356  VDWAALS    =     40187.2803
 EELEC  =   -364563.1922  EHBOND  =         0.0000  RESTRAINT  =         0.0000
 ------------------------------------------------------------------------------

wrapping first mol.:       76.60133      -54.16531       93.81709

 NSTEP =    80000   TIME(PS) =  425199.999  TEMP(K) =   310.02  PRESS =     0.0
 Etot   =   -238522.0329  EKtot   =     63130.2500  EPtot      =   -301652.2829
 BOND   =      2084.1511  ANGLE   =      2433.7610  DIHED      =      1406.0727
 UB     =         0.0000  IMP     =         0.0000  CMAP       =       244.4495
 1-4 NB =      1172.2380  1-4 EEL =     15415.7131  VDWAALS    =     40527.0271
 EELEC  =   -364935.6954  EHBOND  =         0.0000  RESTRAINT  =         0.0000
 ------------------------------------------------------------------------------

wrapping first mol.:       76.60133      -54.16531       93.81709

 NSTEP =   100000   TIME(PS) =  425239.999  TEMP(K) =   308.94  PRESS =     0.0
 Etot   =   -239200.2433  EKtot   =     62911.8594  EPtot      =   -302112.1026
 BOND   =      2079.4381  ANGLE   =      2395.7795  DIHED      =      1385.3487
 UB     =         0.0000  IMP     =         0.0000  CMAP       =       238.2464
 1-4 NB =      1179.4283  1-4 EEL =     15378.7882  VDWAALS    =     40628.5989
 EELEC  =   -365397.7307  EHBOND  =         0.0000  RESTRAINT  =         0.0000
 ------------------------------------------------------------------------------

wrapping first mol.:       76.60133      -54.16531       93.81709

 NSTEP =   120000   TIME(PS) =  425279.999  TEMP(K) =   311.40  PRESS =     0.0
 Etot   =   -238288.2789  EKtot   =     63411.8750  EPtot      =   -301700.1539
 BOND   =      2127.4737  ANGLE   =      2426.5421  DIHED      =      1423.2006
 UB     =         0.0000  IMP     =         0.0000  CMAP       =       233.0185
 1-4 NB =      1175.1556  1-4 EEL =     15447.6815  VDWAALS    =     40497.7477
 EELEC  =   -365030.9736  EHBOND  =         0.0000  RESTRAINT  =         0.0000
 ------------------------------------------------------------------------------

wrapping first mol.:       76.60133      -54.16531       93.81709

 NSTEP =   140000   TIME(PS) =  425319.999  TEMP(K) =   309.18  PRESS =     0.0
 Etot   =   -238579.4648  EKtot   =     62959.7734  EPtot      =   -301539.2383
 BOND   =      2065.8442  ANGLE   =      2400.3255  DIHED      =      1410.2491
 UB     =         0.0000  IMP     =         0.0000  CMAP       =       253.9314
 1-4 NB =      1185.5437  1-4 EEL =     15461.9608  VDWAALS    =     40862.0351
 EELEC  =   -365179.1280  EHBOND  =         0.0000  RESTRAINT  =         0.0000
 ------------------------------------------------------------------------------

wrapping first mol.:       76.60133      -54.16531       93.81709

 NSTEP =   160000   TIME(PS) =  425359.999  TEMP(K) =   310.97  PRESS =     0.0
 Etot   =   -238905.5171  EKtot   =     63325.2656  EPtot      =   -302230.7828
 BOND   =      2053.8898  ANGLE   =      2394.6627  DIHED      =      1441.6423
 UB     =         0.0000  IMP     =         0.0000  CMAP       =       238.1148
 1-4 NB =      1192.9767  1-4 EEL =     15393.0974  VDWAALS    =     40603.6117
 EELEC  =   -365548.7780  EHBOND  =         0.0000  RESTRAINT  =         0.0000
 ------------------------------------------------------------------------------

wrapping first mol.:       76.60133      -54.16531       93.81709

 NSTEP =   180000   TIME(PS) =  425399.999  TEMP(K) =   308.94  PRESS =     0.0
 Etot   =   -239005.5408  EKtot   =     62910.9805  EPtot      =   -301916.5213
 BOND   =      2122.8229  ANGLE   =      2389.1719  DIHED      =      1424.4283
 UB     =         0.0000  IMP     =         0.0000  CMAP       =       262.3994
 1-4 NB =      1177.3762  1-4 EEL =     15426.5667  VDWAALS    =     40601.2852
 EELEC  =   -365320.5719  EHBOND  =         0.0000  RESTRAINT  =         0.0000
 ------------------------------------------------------------------------------

wrapping first mol.:       76.60133      -54.16531       93.81709

 NSTEP =   200000   TIME(PS) =  425439.999  TEMP(K) =   308.09  PRESS =     0.0
 Etot   =   -239211.5689  EKtot   =     62737.9062  EPtot      =   -301949.4752
 BOND   =      2068.5278  ANGLE   =      2439.3339  DIHED      =      1429.6966
 UB     =         0.0000  IMP     =         0.0000  CMAP       =       237.1533
 1-4 NB =      1212.1865  1-4 EEL =     15334.0879  VDWAALS    =     41012.9722
 EELEC  =   -365683.4334  EHBOND  =         0.0000  RESTRAINT  =         0.0000
 ------------------------------------------------------------------------------

wrapping first mol.:       76.60133      -54.16531       93.81709

 NSTEP =   220000   TIME(PS) =  425479.999  TEMP(K) =   311.88  PRESS =     0.0
 Etot   =   -238585.0867  EKtot   =     63509.6992  EPtot      =   -302094.7859
 BOND   =      2096.7912  ANGLE   =      2336.7820  DIHED      =      1437.0736
 UB     =         0.0000  IMP     =         0.0000  CMAP       =       243.8275
 1-4 NB =      1176.4190  1-4 EEL =     15418.1332  VDWAALS    =     41147.7031
 EELEC  =   -365951.5155  EHBOND  =         0.0000  RESTRAINT  =         0.0000
 ------------------------------------------------------------------------------

wrapping first mol.:       76.60133      -54.16531       93.81709

 NSTEP =   240000   TIME(PS) =  425519.999  TEMP(K) =   311.43  PRESS =     0.0
 Etot   =   -238448.8308  EKtot   =     63418.3125  EPtot      =   -301867.1433
 BOND   =      2076.9833  ANGLE   =      2411.0496  DIHED      =      1429.8415
 UB     =         0.0000  IMP     =         0.0000  CMAP       =       241.2852
 1-4 NB =      1190.9550  1-4 EEL =     15440.0711  VDWAALS    =     40631.6101
 EELEC  =   -365288.9391  EHBOND  =         0.0000  RESTRAINT  =         0.0000
 ------------------------------------------------------------------------------

wrapping first mol.:       76.60133      -54.16531       93.81709

 NSTEP =   260000   TIME(PS) =  425559.999  TEMP(K) =   311.97  PRESS =     0.0
 Etot   =   -238083.0890  EKtot   =     63528.6719  EPtot      =   -301611.7608
 BOND   =      2094.4084  ANGLE   =      2445.9283  DIHED      =      1428.3410
 UB     =         0.0000  IMP     =         0.0000  CMAP       =       262.6466
 1-4 NB =      1168.5310  1-4 EEL =     15455.2813  VDWAALS    =     40781.4399
 EELEC  =   -365248.3374  EHBOND  =         0.0000  RESTRAINT  =         0.0000
 ------------------------------------------------------------------------------

wrapping first mol.:       76.60133      -54.16531       93.81709

 NSTEP =   280000   TIME(PS) =  425599.999  TEMP(K) =   309.84  PRESS =     0.0
 Etot   =   -239044.6854  EKtot   =     63093.4062  EPtot      =   -302138.0917
 BOND   =      2143.3216  ANGLE   =      2425.2616  DIHED      =      1403.3355
 UB     =         0.0000  IMP     =         0.0000  CMAP       =       231.5149
 1-4 NB =      1171.0758  1-4 EEL =     15377.3925  VDWAALS    =     40673.2219
 EELEC  =   -365563.2155  EHBOND  =         0.0000  RESTRAINT  =         0.0000
 ------------------------------------------------------------------------------

wrapping first mol.:       76.60133      -54.16531       93.81709

 NSTEP =   300000   TIME(PS) =  425639.999  TEMP(K) =   309.36  PRESS =     0.0
 Etot   =   -238957.4118  EKtot   =     62997.0273  EPtot      =   -301954.4392
 BOND   =      2072.1540  ANGLE   =      2385.2223  DIHED      =      1418.1077
 UB     =         0.0000  IMP     =         0.0000  CMAP       =       252.9743
 1-4 NB =      1183.3057  1-4 EEL =     15441.2783  VDWAALS    =     40538.3012
 EELEC  =   -365245.7827  EHBOND  =         0.0000  RESTRAINT  =         0.0000
 ------------------------------------------------------------------------------

wrapping first mol.:       76.60133      -54.16531       93.81709

 NSTEP =   320000   TIME(PS) =  425679.999  TEMP(K) =   309.33  PRESS =     0.0
 Etot   =   -238582.5783  EKtot   =     62991.4961  EPtot      =   -301574.0744
 BOND   =      2097.5766  ANGLE   =      2438.8949  DIHED      =      1436.7251
 UB     =         0.0000  IMP     =         0.0000  CMAP       =       248.0596
 1-4 NB =      1165.8509  1-4 EEL =     15506.6192  VDWAALS    =     40305.6339
 EELEC  =   -364773.4345  EHBOND  =         0.0000  RESTRAINT  =         0.0000
 ------------------------------------------------------------------------------

wrapping first mol.:       76.60133      -54.16531       93.81709

 NSTEP =   340000   TIME(PS) =  425719.999  TEMP(K) =   311.84  PRESS =     0.0
 Etot   =   -238050.6002  EKtot   =     63501.0781  EPtot      =   -301551.6783
 BOND   =      2050.4000  ANGLE   =      2441.0534  DIHED      =      1410.5973
 UB     =         0.0000  IMP     =         0.0000  CMAP       =       247.8269
 1-4 NB =      1168.7928  1-4 EEL =     15444.3285  VDWAALS    =     40628.6499
 EELEC  =   -364943.3272  EHBOND  =         0.0000  RESTRAINT  =         0.0000
 ------------------------------------------------------------------------------

wrapping first mol.:       76.60133      -54.16531       93.81709

 NSTEP =   360000   TIME(PS) =  425759.999  TEMP(K) =   310.64  PRESS =     0.0
 Etot   =   -238677.1375  EKtot   =     63256.5703  EPtot      =   -301933.7078
 BOND   =      2134.6591  ANGLE   =      2380.8183  DIHED      =      1431.5416
 UB     =         0.0000  IMP     =         0.0000  CMAP       =       249.8490
 1-4 NB =      1174.8842  1-4 EEL =     15404.6531  VDWAALS    =     41167.3952
 EELEC  =   -365877.5084  EHBOND  =         0.0000  RESTRAINT  =         0.0000
 ------------------------------------------------------------------------------

wrapping first mol.:       76.60133      -54.16531       93.81709

 NSTEP =   380000   TIME(PS) =  425799.999  TEMP(K) =   309.86  PRESS =     0.0
 Etot   =   -238662.9764  EKtot   =     63098.7617  EPtot      =   -301761.7382
 BOND   =      2065.6251  ANGLE   =      2404.8907  DIHED      =      1437.3329
 UB     =         0.0000  IMP     =         0.0000  CMAP       =       238.7118
 1-4 NB =      1175.9531  1-4 EEL =     15482.5472  VDWAALS    =     40453.2534
 EELEC  =   -365020.0525  EHBOND  =         0.0000  RESTRAINT  =         0.0000
 ------------------------------------------------------------------------------

wrapping first mol.:       76.60133      -54.16531       93.81709

 NSTEP =   400000   TIME(PS) =  425839.999  TEMP(K) =   312.00  PRESS =     0.0
 Etot   =   -238401.7117  EKtot   =     63534.0352  EPtot      =   -301935.7468
 BOND   =      2063.7945  ANGLE   =      2406.1203  DIHED      =      1436.8629
 UB     =         0.0000  IMP     =         0.0000  CMAP       =       251.0844
 1-4 NB =      1165.8644  1-4 EEL =     15414.3861  VDWAALS    =     41106.5872
 EELEC  =   -365780.4467  EHBOND  =         0.0000  RESTRAINT  =         0.0000
 ------------------------------------------------------------------------------

wrapping first mol.:       76.60133      -54.16531       93.81709

 NSTEP =   420000   TIME(PS) =  425879.999  TEMP(K) =   310.02  PRESS =     0.0
 Etot   =   -239167.2223  EKtot   =     63130.4297  EPtot      =   -302297.6520
 BOND   =      2117.0253  ANGLE   =      2382.6873  DIHED      =      1406.8150
 UB     =         0.0000  IMP     =         0.0000  CMAP       =       267.8560
 1-4 NB =      1165.8261  1-4 EEL =     15463.5757  VDWAALS    =     41061.2405
 EELEC  =   -366162.6780  EHBOND  =         0.0000  RESTRAINT  =         0.0000
 ------------------------------------------------------------------------------

wrapping first mol.:       76.60133      -54.16531       93.81709

 NSTEP =   440000   TIME(PS) =  425919.999  TEMP(K) =   306.97  PRESS =     0.0
 Etot   =   -239484.2049  EKtot   =     62509.3242  EPtot      =   -301993.5291
 BOND   =      2047.2884  ANGLE   =      2418.8723  DIHED      =      1427.6485
 UB     =         0.0000  IMP     =         0.0000  CMAP       =       243.4108
 1-4 NB =      1202.3243  1-4 EEL =     15501.2474  VDWAALS    =     40436.4882
 EELEC  =   -365270.8090  EHBOND  =         0.0000  RESTRAINT  =         0.0000
 ------------------------------------------------------------------------------

wrapping first mol.:       76.60133      -54.16531       93.81709

 NSTEP =   460000   TIME(PS) =  425959.999  TEMP(K) =   308.66  PRESS =     0.0
 Etot   =   -238991.6875  EKtot   =     62854.9531  EPtot      =   -301846.6407
 BOND   =      2108.4735  ANGLE   =      2461.8183  DIHED      =      1448.3057
 UB     =         0.0000  IMP     =         0.0000  CMAP       =       254.1158
 1-4 NB =      1174.6779  1-4 EEL =     15516.4156  VDWAALS    =     40520.3892
 EELEC  =   -365330.8367  EHBOND  =         0.0000  RESTRAINT  =         0.0000
 ------------------------------------------------------------------------------

wrapping first mol.:       76.60133      -54.16531       93.81709

 NSTEP =   480000   TIME(PS) =  425999.999  TEMP(K) =   309.87  PRESS =     0.0
 Etot   =   -238589.9001  EKtot   =     63101.2539  EPtot      =   -301691.1540
 BOND   =      2095.7255  ANGLE   =      2442.6373  DIHED      =      1405.9021
 UB     =         0.0000  IMP     =         0.0000  CMAP       =       252.4429
 1-4 NB =      1162.2314  1-4 EEL =     15437.9451  VDWAALS    =     40379.1874
 EELEC  =   -364867.2258  EHBOND  =         0.0000  RESTRAINT  =         0.0000
 ------------------------------------------------------------------------------

wrapping first mol.:       76.60133      -54.16531       93.81709

 NSTEP =   500000   TIME(PS) =  426039.999  TEMP(K) =   311.46  PRESS =     0.0
 Etot   =   -237801.4551  EKtot   =     63424.9297  EPtot      =   -301226.3848
 BOND   =      2193.9110  ANGLE   =      2390.6173  DIHED      =      1419.1476
 UB     =         0.0000  IMP     =         0.0000  CMAP       =       224.7787
 1-4 NB =      1179.7833  1-4 EEL =     15479.0968  VDWAALS    =     40463.6442
 EELEC  =   -364577.3636  EHBOND  =         0.0000  RESTRAINT  =         0.0000
 ------------------------------------------------------------------------------

wrapping first mol.:       76.60133      -54.16531       93.81709

 NSTEP =   520000   TIME(PS) =  426079.999  TEMP(K) =   309.40  PRESS =     0.0
 Etot   =   -238827.3169  EKtot   =     63005.1914  EPtot      =   -301832.5083
 BOND   =      2100.4900  ANGLE   =      2437.9911  DIHED      =      1462.2909
 UB     =         0.0000  IMP     =         0.0000  CMAP       =       244.3764
 1-4 NB =      1178.2040  1-4 EEL =     15396.9310  VDWAALS    =     40595.1071
 EELEC  =   -365247.8990  EHBOND  =         0.0000  RESTRAINT  =         0.0000
 ------------------------------------------------------------------------------

wrapping first mol.:       76.60133      -54.16531       93.81709

 NSTEP =   540000   TIME(PS) =  426119.999  TEMP(K) =   309.06  PRESS =     0.0
 Etot   =   -238778.5106  EKtot   =     62935.8242  EPtot      =   -301714.3348
 BOND   =      2044.4188  ANGLE   =      2447.3998  DIHED      =      1425.7072
 UB     =         0.0000  IMP     =         0.0000  CMAP       =       252.5595
 1-4 NB =      1196.4193  1-4 EEL =     15327.4497  VDWAALS    =     40652.4887
 EELEC  =   -365060.7777  EHBOND  =         0.0000  RESTRAINT  =         0.0000
 ------------------------------------------------------------------------------

wrapping first mol.:       76.60133      -54.16531       93.81709

 NSTEP =   560000   TIME(PS) =  426159.999  TEMP(K) =   310.71  PRESS =     0.0
 Etot   =   -238443.2825  EKtot   =     63272.4141  EPtot      =   -301715.6965
 BOND   =      2129.1708  ANGLE   =      2397.4343  DIHED      =      1395.2655
 UB     =         0.0000  IMP     =         0.0000  CMAP       =       244.2138
 1-4 NB =      1187.1068  1-4 EEL =     15444.9083  VDWAALS    =     40281.4002
 EELEC  =   -364795.1963  EHBOND  =         0.0000  RESTRAINT  =         0.0000
 ------------------------------------------------------------------------------

wrapping first mol.:       76.60133      -54.16531       93.81709

 NSTEP =   580000   TIME(PS) =  426199.999  TEMP(K) =   311.32  PRESS =     0.0
 Etot   =   -239039.3559  EKtot   =     63395.5117  EPtot      =   -302434.8676
 BOND   =      2074.5663  ANGLE   =      2410.1986  DIHED      =      1412.5698
 UB     =         0.0000  IMP     =         0.0000  CMAP       =       236.1280
 1-4 NB =      1189.4574  1-4 EEL =     15410.5933  VDWAALS    =     40591.4468
 EELEC  =   -365759.8276  EHBOND  =         0.0000  RESTRAINT  =         0.0000
 ------------------------------------------------------------------------------

wrapping first mol.:       76.60133      -54.16531       93.81709

 NSTEP =   600000   TIME(PS) =  426239.999  TEMP(K) =   309.88  PRESS =     0.0
 Etot   =   -238982.4424  EKtot   =     63101.5664  EPtot      =   -302084.0088
 BOND   =      2115.8360  ANGLE   =      2433.9455  DIHED      =      1400.3022
 UB     =         0.0000  IMP     =         0.0000  CMAP       =       277.8818
 1-4 NB =      1177.1635  1-4 EEL =     15432.8559  VDWAALS    =     40612.9320
 EELEC  =   -365534.9258  EHBOND  =         0.0000  RESTRAINT  =         0.0000
 ------------------------------------------------------------------------------

wrapping first mol.:       76.60133      -54.16531       93.81709

 NSTEP =   620000   TIME(PS) =  426279.999  TEMP(K) =   311.01  PRESS =     0.0
 Etot   =   -238683.7224  EKtot   =     63333.3359  EPtot      =   -302017.0583
 BOND   =      2115.1196  ANGLE   =      2407.8815  DIHED      =      1433.8620
 UB     =         0.0000  IMP     =         0.0000  CMAP       =       235.1277
 1-4 NB =      1176.2308  1-4 EEL =     15395.0800  VDWAALS    =     40352.6827
 EELEC  =   -365133.0426  EHBOND  =         0.0000  RESTRAINT  =         0.0000
 ------------------------------------------------------------------------------

wrapping first mol.:       76.60133      -54.16531       93.81709

 NSTEP =   640000   TIME(PS) =  426319.999  TEMP(K) =   311.60  PRESS =     0.0
 Etot   =   -238824.9828  EKtot   =     63452.3906  EPtot      =   -302277.3734
 BOND   =      2055.3581  ANGLE   =      2450.7181  DIHED      =      1418.0987
 UB     =         0.0000  IMP     =         0.0000  CMAP       =       244.5056
 1-4 NB =      1186.4054  1-4 EEL =     15406.8807  VDWAALS    =     40909.2300
 EELEC  =   -365948.5698  EHBOND  =         0.0000  RESTRAINT  =         0.0000
 ------------------------------------------------------------------------------

wrapping first mol.:       76.60133      -54.16531       93.81709

 NSTEP =   660000   TIME(PS) =  426359.999  TEMP(K) =   310.52  PRESS =     0.0
 Etot   =   -239029.1735  EKtot   =     63232.9531  EPtot      =   -302262.1266
 BOND   =      2085.5671  ANGLE   =      2456.9564  DIHED      =      1433.7465
 UB     =         0.0000  IMP     =         0.0000  CMAP       =       232.1786
 1-4 NB =      1171.0252  1-4 EEL =     15404.2798  VDWAALS    =     40707.3066
 EELEC  =   -365753.1868  EHBOND  =         0.0000  RESTRAINT  =         0.0000
 ------------------------------------------------------------------------------

wrapping first mol.:       76.60133      -54.16531       93.81709

 NSTEP =   680000   TIME(PS) =  426399.999  TEMP(K) =   309.09  PRESS =     0.0
 Etot   =   -239441.5544  EKtot   =     62941.7383  EPtot      =   -302383.2927
 BOND   =      2107.3208  ANGLE   =      2404.3582  DIHED      =      1409.5863
 UB     =         0.0000  IMP     =         0.0000  CMAP       =       258.9520
 1-4 NB =      1197.7868  1-4 EEL =     15382.7617  VDWAALS    =     40666.7304
 EELEC  =   -365810.7890  EHBOND  =         0.0000  RESTRAINT  =         0.0000
 ------------------------------------------------------------------------------

wrapping first mol.:       76.60133      -54.16531       93.81709

 NSTEP =   700000   TIME(PS) =  426439.999  TEMP(K) =   313.87  PRESS =     0.0
 Etot   =   -238097.6876  EKtot   =     63915.1562  EPtot      =   -302012.8438
 BOND   =      2100.0214  ANGLE   =      2439.1142  DIHED      =      1440.4584
 UB     =         0.0000  IMP     =         0.0000  CMAP       =       259.2026
 1-4 NB =      1194.2675  1-4 EEL =     15410.5142  VDWAALS    =     40985.1896
 EELEC  =   -365841.6119  EHBOND  =         0.0000  RESTRAINT  =         0.0000
 ------------------------------------------------------------------------------

wrapping first mol.:       76.60133      -54.16531       93.81709

 NSTEP =   720000   TIME(PS) =  426479.999  TEMP(K) =   309.87  PRESS =     0.0
 Etot   =   -239178.2996  EKtot   =     63101.2578  EPtot      =   -302279.5574
 BOND   =      2049.8376  ANGLE   =      2419.5142  DIHED      =      1412.4031
 UB     =         0.0000  IMP     =         0.0000  CMAP       =       261.1407
 1-4 NB =      1186.3742  1-4 EEL =     15417.9316  VDWAALS    =     40955.5856
 EELEC  =   -365982.3443  EHBOND  =         0.0000  RESTRAINT  =         0.0000
 ------------------------------------------------------------------------------

wrapping first mol.:       76.60133      -54.16531       93.81709

 NSTEP =   740000   TIME(PS) =  426519.999  TEMP(K) =   311.13  PRESS =     0.0
 Etot   =   -238675.0779  EKtot   =     63357.0703  EPtot      =   -302032.1482
 BOND   =      2077.6922  ANGLE   =      2398.8295  DIHED      =      1388.1282
 UB     =         0.0000  IMP     =         0.0000  CMAP       =       259.9113
 1-4 NB =      1166.0825  1-4 EEL =     15423.3183  VDWAALS    =     40572.3752
 EELEC  =   -365318.4854  EHBOND  =         0.0000  RESTRAINT  =         0.0000
 ------------------------------------------------------------------------------

wrapping first mol.:       76.60133      -54.16531       93.81709

 NSTEP =   760000   TIME(PS) =  426559.999  TEMP(K) =   307.14  PRESS =     0.0
 Etot   =   -239736.9248  EKtot   =     62544.6836  EPtot      =   -302281.6084
 BOND   =      2063.8361  ANGLE   =      2460.9793  DIHED      =      1384.8879
 UB     =         0.0000  IMP     =         0.0000  CMAP       =       247.3466
 1-4 NB =      1174.5570  1-4 EEL =     15351.6804  VDWAALS    =     40539.5853
 EELEC  =   -365504.4810  EHBOND  =         0.0000  RESTRAINT  =         0.0000
 ------------------------------------------------------------------------------

wrapping first mol.:       76.60133      -54.16531       93.81709

 NSTEP =   780000   TIME(PS) =  426599.999  TEMP(K) =   311.06  PRESS =     0.0
 Etot   =   -238026.4617  EKtot   =     63343.5664  EPtot      =   -301370.0281
 BOND   =      2065.7137  ANGLE   =      2402.8260  DIHED      =      1430.9823
 UB     =         0.0000  IMP     =         0.0000  CMAP       =       252.5957
 1-4 NB =      1189.7857  1-4 EEL =     15424.2466  VDWAALS    =     40672.7240
 EELEC  =   -364808.9023  EHBOND  =         0.0000  RESTRAINT  =         0.0000
 ------------------------------------------------------------------------------

wrapping first mol.:       76.60133      -54.16531       93.81709

 NSTEP =   800000   TIME(PS) =  426639.999  TEMP(K) =   310.43  PRESS =     0.0
 Etot   =   -238492.7611  EKtot   =     63214.8047  EPtot      =   -301707.5658
 BOND   =      2086.6818  ANGLE   =      2454.9576  DIHED      =      1417.1859
 UB     =         0.0000  IMP     =         0.0000  CMAP       =       254.5289
 1-4 NB =      1206.0156  1-4 EEL =     15452.7818  VDWAALS    =     40842.6879
 EELEC  =   -365422.4052  EHBOND  =         0.0000  RESTRAINT  =         0.0000
 ------------------------------------------------------------------------------

wrapping first mol.:       76.60133      -54.16531       93.81709

 NSTEP =   820000   TIME(PS) =  426679.999  TEMP(K) =   308.02  PRESS =     0.0
 Etot   =   -239186.0835  EKtot   =     62723.3555  EPtot      =   -301909.4390
 BOND   =      2136.5157  ANGLE   =      2467.7640  DIHED      =      1437.1782
 UB     =         0.0000  IMP     =         0.0000  CMAP       =       252.7737
 1-4 NB =      1177.2722  1-4 EEL =     15323.9049  VDWAALS    =     40339.7118
 EELEC  =   -365044.5595  EHBOND  =         0.0000  RESTRAINT  =         0.0000
 ------------------------------------------------------------------------------

wrapping first mol.:       76.60133      -54.16531       93.81709

 NSTEP =   840000   TIME(PS) =  426719.999  TEMP(K) =   311.39  PRESS =     0.0
 Etot   =   -238297.2573  EKtot   =     63409.1172  EPtot      =   -301706.3745
 BOND   =      2107.6952  ANGLE   =      2396.4516  DIHED      =      1420.4873
 UB     =         0.0000  IMP     =         0.0000  CMAP       =       242.2505
 1-4 NB =      1166.2742  1-4 EEL =     15316.1089  VDWAALS    =     40841.0364
 EELEC  =   -365196.6787  EHBOND  =         0.0000  RESTRAINT  =         0.0000
 ------------------------------------------------------------------------------

wrapping first mol.:       76.60133      -54.16531       93.81709

 NSTEP =   860000   TIME(PS) =  426759.999  TEMP(K) =   309.34  PRESS =     0.0
 Etot   =   -239131.7860  EKtot   =     62992.5977  EPtot      =   -302124.3836
 BOND   =      2083.2421  ANGLE   =      2432.9548  DIHED      =      1406.0669
 UB     =         0.0000  IMP     =         0.0000  CMAP       =       233.3751
 1-4 NB =      1158.7294  1-4 EEL =     15338.3316  VDWAALS    =     40325.4129
 EELEC  =   -365102.4964  EHBOND  =         0.0000  RESTRAINT  =         0.0000
 ------------------------------------------------------------------------------

wrapping first mol.:       76.60133      -54.16531       93.81709

 NSTEP =   880000   TIME(PS) =  426799.999  TEMP(K) =   312.36  PRESS =     0.0
 Etot   =   -238275.3167  EKtot   =     63607.6211  EPtot      =   -301882.9378
 BOND   =      2122.8405  ANGLE   =      2441.2664  DIHED      =      1428.5328
 UB     =         0.0000  IMP     =         0.0000  CMAP       =       260.9924
 1-4 NB =      1179.8507  1-4 EEL =     15356.9994  VDWAALS    =     40256.8858
 EELEC  =   -364930.3059  EHBOND  =         0.0000  RESTRAINT  =         0.0000
 ------------------------------------------------------------------------------

wrapping first mol.:       76.60133      -54.16531       93.81709

 NSTEP =   900000   TIME(PS) =  426839.999  TEMP(K) =   308.63  PRESS =     0.0
 Etot   =   -238330.9086  EKtot   =     62848.2969  EPtot      =   -301179.2055
 BOND   =      2075.7277  ANGLE   =      2410.1888  DIHED      =      1380.5331
 UB     =         0.0000  IMP     =         0.0000  CMAP       =       236.2184
 1-4 NB =      1196.7816  1-4 EEL =     15314.8514  VDWAALS    =     40572.2513
 EELEC  =   -364365.7577  EHBOND  =         0.0000  RESTRAINT  =         0.0000
 ------------------------------------------------------------------------------

wrapping first mol.:       76.60133      -54.16531       93.81709

 NSTEP =   920000   TIME(PS) =  426879.999  TEMP(K) =   309.71  PRESS =     0.0
 Etot   =   -238818.9732  EKtot   =     63068.6328  EPtot      =   -301887.6060
 BOND   =      2165.6896  ANGLE   =      2444.4307  DIHED      =      1412.4885
 UB     =         0.0000  IMP     =         0.0000  CMAP       =       238.5307
 1-4 NB =      1166.3794  1-4 EEL =     15411.8777  VDWAALS    =     40983.0727
 EELEC  =   -365710.0752  EHBOND  =         0.0000  RESTRAINT  =         0.0000
 ------------------------------------------------------------------------------

wrapping first mol.:       76.60133      -54.16531       93.81709

 NSTEP =   940000   TIME(PS) =  426919.999  TEMP(K) =   310.38  PRESS =     0.0
 Etot   =   -238449.3700  EKtot   =     63203.8203  EPtot      =   -301653.1903
 BOND   =      2112.8902  ANGLE   =      2442.1106  DIHED      =      1400.4725
 UB     =         0.0000  IMP     =         0.0000  CMAP       =       234.2155
 1-4 NB =      1191.5867  1-4 EEL =     15403.4651  VDWAALS    =     40668.8973
 EELEC  =   -365106.8281  EHBOND  =         0.0000  RESTRAINT  =         0.0000
 ------------------------------------------------------------------------------

wrapping first mol.:       76.60133      -54.16531       93.81709

 NSTEP =   960000   TIME(PS) =  426959.999  TEMP(K) =   310.73  PRESS =     0.0
 Etot   =   -238065.3576  EKtot   =     63276.5469  EPtot      =   -301341.9045
 BOND   =      2101.5946  ANGLE   =      2395.9706  DIHED      =      1415.8771
 UB     =         0.0000  IMP     =         0.0000  CMAP       =       237.6381
 1-4 NB =      1189.7230  1-4 EEL =     15385.5880  VDWAALS    =     39952.0419
 EELEC  =   -364020.3379  EHBOND  =         0.0000  RESTRAINT  =         0.0000
 ------------------------------------------------------------------------------

wrapping first mol.:       76.60133      -54.16531       93.81709

 NSTEP =   980000   TIME(PS) =  426999.999  TEMP(K) =   312.20  PRESS =     0.0
 Etot   =   -238526.6534  EKtot   =     63574.8750  EPtot      =   -302101.5284
 BOND   =      2092.4021  ANGLE   =      2501.6914  DIHED      =      1403.4128
 UB     =         0.0000  IMP     =         0.0000  CMAP       =       247.7352
 1-4 NB =      1172.9858  1-4 EEL =     15353.7305  VDWAALS    =     40676.1405
 EELEC  =   -365549.6266  EHBOND  =         0.0000  RESTRAINT  =         0.0000
 ------------------------------------------------------------------------------

wrapping first mol.:       76.60133      -54.16531       93.81709

 NSTEP =  1000000   TIME(PS) =  427039.999  TEMP(K) =   310.10  PRESS =     0.0
 Etot   =   -238296.5942  EKtot   =     63146.7812  EPtot      =   -301443.3755
 BOND   =      2111.0423  ANGLE   =      2448.2137  DIHED      =      1406.2802
 UB     =         0.0000  IMP     =         0.0000  CMAP       =       240.0737
 1-4 NB =      1152.9742  1-4 EEL =     15405.5152  VDWAALS    =     39982.8465
 EELEC  =   -364190.3212  EHBOND  =         0.0000  RESTRAINT  =         0.0000
 ------------------------------------------------------------------------------

wrapping first mol.:       76.60133      -54.16531       93.81709

 NSTEP =  1020000   TIME(PS) =  427079.999  TEMP(K) =   310.10  PRESS =     0.0
 Etot   =   -238856.3834  EKtot   =     63146.3516  EPtot      =   -302002.7349
 BOND   =      2042.5561  ANGLE   =      2387.2028  DIHED      =      1455.0850
 UB     =         0.0000  IMP     =         0.0000  CMAP       =       268.4254
 1-4 NB =      1163.2918  1-4 EEL =     15328.6653  VDWAALS    =     40917.6023
 EELEC  =   -365565.5635  EHBOND  =         0.0000  RESTRAINT  =         0.0000
 ------------------------------------------------------------------------------

wrapping first mol.:       76.60133      -54.16531       93.81709

 NSTEP =  1040000   TIME(PS) =  427119.999  TEMP(K) =   310.55  PRESS =     0.0
 Etot   =   -238602.7253  EKtot   =     63239.5664  EPtot      =   -301842.2917
 BOND   =      2050.6256  ANGLE   =      2432.8941  DIHED      =      1363.8279
 UB     =         0.0000  IMP     =         0.0000  CMAP       =       236.2323
 1-4 NB =      1164.1475  1-4 EEL =     15388.4732  VDWAALS    =     40677.3959
 EELEC  =   -365155.8882  EHBOND  =         0.0000  RESTRAINT  =         0.0000
 ------------------------------------------------------------------------------

wrapping first mol.:       76.60133      -54.16531       93.81709

 NSTEP =  1060000   TIME(PS) =  427159.999  TEMP(K) =   308.71  PRESS =     0.0
 Etot   =   -239047.9717  EKtot   =     62864.9336  EPtot      =   -301912.9053
 BOND   =      2065.5145  ANGLE   =      2471.8626  DIHED      =      1405.0954
 UB     =         0.0000  IMP     =         0.0000  CMAP       =       246.1615
 1-4 NB =      1186.7192  1-4 EEL =     15447.5948  VDWAALS    =     40828.3108
 EELEC  =   -365564.1640  EHBOND  =         0.0000  RESTRAINT  =         0.0000
 ------------------------------------------------------------------------------

wrapping first mol.:       76.60133      -54.16531       93.81709

 NSTEP =  1080000   TIME(PS) =  427199.999  TEMP(K) =   311.18  PRESS =     0.0
 Etot   =   -238282.6512  EKtot   =     63367.1797  EPtot      =   -301649.8309
 BOND   =      2055.2435  ANGLE   =      2373.6388  DIHED      =      1437.5357
 UB     =         0.0000  IMP     =         0.0000  CMAP       =       241.7639
 1-4 NB =      1186.4173  1-4 EEL =     15420.3222  VDWAALS    =     40784.3733
 EELEC  =   -365149.1255  EHBOND  =         0.0000  RESTRAINT  =         0.0000
 ------------------------------------------------------------------------------

wrapping first mol.:       76.60133      -54.16531       93.81709

 NSTEP =  1100000   TIME(PS) =  427239.999  TEMP(K) =   309.10  PRESS =     0.0
 Etot   =   -239018.5045  EKtot   =     62943.4102  EPtot      =   -301961.9147
 BOND   =      2114.5009  ANGLE   =      2369.1511  DIHED      =      1425.1696
 UB     =         0.0000  IMP     =         0.0000  CMAP       =       247.8627
 1-4 NB =      1179.2361  1-4 EEL =     15507.8657  VDWAALS    =     40725.2506
 EELEC  =   -365530.9514  EHBOND  =         0.0000  RESTRAINT  =         0.0000
 ------------------------------------------------------------------------------

wrapping first mol.:       76.60133      -54.16531       93.81709

 NSTEP =  1120000   TIME(PS) =  427279.999  TEMP(K) =   309.78  PRESS =     0.0
 Etot   =   -238179.4802  EKtot   =     63081.8047  EPtot      =   -301261.2849
 BOND   =      2045.3607  ANGLE   =      2495.2487  DIHED      =      1367.9857
 UB     =         0.0000  IMP     =         0.0000  CMAP       =       246.5046
 1-4 NB =      1169.4193  1-4 EEL =     15467.1723  VDWAALS    =     39961.4009
 EELEC  =   -364014.3771  EHBOND  =         0.0000  RESTRAINT  =         0.0000
 ------------------------------------------------------------------------------

wrapping first mol.:       76.60133      -54.16531       93.81709

 NSTEP =  1140000   TIME(PS) =  427319.999  TEMP(K) =   310.40  PRESS =     0.0
 Etot   =   -238400.3297  EKtot   =     63208.0820  EPtot      =   -301608.4117
 BOND   =      2103.6096  ANGLE   =      2473.1289  DIHED      =      1384.5931
 UB     =         0.0000  IMP     =         0.0000  CMAP       =       269.1850
 1-4 NB =      1169.0781  1-4 EEL =     15481.8856  VDWAALS    =     40680.3512
 EELEC  =   -365170.2434  EHBOND  =         0.0000  RESTRAINT  =         0.0000
 ------------------------------------------------------------------------------

wrapping first mol.:       76.60133      -54.16531       93.81709

 NSTEP =  1160000   TIME(PS) =  427359.999  TEMP(K) =   311.40  PRESS =     0.0
 Etot   =   -238329.4909  EKtot   =     63412.0820  EPtot      =   -301741.5730
 BOND   =      2053.8669  ANGLE   =      2507.1960  DIHED      =      1413.7319
 UB     =         0.0000  IMP     =         0.0000  CMAP       =       244.8121
 1-4 NB =      1171.3049  1-4 EEL =     15392.9388  VDWAALS    =     40231.6888
 EELEC  =   -364757.1124  EHBOND  =         0.0000  RESTRAINT  =         0.0000
 ------------------------------------------------------------------------------

wrapping first mol.:       76.60133      -54.16531       93.81709

 NSTEP =  1180000   TIME(PS) =  427399.999  TEMP(K) =   309.73  PRESS =     0.0
 Etot   =   -238967.5610  EKtot   =     63071.5625  EPtot      =   -302039.1235
 BOND   =      2077.7658  ANGLE   =      2393.4990  DIHED      =      1415.7170
 UB     =         0.0000  IMP     =         0.0000  CMAP       =       233.1307
 1-4 NB =      1188.0657  1-4 EEL =     15406.2973  VDWAALS    =     40811.0076
 EELEC  =   -365564.6065  EHBOND  =         0.0000  RESTRAINT  =         0.0000
 ------------------------------------------------------------------------------

wrapping first mol.:       76.60133      -54.16531       93.81709

 NSTEP =  1200000   TIME(PS) =  427439.999  TEMP(K) =   311.06  PRESS =     0.0
 Etot   =   -238506.8026  EKtot   =     63343.4258  EPtot      =   -301850.2284
 BOND   =      2031.4564  ANGLE   =      2468.0133  DIHED      =      1443.1785
 UB     =         0.0000  IMP     =         0.0000  CMAP       =       284.7297
 1-4 NB =      1171.1062  1-4 EEL =     15406.2052  VDWAALS    =     40595.4403
 EELEC  =   -365250.3581  EHBOND  =         0.0000  RESTRAINT  =         0.0000
 ------------------------------------------------------------------------------

wrapping first mol.:       76.60133      -54.16531       93.81709

 NSTEP =  1220000   TIME(PS) =  427479.999  TEMP(K) =   307.76  PRESS =     0.0
 Etot   =   -239294.0615  EKtot   =     62670.5352  EPtot      =   -301964.5966
 BOND   =      2072.7799  ANGLE   =      2386.2450  DIHED      =      1401.1012
 UB     =         0.0000  IMP     =         0.0000  CMAP       =       241.8384
 1-4 NB =      1163.8448  1-4 EEL =     15463.3798  VDWAALS    =     41087.5577
 EELEC  =   -365781.3436  EHBOND  =         0.0000  RESTRAINT  =         0.0000
 ------------------------------------------------------------------------------

wrapping first mol.:       76.60133      -54.16531       93.81709

 NSTEP =  1240000   TIME(PS) =  427519.999  TEMP(K) =   309.59  PRESS =     0.0
 Etot   =   -238727.3279  EKtot   =     63043.4297  EPtot      =   -301770.7576
 BOND   =      2069.1966  ANGLE   =      2460.1069  DIHED      =      1405.8695
 UB     =         0.0000  IMP     =         0.0000  CMAP       =       255.6570
 1-4 NB =      1176.6901  1-4 EEL =     15422.2027  VDWAALS    =     40753.8901
 EELEC  =   -365314.3704  EHBOND  =         0.0000  RESTRAINT  =         0.0000
 ------------------------------------------------------------------------------

wrapping first mol.:       76.60133      -54.16531       93.81709

 NSTEP =  1260000   TIME(PS) =  427559.999  TEMP(K) =   310.01  PRESS =     0.0
 Etot   =   -238669.0086  EKtot   =     63129.1602  EPtot      =   -301798.1688
 BOND   =      2177.7949  ANGLE   =      2426.9466  DIHED      =      1431.3887
 UB     =         0.0000  IMP     =         0.0000  CMAP       =       263.2747
 1-4 NB =      1161.5362  1-4 EEL =     15368.1895  VDWAALS    =     40636.7673
 EELEC  =   -365264.0667  EHBOND  =         0.0000  RESTRAINT  =         0.0000
 ------------------------------------------------------------------------------

wrapping first mol.:       76.60133      -54.16531       93.81709

 NSTEP =  1280000   TIME(PS) =  427599.999  TEMP(K) =   308.90  PRESS =     0.0
 Etot   =   -239375.6418  EKtot   =     62903.2695  EPtot      =   -302278.9113
 BOND   =      2134.1180  ANGLE   =      2503.6799  DIHED      =      1398.9111
 UB     =         0.0000  IMP     =         0.0000  CMAP       =       260.7147
 1-4 NB =      1170.4343  1-4 EEL =     15411.0841  VDWAALS    =     40999.2755
 EELEC  =   -366157.1290  EHBOND  =         0.0000  RESTRAINT  =         0.0000
 ------------------------------------------------------------------------------

wrapping first mol.:       76.60133      -54.16531       93.81709

 NSTEP =  1300000   TIME(PS) =  427639.999  TEMP(K) =   310.96  PRESS =     0.0
 Etot   =   -238481.5649  EKtot   =     63321.7773  EPtot      =   -301803.3422
 BOND   =      2026.2593  ANGLE   =      2426.0144  DIHED      =      1413.5669
 UB     =         0.0000  IMP     =         0.0000  CMAP       =       243.0624
 1-4 NB =      1172.8688  1-4 EEL =     15409.8298  VDWAALS    =     40600.9761
 EELEC  =   -365095.9199  EHBOND  =         0.0000  RESTRAINT  =         0.0000
 ------------------------------------------------------------------------------

wrapping first mol.:       76.60133      -54.16531       93.81709

 NSTEP =  1320000   TIME(PS) =  427679.999  TEMP(K) =   310.99  PRESS =     0.0
 Etot   =   -238483.3553  EKtot   =     63329.5312  EPtot      =   -301812.8866
 BOND   =      2091.2169  ANGLE   =      2483.4835  DIHED      =      1440.7295
 UB     =         0.0000  IMP     =         0.0000  CMAP       =       247.6489
 1-4 NB =      1188.3707  1-4 EEL =     15367.0156  VDWAALS    =     40173.4066
 EELEC  =   -364804.7583  EHBOND  =         0.0000  RESTRAINT  =         0.0000
 ------------------------------------------------------------------------------

wrapping first mol.:       76.60133      -54.16531       93.81709

 NSTEP =  1340000   TIME(PS) =  427719.999  TEMP(K) =   311.26  PRESS =     0.0
 Etot   =   -238696.5232  EKtot   =     63383.2773  EPtot      =   -302079.8005
 BOND   =      2040.0228  ANGLE   =      2443.4356  DIHED      =      1368.8133
 UB     =         0.0000  IMP     =         0.0000  CMAP       =       237.4296
 1-4 NB =      1133.3846  1-4 EEL =     15411.8133  VDWAALS    =     40801.1464
 EELEC  =   -365515.8463  EHBOND  =         0.0000  RESTRAINT  =         0.0000
 ------------------------------------------------------------------------------

wrapping first mol.:       76.60133      -54.16531       93.81709

 NSTEP =  1360000   TIME(PS) =  427759.999  TEMP(K) =   310.98  PRESS =     0.0
 Etot   =   -238613.6152  EKtot   =     63326.0625  EPtot      =   -301939.6777
 BOND   =      2087.8093  ANGLE   =      2389.7361  DIHED      =      1395.4050
 UB     =         0.0000  IMP     =         0.0000  CMAP       =       269.4305
 1-4 NB =      1184.0200  1-4 EEL =     15466.0984  VDWAALS    =     40363.3822
 EELEC  =   -365095.5593  EHBOND  =         0.0000  RESTRAINT  =         0.0000
 ------------------------------------------------------------------------------

wrapping first mol.:       76.60133      -54.16531       93.81709

 NSTEP =  1380000   TIME(PS) =  427799.999  TEMP(K) =   311.23  PRESS =     0.0
 Etot   =   -238201.2213  EKtot   =     63377.7695  EPtot      =   -301578.9908
 BOND   =      2143.4517  ANGLE   =      2428.0485  DIHED      =      1418.3311
 UB     =         0.0000  IMP     =         0.0000  CMAP       =       237.0574
 1-4 NB =      1183.9434  1-4 EEL =     15340.9966  VDWAALS    =     40250.8618
 EELEC  =   -364581.6812  EHBOND  =         0.0000  RESTRAINT  =         0.0000
 ------------------------------------------------------------------------------

wrapping first mol.:       76.60133      -54.16531       93.81709

 NSTEP =  1400000   TIME(PS) =  427839.999  TEMP(K) =   309.58  PRESS =     0.0
 Etot   =   -239102.8184  EKtot   =     63041.3242  EPtot      =   -302144.1426
 BOND   =      2041.0067  ANGLE   =      2424.9289  DIHED      =      1401.7160
 UB     =         0.0000  IMP     =         0.0000  CMAP       =       266.7736
 1-4 NB =      1164.1781  1-4 EEL =     15351.1114  VDWAALS    =     40693.7075
 EELEC  =   -365487.5648  EHBOND  =         0.0000  RESTRAINT  =         0.0000
 ------------------------------------------------------------------------------

wrapping first mol.:       76.60133      -54.16531       93.81709

 NSTEP =  1420000   TIME(PS) =  427879.999  TEMP(K) =   309.26  PRESS =     0.0
 Etot   =   -238915.7063  EKtot   =     62976.6562  EPtot      =   -301892.3626
 BOND   =      2084.5071  ANGLE   =      2474.9240  DIHED      =      1400.4954
 UB     =         0.0000  IMP     =         0.0000  CMAP       =       239.1591
 1-4 NB =      1176.3827  1-4 EEL =     15365.5938  VDWAALS    =     40983.9413
 EELEC  =   -365617.3658  EHBOND  =         0.0000  RESTRAINT  =         0.0000
 ------------------------------------------------------------------------------

wrapping first mol.:       76.60133      -54.16531       93.81709

 NSTEP =  1440000   TIME(PS) =  427919.999  TEMP(K) =   308.50  PRESS =     0.0
 Etot   =   -239078.6428  EKtot   =     62821.2695  EPtot      =   -301899.9123
 BOND   =      2047.6260  ANGLE   =      2306.6493  DIHED      =      1421.5669
 UB     =         0.0000  IMP     =         0.0000  CMAP       =       249.5598
 1-4 NB =      1184.4999  1-4 EEL =     15467.0463  VDWAALS    =     40540.8697
 EELEC  =   -365117.7304  EHBOND  =         0.0000  RESTRAINT  =         0.0000
 ------------------------------------------------------------------------------

wrapping first mol.:       76.60133      -54.16531       93.81709

 NSTEP =  1460000   TIME(PS) =  427959.999  TEMP(K) =   309.52  PRESS =     0.0
 Etot   =   -238896.8557  EKtot   =     63028.8867  EPtot      =   -301925.7424
 BOND   =      2121.0471  ANGLE   =      2457.4473  DIHED      =      1422.4618
 UB     =         0.0000  IMP     =         0.0000  CMAP       =       262.1113
 1-4 NB =      1155.7495  1-4 EEL =     15399.6335  VDWAALS    =     40835.6781
 EELEC  =   -365579.8710  EHBOND  =         0.0000  RESTRAINT  =         0.0000
 ------------------------------------------------------------------------------

wrapping first mol.:       76.60133      -54.16531       93.81709

 NSTEP =  1480000   TIME(PS) =  427999.999  TEMP(K) =   310.85  PRESS =     0.0
 Etot   =   -238408.8434  EKtot   =     63299.1719  EPtot      =   -301708.0152
 BOND   =      2062.2785  ANGLE   =      2488.6449  DIHED      =      1397.6191
 UB     =         0.0000  IMP     =         0.0000  CMAP       =       253.2677
 1-4 NB =      1159.3578  1-4 EEL =     15400.8720  VDWAALS    =     40490.5455
 EELEC  =   -364960.6007  EHBOND  =         0.0000  RESTRAINT  =         0.0000
 ------------------------------------------------------------------------------

wrapping first mol.:       76.60133      -54.16531       93.81709

 NSTEP =  1500000   TIME(PS) =  428039.999  TEMP(K) =   310.44  PRESS =     0.0
 Etot   =   -238813.3196  EKtot   =     63215.9531  EPtot      =   -302029.2727
 BOND   =      2092.4794  ANGLE   =      2406.1814  DIHED      =      1397.8186
 UB     =         0.0000  IMP     =         0.0000  CMAP       =       244.3636
 1-4 NB =      1191.6635  1-4 EEL =     15402.0202  VDWAALS    =     40573.5465
 EELEC  =   -365337.3459  EHBOND  =         0.0000  RESTRAINT  =         0.0000
 ------------------------------------------------------------------------------

wrapping first mol.:       76.60133      -54.16531       93.81709

 NSTEP =  1520000   TIME(PS) =  428079.999  TEMP(K) =   311.68  PRESS =     0.0
 Etot   =   -238497.6524  EKtot   =     63469.9219  EPtot      =   -301967.5743
 BOND   =      2062.5786  ANGLE   =      2394.0051  DIHED      =      1387.2856
 UB     =         0.0000  IMP     =         0.0000  CMAP       =       259.6914
 1-4 NB =      1161.9932  1-4 EEL =     15448.7868  VDWAALS    =     40916.2817
 EELEC  =   -365598.1968  EHBOND  =         0.0000  RESTRAINT  =         0.0000
 ------------------------------------------------------------------------------

wrapping first mol.:       76.60133      -54.16531       93.81709

 NSTEP =  1540000   TIME(PS) =  428119.999  TEMP(K) =   310.96  PRESS =     0.0
 Etot   =   -238559.3612  EKtot   =     63321.9766  EPtot      =   -301881.3378
 BOND   =      2077.9585  ANGLE   =      2408.0516  DIHED      =      1426.3668
 UB     =         0.0000  IMP     =         0.0000  CMAP       =       242.2969
 1-4 NB =      1200.6025  1-4 EEL =     15453.8159  VDWAALS    =     40771.1129
 EELEC  =   -365461.5428  EHBOND  =         0.0000  RESTRAINT  =         0.0000
 ------------------------------------------------------------------------------

wrapping first mol.:       76.60133      -54.16531       93.81709

 NSTEP =  1560000   TIME(PS) =  428159.999  TEMP(K) =   311.25  PRESS =     0.0
 Etot   =   -238205.5667  EKtot   =     63382.4922  EPtot      =   -301588.0588
 BOND   =      2133.0838  ANGLE   =      2429.0398  DIHED      =      1420.2859
 UB     =         0.0000  IMP     =         0.0000  CMAP       =       258.4968
 1-4 NB =      1162.3506  1-4 EEL =     15441.6079  VDWAALS    =     40755.1533
 EELEC  =   -365188.0770  EHBOND  =         0.0000  RESTRAINT  =         0.0000
 ------------------------------------------------------------------------------

wrapping first mol.:       76.60133      -54.16531       93.81709

 NSTEP =  1580000   TIME(PS) =  428199.999  TEMP(K) =   309.46  PRESS =     0.0
 Etot   =   -238988.7456  EKtot   =     63018.0391  EPtot      =   -302006.7846
 BOND   =      2092.3872  ANGLE   =      2414.6751  DIHED      =      1374.6495
 UB     =         0.0000  IMP     =         0.0000  CMAP       =       246.9447
 1-4 NB =      1177.6890  1-4 EEL =     15497.8855  VDWAALS    =     40502.2272
 EELEC  =   -365313.2429  EHBOND  =         0.0000  RESTRAINT  =         0.0000
 ------------------------------------------------------------------------------

wrapping first mol.:       76.60133      -54.16531       93.81709

 NSTEP =  1600000   TIME(PS) =  428239.999  TEMP(K) =   309.73  PRESS =     0.0
 Etot   =   -238408.2047  EKtot   =     63071.6484  EPtot      =   -301479.8532
 BOND   =      2089.1110  ANGLE   =      2467.2826  DIHED      =      1395.1404
 UB     =         0.0000  IMP     =         0.0000  CMAP       =       253.4322
 1-4 NB =      1180.9198  1-4 EEL =     15365.1937  VDWAALS    =     40659.0705
 EELEC  =   -364890.0034  EHBOND  =         0.0000  RESTRAINT  =         0.0000
 ------------------------------------------------------------------------------

wrapping first mol.:       76.60133      -54.16531       93.81709

 NSTEP =  1620000   TIME(PS) =  428279.999  TEMP(K) =   309.14  PRESS =     0.0
 Etot   =   -238842.0350  EKtot   =     62952.4766  EPtot      =   -301794.5116
 BOND   =      2102.5169  ANGLE   =      2419.8880  DIHED      =      1403.9254
 UB     =         0.0000  IMP     =         0.0000  CMAP       =       248.8546
 1-4 NB =      1148.1060  1-4 EEL =     15344.3216  VDWAALS    =     40690.9201
 EELEC  =   -365153.0443  EHBOND  =         0.0000  RESTRAINT  =         0.0000
 ------------------------------------------------------------------------------

wrapping first mol.:       76.60133      -54.16531       93.81709

 NSTEP =  1640000   TIME(PS) =  428319.999  TEMP(K) =   310.15  PRESS =     0.0
 Etot   =   -238694.5408  EKtot   =     63158.1836  EPtot      =   -301852.7244
 BOND   =      2145.3960  ANGLE   =      2389.8038  DIHED      =      1424.3807
 UB     =         0.0000  IMP     =         0.0000  CMAP       =       234.5978
 1-4 NB =      1194.4507  1-4 EEL =     15436.6337  VDWAALS    =     40443.8848
 EELEC  =   -365121.8717  EHBOND  =         0.0000  RESTRAINT  =         0.0000
 ------------------------------------------------------------------------------

wrapping first mol.:       76.60133      -54.16531       93.81709

 NSTEP =  1660000   TIME(PS) =  428359.999  TEMP(K) =   309.10  PRESS =     0.0
 Etot   =   -238945.8822  EKtot   =     62943.9141  EPtot      =   -301889.7963
 BOND   =      2097.1067  ANGLE   =      2418.8550  DIHED      =      1408.6806
 UB     =         0.0000  IMP     =         0.0000  CMAP       =       236.4362
 1-4 NB =      1190.3992  1-4 EEL =     15427.3518  VDWAALS    =     40264.9849
 EELEC  =   -364933.6106  EHBOND  =         0.0000  RESTRAINT  =         0.0000
 ------------------------------------------------------------------------------

wrapping first mol.:       76.60133      -54.16531       93.81709

 NSTEP =  1680000   TIME(PS) =  428399.999  TEMP(K) =   310.38  PRESS =     0.0
 Etot   =   -238990.2239  EKtot   =     63204.0820  EPtot      =   -302194.3059
 BOND   =      2074.8636  ANGLE   =      2378.0435  DIHED      =      1436.5174
 UB     =         0.0000  IMP     =         0.0000  CMAP       =       241.4608
 1-4 NB =      1165.7381  1-4 EEL =     15493.0158  VDWAALS    =     40957.7771
 EELEC  =   -365941.7221  EHBOND  =         0.0000  RESTRAINT  =         0.0000
 ------------------------------------------------------------------------------

wrapping first mol.:       76.60133      -54.16531       93.81709

 NSTEP =  1700000   TIME(PS) =  428439.999  TEMP(K) =   311.36  PRESS =     0.0
 Etot   =   -238307.8790  EKtot   =     63404.1641  EPtot      =   -301712.0430
 BOND   =      2144.0674  ANGLE   =      2396.1907  DIHED      =      1402.6897
 UB     =         0.0000  IMP     =         0.0000  CMAP       =       244.4608
 1-4 NB =      1187.2712  1-4 EEL =     15439.2377  VDWAALS    =     41138.9647
 EELEC  =   -365664.9253  EHBOND  =         0.0000  RESTRAINT  =         0.0000
 ------------------------------------------------------------------------------

wrapping first mol.:       76.60133      -54.16531       93.81709

 NSTEP =  1720000   TIME(PS) =  428479.999  TEMP(K) =   310.63  PRESS =     0.0
 Etot   =   -238053.0147  EKtot   =     63255.6328  EPtot      =   -301308.6475
 BOND   =      2137.6639  ANGLE   =      2394.0123  DIHED      =      1421.2175
 UB     =         0.0000  IMP     =         0.0000  CMAP       =       253.3951
 1-4 NB =      1180.9209  1-4 EEL =     15399.1131  VDWAALS    =     40600.7538
 EELEC  =   -364695.7242  EHBOND  =         0.0000  RESTRAINT  =         0.0000
 ------------------------------------------------------------------------------

wrapping first mol.:       76.60133      -54.16531       93.81709

 NSTEP =  1740000   TIME(PS) =  428519.999  TEMP(K) =   309.63  PRESS =     0.0
 Etot   =   -238509.0545  EKtot   =     63052.1797  EPtot      =   -301561.2342
 BOND   =      2088.1381  ANGLE   =      2386.2547  DIHED      =      1430.0560
 UB     =         0.0000  IMP     =         0.0000  CMAP       =       254.5916
 1-4 NB =      1170.8176  1-4 EEL =     15482.3683  VDWAALS    =     40279.8841
 EELEC  =   -364653.3446  EHBOND  =         0.0000  RESTRAINT  =         0.0000
 ------------------------------------------------------------------------------

wrapping first mol.:       76.60133      -54.16531       93.81709

 NSTEP =  1760000   TIME(PS) =  428559.999  TEMP(K) =   311.28  PRESS =     0.0
 Etot   =   -238787.2233  EKtot   =     63386.7227  EPtot      =   -302173.9460
 BOND   =      2118.3996  ANGLE   =      2413.2268  DIHED      =      1438.0523
 UB     =         0.0000  IMP     =         0.0000  CMAP       =       236.3291
 1-4 NB =      1167.8019  1-4 EEL =     15360.9471  VDWAALS    =     40584.0385
 EELEC  =   -365492.7413  EHBOND  =         0.0000  RESTRAINT  =         0.0000
 ------------------------------------------------------------------------------

wrapping first mol.:       76.60133      -54.16531       93.81709

 NSTEP =  1780000   TIME(PS) =  428599.999  TEMP(K) =   309.48  PRESS =     0.0
 Etot   =   -238821.6633  EKtot   =     63020.2305  EPtot      =   -301841.8938
 BOND   =      2162.1644  ANGLE   =      2424.8415  DIHED      =      1421.4474
 UB     =         0.0000  IMP     =         0.0000  CMAP       =       241.6640
 1-4 NB =      1186.1007  1-4 EEL =     15374.1234  VDWAALS    =     41057.9019
 EELEC  =   -365710.1371  EHBOND  =         0.0000  RESTRAINT  =         0.0000
 ------------------------------------------------------------------------------

wrapping first mol.:       76.60133      -54.16531       93.81709

 NSTEP =  1800000   TIME(PS) =  428639.999  TEMP(K) =   309.79  PRESS =     0.0
 Etot   =   -238582.2740  EKtot   =     63083.8477  EPtot      =   -301666.1216
 BOND   =      2081.1280  ANGLE   =      2476.3620  DIHED      =      1401.6899
 UB     =         0.0000  IMP     =         0.0000  CMAP       =       252.5844
 1-4 NB =      1191.1221  1-4 EEL =     15385.4159  VDWAALS    =     40664.2789
 EELEC  =   -365118.7028  EHBOND  =         0.0000  RESTRAINT  =         0.0000
 ------------------------------------------------------------------------------

wrapping first mol.:       76.60133      -54.16531       93.81709

 NSTEP =  1820000   TIME(PS) =  428679.999  TEMP(K) =   311.73  PRESS =     0.0
 Etot   =   -238743.6759  EKtot   =     63479.1406  EPtot      =   -302222.8165
 BOND   =      2088.4509  ANGLE   =      2443.1561  DIHED      =      1412.2879
 UB     =         0.0000  IMP     =         0.0000  CMAP       =       263.2356
 1-4 NB =      1196.5231  1-4 EEL =     15409.1323  VDWAALS    =     40312.1936
 EELEC  =   -365347.7960  EHBOND  =         0.0000  RESTRAINT  =         0.0000
 ------------------------------------------------------------------------------

wrapping first mol.:       76.60133      -54.16531       93.81709

 NSTEP =  1840000   TIME(PS) =  428719.999  TEMP(K) =   310.05  PRESS =     0.0
 Etot   =   -238628.3290  EKtot   =     63136.5469  EPtot      =   -301764.8758
 BOND   =      2071.0284  ANGLE   =      2444.6681  DIHED      =      1396.5992
 UB     =         0.0000  IMP     =         0.0000  CMAP       =       249.2959
 1-4 NB =      1189.4235  1-4 EEL =     15390.8771  VDWAALS    =     40552.9020
 EELEC  =   -365059.6700  EHBOND  =         0.0000  RESTRAINT  =         0.0000
 ------------------------------------------------------------------------------

wrapping first mol.:       76.60133      -54.16531       93.81709

 NSTEP =  1860000   TIME(PS) =  428759.999  TEMP(K) =   310.05  PRESS =     0.0
 Etot   =   -239348.5946  EKtot   =     63136.8945  EPtot      =   -302485.4891
 BOND   =      2085.4278  ANGLE   =      2458.4024  DIHED      =      1389.8908
 UB     =         0.0000  IMP     =         0.0000  CMAP       =       240.2581
 1-4 NB =      1186.0942  1-4 EEL =     15320.2228  VDWAALS    =     40220.1508
 EELEC  =   -365385.9359  EHBOND  =         0.0000  RESTRAINT  =         0.0000
 ------------------------------------------------------------------------------

wrapping first mol.:       76.60133      -54.16531       93.81709

 NSTEP =  1880000   TIME(PS) =  428799.999  TEMP(K) =   310.18  PRESS =     0.0
 Etot   =   -238885.7837  EKtot   =     63162.8281  EPtot      =   -302048.6118
 BOND   =      2095.6253  ANGLE   =      2376.1402  DIHED      =      1417.2845
 UB     =         0.0000  IMP     =         0.0000  CMAP       =       251.3702
 1-4 NB =      1173.2353  1-4 EEL =     15378.5174  VDWAALS    =     40678.6646
 EELEC  =   -365419.4492  EHBOND  =         0.0000  RESTRAINT  =         0.0000
 ------------------------------------------------------------------------------

wrapping first mol.:       76.60133      -54.16531       93.81709

 NSTEP =  1900000   TIME(PS) =  428839.999  TEMP(K) =   310.02  PRESS =     0.0
 Etot   =   -238571.9163  EKtot   =     63131.8203  EPtot      =   -301703.7366
 BOND   =      2064.7669  ANGLE   =      2386.8674  DIHED      =      1418.2896
 UB     =         0.0000  IMP     =         0.0000  CMAP       =       232.6622
 1-4 NB =      1191.0831  1-4 EEL =     15360.9311  VDWAALS    =     40900.2196
 EELEC  =   -365258.5565  EHBOND  =         0.0000  RESTRAINT  =         0.0000
 ------------------------------------------------------------------------------

wrapping first mol.:       76.60133      -54.16531       93.81709

 NSTEP =  1920000   TIME(PS) =  428879.999  TEMP(K) =   311.58  PRESS =     0.0
 Etot   =   -238212.1432  EKtot   =     63448.9375  EPtot      =   -301661.0807
 BOND   =      2114.7064  ANGLE   =      2431.1828  DIHED      =      1411.2185
 UB     =         0.0000  IMP     =         0.0000  CMAP       =       250.3482
 1-4 NB =      1163.5953  1-4 EEL =     15376.7247  VDWAALS    =     40171.8536
 EELEC  =   -364580.7102  EHBOND  =         0.0000  RESTRAINT  =         0.0000
 ------------------------------------------------------------------------------

wrapping first mol.:       76.60133      -54.16531       93.81709

 NSTEP =  1940000   TIME(PS) =  428919.999  TEMP(K) =   311.40  PRESS =     0.0
 Etot   =   -238731.8656  EKtot   =     63412.7852  EPtot      =   -302144.6508
 BOND   =      2043.0897  ANGLE   =      2369.1573  DIHED      =      1408.4551
 UB     =         0.0000  IMP     =         0.0000  CMAP       =       237.8997
 1-4 NB =      1175.0659  1-4 EEL =     15420.3919  VDWAALS    =     40224.8281
 EELEC  =   -365023.5384  EHBOND  =         0.0000  RESTRAINT  =         0.0000
 ------------------------------------------------------------------------------

wrapping first mol.:       76.60133      -54.16531       93.81709

 NSTEP =  1960000   TIME(PS) =  428959.999  TEMP(K) =   310.54  PRESS =     0.0
 Etot   =   -237881.3560  EKtot   =     63236.6445  EPtot      =   -301118.0006
 BOND   =      2120.3771  ANGLE   =      2495.4195  DIHED      =      1422.9414
 UB     =         0.0000  IMP     =         0.0000  CMAP       =       233.0251
 1-4 NB =      1169.0153  1-4 EEL =     15420.4863  VDWAALS    =     40374.6305
 EELEC  =   -364353.8959  EHBOND  =         0.0000  RESTRAINT  =         0.0000
 ------------------------------------------------------------------------------

wrapping first mol.:       76.60133      -54.16531       93.81709

 NSTEP =  1980000   TIME(PS) =  428999.999  TEMP(K) =   310.43  PRESS =     0.0
 Etot   =   -238728.2061  EKtot   =     63213.7227  EPtot      =   -301941.9288
 BOND   =      2124.6037  ANGLE   =      2448.8745  DIHED      =      1408.1829
 UB     =         0.0000  IMP     =         0.0000  CMAP       =       255.8701
 1-4 NB =      1152.2711  1-4 EEL =     15400.0351  VDWAALS    =     40822.6114
 EELEC  =   -365554.3776  EHBOND  =         0.0000  RESTRAINT  =         0.0000
 ------------------------------------------------------------------------------

wrapping first mol.:       76.60133      -54.16531       93.81709

 NSTEP =  2000000   TIME(PS) =  429039.999  TEMP(K) =   308.96  PRESS =     0.0
 Etot   =   -238803.2652  EKtot   =     62915.4922  EPtot      =   -301718.7574
 BOND   =      2088.7927  ANGLE   =      2416.8225  DIHED      =      1425.8088
 UB     =         0.0000  IMP     =         0.0000  CMAP       =       240.4376
 1-4 NB =      1177.2941  1-4 EEL =     15322.6651  VDWAALS    =     40414.5181
 EELEC  =   -364805.0963  EHBOND  =         0.0000  RESTRAINT  =         0.0000
 ------------------------------------------------------------------------------

wrapping first mol.:       76.60133      -54.16531       93.81709

 NSTEP =  2020000   TIME(PS) =  429079.999  TEMP(K) =   308.45  PRESS =     0.0
 Etot   =   -238870.4972  EKtot   =     62811.3320  EPtot      =   -301681.8293
 BOND   =      2074.2403  ANGLE   =      2440.9807  DIHED      =      1442.8539
 UB     =         0.0000  IMP     =         0.0000  CMAP       =       231.8647
 1-4 NB =      1168.3868  1-4 EEL =     15400.5853  VDWAALS    =     40694.1384
 EELEC  =   -365134.8794  EHBOND  =         0.0000  RESTRAINT  =         0.0000
 ------------------------------------------------------------------------------

wrapping first mol.:       76.60133      -54.16531       93.81709

 NSTEP =  2040000   TIME(PS) =  429119.999  TEMP(K) =   310.43  PRESS =     0.0
 Etot   =   -239047.2476  EKtot   =     63215.4688  EPtot      =   -302262.7163
 BOND   =      2039.5861  ANGLE   =      2443.1444  DIHED      =      1427.8532
 UB     =         0.0000  IMP     =         0.0000  CMAP       =       232.7980
 1-4 NB =      1165.4518  1-4 EEL =     15348.3437  VDWAALS    =     40561.5823
 EELEC  =   -365481.4758  EHBOND  =         0.0000  RESTRAINT  =         0.0000
 ------------------------------------------------------------------------------

wrapping first mol.:       76.60133      -54.16531       93.81709

 NSTEP =  2060000   TIME(PS) =  429159.999  TEMP(K) =   313.40  PRESS =     0.0
 Etot   =   -238199.8633  EKtot   =     63819.0781  EPtot      =   -302018.9415
 BOND   =      2134.0057  ANGLE   =      2436.9441  DIHED      =      1411.9737
 UB     =         0.0000  IMP     =         0.0000  CMAP       =       233.2837
 1-4 NB =      1159.7065  1-4 EEL =     15393.1078  VDWAALS    =     40992.6379
 EELEC  =   -365780.6008  EHBOND  =         0.0000  RESTRAINT  =         0.0000
 ------------------------------------------------------------------------------

wrapping first mol.:       76.60133      -54.16531       93.81709

 NSTEP =  2080000   TIME(PS) =  429199.999  TEMP(K) =   310.58  PRESS =     0.0
 Etot   =   -238574.3322  EKtot   =     63244.5898  EPtot      =   -301818.9221
 BOND   =      2058.5651  ANGLE   =      2448.3332  DIHED      =      1418.1122
 UB     =         0.0000  IMP     =         0.0000  CMAP       =       229.3772
 1-4 NB =      1172.8955  1-4 EEL =     15344.1018  VDWAALS    =     40686.2948
 EELEC  =   -365176.6020  EHBOND  =         0.0000  RESTRAINT  =         0.0000
 ------------------------------------------------------------------------------

wrapping first mol.:       76.60133      -54.16531       93.81709

 NSTEP =  2100000   TIME(PS) =  429239.999  TEMP(K) =   308.97  PRESS =     0.0
 Etot   =   -238813.0861  EKtot   =     62916.8867  EPtot      =   -301729.9728
 BOND   =      2077.0031  ANGLE   =      2445.0403  DIHED      =      1403.1018
 UB     =         0.0000  IMP     =         0.0000  CMAP       =       231.2533
 1-4 NB =      1201.8174  1-4 EEL =     15423.0527  VDWAALS    =     40310.2800
 EELEC  =   -364821.5214  EHBOND  =         0.0000  RESTRAINT  =         0.0000
 ------------------------------------------------------------------------------

wrapping first mol.:       76.60133      -54.16531       93.81709

 NSTEP =  2120000   TIME(PS) =  429279.999  TEMP(K) =   309.89  PRESS =     0.0
 Etot   =   -238457.8584  EKtot   =     63103.8750  EPtot      =   -301561.7334
 BOND   =      2104.5290  ANGLE   =      2457.4936  DIHED      =      1405.6839
 UB     =         0.0000  IMP     =         0.0000  CMAP       =       241.0383
 1-4 NB =      1154.4542  1-4 EEL =     15389.0809  VDWAALS    =     40319.2118
 EELEC  =   -364633.2250  EHBOND  =         0.0000  RESTRAINT  =         0.0000
 ------------------------------------------------------------------------------

wrapping first mol.:       76.60133      -54.16531       93.81709

 NSTEP =  2140000   TIME(PS) =  429319.999  TEMP(K) =   310.92  PRESS =     0.0
 Etot   =   -238641.3411  EKtot   =     63313.5820  EPtot      =   -301954.9231
 BOND   =      2118.1264  ANGLE   =      2392.9071  DIHED      =      1398.8263
 UB     =         0.0000  IMP     =         0.0000  CMAP       =       245.8990
 1-4 NB =      1156.0098  1-4 EEL =     15430.5819  VDWAALS    =     40694.7756
 EELEC  =   -365392.0492  EHBOND  =         0.0000  RESTRAINT  =         0.0000
 ------------------------------------------------------------------------------

wrapping first mol.:       76.60133      -54.16531       93.81709

 NSTEP =  2160000   TIME(PS) =  429359.998  TEMP(K) =   308.90  PRESS =     0.0
 Etot   =   -239383.6117  EKtot   =     62903.8789  EPtot      =   -302287.4906
 BOND   =      1998.8410  ANGLE   =      2403.2893  DIHED      =      1423.2289
 UB     =         0.0000  IMP     =         0.0000  CMAP       =       268.0458
 1-4 NB =      1191.7536  1-4 EEL =     15456.7591  VDWAALS    =     40708.2884
 EELEC  =   -365737.6967  EHBOND  =         0.0000  RESTRAINT  =         0.0000
 ------------------------------------------------------------------------------

wrapping first mol.:       76.60133      -54.16531       93.81709

 NSTEP =  2180000   TIME(PS) =  429399.998  TEMP(K) =   310.38  PRESS =     0.0
 Etot   =   -239015.4412  EKtot   =     63203.5742  EPtot      =   -302219.0154
 BOND   =      2084.1666  ANGLE   =      2373.8540  DIHED      =      1387.1575
 UB     =         0.0000  IMP     =         0.0000  CMAP       =       241.5686
 1-4 NB =      1169.6151  1-4 EEL =     15417.6683  VDWAALS    =     40463.2700
 EELEC  =   -365356.3156  EHBOND  =         0.0000  RESTRAINT  =         0.0000
 ------------------------------------------------------------------------------

wrapping first mol.:       76.60133      -54.16531       93.81709

 NSTEP =  2200000   TIME(PS) =  429439.998  TEMP(K) =   311.00  PRESS =     0.0
 Etot   =   -238498.9790  EKtot   =     63330.3906  EPtot      =   -301829.3697
 BOND   =      2110.8627  ANGLE   =      2406.6675  DIHED      =      1453.5378
 UB     =         0.0000  IMP     =         0.0000  CMAP       =       243.3032
 1-4 NB =      1176.7165  1-4 EEL =     15452.9236  VDWAALS    =     40623.5876
 EELEC  =   -365296.9687  EHBOND  =         0.0000  RESTRAINT  =         0.0000
 ------------------------------------------------------------------------------

wrapping first mol.:       76.60133      -54.16531       93.81709

 NSTEP =  2220000   TIME(PS) =  429479.998  TEMP(K) =   311.09  PRESS =     0.0
 Etot   =   -238406.4262  EKtot   =     63348.6211  EPtot      =   -301755.0472
 BOND   =      2082.4812  ANGLE   =      2437.4517  DIHED      =      1410.4585
 UB     =         0.0000  IMP     =         0.0000  CMAP       =       258.2859
 1-4 NB =      1174.2195  1-4 EEL =     15396.6921  VDWAALS    =     40780.8660
 EELEC  =   -365295.5020  EHBOND  =         0.0000  RESTRAINT  =         0.0000
 ------------------------------------------------------------------------------

wrapping first mol.:       76.60133      -54.16531       93.81709

 NSTEP =  2240000   TIME(PS) =  429519.998  TEMP(K) =   308.39  PRESS =     0.0
 Etot   =   -238862.9603  EKtot   =     62799.8008  EPtot      =   -301662.7611
 BOND   =      2074.5514  ANGLE   =      2480.2493  DIHED      =      1422.3041
 UB     =         0.0000  IMP     =         0.0000  CMAP       =       245.2557
 1-4 NB =      1176.5070  1-4 EEL =     15483.5492  VDWAALS    =     40746.5266
 EELEC  =   -365291.7045  EHBOND  =         0.0000  RESTRAINT  =         0.0000
 ------------------------------------------------------------------------------

wrapping first mol.:       76.60133      -54.16531       93.81709

 NSTEP =  2260000   TIME(PS) =  429559.998  TEMP(K) =   309.88  PRESS =     0.0
 Etot   =   -238764.6107  EKtot   =     63103.0508  EPtot      =   -301867.6615
 BOND   =      2084.4374  ANGLE   =      2433.2487  DIHED      =      1401.8775
 UB     =         0.0000  IMP     =         0.0000  CMAP       =       259.6669
 1-4 NB =      1199.6847  1-4 EEL =     15477.8165  VDWAALS    =     40771.9010
 EELEC  =   -365496.2941  EHBOND  =         0.0000  RESTRAINT  =         0.0000
 ------------------------------------------------------------------------------

wrapping first mol.:       76.60133      -54.16531       93.81709

 NSTEP =  2280000   TIME(PS) =  429599.998  TEMP(K) =   309.51  PRESS =     0.0
 Etot   =   -238270.2480  EKtot   =     63026.7891  EPtot      =   -301297.0370
 BOND   =      2076.8216  ANGLE   =      2401.3143  DIHED      =      1408.6297
 UB     =         0.0000  IMP     =         0.0000  CMAP       =       262.3337
 1-4 NB =      1173.4535  1-4 EEL =     15375.3564  VDWAALS    =     40647.7671
 EELEC  =   -364642.7134  EHBOND  =         0.0000  RESTRAINT  =         0.0000
 ------------------------------------------------------------------------------

wrapping first mol.:       76.60133      -54.16531       93.81709

 NSTEP =  2300000   TIME(PS) =  429639.998  TEMP(K) =   311.41  PRESS =     0.0
 Etot   =   -238495.2535  EKtot   =     63413.9609  EPtot      =   -301909.2144
 BOND   =      2069.6233  ANGLE   =      2352.5330  DIHED      =      1347.0411
 UB     =         0.0000  IMP     =         0.0000  CMAP       =       239.5949
 1-4 NB =      1157.3683  1-4 EEL =     15450.8896  VDWAALS    =     40674.4380
 EELEC  =   -365200.7026  EHBOND  =         0.0000  RESTRAINT  =         0.0000
 ------------------------------------------------------------------------------

wrapping first mol.:       76.60133      -54.16531       93.81709

 NSTEP =  2320000   TIME(PS) =  429679.998  TEMP(K) =   311.79  PRESS =     0.0
 Etot   =   -238384.0077  EKtot   =     63492.3438  EPtot      =   -301876.3514
 BOND   =      2114.6472  ANGLE   =      2369.5966  DIHED      =      1372.6196
 UB     =         0.0000  IMP     =         0.0000  CMAP       =       262.9264
 1-4 NB =      1155.6411  1-4 EEL =     15401.4786  VDWAALS    =     40425.0012
 EELEC  =   -364978.2620  EHBOND  =         0.0000  RESTRAINT  =         0.0000
 ------------------------------------------------------------------------------

wrapping first mol.:       76.60133      -54.16531       93.81709

 NSTEP =  2340000   TIME(PS) =  429719.998  TEMP(K) =   310.03  PRESS =     0.0
 Etot   =   -238878.6077  EKtot   =     63132.8594  EPtot      =   -302011.4671
 BOND   =      2077.4336  ANGLE   =      2436.7437  DIHED      =      1397.1667
 UB     =         0.0000  IMP     =         0.0000  CMAP       =       250.3640
 1-4 NB =      1173.2606  1-4 EEL =     15370.8906  VDWAALS    =     40278.7851
 EELEC  =   -364996.1114  EHBOND  =         0.0000  RESTRAINT  =         0.0000
 ------------------------------------------------------------------------------

wrapping first mol.:       76.60133      -54.16531       93.81709

 NSTEP =  2360000   TIME(PS) =  429759.998  TEMP(K) =   310.04  PRESS =     0.0
 Etot   =   -238559.0924  EKtot   =     63135.2070  EPtot      =   -301694.2994
 BOND   =      2065.5817  ANGLE   =      2451.2818  DIHED      =      1392.9566
 UB     =         0.0000  IMP     =         0.0000  CMAP       =       264.3377
 1-4 NB =      1160.4742  1-4 EEL =     15378.6307  VDWAALS    =     40607.9381
 EELEC  =   -365015.5002  EHBOND  =         0.0000  RESTRAINT  =         0.0000
 ------------------------------------------------------------------------------

wrapping first mol.:       76.60133      -54.16531       93.81709

 NSTEP =  2380000   TIME(PS) =  429799.998  TEMP(K) =   311.29  PRESS =     0.0
 Etot   =   -238314.0434  EKtot   =     63390.2422  EPtot      =   -301704.2856
 BOND   =      2106.2629  ANGLE   =      2434.1269  DIHED      =      1420.5064
 UB     =         0.0000  IMP     =         0.0000  CMAP       =       230.0960
 1-4 NB =      1158.9605  1-4 EEL =     15437.6547  VDWAALS    =     40694.3689
 EELEC  =   -365186.2619  EHBOND  =         0.0000  RESTRAINT  =         0.0000
 ------------------------------------------------------------------------------

wrapping first mol.:       76.60133      -54.16531       93.81709

 NSTEP =  2400000   TIME(PS) =  429839.998  TEMP(K) =   310.24  PRESS =     0.0
 Etot   =   -238751.6630  EKtot   =     63176.3750  EPtot      =   -301928.0380
 BOND   =      2116.1512  ANGLE   =      2420.3626  DIHED      =      1445.1047
 UB     =         0.0000  IMP     =         0.0000  CMAP       =       240.8313
 1-4 NB =      1176.9592  1-4 EEL =     15394.2478  VDWAALS    =     40431.3362
 EELEC  =   -365153.0310  EHBOND  =         0.0000  RESTRAINT  =         0.0000
 ------------------------------------------------------------------------------

wrapping first mol.:       76.60133      -54.16531       93.81709

 NSTEP =  2420000   TIME(PS) =  429879.998  TEMP(K) =   308.59  PRESS =     0.0
 Etot   =   -238907.1863  EKtot   =     62839.1328  EPtot      =   -301746.3191
 BOND   =      2082.7172  ANGLE   =      2437.5885  DIHED      =      1403.0758
 UB     =         0.0000  IMP     =         0.0000  CMAP       =       224.5923
 1-4 NB =      1166.1461  1-4 EEL =     15486.8427  VDWAALS    =     40636.7623
 EELEC  =   -365184.0440  EHBOND  =         0.0000  RESTRAINT  =         0.0000
 ------------------------------------------------------------------------------

wrapping first mol.:       76.60133      -54.16531       93.81709

 NSTEP =  2440000   TIME(PS) =  429919.998  TEMP(K) =   309.25  PRESS =     0.0
 Etot   =   -238513.6761  EKtot   =     62974.6484  EPtot      =   -301488.3245
 BOND   =      2105.2011  ANGLE   =      2441.4518  DIHED      =      1404.0202
 UB     =         0.0000  IMP     =         0.0000  CMAP       =       243.1341
 1-4 NB =      1180.6538  1-4 EEL =     15475.1768  VDWAALS    =     40529.9283
 EELEC  =   -364867.8906  EHBOND  =         0.0000  RESTRAINT  =         0.0000
 ------------------------------------------------------------------------------

wrapping first mol.:       76.60133      -54.16531       93.81709

 NSTEP =  2460000   TIME(PS) =  429959.998  TEMP(K) =   309.66  PRESS =     0.0
 Etot   =   -238727.1148  EKtot   =     63056.8203  EPtot      =   -301783.9351
 BOND   =      2121.6703  ANGLE   =      2362.7584  DIHED      =      1411.9158
 UB     =         0.0000  IMP     =         0.0000  CMAP       =       252.2652
 1-4 NB =      1204.8632  1-4 EEL =     15486.2401  VDWAALS    =     40521.6576
 EELEC  =   -365145.3057  EHBOND  =         0.0000  RESTRAINT  =         0.0000
 ------------------------------------------------------------------------------

wrapping first mol.:       76.60133      -54.16531       93.81709

 NSTEP =  2480000   TIME(PS) =  429999.998  TEMP(K) =   308.69  PRESS =     0.0
 Etot   =   -238767.3628  EKtot   =     62861.1289  EPtot      =   -301628.4917
 BOND   =      2097.1473  ANGLE   =      2414.7521  DIHED      =      1424.3751
 UB     =         0.0000  IMP     =         0.0000  CMAP       =       252.1213
 1-4 NB =      1177.1136  1-4 EEL =     15382.9023  VDWAALS    =     40722.4421
 EELEC  =   -365099.3455  EHBOND  =         0.0000  RESTRAINT  =         0.0000
 ------------------------------------------------------------------------------

wrapping first mol.:       76.60133      -54.16531       93.81709
wrapping first mol.:       76.60133      -54.16531       93.81709

 NSTEP =  2500000   TIME(PS) =  430039.998  TEMP(K) =   308.67  PRESS =     0.0
 Etot   =   -239205.9693  EKtot   =     62855.2891  EPtot      =   -302061.2583
 BOND   =      2087.6722  ANGLE   =      2423.9577  DIHED      =      1437.6192
 UB     =         0.0000  IMP     =         0.0000  CMAP       =       234.5517
 1-4 NB =      1185.7652  1-4 EEL =     15482.6583  VDWAALS    =     40792.6313
 EELEC  =   -365706.1139  EHBOND  =         0.0000  RESTRAINT  =         0.0000
 ------------------------------------------------------------------------------


      A V E R A G E S   O V E R     125 S T E P S


 NSTEP =  2500000   TIME(PS) =  430039.998  TEMP(K) =   310.19  PRESS =     0.0
 Etot   =   -238684.9759  EKtot   =     63165.2986  EPtot      =   -301850.2744
 BOND   =      2090.0063  ANGLE   =      2424.8039  DIHED      =      1414.0935
 UB     =         0.0000  IMP     =         0.0000  CMAP       =       247.4128
 1-4 NB =      1176.9410  1-4 EEL =     15412.7008  VDWAALS    =     40621.1194
 EELEC  =   -365237.3522  EHBOND  =         0.0000  RESTRAINT  =         0.0000
 ------------------------------------------------------------------------------


      R M S  F L U C T U A T I O N S


 NSTEP =  2500000   TIME(PS) =  430039.998  TEMP(K) =     1.17  PRESS =     0.0
 Etot   =       358.7669  EKtot   =       238.8596  EPtot      =       267.3092
 BOND   =        32.7143  ANGLE   =        36.3767  DIHED      =        20.0480
 UB     =         0.0000  IMP     =         0.0000  CMAP       =        11.4513
 1-4 NB =        14.0554  1-4 EEL =        47.3391  VDWAALS    =       254.8495
 EELEC  =       411.6518  EHBOND  =         0.0000  RESTRAINT  =         0.0000
 ------------------------------------------------------------------------------

--------------------------------------------------------------------------------
   5.  TIMINGS
--------------------------------------------------------------------------------

|  NonSetup CPU Time in Major Routines:
|
|     Routine           Sec        %
|     ------------------------------
|     Nonbond         158.79   11.61
|     Bond              0.00    0.00
|     Angle             0.00    0.00
|     Dihedral          0.00    0.00
|     Shake            10.34    0.76
|     RunMD          1196.11   87.47
|     Other             2.20    0.16
|     ------------------------------
|     Total          1367.44

|  PME Nonbond Pairlist CPU Time:
|
|     Routine              Sec        %
|     ---------------------------------
|     Set Up Cit           0.00    0.00
|     Build List           0.00    0.00
|     ---------------------------------
|     Total                0.00    0.00

|  PME Direct Force CPU Time:
|
|     Routine              Sec        %
|     ---------------------------------
|     NonBonded Calc       0.00    0.00
|     Exclude Masked       0.00    0.00
|     Other                1.38    0.10
|     ---------------------------------
|     Total                1.38    0.10

|  PME Reciprocal Force CPU Time:
|
|     Routine              Sec        %
|     ---------------------------------
|     1D bspline           0.00    0.00
|     Grid Charges         0.00    0.00
|     Scalar Sum           0.00    0.00
|     Gradient Sum         0.00    0.00
|     FFT                  0.00    0.00
|     ---------------------------------
|     Total                0.00    0.00

|  Final Performance Info:
|     -----------------------------------------------------
|     Average timings for last   80000 steps:
|     Elapsed(s) =      43.82 Per Step(ms) =       0.55
|         ns/day =     315.49   seconds/ns =     273.86
|
|     Average timings for all steps:
|     Elapsed(s) =    1370.47 Per Step(ms) =       0.55
|         ns/day =     315.22   seconds/ns =     274.09
|     -----------------------------------------------------

|  Setup CPU time:            1.11 seconds
|  NonSetup CPU time:      1367.44 seconds
|  Total CPU time:         1368.55 seconds     0.38 hours

|  Setup wall time:           1    seconds
|  NonSetup wall time:     1371    seconds
|  Total wall time:        1372    seconds     0.38 hours
