
          -------------------------------------------------------
          Amber 24 PMEMD                              2024
          -------------------------------------------------------

| PMEMD implementation of SANDER, Release 24

|  Compiled date/time: Thu Apr  3 17:55:38 2025
| Run on 11/14/2025 at 19:01:18

|   Executable path: pmemd.cuda_SPFP
| Working directory: /rs1/researchers/h/hall/vtnguye4/Amber_restart/cappedP1amber/P1_Simulation
|          Hostname: gpu24

  [-O]verwriting output

File Assignments:
|   MDIN: /rs1/researchers/h/hall/vtnguye4/Amber_restart/cappedP1amber/equil.in 
|  MDOUT: ./OUT_Files/equil90.out                                               
| INPCRD: ./RST_Files/equil89.rst7                                              
|   PARM: ./PRMTOP_Files/P1.prmtop                                              
| RESTRT: ./RST_Files/equil90.rst7                                              
|   REFC: refc                                                                  
|  MDVEL: mdvel                                                                 
|   MDEN: mden                                                                  
|  MDCRD: ./nc_Files/equil90.nc                                                 
| MDINFO: mdinfo                                                                
|  MDFRC: mdfrc                                                                 


 Here is the input file:

!Stage equilibration 5ns                                                       
&cntrl                                                                         
imin=0, irest=1, ntx=5,                                                        
nstlim=2500000, dt=0.002,                                                      
ntc=2, ntf=2, ig=-1,                                                           
ntt=3, gamma_ln=2.0,                                                           
tempi=310.0, temp0=310.0,                                                      
ntxo=2, ioutfm=1,                                                              
ntpr=20000, ntwx=20000,                                                        
ntb=1,                                                                         
cut=9.0,                                                                       
iwrap=1,                                                                       
/                                                                              


Note: ig = -1. Setting random seed to   326930 based on wallclock time in 
      microseconds.
| irandom = 1, using AMBER's internal random number generator (default).
 
|--------------------- INFORMATION ----------------------
| GPU (CUDA) Version of PMEMD in use: NVIDIA GPU IN USE.
|                    Version 18.0.0
| 
|                      03/25/2018
| 
| Implementation by:
|                    Ross C. Walker     (SDSC)
|                    Scott Le Grand     (nVIDIA)
| 
| Version 18 performance extensions by:
|                    David Cerutti     (Rutgers)
| 
| Precision model in use:
|      [SPFP] - Single Precision Forces, 64-bit Fixed Point
|               Accumulation. (Default)
| 
|--------------------------------------------------------
 
|----------------- CITATION INFORMATION -----------------
|
|    When publishing work that utilized the CUDA version
|    of AMBER, please cite the following in addition to
|    the regular AMBER citations:
|
|  - Romelia Salomon-Ferrer; Andreas W. Goetz; Duncan
|    Poole; Scott Le Grand; Ross C. Walker "Routine
|    microsecond molecular dynamics simulations with
|    AMBER - Part II: Particle Mesh Ewald", J. Chem.
|    Theory Comput., 2013, 9 (9), pp3878-3888,
|    DOI: 10.1021/ct400314y.
|
|  - Andreas W. Goetz; Mark J. Williamson; Dong Xu;
|    Duncan Poole; Scott Le Grand; Ross C. Walker
|    "Routine microsecond molecular dynamics simulations
|    with AMBER - Part I: Generalized Born", J. Chem.
|    Theory Comput., 2012, 8 (5), pp1542-1555.
|
|  - Scott Le Grand; Andreas W. Goetz; Ross C. Walker
|    "SPFP: Speed without compromise - a mixed precision
|    model for GPU accelerated molecular dynamics
|    simulations.", Comp. Phys. Comm., 2013, 184
|    pp374-380, DOI: 10.1016/j.cpc.2012.09.022
|
|--------------------------------------------------------
 
|------------------- GPU DEVICE INFO --------------------
|
|            CUDA_VISIBLE_DEVICES: 0
|   CUDA Capable Devices Detected:      1
|           CUDA Device ID in use:      0
|                CUDA Device Name: NVIDIA L40S
|     CUDA Device Global Mem Size:  45487 MB
| CUDA Device Num Multiprocessors:    142
|           CUDA Device Core Freq:   2.52 GHz
|
|--------------------------------------------------------
 
 
| Conditional Compilation Defines Used:
| PUBFFT
| BINTRAJ
| CUDA
| EMIL

| Largest sphere to fit in unit cell has radius =    46.909

| New format PARM file being parsed.
| Version =    1.000 Date = 10/28/25 Time = 16:56:02

| Note: 1-4 EEL scale factors are being read from the topology file.

| Note: 1-4 VDW scale factors are being read from the topology file.
| Duplicated    0 dihedrals

| Duplicated    0 dihedrals

--------------------------------------------------------------------------------
   1.  RESOURCE   USE: 
--------------------------------------------------------------------------------

 getting box info from netcdf restart file
 NATOM  =  101202 NTYPES =      11 NBONH =   98658 MBONA  =    2544
 NTHETH =    5904 MTHETA =    3408 NPHIH =   11760 MPHIA  =   10368
 NHPARM =       0 NPARM  =       0 NNB   =  155656 NRES   =   32422
 NBONA  =    2544 NTHETA =    3408 NPHIA =   10368 NUMBND =      27
 NUMANG =      54 NPTRA  =      59 NATYP =      16 NPHB   =       0
 IFBOX  =       2 NMXRS  =      21 IFCAP =       0 NEXTRA =       0
 NCOPY  =       0

| Coordinate Index Table dimensions:    20   20   20
| Direct force subcell size =     5.7451    5.7451    5.7451

     BOX TYPE: TRUNCATED OCTAHEDRON

--------------------------------------------------------------------------------
   2.  CONTROL  DATA  FOR  THE  RUN
--------------------------------------------------------------------------------

default_name                                                                    

General flags:
     imin    =       0, nmropt  =       0

Nature and format of input:
     ntx     =       5, irest   =       1, ntrx    =       1

Nature and format of output:
     ntxo    =       2, ntpr    =   20000, ntrx    =       1, ntwr    = 2500000
     iwrap   =       1, ntwx    =   20000, ntwv    =       0, ntwe    =       0
     ioutfm  =       1, ntwprt  =       0, idecomp =       0, rbornstat=      0

Potential function:
     ntf     =       2, ntb     =       1, igb     =       0, nsnb    =      25
     ipol    =       0, gbsa    =       0, iesp    =       0
     dielc   =   1.00000, cut     =   9.00000, intdiel =   1.00000

Frozen or restrained atoms:
     ibelly  =       0, ntr     =       0

Molecular dynamics:
     nstlim  =   2500000, nscm    =      1000, nrespa  =         1
     t       =   0.00000, dt      =   0.00200, vlimit  =  -1.00000

Langevin dynamics temperature regulation:
     ig      =  326930
     temp0   = 310.00000, tempi   = 310.00000, gamma_ln=   2.00000

SHAKE:
     ntc     =       2, jfastw  =       0
     tol     =   0.00001

| Intermolecular bonds treatment:
|     no_intermolecular_bonds =       1

| Energy averages sample interval:
|     ene_avg_sampling =   20000

Ewald parameters:
     verbose =       0, ew_type =       0, nbflag  =       1, use_pme =       1
     vdwmeth =       1, eedmeth =       1, netfrc  =       1
     Box X =  114.902   Box Y =  114.902   Box Z =  114.902
     Alpha =  109.471   Beta  =  109.471   Gamma =  109.471
     NFFT1 =  120       NFFT2 =  120       NFFT3 =  120
     Cutoff=    9.000   Tol   =0.100E-04
     Ewald Coefficient =  0.30768
     Interpolation order =    4

--------------------------------------------------------------------------------
   3.  ATOMIC COORDINATES AND VELOCITIES
--------------------------------------------------------------------------------

default_name                                                                    
 begin time read from input coords =445039.998 ps

 
 Number of triangulated 3-point waters found:    31990

     Sum of charges from parm topology file =  -0.00000047
     Forcing neutrality...

| Dynamic Memory, Types Used:
| Reals             3080462
| Integers          3650456

| Nonbonded Pairs Initial Allocation:    23074056

| GPU memory information (estimate):
| KB of GPU memory in use:    789634
| KB of CPU memory in use:    210424

--------------------------------------------------------------------------------
   4.  RESULTS
--------------------------------------------------------------------------------


 NSTEP =    20000   TIME(PS) =  445079.998  TEMP(K) =   309.83  PRESS =     0.0
 Etot   =   -238667.7659  EKtot   =     63093.2695  EPtot      =   -301761.0354
 BOND   =      2143.6304  ANGLE   =      2414.2068  DIHED      =      1385.3816
 UB     =         0.0000  IMP     =         0.0000  CMAP       =       230.3788
 1-4 NB =      1157.7284  1-4 EEL =     15330.3992  VDWAALS    =     41077.7465
 EELEC  =   -365500.5070  EHBOND  =         0.0000  RESTRAINT  =         0.0000
 ------------------------------------------------------------------------------


 NSTEP =    40000   TIME(PS) =  445119.998  TEMP(K) =   311.01  PRESS =     0.0
 Etot   =   -238661.0343  EKtot   =     63333.5742  EPtot      =   -301994.6085
 BOND   =      2100.1881  ANGLE   =      2492.2683  DIHED      =      1412.6383
 UB     =         0.0000  IMP     =         0.0000  CMAP       =       244.5872
 1-4 NB =      1172.2455  1-4 EEL =     15295.9140  VDWAALS    =     40750.3853
 EELEC  =   -365462.8353  EHBOND  =         0.0000  RESTRAINT  =         0.0000
 ------------------------------------------------------------------------------


 NSTEP =    60000   TIME(PS) =  445159.998  TEMP(K) =   310.96  PRESS =     0.0
 Etot   =   -238353.4190  EKtot   =     63322.6367  EPtot      =   -301676.0558
 BOND   =      2080.2369  ANGLE   =      2405.1556  DIHED      =      1405.4541
 UB     =         0.0000  IMP     =         0.0000  CMAP       =       231.2835
 1-4 NB =      1181.9035  1-4 EEL =     15364.9409  VDWAALS    =     40496.1405
 EELEC  =   -364841.1706  EHBOND  =         0.0000  RESTRAINT  =         0.0000
 ------------------------------------------------------------------------------


 NSTEP =    80000   TIME(PS) =  445199.998  TEMP(K) =   311.46  PRESS =     0.0
 Etot   =   -238417.2872  EKtot   =     63423.8750  EPtot      =   -301841.1622
 BOND   =      2058.1058  ANGLE   =      2368.6594  DIHED      =      1394.8345
 UB     =         0.0000  IMP     =         0.0000  CMAP       =       233.0179
 1-4 NB =      1181.7182  1-4 EEL =     15334.5811  VDWAALS    =     40532.0191
 EELEC  =   -364944.0981  EHBOND  =         0.0000  RESTRAINT  =         0.0000
 ------------------------------------------------------------------------------


 NSTEP =   100000   TIME(PS) =  445239.998  TEMP(K) =   308.73  PRESS =     0.0
 Etot   =   -238802.0694  EKtot   =     62869.2305  EPtot      =   -301671.2999
 BOND   =      2051.1400  ANGLE   =      2451.1224  DIHED      =      1374.8106
 UB     =         0.0000  IMP     =         0.0000  CMAP       =       254.0604
 1-4 NB =      1164.6621  1-4 EEL =     15350.4274  VDWAALS    =     40997.9478
 EELEC  =   -365315.4705  EHBOND  =         0.0000  RESTRAINT  =         0.0000
 ------------------------------------------------------------------------------


 NSTEP =   120000   TIME(PS) =  445279.998  TEMP(K) =   310.62  PRESS =     0.0
 Etot   =   -238615.1585  EKtot   =     63252.2578  EPtot      =   -301867.4163
 BOND   =      2012.4455  ANGLE   =      2426.7561  DIHED      =      1403.6291
 UB     =         0.0000  IMP     =         0.0000  CMAP       =       230.7956
 1-4 NB =      1181.5229  1-4 EEL =     15343.5834  VDWAALS    =     40723.2583
 EELEC  =   -365189.4072  EHBOND  =         0.0000  RESTRAINT  =         0.0000
 ------------------------------------------------------------------------------


 NSTEP =   140000   TIME(PS) =  445319.998  TEMP(K) =   308.47  PRESS =     0.0
 Etot   =   -238341.8873  EKtot   =     62816.4375  EPtot      =   -301158.3248
 BOND   =      2128.1033  ANGLE   =      2451.1187  DIHED      =      1417.1558
 UB     =         0.0000  IMP     =         0.0000  CMAP       =       244.3045
 1-4 NB =      1204.9588  1-4 EEL =     15426.6036  VDWAALS    =     40264.9808
 EELEC  =   -364295.5502  EHBOND  =         0.0000  RESTRAINT  =         0.0000
 ------------------------------------------------------------------------------


 NSTEP =   160000   TIME(PS) =  445359.998  TEMP(K) =   308.94  PRESS =     0.0
 Etot   =   -239014.1934  EKtot   =     62912.1406  EPtot      =   -301926.3340
 BOND   =      2088.1064  ANGLE   =      2423.2793  DIHED      =      1407.2337
 UB     =         0.0000  IMP     =         0.0000  CMAP       =       238.8965
 1-4 NB =      1182.9489  1-4 EEL =     15425.3736  VDWAALS    =     40916.6830
 EELEC  =   -365608.8553  EHBOND  =         0.0000  RESTRAINT  =         0.0000
 ------------------------------------------------------------------------------


 NSTEP =   180000   TIME(PS) =  445399.998  TEMP(K) =   311.94  PRESS =     0.0
 Etot   =   -238422.5479  EKtot   =     63522.1875  EPtot      =   -301944.7354
 BOND   =      2110.8251  ANGLE   =      2406.5468  DIHED      =      1394.5950
 UB     =         0.0000  IMP     =         0.0000  CMAP       =       244.4273
 1-4 NB =      1158.1506  1-4 EEL =     15348.6721  VDWAALS    =     40612.7200
 EELEC  =   -365220.6723  EHBOND  =         0.0000  RESTRAINT  =         0.0000
 ------------------------------------------------------------------------------


 NSTEP =   200000   TIME(PS) =  445439.998  TEMP(K) =   310.35  PRESS =     0.0
 Etot   =   -238874.2821  EKtot   =     63198.5508  EPtot      =   -302072.8328
 BOND   =      2126.3782  ANGLE   =      2455.9582  DIHED      =      1405.4237
 UB     =         0.0000  IMP     =         0.0000  CMAP       =       227.7381
 1-4 NB =      1165.1238  1-4 EEL =     15334.1180  VDWAALS    =     40030.9770
 EELEC  =   -364818.5498  EHBOND  =         0.0000  RESTRAINT  =         0.0000
 ------------------------------------------------------------------------------


 NSTEP =   220000   TIME(PS) =  445479.998  TEMP(K) =   311.13  PRESS =     0.0
 Etot   =   -238115.2600  EKtot   =     63356.7812  EPtot      =   -301472.0413
 BOND   =      2074.7494  ANGLE   =      2459.8146  DIHED      =      1401.8790
 UB     =         0.0000  IMP     =         0.0000  CMAP       =       254.3280
 1-4 NB =      1166.1231  1-4 EEL =     15366.7357  VDWAALS    =     40659.2533
 EELEC  =   -364854.9244  EHBOND  =         0.0000  RESTRAINT  =         0.0000
 ------------------------------------------------------------------------------


 NSTEP =   240000   TIME(PS) =  445519.998  TEMP(K) =   310.46  PRESS =     0.0
 Etot   =   -238296.9945  EKtot   =     63221.1641  EPtot      =   -301518.1586
 BOND   =      2113.4416  ANGLE   =      2398.7369  DIHED      =      1392.2174
 UB     =         0.0000  IMP     =         0.0000  CMAP       =       256.7499
 1-4 NB =      1179.1291  1-4 EEL =     15386.3407  VDWAALS    =     40665.4469
 EELEC  =   -364910.2212  EHBOND  =         0.0000  RESTRAINT  =         0.0000
 ------------------------------------------------------------------------------


 NSTEP =   260000   TIME(PS) =  445559.998  TEMP(K) =   310.91  PRESS =     0.0
 Etot   =   -238993.6635  EKtot   =     63311.4219  EPtot      =   -302305.0854
 BOND   =      2054.5455  ANGLE   =      2385.6265  DIHED      =      1445.8463
 UB     =         0.0000  IMP     =         0.0000  CMAP       =       227.4900
 1-4 NB =      1180.6659  1-4 EEL =     15395.8423  VDWAALS    =     40726.2201
 EELEC  =   -365721.3220  EHBOND  =         0.0000  RESTRAINT  =         0.0000
 ------------------------------------------------------------------------------


 NSTEP =   280000   TIME(PS) =  445599.998  TEMP(K) =   311.25  PRESS =     0.0
 Etot   =   -238604.5144  EKtot   =     63381.7305  EPtot      =   -301986.2449
 BOND   =      2100.9947  ANGLE   =      2397.7568  DIHED      =      1381.3763
 UB     =         0.0000  IMP     =         0.0000  CMAP       =       241.8295
 1-4 NB =      1183.3697  1-4 EEL =     15385.1241  VDWAALS    =     40617.2601
 EELEC  =   -365293.9561  EHBOND  =         0.0000  RESTRAINT  =         0.0000
 ------------------------------------------------------------------------------


 NSTEP =   300000   TIME(PS) =  445639.998  TEMP(K) =   311.03  PRESS =     0.0
 Etot   =   -238718.2900  EKtot   =     63336.7461  EPtot      =   -302055.0361
 BOND   =      2043.1432  ANGLE   =      2469.2042  DIHED      =      1401.8003
 UB     =         0.0000  IMP     =         0.0000  CMAP       =       268.2547
 1-4 NB =      1184.3360  1-4 EEL =     15308.4248  VDWAALS    =     40460.9631
 EELEC  =   -365191.1624  EHBOND  =         0.0000  RESTRAINT  =         0.0000
 ------------------------------------------------------------------------------


 NSTEP =   320000   TIME(PS) =  445679.998  TEMP(K) =   311.77  PRESS =     0.0
 Etot   =   -238500.1988  EKtot   =     63487.1094  EPtot      =   -301987.3081
 BOND   =      2146.9673  ANGLE   =      2397.7653  DIHED      =      1425.4917
 UB     =         0.0000  IMP     =         0.0000  CMAP       =       245.6860
 1-4 NB =      1150.5079  1-4 EEL =     15382.7365  VDWAALS    =     40934.4228
 EELEC  =   -365670.8856  EHBOND  =         0.0000  RESTRAINT  =         0.0000
 ------------------------------------------------------------------------------


 NSTEP =   340000   TIME(PS) =  445719.998  TEMP(K) =   308.97  PRESS =     0.0
 Etot   =   -239252.6640  EKtot   =     62917.2266  EPtot      =   -302169.8905
 BOND   =      2048.2398  ANGLE   =      2467.5503  DIHED      =      1403.1505
 UB     =         0.0000  IMP     =         0.0000  CMAP       =       244.8946
 1-4 NB =      1138.3170  1-4 EEL =     15329.3043  VDWAALS    =     40847.3934
 EELEC  =   -365648.7405  EHBOND  =         0.0000  RESTRAINT  =         0.0000
 ------------------------------------------------------------------------------


 NSTEP =   360000   TIME(PS) =  445759.998  TEMP(K) =   309.92  PRESS =     0.0
 Etot   =   -238913.9542  EKtot   =     63111.1016  EPtot      =   -302025.0558
 BOND   =      2138.7065  ANGLE   =      2448.7814  DIHED      =      1407.7565
 UB     =         0.0000  IMP     =         0.0000  CMAP       =       258.6957
 1-4 NB =      1151.7376  1-4 EEL =     15409.3448  VDWAALS    =     40418.5648
 EELEC  =   -365258.6430  EHBOND  =         0.0000  RESTRAINT  =         0.0000
 ------------------------------------------------------------------------------


 NSTEP =   380000   TIME(PS) =  445799.998  TEMP(K) =   310.52  PRESS =     0.0
 Etot   =   -238581.0460  EKtot   =     63233.5039  EPtot      =   -301814.5499
 BOND   =      2055.3868  ANGLE   =      2404.8445  DIHED      =      1383.9156
 UB     =         0.0000  IMP     =         0.0000  CMAP       =       262.6917
 1-4 NB =      1163.5287  1-4 EEL =     15408.4397  VDWAALS    =     40556.7927
 EELEC  =   -365050.1497  EHBOND  =         0.0000  RESTRAINT  =         0.0000
 ------------------------------------------------------------------------------


 NSTEP =   400000   TIME(PS) =  445839.998  TEMP(K) =   309.09  PRESS =     0.0
 Etot   =   -239202.9512  EKtot   =     62941.2617  EPtot      =   -302144.2129
 BOND   =      2090.2185  ANGLE   =      2424.8039  DIHED      =      1396.4090
 UB     =         0.0000  IMP     =         0.0000  CMAP       =       257.9699
 1-4 NB =      1167.9559  1-4 EEL =     15447.0953  VDWAALS    =     41041.0805
 EELEC  =   -365969.7460  EHBOND  =         0.0000  RESTRAINT  =         0.0000
 ------------------------------------------------------------------------------


 NSTEP =   420000   TIME(PS) =  445879.998  TEMP(K) =   309.92  PRESS =     0.0
 Etot   =   -239001.0349  EKtot   =     63110.3672  EPtot      =   -302111.4021
 BOND   =      2049.3033  ANGLE   =      2400.9975  DIHED      =      1413.3346
 UB     =         0.0000  IMP     =         0.0000  CMAP       =       257.0178
 1-4 NB =      1181.4297  1-4 EEL =     15389.5916  VDWAALS    =     40623.8029
 EELEC  =   -365426.8794  EHBOND  =         0.0000  RESTRAINT  =         0.0000
 ------------------------------------------------------------------------------


 NSTEP =   440000   TIME(PS) =  445919.998  TEMP(K) =   309.69  PRESS =     0.0
 Etot   =   -238617.8090  EKtot   =     63064.4844  EPtot      =   -301682.2934
 BOND   =      2099.8786  ANGLE   =      2434.3862  DIHED      =      1402.1611
 UB     =         0.0000  IMP     =         0.0000  CMAP       =       259.1872
 1-4 NB =      1197.2179  1-4 EEL =     15316.1555  VDWAALS    =     40532.8589
 EELEC  =   -364924.1388  EHBOND  =         0.0000  RESTRAINT  =         0.0000
 ------------------------------------------------------------------------------


 NSTEP =   460000   TIME(PS) =  445959.998  TEMP(K) =   310.64  PRESS =     0.0
 Etot   =   -238777.1325  EKtot   =     63257.4062  EPtot      =   -302034.5387
 BOND   =      2093.8268  ANGLE   =      2393.2907  DIHED      =      1415.1505
 UB     =         0.0000  IMP     =         0.0000  CMAP       =       268.1296
 1-4 NB =      1177.2903  1-4 EEL =     15396.3041  VDWAALS    =     40772.8848
 EELEC  =   -365551.4155  EHBOND  =         0.0000  RESTRAINT  =         0.0000
 ------------------------------------------------------------------------------


 NSTEP =   480000   TIME(PS) =  445999.998  TEMP(K) =   310.76  PRESS =     0.0
 Etot   =   -238393.4221  EKtot   =     63280.9375  EPtot      =   -301674.3596
 BOND   =      2062.2083  ANGLE   =      2463.8606  DIHED      =      1387.9701
 UB     =         0.0000  IMP     =         0.0000  CMAP       =       264.0203
 1-4 NB =      1173.8190  1-4 EEL =     15319.3629  VDWAALS    =     40528.0616
 EELEC  =   -364873.6623  EHBOND  =         0.0000  RESTRAINT  =         0.0000
 ------------------------------------------------------------------------------


 NSTEP =   500000   TIME(PS) =  446039.998  TEMP(K) =   310.13  PRESS =     0.0
 Etot   =   -239550.6632  EKtot   =     63153.7930  EPtot      =   -302704.4562
 BOND   =      2075.7655  ANGLE   =      2388.4964  DIHED      =      1421.9454
 UB     =         0.0000  IMP     =         0.0000  CMAP       =       233.3348
 1-4 NB =      1186.9746  1-4 EEL =     15333.0766  VDWAALS    =     41148.9246
 EELEC  =   -366492.9741  EHBOND  =         0.0000  RESTRAINT  =         0.0000
 ------------------------------------------------------------------------------


 NSTEP =   520000   TIME(PS) =  446079.998  TEMP(K) =   308.71  PRESS =     0.0
 Etot   =   -239168.7889  EKtot   =     62864.2539  EPtot      =   -302033.0428
 BOND   =      2075.4583  ANGLE   =      2456.3568  DIHED      =      1422.3534
 UB     =         0.0000  IMP     =         0.0000  CMAP       =       242.5221
 1-4 NB =      1187.8662  1-4 EEL =     15346.5029  VDWAALS    =     40874.3256
 EELEC  =   -365638.4281  EHBOND  =         0.0000  RESTRAINT  =         0.0000
 ------------------------------------------------------------------------------


 NSTEP =   540000   TIME(PS) =  446119.998  TEMP(K) =   310.14  PRESS =     0.0
 Etot   =   -238962.6664  EKtot   =     63156.2773  EPtot      =   -302118.9437
 BOND   =      2099.9723  ANGLE   =      2328.1368  DIHED      =      1413.7308
 UB     =         0.0000  IMP     =         0.0000  CMAP       =       243.8947
 1-4 NB =      1191.4937  1-4 EEL =     15397.1849  VDWAALS    =     40934.5204
 EELEC  =   -365727.8773  EHBOND  =         0.0000  RESTRAINT  =         0.0000
 ------------------------------------------------------------------------------


 NSTEP =   560000   TIME(PS) =  446159.998  TEMP(K) =   308.53  PRESS =     0.0
 Etot   =   -239202.4483  EKtot   =     62828.4805  EPtot      =   -302030.9288
 BOND   =      2084.9545  ANGLE   =      2463.2301  DIHED      =      1396.2020
 UB     =         0.0000  IMP     =         0.0000  CMAP       =       243.9637
 1-4 NB =      1170.2039  1-4 EEL =     15345.8065  VDWAALS    =     40807.8457
 EELEC  =   -365543.1353  EHBOND  =         0.0000  RESTRAINT  =         0.0000
 ------------------------------------------------------------------------------


 NSTEP =   580000   TIME(PS) =  446199.998  TEMP(K) =   309.23  PRESS =     0.0
 Etot   =   -238979.1837  EKtot   =     62970.5703  EPtot      =   -301949.7540
 BOND   =      2082.4833  ANGLE   =      2423.5364  DIHED      =      1393.3733
 UB     =         0.0000  IMP     =         0.0000  CMAP       =       235.4787
 1-4 NB =      1203.1811  1-4 EEL =     15358.6364  VDWAALS    =     40484.3540
 EELEC  =   -365130.7971  EHBOND  =         0.0000  RESTRAINT  =         0.0000
 ------------------------------------------------------------------------------


 NSTEP =   600000   TIME(PS) =  446239.998  TEMP(K) =   309.38  PRESS =     0.0
 Etot   =   -238851.9532  EKtot   =     63000.3320  EPtot      =   -301852.2852
 BOND   =      2112.6389  ANGLE   =      2347.9200  DIHED      =      1434.0147
 UB     =         0.0000  IMP     =         0.0000  CMAP       =       265.5555
 1-4 NB =      1175.5858  1-4 EEL =     15379.7621  VDWAALS    =     40778.2280
 EELEC  =   -365345.9902  EHBOND  =         0.0000  RESTRAINT  =         0.0000
 ------------------------------------------------------------------------------


 NSTEP =   620000   TIME(PS) =  446279.998  TEMP(K) =   311.43  PRESS =     0.0
 Etot   =   -238390.8298  EKtot   =     63418.6016  EPtot      =   -301809.4314
 BOND   =      2088.5076  ANGLE   =      2402.1009  DIHED      =      1397.7915
 UB     =         0.0000  IMP     =         0.0000  CMAP       =       260.0617
 1-4 NB =      1180.5736  1-4 EEL =     15390.9092  VDWAALS    =     40736.6360
 EELEC  =   -365266.0118  EHBOND  =         0.0000  RESTRAINT  =         0.0000
 ------------------------------------------------------------------------------


 NSTEP =   640000   TIME(PS) =  446319.998  TEMP(K) =   308.61  PRESS =     0.0
 Etot   =   -239232.5334  EKtot   =     62843.1680  EPtot      =   -302075.7014
 BOND   =      2059.9073  ANGLE   =      2390.7698  DIHED      =      1388.7305
 UB     =         0.0000  IMP     =         0.0000  CMAP       =       238.0526
 1-4 NB =      1188.2721  1-4 EEL =     15390.8720  VDWAALS    =     40855.7134
 EELEC  =   -365588.0192  EHBOND  =         0.0000  RESTRAINT  =         0.0000
 ------------------------------------------------------------------------------


 NSTEP =   660000   TIME(PS) =  446359.998  TEMP(K) =   308.09  PRESS =     0.0
 Etot   =   -239722.6939  EKtot   =     62737.5039  EPtot      =   -302460.1978
 BOND   =      2134.9619  ANGLE   =      2392.5783  DIHED      =      1376.9923
 UB     =         0.0000  IMP     =         0.0000  CMAP       =       254.4756
 1-4 NB =      1164.4086  1-4 EEL =     15283.5199  VDWAALS    =     41234.0629
 EELEC  =   -366301.1973  EHBOND  =         0.0000  RESTRAINT  =         0.0000
 ------------------------------------------------------------------------------


 NSTEP =   680000   TIME(PS) =  446399.998  TEMP(K) =   310.48  PRESS =     0.0
 Etot   =   -238946.2390  EKtot   =     63224.7109  EPtot      =   -302170.9499
 BOND   =      2079.4065  ANGLE   =      2481.0529  DIHED      =      1415.7746
 UB     =         0.0000  IMP     =         0.0000  CMAP       =       254.5421
 1-4 NB =      1198.9867  1-4 EEL =     15286.7566  VDWAALS    =     40703.9750
 EELEC  =   -365591.4444  EHBOND  =         0.0000  RESTRAINT  =         0.0000
 ------------------------------------------------------------------------------


 NSTEP =   700000   TIME(PS) =  446439.998  TEMP(K) =   311.20  PRESS =     0.0
 Etot   =   -237270.1983  EKtot   =     63371.3086  EPtot      =   -300641.5069
 BOND   =      2072.9738  ANGLE   =      2425.0093  DIHED      =      1409.5573
 UB     =         0.0000  IMP     =         0.0000  CMAP       =       243.6635
 1-4 NB =      1165.5223  1-4 EEL =     15277.1011  VDWAALS    =     39658.2694
 EELEC  =   -362893.6035  EHBOND  =         0.0000  RESTRAINT  =         0.0000
 ------------------------------------------------------------------------------


 NSTEP =   720000   TIME(PS) =  446479.998  TEMP(K) =   308.50  PRESS =     0.0
 Etot   =   -238954.9079  EKtot   =     62822.3281  EPtot      =   -301777.2361
 BOND   =      2069.5161  ANGLE   =      2424.3967  DIHED      =      1399.2841
 UB     =         0.0000  IMP     =         0.0000  CMAP       =       253.8311
 1-4 NB =      1169.7872  1-4 EEL =     15310.1464  VDWAALS    =     40614.4060
 EELEC  =   -365018.6037  EHBOND  =         0.0000  RESTRAINT  =         0.0000
 ------------------------------------------------------------------------------


 NSTEP =   740000   TIME(PS) =  446519.998  TEMP(K) =   309.80  PRESS =     0.0
 Etot   =   -238678.3663  EKtot   =     63086.5586  EPtot      =   -301764.9249
 BOND   =      2075.6426  ANGLE   =      2375.6502  DIHED      =      1378.1760
 UB     =         0.0000  IMP     =         0.0000  CMAP       =       244.2666
 1-4 NB =      1171.7231  1-4 EEL =     15301.3578  VDWAALS    =     40875.1964
 EELEC  =   -365186.9376  EHBOND  =         0.0000  RESTRAINT  =         0.0000
 ------------------------------------------------------------------------------


 NSTEP =   760000   TIME(PS) =  446559.998  TEMP(K) =   310.90  PRESS =     0.0
 Etot   =   -238689.2984  EKtot   =     63310.0430  EPtot      =   -301999.3414
 BOND   =      2039.4629  ANGLE   =      2455.8544  DIHED      =      1411.1078
 UB     =         0.0000  IMP     =         0.0000  CMAP       =       251.7900
 1-4 NB =      1170.7492  1-4 EEL =     15345.6329  VDWAALS    =     40564.0698
 EELEC  =   -365238.0084  EHBOND  =         0.0000  RESTRAINT  =         0.0000
 ------------------------------------------------------------------------------


 NSTEP =   780000   TIME(PS) =  446599.998  TEMP(K) =   309.59  PRESS =     0.0
 Etot   =   -238735.4565  EKtot   =     63043.8906  EPtot      =   -301779.3471
 BOND   =      2126.3802  ANGLE   =      2434.1399  DIHED      =      1414.5795
 UB     =         0.0000  IMP     =         0.0000  CMAP       =       239.7295
 1-4 NB =      1186.9401  1-4 EEL =     15341.7740  VDWAALS    =     40975.4770
 EELEC  =   -365498.3674  EHBOND  =         0.0000  RESTRAINT  =         0.0000
 ------------------------------------------------------------------------------


 NSTEP =   800000   TIME(PS) =  446639.998  TEMP(K) =   310.23  PRESS =     0.0
 Etot   =   -238853.2493  EKtot   =     63173.5352  EPtot      =   -302026.7845
 BOND   =      2056.9433  ANGLE   =      2459.5704  DIHED      =      1397.7249
 UB     =         0.0000  IMP     =         0.0000  CMAP       =       241.6390
 1-4 NB =      1166.2051  1-4 EEL =     15346.3900  VDWAALS    =     40375.4823
 EELEC  =   -365070.7396  EHBOND  =         0.0000  RESTRAINT  =         0.0000
 ------------------------------------------------------------------------------


 NSTEP =   820000   TIME(PS) =  446679.998  TEMP(K) =   308.85  PRESS =     0.0
 Etot   =   -239029.1463  EKtot   =     62893.3047  EPtot      =   -301922.4510
 BOND   =      2064.0301  ANGLE   =      2423.1830  DIHED      =      1405.1945
 UB     =         0.0000  IMP     =         0.0000  CMAP       =       255.3506
 1-4 NB =      1170.9756  1-4 EEL =     15377.0855  VDWAALS    =     40658.4544
 EELEC  =   -365276.7245  EHBOND  =         0.0000  RESTRAINT  =         0.0000
 ------------------------------------------------------------------------------


 NSTEP =   840000   TIME(PS) =  446719.998  TEMP(K) =   310.53  PRESS =     0.0
 Etot   =   -238290.0923  EKtot   =     63235.7188  EPtot      =   -301525.8110
 BOND   =      2067.9678  ANGLE   =      2417.8981  DIHED      =      1427.3153
 UB     =         0.0000  IMP     =         0.0000  CMAP       =       255.8917
 1-4 NB =      1153.0185  1-4 EEL =     15298.3869  VDWAALS    =     40417.6219
 EELEC  =   -364563.9113  EHBOND  =         0.0000  RESTRAINT  =         0.0000
 ------------------------------------------------------------------------------


 NSTEP =   860000   TIME(PS) =  446759.998  TEMP(K) =   310.99  PRESS =     0.0
 Etot   =   -238543.8556  EKtot   =     63329.6094  EPtot      =   -301873.4650
 BOND   =      2085.8966  ANGLE   =      2413.0127  DIHED      =      1387.3669
 UB     =         0.0000  IMP     =         0.0000  CMAP       =       253.3356
 1-4 NB =      1158.7353  1-4 EEL =     15378.1247  VDWAALS    =     40653.6888
 EELEC  =   -365203.6256  EHBOND  =         0.0000  RESTRAINT  =         0.0000
 ------------------------------------------------------------------------------


 NSTEP =   880000   TIME(PS) =  446799.998  TEMP(K) =   308.97  PRESS =     0.0
 Etot   =   -238623.3318  EKtot   =     62917.7852  EPtot      =   -301541.1169
 BOND   =      2037.2972  ANGLE   =      2489.5836  DIHED      =      1421.8424
 UB     =         0.0000  IMP     =         0.0000  CMAP       =       255.3534
 1-4 NB =      1160.8639  1-4 EEL =     15401.4844  VDWAALS    =     40259.7579
 EELEC  =   -364567.2999  EHBOND  =         0.0000  RESTRAINT  =         0.0000
 ------------------------------------------------------------------------------


 NSTEP =   900000   TIME(PS) =  446839.998  TEMP(K) =   310.78  PRESS =     0.0
 Etot   =   -238745.7131  EKtot   =     63286.5898  EPtot      =   -302032.3029
 BOND   =      2083.7252  ANGLE   =      2384.9544  DIHED      =      1389.8083
 UB     =         0.0000  IMP     =         0.0000  CMAP       =       267.1631
 1-4 NB =      1177.1308  1-4 EEL =     15391.1064  VDWAALS    =     40616.5106
 EELEC  =   -365342.7016  EHBOND  =         0.0000  RESTRAINT  =         0.0000
 ------------------------------------------------------------------------------


 NSTEP =   920000   TIME(PS) =  446879.998  TEMP(K) =   311.45  PRESS =     0.0
 Etot   =   -238304.4861  EKtot   =     63422.6367  EPtot      =   -301727.1228
 BOND   =      2093.9789  ANGLE   =      2451.4999  DIHED      =      1365.0587
 UB     =         0.0000  IMP     =         0.0000  CMAP       =       267.9211
 1-4 NB =      1167.4636  1-4 EEL =     15329.3451  VDWAALS    =     40870.1075
 EELEC  =   -365272.4975  EHBOND  =         0.0000  RESTRAINT  =         0.0000
 ------------------------------------------------------------------------------


 NSTEP =   940000   TIME(PS) =  446919.998  TEMP(K) =   310.91  PRESS =     0.0
 Etot   =   -238885.6874  EKtot   =     63312.5039  EPtot      =   -302198.1913
 BOND   =      2049.7368  ANGLE   =      2465.8571  DIHED      =      1399.9616
 UB     =         0.0000  IMP     =         0.0000  CMAP       =       258.2050
 1-4 NB =      1188.5991  1-4 EEL =     15275.4908  VDWAALS    =     40706.7454
 EELEC  =   -365542.7872  EHBOND  =         0.0000  RESTRAINT  =         0.0000
 ------------------------------------------------------------------------------


 NSTEP =   960000   TIME(PS) =  446959.998  TEMP(K) =   310.10  PRESS =     0.0
 Etot   =   -238873.3448  EKtot   =     63147.3711  EPtot      =   -302020.7159
 BOND   =      2070.8947  ANGLE   =      2366.6931  DIHED      =      1390.3612
 UB     =         0.0000  IMP     =         0.0000  CMAP       =       261.9154
 1-4 NB =      1175.9047  1-4 EEL =     15312.9159  VDWAALS    =     40998.2016
 EELEC  =   -365597.6024  EHBOND  =         0.0000  RESTRAINT  =         0.0000
 ------------------------------------------------------------------------------


 NSTEP =   980000   TIME(PS) =  446999.998  TEMP(K) =   309.74  PRESS =     0.0
 Etot   =   -238959.8105  EKtot   =     63074.7617  EPtot      =   -302034.5722
 BOND   =      2112.2948  ANGLE   =      2465.3117  DIHED      =      1393.6961
 UB     =         0.0000  IMP     =         0.0000  CMAP       =       254.2569
 1-4 NB =      1167.1791  1-4 EEL =     15339.7870  VDWAALS    =     40426.2716
 EELEC  =   -365193.3694  EHBOND  =         0.0000  RESTRAINT  =         0.0000
 ------------------------------------------------------------------------------


 NSTEP =  1000000   TIME(PS) =  447039.998  TEMP(K) =   309.05  PRESS =     0.0
 Etot   =   -239604.4438  EKtot   =     62934.3906  EPtot      =   -302538.8344
 BOND   =      2047.3633  ANGLE   =      2413.7683  DIHED      =      1385.5961
 UB     =         0.0000  IMP     =         0.0000  CMAP       =       241.8151
 1-4 NB =      1172.4269  1-4 EEL =     15420.1494  VDWAALS    =     40759.9089
 EELEC  =   -365979.8624  EHBOND  =         0.0000  RESTRAINT  =         0.0000
 ------------------------------------------------------------------------------


 NSTEP =  1020000   TIME(PS) =  447079.998  TEMP(K) =   309.72  PRESS =     0.0
 Etot   =   -238949.6474  EKtot   =     63069.8125  EPtot      =   -302019.4599
 BOND   =      2093.4979  ANGLE   =      2445.6998  DIHED      =      1394.7587
 UB     =         0.0000  IMP     =         0.0000  CMAP       =       256.4983
 1-4 NB =      1168.8725  1-4 EEL =     15361.6780  VDWAALS    =     40807.7218
 EELEC  =   -365548.1869  EHBOND  =         0.0000  RESTRAINT  =         0.0000
 ------------------------------------------------------------------------------


 NSTEP =  1040000   TIME(PS) =  447119.998  TEMP(K) =   309.80  PRESS =     0.0
 Etot   =   -239220.5022  EKtot   =     63086.6875  EPtot      =   -302307.1897
 BOND   =      2101.1371  ANGLE   =      2394.6271  DIHED      =      1402.8769
 UB     =         0.0000  IMP     =         0.0000  CMAP       =       246.0707
 1-4 NB =      1196.4236  1-4 EEL =     15336.4770  VDWAALS    =     41097.3677
 EELEC  =   -366082.1698  EHBOND  =         0.0000  RESTRAINT  =         0.0000
 ------------------------------------------------------------------------------


 NSTEP =  1060000   TIME(PS) =  447159.998  TEMP(K) =   310.39  PRESS =     0.0
 Etot   =   -238844.8634  EKtot   =     63207.0898  EPtot      =   -302051.9533
 BOND   =      2077.1884  ANGLE   =      2396.1097  DIHED      =      1366.4329
 UB     =         0.0000  IMP     =         0.0000  CMAP       =       252.5683
 1-4 NB =      1181.8846  1-4 EEL =     15370.2739  VDWAALS    =     40800.8932
 EELEC  =   -365497.3043  EHBOND  =         0.0000  RESTRAINT  =         0.0000
 ------------------------------------------------------------------------------


 NSTEP =  1080000   TIME(PS) =  447199.998  TEMP(K) =   311.23  PRESS =     0.0
 Etot   =   -238501.7120  EKtot   =     63377.6406  EPtot      =   -301879.3526
 BOND   =      2070.3642  ANGLE   =      2449.4372  DIHED      =      1417.1286
 UB     =         0.0000  IMP     =         0.0000  CMAP       =       259.8350
 1-4 NB =      1173.9845  1-4 EEL =     15391.3190  VDWAALS    =     40424.2585
 EELEC  =   -365065.6796  EHBOND  =         0.0000  RESTRAINT  =         0.0000
 ------------------------------------------------------------------------------


 NSTEP =  1100000   TIME(PS) =  447239.998  TEMP(K) =   310.05  PRESS =     0.0
 Etot   =   -238518.0300  EKtot   =     63136.7422  EPtot      =   -301654.7722
 BOND   =      2076.0136  ANGLE   =      2413.0429  DIHED      =      1386.8404
 UB     =         0.0000  IMP     =         0.0000  CMAP       =       240.1343
 1-4 NB =      1169.2140  1-4 EEL =     15381.5209  VDWAALS    =     40571.7024
 EELEC  =   -364893.2407  EHBOND  =         0.0000  RESTRAINT  =         0.0000
 ------------------------------------------------------------------------------


 NSTEP =  1120000   TIME(PS) =  447279.998  TEMP(K) =   308.79  PRESS =     0.0
 Etot   =   -239210.7207  EKtot   =     62881.0977  EPtot      =   -302091.8184
 BOND   =      2117.1961  ANGLE   =      2373.1240  DIHED      =      1385.5978
 UB     =         0.0000  IMP     =         0.0000  CMAP       =       256.3248
 1-4 NB =      1165.7568  1-4 EEL =     15345.1929  VDWAALS    =     40966.4166
 EELEC  =   -365701.4273  EHBOND  =         0.0000  RESTRAINT  =         0.0000
 ------------------------------------------------------------------------------


 NSTEP =  1140000   TIME(PS) =  447319.998  TEMP(K) =   309.22  PRESS =     0.0
 Etot   =   -239221.1512  EKtot   =     62967.9648  EPtot      =   -302189.1160
 BOND   =      2063.5569  ANGLE   =      2390.7530  DIHED      =      1421.6363
 UB     =         0.0000  IMP     =         0.0000  CMAP       =       244.7314
 1-4 NB =      1143.0177  1-4 EEL =     15321.0306  VDWAALS    =     40753.8973
 EELEC  =   -365527.7393  EHBOND  =         0.0000  RESTRAINT  =         0.0000
 ------------------------------------------------------------------------------


 NSTEP =  1160000   TIME(PS) =  447359.998  TEMP(K) =   308.53  PRESS =     0.0
 Etot   =   -239499.7524  EKtot   =     62828.1289  EPtot      =   -302327.8813
 BOND   =      2068.3195  ANGLE   =      2378.6169  DIHED      =      1388.0270
 UB     =         0.0000  IMP     =         0.0000  CMAP       =       246.2809
 1-4 NB =      1180.5702  1-4 EEL =     15399.4801  VDWAALS    =     40534.5545
 EELEC  =   -365523.7303  EHBOND  =         0.0000  RESTRAINT  =         0.0000
 ------------------------------------------------------------------------------


 NSTEP =  1180000   TIME(PS) =  447399.998  TEMP(K) =   310.91  PRESS =     0.0
 Etot   =   -239071.3101  EKtot   =     63313.0664  EPtot      =   -302384.3765
 BOND   =      2062.4260  ANGLE   =      2415.8724  DIHED      =      1421.8856
 UB     =         0.0000  IMP     =         0.0000  CMAP       =       251.6820
 1-4 NB =      1179.4745  1-4 EEL =     15337.6294  VDWAALS    =     41234.5471
 EELEC  =   -366287.8935  EHBOND  =         0.0000  RESTRAINT  =         0.0000
 ------------------------------------------------------------------------------


 NSTEP =  1200000   TIME(PS) =  447439.998  TEMP(K) =   309.31  PRESS =     0.0
 Etot   =   -238483.4942  EKtot   =     62987.2148  EPtot      =   -301470.7090
 BOND   =      2125.8933  ANGLE   =      2383.2165  DIHED      =      1393.5228
 UB     =         0.0000  IMP     =         0.0000  CMAP       =       245.1122
 1-4 NB =      1171.7526  1-4 EEL =     15310.4402  VDWAALS    =     40917.5192
 EELEC  =   -365018.1659  EHBOND  =         0.0000  RESTRAINT  =         0.0000
 ------------------------------------------------------------------------------


 NSTEP =  1220000   TIME(PS) =  447479.998  TEMP(K) =   310.80  PRESS =     0.0
 Etot   =   -238080.0405  EKtot   =     63289.7695  EPtot      =   -301369.8100
 BOND   =      2107.6358  ANGLE   =      2414.0502  DIHED      =      1379.1748
 UB     =         0.0000  IMP     =         0.0000  CMAP       =       257.7455
 1-4 NB =      1187.0728  1-4 EEL =     15361.8879  VDWAALS    =     41074.2204
 EELEC  =   -365151.5975  EHBOND  =         0.0000  RESTRAINT  =         0.0000
 ------------------------------------------------------------------------------


 NSTEP =  1240000   TIME(PS) =  447519.998  TEMP(K) =   308.45  PRESS =     0.0
 Etot   =   -238646.2878  EKtot   =     62810.4453  EPtot      =   -301456.7332
 BOND   =      2086.9400  ANGLE   =      2399.9793  DIHED      =      1373.4448
 UB     =         0.0000  IMP     =         0.0000  CMAP       =       249.2502
 1-4 NB =      1177.3045  1-4 EEL =     15385.1648  VDWAALS    =     40549.3954
 EELEC  =   -364678.2122  EHBOND  =         0.0000  RESTRAINT  =         0.0000
 ------------------------------------------------------------------------------


 NSTEP =  1260000   TIME(PS) =  447559.998  TEMP(K) =   309.84  PRESS =     0.0
 Etot   =   -239270.5146  EKtot   =     63095.0977  EPtot      =   -302365.6123
 BOND   =      2137.1859  ANGLE   =      2381.7792  DIHED      =      1397.4668
 UB     =         0.0000  IMP     =         0.0000  CMAP       =       254.5404
 1-4 NB =      1168.1042  1-4 EEL =     15374.9349  VDWAALS    =     40703.7535
 EELEC  =   -365783.3771  EHBOND  =         0.0000  RESTRAINT  =         0.0000
 ------------------------------------------------------------------------------


 NSTEP =  1280000   TIME(PS) =  447599.998  TEMP(K) =   309.60  PRESS =     0.0
 Etot   =   -238761.8462  EKtot   =     63045.5469  EPtot      =   -301807.3931
 BOND   =      2100.6921  ANGLE   =      2455.0493  DIHED      =      1390.7515
 UB     =         0.0000  IMP     =         0.0000  CMAP       =       253.3734
 1-4 NB =      1186.9984  1-4 EEL =     15409.7718  VDWAALS    =     40997.5821
 EELEC  =   -365601.6116  EHBOND  =         0.0000  RESTRAINT  =         0.0000
 ------------------------------------------------------------------------------


 NSTEP =  1300000   TIME(PS) =  447639.998  TEMP(K) =   309.69  PRESS =     0.0
 Etot   =   -238741.0684  EKtot   =     63064.3281  EPtot      =   -301805.3965
 BOND   =      2040.3204  ANGLE   =      2458.2950  DIHED      =      1436.9937
 UB     =         0.0000  IMP     =         0.0000  CMAP       =       233.3091
 1-4 NB =      1184.4915  1-4 EEL =     15333.2861  VDWAALS    =     40561.1106
 EELEC  =   -365053.2029  EHBOND  =         0.0000  RESTRAINT  =         0.0000
 ------------------------------------------------------------------------------


 NSTEP =  1320000   TIME(PS) =  447679.998  TEMP(K) =   311.15  PRESS =     0.0
 Etot   =   -238519.3821  EKtot   =     63361.5547  EPtot      =   -301880.9368
 BOND   =      2067.6546  ANGLE   =      2403.9128  DIHED      =      1449.7146
 UB     =         0.0000  IMP     =         0.0000  CMAP       =       238.5377
 1-4 NB =      1193.0258  1-4 EEL =     15434.5368  VDWAALS    =     41288.8479
 EELEC  =   -365957.1670  EHBOND  =         0.0000  RESTRAINT  =         0.0000
 ------------------------------------------------------------------------------


 NSTEP =  1340000   TIME(PS) =  447719.998  TEMP(K) =   308.79  PRESS =     0.0
 Etot   =   -239375.2292  EKtot   =     62879.9688  EPtot      =   -302255.1980
 BOND   =      2090.0099  ANGLE   =      2443.8875  DIHED      =      1401.8550
 UB     =         0.0000  IMP     =         0.0000  CMAP       =       244.5430
 1-4 NB =      1156.7636  1-4 EEL =     15318.2857  VDWAALS    =     40925.1254
 EELEC  =   -365835.6679  EHBOND  =         0.0000  RESTRAINT  =         0.0000
 ------------------------------------------------------------------------------


 NSTEP =  1360000   TIME(PS) =  447759.998  TEMP(K) =   309.85  PRESS =     0.0
 Etot   =   -238919.0291  EKtot   =     63096.3242  EPtot      =   -302015.3533
 BOND   =      2099.6024  ANGLE   =      2392.0596  DIHED      =      1399.4429
 UB     =         0.0000  IMP     =         0.0000  CMAP       =       249.7338
 1-4 NB =      1168.3230  1-4 EEL =     15380.1888  VDWAALS    =     41386.2022
 EELEC  =   -366090.9059  EHBOND  =         0.0000  RESTRAINT  =         0.0000
 ------------------------------------------------------------------------------


 NSTEP =  1380000   TIME(PS) =  447799.998  TEMP(K) =   308.11  PRESS =     0.0
 Etot   =   -238715.0874  EKtot   =     62742.2500  EPtot      =   -301457.3374
 BOND   =      2151.5420  ANGLE   =      2406.6305  DIHED      =      1383.9012
 UB     =         0.0000  IMP     =         0.0000  CMAP       =       259.9845
 1-4 NB =      1164.3910  1-4 EEL =     15401.9118  VDWAALS    =     40590.0645
 EELEC  =   -364815.7630  EHBOND  =         0.0000  RESTRAINT  =         0.0000
 ------------------------------------------------------------------------------


 NSTEP =  1400000   TIME(PS) =  447839.998  TEMP(K) =   311.34  PRESS =     0.0
 Etot   =   -238046.7658  EKtot   =     63400.7227  EPtot      =   -301447.4884
 BOND   =      2084.7202  ANGLE   =      2446.8572  DIHED      =      1379.4715
 UB     =         0.0000  IMP     =         0.0000  CMAP       =       235.4062
 1-4 NB =      1196.4072  1-4 EEL =     15352.6089  VDWAALS    =     40638.8958
 EELEC  =   -364781.8554  EHBOND  =         0.0000  RESTRAINT  =         0.0000
 ------------------------------------------------------------------------------


 NSTEP =  1420000   TIME(PS) =  447879.998  TEMP(K) =   310.48  PRESS =     0.0
 Etot   =   -238803.9677  EKtot   =     63224.1133  EPtot      =   -302028.0810
 BOND   =      2115.9774  ANGLE   =      2460.9704  DIHED      =      1404.6855
 UB     =         0.0000  IMP     =         0.0000  CMAP       =       256.8236
 1-4 NB =      1160.3164  1-4 EEL =     15305.3884  VDWAALS    =     40756.2497
 EELEC  =   -365488.4923  EHBOND  =         0.0000  RESTRAINT  =         0.0000
 ------------------------------------------------------------------------------


 NSTEP =  1440000   TIME(PS) =  447919.998  TEMP(K) =   310.60  PRESS =     0.0
 Etot   =   -238990.2090  EKtot   =     63248.2070  EPtot      =   -302238.4160
 BOND   =      2098.3108  ANGLE   =      2365.7547  DIHED      =      1384.5538
 UB     =         0.0000  IMP     =         0.0000  CMAP       =       255.1459
 1-4 NB =      1181.2206  1-4 EEL =     15381.4503  VDWAALS    =     40904.2546
 EELEC  =   -365809.1067  EHBOND  =         0.0000  RESTRAINT  =         0.0000
 ------------------------------------------------------------------------------


 NSTEP =  1460000   TIME(PS) =  447959.998  TEMP(K) =   309.25  PRESS =     0.0
 Etot   =   -238725.7885  EKtot   =     62974.6602  EPtot      =   -301700.4487
 BOND   =      2137.5637  ANGLE   =      2463.6718  DIHED      =      1413.9601
 UB     =         0.0000  IMP     =         0.0000  CMAP       =       259.5619
 1-4 NB =      1196.9296  1-4 EEL =     15361.4427  VDWAALS    =     40759.9616
 EELEC  =   -365293.5400  EHBOND  =         0.0000  RESTRAINT  =         0.0000
 ------------------------------------------------------------------------------


 NSTEP =  1480000   TIME(PS) =  447999.998  TEMP(K) =   311.81  PRESS =     0.0
 Etot   =   -238462.1893  EKtot   =     63494.7266  EPtot      =   -301956.9159
 BOND   =      2105.1251  ANGLE   =      2439.7103  DIHED      =      1399.5559
 UB     =         0.0000  IMP     =         0.0000  CMAP       =       256.7725
 1-4 NB =      1164.5214  1-4 EEL =     15377.7299  VDWAALS    =     40244.7014
 EELEC  =   -364945.0324  EHBOND  =         0.0000  RESTRAINT  =         0.0000
 ------------------------------------------------------------------------------


 NSTEP =  1500000   TIME(PS) =  448039.998  TEMP(K) =   308.84  PRESS =     0.0
 Etot   =   -238839.7138  EKtot   =     62890.4023  EPtot      =   -301730.1161
 BOND   =      2059.6841  ANGLE   =      2440.8468  DIHED      =      1432.5430
 UB     =         0.0000  IMP     =         0.0000  CMAP       =       258.4191
 1-4 NB =      1184.2830  1-4 EEL =     15285.8480  VDWAALS    =     40511.7884
 EELEC  =   -364903.5286  EHBOND  =         0.0000  RESTRAINT  =         0.0000
 ------------------------------------------------------------------------------


 NSTEP =  1520000   TIME(PS) =  448079.998  TEMP(K) =   310.07  PRESS =     0.0
 Etot   =   -238914.5049  EKtot   =     63141.6367  EPtot      =   -302056.1416
 BOND   =      2111.3679  ANGLE   =      2485.7587  DIHED      =      1400.7964
 UB     =         0.0000  IMP     =         0.0000  CMAP       =       253.2041
 1-4 NB =      1170.7152  1-4 EEL =     15274.0812  VDWAALS    =     40707.7653
 EELEC  =   -365459.8304  EHBOND  =         0.0000  RESTRAINT  =         0.0000
 ------------------------------------------------------------------------------


 NSTEP =  1540000   TIME(PS) =  448119.998  TEMP(K) =   310.24  PRESS =     0.0
 Etot   =   -239064.0986  EKtot   =     63176.5430  EPtot      =   -302240.6415
 BOND   =      2078.7740  ANGLE   =      2408.9169  DIHED      =      1374.9889
 UB     =         0.0000  IMP     =         0.0000  CMAP       =       245.3158
 1-4 NB =      1189.1838  1-4 EEL =     15295.4347  VDWAALS    =     40175.4848
 EELEC  =   -365008.7402  EHBOND  =         0.0000  RESTRAINT  =         0.0000
 ------------------------------------------------------------------------------


 NSTEP =  1560000   TIME(PS) =  448159.998  TEMP(K) =   310.48  PRESS =     0.0
 Etot   =   -238223.3830  EKtot   =     63224.1797  EPtot      =   -301447.5626
 BOND   =      2084.9027  ANGLE   =      2433.3415  DIHED      =      1420.9216
 UB     =         0.0000  IMP     =         0.0000  CMAP       =       254.8062
 1-4 NB =      1173.7383  1-4 EEL =     15319.4303  VDWAALS    =     40526.3794
 EELEC  =   -364661.0827  EHBOND  =         0.0000  RESTRAINT  =         0.0000
 ------------------------------------------------------------------------------


 NSTEP =  1580000   TIME(PS) =  448199.998  TEMP(K) =   310.18  PRESS =     0.0
 Etot   =   -238909.9957  EKtot   =     63163.5938  EPtot      =   -302073.5894
 BOND   =      2092.2256  ANGLE   =      2389.5321  DIHED      =      1379.6104
 UB     =         0.0000  IMP     =         0.0000  CMAP       =       260.1832
 1-4 NB =      1163.3027  1-4 EEL =     15381.2254  VDWAALS    =     40933.6308
 EELEC  =   -365673.2996  EHBOND  =         0.0000  RESTRAINT  =         0.0000
 ------------------------------------------------------------------------------


 NSTEP =  1600000   TIME(PS) =  448239.998  TEMP(K) =   310.47  PRESS =     0.0
 Etot   =   -238800.2440  EKtot   =     63222.0508  EPtot      =   -302022.2948
 BOND   =      2081.9794  ANGLE   =      2452.6443  DIHED      =      1398.4417
 UB     =         0.0000  IMP     =         0.0000  CMAP       =       252.5878
 1-4 NB =      1177.7789  1-4 EEL =     15373.5923  VDWAALS    =     40575.1082
 EELEC  =   -365334.4274  EHBOND  =         0.0000  RESTRAINT  =         0.0000
 ------------------------------------------------------------------------------


 NSTEP =  1620000   TIME(PS) =  448279.998  TEMP(K) =   309.88  PRESS =     0.0
 Etot   =   -238733.1688  EKtot   =     63103.4375  EPtot      =   -301836.6063
 BOND   =      2126.7592  ANGLE   =      2436.9008  DIHED      =      1396.5142
 UB     =         0.0000  IMP     =         0.0000  CMAP       =       252.2937
 1-4 NB =      1152.4232  1-4 EEL =     15359.1010  VDWAALS    =     40870.1973
 EELEC  =   -365430.7957  EHBOND  =         0.0000  RESTRAINT  =         0.0000
 ------------------------------------------------------------------------------


 NSTEP =  1640000   TIME(PS) =  448319.998  TEMP(K) =   309.47  PRESS =     0.0
 Etot   =   -239366.9325  EKtot   =     63019.3594  EPtot      =   -302386.2919
 BOND   =      2092.6437  ANGLE   =      2431.4615  DIHED      =      1366.7302
 UB     =         0.0000  IMP     =         0.0000  CMAP       =       243.0943
 1-4 NB =      1181.3349  1-4 EEL =     15434.8271  VDWAALS    =     40754.3945
 EELEC  =   -365890.7782  EHBOND  =         0.0000  RESTRAINT  =         0.0000
 ------------------------------------------------------------------------------


 NSTEP =  1660000   TIME(PS) =  448359.998  TEMP(K) =   310.47  PRESS =     0.0
 Etot   =   -238267.0909  EKtot   =     63223.4844  EPtot      =   -301490.5753
 BOND   =      2038.0363  ANGLE   =      2418.1816  DIHED      =      1423.0304
 UB     =         0.0000  IMP     =         0.0000  CMAP       =       246.4662
 1-4 NB =      1176.7609  1-4 EEL =     15435.9888  VDWAALS    =     40425.9064
 EELEC  =   -364654.9458  EHBOND  =         0.0000  RESTRAINT  =         0.0000
 ------------------------------------------------------------------------------


 NSTEP =  1680000   TIME(PS) =  448399.998  TEMP(K) =   310.54  PRESS =     0.0
 Etot   =   -238748.0356  EKtot   =     63237.9102  EPtot      =   -301985.9457
 BOND   =      2053.7969  ANGLE   =      2435.6914  DIHED      =      1406.4465
 UB     =         0.0000  IMP     =         0.0000  CMAP       =       253.8300
 1-4 NB =      1190.9145  1-4 EEL =     15450.4398  VDWAALS    =     40847.1360
 EELEC  =   -365624.2009  EHBOND  =         0.0000  RESTRAINT  =         0.0000
 ------------------------------------------------------------------------------


 NSTEP =  1700000   TIME(PS) =  448439.998  TEMP(K) =   309.05  PRESS =     0.0
 Etot   =   -239157.1393  EKtot   =     62933.5234  EPtot      =   -302090.6627
 BOND   =      2085.2304  ANGLE   =      2371.0892  DIHED      =      1383.9083
 UB     =         0.0000  IMP     =         0.0000  CMAP       =       252.2748
 1-4 NB =      1209.6797  1-4 EEL =     15457.9265  VDWAALS    =     40802.5200
 EELEC  =   -365653.2917  EHBOND  =         0.0000  RESTRAINT  =         0.0000
 ------------------------------------------------------------------------------


 NSTEP =  1720000   TIME(PS) =  448479.998  TEMP(K) =   311.48  PRESS =     0.0
 Etot   =   -238928.5115  EKtot   =     63428.9375  EPtot      =   -302357.4490
 BOND   =      2045.1493  ANGLE   =      2421.4271  DIHED      =      1404.8194
 UB     =         0.0000  IMP     =         0.0000  CMAP       =       270.1188
 1-4 NB =      1180.8062  1-4 EEL =     15390.6482  VDWAALS    =     40539.2380
 EELEC  =   -365609.6559  EHBOND  =         0.0000  RESTRAINT  =         0.0000
 ------------------------------------------------------------------------------


 NSTEP =  1740000   TIME(PS) =  448519.998  TEMP(K) =   309.56  PRESS =     0.0
 Etot   =   -238691.3263  EKtot   =     63036.7656  EPtot      =   -301728.0919
 BOND   =      2083.6800  ANGLE   =      2425.6937  DIHED      =      1399.9943
 UB     =         0.0000  IMP     =         0.0000  CMAP       =       254.2252
 1-4 NB =      1171.6874  1-4 EEL =     15397.0759  VDWAALS    =     40125.3262
 EELEC  =   -364585.7746  EHBOND  =         0.0000  RESTRAINT  =         0.0000
 ------------------------------------------------------------------------------


 NSTEP =  1760000   TIME(PS) =  448559.998  TEMP(K) =   310.65  PRESS =     0.0
 Etot   =   -238622.5744  EKtot   =     63260.1055  EPtot      =   -301882.6799
 BOND   =      2090.0976  ANGLE   =      2479.7207  DIHED      =      1374.2601
 UB     =         0.0000  IMP     =         0.0000  CMAP       =       251.2614
 1-4 NB =      1178.6597  1-4 EEL =     15398.2759  VDWAALS    =     40050.8597
 EELEC  =   -364705.8150  EHBOND  =         0.0000  RESTRAINT  =         0.0000
 ------------------------------------------------------------------------------


 NSTEP =  1780000   TIME(PS) =  448599.998  TEMP(K) =   310.74  PRESS =     0.0
 Etot   =   -238717.9817  EKtot   =     63278.0195  EPtot      =   -301996.0013
 BOND   =      2078.8844  ANGLE   =      2391.2156  DIHED      =      1434.8398
 UB     =         0.0000  IMP     =         0.0000  CMAP       =       246.3065
 1-4 NB =      1198.8088  1-4 EEL =     15403.9651  VDWAALS    =     40739.0262
 EELEC  =   -365489.0475  EHBOND  =         0.0000  RESTRAINT  =         0.0000
 ------------------------------------------------------------------------------


 NSTEP =  1800000   TIME(PS) =  448639.998  TEMP(K) =   309.99  PRESS =     0.0
 Etot   =   -238621.4599  EKtot   =     63124.9180  EPtot      =   -301746.3778
 BOND   =      2091.3980  ANGLE   =      2431.8762  DIHED      =      1411.2068
 UB     =         0.0000  IMP     =         0.0000  CMAP       =       245.2901
 1-4 NB =      1188.8173  1-4 EEL =     15449.0463  VDWAALS    =     40947.1584
 EELEC  =   -365511.1709  EHBOND  =         0.0000  RESTRAINT  =         0.0000
 ------------------------------------------------------------------------------


 NSTEP =  1820000   TIME(PS) =  448679.998  TEMP(K) =   309.44  PRESS =     0.0
 Etot   =   -239079.3216  EKtot   =     63012.1289  EPtot      =   -302091.4505
 BOND   =      2066.8047  ANGLE   =      2426.6276  DIHED      =      1408.4178
 UB     =         0.0000  IMP     =         0.0000  CMAP       =       227.1019
 1-4 NB =      1176.9067  1-4 EEL =     15424.6887  VDWAALS    =     40555.5811
 EELEC  =   -365377.5790  EHBOND  =         0.0000  RESTRAINT  =         0.0000
 ------------------------------------------------------------------------------


 NSTEP =  1840000   TIME(PS) =  448719.998  TEMP(K) =   311.53  PRESS =     0.0
 Etot   =   -238549.6272  EKtot   =     63439.0859  EPtot      =   -301988.7131
 BOND   =      2087.7041  ANGLE   =      2412.0526  DIHED      =      1406.6355
 UB     =         0.0000  IMP     =         0.0000  CMAP       =       238.4561
 1-4 NB =      1173.9902  1-4 EEL =     15356.2688  VDWAALS    =     40340.4329
 EELEC  =   -365004.2531  EHBOND  =         0.0000  RESTRAINT  =         0.0000
 ------------------------------------------------------------------------------


 NSTEP =  1860000   TIME(PS) =  448759.998  TEMP(K) =   310.84  PRESS =     0.0
 Etot   =   -238835.7913  EKtot   =     63299.0547  EPtot      =   -302134.8459
 BOND   =      2087.9984  ANGLE   =      2425.7963  DIHED      =      1392.6524
 UB     =         0.0000  IMP     =         0.0000  CMAP       =       255.4453
 1-4 NB =      1166.9293  1-4 EEL =     15362.5671  VDWAALS    =     40676.7954
 EELEC  =   -365503.0301  EHBOND  =         0.0000  RESTRAINT  =         0.0000
 ------------------------------------------------------------------------------


 NSTEP =  1880000   TIME(PS) =  448799.998  TEMP(K) =   308.53  PRESS =     0.0
 Etot   =   -239067.0449  EKtot   =     62826.6758  EPtot      =   -301893.7207
 BOND   =      2071.2691  ANGLE   =      2489.6246  DIHED      =      1397.6447
 UB     =         0.0000  IMP     =         0.0000  CMAP       =       242.9644
 1-4 NB =      1178.9760  1-4 EEL =     15401.0111  VDWAALS    =     40386.9892
 EELEC  =   -365062.1997  EHBOND  =         0.0000  RESTRAINT  =         0.0000
 ------------------------------------------------------------------------------


 NSTEP =  1900000   TIME(PS) =  448839.998  TEMP(K) =   308.98  PRESS =     0.0
 Etot   =   -238301.0410  EKtot   =     62920.1992  EPtot      =   -301221.2402
 BOND   =      2103.5588  ANGLE   =      2452.9655  DIHED      =      1384.4563
 UB     =         0.0000  IMP     =         0.0000  CMAP       =       230.5649
 1-4 NB =      1168.1983  1-4 EEL =     15299.1544  VDWAALS    =     40259.0089
 EELEC  =   -364119.1472  EHBOND  =         0.0000  RESTRAINT  =         0.0000
 ------------------------------------------------------------------------------


 NSTEP =  1920000   TIME(PS) =  448879.998  TEMP(K) =   309.91  PRESS =     0.0
 Etot   =   -238588.1177  EKtot   =     63109.4062  EPtot      =   -301697.5240
 BOND   =      2139.5262  ANGLE   =      2435.4059  DIHED      =      1402.2418
 UB     =         0.0000  IMP     =         0.0000  CMAP       =       247.7787
 1-4 NB =      1172.3545  1-4 EEL =     15374.2519  VDWAALS    =     40939.5124
 EELEC  =   -365408.5953  EHBOND  =         0.0000  RESTRAINT  =         0.0000
 ------------------------------------------------------------------------------


 NSTEP =  1940000   TIME(PS) =  448919.998  TEMP(K) =   311.02  PRESS =     0.0
 Etot   =   -238406.2927  EKtot   =     63334.7031  EPtot      =   -301740.9958
 BOND   =      2081.1572  ANGLE   =      2431.0649  DIHED      =      1395.1249
 UB     =         0.0000  IMP     =         0.0000  CMAP       =       238.5385
 1-4 NB =      1187.1845  1-4 EEL =     15368.8286  VDWAALS    =     40480.8198
 EELEC  =   -364923.7142  EHBOND  =         0.0000  RESTRAINT  =         0.0000
 ------------------------------------------------------------------------------


 NSTEP =  1960000   TIME(PS) =  448959.998  TEMP(K) =   309.00  PRESS =     0.0
 Etot   =   -239115.8687  EKtot   =     62922.9766  EPtot      =   -302038.8453
 BOND   =      2077.8220  ANGLE   =      2408.8595  DIHED      =      1406.5960
 UB     =         0.0000  IMP     =         0.0000  CMAP       =       245.5886
 1-4 NB =      1167.1367  1-4 EEL =     15314.8684  VDWAALS    =     40531.9642
 EELEC  =   -365191.6805  EHBOND  =         0.0000  RESTRAINT  =         0.0000
 ------------------------------------------------------------------------------


 NSTEP =  1980000   TIME(PS) =  448999.998  TEMP(K) =   310.85  PRESS =     0.0
 Etot   =   -238773.2775  EKtot   =     63299.2227  EPtot      =   -302072.5002
 BOND   =      2093.1249  ANGLE   =      2405.9514  DIHED      =      1414.3531
 UB     =         0.0000  IMP     =         0.0000  CMAP       =       250.4771
 1-4 NB =      1168.7500  1-4 EEL =     15320.0926  VDWAALS    =     40685.6027
 EELEC  =   -365410.8520  EHBOND  =         0.0000  RESTRAINT  =         0.0000
 ------------------------------------------------------------------------------


 NSTEP =  2000000   TIME(PS) =  449039.998  TEMP(K) =   309.89  PRESS =     0.0
 Etot   =   -239005.3979  EKtot   =     63103.9375  EPtot      =   -302109.3354
 BOND   =      2113.2535  ANGLE   =      2424.7293  DIHED      =      1437.1163
 UB     =         0.0000  IMP     =         0.0000  CMAP       =       232.0345
 1-4 NB =      1179.4518  1-4 EEL =     15277.9531  VDWAALS    =     40563.1045
 EELEC  =   -365336.9784  EHBOND  =         0.0000  RESTRAINT  =         0.0000
 ------------------------------------------------------------------------------


 NSTEP =  2020000   TIME(PS) =  449079.998  TEMP(K) =   309.08  PRESS =     0.0
 Etot   =   -239069.6508  EKtot   =     62939.1406  EPtot      =   -302008.7914
 BOND   =      2114.5636  ANGLE   =      2438.1531  DIHED      =      1420.2272
 UB     =         0.0000  IMP     =         0.0000  CMAP       =       234.7080
 1-4 NB =      1187.8664  1-4 EEL =     15405.6800  VDWAALS    =     40395.8330
 EELEC  =   -365205.8228  EHBOND  =         0.0000  RESTRAINT  =         0.0000
 ------------------------------------------------------------------------------


 NSTEP =  2040000   TIME(PS) =  449119.998  TEMP(K) =   310.58  PRESS =     0.0
 Etot   =   -238918.2500  EKtot   =     63245.6758  EPtot      =   -302163.9258
 BOND   =      2105.8097  ANGLE   =      2404.8290  DIHED      =      1385.2548
 UB     =         0.0000  IMP     =         0.0000  CMAP       =       231.2963
 1-4 NB =      1161.2389  1-4 EEL =     15400.6822  VDWAALS    =     40668.8042
 EELEC  =   -365521.8408  EHBOND  =         0.0000  RESTRAINT  =         0.0000
 ------------------------------------------------------------------------------


 NSTEP =  2060000   TIME(PS) =  449159.998  TEMP(K) =   311.78  PRESS =     0.0
 Etot   =   -237854.4091  EKtot   =     63490.0430  EPtot      =   -301344.4521
 BOND   =      2053.9687  ANGLE   =      2362.8193  DIHED      =      1399.5455
 UB     =         0.0000  IMP     =         0.0000  CMAP       =       236.9959
 1-4 NB =      1183.7677  1-4 EEL =     15419.2584  VDWAALS    =     39949.5627
 EELEC  =   -363950.3704  EHBOND  =         0.0000  RESTRAINT  =         0.0000
 ------------------------------------------------------------------------------


 NSTEP =  2080000   TIME(PS) =  449199.998  TEMP(K) =   309.69  PRESS =     0.0
 Etot   =   -238521.0139  EKtot   =     63064.4492  EPtot      =   -301585.4631
 BOND   =      2093.2933  ANGLE   =      2411.6175  DIHED      =      1406.6613
 UB     =         0.0000  IMP     =         0.0000  CMAP       =       238.3506
 1-4 NB =      1155.9964  1-4 EEL =     15364.8217  VDWAALS    =     40627.2114
 EELEC  =   -364883.4153  EHBOND  =         0.0000  RESTRAINT  =         0.0000
 ------------------------------------------------------------------------------


 NSTEP =  2100000   TIME(PS) =  449239.998  TEMP(K) =   311.41  PRESS =     0.0
 Etot   =   -238460.6885  EKtot   =     63414.4297  EPtot      =   -301875.1181
 BOND   =      2100.8959  ANGLE   =      2439.4269  DIHED      =      1395.5496
 UB     =         0.0000  IMP     =         0.0000  CMAP       =       229.6179
 1-4 NB =      1182.9760  1-4 EEL =     15382.0119  VDWAALS    =     40629.1972
 EELEC  =   -365234.7935  EHBOND  =         0.0000  RESTRAINT  =         0.0000
 ------------------------------------------------------------------------------


 NSTEP =  2120000   TIME(PS) =  449279.998  TEMP(K) =   308.82  PRESS =     0.0
 Etot   =   -239163.6088  EKtot   =     62887.1797  EPtot      =   -302050.7885
 BOND   =      2118.6687  ANGLE   =      2396.2725  DIHED      =      1413.2065
 UB     =         0.0000  IMP     =         0.0000  CMAP       =       234.6044
 1-4 NB =      1166.6781  1-4 EEL =     15419.5437  VDWAALS    =     40952.3722
 EELEC  =   -365752.1347  EHBOND  =         0.0000  RESTRAINT  =         0.0000
 ------------------------------------------------------------------------------


 NSTEP =  2140000   TIME(PS) =  449319.998  TEMP(K) =   309.63  PRESS =     0.0
 Etot   =   -238932.5773  EKtot   =     63051.6875  EPtot      =   -301984.2648
 BOND   =      2109.1605  ANGLE   =      2368.0021  DIHED      =      1381.8802
 UB     =         0.0000  IMP     =         0.0000  CMAP       =       247.2415
 1-4 NB =      1164.0005  1-4 EEL =     15396.7700  VDWAALS    =     40526.3519
 EELEC  =   -365177.6714  EHBOND  =         0.0000  RESTRAINT  =         0.0000
 ------------------------------------------------------------------------------


 NSTEP =  2160000   TIME(PS) =  449359.998  TEMP(K) =   311.60  PRESS =     0.0
 Etot   =   -238265.5741  EKtot   =     63452.8789  EPtot      =   -301718.4530
 BOND   =      2061.8226  ANGLE   =      2421.9894  DIHED      =      1377.8847
 UB     =         0.0000  IMP     =         0.0000  CMAP       =       229.1491
 1-4 NB =      1163.9827  1-4 EEL =     15397.5675  VDWAALS    =     40787.2203
 EELEC  =   -365158.0692  EHBOND  =         0.0000  RESTRAINT  =         0.0000
 ------------------------------------------------------------------------------


 NSTEP =  2180000   TIME(PS) =  449399.998  TEMP(K) =   311.29  PRESS =     0.0
 Etot   =   -238051.9335  EKtot   =     63388.8789  EPtot      =   -301440.8124
 BOND   =      2110.6409  ANGLE   =      2509.9328  DIHED      =      1393.2381
 UB     =         0.0000  IMP     =         0.0000  CMAP       =       233.7785
 1-4 NB =      1162.6725  1-4 EEL =     15312.8678  VDWAALS    =     40162.8859
 EELEC  =   -364326.8289  EHBOND  =         0.0000  RESTRAINT  =         0.0000
 ------------------------------------------------------------------------------


 NSTEP =  2200000   TIME(PS) =  449439.998  TEMP(K) =   306.32  PRESS =     0.0
 Etot   =   -239184.7603  EKtot   =     62376.6523  EPtot      =   -301561.4126
 BOND   =      2120.5560  ANGLE   =      2421.7537  DIHED      =      1365.4647
 UB     =         0.0000  IMP     =         0.0000  CMAP       =       235.6254
 1-4 NB =      1143.4724  1-4 EEL =     15339.5636  VDWAALS    =     40437.5123
 EELEC  =   -364625.3608  EHBOND  =         0.0000  RESTRAINT  =         0.0000
 ------------------------------------------------------------------------------


 NSTEP =  2220000   TIME(PS) =  449479.998  TEMP(K) =   311.49  PRESS =     0.0
 Etot   =   -238989.7317  EKtot   =     63430.4922  EPtot      =   -302420.2239
 BOND   =      2102.4190  ANGLE   =      2397.2025  DIHED      =      1399.0200
 UB     =         0.0000  IMP     =         0.0000  CMAP       =       244.7923
 1-4 NB =      1183.0350  1-4 EEL =     15332.5211  VDWAALS    =     40870.2770
 EELEC  =   -365949.4908  EHBOND  =         0.0000  RESTRAINT  =         0.0000
 ------------------------------------------------------------------------------


 NSTEP =  2240000   TIME(PS) =  449519.998  TEMP(K) =   308.79  PRESS =     0.0
 Etot   =   -239234.8739  EKtot   =     62879.8281  EPtot      =   -302114.7020
 BOND   =      2078.1167  ANGLE   =      2470.4559  DIHED      =      1399.7561
 UB     =         0.0000  IMP     =         0.0000  CMAP       =       247.2245
 1-4 NB =      1169.6654  1-4 EEL =     15387.4176  VDWAALS    =     40996.6982
 EELEC  =   -365864.0364  EHBOND  =         0.0000  RESTRAINT  =         0.0000
 ------------------------------------------------------------------------------


 NSTEP =  2260000   TIME(PS) =  449559.998  TEMP(K) =   310.94  PRESS =     0.0
 Etot   =   -238813.9507  EKtot   =     63318.5742  EPtot      =   -302132.5249
 BOND   =      2075.9997  ANGLE   =      2428.6524  DIHED      =      1392.2714
 UB     =         0.0000  IMP     =         0.0000  CMAP       =       228.2752
 1-4 NB =      1174.4435  1-4 EEL =     15389.5350  VDWAALS    =     40554.7658
 EELEC  =   -365376.4679  EHBOND  =         0.0000  RESTRAINT  =         0.0000
 ------------------------------------------------------------------------------


 NSTEP =  2280000   TIME(PS) =  449599.998  TEMP(K) =   311.07  PRESS =     0.0
 Etot   =   -238601.1482  EKtot   =     63345.4805  EPtot      =   -301946.6286
 BOND   =      2113.5000  ANGLE   =      2449.8627  DIHED      =      1392.2364
 UB     =         0.0000  IMP     =         0.0000  CMAP       =       251.8792
 1-4 NB =      1170.0357  1-4 EEL =     15374.6507  VDWAALS    =     41183.6324
 EELEC  =   -365882.4257  EHBOND  =         0.0000  RESTRAINT  =         0.0000
 ------------------------------------------------------------------------------


 NSTEP =  2300000   TIME(PS) =  449639.998  TEMP(K) =   309.76  PRESS =     0.0
 Etot   =   -238777.3482  EKtot   =     63077.1211  EPtot      =   -301854.4693
 BOND   =      2156.3614  ANGLE   =      2413.2076  DIHED      =      1401.2585
 UB     =         0.0000  IMP     =         0.0000  CMAP       =       249.1400
 1-4 NB =      1194.2843  1-4 EEL =     15389.3724  VDWAALS    =     40747.4457
 EELEC  =   -365405.5391  EHBOND  =         0.0000  RESTRAINT  =         0.0000
 ------------------------------------------------------------------------------


 NSTEP =  2320000   TIME(PS) =  449679.998  TEMP(K) =   309.60  PRESS =     0.0
 Etot   =   -238621.3633  EKtot   =     63045.4141  EPtot      =   -301666.7774
 BOND   =      2160.4432  ANGLE   =      2419.5620  DIHED      =      1389.9686
 UB     =         0.0000  IMP     =         0.0000  CMAP       =       276.6779
 1-4 NB =      1178.2446  1-4 EEL =     15363.7110  VDWAALS    =     40622.4856
 EELEC  =   -365077.8703  EHBOND  =         0.0000  RESTRAINT  =         0.0000
 ------------------------------------------------------------------------------


 NSTEP =  2340000   TIME(PS) =  449719.998  TEMP(K) =   310.28  PRESS =     0.0
 Etot   =   -238623.0267  EKtot   =     63183.5547  EPtot      =   -301806.5814
 BOND   =      2125.9896  ANGLE   =      2392.5473  DIHED      =      1417.4864
 UB     =         0.0000  IMP     =         0.0000  CMAP       =       251.0483
 1-4 NB =      1192.8615  1-4 EEL =     15412.3847  VDWAALS    =     40742.0961
 EELEC  =   -365340.9955  EHBOND  =         0.0000  RESTRAINT  =         0.0000
 ------------------------------------------------------------------------------


 NSTEP =  2360000   TIME(PS) =  449759.998  TEMP(K) =   310.02  PRESS =     0.0
 Etot   =   -238776.0045  EKtot   =     63130.7539  EPtot      =   -301906.7584
 BOND   =      2140.9485  ANGLE   =      2436.0549  DIHED      =      1444.1063
 UB     =         0.0000  IMP     =         0.0000  CMAP       =       258.2485
 1-4 NB =      1160.8278  1-4 EEL =     15380.8632  VDWAALS    =     40859.5551
 EELEC  =   -365587.3627  EHBOND  =         0.0000  RESTRAINT  =         0.0000
 ------------------------------------------------------------------------------


 NSTEP =  2380000   TIME(PS) =  449799.998  TEMP(K) =   311.50  PRESS =     0.0
 Etot   =   -238528.7332  EKtot   =     63432.2891  EPtot      =   -301961.0222
 BOND   =      2099.4390  ANGLE   =      2388.6983  DIHED      =      1419.2190
 UB     =         0.0000  IMP     =         0.0000  CMAP       =       242.7127
 1-4 NB =      1199.0663  1-4 EEL =     15397.1315  VDWAALS    =     40943.3759
 EELEC  =   -365650.6650  EHBOND  =         0.0000  RESTRAINT  =         0.0000
 ------------------------------------------------------------------------------


 NSTEP =  2400000   TIME(PS) =  449839.998  TEMP(K) =   310.76  PRESS =     0.0
 Etot   =   -238998.0020  EKtot   =     63280.7695  EPtot      =   -302278.7715
 BOND   =      2123.7518  ANGLE   =      2441.7762  DIHED      =      1422.6706
 UB     =         0.0000  IMP     =         0.0000  CMAP       =       232.0372
 1-4 NB =      1166.7622  1-4 EEL =     15361.4321  VDWAALS    =     40781.8409
 EELEC  =   -365809.0426  EHBOND  =         0.0000  RESTRAINT  =         0.0000
 ------------------------------------------------------------------------------


 NSTEP =  2420000   TIME(PS) =  449879.998  TEMP(K) =   308.58  PRESS =     0.0
 Etot   =   -239279.9660  EKtot   =     62837.7734  EPtot      =   -302117.7394
 BOND   =      2050.9486  ANGLE   =      2389.5059  DIHED      =      1413.7995
 UB     =         0.0000  IMP     =         0.0000  CMAP       =       229.5216
 1-4 NB =      1190.2805  1-4 EEL =     15457.4082  VDWAALS    =     40889.4685
 EELEC  =   -365738.6722  EHBOND  =         0.0000  RESTRAINT  =         0.0000
 ------------------------------------------------------------------------------


 NSTEP =  2440000   TIME(PS) =  449919.998  TEMP(K) =   308.35  PRESS =     0.0
 Etot   =   -239057.7203  EKtot   =     62791.6875  EPtot      =   -301849.4078
 BOND   =      2093.3784  ANGLE   =      2419.7689  DIHED      =      1429.5221
 UB     =         0.0000  IMP     =         0.0000  CMAP       =       234.1077
 1-4 NB =      1172.9888  1-4 EEL =     15491.8948  VDWAALS    =     40944.4443
 EELEC  =   -365635.5126  EHBOND  =         0.0000  RESTRAINT  =         0.0000
 ------------------------------------------------------------------------------


 NSTEP =  2460000   TIME(PS) =  449959.998  TEMP(K) =   309.20  PRESS =     0.0
 Etot   =   -239069.2640  EKtot   =     62963.5273  EPtot      =   -302032.7914
 BOND   =      2113.3373  ANGLE   =      2411.4436  DIHED      =      1385.2289
 UB     =         0.0000  IMP     =         0.0000  CMAP       =       234.2184
 1-4 NB =      1186.3801  1-4 EEL =     15386.6750  VDWAALS    =     39892.4860
 EELEC  =   -364642.5608  EHBOND  =         0.0000  RESTRAINT  =         0.0000
 ------------------------------------------------------------------------------


 NSTEP =  2480000   TIME(PS) =  449999.998  TEMP(K) =   310.09  PRESS =     0.0
 Etot   =   -238924.6369  EKtot   =     63144.4922  EPtot      =   -302069.1291
 BOND   =      2066.1795  ANGLE   =      2437.7320  DIHED      =      1423.6586
 UB     =         0.0000  IMP     =         0.0000  CMAP       =       250.8093
 1-4 NB =      1180.7475  1-4 EEL =     15338.3632  VDWAALS    =     40655.0465
 EELEC  =   -365421.6656  EHBOND  =         0.0000  RESTRAINT  =         0.0000
 ------------------------------------------------------------------------------


 NSTEP =  2500000   TIME(PS) =  450039.998  TEMP(K) =   309.74  PRESS =     0.0
 Etot   =   -238163.1416  EKtot   =     63073.4922  EPtot      =   -301236.6337
 BOND   =      2143.5079  ANGLE   =      2390.3617  DIHED      =      1396.1631
 UB     =         0.0000  IMP     =         0.0000  CMAP       =       272.0452
 1-4 NB =      1184.0408  1-4 EEL =     15371.2382  VDWAALS    =     40406.9977
 EELEC  =   -364400.9882  EHBOND  =         0.0000  RESTRAINT  =         0.0000
 ------------------------------------------------------------------------------


      A V E R A G E S   O V E R     125 S T E P S


 NSTEP =  2500000   TIME(PS) =  450039.998  TEMP(K) =   310.04  PRESS =     0.0
 Etot   =   -238775.8070  EKtot   =     63135.0169  EPtot      =   -301910.8239
 BOND   =      2089.9867  ANGLE   =      2422.2813  DIHED      =      1401.5232
 UB     =         0.0000  IMP     =         0.0000  CMAP       =       247.7691
 1-4 NB =      1175.5126  1-4 EEL =     15366.1465  VDWAALS    =     40675.5613
 EELEC  =   -365289.6045  EHBOND  =         0.0000  RESTRAINT  =         0.0000
 ------------------------------------------------------------------------------


      R M S  F L U C T U A T I O N S


 NSTEP =  2500000   TIME(PS) =  450039.998  TEMP(K) =     1.02  PRESS =     0.0
 Etot   =       370.1250  EKtot   =       207.5322  EPtot      =       303.2129
 BOND   =        29.1732  ANGLE   =        32.9362  DIHED      =        17.5357
 UB     =         0.0000  IMP     =         0.0000  CMAP       =        11.0357
 1-4 NB =        13.1868  1-4 EEL =        44.5084  VDWAALS    =       287.7973
 EELEC  =       497.5823  EHBOND  =         0.0000  RESTRAINT  =         0.0000
 ------------------------------------------------------------------------------

--------------------------------------------------------------------------------
   5.  TIMINGS
--------------------------------------------------------------------------------

|  NonSetup CPU Time in Major Routines:
|
|     Routine           Sec        %
|     ------------------------------
|     Nonbond         156.10   11.51
|     Bond              0.00    0.00
|     Angle             0.00    0.00
|     Dihedral          0.00    0.00
|     Shake            10.34    0.76
|     RunMD          1187.60   87.57
|     Other             2.17    0.16
|     ------------------------------
|     Total          1356.21

|  PME Nonbond Pairlist CPU Time:
|
|     Routine              Sec        %
|     ---------------------------------
|     Set Up Cit           0.00    0.00
|     Build List           0.00    0.00
|     ---------------------------------
|     Total                0.00    0.00

|  PME Direct Force CPU Time:
|
|     Routine              Sec        %
|     ---------------------------------
|     NonBonded Calc       0.00    0.00
|     Exclude Masked       0.00    0.00
|     Other                1.37    0.10
|     ---------------------------------
|     Total                1.37    0.10

|  PME Reciprocal Force CPU Time:
|
|     Routine              Sec        %
|     ---------------------------------
|     1D bspline           0.00    0.00
|     Grid Charges         0.00    0.00
|     Scalar Sum           0.00    0.00
|     Gradient Sum         0.00    0.00
|     FFT                  0.00    0.00
|     ---------------------------------
|     Total                0.00    0.00

|  Final Performance Info:
|     -----------------------------------------------------
|     Average timings for last   80000 steps:
|     Elapsed(s) =      43.60 Per Step(ms) =       0.55
|         ns/day =     317.05   seconds/ns =     272.51
|
|     Average timings for all steps:
|     Elapsed(s) =    1358.29 Per Step(ms) =       0.54
|         ns/day =     318.05   seconds/ns =     271.66
|     -----------------------------------------------------

|  Setup CPU time:            1.09 seconds
|  NonSetup CPU time:      1356.21 seconds
|  Total CPU time:         1357.30 seconds     0.38 hours

|  Setup wall time:           2    seconds
|  NonSetup wall time:     1358    seconds
|  Total wall time:        1360    seconds     0.38 hours
