
          -------------------------------------------------------
          Amber 24 PMEMD                              2024
          -------------------------------------------------------

| PMEMD implementation of SANDER, Release 24

|  Compiled date/time: Thu Apr  3 17:55:38 2025
| Run on 10/31/2025 at 07:43:26

|   Executable path: pmemd.cuda_SPFP
| Working directory: /rs1/researchers/h/hall/vtnguye4/Amber_restart/cappedP1L38M/mdsimP1L38M/newP1L38Mcapped_Simulation
|          Hostname: gpu18

  [-O]verwriting output

File Assignments:
|   MDIN: /rs1/researchers/h/hall/vtnguye4/Amber_restart/cappedP1L38M/mdsimP1L38
|  MDOUT: ./OUT_Files/equil8.out                                                
| INPCRD: ./RST_Files/equil7.rst7                                               
|   PARM: ./PRMTOP_Files/newP1L38Mcapped.prmtop                                 
| RESTRT: ./RST_Files/equil8.rst7                                               
|   REFC: refc                                                                  
|  MDVEL: mdvel                                                                 
|   MDEN: mden                                                                  
|  MDCRD: ./nc_Files/equil8.nc                                                  
| MDINFO: mdinfo                                                                
|  MDFRC: mdfrc                                                                 


 Here is the input file:

!Stage equilibration 5ns                                                       
&cntrl                                                                         
imin=0, irest=1, ntx=5,                                                        
nstlim=2500000, dt=0.002,                                                      
ntc=2, ntf=2, ig=-1,                                                           
ntt=3, gamma_ln=2.0,                                                           
tempi=310.0, temp0=310.0,                                                      
ntxo=2, ioutfm=1,                                                              
ntpr=20000, ntwx=20000,                                                        
ntb=1,                                                                         
cut=9.0,                                                                       
iwrap=1,                                                                       
/                                                                              


Note: ig = -1. Setting random seed to   192970 based on wallclock time in 
      microseconds.
| irandom = 1, using AMBER's internal random number generator (default).
 
|--------------------- INFORMATION ----------------------
| GPU (CUDA) Version of PMEMD in use: NVIDIA GPU IN USE.
|                    Version 18.0.0
| 
|                      03/25/2018
| 
| Implementation by:
|                    Ross C. Walker     (SDSC)
|                    Scott Le Grand     (nVIDIA)
| 
| Version 18 performance extensions by:
|                    David Cerutti     (Rutgers)
| 
| Precision model in use:
|      [SPFP] - Single Precision Forces, 64-bit Fixed Point
|               Accumulation. (Default)
| 
|--------------------------------------------------------
 
|----------------- CITATION INFORMATION -----------------
|
|    When publishing work that utilized the CUDA version
|    of AMBER, please cite the following in addition to
|    the regular AMBER citations:
|
|  - Romelia Salomon-Ferrer; Andreas W. Goetz; Duncan
|    Poole; Scott Le Grand; Ross C. Walker "Routine
|    microsecond molecular dynamics simulations with
|    AMBER - Part II: Particle Mesh Ewald", J. Chem.
|    Theory Comput., 2013, 9 (9), pp3878-3888,
|    DOI: 10.1021/ct400314y.
|
|  - Andreas W. Goetz; Mark J. Williamson; Dong Xu;
|    Duncan Poole; Scott Le Grand; Ross C. Walker
|    "Routine microsecond molecular dynamics simulations
|    with AMBER - Part I: Generalized Born", J. Chem.
|    Theory Comput., 2012, 8 (5), pp1542-1555.
|
|  - Scott Le Grand; Andreas W. Goetz; Ross C. Walker
|    "SPFP: Speed without compromise - a mixed precision
|    model for GPU accelerated molecular dynamics
|    simulations.", Comp. Phys. Comm., 2013, 184
|    pp374-380, DOI: 10.1016/j.cpc.2012.09.022
|
|--------------------------------------------------------
 
|------------------- GPU DEVICE INFO --------------------
|
|            CUDA_VISIBLE_DEVICES: 0
|   CUDA Capable Devices Detected:      1
|           CUDA Device ID in use:      0
|                CUDA Device Name: NVIDIA L40S
|     CUDA Device Global Mem Size:  45487 MB
| CUDA Device Num Multiprocessors:    142
|           CUDA Device Core Freq:   2.52 GHz
|
|--------------------------------------------------------
 
 
| Conditional Compilation Defines Used:
| PUBFFT
| BINTRAJ
| CUDA
| EMIL

| Largest sphere to fit in unit cell has radius =    36.716

| New format PARM file being parsed.
| Version =    1.000 Date = 10/30/25 Time = 23:32:29

| Note: 1-4 EEL scale factors are being read from the topology file.

| Note: 1-4 VDW scale factors are being read from the topology file.
| Duplicated    0 dihedrals

| Duplicated    0 dihedrals

--------------------------------------------------------------------------------
   1.  RESOURCE   USE: 
--------------------------------------------------------------------------------

 getting box info from netcdf restart file
 NATOM  =   50023 NTYPES =      12 NBONH =   47691 MBONA  =    2332
 NTHETH =    5236 MTHETA =    3080 NPHIH =   10252 MPHIA  =    9504
 NHPARM =       0 NPARM  =       0 NNB   =   84972 NRES   =   15501
 NBONA  =    2332 NTHETA =    3080 NPHIA =    9504 NUMBND =      29
 NUMANG =      57 NPTRA  =      64 NATYP =      17 NPHB   =       0
 IFBOX  =       2 NMXRS  =      21 IFCAP =       0 NEXTRA =       0
 NCOPY  =       0

| Coordinate Index Table dimensions:    15   15   15
| Direct force subcell size =     5.9957    5.9957    5.9957

     BOX TYPE: TRUNCATED OCTAHEDRON

--------------------------------------------------------------------------------
   2.  CONTROL  DATA  FOR  THE  RUN
--------------------------------------------------------------------------------

default_name                                                                    

General flags:
     imin    =       0, nmropt  =       0

Nature and format of input:
     ntx     =       5, irest   =       1, ntrx    =       1

Nature and format of output:
     ntxo    =       2, ntpr    =   20000, ntrx    =       1, ntwr    = 2500000
     iwrap   =       1, ntwx    =   20000, ntwv    =       0, ntwe    =       0
     ioutfm  =       1, ntwprt  =       0, idecomp =       0, rbornstat=      0

Potential function:
     ntf     =       2, ntb     =       1, igb     =       0, nsnb    =      25
     ipol    =       0, gbsa    =       0, iesp    =       0
     dielc   =   1.00000, cut     =   9.00000, intdiel =   1.00000

Frozen or restrained atoms:
     ibelly  =       0, ntr     =       0

Molecular dynamics:
     nstlim  =   2500000, nscm    =      1000, nrespa  =         1
     t       =   0.00000, dt      =   0.00200, vlimit  =  -1.00000

Langevin dynamics temperature regulation:
     ig      =  192970
     temp0   = 310.00000, tempi   = 310.00000, gamma_ln=   2.00000

SHAKE:
     ntc     =       2, jfastw  =       0
     tol     =   0.00001

| Intermolecular bonds treatment:
|     no_intermolecular_bonds =       1

| Energy averages sample interval:
|     ene_avg_sampling =   20000

Ewald parameters:
     verbose =       0, ew_type =       0, nbflag  =       1, use_pme =       1
     vdwmeth =       1, eedmeth =       1, netfrc  =       1
     Box X =   89.935   Box Y =   89.935   Box Z =   89.935
     Alpha =  109.471   Beta  =  109.471   Gamma =  109.471
     NFFT1 =   96       NFFT2 =   96       NFFT3 =   96
     Cutoff=    9.000   Tol   =0.100E-04
     Ewald Coefficient =  0.30768
     Interpolation order =    4

--------------------------------------------------------------------------------
   3.  ATOMIC COORDINATES AND VELOCITIES
--------------------------------------------------------------------------------

default_name                                                                    
 begin time read from input coords = 35040.000 ps

 
 Number of triangulated 3-point waters found:    15105

     Sum of charges from parm topology file =  -0.00000043
     Forcing neutrality...

| Dynamic Memory, Types Used:
| Reals             1595957
| Integers          2018996

| Nonbonded Pairs Initial Allocation:    11405244

| GPU memory information (estimate):
| KB of GPU memory in use:    394016
| KB of CPU memory in use:    114218

--------------------------------------------------------------------------------
   4.  RESULTS
--------------------------------------------------------------------------------

wrapping first mol.:       29.97838       42.39583       73.43173

 NSTEP =    20000   TIME(PS) =   35080.000  TEMP(K) =   311.19  PRESS =     0.0
 Etot   =   -113342.8443  EKtot   =     31654.4844  EPtot      =   -144997.3287
 BOND   =       877.5278  ANGLE   =      2115.4173  DIHED      =      1335.2053
 UB     =         0.0000  IMP     =         0.0000  CMAP       =       202.1217
 1-4 NB =       997.9807  1-4 EEL =     15061.8167  VDWAALS    =     17127.9877
 EELEC  =   -182715.3858  EHBOND  =         0.0000  RESTRAINT  =         0.0000
 ------------------------------------------------------------------------------

wrapping first mol.:       29.97838       42.39583       73.43173

 NSTEP =    40000   TIME(PS) =   35120.000  TEMP(K) =   311.30  PRESS =     0.0
 Etot   =   -113192.3619  EKtot   =     31666.6094  EPtot      =   -144858.9712
 BOND   =       901.9723  ANGLE   =      2156.3928  DIHED      =      1388.5095
 UB     =         0.0000  IMP     =         0.0000  CMAP       =       212.4209
 1-4 NB =       985.6154  1-4 EEL =     15105.5072  VDWAALS    =     17182.5272
 EELEC  =   -182791.9166  EHBOND  =         0.0000  RESTRAINT  =         0.0000
 ------------------------------------------------------------------------------

wrapping first mol.:       29.97838       42.39583       73.43173

 NSTEP =    60000   TIME(PS) =   35160.000  TEMP(K) =   311.43  PRESS =     0.0
 Etot   =   -113461.9014  EKtot   =     31679.2910  EPtot      =   -145141.1924
 BOND   =       839.5303  ANGLE   =      2118.5916  DIHED      =      1383.2468
 UB     =         0.0000  IMP     =         0.0000  CMAP       =       214.7267
 1-4 NB =      1013.9003  1-4 EEL =     15049.3001  VDWAALS    =     17366.2225
 EELEC  =   -183126.7107  EHBOND  =         0.0000  RESTRAINT  =         0.0000
 ------------------------------------------------------------------------------

wrapping first mol.:       29.97838       42.39583       73.43173

 NSTEP =    80000   TIME(PS) =   35200.000  TEMP(K) =   306.61  PRESS =     0.0
 Etot   =   -113709.9536  EKtot   =     31188.8477  EPtot      =   -144898.8012
 BOND   =       869.0075  ANGLE   =      2143.2407  DIHED      =      1363.8746
 UB     =         0.0000  IMP     =         0.0000  CMAP       =       215.0950
 1-4 NB =      1003.8712  1-4 EEL =     15031.9389  VDWAALS    =     17432.6137
 EELEC  =   -182958.4428  EHBOND  =         0.0000  RESTRAINT  =         0.0000
 ------------------------------------------------------------------------------

wrapping first mol.:       29.97838       42.39583       73.43173

 NSTEP =   100000   TIME(PS) =   35240.000  TEMP(K) =   309.18  PRESS =     0.0
 Etot   =   -113628.4623  EKtot   =     31450.4941  EPtot      =   -145078.9564
 BOND   =       822.7641  ANGLE   =      2195.0165  DIHED      =      1345.0781
 UB     =         0.0000  IMP     =         0.0000  CMAP       =       194.5247
 1-4 NB =       977.1551  1-4 EEL =     15103.0447  VDWAALS    =     17074.0733
 EELEC  =   -182790.6127  EHBOND  =         0.0000  RESTRAINT  =         0.0000
 ------------------------------------------------------------------------------

wrapping first mol.:       29.97838       42.39583       73.43173

 NSTEP =   120000   TIME(PS) =   35280.000  TEMP(K) =   308.60  PRESS =     0.0
 Etot   =   -113828.6961  EKtot   =     31391.1211  EPtot      =   -145219.8171
 BOND   =       856.8773  ANGLE   =      2142.7182  DIHED      =      1358.3386
 UB     =         0.0000  IMP     =         0.0000  CMAP       =       205.5620
 1-4 NB =      1003.6780  1-4 EEL =     15123.0724  VDWAALS    =     17216.1018
 EELEC  =   -183126.1655  EHBOND  =         0.0000  RESTRAINT  =         0.0000
 ------------------------------------------------------------------------------

wrapping first mol.:       29.97838       42.39583       73.43173

 NSTEP =   140000   TIME(PS) =   35320.000  TEMP(K) =   309.22  PRESS =     0.0
 Etot   =   -113812.0857  EKtot   =     31454.2441  EPtot      =   -145266.3299
 BOND   =       890.6003  ANGLE   =      2160.9185  DIHED      =      1322.3815
 UB     =         0.0000  IMP     =         0.0000  CMAP       =       203.2463
 1-4 NB =       994.3864  1-4 EEL =     15022.6860  VDWAALS    =     16907.0153
 EELEC  =   -182767.5641  EHBOND  =         0.0000  RESTRAINT  =         0.0000
 ------------------------------------------------------------------------------

wrapping first mol.:       29.97838       42.39583       73.43173

 NSTEP =   160000   TIME(PS) =   35360.000  TEMP(K) =   308.62  PRESS =     0.0
 Etot   =   -113477.8504  EKtot   =     31394.0137  EPtot      =   -144871.8641
 BOND   =       887.4012  ANGLE   =      2187.5956  DIHED      =      1380.9352
 UB     =         0.0000  IMP     =         0.0000  CMAP       =       194.8950
 1-4 NB =       997.2803  1-4 EEL =     15068.1351  VDWAALS    =     17461.5251
 EELEC  =   -183049.6316  EHBOND  =         0.0000  RESTRAINT  =         0.0000
 ------------------------------------------------------------------------------

wrapping first mol.:       29.97838       42.39583       73.43173

 NSTEP =   180000   TIME(PS) =   35400.000  TEMP(K) =   311.04  PRESS =     0.0
 Etot   =   -113314.3946  EKtot   =     31640.1562  EPtot      =   -144954.5508
 BOND   =       879.0933  ANGLE   =      2170.3468  DIHED      =      1365.5576
 UB     =         0.0000  IMP     =         0.0000  CMAP       =       204.4047
 1-4 NB =       978.1017  1-4 EEL =     15001.4266  VDWAALS    =     17583.3869
 EELEC  =   -183136.8684  EHBOND  =         0.0000  RESTRAINT  =         0.0000
 ------------------------------------------------------------------------------

wrapping first mol.:       29.97838       42.39583       73.43173

 NSTEP =   200000   TIME(PS) =   35440.000  TEMP(K) =   310.90  PRESS =     0.0
 Etot   =   -113504.7941  EKtot   =     31625.4590  EPtot      =   -145130.2531
 BOND   =       864.9938  ANGLE   =      2136.5507  DIHED      =      1348.6728
 UB     =         0.0000  IMP     =         0.0000  CMAP       =       206.8671
 1-4 NB =       992.4999  1-4 EEL =     15046.0814  VDWAALS    =     17346.3740
 EELEC  =   -183072.2929  EHBOND  =         0.0000  RESTRAINT  =         0.0000
 ------------------------------------------------------------------------------

wrapping first mol.:       29.97838       42.39583       73.43173

 NSTEP =   220000   TIME(PS) =   35480.000  TEMP(K) =   308.94  PRESS =     0.0
 Etot   =   -113985.6491  EKtot   =     31426.0020  EPtot      =   -145411.6511
 BOND   =       814.0679  ANGLE   =      2101.7236  DIHED      =      1359.6068
 UB     =         0.0000  IMP     =         0.0000  CMAP       =       197.4615
 1-4 NB =      1003.1992  1-4 EEL =     15061.1904  VDWAALS    =     17138.1912
 EELEC  =   -183087.0916  EHBOND  =         0.0000  RESTRAINT  =         0.0000
 ------------------------------------------------------------------------------

wrapping first mol.:       29.97838       42.39583       73.43173

 NSTEP =   240000   TIME(PS) =   35520.000  TEMP(K) =   310.84  PRESS =     0.0
 Etot   =   -113037.1341  EKtot   =     31618.9707  EPtot      =   -144656.1048
 BOND   =       833.5063  ANGLE   =      2246.5469  DIHED      =      1344.4764
 UB     =         0.0000  IMP     =         0.0000  CMAP       =       212.0599
 1-4 NB =       987.7909  1-4 EEL =     15015.5203  VDWAALS    =     17299.4879
 EELEC  =   -182595.4935  EHBOND  =         0.0000  RESTRAINT  =         0.0000
 ------------------------------------------------------------------------------

wrapping first mol.:       29.97838       42.39583       73.43173

 NSTEP =   260000   TIME(PS) =   35560.000  TEMP(K) =   307.39  PRESS =     0.0
 Etot   =   -113838.8742  EKtot   =     31268.1133  EPtot      =   -145106.9875
 BOND   =       844.9229  ANGLE   =      2129.7033  DIHED      =      1358.4394
 UB     =         0.0000  IMP     =         0.0000  CMAP       =       213.0924
 1-4 NB =      1027.4837  1-4 EEL =     15075.7609  VDWAALS    =     17008.2054
 EELEC  =   -182764.5956  EHBOND  =         0.0000  RESTRAINT  =         0.0000
 ------------------------------------------------------------------------------

wrapping first mol.:       29.97838       42.39583       73.43173

 NSTEP =   280000   TIME(PS) =   35600.000  TEMP(K) =   311.00  PRESS =     0.0
 Etot   =   -113715.5761  EKtot   =     31635.9023  EPtot      =   -145351.4784
 BOND   =       864.9340  ANGLE   =      2097.1662  DIHED      =      1384.8171
 UB     =         0.0000  IMP     =         0.0000  CMAP       =       206.4143
 1-4 NB =       995.2024  1-4 EEL =     15028.5110  VDWAALS    =     17396.3023
 EELEC  =   -183324.8258  EHBOND  =         0.0000  RESTRAINT  =         0.0000
 ------------------------------------------------------------------------------

wrapping first mol.:       29.97838       42.39583       73.43173

 NSTEP =   300000   TIME(PS) =   35640.000  TEMP(K) =   308.10  PRESS =     0.0
 Etot   =   -113872.8630  EKtot   =     31340.6855  EPtot      =   -145213.5486
 BOND   =       858.1699  ANGLE   =      2188.7056  DIHED      =      1303.2640
 UB     =         0.0000  IMP     =         0.0000  CMAP       =       206.0762
 1-4 NB =      1001.8258  1-4 EEL =     15035.5048  VDWAALS    =     16888.3468
 EELEC  =   -182695.4417  EHBOND  =         0.0000  RESTRAINT  =         0.0000
 ------------------------------------------------------------------------------

wrapping first mol.:       29.97838       42.39583       73.43173

 NSTEP =   320000   TIME(PS) =   35680.000  TEMP(K) =   310.09  PRESS =     0.0
 Etot   =   -113629.0929  EKtot   =     31543.2969  EPtot      =   -145172.3898
 BOND   =       882.2587  ANGLE   =      2140.2043  DIHED      =      1363.8902
 UB     =         0.0000  IMP     =         0.0000  CMAP       =       192.2080
 1-4 NB =      1021.0254  1-4 EEL =     15094.9437  VDWAALS    =     17782.4457
 EELEC  =   -183649.3658  EHBOND  =         0.0000  RESTRAINT  =         0.0000
 ------------------------------------------------------------------------------

wrapping first mol.:       29.97838       42.39583       73.43173

 NSTEP =   340000   TIME(PS) =   35720.000  TEMP(K) =   308.89  PRESS =     0.0
 Etot   =   -113787.0693  EKtot   =     31420.9531  EPtot      =   -145208.0224
 BOND   =       869.2902  ANGLE   =      2204.4819  DIHED      =      1376.6939
 UB     =         0.0000  IMP     =         0.0000  CMAP       =       200.3996
 1-4 NB =      1002.7975  1-4 EEL =     15022.9461  VDWAALS    =     17394.3666
 EELEC  =   -183278.9981  EHBOND  =         0.0000  RESTRAINT  =         0.0000
 ------------------------------------------------------------------------------

wrapping first mol.:       29.97838       42.39583       73.43173

 NSTEP =   360000   TIME(PS) =   35760.000  TEMP(K) =   310.01  PRESS =     0.0
 Etot   =   -113438.6218  EKtot   =     31535.1484  EPtot      =   -144973.7702
 BOND   =       857.2950  ANGLE   =      2130.9599  DIHED      =      1362.8330
 UB     =         0.0000  IMP     =         0.0000  CMAP       =       202.9137
 1-4 NB =      1020.2857  1-4 EEL =     15070.9218  VDWAALS    =     17469.4170
 EELEC  =   -183088.3964  EHBOND  =         0.0000  RESTRAINT  =         0.0000
 ------------------------------------------------------------------------------

wrapping first mol.:       29.97838       42.39583       73.43173

 NSTEP =   380000   TIME(PS) =   35800.000  TEMP(K) =   311.06  PRESS =     0.0
 Etot   =   -113542.5632  EKtot   =     31641.7402  EPtot      =   -145184.3035
 BOND   =       893.8638  ANGLE   =      2194.1777  DIHED      =      1349.3404
 UB     =         0.0000  IMP     =         0.0000  CMAP       =       188.1103
 1-4 NB =       996.6011  1-4 EEL =     15110.4330  VDWAALS    =     17200.2085
 EELEC  =   -183117.0384  EHBOND  =         0.0000  RESTRAINT  =         0.0000
 ------------------------------------------------------------------------------

wrapping first mol.:       29.97838       42.39583       73.43173

 NSTEP =   400000   TIME(PS) =   35840.000  TEMP(K) =   309.40  PRESS =     0.0
 Etot   =   -113722.8838  EKtot   =     31473.0430  EPtot      =   -145195.9268
 BOND   =       813.7883  ANGLE   =      2171.5904  DIHED      =      1347.9454
 UB     =         0.0000  IMP     =         0.0000  CMAP       =       208.7516
 1-4 NB =       999.7094  1-4 EEL =     15114.6990  VDWAALS    =     17480.1627
 EELEC  =   -183332.5735  EHBOND  =         0.0000  RESTRAINT  =         0.0000
 ------------------------------------------------------------------------------

wrapping first mol.:       29.97838       42.39583       73.43173

 NSTEP =   420000   TIME(PS) =   35880.000  TEMP(K) =   309.41  PRESS =     0.0
 Etot   =   -113901.2949  EKtot   =     31473.6484  EPtot      =   -145374.9433
 BOND   =       884.3820  ANGLE   =      2162.1519  DIHED      =      1392.7349
 UB     =         0.0000  IMP     =         0.0000  CMAP       =       202.1295
 1-4 NB =      1005.4137  1-4 EEL =     15105.6129  VDWAALS    =     17344.1665
 EELEC  =   -183471.5349  EHBOND  =         0.0000  RESTRAINT  =         0.0000
 ------------------------------------------------------------------------------

wrapping first mol.:       29.97838       42.39583       73.43173

 NSTEP =   440000   TIME(PS) =   35920.000  TEMP(K) =   312.45  PRESS =     0.0
 Etot   =   -113321.3344  EKtot   =     31782.9277  EPtot      =   -145104.2621
 BOND   =       909.1492  ANGLE   =      2196.8666  DIHED      =      1359.7170
 UB     =         0.0000  IMP     =         0.0000  CMAP       =       222.5057
 1-4 NB =      1007.0785  1-4 EEL =     15071.8517  VDWAALS    =     17439.5817
 EELEC  =   -183311.0125  EHBOND  =         0.0000  RESTRAINT  =         0.0000
 ------------------------------------------------------------------------------

wrapping first mol.:       29.97838       42.39583       73.43173

 NSTEP =   460000   TIME(PS) =   35960.000  TEMP(K) =   312.56  PRESS =     0.0
 Etot   =   -113432.9506  EKtot   =     31794.5664  EPtot      =   -145227.5170
 BOND   =       878.8657  ANGLE   =      2134.8485  DIHED      =      1378.7838
 UB     =         0.0000  IMP     =         0.0000  CMAP       =       193.1841
 1-4 NB =      1000.2353  1-4 EEL =     15098.7095  VDWAALS    =     17072.0991
 EELEC  =   -182984.2431  EHBOND  =         0.0000  RESTRAINT  =         0.0000
 ------------------------------------------------------------------------------

wrapping first mol.:       29.97838       42.39583       73.43173

 NSTEP =   480000   TIME(PS) =   36000.000  TEMP(K) =   310.57  PRESS =     0.0
 Etot   =   -113656.2378  EKtot   =     31592.1035  EPtot      =   -145248.3414
 BOND   =       865.8365  ANGLE   =      2169.3876  DIHED      =      1330.8380
 UB     =         0.0000  IMP     =         0.0000  CMAP       =       198.6242
 1-4 NB =       988.6876  1-4 EEL =     15070.3460  VDWAALS    =     17284.1859
 EELEC  =   -183156.2472  EHBOND  =         0.0000  RESTRAINT  =         0.0000
 ------------------------------------------------------------------------------

wrapping first mol.:       29.97838       42.39583       73.43173

 NSTEP =   500000   TIME(PS) =   36040.000  TEMP(K) =   309.89  PRESS =     0.0
 Etot   =   -113423.9821  EKtot   =     31523.0918  EPtot      =   -144947.0739
 BOND   =       883.9845  ANGLE   =      2145.5210  DIHED      =      1396.0110
 UB     =         0.0000  IMP     =         0.0000  CMAP       =       209.9778
 1-4 NB =       992.0056  1-4 EEL =     15092.4881  VDWAALS    =     17146.0781
 EELEC  =   -182813.1399  EHBOND  =         0.0000  RESTRAINT  =         0.0000
 ------------------------------------------------------------------------------

wrapping first mol.:       29.97838       42.39583       73.43173

 NSTEP =   520000   TIME(PS) =   36080.000  TEMP(K) =   311.95  PRESS =     0.0
 Etot   =   -113548.9676  EKtot   =     31731.7812  EPtot      =   -145280.7488
 BOND   =       805.8697  ANGLE   =      2118.1413  DIHED      =      1374.4635
 UB     =         0.0000  IMP     =         0.0000  CMAP       =       201.6472
 1-4 NB =       990.2641  1-4 EEL =     15106.7045  VDWAALS    =     17377.4345
 EELEC  =   -183255.2736  EHBOND  =         0.0000  RESTRAINT  =         0.0000
 ------------------------------------------------------------------------------

wrapping first mol.:       29.97838       42.39583       73.43173

 NSTEP =   540000   TIME(PS) =   36120.000  TEMP(K) =   312.60  PRESS =     0.0
 Etot   =   -113353.6419  EKtot   =     31798.6445  EPtot      =   -145152.2865
 BOND   =       877.2332  ANGLE   =      2140.9997  DIHED      =      1350.5285
 UB     =         0.0000  IMP     =         0.0000  CMAP       =       216.3853
 1-4 NB =      1006.6542  1-4 EEL =     15138.7335  VDWAALS    =     17605.9158
 EELEC  =   -183488.7367  EHBOND  =         0.0000  RESTRAINT  =         0.0000
 ------------------------------------------------------------------------------

wrapping first mol.:       29.97838       42.39583       73.43173

 NSTEP =   560000   TIME(PS) =   36160.000  TEMP(K) =   307.74  PRESS =     0.0
 Etot   =   -113924.8070  EKtot   =     31303.5293  EPtot      =   -145228.3363
 BOND   =       883.8541  ANGLE   =      2036.9690  DIHED      =      1378.2731
 UB     =         0.0000  IMP     =         0.0000  CMAP       =       202.8213
 1-4 NB =       994.0760  1-4 EEL =     15192.1881  VDWAALS    =     17071.4948
 EELEC  =   -182988.0127  EHBOND  =         0.0000  RESTRAINT  =         0.0000
 ------------------------------------------------------------------------------

wrapping first mol.:       29.97838       42.39583       73.43173

 NSTEP =   580000   TIME(PS) =   36200.000  TEMP(K) =   309.64  PRESS =     0.0
 Etot   =   -113626.7293  EKtot   =     31497.4473  EPtot      =   -145124.1766
 BOND   =       821.2701  ANGLE   =      2153.9239  DIHED      =      1383.9203
 UB     =         0.0000  IMP     =         0.0000  CMAP       =       194.1869
 1-4 NB =      1018.7171  1-4 EEL =     15096.7127  VDWAALS    =     17260.6533
 EELEC  =   -183053.5609  EHBOND  =         0.0000  RESTRAINT  =         0.0000
 ------------------------------------------------------------------------------

wrapping first mol.:       29.97838       42.39583       73.43173

 NSTEP =   600000   TIME(PS) =   36240.000  TEMP(K) =   311.33  PRESS =     0.0
 Etot   =   -113127.8330  EKtot   =     31669.4707  EPtot      =   -144797.3037
 BOND   =       862.1288  ANGLE   =      2185.1288  DIHED      =      1331.9098
 UB     =         0.0000  IMP     =         0.0000  CMAP       =       204.4331
 1-4 NB =      1001.3295  1-4 EEL =     15177.0418  VDWAALS    =     16966.1745
 EELEC  =   -182525.4500  EHBOND  =         0.0000  RESTRAINT  =         0.0000
 ------------------------------------------------------------------------------

wrapping first mol.:       29.97838       42.39583       73.43173

 NSTEP =   620000   TIME(PS) =   36280.000  TEMP(K) =   310.51  PRESS =     0.0
 Etot   =   -113261.8646  EKtot   =     31585.8262  EPtot      =   -144847.6908
 BOND   =       850.6095  ANGLE   =      2142.8244  DIHED      =      1356.1781
 UB     =         0.0000  IMP     =         0.0000  CMAP       =       216.9605
 1-4 NB =      1000.1945  1-4 EEL =     15096.0655  VDWAALS    =     17067.1334
 EELEC  =   -182577.6567  EHBOND  =         0.0000  RESTRAINT  =         0.0000
 ------------------------------------------------------------------------------

wrapping first mol.:       29.97838       42.39583       73.43173

 NSTEP =   640000   TIME(PS) =   36320.000  TEMP(K) =   309.91  PRESS =     0.0
 Etot   =   -113648.8314  EKtot   =     31524.5859  EPtot      =   -145173.4173
 BOND   =       848.3642  ANGLE   =      2093.8851  DIHED      =      1374.4973
 UB     =         0.0000  IMP     =         0.0000  CMAP       =       215.1271
 1-4 NB =       993.3966  1-4 EEL =     15069.6167  VDWAALS    =     17433.0865
 EELEC  =   -183201.3907  EHBOND  =         0.0000  RESTRAINT  =         0.0000
 ------------------------------------------------------------------------------

wrapping first mol.:       29.97838       42.39583       73.43173

 NSTEP =   660000   TIME(PS) =   36360.000  TEMP(K) =   308.70  PRESS =     0.0
 Etot   =   -113873.7085  EKtot   =     31401.7773  EPtot      =   -145275.4858
 BOND   =       871.0060  ANGLE   =      2138.1998  DIHED      =      1386.2373
 UB     =         0.0000  IMP     =         0.0000  CMAP       =       209.8707
 1-4 NB =       999.1332  1-4 EEL =     15105.3564  VDWAALS    =     17215.4576
 EELEC  =   -183200.7468  EHBOND  =         0.0000  RESTRAINT  =         0.0000
 ------------------------------------------------------------------------------

wrapping first mol.:       29.97838       42.39583       73.43173

 NSTEP =   680000   TIME(PS) =   36400.000  TEMP(K) =   312.04  PRESS =     0.0
 Etot   =   -113526.1533  EKtot   =     31741.1934  EPtot      =   -145267.3467
 BOND   =       839.7898  ANGLE   =      2098.5507  DIHED      =      1376.7864
 UB     =         0.0000  IMP     =         0.0000  CMAP       =       213.8813
 1-4 NB =       990.1894  1-4 EEL =     15143.6270  VDWAALS    =     17196.8504
 EELEC  =   -183127.0216  EHBOND  =         0.0000  RESTRAINT  =         0.0000
 ------------------------------------------------------------------------------

wrapping first mol.:       29.97838       42.39583       73.43173

 NSTEP =   700000   TIME(PS) =   36440.000  TEMP(K) =   310.60  PRESS =     0.0
 Etot   =   -113783.2100  EKtot   =     31594.4570  EPtot      =   -145377.6671
 BOND   =       818.6234  ANGLE   =      2116.0144  DIHED      =      1356.3199
 UB     =         0.0000  IMP     =         0.0000  CMAP       =       190.4002
 1-4 NB =      1015.3135  1-4 EEL =     15064.3970  VDWAALS    =     17216.8720
 EELEC  =   -183155.6074  EHBOND  =         0.0000  RESTRAINT  =         0.0000
 ------------------------------------------------------------------------------

wrapping first mol.:       29.97838       42.39583       73.43173

 NSTEP =   720000   TIME(PS) =   36480.000  TEMP(K) =   311.56  PRESS =     0.0
 Etot   =   -113452.8292  EKtot   =     31692.1914  EPtot      =   -145145.0206
 BOND   =       848.3276  ANGLE   =      2120.8653  DIHED      =      1347.9679
 UB     =         0.0000  IMP     =         0.0000  CMAP       =       202.4074
 1-4 NB =      1001.9766  1-4 EEL =     14977.6415  VDWAALS    =     17301.6472
 EELEC  =   -182945.8539  EHBOND  =         0.0000  RESTRAINT  =         0.0000
 ------------------------------------------------------------------------------

wrapping first mol.:       29.97838       42.39583       73.43173

 NSTEP =   740000   TIME(PS) =   36520.000  TEMP(K) =   310.02  PRESS =     0.0
 Etot   =   -113313.9941  EKtot   =     31535.4844  EPtot      =   -144849.4785
 BOND   =       866.8843  ANGLE   =      2179.5784  DIHED      =      1331.8097
 UB     =         0.0000  IMP     =         0.0000  CMAP       =       214.3326
 1-4 NB =       975.2457  1-4 EEL =     15027.1258  VDWAALS    =     17286.9841
 EELEC  =   -182731.4391  EHBOND  =         0.0000  RESTRAINT  =         0.0000
 ------------------------------------------------------------------------------

wrapping first mol.:       29.97838       42.39583       73.43173

 NSTEP =   760000   TIME(PS) =   36560.000  TEMP(K) =   310.75  PRESS =     0.0
 Etot   =   -113231.3874  EKtot   =     31610.4180  EPtot      =   -144841.8054
 BOND   =       862.6656  ANGLE   =      2195.3373  DIHED      =      1347.6969
 UB     =         0.0000  IMP     =         0.0000  CMAP       =       214.0733
 1-4 NB =       978.1798  1-4 EEL =     15100.9141  VDWAALS    =     17210.4538
 EELEC  =   -182751.1262  EHBOND  =         0.0000  RESTRAINT  =         0.0000
 ------------------------------------------------------------------------------

wrapping first mol.:       29.97838       42.39583       73.43173

 NSTEP =   780000   TIME(PS) =   36600.000  TEMP(K) =   310.57  PRESS =     0.0
 Etot   =   -113235.0162  EKtot   =     31591.7461  EPtot      =   -144826.7623
 BOND   =       834.1756  ANGLE   =      2209.5910  DIHED      =      1342.6217
 UB     =         0.0000  IMP     =         0.0000  CMAP       =       205.8326
 1-4 NB =       995.6252  1-4 EEL =     15059.3843  VDWAALS    =     17232.6006
 EELEC  =   -182706.5933  EHBOND  =         0.0000  RESTRAINT  =         0.0000
 ------------------------------------------------------------------------------

wrapping first mol.:       29.97838       42.39583       73.43173

 NSTEP =   800000   TIME(PS) =   36640.000  TEMP(K) =   308.06  PRESS =     0.0
 Etot   =   -113682.9024  EKtot   =     31336.8926  EPtot      =   -145019.7950
 BOND   =       862.7759  ANGLE   =      2149.0011  DIHED      =      1372.2801
 UB     =         0.0000  IMP     =         0.0000  CMAP       =       217.6439
 1-4 NB =      1004.2272  1-4 EEL =     15084.3030  VDWAALS    =     17472.9294
 EELEC  =   -183182.9556  EHBOND  =         0.0000  RESTRAINT  =         0.0000
 ------------------------------------------------------------------------------

wrapping first mol.:       29.97838       42.39583       73.43173

 NSTEP =   820000   TIME(PS) =   36680.000  TEMP(K) =   307.40  PRESS =     0.0
 Etot   =   -113897.3829  EKtot   =     31269.4336  EPtot      =   -145166.8165
 BOND   =       889.9719  ANGLE   =      2178.7214  DIHED      =      1364.8386
 UB     =         0.0000  IMP     =         0.0000  CMAP       =       213.0558
 1-4 NB =       985.0215  1-4 EEL =     14982.1930  VDWAALS    =     16965.7289
 EELEC  =   -182746.3476  EHBOND  =         0.0000  RESTRAINT  =         0.0000
 ------------------------------------------------------------------------------

wrapping first mol.:       29.97838       42.39583       73.43173

 NSTEP =   840000   TIME(PS) =   36720.000  TEMP(K) =   311.19  PRESS =     0.0
 Etot   =   -113537.6880  EKtot   =     31654.7793  EPtot      =   -145192.4673
 BOND   =       836.6770  ANGLE   =      2076.2733  DIHED      =      1354.4786
 UB     =         0.0000  IMP     =         0.0000  CMAP       =       212.9354
 1-4 NB =       988.1952  1-4 EEL =     15064.4548  VDWAALS    =     16945.5495
 EELEC  =   -182671.0311  EHBOND  =         0.0000  RESTRAINT  =         0.0000
 ------------------------------------------------------------------------------

wrapping first mol.:       29.97838       42.39583       73.43173

 NSTEP =   860000   TIME(PS) =   36760.000  TEMP(K) =   311.19  PRESS =     0.0
 Etot   =   -113744.7645  EKtot   =     31654.5098  EPtot      =   -145399.2743
 BOND   =       849.5668  ANGLE   =      2198.2791  DIHED      =      1388.7602
 UB     =         0.0000  IMP     =         0.0000  CMAP       =       213.7445
 1-4 NB =      1012.4435  1-4 EEL =     15190.3360  VDWAALS    =     17103.8687
 EELEC  =   -183356.2729  EHBOND  =         0.0000  RESTRAINT  =         0.0000
 ------------------------------------------------------------------------------

wrapping first mol.:       29.97838       42.39583       73.43173

 NSTEP =   880000   TIME(PS) =   36800.000  TEMP(K) =   311.36  PRESS =     0.0
 Etot   =   -113415.8095  EKtot   =     31672.3770  EPtot      =   -145088.1864
 BOND   =       865.3364  ANGLE   =      2070.6759  DIHED      =      1326.3757
 UB     =         0.0000  IMP     =         0.0000  CMAP       =       214.0847
 1-4 NB =      1006.3034  1-4 EEL =     15201.9986  VDWAALS    =     17149.2241
 EELEC  =   -182922.1853  EHBOND  =         0.0000  RESTRAINT  =         0.0000
 ------------------------------------------------------------------------------

wrapping first mol.:       29.97838       42.39583       73.43173

 NSTEP =   900000   TIME(PS) =   36840.000  TEMP(K) =   310.01  PRESS =     0.0
 Etot   =   -113327.2363  EKtot   =     31535.3398  EPtot      =   -144862.5761
 BOND   =       860.5182  ANGLE   =      2189.4718  DIHED      =      1391.3646
 UB     =         0.0000  IMP     =         0.0000  CMAP       =       215.2895
 1-4 NB =      1000.2992  1-4 EEL =     15056.3739  VDWAALS    =     17274.2700
 EELEC  =   -182850.1632  EHBOND  =         0.0000  RESTRAINT  =         0.0000
 ------------------------------------------------------------------------------

wrapping first mol.:       29.97838       42.39583       73.43173

 NSTEP =   920000   TIME(PS) =   36880.000  TEMP(K) =   309.59  PRESS =     0.0
 Etot   =   -113366.5011  EKtot   =     31491.9062  EPtot      =   -144858.4074
 BOND   =       873.8367  ANGLE   =      2211.5778  DIHED      =      1354.9783
 UB     =         0.0000  IMP     =         0.0000  CMAP       =       204.2732
 1-4 NB =      1000.2014  1-4 EEL =     15047.3937  VDWAALS    =     17161.3138
 EELEC  =   -182711.9823  EHBOND  =         0.0000  RESTRAINT  =         0.0000
 ------------------------------------------------------------------------------

wrapping first mol.:       29.97838       42.39583       73.43173

 NSTEP =   940000   TIME(PS) =   36920.000  TEMP(K) =   309.59  PRESS =     0.0
 Etot   =   -113374.3465  EKtot   =     31491.8242  EPtot      =   -144866.1708
 BOND   =       840.1744  ANGLE   =      2263.7346  DIHED      =      1370.2517
 UB     =         0.0000  IMP     =         0.0000  CMAP       =       203.3207
 1-4 NB =       974.7826  1-4 EEL =     15074.4000  VDWAALS    =     17446.2356
 EELEC  =   -183039.0703  EHBOND  =         0.0000  RESTRAINT  =         0.0000
 ------------------------------------------------------------------------------

wrapping first mol.:       29.97838       42.39583       73.43173

 NSTEP =   960000   TIME(PS) =   36960.000  TEMP(K) =   310.53  PRESS =     0.0
 Etot   =   -113500.5885  EKtot   =     31587.7852  EPtot      =   -145088.3737
 BOND   =       908.5647  ANGLE   =      2196.5242  DIHED      =      1333.7758
 UB     =         0.0000  IMP     =         0.0000  CMAP       =       220.0074
 1-4 NB =       995.6005  1-4 EEL =     15076.4174  VDWAALS    =     17344.7876
 EELEC  =   -183164.0514  EHBOND  =         0.0000  RESTRAINT  =         0.0000
 ------------------------------------------------------------------------------

wrapping first mol.:       29.97838       42.39583       73.43173

 NSTEP =   980000   TIME(PS) =   37000.000  TEMP(K) =   309.45  PRESS =     0.0
 Etot   =   -113657.5442  EKtot   =     31477.9219  EPtot      =   -145135.4661
 BOND   =       815.2124  ANGLE   =      2198.3304  DIHED      =      1334.2860
 UB     =         0.0000  IMP     =         0.0000  CMAP       =       203.0211
 1-4 NB =       984.0178  1-4 EEL =     15057.5535  VDWAALS    =     16920.7268
 EELEC  =   -182648.6140  EHBOND  =         0.0000  RESTRAINT  =         0.0000
 ------------------------------------------------------------------------------

wrapping first mol.:       29.97838       42.39583       73.43173

 NSTEP =  1000000   TIME(PS) =   37040.000  TEMP(K) =   309.41  PRESS =     0.0
 Etot   =   -113489.1089  EKtot   =     31473.7891  EPtot      =   -144962.8980
 BOND   =       873.9673  ANGLE   =      2139.1684  DIHED      =      1384.0700
 UB     =         0.0000  IMP     =         0.0000  CMAP       =       190.4673
 1-4 NB =      1002.4818  1-4 EEL =     15097.9734  VDWAALS    =     17421.4195
 EELEC  =   -183072.4455  EHBOND  =         0.0000  RESTRAINT  =         0.0000
 ------------------------------------------------------------------------------

wrapping first mol.:       29.97838       42.39583       73.43173

 NSTEP =  1020000   TIME(PS) =   37080.000  TEMP(K) =   310.89  PRESS =     0.0
 Etot   =   -113489.0818  EKtot   =     31624.5332  EPtot      =   -145113.6150
 BOND   =       858.4819  ANGLE   =      2140.6692  DIHED      =      1325.9994
 UB     =         0.0000  IMP     =         0.0000  CMAP       =       206.7977
 1-4 NB =      1006.2506  1-4 EEL =     15087.9804  VDWAALS    =     17256.0254
 EELEC  =   -182995.8199  EHBOND  =         0.0000  RESTRAINT  =         0.0000
 ------------------------------------------------------------------------------

wrapping first mol.:       29.97838       42.39583       73.43173

 NSTEP =  1040000   TIME(PS) =   37120.000  TEMP(K) =   308.22  PRESS =     0.0
 Etot   =   -113752.3757  EKtot   =     31352.6543  EPtot      =   -145105.0300
 BOND   =       840.1143  ANGLE   =      2148.5347  DIHED      =      1373.2977
 UB     =         0.0000  IMP     =         0.0000  CMAP       =       210.8423
 1-4 NB =       998.7843  1-4 EEL =     15068.0344  VDWAALS    =     17331.7220
 EELEC  =   -183076.3597  EHBOND  =         0.0000  RESTRAINT  =         0.0000
 ------------------------------------------------------------------------------

wrapping first mol.:       29.97838       42.39583       73.43173

 NSTEP =  1060000   TIME(PS) =   37160.000  TEMP(K) =   309.88  PRESS =     0.0
 Etot   =   -113707.4857  EKtot   =     31521.9805  EPtot      =   -145229.4661
 BOND   =       871.2426  ANGLE   =      2217.8961  DIHED      =      1362.5708
 UB     =         0.0000  IMP     =         0.0000  CMAP       =       209.9541
 1-4 NB =       997.5758  1-4 EEL =     15107.4336  VDWAALS    =     17141.6044
 EELEC  =   -183137.7436  EHBOND  =         0.0000  RESTRAINT  =         0.0000
 ------------------------------------------------------------------------------

wrapping first mol.:       29.97838       42.39583       73.43173

 NSTEP =  1080000   TIME(PS) =   37200.000  TEMP(K) =   309.68  PRESS =     0.0
 Etot   =   -113864.3831  EKtot   =     31500.9277  EPtot      =   -145365.3108
 BOND   =       879.8952  ANGLE   =      2140.8459  DIHED      =      1336.1962
 UB     =         0.0000  IMP     =         0.0000  CMAP       =       224.6598
 1-4 NB =       971.1884  1-4 EEL =     15055.3376  VDWAALS    =     17084.1653
 EELEC  =   -183057.5992  EHBOND  =         0.0000  RESTRAINT  =         0.0000
 ------------------------------------------------------------------------------

wrapping first mol.:       29.97838       42.39583       73.43173

 NSTEP =  1100000   TIME(PS) =   37240.000  TEMP(K) =   310.81  PRESS =     0.0
 Etot   =   -113723.7063  EKtot   =     31616.5664  EPtot      =   -145340.2727
 BOND   =       842.8825  ANGLE   =      2134.9439  DIHED      =      1348.6634
 UB     =         0.0000  IMP     =         0.0000  CMAP       =       214.9253
 1-4 NB =       992.2037  1-4 EEL =     15132.4657  VDWAALS    =     16986.6948
 EELEC  =   -182993.0520  EHBOND  =         0.0000  RESTRAINT  =         0.0000
 ------------------------------------------------------------------------------

wrapping first mol.:       29.97838       42.39583       73.43173

 NSTEP =  1120000   TIME(PS) =   37280.000  TEMP(K) =   309.91  PRESS =     0.0
 Etot   =   -113766.5016  EKtot   =     31524.4648  EPtot      =   -145290.9664
 BOND   =       854.5632  ANGLE   =      2101.7084  DIHED      =      1327.8097
 UB     =         0.0000  IMP     =         0.0000  CMAP       =       200.4856
 1-4 NB =      1003.5048  1-4 EEL =     15103.3361  VDWAALS    =     17118.7227
 EELEC  =   -183001.0968  EHBOND  =         0.0000  RESTRAINT  =         0.0000
 ------------------------------------------------------------------------------

wrapping first mol.:       29.97838       42.39583       73.43173

 NSTEP =  1140000   TIME(PS) =   37320.000  TEMP(K) =   308.86  PRESS =     0.0
 Etot   =   -113574.6346  EKtot   =     31418.1289  EPtot      =   -144992.7635
 BOND   =       853.7931  ANGLE   =      2149.8221  DIHED      =      1350.1237
 UB     =         0.0000  IMP     =         0.0000  CMAP       =       215.7378
 1-4 NB =       989.3968  1-4 EEL =     15084.7399  VDWAALS    =     17231.1451
 EELEC  =   -182867.5221  EHBOND  =         0.0000  RESTRAINT  =         0.0000
 ------------------------------------------------------------------------------

wrapping first mol.:       29.97838       42.39583       73.43173

 NSTEP =  1160000   TIME(PS) =   37360.000  TEMP(K) =   308.04  PRESS =     0.0
 Etot   =   -113477.0978  EKtot   =     31334.1289  EPtot      =   -144811.2267
 BOND   =       905.7534  ANGLE   =      2158.8943  DIHED      =      1371.3969
 UB     =         0.0000  IMP     =         0.0000  CMAP       =       201.2661
 1-4 NB =       991.0861  1-4 EEL =     15007.4320  VDWAALS    =     17053.8389
 EELEC  =   -182500.8943  EHBOND  =         0.0000  RESTRAINT  =         0.0000
 ------------------------------------------------------------------------------

wrapping first mol.:       29.97838       42.39583       73.43173

 NSTEP =  1180000   TIME(PS) =   37400.000  TEMP(K) =   309.85  PRESS =     0.0
 Etot   =   -113766.1415  EKtot   =     31518.5195  EPtot      =   -145284.6611
 BOND   =       850.1314  ANGLE   =      2126.0763  DIHED      =      1362.2514
 UB     =         0.0000  IMP     =         0.0000  CMAP       =       207.1220
 1-4 NB =       983.6069  1-4 EEL =     14981.0423  VDWAALS    =     17274.1310
 EELEC  =   -183069.0223  EHBOND  =         0.0000  RESTRAINT  =         0.0000
 ------------------------------------------------------------------------------

wrapping first mol.:       29.97838       42.39583       73.43173

 NSTEP =  1200000   TIME(PS) =   37440.000  TEMP(K) =   309.00  PRESS =     0.0
 Etot   =   -113935.0849  EKtot   =     31432.2637  EPtot      =   -145367.3486
 BOND   =       837.5612  ANGLE   =      2170.1901  DIHED      =      1328.7529
 UB     =         0.0000  IMP     =         0.0000  CMAP       =       204.6037
 1-4 NB =       988.4852  1-4 EEL =     15027.8268  VDWAALS    =     17408.3936
 EELEC  =   -183333.1621  EHBOND  =         0.0000  RESTRAINT  =         0.0000
 ------------------------------------------------------------------------------

wrapping first mol.:       29.97838       42.39583       73.43173

 NSTEP =  1220000   TIME(PS) =   37480.000  TEMP(K) =   311.38  PRESS =     0.0
 Etot   =   -113756.2847  EKtot   =     31674.0820  EPtot      =   -145430.3667
 BOND   =       853.8129  ANGLE   =      2078.5020  DIHED      =      1342.1521
 UB     =         0.0000  IMP     =         0.0000  CMAP       =       200.9781
 1-4 NB =       997.2990  1-4 EEL =     15054.5902  VDWAALS    =     17260.6033
 EELEC  =   -183218.3044  EHBOND  =         0.0000  RESTRAINT  =         0.0000
 ------------------------------------------------------------------------------

wrapping first mol.:       29.97838       42.39583       73.43173

 NSTEP =  1240000   TIME(PS) =   37520.000  TEMP(K) =   310.17  PRESS =     0.0
 Etot   =   -113544.5572  EKtot   =     31551.6250  EPtot      =   -145096.1822
 BOND   =       875.0499  ANGLE   =      2156.7698  DIHED      =      1370.0284
 UB     =         0.0000  IMP     =         0.0000  CMAP       =       208.9586
 1-4 NB =       973.8395  1-4 EEL =     15075.3067  VDWAALS    =     17331.5762
 EELEC  =   -183087.7112  EHBOND  =         0.0000  RESTRAINT  =         0.0000
 ------------------------------------------------------------------------------

wrapping first mol.:       29.97838       42.39583       73.43173

 NSTEP =  1260000   TIME(PS) =   37560.000  TEMP(K) =   311.01  PRESS =     0.0
 Etot   =   -113691.3411  EKtot   =     31636.7793  EPtot      =   -145328.1204
 BOND   =       893.9516  ANGLE   =      2128.3017  DIHED      =      1388.0811
 UB     =         0.0000  IMP     =         0.0000  CMAP       =       191.5597
 1-4 NB =       992.7140  1-4 EEL =     15042.0313  VDWAALS    =     17483.5190
 EELEC  =   -183448.2788  EHBOND  =         0.0000  RESTRAINT  =         0.0000
 ------------------------------------------------------------------------------

wrapping first mol.:       29.97838       42.39583       73.43173

 NSTEP =  1280000   TIME(PS) =   37600.000  TEMP(K) =   308.83  PRESS =     0.0
 Etot   =   -113705.8898  EKtot   =     31415.2734  EPtot      =   -145121.1632
 BOND   =       880.1806  ANGLE   =      2135.4416  DIHED      =      1348.5678
 UB     =         0.0000  IMP     =         0.0000  CMAP       =       217.0800
 1-4 NB =       992.9763  1-4 EEL =     15013.6307  VDWAALS    =     17360.9061
 EELEC  =   -183069.9465  EHBOND  =         0.0000  RESTRAINT  =         0.0000
 ------------------------------------------------------------------------------

wrapping first mol.:       29.97838       42.39583       73.43173

 NSTEP =  1300000   TIME(PS) =   37640.000  TEMP(K) =   308.72  PRESS =     0.0
 Etot   =   -113841.6909  EKtot   =     31404.0723  EPtot      =   -145245.7631
 BOND   =       845.9352  ANGLE   =      2126.0432  DIHED      =      1384.0282
 UB     =         0.0000  IMP     =         0.0000  CMAP       =       212.2417
 1-4 NB =       982.9080  1-4 EEL =     15048.5515  VDWAALS    =     17049.4237
 EELEC  =   -182894.8945  EHBOND  =         0.0000  RESTRAINT  =         0.0000
 ------------------------------------------------------------------------------

wrapping first mol.:       29.97838       42.39583       73.43173

 NSTEP =  1320000   TIME(PS) =   37680.000  TEMP(K) =   310.85  PRESS =     0.0
 Etot   =   -113547.1341  EKtot   =     31619.9219  EPtot      =   -145167.0559
 BOND   =       860.5744  ANGLE   =      2116.8041  DIHED      =      1372.6940
 UB     =         0.0000  IMP     =         0.0000  CMAP       =       222.3061
 1-4 NB =       999.4356  1-4 EEL =     14985.2430  VDWAALS    =     17714.5647
 EELEC  =   -183438.6779  EHBOND  =         0.0000  RESTRAINT  =         0.0000
 ------------------------------------------------------------------------------

wrapping first mol.:       29.97838       42.39583       73.43173

 NSTEP =  1340000   TIME(PS) =   37720.000  TEMP(K) =   308.63  PRESS =     0.0
 Etot   =   -113673.3222  EKtot   =     31394.3340  EPtot      =   -145067.6562
 BOND   =       856.3816  ANGLE   =      2213.5802  DIHED      =      1347.0743
 UB     =         0.0000  IMP     =         0.0000  CMAP       =       208.5460
 1-4 NB =      1006.0310  1-4 EEL =     15027.3704  VDWAALS    =     17188.7764
 EELEC  =   -182915.4161  EHBOND  =         0.0000  RESTRAINT  =         0.0000
 ------------------------------------------------------------------------------

wrapping first mol.:       29.97838       42.39583       73.43173

 NSTEP =  1360000   TIME(PS) =   37760.000  TEMP(K) =   308.62  PRESS =     0.0
 Etot   =   -114166.2945  EKtot   =     31393.5840  EPtot      =   -145559.8784
 BOND   =       921.9152  ANGLE   =      2144.3328  DIHED      =      1353.6405
 UB     =         0.0000  IMP     =         0.0000  CMAP       =       207.3028
 1-4 NB =       990.8030  1-4 EEL =     15016.7393  VDWAALS    =     17215.0034
 EELEC  =   -183409.6155  EHBOND  =         0.0000  RESTRAINT  =         0.0000
 ------------------------------------------------------------------------------

wrapping first mol.:       29.97838       42.39583       73.43173

 NSTEP =  1380000   TIME(PS) =   37800.000  TEMP(K) =   310.19  PRESS =     0.0
 Etot   =   -113597.3416  EKtot   =     31553.4375  EPtot      =   -145150.7791
 BOND   =       877.8304  ANGLE   =      2183.7996  DIHED      =      1334.4884
 UB     =         0.0000  IMP     =         0.0000  CMAP       =       202.7374
 1-4 NB =       987.7822  1-4 EEL =     15123.0472  VDWAALS    =     17093.9320
 EELEC  =   -182954.3964  EHBOND  =         0.0000  RESTRAINT  =         0.0000
 ------------------------------------------------------------------------------

wrapping first mol.:       29.97838       42.39583       73.43173

 NSTEP =  1400000   TIME(PS) =   37840.000  TEMP(K) =   308.44  PRESS =     0.0
 Etot   =   -113993.7411  EKtot   =     31375.2148  EPtot      =   -145368.9559
 BOND   =       892.3471  ANGLE   =      2169.2003  DIHED      =      1376.8183
 UB     =         0.0000  IMP     =         0.0000  CMAP       =       211.1142
 1-4 NB =       980.1698  1-4 EEL =     15140.0539  VDWAALS    =     17393.0877
 EELEC  =   -183531.7471  EHBOND  =         0.0000  RESTRAINT  =         0.0000
 ------------------------------------------------------------------------------

wrapping first mol.:       29.97838       42.39583       73.43173

 NSTEP =  1420000   TIME(PS) =   37880.000  TEMP(K) =   309.63  PRESS =     0.0
 Etot   =   -113756.1150  EKtot   =     31495.9297  EPtot      =   -145252.0447
 BOND   =       831.2128  ANGLE   =      2145.8761  DIHED      =      1359.6698
 UB     =         0.0000  IMP     =         0.0000  CMAP       =       217.1635
 1-4 NB =       977.3090  1-4 EEL =     15036.2095  VDWAALS    =     17362.2755
 EELEC  =   -183181.7609  EHBOND  =         0.0000  RESTRAINT  =         0.0000
 ------------------------------------------------------------------------------

wrapping first mol.:       29.97838       42.39583       73.43173

 NSTEP =  1440000   TIME(PS) =   37920.000  TEMP(K) =   312.37  PRESS =     0.0
 Etot   =   -113510.6993  EKtot   =     31775.2188  EPtot      =   -145285.9180
 BOND   =       866.0621  ANGLE   =      2217.7665  DIHED      =      1343.0620
 UB     =         0.0000  IMP     =         0.0000  CMAP       =       206.4417
 1-4 NB =       985.0103  1-4 EEL =     15044.9459  VDWAALS    =     17489.8245
 EELEC  =   -183439.0311  EHBOND  =         0.0000  RESTRAINT  =         0.0000
 ------------------------------------------------------------------------------

wrapping first mol.:       29.97838       42.39583       73.43173

 NSTEP =  1460000   TIME(PS) =   37960.000  TEMP(K) =   309.45  PRESS =     0.0
 Etot   =   -113688.7814  EKtot   =     31477.7422  EPtot      =   -145166.5235
 BOND   =       900.0748  ANGLE   =      2167.3918  DIHED      =      1382.3614
 UB     =         0.0000  IMP     =         0.0000  CMAP       =       197.2683
 1-4 NB =       976.7678  1-4 EEL =     15104.6112  VDWAALS    =     17252.8156
 EELEC  =   -183147.8144  EHBOND  =         0.0000  RESTRAINT  =         0.0000
 ------------------------------------------------------------------------------

wrapping first mol.:       29.97838       42.39583       73.43173

 NSTEP =  1480000   TIME(PS) =   38000.000  TEMP(K) =   310.24  PRESS =     0.0
 Etot   =   -113689.2814  EKtot   =     31558.0430  EPtot      =   -145247.3244
 BOND   =       827.5122  ANGLE   =      2178.8358  DIHED      =      1369.1673
 UB     =         0.0000  IMP     =         0.0000  CMAP       =       186.8991
 1-4 NB =      1014.1433  1-4 EEL =     15080.4855  VDWAALS    =     17518.4220
 EELEC  =   -183422.7896  EHBOND  =         0.0000  RESTRAINT  =         0.0000
 ------------------------------------------------------------------------------

wrapping first mol.:       29.97838       42.39583       73.43173

 NSTEP =  1500000   TIME(PS) =   38040.000  TEMP(K) =   310.97  PRESS =     0.0
 Etot   =   -113982.6012  EKtot   =     31632.3965  EPtot      =   -145614.9977
 BOND   =       825.2280  ANGLE   =      2115.7319  DIHED      =      1347.5243
 UB     =         0.0000  IMP     =         0.0000  CMAP       =       196.4929
 1-4 NB =       980.6867  1-4 EEL =     15051.2185  VDWAALS    =     17091.5034
 EELEC  =   -183223.3833  EHBOND  =         0.0000  RESTRAINT  =         0.0000
 ------------------------------------------------------------------------------

wrapping first mol.:       29.97838       42.39583       73.43173

 NSTEP =  1520000   TIME(PS) =   38080.000  TEMP(K) =   309.53  PRESS =     0.0
 Etot   =   -114024.6826  EKtot   =     31486.4414  EPtot      =   -145511.1240
 BOND   =       866.9349  ANGLE   =      2097.6840  DIHED      =      1366.3925
 UB     =         0.0000  IMP     =         0.0000  CMAP       =       205.4165
 1-4 NB =       994.3540  1-4 EEL =     15130.6007  VDWAALS    =     17653.3402
 EELEC  =   -183825.8469  EHBOND  =         0.0000  RESTRAINT  =         0.0000
 ------------------------------------------------------------------------------

wrapping first mol.:       29.97838       42.39583       73.43173

 NSTEP =  1540000   TIME(PS) =   38120.000  TEMP(K) =   311.79  PRESS =     0.0
 Etot   =   -113399.0938  EKtot   =     31716.3770  EPtot      =   -145115.4708
 BOND   =       835.6109  ANGLE   =      2176.1021  DIHED      =      1344.0925
 UB     =         0.0000  IMP     =         0.0000  CMAP       =       206.7108
 1-4 NB =       975.1838  1-4 EEL =     15051.0553  VDWAALS    =     17630.9421
 EELEC  =   -183335.1681  EHBOND  =         0.0000  RESTRAINT  =         0.0000
 ------------------------------------------------------------------------------

wrapping first mol.:       29.97838       42.39583       73.43173

 NSTEP =  1560000   TIME(PS) =   38160.000  TEMP(K) =   310.48  PRESS =     0.0
 Etot   =   -113584.4531  EKtot   =     31583.1465  EPtot      =   -145167.5996
 BOND   =       800.8557  ANGLE   =      2147.5953  DIHED      =      1384.8579
 UB     =         0.0000  IMP     =         0.0000  CMAP       =       192.5287
 1-4 NB =       999.3111  1-4 EEL =     15159.3775  VDWAALS    =     17397.0511
 EELEC  =   -183249.1768  EHBOND  =         0.0000  RESTRAINT  =         0.0000
 ------------------------------------------------------------------------------

wrapping first mol.:       29.97838       42.39583       73.43173

 NSTEP =  1580000   TIME(PS) =   38200.000  TEMP(K) =   309.00  PRESS =     0.0
 Etot   =   -113951.8456  EKtot   =     31432.3789  EPtot      =   -145384.2245
 BOND   =       848.2005  ANGLE   =      2128.1168  DIHED      =      1354.2512
 UB     =         0.0000  IMP     =         0.0000  CMAP       =       192.7667
 1-4 NB =       978.6187  1-4 EEL =     15094.5355  VDWAALS    =     17129.0656
 EELEC  =   -183109.7796  EHBOND  =         0.0000  RESTRAINT  =         0.0000
 ------------------------------------------------------------------------------

wrapping first mol.:       29.97838       42.39583       73.43173

 NSTEP =  1600000   TIME(PS) =   38240.000  TEMP(K) =   308.84  PRESS =     0.0
 Etot   =   -113881.7005  EKtot   =     31415.8984  EPtot      =   -145297.5989
 BOND   =       837.0860  ANGLE   =      2080.8958  DIHED      =      1341.1713
 UB     =         0.0000  IMP     =         0.0000  CMAP       =       203.0246
 1-4 NB =       996.0603  1-4 EEL =     15143.5517  VDWAALS    =     16887.6106
 EELEC  =   -182786.9992  EHBOND  =         0.0000  RESTRAINT  =         0.0000
 ------------------------------------------------------------------------------

wrapping first mol.:       29.97838       42.39583       73.43173

 NSTEP =  1620000   TIME(PS) =   38280.000  TEMP(K) =   308.70  PRESS =     0.0
 Etot   =   -113905.8482  EKtot   =     31401.9629  EPtot      =   -145307.8111
 BOND   =       876.0890  ANGLE   =      2145.6124  DIHED      =      1358.7219
 UB     =         0.0000  IMP     =         0.0000  CMAP       =       209.9164
 1-4 NB =       989.1834  1-4 EEL =     15154.0012  VDWAALS    =     17325.4641
 EELEC  =   -183366.7995  EHBOND  =         0.0000  RESTRAINT  =         0.0000
 ------------------------------------------------------------------------------

wrapping first mol.:       29.97838       42.39583       73.43173

 NSTEP =  1640000   TIME(PS) =   38320.000  TEMP(K) =   309.84  PRESS =     0.0
 Etot   =   -114163.8911  EKtot   =     31517.2109  EPtot      =   -145681.1020
 BOND   =       850.8720  ANGLE   =      2219.0147  DIHED      =      1366.3727
 UB     =         0.0000  IMP     =         0.0000  CMAP       =       214.0441
 1-4 NB =       962.8403  1-4 EEL =     15131.1465  VDWAALS    =     17427.0988
 EELEC  =   -183852.4911  EHBOND  =         0.0000  RESTRAINT  =         0.0000
 ------------------------------------------------------------------------------

wrapping first mol.:       29.97838       42.39583       73.43173

 NSTEP =  1660000   TIME(PS) =   38360.000  TEMP(K) =   307.29  PRESS =     0.0
 Etot   =   -114118.5076  EKtot   =     31257.9180  EPtot      =   -145376.4256
 BOND   =       855.1708  ANGLE   =      2167.8087  DIHED      =      1380.2910
 UB     =         0.0000  IMP     =         0.0000  CMAP       =       202.6411
 1-4 NB =       983.9593  1-4 EEL =     15095.4063  VDWAALS    =     17310.7470
 EELEC  =   -183372.4498  EHBOND  =         0.0000  RESTRAINT  =         0.0000
 ------------------------------------------------------------------------------

wrapping first mol.:       29.97838       42.39583       73.43173

 NSTEP =  1680000   TIME(PS) =   38400.000  TEMP(K) =   309.54  PRESS =     0.0
 Etot   =   -113794.6144  EKtot   =     31487.6230  EPtot      =   -145282.2374
 BOND   =       871.3552  ANGLE   =      2128.0311  DIHED      =      1372.3494
 UB     =         0.0000  IMP     =         0.0000  CMAP       =       198.1102
 1-4 NB =       956.7865  1-4 EEL =     15103.0821  VDWAALS    =     17379.3144
 EELEC  =   -183291.2663  EHBOND  =         0.0000  RESTRAINT  =         0.0000
 ------------------------------------------------------------------------------

wrapping first mol.:       29.97838       42.39583       73.43173

 NSTEP =  1700000   TIME(PS) =   38440.000  TEMP(K) =   308.81  PRESS =     0.0
 Etot   =   -113653.8285  EKtot   =     31413.0273  EPtot      =   -145066.8559
 BOND   =       865.6404  ANGLE   =      2152.8796  DIHED      =      1365.7450
 UB     =         0.0000  IMP     =         0.0000  CMAP       =       198.2553
 1-4 NB =       984.8084  1-4 EEL =     15164.5007  VDWAALS    =     17465.5238
 EELEC  =   -183264.2091  EHBOND  =         0.0000  RESTRAINT  =         0.0000
 ------------------------------------------------------------------------------

wrapping first mol.:       29.97838       42.39583       73.43173

 NSTEP =  1720000   TIME(PS) =   38480.000  TEMP(K) =   308.63  PRESS =     0.0
 Etot   =   -113916.0995  EKtot   =     31394.5195  EPtot      =   -145310.6190
 BOND   =       841.3771  ANGLE   =      2129.9203  DIHED      =      1332.5928
 UB     =         0.0000  IMP     =         0.0000  CMAP       =       213.3596
 1-4 NB =       987.8792  1-4 EEL =     15069.3074  VDWAALS    =     17512.7245
 EELEC  =   -183397.7799  EHBOND  =         0.0000  RESTRAINT  =         0.0000
 ------------------------------------------------------------------------------

wrapping first mol.:       29.97838       42.39583       73.43173

 NSTEP =  1740000   TIME(PS) =   38520.000  TEMP(K) =   310.23  PRESS =     0.0
 Etot   =   -113750.5364  EKtot   =     31557.5645  EPtot      =   -145308.1008
 BOND   =       844.6194  ANGLE   =      2087.4408  DIHED      =      1340.5053
 UB     =         0.0000  IMP     =         0.0000  CMAP       =       226.6645
 1-4 NB =      1002.4518  1-4 EEL =     15118.6853  VDWAALS    =     17256.7651
 EELEC  =   -183185.2331  EHBOND  =         0.0000  RESTRAINT  =         0.0000
 ------------------------------------------------------------------------------

wrapping first mol.:       29.97838       42.39583       73.43173

 NSTEP =  1760000   TIME(PS) =   38560.000  TEMP(K) =   307.92  PRESS =     0.0
 Etot   =   -113888.2747  EKtot   =     31322.1035  EPtot      =   -145210.3783
 BOND   =       865.6932  ANGLE   =      2128.9355  DIHED      =      1374.6041
 UB     =         0.0000  IMP     =         0.0000  CMAP       =       206.4560
 1-4 NB =      1009.5948  1-4 EEL =     15134.8107  VDWAALS    =     17229.8071
 EELEC  =   -183160.2797  EHBOND  =         0.0000  RESTRAINT  =         0.0000
 ------------------------------------------------------------------------------

wrapping first mol.:       29.97838       42.39583       73.43173

 NSTEP =  1780000   TIME(PS) =   38600.000  TEMP(K) =   308.48  PRESS =     0.0
 Etot   =   -114163.7963  EKtot   =     31379.2812  EPtot      =   -145543.0776
 BOND   =       888.4758  ANGLE   =      2193.1229  DIHED      =      1379.1869
 UB     =         0.0000  IMP     =         0.0000  CMAP       =       191.8362
 1-4 NB =      1000.5805  1-4 EEL =     15141.3311  VDWAALS    =     17534.3197
 EELEC  =   -183871.9308  EHBOND  =         0.0000  RESTRAINT  =         0.0000
 ------------------------------------------------------------------------------

wrapping first mol.:       29.97838       42.39583       73.43173

 NSTEP =  1800000   TIME(PS) =   38640.000  TEMP(K) =   307.76  PRESS =     0.0
 Etot   =   -114172.0678  EKtot   =     31305.9785  EPtot      =   -145478.0463
 BOND   =       840.8337  ANGLE   =      2165.8982  DIHED      =      1380.1758
 UB     =         0.0000  IMP     =         0.0000  CMAP       =       202.5896
 1-4 NB =       989.8266  1-4 EEL =     15092.8604  VDWAALS    =     17197.2391
 EELEC  =   -183347.4697  EHBOND  =         0.0000  RESTRAINT  =         0.0000
 ------------------------------------------------------------------------------

wrapping first mol.:       29.97838       42.39583       73.43173

 NSTEP =  1820000   TIME(PS) =   38680.000  TEMP(K) =   308.45  PRESS =     0.0
 Etot   =   -113947.0944  EKtot   =     31376.1074  EPtot      =   -145323.2018
 BOND   =       862.9360  ANGLE   =      2112.8868  DIHED      =      1358.5396
 UB     =         0.0000  IMP     =         0.0000  CMAP       =       190.6194
 1-4 NB =       995.3318  1-4 EEL =     15147.0559  VDWAALS    =     17605.9206
 EELEC  =   -183596.4919  EHBOND  =         0.0000  RESTRAINT  =         0.0000
 ------------------------------------------------------------------------------

wrapping first mol.:       29.97838       42.39583       73.43173

 NSTEP =  1840000   TIME(PS) =   38720.000  TEMP(K) =   311.39  PRESS =     0.0
 Etot   =   -113379.7929  EKtot   =     31675.2461  EPtot      =   -145055.0390
 BOND   =       869.0263  ANGLE   =      2104.4250  DIHED      =      1394.6490
 UB     =         0.0000  IMP     =         0.0000  CMAP       =       197.1677
 1-4 NB =       983.5776  1-4 EEL =     15193.6664  VDWAALS    =     17299.9275
 EELEC  =   -183097.4784  EHBOND  =         0.0000  RESTRAINT  =         0.0000
 ------------------------------------------------------------------------------

wrapping first mol.:       29.97838       42.39583       73.43173

 NSTEP =  1860000   TIME(PS) =   38760.000  TEMP(K) =   310.93  PRESS =     0.0
 Etot   =   -113446.5485  EKtot   =     31628.8301  EPtot      =   -145075.3786
 BOND   =       859.6437  ANGLE   =      2144.1990  DIHED      =      1377.3897
 UB     =         0.0000  IMP     =         0.0000  CMAP       =       226.2824
 1-4 NB =       967.7828  1-4 EEL =     15157.1525  VDWAALS    =     17540.9371
 EELEC  =   -183348.7656  EHBOND  =         0.0000  RESTRAINT  =         0.0000
 ------------------------------------------------------------------------------

wrapping first mol.:       29.97838       42.39583       73.43173

 NSTEP =  1880000   TIME(PS) =   38800.000  TEMP(K) =   312.20  PRESS =     0.0
 Etot   =   -113553.8342  EKtot   =     31758.0840  EPtot      =   -145311.9182
 BOND   =       860.6320  ANGLE   =      2097.1455  DIHED      =      1335.9118
 UB     =         0.0000  IMP     =         0.0000  CMAP       =       181.8038
 1-4 NB =      1005.8829  1-4 EEL =     15163.0619  VDWAALS    =     17217.5136
 EELEC  =   -183173.8699  EHBOND  =         0.0000  RESTRAINT  =         0.0000
 ------------------------------------------------------------------------------

wrapping first mol.:       29.97838       42.39583       73.43173

 NSTEP =  1900000   TIME(PS) =   38840.000  TEMP(K) =   309.67  PRESS =     0.0
 Etot   =   -113568.7506  EKtot   =     31500.5020  EPtot      =   -145069.2526
 BOND   =       858.8331  ANGLE   =      2179.9647  DIHED      =      1359.5175
 UB     =         0.0000  IMP     =         0.0000  CMAP       =       174.0756
 1-4 NB =       986.1575  1-4 EEL =     15196.7452  VDWAALS    =     17323.9399
 EELEC  =   -183148.4861  EHBOND  =         0.0000  RESTRAINT  =         0.0000
 ------------------------------------------------------------------------------

wrapping first mol.:       29.97838       42.39583       73.43173

 NSTEP =  1920000   TIME(PS) =   38880.000  TEMP(K) =   309.72  PRESS =     0.0
 Etot   =   -113941.8195  EKtot   =     31505.8301  EPtot      =   -145447.6496
 BOND   =       820.4989  ANGLE   =      2140.0006  DIHED      =      1338.0425
 UB     =         0.0000  IMP     =         0.0000  CMAP       =       222.6663
 1-4 NB =       968.1232  1-4 EEL =     15149.0841  VDWAALS    =     17460.2859
 EELEC  =   -183546.3511  EHBOND  =         0.0000  RESTRAINT  =         0.0000
 ------------------------------------------------------------------------------

wrapping first mol.:       29.97838       42.39583       73.43173

 NSTEP =  1940000   TIME(PS) =   38920.000  TEMP(K) =   310.58  PRESS =     0.0
 Etot   =   -114044.8307  EKtot   =     31592.8438  EPtot      =   -145637.6744
 BOND   =       810.4074  ANGLE   =      2135.4034  DIHED      =      1345.4050
 UB     =         0.0000  IMP     =         0.0000  CMAP       =       214.4230
 1-4 NB =       987.0350  1-4 EEL =     15157.3112  VDWAALS    =     17111.6364
 EELEC  =   -183399.2959  EHBOND  =         0.0000  RESTRAINT  =         0.0000
 ------------------------------------------------------------------------------

wrapping first mol.:       29.97838       42.39583       73.43173

 NSTEP =  1960000   TIME(PS) =   38960.000  TEMP(K) =   309.91  PRESS =     0.0
 Etot   =   -113506.1703  EKtot   =     31524.5215  EPtot      =   -145030.6918
 BOND   =       888.0793  ANGLE   =      2159.3106  DIHED      =      1406.1772
 UB     =         0.0000  IMP     =         0.0000  CMAP       =       189.2618
 1-4 NB =       992.3707  1-4 EEL =     15169.7920  VDWAALS    =     17121.9849
 EELEC  =   -182957.6683  EHBOND  =         0.0000  RESTRAINT  =         0.0000
 ------------------------------------------------------------------------------

wrapping first mol.:       29.97838       42.39583       73.43173

 NSTEP =  1980000   TIME(PS) =   39000.000  TEMP(K) =   308.79  PRESS =     0.0
 Etot   =   -113626.9991  EKtot   =     31410.7090  EPtot      =   -145037.7081
 BOND   =       854.8549  ANGLE   =      2142.1004  DIHED      =      1367.8080
 UB     =         0.0000  IMP     =         0.0000  CMAP       =       188.6895
 1-4 NB =      1014.4641  1-4 EEL =     15151.7046  VDWAALS    =     17032.6403
 EELEC  =   -182789.9699  EHBOND  =         0.0000  RESTRAINT  =         0.0000
 ------------------------------------------------------------------------------

wrapping first mol.:       29.97838       42.39583       73.43173

 NSTEP =  2000000   TIME(PS) =   39040.000  TEMP(K) =   308.74  PRESS =     0.0
 Etot   =   -113758.8481  EKtot   =     31406.2656  EPtot      =   -145165.1137
 BOND   =       886.6423  ANGLE   =      2132.1097  DIHED      =      1365.2404
 UB     =         0.0000  IMP     =         0.0000  CMAP       =       188.9429
 1-4 NB =      1005.7737  1-4 EEL =     15196.8187  VDWAALS    =     17391.0220
 EELEC  =   -183331.6634  EHBOND  =         0.0000  RESTRAINT  =         0.0000
 ------------------------------------------------------------------------------

wrapping first mol.:       29.97838       42.39583       73.43173

 NSTEP =  2020000   TIME(PS) =   39080.000  TEMP(K) =   308.90  PRESS =     0.0
 Etot   =   -113394.0013  EKtot   =     31421.5957  EPtot      =   -144815.5970
 BOND   =       888.1991  ANGLE   =      2185.1026  DIHED      =      1395.3731
 UB     =         0.0000  IMP     =         0.0000  CMAP       =       192.3499
 1-4 NB =       994.8078  1-4 EEL =     15251.6084  VDWAALS    =     17379.0886
 EELEC  =   -183102.1264  EHBOND  =         0.0000  RESTRAINT  =         0.0000
 ------------------------------------------------------------------------------

wrapping first mol.:       29.97838       42.39583       73.43173

 NSTEP =  2040000   TIME(PS) =   39120.000  TEMP(K) =   309.92  PRESS =     0.0
 Etot   =   -113475.5857  EKtot   =     31526.2930  EPtot      =   -145001.8787
 BOND   =       849.4674  ANGLE   =      2134.9907  DIHED      =      1378.0770
 UB     =         0.0000  IMP     =         0.0000  CMAP       =       202.0808
 1-4 NB =       999.1084  1-4 EEL =     15094.5258  VDWAALS    =     17111.1293
 EELEC  =   -182771.2582  EHBOND  =         0.0000  RESTRAINT  =         0.0000
 ------------------------------------------------------------------------------

wrapping first mol.:       29.97838       42.39583       73.43173

 NSTEP =  2060000   TIME(PS) =   39160.000  TEMP(K) =   308.48  PRESS =     0.0
 Etot   =   -113847.3135  EKtot   =     31378.8281  EPtot      =   -145226.1416
 BOND   =       894.0601  ANGLE   =      2214.9826  DIHED      =      1347.0666
 UB     =         0.0000  IMP     =         0.0000  CMAP       =       208.6336
 1-4 NB =       982.8911  1-4 EEL =     15115.5615  VDWAALS    =     17483.9702
 EELEC  =   -183473.3072  EHBOND  =         0.0000  RESTRAINT  =         0.0000
 ------------------------------------------------------------------------------

wrapping first mol.:       29.97838       42.39583       73.43173

 NSTEP =  2080000   TIME(PS) =   39200.000  TEMP(K) =   309.41  PRESS =     0.0
 Etot   =   -113978.4433  EKtot   =     31473.6230  EPtot      =   -145452.0664
 BOND   =       846.1019  ANGLE   =      2125.3226  DIHED      =      1338.7040
 UB     =         0.0000  IMP     =         0.0000  CMAP       =       205.6058
 1-4 NB =      1009.2130  1-4 EEL =     15168.6568  VDWAALS    =     17365.3405
 EELEC  =   -183511.0110  EHBOND  =         0.0000  RESTRAINT  =         0.0000
 ------------------------------------------------------------------------------

wrapping first mol.:       29.97838       42.39583       73.43173

 NSTEP =  2100000   TIME(PS) =   39240.000  TEMP(K) =   309.48  PRESS =     0.0
 Etot   =   -113766.0873  EKtot   =     31481.4277  EPtot      =   -145247.5150
 BOND   =       850.7553  ANGLE   =      2111.3082  DIHED      =      1371.9593
 UB     =         0.0000  IMP     =         0.0000  CMAP       =       199.7051
 1-4 NB =       990.3767  1-4 EEL =     15142.4741  VDWAALS    =     17377.9900
 EELEC  =   -183292.0836  EHBOND  =         0.0000  RESTRAINT  =         0.0000
 ------------------------------------------------------------------------------

wrapping first mol.:       29.97838       42.39583       73.43173

 NSTEP =  2120000   TIME(PS) =   39280.000  TEMP(K) =   309.71  PRESS =     0.0
 Etot   =   -113402.9070  EKtot   =     31504.3711  EPtot      =   -144907.2781
 BOND   =       893.1677  ANGLE   =      2133.8047  DIHED      =      1391.0627
 UB     =         0.0000  IMP     =         0.0000  CMAP       =       190.8954
 1-4 NB =       980.7015  1-4 EEL =     15121.7938  VDWAALS    =     17208.2961
 EELEC  =   -182826.9999  EHBOND  =         0.0000  RESTRAINT  =         0.0000
 ------------------------------------------------------------------------------

wrapping first mol.:       29.97838       42.39583       73.43173

 NSTEP =  2140000   TIME(PS) =   39320.000  TEMP(K) =   308.98  PRESS =     0.0
 Etot   =   -113433.6666  EKtot   =     31429.7871  EPtot      =   -144863.4537
 BOND   =       842.0479  ANGLE   =      2160.6672  DIHED      =      1329.8074
 UB     =         0.0000  IMP     =         0.0000  CMAP       =       200.2920
 1-4 NB =       993.7522  1-4 EEL =     15152.6152  VDWAALS    =     17136.4229
 EELEC  =   -182679.0586  EHBOND  =         0.0000  RESTRAINT  =         0.0000
 ------------------------------------------------------------------------------

wrapping first mol.:       29.97838       42.39583       73.43173

 NSTEP =  2160000   TIME(PS) =   39360.000  TEMP(K) =   310.59  PRESS =     0.0
 Etot   =   -113744.0448  EKtot   =     31594.0859  EPtot      =   -145338.1308
 BOND   =       886.3661  ANGLE   =      2206.5299  DIHED      =      1372.7193
 UB     =         0.0000  IMP     =         0.0000  CMAP       =       187.8682
 1-4 NB =       981.8345  1-4 EEL =     15118.5577  VDWAALS    =     17132.0896
 EELEC  =   -183224.0961  EHBOND  =         0.0000  RESTRAINT  =         0.0000
 ------------------------------------------------------------------------------

wrapping first mol.:       29.97838       42.39583       73.43173

 NSTEP =  2180000   TIME(PS) =   39400.000  TEMP(K) =   310.25  PRESS =     0.0
 Etot   =   -113893.8496  EKtot   =     31559.5195  EPtot      =   -145453.3691
 BOND   =       870.9812  ANGLE   =      2124.0437  DIHED      =      1360.6306
 UB     =         0.0000  IMP     =         0.0000  CMAP       =       187.5716
 1-4 NB =       997.0902  1-4 EEL =     15164.4511  VDWAALS    =     17235.6707
 EELEC  =   -183393.8083  EHBOND  =         0.0000  RESTRAINT  =         0.0000
 ------------------------------------------------------------------------------

wrapping first mol.:       29.97838       42.39583       73.43173

 NSTEP =  2200000   TIME(PS) =   39440.000  TEMP(K) =   311.04  PRESS =     0.0
 Etot   =   -113625.1606  EKtot   =     31640.0488  EPtot      =   -145265.2095
 BOND   =       838.2727  ANGLE   =      2109.5219  DIHED      =      1348.2498
 UB     =         0.0000  IMP     =         0.0000  CMAP       =       201.6003
 1-4 NB =       989.2888  1-4 EEL =     15140.8538  VDWAALS    =     17177.4097
 EELEC  =   -183070.4063  EHBOND  =         0.0000  RESTRAINT  =         0.0000
 ------------------------------------------------------------------------------

wrapping first mol.:       29.97838       42.39583       73.43173

 NSTEP =  2220000   TIME(PS) =   39480.000  TEMP(K) =   310.76  PRESS =     0.0
 Etot   =   -113505.9543  EKtot   =     31611.0859  EPtot      =   -145117.0403
 BOND   =       783.7114  ANGLE   =      2127.0874  DIHED      =      1379.9174
 UB     =         0.0000  IMP     =         0.0000  CMAP       =       191.9449
 1-4 NB =       995.9688  1-4 EEL =     15178.5675  VDWAALS    =     17330.2810
 EELEC  =   -183104.5188  EHBOND  =         0.0000  RESTRAINT  =         0.0000
 ------------------------------------------------------------------------------

wrapping first mol.:       29.97838       42.39583       73.43173

 NSTEP =  2240000   TIME(PS) =   39520.000  TEMP(K) =   311.85  PRESS =     0.0
 Etot   =   -113509.2194  EKtot   =     31721.8145  EPtot      =   -145231.0338
 BOND   =       879.6143  ANGLE   =      2126.4763  DIHED      =      1380.8771
 UB     =         0.0000  IMP     =         0.0000  CMAP       =       190.3826
 1-4 NB =      1008.2319  1-4 EEL =     15240.8346  VDWAALS    =     17066.0480
 EELEC  =   -183123.4987  EHBOND  =         0.0000  RESTRAINT  =         0.0000
 ------------------------------------------------------------------------------

wrapping first mol.:       29.97838       42.39583       73.43173

 NSTEP =  2260000   TIME(PS) =   39560.000  TEMP(K) =   310.12  PRESS =     0.0
 Etot   =   -113798.9191  EKtot   =     31546.4961  EPtot      =   -145345.4152
 BOND   =       835.0197  ANGLE   =      2146.7929  DIHED      =      1368.7785
 UB     =         0.0000  IMP     =         0.0000  CMAP       =       181.6698
 1-4 NB =      1003.7742  1-4 EEL =     15151.8412  VDWAALS    =     17172.3522
 EELEC  =   -183205.6437  EHBOND  =         0.0000  RESTRAINT  =         0.0000
 ------------------------------------------------------------------------------

wrapping first mol.:       29.97838       42.39583       73.43173

 NSTEP =  2280000   TIME(PS) =   39600.000  TEMP(K) =   309.10  PRESS =     0.0
 Etot   =   -114190.7293  EKtot   =     31442.7754  EPtot      =   -145633.5047
 BOND   =       871.7038  ANGLE   =      2113.8502  DIHED      =      1369.3353
 UB     =         0.0000  IMP     =         0.0000  CMAP       =       192.5054
 1-4 NB =       997.3746  1-4 EEL =     15149.9926  VDWAALS    =     17088.2395
 EELEC  =   -183416.5061  EHBOND  =         0.0000  RESTRAINT  =         0.0000
 ------------------------------------------------------------------------------

wrapping first mol.:       29.97838       42.39583       73.43173

 NSTEP =  2300000   TIME(PS) =   39640.000  TEMP(K) =   309.17  PRESS =     0.0
 Etot   =   -113897.8731  EKtot   =     31449.5684  EPtot      =   -145347.4414
 BOND   =       822.1008  ANGLE   =      2190.7447  DIHED      =      1386.4870
 UB     =         0.0000  IMP     =         0.0000  CMAP       =       201.6680
 1-4 NB =       989.0489  1-4 EEL =     15173.4006  VDWAALS    =     16811.3896
 EELEC  =   -182922.2811  EHBOND  =         0.0000  RESTRAINT  =         0.0000
 ------------------------------------------------------------------------------

wrapping first mol.:       29.97838       42.39583       73.43173

 NSTEP =  2320000   TIME(PS) =   39680.000  TEMP(K) =   312.19  PRESS =     0.0
 Etot   =   -113715.2681  EKtot   =     31756.8691  EPtot      =   -145472.1373
 BOND   =       855.4376  ANGLE   =      2141.5705  DIHED      =      1385.5645
 UB     =         0.0000  IMP     =         0.0000  CMAP       =       191.6848
 1-4 NB =      1001.3816  1-4 EEL =     15192.2431  VDWAALS    =     17408.7358
 EELEC  =   -183648.7552  EHBOND  =         0.0000  RESTRAINT  =         0.0000
 ------------------------------------------------------------------------------

wrapping first mol.:       29.97838       42.39583       73.43173

 NSTEP =  2340000   TIME(PS) =   39720.000  TEMP(K) =   311.64  PRESS =     0.0
 Etot   =   -113455.3630  EKtot   =     31700.2715  EPtot      =   -145155.6345
 BOND   =       888.9830  ANGLE   =      2169.8622  DIHED      =      1360.4260
 UB     =         0.0000  IMP     =         0.0000  CMAP       =       194.2670
 1-4 NB =       977.1037  1-4 EEL =     15161.9058  VDWAALS    =     16981.2112
 EELEC  =   -182889.3932  EHBOND  =         0.0000  RESTRAINT  =         0.0000
 ------------------------------------------------------------------------------

wrapping first mol.:       29.97838       42.39583       73.43173

 NSTEP =  2360000   TIME(PS) =   39760.000  TEMP(K) =   308.44  PRESS =     0.0
 Etot   =   -114224.2760  EKtot   =     31375.5449  EPtot      =   -145599.8209
 BOND   =       882.1130  ANGLE   =      2116.7338  DIHED      =      1354.4039
 UB     =         0.0000  IMP     =         0.0000  CMAP       =       191.3959
 1-4 NB =       987.4435  1-4 EEL =     15180.4020  VDWAALS    =     17422.0471
 EELEC  =   -183734.3602  EHBOND  =         0.0000  RESTRAINT  =         0.0000
 ------------------------------------------------------------------------------

wrapping first mol.:       29.97838       42.39583       73.43173

 NSTEP =  2380000   TIME(PS) =   39800.000  TEMP(K) =   309.76  PRESS =     0.0
 Etot   =   -113395.4254  EKtot   =     31509.6016  EPtot      =   -144905.0270
 BOND   =       886.4873  ANGLE   =      2163.1959  DIHED      =      1374.9384
 UB     =         0.0000  IMP     =         0.0000  CMAP       =       191.1372
 1-4 NB =      1023.2358  1-4 EEL =     15161.2123  VDWAALS    =     17184.8943
 EELEC  =   -182890.1281  EHBOND  =         0.0000  RESTRAINT  =         0.0000
 ------------------------------------------------------------------------------

wrapping first mol.:       29.97838       42.39583       73.43173

 NSTEP =  2400000   TIME(PS) =   39840.000  TEMP(K) =   310.32  PRESS =     0.0
 Etot   =   -113676.7290  EKtot   =     31566.6348  EPtot      =   -145243.3638
 BOND   =       857.3828  ANGLE   =      2141.8191  DIHED      =      1399.0094
 UB     =         0.0000  IMP     =         0.0000  CMAP       =       193.9474
 1-4 NB =       992.7123  1-4 EEL =     15203.8759  VDWAALS    =     17456.9928
 EELEC  =   -183489.1034  EHBOND  =         0.0000  RESTRAINT  =         0.0000
 ------------------------------------------------------------------------------

wrapping first mol.:       29.97838       42.39583       73.43173

 NSTEP =  2420000   TIME(PS) =   39880.000  TEMP(K) =   312.42  PRESS =     0.0
 Etot   =   -113656.5347  EKtot   =     31780.5938  EPtot      =   -145437.1285
 BOND   =       831.5741  ANGLE   =      2161.2279  DIHED      =      1391.2490
 UB     =         0.0000  IMP     =         0.0000  CMAP       =       208.5729
 1-4 NB =       989.6315  1-4 EEL =     15212.8305  VDWAALS    =     17457.6925
 EELEC  =   -183689.9068  EHBOND  =         0.0000  RESTRAINT  =         0.0000
 ------------------------------------------------------------------------------

wrapping first mol.:       29.97838       42.39583       73.43173

 NSTEP =  2440000   TIME(PS) =   39920.000  TEMP(K) =   308.90  PRESS =     0.0
 Etot   =   -113781.8148  EKtot   =     31421.5430  EPtot      =   -145203.3578
 BOND   =       843.4375  ANGLE   =      2092.1653  DIHED      =      1339.5337
 UB     =         0.0000  IMP     =         0.0000  CMAP       =       183.0797
 1-4 NB =      1002.8967  1-4 EEL =     15207.1305  VDWAALS    =     17099.1227
 EELEC  =   -182970.7238  EHBOND  =         0.0000  RESTRAINT  =         0.0000
 ------------------------------------------------------------------------------

wrapping first mol.:       29.97838       42.39583       73.43173

 NSTEP =  2460000   TIME(PS) =   39960.000  TEMP(K) =   311.23  PRESS =     0.0
 Etot   =   -113439.4913  EKtot   =     31658.5605  EPtot      =   -145098.0519
 BOND   =       825.3960  ANGLE   =      2164.4449  DIHED      =      1374.5247
 UB     =         0.0000  IMP     =         0.0000  CMAP       =       193.0059
 1-4 NB =      1004.0819  1-4 EEL =     15221.4390  VDWAALS    =     17299.0454
 EELEC  =   -183179.9897  EHBOND  =         0.0000  RESTRAINT  =         0.0000
 ------------------------------------------------------------------------------

wrapping first mol.:       29.97838       42.39583       73.43173

 NSTEP =  2480000   TIME(PS) =   40000.000  TEMP(K) =   308.67  PRESS =     0.0
 Etot   =   -113570.5343  EKtot   =     31399.0078  EPtot      =   -144969.5421
 BOND   =       851.1722  ANGLE   =      2125.9156  DIHED      =      1356.4522
 UB     =         0.0000  IMP     =         0.0000  CMAP       =       202.2849
 1-4 NB =       994.1701  1-4 EEL =     15224.9719  VDWAALS    =     17403.9146
 EELEC  =   -183128.4236  EHBOND  =         0.0000  RESTRAINT  =         0.0000
 ------------------------------------------------------------------------------

wrapping first mol.:       29.97838       42.39583       73.43173
wrapping first mol.:       29.97838       42.39583       73.43173

 NSTEP =  2500000   TIME(PS) =   40040.000  TEMP(K) =   310.95  PRESS =     0.0
 Etot   =   -113148.9447  EKtot   =     31630.1172  EPtot      =   -144779.0619
 BOND   =       858.9576  ANGLE   =      2219.9568  DIHED      =      1379.1333
 UB     =         0.0000  IMP     =         0.0000  CMAP       =       188.1926
 1-4 NB =       994.3066  1-4 EEL =     15207.2273  VDWAALS    =     17393.7122
 EELEC  =   -183020.5484  EHBOND  =         0.0000  RESTRAINT  =         0.0000
 ------------------------------------------------------------------------------


      A V E R A G E S   O V E R     125 S T E P S


 NSTEP =  2500000   TIME(PS) =   40040.000  TEMP(K) =   309.91  PRESS =     0.0
 Etot   =   -113658.8476  EKtot   =     31524.5783  EPtot      =   -145183.4259
 BOND   =       859.2548  ANGLE   =      2149.7222  DIHED      =      1361.9724
 UB     =         0.0000  IMP     =         0.0000  CMAP       =       203.2964
 1-4 NB =       994.1280  1-4 EEL =     15106.2131  VDWAALS    =     17272.0678
 EELEC  =   -183130.0806  EHBOND  =         0.0000  RESTRAINT  =         0.0000
 ------------------------------------------------------------------------------


      R M S  F L U C T U A T I O N S


 NSTEP =  2500000   TIME(PS) =   40040.000  TEMP(K) =     1.28  PRESS =     0.0
 Etot   =       247.3489  EKtot   =       130.0034  EPtot      =       207.6818
 BOND   =        25.1113  ANGLE   =        38.4948  DIHED      =        19.9924
 UB     =         0.0000  IMP     =         0.0000  CMAP       =        10.5294
 1-4 NB =        12.4526  1-4 EEL =        61.1623  VDWAALS    =       187.0538
 EELEC  =       287.9614  EHBOND  =         0.0000  RESTRAINT  =         0.0000
 ------------------------------------------------------------------------------

--------------------------------------------------------------------------------
   5.  TIMINGS
--------------------------------------------------------------------------------

|  NonSetup CPU Time in Major Routines:
|
|     Routine           Sec        %
|     ------------------------------
|     Nonbond         138.70   15.45
|     Bond              0.00    0.00
|     Angle             0.00    0.00
|     Dihedral          0.00    0.00
|     Shake             9.63    1.07
|     RunMD           747.25   83.24
|     Other             2.17    0.24
|     ------------------------------
|     Total           897.76

|  PME Nonbond Pairlist CPU Time:
|
|     Routine              Sec        %
|     ---------------------------------
|     Set Up Cit           0.00    0.00
|     Build List           0.00    0.00
|     ---------------------------------
|     Total                0.00    0.00

|  PME Direct Force CPU Time:
|
|     Routine              Sec        %
|     ---------------------------------
|     NonBonded Calc       0.00    0.00
|     Exclude Masked       0.00    0.00
|     Other                1.37    0.15
|     ---------------------------------
|     Total                1.37    0.15

|  PME Reciprocal Force CPU Time:
|
|     Routine              Sec        %
|     ---------------------------------
|     1D bspline           0.00    0.00
|     Grid Charges         0.00    0.00
|     Scalar Sum           0.00    0.00
|     Gradient Sum         0.00    0.00
|     FFT                  0.00    0.00
|     ---------------------------------
|     Total                0.00    0.00

|  Final Performance Info:
|     -----------------------------------------------------
|     Average timings for last  140000 steps:
|     Elapsed(s) =      50.43 Per Step(ms) =       0.36
|         ns/day =     479.74   seconds/ns =     180.10
|
|     Average timings for all steps:
|     Elapsed(s) =     899.26 Per Step(ms) =       0.36
|         ns/day =     480.39   seconds/ns =     179.85
|     -----------------------------------------------------

|  Setup CPU time:            0.81 seconds
|  NonSetup CPU time:       897.76 seconds
|  Total CPU time:          898.56 seconds     0.25 hours

|  Setup wall time:           2    seconds
|  NonSetup wall time:      899    seconds
|  Total wall time:         901    seconds     0.25 hours
