
          -------------------------------------------------------
          Amber 24 PMEMD                              2024
          -------------------------------------------------------

| PMEMD implementation of SANDER, Release 24

|  Compiled date/time: Thu Apr  3 17:55:38 2025
| Run on 10/31/2025 at 08:13:22

|   Executable path: pmemd.cuda_SPFP
| Working directory: /rs1/researchers/h/hall/vtnguye4/Amber_restart/cappedP1L38M/mdsimP1L38M/newP1L38Mcapped_Simulation
|          Hostname: gpu18

  [-O]verwriting output

File Assignments:
|   MDIN: /rs1/researchers/h/hall/vtnguye4/Amber_restart/cappedP1L38M/mdsimP1L38
|  MDOUT: ./OUT_Files/equil10.out                                               
| INPCRD: ./RST_Files/equil9.rst7                                               
|   PARM: ./PRMTOP_Files/newP1L38Mcapped.prmtop                                 
| RESTRT: ./RST_Files/equil10.rst7                                              
|   REFC: refc                                                                  
|  MDVEL: mdvel                                                                 
|   MDEN: mden                                                                  
|  MDCRD: ./nc_Files/equil10.nc                                                 
| MDINFO: mdinfo                                                                
|  MDFRC: mdfrc                                                                 


 Here is the input file:

!Stage equilibration 5ns                                                       
&cntrl                                                                         
imin=0, irest=1, ntx=5,                                                        
nstlim=2500000, dt=0.002,                                                      
ntc=2, ntf=2, ig=-1,                                                           
ntt=3, gamma_ln=2.0,                                                           
tempi=310.0, temp0=310.0,                                                      
ntxo=2, ioutfm=1,                                                              
ntpr=20000, ntwx=20000,                                                        
ntb=1,                                                                         
cut=9.0,                                                                       
iwrap=1,                                                                       
/                                                                              


Note: ig = -1. Setting random seed to   774427 based on wallclock time in 
      microseconds.
| irandom = 1, using AMBER's internal random number generator (default).
 
|--------------------- INFORMATION ----------------------
| GPU (CUDA) Version of PMEMD in use: NVIDIA GPU IN USE.
|                    Version 18.0.0
| 
|                      03/25/2018
| 
| Implementation by:
|                    Ross C. Walker     (SDSC)
|                    Scott Le Grand     (nVIDIA)
| 
| Version 18 performance extensions by:
|                    David Cerutti     (Rutgers)
| 
| Precision model in use:
|      [SPFP] - Single Precision Forces, 64-bit Fixed Point
|               Accumulation. (Default)
| 
|--------------------------------------------------------
 
|----------------- CITATION INFORMATION -----------------
|
|    When publishing work that utilized the CUDA version
|    of AMBER, please cite the following in addition to
|    the regular AMBER citations:
|
|  - Romelia Salomon-Ferrer; Andreas W. Goetz; Duncan
|    Poole; Scott Le Grand; Ross C. Walker "Routine
|    microsecond molecular dynamics simulations with
|    AMBER - Part II: Particle Mesh Ewald", J. Chem.
|    Theory Comput., 2013, 9 (9), pp3878-3888,
|    DOI: 10.1021/ct400314y.
|
|  - Andreas W. Goetz; Mark J. Williamson; Dong Xu;
|    Duncan Poole; Scott Le Grand; Ross C. Walker
|    "Routine microsecond molecular dynamics simulations
|    with AMBER - Part I: Generalized Born", J. Chem.
|    Theory Comput., 2012, 8 (5), pp1542-1555.
|
|  - Scott Le Grand; Andreas W. Goetz; Ross C. Walker
|    "SPFP: Speed without compromise - a mixed precision
|    model for GPU accelerated molecular dynamics
|    simulations.", Comp. Phys. Comm., 2013, 184
|    pp374-380, DOI: 10.1016/j.cpc.2012.09.022
|
|--------------------------------------------------------
 
|------------------- GPU DEVICE INFO --------------------
|
|            CUDA_VISIBLE_DEVICES: 0
|   CUDA Capable Devices Detected:      1
|           CUDA Device ID in use:      0
|                CUDA Device Name: NVIDIA L40S
|     CUDA Device Global Mem Size:  45487 MB
| CUDA Device Num Multiprocessors:    142
|           CUDA Device Core Freq:   2.52 GHz
|
|--------------------------------------------------------
 
 
| Conditional Compilation Defines Used:
| PUBFFT
| BINTRAJ
| CUDA
| EMIL

| Largest sphere to fit in unit cell has radius =    36.716

| New format PARM file being parsed.
| Version =    1.000 Date = 10/30/25 Time = 23:32:29

| Note: 1-4 EEL scale factors are being read from the topology file.

| Note: 1-4 VDW scale factors are being read from the topology file.
| Duplicated    0 dihedrals

| Duplicated    0 dihedrals

--------------------------------------------------------------------------------
   1.  RESOURCE   USE: 
--------------------------------------------------------------------------------

 getting box info from netcdf restart file
 NATOM  =   50023 NTYPES =      12 NBONH =   47691 MBONA  =    2332
 NTHETH =    5236 MTHETA =    3080 NPHIH =   10252 MPHIA  =    9504
 NHPARM =       0 NPARM  =       0 NNB   =   84972 NRES   =   15501
 NBONA  =    2332 NTHETA =    3080 NPHIA =    9504 NUMBND =      29
 NUMANG =      57 NPTRA  =      64 NATYP =      17 NPHB   =       0
 IFBOX  =       2 NMXRS  =      21 IFCAP =       0 NEXTRA =       0
 NCOPY  =       0

| Coordinate Index Table dimensions:    15   15   15
| Direct force subcell size =     5.9957    5.9957    5.9957

     BOX TYPE: TRUNCATED OCTAHEDRON

--------------------------------------------------------------------------------
   2.  CONTROL  DATA  FOR  THE  RUN
--------------------------------------------------------------------------------

default_name                                                                    

General flags:
     imin    =       0, nmropt  =       0

Nature and format of input:
     ntx     =       5, irest   =       1, ntrx    =       1

Nature and format of output:
     ntxo    =       2, ntpr    =   20000, ntrx    =       1, ntwr    = 2500000
     iwrap   =       1, ntwx    =   20000, ntwv    =       0, ntwe    =       0
     ioutfm  =       1, ntwprt  =       0, idecomp =       0, rbornstat=      0

Potential function:
     ntf     =       2, ntb     =       1, igb     =       0, nsnb    =      25
     ipol    =       0, gbsa    =       0, iesp    =       0
     dielc   =   1.00000, cut     =   9.00000, intdiel =   1.00000

Frozen or restrained atoms:
     ibelly  =       0, ntr     =       0

Molecular dynamics:
     nstlim  =   2500000, nscm    =      1000, nrespa  =         1
     t       =   0.00000, dt      =   0.00200, vlimit  =  -1.00000

Langevin dynamics temperature regulation:
     ig      =  774427
     temp0   = 310.00000, tempi   = 310.00000, gamma_ln=   2.00000

SHAKE:
     ntc     =       2, jfastw  =       0
     tol     =   0.00001

| Intermolecular bonds treatment:
|     no_intermolecular_bonds =       1

| Energy averages sample interval:
|     ene_avg_sampling =   20000

Ewald parameters:
     verbose =       0, ew_type =       0, nbflag  =       1, use_pme =       1
     vdwmeth =       1, eedmeth =       1, netfrc  =       1
     Box X =   89.935   Box Y =   89.935   Box Z =   89.935
     Alpha =  109.471   Beta  =  109.471   Gamma =  109.471
     NFFT1 =   96       NFFT2 =   96       NFFT3 =   96
     Cutoff=    9.000   Tol   =0.100E-04
     Ewald Coefficient =  0.30768
     Interpolation order =    4

--------------------------------------------------------------------------------
   3.  ATOMIC COORDINATES AND VELOCITIES
--------------------------------------------------------------------------------

default_name                                                                    
 begin time read from input coords = 45040.000 ps

 
 Number of triangulated 3-point waters found:    15105

     Sum of charges from parm topology file =  -0.00000043
     Forcing neutrality...

| Dynamic Memory, Types Used:
| Reals             1595957
| Integers          2018996

| Nonbonded Pairs Initial Allocation:    11405244

| GPU memory information (estimate):
| KB of GPU memory in use:    394016
| KB of CPU memory in use:    114218

--------------------------------------------------------------------------------
   4.  RESULTS
--------------------------------------------------------------------------------

wrapping first mol.:       29.97838       42.39583       73.43173

 NSTEP =    20000   TIME(PS) =   45080.000  TEMP(K) =   310.91  PRESS =     0.0
 Etot   =   -113542.1825  EKtot   =     31626.4883  EPtot      =   -145168.6708
 BOND   =       836.8719  ANGLE   =      2160.3902  DIHED      =      1368.5016
 UB     =         0.0000  IMP     =         0.0000  CMAP       =       178.0268
 1-4 NB =      1011.1321  1-4 EEL =     15058.9850  VDWAALS    =     17274.7445
 EELEC  =   -183057.3228  EHBOND  =         0.0000  RESTRAINT  =         0.0000
 ------------------------------------------------------------------------------

wrapping first mol.:       29.97838       42.39583       73.43173

 NSTEP =    40000   TIME(PS) =   45120.000  TEMP(K) =   310.31  PRESS =     0.0
 Etot   =   -113562.4440  EKtot   =     31565.6660  EPtot      =   -145128.1100
 BOND   =       868.8676  ANGLE   =      2187.4090  DIHED      =      1360.0148
 UB     =         0.0000  IMP     =         0.0000  CMAP       =       209.1684
 1-4 NB =       993.9250  1-4 EEL =     15111.0096  VDWAALS    =     17345.2657
 EELEC  =   -183203.7701  EHBOND  =         0.0000  RESTRAINT  =         0.0000
 ------------------------------------------------------------------------------

wrapping first mol.:       59.95675      -42.39582       73.43173

 NSTEP =    60000   TIME(PS) =   45160.000  TEMP(K) =   308.28  PRESS =     0.0
 Etot   =   -114048.6507  EKtot   =     31358.7676  EPtot      =   -145407.4183
 BOND   =       869.5630  ANGLE   =      2142.7151  DIHED      =      1348.3785
 UB     =         0.0000  IMP     =         0.0000  CMAP       =       203.3040
 1-4 NB =      1025.0121  1-4 EEL =     15120.9245  VDWAALS    =     17402.5458
 EELEC  =   -183519.8614  EHBOND  =         0.0000  RESTRAINT  =         0.0000
 ------------------------------------------------------------------------------

wrapping first mol.:       29.97838       42.39583       73.43173

 NSTEP =    80000   TIME(PS) =   45200.000  TEMP(K) =   311.63  PRESS =     0.0
 Etot   =   -113195.6839  EKtot   =     31700.1641  EPtot      =   -144895.8480
 BOND   =       850.7095  ANGLE   =      2120.6928  DIHED      =      1364.7801
 UB     =         0.0000  IMP     =         0.0000  CMAP       =       191.4640
 1-4 NB =      1009.3977  1-4 EEL =     15164.9880  VDWAALS    =     17301.8611
 EELEC  =   -182899.7411  EHBOND  =         0.0000  RESTRAINT  =         0.0000
 ------------------------------------------------------------------------------

wrapping first mol.:       59.95675      -42.39582       73.43173

 NSTEP =   100000   TIME(PS) =   45240.000  TEMP(K) =   309.51  PRESS =     0.0
 Etot   =   -113500.8137  EKtot   =     31484.2422  EPtot      =   -144985.0559
 BOND   =       800.3692  ANGLE   =      2172.0880  DIHED      =      1353.9646
 UB     =         0.0000  IMP     =         0.0000  CMAP       =       212.2018
 1-4 NB =      1014.8026  1-4 EEL =     15135.0934  VDWAALS    =     17111.4107
 EELEC  =   -182784.9861  EHBOND  =         0.0000  RESTRAINT  =         0.0000
 ------------------------------------------------------------------------------

wrapping first mol.:       59.95675      -42.39582       73.43173

 NSTEP =   120000   TIME(PS) =   45280.000  TEMP(K) =   307.18  PRESS =     0.0
 Etot   =   -113986.0033  EKtot   =     31247.3809  EPtot      =   -145233.3842
 BOND   =       838.3273  ANGLE   =      2151.9055  DIHED      =      1359.4463
 UB     =         0.0000  IMP     =         0.0000  CMAP       =       201.4782
 1-4 NB =       978.6465  1-4 EEL =     15136.1886  VDWAALS    =     17671.1256
 EELEC  =   -183570.5022  EHBOND  =         0.0000  RESTRAINT  =         0.0000
 ------------------------------------------------------------------------------

wrapping first mol.:       29.97838       42.39583       73.43173

 NSTEP =   140000   TIME(PS) =   45320.000  TEMP(K) =   308.99  PRESS =     0.0
 Etot   =   -113724.6651  EKtot   =     31430.8711  EPtot      =   -145155.5362
 BOND   =       839.2453  ANGLE   =      2193.9496  DIHED      =      1360.9316
 UB     =         0.0000  IMP     =         0.0000  CMAP       =       190.9905
 1-4 NB =       984.4370  1-4 EEL =     15089.6487  VDWAALS    =     17175.9848
 EELEC  =   -182990.7237  EHBOND  =         0.0000  RESTRAINT  =         0.0000
 ------------------------------------------------------------------------------

wrapping first mol.:       29.97838       42.39583       73.43173

 NSTEP =   160000   TIME(PS) =   45360.000  TEMP(K) =   310.46  PRESS =     0.0
 Etot   =   -113683.2609  EKtot   =     31580.2480  EPtot      =   -145263.5090
 BOND   =       872.7318  ANGLE   =      2182.0707  DIHED      =      1326.8937
 UB     =         0.0000  IMP     =         0.0000  CMAP       =       217.1045
 1-4 NB =       990.9973  1-4 EEL =     15113.4012  VDWAALS    =     17186.3351
 EELEC  =   -183153.0432  EHBOND  =         0.0000  RESTRAINT  =         0.0000
 ------------------------------------------------------------------------------

wrapping first mol.:       29.97838       42.39583       73.43173

 NSTEP =   180000   TIME(PS) =   45400.000  TEMP(K) =   310.95  PRESS =     0.0
 Etot   =   -113495.9785  EKtot   =     31630.1914  EPtot      =   -145126.1699
 BOND   =       905.0421  ANGLE   =      2137.3670  DIHED      =      1358.7467
 UB     =         0.0000  IMP     =         0.0000  CMAP       =       212.1107
 1-4 NB =       988.7596  1-4 EEL =     15117.6190  VDWAALS    =     17244.8060
 EELEC  =   -183090.6211  EHBOND  =         0.0000  RESTRAINT  =         0.0000
 ------------------------------------------------------------------------------

wrapping first mol.:       59.95675      -42.39582       73.43173

 NSTEP =   200000   TIME(PS) =   45440.000  TEMP(K) =   310.69  PRESS =     0.0
 Etot   =   -113661.4351  EKtot   =     31604.5820  EPtot      =   -145266.0171
 BOND   =       817.2136  ANGLE   =      2160.6964  DIHED      =      1357.0953
 UB     =         0.0000  IMP     =         0.0000  CMAP       =       204.8872
 1-4 NB =       996.1822  1-4 EEL =     15157.1756  VDWAALS    =     17680.9415
 EELEC  =   -183640.2090  EHBOND  =         0.0000  RESTRAINT  =         0.0000
 ------------------------------------------------------------------------------

wrapping first mol.:       59.95675      -42.39582       73.43173

 NSTEP =   220000   TIME(PS) =   45480.000  TEMP(K) =   308.14  PRESS =     0.0
 Etot   =   -113970.2873  EKtot   =     31344.9199  EPtot      =   -145315.2072
 BOND   =       859.3953  ANGLE   =      2191.3250  DIHED      =      1353.7027
 UB     =         0.0000  IMP     =         0.0000  CMAP       =       191.5574
 1-4 NB =       972.0769  1-4 EEL =     15109.9438  VDWAALS    =     17075.8804
 EELEC  =   -183069.0886  EHBOND  =         0.0000  RESTRAINT  =         0.0000
 ------------------------------------------------------------------------------

wrapping first mol.:       59.95675      -42.39582       73.43173

 NSTEP =   240000   TIME(PS) =   45520.000  TEMP(K) =   309.40  PRESS =     0.0
 Etot   =   -113538.0892  EKtot   =     31473.2207  EPtot      =   -145011.3099
 BOND   =       881.9330  ANGLE   =      2136.9532  DIHED      =      1372.6015
 UB     =         0.0000  IMP     =         0.0000  CMAP       =       198.4122
 1-4 NB =      1001.6937  1-4 EEL =     15056.6995  VDWAALS    =     17405.1477
 EELEC  =   -183064.7507  EHBOND  =         0.0000  RESTRAINT  =         0.0000
 ------------------------------------------------------------------------------

wrapping first mol.:       59.95675      -42.39582       73.43173

 NSTEP =   260000   TIME(PS) =   45560.000  TEMP(K) =   314.02  PRESS =     0.0
 Etot   =   -113221.8788  EKtot   =     31942.8047  EPtot      =   -145164.6835
 BOND   =       862.0320  ANGLE   =      2189.9923  DIHED      =      1317.7610
 UB     =         0.0000  IMP     =         0.0000  CMAP       =       211.4910
 1-4 NB =       986.0589  1-4 EEL =     15138.7575  VDWAALS    =     17312.9926
 EELEC  =   -183183.7689  EHBOND  =         0.0000  RESTRAINT  =         0.0000
 ------------------------------------------------------------------------------

wrapping first mol.:       59.95675      -42.39582       73.43173

 NSTEP =   280000   TIME(PS) =   45600.000  TEMP(K) =   311.27  PRESS =     0.0
 Etot   =   -113272.8757  EKtot   =     31663.3555  EPtot      =   -144936.2311
 BOND   =       881.6791  ANGLE   =      2162.6790  DIHED      =      1350.9142
 UB     =         0.0000  IMP     =         0.0000  CMAP       =       219.0218
 1-4 NB =       983.9754  1-4 EEL =     15152.0966  VDWAALS    =     17364.5433
 EELEC  =   -183051.1405  EHBOND  =         0.0000  RESTRAINT  =         0.0000
 ------------------------------------------------------------------------------

wrapping first mol.:       59.95675      -42.39582       73.43173

 NSTEP =   300000   TIME(PS) =   45640.000  TEMP(K) =   310.95  PRESS =     0.0
 Etot   =   -113290.4876  EKtot   =     31631.0137  EPtot      =   -144921.5013
 BOND   =       863.3056  ANGLE   =      2221.7273  DIHED      =      1357.7673
 UB     =         0.0000  IMP     =         0.0000  CMAP       =       198.1274
 1-4 NB =       998.9815  1-4 EEL =     15167.6721  VDWAALS    =     16916.3255
 EELEC  =   -182645.4080  EHBOND  =         0.0000  RESTRAINT  =         0.0000
 ------------------------------------------------------------------------------

wrapping first mol.:       59.95675      -42.39582       73.43173

 NSTEP =   320000   TIME(PS) =   45680.000  TEMP(K) =   311.31  PRESS =     0.0
 Etot   =   -113894.8505  EKtot   =     31666.9727  EPtot      =   -145561.8231
 BOND   =       840.2309  ANGLE   =      2142.5491  DIHED      =      1335.6869
 UB     =         0.0000  IMP     =         0.0000  CMAP       =       213.6001
 1-4 NB =       998.8867  1-4 EEL =     15120.0188  VDWAALS    =     17271.2963
 EELEC  =   -183484.0919  EHBOND  =         0.0000  RESTRAINT  =         0.0000
 ------------------------------------------------------------------------------

wrapping first mol.:       59.95675      -42.39582       73.43173

 NSTEP =   340000   TIME(PS) =   45720.000  TEMP(K) =   310.43  PRESS =     0.0
 Etot   =   -113692.8675  EKtot   =     31577.4785  EPtot      =   -145270.3460
 BOND   =       860.7667  ANGLE   =      2200.7886  DIHED      =      1339.6767
 UB     =         0.0000  IMP     =         0.0000  CMAP       =       182.9962
 1-4 NB =       988.9142  1-4 EEL =     15150.7774  VDWAALS    =     17473.8239
 EELEC  =   -183468.0897  EHBOND  =         0.0000  RESTRAINT  =         0.0000
 ------------------------------------------------------------------------------

wrapping first mol.:       59.95675      -42.39582       73.43173

 NSTEP =   360000   TIME(PS) =   45760.000  TEMP(K) =   309.63  PRESS =     0.0
 Etot   =   -113732.4983  EKtot   =     31496.6562  EPtot      =   -145229.1545
 BOND   =       855.7537  ANGLE   =      2135.5762  DIHED      =      1349.0023
 UB     =         0.0000  IMP     =         0.0000  CMAP       =       204.2273
 1-4 NB =       985.6498  1-4 EEL =     15079.7881  VDWAALS    =     17422.2373
 EELEC  =   -183261.3893  EHBOND  =         0.0000  RESTRAINT  =         0.0000
 ------------------------------------------------------------------------------

wrapping first mol.:       59.95675      -42.39582       73.43173

 NSTEP =   380000   TIME(PS) =   45800.000  TEMP(K) =   307.98  PRESS =     0.0
 Etot   =   -113657.8233  EKtot   =     31328.8320  EPtot      =   -144986.6554
 BOND   =       832.1153  ANGLE   =      2195.0613  DIHED      =      1343.5010
 UB     =         0.0000  IMP     =         0.0000  CMAP       =       185.9441
 1-4 NB =      1010.0727  1-4 EEL =     15137.9248  VDWAALS    =     17166.2970
 EELEC  =   -182857.5716  EHBOND  =         0.0000  RESTRAINT  =         0.0000
 ------------------------------------------------------------------------------

wrapping first mol.:       29.97838       42.39583       73.43173

 NSTEP =   400000   TIME(PS) =   45840.000  TEMP(K) =   307.60  PRESS =     0.0
 Etot   =   -113985.4928  EKtot   =     31289.4199  EPtot      =   -145274.9127
 BOND   =       872.0278  ANGLE   =      2162.1558  DIHED      =      1337.4526
 UB     =         0.0000  IMP     =         0.0000  CMAP       =       208.0955
 1-4 NB =       974.1228  1-4 EEL =     15131.9909  VDWAALS    =     17528.6923
 EELEC  =   -183489.4505  EHBOND  =         0.0000  RESTRAINT  =         0.0000
 ------------------------------------------------------------------------------

wrapping first mol.:       29.97838       42.39583       73.43173

 NSTEP =   420000   TIME(PS) =   45880.000  TEMP(K) =   308.71  PRESS =     0.0
 Etot   =   -113448.3907  EKtot   =     31402.4414  EPtot      =   -144850.8321
 BOND   =       868.5596  ANGLE   =      2254.0521  DIHED      =      1338.0223
 UB     =         0.0000  IMP     =         0.0000  CMAP       =       208.8990
 1-4 NB =       992.8373  1-4 EEL =     15100.0628  VDWAALS    =     16896.7759
 EELEC  =   -182510.0411  EHBOND  =         0.0000  RESTRAINT  =         0.0000
 ------------------------------------------------------------------------------

wrapping first mol.:       59.95675      -42.39582       73.43173

 NSTEP =   440000   TIME(PS) =   45920.000  TEMP(K) =   312.91  PRESS =     0.0
 Etot   =   -113170.2846  EKtot   =     31830.2812  EPtot      =   -145000.5659
 BOND   =       878.6547  ANGLE   =      2101.1478  DIHED      =      1371.2948
 UB     =         0.0000  IMP     =         0.0000  CMAP       =       202.6302
 1-4 NB =      1006.6984  1-4 EEL =     15079.6612  VDWAALS    =     17341.8931
 EELEC  =   -182982.5462  EHBOND  =         0.0000  RESTRAINT  =         0.0000
 ------------------------------------------------------------------------------

wrapping first mol.:       59.95675      -42.39582       73.43173

 NSTEP =   460000   TIME(PS) =   45960.000  TEMP(K) =   308.09  PRESS =     0.0
 Etot   =   -113559.8526  EKtot   =     31339.5469  EPtot      =   -144899.3995
 BOND   =       881.4870  ANGLE   =      2147.5999  DIHED      =      1377.9536
 UB     =         0.0000  IMP     =         0.0000  CMAP       =       182.8977
 1-4 NB =      1010.2680  1-4 EEL =     15124.0886  VDWAALS    =     17107.2667
 EELEC  =   -182730.9609  EHBOND  =         0.0000  RESTRAINT  =         0.0000
 ------------------------------------------------------------------------------

wrapping first mol.:       29.97838       42.39583       73.43173

 NSTEP =   480000   TIME(PS) =   46000.000  TEMP(K) =   307.58  PRESS =     0.0
 Etot   =   -114062.4054  EKtot   =     31287.9219  EPtot      =   -145350.3272
 BOND   =       818.5422  ANGLE   =      2091.9506  DIHED      =      1357.9008
 UB     =         0.0000  IMP     =         0.0000  CMAP       =       187.7287
 1-4 NB =      1022.4642  1-4 EEL =     15108.8756  VDWAALS    =     17217.2954
 EELEC  =   -183155.0848  EHBOND  =         0.0000  RESTRAINT  =         0.0000
 ------------------------------------------------------------------------------

wrapping first mol.:       59.95675      -42.39582       73.43173

 NSTEP =   500000   TIME(PS) =   46040.000  TEMP(K) =   309.54  PRESS =     0.0
 Etot   =   -113373.5532  EKtot   =     31487.0742  EPtot      =   -144860.6274
 BOND   =       850.9754  ANGLE   =      2085.4353  DIHED      =      1338.5467
 UB     =         0.0000  IMP     =         0.0000  CMAP       =       188.6757
 1-4 NB =      1016.8274  1-4 EEL =     15116.4779  VDWAALS    =     16994.4939
 EELEC  =   -182452.0597  EHBOND  =         0.0000  RESTRAINT  =         0.0000
 ------------------------------------------------------------------------------

wrapping first mol.:       29.97838       42.39583       73.43173

 NSTEP =   520000   TIME(PS) =   46080.000  TEMP(K) =   311.28  PRESS =     0.0
 Etot   =   -113498.0505  EKtot   =     31663.9336  EPtot      =   -145161.9841
 BOND   =       847.7805  ANGLE   =      2126.5238  DIHED      =      1376.6273
 UB     =         0.0000  IMP     =         0.0000  CMAP       =       214.7580
 1-4 NB =      1017.7026  1-4 EEL =     14998.6698  VDWAALS    =     17489.3001
 EELEC  =   -183233.3461  EHBOND  =         0.0000  RESTRAINT  =         0.0000
 ------------------------------------------------------------------------------

wrapping first mol.:       29.97838       42.39583       73.43173

 NSTEP =   540000   TIME(PS) =   46120.000  TEMP(K) =   309.90  PRESS =     0.0
 Etot   =   -113505.1715  EKtot   =     31523.3379  EPtot      =   -145028.5093
 BOND   =       880.6184  ANGLE   =      2158.8827  DIHED      =      1355.5744
 UB     =         0.0000  IMP     =         0.0000  CMAP       =       189.2917
 1-4 NB =      1016.8295  1-4 EEL =     15090.6332  VDWAALS    =     17012.9846
 EELEC  =   -182733.3238  EHBOND  =         0.0000  RESTRAINT  =         0.0000
 ------------------------------------------------------------------------------

wrapping first mol.:       29.97838       42.39583       73.43173

 NSTEP =   560000   TIME(PS) =   46160.000  TEMP(K) =   310.59  PRESS =     0.0
 Etot   =   -113731.1408  EKtot   =     31593.4551  EPtot      =   -145324.5959
 BOND   =       900.4853  ANGLE   =      2141.2469  DIHED      =      1324.2130
 UB     =         0.0000  IMP     =         0.0000  CMAP       =       187.8086
 1-4 NB =       976.1402  1-4 EEL =     15048.9920  VDWAALS    =     17284.7008
 EELEC  =   -183188.1828  EHBOND  =         0.0000  RESTRAINT  =         0.0000
 ------------------------------------------------------------------------------

wrapping first mol.:       29.97838       42.39583       73.43173

 NSTEP =   580000   TIME(PS) =   46200.000  TEMP(K) =   310.39  PRESS =     0.0
 Etot   =   -113816.9160  EKtot   =     31573.2891  EPtot      =   -145390.2050
 BOND   =       838.4784  ANGLE   =      2126.3289  DIHED      =      1341.0204
 UB     =         0.0000  IMP     =         0.0000  CMAP       =       180.4003
 1-4 NB =      1015.5915  1-4 EEL =     15033.0966  VDWAALS    =     17034.9954
 EELEC  =   -182960.1166  EHBOND  =         0.0000  RESTRAINT  =         0.0000
 ------------------------------------------------------------------------------

wrapping first mol.:       29.97838       42.39583       73.43173

 NSTEP =   600000   TIME(PS) =   46240.000  TEMP(K) =   309.67  PRESS =     0.0
 Etot   =   -113523.9889  EKtot   =     31500.4258  EPtot      =   -145024.4146
 BOND   =       870.3543  ANGLE   =      2179.3427  DIHED      =      1388.0350
 UB     =         0.0000  IMP     =         0.0000  CMAP       =       201.4855
 1-4 NB =      1002.6586  1-4 EEL =     15076.9830  VDWAALS    =     17589.4078
 EELEC  =   -183332.6817  EHBOND  =         0.0000  RESTRAINT  =         0.0000
 ------------------------------------------------------------------------------

wrapping first mol.:       29.97838       42.39583       73.43173

 NSTEP =   620000   TIME(PS) =   46280.000  TEMP(K) =   309.39  PRESS =     0.0
 Etot   =   -113438.8262  EKtot   =     31471.9766  EPtot      =   -144910.8028
 BOND   =       845.3667  ANGLE   =      2074.0990  DIHED      =      1348.9388
 UB     =         0.0000  IMP     =         0.0000  CMAP       =       194.2931
 1-4 NB =       995.7597  1-4 EEL =     15081.6600  VDWAALS    =     17388.8692
 EELEC  =   -182839.7892  EHBOND  =         0.0000  RESTRAINT  =         0.0000
 ------------------------------------------------------------------------------

wrapping first mol.:       29.97838       42.39583       73.43173

 NSTEP =   640000   TIME(PS) =   46320.000  TEMP(K) =   310.63  PRESS =     0.0
 Etot   =   -113632.4357  EKtot   =     31598.3574  EPtot      =   -145230.7931
 BOND   =       868.8307  ANGLE   =      2154.5133  DIHED      =      1306.2377
 UB     =         0.0000  IMP     =         0.0000  CMAP       =       191.3946
 1-4 NB =      1008.9669  1-4 EEL =     15099.1129  VDWAALS    =     17447.5565
 EELEC  =   -183307.4056  EHBOND  =         0.0000  RESTRAINT  =         0.0000
 ------------------------------------------------------------------------------

wrapping first mol.:       29.97838       42.39583       73.43173

 NSTEP =   660000   TIME(PS) =   46360.000  TEMP(K) =   309.65  PRESS =     0.0
 Etot   =   -113816.0225  EKtot   =     31497.8594  EPtot      =   -145313.8819
 BOND   =       838.4334  ANGLE   =      2132.0406  DIHED      =      1342.6626
 UB     =         0.0000  IMP     =         0.0000  CMAP       =       181.4742
 1-4 NB =      1018.7204  1-4 EEL =     15033.9239  VDWAALS    =     17302.0553
 EELEC  =   -183163.1923  EHBOND  =         0.0000  RESTRAINT  =         0.0000
 ------------------------------------------------------------------------------

wrapping first mol.:       29.97838       42.39583       73.43173

 NSTEP =   680000   TIME(PS) =   46400.000  TEMP(K) =   310.03  PRESS =     0.0
 Etot   =   -113777.1674  EKtot   =     31536.8555  EPtot      =   -145314.0229
 BOND   =       853.0185  ANGLE   =      2253.7449  DIHED      =      1355.9751
 UB     =         0.0000  IMP     =         0.0000  CMAP       =       180.0962
 1-4 NB =      1003.6979  1-4 EEL =     15102.9544  VDWAALS    =     17283.2571
 EELEC  =   -183346.7672  EHBOND  =         0.0000  RESTRAINT  =         0.0000
 ------------------------------------------------------------------------------

wrapping first mol.:       29.97838       42.39583       73.43173

 NSTEP =   700000   TIME(PS) =   46440.000  TEMP(K) =   311.19  PRESS =     0.0
 Etot   =   -113718.1777  EKtot   =     31654.7559  EPtot      =   -145372.9336
 BOND   =       833.7171  ANGLE   =      2081.3897  DIHED      =      1365.2197
 UB     =         0.0000  IMP     =         0.0000  CMAP       =       198.7453
 1-4 NB =       995.4522  1-4 EEL =     15086.4789  VDWAALS    =     17340.3496
 EELEC  =   -183274.2861  EHBOND  =         0.0000  RESTRAINT  =         0.0000
 ------------------------------------------------------------------------------

wrapping first mol.:       29.97838       42.39583       73.43173

 NSTEP =   720000   TIME(PS) =   46480.000  TEMP(K) =   312.30  PRESS =     0.0
 Etot   =   -113029.9123  EKtot   =     31767.7383  EPtot      =   -144797.6506
 BOND   =       908.7898  ANGLE   =      2161.1919  DIHED      =      1376.2191
 UB     =         0.0000  IMP     =         0.0000  CMAP       =       188.7803
 1-4 NB =       975.2488  1-4 EEL =     15137.1187  VDWAALS    =     17122.7491
 EELEC  =   -182667.7483  EHBOND  =         0.0000  RESTRAINT  =         0.0000
 ------------------------------------------------------------------------------

wrapping first mol.:       29.97838       42.39583       73.43173

 NSTEP =   740000   TIME(PS) =   46520.000  TEMP(K) =   312.24  PRESS =     0.0
 Etot   =   -113376.6813  EKtot   =     31761.9883  EPtot      =   -145138.6695
 BOND   =       836.4722  ANGLE   =      2124.0928  DIHED      =      1345.9192
 UB     =         0.0000  IMP     =         0.0000  CMAP       =       196.1033
 1-4 NB =       999.7510  1-4 EEL =     15104.6140  VDWAALS    =     17548.1693
 EELEC  =   -183293.7913  EHBOND  =         0.0000  RESTRAINT  =         0.0000
 ------------------------------------------------------------------------------

wrapping first mol.:       29.97838       42.39583       73.43173

 NSTEP =   760000   TIME(PS) =   46560.000  TEMP(K) =   311.15  PRESS =     0.0
 Etot   =   -113364.1948  EKtot   =     31650.5781  EPtot      =   -145014.7729
 BOND   =       867.6939  ANGLE   =      2169.9042  DIHED      =      1344.4675
 UB     =         0.0000  IMP     =         0.0000  CMAP       =       179.1294
 1-4 NB =       993.7328  1-4 EEL =     15083.7000  VDWAALS    =     17217.2854
 EELEC  =   -182870.6861  EHBOND  =         0.0000  RESTRAINT  =         0.0000
 ------------------------------------------------------------------------------

wrapping first mol.:       29.97838       42.39583       73.43173

 NSTEP =   780000   TIME(PS) =   46600.000  TEMP(K) =   307.62  PRESS =     0.0
 Etot   =   -113757.3910  EKtot   =     31291.8203  EPtot      =   -145049.2113
 BOND   =       878.6509  ANGLE   =      2168.3453  DIHED      =      1342.1803
 UB     =         0.0000  IMP     =         0.0000  CMAP       =       206.6313
 1-4 NB =       969.7199  1-4 EEL =     15029.4846  VDWAALS    =     17306.5646
 EELEC  =   -182950.7881  EHBOND  =         0.0000  RESTRAINT  =         0.0000
 ------------------------------------------------------------------------------

wrapping first mol.:       29.97838       42.39583       73.43173

 NSTEP =   800000   TIME(PS) =   46640.000  TEMP(K) =   309.26  PRESS =     0.0
 Etot   =   -113808.0255  EKtot   =     31458.4102  EPtot      =   -145266.4357
 BOND   =       816.3100  ANGLE   =      2143.5002  DIHED      =      1319.6820
 UB     =         0.0000  IMP     =         0.0000  CMAP       =       189.9496
 1-4 NB =      1006.4483  1-4 EEL =     15130.3231  VDWAALS    =     17289.8039
 EELEC  =   -183162.4528  EHBOND  =         0.0000  RESTRAINT  =         0.0000
 ------------------------------------------------------------------------------

wrapping first mol.:       29.97838       42.39583       73.43173

 NSTEP =   820000   TIME(PS) =   46680.000  TEMP(K) =   308.29  PRESS =     0.0
 Etot   =   -113764.9342  EKtot   =     31360.1289  EPtot      =   -145125.0631
 BOND   =       845.2101  ANGLE   =      2153.8688  DIHED      =      1365.5424
 UB     =         0.0000  IMP     =         0.0000  CMAP       =       201.7679
 1-4 NB =      1009.1760  1-4 EEL =     15131.2492  VDWAALS    =     17491.2643
 EELEC  =   -183323.1417  EHBOND  =         0.0000  RESTRAINT  =         0.0000
 ------------------------------------------------------------------------------

wrapping first mol.:       29.97838       42.39583       73.43173

 NSTEP =   840000   TIME(PS) =   46720.000  TEMP(K) =   312.69  PRESS =     0.0
 Etot   =   -113646.8278  EKtot   =     31807.4941  EPtot      =   -145454.3220
 BOND   =       882.9986  ANGLE   =      2075.0693  DIHED      =      1328.2790
 UB     =         0.0000  IMP     =         0.0000  CMAP       =       191.2353
 1-4 NB =       992.6411  1-4 EEL =     15115.4916  VDWAALS    =     17336.7681
 EELEC  =   -183376.8050  EHBOND  =         0.0000  RESTRAINT  =         0.0000
 ------------------------------------------------------------------------------

wrapping first mol.:       29.97838       42.39583       73.43173

 NSTEP =   860000   TIME(PS) =   46760.000  TEMP(K) =   308.76  PRESS =     0.0
 Etot   =   -113443.1309  EKtot   =     31407.5098  EPtot      =   -144850.6406
 BOND   =       832.2065  ANGLE   =      2147.0546  DIHED      =      1365.6374
 UB     =         0.0000  IMP     =         0.0000  CMAP       =       195.5512
 1-4 NB =       999.2218  1-4 EEL =     15234.9746  VDWAALS    =     17202.5253
 EELEC  =   -182827.8120  EHBOND  =         0.0000  RESTRAINT  =         0.0000
 ------------------------------------------------------------------------------

wrapping first mol.:       29.97838       42.39583       73.43173

 NSTEP =   880000   TIME(PS) =   46800.000  TEMP(K) =   311.47  PRESS =     0.0
 Etot   =   -113816.5980  EKtot   =     31683.3086  EPtot      =   -145499.9066
 BOND   =       866.2299  ANGLE   =      2162.0840  DIHED      =      1374.2420
 UB     =         0.0000  IMP     =         0.0000  CMAP       =       208.4725
 1-4 NB =       985.6161  1-4 EEL =     15123.1329  VDWAALS    =     17682.5399
 EELEC  =   -183902.2240  EHBOND  =         0.0000  RESTRAINT  =         0.0000
 ------------------------------------------------------------------------------

wrapping first mol.:       29.97838       42.39583       73.43173

 NSTEP =   900000   TIME(PS) =   46840.000  TEMP(K) =   308.72  PRESS =     0.0
 Etot   =   -113603.5101  EKtot   =     31403.9922  EPtot      =   -145007.5023
 BOND   =       875.0078  ANGLE   =      2069.8772  DIHED      =      1361.2451
 UB     =         0.0000  IMP     =         0.0000  CMAP       =       211.8578
 1-4 NB =       976.3123  1-4 EEL =     15142.6389  VDWAALS    =     17219.1617
 EELEC  =   -182863.6031  EHBOND  =         0.0000  RESTRAINT  =         0.0000
 ------------------------------------------------------------------------------

wrapping first mol.:       29.97838       42.39583       73.43173

 NSTEP =   920000   TIME(PS) =   46880.000  TEMP(K) =   310.33  PRESS =     0.0
 Etot   =   -113687.2036  EKtot   =     31567.7695  EPtot      =   -145254.9732
 BOND   =       874.7329  ANGLE   =      2185.6011  DIHED      =      1326.3920
 UB     =         0.0000  IMP     =         0.0000  CMAP       =       199.7815
 1-4 NB =       981.3618  1-4 EEL =     15122.7657  VDWAALS    =     17108.3337
 EELEC  =   -183053.9418  EHBOND  =         0.0000  RESTRAINT  =         0.0000
 ------------------------------------------------------------------------------

wrapping first mol.:       29.97838       42.39583       73.43173

 NSTEP =   940000   TIME(PS) =   46920.000  TEMP(K) =   309.31  PRESS =     0.0
 Etot   =   -113875.5023  EKtot   =     31464.1660  EPtot      =   -145339.6684
 BOND   =       881.4607  ANGLE   =      2156.1809  DIHED      =      1343.1159
 UB     =         0.0000  IMP     =         0.0000  CMAP       =       201.9722
 1-4 NB =       990.6479  1-4 EEL =     15141.6424  VDWAALS    =     17326.6711
 EELEC  =   -183381.3596  EHBOND  =         0.0000  RESTRAINT  =         0.0000
 ------------------------------------------------------------------------------

wrapping first mol.:       29.97838       42.39583       73.43173

 NSTEP =   960000   TIME(PS) =   46960.000  TEMP(K) =   308.92  PRESS =     0.0
 Etot   =   -114175.6819  EKtot   =     31424.5586  EPtot      =   -145600.2405
 BOND   =       846.4501  ANGLE   =      2096.8962  DIHED      =      1365.5625
 UB     =         0.0000  IMP     =         0.0000  CMAP       =       213.8110
 1-4 NB =      1017.9734  1-4 EEL =     15081.2609  VDWAALS    =     17362.8345
 EELEC  =   -183585.0292  EHBOND  =         0.0000  RESTRAINT  =         0.0000
 ------------------------------------------------------------------------------

wrapping first mol.:       29.97838       42.39583       73.43173

 NSTEP =   980000   TIME(PS) =   47000.000  TEMP(K) =   309.73  PRESS =     0.0
 Etot   =   -113674.3240  EKtot   =     31506.6758  EPtot      =   -145180.9998
 BOND   =       818.1774  ANGLE   =      2125.7475  DIHED      =      1341.9166
 UB     =         0.0000  IMP     =         0.0000  CMAP       =       192.2596
 1-4 NB =      1003.9258  1-4 EEL =     15156.0113  VDWAALS    =     17432.3300
 EELEC  =   -183251.3681  EHBOND  =         0.0000  RESTRAINT  =         0.0000
 ------------------------------------------------------------------------------

wrapping first mol.:       29.97838       42.39583       73.43173

 NSTEP =  1000000   TIME(PS) =   47040.000  TEMP(K) =   309.93  PRESS =     0.0
 Etot   =   -113748.3739  EKtot   =     31526.6055  EPtot      =   -145274.9794
 BOND   =       841.4528  ANGLE   =      2145.7863  DIHED      =      1341.8315
 UB     =         0.0000  IMP     =         0.0000  CMAP       =       187.5555
 1-4 NB =       994.2685  1-4 EEL =     15103.8096  VDWAALS    =     17440.6597
 EELEC  =   -183330.3432  EHBOND  =         0.0000  RESTRAINT  =         0.0000
 ------------------------------------------------------------------------------

wrapping first mol.:       29.97838       42.39583       73.43173

 NSTEP =  1020000   TIME(PS) =   47080.000  TEMP(K) =   310.93  PRESS =     0.0
 Etot   =   -113399.7670  EKtot   =     31628.4023  EPtot      =   -145028.1693
 BOND   =       880.8145  ANGLE   =      2179.9057  DIHED      =      1337.2236
 UB     =         0.0000  IMP     =         0.0000  CMAP       =       202.6327
 1-4 NB =      1009.5647  1-4 EEL =     15079.6383  VDWAALS    =     16979.3177
 EELEC  =   -182697.2665  EHBOND  =         0.0000  RESTRAINT  =         0.0000
 ------------------------------------------------------------------------------

wrapping first mol.:       29.97838       42.39583       73.43173

 NSTEP =  1040000   TIME(PS) =   47120.000  TEMP(K) =   309.56  PRESS =     0.0
 Etot   =   -113871.3574  EKtot   =     31488.8164  EPtot      =   -145360.1738
 BOND   =       830.6694  ANGLE   =      2101.2708  DIHED      =      1339.5952
 UB     =         0.0000  IMP     =         0.0000  CMAP       =       183.4765
 1-4 NB =      1006.6652  1-4 EEL =     15119.1888  VDWAALS    =     17427.8483
 EELEC  =   -183368.8880  EHBOND  =         0.0000  RESTRAINT  =         0.0000
 ------------------------------------------------------------------------------

wrapping first mol.:       29.97838       42.39583       73.43173

 NSTEP =  1060000   TIME(PS) =   47160.000  TEMP(K) =   310.75  PRESS =     0.0
 Etot   =   -113923.1374  EKtot   =     31609.7383  EPtot      =   -145532.8757
 BOND   =       906.7698  ANGLE   =      2099.7938  DIHED      =      1330.1997
 UB     =         0.0000  IMP     =         0.0000  CMAP       =       202.2176
 1-4 NB =      1014.6186  1-4 EEL =     15147.6004  VDWAALS    =     17440.1747
 EELEC  =   -183674.2503  EHBOND  =         0.0000  RESTRAINT  =         0.0000
 ------------------------------------------------------------------------------

wrapping first mol.:       29.97838       42.39583       73.43173

 NSTEP =  1080000   TIME(PS) =   47200.000  TEMP(K) =   309.67  PRESS =     0.0
 Etot   =   -113846.5858  EKtot   =     31500.0371  EPtot      =   -145346.6229
 BOND   =       868.6903  ANGLE   =      2187.0353  DIHED      =      1388.5958
 UB     =         0.0000  IMP     =         0.0000  CMAP       =       196.1072
 1-4 NB =      1005.7086  1-4 EEL =     15165.8813  VDWAALS    =     17466.0958
 EELEC  =   -183624.7373  EHBOND  =         0.0000  RESTRAINT  =         0.0000
 ------------------------------------------------------------------------------

wrapping first mol.:       29.97838       42.39583       73.43173

 NSTEP =  1100000   TIME(PS) =   47240.000  TEMP(K) =   309.33  PRESS =     0.0
 Etot   =   -113935.4170  EKtot   =     31465.4707  EPtot      =   -145400.8877
 BOND   =       840.1430  ANGLE   =      2178.4270  DIHED      =      1355.5866
 UB     =         0.0000  IMP     =         0.0000  CMAP       =       208.2084
 1-4 NB =       984.1462  1-4 EEL =     15096.0156  VDWAALS    =     17364.9313
 EELEC  =   -183428.3458  EHBOND  =         0.0000  RESTRAINT  =         0.0000
 ------------------------------------------------------------------------------

wrapping first mol.:       29.97838       42.39583       73.43173

 NSTEP =  1120000   TIME(PS) =   47280.000  TEMP(K) =   309.45  PRESS =     0.0
 Etot   =   -113759.2247  EKtot   =     31477.8809  EPtot      =   -145237.1056
 BOND   =       880.0928  ANGLE   =      2128.3843  DIHED      =      1369.4240
 UB     =         0.0000  IMP     =         0.0000  CMAP       =       208.2198
 1-4 NB =       986.7916  1-4 EEL =     15096.9685  VDWAALS    =     17579.8814
 EELEC  =   -183486.8679  EHBOND  =         0.0000  RESTRAINT  =         0.0000
 ------------------------------------------------------------------------------

wrapping first mol.:       29.97838       42.39583       73.43173

 NSTEP =  1140000   TIME(PS) =   47320.000  TEMP(K) =   310.78  PRESS =     0.0
 Etot   =   -113396.5935  EKtot   =     31613.0820  EPtot      =   -145009.6755
 BOND   =       929.0163  ANGLE   =      2094.5017  DIHED      =      1384.1986
 UB     =         0.0000  IMP     =         0.0000  CMAP       =       199.1025
 1-4 NB =       997.0538  1-4 EEL =     15091.2471  VDWAALS    =     17255.9648
 EELEC  =   -182960.7602  EHBOND  =         0.0000  RESTRAINT  =         0.0000
 ------------------------------------------------------------------------------

wrapping first mol.:       29.97838       42.39583       73.43173

 NSTEP =  1160000   TIME(PS) =   47360.000  TEMP(K) =   309.95  PRESS =     0.0
 Etot   =   -114064.1135  EKtot   =     31528.5156  EPtot      =   -145592.6291
 BOND   =       869.5823  ANGLE   =      2125.8939  DIHED      =      1345.3197
 UB     =         0.0000  IMP     =         0.0000  CMAP       =       192.7767
 1-4 NB =      1001.4621  1-4 EEL =     15107.6120  VDWAALS    =     17538.1824
 EELEC  =   -183773.4582  EHBOND  =         0.0000  RESTRAINT  =         0.0000
 ------------------------------------------------------------------------------

wrapping first mol.:       29.97838       42.39583       73.43173

 NSTEP =  1180000   TIME(PS) =   47400.000  TEMP(K) =   307.79  PRESS =     0.0
 Etot   =   -113991.3618  EKtot   =     31308.8320  EPtot      =   -145300.1939
 BOND   =       859.1610  ANGLE   =      2119.0731  DIHED      =      1346.9947
 UB     =         0.0000  IMP     =         0.0000  CMAP       =       198.1532
 1-4 NB =      1007.3255  1-4 EEL =     15041.9605  VDWAALS    =     17415.1484
 EELEC  =   -183288.0103  EHBOND  =         0.0000  RESTRAINT  =         0.0000
 ------------------------------------------------------------------------------

wrapping first mol.:       29.97838       42.39583       73.43173

 NSTEP =  1200000   TIME(PS) =   47440.000  TEMP(K) =   309.11  PRESS =     0.0
 Etot   =   -113778.8066  EKtot   =     31443.6270  EPtot      =   -145222.4336
 BOND   =       864.1852  ANGLE   =      2109.5384  DIHED      =      1355.8997
 UB     =         0.0000  IMP     =         0.0000  CMAP       =       188.6198
 1-4 NB =       992.2076  1-4 EEL =     15105.7510  VDWAALS    =     17242.6805
 EELEC  =   -183081.3159  EHBOND  =         0.0000  RESTRAINT  =         0.0000
 ------------------------------------------------------------------------------

wrapping first mol.:       29.97838       42.39583       73.43173

 NSTEP =  1220000   TIME(PS) =   47480.000  TEMP(K) =   311.31  PRESS =     0.0
 Etot   =   -113442.4862  EKtot   =     31666.9883  EPtot      =   -145109.4745
 BOND   =       902.1002  ANGLE   =      2158.1594  DIHED      =      1357.7835
 UB     =         0.0000  IMP     =         0.0000  CMAP       =       191.9944
 1-4 NB =      1008.2263  1-4 EEL =     15060.6003  VDWAALS    =     17141.8042
 EELEC  =   -182930.1426  EHBOND  =         0.0000  RESTRAINT  =         0.0000
 ------------------------------------------------------------------------------

wrapping first mol.:       29.97838       42.39583       73.43173

 NSTEP =  1240000   TIME(PS) =   47520.000  TEMP(K) =   311.97  PRESS =     0.0
 Etot   =   -113568.8792  EKtot   =     31734.4980  EPtot      =   -145303.3773
 BOND   =       876.9702  ANGLE   =      2109.4321  DIHED      =      1331.2595
 UB     =         0.0000  IMP     =         0.0000  CMAP       =       190.9900
 1-4 NB =       986.9643  1-4 EEL =     15059.2439  VDWAALS    =     17326.4099
 EELEC  =   -183184.6472  EHBOND  =         0.0000  RESTRAINT  =         0.0000
 ------------------------------------------------------------------------------

wrapping first mol.:       29.97838       42.39583       73.43173

 NSTEP =  1260000   TIME(PS) =   47560.000  TEMP(K) =   311.56  PRESS =     0.0
 Etot   =   -113228.7224  EKtot   =     31692.9082  EPtot      =   -144921.6306
 BOND   =       847.9396  ANGLE   =      2164.5189  DIHED      =      1327.4780
 UB     =         0.0000  IMP     =         0.0000  CMAP       =       209.3663
 1-4 NB =       990.6482  1-4 EEL =     15060.9243  VDWAALS    =     17325.4225
 EELEC  =   -182847.9283  EHBOND  =         0.0000  RESTRAINT  =         0.0000
 ------------------------------------------------------------------------------

wrapping first mol.:       29.97838       42.39583       73.43173

 NSTEP =  1280000   TIME(PS) =   47600.000  TEMP(K) =   309.79  PRESS =     0.0
 Etot   =   -113517.5951  EKtot   =     31512.1094  EPtot      =   -145029.7045
 BOND   =       864.8741  ANGLE   =      2181.1047  DIHED      =      1345.5045
 UB     =         0.0000  IMP     =         0.0000  CMAP       =       193.1166
 1-4 NB =      1008.6895  1-4 EEL =     15164.7419  VDWAALS    =     17391.2510
 EELEC  =   -183178.9867  EHBOND  =         0.0000  RESTRAINT  =         0.0000
 ------------------------------------------------------------------------------

wrapping first mol.:       29.97838       42.39583       73.43173

 NSTEP =  1300000   TIME(PS) =   47640.000  TEMP(K) =   308.70  PRESS =     0.0
 Etot   =   -113696.3857  EKtot   =     31401.2207  EPtot      =   -145097.6064
 BOND   =       880.6369  ANGLE   =      2089.5180  DIHED      =      1346.7642
 UB     =         0.0000  IMP     =         0.0000  CMAP       =       216.1813
 1-4 NB =      1004.7170  1-4 EEL =     15062.7032  VDWAALS    =     17664.0428
 EELEC  =   -183362.1698  EHBOND  =         0.0000  RESTRAINT  =         0.0000
 ------------------------------------------------------------------------------

wrapping first mol.:       29.97838       42.39583       73.43173

 NSTEP =  1320000   TIME(PS) =   47680.000  TEMP(K) =   311.83  PRESS =     0.0
 Etot   =   -113767.1152  EKtot   =     31720.1641  EPtot      =   -145487.2793
 BOND   =       875.7637  ANGLE   =      2149.4854  DIHED      =      1365.5110
 UB     =         0.0000  IMP     =         0.0000  CMAP       =       193.9063
 1-4 NB =       992.6303  1-4 EEL =     15044.1364  VDWAALS    =     17728.0656
 EELEC  =   -183836.7780  EHBOND  =         0.0000  RESTRAINT  =         0.0000
 ------------------------------------------------------------------------------

wrapping first mol.:       29.97838       42.39583       73.43173

 NSTEP =  1340000   TIME(PS) =   47720.000  TEMP(K) =   308.57  PRESS =     0.0
 Etot   =   -113758.4076  EKtot   =     31388.8672  EPtot      =   -145147.2748
 BOND   =       836.7862  ANGLE   =      2127.9045  DIHED      =      1358.2254
 UB     =         0.0000  IMP     =         0.0000  CMAP       =       182.3306
 1-4 NB =      1000.2242  1-4 EEL =     15106.3434  VDWAALS    =     17509.7609
 EELEC  =   -183268.8499  EHBOND  =         0.0000  RESTRAINT  =         0.0000
 ------------------------------------------------------------------------------

wrapping first mol.:       29.97838       42.39583       73.43173

 NSTEP =  1360000   TIME(PS) =   47760.000  TEMP(K) =   310.56  PRESS =     0.0
 Etot   =   -113564.3204  EKtot   =     31590.8945  EPtot      =   -145155.2150
 BOND   =       840.1050  ANGLE   =      2113.8291  DIHED      =      1349.8309
 UB     =         0.0000  IMP     =         0.0000  CMAP       =       192.0303
 1-4 NB =      1000.4948  1-4 EEL =     15028.2236  VDWAALS    =     17404.8526
 EELEC  =   -183084.5811  EHBOND  =         0.0000  RESTRAINT  =         0.0000
 ------------------------------------------------------------------------------

wrapping first mol.:       29.97838       42.39583       73.43173

 NSTEP =  1380000   TIME(PS) =   47800.000  TEMP(K) =   307.27  PRESS =     0.0
 Etot   =   -113870.4779  EKtot   =     31255.8984  EPtot      =   -145126.3764
 BOND   =       838.4110  ANGLE   =      2169.4810  DIHED      =      1374.7023
 UB     =         0.0000  IMP     =         0.0000  CMAP       =       179.4865
 1-4 NB =      1002.0138  1-4 EEL =     14975.8213  VDWAALS    =     17261.8163
 EELEC  =   -182928.1086  EHBOND  =         0.0000  RESTRAINT  =         0.0000
 ------------------------------------------------------------------------------

wrapping first mol.:       29.97838       42.39583       73.43173

 NSTEP =  1400000   TIME(PS) =   47840.000  TEMP(K) =   311.36  PRESS =     0.0
 Etot   =   -113299.1711  EKtot   =     31671.9980  EPtot      =   -144971.1692
 BOND   =       867.1454  ANGLE   =      2152.9274  DIHED      =      1352.6287
 UB     =         0.0000  IMP     =         0.0000  CMAP       =       192.9495
 1-4 NB =       982.0674  1-4 EEL =     15059.8592  VDWAALS    =     17168.8576
 EELEC  =   -182747.6044  EHBOND  =         0.0000  RESTRAINT  =         0.0000
 ------------------------------------------------------------------------------

wrapping first mol.:       29.97838       42.39583       73.43173

 NSTEP =  1420000   TIME(PS) =   47880.000  TEMP(K) =   308.81  PRESS =     0.0
 Etot   =   -113647.5553  EKtot   =     31412.4043  EPtot      =   -145059.9596
 BOND   =       835.8924  ANGLE   =      2185.0507  DIHED      =      1342.6033
 UB     =         0.0000  IMP     =         0.0000  CMAP       =       201.5659
 1-4 NB =       983.1426  1-4 EEL =     15048.7243  VDWAALS    =     17203.2423
 EELEC  =   -182860.1812  EHBOND  =         0.0000  RESTRAINT  =         0.0000
 ------------------------------------------------------------------------------

wrapping first mol.:       29.97838       42.39583       73.43173

 NSTEP =  1440000   TIME(PS) =   47920.000  TEMP(K) =   308.03  PRESS =     0.0
 Etot   =   -113588.8570  EKtot   =     31333.5312  EPtot      =   -144922.3883
 BOND   =       857.6346  ANGLE   =      2156.3414  DIHED      =      1320.7575
 UB     =         0.0000  IMP     =         0.0000  CMAP       =       214.4548
 1-4 NB =      1000.2687  1-4 EEL =     15008.5919  VDWAALS    =     17143.0709
 EELEC  =   -182623.5081  EHBOND  =         0.0000  RESTRAINT  =         0.0000
 ------------------------------------------------------------------------------

wrapping first mol.:       29.97838       42.39583       73.43173

 NSTEP =  1460000   TIME(PS) =   47960.000  TEMP(K) =   308.79  PRESS =     0.0
 Etot   =   -113456.3086  EKtot   =     31410.9648  EPtot      =   -144867.2734
 BOND   =       860.3080  ANGLE   =      2139.7514  DIHED      =      1368.7676
 UB     =         0.0000  IMP     =         0.0000  CMAP       =       219.0251
 1-4 NB =      1004.8994  1-4 EEL =     15022.5612  VDWAALS    =     17332.0698
 EELEC  =   -182814.6559  EHBOND  =         0.0000  RESTRAINT  =         0.0000
 ------------------------------------------------------------------------------

wrapping first mol.:       29.97838       42.39583       73.43173

 NSTEP =  1480000   TIME(PS) =   48000.000  TEMP(K) =   308.48  PRESS =     0.0
 Etot   =   -114116.7787  EKtot   =     31379.3203  EPtot      =   -145496.0990
 BOND   =       886.9774  ANGLE   =      2139.9538  DIHED      =      1361.7928
 UB     =         0.0000  IMP     =         0.0000  CMAP       =       207.2892
 1-4 NB =      1000.0623  1-4 EEL =     15025.2465  VDWAALS    =     17722.4905
 EELEC  =   -183839.9115  EHBOND  =         0.0000  RESTRAINT  =         0.0000
 ------------------------------------------------------------------------------

wrapping first mol.:       29.97838       42.39583       73.43173

 NSTEP =  1500000   TIME(PS) =   48040.000  TEMP(K) =   308.17  PRESS =     0.0
 Etot   =   -113817.2155  EKtot   =     31347.6250  EPtot      =   -145164.8405
 BOND   =       873.9106  ANGLE   =      2125.7849  DIHED      =      1341.5649
 UB     =         0.0000  IMP     =         0.0000  CMAP       =       228.5001
 1-4 NB =      1019.0051  1-4 EEL =     15060.9637  VDWAALS    =     17261.7383
 EELEC  =   -183076.3080  EHBOND  =         0.0000  RESTRAINT  =         0.0000
 ------------------------------------------------------------------------------

wrapping first mol.:       29.97838       42.39583       73.43173

 NSTEP =  1520000   TIME(PS) =   48080.000  TEMP(K) =   308.68  PRESS =     0.0
 Etot   =   -113705.5512  EKtot   =     31399.3418  EPtot      =   -145104.8930
 BOND   =       860.4208  ANGLE   =      2130.9138  DIHED      =      1355.2527
 UB     =         0.0000  IMP     =         0.0000  CMAP       =       212.2963
 1-4 NB =       977.5749  1-4 EEL =     15048.9410  VDWAALS    =     17226.4353
 EELEC  =   -182916.7280  EHBOND  =         0.0000  RESTRAINT  =         0.0000
 ------------------------------------------------------------------------------

wrapping first mol.:       29.97838       42.39583       73.43173

 NSTEP =  1540000   TIME(PS) =   48120.000  TEMP(K) =   310.15  PRESS =     0.0
 Etot   =   -114258.9180  EKtot   =     31548.6953  EPtot      =   -145807.6133
 BOND   =       832.3081  ANGLE   =      2136.3222  DIHED      =      1331.0396
 UB     =         0.0000  IMP     =         0.0000  CMAP       =       235.3997
 1-4 NB =      1004.4238  1-4 EEL =     15084.4765  VDWAALS    =     17300.9118
 EELEC  =   -183732.4951  EHBOND  =         0.0000  RESTRAINT  =         0.0000
 ------------------------------------------------------------------------------

wrapping first mol.:       29.97838       42.39583       73.43173

 NSTEP =  1560000   TIME(PS) =   48160.000  TEMP(K) =   308.27  PRESS =     0.0
 Etot   =   -113661.8815  EKtot   =     31357.4434  EPtot      =   -145019.3249
 BOND   =       865.7519  ANGLE   =      2129.5333  DIHED      =      1366.0112
 UB     =         0.0000  IMP     =         0.0000  CMAP       =       206.9582
 1-4 NB =      1003.3787  1-4 EEL =     15125.3392  VDWAALS    =     17344.1369
 EELEC  =   -183060.4342  EHBOND  =         0.0000  RESTRAINT  =         0.0000
 ------------------------------------------------------------------------------

wrapping first mol.:       29.97838       42.39583       73.43173

 NSTEP =  1580000   TIME(PS) =   48200.000  TEMP(K) =   308.25  PRESS =     0.0
 Etot   =   -113394.2193  EKtot   =     31356.0332  EPtot      =   -144750.2525
 BOND   =       902.8209  ANGLE   =      2148.4909  DIHED      =      1324.1569
 UB     =         0.0000  IMP     =         0.0000  CMAP       =       202.3407
 1-4 NB =      1000.3565  1-4 EEL =     15084.6859  VDWAALS    =     17468.2117
 EELEC  =   -182881.3160  EHBOND  =         0.0000  RESTRAINT  =         0.0000
 ------------------------------------------------------------------------------

wrapping first mol.:       29.97838       42.39583       73.43173

 NSTEP =  1600000   TIME(PS) =   48240.000  TEMP(K) =   307.51  PRESS =     0.0
 Etot   =   -113870.7822  EKtot   =     31281.1113  EPtot      =   -145151.8935
 BOND   =       820.5563  ANGLE   =      2117.4776  DIHED      =      1337.4010
 UB     =         0.0000  IMP     =         0.0000  CMAP       =       236.9526
 1-4 NB =      1001.5301  1-4 EEL =     15098.9871  VDWAALS    =     17233.9697
 EELEC  =   -182998.7679  EHBOND  =         0.0000  RESTRAINT  =         0.0000
 ------------------------------------------------------------------------------

wrapping first mol.:       29.97838       42.39583       73.43173

 NSTEP =  1620000   TIME(PS) =   48280.000  TEMP(K) =   308.83  PRESS =     0.0
 Etot   =   -113803.0846  EKtot   =     31414.8105  EPtot      =   -145217.8951
 BOND   =       835.7187  ANGLE   =      2116.3647  DIHED      =      1353.2966
 UB     =         0.0000  IMP     =         0.0000  CMAP       =       218.2014
 1-4 NB =      1001.6142  1-4 EEL =     15115.0492  VDWAALS    =     17137.0294
 EELEC  =   -182995.1693  EHBOND  =         0.0000  RESTRAINT  =         0.0000
 ------------------------------------------------------------------------------

wrapping first mol.:       29.97838       42.39583       73.43173

 NSTEP =  1640000   TIME(PS) =   48320.000  TEMP(K) =   310.85  PRESS =     0.0
 Etot   =   -113678.1743  EKtot   =     31620.6855  EPtot      =   -145298.8599
 BOND   =       830.1850  ANGLE   =      2131.1742  DIHED      =      1334.4492
 UB     =         0.0000  IMP     =         0.0000  CMAP       =       219.0958
 1-4 NB =      1000.3204  1-4 EEL =     15168.3147  VDWAALS    =     17222.0857
 EELEC  =   -183204.4850  EHBOND  =         0.0000  RESTRAINT  =         0.0000
 ------------------------------------------------------------------------------

wrapping first mol.:       29.97838       42.39583       73.43173

 NSTEP =  1660000   TIME(PS) =   48360.000  TEMP(K) =   311.42  PRESS =     0.0
 Etot   =   -113556.5305  EKtot   =     31678.4102  EPtot      =   -145234.9407
 BOND   =       816.7975  ANGLE   =      2123.2586  DIHED      =      1330.3389
 UB     =         0.0000  IMP     =         0.0000  CMAP       =       192.4544
 1-4 NB =       993.8298  1-4 EEL =     15124.7703  VDWAALS    =     17010.0175
 EELEC  =   -182826.4076  EHBOND  =         0.0000  RESTRAINT  =         0.0000
 ------------------------------------------------------------------------------

wrapping first mol.:       29.97838       42.39583       73.43173

 NSTEP =  1680000   TIME(PS) =   48400.000  TEMP(K) =   310.63  PRESS =     0.0
 Etot   =   -113154.3933  EKtot   =     31598.4648  EPtot      =   -144752.8581
 BOND   =       893.3146  ANGLE   =      2164.6833  DIHED      =      1377.0562
 UB     =         0.0000  IMP     =         0.0000  CMAP       =       203.3663
 1-4 NB =       994.1036  1-4 EEL =     15084.1718  VDWAALS    =     17268.5360
 EELEC  =   -182738.0899  EHBOND  =         0.0000  RESTRAINT  =         0.0000
 ------------------------------------------------------------------------------

wrapping first mol.:       29.97838       42.39583       73.43173

 NSTEP =  1700000   TIME(PS) =   48440.000  TEMP(K) =   311.10  PRESS =     0.0
 Etot   =   -113612.0309  EKtot   =     31645.3203  EPtot      =   -145257.3512
 BOND   =       860.9012  ANGLE   =      2116.1990  DIHED      =      1346.9122
 UB     =         0.0000  IMP     =         0.0000  CMAP       =       207.9936
 1-4 NB =      1000.2173  1-4 EEL =     15104.5829  VDWAALS    =     17106.1724
 EELEC  =   -183000.3299  EHBOND  =         0.0000  RESTRAINT  =         0.0000
 ------------------------------------------------------------------------------

wrapping first mol.:       29.97838       42.39583       73.43173

 NSTEP =  1720000   TIME(PS) =   48480.000  TEMP(K) =   309.56  PRESS =     0.0
 Etot   =   -113766.3678  EKtot   =     31489.3809  EPtot      =   -145255.7487
 BOND   =       849.2844  ANGLE   =      2111.2749  DIHED      =      1351.0375
 UB     =         0.0000  IMP     =         0.0000  CMAP       =       206.5185
 1-4 NB =      1010.6171  1-4 EEL =     15230.3420  VDWAALS    =     17110.5106
 EELEC  =   -183125.3337  EHBOND  =         0.0000  RESTRAINT  =         0.0000
 ------------------------------------------------------------------------------

wrapping first mol.:       29.97838       42.39583       73.43173

 NSTEP =  1740000   TIME(PS) =   48520.000  TEMP(K) =   308.05  PRESS =     0.0
 Etot   =   -114189.2803  EKtot   =     31335.5254  EPtot      =   -145524.8057
 BOND   =       785.5442  ANGLE   =      2133.1665  DIHED      =      1370.2290
 UB     =         0.0000  IMP     =         0.0000  CMAP       =       191.3687
 1-4 NB =      1019.8638  1-4 EEL =     15173.3524  VDWAALS    =     17576.4492
 EELEC  =   -183774.7795  EHBOND  =         0.0000  RESTRAINT  =         0.0000
 ------------------------------------------------------------------------------

wrapping first mol.:       29.97838       42.39583       73.43173

 NSTEP =  1760000   TIME(PS) =   48560.000  TEMP(K) =   309.46  PRESS =     0.0
 Etot   =   -113194.6548  EKtot   =     31479.0352  EPtot      =   -144673.6900
 BOND   =       820.6365  ANGLE   =      2166.4392  DIHED      =      1389.8943
 UB     =         0.0000  IMP     =         0.0000  CMAP       =       207.8919
 1-4 NB =      1000.3378  1-4 EEL =     15128.1671  VDWAALS    =     17235.7700
 EELEC  =   -182622.8268  EHBOND  =         0.0000  RESTRAINT  =         0.0000
 ------------------------------------------------------------------------------

wrapping first mol.:       29.97838       42.39583       73.43173

 NSTEP =  1780000   TIME(PS) =   48600.000  TEMP(K) =   309.93  PRESS =     0.0
 Etot   =   -113726.7125  EKtot   =     31526.6836  EPtot      =   -145253.3961
 BOND   =       856.8003  ANGLE   =      2128.9843  DIHED      =      1368.8446
 UB     =         0.0000  IMP     =         0.0000  CMAP       =       205.9312
 1-4 NB =       986.0718  1-4 EEL =     15120.1284  VDWAALS    =     16890.3693
 EELEC  =   -182810.5260  EHBOND  =         0.0000  RESTRAINT  =         0.0000
 ------------------------------------------------------------------------------

wrapping first mol.:       29.97838       42.39583       73.43173

 NSTEP =  1800000   TIME(PS) =   48640.000  TEMP(K) =   313.75  PRESS =     0.0
 Etot   =   -113073.0862  EKtot   =     31915.3164  EPtot      =   -144988.4026
 BOND   =       803.1854  ANGLE   =      2190.5963  DIHED      =      1352.5465
 UB     =         0.0000  IMP     =         0.0000  CMAP       =       218.4034
 1-4 NB =      1019.1508  1-4 EEL =     15097.6992  VDWAALS    =     17207.2216
 EELEC  =   -182877.2059  EHBOND  =         0.0000  RESTRAINT  =         0.0000
 ------------------------------------------------------------------------------

wrapping first mol.:       29.97838       42.39583       73.43173

 NSTEP =  1820000   TIME(PS) =   48680.000  TEMP(K) =   311.79  PRESS =     0.0
 Etot   =   -113801.1322  EKtot   =     31716.3945  EPtot      =   -145517.5267
 BOND   =       859.6068  ANGLE   =      2111.3550  DIHED      =      1352.2775
 UB     =         0.0000  IMP     =         0.0000  CMAP       =       207.6123
 1-4 NB =      1015.1098  1-4 EEL =     15194.0534  VDWAALS    =     17363.7455
 EELEC  =   -183621.2871  EHBOND  =         0.0000  RESTRAINT  =         0.0000
 ------------------------------------------------------------------------------

wrapping first mol.:       29.97838       42.39583       73.43173

 NSTEP =  1840000   TIME(PS) =   48720.000  TEMP(K) =   310.26  PRESS =     0.0
 Etot   =   -113417.1994  EKtot   =     31560.1699  EPtot      =   -144977.3694
 BOND   =       857.1984  ANGLE   =      2109.0818  DIHED      =      1355.3228
 UB     =         0.0000  IMP     =         0.0000  CMAP       =       205.1980
 1-4 NB =       997.4065  1-4 EEL =     15143.2924  VDWAALS    =     17034.7370
 EELEC  =   -182679.6063  EHBOND  =         0.0000  RESTRAINT  =         0.0000
 ------------------------------------------------------------------------------

wrapping first mol.:       29.97838       42.39583       73.43173

 NSTEP =  1860000   TIME(PS) =   48760.000  TEMP(K) =   310.58  PRESS =     0.0
 Etot   =   -113667.0965  EKtot   =     31593.2891  EPtot      =   -145260.3856
 BOND   =       840.9914  ANGLE   =      2085.0630  DIHED      =      1377.2028
 UB     =         0.0000  IMP     =         0.0000  CMAP       =       201.0452
 1-4 NB =       997.1184  1-4 EEL =     15144.6543  VDWAALS    =     17111.5555
 EELEC  =   -183018.0163  EHBOND  =         0.0000  RESTRAINT  =         0.0000
 ------------------------------------------------------------------------------

wrapping first mol.:       29.97838       42.39583       73.43173

 NSTEP =  1880000   TIME(PS) =   48800.000  TEMP(K) =   308.64  PRESS =     0.0
 Etot   =   -113883.7976  EKtot   =     31396.0156  EPtot      =   -145279.8132
 BOND   =       876.7847  ANGLE   =      2113.1752  DIHED      =      1382.6574
 UB     =         0.0000  IMP     =         0.0000  CMAP       =       205.9084
 1-4 NB =      1005.1976  1-4 EEL =     15097.7334  VDWAALS    =     17309.5289
 EELEC  =   -183270.7987  EHBOND  =         0.0000  RESTRAINT  =         0.0000
 ------------------------------------------------------------------------------

wrapping first mol.:       29.97838       42.39583       73.43173

 NSTEP =  1900000   TIME(PS) =   48840.000  TEMP(K) =   310.98  PRESS =     0.0
 Etot   =   -113506.0768  EKtot   =     31633.8613  EPtot      =   -145139.9381
 BOND   =       820.9833  ANGLE   =      2171.1285  DIHED      =      1391.0706
 UB     =         0.0000  IMP     =         0.0000  CMAP       =       214.3177
 1-4 NB =      1006.1157  1-4 EEL =     15088.8653  VDWAALS    =     17502.0315
 EELEC  =   -183334.4509  EHBOND  =         0.0000  RESTRAINT  =         0.0000
 ------------------------------------------------------------------------------

wrapping first mol.:       29.97838       42.39583       73.43173

 NSTEP =  1920000   TIME(PS) =   48880.000  TEMP(K) =   310.80  PRESS =     0.0
 Etot   =   -113344.3271  EKtot   =     31615.1074  EPtot      =   -144959.4346
 BOND   =       844.6768  ANGLE   =      2101.1403  DIHED      =      1372.2264
 UB     =         0.0000  IMP     =         0.0000  CMAP       =       194.1609
 1-4 NB =       997.9617  1-4 EEL =     15166.2425  VDWAALS    =     16961.9413
 EELEC  =   -182597.7843  EHBOND  =         0.0000  RESTRAINT  =         0.0000
 ------------------------------------------------------------------------------

wrapping first mol.:       29.97838       42.39583       73.43173

 NSTEP =  1940000   TIME(PS) =   48920.000  TEMP(K) =   310.77  PRESS =     0.0
 Etot   =   -113943.2304  EKtot   =     31612.0859  EPtot      =   -145555.3164
 BOND   =       843.9087  ANGLE   =      2148.5081  DIHED      =      1355.3197
 UB     =         0.0000  IMP     =         0.0000  CMAP       =       202.1335
 1-4 NB =      1002.1840  1-4 EEL =     15094.2601  VDWAALS    =     17345.0661
 EELEC  =   -183546.6965  EHBOND  =         0.0000  RESTRAINT  =         0.0000
 ------------------------------------------------------------------------------

wrapping first mol.:       29.97838       42.39583       73.43173

 NSTEP =  1960000   TIME(PS) =   48960.000  TEMP(K) =   310.03  PRESS =     0.0
 Etot   =   -113896.2082  EKtot   =     31536.8730  EPtot      =   -145433.0813
 BOND   =       846.5982  ANGLE   =      2156.1508  DIHED      =      1342.8959
 UB     =         0.0000  IMP     =         0.0000  CMAP       =       189.1191
 1-4 NB =      1005.5306  1-4 EEL =     15174.9096  VDWAALS    =     17303.6888
 EELEC  =   -183451.9743  EHBOND  =         0.0000  RESTRAINT  =         0.0000
 ------------------------------------------------------------------------------

wrapping first mol.:       29.97838       42.39583       73.43173

 NSTEP =  1980000   TIME(PS) =   49000.000  TEMP(K) =   308.00  PRESS =     0.0
 Etot   =   -113503.6677  EKtot   =     31330.5605  EPtot      =   -144834.2282
 BOND   =       828.5172  ANGLE   =      2171.3654  DIHED      =      1392.5733
 UB     =         0.0000  IMP     =         0.0000  CMAP       =       201.0423
 1-4 NB =       991.8852  1-4 EEL =     15056.5246  VDWAALS    =     17095.4450
 EELEC  =   -182571.5813  EHBOND  =         0.0000  RESTRAINT  =         0.0000
 ------------------------------------------------------------------------------

wrapping first mol.:       29.97838       42.39583       73.43173

 NSTEP =  2000000   TIME(PS) =   49040.000  TEMP(K) =   307.41  PRESS =     0.0
 Etot   =   -113793.9702  EKtot   =     31270.5625  EPtot      =   -145064.5327
 BOND   =       841.5096  ANGLE   =      2199.4360  DIHED      =      1339.3050
 UB     =         0.0000  IMP     =         0.0000  CMAP       =       219.3343
 1-4 NB =       996.4583  1-4 EEL =     15063.7432  VDWAALS    =     16834.3676
 EELEC  =   -182558.6868  EHBOND  =         0.0000  RESTRAINT  =         0.0000
 ------------------------------------------------------------------------------

wrapping first mol.:       29.97838       42.39583       73.43173

 NSTEP =  2020000   TIME(PS) =   49080.000  TEMP(K) =   310.11  PRESS =     0.0
 Etot   =   -113759.1877  EKtot   =     31545.3652  EPtot      =   -145304.5530
 BOND   =       884.0325  ANGLE   =      2197.2530  DIHED      =      1331.6947
 UB     =         0.0000  IMP     =         0.0000  CMAP       =       204.0140
 1-4 NB =       985.8773  1-4 EEL =     15096.1706  VDWAALS    =     17371.3522
 EELEC  =   -183374.9473  EHBOND  =         0.0000  RESTRAINT  =         0.0000
 ------------------------------------------------------------------------------

wrapping first mol.:       29.97838       42.39583       73.43173

 NSTEP =  2040000   TIME(PS) =   49120.000  TEMP(K) =   310.09  PRESS =     0.0
 Etot   =   -113571.8971  EKtot   =     31543.3555  EPtot      =   -145115.2526
 BOND   =       869.8887  ANGLE   =      2122.6236  DIHED      =      1329.5209
 UB     =         0.0000  IMP     =         0.0000  CMAP       =       209.5500
 1-4 NB =      1031.3465  1-4 EEL =     15067.7115  VDWAALS    =     17641.5103
 EELEC  =   -183387.4042  EHBOND  =         0.0000  RESTRAINT  =         0.0000
 ------------------------------------------------------------------------------

wrapping first mol.:       29.97838       42.39583       73.43173

 NSTEP =  2060000   TIME(PS) =   49160.000  TEMP(K) =   310.93  PRESS =     0.0
 Etot   =   -113738.4247  EKtot   =     31628.8281  EPtot      =   -145367.2528
 BOND   =       886.8995  ANGLE   =      2176.4708  DIHED      =      1334.9669
 UB     =         0.0000  IMP     =         0.0000  CMAP       =       195.2545
 1-4 NB =      1002.2816  1-4 EEL =     15101.8331  VDWAALS    =     17445.8545
 EELEC  =   -183510.8137  EHBOND  =         0.0000  RESTRAINT  =         0.0000
 ------------------------------------------------------------------------------

wrapping first mol.:       29.97838       42.39583       73.43173

 NSTEP =  2080000   TIME(PS) =   49200.000  TEMP(K) =   311.15  PRESS =     0.0
 Etot   =   -113614.8446  EKtot   =     31651.3340  EPtot      =   -145266.1786
 BOND   =       856.0794  ANGLE   =      2158.4823  DIHED      =      1370.8541
 UB     =         0.0000  IMP     =         0.0000  CMAP       =       209.9820
 1-4 NB =      1009.8502  1-4 EEL =     15151.2411  VDWAALS    =     17248.0633
 EELEC  =   -183270.7309  EHBOND  =         0.0000  RESTRAINT  =         0.0000
 ------------------------------------------------------------------------------

wrapping first mol.:       29.97838       42.39583       73.43173

 NSTEP =  2100000   TIME(PS) =   49240.000  TEMP(K) =   308.91  PRESS =     0.0
 Etot   =   -113466.4299  EKtot   =     31422.6152  EPtot      =   -144889.0451
 BOND   =       873.1824  ANGLE   =      2137.8105  DIHED      =      1397.7372
 UB     =         0.0000  IMP     =         0.0000  CMAP       =       198.7560
 1-4 NB =      1014.0679  1-4 EEL =     15114.3012  VDWAALS    =     17166.3702
 EELEC  =   -182791.2704  EHBOND  =         0.0000  RESTRAINT  =         0.0000
 ------------------------------------------------------------------------------

wrapping first mol.:       29.97838       42.39583       73.43173

 NSTEP =  2120000   TIME(PS) =   49280.000  TEMP(K) =   308.46  PRESS =     0.0
 Etot   =   -113861.4708  EKtot   =     31377.5762  EPtot      =   -145239.0469
 BOND   =       880.3710  ANGLE   =      2220.5625  DIHED      =      1356.6534
 UB     =         0.0000  IMP     =         0.0000  CMAP       =       203.7978
 1-4 NB =       982.1624  1-4 EEL =     15099.2801  VDWAALS    =     17223.8367
 EELEC  =   -183205.7109  EHBOND  =         0.0000  RESTRAINT  =         0.0000
 ------------------------------------------------------------------------------

wrapping first mol.:       29.97838       42.39583       73.43173

 NSTEP =  2140000   TIME(PS) =   49320.000  TEMP(K) =   310.23  PRESS =     0.0
 Etot   =   -113660.5140  EKtot   =     31557.4746  EPtot      =   -145217.9886
 BOND   =       841.7166  ANGLE   =      2078.8744  DIHED      =      1347.2298
 UB     =         0.0000  IMP     =         0.0000  CMAP       =       204.9455
 1-4 NB =      1027.2043  1-4 EEL =     15140.5162  VDWAALS    =     17268.5467
 EELEC  =   -183127.0222  EHBOND  =         0.0000  RESTRAINT  =         0.0000
 ------------------------------------------------------------------------------

wrapping first mol.:       29.97838       42.39583       73.43173

 NSTEP =  2160000   TIME(PS) =   49360.000  TEMP(K) =   311.40  PRESS =     0.0
 Etot   =   -113390.6438  EKtot   =     31676.2168  EPtot      =   -145066.8606
 BOND   =       849.2439  ANGLE   =      2125.0496  DIHED      =      1353.6082
 UB     =         0.0000  IMP     =         0.0000  CMAP       =       196.4836
 1-4 NB =       992.1415  1-4 EEL =     15066.3164  VDWAALS    =     17371.8676
 EELEC  =   -183021.5714  EHBOND  =         0.0000  RESTRAINT  =         0.0000
 ------------------------------------------------------------------------------

wrapping first mol.:       29.97838       42.39583       73.43173

 NSTEP =  2180000   TIME(PS) =   49400.000  TEMP(K) =   309.42  PRESS =     0.0
 Etot   =   -113812.9560  EKtot   =     31475.2539  EPtot      =   -145288.2099
 BOND   =       876.6234  ANGLE   =      2145.2737  DIHED      =      1374.7504
 UB     =         0.0000  IMP     =         0.0000  CMAP       =       194.3233
 1-4 NB =      1012.0274  1-4 EEL =     15113.5139  VDWAALS    =     17261.9281
 EELEC  =   -183266.6501  EHBOND  =         0.0000  RESTRAINT  =         0.0000
 ------------------------------------------------------------------------------

wrapping first mol.:       29.97838       42.39583       73.43173

 NSTEP =  2200000   TIME(PS) =   49440.000  TEMP(K) =   311.98  PRESS =     0.0
 Etot   =   -113561.1272  EKtot   =     31735.2676  EPtot      =   -145296.3947
 BOND   =       889.4690  ANGLE   =      2184.8214  DIHED      =      1342.4500
 UB     =         0.0000  IMP     =         0.0000  CMAP       =       209.1741
 1-4 NB =      1002.3492  1-4 EEL =     15112.1778  VDWAALS    =     17402.8259
 EELEC  =   -183439.6621  EHBOND  =         0.0000  RESTRAINT  =         0.0000
 ------------------------------------------------------------------------------

wrapping first mol.:       29.97838       42.39583       73.43173

 NSTEP =  2220000   TIME(PS) =   49480.000  TEMP(K) =   309.10  PRESS =     0.0
 Etot   =   -113945.6384  EKtot   =     31442.7363  EPtot      =   -145388.3748
 BOND   =       873.7263  ANGLE   =      2124.6013  DIHED      =      1379.8825
 UB     =         0.0000  IMP     =         0.0000  CMAP       =       202.6850
 1-4 NB =       998.2278  1-4 EEL =     15138.6052  VDWAALS    =     17208.1804
 EELEC  =   -183314.2833  EHBOND  =         0.0000  RESTRAINT  =         0.0000
 ------------------------------------------------------------------------------

wrapping first mol.:       29.97838       42.39583       73.43173

 NSTEP =  2240000   TIME(PS) =   49520.000  TEMP(K) =   309.99  PRESS =     0.0
 Etot   =   -113959.6305  EKtot   =     31532.7012  EPtot      =   -145492.3317
 BOND   =       851.2495  ANGLE   =      2087.3564  DIHED      =      1360.6842
 UB     =         0.0000  IMP     =         0.0000  CMAP       =       221.1716
 1-4 NB =      1010.1711  1-4 EEL =     15141.1394  VDWAALS    =     17074.0874
 EELEC  =   -183238.1912  EHBOND  =         0.0000  RESTRAINT  =         0.0000
 ------------------------------------------------------------------------------

wrapping first mol.:       29.97838       42.39583       73.43173

 NSTEP =  2260000   TIME(PS) =   49560.000  TEMP(K) =   311.68  PRESS =     0.0
 Etot   =   -113762.5695  EKtot   =     31705.2930  EPtot      =   -145467.8625
 BOND   =       852.5443  ANGLE   =      2108.2565  DIHED      =      1334.3856
 UB     =         0.0000  IMP     =         0.0000  CMAP       =       192.3439
 1-4 NB =      1004.3354  1-4 EEL =     15082.0314  VDWAALS    =     17351.3209
 EELEC  =   -183393.0804  EHBOND  =         0.0000  RESTRAINT  =         0.0000
 ------------------------------------------------------------------------------

wrapping first mol.:       29.97838       42.39583       73.43173

 NSTEP =  2280000   TIME(PS) =   49600.000  TEMP(K) =   311.29  PRESS =     0.0
 Etot   =   -113393.6504  EKtot   =     31664.9395  EPtot      =   -145058.5899
 BOND   =       849.1604  ANGLE   =      2203.8154  DIHED      =      1394.2386
 UB     =         0.0000  IMP     =         0.0000  CMAP       =       195.5355
 1-4 NB =       998.4656  1-4 EEL =     15161.5910  VDWAALS    =     16910.3282
 EELEC  =   -182771.7246  EHBOND  =         0.0000  RESTRAINT  =         0.0000
 ------------------------------------------------------------------------------

wrapping first mol.:       29.97838       42.39583       73.43173

 NSTEP =  2300000   TIME(PS) =   49640.000  TEMP(K) =   312.32  PRESS =     0.0
 Etot   =   -113477.5984  EKtot   =     31769.4863  EPtot      =   -145247.0848
 BOND   =       855.9706  ANGLE   =      2110.6033  DIHED      =      1375.2434
 UB     =         0.0000  IMP     =         0.0000  CMAP       =       184.1123
 1-4 NB =       987.8119  1-4 EEL =     15097.7329  VDWAALS    =     17248.7063
 EELEC  =   -183107.2655  EHBOND  =         0.0000  RESTRAINT  =         0.0000
 ------------------------------------------------------------------------------

wrapping first mol.:       29.97838       42.39583       73.43173

 NSTEP =  2320000   TIME(PS) =   49680.000  TEMP(K) =   308.29  PRESS =     0.0
 Etot   =   -113657.6593  EKtot   =     31359.4785  EPtot      =   -145017.1378
 BOND   =       853.0359  ANGLE   =      2153.4618  DIHED      =      1387.4823
 UB     =         0.0000  IMP     =         0.0000  CMAP       =       189.3090
 1-4 NB =       996.8515  1-4 EEL =     15111.5359  VDWAALS    =     17234.0145
 EELEC  =   -182942.8287  EHBOND  =         0.0000  RESTRAINT  =         0.0000
 ------------------------------------------------------------------------------

wrapping first mol.:       29.97838       42.39583       73.43173

 NSTEP =  2340000   TIME(PS) =   49720.000  TEMP(K) =   310.19  PRESS =     0.0
 Etot   =   -113673.3441  EKtot   =     31553.3828  EPtot      =   -145226.7269
 BOND   =       823.3210  ANGLE   =      2157.8501  DIHED      =      1357.9646
 UB     =         0.0000  IMP     =         0.0000  CMAP       =       210.1788
 1-4 NB =       998.7568  1-4 EEL =     15160.7347  VDWAALS    =     17317.0193
 EELEC  =   -183252.5521  EHBOND  =         0.0000  RESTRAINT  =         0.0000
 ------------------------------------------------------------------------------

wrapping first mol.:       29.97838       42.39583       73.43173

 NSTEP =  2360000   TIME(PS) =   49760.000  TEMP(K) =   307.68  PRESS =     0.0
 Etot   =   -113616.1162  EKtot   =     31298.2363  EPtot      =   -144914.3526
 BOND   =       874.0973  ANGLE   =      2155.2250  DIHED      =      1333.3317
 UB     =         0.0000  IMP     =         0.0000  CMAP       =       200.6210
 1-4 NB =       972.6096  1-4 EEL =     15100.0050  VDWAALS    =     17589.6196
 EELEC  =   -183139.8617  EHBOND  =         0.0000  RESTRAINT  =         0.0000
 ------------------------------------------------------------------------------

wrapping first mol.:       29.97838       42.39583       73.43173

 NSTEP =  2380000   TIME(PS) =   49800.000  TEMP(K) =   310.88  PRESS =     0.0
 Etot   =   -114204.2093  EKtot   =     31623.1426  EPtot      =   -145827.3519
 BOND   =       848.4478  ANGLE   =      2120.2261  DIHED      =      1373.2311
 UB     =         0.0000  IMP     =         0.0000  CMAP       =       199.7305
 1-4 NB =       994.3538  1-4 EEL =     15168.2864  VDWAALS    =     17217.3060
 EELEC  =   -183748.9336  EHBOND  =         0.0000  RESTRAINT  =         0.0000
 ------------------------------------------------------------------------------

wrapping first mol.:       29.97838       42.39583       73.43173

 NSTEP =  2400000   TIME(PS) =   49840.000  TEMP(K) =   307.24  PRESS =     0.0
 Etot   =   -113766.1760  EKtot   =     31253.6621  EPtot      =   -145019.8381
 BOND   =       868.8907  ANGLE   =      2199.8120  DIHED      =      1350.4222
 UB     =         0.0000  IMP     =         0.0000  CMAP       =       194.1529
 1-4 NB =       990.6983  1-4 EEL =     15178.9946  VDWAALS    =     17364.6690
 EELEC  =   -183167.4779  EHBOND  =         0.0000  RESTRAINT  =         0.0000
 ------------------------------------------------------------------------------

wrapping first mol.:       29.97838       42.39583       73.43173

 NSTEP =  2420000   TIME(PS) =   49880.000  TEMP(K) =   309.10  PRESS =     0.0
 Etot   =   -114004.7288  EKtot   =     31442.8086  EPtot      =   -145447.5374
 BOND   =       855.5244  ANGLE   =      2181.5093  DIHED      =      1350.0134
 UB     =         0.0000  IMP     =         0.0000  CMAP       =       216.4808
 1-4 NB =      1019.5420  1-4 EEL =     15106.5640  VDWAALS    =     17560.3314
 EELEC  =   -183737.5028  EHBOND  =         0.0000  RESTRAINT  =         0.0000
 ------------------------------------------------------------------------------

wrapping first mol.:       29.97838       42.39583       73.43173

 NSTEP =  2440000   TIME(PS) =   49920.000  TEMP(K) =   311.15  PRESS =     0.0
 Etot   =   -113703.4196  EKtot   =     31650.7734  EPtot      =   -145354.1930
 BOND   =       819.5400  ANGLE   =      2191.2344  DIHED      =      1338.0822
 UB     =         0.0000  IMP     =         0.0000  CMAP       =       202.0315
 1-4 NB =       995.2630  1-4 EEL =     15057.3042  VDWAALS    =     17744.7256
 EELEC  =   -183702.3739  EHBOND  =         0.0000  RESTRAINT  =         0.0000
 ------------------------------------------------------------------------------

wrapping first mol.:       29.97838       42.39583       73.43173

 NSTEP =  2460000   TIME(PS) =   49960.000  TEMP(K) =   310.12  PRESS =     0.0
 Etot   =   -113418.3068  EKtot   =     31545.8496  EPtot      =   -144964.1564
 BOND   =       882.4077  ANGLE   =      2107.1022  DIHED      =      1353.0070
 UB     =         0.0000  IMP     =         0.0000  CMAP       =       204.4784
 1-4 NB =       995.7984  1-4 EEL =     15086.4599  VDWAALS    =     17251.8114
 EELEC  =   -182845.2214  EHBOND  =         0.0000  RESTRAINT  =         0.0000
 ------------------------------------------------------------------------------

wrapping first mol.:       29.97838       42.39583       73.43173

 NSTEP =  2480000   TIME(PS) =   50000.000  TEMP(K) =   310.84  PRESS =     0.0
 Etot   =   -113716.3823  EKtot   =     31619.2949  EPtot      =   -145335.6772
 BOND   =       828.1613  ANGLE   =      2186.1402  DIHED      =      1350.3901
 UB     =         0.0000  IMP     =         0.0000  CMAP       =       209.5228
 1-4 NB =      1020.5645  1-4 EEL =     15157.1600  VDWAALS    =     17041.6878
 EELEC  =   -183129.3038  EHBOND  =         0.0000  RESTRAINT  =         0.0000
 ------------------------------------------------------------------------------

wrapping first mol.:       29.97838       42.39583       73.43173
wrapping first mol.:       29.97838       42.39583       73.43173

 NSTEP =  2500000   TIME(PS) =   50040.000  TEMP(K) =   311.56  PRESS =     0.0
 Etot   =   -113363.1183  EKtot   =     31692.8477  EPtot      =   -145055.9660
 BOND   =       846.2689  ANGLE   =      2165.4030  DIHED      =      1362.3631
 UB     =         0.0000  IMP     =         0.0000  CMAP       =       201.3305
 1-4 NB =       986.4627  1-4 EEL =     15105.6109  VDWAALS    =     17454.6400
 EELEC  =   -183178.0451  EHBOND  =         0.0000  RESTRAINT  =         0.0000
 ------------------------------------------------------------------------------


      A V E R A G E S   O V E R     125 S T E P S


 NSTEP =  2500000   TIME(PS) =   50040.000  TEMP(K) =   309.94  PRESS =     0.0
 Etot   =   -113658.4960  EKtot   =     31527.6034  EPtot      =   -145186.0994
 BOND   =       856.9181  ANGLE   =      2145.9181  DIHED      =      1353.8799
 UB     =         0.0000  IMP     =         0.0000  CMAP       =       201.0989
 1-4 NB =       999.5005  1-4 EEL =     15105.9300  VDWAALS    =     17300.9342
 EELEC  =   -183150.2790  EHBOND  =         0.0000  RESTRAINT  =         0.0000
 ------------------------------------------------------------------------------


      R M S  F L U C T U A T I O N S


 NSTEP =  2500000   TIME(PS) =   50040.000  TEMP(K) =     1.44  PRESS =     0.0
 Etot   =       246.1998  EKtot   =       146.1236  EPtot      =       217.0741
 BOND   =        24.4808  ANGLE   =        36.5152  DIHED      =        18.3655
 UB     =         0.0000  IMP     =         0.0000  CMAP       =        11.5623
 1-4 NB =        12.6426  1-4 EEL =        44.5997  VDWAALS    =       190.0724
 EELEC  =       323.4412  EHBOND  =         0.0000  RESTRAINT  =         0.0000
 ------------------------------------------------------------------------------

--------------------------------------------------------------------------------
   5.  TIMINGS
--------------------------------------------------------------------------------

|  NonSetup CPU Time in Major Routines:
|
|     Routine           Sec        %
|     ------------------------------
|     Nonbond         139.36   15.59
|     Bond              0.00    0.00
|     Angle             0.00    0.00
|     Dihedral          0.00    0.00
|     Shake             9.52    1.07
|     RunMD           742.83   83.10
|     Other             2.15    0.24
|     ------------------------------
|     Total           893.86

|  PME Nonbond Pairlist CPU Time:
|
|     Routine              Sec        %
|     ---------------------------------
|     Set Up Cit           0.00    0.00
|     Build List           0.00    0.00
|     ---------------------------------
|     Total                0.00    0.00

|  PME Direct Force CPU Time:
|
|     Routine              Sec        %
|     ---------------------------------
|     NonBonded Calc       0.00    0.00
|     Exclude Masked       0.00    0.00
|     Other                1.35    0.15
|     ---------------------------------
|     Total                1.35    0.15

|  PME Reciprocal Force CPU Time:
|
|     Routine              Sec        %
|     ---------------------------------
|     1D bspline           0.00    0.00
|     Grid Charges         0.00    0.00
|     Scalar Sum           0.00    0.00
|     Gradient Sum         0.00    0.00
|     FFT                  0.00    0.00
|     ---------------------------------
|     Total                0.00    0.00

|  Final Performance Info:
|     -----------------------------------------------------
|     Average timings for last  140000 steps:
|     Elapsed(s) =      50.26 Per Step(ms) =       0.36
|         ns/day =     481.37   seconds/ns =     179.49
|
|     Average timings for all steps:
|     Elapsed(s) =     895.05 Per Step(ms) =       0.36
|         ns/day =     482.65   seconds/ns =     179.01
|     -----------------------------------------------------

|  Setup CPU time:            0.79 seconds
|  NonSetup CPU time:       893.86 seconds
|  Total CPU time:          894.64 seconds     0.25 hours

|  Setup wall time:           1    seconds
|  NonSetup wall time:      895    seconds
|  Total wall time:         896    seconds     0.25 hours
