
          -------------------------------------------------------
          Amber 24 PMEMD                              2024
          -------------------------------------------------------

| PMEMD implementation of SANDER, Release 24

|  Compiled date/time: Thu Apr  3 17:55:38 2025
| Run on 10/31/2025 at 01:12:00

|   Executable path: pmemd.cuda_SPFP
| Working directory: /rs1/researchers/h/hall/vtnguye4/Amber_restart/cappedP1L38M/mdsimP1L38M/newP1L38Mcapped_Simulation3
|          Hostname: gpu24

  [-O]verwriting output

File Assignments:
|   MDIN: /rs1/researchers/h/hall/vtnguye4/Amber_restart/cappedP1L38M/mdsimP1L38
|  MDOUT: ./OUT_Files/equil7.out                                                
| INPCRD: ./RST_Files/equil6.rst7                                               
|   PARM: ./PRMTOP_Files/newP1L38Mcapped.prmtop                                 
| RESTRT: ./RST_Files/equil7.rst7                                               
|   REFC: refc                                                                  
|  MDVEL: mdvel                                                                 
|   MDEN: mden                                                                  
|  MDCRD: ./nc_Files/equil7.nc                                                  
| MDINFO: mdinfo                                                                
|  MDFRC: mdfrc                                                                 


 Here is the input file:

!Stage equilibration 5ns                                                       
&cntrl                                                                         
imin=0, irest=1, ntx=5,                                                        
nstlim=2500000, dt=0.002,                                                      
ntc=2, ntf=2, ig=-1,                                                           
ntt=3, gamma_ln=2.0,                                                           
tempi=310.0, temp0=310.0,                                                      
ntxo=2, ioutfm=1,                                                              
ntpr=20000, ntwx=20000,                                                        
ntb=1,                                                                         
cut=9.0,                                                                       
iwrap=1,                                                                       
/                                                                              


Note: ig = -1. Setting random seed to   590652 based on wallclock time in 
      microseconds.
| irandom = 1, using AMBER's internal random number generator (default).
 
|--------------------- INFORMATION ----------------------
| GPU (CUDA) Version of PMEMD in use: NVIDIA GPU IN USE.
|                    Version 18.0.0
| 
|                      03/25/2018
| 
| Implementation by:
|                    Ross C. Walker     (SDSC)
|                    Scott Le Grand     (nVIDIA)
| 
| Version 18 performance extensions by:
|                    David Cerutti     (Rutgers)
| 
| Precision model in use:
|      [SPFP] - Single Precision Forces, 64-bit Fixed Point
|               Accumulation. (Default)
| 
|--------------------------------------------------------
 
|----------------- CITATION INFORMATION -----------------
|
|    When publishing work that utilized the CUDA version
|    of AMBER, please cite the following in addition to
|    the regular AMBER citations:
|
|  - Romelia Salomon-Ferrer; Andreas W. Goetz; Duncan
|    Poole; Scott Le Grand; Ross C. Walker "Routine
|    microsecond molecular dynamics simulations with
|    AMBER - Part II: Particle Mesh Ewald", J. Chem.
|    Theory Comput., 2013, 9 (9), pp3878-3888,
|    DOI: 10.1021/ct400314y.
|
|  - Andreas W. Goetz; Mark J. Williamson; Dong Xu;
|    Duncan Poole; Scott Le Grand; Ross C. Walker
|    "Routine microsecond molecular dynamics simulations
|    with AMBER - Part I: Generalized Born", J. Chem.
|    Theory Comput., 2012, 8 (5), pp1542-1555.
|
|  - Scott Le Grand; Andreas W. Goetz; Ross C. Walker
|    "SPFP: Speed without compromise - a mixed precision
|    model for GPU accelerated molecular dynamics
|    simulations.", Comp. Phys. Comm., 2013, 184
|    pp374-380, DOI: 10.1016/j.cpc.2012.09.022
|
|--------------------------------------------------------
 
|------------------- GPU DEVICE INFO --------------------
|
|            CUDA_VISIBLE_DEVICES: 0
|   CUDA Capable Devices Detected:      1
|           CUDA Device ID in use:      0
|                CUDA Device Name: NVIDIA L40S
|     CUDA Device Global Mem Size:  45487 MB
| CUDA Device Num Multiprocessors:    142
|           CUDA Device Core Freq:   2.52 GHz
|
|--------------------------------------------------------
 
 
| Conditional Compilation Defines Used:
| PUBFFT
| BINTRAJ
| CUDA
| EMIL

| Largest sphere to fit in unit cell has radius =    36.716

| New format PARM file being parsed.
| Version =    1.000 Date = 10/30/25 Time = 23:32:29

| Note: 1-4 EEL scale factors are being read from the topology file.

| Note: 1-4 VDW scale factors are being read from the topology file.
| Duplicated    0 dihedrals

| Duplicated    0 dihedrals

--------------------------------------------------------------------------------
   1.  RESOURCE   USE: 
--------------------------------------------------------------------------------

 getting box info from netcdf restart file
 NATOM  =   50023 NTYPES =      12 NBONH =   47691 MBONA  =    2332
 NTHETH =    5236 MTHETA =    3080 NPHIH =   10252 MPHIA  =    9504
 NHPARM =       0 NPARM  =       0 NNB   =   84972 NRES   =   15501
 NBONA  =    2332 NTHETA =    3080 NPHIA =    9504 NUMBND =      29
 NUMANG =      57 NPTRA  =      64 NATYP =      17 NPHB   =       0
 IFBOX  =       2 NMXRS  =      21 IFCAP =       0 NEXTRA =       0
 NCOPY  =       0

| Coordinate Index Table dimensions:    15   15   15
| Direct force subcell size =     5.9957    5.9957    5.9957

     BOX TYPE: TRUNCATED OCTAHEDRON

--------------------------------------------------------------------------------
   2.  CONTROL  DATA  FOR  THE  RUN
--------------------------------------------------------------------------------

default_name                                                                    

General flags:
     imin    =       0, nmropt  =       0

Nature and format of input:
     ntx     =       5, irest   =       1, ntrx    =       1

Nature and format of output:
     ntxo    =       2, ntpr    =   20000, ntrx    =       1, ntwr    = 2500000
     iwrap   =       1, ntwx    =   20000, ntwv    =       0, ntwe    =       0
     ioutfm  =       1, ntwprt  =       0, idecomp =       0, rbornstat=      0

Potential function:
     ntf     =       2, ntb     =       1, igb     =       0, nsnb    =      25
     ipol    =       0, gbsa    =       0, iesp    =       0
     dielc   =   1.00000, cut     =   9.00000, intdiel =   1.00000

Frozen or restrained atoms:
     ibelly  =       0, ntr     =       0

Molecular dynamics:
     nstlim  =   2500000, nscm    =      1000, nrespa  =         1
     t       =   0.00000, dt      =   0.00200, vlimit  =  -1.00000

Langevin dynamics temperature regulation:
     ig      =  590652
     temp0   = 310.00000, tempi   = 310.00000, gamma_ln=   2.00000

SHAKE:
     ntc     =       2, jfastw  =       0
     tol     =   0.00001

| Intermolecular bonds treatment:
|     no_intermolecular_bonds =       1

| Energy averages sample interval:
|     ene_avg_sampling =   20000

Ewald parameters:
     verbose =       0, ew_type =       0, nbflag  =       1, use_pme =       1
     vdwmeth =       1, eedmeth =       1, netfrc  =       1
     Box X =   89.935   Box Y =   89.935   Box Z =   89.935
     Alpha =  109.471   Beta  =  109.471   Gamma =  109.471
     NFFT1 =   96       NFFT2 =   96       NFFT3 =   96
     Cutoff=    9.000   Tol   =0.100E-04
     Ewald Coefficient =  0.30768
     Interpolation order =    4

--------------------------------------------------------------------------------
   3.  ATOMIC COORDINATES AND VELOCITIES
--------------------------------------------------------------------------------

default_name                                                                    
 begin time read from input coords = 30040.000 ps

 
 Number of triangulated 3-point waters found:    15105

     Sum of charges from parm topology file =  -0.00000043
     Forcing neutrality...

| Dynamic Memory, Types Used:
| Reals             1595957
| Integers          2018996

| Nonbonded Pairs Initial Allocation:    11405244

| GPU memory information (estimate):
| KB of GPU memory in use:    394016
| KB of CPU memory in use:    114218

--------------------------------------------------------------------------------
   4.  RESULTS
--------------------------------------------------------------------------------

wrapping first mol.:       29.97838       42.39583       73.43173

 NSTEP =    20000   TIME(PS) =   30080.000  TEMP(K) =   310.29  PRESS =     0.0
 Etot   =   -113425.5991  EKtot   =     31563.4453  EPtot      =   -144989.0444
 BOND   =       843.7019  ANGLE   =      2145.0051  DIHED      =      1349.1075
 UB     =         0.0000  IMP     =         0.0000  CMAP       =       233.9373
 1-4 NB =       990.9078  1-4 EEL =     15038.1954  VDWAALS    =     17097.0238
 EELEC  =   -182686.9231  EHBOND  =         0.0000  RESTRAINT  =         0.0000
 ------------------------------------------------------------------------------

wrapping first mol.:       29.97838       42.39583       73.43173

 NSTEP =    40000   TIME(PS) =   30120.000  TEMP(K) =   310.81  PRESS =     0.0
 Etot   =   -113672.0643  EKtot   =     31616.6445  EPtot      =   -145288.7089
 BOND   =       795.7532  ANGLE   =      2077.3457  DIHED      =      1361.4563
 UB     =         0.0000  IMP     =         0.0000  CMAP       =       228.9215
 1-4 NB =      1002.1640  1-4 EEL =     15061.2601  VDWAALS    =     17060.1645
 EELEC  =   -182875.7741  EHBOND  =         0.0000  RESTRAINT  =         0.0000
 ------------------------------------------------------------------------------

wrapping first mol.:       29.97838       42.39583       73.43173

 NSTEP =    60000   TIME(PS) =   30160.000  TEMP(K) =   311.89  PRESS =     0.0
 Etot   =   -113060.3784  EKtot   =     31725.8613  EPtot      =   -144786.2397
 BOND   =       880.0341  ANGLE   =      2150.8558  DIHED      =      1334.6534
 UB     =         0.0000  IMP     =         0.0000  CMAP       =       232.3259
 1-4 NB =       998.4704  1-4 EEL =     15053.1976  VDWAALS    =     17128.6156
 EELEC  =   -182564.3925  EHBOND  =         0.0000  RESTRAINT  =         0.0000
 ------------------------------------------------------------------------------

wrapping first mol.:       29.97838       42.39583       73.43173

 NSTEP =    80000   TIME(PS) =   30200.000  TEMP(K) =   308.80  PRESS =     0.0
 Etot   =   -113730.1604  EKtot   =     31412.0273  EPtot      =   -145142.1878
 BOND   =       818.8041  ANGLE   =      2141.5856  DIHED      =      1353.3297
 UB     =         0.0000  IMP     =         0.0000  CMAP       =       230.2984
 1-4 NB =       997.6458  1-4 EEL =     15123.8452  VDWAALS    =     16953.9095
 EELEC  =   -182761.6060  EHBOND  =         0.0000  RESTRAINT  =         0.0000
 ------------------------------------------------------------------------------

wrapping first mol.:       29.97838       42.39583       73.43173

 NSTEP =   100000   TIME(PS) =   30240.000  TEMP(K) =   309.91  PRESS =     0.0
 Etot   =   -113421.3287  EKtot   =     31524.2812  EPtot      =   -144945.6100
 BOND   =       888.0748  ANGLE   =      2149.8425  DIHED      =      1362.9922
 UB     =         0.0000  IMP     =         0.0000  CMAP       =       233.7981
 1-4 NB =      1010.0548  1-4 EEL =     15149.2285  VDWAALS    =     17151.0310
 EELEC  =   -182890.6319  EHBOND  =         0.0000  RESTRAINT  =         0.0000
 ------------------------------------------------------------------------------

wrapping first mol.:       29.97838       42.39583       73.43173

 NSTEP =   120000   TIME(PS) =   30280.000  TEMP(K) =   309.70  PRESS =     0.0
 Etot   =   -113427.8880  EKtot   =     31503.6660  EPtot      =   -144931.5540
 BOND   =       847.5847  ANGLE   =      2162.0332  DIHED      =      1335.7250
 UB     =         0.0000  IMP     =         0.0000  CMAP       =       227.5624
 1-4 NB =       994.5020  1-4 EEL =     15035.5606  VDWAALS    =     17471.2503
 EELEC  =   -183005.7722  EHBOND  =         0.0000  RESTRAINT  =         0.0000
 ------------------------------------------------------------------------------

wrapping first mol.:       29.97838       42.39583       73.43173

 NSTEP =   140000   TIME(PS) =   30320.000  TEMP(K) =   308.76  PRESS =     0.0
 Etot   =   -113633.5342  EKtot   =     31408.1992  EPtot      =   -145041.7335
 BOND   =       895.9953  ANGLE   =      2187.1798  DIHED      =      1412.0643
 UB     =         0.0000  IMP     =         0.0000  CMAP       =       219.7539
 1-4 NB =       998.7376  1-4 EEL =     15079.9558  VDWAALS    =     17388.4603
 EELEC  =   -183223.8804  EHBOND  =         0.0000  RESTRAINT  =         0.0000
 ------------------------------------------------------------------------------

wrapping first mol.:       29.97838       42.39583       73.43173

 NSTEP =   160000   TIME(PS) =   30360.000  TEMP(K) =   311.34  PRESS =     0.0
 Etot   =   -113598.1030  EKtot   =     31670.5820  EPtot      =   -145268.6851
 BOND   =       871.0022  ANGLE   =      2177.9832  DIHED      =      1385.4575
 UB     =         0.0000  IMP     =         0.0000  CMAP       =       233.7881
 1-4 NB =      1021.4742  1-4 EEL =     15099.3890  VDWAALS    =     17327.3080
 EELEC  =   -183385.0871  EHBOND  =         0.0000  RESTRAINT  =         0.0000
 ------------------------------------------------------------------------------

wrapping first mol.:       29.97838       42.39583       73.43173

 NSTEP =   180000   TIME(PS) =   30400.000  TEMP(K) =   310.80  PRESS =     0.0
 Etot   =   -113668.6157  EKtot   =     31614.8965  EPtot      =   -145283.5122
 BOND   =       872.7021  ANGLE   =      2169.9648  DIHED      =      1337.5808
 UB     =         0.0000  IMP     =         0.0000  CMAP       =       230.4373
 1-4 NB =       992.1125  1-4 EEL =     15092.0277  VDWAALS    =     17278.1281
 EELEC  =   -183256.4656  EHBOND  =         0.0000  RESTRAINT  =         0.0000
 ------------------------------------------------------------------------------

wrapping first mol.:       29.97838       42.39583       73.43173

 NSTEP =   200000   TIME(PS) =   30440.000  TEMP(K) =   309.36  PRESS =     0.0
 Etot   =   -113706.8854  EKtot   =     31468.5215  EPtot      =   -145175.4069
 BOND   =       838.9740  ANGLE   =      2138.1429  DIHED      =      1364.9768
 UB     =         0.0000  IMP     =         0.0000  CMAP       =       231.7421
 1-4 NB =       993.9172  1-4 EEL =     15048.3520  VDWAALS    =     17261.1995
 EELEC  =   -183052.7114  EHBOND  =         0.0000  RESTRAINT  =         0.0000
 ------------------------------------------------------------------------------

wrapping first mol.:       29.97838       42.39583       73.43173

 NSTEP =   220000   TIME(PS) =   30480.000  TEMP(K) =   308.89  PRESS =     0.0
 Etot   =   -113597.2750  EKtot   =     31420.6367  EPtot      =   -145017.9117
 BOND   =       874.3245  ANGLE   =      2216.4387  DIHED      =      1345.8827
 UB     =         0.0000  IMP     =         0.0000  CMAP       =       228.3583
 1-4 NB =       984.9336  1-4 EEL =     15090.7292  VDWAALS    =     17114.7836
 EELEC  =   -182873.3623  EHBOND  =         0.0000  RESTRAINT  =         0.0000
 ------------------------------------------------------------------------------

wrapping first mol.:       29.97838       42.39583       73.43173

 NSTEP =   240000   TIME(PS) =   30520.000  TEMP(K) =   310.58  PRESS =     0.0
 Etot   =   -113771.2399  EKtot   =     31592.6895  EPtot      =   -145363.9294
 BOND   =       859.1654  ANGLE   =      2103.6131  DIHED      =      1365.0337
 UB     =         0.0000  IMP     =         0.0000  CMAP       =       222.7676
 1-4 NB =      1001.1743  1-4 EEL =     15118.1336  VDWAALS    =     17380.8831
 EELEC  =   -183414.7002  EHBOND  =         0.0000  RESTRAINT  =         0.0000
 ------------------------------------------------------------------------------

wrapping first mol.:       29.97838       42.39583       73.43173

 NSTEP =   260000   TIME(PS) =   30560.000  TEMP(K) =   310.26  PRESS =     0.0
 Etot   =   -113430.1611  EKtot   =     31560.7637  EPtot      =   -144990.9248
 BOND   =       842.7601  ANGLE   =      2158.3354  DIHED      =      1422.5992
 UB     =         0.0000  IMP     =         0.0000  CMAP       =       219.2910
 1-4 NB =       998.0846  1-4 EEL =     15075.3504  VDWAALS    =     17439.9378
 EELEC  =   -183147.2834  EHBOND  =         0.0000  RESTRAINT  =         0.0000
 ------------------------------------------------------------------------------

wrapping first mol.:       29.97838       42.39583       73.43173

 NSTEP =   280000   TIME(PS) =   30600.000  TEMP(K) =   308.75  PRESS =     0.0
 Etot   =   -113525.5650  EKtot   =     31406.4688  EPtot      =   -144932.0338
 BOND   =       856.2579  ANGLE   =      2191.7702  DIHED      =      1361.1705
 UB     =         0.0000  IMP     =         0.0000  CMAP       =       216.1222
 1-4 NB =       998.1327  1-4 EEL =     15084.8959  VDWAALS    =     17324.3447
 EELEC  =   -182964.7278  EHBOND  =         0.0000  RESTRAINT  =         0.0000
 ------------------------------------------------------------------------------

wrapping first mol.:       29.97838       42.39583       73.43173

 NSTEP =   300000   TIME(PS) =   30640.000  TEMP(K) =   310.21  PRESS =     0.0
 Etot   =   -113738.0945  EKtot   =     31555.0918  EPtot      =   -145293.1863
 BOND   =       869.2402  ANGLE   =      2196.3953  DIHED      =      1376.0529
 UB     =         0.0000  IMP     =         0.0000  CMAP       =       227.9524
 1-4 NB =       985.7465  1-4 EEL =     15184.9753  VDWAALS    =     17602.8211
 EELEC  =   -183736.3701  EHBOND  =         0.0000  RESTRAINT  =         0.0000
 ------------------------------------------------------------------------------

wrapping first mol.:       29.97838       42.39583       73.43173

 NSTEP =   320000   TIME(PS) =   30680.000  TEMP(K) =   309.78  PRESS =     0.0
 Etot   =   -113819.3466  EKtot   =     31511.3262  EPtot      =   -145330.6728
 BOND   =       855.3849  ANGLE   =      2151.9135  DIHED      =      1395.0438
 UB     =         0.0000  IMP     =         0.0000  CMAP       =       209.2041
 1-4 NB =      1001.0591  1-4 EEL =     15122.9632  VDWAALS    =     17378.6570
 EELEC  =   -183444.8984  EHBOND  =         0.0000  RESTRAINT  =         0.0000
 ------------------------------------------------------------------------------

wrapping first mol.:       29.97838       42.39583       73.43173

 NSTEP =   340000   TIME(PS) =   30720.000  TEMP(K) =   311.27  PRESS =     0.0
 Etot   =   -113425.7771  EKtot   =     31663.1055  EPtot      =   -145088.8826
 BOND   =       809.2272  ANGLE   =      2125.2926  DIHED      =      1370.1308
 UB     =         0.0000  IMP     =         0.0000  CMAP       =       212.5420
 1-4 NB =      1002.2940  1-4 EEL =     15137.9854  VDWAALS    =     17318.0372
 EELEC  =   -183064.3918  EHBOND  =         0.0000  RESTRAINT  =         0.0000
 ------------------------------------------------------------------------------

wrapping first mol.:       29.97838       42.39583       73.43173

 NSTEP =   360000   TIME(PS) =   30760.000  TEMP(K) =   310.72  PRESS =     0.0
 Etot   =   -113889.8407  EKtot   =     31607.5020  EPtot      =   -145497.3426
 BOND   =       860.5555  ANGLE   =      2134.8924  DIHED      =      1380.5472
 UB     =         0.0000  IMP     =         0.0000  CMAP       =       211.2979
 1-4 NB =      1017.6964  1-4 EEL =     15122.6148  VDWAALS    =     17472.5517
 EELEC  =   -183697.4985  EHBOND  =         0.0000  RESTRAINT  =         0.0000
 ------------------------------------------------------------------------------

wrapping first mol.:       29.97838       42.39583       73.43173

 NSTEP =   380000   TIME(PS) =   30800.000  TEMP(K) =   310.68  PRESS =     0.0
 Etot   =   -113390.1551  EKtot   =     31603.4258  EPtot      =   -144993.5809
 BOND   =       855.8140  ANGLE   =      2117.2102  DIHED      =      1376.8240
 UB     =         0.0000  IMP     =         0.0000  CMAP       =       229.3882
 1-4 NB =      1035.0310  1-4 EEL =     15183.4038  VDWAALS    =     17078.3799
 EELEC  =   -182869.6321  EHBOND  =         0.0000  RESTRAINT  =         0.0000
 ------------------------------------------------------------------------------

wrapping first mol.:       29.97838       42.39583       73.43173

 NSTEP =   400000   TIME(PS) =   30840.000  TEMP(K) =   309.80  PRESS =     0.0
 Etot   =   -113988.2010  EKtot   =     31513.8711  EPtot      =   -145502.0721
 BOND   =       840.1009  ANGLE   =      2225.7463  DIHED      =      1352.2567
 UB     =         0.0000  IMP     =         0.0000  CMAP       =       221.1962
 1-4 NB =       979.1589  1-4 EEL =     15066.1793  VDWAALS    =     17072.9382
 EELEC  =   -183259.6485  EHBOND  =         0.0000  RESTRAINT  =         0.0000
 ------------------------------------------------------------------------------

wrapping first mol.:       29.97838       42.39583       73.43173

 NSTEP =   420000   TIME(PS) =   30880.000  TEMP(K) =   313.30  PRESS =     0.0
 Etot   =   -113136.4679  EKtot   =     31869.1074  EPtot      =   -145005.5753
 BOND   =       847.6890  ANGLE   =      2118.6516  DIHED      =      1367.4914
 UB     =         0.0000  IMP     =         0.0000  CMAP       =       219.9185
 1-4 NB =      1004.6820  1-4 EEL =     15087.6895  VDWAALS    =     17344.8469
 EELEC  =   -182996.5443  EHBOND  =         0.0000  RESTRAINT  =         0.0000
 ------------------------------------------------------------------------------

wrapping first mol.:       29.97838       42.39583       73.43173

 NSTEP =   440000   TIME(PS) =   30920.000  TEMP(K) =   312.21  PRESS =     0.0
 Etot   =   -113551.5109  EKtot   =     31758.6680  EPtot      =   -145310.1789
 BOND   =       846.9233  ANGLE   =      2133.9705  DIHED      =      1364.7097
 UB     =         0.0000  IMP     =         0.0000  CMAP       =       210.0651
 1-4 NB =      1002.6398  1-4 EEL =     15111.8827  VDWAALS    =     17233.0447
 EELEC  =   -183213.4147  EHBOND  =         0.0000  RESTRAINT  =         0.0000
 ------------------------------------------------------------------------------

wrapping first mol.:       29.97838       42.39583       73.43173

 NSTEP =   460000   TIME(PS) =   30960.000  TEMP(K) =   308.32  PRESS =     0.0
 Etot   =   -113555.3692  EKtot   =     31362.6816  EPtot      =   -144918.0508
 BOND   =       863.2434  ANGLE   =      2165.0164  DIHED      =      1344.8052
 UB     =         0.0000  IMP     =         0.0000  CMAP       =       212.1428
 1-4 NB =      1012.0724  1-4 EEL =     15143.4775  VDWAALS    =     17229.0800
 EELEC  =   -182887.8885  EHBOND  =         0.0000  RESTRAINT  =         0.0000
 ------------------------------------------------------------------------------

wrapping first mol.:       29.97838       42.39583       73.43173

 NSTEP =   480000   TIME(PS) =   31000.000  TEMP(K) =   309.23  PRESS =     0.0
 Etot   =   -113632.9534  EKtot   =     31455.3379  EPtot      =   -145088.2913
 BOND   =       860.7319  ANGLE   =      2163.4656  DIHED      =      1371.7923
 UB     =         0.0000  IMP     =         0.0000  CMAP       =       213.9794
 1-4 NB =       998.9474  1-4 EEL =     15099.9431  VDWAALS    =     17117.9066
 EELEC  =   -182915.0575  EHBOND  =         0.0000  RESTRAINT  =         0.0000
 ------------------------------------------------------------------------------

wrapping first mol.:       29.97838       42.39583       73.43173

 NSTEP =   500000   TIME(PS) =   31040.000  TEMP(K) =   310.96  PRESS =     0.0
 Etot   =   -113375.8840  EKtot   =     31632.0000  EPtot      =   -145007.8840
 BOND   =       848.9121  ANGLE   =      2168.2566  DIHED      =      1385.2824
 UB     =         0.0000  IMP     =         0.0000  CMAP       =       212.6861
 1-4 NB =      1036.2094  1-4 EEL =     15181.2679  VDWAALS    =     17588.1698
 EELEC  =   -183428.6684  EHBOND  =         0.0000  RESTRAINT  =         0.0000
 ------------------------------------------------------------------------------

wrapping first mol.:       29.97838       42.39583       73.43173

 NSTEP =   520000   TIME(PS) =   31080.000  TEMP(K) =   308.56  PRESS =     0.0
 Etot   =   -113603.6985  EKtot   =     31387.8789  EPtot      =   -144991.5774
 BOND   =       863.6709  ANGLE   =      2066.9135  DIHED      =      1359.0772
 UB     =         0.0000  IMP     =         0.0000  CMAP       =       223.2920
 1-4 NB =      1011.9772  1-4 EEL =     15226.2164  VDWAALS    =     17321.0934
 EELEC  =   -183063.8182  EHBOND  =         0.0000  RESTRAINT  =         0.0000
 ------------------------------------------------------------------------------

wrapping first mol.:       29.97838       42.39583       73.43173

 NSTEP =   540000   TIME(PS) =   31120.000  TEMP(K) =   307.31  PRESS =     0.0
 Etot   =   -114477.9047  EKtot   =     31259.9180  EPtot      =   -145737.8227
 BOND   =       876.2887  ANGLE   =      2110.6986  DIHED      =      1357.5103
 UB     =         0.0000  IMP     =         0.0000  CMAP       =       240.4516
 1-4 NB =      1025.1571  1-4 EEL =     15159.7906  VDWAALS    =     17697.6184
 EELEC  =   -184205.3379  EHBOND  =         0.0000  RESTRAINT  =         0.0000
 ------------------------------------------------------------------------------

wrapping first mol.:       29.97838       42.39583       73.43173

 NSTEP =   560000   TIME(PS) =   31160.000  TEMP(K) =   308.42  PRESS =     0.0
 Etot   =   -113698.6895  EKtot   =     31373.0332  EPtot      =   -145071.7228
 BOND   =       818.3527  ANGLE   =      2142.5448  DIHED      =      1372.0027
 UB     =         0.0000  IMP     =         0.0000  CMAP       =       223.4814
 1-4 NB =      1005.0702  1-4 EEL =     15088.3970  VDWAALS    =     17225.2616
 EELEC  =   -182946.8331  EHBOND  =         0.0000  RESTRAINT  =         0.0000
 ------------------------------------------------------------------------------

wrapping first mol.:       29.97838       42.39583       73.43173

 NSTEP =   580000   TIME(PS) =   31200.000  TEMP(K) =   309.63  PRESS =     0.0
 Etot   =   -113682.4976  EKtot   =     31496.2070  EPtot      =   -145178.7046
 BOND   =       897.4720  ANGLE   =      2137.4173  DIHED      =      1346.5931
 UB     =         0.0000  IMP     =         0.0000  CMAP       =       213.6069
 1-4 NB =      1006.5584  1-4 EEL =     15207.5361  VDWAALS    =     17142.9876
 EELEC  =   -183130.8761  EHBOND  =         0.0000  RESTRAINT  =         0.0000
 ------------------------------------------------------------------------------

wrapping first mol.:       29.97838       42.39583       73.43173

 NSTEP =   600000   TIME(PS) =   31240.000  TEMP(K) =   310.51  PRESS =     0.0
 Etot   =   -113858.1273  EKtot   =     31585.5430  EPtot      =   -145443.6702
 BOND   =       829.4384  ANGLE   =      2125.9334  DIHED      =      1361.8301
 UB     =         0.0000  IMP     =         0.0000  CMAP       =       229.1978
 1-4 NB =       989.9507  1-4 EEL =     15092.7860  VDWAALS    =     17389.8391
 EELEC  =   -183462.6457  EHBOND  =         0.0000  RESTRAINT  =         0.0000
 ------------------------------------------------------------------------------

wrapping first mol.:       29.97838       42.39583       73.43173

 NSTEP =   620000   TIME(PS) =   31280.000  TEMP(K) =   308.71  PRESS =     0.0
 Etot   =   -114137.4218  EKtot   =     31402.5918  EPtot      =   -145540.0136
 BOND   =       850.4771  ANGLE   =      2189.6849  DIHED      =      1363.0364
 UB     =         0.0000  IMP     =         0.0000  CMAP       =       213.6579
 1-4 NB =      1005.4675  1-4 EEL =     15117.0522  VDWAALS    =     17212.0205
 EELEC  =   -183491.4100  EHBOND  =         0.0000  RESTRAINT  =         0.0000
 ------------------------------------------------------------------------------

wrapping first mol.:       29.97838       42.39583       73.43173

 NSTEP =   640000   TIME(PS) =   31320.000  TEMP(K) =   311.15  PRESS =     0.0
 Etot   =   -113351.7279  EKtot   =     31651.0117  EPtot      =   -145002.7396
 BOND   =       845.1657  ANGLE   =      2150.9681  DIHED      =      1361.5933
 UB     =         0.0000  IMP     =         0.0000  CMAP       =       228.8375
 1-4 NB =      1009.0528  1-4 EEL =     15094.2424  VDWAALS    =     17153.2486
 EELEC  =   -182845.8480  EHBOND  =         0.0000  RESTRAINT  =         0.0000
 ------------------------------------------------------------------------------

wrapping first mol.:       29.97838       42.39583       73.43173

 NSTEP =   660000   TIME(PS) =   31360.000  TEMP(K) =   309.75  PRESS =     0.0
 Etot   =   -113672.3170  EKtot   =     31508.0859  EPtot      =   -145180.4029
 BOND   =       872.2479  ANGLE   =      2142.9387  DIHED      =      1384.8128
 UB     =         0.0000  IMP     =         0.0000  CMAP       =       225.1329
 1-4 NB =      1028.0822  1-4 EEL =     15168.9442  VDWAALS    =     17319.2265
 EELEC  =   -183321.7880  EHBOND  =         0.0000  RESTRAINT  =         0.0000
 ------------------------------------------------------------------------------

wrapping first mol.:       29.97838       42.39583       73.43173

 NSTEP =   680000   TIME(PS) =   31400.000  TEMP(K) =   309.88  PRESS =     0.0
 Etot   =   -113578.4080  EKtot   =     31521.2793  EPtot      =   -145099.6873
 BOND   =       837.5087  ANGLE   =      2124.9456  DIHED      =      1338.0468
 UB     =         0.0000  IMP     =         0.0000  CMAP       =       213.2462
 1-4 NB =      1008.3896  1-4 EEL =     15201.8258  VDWAALS    =     17252.6484
 EELEC  =   -183076.2984  EHBOND  =         0.0000  RESTRAINT  =         0.0000
 ------------------------------------------------------------------------------

wrapping first mol.:       29.97838       42.39583       73.43173

 NSTEP =   700000   TIME(PS) =   31440.000  TEMP(K) =   308.41  PRESS =     0.0
 Etot   =   -113672.1192  EKtot   =     31371.8750  EPtot      =   -145043.9942
 BOND   =       867.5435  ANGLE   =      2158.5039  DIHED      =      1351.8806
 UB     =         0.0000  IMP     =         0.0000  CMAP       =       218.2596
 1-4 NB =      1000.6897  1-4 EEL =     15141.8725  VDWAALS    =     17434.1294
 EELEC  =   -183216.8734  EHBOND  =         0.0000  RESTRAINT  =         0.0000
 ------------------------------------------------------------------------------

wrapping first mol.:       29.97838       42.39583       73.43173

 NSTEP =   720000   TIME(PS) =   31480.000  TEMP(K) =   308.40  PRESS =     0.0
 Etot   =   -113855.4776  EKtot   =     31371.4629  EPtot      =   -145226.9404
 BOND   =       864.4496  ANGLE   =      2180.9112  DIHED      =      1357.4628
 UB     =         0.0000  IMP     =         0.0000  CMAP       =       218.9300
 1-4 NB =      1018.5065  1-4 EEL =     15276.3262  VDWAALS    =     17234.6556
 EELEC  =   -183378.1823  EHBOND  =         0.0000  RESTRAINT  =         0.0000
 ------------------------------------------------------------------------------

wrapping first mol.:       29.97838       42.39583       73.43173

 NSTEP =   740000   TIME(PS) =   31520.000  TEMP(K) =   309.50  PRESS =     0.0
 Etot   =   -113832.1190  EKtot   =     31483.5586  EPtot      =   -145315.6776
 BOND   =       903.5080  ANGLE   =      2149.8851  DIHED      =      1357.7523
 UB     =         0.0000  IMP     =         0.0000  CMAP       =       219.4822
 1-4 NB =      1007.5876  1-4 EEL =     15220.3875  VDWAALS    =     17382.4116
 EELEC  =   -183556.6918  EHBOND  =         0.0000  RESTRAINT  =         0.0000
 ------------------------------------------------------------------------------

wrapping first mol.:       29.97838       42.39583       73.43173

 NSTEP =   760000   TIME(PS) =   31560.000  TEMP(K) =   310.45  PRESS =     0.0
 Etot   =   -113321.9592  EKtot   =     31579.4062  EPtot      =   -144901.3655
 BOND   =       848.8883  ANGLE   =      2111.2183  DIHED      =      1385.2390
 UB     =         0.0000  IMP     =         0.0000  CMAP       =       213.0511
 1-4 NB =      1036.4692  1-4 EEL =     15288.7430  VDWAALS    =     17152.3608
 EELEC  =   -182937.3352  EHBOND  =         0.0000  RESTRAINT  =         0.0000
 ------------------------------------------------------------------------------

wrapping first mol.:       29.97838       42.39583       73.43173

 NSTEP =   780000   TIME(PS) =   31600.000  TEMP(K) =   310.34  PRESS =     0.0
 Etot   =   -113079.1875  EKtot   =     31568.3105  EPtot      =   -144647.4980
 BOND   =       903.9810  ANGLE   =      2215.1527  DIHED      =      1369.6438
 UB     =         0.0000  IMP     =         0.0000  CMAP       =       239.1718
 1-4 NB =       990.5501  1-4 EEL =     15149.9300  VDWAALS    =     17082.3773
 EELEC  =   -182598.3048  EHBOND  =         0.0000  RESTRAINT  =         0.0000
 ------------------------------------------------------------------------------

wrapping first mol.:       29.97838       42.39583       73.43173

 NSTEP =   800000   TIME(PS) =   31640.000  TEMP(K) =   309.48  PRESS =     0.0
 Etot   =   -113970.7324  EKtot   =     31481.2266  EPtot      =   -145451.9589
 BOND   =       817.2394  ANGLE   =      2081.7769  DIHED      =      1357.1886
 UB     =         0.0000  IMP     =         0.0000  CMAP       =       229.2341
 1-4 NB =      1011.3979  1-4 EEL =     15223.1176  VDWAALS    =     17460.7892
 EELEC  =   -183632.7028  EHBOND  =         0.0000  RESTRAINT  =         0.0000
 ------------------------------------------------------------------------------

wrapping first mol.:       29.97838       42.39583       73.43173

 NSTEP =   820000   TIME(PS) =   31680.000  TEMP(K) =   309.77  PRESS =     0.0
 Etot   =   -113400.1473  EKtot   =     31510.0742  EPtot      =   -144910.2215
 BOND   =       863.4582  ANGLE   =      2170.6624  DIHED      =      1370.7570
 UB     =         0.0000  IMP     =         0.0000  CMAP       =       203.2490
 1-4 NB =      1018.1341  1-4 EEL =     15235.5640  VDWAALS    =     17242.0159
 EELEC  =   -183014.0620  EHBOND  =         0.0000  RESTRAINT  =         0.0000
 ------------------------------------------------------------------------------

wrapping first mol.:       29.97838       42.39583       73.43173

 NSTEP =   840000   TIME(PS) =   31720.000  TEMP(K) =   313.14  PRESS =     0.0
 Etot   =   -113276.0794  EKtot   =     31853.6992  EPtot      =   -145129.7786
 BOND   =       894.3410  ANGLE   =      2143.1719  DIHED      =      1387.0939
 UB     =         0.0000  IMP     =         0.0000  CMAP       =       201.3445
 1-4 NB =      1010.7770  1-4 EEL =     15199.2861  VDWAALS    =     17530.1639
 EELEC  =   -183495.9569  EHBOND  =         0.0000  RESTRAINT  =         0.0000
 ------------------------------------------------------------------------------

wrapping first mol.:       29.97838       42.39583       73.43173

 NSTEP =   860000   TIME(PS) =   31760.000  TEMP(K) =   307.68  PRESS =     0.0
 Etot   =   -114030.4448  EKtot   =     31298.2891  EPtot      =   -145328.7339
 BOND   =       845.7905  ANGLE   =      2178.5657  DIHED      =      1368.0442
 UB     =         0.0000  IMP     =         0.0000  CMAP       =       219.6928
 1-4 NB =      1025.0406  1-4 EEL =     15161.1374  VDWAALS    =     17152.2580
 EELEC  =   -183279.2631  EHBOND  =         0.0000  RESTRAINT  =         0.0000
 ------------------------------------------------------------------------------

wrapping first mol.:       29.97838       42.39583       73.43173

 NSTEP =   880000   TIME(PS) =   31800.000  TEMP(K) =   310.02  PRESS =     0.0
 Etot   =   -114056.7035  EKtot   =     31535.7324  EPtot      =   -145592.4359
 BOND   =       851.0290  ANGLE   =      2216.9632  DIHED      =      1352.3656
 UB     =         0.0000  IMP     =         0.0000  CMAP       =       234.9247
 1-4 NB =       991.5954  1-4 EEL =     15229.9059  VDWAALS    =     17285.9328
 EELEC  =   -183755.1526  EHBOND  =         0.0000  RESTRAINT  =         0.0000
 ------------------------------------------------------------------------------

wrapping first mol.:       29.97838       42.39583       73.43173

 NSTEP =   900000   TIME(PS) =   31840.000  TEMP(K) =   312.17  PRESS =     0.0
 Etot   =   -113755.8708  EKtot   =     31754.9160  EPtot      =   -145510.7868
 BOND   =       868.1409  ANGLE   =      2124.1989  DIHED      =      1394.0282
 UB     =         0.0000  IMP     =         0.0000  CMAP       =       218.3363
 1-4 NB =      1025.5392  1-4 EEL =     15206.8992  VDWAALS    =     17585.7619
 EELEC  =   -183933.6913  EHBOND  =         0.0000  RESTRAINT  =         0.0000
 ------------------------------------------------------------------------------

wrapping first mol.:       29.97838       42.39583       73.43173

 NSTEP =   920000   TIME(PS) =   31880.000  TEMP(K) =   310.22  PRESS =     0.0
 Etot   =   -113515.6429  EKtot   =     31556.4609  EPtot      =   -145072.1038
 BOND   =       908.2634  ANGLE   =      2131.4472  DIHED      =      1369.6221
 UB     =         0.0000  IMP     =         0.0000  CMAP       =       222.7394
 1-4 NB =      1000.7683  1-4 EEL =     15175.5646  VDWAALS    =     17027.0734
 EELEC  =   -182907.5822  EHBOND  =         0.0000  RESTRAINT  =         0.0000
 ------------------------------------------------------------------------------

wrapping first mol.:       29.97838       42.39583       73.43173

 NSTEP =   940000   TIME(PS) =   31920.000  TEMP(K) =   310.15  PRESS =     0.0
 Etot   =   -113579.5169  EKtot   =     31549.2500  EPtot      =   -145128.7669
 BOND   =       892.3620  ANGLE   =      2187.6561  DIHED      =      1378.9377
 UB     =         0.0000  IMP     =         0.0000  CMAP       =       211.3223
 1-4 NB =      1025.8633  1-4 EEL =     15205.4718  VDWAALS    =     17278.1789
 EELEC  =   -183308.5591  EHBOND  =         0.0000  RESTRAINT  =         0.0000
 ------------------------------------------------------------------------------

wrapping first mol.:       29.97838       42.39583       73.43173

 NSTEP =   960000   TIME(PS) =   31960.000  TEMP(K) =   311.69  PRESS =     0.0
 Etot   =   -113665.9745  EKtot   =     31706.2383  EPtot      =   -145372.2128
 BOND   =       855.3732  ANGLE   =      2143.6533  DIHED      =      1411.0595
 UB     =         0.0000  IMP     =         0.0000  CMAP       =       205.2795
 1-4 NB =      1007.0913  1-4 EEL =     15228.6851  VDWAALS    =     17565.5755
 EELEC  =   -183788.9301  EHBOND  =         0.0000  RESTRAINT  =         0.0000
 ------------------------------------------------------------------------------

wrapping first mol.:       29.97838       42.39583       73.43173

 NSTEP =   980000   TIME(PS) =   32000.000  TEMP(K) =   309.19  PRESS =     0.0
 Etot   =   -113563.6301  EKtot   =     31451.3438  EPtot      =   -145014.9739
 BOND   =       867.2346  ANGLE   =      2099.3771  DIHED      =      1369.8795
 UB     =         0.0000  IMP     =         0.0000  CMAP       =       207.1900
 1-4 NB =      1003.9377  1-4 EEL =     15194.0975  VDWAALS    =     17519.6786
 EELEC  =   -183276.3690  EHBOND  =         0.0000  RESTRAINT  =         0.0000
 ------------------------------------------------------------------------------

wrapping first mol.:       29.97838       42.39583       73.43173

 NSTEP =  1000000   TIME(PS) =   32040.000  TEMP(K) =   310.03  PRESS =     0.0
 Etot   =   -113310.5005  EKtot   =     31537.0625  EPtot      =   -144847.5630
 BOND   =       848.7192  ANGLE   =      2130.3730  DIHED      =      1380.9017
 UB     =         0.0000  IMP     =         0.0000  CMAP       =       225.3550
 1-4 NB =      1000.6070  1-4 EEL =     15232.8354  VDWAALS    =     17203.6397
 EELEC  =   -182869.9941  EHBOND  =         0.0000  RESTRAINT  =         0.0000
 ------------------------------------------------------------------------------

wrapping first mol.:       29.97838       42.39583       73.43173

 NSTEP =  1020000   TIME(PS) =   32080.000  TEMP(K) =   311.37  PRESS =     0.0
 Etot   =   -113283.6885  EKtot   =     31672.8516  EPtot      =   -144956.5401
 BOND   =       838.6654  ANGLE   =      2127.9901  DIHED      =      1366.1368
 UB     =         0.0000  IMP     =         0.0000  CMAP       =       246.8016
 1-4 NB =      1001.9235  1-4 EEL =     15206.0475  VDWAALS    =     17493.7657
 EELEC  =   -183237.8705  EHBOND  =         0.0000  RESTRAINT  =         0.0000
 ------------------------------------------------------------------------------

wrapping first mol.:       29.97838       42.39583       73.43173

 NSTEP =  1040000   TIME(PS) =   32120.000  TEMP(K) =   308.91  PRESS =     0.0
 Etot   =   -113686.5189  EKtot   =     31423.0996  EPtot      =   -145109.6185
 BOND   =       860.4721  ANGLE   =      2133.7127  DIHED      =      1358.0405
 UB     =         0.0000  IMP     =         0.0000  CMAP       =       204.3326
 1-4 NB =      1024.1576  1-4 EEL =     15201.5522  VDWAALS    =     17309.6488
 EELEC  =   -183201.5351  EHBOND  =         0.0000  RESTRAINT  =         0.0000
 ------------------------------------------------------------------------------

wrapping first mol.:       29.97838       42.39583       73.43173

 NSTEP =  1060000   TIME(PS) =   32160.000  TEMP(K) =   308.86  PRESS =     0.0
 Etot   =   -113820.9314  EKtot   =     31418.4258  EPtot      =   -145239.3572
 BOND   =       879.5256  ANGLE   =      2138.7003  DIHED      =      1384.1944
 UB     =         0.0000  IMP     =         0.0000  CMAP       =       214.9922
 1-4 NB =       988.1402  1-4 EEL =     15162.4223  VDWAALS    =     17360.6299
 EELEC  =   -183367.9622  EHBOND  =         0.0000  RESTRAINT  =         0.0000
 ------------------------------------------------------------------------------

wrapping first mol.:       29.97838       42.39583       73.43173

 NSTEP =  1080000   TIME(PS) =   32200.000  TEMP(K) =   310.52  PRESS =     0.0
 Etot   =   -113393.6674  EKtot   =     31587.1973  EPtot      =   -144980.8647
 BOND   =       918.1462  ANGLE   =      2134.0593  DIHED      =      1377.5711
 UB     =         0.0000  IMP     =         0.0000  CMAP       =       213.4189
 1-4 NB =      1028.9909  1-4 EEL =     15203.8745  VDWAALS    =     17234.9469
 EELEC  =   -183091.8724  EHBOND  =         0.0000  RESTRAINT  =         0.0000
 ------------------------------------------------------------------------------

wrapping first mol.:       29.97838       42.39583       73.43173

 NSTEP =  1100000   TIME(PS) =   32240.000  TEMP(K) =   309.02  PRESS =     0.0
 Etot   =   -113697.3254  EKtot   =     31434.4570  EPtot      =   -145131.7824
 BOND   =       852.6231  ANGLE   =      2159.2725  DIHED      =      1365.3189
 UB     =         0.0000  IMP     =         0.0000  CMAP       =       231.2332
 1-4 NB =      1021.0475  1-4 EEL =     15158.3227  VDWAALS    =     17397.9660
 EELEC  =   -183317.5663  EHBOND  =         0.0000  RESTRAINT  =         0.0000
 ------------------------------------------------------------------------------

wrapping first mol.:       29.97838       42.39583       73.43173

 NSTEP =  1120000   TIME(PS) =   32280.000  TEMP(K) =   310.53  PRESS =     0.0
 Etot   =   -113742.1948  EKtot   =     31588.0449  EPtot      =   -145330.2397
 BOND   =       852.5117  ANGLE   =      2166.2336  DIHED      =      1341.9896
 UB     =         0.0000  IMP     =         0.0000  CMAP       =       235.2355
 1-4 NB =      1009.8524  1-4 EEL =     15127.5090  VDWAALS    =     17613.2279
 EELEC  =   -183676.7995  EHBOND  =         0.0000  RESTRAINT  =         0.0000
 ------------------------------------------------------------------------------

wrapping first mol.:       29.97838       42.39583       73.43173

 NSTEP =  1140000   TIME(PS) =   32320.000  TEMP(K) =   308.11  PRESS =     0.0
 Etot   =   -113698.0363  EKtot   =     31341.5117  EPtot      =   -145039.5480
 BOND   =       862.1257  ANGLE   =      2102.2830  DIHED      =      1372.9495
 UB     =         0.0000  IMP     =         0.0000  CMAP       =       216.3334
 1-4 NB =      1000.3212  1-4 EEL =     15118.2707  VDWAALS    =     17061.7121
 EELEC  =   -182773.5437  EHBOND  =         0.0000  RESTRAINT  =         0.0000
 ------------------------------------------------------------------------------

wrapping first mol.:       29.97838       42.39583       73.43173

 NSTEP =  1160000   TIME(PS) =   32360.000  TEMP(K) =   307.53  PRESS =     0.0
 Etot   =   -113814.7522  EKtot   =     31283.1641  EPtot      =   -145097.9163
 BOND   =       807.6888  ANGLE   =      2110.9612  DIHED      =      1353.5509
 UB     =         0.0000  IMP     =         0.0000  CMAP       =       252.2693
 1-4 NB =      1004.0677  1-4 EEL =     15111.8543  VDWAALS    =     17103.4172
 EELEC  =   -182841.7257  EHBOND  =         0.0000  RESTRAINT  =         0.0000
 ------------------------------------------------------------------------------

wrapping first mol.:       29.97838       42.39583       73.43173

 NSTEP =  1180000   TIME(PS) =   32400.000  TEMP(K) =   309.94  PRESS =     0.0
 Etot   =   -113629.3413  EKtot   =     31527.3535  EPtot      =   -145156.6948
 BOND   =       860.5916  ANGLE   =      2170.6768  DIHED      =      1363.6275
 UB     =         0.0000  IMP     =         0.0000  CMAP       =       220.8618
 1-4 NB =      1001.4596  1-4 EEL =     15096.3380  VDWAALS    =     17524.7330
 EELEC  =   -183394.9831  EHBOND  =         0.0000  RESTRAINT  =         0.0000
 ------------------------------------------------------------------------------

wrapping first mol.:       29.97838       42.39583       73.43173

 NSTEP =  1200000   TIME(PS) =   32440.000  TEMP(K) =   309.74  PRESS =     0.0
 Etot   =   -113191.0196  EKtot   =     31507.9023  EPtot      =   -144698.9219
 BOND   =       890.2143  ANGLE   =      2192.0769  DIHED      =      1345.4358
 UB     =         0.0000  IMP     =         0.0000  CMAP       =       232.2389
 1-4 NB =       979.5348  1-4 EEL =     15098.9327  VDWAALS    =     17020.9383
 EELEC  =   -182458.2936  EHBOND  =         0.0000  RESTRAINT  =         0.0000
 ------------------------------------------------------------------------------

wrapping first mol.:       29.97838       42.39583       73.43173

 NSTEP =  1220000   TIME(PS) =   32480.000  TEMP(K) =   309.34  PRESS =     0.0
 Etot   =   -113303.6174  EKtot   =     31466.4141  EPtot      =   -144770.0314
 BOND   =       871.3028  ANGLE   =      2148.4566  DIHED      =      1382.2245
 UB     =         0.0000  IMP     =         0.0000  CMAP       =       226.2150
 1-4 NB =      1007.5007  1-4 EEL =     15127.8570  VDWAALS    =     17342.2723
 EELEC  =   -182875.8604  EHBOND  =         0.0000  RESTRAINT  =         0.0000
 ------------------------------------------------------------------------------

wrapping first mol.:       29.97838       42.39583       73.43173

 NSTEP =  1240000   TIME(PS) =   32520.000  TEMP(K) =   310.14  PRESS =     0.0
 Etot   =   -113227.0869  EKtot   =     31548.5703  EPtot      =   -144775.6572
 BOND   =       875.2125  ANGLE   =      2182.6359  DIHED      =      1349.4435
 UB     =         0.0000  IMP     =         0.0000  CMAP       =       220.5220
 1-4 NB =       996.8814  1-4 EEL =     15067.0861  VDWAALS    =     17194.0142
 EELEC  =   -182661.4528  EHBOND  =         0.0000  RESTRAINT  =         0.0000
 ------------------------------------------------------------------------------

wrapping first mol.:       29.97838       42.39583       73.43173

 NSTEP =  1260000   TIME(PS) =   32560.000  TEMP(K) =   310.96  PRESS =     0.0
 Etot   =   -113540.3274  EKtot   =     31631.2461  EPtot      =   -145171.5735
 BOND   =       884.3334  ANGLE   =      2136.9743  DIHED      =      1334.9059
 UB     =         0.0000  IMP     =         0.0000  CMAP       =       213.6673
 1-4 NB =       999.8809  1-4 EEL =     15086.3201  VDWAALS    =     16990.2844
 EELEC  =   -182817.9399  EHBOND  =         0.0000  RESTRAINT  =         0.0000
 ------------------------------------------------------------------------------

wrapping first mol.:       29.97838       42.39583       73.43173

 NSTEP =  1280000   TIME(PS) =   32600.000  TEMP(K) =   309.25  PRESS =     0.0
 Etot   =   -113668.5371  EKtot   =     31457.8750  EPtot      =   -145126.4121
 BOND   =       843.4676  ANGLE   =      2141.4424  DIHED      =      1388.2968
 UB     =         0.0000  IMP     =         0.0000  CMAP       =       213.7875
 1-4 NB =      1009.4159  1-4 EEL =     15092.4996  VDWAALS    =     17362.7432
 EELEC  =   -183178.0651  EHBOND  =         0.0000  RESTRAINT  =         0.0000
 ------------------------------------------------------------------------------

wrapping first mol.:       29.97838       42.39583       73.43173

 NSTEP =  1300000   TIME(PS) =   32640.000  TEMP(K) =   310.08  PRESS =     0.0
 Etot   =   -113414.2153  EKtot   =     31541.8594  EPtot      =   -144956.0747
 BOND   =       857.7081  ANGLE   =      2191.0982  DIHED      =      1355.3098
 UB     =         0.0000  IMP     =         0.0000  CMAP       =       233.9488
 1-4 NB =       999.2495  1-4 EEL =     15061.8215  VDWAALS    =     17416.7390
 EELEC  =   -183071.9496  EHBOND  =         0.0000  RESTRAINT  =         0.0000
 ------------------------------------------------------------------------------

wrapping first mol.:       29.97838       42.39583       73.43173

 NSTEP =  1320000   TIME(PS) =   32680.000  TEMP(K) =   308.66  PRESS =     0.0
 Etot   =   -113643.9467  EKtot   =     31397.8750  EPtot      =   -145041.8217
 BOND   =       904.4402  ANGLE   =      2143.2042  DIHED      =      1370.1215
 UB     =         0.0000  IMP     =         0.0000  CMAP       =       213.3185
 1-4 NB =      1010.2767  1-4 EEL =     15115.1117  VDWAALS    =     17082.7186
 EELEC  =   -182881.0131  EHBOND  =         0.0000  RESTRAINT  =         0.0000
 ------------------------------------------------------------------------------

wrapping first mol.:       29.97838       42.39583       73.43173

 NSTEP =  1340000   TIME(PS) =   32720.000  TEMP(K) =   310.76  PRESS =     0.0
 Etot   =   -113185.4492  EKtot   =     31610.7910  EPtot      =   -144796.2402
 BOND   =       892.8097  ANGLE   =      2153.0183  DIHED      =      1361.7169
 UB     =         0.0000  IMP     =         0.0000  CMAP       =       228.8919
 1-4 NB =      1003.9548  1-4 EEL =     15053.1862  VDWAALS    =     17023.0621
 EELEC  =   -182512.8802  EHBOND  =         0.0000  RESTRAINT  =         0.0000
 ------------------------------------------------------------------------------

wrapping first mol.:       29.97838       42.39583       73.43173

 NSTEP =  1360000   TIME(PS) =   32760.000  TEMP(K) =   310.38  PRESS =     0.0
 Etot   =   -113442.1728  EKtot   =     31572.4180  EPtot      =   -145014.5908
 BOND   =       867.8140  ANGLE   =      2134.7699  DIHED      =      1377.2163
 UB     =         0.0000  IMP     =         0.0000  CMAP       =       204.4989
 1-4 NB =       997.1189  1-4 EEL =     15091.0155  VDWAALS    =     17423.4289
 EELEC  =   -183110.4533  EHBOND  =         0.0000  RESTRAINT  =         0.0000
 ------------------------------------------------------------------------------

wrapping first mol.:       29.97838       42.39583       73.43173

 NSTEP =  1380000   TIME(PS) =   32800.000  TEMP(K) =   310.37  PRESS =     0.0
 Etot   =   -113736.0419  EKtot   =     31571.6797  EPtot      =   -145307.7215
 BOND   =       858.7994  ANGLE   =      2178.0264  DIHED      =      1371.3390
 UB     =         0.0000  IMP     =         0.0000  CMAP       =       231.9245
 1-4 NB =      1006.4768  1-4 EEL =     15098.1510  VDWAALS    =     17307.0115
 EELEC  =   -183359.4502  EHBOND  =         0.0000  RESTRAINT  =         0.0000
 ------------------------------------------------------------------------------

wrapping first mol.:       29.97838       42.39583       73.43173

 NSTEP =  1400000   TIME(PS) =   32840.000  TEMP(K) =   310.11  PRESS =     0.0
 Etot   =   -113449.5412  EKtot   =     31544.7422  EPtot      =   -144994.2834
 BOND   =       810.3768  ANGLE   =      2197.9636  DIHED      =      1337.6004
 UB     =         0.0000  IMP     =         0.0000  CMAP       =       223.3256
 1-4 NB =      1017.8588  1-4 EEL =     15124.8154  VDWAALS    =     17146.2182
 EELEC  =   -182852.4422  EHBOND  =         0.0000  RESTRAINT  =         0.0000
 ------------------------------------------------------------------------------

wrapping first mol.:       29.97838       42.39583       73.43173

 NSTEP =  1420000   TIME(PS) =   32880.000  TEMP(K) =   310.03  PRESS =     0.0
 Etot   =   -113342.5367  EKtot   =     31536.7891  EPtot      =   -144879.3258
 BOND   =       866.4839  ANGLE   =      2133.7202  DIHED      =      1309.1626
 UB     =         0.0000  IMP     =         0.0000  CMAP       =       222.6154
 1-4 NB =      1032.4298  1-4 EEL =     15119.4473  VDWAALS    =     17083.9189
 EELEC  =   -182647.1040  EHBOND  =         0.0000  RESTRAINT  =         0.0000
 ------------------------------------------------------------------------------

wrapping first mol.:       29.97838       42.39583       73.43173

 NSTEP =  1440000   TIME(PS) =   32920.000  TEMP(K) =   310.83  PRESS =     0.0
 Etot   =   -113490.3155  EKtot   =     31618.3262  EPtot      =   -145108.6417
 BOND   =       910.0812  ANGLE   =      2105.7800  DIHED      =      1353.5139
 UB     =         0.0000  IMP     =         0.0000  CMAP       =       206.7122
 1-4 NB =      1002.7795  1-4 EEL =     15118.7258  VDWAALS    =     17383.7478
 EELEC  =   -183189.9821  EHBOND  =         0.0000  RESTRAINT  =         0.0000
 ------------------------------------------------------------------------------

wrapping first mol.:       29.97838       42.39583       73.43173

 NSTEP =  1460000   TIME(PS) =   32960.000  TEMP(K) =   309.04  PRESS =     0.0
 Etot   =   -113704.7503  EKtot   =     31436.2539  EPtot      =   -145141.0042
 BOND   =       910.1908  ANGLE   =      2178.4215  DIHED      =      1376.3788
 UB     =         0.0000  IMP     =         0.0000  CMAP       =       218.3392
 1-4 NB =       999.8917  1-4 EEL =     15114.4103  VDWAALS    =     17170.2041
 EELEC  =   -183108.8406  EHBOND  =         0.0000  RESTRAINT  =         0.0000
 ------------------------------------------------------------------------------

wrapping first mol.:       29.97838       42.39583       73.43173

 NSTEP =  1480000   TIME(PS) =   33000.000  TEMP(K) =   309.03  PRESS =     0.0
 Etot   =   -113719.6648  EKtot   =     31435.3105  EPtot      =   -145154.9753
 BOND   =       842.3993  ANGLE   =      2142.1829  DIHED      =      1381.1259
 UB     =         0.0000  IMP     =         0.0000  CMAP       =       210.9773
 1-4 NB =      1031.1548  1-4 EEL =     15194.9256  VDWAALS    =     17388.4529
 EELEC  =   -183346.1940  EHBOND  =         0.0000  RESTRAINT  =         0.0000
 ------------------------------------------------------------------------------

wrapping first mol.:       29.97838       42.39583       73.43173

 NSTEP =  1500000   TIME(PS) =   33040.000  TEMP(K) =   311.54  PRESS =     0.0
 Etot   =   -113386.9333  EKtot   =     31690.2148  EPtot      =   -145077.1482
 BOND   =       879.1932  ANGLE   =      2146.4848  DIHED      =      1342.8582
 UB     =         0.0000  IMP     =         0.0000  CMAP       =       203.6286
 1-4 NB =      1005.1654  1-4 EEL =     15189.0725  VDWAALS    =     17308.4387
 EELEC  =   -183151.9895  EHBOND  =         0.0000  RESTRAINT  =         0.0000
 ------------------------------------------------------------------------------

wrapping first mol.:       29.97838       42.39583       73.43173

 NSTEP =  1520000   TIME(PS) =   33080.000  TEMP(K) =   309.57  PRESS =     0.0
 Etot   =   -113613.3982  EKtot   =     31489.9062  EPtot      =   -145103.3044
 BOND   =       888.4751  ANGLE   =      2181.4933  DIHED      =      1358.2945
 UB     =         0.0000  IMP     =         0.0000  CMAP       =       213.8685
 1-4 NB =      1003.5138  1-4 EEL =     15163.0842  VDWAALS    =     17145.6350
 EELEC  =   -183057.6687  EHBOND  =         0.0000  RESTRAINT  =         0.0000
 ------------------------------------------------------------------------------

wrapping first mol.:       29.97838       42.39583       73.43173

 NSTEP =  1540000   TIME(PS) =   33120.000  TEMP(K) =   309.78  PRESS =     0.0
 Etot   =   -113716.7989  EKtot   =     31511.8340  EPtot      =   -145228.6329
 BOND   =       888.7288  ANGLE   =      2103.4914  DIHED      =      1349.8872
 UB     =         0.0000  IMP     =         0.0000  CMAP       =       212.1106
 1-4 NB =      1004.4298  1-4 EEL =     15143.7494  VDWAALS    =     17143.3487
 EELEC  =   -183074.3788  EHBOND  =         0.0000  RESTRAINT  =         0.0000
 ------------------------------------------------------------------------------

wrapping first mol.:       29.97838       42.39583       73.43173

 NSTEP =  1560000   TIME(PS) =   33160.000  TEMP(K) =   308.82  PRESS =     0.0
 Etot   =   -113926.3254  EKtot   =     31413.5234  EPtot      =   -145339.8489
 BOND   =       869.9768  ANGLE   =      2130.6982  DIHED      =      1369.5285
 UB     =         0.0000  IMP     =         0.0000  CMAP       =       215.4944
 1-4 NB =       997.3097  1-4 EEL =     15138.9225  VDWAALS    =     17603.9690
 EELEC  =   -183665.7479  EHBOND  =         0.0000  RESTRAINT  =         0.0000
 ------------------------------------------------------------------------------

wrapping first mol.:       29.97838       42.39583       73.43173

 NSTEP =  1580000   TIME(PS) =   33200.000  TEMP(K) =   311.12  PRESS =     0.0
 Etot   =   -113274.3915  EKtot   =     31648.1387  EPtot      =   -144922.5302
 BOND   =       876.9686  ANGLE   =      2122.6393  DIHED      =      1385.7903
 UB     =         0.0000  IMP     =         0.0000  CMAP       =       208.5497
 1-4 NB =      1018.5543  1-4 EEL =     15150.3759  VDWAALS    =     17345.9460
 EELEC  =   -183031.3543  EHBOND  =         0.0000  RESTRAINT  =         0.0000
 ------------------------------------------------------------------------------

wrapping first mol.:       29.97838       42.39583       73.43173

 NSTEP =  1600000   TIME(PS) =   33240.000  TEMP(K) =   311.72  PRESS =     0.0
 Etot   =   -113293.4676  EKtot   =     31708.6133  EPtot      =   -145002.0809
 BOND   =       905.0298  ANGLE   =      2165.4952  DIHED      =      1339.8054
 UB     =         0.0000  IMP     =         0.0000  CMAP       =       212.8310
 1-4 NB =       999.7798  1-4 EEL =     15079.0620  VDWAALS    =     17461.2539
 EELEC  =   -183165.3380  EHBOND  =         0.0000  RESTRAINT  =         0.0000
 ------------------------------------------------------------------------------

wrapping first mol.:       29.97838       42.39583       73.43173

 NSTEP =  1620000   TIME(PS) =   33280.000  TEMP(K) =   309.03  PRESS =     0.0
 Etot   =   -113343.4468  EKtot   =     31435.1992  EPtot      =   -144778.6461
 BOND   =       886.8081  ANGLE   =      2173.4078  DIHED      =      1336.2517
 UB     =         0.0000  IMP     =         0.0000  CMAP       =       223.8281
 1-4 NB =      1018.2758  1-4 EEL =     15047.3079  VDWAALS    =     17402.8747
 EELEC  =   -182867.4001  EHBOND  =         0.0000  RESTRAINT  =         0.0000
 ------------------------------------------------------------------------------

wrapping first mol.:       29.97838       42.39583       73.43173

 NSTEP =  1640000   TIME(PS) =   33320.000  TEMP(K) =   308.72  PRESS =     0.0
 Etot   =   -114022.2961  EKtot   =     31404.0547  EPtot      =   -145426.3508
 BOND   =       886.9184  ANGLE   =      2167.7837  DIHED      =      1356.0504
 UB     =         0.0000  IMP     =         0.0000  CMAP       =       218.4868
 1-4 NB =      1027.2346  1-4 EEL =     15066.9466  VDWAALS    =     17069.1852
 EELEC  =   -183218.9564  EHBOND  =         0.0000  RESTRAINT  =         0.0000
 ------------------------------------------------------------------------------

wrapping first mol.:       29.97838       42.39583       73.43173

 NSTEP =  1660000   TIME(PS) =   33360.000  TEMP(K) =   310.74  PRESS =     0.0
 Etot   =   -113761.5809  EKtot   =     31608.8730  EPtot      =   -145370.4540
 BOND   =       857.4513  ANGLE   =      2120.8622  DIHED      =      1376.7293
 UB     =         0.0000  IMP     =         0.0000  CMAP       =       216.8039
 1-4 NB =      1004.0270  1-4 EEL =     15063.0639  VDWAALS    =     17482.5754
 EELEC  =   -183491.9670  EHBOND  =         0.0000  RESTRAINT  =         0.0000
 ------------------------------------------------------------------------------

wrapping first mol.:       29.97838       42.39583       73.43173

 NSTEP =  1680000   TIME(PS) =   33400.000  TEMP(K) =   310.70  PRESS =     0.0
 Etot   =   -113758.9222  EKtot   =     31604.7070  EPtot      =   -145363.6293
 BOND   =       834.4633  ANGLE   =      2180.9487  DIHED      =      1351.3374
 UB     =         0.0000  IMP     =         0.0000  CMAP       =       220.6478
 1-4 NB =      1004.5991  1-4 EEL =     15056.0852  VDWAALS    =     17409.5809
 EELEC  =   -183421.2917  EHBOND  =         0.0000  RESTRAINT  =         0.0000
 ------------------------------------------------------------------------------

wrapping first mol.:       29.97838       42.39583       73.43173

 NSTEP =  1700000   TIME(PS) =   33440.000  TEMP(K) =   307.78  PRESS =     0.0
 Etot   =   -113785.6110  EKtot   =     31307.7188  EPtot      =   -145093.3297
 BOND   =       859.4430  ANGLE   =      2083.8866  DIHED      =      1368.5823
 UB     =         0.0000  IMP     =         0.0000  CMAP       =       211.5680
 1-4 NB =      1009.6487  1-4 EEL =     15107.3898  VDWAALS    =     17125.5549
 EELEC  =   -182859.4031  EHBOND  =         0.0000  RESTRAINT  =         0.0000
 ------------------------------------------------------------------------------

wrapping first mol.:       29.97838       42.39583       73.43173

 NSTEP =  1720000   TIME(PS) =   33480.000  TEMP(K) =   309.34  PRESS =     0.0
 Etot   =   -113591.3106  EKtot   =     31466.3867  EPtot      =   -145057.6973
 BOND   =       867.4092  ANGLE   =      2167.1993  DIHED      =      1363.5036
 UB     =         0.0000  IMP     =         0.0000  CMAP       =       216.4311
 1-4 NB =      1001.5019  1-4 EEL =     15065.8635  VDWAALS    =     17205.0593
 EELEC  =   -182944.6653  EHBOND  =         0.0000  RESTRAINT  =         0.0000
 ------------------------------------------------------------------------------

wrapping first mol.:       29.97838       42.39583       73.43173

 NSTEP =  1740000   TIME(PS) =   33520.000  TEMP(K) =   309.63  PRESS =     0.0
 Etot   =   -113382.0468  EKtot   =     31496.5000  EPtot      =   -144878.5468
 BOND   =       861.8799  ANGLE   =      2187.9574  DIHED      =      1359.1546
 UB     =         0.0000  IMP     =         0.0000  CMAP       =       218.1011
 1-4 NB =      1005.3529  1-4 EEL =     15028.5693  VDWAALS    =     17273.0532
 EELEC  =   -182812.6152  EHBOND  =         0.0000  RESTRAINT  =         0.0000
 ------------------------------------------------------------------------------

wrapping first mol.:       29.97838       42.39583       73.43173

 NSTEP =  1760000   TIME(PS) =   33560.000  TEMP(K) =   306.99  PRESS =     0.0
 Etot   =   -113847.2646  EKtot   =     31227.8320  EPtot      =   -145075.0966
 BOND   =       840.8032  ANGLE   =      2181.8969  DIHED      =      1367.1760
 UB     =         0.0000  IMP     =         0.0000  CMAP       =       220.8832
 1-4 NB =      1019.5786  1-4 EEL =     15115.3616  VDWAALS    =     17207.5550
 EELEC  =   -183028.3512  EHBOND  =         0.0000  RESTRAINT  =         0.0000
 ------------------------------------------------------------------------------

wrapping first mol.:       29.97838       42.39583       73.43173

 NSTEP =  1780000   TIME(PS) =   33600.000  TEMP(K) =   310.15  PRESS =     0.0
 Etot   =   -113532.1762  EKtot   =     31549.5879  EPtot      =   -145081.7641
 BOND   =       850.8521  ANGLE   =      2205.5440  DIHED      =      1366.4708
 UB     =         0.0000  IMP     =         0.0000  CMAP       =       193.5923
 1-4 NB =      1020.5572  1-4 EEL =     15044.6985  VDWAALS    =     17410.4208
 EELEC  =   -183173.8997  EHBOND  =         0.0000  RESTRAINT  =         0.0000
 ------------------------------------------------------------------------------

wrapping first mol.:       29.97838       42.39583       73.43173

 NSTEP =  1800000   TIME(PS) =   33640.000  TEMP(K) =   311.90  PRESS =     0.0
 Etot   =   -113235.9209  EKtot   =     31727.0332  EPtot      =   -144962.9541
 BOND   =       877.1388  ANGLE   =      2104.2133  DIHED      =      1377.9348
 UB     =         0.0000  IMP     =         0.0000  CMAP       =       217.6841
 1-4 NB =      1010.6609  1-4 EEL =     15068.6095  VDWAALS    =     17427.3159
 EELEC  =   -183046.5114  EHBOND  =         0.0000  RESTRAINT  =         0.0000
 ------------------------------------------------------------------------------

wrapping first mol.:       29.97838       42.39583       73.43173

 NSTEP =  1820000   TIME(PS) =   33680.000  TEMP(K) =   311.40  PRESS =     0.0
 Etot   =   -113417.9894  EKtot   =     31675.9180  EPtot      =   -145093.9074
 BOND   =       845.7278  ANGLE   =      2080.3657  DIHED      =      1346.9840
 UB     =         0.0000  IMP     =         0.0000  CMAP       =       222.8608
 1-4 NB =      1014.6433  1-4 EEL =     15051.6064  VDWAALS    =     17264.9081
 EELEC  =   -182921.0034  EHBOND  =         0.0000  RESTRAINT  =         0.0000
 ------------------------------------------------------------------------------

wrapping first mol.:       29.97838       42.39583       73.43173

 NSTEP =  1840000   TIME(PS) =   33720.000  TEMP(K) =   309.37  PRESS =     0.0
 Etot   =   -113476.2264  EKtot   =     31470.2812  EPtot      =   -144946.5077
 BOND   =       851.9393  ANGLE   =      2124.0063  DIHED      =      1382.1390
 UB     =         0.0000  IMP     =         0.0000  CMAP       =       213.9124
 1-4 NB =      1030.9403  1-4 EEL =     15109.1182  VDWAALS    =     17120.6866
 EELEC  =   -182779.2497  EHBOND  =         0.0000  RESTRAINT  =         0.0000
 ------------------------------------------------------------------------------

wrapping first mol.:       29.97838       42.39583       73.43173

 NSTEP =  1860000   TIME(PS) =   33760.000  TEMP(K) =   309.13  PRESS =     0.0
 Etot   =   -113911.7256  EKtot   =     31445.3242  EPtot      =   -145357.0498
 BOND   =       822.0836  ANGLE   =      2190.5855  DIHED      =      1358.2536
 UB     =         0.0000  IMP     =         0.0000  CMAP       =       218.7291
 1-4 NB =      1009.1455  1-4 EEL =     15115.4798  VDWAALS    =     17313.0362
 EELEC  =   -183384.3630  EHBOND  =         0.0000  RESTRAINT  =         0.0000
 ------------------------------------------------------------------------------

wrapping first mol.:       29.97838       42.39583       73.43173

 NSTEP =  1880000   TIME(PS) =   33800.000  TEMP(K) =   310.87  PRESS =     0.0
 Etot   =   -113537.6599  EKtot   =     31622.1484  EPtot      =   -145159.8083
 BOND   =       867.4261  ANGLE   =      2155.5543  DIHED      =      1366.6264
 UB     =         0.0000  IMP     =         0.0000  CMAP       =       203.3840
 1-4 NB =      1002.0906  1-4 EEL =     15081.1857  VDWAALS    =     17102.2998
 EELEC  =   -182938.3752  EHBOND  =         0.0000  RESTRAINT  =         0.0000
 ------------------------------------------------------------------------------

wrapping first mol.:       29.97838       42.39583       73.43173

 NSTEP =  1900000   TIME(PS) =   33840.000  TEMP(K) =   308.48  PRESS =     0.0
 Etot   =   -113567.9093  EKtot   =     31378.8711  EPtot      =   -144946.7804
 BOND   =       871.4622  ANGLE   =      2102.9860  DIHED      =      1380.1256
 UB     =         0.0000  IMP     =         0.0000  CMAP       =       221.5703
 1-4 NB =      1005.2037  1-4 EEL =     15136.6802  VDWAALS    =     17195.4108
 EELEC  =   -182860.2192  EHBOND  =         0.0000  RESTRAINT  =         0.0000
 ------------------------------------------------------------------------------

wrapping first mol.:       29.97838       42.39583       73.43173

 NSTEP =  1920000   TIME(PS) =   33880.000  TEMP(K) =   310.35  PRESS =     0.0
 Etot   =   -113404.3470  EKtot   =     31569.2305  EPtot      =   -144973.5775
 BOND   =       841.0214  ANGLE   =      2166.6585  DIHED      =      1406.9418
 UB     =         0.0000  IMP     =         0.0000  CMAP       =       229.5796
 1-4 NB =      1008.2294  1-4 EEL =     15149.0701  VDWAALS    =     17274.5755
 EELEC  =   -183049.6538  EHBOND  =         0.0000  RESTRAINT  =         0.0000
 ------------------------------------------------------------------------------

wrapping first mol.:      -59.95674       42.39583       73.43173

 NSTEP =  1940000   TIME(PS) =   33920.000  TEMP(K) =   310.49  PRESS =     0.0
 Etot   =   -113600.3132  EKtot   =     31583.9141  EPtot      =   -145184.2273
 BOND   =       846.2618  ANGLE   =      2223.3876  DIHED      =      1354.3981
 UB     =         0.0000  IMP     =         0.0000  CMAP       =       212.8232
 1-4 NB =      1013.0617  1-4 EEL =     15145.8855  VDWAALS    =     17153.7614
 EELEC  =   -183133.8067  EHBOND  =         0.0000  RESTRAINT  =         0.0000
 ------------------------------------------------------------------------------

wrapping first mol.:       29.97838       42.39583       73.43173

 NSTEP =  1960000   TIME(PS) =   33960.000  TEMP(K) =   308.54  PRESS =     0.0
 Etot   =   -113776.0678  EKtot   =     31385.6934  EPtot      =   -145161.7612
 BOND   =       852.7524  ANGLE   =      2113.3820  DIHED      =      1359.2545
 UB     =         0.0000  IMP     =         0.0000  CMAP       =       230.3215
 1-4 NB =      1014.5278  1-4 EEL =     15231.7754  VDWAALS    =     17378.7288
 EELEC  =   -183342.5036  EHBOND  =         0.0000  RESTRAINT  =         0.0000
 ------------------------------------------------------------------------------

wrapping first mol.:      -59.95674       42.39583       73.43173

 NSTEP =  1980000   TIME(PS) =   34000.000  TEMP(K) =   309.04  PRESS =     0.0
 Etot   =   -113503.4991  EKtot   =     31435.9883  EPtot      =   -144939.4874
 BOND   =       876.2085  ANGLE   =      2255.9898  DIHED      =      1387.8663
 UB     =         0.0000  IMP     =         0.0000  CMAP       =       223.4396
 1-4 NB =      1008.3388  1-4 EEL =     15129.8198  VDWAALS    =     17161.9223
 EELEC  =   -182983.0723  EHBOND  =         0.0000  RESTRAINT  =         0.0000
 ------------------------------------------------------------------------------

wrapping first mol.:      -59.95674       42.39583       73.43173

 NSTEP =  2000000   TIME(PS) =   34040.000  TEMP(K) =   310.04  PRESS =     0.0
 Etot   =   -113158.9527  EKtot   =     31538.3945  EPtot      =   -144697.3472
 BOND   =       863.0483  ANGLE   =      2190.7243  DIHED      =      1390.2959
 UB     =         0.0000  IMP     =         0.0000  CMAP       =       225.2859
 1-4 NB =      1017.8551  1-4 EEL =     15031.5145  VDWAALS    =     16843.8585
 EELEC  =   -182259.9297  EHBOND  =         0.0000  RESTRAINT  =         0.0000
 ------------------------------------------------------------------------------

wrapping first mol.:      -59.95674       42.39583       73.43173

 NSTEP =  2020000   TIME(PS) =   34080.000  TEMP(K) =   308.02  PRESS =     0.0
 Etot   =   -113900.4694  EKtot   =     31332.8711  EPtot      =   -145233.3405
 BOND   =       867.0087  ANGLE   =      2081.4710  DIHED      =      1388.8943
 UB     =         0.0000  IMP     =         0.0000  CMAP       =       218.9430
 1-4 NB =      1009.7097  1-4 EEL =     15218.9144  VDWAALS    =     17661.5183
 EELEC  =   -183679.7999  EHBOND  =         0.0000  RESTRAINT  =         0.0000
 ------------------------------------------------------------------------------

wrapping first mol.:      -59.95674       42.39583       73.43173

 NSTEP =  2040000   TIME(PS) =   34120.000  TEMP(K) =   308.21  PRESS =     0.0
 Etot   =   -113896.1759  EKtot   =     31352.3496  EPtot      =   -145248.5256
 BOND   =       878.6163  ANGLE   =      2176.2359  DIHED      =      1384.2363
 UB     =         0.0000  IMP     =         0.0000  CMAP       =       207.5034
 1-4 NB =       981.5061  1-4 EEL =     15154.4845  VDWAALS    =     17423.5053
 EELEC  =   -183454.6134  EHBOND  =         0.0000  RESTRAINT  =         0.0000
 ------------------------------------------------------------------------------

wrapping first mol.:      -59.95674       42.39583       73.43173

 NSTEP =  2060000   TIME(PS) =   34160.000  TEMP(K) =   310.77  PRESS =     0.0
 Etot   =   -113723.0318  EKtot   =     31611.7715  EPtot      =   -145334.8033
 BOND   =       910.1650  ANGLE   =      2124.2321  DIHED      =      1375.8909
 UB     =         0.0000  IMP     =         0.0000  CMAP       =       229.9271
 1-4 NB =      1013.2483  1-4 EEL =     15150.9181  VDWAALS    =     17405.4564
 EELEC  =   -183544.6412  EHBOND  =         0.0000  RESTRAINT  =         0.0000
 ------------------------------------------------------------------------------

wrapping first mol.:      -59.95674       42.39583       73.43173

 NSTEP =  2080000   TIME(PS) =   34200.000  TEMP(K) =   310.51  PRESS =     0.0
 Etot   =   -113452.9219  EKtot   =     31585.7832  EPtot      =   -145038.7051
 BOND   =       834.4804  ANGLE   =      2183.8573  DIHED      =      1348.7409
 UB     =         0.0000  IMP     =         0.0000  CMAP       =       221.3996
 1-4 NB =      1006.0681  1-4 EEL =     15152.9397  VDWAALS    =     16987.3599
 EELEC  =   -182773.5510  EHBOND  =         0.0000  RESTRAINT  =         0.0000
 ------------------------------------------------------------------------------

wrapping first mol.:      -59.95674       42.39583       73.43173

 NSTEP =  2100000   TIME(PS) =   34240.000  TEMP(K) =   310.65  PRESS =     0.0
 Etot   =   -113776.0345  EKtot   =     31600.3027  EPtot      =   -145376.3372
 BOND   =       880.5915  ANGLE   =      2139.3866  DIHED      =      1348.1790
 UB     =         0.0000  IMP     =         0.0000  CMAP       =       219.0701
 1-4 NB =      1002.8578  1-4 EEL =     15101.8836  VDWAALS    =     17449.1575
 EELEC  =   -183517.4634  EHBOND  =         0.0000  RESTRAINT  =         0.0000
 ------------------------------------------------------------------------------

wrapping first mol.:      -59.95674       42.39583       73.43173

 NSTEP =  2120000   TIME(PS) =   34280.000  TEMP(K) =   309.14  PRESS =     0.0
 Etot   =   -113280.5277  EKtot   =     31446.3672  EPtot      =   -144726.8948
 BOND   =       879.4843  ANGLE   =      2178.7405  DIHED      =      1357.8358
 UB     =         0.0000  IMP     =         0.0000  CMAP       =       215.5235
 1-4 NB =       999.9589  1-4 EEL =     15129.5753  VDWAALS    =     17047.0592
 EELEC  =   -182535.0723  EHBOND  =         0.0000  RESTRAINT  =         0.0000
 ------------------------------------------------------------------------------

wrapping first mol.:      -59.95674       42.39583       73.43173

 NSTEP =  2140000   TIME(PS) =   34320.000  TEMP(K) =   310.79  PRESS =     0.0
 Etot   =   -113810.6505  EKtot   =     31614.6836  EPtot      =   -145425.3341
 BOND   =       796.6929  ANGLE   =      2092.7518  DIHED      =      1384.1256
 UB     =         0.0000  IMP     =         0.0000  CMAP       =       225.1981
 1-4 NB =      1017.5813  1-4 EEL =     15162.4160  VDWAALS    =     16973.3473
 EELEC  =   -183077.4472  EHBOND  =         0.0000  RESTRAINT  =         0.0000
 ------------------------------------------------------------------------------

wrapping first mol.:      -59.95674       42.39583       73.43173

 NSTEP =  2160000   TIME(PS) =   34360.000  TEMP(K) =   307.77  PRESS =     0.0
 Etot   =   -113700.8809  EKtot   =     31306.6250  EPtot      =   -145007.5059
 BOND   =       880.7874  ANGLE   =      2165.1488  DIHED      =      1359.9933
 UB     =         0.0000  IMP     =         0.0000  CMAP       =       213.4331
 1-4 NB =      1010.5533  1-4 EEL =     15172.7502  VDWAALS    =     17108.4972
 EELEC  =   -182918.6692  EHBOND  =         0.0000  RESTRAINT  =         0.0000
 ------------------------------------------------------------------------------

wrapping first mol.:      -59.95674       42.39583       73.43173

 NSTEP =  2180000   TIME(PS) =   34400.000  TEMP(K) =   312.16  PRESS =     0.0
 Etot   =   -113321.7266  EKtot   =     31753.3750  EPtot      =   -145075.1016
 BOND   =       837.6974  ANGLE   =      2130.3559  DIHED      =      1355.2823
 UB     =         0.0000  IMP     =         0.0000  CMAP       =       207.3599
 1-4 NB =      1023.7658  1-4 EEL =     15137.0232  VDWAALS    =     17103.9862
 EELEC  =   -182870.5723  EHBOND  =         0.0000  RESTRAINT  =         0.0000
 ------------------------------------------------------------------------------

wrapping first mol.:      -59.95674       42.39583       73.43173

 NSTEP =  2200000   TIME(PS) =   34440.000  TEMP(K) =   310.37  PRESS =     0.0
 Etot   =   -113545.1314  EKtot   =     31571.8574  EPtot      =   -145116.9888
 BOND   =       818.5741  ANGLE   =      2159.4411  DIHED      =      1344.9770
 UB     =         0.0000  IMP     =         0.0000  CMAP       =       204.8020
 1-4 NB =      1011.1691  1-4 EEL =     15148.2387  VDWAALS    =     17436.0519
 EELEC  =   -183240.2427  EHBOND  =         0.0000  RESTRAINT  =         0.0000
 ------------------------------------------------------------------------------

wrapping first mol.:      -59.95674       42.39583       73.43173

 NSTEP =  2220000   TIME(PS) =   34480.000  TEMP(K) =   311.32  PRESS =     0.0
 Etot   =   -113338.7992  EKtot   =     31667.8184  EPtot      =   -145006.6176
 BOND   =       880.6777  ANGLE   =      2162.9267  DIHED      =      1383.4782
 UB     =         0.0000  IMP     =         0.0000  CMAP       =       201.3064
 1-4 NB =      1016.4590  1-4 EEL =     15144.3803  VDWAALS    =     17561.8868
 EELEC  =   -183357.7328  EHBOND  =         0.0000  RESTRAINT  =         0.0000
 ------------------------------------------------------------------------------

wrapping first mol.:      -59.95674       42.39583       73.43173

 NSTEP =  2240000   TIME(PS) =   34520.000  TEMP(K) =   309.59  PRESS =     0.0
 Etot   =   -113585.1547  EKtot   =     31492.3125  EPtot      =   -145077.4672
 BOND   =       845.5732  ANGLE   =      2168.0953  DIHED      =      1387.7295
 UB     =         0.0000  IMP     =         0.0000  CMAP       =       213.8202
 1-4 NB =       995.9689  1-4 EEL =     15168.4869  VDWAALS    =     17321.3263
 EELEC  =   -183178.4676  EHBOND  =         0.0000  RESTRAINT  =         0.0000
 ------------------------------------------------------------------------------

wrapping first mol.:      -59.95674       42.39583       73.43173

 NSTEP =  2260000   TIME(PS) =   34560.000  TEMP(K) =   308.09  PRESS =     0.0
 Etot   =   -113910.9426  EKtot   =     31339.3457  EPtot      =   -145250.2883
 BOND   =       856.2136  ANGLE   =      2201.9391  DIHED      =      1343.8786
 UB     =         0.0000  IMP     =         0.0000  CMAP       =       210.8611
 1-4 NB =      1003.5765  1-4 EEL =     15131.0640  VDWAALS    =     17332.2237
 EELEC  =   -183330.0449  EHBOND  =         0.0000  RESTRAINT  =         0.0000
 ------------------------------------------------------------------------------

wrapping first mol.:      -59.95674       42.39583       73.43173

 NSTEP =  2280000   TIME(PS) =   34600.000  TEMP(K) =   310.59  PRESS =     0.0
 Etot   =   -113566.8372  EKtot   =     31594.1367  EPtot      =   -145160.9740
 BOND   =       855.1641  ANGLE   =      2171.3275  DIHED      =      1345.9225
 UB     =         0.0000  IMP     =         0.0000  CMAP       =       223.7245
 1-4 NB =      1026.7931  1-4 EEL =     15148.3678  VDWAALS    =     17142.5562
 EELEC  =   -183074.8297  EHBOND  =         0.0000  RESTRAINT  =         0.0000
 ------------------------------------------------------------------------------

wrapping first mol.:      -59.95674       42.39583       73.43173

 NSTEP =  2300000   TIME(PS) =   34640.000  TEMP(K) =   309.57  PRESS =     0.0
 Etot   =   -113454.6436  EKtot   =     31489.9004  EPtot      =   -144944.5440
 BOND   =       865.2807  ANGLE   =      2112.8695  DIHED      =      1381.6307
 UB     =         0.0000  IMP     =         0.0000  CMAP       =       220.1565
 1-4 NB =      1011.2881  1-4 EEL =     15259.8222  VDWAALS    =     16991.6287
 EELEC  =   -182787.2205  EHBOND  =         0.0000  RESTRAINT  =         0.0000
 ------------------------------------------------------------------------------

wrapping first mol.:      -59.95674       42.39583       73.43173

 NSTEP =  2320000   TIME(PS) =   34680.000  TEMP(K) =   312.03  PRESS =     0.0
 Etot   =   -113482.3806  EKtot   =     31740.0977  EPtot      =   -145222.4782
 BOND   =       819.8523  ANGLE   =      2144.6673  DIHED      =      1358.1675
 UB     =         0.0000  IMP     =         0.0000  CMAP       =       228.2791
 1-4 NB =      1036.1186  1-4 EEL =     15154.1152  VDWAALS    =     17421.0632
 EELEC  =   -183384.7414  EHBOND  =         0.0000  RESTRAINT  =         0.0000
 ------------------------------------------------------------------------------

wrapping first mol.:      -59.95674       42.39583       73.43173

 NSTEP =  2340000   TIME(PS) =   34720.000  TEMP(K) =   309.18  PRESS =     0.0
 Etot   =   -113438.5043  EKtot   =     31450.4883  EPtot      =   -144888.9926
 BOND   =       882.3456  ANGLE   =      2158.5324  DIHED      =      1373.4506
 UB     =         0.0000  IMP     =         0.0000  CMAP       =       220.5863
 1-4 NB =      1027.3275  1-4 EEL =     15114.8506  VDWAALS    =     17151.5691
 EELEC  =   -182817.6547  EHBOND  =         0.0000  RESTRAINT  =         0.0000
 ------------------------------------------------------------------------------

wrapping first mol.:      -59.95674       42.39583       73.43173

 NSTEP =  2360000   TIME(PS) =   34760.000  TEMP(K) =   310.92  PRESS =     0.0
 Etot   =   -113171.2740  EKtot   =     31627.7598  EPtot      =   -144799.0337
 BOND   =       853.2172  ANGLE   =      2147.7968  DIHED      =      1380.9307
 UB     =         0.0000  IMP     =         0.0000  CMAP       =       212.9733
 1-4 NB =      1023.6655  1-4 EEL =     15204.0253  VDWAALS    =     17151.8788
 EELEC  =   -182773.5213  EHBOND  =         0.0000  RESTRAINT  =         0.0000
 ------------------------------------------------------------------------------

wrapping first mol.:      -59.95674       42.39583       73.43173

 NSTEP =  2380000   TIME(PS) =   34800.000  TEMP(K) =   310.80  PRESS =     0.0
 Etot   =   -113602.0501  EKtot   =     31615.3652  EPtot      =   -145217.4153
 BOND   =       863.2077  ANGLE   =      2168.6343  DIHED      =      1370.5565
 UB     =         0.0000  IMP     =         0.0000  CMAP       =       228.1925
 1-4 NB =      1020.1621  1-4 EEL =     15082.1086  VDWAALS    =     17143.1968
 EELEC  =   -183093.4738  EHBOND  =         0.0000  RESTRAINT  =         0.0000
 ------------------------------------------------------------------------------

wrapping first mol.:      -59.95674       42.39583       73.43173

 NSTEP =  2400000   TIME(PS) =   34840.000  TEMP(K) =   307.49  PRESS =     0.0
 Etot   =   -113912.2057  EKtot   =     31278.3398  EPtot      =   -145190.5455
 BOND   =       843.7205  ANGLE   =      2138.0857  DIHED      =      1374.2280
 UB     =         0.0000  IMP     =         0.0000  CMAP       =       218.0812
 1-4 NB =      1026.3818  1-4 EEL =     15137.9179  VDWAALS    =     17041.5183
 EELEC  =   -182970.4789  EHBOND  =         0.0000  RESTRAINT  =         0.0000
 ------------------------------------------------------------------------------

wrapping first mol.:      -59.95674       42.39583       73.43173

 NSTEP =  2420000   TIME(PS) =   34880.000  TEMP(K) =   311.01  PRESS =     0.0
 Etot   =   -113102.6382  EKtot   =     31636.2930  EPtot      =   -144738.9311
 BOND   =       888.3038  ANGLE   =      2138.3866  DIHED      =      1401.6360
 UB     =         0.0000  IMP     =         0.0000  CMAP       =       234.3744
 1-4 NB =      1005.4680  1-4 EEL =     15161.6246  VDWAALS    =     17216.3457
 EELEC  =   -182785.0703  EHBOND  =         0.0000  RESTRAINT  =         0.0000
 ------------------------------------------------------------------------------

wrapping first mol.:      -59.95674       42.39583       73.43173

 NSTEP =  2440000   TIME(PS) =   34920.000  TEMP(K) =   309.68  PRESS =     0.0
 Etot   =   -113804.6716  EKtot   =     31501.2305  EPtot      =   -145305.9021
 BOND   =       869.3247  ANGLE   =      2110.4894  DIHED      =      1355.2322
 UB     =         0.0000  IMP     =         0.0000  CMAP       =       201.1613
 1-4 NB =      1013.6829  1-4 EEL =     15095.1506  VDWAALS    =     17431.0800
 EELEC  =   -183382.0232  EHBOND  =         0.0000  RESTRAINT  =         0.0000
 ------------------------------------------------------------------------------

wrapping first mol.:      -59.95674       42.39583       73.43173

 NSTEP =  2460000   TIME(PS) =   34960.000  TEMP(K) =   309.84  PRESS =     0.0
 Etot   =   -113600.9594  EKtot   =     31517.9434  EPtot      =   -145118.9028
 BOND   =       871.1484  ANGLE   =      2117.1801  DIHED      =      1349.1206
 UB     =         0.0000  IMP     =         0.0000  CMAP       =       211.5404
 1-4 NB =      1008.3622  1-4 EEL =     15108.8570  VDWAALS    =     17389.1686
 EELEC  =   -183174.2801  EHBOND  =         0.0000  RESTRAINT  =         0.0000
 ------------------------------------------------------------------------------

wrapping first mol.:      -59.95674       42.39583       73.43173

 NSTEP =  2480000   TIME(PS) =   35000.000  TEMP(K) =   309.60  PRESS =     0.0
 Etot   =   -113818.6388  EKtot   =     31493.1133  EPtot      =   -145311.7520
 BOND   =       878.3808  ANGLE   =      2115.3124  DIHED      =      1365.9238
 UB     =         0.0000  IMP     =         0.0000  CMAP       =       213.1367
 1-4 NB =      1017.6397  1-4 EEL =     15114.7460  VDWAALS    =     17229.2027
 EELEC  =   -183246.0942  EHBOND  =         0.0000  RESTRAINT  =         0.0000
 ------------------------------------------------------------------------------

wrapping first mol.:      -59.95674       42.39583       73.43173
wrapping first mol.:      -59.95674       42.39583       73.43173

 NSTEP =  2500000   TIME(PS) =   35040.000  TEMP(K) =   311.15  PRESS =     0.0
 Etot   =   -113764.8860  EKtot   =     31650.6816  EPtot      =   -145415.5676
 BOND   =       867.1353  ANGLE   =      2176.8766  DIHED      =      1364.4446
 UB     =         0.0000  IMP     =         0.0000  CMAP       =       211.9842
 1-4 NB =      1015.5153  1-4 EEL =     15106.5490  VDWAALS    =     17482.5359
 EELEC  =   -183640.6084  EHBOND  =         0.0000  RESTRAINT  =         0.0000
 ------------------------------------------------------------------------------


      A V E R A G E S   O V E R     125 S T E P S


 NSTEP =  2500000   TIME(PS) =   35040.000  TEMP(K) =   309.91  PRESS =     0.0
 Etot   =   -113589.8696  EKtot   =     31525.0889  EPtot      =   -145114.9585
 BOND   =       861.9600  ANGLE   =      2150.2601  DIHED      =      1365.9778
 UB     =         0.0000  IMP     =         0.0000  CMAP       =       219.5533
 1-4 NB =      1008.7642  1-4 EEL =     15133.1290  VDWAALS    =     17276.2744
 EELEC  =   -183130.8772  EHBOND  =         0.0000  RESTRAINT  =         0.0000
 ------------------------------------------------------------------------------


      R M S  F L U C T U A T I O N S


 NSTEP =  2500000   TIME(PS) =   35040.000  TEMP(K) =     1.21  PRESS =     0.0
 Etot   =       243.0983  EKtot   =       123.1784  EPtot      =       205.6641
 BOND   =        24.5199  ANGLE   =        34.7207  DIHED      =        17.9945
 UB     =         0.0000  IMP     =         0.0000  CMAP       =         9.9597
 1-4 NB =        12.2863  1-4 EEL =        56.0721  VDWAALS    =       173.5200
 EELEC  =       323.1967  EHBOND  =         0.0000  RESTRAINT  =         0.0000
 ------------------------------------------------------------------------------

--------------------------------------------------------------------------------
   5.  TIMINGS
--------------------------------------------------------------------------------

|  NonSetup CPU Time in Major Routines:
|
|     Routine           Sec        %
|     ------------------------------
|     Nonbond         136.97   15.02
|     Bond              0.00    0.00
|     Angle             0.00    0.00
|     Dihedral          0.00    0.00
|     Shake             9.53    1.05
|     RunMD           763.18   83.69
|     Other             2.18    0.24
|     ------------------------------
|     Total           911.87

|  PME Nonbond Pairlist CPU Time:
|
|     Routine              Sec        %
|     ---------------------------------
|     Set Up Cit           0.00    0.00
|     Build List           0.00    0.00
|     ---------------------------------
|     Total                0.00    0.00

|  PME Direct Force CPU Time:
|
|     Routine              Sec        %
|     ---------------------------------
|     NonBonded Calc       0.00    0.00
|     Exclude Masked       0.00    0.00
|     Other                1.37    0.15
|     ---------------------------------
|     Total                1.37    0.15

|  PME Reciprocal Force CPU Time:
|
|     Routine              Sec        %
|     ---------------------------------
|     1D bspline           0.00    0.00
|     Grid Charges         0.00    0.00
|     Scalar Sum           0.00    0.00
|     Gradient Sum         0.00    0.00
|     FFT                  0.00    0.00
|     ---------------------------------
|     Total                0.00    0.00

|  Final Performance Info:
|     -----------------------------------------------------
|     Average timings for last  140000 steps:
|     Elapsed(s) =      51.19 Per Step(ms) =       0.37
|         ns/day =     472.62   seconds/ns =     182.81
|
|     Average timings for all steps:
|     Elapsed(s) =     913.41 Per Step(ms) =       0.37
|         ns/day =     472.95   seconds/ns =     182.68
|     -----------------------------------------------------

|  Setup CPU time:            0.79 seconds
|  NonSetup CPU time:       911.87 seconds
|  Total CPU time:          912.66 seconds     0.25 hours

|  Setup wall time:           1    seconds
|  NonSetup wall time:      913    seconds
|  Total wall time:         914    seconds     0.25 hours
