
          -------------------------------------------------------
          Amber 24 PMEMD                              2024
          -------------------------------------------------------

| PMEMD implementation of SANDER, Release 24

|  Compiled date/time: Thu Apr  3 17:55:38 2025
| Run on 11/15/2025 at 17:51:22

|   Executable path: pmemd.cuda_SPFP
| Working directory: /rs1/researchers/h/hall/vtnguye4/Amber_restart/cappedP1L38M/mdsimP1L38M/newP1L38Mcapped_Simulation3
|          Hostname: gpu29

  [-O]verwriting output

File Assignments:
|   MDIN: /rs1/researchers/h/hall/vtnguye4/Amber_restart/cappedP1L38M/mdsimP1L38
|  MDOUT: ./OUT_Files/equil95.out                                               
| INPCRD: ./RST_Files/equil94.rst7                                              
|   PARM: ./PRMTOP_Files/newP1L38Mcapped.prmtop                                 
| RESTRT: ./RST_Files/equil95.rst7                                              
|   REFC: refc                                                                  
|  MDVEL: mdvel                                                                 
|   MDEN: mden                                                                  
|  MDCRD: ./nc_Files/equil95.nc                                                 
| MDINFO: mdinfo                                                                
|  MDFRC: mdfrc                                                                 


 Here is the input file:

!Stage equilibration 5ns                                                       
&cntrl                                                                         
imin=0, irest=1, ntx=5,                                                        
nstlim=2500000, dt=0.002,                                                      
ntc=2, ntf=2, ig=-1,                                                           
ntt=3, gamma_ln=2.0,                                                           
tempi=310.0, temp0=310.0,                                                      
ntxo=2, ioutfm=1,                                                              
ntpr=20000, ntwx=20000,                                                        
ntb=1,                                                                         
cut=9.0,                                                                       
iwrap=1,                                                                       
/                                                                              


Note: ig = -1. Setting random seed to   308354 based on wallclock time in 
      microseconds.
| irandom = 1, using AMBER's internal random number generator (default).
 
|--------------------- INFORMATION ----------------------
| GPU (CUDA) Version of PMEMD in use: NVIDIA GPU IN USE.
|                    Version 18.0.0
| 
|                      03/25/2018
| 
| Implementation by:
|                    Ross C. Walker     (SDSC)
|                    Scott Le Grand     (nVIDIA)
| 
| Version 18 performance extensions by:
|                    David Cerutti     (Rutgers)
| 
| Precision model in use:
|      [SPFP] - Single Precision Forces, 64-bit Fixed Point
|               Accumulation. (Default)
| 
|--------------------------------------------------------
 
|----------------- CITATION INFORMATION -----------------
|
|    When publishing work that utilized the CUDA version
|    of AMBER, please cite the following in addition to
|    the regular AMBER citations:
|
|  - Romelia Salomon-Ferrer; Andreas W. Goetz; Duncan
|    Poole; Scott Le Grand; Ross C. Walker "Routine
|    microsecond molecular dynamics simulations with
|    AMBER - Part II: Particle Mesh Ewald", J. Chem.
|    Theory Comput., 2013, 9 (9), pp3878-3888,
|    DOI: 10.1021/ct400314y.
|
|  - Andreas W. Goetz; Mark J. Williamson; Dong Xu;
|    Duncan Poole; Scott Le Grand; Ross C. Walker
|    "Routine microsecond molecular dynamics simulations
|    with AMBER - Part I: Generalized Born", J. Chem.
|    Theory Comput., 2012, 8 (5), pp1542-1555.
|
|  - Scott Le Grand; Andreas W. Goetz; Ross C. Walker
|    "SPFP: Speed without compromise - a mixed precision
|    model for GPU accelerated molecular dynamics
|    simulations.", Comp. Phys. Comm., 2013, 184
|    pp374-380, DOI: 10.1016/j.cpc.2012.09.022
|
|--------------------------------------------------------
 
|------------------- GPU DEVICE INFO --------------------
|
|            CUDA_VISIBLE_DEVICES: 0
|   CUDA Capable Devices Detected:      1
|           CUDA Device ID in use:      0
|                CUDA Device Name: NVIDIA L40S
|     CUDA Device Global Mem Size:  45487 MB
| CUDA Device Num Multiprocessors:    142
|           CUDA Device Core Freq:   2.52 GHz
|
|--------------------------------------------------------
 
 
| Conditional Compilation Defines Used:
| PUBFFT
| BINTRAJ
| CUDA
| EMIL

| Largest sphere to fit in unit cell has radius =    36.716

| New format PARM file being parsed.
| Version =    1.000 Date = 10/30/25 Time = 23:32:29

| Note: 1-4 EEL scale factors are being read from the topology file.

| Note: 1-4 VDW scale factors are being read from the topology file.
| Duplicated    0 dihedrals

| Duplicated    0 dihedrals

--------------------------------------------------------------------------------
   1.  RESOURCE   USE: 
--------------------------------------------------------------------------------

 getting box info from netcdf restart file
 NATOM  =   50023 NTYPES =      12 NBONH =   47691 MBONA  =    2332
 NTHETH =    5236 MTHETA =    3080 NPHIH =   10252 MPHIA  =    9504
 NHPARM =       0 NPARM  =       0 NNB   =   84972 NRES   =   15501
 NBONA  =    2332 NTHETA =    3080 NPHIA =    9504 NUMBND =      29
 NUMANG =      57 NPTRA  =      64 NATYP =      17 NPHB   =       0
 IFBOX  =       2 NMXRS  =      21 IFCAP =       0 NEXTRA =       0
 NCOPY  =       0

| Coordinate Index Table dimensions:    15   15   15
| Direct force subcell size =     5.9957    5.9957    5.9957

     BOX TYPE: TRUNCATED OCTAHEDRON

--------------------------------------------------------------------------------
   2.  CONTROL  DATA  FOR  THE  RUN
--------------------------------------------------------------------------------

default_name                                                                    

General flags:
     imin    =       0, nmropt  =       0

Nature and format of input:
     ntx     =       5, irest   =       1, ntrx    =       1

Nature and format of output:
     ntxo    =       2, ntpr    =   20000, ntrx    =       1, ntwr    = 2500000
     iwrap   =       1, ntwx    =   20000, ntwv    =       0, ntwe    =       0
     ioutfm  =       1, ntwprt  =       0, idecomp =       0, rbornstat=      0

Potential function:
     ntf     =       2, ntb     =       1, igb     =       0, nsnb    =      25
     ipol    =       0, gbsa    =       0, iesp    =       0
     dielc   =   1.00000, cut     =   9.00000, intdiel =   1.00000

Frozen or restrained atoms:
     ibelly  =       0, ntr     =       0

Molecular dynamics:
     nstlim  =   2500000, nscm    =      1000, nrespa  =         1
     t       =   0.00000, dt      =   0.00200, vlimit  =  -1.00000

Langevin dynamics temperature regulation:
     ig      =  308354
     temp0   = 310.00000, tempi   = 310.00000, gamma_ln=   2.00000

SHAKE:
     ntc     =       2, jfastw  =       0
     tol     =   0.00001

| Intermolecular bonds treatment:
|     no_intermolecular_bonds =       1

| Energy averages sample interval:
|     ene_avg_sampling =   20000

Ewald parameters:
     verbose =       0, ew_type =       0, nbflag  =       1, use_pme =       1
     vdwmeth =       1, eedmeth =       1, netfrc  =       1
     Box X =   89.935   Box Y =   89.935   Box Z =   89.935
     Alpha =  109.471   Beta  =  109.471   Gamma =  109.471
     NFFT1 =   96       NFFT2 =   96       NFFT3 =   96
     Cutoff=    9.000   Tol   =0.100E-04
     Ewald Coefficient =  0.30768
     Interpolation order =    4

--------------------------------------------------------------------------------
   3.  ATOMIC COORDINATES AND VELOCITIES
--------------------------------------------------------------------------------

default_name                                                                    
 begin time read from input coords =470039.998 ps

 
 Number of triangulated 3-point waters found:    15105

     Sum of charges from parm topology file =  -0.00000043
     Forcing neutrality...

| Dynamic Memory, Types Used:
| Reals             1595957
| Integers          2018996

| Nonbonded Pairs Initial Allocation:    11405244

| GPU memory information (estimate):
| KB of GPU memory in use:    394016
| KB of CPU memory in use:    114218

--------------------------------------------------------------------------------
   4.  RESULTS
--------------------------------------------------------------------------------


 NSTEP =    20000   TIME(PS) =  470079.998  TEMP(K) =   310.11  PRESS =     0.0
 Etot   =   -113658.6217  EKtot   =     31544.6172  EPtot      =   -145203.2389
 BOND   =       850.9495  ANGLE   =      2167.3973  DIHED      =      1350.3368
 UB     =         0.0000  IMP     =         0.0000  CMAP       =       214.7808
 1-4 NB =       988.5803  1-4 EEL =     15060.4430  VDWAALS    =     17097.0285
 EELEC  =   -182932.7552  EHBOND  =         0.0000  RESTRAINT  =         0.0000
 ------------------------------------------------------------------------------


 NSTEP =    40000   TIME(PS) =  470119.998  TEMP(K) =   309.94  PRESS =     0.0
 Etot   =   -113714.8797  EKtot   =     31528.2617  EPtot      =   -145243.1414
 BOND   =       881.1850  ANGLE   =      2145.6476  DIHED      =      1395.7185
 UB     =         0.0000  IMP     =         0.0000  CMAP       =       225.3642
 1-4 NB =      1008.9503  1-4 EEL =     15054.0489  VDWAALS    =     17574.1745
 EELEC  =   -183528.2305  EHBOND  =         0.0000  RESTRAINT  =         0.0000
 ------------------------------------------------------------------------------


 NSTEP =    60000   TIME(PS) =  470159.998  TEMP(K) =   307.78  PRESS =     0.0
 Etot   =   -114064.3524  EKtot   =     31307.8066  EPtot      =   -145372.1591
 BOND   =       852.8889  ANGLE   =      2123.9432  DIHED      =      1316.4018
 UB     =         0.0000  IMP     =         0.0000  CMAP       =       216.5718
 1-4 NB =      1006.9026  1-4 EEL =     15052.4932  VDWAALS    =     17139.4732
 EELEC  =   -183080.8338  EHBOND  =         0.0000  RESTRAINT  =         0.0000
 ------------------------------------------------------------------------------


 NSTEP =    80000   TIME(PS) =  470199.998  TEMP(K) =   309.22  PRESS =     0.0
 Etot   =   -113898.0780  EKtot   =     31454.9414  EPtot      =   -145353.0194
 BOND   =       858.3274  ANGLE   =      2081.4407  DIHED      =      1334.6404
 UB     =         0.0000  IMP     =         0.0000  CMAP       =       239.4040
 1-4 NB =       995.1511  1-4 EEL =     15056.9889  VDWAALS    =     17333.4860
 EELEC  =   -183252.4578  EHBOND  =         0.0000  RESTRAINT  =         0.0000
 ------------------------------------------------------------------------------


 NSTEP =   100000   TIME(PS) =  470239.998  TEMP(K) =   308.31  PRESS =     0.0
 Etot   =   -113844.8739  EKtot   =     31361.7695  EPtot      =   -145206.6435
 BOND   =       894.2131  ANGLE   =      2135.9239  DIHED      =      1317.7529
 UB     =         0.0000  IMP     =         0.0000  CMAP       =       208.0728
 1-4 NB =      1002.5429  1-4 EEL =     15092.8745  VDWAALS    =     17512.0919
 EELEC  =   -183370.1155  EHBOND  =         0.0000  RESTRAINT  =         0.0000
 ------------------------------------------------------------------------------


 NSTEP =   120000   TIME(PS) =  470279.998  TEMP(K) =   311.73  PRESS =     0.0
 Etot   =   -113562.0620  EKtot   =     31710.0762  EPtot      =   -145272.1382
 BOND   =       830.2256  ANGLE   =      2095.5268  DIHED      =      1322.7486
 UB     =         0.0000  IMP     =         0.0000  CMAP       =       230.6244
 1-4 NB =      1012.9931  1-4 EEL =     15065.5153  VDWAALS    =     17459.7355
 EELEC  =   -183289.5075  EHBOND  =         0.0000  RESTRAINT  =         0.0000
 ------------------------------------------------------------------------------


 NSTEP =   140000   TIME(PS) =  470319.998  TEMP(K) =   308.32  PRESS =     0.0
 Etot   =   -113960.2293  EKtot   =     31362.6504  EPtot      =   -145322.8797
 BOND   =       815.3578  ANGLE   =      2145.9961  DIHED      =      1353.4016
 UB     =         0.0000  IMP     =         0.0000  CMAP       =       225.7817
 1-4 NB =      1007.3016  1-4 EEL =     15108.0304  VDWAALS    =     17290.5636
 EELEC  =   -183269.3125  EHBOND  =         0.0000  RESTRAINT  =         0.0000
 ------------------------------------------------------------------------------


 NSTEP =   160000   TIME(PS) =  470359.998  TEMP(K) =   310.07  PRESS =     0.0
 Etot   =   -113860.5463  EKtot   =     31540.9844  EPtot      =   -145401.5307
 BOND   =       845.0159  ANGLE   =      2146.0292  DIHED      =      1330.2782
 UB     =         0.0000  IMP     =         0.0000  CMAP       =       232.4862
 1-4 NB =       991.0202  1-4 EEL =     15067.4044  VDWAALS    =     17529.9963
 EELEC  =   -183543.7612  EHBOND  =         0.0000  RESTRAINT  =         0.0000
 ------------------------------------------------------------------------------


 NSTEP =   180000   TIME(PS) =  470399.998  TEMP(K) =   309.81  PRESS =     0.0
 Etot   =   -113532.0257  EKtot   =     31514.4648  EPtot      =   -145046.4906
 BOND   =       834.1114  ANGLE   =      2176.6806  DIHED      =      1325.2709
 UB     =         0.0000  IMP     =         0.0000  CMAP       =       259.3557
 1-4 NB =      1001.6193  1-4 EEL =     15011.0446  VDWAALS    =     17198.2575
 EELEC  =   -182852.8305  EHBOND  =         0.0000  RESTRAINT  =         0.0000
 ------------------------------------------------------------------------------


 NSTEP =   200000   TIME(PS) =  470439.998  TEMP(K) =   313.18  PRESS =     0.0
 Etot   =   -113527.9810  EKtot   =     31857.7461  EPtot      =   -145385.7271
 BOND   =       866.8437  ANGLE   =      2098.8043  DIHED      =      1369.1737
 UB     =         0.0000  IMP     =         0.0000  CMAP       =       226.3009
 1-4 NB =      1011.4297  1-4 EEL =     15092.6353  VDWAALS    =     17065.7352
 EELEC  =   -183116.6499  EHBOND  =         0.0000  RESTRAINT  =         0.0000
 ------------------------------------------------------------------------------


 NSTEP =   220000   TIME(PS) =  470479.998  TEMP(K) =   309.96  PRESS =     0.0
 Etot   =   -113711.9952  EKtot   =     31529.9336  EPtot      =   -145241.9288
 BOND   =       868.6953  ANGLE   =      2131.9964  DIHED      =      1358.0204
 UB     =         0.0000  IMP     =         0.0000  CMAP       =       234.5833
 1-4 NB =       999.6679  1-4 EEL =     15147.9409  VDWAALS    =     17365.4757
 EELEC  =   -183348.3087  EHBOND  =         0.0000  RESTRAINT  =         0.0000
 ------------------------------------------------------------------------------


 NSTEP =   240000   TIME(PS) =  470519.998  TEMP(K) =   310.23  PRESS =     0.0
 Etot   =   -113583.6472  EKtot   =     31557.2793  EPtot      =   -145140.9265
 BOND   =       853.2109  ANGLE   =      2145.4588  DIHED      =      1375.8906
 UB     =         0.0000  IMP     =         0.0000  CMAP       =       233.5128
 1-4 NB =      1007.3667  1-4 EEL =     15106.0826  VDWAALS    =     17313.6043
 EELEC  =   -183176.0532  EHBOND  =         0.0000  RESTRAINT  =         0.0000
 ------------------------------------------------------------------------------


 NSTEP =   260000   TIME(PS) =  470559.998  TEMP(K) =   310.38  PRESS =     0.0
 Etot   =   -113339.9530  EKtot   =     31572.5352  EPtot      =   -144912.4882
 BOND   =       883.1569  ANGLE   =      2181.7276  DIHED      =      1335.2845
 UB     =         0.0000  IMP     =         0.0000  CMAP       =       222.9687
 1-4 NB =      1016.4722  1-4 EEL =     15051.7778  VDWAALS    =     17011.3287
 EELEC  =   -182615.2047  EHBOND  =         0.0000  RESTRAINT  =         0.0000
 ------------------------------------------------------------------------------


 NSTEP =   280000   TIME(PS) =  470599.998  TEMP(K) =   309.05  PRESS =     0.0
 Etot   =   -113807.3131  EKtot   =     31437.3613  EPtot      =   -145244.6745
 BOND   =       890.6101  ANGLE   =      2091.1478  DIHED      =      1354.8855
 UB     =         0.0000  IMP     =         0.0000  CMAP       =       228.6274
 1-4 NB =       993.3494  1-4 EEL =     15062.6343  VDWAALS    =     17345.6236
 EELEC  =   -183211.5525  EHBOND  =         0.0000  RESTRAINT  =         0.0000
 ------------------------------------------------------------------------------


 NSTEP =   300000   TIME(PS) =  470639.998  TEMP(K) =   311.02  PRESS =     0.0
 Etot   =   -113446.4885  EKtot   =     31637.9062  EPtot      =   -145084.3947
 BOND   =       845.2313  ANGLE   =      2146.2128  DIHED      =      1339.0920
 UB     =         0.0000  IMP     =         0.0000  CMAP       =       214.9492
 1-4 NB =      1008.4159  1-4 EEL =     15075.6522  VDWAALS    =     17642.7922
 EELEC  =   -183356.7404  EHBOND  =         0.0000  RESTRAINT  =         0.0000
 ------------------------------------------------------------------------------


 NSTEP =   320000   TIME(PS) =  470679.998  TEMP(K) =   309.73  PRESS =     0.0
 Etot   =   -113983.3067  EKtot   =     31506.4785  EPtot      =   -145489.7852
 BOND   =       876.2272  ANGLE   =      2161.1595  DIHED      =      1345.7277
 UB     =         0.0000  IMP     =         0.0000  CMAP       =       240.3009
 1-4 NB =      1004.9915  1-4 EEL =     15075.1713  VDWAALS    =     17399.9078
 EELEC  =   -183593.2711  EHBOND  =         0.0000  RESTRAINT  =         0.0000
 ------------------------------------------------------------------------------


 NSTEP =   340000   TIME(PS) =  470719.998  TEMP(K) =   308.52  PRESS =     0.0
 Etot   =   -113667.7091  EKtot   =     31383.2930  EPtot      =   -145051.0021
 BOND   =       903.6467  ANGLE   =      2183.2829  DIHED      =      1380.3763
 UB     =         0.0000  IMP     =         0.0000  CMAP       =       205.2140
 1-4 NB =       994.7472  1-4 EEL =     15041.2208  VDWAALS    =     17405.4783
 EELEC  =   -183164.9682  EHBOND  =         0.0000  RESTRAINT  =         0.0000
 ------------------------------------------------------------------------------


 NSTEP =   360000   TIME(PS) =  470759.998  TEMP(K) =   310.97  PRESS =     0.0
 Etot   =   -113649.5323  EKtot   =     31633.0352  EPtot      =   -145282.5675
 BOND   =       845.3869  ANGLE   =      2113.8697  DIHED      =      1333.1498
 UB     =         0.0000  IMP     =         0.0000  CMAP       =       221.2956
 1-4 NB =       995.7905  1-4 EEL =     15047.5718  VDWAALS    =     17319.7603
 EELEC  =   -183159.3920  EHBOND  =         0.0000  RESTRAINT  =         0.0000
 ------------------------------------------------------------------------------


 NSTEP =   380000   TIME(PS) =  470799.998  TEMP(K) =   309.60  PRESS =     0.0
 Etot   =   -113622.2238  EKtot   =     31493.0645  EPtot      =   -145115.2883
 BOND   =       843.3134  ANGLE   =      2171.1555  DIHED      =      1343.2918
 UB     =         0.0000  IMP     =         0.0000  CMAP       =       223.3924
 1-4 NB =      1000.0938  1-4 EEL =     15041.1117  VDWAALS    =     16943.7313
 EELEC  =   -182681.3783  EHBOND  =         0.0000  RESTRAINT  =         0.0000
 ------------------------------------------------------------------------------


 NSTEP =   400000   TIME(PS) =  470839.998  TEMP(K) =   310.43  PRESS =     0.0
 Etot   =   -113632.2555  EKtot   =     31577.6504  EPtot      =   -145209.9059
 BOND   =       867.9927  ANGLE   =      2102.9429  DIHED      =      1318.4095
 UB     =         0.0000  IMP     =         0.0000  CMAP       =       217.2640
 1-4 NB =       988.8313  1-4 EEL =     15067.8544  VDWAALS    =     16982.4335
 EELEC  =   -182755.6342  EHBOND  =         0.0000  RESTRAINT  =         0.0000
 ------------------------------------------------------------------------------


 NSTEP =   420000   TIME(PS) =  470879.998  TEMP(K) =   308.42  PRESS =     0.0
 Etot   =   -113331.8574  EKtot   =     31373.2617  EPtot      =   -144705.1191
 BOND   =       875.7244  ANGLE   =      2221.8261  DIHED      =      1320.9328
 UB     =         0.0000  IMP     =         0.0000  CMAP       =       224.8613
 1-4 NB =      1011.9748  1-4 EEL =     15084.8815  VDWAALS    =     17191.4259
 EELEC  =   -182636.7460  EHBOND  =         0.0000  RESTRAINT  =         0.0000
 ------------------------------------------------------------------------------


 NSTEP =   440000   TIME(PS) =  470919.998  TEMP(K) =   308.90  PRESS =     0.0
 Etot   =   -113693.1545  EKtot   =     31421.9004  EPtot      =   -145115.0549
 BOND   =       829.7122  ANGLE   =      2062.8150  DIHED      =      1344.3117
 UB     =         0.0000  IMP     =         0.0000  CMAP       =       233.0579
 1-4 NB =      1002.6125  1-4 EEL =     15095.3730  VDWAALS    =     17570.6000
 EELEC  =   -183253.5372  EHBOND  =         0.0000  RESTRAINT  =         0.0000
 ------------------------------------------------------------------------------


 NSTEP =   460000   TIME(PS) =  470959.998  TEMP(K) =   308.60  PRESS =     0.0
 Etot   =   -113844.7120  EKtot   =     31391.2559  EPtot      =   -145235.9679
 BOND   =       871.9262  ANGLE   =      2164.9708  DIHED      =      1323.7374
 UB     =         0.0000  IMP     =         0.0000  CMAP       =       220.4353
 1-4 NB =      1003.7395  1-4 EEL =     15147.4733  VDWAALS    =     17285.4108
 EELEC  =   -183253.6612  EHBOND  =         0.0000  RESTRAINT  =         0.0000
 ------------------------------------------------------------------------------


 NSTEP =   480000   TIME(PS) =  470999.998  TEMP(K) =   310.40  PRESS =     0.0
 Etot   =   -113303.0515  EKtot   =     31574.5527  EPtot      =   -144877.6043
 BOND   =       851.4901  ANGLE   =      2116.9876  DIHED      =      1380.6163
 UB     =         0.0000  IMP     =         0.0000  CMAP       =       212.6453
 1-4 NB =       985.8509  1-4 EEL =     15079.9607  VDWAALS    =     17057.2794
 EELEC  =   -182562.4347  EHBOND  =         0.0000  RESTRAINT  =         0.0000
 ------------------------------------------------------------------------------


 NSTEP =   500000   TIME(PS) =  471039.998  TEMP(K) =   311.67  PRESS =     0.0
 Etot   =   -113152.0633  EKtot   =     31704.1973  EPtot      =   -144856.2606
 BOND   =       845.5558  ANGLE   =      2179.5430  DIHED      =      1376.1854
 UB     =         0.0000  IMP     =         0.0000  CMAP       =       221.7014
 1-4 NB =      1024.5980  1-4 EEL =     15052.3430  VDWAALS    =     17035.8953
 EELEC  =   -182592.0824  EHBOND  =         0.0000  RESTRAINT  =         0.0000
 ------------------------------------------------------------------------------


 NSTEP =   520000   TIME(PS) =  471079.998  TEMP(K) =   312.51  PRESS =     0.0
 Etot   =   -113209.0679  EKtot   =     31789.5820  EPtot      =   -144998.6499
 BOND   =       826.4433  ANGLE   =      2197.5325  DIHED      =      1333.4449
 UB     =         0.0000  IMP     =         0.0000  CMAP       =       235.1120
 1-4 NB =      1004.8000  1-4 EEL =     15188.7644  VDWAALS    =     17432.3797
 EELEC  =   -183217.1267  EHBOND  =         0.0000  RESTRAINT  =         0.0000
 ------------------------------------------------------------------------------


 NSTEP =   540000   TIME(PS) =  471119.998  TEMP(K) =   311.49  PRESS =     0.0
 Etot   =   -113446.7257  EKtot   =     31685.3496  EPtot      =   -145132.0753
 BOND   =       812.5879  ANGLE   =      2167.4250  DIHED      =      1326.4454
 UB     =         0.0000  IMP     =         0.0000  CMAP       =       221.9966
 1-4 NB =      1001.5657  1-4 EEL =     15114.4334  VDWAALS    =     17352.2888
 EELEC  =   -183128.8183  EHBOND  =         0.0000  RESTRAINT  =         0.0000
 ------------------------------------------------------------------------------


 NSTEP =   560000   TIME(PS) =  471159.998  TEMP(K) =   311.33  PRESS =     0.0
 Etot   =   -113492.8367  EKtot   =     31669.4258  EPtot      =   -145162.2625
 BOND   =       886.7219  ANGLE   =      2209.5309  DIHED      =      1372.9045
 UB     =         0.0000  IMP     =         0.0000  CMAP       =       213.8343
 1-4 NB =      1009.8421  1-4 EEL =     15116.6565  VDWAALS    =     17525.8432
 EELEC  =   -183497.5961  EHBOND  =         0.0000  RESTRAINT  =         0.0000
 ------------------------------------------------------------------------------


 NSTEP =   580000   TIME(PS) =  471199.998  TEMP(K) =   309.73  PRESS =     0.0
 Etot   =   -113885.3543  EKtot   =     31506.0605  EPtot      =   -145391.4148
 BOND   =       879.0871  ANGLE   =      2131.1862  DIHED      =      1355.9905
 UB     =         0.0000  IMP     =         0.0000  CMAP       =       211.1183
 1-4 NB =      1000.7188  1-4 EEL =     15133.3625  VDWAALS    =     17456.8911
 EELEC  =   -183559.7693  EHBOND  =         0.0000  RESTRAINT  =         0.0000
 ------------------------------------------------------------------------------


 NSTEP =   600000   TIME(PS) =  471239.998  TEMP(K) =   309.03  PRESS =     0.0
 Etot   =   -113563.8199  EKtot   =     31435.6582  EPtot      =   -144999.4781
 BOND   =       872.2965  ANGLE   =      2156.5738  DIHED      =      1380.6733
 UB     =         0.0000  IMP     =         0.0000  CMAP       =       214.2186
 1-4 NB =       997.8468  1-4 EEL =     15088.4094  VDWAALS    =     17268.5357
 EELEC  =   -182978.0322  EHBOND  =         0.0000  RESTRAINT  =         0.0000
 ------------------------------------------------------------------------------


 NSTEP =   620000   TIME(PS) =  471279.998  TEMP(K) =   309.61  PRESS =     0.0
 Etot   =   -113758.5629  EKtot   =     31494.0449  EPtot      =   -145252.6078
 BOND   =       828.1335  ANGLE   =      2106.9556  DIHED      =      1339.4969
 UB     =         0.0000  IMP     =         0.0000  CMAP       =       235.2189
 1-4 NB =      1007.8455  1-4 EEL =     15218.0446  VDWAALS    =     17251.2862
 EELEC  =   -183239.5890  EHBOND  =         0.0000  RESTRAINT  =         0.0000
 ------------------------------------------------------------------------------


 NSTEP =   640000   TIME(PS) =  471319.998  TEMP(K) =   308.63  PRESS =     0.0
 Etot   =   -113958.7205  EKtot   =     31394.8203  EPtot      =   -145353.5408
 BOND   =       845.8447  ANGLE   =      2103.9758  DIHED      =      1346.4793
 UB     =         0.0000  IMP     =         0.0000  CMAP       =       232.7006
 1-4 NB =      1002.9174  1-4 EEL =     15165.9541  VDWAALS    =     17030.8695
 EELEC  =   -183082.2822  EHBOND  =         0.0000  RESTRAINT  =         0.0000
 ------------------------------------------------------------------------------


 NSTEP =   660000   TIME(PS) =  471359.998  TEMP(K) =   310.55  PRESS =     0.0
 Etot   =   -113601.3927  EKtot   =     31589.9199  EPtot      =   -145191.3126
 BOND   =       885.5406  ANGLE   =      2108.3116  DIHED      =      1375.2443
 UB     =         0.0000  IMP     =         0.0000  CMAP       =       218.7558
 1-4 NB =       993.3566  1-4 EEL =     15196.3570  VDWAALS    =     17304.4214
 EELEC  =   -183273.3001  EHBOND  =         0.0000  RESTRAINT  =         0.0000
 ------------------------------------------------------------------------------


 NSTEP =   680000   TIME(PS) =  471399.998  TEMP(K) =   308.33  PRESS =     0.0
 Etot   =   -114081.5142  EKtot   =     31364.0117  EPtot      =   -145445.5259
 BOND   =       872.4755  ANGLE   =      2145.8040  DIHED      =      1371.4824
 UB     =         0.0000  IMP     =         0.0000  CMAP       =       226.3291
 1-4 NB =      1008.7414  1-4 EEL =     15149.4426  VDWAALS    =     17206.9307
 EELEC  =   -183426.7315  EHBOND  =         0.0000  RESTRAINT  =         0.0000
 ------------------------------------------------------------------------------


 NSTEP =   700000   TIME(PS) =  471439.998  TEMP(K) =   310.85  PRESS =     0.0
 Etot   =   -113494.4318  EKtot   =     31620.6582  EPtot      =   -145115.0900
 BOND   =       862.7604  ANGLE   =      2184.8989  DIHED      =      1342.5959
 UB     =         0.0000  IMP     =         0.0000  CMAP       =       221.6188
 1-4 NB =       999.6456  1-4 EEL =     15112.6413  VDWAALS    =     17126.1669
 EELEC  =   -182965.4178  EHBOND  =         0.0000  RESTRAINT  =         0.0000
 ------------------------------------------------------------------------------


 NSTEP =   720000   TIME(PS) =  471479.998  TEMP(K) =   309.40  PRESS =     0.0
 Etot   =   -113578.9507  EKtot   =     31473.0195  EPtot      =   -145051.9702
 BOND   =       833.5704  ANGLE   =      2118.4865  DIHED      =      1394.9654
 UB     =         0.0000  IMP     =         0.0000  CMAP       =       217.2151
 1-4 NB =      1015.7262  1-4 EEL =     15085.2907  VDWAALS    =     17358.6934
 EELEC  =   -183075.9181  EHBOND  =         0.0000  RESTRAINT  =         0.0000
 ------------------------------------------------------------------------------


 NSTEP =   740000   TIME(PS) =  471519.998  TEMP(K) =   310.85  PRESS =     0.0
 Etot   =   -113300.0412  EKtot   =     31620.0684  EPtot      =   -144920.1095
 BOND   =       878.4076  ANGLE   =      2138.6217  DIHED      =      1367.4238
 UB     =         0.0000  IMP     =         0.0000  CMAP       =       219.8231
 1-4 NB =       992.5136  1-4 EEL =     15036.9183  VDWAALS    =     17098.5894
 EELEC  =   -182652.4071  EHBOND  =         0.0000  RESTRAINT  =         0.0000
 ------------------------------------------------------------------------------


 NSTEP =   760000   TIME(PS) =  471559.998  TEMP(K) =   309.04  PRESS =     0.0
 Etot   =   -113856.7771  EKtot   =     31436.3516  EPtot      =   -145293.1286
 BOND   =       872.9111  ANGLE   =      2159.5809  DIHED      =      1352.5953
 UB     =         0.0000  IMP     =         0.0000  CMAP       =       223.8646
 1-4 NB =       999.4260  1-4 EEL =     15098.9735  VDWAALS    =     17179.9709
 EELEC  =   -183180.4509  EHBOND  =         0.0000  RESTRAINT  =         0.0000
 ------------------------------------------------------------------------------


 NSTEP =   780000   TIME(PS) =  471599.998  TEMP(K) =   311.10  PRESS =     0.0
 Etot   =   -113723.8639  EKtot   =     31645.4688  EPtot      =   -145369.3327
 BOND   =       856.7550  ANGLE   =      2120.3791  DIHED      =      1349.1597
 UB     =         0.0000  IMP     =         0.0000  CMAP       =       206.9360
 1-4 NB =      1008.7193  1-4 EEL =     15119.2642  VDWAALS    =     17459.4196
 EELEC  =   -183489.9658  EHBOND  =         0.0000  RESTRAINT  =         0.0000
 ------------------------------------------------------------------------------


 NSTEP =   800000   TIME(PS) =  471639.998  TEMP(K) =   309.48  PRESS =     0.0
 Etot   =   -113844.6810  EKtot   =     31481.5293  EPtot      =   -145326.2103
 BOND   =       857.4863  ANGLE   =      2214.0740  DIHED      =      1354.4854
 UB     =         0.0000  IMP     =         0.0000  CMAP       =       239.3976
 1-4 NB =       984.0597  1-4 EEL =     15069.4236  VDWAALS    =     17685.3284
 EELEC  =   -183730.4652  EHBOND  =         0.0000  RESTRAINT  =         0.0000
 ------------------------------------------------------------------------------


 NSTEP =   820000   TIME(PS) =  471679.998  TEMP(K) =   311.07  PRESS =     0.0
 Etot   =   -113613.1507  EKtot   =     31642.5898  EPtot      =   -145255.7405
 BOND   =       876.1449  ANGLE   =      2106.2562  DIHED      =      1317.4033
 UB     =         0.0000  IMP     =         0.0000  CMAP       =       213.9271
 1-4 NB =       994.6513  1-4 EEL =     15057.2512  VDWAALS    =     17096.1635
 EELEC  =   -182917.5380  EHBOND  =         0.0000  RESTRAINT  =         0.0000
 ------------------------------------------------------------------------------


 NSTEP =   840000   TIME(PS) =  471719.998  TEMP(K) =   306.16  PRESS =     0.0
 Etot   =   -114088.9829  EKtot   =     31143.3516  EPtot      =   -145232.3344
 BOND   =       851.2655  ANGLE   =      2126.2165  DIHED      =      1328.2689
 UB     =         0.0000  IMP     =         0.0000  CMAP       =       216.5504
 1-4 NB =      1013.4163  1-4 EEL =     15114.0696  VDWAALS    =     17215.5569
 EELEC  =   -183097.6784  EHBOND  =         0.0000  RESTRAINT  =         0.0000
 ------------------------------------------------------------------------------


 NSTEP =   860000   TIME(PS) =  471759.998  TEMP(K) =   311.59  PRESS =     0.0
 Etot   =   -113328.2553  EKtot   =     31695.3594  EPtot      =   -145023.6147
 BOND   =       865.1472  ANGLE   =      2141.1813  DIHED      =      1320.4822
 UB     =         0.0000  IMP     =         0.0000  CMAP       =       211.0798
 1-4 NB =       996.1254  1-4 EEL =     15080.2365  VDWAALS    =     17284.5649
 EELEC  =   -182922.4321  EHBOND  =         0.0000  RESTRAINT  =         0.0000
 ------------------------------------------------------------------------------


 NSTEP =   880000   TIME(PS) =  471799.998  TEMP(K) =   310.47  PRESS =     0.0
 Etot   =   -113752.6395  EKtot   =     31581.7871  EPtot      =   -145334.4267
 BOND   =       867.1451  ANGLE   =      2152.3382  DIHED      =      1355.0069
 UB     =         0.0000  IMP     =         0.0000  CMAP       =       242.4698
 1-4 NB =      1002.2339  1-4 EEL =     15088.0675  VDWAALS    =     17112.7308
 EELEC  =   -183154.4188  EHBOND  =         0.0000  RESTRAINT  =         0.0000
 ------------------------------------------------------------------------------


 NSTEP =   900000   TIME(PS) =  471839.998  TEMP(K) =   309.08  PRESS =     0.0
 Etot   =   -113890.0547  EKtot   =     31440.7695  EPtot      =   -145330.8243
 BOND   =       827.1707  ANGLE   =      2165.0599  DIHED      =      1336.0610
 UB     =         0.0000  IMP     =         0.0000  CMAP       =       232.2614
 1-4 NB =      1016.1735  1-4 EEL =     15140.7859  VDWAALS    =     17045.7020
 EELEC  =   -183094.0386  EHBOND  =         0.0000  RESTRAINT  =         0.0000
 ------------------------------------------------------------------------------


 NSTEP =   920000   TIME(PS) =  471879.998  TEMP(K) =   310.03  PRESS =     0.0
 Etot   =   -113539.4339  EKtot   =     31537.4668  EPtot      =   -145076.9007
 BOND   =       884.7860  ANGLE   =      2138.5788  DIHED      =      1343.4862
 UB     =         0.0000  IMP     =         0.0000  CMAP       =       229.6123
 1-4 NB =       980.0110  1-4 EEL =     15062.5705  VDWAALS    =     16920.7356
 EELEC  =   -182636.6812  EHBOND  =         0.0000  RESTRAINT  =         0.0000
 ------------------------------------------------------------------------------


 NSTEP =   940000   TIME(PS) =  471919.998  TEMP(K) =   311.38  PRESS =     0.0
 Etot   =   -113660.9304  EKtot   =     31674.0371  EPtot      =   -145334.9675
 BOND   =       870.2682  ANGLE   =      2061.1918  DIHED      =      1342.5881
 UB     =         0.0000  IMP     =         0.0000  CMAP       =       209.6380
 1-4 NB =       995.2089  1-4 EEL =     15107.7028  VDWAALS    =     17319.3783
 EELEC  =   -183240.9435  EHBOND  =         0.0000  RESTRAINT  =         0.0000
 ------------------------------------------------------------------------------


 NSTEP =   960000   TIME(PS) =  471959.998  TEMP(K) =   310.09  PRESS =     0.0
 Etot   =   -113615.5971  EKtot   =     31543.5156  EPtot      =   -145159.1127
 BOND   =       892.9953  ANGLE   =      2210.2216  DIHED      =      1355.0834
 UB     =         0.0000  IMP     =         0.0000  CMAP       =       212.9919
 1-4 NB =      1014.8390  1-4 EEL =     15149.8673  VDWAALS    =     17289.8957
 EELEC  =   -183285.0069  EHBOND  =         0.0000  RESTRAINT  =         0.0000
 ------------------------------------------------------------------------------


 NSTEP =   980000   TIME(PS) =  471999.998  TEMP(K) =   308.57  PRESS =     0.0
 Etot   =   -113835.4523  EKtot   =     31388.1543  EPtot      =   -145223.6066
 BOND   =       808.1712  ANGLE   =      2159.3964  DIHED      =      1360.7593
 UB     =         0.0000  IMP     =         0.0000  CMAP       =       222.8496
 1-4 NB =       994.3252  1-4 EEL =     15128.3548  VDWAALS    =     17495.9683
 EELEC  =   -183393.4315  EHBOND  =         0.0000  RESTRAINT  =         0.0000
 ------------------------------------------------------------------------------


 NSTEP =  1000000   TIME(PS) =  472039.998  TEMP(K) =   308.55  PRESS =     0.0
 Etot   =   -113769.3500  EKtot   =     31386.8574  EPtot      =   -145156.2074
 BOND   =       834.2572  ANGLE   =      2121.2788  DIHED      =      1346.4266
 UB     =         0.0000  IMP     =         0.0000  CMAP       =       230.9054
 1-4 NB =       997.2833  1-4 EEL =     15097.1036  VDWAALS    =     17344.4191
 EELEC  =   -183127.8813  EHBOND  =         0.0000  RESTRAINT  =         0.0000
 ------------------------------------------------------------------------------


 NSTEP =  1020000   TIME(PS) =  472079.998  TEMP(K) =   307.68  PRESS =     0.0
 Etot   =   -113660.4008  EKtot   =     31297.5527  EPtot      =   -144957.9535
 BOND   =       842.8982  ANGLE   =      2148.8410  DIHED      =      1357.2773
 UB     =         0.0000  IMP     =         0.0000  CMAP       =       205.6686
 1-4 NB =      1026.0692  1-4 EEL =     15115.2122  VDWAALS    =     17105.1703
 EELEC  =   -182759.0903  EHBOND  =         0.0000  RESTRAINT  =         0.0000
 ------------------------------------------------------------------------------


 NSTEP =  1040000   TIME(PS) =  472119.998  TEMP(K) =   308.60  PRESS =     0.0
 Etot   =   -114044.8035  EKtot   =     31391.5645  EPtot      =   -145436.3680
 BOND   =       866.3606  ANGLE   =      2123.0648  DIHED      =      1308.4266
 UB     =         0.0000  IMP     =         0.0000  CMAP       =       250.9215
 1-4 NB =       989.0050  1-4 EEL =     15103.7410  VDWAALS    =     17446.9288
 EELEC  =   -183524.8163  EHBOND  =         0.0000  RESTRAINT  =         0.0000
 ------------------------------------------------------------------------------


 NSTEP =  1060000   TIME(PS) =  472159.998  TEMP(K) =   310.44  PRESS =     0.0
 Etot   =   -113556.1406  EKtot   =     31578.3555  EPtot      =   -145134.4961
 BOND   =       873.4790  ANGLE   =      2164.0673  DIHED      =      1336.6079
 UB     =         0.0000  IMP     =         0.0000  CMAP       =       226.5067
 1-4 NB =       987.7552  1-4 EEL =     15016.9971  VDWAALS    =     17468.9891
 EELEC  =   -183208.8984  EHBOND  =         0.0000  RESTRAINT  =         0.0000
 ------------------------------------------------------------------------------


 NSTEP =  1080000   TIME(PS) =  472199.998  TEMP(K) =   309.52  PRESS =     0.0
 Etot   =   -113744.0785  EKtot   =     31485.5449  EPtot      =   -145229.6234
 BOND   =       831.3847  ANGLE   =      2208.5239  DIHED      =      1338.2048
 UB     =         0.0000  IMP     =         0.0000  CMAP       =       229.0555
 1-4 NB =      1011.0847  1-4 EEL =     15015.1559  VDWAALS    =     17217.7971
 EELEC  =   -183080.8300  EHBOND  =         0.0000  RESTRAINT  =         0.0000
 ------------------------------------------------------------------------------


 NSTEP =  1100000   TIME(PS) =  472239.998  TEMP(K) =   309.01  PRESS =     0.0
 Etot   =   -113920.0808  EKtot   =     31433.6660  EPtot      =   -145353.7468
 BOND   =       866.5613  ANGLE   =      2230.6030  DIHED      =      1317.7488
 UB     =         0.0000  IMP     =         0.0000  CMAP       =       214.5613
 1-4 NB =       975.9080  1-4 EEL =     15026.2586  VDWAALS    =     17415.6074
 EELEC  =   -183400.9951  EHBOND  =         0.0000  RESTRAINT  =         0.0000
 ------------------------------------------------------------------------------


 NSTEP =  1120000   TIME(PS) =  472279.998  TEMP(K) =   311.10  PRESS =     0.0
 Etot   =   -113921.7060  EKtot   =     31646.1191  EPtot      =   -145567.8252
 BOND   =       851.2786  ANGLE   =      2086.5391  DIHED      =      1367.4039
 UB     =         0.0000  IMP     =         0.0000  CMAP       =       221.8203
 1-4 NB =       991.8176  1-4 EEL =     15141.3327  VDWAALS    =     17344.1448
 EELEC  =   -183572.1621  EHBOND  =         0.0000  RESTRAINT  =         0.0000
 ------------------------------------------------------------------------------


 NSTEP =  1140000   TIME(PS) =  472319.998  TEMP(K) =   308.51  PRESS =     0.0
 Etot   =   -113554.8747  EKtot   =     31381.9844  EPtot      =   -144936.8591
 BOND   =       849.5599  ANGLE   =      2165.0629  DIHED      =      1342.4432
 UB     =         0.0000  IMP     =         0.0000  CMAP       =       227.0544
 1-4 NB =      1005.9675  1-4 EEL =     15074.9195  VDWAALS    =     17157.6097
 EELEC  =   -182759.4761  EHBOND  =         0.0000  RESTRAINT  =         0.0000
 ------------------------------------------------------------------------------


 NSTEP =  1160000   TIME(PS) =  472359.998  TEMP(K) =   309.05  PRESS =     0.0
 Etot   =   -113966.1876  EKtot   =     31437.4805  EPtot      =   -145403.6681
 BOND   =       826.4367  ANGLE   =      2178.9959  DIHED      =      1359.9573
 UB     =         0.0000  IMP     =         0.0000  CMAP       =       225.9226
 1-4 NB =      1011.1939  1-4 EEL =     15088.9852  VDWAALS    =     17605.7062
 EELEC  =   -183700.8659  EHBOND  =         0.0000  RESTRAINT  =         0.0000
 ------------------------------------------------------------------------------


 NSTEP =  1180000   TIME(PS) =  472399.998  TEMP(K) =   310.58  PRESS =     0.0
 Etot   =   -113701.8858  EKtot   =     31593.1504  EPtot      =   -145295.0362
 BOND   =       858.5861  ANGLE   =      2090.5329  DIHED      =      1307.1118
 UB     =         0.0000  IMP     =         0.0000  CMAP       =       231.6584
 1-4 NB =       957.5463  1-4 EEL =     15083.0530  VDWAALS    =     17242.2199
 EELEC  =   -183065.7445  EHBOND  =         0.0000  RESTRAINT  =         0.0000
 ------------------------------------------------------------------------------


 NSTEP =  1200000   TIME(PS) =  472439.998  TEMP(K) =   309.87  PRESS =     0.0
 Etot   =   -113647.9445  EKtot   =     31520.6211  EPtot      =   -145168.5656
 BOND   =       888.4810  ANGLE   =      2041.4743  DIHED      =      1335.6818
 UB     =         0.0000  IMP     =         0.0000  CMAP       =       203.9431
 1-4 NB =       999.7575  1-4 EEL =     15106.2752  VDWAALS    =     17484.2183
 EELEC  =   -183228.3969  EHBOND  =         0.0000  RESTRAINT  =         0.0000
 ------------------------------------------------------------------------------


 NSTEP =  1220000   TIME(PS) =  472479.998  TEMP(K) =   309.73  PRESS =     0.0
 Etot   =   -113658.2566  EKtot   =     31505.9941  EPtot      =   -145164.2508
 BOND   =       857.1437  ANGLE   =      2164.6014  DIHED      =      1326.6535
 UB     =         0.0000  IMP     =         0.0000  CMAP       =       230.5000
 1-4 NB =       988.6911  1-4 EEL =     15103.1560  VDWAALS    =     17407.3100
 EELEC  =   -183242.3065  EHBOND  =         0.0000  RESTRAINT  =         0.0000
 ------------------------------------------------------------------------------


 NSTEP =  1240000   TIME(PS) =  472519.998  TEMP(K) =   310.64  PRESS =     0.0
 Etot   =   -113664.1202  EKtot   =     31598.7344  EPtot      =   -145262.8546
 BOND   =       887.1734  ANGLE   =      2082.8689  DIHED      =      1309.1827
 UB     =         0.0000  IMP     =         0.0000  CMAP       =       234.0506
 1-4 NB =       997.0533  1-4 EEL =     15089.6775  VDWAALS    =     17303.4441
 EELEC  =   -183166.3051  EHBOND  =         0.0000  RESTRAINT  =         0.0000
 ------------------------------------------------------------------------------


 NSTEP =  1260000   TIME(PS) =  472559.998  TEMP(K) =   311.46  PRESS =     0.0
 Etot   =   -113270.2294  EKtot   =     31682.3555  EPtot      =   -144952.5848
 BOND   =       882.2868  ANGLE   =      2131.2741  DIHED      =      1378.2863
 UB     =         0.0000  IMP     =         0.0000  CMAP       =       223.6678
 1-4 NB =      1012.5725  1-4 EEL =     15114.4992  VDWAALS    =     16920.2654
 EELEC  =   -182615.4369  EHBOND  =         0.0000  RESTRAINT  =         0.0000
 ------------------------------------------------------------------------------


 NSTEP =  1280000   TIME(PS) =  472599.998  TEMP(K) =   309.16  PRESS =     0.0
 Etot   =   -113868.8770  EKtot   =     31447.9766  EPtot      =   -145316.8536
 BOND   =       827.2368  ANGLE   =      2176.8546  DIHED      =      1352.9771
 UB     =         0.0000  IMP     =         0.0000  CMAP       =       223.5360
 1-4 NB =       998.9133  1-4 EEL =     15086.4179  VDWAALS    =     16968.8733
 EELEC  =   -182951.6626  EHBOND  =         0.0000  RESTRAINT  =         0.0000
 ------------------------------------------------------------------------------


 NSTEP =  1300000   TIME(PS) =  472639.998  TEMP(K) =   312.25  PRESS =     0.0
 Etot   =   -113677.0907  EKtot   =     31763.1191  EPtot      =   -145440.2098
 BOND   =       893.3102  ANGLE   =      2164.5954  DIHED      =      1344.1221
 UB     =         0.0000  IMP     =         0.0000  CMAP       =       222.1326
 1-4 NB =      1004.9632  1-4 EEL =     14960.6642  VDWAALS    =     17467.6011
 EELEC  =   -183497.5985  EHBOND  =         0.0000  RESTRAINT  =         0.0000
 ------------------------------------------------------------------------------


 NSTEP =  1320000   TIME(PS) =  472679.998  TEMP(K) =   309.48  PRESS =     0.0
 Etot   =   -114037.7799  EKtot   =     31481.2090  EPtot      =   -145518.9889
 BOND   =       881.5958  ANGLE   =      2128.8143  DIHED      =      1358.4281
 UB     =         0.0000  IMP     =         0.0000  CMAP       =       225.3930
 1-4 NB =       991.2836  1-4 EEL =     15063.9884  VDWAALS    =     17516.1450
 EELEC  =   -183684.6372  EHBOND  =         0.0000  RESTRAINT  =         0.0000
 ------------------------------------------------------------------------------


 NSTEP =  1340000   TIME(PS) =  472719.998  TEMP(K) =   309.22  PRESS =     0.0
 Etot   =   -114104.1978  EKtot   =     31454.2793  EPtot      =   -145558.4771
 BOND   =       850.0141  ANGLE   =      2097.8293  DIHED      =      1318.5092
 UB     =         0.0000  IMP     =         0.0000  CMAP       =       221.6557
 1-4 NB =       978.6716  1-4 EEL =     15059.6777  VDWAALS    =     17444.4435
 EELEC  =   -183529.2783  EHBOND  =         0.0000  RESTRAINT  =         0.0000
 ------------------------------------------------------------------------------


 NSTEP =  1360000   TIME(PS) =  472759.998  TEMP(K) =   309.60  PRESS =     0.0
 Etot   =   -113624.4183  EKtot   =     31493.3574  EPtot      =   -145117.7757
 BOND   =       880.0269  ANGLE   =      2126.6212  DIHED      =      1307.3994
 UB     =         0.0000  IMP     =         0.0000  CMAP       =       233.8881
 1-4 NB =       991.4478  1-4 EEL =     14953.8556  VDWAALS    =     16997.7791
 EELEC  =   -182608.7939  EHBOND  =         0.0000  RESTRAINT  =         0.0000
 ------------------------------------------------------------------------------


 NSTEP =  1380000   TIME(PS) =  472799.998  TEMP(K) =   310.90  PRESS =     0.0
 Etot   =   -113751.7388  EKtot   =     31625.1973  EPtot      =   -145376.9360
 BOND   =       846.4426  ANGLE   =      2195.2065  DIHED      =      1357.0912
 UB     =         0.0000  IMP     =         0.0000  CMAP       =       206.0091
 1-4 NB =       988.0677  1-4 EEL =     15043.6909  VDWAALS    =     16957.2982
 EELEC  =   -182970.7422  EHBOND  =         0.0000  RESTRAINT  =         0.0000
 ------------------------------------------------------------------------------


 NSTEP =  1400000   TIME(PS) =  472839.998  TEMP(K) =   311.63  PRESS =     0.0
 Etot   =   -113320.3004  EKtot   =     31699.4844  EPtot      =   -145019.7848
 BOND   =       871.0732  ANGLE   =      2108.0083  DIHED      =      1346.6121
 UB     =         0.0000  IMP     =         0.0000  CMAP       =       220.3078
 1-4 NB =       993.2269  1-4 EEL =     15035.4950  VDWAALS    =     17434.0625
 EELEC  =   -183028.5706  EHBOND  =         0.0000  RESTRAINT  =         0.0000
 ------------------------------------------------------------------------------


 NSTEP =  1420000   TIME(PS) =  472879.998  TEMP(K) =   310.67  PRESS =     0.0
 Etot   =   -113707.8035  EKtot   =     31601.8496  EPtot      =   -145309.6532
 BOND   =       900.7079  ANGLE   =      2159.1931  DIHED      =      1346.7684
 UB     =         0.0000  IMP     =         0.0000  CMAP       =       216.6107
 1-4 NB =       982.7501  1-4 EEL =     15054.2484  VDWAALS    =     17399.0152
 EELEC  =   -183368.9469  EHBOND  =         0.0000  RESTRAINT  =         0.0000
 ------------------------------------------------------------------------------


 NSTEP =  1440000   TIME(PS) =  472919.998  TEMP(K) =   309.63  PRESS =     0.0
 Etot   =   -113526.4858  EKtot   =     31496.6777  EPtot      =   -145023.1635
 BOND   =       848.4142  ANGLE   =      2132.2959  DIHED      =      1311.7459
 UB     =         0.0000  IMP     =         0.0000  CMAP       =       233.3763
 1-4 NB =      1003.9054  1-4 EEL =     15058.1168  VDWAALS    =     17049.9174
 EELEC  =   -182660.9354  EHBOND  =         0.0000  RESTRAINT  =         0.0000
 ------------------------------------------------------------------------------


 NSTEP =  1460000   TIME(PS) =  472959.998  TEMP(K) =   309.37  PRESS =     0.0
 Etot   =   -113909.1109  EKtot   =     31470.3125  EPtot      =   -145379.4234
 BOND   =       850.8744  ANGLE   =      2131.5085  DIHED      =      1385.8484
 UB     =         0.0000  IMP     =         0.0000  CMAP       =       213.9428
 1-4 NB =      1000.9119  1-4 EEL =     15021.8372  VDWAALS    =     17149.5797
 EELEC  =   -183133.9263  EHBOND  =         0.0000  RESTRAINT  =         0.0000
 ------------------------------------------------------------------------------


 NSTEP =  1480000   TIME(PS) =  472999.998  TEMP(K) =   311.88  PRESS =     0.0
 Etot   =   -113500.9111  EKtot   =     31725.3945  EPtot      =   -145226.3056
 BOND   =       866.6269  ANGLE   =      2195.5730  DIHED      =      1342.2998
 UB     =         0.0000  IMP     =         0.0000  CMAP       =       225.6457
 1-4 NB =      1001.2873  1-4 EEL =     15039.6288  VDWAALS    =     17182.1241
 EELEC  =   -183079.4913  EHBOND  =         0.0000  RESTRAINT  =         0.0000
 ------------------------------------------------------------------------------


 NSTEP =  1500000   TIME(PS) =  473039.998  TEMP(K) =   310.98  PRESS =     0.0
 Etot   =   -113528.8828  EKtot   =     31633.2285  EPtot      =   -145162.1113
 BOND   =       828.8003  ANGLE   =      2112.2739  DIHED      =      1359.2531
 UB     =         0.0000  IMP     =         0.0000  CMAP       =       220.8480
 1-4 NB =      1007.1508  1-4 EEL =     14987.7096  VDWAALS    =     17225.6711
 EELEC  =   -182903.8182  EHBOND  =         0.0000  RESTRAINT  =         0.0000
 ------------------------------------------------------------------------------


 NSTEP =  1520000   TIME(PS) =  473079.998  TEMP(K) =   311.14  PRESS =     0.0
 Etot   =   -113772.1619  EKtot   =     31650.3828  EPtot      =   -145422.5447
 BOND   =       845.1031  ANGLE   =      2113.2724  DIHED      =      1351.4422
 UB     =         0.0000  IMP     =         0.0000  CMAP       =       225.6488
 1-4 NB =      1014.6307  1-4 EEL =     15059.5870  VDWAALS    =     17351.9632
 EELEC  =   -183384.1920  EHBOND  =         0.0000  RESTRAINT  =         0.0000
 ------------------------------------------------------------------------------


 NSTEP =  1540000   TIME(PS) =  473119.998  TEMP(K) =   312.30  PRESS =     0.0
 Etot   =   -113442.5974  EKtot   =     31767.9219  EPtot      =   -145210.5192
 BOND   =       864.2020  ANGLE   =      2120.4085  DIHED      =      1325.3964
 UB     =         0.0000  IMP     =         0.0000  CMAP       =       218.7697
 1-4 NB =       988.3443  1-4 EEL =     15048.2012  VDWAALS    =     17214.8919
 EELEC  =   -182990.7332  EHBOND  =         0.0000  RESTRAINT  =         0.0000
 ------------------------------------------------------------------------------


 NSTEP =  1560000   TIME(PS) =  473159.998  TEMP(K) =   310.09  PRESS =     0.0
 Etot   =   -113900.3916  EKtot   =     31542.6504  EPtot      =   -145443.0420
 BOND   =       822.4915  ANGLE   =      2187.4436  DIHED      =      1374.8417
 UB     =         0.0000  IMP     =         0.0000  CMAP       =       206.7884
 1-4 NB =      1006.1322  1-4 EEL =     15041.4421  VDWAALS    =     17398.4707
 EELEC  =   -183480.6521  EHBOND  =         0.0000  RESTRAINT  =         0.0000
 ------------------------------------------------------------------------------


 NSTEP =  1580000   TIME(PS) =  473199.998  TEMP(K) =   308.80  PRESS =     0.0
 Etot   =   -113311.5875  EKtot   =     31411.8203  EPtot      =   -144723.4078
 BOND   =       885.6835  ANGLE   =      2156.1846  DIHED      =      1372.9337
 UB     =         0.0000  IMP     =         0.0000  CMAP       =       216.4714
 1-4 NB =       971.0892  1-4 EEL =     15028.3671  VDWAALS    =     17071.5694
 EELEC  =   -182425.7068  EHBOND  =         0.0000  RESTRAINT  =         0.0000
 ------------------------------------------------------------------------------


 NSTEP =  1600000   TIME(PS) =  473239.998  TEMP(K) =   308.05  PRESS =     0.0
 Etot   =   -113980.6344  EKtot   =     31335.8809  EPtot      =   -145316.5152
 BOND   =       847.1273  ANGLE   =      2185.8836  DIHED      =      1299.7704
 UB     =         0.0000  IMP     =         0.0000  CMAP       =       218.4323
 1-4 NB =       990.6366  1-4 EEL =     15061.5635  VDWAALS    =     17137.9968
 EELEC  =   -183057.9257  EHBOND  =         0.0000  RESTRAINT  =         0.0000
 ------------------------------------------------------------------------------


 NSTEP =  1620000   TIME(PS) =  473279.998  TEMP(K) =   309.77  PRESS =     0.0
 Etot   =   -113852.1234  EKtot   =     31510.5352  EPtot      =   -145362.6586
 BOND   =       846.6570  ANGLE   =      2148.7827  DIHED      =      1348.4958
 UB     =         0.0000  IMP     =         0.0000  CMAP       =       194.4718
 1-4 NB =       992.6761  1-4 EEL =     15018.0020  VDWAALS    =     17159.4818
 EELEC  =   -183071.2259  EHBOND  =         0.0000  RESTRAINT  =         0.0000
 ------------------------------------------------------------------------------


 NSTEP =  1640000   TIME(PS) =  473319.998  TEMP(K) =   309.26  PRESS =     0.0
 Etot   =   -113690.5692  EKtot   =     31458.2559  EPtot      =   -145148.8251
 BOND   =       863.5783  ANGLE   =      2090.8283  DIHED      =      1385.3624
 UB     =         0.0000  IMP     =         0.0000  CMAP       =       210.7550
 1-4 NB =      1019.9968  1-4 EEL =     15099.3217  VDWAALS    =     17450.1913
 EELEC  =   -183268.8588  EHBOND  =         0.0000  RESTRAINT  =         0.0000
 ------------------------------------------------------------------------------


 NSTEP =  1660000   TIME(PS) =  473359.998  TEMP(K) =   308.37  PRESS =     0.0
 Etot   =   -113525.1968  EKtot   =     31368.4941  EPtot      =   -144893.6909
 BOND   =       880.9970  ANGLE   =      2168.4378  DIHED      =      1327.9996
 UB     =         0.0000  IMP     =         0.0000  CMAP       =       210.8991
 1-4 NB =       975.1211  1-4 EEL =     15053.0093  VDWAALS    =     16953.6748
 EELEC  =   -182463.8298  EHBOND  =         0.0000  RESTRAINT  =         0.0000
 ------------------------------------------------------------------------------


 NSTEP =  1680000   TIME(PS) =  473399.998  TEMP(K) =   310.21  PRESS =     0.0
 Etot   =   -113651.1995  EKtot   =     31555.2949  EPtot      =   -145206.4944
 BOND   =       819.3107  ANGLE   =      2178.0258  DIHED      =      1351.6785
 UB     =         0.0000  IMP     =         0.0000  CMAP       =       207.2036
 1-4 NB =       993.4149  1-4 EEL =     15036.5723  VDWAALS    =     17630.1914
 EELEC  =   -183422.8915  EHBOND  =         0.0000  RESTRAINT  =         0.0000
 ------------------------------------------------------------------------------


 NSTEP =  1700000   TIME(PS) =  473439.998  TEMP(K) =   309.24  PRESS =     0.0
 Etot   =   -113735.7575  EKtot   =     31456.2031  EPtot      =   -145191.9607
 BOND   =       878.8843  ANGLE   =      2133.2442  DIHED      =      1311.8725
 UB     =         0.0000  IMP     =         0.0000  CMAP       =       205.3111
 1-4 NB =      1010.7823  1-4 EEL =     15062.0686  VDWAALS    =     17218.3366
 EELEC  =   -183012.4602  EHBOND  =         0.0000  RESTRAINT  =         0.0000
 ------------------------------------------------------------------------------


 NSTEP =  1720000   TIME(PS) =  473479.998  TEMP(K) =   311.28  PRESS =     0.0
 Etot   =   -113343.0828  EKtot   =     31663.8418  EPtot      =   -145006.9246
 BOND   =       870.6582  ANGLE   =      2112.1872  DIHED      =      1376.8355
 UB     =         0.0000  IMP     =         0.0000  CMAP       =       209.0679
 1-4 NB =      1027.0516  1-4 EEL =     15085.2884  VDWAALS    =     17105.0349
 EELEC  =   -182793.0484  EHBOND  =         0.0000  RESTRAINT  =         0.0000
 ------------------------------------------------------------------------------


 NSTEP =  1740000   TIME(PS) =  473519.998  TEMP(K) =   309.05  PRESS =     0.0
 Etot   =   -113592.8553  EKtot   =     31437.6191  EPtot      =   -145030.4745
 BOND   =       868.4807  ANGLE   =      2131.1451  DIHED      =      1325.1242
 UB     =         0.0000  IMP     =         0.0000  CMAP       =       208.8900
 1-4 NB =      1003.0296  1-4 EEL =     15020.4536  VDWAALS    =     17344.8270
 EELEC  =   -182932.4244  EHBOND  =         0.0000  RESTRAINT  =         0.0000
 ------------------------------------------------------------------------------


 NSTEP =  1760000   TIME(PS) =  473559.998  TEMP(K) =   309.17  PRESS =     0.0
 Etot   =   -113989.8217  EKtot   =     31449.3047  EPtot      =   -145439.1264
 BOND   =       841.8396  ANGLE   =      2082.2433  DIHED      =      1328.0724
 UB     =         0.0000  IMP     =         0.0000  CMAP       =       223.8307
 1-4 NB =       997.6443  1-4 EEL =     15082.2316  VDWAALS    =     17396.7471
 EELEC  =   -183391.7354  EHBOND  =         0.0000  RESTRAINT  =         0.0000
 ------------------------------------------------------------------------------


 NSTEP =  1780000   TIME(PS) =  473599.998  TEMP(K) =   311.65  PRESS =     0.0
 Etot   =   -113636.3229  EKtot   =     31701.3301  EPtot      =   -145337.6530
 BOND   =       841.2892  ANGLE   =      2085.5333  DIHED      =      1346.0189
 UB     =         0.0000  IMP     =         0.0000  CMAP       =       238.7574
 1-4 NB =      1007.3457  1-4 EEL =     15055.1209  VDWAALS    =     17247.5143
 EELEC  =   -183159.2328  EHBOND  =         0.0000  RESTRAINT  =         0.0000
 ------------------------------------------------------------------------------


 NSTEP =  1800000   TIME(PS) =  473639.998  TEMP(K) =   312.84  PRESS =     0.0
 Etot   =   -113225.4831  EKtot   =     31822.3262  EPtot      =   -145047.8093
 BOND   =       908.1996  ANGLE   =      2106.4324  DIHED      =      1347.8951
 UB     =         0.0000  IMP     =         0.0000  CMAP       =       214.1283
 1-4 NB =      1049.8776  1-4 EEL =     15058.4262  VDWAALS    =     17012.3701
 EELEC  =   -182745.1385  EHBOND  =         0.0000  RESTRAINT  =         0.0000
 ------------------------------------------------------------------------------


 NSTEP =  1820000   TIME(PS) =  473679.998  TEMP(K) =   310.08  PRESS =     0.0
 Etot   =   -113456.0816  EKtot   =     31542.0098  EPtot      =   -144998.0914
 BOND   =       855.2901  ANGLE   =      2180.2814  DIHED      =      1339.0758
 UB     =         0.0000  IMP     =         0.0000  CMAP       =       225.3880
 1-4 NB =      1002.4591  1-4 EEL =     15112.5671  VDWAALS    =     17342.5504
 EELEC  =   -183055.7032  EHBOND  =         0.0000  RESTRAINT  =         0.0000
 ------------------------------------------------------------------------------


 NSTEP =  1840000   TIME(PS) =  473719.998  TEMP(K) =   309.21  PRESS =     0.0
 Etot   =   -113502.8862  EKtot   =     31453.7266  EPtot      =   -144956.6128
 BOND   =       855.7251  ANGLE   =      2127.6417  DIHED      =      1331.0027
 UB     =         0.0000  IMP     =         0.0000  CMAP       =       206.7237
 1-4 NB =       993.0638  1-4 EEL =     15069.4555  VDWAALS    =     17520.8936
 EELEC  =   -183061.1188  EHBOND  =         0.0000  RESTRAINT  =         0.0000
 ------------------------------------------------------------------------------


 NSTEP =  1860000   TIME(PS) =  473759.998  TEMP(K) =   311.83  PRESS =     0.0
 Etot   =   -113225.7407  EKtot   =     31719.9570  EPtot      =   -144945.6977
 BOND   =       847.6638  ANGLE   =      2154.0520  DIHED      =      1396.1923
 UB     =         0.0000  IMP     =         0.0000  CMAP       =       210.4765
 1-4 NB =      1013.9716  1-4 EEL =     15043.0337  VDWAALS    =     17438.5943
 EELEC  =   -183049.6819  EHBOND  =         0.0000  RESTRAINT  =         0.0000
 ------------------------------------------------------------------------------


 NSTEP =  1880000   TIME(PS) =  473799.998  TEMP(K) =   309.80  PRESS =     0.0
 Etot   =   -113878.4056  EKtot   =     31513.4883  EPtot      =   -145391.8939
 BOND   =       867.5949  ANGLE   =      2138.0680  DIHED      =      1318.1188
 UB     =         0.0000  IMP     =         0.0000  CMAP       =       214.3446
 1-4 NB =       968.1320  1-4 EEL =     14982.2234  VDWAALS    =     16975.3394
 EELEC  =   -182855.7150  EHBOND  =         0.0000  RESTRAINT  =         0.0000
 ------------------------------------------------------------------------------


 NSTEP =  1900000   TIME(PS) =  473839.998  TEMP(K) =   312.19  PRESS =     0.0
 Etot   =   -113664.0715  EKtot   =     31756.7539  EPtot      =   -145420.8254
 BOND   =       850.2369  ANGLE   =      2116.0048  DIHED      =      1320.4266
 UB     =         0.0000  IMP     =         0.0000  CMAP       =       223.4480
 1-4 NB =       990.1014  1-4 EEL =     15111.4106  VDWAALS    =     16953.5020
 EELEC  =   -182985.9556  EHBOND  =         0.0000  RESTRAINT  =         0.0000
 ------------------------------------------------------------------------------


 NSTEP =  1920000   TIME(PS) =  473879.998  TEMP(K) =   308.63  PRESS =     0.0
 Etot   =   -113871.6328  EKtot   =     31394.7305  EPtot      =   -145266.3633
 BOND   =       860.0898  ANGLE   =      2120.2879  DIHED      =      1308.7793
 UB     =         0.0000  IMP     =         0.0000  CMAP       =       232.7018
 1-4 NB =       998.6982  1-4 EEL =     15046.7484  VDWAALS    =     17294.6565
 EELEC  =   -183128.3251  EHBOND  =         0.0000  RESTRAINT  =         0.0000
 ------------------------------------------------------------------------------


 NSTEP =  1940000   TIME(PS) =  473919.998  TEMP(K) =   307.99  PRESS =     0.0
 Etot   =   -113783.3182  EKtot   =     31329.0293  EPtot      =   -145112.3475
 BOND   =       854.8243  ANGLE   =      2129.1723  DIHED      =      1324.5468
 UB     =         0.0000  IMP     =         0.0000  CMAP       =       238.5778
 1-4 NB =       993.1638  1-4 EEL =     14988.2868  VDWAALS    =     16779.7182
 EELEC  =   -182420.6376  EHBOND  =         0.0000  RESTRAINT  =         0.0000
 ------------------------------------------------------------------------------


 NSTEP =  1960000   TIME(PS) =  473959.998  TEMP(K) =   310.08  PRESS =     0.0
 Etot   =   -113545.8986  EKtot   =     31541.5703  EPtot      =   -145087.4689
 BOND   =       840.0891  ANGLE   =      2144.1006  DIHED      =      1310.7760
 UB     =         0.0000  IMP     =         0.0000  CMAP       =       222.1172
 1-4 NB =      1004.7003  1-4 EEL =     15017.6756  VDWAALS    =     17022.2718
 EELEC  =   -182649.1995  EHBOND  =         0.0000  RESTRAINT  =         0.0000
 ------------------------------------------------------------------------------


 NSTEP =  1980000   TIME(PS) =  473999.998  TEMP(K) =   310.78  PRESS =     0.0
 Etot   =   -113666.5126  EKtot   =     31613.0352  EPtot      =   -145279.5477
 BOND   =       881.3318  ANGLE   =      2098.6254  DIHED      =      1355.2717
 UB     =         0.0000  IMP     =         0.0000  CMAP       =       244.7022
 1-4 NB =       986.7184  1-4 EEL =     15042.1726  VDWAALS    =     17410.3800
 EELEC  =   -183298.7499  EHBOND  =         0.0000  RESTRAINT  =         0.0000
 ------------------------------------------------------------------------------


 NSTEP =  2000000   TIME(PS) =  474039.998  TEMP(K) =   311.16  PRESS =     0.0
 Etot   =   -113748.4188  EKtot   =     31651.4902  EPtot      =   -145399.9090
 BOND   =       860.6582  ANGLE   =      2085.1623  DIHED      =      1354.4199
 UB     =         0.0000  IMP     =         0.0000  CMAP       =       218.0825
 1-4 NB =      1012.0214  1-4 EEL =     15057.8613  VDWAALS    =     17270.5623
 EELEC  =   -183258.6770  EHBOND  =         0.0000  RESTRAINT  =         0.0000
 ------------------------------------------------------------------------------


 NSTEP =  2020000   TIME(PS) =  474079.998  TEMP(K) =   308.08  PRESS =     0.0
 Etot   =   -113789.2979  EKtot   =     31338.3477  EPtot      =   -145127.6455
 BOND   =       867.8223  ANGLE   =      2103.4704  DIHED      =      1364.5428
 UB     =         0.0000  IMP     =         0.0000  CMAP       =       212.6598
 1-4 NB =      1007.0454  1-4 EEL =     15118.0628  VDWAALS    =     17207.3384
 EELEC  =   -183008.5874  EHBOND  =         0.0000  RESTRAINT  =         0.0000
 ------------------------------------------------------------------------------


 NSTEP =  2040000   TIME(PS) =  474119.998  TEMP(K) =   308.78  PRESS =     0.0
 Etot   =   -113881.4911  EKtot   =     31409.8613  EPtot      =   -145291.3524
 BOND   =       850.2054  ANGLE   =      2199.8785  DIHED      =      1331.8300
 UB     =         0.0000  IMP     =         0.0000  CMAP       =       205.0637
 1-4 NB =      1006.4383  1-4 EEL =     15056.9732  VDWAALS    =     17184.4329
 EELEC  =   -183126.1743  EHBOND  =         0.0000  RESTRAINT  =         0.0000
 ------------------------------------------------------------------------------


 NSTEP =  2060000   TIME(PS) =  474159.998  TEMP(K) =   310.68  PRESS =     0.0
 Etot   =   -113423.7201  EKtot   =     31603.4043  EPtot      =   -145027.1244
 BOND   =       877.4141  ANGLE   =      2141.1874  DIHED      =      1332.2259
 UB     =         0.0000  IMP     =         0.0000  CMAP       =       225.1304
 1-4 NB =      1005.5062  1-4 EEL =     15049.8263  VDWAALS    =     17158.4851
 EELEC  =   -182816.8998  EHBOND  =         0.0000  RESTRAINT  =         0.0000
 ------------------------------------------------------------------------------


 NSTEP =  2080000   TIME(PS) =  474199.998  TEMP(K) =   310.07  PRESS =     0.0
 Etot   =   -113364.9752  EKtot   =     31541.0371  EPtot      =   -144906.0123
 BOND   =       875.7947  ANGLE   =      2147.8705  DIHED      =      1309.9478
 UB     =         0.0000  IMP     =         0.0000  CMAP       =       224.1243
 1-4 NB =      1016.3133  1-4 EEL =     15054.2713  VDWAALS    =     17109.1211
 EELEC  =   -182643.4552  EHBOND  =         0.0000  RESTRAINT  =         0.0000
 ------------------------------------------------------------------------------


 NSTEP =  2100000   TIME(PS) =  474239.998  TEMP(K) =   311.27  PRESS =     0.0
 Etot   =   -113508.9404  EKtot   =     31663.6055  EPtot      =   -145172.5459
 BOND   =       864.8151  ANGLE   =      2136.9443  DIHED      =      1328.6236
 UB     =         0.0000  IMP     =         0.0000  CMAP       =       214.4258
 1-4 NB =       998.3513  1-4 EEL =     15042.5616  VDWAALS    =     16930.9242
 EELEC  =   -182689.1919  EHBOND  =         0.0000  RESTRAINT  =         0.0000
 ------------------------------------------------------------------------------


 NSTEP =  2120000   TIME(PS) =  474279.998  TEMP(K) =   308.82  PRESS =     0.0
 Etot   =   -113495.2485  EKtot   =     31413.5664  EPtot      =   -144908.8149
 BOND   =       875.8706  ANGLE   =      2094.9511  DIHED      =      1364.7659
 UB     =         0.0000  IMP     =         0.0000  CMAP       =       221.2541
 1-4 NB =      1014.1746  1-4 EEL =     15083.6603  VDWAALS    =     17153.7418
 EELEC  =   -182717.2334  EHBOND  =         0.0000  RESTRAINT  =         0.0000
 ------------------------------------------------------------------------------


 NSTEP =  2140000   TIME(PS) =  474319.998  TEMP(K) =   309.03  PRESS =     0.0
 Etot   =   -113893.1164  EKtot   =     31435.3750  EPtot      =   -145328.4914
 BOND   =       865.7397  ANGLE   =      2129.8970  DIHED      =      1340.0330
 UB     =         0.0000  IMP     =         0.0000  CMAP       =       236.9545
 1-4 NB =       994.8338  1-4 EEL =     15080.0453  VDWAALS    =     17116.2064
 EELEC  =   -183092.2011  EHBOND  =         0.0000  RESTRAINT  =         0.0000
 ------------------------------------------------------------------------------


 NSTEP =  2160000   TIME(PS) =  474359.998  TEMP(K) =   312.05  PRESS =     0.0
 Etot   =   -113578.0360  EKtot   =     31742.8262  EPtot      =   -145320.8622
 BOND   =       859.3649  ANGLE   =      2084.4003  DIHED      =      1371.4674
 UB     =         0.0000  IMP     =         0.0000  CMAP       =       230.0183
 1-4 NB =      1026.7580  1-4 EEL =     15077.3524  VDWAALS    =     17398.2596
 EELEC  =   -183368.4831  EHBOND  =         0.0000  RESTRAINT  =         0.0000
 ------------------------------------------------------------------------------


 NSTEP =  2180000   TIME(PS) =  474399.998  TEMP(K) =   311.99  PRESS =     0.0
 Etot   =   -113572.5913  EKtot   =     31736.4473  EPtot      =   -145309.0386
 BOND   =       862.8057  ANGLE   =      2120.5927  DIHED      =      1325.2307
 UB     =         0.0000  IMP     =         0.0000  CMAP       =       239.4283
 1-4 NB =       981.3673  1-4 EEL =     15045.9348  VDWAALS    =     17483.0502
 EELEC  =   -183367.4483  EHBOND  =         0.0000  RESTRAINT  =         0.0000
 ------------------------------------------------------------------------------


 NSTEP =  2200000   TIME(PS) =  474439.998  TEMP(K) =   307.29  PRESS =     0.0
 Etot   =   -113993.5090  EKtot   =     31258.2031  EPtot      =   -145251.7121
 BOND   =       840.4701  ANGLE   =      2075.7363  DIHED      =      1367.6112
 UB     =         0.0000  IMP     =         0.0000  CMAP       =       232.2563
 1-4 NB =       995.3711  1-4 EEL =     15054.2543  VDWAALS    =     17123.9758
 EELEC  =   -182941.3872  EHBOND  =         0.0000  RESTRAINT  =         0.0000
 ------------------------------------------------------------------------------


 NSTEP =  2220000   TIME(PS) =  474479.998  TEMP(K) =   310.83  PRESS =     0.0
 Etot   =   -113506.3960  EKtot   =     31617.8789  EPtot      =   -145124.2749
 BOND   =       878.5754  ANGLE   =      2169.0079  DIHED      =      1345.6556
 UB     =         0.0000  IMP     =         0.0000  CMAP       =       233.2366
 1-4 NB =       988.2607  1-4 EEL =     15126.6761  VDWAALS    =     17508.3985
 EELEC  =   -183374.0857  EHBOND  =         0.0000  RESTRAINT  =         0.0000
 ------------------------------------------------------------------------------


 NSTEP =  2240000   TIME(PS) =  474519.998  TEMP(K) =   310.87  PRESS =     0.0
 Etot   =   -113314.4813  EKtot   =     31622.2031  EPtot      =   -144936.6844
 BOND   =       873.9338  ANGLE   =      2125.1856  DIHED      =      1345.4794
 UB     =         0.0000  IMP     =         0.0000  CMAP       =       231.3546
 1-4 NB =       997.3711  1-4 EEL =     15059.1243  VDWAALS    =     17424.8053
 EELEC  =   -182993.9385  EHBOND  =         0.0000  RESTRAINT  =         0.0000
 ------------------------------------------------------------------------------


 NSTEP =  2260000   TIME(PS) =  474559.998  TEMP(K) =   308.75  PRESS =     0.0
 Etot   =   -113776.4427  EKtot   =     31406.3203  EPtot      =   -145182.7630
 BOND   =       849.5396  ANGLE   =      2148.2445  DIHED      =      1320.7807
 UB     =         0.0000  IMP     =         0.0000  CMAP       =       235.5722
 1-4 NB =       983.0969  1-4 EEL =     15056.3215  VDWAALS    =     17514.2500
 EELEC  =   -183290.5685  EHBOND  =         0.0000  RESTRAINT  =         0.0000
 ------------------------------------------------------------------------------


 NSTEP =  2280000   TIME(PS) =  474599.998  TEMP(K) =   308.15  PRESS =     0.0
 Etot   =   -113548.4690  EKtot   =     31345.3242  EPtot      =   -144893.7932
 BOND   =       886.6421  ANGLE   =      2106.7114  DIHED      =      1357.9788
 UB     =         0.0000  IMP     =         0.0000  CMAP       =       226.5986
 1-4 NB =      1017.4987  1-4 EEL =     15064.1489  VDWAALS    =     17367.7651
 EELEC  =   -182921.1368  EHBOND  =         0.0000  RESTRAINT  =         0.0000
 ------------------------------------------------------------------------------


 NSTEP =  2300000   TIME(PS) =  474639.998  TEMP(K) =   308.94  PRESS =     0.0
 Etot   =   -114152.6223  EKtot   =     31425.6582  EPtot      =   -145578.2805
 BOND   =       862.7121  ANGLE   =      2111.3775  DIHED      =      1353.9739
 UB     =         0.0000  IMP     =         0.0000  CMAP       =       232.6413
 1-4 NB =      1001.4950  1-4 EEL =     15172.3820  VDWAALS    =     17295.2988
 EELEC  =   -183608.1610  EHBOND  =         0.0000  RESTRAINT  =         0.0000
 ------------------------------------------------------------------------------


 NSTEP =  2320000   TIME(PS) =  474679.998  TEMP(K) =   310.38  PRESS =     0.0
 Etot   =   -113899.4128  EKtot   =     31572.9062  EPtot      =   -145472.3191
 BOND   =       868.8812  ANGLE   =      2146.3059  DIHED      =      1324.9763
 UB     =         0.0000  IMP     =         0.0000  CMAP       =       233.2824
 1-4 NB =       997.8065  1-4 EEL =     15048.4636  VDWAALS    =     17229.1324
 EELEC  =   -183321.1675  EHBOND  =         0.0000  RESTRAINT  =         0.0000
 ------------------------------------------------------------------------------


 NSTEP =  2340000   TIME(PS) =  474719.998  TEMP(K) =   310.63  PRESS =     0.0
 Etot   =   -114149.1095  EKtot   =     31598.1602  EPtot      =   -145747.2696
 BOND   =       842.5708  ANGLE   =      2105.3914  DIHED      =      1333.5194
 UB     =         0.0000  IMP     =         0.0000  CMAP       =       224.1005
 1-4 NB =      1007.8857  1-4 EEL =     15057.0752  VDWAALS    =     17332.1218
 EELEC  =   -183649.9345  EHBOND  =         0.0000  RESTRAINT  =         0.0000
 ------------------------------------------------------------------------------


 NSTEP =  2360000   TIME(PS) =  474759.998  TEMP(K) =   310.63  PRESS =     0.0
 Etot   =   -113906.4609  EKtot   =     31597.6348  EPtot      =   -145504.0956
 BOND   =       900.0517  ANGLE   =      2143.6153  DIHED      =      1353.5948
 UB     =         0.0000  IMP     =         0.0000  CMAP       =       233.0255
 1-4 NB =       974.4330  1-4 EEL =     15049.0560  VDWAALS    =     17164.5299
 EELEC  =   -183322.4019  EHBOND  =         0.0000  RESTRAINT  =         0.0000
 ------------------------------------------------------------------------------


 NSTEP =  2380000   TIME(PS) =  474799.998  TEMP(K) =   307.59  PRESS =     0.0
 Etot   =   -113455.6592  EKtot   =     31288.9102  EPtot      =   -144744.5694
 BOND   =       824.2418  ANGLE   =      2203.7018  DIHED      =      1396.9727
 UB     =         0.0000  IMP     =         0.0000  CMAP       =       227.4612
 1-4 NB =      1015.2538  1-4 EEL =     15127.6629  VDWAALS    =     17108.3272
 EELEC  =   -182648.1908  EHBOND  =         0.0000  RESTRAINT  =         0.0000
 ------------------------------------------------------------------------------


 NSTEP =  2400000   TIME(PS) =  474839.998  TEMP(K) =   313.38  PRESS =     0.0
 Etot   =   -112998.3390  EKtot   =     31877.6152  EPtot      =   -144875.9543
 BOND   =       889.9539  ANGLE   =      2116.5844  DIHED      =      1347.1974
 UB     =         0.0000  IMP     =         0.0000  CMAP       =       216.4961
 1-4 NB =      1011.5146  1-4 EEL =     15122.1558  VDWAALS    =     16879.7559
 EELEC  =   -182459.6125  EHBOND  =         0.0000  RESTRAINT  =         0.0000
 ------------------------------------------------------------------------------


 NSTEP =  2420000   TIME(PS) =  474879.998  TEMP(K) =   311.42  PRESS =     0.0
 Etot   =   -113226.4809  EKtot   =     31678.6016  EPtot      =   -144905.0825
 BOND   =       861.1260  ANGLE   =      2180.4075  DIHED      =      1349.9492
 UB     =         0.0000  IMP     =         0.0000  CMAP       =       239.0967
 1-4 NB =       977.3669  1-4 EEL =     15032.3032  VDWAALS    =     17109.7033
 EELEC  =   -182655.0353  EHBOND  =         0.0000  RESTRAINT  =         0.0000
 ------------------------------------------------------------------------------


 NSTEP =  2440000   TIME(PS) =  474919.998  TEMP(K) =   311.20  PRESS =     0.0
 Etot   =   -113463.3956  EKtot   =     31656.2949  EPtot      =   -145119.6905
 BOND   =       856.7697  ANGLE   =      2147.4399  DIHED      =      1353.3061
 UB     =         0.0000  IMP     =         0.0000  CMAP       =       237.3567
 1-4 NB =      1009.9716  1-4 EEL =     15092.9207  VDWAALS    =     17462.0540
 EELEC  =   -183279.5092  EHBOND  =         0.0000  RESTRAINT  =         0.0000
 ------------------------------------------------------------------------------


 NSTEP =  2460000   TIME(PS) =  474959.998  TEMP(K) =   309.10  PRESS =     0.0
 Etot   =   -113916.3660  EKtot   =     31442.2148  EPtot      =   -145358.5808
 BOND   =       849.4385  ANGLE   =      2118.5685  DIHED      =      1306.2795
 UB     =         0.0000  IMP     =         0.0000  CMAP       =       216.5572
 1-4 NB =       991.3814  1-4 EEL =     15082.2124  VDWAALS    =     17435.4888
 EELEC  =   -183358.5071  EHBOND  =         0.0000  RESTRAINT  =         0.0000
 ------------------------------------------------------------------------------


 NSTEP =  2480000   TIME(PS) =  474999.998  TEMP(K) =   310.25  PRESS =     0.0
 Etot   =   -113721.1835  EKtot   =     31558.8535  EPtot      =   -145280.0370
 BOND   =       881.1743  ANGLE   =      2150.9581  DIHED      =      1357.1844
 UB     =         0.0000  IMP     =         0.0000  CMAP       =       210.5846
 1-4 NB =      1005.8006  1-4 EEL =     15025.1065  VDWAALS    =     17414.5871
 EELEC  =   -183325.4324  EHBOND  =         0.0000  RESTRAINT  =         0.0000
 ------------------------------------------------------------------------------


 NSTEP =  2500000   TIME(PS) =  475039.998  TEMP(K) =   311.27  PRESS =     0.0
 Etot   =   -113401.1195  EKtot   =     31662.9844  EPtot      =   -145064.1039
 BOND   =       897.0746  ANGLE   =      2172.7142  DIHED      =      1362.3996
 UB     =         0.0000  IMP     =         0.0000  CMAP       =       231.6536
 1-4 NB =       983.9414  1-4 EEL =     14991.1378  VDWAALS    =     17253.8724
 EELEC  =   -182956.8975  EHBOND  =         0.0000  RESTRAINT  =         0.0000
 ------------------------------------------------------------------------------


      A V E R A G E S   O V E R     125 S T E P S


 NSTEP =  2500000   TIME(PS) =  475039.998  TEMP(K) =   310.00  PRESS =     0.0
 Etot   =   -113664.6514  EKtot   =     31534.4318  EPtot      =   -145199.0832
 BOND   =       860.6170  ANGLE   =      2138.8589  DIHED      =      1344.8680
 UB     =         0.0000  IMP     =         0.0000  CMAP       =       223.1918
 1-4 NB =      1000.1122  1-4 EEL =     15074.0308  VDWAALS    =     17263.3064
 EELEC  =   -183104.0682  EHBOND  =         0.0000  RESTRAINT  =         0.0000
 ------------------------------------------------------------------------------


      R M S  F L U C T U A T I O N S


 NSTEP =  2500000   TIME(PS) =  475039.998  TEMP(K) =     1.33  PRESS =     0.0
 Etot   =       235.8124  EKtot   =       134.9270  EPtot      =       194.3530
 BOND   =        21.1022  ANGLE   =        36.9622  DIHED      =        22.2433
 UB     =         0.0000  IMP     =         0.0000  CMAP       =        10.9024
 1-4 NB =        13.1775  1-4 EEL =        45.1038  VDWAALS    =       190.3300
 EELEC  =       306.3591  EHBOND  =         0.0000  RESTRAINT  =         0.0000
 ------------------------------------------------------------------------------

--------------------------------------------------------------------------------
   5.  TIMINGS
--------------------------------------------------------------------------------

|  NonSetup CPU Time in Major Routines:
|
|     Routine           Sec        %
|     ------------------------------
|     Nonbond         139.85   15.64
|     Bond              0.00    0.00
|     Angle             0.00    0.00
|     Dihedral          0.00    0.00
|     Shake             9.65    1.08
|     RunMD           742.72   83.04
|     Other             2.18    0.24
|     ------------------------------
|     Total           894.41

|  PME Nonbond Pairlist CPU Time:
|
|     Routine              Sec        %
|     ---------------------------------
|     Set Up Cit           0.00    0.00
|     Build List           0.00    0.00
|     ---------------------------------
|     Total                0.00    0.00

|  PME Direct Force CPU Time:
|
|     Routine              Sec        %
|     ---------------------------------
|     NonBonded Calc       0.00    0.00
|     Exclude Masked       0.00    0.00
|     Other                1.38    0.15
|     ---------------------------------
|     Total                1.38    0.15

|  PME Reciprocal Force CPU Time:
|
|     Routine              Sec        %
|     ---------------------------------
|     1D bspline           0.00    0.00
|     Grid Charges         0.00    0.00
|     Scalar Sum           0.00    0.00
|     Gradient Sum         0.00    0.00
|     FFT                  0.00    0.00
|     ---------------------------------
|     Total                0.00    0.00

|  Final Performance Info:
|     -----------------------------------------------------
|     Average timings for last  140000 steps:
|     Elapsed(s) =      49.98 Per Step(ms) =       0.36
|         ns/day =     484.06   seconds/ns =     178.49
|
|     Average timings for all steps:
|     Elapsed(s) =     895.98 Per Step(ms) =       0.36
|         ns/day =     482.16   seconds/ns =     179.20
|     -----------------------------------------------------

|  Setup CPU time:            0.89 seconds
|  NonSetup CPU time:       894.41 seconds
|  Total CPU time:          895.30 seconds     0.25 hours

|  Setup wall time:           2    seconds
|  NonSetup wall time:      896    seconds
|  Total wall time:         898    seconds     0.25 hours
