
          -------------------------------------------------------
          Amber 24 PMEMD                              2024
          -------------------------------------------------------

| PMEMD implementation of SANDER, Release 24

|  Compiled date/time: Thu Apr  3 17:55:38 2025
| Run on 11/09/2025 at 13:03:13

|   Executable path: pmemd.cuda_SPFP
| Working directory: /rs1/researchers/h/hall/vtnguye4/Amber_restart/cappedP1L38M/mdsimP1L38M/newP1L38Mcapped_Simulation3
|          Hostname: gpu19

  [-O]verwriting output

File Assignments:
|   MDIN: /rs1/researchers/h/hall/vtnguye4/Amber_restart/cappedP1L38M/mdsimP1L38
|  MDOUT: ./OUT_Files/equil50.out                                               
| INPCRD: ./RST_Files/equil49.rst7                                              
|   PARM: ./PRMTOP_Files/newP1L38Mcapped.prmtop                                 
| RESTRT: ./RST_Files/equil50.rst7                                              
|   REFC: refc                                                                  
|  MDVEL: mdvel                                                                 
|   MDEN: mden                                                                  
|  MDCRD: ./nc_Files/equil50.nc                                                 
| MDINFO: mdinfo                                                                
|  MDFRC: mdfrc                                                                 


 Here is the input file:

!Stage equilibration 5ns                                                       
&cntrl                                                                         
imin=0, irest=1, ntx=5,                                                        
nstlim=2500000, dt=0.002,                                                      
ntc=2, ntf=2, ig=-1,                                                           
ntt=3, gamma_ln=2.0,                                                           
tempi=310.0, temp0=310.0,                                                      
ntxo=2, ioutfm=1,                                                              
ntpr=20000, ntwx=20000,                                                        
ntb=1,                                                                         
cut=9.0,                                                                       
iwrap=1,                                                                       
/                                                                              


Note: ig = -1. Setting random seed to   947131 based on wallclock time in 
      microseconds.
| irandom = 1, using AMBER's internal random number generator (default).
 
|--------------------- INFORMATION ----------------------
| GPU (CUDA) Version of PMEMD in use: NVIDIA GPU IN USE.
|                    Version 18.0.0
| 
|                      03/25/2018
| 
| Implementation by:
|                    Ross C. Walker     (SDSC)
|                    Scott Le Grand     (nVIDIA)
| 
| Version 18 performance extensions by:
|                    David Cerutti     (Rutgers)
| 
| Precision model in use:
|      [SPFP] - Single Precision Forces, 64-bit Fixed Point
|               Accumulation. (Default)
| 
|--------------------------------------------------------
 
|----------------- CITATION INFORMATION -----------------
|
|    When publishing work that utilized the CUDA version
|    of AMBER, please cite the following in addition to
|    the regular AMBER citations:
|
|  - Romelia Salomon-Ferrer; Andreas W. Goetz; Duncan
|    Poole; Scott Le Grand; Ross C. Walker "Routine
|    microsecond molecular dynamics simulations with
|    AMBER - Part II: Particle Mesh Ewald", J. Chem.
|    Theory Comput., 2013, 9 (9), pp3878-3888,
|    DOI: 10.1021/ct400314y.
|
|  - Andreas W. Goetz; Mark J. Williamson; Dong Xu;
|    Duncan Poole; Scott Le Grand; Ross C. Walker
|    "Routine microsecond molecular dynamics simulations
|    with AMBER - Part I: Generalized Born", J. Chem.
|    Theory Comput., 2012, 8 (5), pp1542-1555.
|
|  - Scott Le Grand; Andreas W. Goetz; Ross C. Walker
|    "SPFP: Speed without compromise - a mixed precision
|    model for GPU accelerated molecular dynamics
|    simulations.", Comp. Phys. Comm., 2013, 184
|    pp374-380, DOI: 10.1016/j.cpc.2012.09.022
|
|--------------------------------------------------------
 
|------------------- GPU DEVICE INFO --------------------
|
|            CUDA_VISIBLE_DEVICES: 0
|   CUDA Capable Devices Detected:      1
|           CUDA Device ID in use:      0
|                CUDA Device Name: NVIDIA L40S
|     CUDA Device Global Mem Size:  45487 MB
| CUDA Device Num Multiprocessors:    142
|           CUDA Device Core Freq:   2.52 GHz
|
|--------------------------------------------------------
 
 
| Conditional Compilation Defines Used:
| PUBFFT
| BINTRAJ
| CUDA
| EMIL

| Largest sphere to fit in unit cell has radius =    36.716

| New format PARM file being parsed.
| Version =    1.000 Date = 10/30/25 Time = 23:32:29

| Note: 1-4 EEL scale factors are being read from the topology file.

| Note: 1-4 VDW scale factors are being read from the topology file.
| Duplicated    0 dihedrals

| Duplicated    0 dihedrals

--------------------------------------------------------------------------------
   1.  RESOURCE   USE: 
--------------------------------------------------------------------------------

 getting box info from netcdf restart file
 NATOM  =   50023 NTYPES =      12 NBONH =   47691 MBONA  =    2332
 NTHETH =    5236 MTHETA =    3080 NPHIH =   10252 MPHIA  =    9504
 NHPARM =       0 NPARM  =       0 NNB   =   84972 NRES   =   15501
 NBONA  =    2332 NTHETA =    3080 NPHIA =    9504 NUMBND =      29
 NUMANG =      57 NPTRA  =      64 NATYP =      17 NPHB   =       0
 IFBOX  =       2 NMXRS  =      21 IFCAP =       0 NEXTRA =       0
 NCOPY  =       0

| Coordinate Index Table dimensions:    15   15   15
| Direct force subcell size =     5.9957    5.9957    5.9957

     BOX TYPE: TRUNCATED OCTAHEDRON

--------------------------------------------------------------------------------
   2.  CONTROL  DATA  FOR  THE  RUN
--------------------------------------------------------------------------------

default_name                                                                    

General flags:
     imin    =       0, nmropt  =       0

Nature and format of input:
     ntx     =       5, irest   =       1, ntrx    =       1

Nature and format of output:
     ntxo    =       2, ntpr    =   20000, ntrx    =       1, ntwr    = 2500000
     iwrap   =       1, ntwx    =   20000, ntwv    =       0, ntwe    =       0
     ioutfm  =       1, ntwprt  =       0, idecomp =       0, rbornstat=      0

Potential function:
     ntf     =       2, ntb     =       1, igb     =       0, nsnb    =      25
     ipol    =       0, gbsa    =       0, iesp    =       0
     dielc   =   1.00000, cut     =   9.00000, intdiel =   1.00000

Frozen or restrained atoms:
     ibelly  =       0, ntr     =       0

Molecular dynamics:
     nstlim  =   2500000, nscm    =      1000, nrespa  =         1
     t       =   0.00000, dt      =   0.00200, vlimit  =  -1.00000

Langevin dynamics temperature regulation:
     ig      =  947131
     temp0   = 310.00000, tempi   = 310.00000, gamma_ln=   2.00000

SHAKE:
     ntc     =       2, jfastw  =       0
     tol     =   0.00001

| Intermolecular bonds treatment:
|     no_intermolecular_bonds =       1

| Energy averages sample interval:
|     ene_avg_sampling =   20000

Ewald parameters:
     verbose =       0, ew_type =       0, nbflag  =       1, use_pme =       1
     vdwmeth =       1, eedmeth =       1, netfrc  =       1
     Box X =   89.935   Box Y =   89.935   Box Z =   89.935
     Alpha =  109.471   Beta  =  109.471   Gamma =  109.471
     NFFT1 =   96       NFFT2 =   96       NFFT3 =   96
     Cutoff=    9.000   Tol   =0.100E-04
     Ewald Coefficient =  0.30768
     Interpolation order =    4

--------------------------------------------------------------------------------
   3.  ATOMIC COORDINATES AND VELOCITIES
--------------------------------------------------------------------------------

default_name                                                                    
 begin time read from input coords =245040.000 ps

 
 Number of triangulated 3-point waters found:    15105

     Sum of charges from parm topology file =  -0.00000043
     Forcing neutrality...

| Dynamic Memory, Types Used:
| Reals             1595957
| Integers          2018996

| Nonbonded Pairs Initial Allocation:    11405244

| GPU memory information (estimate):
| KB of GPU memory in use:    394016
| KB of CPU memory in use:    114218

--------------------------------------------------------------------------------
   4.  RESULTS
--------------------------------------------------------------------------------

wrapping first mol.:      -59.95674       42.39583       73.43173

 NSTEP =    20000   TIME(PS) =  245080.000  TEMP(K) =   310.28  PRESS =     0.0
 Etot   =   -113614.9016  EKtot   =     31562.2441  EPtot      =   -145177.1458
 BOND   =       870.5098  ANGLE   =      2138.4568  DIHED      =      1342.1456
 UB     =         0.0000  IMP     =         0.0000  CMAP       =       217.5514
 1-4 NB =      1026.5187  1-4 EEL =     15101.2698  VDWAALS    =     16959.8646
 EELEC  =   -182833.4626  EHBOND  =         0.0000  RESTRAINT  =         0.0000
 ------------------------------------------------------------------------------

wrapping first mol.:      -59.95674       42.39583       73.43173

 NSTEP =    40000   TIME(PS) =  245120.000  TEMP(K) =   310.26  PRESS =     0.0
 Etot   =   -113759.4108  EKtot   =     31560.8789  EPtot      =   -145320.2897
 BOND   =       854.2281  ANGLE   =      2123.1082  DIHED      =      1316.8365
 UB     =         0.0000  IMP     =         0.0000  CMAP       =       228.5044
 1-4 NB =      1002.1592  1-4 EEL =     15125.6490  VDWAALS    =     17179.9437
 EELEC  =   -183150.7188  EHBOND  =         0.0000  RESTRAINT  =         0.0000
 ------------------------------------------------------------------------------

wrapping first mol.:      -59.95674       42.39583       73.43173

 NSTEP =    60000   TIME(PS) =  245160.000  TEMP(K) =   308.84  PRESS =     0.0
 Etot   =   -113064.3754  EKtot   =     31416.1621  EPtot      =   -144480.5375
 BOND   =       849.3703  ANGLE   =      2123.0085  DIHED      =      1370.6084
 UB     =         0.0000  IMP     =         0.0000  CMAP       =       232.8609
 1-4 NB =      1024.0230  1-4 EEL =     15068.6202  VDWAALS    =     16844.7892
 EELEC  =   -181993.8179  EHBOND  =         0.0000  RESTRAINT  =         0.0000
 ------------------------------------------------------------------------------

wrapping first mol.:      -59.95674       42.39583       73.43173

 NSTEP =    80000   TIME(PS) =  245200.000  TEMP(K) =   309.61  PRESS =     0.0
 Etot   =   -113668.3438  EKtot   =     31493.8438  EPtot      =   -145162.1876
 BOND   =       872.8016  ANGLE   =      2141.7024  DIHED      =      1353.2870
 UB     =         0.0000  IMP     =         0.0000  CMAP       =       215.4004
 1-4 NB =       987.7863  1-4 EEL =     15117.1038  VDWAALS    =     17080.7020
 EELEC  =   -182930.9710  EHBOND  =         0.0000  RESTRAINT  =         0.0000
 ------------------------------------------------------------------------------

wrapping first mol.:      -59.95674       42.39583       73.43173

 NSTEP =   100000   TIME(PS) =  245240.000  TEMP(K) =   309.13  PRESS =     0.0
 Etot   =   -113834.2675  EKtot   =     31445.7695  EPtot      =   -145280.0371
 BOND   =       840.7935  ANGLE   =      2132.9946  DIHED      =      1343.2167
 UB     =         0.0000  IMP     =         0.0000  CMAP       =       229.1153
 1-4 NB =       986.6204  1-4 EEL =     15061.3859  VDWAALS    =     17023.4062
 EELEC  =   -182897.5695  EHBOND  =         0.0000  RESTRAINT  =         0.0000
 ------------------------------------------------------------------------------

wrapping first mol.:      -59.95674       42.39583       73.43173

 NSTEP =   120000   TIME(PS) =  245280.000  TEMP(K) =   312.18  PRESS =     0.0
 Etot   =   -113529.6401  EKtot   =     31755.1855  EPtot      =   -145284.8256
 BOND   =       868.1166  ANGLE   =      2096.9722  DIHED      =      1365.5466
 UB     =         0.0000  IMP     =         0.0000  CMAP       =       222.4305
 1-4 NB =       985.3073  1-4 EEL =     15135.6522  VDWAALS    =     17254.8298
 EELEC  =   -183213.6809  EHBOND  =         0.0000  RESTRAINT  =         0.0000
 ------------------------------------------------------------------------------

wrapping first mol.:      -59.95674       42.39583       73.43173

 NSTEP =   140000   TIME(PS) =  245320.000  TEMP(K) =   310.98  PRESS =     0.0
 Etot   =   -113580.8205  EKtot   =     31633.5234  EPtot      =   -145214.3440
 BOND   =       851.5484  ANGLE   =      2194.6273  DIHED      =      1359.1998
 UB     =         0.0000  IMP     =         0.0000  CMAP       =       223.7013
 1-4 NB =       993.4214  1-4 EEL =     15079.1685  VDWAALS    =     17136.4254
 EELEC  =   -183052.4360  EHBOND  =         0.0000  RESTRAINT  =         0.0000
 ------------------------------------------------------------------------------

wrapping first mol.:      -59.95674       42.39583       73.43173

 NSTEP =   160000   TIME(PS) =  245360.000  TEMP(K) =   310.33  PRESS =     0.0
 Etot   =   -113623.7750  EKtot   =     31567.5566  EPtot      =   -145191.3316
 BOND   =       843.7747  ANGLE   =      2155.8614  DIHED      =      1333.7463
 UB     =         0.0000  IMP     =         0.0000  CMAP       =       238.0380
 1-4 NB =      1008.3633  1-4 EEL =     15064.9792  VDWAALS    =     17269.9939
 EELEC  =   -183106.0883  EHBOND  =         0.0000  RESTRAINT  =         0.0000
 ------------------------------------------------------------------------------

wrapping first mol.:      -59.95674       42.39583       73.43173

 NSTEP =   180000   TIME(PS) =  245400.000  TEMP(K) =   310.46  PRESS =     0.0
 Etot   =   -114004.4251  EKtot   =     31580.6113  EPtot      =   -145585.0364
 BOND   =       831.6330  ANGLE   =      2115.1878  DIHED      =      1345.3096
 UB     =         0.0000  IMP     =         0.0000  CMAP       =       221.2813
 1-4 NB =       995.8385  1-4 EEL =     15028.4251  VDWAALS    =     17552.0691
 EELEC  =   -183674.7808  EHBOND  =         0.0000  RESTRAINT  =         0.0000
 ------------------------------------------------------------------------------

wrapping first mol.:      -59.95674       42.39583       73.43173

 NSTEP =   200000   TIME(PS) =  245440.000  TEMP(K) =   311.79  PRESS =     0.0
 Etot   =   -113457.7533  EKtot   =     31715.5566  EPtot      =   -145173.3099
 BOND   =       880.5703  ANGLE   =      2154.9045  DIHED      =      1362.7313
 UB     =         0.0000  IMP     =         0.0000  CMAP       =       222.8902
 1-4 NB =       979.9117  1-4 EEL =     15013.6590  VDWAALS    =     17175.5109
 EELEC  =   -182963.4879  EHBOND  =         0.0000  RESTRAINT  =         0.0000
 ------------------------------------------------------------------------------

wrapping first mol.:      -59.95674       42.39583       73.43173

 NSTEP =   220000   TIME(PS) =  245480.000  TEMP(K) =   311.24  PRESS =     0.0
 Etot   =   -113708.6217  EKtot   =     31659.7246  EPtot      =   -145368.3464
 BOND   =       819.4668  ANGLE   =      2116.4951  DIHED      =      1350.4116
 UB     =         0.0000  IMP     =         0.0000  CMAP       =       213.8730
 1-4 NB =      1000.7445  1-4 EEL =     15108.0010  VDWAALS    =     17007.9036
 EELEC  =   -182985.2418  EHBOND  =         0.0000  RESTRAINT  =         0.0000
 ------------------------------------------------------------------------------

wrapping first mol.:      -59.95674       42.39583       73.43173

 NSTEP =   240000   TIME(PS) =  245520.000  TEMP(K) =   311.15  PRESS =     0.0
 Etot   =   -113273.6849  EKtot   =     31651.0469  EPtot      =   -144924.7317
 BOND   =       867.2230  ANGLE   =      2180.4971  DIHED      =      1379.7181
 UB     =         0.0000  IMP     =         0.0000  CMAP       =       222.6155
 1-4 NB =       985.4738  1-4 EEL =     15003.5897  VDWAALS    =     17246.5839
 EELEC  =   -182810.4328  EHBOND  =         0.0000  RESTRAINT  =         0.0000
 ------------------------------------------------------------------------------

wrapping first mol.:      -59.95674       42.39583       73.43173

 NSTEP =   260000   TIME(PS) =  245560.000  TEMP(K) =   308.68  PRESS =     0.0
 Etot   =   -113685.4252  EKtot   =     31399.2949  EPtot      =   -145084.7201
 BOND   =       884.5207  ANGLE   =      2128.5863  DIHED      =      1394.6418
 UB     =         0.0000  IMP     =         0.0000  CMAP       =       217.6319
 1-4 NB =       977.1623  1-4 EEL =     15031.1700  VDWAALS    =     17243.1176
 EELEC  =   -182961.5507  EHBOND  =         0.0000  RESTRAINT  =         0.0000
 ------------------------------------------------------------------------------

wrapping first mol.:      -59.95674       42.39583       73.43173

 NSTEP =   280000   TIME(PS) =  245600.000  TEMP(K) =   308.08  PRESS =     0.0
 Etot   =   -113624.1590  EKtot   =     31338.5781  EPtot      =   -144962.7372
 BOND   =       879.4516  ANGLE   =      2168.9877  DIHED      =      1368.4354
 UB     =         0.0000  IMP     =         0.0000  CMAP       =       239.1802
 1-4 NB =      1000.3540  1-4 EEL =     15085.1204  VDWAALS    =     17306.3022
 EELEC  =   -183010.5688  EHBOND  =         0.0000  RESTRAINT  =         0.0000
 ------------------------------------------------------------------------------

wrapping first mol.:      -59.95674       42.39583       73.43173

 NSTEP =   300000   TIME(PS) =  245640.000  TEMP(K) =   312.45  PRESS =     0.0
 Etot   =   -113224.8628  EKtot   =     31782.8418  EPtot      =   -145007.7046
 BOND   =       871.1723  ANGLE   =      2127.2196  DIHED      =      1332.0595
 UB     =         0.0000  IMP     =         0.0000  CMAP       =       226.8780
 1-4 NB =      1020.2745  1-4 EEL =     15024.0174  VDWAALS    =     17397.1763
 EELEC  =   -183006.5023  EHBOND  =         0.0000  RESTRAINT  =         0.0000
 ------------------------------------------------------------------------------

wrapping first mol.:      -59.95674       42.39583       73.43173

 NSTEP =   320000   TIME(PS) =  245680.000  TEMP(K) =   310.63  PRESS =     0.0
 Etot   =   -113162.0170  EKtot   =     31597.8438  EPtot      =   -144759.8607
 BOND   =       850.9902  ANGLE   =      2139.2771  DIHED      =      1352.0825
 UB     =         0.0000  IMP     =         0.0000  CMAP       =       225.3806
 1-4 NB =      1019.2932  1-4 EEL =     15061.0512  VDWAALS    =     17056.6371
 EELEC  =   -182464.5726  EHBOND  =         0.0000  RESTRAINT  =         0.0000
 ------------------------------------------------------------------------------

wrapping first mol.:      -59.95674       42.39583       73.43173

 NSTEP =   340000   TIME(PS) =  245720.000  TEMP(K) =   309.50  PRESS =     0.0
 Etot   =   -113642.4618  EKtot   =     31483.2773  EPtot      =   -145125.7392
 BOND   =       887.4816  ANGLE   =      2180.8105  DIHED      =      1332.5688
 UB     =         0.0000  IMP     =         0.0000  CMAP       =       228.4546
 1-4 NB =      1006.2729  1-4 EEL =     15041.7628  VDWAALS    =     17627.5823
 EELEC  =   -183430.6728  EHBOND  =         0.0000  RESTRAINT  =         0.0000
 ------------------------------------------------------------------------------

wrapping first mol.:      -59.95674       42.39583       73.43173

 NSTEP =   360000   TIME(PS) =  245760.000  TEMP(K) =   310.94  PRESS =     0.0
 Etot   =   -113691.9325  EKtot   =     31629.7305  EPtot      =   -145321.6630
 BOND   =       888.4719  ANGLE   =      2126.0188  DIHED      =      1349.5828
 UB     =         0.0000  IMP     =         0.0000  CMAP       =       218.1598
 1-4 NB =       991.2905  1-4 EEL =     15012.2248  VDWAALS    =     17071.2560
 EELEC  =   -182978.6676  EHBOND  =         0.0000  RESTRAINT  =         0.0000
 ------------------------------------------------------------------------------

wrapping first mol.:      -59.95674       42.39583       73.43173

 NSTEP =   380000   TIME(PS) =  245800.000  TEMP(K) =   310.52  PRESS =     0.0
 Etot   =   -113389.4555  EKtot   =     31586.7754  EPtot      =   -144976.2309
 BOND   =       874.4942  ANGLE   =      2166.0230  DIHED      =      1368.7137
 UB     =         0.0000  IMP     =         0.0000  CMAP       =       206.7815
 1-4 NB =       986.6092  1-4 EEL =     15034.8221  VDWAALS    =     16843.9669
 EELEC  =   -182457.6414  EHBOND  =         0.0000  RESTRAINT  =         0.0000
 ------------------------------------------------------------------------------

wrapping first mol.:      -59.95674       42.39583       73.43173

 NSTEP =   400000   TIME(PS) =  245840.000  TEMP(K) =   310.58  PRESS =     0.0
 Etot   =   -113892.6579  EKtot   =     31593.0859  EPtot      =   -145485.7438
 BOND   =       865.3182  ANGLE   =      2077.4623  DIHED      =      1383.4197
 UB     =         0.0000  IMP     =         0.0000  CMAP       =       202.4748
 1-4 NB =      1002.3048  1-4 EEL =     15083.7670  VDWAALS    =     16968.7953
 EELEC  =   -183069.2859  EHBOND  =         0.0000  RESTRAINT  =         0.0000
 ------------------------------------------------------------------------------

wrapping first mol.:      -59.95674       42.39583       73.43173

 NSTEP =   420000   TIME(PS) =  245880.000  TEMP(K) =   308.28  PRESS =     0.0
 Etot   =   -113554.0502  EKtot   =     31359.0625  EPtot      =   -144913.1127
 BOND   =       831.6480  ANGLE   =      2151.8333  DIHED      =      1353.1699
 UB     =         0.0000  IMP     =         0.0000  CMAP       =       211.4527
 1-4 NB =      1011.3783  1-4 EEL =     15091.4515  VDWAALS    =     17237.0218
 EELEC  =   -182801.0683  EHBOND  =         0.0000  RESTRAINT  =         0.0000
 ------------------------------------------------------------------------------

wrapping first mol.:      -59.95674       42.39583       73.43173

 NSTEP =   440000   TIME(PS) =  245920.000  TEMP(K) =   310.40  PRESS =     0.0
 Etot   =   -113517.2469  EKtot   =     31574.4473  EPtot      =   -145091.6942
 BOND   =       865.7675  ANGLE   =      2203.5367  DIHED      =      1352.8567
 UB     =         0.0000  IMP     =         0.0000  CMAP       =       201.0285
 1-4 NB =       993.3006  1-4 EEL =     15027.8997  VDWAALS    =     17214.6962
 EELEC  =   -182950.7800  EHBOND  =         0.0000  RESTRAINT  =         0.0000
 ------------------------------------------------------------------------------

wrapping first mol.:      -59.95674       42.39583       73.43173

 NSTEP =   460000   TIME(PS) =  245960.000  TEMP(K) =   310.75  PRESS =     0.0
 Etot   =   -113758.3292  EKtot   =     31609.9551  EPtot      =   -145368.2843
 BOND   =       833.3545  ANGLE   =      2091.0447  DIHED      =      1346.1234
 UB     =         0.0000  IMP     =         0.0000  CMAP       =       240.1937
 1-4 NB =      1011.9172  1-4 EEL =     15040.8378  VDWAALS    =     17248.8055
 EELEC  =   -183180.5611  EHBOND  =         0.0000  RESTRAINT  =         0.0000
 ------------------------------------------------------------------------------

wrapping first mol.:      -59.95674       42.39583       73.43173

 NSTEP =   480000   TIME(PS) =  246000.000  TEMP(K) =   308.99  PRESS =     0.0
 Etot   =   -113861.4216  EKtot   =     31431.5273  EPtot      =   -145292.9490
 BOND   =       864.0673  ANGLE   =      2173.8153  DIHED      =      1369.1449
 UB     =         0.0000  IMP     =         0.0000  CMAP       =       208.4412
 1-4 NB =       997.5513  1-4 EEL =     15108.7161  VDWAALS    =     17097.0675
 EELEC  =   -183111.7527  EHBOND  =         0.0000  RESTRAINT  =         0.0000
 ------------------------------------------------------------------------------

wrapping first mol.:      -59.95674       42.39583       73.43173

 NSTEP =   500000   TIME(PS) =  246040.000  TEMP(K) =   309.67  PRESS =     0.0
 Etot   =   -113137.1349  EKtot   =     31500.3008  EPtot      =   -144637.4357
 BOND   =       870.2790  ANGLE   =      2126.5736  DIHED      =      1364.8649
 UB     =         0.0000  IMP     =         0.0000  CMAP       =       235.4705
 1-4 NB =      1014.2128  1-4 EEL =     14960.7964  VDWAALS    =     17108.9924
 EELEC  =   -182318.6253  EHBOND  =         0.0000  RESTRAINT  =         0.0000
 ------------------------------------------------------------------------------

wrapping first mol.:      -59.95674       42.39583       73.43173

 NSTEP =   520000   TIME(PS) =  246080.000  TEMP(K) =   313.34  PRESS =     0.0
 Etot   =   -113002.7328  EKtot   =     31873.7266  EPtot      =   -144876.4593
 BOND   =       920.2415  ANGLE   =      2132.7462  DIHED      =      1337.1363
 UB     =         0.0000  IMP     =         0.0000  CMAP       =       213.9011
 1-4 NB =       974.9509  1-4 EEL =     15070.1222  VDWAALS    =     17354.3519
 EELEC  =   -182879.9095  EHBOND  =         0.0000  RESTRAINT  =         0.0000
 ------------------------------------------------------------------------------

wrapping first mol.:      -59.95674       42.39583       73.43173

 NSTEP =   540000   TIME(PS) =  246120.000  TEMP(K) =   310.78  PRESS =     0.0
 Etot   =   -113643.4225  EKtot   =     31613.0391  EPtot      =   -145256.4615
 BOND   =       865.3309  ANGLE   =      2146.1593  DIHED      =      1370.4299
 UB     =         0.0000  IMP     =         0.0000  CMAP       =       220.3821
 1-4 NB =      1003.8759  1-4 EEL =     15045.7613  VDWAALS    =     17068.4864
 EELEC  =   -182976.8875  EHBOND  =         0.0000  RESTRAINT  =         0.0000
 ------------------------------------------------------------------------------

wrapping first mol.:      -59.95674       42.39583       73.43173

 NSTEP =   560000   TIME(PS) =  246160.000  TEMP(K) =   308.35  PRESS =     0.0
 Etot   =   -113904.7184  EKtot   =     31366.0703  EPtot      =   -145270.7887
 BOND   =       839.0085  ANGLE   =      2156.8592  DIHED      =      1395.8020
 UB     =         0.0000  IMP     =         0.0000  CMAP       =       203.9134
 1-4 NB =      1028.2771  1-4 EEL =     15085.6185  VDWAALS    =     16635.8748
 EELEC  =   -182616.1421  EHBOND  =         0.0000  RESTRAINT  =         0.0000
 ------------------------------------------------------------------------------

wrapping first mol.:      -59.95674       42.39583       73.43173

 NSTEP =   580000   TIME(PS) =  246200.000  TEMP(K) =   310.67  PRESS =     0.0
 Etot   =   -113142.2183  EKtot   =     31602.1426  EPtot      =   -144744.3609
 BOND   =       830.7012  ANGLE   =      2197.6383  DIHED      =      1360.0386
 UB     =         0.0000  IMP     =         0.0000  CMAP       =       196.0032
 1-4 NB =      1005.0337  1-4 EEL =     15033.8978  VDWAALS    =     17216.0364
 EELEC  =   -182583.7101  EHBOND  =         0.0000  RESTRAINT  =         0.0000
 ------------------------------------------------------------------------------

wrapping first mol.:      -59.95674       42.39583       73.43173

 NSTEP =   600000   TIME(PS) =  246240.000  TEMP(K) =   309.74  PRESS =     0.0
 Etot   =   -113668.5986  EKtot   =     31507.5000  EPtot      =   -145176.0986
 BOND   =       811.8606  ANGLE   =      2125.8680  DIHED      =      1323.7209
 UB     =         0.0000  IMP     =         0.0000  CMAP       =       219.1409
 1-4 NB =      1010.1902  1-4 EEL =     15124.5967  VDWAALS    =     17488.2383
 EELEC  =   -183279.7142  EHBOND  =         0.0000  RESTRAINT  =         0.0000
 ------------------------------------------------------------------------------

wrapping first mol.:      -59.95674       42.39583       73.43173

 NSTEP =   620000   TIME(PS) =  246280.000  TEMP(K) =   309.07  PRESS =     0.0
 Etot   =   -113780.3188  EKtot   =     31438.8398  EPtot      =   -145219.1587
 BOND   =       859.3815  ANGLE   =      2139.2964  DIHED      =      1387.9412
 UB     =         0.0000  IMP     =         0.0000  CMAP       =       218.3048
 1-4 NB =      1017.9817  1-4 EEL =     15040.2681  VDWAALS    =     17311.1406
 EELEC  =   -183193.4729  EHBOND  =         0.0000  RESTRAINT  =         0.0000
 ------------------------------------------------------------------------------

wrapping first mol.:      -59.95674       42.39583       73.43173

 NSTEP =   640000   TIME(PS) =  246320.000  TEMP(K) =   311.17  PRESS =     0.0
 Etot   =   -113609.5801  EKtot   =     31653.2754  EPtot      =   -145262.8555
 BOND   =       882.4333  ANGLE   =      2127.5309  DIHED      =      1356.6064
 UB     =         0.0000  IMP     =         0.0000  CMAP       =       219.0707
 1-4 NB =       983.5532  1-4 EEL =     15059.4016  VDWAALS    =     17404.6165
 EELEC  =   -183296.0680  EHBOND  =         0.0000  RESTRAINT  =         0.0000
 ------------------------------------------------------------------------------

wrapping first mol.:      -59.95674       42.39583       73.43173

 NSTEP =   660000   TIME(PS) =  246360.000  TEMP(K) =   310.36  PRESS =     0.0
 Etot   =   -113804.1446  EKtot   =     31570.1074  EPtot      =   -145374.2520
 BOND   =       864.1289  ANGLE   =      2180.3999  DIHED      =      1344.1264
 UB     =         0.0000  IMP     =         0.0000  CMAP       =       224.8388
 1-4 NB =      1013.2323  1-4 EEL =     15142.3622  VDWAALS    =     17344.0834
 EELEC  =   -183487.4239  EHBOND  =         0.0000  RESTRAINT  =         0.0000
 ------------------------------------------------------------------------------

wrapping first mol.:       29.97838       42.39583       73.43173

 NSTEP =   680000   TIME(PS) =  246400.000  TEMP(K) =   310.36  PRESS =     0.0
 Etot   =   -113709.6701  EKtot   =     31570.8438  EPtot      =   -145280.5139
 BOND   =       839.5252  ANGLE   =      2082.7377  DIHED      =      1302.1403
 UB     =         0.0000  IMP     =         0.0000  CMAP       =       196.4772
 1-4 NB =       978.5786  1-4 EEL =     15057.3041  VDWAALS    =     17288.6744
 EELEC  =   -183025.9515  EHBOND  =         0.0000  RESTRAINT  =         0.0000
 ------------------------------------------------------------------------------

wrapping first mol.:      -59.95674       42.39583       73.43173

 NSTEP =   700000   TIME(PS) =  246440.000  TEMP(K) =   309.50  PRESS =     0.0
 Etot   =   -113415.2652  EKtot   =     31482.7422  EPtot      =   -144898.0074
 BOND   =       885.6859  ANGLE   =      2201.7695  DIHED      =      1362.3405
 UB     =         0.0000  IMP     =         0.0000  CMAP       =       209.2637
 1-4 NB =      1003.7359  1-4 EEL =     15100.0785  VDWAALS    =     17341.5488
 EELEC  =   -183002.4303  EHBOND  =         0.0000  RESTRAINT  =         0.0000
 ------------------------------------------------------------------------------

wrapping first mol.:      -59.95674       42.39583       73.43173

 NSTEP =   720000   TIME(PS) =  246480.000  TEMP(K) =   312.02  PRESS =     0.0
 Etot   =   -113628.0234  EKtot   =     31739.6289  EPtot      =   -145367.6523
 BOND   =       867.5032  ANGLE   =      2176.3164  DIHED      =      1344.5936
 UB     =         0.0000  IMP     =         0.0000  CMAP       =       219.6109
 1-4 NB =       975.0068  1-4 EEL =     15055.0673  VDWAALS    =     17138.2715
 EELEC  =   -183144.0221  EHBOND  =         0.0000  RESTRAINT  =         0.0000
 ------------------------------------------------------------------------------

wrapping first mol.:      -59.95674       42.39583       73.43173

 NSTEP =   740000   TIME(PS) =  246520.000  TEMP(K) =   309.07  PRESS =     0.0
 Etot   =   -113719.5985  EKtot   =     31438.9062  EPtot      =   -145158.5048
 BOND   =       875.0615  ANGLE   =      2145.5606  DIHED      =      1360.4699
 UB     =         0.0000  IMP     =         0.0000  CMAP       =       228.9613
 1-4 NB =      1008.7115  1-4 EEL =     15143.3024  VDWAALS    =     17174.9436
 EELEC  =   -183095.5155  EHBOND  =         0.0000  RESTRAINT  =         0.0000
 ------------------------------------------------------------------------------

wrapping first mol.:      -59.95674       42.39583       73.43173

 NSTEP =   760000   TIME(PS) =  246560.000  TEMP(K) =   311.40  PRESS =     0.0
 Etot   =   -113403.0799  EKtot   =     31676.5449  EPtot      =   -145079.6248
 BOND   =       864.9966  ANGLE   =      2212.7488  DIHED      =      1351.3801
 UB     =         0.0000  IMP     =         0.0000  CMAP       =       208.3027
 1-4 NB =      1004.3876  1-4 EEL =     15164.6575  VDWAALS    =     16941.2348
 EELEC  =   -182827.3329  EHBOND  =         0.0000  RESTRAINT  =         0.0000
 ------------------------------------------------------------------------------

wrapping first mol.:      -59.95674       42.39583       73.43173

 NSTEP =   780000   TIME(PS) =  246600.000  TEMP(K) =   308.51  PRESS =     0.0
 Etot   =   -113601.8447  EKtot   =     31381.9980  EPtot      =   -144983.8427
 BOND   =       874.8782  ANGLE   =      2149.2951  DIHED      =      1359.2356
 UB     =         0.0000  IMP     =         0.0000  CMAP       =       207.9840
 1-4 NB =      1017.2290  1-4 EEL =     15067.2786  VDWAALS    =     17190.2811
 EELEC  =   -182850.0242  EHBOND  =         0.0000  RESTRAINT  =         0.0000
 ------------------------------------------------------------------------------

wrapping first mol.:      -59.95674       42.39583       73.43173

 NSTEP =   800000   TIME(PS) =  246640.000  TEMP(K) =   308.68  PRESS =     0.0
 Etot   =   -113993.5247  EKtot   =     31399.6504  EPtot      =   -145393.1751
 BOND   =       852.3166  ANGLE   =      2201.8717  DIHED      =      1343.5938
 UB     =         0.0000  IMP     =         0.0000  CMAP       =       229.7604
 1-4 NB =       995.4632  1-4 EEL =     15033.7299  VDWAALS    =     17148.8763
 EELEC  =   -183198.7870  EHBOND  =         0.0000  RESTRAINT  =         0.0000
 ------------------------------------------------------------------------------

wrapping first mol.:      -59.95674       42.39583       73.43173

 NSTEP =   820000   TIME(PS) =  246680.000  TEMP(K) =   311.53  PRESS =     0.0
 Etot   =   -113530.9392  EKtot   =     31689.8262  EPtot      =   -145220.7653
 BOND   =       848.8878  ANGLE   =      2123.0464  DIHED      =      1348.7223
 UB     =         0.0000  IMP     =         0.0000  CMAP       =       223.1263
 1-4 NB =       997.8421  1-4 EEL =     15007.9798  VDWAALS    =     17178.3454
 EELEC  =   -182948.7154  EHBOND  =         0.0000  RESTRAINT  =         0.0000
 ------------------------------------------------------------------------------

wrapping first mol.:      -59.95674       42.39583       73.43173

 NSTEP =   840000   TIME(PS) =  246720.000  TEMP(K) =   311.73  PRESS =     0.0
 Etot   =   -113591.5308  EKtot   =     31710.1836  EPtot      =   -145301.7144
 BOND   =       912.5889  ANGLE   =      2117.9610  DIHED      =      1351.1451
 UB     =         0.0000  IMP     =         0.0000  CMAP       =       220.0328
 1-4 NB =      1001.2000  1-4 EEL =     15095.1795  VDWAALS    =     17343.9641
 EELEC  =   -183343.7857  EHBOND  =         0.0000  RESTRAINT  =         0.0000
 ------------------------------------------------------------------------------

wrapping first mol.:      -59.95674       42.39583       73.43173

 NSTEP =   860000   TIME(PS) =  246760.000  TEMP(K) =   308.52  PRESS =     0.0
 Etot   =   -113509.4208  EKtot   =     31383.3750  EPtot      =   -144892.7958
 BOND   =       864.3340  ANGLE   =      2130.8090  DIHED      =      1356.6218
 UB     =         0.0000  IMP     =         0.0000  CMAP       =       214.9703
 1-4 NB =      1004.7761  1-4 EEL =     15061.8383  VDWAALS    =     17338.1611
 EELEC  =   -182864.3065  EHBOND  =         0.0000  RESTRAINT  =         0.0000
 ------------------------------------------------------------------------------

wrapping first mol.:      -59.95674       42.39583       73.43173

 NSTEP =   880000   TIME(PS) =  246800.000  TEMP(K) =   310.22  PRESS =     0.0
 Etot   =   -113561.6029  EKtot   =     31556.1797  EPtot      =   -145117.7826
 BOND   =       856.5562  ANGLE   =      2137.1303  DIHED      =      1351.6335
 UB     =         0.0000  IMP     =         0.0000  CMAP       =       210.7556
 1-4 NB =       994.8867  1-4 EEL =     15021.2714  VDWAALS    =     17468.7434
 EELEC  =   -183158.7597  EHBOND  =         0.0000  RESTRAINT  =         0.0000
 ------------------------------------------------------------------------------

wrapping first mol.:      -59.95674       42.39583       73.43173

 NSTEP =   900000   TIME(PS) =  246840.000  TEMP(K) =   310.75  PRESS =     0.0
 Etot   =   -113545.6348  EKtot   =     31610.0156  EPtot      =   -145155.6505
 BOND   =       858.9208  ANGLE   =      2115.8321  DIHED      =      1337.2667
 UB     =         0.0000  IMP     =         0.0000  CMAP       =       233.2339
 1-4 NB =       993.9604  1-4 EEL =     15111.9442  VDWAALS    =     17028.7766
 EELEC  =   -182835.5853  EHBOND  =         0.0000  RESTRAINT  =         0.0000
 ------------------------------------------------------------------------------

wrapping first mol.:      -59.95674       42.39583       73.43173

 NSTEP =   920000   TIME(PS) =  246880.000  TEMP(K) =   308.36  PRESS =     0.0
 Etot   =   -113369.9660  EKtot   =     31367.3750  EPtot      =   -144737.3410
 BOND   =       874.0338  ANGLE   =      2187.9723  DIHED      =      1350.0143
 UB     =         0.0000  IMP     =         0.0000  CMAP       =       218.3503
 1-4 NB =       990.0473  1-4 EEL =     15046.6785  VDWAALS    =     17127.4309
 EELEC  =   -182531.8684  EHBOND  =         0.0000  RESTRAINT  =         0.0000
 ------------------------------------------------------------------------------

wrapping first mol.:      -59.95674       42.39583       73.43173

 NSTEP =   940000   TIME(PS) =  246920.000  TEMP(K) =   312.06  PRESS =     0.0
 Etot   =   -113561.5753  EKtot   =     31742.9766  EPtot      =   -145304.5518
 BOND   =       842.9842  ANGLE   =      2182.1143  DIHED      =      1356.1150
 UB     =         0.0000  IMP     =         0.0000  CMAP       =       216.8623
 1-4 NB =       985.7743  1-4 EEL =     15049.8079  VDWAALS    =     17178.0727
 EELEC  =   -183116.2826  EHBOND  =         0.0000  RESTRAINT  =         0.0000
 ------------------------------------------------------------------------------

wrapping first mol.:      -59.95674       42.39583       73.43173

 NSTEP =   960000   TIME(PS) =  246960.000  TEMP(K) =   310.66  PRESS =     0.0
 Etot   =   -113698.6756  EKtot   =     31601.1465  EPtot      =   -145299.8221
 BOND   =       839.3036  ANGLE   =      2108.9076  DIHED      =      1323.4372
 UB     =         0.0000  IMP     =         0.0000  CMAP       =       194.1487
 1-4 NB =      1013.9824  1-4 EEL =     15071.4365  VDWAALS    =     16877.5452
 EELEC  =   -182728.5833  EHBOND  =         0.0000  RESTRAINT  =         0.0000
 ------------------------------------------------------------------------------

wrapping first mol.:      -59.95674       42.39583       73.43173

 NSTEP =   980000   TIME(PS) =  247000.000  TEMP(K) =   311.71  PRESS =     0.0
 Etot   =   -113580.1690  EKtot   =     31708.0898  EPtot      =   -145288.2588
 BOND   =       831.4898  ANGLE   =      2139.0368  DIHED      =      1346.2142
 UB     =         0.0000  IMP     =         0.0000  CMAP       =       228.9541
 1-4 NB =       999.5696  1-4 EEL =     15085.4587  VDWAALS    =     17161.2831
 EELEC  =   -183080.2650  EHBOND  =         0.0000  RESTRAINT  =         0.0000
 ------------------------------------------------------------------------------

wrapping first mol.:      -59.95674       42.39583       73.43173

 NSTEP =  1000000   TIME(PS) =  247040.000  TEMP(K) =   310.89  PRESS =     0.0
 Etot   =   -113374.1055  EKtot   =     31624.6836  EPtot      =   -144998.7891
 BOND   =       829.7642  ANGLE   =      2136.5557  DIHED      =      1365.9628
 UB     =         0.0000  IMP     =         0.0000  CMAP       =       217.7263
 1-4 NB =       992.9003  1-4 EEL =     15061.2056  VDWAALS    =     17199.4115
 EELEC  =   -182802.3155  EHBOND  =         0.0000  RESTRAINT  =         0.0000
 ------------------------------------------------------------------------------

wrapping first mol.:      -59.95674       42.39583       73.43173

 NSTEP =  1020000   TIME(PS) =  247080.000  TEMP(K) =   311.65  PRESS =     0.0
 Etot   =   -113362.3229  EKtot   =     31701.7148  EPtot      =   -145064.0377
 BOND   =       888.3821  ANGLE   =      2137.1571  DIHED      =      1344.6947
 UB     =         0.0000  IMP     =         0.0000  CMAP       =       227.7488
 1-4 NB =       998.6746  1-4 EEL =     15056.8542  VDWAALS    =     17426.2111
 EELEC  =   -183143.7604  EHBOND  =         0.0000  RESTRAINT  =         0.0000
 ------------------------------------------------------------------------------

wrapping first mol.:       29.97838       42.39583       73.43173

 NSTEP =  1040000   TIME(PS) =  247120.000  TEMP(K) =   310.47  PRESS =     0.0
 Etot   =   -113813.0325  EKtot   =     31581.9941  EPtot      =   -145395.0267
 BOND   =       826.2694  ANGLE   =      2202.4987  DIHED      =      1366.0304
 UB     =         0.0000  IMP     =         0.0000  CMAP       =       213.0158
 1-4 NB =      1043.1699  1-4 EEL =     15166.1931  VDWAALS    =     17444.2444
 EELEC  =   -183656.4485  EHBOND  =         0.0000  RESTRAINT  =         0.0000
 ------------------------------------------------------------------------------

wrapping first mol.:       29.97838       42.39583       73.43173

 NSTEP =  1060000   TIME(PS) =  247160.000  TEMP(K) =   312.30  PRESS =     0.0
 Etot   =   -113893.9813  EKtot   =     31767.7930  EPtot      =   -145661.7743
 BOND   =       863.8290  ANGLE   =      2087.6775  DIHED      =      1361.5255
 UB     =         0.0000  IMP     =         0.0000  CMAP       =       220.7675
 1-4 NB =      1008.9403  1-4 EEL =     15106.3926  VDWAALS    =     17572.2528
 EELEC  =   -183883.1594  EHBOND  =         0.0000  RESTRAINT  =         0.0000
 ------------------------------------------------------------------------------

wrapping first mol.:       29.97838       42.39583       73.43173

 NSTEP =  1080000   TIME(PS) =  247200.000  TEMP(K) =   308.74  PRESS =     0.0
 Etot   =   -113966.3033  EKtot   =     31405.8770  EPtot      =   -145372.1803
 BOND   =       834.3607  ANGLE   =      2151.7548  DIHED      =      1347.0843
 UB     =         0.0000  IMP     =         0.0000  CMAP       =       195.4015
 1-4 NB =      1016.0978  1-4 EEL =     15079.8061  VDWAALS    =     17067.3671
 EELEC  =   -183064.0526  EHBOND  =         0.0000  RESTRAINT  =         0.0000
 ------------------------------------------------------------------------------

wrapping first mol.:      -59.95674       42.39583       73.43173

 NSTEP =  1100000   TIME(PS) =  247240.000  TEMP(K) =   311.03  PRESS =     0.0
 Etot   =   -113686.1429  EKtot   =     31639.1133  EPtot      =   -145325.2562
 BOND   =       846.7134  ANGLE   =      2184.0464  DIHED      =      1344.5255
 UB     =         0.0000  IMP     =         0.0000  CMAP       =       212.7138
 1-4 NB =       999.0187  1-4 EEL =     15064.5179  VDWAALS    =     17438.5906
 EELEC  =   -183415.3824  EHBOND  =         0.0000  RESTRAINT  =         0.0000
 ------------------------------------------------------------------------------

wrapping first mol.:      -59.95674       42.39583       73.43173

 NSTEP =  1120000   TIME(PS) =  247280.000  TEMP(K) =   309.92  PRESS =     0.0
 Etot   =   -113907.3188  EKtot   =     31525.8750  EPtot      =   -145433.1938
 BOND   =       849.9968  ANGLE   =      2119.1682  DIHED      =      1340.4673
 UB     =         0.0000  IMP     =         0.0000  CMAP       =       217.0524
 1-4 NB =       997.5228  1-4 EEL =     15152.7103  VDWAALS    =     17216.0040
 EELEC  =   -183326.1155  EHBOND  =         0.0000  RESTRAINT  =         0.0000
 ------------------------------------------------------------------------------

wrapping first mol.:      -59.95674       42.39583       73.43173

 NSTEP =  1140000   TIME(PS) =  247320.000  TEMP(K) =   308.83  PRESS =     0.0
 Etot   =   -113793.7532  EKtot   =     31414.5371  EPtot      =   -145208.2903
 BOND   =       845.0182  ANGLE   =      2104.0212  DIHED      =      1321.5695
 UB     =         0.0000  IMP     =         0.0000  CMAP       =       234.2654
 1-4 NB =      1007.3855  1-4 EEL =     15121.6145  VDWAALS    =     16957.2507
 EELEC  =   -182799.4152  EHBOND  =         0.0000  RESTRAINT  =         0.0000
 ------------------------------------------------------------------------------

wrapping first mol.:      -59.95674       42.39583       73.43173

 NSTEP =  1160000   TIME(PS) =  247360.000  TEMP(K) =   311.29  PRESS =     0.0
 Etot   =   -113578.9502  EKtot   =     31665.3828  EPtot      =   -145244.3330
 BOND   =       843.7438  ANGLE   =      2137.9872  DIHED      =      1359.4517
 UB     =         0.0000  IMP     =         0.0000  CMAP       =       210.2476
 1-4 NB =       989.3349  1-4 EEL =     15090.4341  VDWAALS    =     17106.5983
 EELEC  =   -182982.1305  EHBOND  =         0.0000  RESTRAINT  =         0.0000
 ------------------------------------------------------------------------------

wrapping first mol.:       29.97838       42.39583       73.43173

 NSTEP =  1180000   TIME(PS) =  247400.000  TEMP(K) =   310.12  PRESS =     0.0
 Etot   =   -113488.4318  EKtot   =     31545.9473  EPtot      =   -145034.3791
 BOND   =       855.4964  ANGLE   =      2114.7920  DIHED      =      1346.8421
 UB     =         0.0000  IMP     =         0.0000  CMAP       =       234.3891
 1-4 NB =       989.0624  1-4 EEL =     15143.4241  VDWAALS    =     17072.0407
 EELEC  =   -182790.4258  EHBOND  =         0.0000  RESTRAINT  =         0.0000
 ------------------------------------------------------------------------------

wrapping first mol.:      -59.95674       42.39583       73.43173

 NSTEP =  1200000   TIME(PS) =  247440.000  TEMP(K) =   309.11  PRESS =     0.0
 Etot   =   -113758.1842  EKtot   =     31443.5352  EPtot      =   -145201.7193
 BOND   =       867.4548  ANGLE   =      2153.5813  DIHED      =      1368.8104
 UB     =         0.0000  IMP     =         0.0000  CMAP       =       212.5961
 1-4 NB =       983.0795  1-4 EEL =     15051.1273  VDWAALS    =     17314.2697
 EELEC  =   -183152.6385  EHBOND  =         0.0000  RESTRAINT  =         0.0000
 ------------------------------------------------------------------------------

wrapping first mol.:      -59.95674       42.39583       73.43173

 NSTEP =  1220000   TIME(PS) =  247480.000  TEMP(K) =   308.48  PRESS =     0.0
 Etot   =   -113720.5851  EKtot   =     31379.1270  EPtot      =   -145099.7120
 BOND   =       902.2021  ANGLE   =      2184.0397  DIHED      =      1303.8154
 UB     =         0.0000  IMP     =         0.0000  CMAP       =       202.4977
 1-4 NB =       978.5448  1-4 EEL =     15011.4621  VDWAALS    =     17473.8815
 EELEC  =   -183156.1553  EHBOND  =         0.0000  RESTRAINT  =         0.0000
 ------------------------------------------------------------------------------

wrapping first mol.:       29.97838       42.39583       73.43173

 NSTEP =  1240000   TIME(PS) =  247520.000  TEMP(K) =   311.71  PRESS =     0.0
 Etot   =   -113530.1898  EKtot   =     31707.6953  EPtot      =   -145237.8851
 BOND   =       837.5840  ANGLE   =      2197.7827  DIHED      =      1400.0825
 UB     =         0.0000  IMP     =         0.0000  CMAP       =       231.3253
 1-4 NB =       984.2189  1-4 EEL =     15016.9159  VDWAALS    =     17188.7371
 EELEC  =   -183094.5316  EHBOND  =         0.0000  RESTRAINT  =         0.0000
 ------------------------------------------------------------------------------

wrapping first mol.:      -59.95674       42.39583       73.43173

 NSTEP =  1260000   TIME(PS) =  247560.000  TEMP(K) =   308.76  PRESS =     0.0
 Etot   =   -113910.4859  EKtot   =     31407.9805  EPtot      =   -145318.4663
 BOND   =       894.5488  ANGLE   =      2134.8998  DIHED      =      1345.2550
 UB     =         0.0000  IMP     =         0.0000  CMAP       =       234.1189
 1-4 NB =      1004.6093  1-4 EEL =     15018.3026  VDWAALS    =     17591.5807
 EELEC  =   -183541.7815  EHBOND  =         0.0000  RESTRAINT  =         0.0000
 ------------------------------------------------------------------------------

wrapping first mol.:      -59.95674       42.39583       73.43173

 NSTEP =  1280000   TIME(PS) =  247600.000  TEMP(K) =   305.86  PRESS =     0.0
 Etot   =   -113933.5181  EKtot   =     31112.9297  EPtot      =   -145046.4478
 BOND   =       877.0511  ANGLE   =      2162.1066  DIHED      =      1335.1524
 UB     =         0.0000  IMP     =         0.0000  CMAP       =       227.4746
 1-4 NB =       991.8559  1-4 EEL =     15051.9895  VDWAALS    =     17485.4310
 EELEC  =   -183177.5090  EHBOND  =         0.0000  RESTRAINT  =         0.0000
 ------------------------------------------------------------------------------

wrapping first mol.:      -59.95674       42.39583       73.43173

 NSTEP =  1300000   TIME(PS) =  247640.000  TEMP(K) =   310.65  PRESS =     0.0
 Etot   =   -113879.1287  EKtot   =     31599.8516  EPtot      =   -145478.9803
 BOND   =       869.9323  ANGLE   =      2130.5618  DIHED      =      1352.3753
 UB     =         0.0000  IMP     =         0.0000  CMAP       =       214.2218
 1-4 NB =      1002.4713  1-4 EEL =     15052.0939  VDWAALS    =     17087.0114
 EELEC  =   -183187.6482  EHBOND  =         0.0000  RESTRAINT  =         0.0000
 ------------------------------------------------------------------------------

wrapping first mol.:      -59.95674       42.39583       73.43173

 NSTEP =  1320000   TIME(PS) =  247680.000  TEMP(K) =   310.57  PRESS =     0.0
 Etot   =   -113466.0431  EKtot   =     31591.8145  EPtot      =   -145057.8575
 BOND   =       900.6208  ANGLE   =      2180.6505  DIHED      =      1338.2730
 UB     =         0.0000  IMP     =         0.0000  CMAP       =       220.3683
 1-4 NB =      1009.4505  1-4 EEL =     15046.8777  VDWAALS    =     17262.8458
 EELEC  =   -183016.9440  EHBOND  =         0.0000  RESTRAINT  =         0.0000
 ------------------------------------------------------------------------------

wrapping first mol.:      -59.95674       42.39583       73.43173

 NSTEP =  1340000   TIME(PS) =  247720.000  TEMP(K) =   310.43  PRESS =     0.0
 Etot   =   -113670.5840  EKtot   =     31578.0176  EPtot      =   -145248.6015
 BOND   =       847.5740  ANGLE   =      2105.9894  DIHED      =      1362.8481
 UB     =         0.0000  IMP     =         0.0000  CMAP       =       210.9321
 1-4 NB =       980.4810  1-4 EEL =     15097.8740  VDWAALS    =     17067.5826
 EELEC  =   -182921.8827  EHBOND  =         0.0000  RESTRAINT  =         0.0000
 ------------------------------------------------------------------------------

wrapping first mol.:      -59.95674       42.39583       73.43173

 NSTEP =  1360000   TIME(PS) =  247760.000  TEMP(K) =   308.45  PRESS =     0.0
 Etot   =   -113786.7088  EKtot   =     31376.2773  EPtot      =   -145162.9862
 BOND   =       871.7596  ANGLE   =      2103.0127  DIHED      =      1341.8167
 UB     =         0.0000  IMP     =         0.0000  CMAP       =       220.4819
 1-4 NB =      1006.0302  1-4 EEL =     15071.4629  VDWAALS    =     16936.8450
 EELEC  =   -182714.3951  EHBOND  =         0.0000  RESTRAINT  =         0.0000
 ------------------------------------------------------------------------------

wrapping first mol.:      -59.95674       42.39583       73.43173

 NSTEP =  1380000   TIME(PS) =  247800.000  TEMP(K) =   309.06  PRESS =     0.0
 Etot   =   -113712.4431  EKtot   =     31438.2969  EPtot      =   -145150.7399
 BOND   =       887.4265  ANGLE   =      2204.0301  DIHED      =      1348.8727
 UB     =         0.0000  IMP     =         0.0000  CMAP       =       213.9428
 1-4 NB =       990.0041  1-4 EEL =     15067.6657  VDWAALS    =     17470.5984
 EELEC  =   -183333.2802  EHBOND  =         0.0000  RESTRAINT  =         0.0000
 ------------------------------------------------------------------------------

wrapping first mol.:      -59.95674       42.39583       73.43173

 NSTEP =  1400000   TIME(PS) =  247840.000  TEMP(K) =   309.29  PRESS =     0.0
 Etot   =   -113914.4648  EKtot   =     31462.1660  EPtot      =   -145376.6308
 BOND   =       851.9143  ANGLE   =      2093.6364  DIHED      =      1329.8865
 UB     =         0.0000  IMP     =         0.0000  CMAP       =       197.7020
 1-4 NB =       996.9695  1-4 EEL =     15074.0229  VDWAALS    =     17101.0767
 EELEC  =   -183021.8392  EHBOND  =         0.0000  RESTRAINT  =         0.0000
 ------------------------------------------------------------------------------

wrapping first mol.:      -59.95674       42.39583       73.43173

 NSTEP =  1420000   TIME(PS) =  247880.000  TEMP(K) =   308.63  PRESS =     0.0
 Etot   =   -113823.8494  EKtot   =     31394.7559  EPtot      =   -145218.6053
 BOND   =       857.5532  ANGLE   =      2156.5895  DIHED      =      1329.3405
 UB     =         0.0000  IMP     =         0.0000  CMAP       =       196.0332
 1-4 NB =      1001.2387  1-4 EEL =     15071.0794  VDWAALS    =     17469.4159
 EELEC  =   -183299.8557  EHBOND  =         0.0000  RESTRAINT  =         0.0000
 ------------------------------------------------------------------------------

wrapping first mol.:      -59.95674       42.39583       73.43173

 NSTEP =  1440000   TIME(PS) =  247920.000  TEMP(K) =   309.07  PRESS =     0.0
 Etot   =   -113838.8917  EKtot   =     31439.1211  EPtot      =   -145278.0128
 BOND   =       851.6660  ANGLE   =      2147.5708  DIHED      =      1347.5208
 UB     =         0.0000  IMP     =         0.0000  CMAP       =       216.9957
 1-4 NB =      1016.7897  1-4 EEL =     15034.1784  VDWAALS    =     17312.2955
 EELEC  =   -183205.0297  EHBOND  =         0.0000  RESTRAINT  =         0.0000
 ------------------------------------------------------------------------------

wrapping first mol.:      -59.95674       42.39583       73.43173

 NSTEP =  1460000   TIME(PS) =  247960.000  TEMP(K) =   311.33  PRESS =     0.0
 Etot   =   -113461.9559  EKtot   =     31669.6094  EPtot      =   -145131.5653
 BOND   =       832.6389  ANGLE   =      2060.0962  DIHED      =      1330.5844
 UB     =         0.0000  IMP     =         0.0000  CMAP       =       214.6518
 1-4 NB =      1007.4964  1-4 EEL =     15094.7933  VDWAALS    =     17083.0522
 EELEC  =   -182754.8784  EHBOND  =         0.0000  RESTRAINT  =         0.0000
 ------------------------------------------------------------------------------

wrapping first mol.:      -59.95674       42.39583       73.43173

 NSTEP =  1480000   TIME(PS) =  248000.000  TEMP(K) =   310.38  PRESS =     0.0
 Etot   =   -113580.5432  EKtot   =     31572.2715  EPtot      =   -145152.8147
 BOND   =       848.6591  ANGLE   =      2146.5947  DIHED      =      1342.8328
 UB     =         0.0000  IMP     =         0.0000  CMAP       =       221.2921
 1-4 NB =       988.5383  1-4 EEL =     15048.5722  VDWAALS    =     17120.1488
 EELEC  =   -182869.4527  EHBOND  =         0.0000  RESTRAINT  =         0.0000
 ------------------------------------------------------------------------------

wrapping first mol.:      -59.95674       42.39583       73.43173

 NSTEP =  1500000   TIME(PS) =  248040.000  TEMP(K) =   310.64  PRESS =     0.0
 Etot   =   -113572.9397  EKtot   =     31599.4805  EPtot      =   -145172.4201
 BOND   =       886.6489  ANGLE   =      2153.0241  DIHED      =      1334.8190
 UB     =         0.0000  IMP     =         0.0000  CMAP       =       202.6746
 1-4 NB =       991.6781  1-4 EEL =     15097.8687  VDWAALS    =     17184.2904
 EELEC  =   -183023.4239  EHBOND  =         0.0000  RESTRAINT  =         0.0000
 ------------------------------------------------------------------------------

wrapping first mol.:      -59.95674       42.39583       73.43173

 NSTEP =  1520000   TIME(PS) =  248080.000  TEMP(K) =   308.54  PRESS =     0.0
 Etot   =   -113524.8825  EKtot   =     31385.8809  EPtot      =   -144910.7633
 BOND   =       887.6738  ANGLE   =      2164.9825  DIHED      =      1387.0980
 UB     =         0.0000  IMP     =         0.0000  CMAP       =       208.9106
 1-4 NB =      1001.9197  1-4 EEL =     15105.2947  VDWAALS    =     17338.7348
 EELEC  =   -183005.3773  EHBOND  =         0.0000  RESTRAINT  =         0.0000
 ------------------------------------------------------------------------------

wrapping first mol.:      -59.95674       42.39583       73.43173

 NSTEP =  1540000   TIME(PS) =  248120.000  TEMP(K) =   311.31  PRESS =     0.0
 Etot   =   -113580.1207  EKtot   =     31667.2676  EPtot      =   -145247.3882
 BOND   =       852.0101  ANGLE   =      2080.9834  DIHED      =      1374.3633
 UB     =         0.0000  IMP     =         0.0000  CMAP       =       200.3617
 1-4 NB =      1011.3032  1-4 EEL =     15068.8847  VDWAALS    =     17519.8671
 EELEC  =   -183355.1617  EHBOND  =         0.0000  RESTRAINT  =         0.0000
 ------------------------------------------------------------------------------

wrapping first mol.:       29.97838       42.39583       73.43173

 NSTEP =  1560000   TIME(PS) =  248160.000  TEMP(K) =   309.83  PRESS =     0.0
 Etot   =   -113530.2128  EKtot   =     31516.6973  EPtot      =   -145046.9100
 BOND   =       853.4249  ANGLE   =      2204.2285  DIHED      =      1334.0318
 UB     =         0.0000  IMP     =         0.0000  CMAP       =       225.7880
 1-4 NB =      1022.2630  1-4 EEL =     15074.6573  VDWAALS    =     17173.4488
 EELEC  =   -182934.7525  EHBOND  =         0.0000  RESTRAINT  =         0.0000
 ------------------------------------------------------------------------------

wrapping first mol.:      -59.95674       42.39583       73.43173

 NSTEP =  1580000   TIME(PS) =  248200.000  TEMP(K) =   309.12  PRESS =     0.0
 Etot   =   -113960.3256  EKtot   =     31444.8594  EPtot      =   -145405.1850
 BOND   =       889.6222  ANGLE   =      2111.2342  DIHED      =      1357.9724
 UB     =         0.0000  IMP     =         0.0000  CMAP       =       221.0348
 1-4 NB =      1005.4277  1-4 EEL =     15038.1073  VDWAALS    =     17252.8003
 EELEC  =   -183281.3839  EHBOND  =         0.0000  RESTRAINT  =         0.0000
 ------------------------------------------------------------------------------

wrapping first mol.:      -59.95674       42.39583       73.43173

 NSTEP =  1600000   TIME(PS) =  248240.000  TEMP(K) =   306.66  PRESS =     0.0
 Etot   =   -113844.3626  EKtot   =     31194.4277  EPtot      =   -145038.7904
 BOND   =       857.4720  ANGLE   =      2189.0566  DIHED      =      1336.7132
 UB     =         0.0000  IMP     =         0.0000  CMAP       =       234.8537
 1-4 NB =      1001.9803  1-4 EEL =     15079.5304  VDWAALS    =     16974.0825
 EELEC  =   -182712.4791  EHBOND  =         0.0000  RESTRAINT  =         0.0000
 ------------------------------------------------------------------------------

wrapping first mol.:      -59.95674       42.39583       73.43173

 NSTEP =  1620000   TIME(PS) =  248280.000  TEMP(K) =   309.43  PRESS =     0.0
 Etot   =   -113286.7068  EKtot   =     31475.7910  EPtot      =   -144762.4978
 BOND   =       849.8607  ANGLE   =      2206.2551  DIHED      =      1370.1941
 UB     =         0.0000  IMP     =         0.0000  CMAP       =       215.5234
 1-4 NB =      1028.1108  1-4 EEL =     14996.5110  VDWAALS    =     17151.2075
 EELEC  =   -182580.1605  EHBOND  =         0.0000  RESTRAINT  =         0.0000
 ------------------------------------------------------------------------------

wrapping first mol.:      -59.95674       42.39583       73.43173

 NSTEP =  1640000   TIME(PS) =  248320.000  TEMP(K) =   309.18  PRESS =     0.0
 Etot   =   -113617.4457  EKtot   =     31450.0234  EPtot      =   -145067.4692
 BOND   =       874.2692  ANGLE   =      2120.1365  DIHED      =      1366.5431
 UB     =         0.0000  IMP     =         0.0000  CMAP       =       208.8746
 1-4 NB =      1019.3829  1-4 EEL =     15088.8892  VDWAALS    =     17377.7563
 EELEC  =   -183123.3211  EHBOND  =         0.0000  RESTRAINT  =         0.0000
 ------------------------------------------------------------------------------

wrapping first mol.:       29.97838       42.39583       73.43173

 NSTEP =  1660000   TIME(PS) =  248360.000  TEMP(K) =   309.88  PRESS =     0.0
 Etot   =   -113809.4677  EKtot   =     31521.3887  EPtot      =   -145330.8564
 BOND   =       838.1207  ANGLE   =      2153.3133  DIHED      =      1313.7636
 UB     =         0.0000  IMP     =         0.0000  CMAP       =       215.9646
 1-4 NB =      1008.7684  1-4 EEL =     15108.3164  VDWAALS    =     17101.7751
 EELEC  =   -183070.8785  EHBOND  =         0.0000  RESTRAINT  =         0.0000
 ------------------------------------------------------------------------------

wrapping first mol.:      -59.95674       42.39583       73.43173

 NSTEP =  1680000   TIME(PS) =  248400.000  TEMP(K) =   309.18  PRESS =     0.0
 Etot   =   -113736.3466  EKtot   =     31450.9277  EPtot      =   -145187.2744
 BOND   =       874.8250  ANGLE   =      2133.0778  DIHED      =      1335.1666
 UB     =         0.0000  IMP     =         0.0000  CMAP       =       216.6193
 1-4 NB =       985.0618  1-4 EEL =     15111.9400  VDWAALS    =     17523.3401
 EELEC  =   -183367.3050  EHBOND  =         0.0000  RESTRAINT  =         0.0000
 ------------------------------------------------------------------------------

wrapping first mol.:      -59.95674       42.39583       73.43173

 NSTEP =  1700000   TIME(PS) =  248440.000  TEMP(K) =   309.60  PRESS =     0.0
 Etot   =   -113915.5270  EKtot   =     31492.8867  EPtot      =   -145408.4137
 BOND   =       868.0836  ANGLE   =      2124.8375  DIHED      =      1334.3308
 UB     =         0.0000  IMP     =         0.0000  CMAP       =       237.7241
 1-4 NB =      1023.2633  1-4 EEL =     15109.5843  VDWAALS    =     17011.3939
 EELEC  =   -183117.6311  EHBOND  =         0.0000  RESTRAINT  =         0.0000
 ------------------------------------------------------------------------------

wrapping first mol.:       29.97838       42.39583       73.43173

 NSTEP =  1720000   TIME(PS) =  248480.000  TEMP(K) =   310.22  PRESS =     0.0
 Etot   =   -113641.6631  EKtot   =     31556.5371  EPtot      =   -145198.2002
 BOND   =       934.5525  ANGLE   =      2130.0073  DIHED      =      1336.3117
 UB     =         0.0000  IMP     =         0.0000  CMAP       =       217.2737
 1-4 NB =       975.0876  1-4 EEL =     15094.5404  VDWAALS    =     17319.9928
 EELEC  =   -183205.9662  EHBOND  =         0.0000  RESTRAINT  =         0.0000
 ------------------------------------------------------------------------------

wrapping first mol.:       29.97838       42.39583       73.43173

 NSTEP =  1740000   TIME(PS) =  248520.000  TEMP(K) =   309.74  PRESS =     0.0
 Etot   =   -113885.5921  EKtot   =     31507.8613  EPtot      =   -145393.4534
 BOND   =       883.4913  ANGLE   =      2114.3310  DIHED      =      1352.0404
 UB     =         0.0000  IMP     =         0.0000  CMAP       =       215.8799
 1-4 NB =      1004.6324  1-4 EEL =     15034.2459  VDWAALS    =     17302.1803
 EELEC  =   -183300.2547  EHBOND  =         0.0000  RESTRAINT  =         0.0000
 ------------------------------------------------------------------------------

wrapping first mol.:       29.97838       42.39583       73.43173

 NSTEP =  1760000   TIME(PS) =  248560.000  TEMP(K) =   309.72  PRESS =     0.0
 Etot   =   -113454.4463  EKtot   =     31505.2363  EPtot      =   -144959.6827
 BOND   =       877.4350  ANGLE   =      2130.5131  DIHED      =      1308.5098
 UB     =         0.0000  IMP     =         0.0000  CMAP       =       209.3876
 1-4 NB =       997.3761  1-4 EEL =     15089.2313  VDWAALS    =     16854.3081
 EELEC  =   -182426.4439  EHBOND  =         0.0000  RESTRAINT  =         0.0000
 ------------------------------------------------------------------------------

wrapping first mol.:       29.97838       42.39583       73.43173

 NSTEP =  1780000   TIME(PS) =  248600.000  TEMP(K) =   312.01  PRESS =     0.0
 Etot   =   -113702.2650  EKtot   =     31738.3984  EPtot      =   -145440.6635
 BOND   =       811.1994  ANGLE   =      2151.1686  DIHED      =      1354.6496
 UB     =         0.0000  IMP     =         0.0000  CMAP       =       217.5192
 1-4 NB =       985.7427  1-4 EEL =     15092.1367  VDWAALS    =     17200.0447
 EELEC  =   -183253.1244  EHBOND  =         0.0000  RESTRAINT  =         0.0000
 ------------------------------------------------------------------------------

wrapping first mol.:       29.97838       42.39583       73.43173

 NSTEP =  1800000   TIME(PS) =  248640.000  TEMP(K) =   310.03  PRESS =     0.0
 Etot   =   -113851.7355  EKtot   =     31537.1895  EPtot      =   -145388.9249
 BOND   =       834.6214  ANGLE   =      2135.2638  DIHED      =      1333.1372
 UB     =         0.0000  IMP     =         0.0000  CMAP       =       228.7487
 1-4 NB =      1007.8334  1-4 EEL =     15039.9544  VDWAALS    =     17423.4421
 EELEC  =   -183391.9259  EHBOND  =         0.0000  RESTRAINT  =         0.0000
 ------------------------------------------------------------------------------

wrapping first mol.:       29.97838       42.39583       73.43173

 NSTEP =  1820000   TIME(PS) =  248680.000  TEMP(K) =   311.18  PRESS =     0.0
 Etot   =   -113604.3680  EKtot   =     31653.8203  EPtot      =   -145258.1883
 BOND   =       864.1593  ANGLE   =      2186.7660  DIHED      =      1333.5742
 UB     =         0.0000  IMP     =         0.0000  CMAP       =       219.3790
 1-4 NB =      1012.3159  1-4 EEL =     15021.4829  VDWAALS    =     17559.2730
 EELEC  =   -183455.1385  EHBOND  =         0.0000  RESTRAINT  =         0.0000
 ------------------------------------------------------------------------------

wrapping first mol.:       29.97838       42.39583       73.43173

 NSTEP =  1840000   TIME(PS) =  248720.000  TEMP(K) =   309.37  PRESS =     0.0
 Etot   =   -113558.9341  EKtot   =     31469.6992  EPtot      =   -145028.6333
 BOND   =       836.9143  ANGLE   =      2076.1253  DIHED      =      1321.6230
 UB     =         0.0000  IMP     =         0.0000  CMAP       =       230.3053
 1-4 NB =      1001.8681  1-4 EEL =     15020.6502  VDWAALS    =     16881.6210
 EELEC  =   -182397.7405  EHBOND  =         0.0000  RESTRAINT  =         0.0000
 ------------------------------------------------------------------------------

wrapping first mol.:       29.97838       42.39583       73.43173

 NSTEP =  1860000   TIME(PS) =  248760.000  TEMP(K) =   310.13  PRESS =     0.0
 Etot   =   -113499.0584  EKtot   =     31546.7891  EPtot      =   -145045.8474
 BOND   =       805.4987  ANGLE   =      2135.3423  DIHED      =      1366.4966
 UB     =         0.0000  IMP     =         0.0000  CMAP       =       231.9824
 1-4 NB =       998.7347  1-4 EEL =     15022.8625  VDWAALS    =     17261.1929
 EELEC  =   -182867.9576  EHBOND  =         0.0000  RESTRAINT  =         0.0000
 ------------------------------------------------------------------------------

wrapping first mol.:       29.97838       42.39583       73.43173

 NSTEP =  1880000   TIME(PS) =  248800.000  TEMP(K) =   310.36  PRESS =     0.0
 Etot   =   -113304.3995  EKtot   =     31570.5645  EPtot      =   -144874.9639
 BOND   =       856.0781  ANGLE   =      2104.7342  DIHED      =      1347.0740
 UB     =         0.0000  IMP     =         0.0000  CMAP       =       225.3706
 1-4 NB =      1004.6388  1-4 EEL =     15084.9874  VDWAALS    =     16982.4665
 EELEC  =   -182480.3134  EHBOND  =         0.0000  RESTRAINT  =         0.0000
 ------------------------------------------------------------------------------

wrapping first mol.:       29.97838       42.39583       73.43173

 NSTEP =  1900000   TIME(PS) =  248840.000  TEMP(K) =   313.17  PRESS =     0.0
 Etot   =   -112996.6982  EKtot   =     31856.4023  EPtot      =   -144853.1006
 BOND   =       890.9988  ANGLE   =      2203.9436  DIHED      =      1371.4428
 UB     =         0.0000  IMP     =         0.0000  CMAP       =       214.1668
 1-4 NB =      1001.2998  1-4 EEL =     15075.6136  VDWAALS    =     17140.5931
 EELEC  =   -182751.1591  EHBOND  =         0.0000  RESTRAINT  =         0.0000
 ------------------------------------------------------------------------------

wrapping first mol.:       29.97838       42.39583       73.43173

 NSTEP =  1920000   TIME(PS) =  248880.000  TEMP(K) =   309.99  PRESS =     0.0
 Etot   =   -113727.1520  EKtot   =     31533.3789  EPtot      =   -145260.5309
 BOND   =       855.3125  ANGLE   =      2154.5029  DIHED      =      1350.9301
 UB     =         0.0000  IMP     =         0.0000  CMAP       =       243.0085
 1-4 NB =       987.5377  1-4 EEL =     15071.8585  VDWAALS    =     17121.7227
 EELEC  =   -183045.4036  EHBOND  =         0.0000  RESTRAINT  =         0.0000
 ------------------------------------------------------------------------------

wrapping first mol.:       29.97838       42.39583       73.43173

 NSTEP =  1940000   TIME(PS) =  248920.000  TEMP(K) =   309.91  PRESS =     0.0
 Etot   =   -113637.2338  EKtot   =     31524.6699  EPtot      =   -145161.9037
 BOND   =       882.4735  ANGLE   =      2133.7651  DIHED      =      1358.3278
 UB     =         0.0000  IMP     =         0.0000  CMAP       =       215.0983
 1-4 NB =       980.5453  1-4 EEL =     15142.4717  VDWAALS    =     16993.9234
 EELEC  =   -182868.5089  EHBOND  =         0.0000  RESTRAINT  =         0.0000
 ------------------------------------------------------------------------------

wrapping first mol.:       29.97838       42.39583       73.43173

 NSTEP =  1960000   TIME(PS) =  248960.000  TEMP(K) =   308.65  PRESS =     0.0
 Etot   =   -113611.4316  EKtot   =     31396.3984  EPtot      =   -145007.8301
 BOND   =       860.0424  ANGLE   =      2178.6016  DIHED      =      1350.6532
 UB     =         0.0000  IMP     =         0.0000  CMAP       =       236.4404
 1-4 NB =       986.8945  1-4 EEL =     15020.0087  VDWAALS    =     17290.3680
 EELEC  =   -182930.8389  EHBOND  =         0.0000  RESTRAINT  =         0.0000
 ------------------------------------------------------------------------------

wrapping first mol.:       29.97838       42.39583       73.43173

 NSTEP =  1980000   TIME(PS) =  249000.000  TEMP(K) =   309.70  PRESS =     0.0
 Etot   =   -113497.5264  EKtot   =     31503.4395  EPtot      =   -145000.9658
 BOND   =       859.1133  ANGLE   =      2167.8870  DIHED      =      1333.4954
 UB     =         0.0000  IMP     =         0.0000  CMAP       =       224.8821
 1-4 NB =      1006.3236  1-4 EEL =     15049.6042  VDWAALS    =     17446.4779
 EELEC  =   -183088.7493  EHBOND  =         0.0000  RESTRAINT  =         0.0000
 ------------------------------------------------------------------------------

wrapping first mol.:       29.97838       42.39583       73.43173

 NSTEP =  2000000   TIME(PS) =  249040.000  TEMP(K) =   308.07  PRESS =     0.0
 Etot   =   -114049.3585  EKtot   =     31337.9336  EPtot      =   -145387.2921
 BOND   =       809.0859  ANGLE   =      2212.7198  DIHED      =      1357.3336
 UB     =         0.0000  IMP     =         0.0000  CMAP       =       215.1976
 1-4 NB =      1005.5683  1-4 EEL =     15062.8751  VDWAALS    =     17258.6887
 EELEC  =   -183308.7611  EHBOND  =         0.0000  RESTRAINT  =         0.0000
 ------------------------------------------------------------------------------

wrapping first mol.:       29.97838       42.39583       73.43173

 NSTEP =  2020000   TIME(PS) =  249080.000  TEMP(K) =   309.19  PRESS =     0.0
 Etot   =   -113565.9188  EKtot   =     31451.2227  EPtot      =   -145017.1414
 BOND   =       874.2820  ANGLE   =      2156.8378  DIHED      =      1372.3855
 UB     =         0.0000  IMP     =         0.0000  CMAP       =       207.0083
 1-4 NB =       998.9026  1-4 EEL =     15044.9369  VDWAALS    =     17335.4390
 EELEC  =   -183006.9336  EHBOND  =         0.0000  RESTRAINT  =         0.0000
 ------------------------------------------------------------------------------

wrapping first mol.:       29.97838       42.39583       73.43173

 NSTEP =  2040000   TIME(PS) =  249120.000  TEMP(K) =   309.66  PRESS =     0.0
 Etot   =   -113617.9923  EKtot   =     31499.4355  EPtot      =   -145117.4278
 BOND   =       863.4901  ANGLE   =      2133.1383  DIHED      =      1361.5523
 UB     =         0.0000  IMP     =         0.0000  CMAP       =       231.1491
 1-4 NB =       989.6825  1-4 EEL =     15085.3497  VDWAALS    =     17203.6857
 EELEC  =   -182985.4754  EHBOND  =         0.0000  RESTRAINT  =         0.0000
 ------------------------------------------------------------------------------

wrapping first mol.:       29.97838       42.39583       73.43173

 NSTEP =  2060000   TIME(PS) =  249160.000  TEMP(K) =   309.89  PRESS =     0.0
 Etot   =   -113664.7855  EKtot   =     31522.4668  EPtot      =   -145187.2523
 BOND   =       816.0895  ANGLE   =      2185.5748  DIHED      =      1337.7149
 UB     =         0.0000  IMP     =         0.0000  CMAP       =       225.2941
 1-4 NB =      1006.4279  1-4 EEL =     15066.0476  VDWAALS    =     17351.8637
 EELEC  =   -183176.2649  EHBOND  =         0.0000  RESTRAINT  =         0.0000
 ------------------------------------------------------------------------------

wrapping first mol.:      -59.95674       42.39583       73.43173

 NSTEP =  2080000   TIME(PS) =  249200.000  TEMP(K) =   308.48  PRESS =     0.0
 Etot   =   -113740.6519  EKtot   =     31379.5879  EPtot      =   -145120.2398
 BOND   =       833.4573  ANGLE   =      2117.2841  DIHED      =      1399.9244
 UB     =         0.0000  IMP     =         0.0000  CMAP       =       223.5376
 1-4 NB =      1022.0096  1-4 EEL =     15093.4696  VDWAALS    =     17218.9084
 EELEC  =   -183028.8308  EHBOND  =         0.0000  RESTRAINT  =         0.0000
 ------------------------------------------------------------------------------

wrapping first mol.:      -59.95674       42.39583       73.43173

 NSTEP =  2100000   TIME(PS) =  249240.000  TEMP(K) =   308.45  PRESS =     0.0
 Etot   =   -113874.2170  EKtot   =     31376.6992  EPtot      =   -145250.9162
 BOND   =       856.3949  ANGLE   =      2157.1799  DIHED      =      1346.3813
 UB     =         0.0000  IMP     =         0.0000  CMAP       =       225.5250
 1-4 NB =       995.0077  1-4 EEL =     15106.6498  VDWAALS    =     17243.7238
 EELEC  =   -183181.7786  EHBOND  =         0.0000  RESTRAINT  =         0.0000
 ------------------------------------------------------------------------------

wrapping first mol.:      -59.95674       42.39583       73.43173

 NSTEP =  2120000   TIME(PS) =  249280.000  TEMP(K) =   311.84  PRESS =     0.0
 Etot   =   -113550.0014  EKtot   =     31720.8867  EPtot      =   -145270.8881
 BOND   =       881.2585  ANGLE   =      2154.7570  DIHED      =      1336.0188
 UB     =         0.0000  IMP     =         0.0000  CMAP       =       209.8508
 1-4 NB =      1018.2116  1-4 EEL =     15076.0688  VDWAALS    =     17015.6694
 EELEC  =   -182962.7231  EHBOND  =         0.0000  RESTRAINT  =         0.0000
 ------------------------------------------------------------------------------

wrapping first mol.:      -59.95674       42.39583       73.43173

 NSTEP =  2140000   TIME(PS) =  249320.000  TEMP(K) =   311.02  PRESS =     0.0
 Etot   =   -113449.6921  EKtot   =     31637.5840  EPtot      =   -145087.2761
 BOND   =       864.7999  ANGLE   =      2170.1201  DIHED      =      1384.1827
 UB     =         0.0000  IMP     =         0.0000  CMAP       =       216.4449
 1-4 NB =      1014.7036  1-4 EEL =     15109.8135  VDWAALS    =     17202.6254
 EELEC  =   -183049.9663  EHBOND  =         0.0000  RESTRAINT  =         0.0000
 ------------------------------------------------------------------------------

wrapping first mol.:      -59.95674       42.39583       73.43173

 NSTEP =  2160000   TIME(PS) =  249360.000  TEMP(K) =   310.83  PRESS =     0.0
 Etot   =   -113764.2937  EKtot   =     31618.5488  EPtot      =   -145382.8425
 BOND   =       842.2692  ANGLE   =      2114.7218  DIHED      =      1376.5626
 UB     =         0.0000  IMP     =         0.0000  CMAP       =       222.6009
 1-4 NB =      1006.3282  1-4 EEL =     15127.9883  VDWAALS    =     17341.1885
 EELEC  =   -183414.5020  EHBOND  =         0.0000  RESTRAINT  =         0.0000
 ------------------------------------------------------------------------------

wrapping first mol.:      -59.95674       42.39583       73.43173

 NSTEP =  2180000   TIME(PS) =  249400.000  TEMP(K) =   311.61  PRESS =     0.0
 Etot   =   -113280.7836  EKtot   =     31697.6172  EPtot      =   -144978.4008
 BOND   =       827.0828  ANGLE   =      2163.8074  DIHED      =      1371.1872
 UB     =         0.0000  IMP     =         0.0000  CMAP       =       238.4158
 1-4 NB =      1000.3447  1-4 EEL =     15149.6066  VDWAALS    =     17366.1079
 EELEC  =   -183094.9533  EHBOND  =         0.0000  RESTRAINT  =         0.0000
 ------------------------------------------------------------------------------

wrapping first mol.:      -59.95674       42.39583       73.43173

 NSTEP =  2200000   TIME(PS) =  249440.000  TEMP(K) =   308.77  PRESS =     0.0
 Etot   =   -113624.8379  EKtot   =     31408.8906  EPtot      =   -145033.7285
 BOND   =       865.4125  ANGLE   =      2146.4145  DIHED      =      1346.7956
 UB     =         0.0000  IMP     =         0.0000  CMAP       =       236.0636
 1-4 NB =      1003.4440  1-4 EEL =     15129.7338  VDWAALS    =     17278.9758
 EELEC  =   -183040.5683  EHBOND  =         0.0000  RESTRAINT  =         0.0000
 ------------------------------------------------------------------------------

wrapping first mol.:      -59.95674       42.39583       73.43173

 NSTEP =  2220000   TIME(PS) =  249480.000  TEMP(K) =   307.79  PRESS =     0.0
 Etot   =   -113750.9617  EKtot   =     31309.5801  EPtot      =   -145060.5417
 BOND   =       821.1960  ANGLE   =      2227.3977  DIHED      =      1319.7045
 UB     =         0.0000  IMP     =         0.0000  CMAP       =       226.1039
 1-4 NB =      1011.7476  1-4 EEL =     15060.1217  VDWAALS    =     16933.3528
 EELEC  =   -182660.1659  EHBOND  =         0.0000  RESTRAINT  =         0.0000
 ------------------------------------------------------------------------------

wrapping first mol.:      -59.95674       42.39583       73.43173

 NSTEP =  2240000   TIME(PS) =  249520.000  TEMP(K) =   310.01  PRESS =     0.0
 Etot   =   -113533.4628  EKtot   =     31535.4160  EPtot      =   -145068.8788
 BOND   =       853.5726  ANGLE   =      2127.2441  DIHED      =      1358.9679
 UB     =         0.0000  IMP     =         0.0000  CMAP       =       233.3993
 1-4 NB =       999.7730  1-4 EEL =     15133.1539  VDWAALS    =     17572.5979
 EELEC  =   -183347.5876  EHBOND  =         0.0000  RESTRAINT  =         0.0000
 ------------------------------------------------------------------------------

wrapping first mol.:      -59.95674       42.39583       73.43173

 NSTEP =  2260000   TIME(PS) =  249560.000  TEMP(K) =   309.83  PRESS =     0.0
 Etot   =   -113585.9852  EKtot   =     31516.4805  EPtot      =   -145102.4657
 BOND   =       837.3216  ANGLE   =      2149.3739  DIHED      =      1351.0976
 UB     =         0.0000  IMP     =         0.0000  CMAP       =       236.1220
 1-4 NB =      1012.3463  1-4 EEL =     15081.5007  VDWAALS    =     17251.5893
 EELEC  =   -183021.8171  EHBOND  =         0.0000  RESTRAINT  =         0.0000
 ------------------------------------------------------------------------------

wrapping first mol.:      -59.95674       42.39583       73.43173

 NSTEP =  2280000   TIME(PS) =  249600.000  TEMP(K) =   310.66  PRESS =     0.0
 Etot   =   -113877.0769  EKtot   =     31600.7090  EPtot      =   -145477.7859
 BOND   =       846.7213  ANGLE   =      2154.2882  DIHED      =      1329.9685
 UB     =         0.0000  IMP     =         0.0000  CMAP       =       215.5498
 1-4 NB =       986.3291  1-4 EEL =     15082.3248  VDWAALS    =     17427.2811
 EELEC  =   -183520.2487  EHBOND  =         0.0000  RESTRAINT  =         0.0000
 ------------------------------------------------------------------------------

wrapping first mol.:      -59.95674       42.39583       73.43173

 NSTEP =  2300000   TIME(PS) =  249640.000  TEMP(K) =   310.40  PRESS =     0.0
 Etot   =   -113298.5198  EKtot   =     31574.7910  EPtot      =   -144873.3108
 BOND   =       908.2026  ANGLE   =      2151.6050  DIHED      =      1377.1722
 UB     =         0.0000  IMP     =         0.0000  CMAP       =       242.3694
 1-4 NB =      1010.7573  1-4 EEL =     15117.8051  VDWAALS    =     17453.2431
 EELEC  =   -183134.4656  EHBOND  =         0.0000  RESTRAINT  =         0.0000
 ------------------------------------------------------------------------------

wrapping first mol.:      -59.95674       42.39583       73.43173

 NSTEP =  2320000   TIME(PS) =  249680.000  TEMP(K) =   308.17  PRESS =     0.0
 Etot   =   -113850.9100  EKtot   =     31347.3320  EPtot      =   -145198.2420
 BOND   =       853.1815  ANGLE   =      2170.8292  DIHED      =      1381.9591
 UB     =         0.0000  IMP     =         0.0000  CMAP       =       224.5266
 1-4 NB =       995.5834  1-4 EEL =     15141.9140  VDWAALS    =     17396.5717
 EELEC  =   -183362.8075  EHBOND  =         0.0000  RESTRAINT  =         0.0000
 ------------------------------------------------------------------------------

wrapping first mol.:      -59.95674       42.39583       73.43173

 NSTEP =  2340000   TIME(PS) =  249720.000  TEMP(K) =   311.24  PRESS =     0.0
 Etot   =   -113650.9423  EKtot   =     31659.7422  EPtot      =   -145310.6845
 BOND   =       872.6342  ANGLE   =      2071.3954  DIHED      =      1325.9898
 UB     =         0.0000  IMP     =         0.0000  CMAP       =       226.0056
 1-4 NB =       996.0717  1-4 EEL =     15053.8473  VDWAALS    =     17365.1104
 EELEC  =   -183221.7389  EHBOND  =         0.0000  RESTRAINT  =         0.0000
 ------------------------------------------------------------------------------

wrapping first mol.:      -59.95674       42.39583       73.43173

 NSTEP =  2360000   TIME(PS) =  249760.000  TEMP(K) =   309.46  PRESS =     0.0
 Etot   =   -113696.5433  EKtot   =     31478.9609  EPtot      =   -145175.5042
 BOND   =       864.8213  ANGLE   =      2140.7237  DIHED      =      1358.9749
 UB     =         0.0000  IMP     =         0.0000  CMAP       =       219.5491
 1-4 NB =       997.0835  1-4 EEL =     14999.0133  VDWAALS    =     17395.8132
 EELEC  =   -183151.4831  EHBOND  =         0.0000  RESTRAINT  =         0.0000
 ------------------------------------------------------------------------------

wrapping first mol.:      -59.95674       42.39583       73.43173

 NSTEP =  2380000   TIME(PS) =  249800.000  TEMP(K) =   310.28  PRESS =     0.0
 Etot   =   -113525.7096  EKtot   =     31562.1152  EPtot      =   -145087.8249
 BOND   =       839.1312  ANGLE   =      2155.4293  DIHED      =      1348.3204
 UB     =         0.0000  IMP     =         0.0000  CMAP       =       235.4654
 1-4 NB =       997.3120  1-4 EEL =     15141.3114  VDWAALS    =     17261.7017
 EELEC  =   -183066.4962  EHBOND  =         0.0000  RESTRAINT  =         0.0000
 ------------------------------------------------------------------------------

wrapping first mol.:      -59.95674       42.39583       73.43173

 NSTEP =  2400000   TIME(PS) =  249840.000  TEMP(K) =   310.28  PRESS =     0.0
 Etot   =   -114108.8342  EKtot   =     31562.4473  EPtot      =   -145671.2814
 BOND   =       867.1188  ANGLE   =      2124.0817  DIHED      =      1325.8623
 UB     =         0.0000  IMP     =         0.0000  CMAP       =       222.9138
 1-4 NB =      1010.6048  1-4 EEL =     15062.3345  VDWAALS    =     17329.6882
 EELEC  =   -183613.8855  EHBOND  =         0.0000  RESTRAINT  =         0.0000
 ------------------------------------------------------------------------------

wrapping first mol.:      -59.95674       42.39583       73.43173

 NSTEP =  2420000   TIME(PS) =  249880.000  TEMP(K) =   309.77  PRESS =     0.0
 Etot   =   -113815.3056  EKtot   =     31510.3164  EPtot      =   -145325.6220
 BOND   =       856.8105  ANGLE   =      2195.7381  DIHED      =      1362.5279
 UB     =         0.0000  IMP     =         0.0000  CMAP       =       227.3954
 1-4 NB =      1015.3913  1-4 EEL =     15067.6222  VDWAALS    =     17314.9493
 EELEC  =   -183366.0567  EHBOND  =         0.0000  RESTRAINT  =         0.0000
 ------------------------------------------------------------------------------

wrapping first mol.:      -59.95674       42.39583       73.43173

 NSTEP =  2440000   TIME(PS) =  249920.000  TEMP(K) =   310.76  PRESS =     0.0
 Etot   =   -113524.6041  EKtot   =     31611.6562  EPtot      =   -145136.2603
 BOND   =       831.8307  ANGLE   =      2137.8718  DIHED      =      1368.8288
 UB     =         0.0000  IMP     =         0.0000  CMAP       =       246.2374
 1-4 NB =      1013.2812  1-4 EEL =     15076.1881  VDWAALS    =     17405.5443
 EELEC  =   -183216.0426  EHBOND  =         0.0000  RESTRAINT  =         0.0000
 ------------------------------------------------------------------------------

wrapping first mol.:      -59.95674       42.39583       73.43173

 NSTEP =  2460000   TIME(PS) =  249960.000  TEMP(K) =   311.54  PRESS =     0.0
 Etot   =   -113638.9172  EKtot   =     31690.1719  EPtot      =   -145329.0891
 BOND   =       864.1032  ANGLE   =      2175.0425  DIHED      =      1346.4045
 UB     =         0.0000  IMP     =         0.0000  CMAP       =       214.6900
 1-4 NB =       996.2498  1-4 EEL =     15067.6927  VDWAALS    =     17225.3072
 EELEC  =   -183218.5791  EHBOND  =         0.0000  RESTRAINT  =         0.0000
 ------------------------------------------------------------------------------

wrapping first mol.:      -59.95674       42.39583       73.43173

 NSTEP =  2480000   TIME(PS) =  250000.000  TEMP(K) =   308.93  PRESS =     0.0
 Etot   =   -113922.9516  EKtot   =     31425.0547  EPtot      =   -145348.0063
 BOND   =       866.3960  ANGLE   =      2156.4536  DIHED      =      1379.7608
 UB     =         0.0000  IMP     =         0.0000  CMAP       =       220.8646
 1-4 NB =      1009.0510  1-4 EEL =     15139.2200  VDWAALS    =     17994.7542
 EELEC  =   -184114.5065  EHBOND  =         0.0000  RESTRAINT  =         0.0000
 ------------------------------------------------------------------------------

wrapping first mol.:      -59.95674       42.39583       73.43173
wrapping first mol.:      -59.95674       42.39583       73.43173

 NSTEP =  2500000   TIME(PS) =  250040.000  TEMP(K) =   310.47  PRESS =     0.0
 Etot   =   -114113.6787  EKtot   =     31581.9062  EPtot      =   -145695.5850
 BOND   =       840.8924  ANGLE   =      2148.9875  DIHED      =      1323.3269
 UB     =         0.0000  IMP     =         0.0000  CMAP       =       211.6734
 1-4 NB =       995.4977  1-4 EEL =     15096.5432  VDWAALS    =     17105.8461
 EELEC  =   -183418.3521  EHBOND  =         0.0000  RESTRAINT  =         0.0000
 ------------------------------------------------------------------------------


      A V E R A G E S   O V E R     125 S T E P S


 NSTEP =  2500000   TIME(PS) =  250040.000  TEMP(K) =   310.05  PRESS =     0.0
 Etot   =   -113636.1370  EKtot   =     31539.0155  EPtot      =   -145175.1525
 BOND   =       859.2226  ANGLE   =      2146.6761  DIHED      =      1351.1915
 UB     =         0.0000  IMP     =         0.0000  CMAP       =       220.1266
 1-4 NB =      1001.2154  1-4 EEL =     15074.0009  VDWAALS    =     17232.0295
 EELEC  =   -183059.6152  EHBOND  =         0.0000  RESTRAINT  =         0.0000
 ------------------------------------------------------------------------------


      R M S  F L U C T U A T I O N S


 NSTEP =  2500000   TIME(PS) =  250040.000  TEMP(K) =     1.26  PRESS =     0.0
 Etot   =       220.6790  EKtot   =       128.0793  EPtot      =       203.8450
 BOND   =        23.0857  ANGLE   =        34.0357  DIHED      =        19.4656
 UB     =         0.0000  IMP     =         0.0000  CMAP       =        11.1436
 1-4 NB =        12.9105  1-4 EEL =        40.1904  VDWAALS    =       197.7751
 EELEC  =       306.5841  EHBOND  =         0.0000  RESTRAINT  =         0.0000
 ------------------------------------------------------------------------------

--------------------------------------------------------------------------------
   5.  TIMINGS
--------------------------------------------------------------------------------

|  NonSetup CPU Time in Major Routines:
|
|     Routine           Sec        %
|     ------------------------------
|     Nonbond         150.88   16.80
|     Bond              0.00    0.00
|     Angle             0.00    0.00
|     Dihedral          0.00    0.00
|     Shake            10.37    1.15
|     RunMD           734.79   81.81
|     Other             2.15    0.24
|     ------------------------------
|     Total           898.19

|  PME Nonbond Pairlist CPU Time:
|
|     Routine              Sec        %
|     ---------------------------------
|     Set Up Cit           0.00    0.00
|     Build List           0.00    0.00
|     ---------------------------------
|     Total                0.00    0.00

|  PME Direct Force CPU Time:
|
|     Routine              Sec        %
|     ---------------------------------
|     NonBonded Calc       0.00    0.00
|     Exclude Masked       0.00    0.00
|     Other                1.35    0.15
|     ---------------------------------
|     Total                1.35    0.15

|  PME Reciprocal Force CPU Time:
|
|     Routine              Sec        %
|     ---------------------------------
|     1D bspline           0.00    0.00
|     Grid Charges         0.00    0.00
|     Scalar Sum           0.00    0.00
|     Gradient Sum         0.00    0.00
|     FFT                  0.00    0.00
|     ---------------------------------
|     Total                0.00    0.00

|  Final Performance Info:
|     -----------------------------------------------------
|     Average timings for last  140000 steps:
|     Elapsed(s) =      50.35 Per Step(ms) =       0.36
|         ns/day =     480.50   seconds/ns =     179.81
|
|     Average timings for all steps:
|     Elapsed(s) =     900.04 Per Step(ms) =       0.36
|         ns/day =     479.98   seconds/ns =     180.01
|     -----------------------------------------------------

|  Setup CPU time:            0.83 seconds
|  NonSetup CPU time:       898.19 seconds
|  Total CPU time:          899.02 seconds     0.25 hours

|  Setup wall time:           2    seconds
|  NonSetup wall time:      900    seconds
|  Total wall time:         902    seconds     0.25 hours
