
          -------------------------------------------------------
          Amber 24 PMEMD                              2024
          -------------------------------------------------------

| PMEMD implementation of SANDER, Release 24

|  Compiled date/time: Thu Apr  3 17:55:38 2025
| Run on 11/15/2025 at 17:36:25

|   Executable path: pmemd.cuda_SPFP
| Working directory: /rs1/researchers/h/hall/vtnguye4/Amber_restart/cappedP1L38M/mdsimP1L38M/newP1L38Mcapped_Simulation3
|          Hostname: gpu29

  [-O]verwriting output

File Assignments:
|   MDIN: /rs1/researchers/h/hall/vtnguye4/Amber_restart/cappedP1L38M/mdsimP1L38
|  MDOUT: ./OUT_Files/equil94.out                                               
| INPCRD: ./RST_Files/equil93.rst7                                              
|   PARM: ./PRMTOP_Files/newP1L38Mcapped.prmtop                                 
| RESTRT: ./RST_Files/equil94.rst7                                              
|   REFC: refc                                                                  
|  MDVEL: mdvel                                                                 
|   MDEN: mden                                                                  
|  MDCRD: ./nc_Files/equil94.nc                                                 
| MDINFO: mdinfo                                                                
|  MDFRC: mdfrc                                                                 


 Here is the input file:

!Stage equilibration 5ns                                                       
&cntrl                                                                         
imin=0, irest=1, ntx=5,                                                        
nstlim=2500000, dt=0.002,                                                      
ntc=2, ntf=2, ig=-1,                                                           
ntt=3, gamma_ln=2.0,                                                           
tempi=310.0, temp0=310.0,                                                      
ntxo=2, ioutfm=1,                                                              
ntpr=20000, ntwx=20000,                                                        
ntb=1,                                                                         
cut=9.0,                                                                       
iwrap=1,                                                                       
/                                                                              


Note: ig = -1. Setting random seed to   860003 based on wallclock time in 
      microseconds.
| irandom = 1, using AMBER's internal random number generator (default).
 
|--------------------- INFORMATION ----------------------
| GPU (CUDA) Version of PMEMD in use: NVIDIA GPU IN USE.
|                    Version 18.0.0
| 
|                      03/25/2018
| 
| Implementation by:
|                    Ross C. Walker     (SDSC)
|                    Scott Le Grand     (nVIDIA)
| 
| Version 18 performance extensions by:
|                    David Cerutti     (Rutgers)
| 
| Precision model in use:
|      [SPFP] - Single Precision Forces, 64-bit Fixed Point
|               Accumulation. (Default)
| 
|--------------------------------------------------------
 
|----------------- CITATION INFORMATION -----------------
|
|    When publishing work that utilized the CUDA version
|    of AMBER, please cite the following in addition to
|    the regular AMBER citations:
|
|  - Romelia Salomon-Ferrer; Andreas W. Goetz; Duncan
|    Poole; Scott Le Grand; Ross C. Walker "Routine
|    microsecond molecular dynamics simulations with
|    AMBER - Part II: Particle Mesh Ewald", J. Chem.
|    Theory Comput., 2013, 9 (9), pp3878-3888,
|    DOI: 10.1021/ct400314y.
|
|  - Andreas W. Goetz; Mark J. Williamson; Dong Xu;
|    Duncan Poole; Scott Le Grand; Ross C. Walker
|    "Routine microsecond molecular dynamics simulations
|    with AMBER - Part I: Generalized Born", J. Chem.
|    Theory Comput., 2012, 8 (5), pp1542-1555.
|
|  - Scott Le Grand; Andreas W. Goetz; Ross C. Walker
|    "SPFP: Speed without compromise - a mixed precision
|    model for GPU accelerated molecular dynamics
|    simulations.", Comp. Phys. Comm., 2013, 184
|    pp374-380, DOI: 10.1016/j.cpc.2012.09.022
|
|--------------------------------------------------------
 
|------------------- GPU DEVICE INFO --------------------
|
|            CUDA_VISIBLE_DEVICES: 0
|   CUDA Capable Devices Detected:      1
|           CUDA Device ID in use:      0
|                CUDA Device Name: NVIDIA L40S
|     CUDA Device Global Mem Size:  45487 MB
| CUDA Device Num Multiprocessors:    142
|           CUDA Device Core Freq:   2.52 GHz
|
|--------------------------------------------------------
 
 
| Conditional Compilation Defines Used:
| PUBFFT
| BINTRAJ
| CUDA
| EMIL

| Largest sphere to fit in unit cell has radius =    36.716

| New format PARM file being parsed.
| Version =    1.000 Date = 10/30/25 Time = 23:32:29

| Note: 1-4 EEL scale factors are being read from the topology file.

| Note: 1-4 VDW scale factors are being read from the topology file.
| Duplicated    0 dihedrals

| Duplicated    0 dihedrals

--------------------------------------------------------------------------------
   1.  RESOURCE   USE: 
--------------------------------------------------------------------------------

 getting box info from netcdf restart file
 NATOM  =   50023 NTYPES =      12 NBONH =   47691 MBONA  =    2332
 NTHETH =    5236 MTHETA =    3080 NPHIH =   10252 MPHIA  =    9504
 NHPARM =       0 NPARM  =       0 NNB   =   84972 NRES   =   15501
 NBONA  =    2332 NTHETA =    3080 NPHIA =    9504 NUMBND =      29
 NUMANG =      57 NPTRA  =      64 NATYP =      17 NPHB   =       0
 IFBOX  =       2 NMXRS  =      21 IFCAP =       0 NEXTRA =       0
 NCOPY  =       0

| Coordinate Index Table dimensions:    15   15   15
| Direct force subcell size =     5.9957    5.9957    5.9957

     BOX TYPE: TRUNCATED OCTAHEDRON

--------------------------------------------------------------------------------
   2.  CONTROL  DATA  FOR  THE  RUN
--------------------------------------------------------------------------------

default_name                                                                    

General flags:
     imin    =       0, nmropt  =       0

Nature and format of input:
     ntx     =       5, irest   =       1, ntrx    =       1

Nature and format of output:
     ntxo    =       2, ntpr    =   20000, ntrx    =       1, ntwr    = 2500000
     iwrap   =       1, ntwx    =   20000, ntwv    =       0, ntwe    =       0
     ioutfm  =       1, ntwprt  =       0, idecomp =       0, rbornstat=      0

Potential function:
     ntf     =       2, ntb     =       1, igb     =       0, nsnb    =      25
     ipol    =       0, gbsa    =       0, iesp    =       0
     dielc   =   1.00000, cut     =   9.00000, intdiel =   1.00000

Frozen or restrained atoms:
     ibelly  =       0, ntr     =       0

Molecular dynamics:
     nstlim  =   2500000, nscm    =      1000, nrespa  =         1
     t       =   0.00000, dt      =   0.00200, vlimit  =  -1.00000

Langevin dynamics temperature regulation:
     ig      =  860003
     temp0   = 310.00000, tempi   = 310.00000, gamma_ln=   2.00000

SHAKE:
     ntc     =       2, jfastw  =       0
     tol     =   0.00001

| Intermolecular bonds treatment:
|     no_intermolecular_bonds =       1

| Energy averages sample interval:
|     ene_avg_sampling =   20000

Ewald parameters:
     verbose =       0, ew_type =       0, nbflag  =       1, use_pme =       1
     vdwmeth =       1, eedmeth =       1, netfrc  =       1
     Box X =   89.935   Box Y =   89.935   Box Z =   89.935
     Alpha =  109.471   Beta  =  109.471   Gamma =  109.471
     NFFT1 =   96       NFFT2 =   96       NFFT3 =   96
     Cutoff=    9.000   Tol   =0.100E-04
     Ewald Coefficient =  0.30768
     Interpolation order =    4

--------------------------------------------------------------------------------
   3.  ATOMIC COORDINATES AND VELOCITIES
--------------------------------------------------------------------------------

default_name                                                                    
 begin time read from input coords =465039.998 ps

 
 Number of triangulated 3-point waters found:    15105

     Sum of charges from parm topology file =  -0.00000043
     Forcing neutrality...

| Dynamic Memory, Types Used:
| Reals             1595957
| Integers          2018996

| Nonbonded Pairs Initial Allocation:    11405244

| GPU memory information (estimate):
| KB of GPU memory in use:    394016
| KB of CPU memory in use:    114218

--------------------------------------------------------------------------------
   4.  RESULTS
--------------------------------------------------------------------------------


 NSTEP =    20000   TIME(PS) =  465079.998  TEMP(K) =   310.42  PRESS =     0.0
 Etot   =   -113755.4457  EKtot   =     31576.3652  EPtot      =   -145331.8109
 BOND   =       867.0151  ANGLE   =      2156.2331  DIHED      =      1386.2878
 UB     =         0.0000  IMP     =         0.0000  CMAP       =       221.3123
 1-4 NB =      1002.1633  1-4 EEL =     15056.4468  VDWAALS    =     17382.3163
 EELEC  =   -183403.5857  EHBOND  =         0.0000  RESTRAINT  =         0.0000
 ------------------------------------------------------------------------------


 NSTEP =    40000   TIME(PS) =  465119.998  TEMP(K) =   310.51  PRESS =     0.0
 Etot   =   -113563.6839  EKtot   =     31586.0176  EPtot      =   -145149.7014
 BOND   =       868.4710  ANGLE   =      2220.6988  DIHED      =      1346.6053
 UB     =         0.0000  IMP     =         0.0000  CMAP       =       226.8642
 1-4 NB =       994.4678  1-4 EEL =     15003.2265  VDWAALS    =     17458.7793
 EELEC  =   -183268.8144  EHBOND  =         0.0000  RESTRAINT  =         0.0000
 ------------------------------------------------------------------------------


 NSTEP =    60000   TIME(PS) =  465159.998  TEMP(K) =   309.61  PRESS =     0.0
 Etot   =   -113931.1318  EKtot   =     31494.3379  EPtot      =   -145425.4697
 BOND   =       886.5370  ANGLE   =      2198.1355  DIHED      =      1371.8354
 UB     =         0.0000  IMP     =         0.0000  CMAP       =       220.7109
 1-4 NB =      1004.4337  1-4 EEL =     15034.7669  VDWAALS    =     17370.8262
 EELEC  =   -183512.7153  EHBOND  =         0.0000  RESTRAINT  =         0.0000
 ------------------------------------------------------------------------------


 NSTEP =    80000   TIME(PS) =  465199.998  TEMP(K) =   309.12  PRESS =     0.0
 Etot   =   -113568.4512  EKtot   =     31444.0508  EPtot      =   -145012.5020
 BOND   =       874.8024  ANGLE   =      2142.2214  DIHED      =      1355.7930
 UB     =         0.0000  IMP     =         0.0000  CMAP       =       226.7634
 1-4 NB =      1018.4837  1-4 EEL =     15138.4269  VDWAALS    =     17153.8113
 EELEC  =   -182922.8040  EHBOND  =         0.0000  RESTRAINT  =         0.0000
 ------------------------------------------------------------------------------


 NSTEP =   100000   TIME(PS) =  465239.998  TEMP(K) =   307.97  PRESS =     0.0
 Etot   =   -113792.8398  EKtot   =     31327.8672  EPtot      =   -145120.7070
 BOND   =       891.6524  ANGLE   =      2124.5505  DIHED      =      1362.6426
 UB     =         0.0000  IMP     =         0.0000  CMAP       =       218.9827
 1-4 NB =      1013.4656  1-4 EEL =     15123.4861  VDWAALS    =     17011.5183
 EELEC  =   -182867.0052  EHBOND  =         0.0000  RESTRAINT  =         0.0000
 ------------------------------------------------------------------------------


 NSTEP =   120000   TIME(PS) =  465279.998  TEMP(K) =   310.93  PRESS =     0.0
 Etot   =   -113540.1846  EKtot   =     31628.9688  EPtot      =   -145169.1534
 BOND   =       893.5133  ANGLE   =      2169.6798  DIHED      =      1341.8029
 UB     =         0.0000  IMP     =         0.0000  CMAP       =       220.8858
 1-4 NB =      1021.4489  1-4 EEL =     15102.9174  VDWAALS    =     17555.8137
 EELEC  =   -183475.2153  EHBOND  =         0.0000  RESTRAINT  =         0.0000
 ------------------------------------------------------------------------------


 NSTEP =   140000   TIME(PS) =  465319.998  TEMP(K) =   310.19  PRESS =     0.0
 Etot   =   -113878.3535  EKtot   =     31553.1445  EPtot      =   -145431.4980
 BOND   =       866.8529  ANGLE   =      2096.7068  DIHED      =      1334.1335
 UB     =         0.0000  IMP     =         0.0000  CMAP       =       235.2154
 1-4 NB =      1002.6583  1-4 EEL =     15081.6901  VDWAALS    =     16994.6751
 EELEC  =   -183043.4301  EHBOND  =         0.0000  RESTRAINT  =         0.0000
 ------------------------------------------------------------------------------


 NSTEP =   160000   TIME(PS) =  465359.998  TEMP(K) =   310.65  PRESS =     0.0
 Etot   =   -113619.8448  EKtot   =     31600.2949  EPtot      =   -145220.1397
 BOND   =       847.5878  ANGLE   =      2165.9498  DIHED      =      1365.8629
 UB     =         0.0000  IMP     =         0.0000  CMAP       =       212.4333
 1-4 NB =      1002.3728  1-4 EEL =     15036.0790  VDWAALS    =     17203.5561
 EELEC  =   -183053.9815  EHBOND  =         0.0000  RESTRAINT  =         0.0000
 ------------------------------------------------------------------------------


 NSTEP =   180000   TIME(PS) =  465399.998  TEMP(K) =   310.48  PRESS =     0.0
 Etot   =   -113297.3696  EKtot   =     31583.1523  EPtot      =   -144880.5220
 BOND   =       834.5676  ANGLE   =      2146.8103  DIHED      =      1360.0516
 UB     =         0.0000  IMP     =         0.0000  CMAP       =       243.6685
 1-4 NB =      1004.4879  1-4 EEL =     15108.1446  VDWAALS    =     16973.8506
 EELEC  =   -182552.1030  EHBOND  =         0.0000  RESTRAINT  =         0.0000
 ------------------------------------------------------------------------------


 NSTEP =   200000   TIME(PS) =  465439.998  TEMP(K) =   311.16  PRESS =     0.0
 Etot   =   -113439.6518  EKtot   =     31651.9141  EPtot      =   -145091.5659
 BOND   =       898.3299  ANGLE   =      2170.0170  DIHED      =      1342.8687
 UB     =         0.0000  IMP     =         0.0000  CMAP       =       229.8920
 1-4 NB =      1011.3990  1-4 EEL =     15106.2991  VDWAALS    =     17139.6240
 EELEC  =   -182989.9955  EHBOND  =         0.0000  RESTRAINT  =         0.0000
 ------------------------------------------------------------------------------


 NSTEP =   220000   TIME(PS) =  465479.998  TEMP(K) =   310.12  PRESS =     0.0
 Etot   =   -114013.3399  EKtot   =     31546.6211  EPtot      =   -145559.9610
 BOND   =       821.8003  ANGLE   =      2108.2464  DIHED      =      1307.8130
 UB     =         0.0000  IMP     =         0.0000  CMAP       =       224.3865
 1-4 NB =       994.1999  1-4 EEL =     15053.0572  VDWAALS    =     17105.5215
 EELEC  =   -183174.9857  EHBOND  =         0.0000  RESTRAINT  =         0.0000
 ------------------------------------------------------------------------------


 NSTEP =   240000   TIME(PS) =  465519.998  TEMP(K) =   310.88  PRESS =     0.0
 Etot   =   -113812.9758  EKtot   =     31622.9707  EPtot      =   -145435.9465
 BOND   =       895.7099  ANGLE   =      2145.0435  DIHED      =      1363.4469
 UB     =         0.0000  IMP     =         0.0000  CMAP       =       220.4546
 1-4 NB =       985.8077  1-4 EEL =     14997.5210  VDWAALS    =     17411.7183
 EELEC  =   -183455.6483  EHBOND  =         0.0000  RESTRAINT  =         0.0000
 ------------------------------------------------------------------------------


 NSTEP =   260000   TIME(PS) =  465559.998  TEMP(K) =   307.79  PRESS =     0.0
 Etot   =   -113834.4673  EKtot   =     31309.5684  EPtot      =   -145144.0357
 BOND   =       859.0769  ANGLE   =      2105.3114  DIHED      =      1325.6868
 UB     =         0.0000  IMP     =         0.0000  CMAP       =       219.4053
 1-4 NB =       976.4995  1-4 EEL =     15060.6889  VDWAALS    =     17394.4199
 EELEC  =   -183085.1244  EHBOND  =         0.0000  RESTRAINT  =         0.0000
 ------------------------------------------------------------------------------


 NSTEP =   280000   TIME(PS) =  465599.998  TEMP(K) =   309.86  PRESS =     0.0
 Etot   =   -113849.8352  EKtot   =     31519.7559  EPtot      =   -145369.5911
 BOND   =       858.6011  ANGLE   =      2108.9700  DIHED      =      1370.7662
 UB     =         0.0000  IMP     =         0.0000  CMAP       =       214.9480
 1-4 NB =       997.2402  1-4 EEL =     15058.0936  VDWAALS    =     17512.5064
 EELEC  =   -183490.7166  EHBOND  =         0.0000  RESTRAINT  =         0.0000
 ------------------------------------------------------------------------------


 NSTEP =   300000   TIME(PS) =  465639.998  TEMP(K) =   309.28  PRESS =     0.0
 Etot   =   -113872.4760  EKtot   =     31461.1016  EPtot      =   -145333.5776
 BOND   =       846.6944  ANGLE   =      2130.7331  DIHED      =      1346.3517
 UB     =         0.0000  IMP     =         0.0000  CMAP       =       198.6201
 1-4 NB =      1018.3100  1-4 EEL =     14994.9380  VDWAALS    =     17442.6884
 EELEC  =   -183311.9132  EHBOND  =         0.0000  RESTRAINT  =         0.0000
 ------------------------------------------------------------------------------


 NSTEP =   320000   TIME(PS) =  465679.998  TEMP(K) =   309.87  PRESS =     0.0
 Etot   =   -113875.8777  EKtot   =     31520.2617  EPtot      =   -145396.1394
 BOND   =       876.3319  ANGLE   =      2118.2876  DIHED      =      1350.6277
 UB     =         0.0000  IMP     =         0.0000  CMAP       =       210.5060
 1-4 NB =       999.6281  1-4 EEL =     15057.9755  VDWAALS    =     17408.3806
 EELEC  =   -183417.8768  EHBOND  =         0.0000  RESTRAINT  =         0.0000
 ------------------------------------------------------------------------------


 NSTEP =   340000   TIME(PS) =  465719.998  TEMP(K) =   309.86  PRESS =     0.0
 Etot   =   -113786.4577  EKtot   =     31519.3906  EPtot      =   -145305.8483
 BOND   =       842.6323  ANGLE   =      2226.2432  DIHED      =      1360.2605
 UB     =         0.0000  IMP     =         0.0000  CMAP       =       225.2210
 1-4 NB =       996.9288  1-4 EEL =     14995.7742  VDWAALS    =     17263.8209
 EELEC  =   -183216.7293  EHBOND  =         0.0000  RESTRAINT  =         0.0000
 ------------------------------------------------------------------------------


 NSTEP =   360000   TIME(PS) =  465759.998  TEMP(K) =   310.48  PRESS =     0.0
 Etot   =   -113525.1834  EKtot   =     31582.8008  EPtot      =   -145107.9842
 BOND   =       860.6322  ANGLE   =      2102.7594  DIHED      =      1297.1355
 UB     =         0.0000  IMP     =         0.0000  CMAP       =       233.4380
 1-4 NB =       975.0352  1-4 EEL =     15079.1653  VDWAALS    =     17389.2412
 EELEC  =   -183045.3910  EHBOND  =         0.0000  RESTRAINT  =         0.0000
 ------------------------------------------------------------------------------


 NSTEP =   380000   TIME(PS) =  465799.998  TEMP(K) =   310.67  PRESS =     0.0
 Etot   =   -113148.9242  EKtot   =     31601.8340  EPtot      =   -144750.7582
 BOND   =       906.1192  ANGLE   =      2128.1688  DIHED      =      1361.2586
 UB     =         0.0000  IMP     =         0.0000  CMAP       =       231.1466
 1-4 NB =       998.0898  1-4 EEL =     15086.5417  VDWAALS    =     17164.4160
 EELEC  =   -182626.4989  EHBOND  =         0.0000  RESTRAINT  =         0.0000
 ------------------------------------------------------------------------------


 NSTEP =   400000   TIME(PS) =  465839.998  TEMP(K) =   308.48  PRESS =     0.0
 Etot   =   -113851.1205  EKtot   =     31379.4238  EPtot      =   -145230.5444
 BOND   =       829.2989  ANGLE   =      2180.2541  DIHED      =      1373.5239
 UB     =         0.0000  IMP     =         0.0000  CMAP       =       208.7762
 1-4 NB =      1018.8286  1-4 EEL =     15081.3416  VDWAALS    =     17088.7674
 EELEC  =   -183011.3350  EHBOND  =         0.0000  RESTRAINT  =         0.0000
 ------------------------------------------------------------------------------


 NSTEP =   420000   TIME(PS) =  465879.998  TEMP(K) =   312.10  PRESS =     0.0
 Etot   =   -113775.3837  EKtot   =     31747.5430  EPtot      =   -145522.9267
 BOND   =       868.3013  ANGLE   =      2167.7073  DIHED      =      1366.3587
 UB     =         0.0000  IMP     =         0.0000  CMAP       =       224.4204
 1-4 NB =       984.7290  1-4 EEL =     15000.3239  VDWAALS    =     17537.0192
 EELEC  =   -183671.7866  EHBOND  =         0.0000  RESTRAINT  =         0.0000
 ------------------------------------------------------------------------------


 NSTEP =   440000   TIME(PS) =  465919.998  TEMP(K) =   310.21  PRESS =     0.0
 Etot   =   -113935.6237  EKtot   =     31555.4688  EPtot      =   -145491.0924
 BOND   =       888.5103  ANGLE   =      2197.4225  DIHED      =      1351.2390
 UB     =         0.0000  IMP     =         0.0000  CMAP       =       232.0389
 1-4 NB =      1001.9140  1-4 EEL =     15088.8865  VDWAALS    =     17527.8273
 EELEC  =   -183778.9311  EHBOND  =         0.0000  RESTRAINT  =         0.0000
 ------------------------------------------------------------------------------


 NSTEP =   460000   TIME(PS) =  465959.998  TEMP(K) =   308.91  PRESS =     0.0
 Etot   =   -113812.3701  EKtot   =     31423.1445  EPtot      =   -145235.5146
 BOND   =       885.5139  ANGLE   =      2169.5315  DIHED      =      1357.4462
 UB     =         0.0000  IMP     =         0.0000  CMAP       =       215.8713
 1-4 NB =      1016.3085  1-4 EEL =     15106.8414  VDWAALS    =     17186.0493
 EELEC  =   -183173.0768  EHBOND  =         0.0000  RESTRAINT  =         0.0000
 ------------------------------------------------------------------------------


 NSTEP =   480000   TIME(PS) =  465999.998  TEMP(K) =   311.94  PRESS =     0.0
 Etot   =   -113226.3205  EKtot   =     31730.8711  EPtot      =   -144957.1916
 BOND   =       898.0013  ANGLE   =      2111.6505  DIHED      =      1392.5652
 UB     =         0.0000  IMP     =         0.0000  CMAP       =       226.4170
 1-4 NB =      1026.0491  1-4 EEL =     15180.0506  VDWAALS    =     17241.6776
 EELEC  =   -183033.6028  EHBOND  =         0.0000  RESTRAINT  =         0.0000
 ------------------------------------------------------------------------------


 NSTEP =   500000   TIME(PS) =  466039.998  TEMP(K) =   311.95  PRESS =     0.0
 Etot   =   -113825.9029  EKtot   =     31731.8320  EPtot      =   -145557.7349
 BOND   =       874.9949  ANGLE   =      2182.4818  DIHED      =      1362.4883
 UB     =         0.0000  IMP     =         0.0000  CMAP       =       236.1272
 1-4 NB =       987.5418  1-4 EEL =     15000.1992  VDWAALS    =     17487.5517
 EELEC  =   -183689.1199  EHBOND  =         0.0000  RESTRAINT  =         0.0000
 ------------------------------------------------------------------------------


 NSTEP =   520000   TIME(PS) =  466079.998  TEMP(K) =   308.08  PRESS =     0.0
 Etot   =   -114039.3134  EKtot   =     31338.4609  EPtot      =   -145377.7743
 BOND   =       838.0091  ANGLE   =      2098.1692  DIHED      =      1354.0343
 UB     =         0.0000  IMP     =         0.0000  CMAP       =       245.2659
 1-4 NB =      1005.3511  1-4 EEL =     15043.7294  VDWAALS    =     17285.5496
 EELEC  =   -183247.8830  EHBOND  =         0.0000  RESTRAINT  =         0.0000
 ------------------------------------------------------------------------------


 NSTEP =   540000   TIME(PS) =  466119.998  TEMP(K) =   310.94  PRESS =     0.0
 Etot   =   -113149.0240  EKtot   =     31629.1934  EPtot      =   -144778.2173
 BOND   =       922.9424  ANGLE   =      2167.7769  DIHED      =      1365.1556
 UB     =         0.0000  IMP     =         0.0000  CMAP       =       217.9414
 1-4 NB =       990.5589  1-4 EEL =     15140.8304  VDWAALS    =     17123.4349
 EELEC  =   -182706.8579  EHBOND  =         0.0000  RESTRAINT  =         0.0000
 ------------------------------------------------------------------------------


 NSTEP =   560000   TIME(PS) =  466159.998  TEMP(K) =   312.35  PRESS =     0.0
 Etot   =   -112903.2650  EKtot   =     31772.8340  EPtot      =   -144676.0990
 BOND   =       869.4092  ANGLE   =      2145.6473  DIHED      =      1367.2860
 UB     =         0.0000  IMP     =         0.0000  CMAP       =       234.8964
 1-4 NB =      1001.4015  1-4 EEL =     15050.5379  VDWAALS    =     17199.2600
 EELEC  =   -182544.5372  EHBOND  =         0.0000  RESTRAINT  =         0.0000
 ------------------------------------------------------------------------------


 NSTEP =   580000   TIME(PS) =  466199.998  TEMP(K) =   309.89  PRESS =     0.0
 Etot   =   -113551.0356  EKtot   =     31522.3281  EPtot      =   -145073.3638
 BOND   =       846.0891  ANGLE   =      2181.1462  DIHED      =      1398.3972
 UB     =         0.0000  IMP     =         0.0000  CMAP       =       242.7469
 1-4 NB =       996.7814  1-4 EEL =     15031.5804  VDWAALS    =     17515.8394
 EELEC  =   -183285.9444  EHBOND  =         0.0000  RESTRAINT  =         0.0000
 ------------------------------------------------------------------------------


 NSTEP =   600000   TIME(PS) =  466239.998  TEMP(K) =   309.74  PRESS =     0.0
 Etot   =   -113559.3337  EKtot   =     31507.3926  EPtot      =   -145066.7262
 BOND   =       856.0519  ANGLE   =      2135.4972  DIHED      =      1382.4842
 UB     =         0.0000  IMP     =         0.0000  CMAP       =       235.5684
 1-4 NB =      1002.0726  1-4 EEL =     15061.0170  VDWAALS    =     17265.9074
 EELEC  =   -183005.3249  EHBOND  =         0.0000  RESTRAINT  =         0.0000
 ------------------------------------------------------------------------------


 NSTEP =   620000   TIME(PS) =  466279.998  TEMP(K) =   312.62  PRESS =     0.0
 Etot   =   -113186.2023  EKtot   =     31800.5508  EPtot      =   -144986.7530
 BOND   =       855.7529  ANGLE   =      2133.3700  DIHED      =      1327.4588
 UB     =         0.0000  IMP     =         0.0000  CMAP       =       230.6046
 1-4 NB =      1027.7899  1-4 EEL =     15075.7787  VDWAALS    =     17221.4578
 EELEC  =   -182858.9659  EHBOND  =         0.0000  RESTRAINT  =         0.0000
 ------------------------------------------------------------------------------


 NSTEP =   640000   TIME(PS) =  466319.998  TEMP(K) =   309.91  PRESS =     0.0
 Etot   =   -113518.8676  EKtot   =     31525.1914  EPtot      =   -145044.0590
 BOND   =       868.2930  ANGLE   =      2122.3758  DIHED      =      1344.4109
 UB     =         0.0000  IMP     =         0.0000  CMAP       =       226.3641
 1-4 NB =      1013.4070  1-4 EEL =     15098.8970  VDWAALS    =     17010.0078
 EELEC  =   -182727.8146  EHBOND  =         0.0000  RESTRAINT  =         0.0000
 ------------------------------------------------------------------------------


 NSTEP =   660000   TIME(PS) =  466359.998  TEMP(K) =   308.29  PRESS =     0.0
 Etot   =   -113905.6624  EKtot   =     31359.9766  EPtot      =   -145265.6390
 BOND   =       840.1460  ANGLE   =      2126.6092  DIHED      =      1361.8705
 UB     =         0.0000  IMP     =         0.0000  CMAP       =       216.5331
 1-4 NB =      1000.6164  1-4 EEL =     15009.8108  VDWAALS    =     17222.6482
 EELEC  =   -183043.8730  EHBOND  =         0.0000  RESTRAINT  =         0.0000
 ------------------------------------------------------------------------------


 NSTEP =   680000   TIME(PS) =  466399.998  TEMP(K) =   310.46  PRESS =     0.0
 Etot   =   -113287.8969  EKtot   =     31580.8574  EPtot      =   -144868.7543
 BOND   =       866.0503  ANGLE   =      2184.9555  DIHED      =      1354.2060
 UB     =         0.0000  IMP     =         0.0000  CMAP       =       235.3080
 1-4 NB =       992.9349  1-4 EEL =     14975.9335  VDWAALS    =     17241.1042
 EELEC  =   -182719.2468  EHBOND  =         0.0000  RESTRAINT  =         0.0000
 ------------------------------------------------------------------------------


 NSTEP =   700000   TIME(PS) =  466439.998  TEMP(K) =   307.73  PRESS =     0.0
 Etot   =   -114014.7711  EKtot   =     31303.2070  EPtot      =   -145317.9782
 BOND   =       829.3629  ANGLE   =      2136.6317  DIHED      =      1340.7907
 UB     =         0.0000  IMP     =         0.0000  CMAP       =       227.3191
 1-4 NB =      1000.3652  1-4 EEL =     15084.5219  VDWAALS    =     17417.2468
 EELEC  =   -183354.2166  EHBOND  =         0.0000  RESTRAINT  =         0.0000
 ------------------------------------------------------------------------------


 NSTEP =   720000   TIME(PS) =  466479.998  TEMP(K) =   305.98  PRESS =     0.0
 Etot   =   -114055.7400  EKtot   =     31124.8652  EPtot      =   -145180.6052
 BOND   =       893.5187  ANGLE   =      2130.8660  DIHED      =      1371.7752
 UB     =         0.0000  IMP     =         0.0000  CMAP       =       233.4080
 1-4 NB =      1027.2733  1-4 EEL =     15096.3827  VDWAALS    =     17496.4982
 EELEC  =   -183430.3272  EHBOND  =         0.0000  RESTRAINT  =         0.0000
 ------------------------------------------------------------------------------


 NSTEP =   740000   TIME(PS) =  466519.998  TEMP(K) =   310.75  PRESS =     0.0
 Etot   =   -113642.5925  EKtot   =     31609.9141  EPtot      =   -145252.5065
 BOND   =       849.4559  ANGLE   =      2157.9802  DIHED      =      1346.9491
 UB     =         0.0000  IMP     =         0.0000  CMAP       =       242.5615
 1-4 NB =      1000.3398  1-4 EEL =     15083.0633  VDWAALS    =     16574.8222
 EELEC  =   -182507.6787  EHBOND  =         0.0000  RESTRAINT  =         0.0000
 ------------------------------------------------------------------------------


 NSTEP =   760000   TIME(PS) =  466559.998  TEMP(K) =   308.54  PRESS =     0.0
 Etot   =   -113684.9595  EKtot   =     31385.3066  EPtot      =   -145070.2661
 BOND   =       875.2815  ANGLE   =      2107.2031  DIHED      =      1332.3424
 UB     =         0.0000  IMP     =         0.0000  CMAP       =       219.1591
 1-4 NB =       997.0694  1-4 EEL =     15027.1563  VDWAALS    =     17001.5768
 EELEC  =   -182630.0547  EHBOND  =         0.0000  RESTRAINT  =         0.0000
 ------------------------------------------------------------------------------


 NSTEP =   780000   TIME(PS) =  466599.998  TEMP(K) =   309.71  PRESS =     0.0
 Etot   =   -113709.7893  EKtot   =     31504.3320  EPtot      =   -145214.1214
 BOND   =       814.6517  ANGLE   =      2143.4966  DIHED      =      1343.0027
 UB     =         0.0000  IMP     =         0.0000  CMAP       =       223.9713
 1-4 NB =      1013.0415  1-4 EEL =     15095.2922  VDWAALS    =     17470.7653
 EELEC  =   -183318.3427  EHBOND  =         0.0000  RESTRAINT  =         0.0000
 ------------------------------------------------------------------------------


 NSTEP =   800000   TIME(PS) =  466639.998  TEMP(K) =   310.93  PRESS =     0.0
 Etot   =   -113697.5151  EKtot   =     31628.6191  EPtot      =   -145326.1343
 BOND   =       885.8309  ANGLE   =      2118.7210  DIHED      =      1326.8556
 UB     =         0.0000  IMP     =         0.0000  CMAP       =       226.7067
 1-4 NB =       990.3925  1-4 EEL =     15004.8286  VDWAALS    =     17209.1586
 EELEC  =   -183088.6281  EHBOND  =         0.0000  RESTRAINT  =         0.0000
 ------------------------------------------------------------------------------


 NSTEP =   820000   TIME(PS) =  466679.998  TEMP(K) =   307.57  PRESS =     0.0
 Etot   =   -114073.2683  EKtot   =     31286.3770  EPtot      =   -145359.6453
 BOND   =       882.3357  ANGLE   =      2153.2082  DIHED      =      1378.1591
 UB     =         0.0000  IMP     =         0.0000  CMAP       =       225.7532
 1-4 NB =       999.1241  1-4 EEL =     15019.4609  VDWAALS    =     17364.3215
 EELEC  =   -183382.0079  EHBOND  =         0.0000  RESTRAINT  =         0.0000
 ------------------------------------------------------------------------------


 NSTEP =   840000   TIME(PS) =  466719.998  TEMP(K) =   310.54  PRESS =     0.0
 Etot   =   -113361.3695  EKtot   =     31589.1406  EPtot      =   -144950.5101
 BOND   =       875.2733  ANGLE   =      2177.8765  DIHED      =      1360.2015
 UB     =         0.0000  IMP     =         0.0000  CMAP       =       229.7521
 1-4 NB =       998.7267  1-4 EEL =     15046.9138  VDWAALS    =     17324.1566
 EELEC  =   -182963.4105  EHBOND  =         0.0000  RESTRAINT  =         0.0000
 ------------------------------------------------------------------------------


 NSTEP =   860000   TIME(PS) =  466759.998  TEMP(K) =   311.76  PRESS =     0.0
 Etot   =   -113695.0227  EKtot   =     31712.7227  EPtot      =   -145407.7453
 BOND   =       847.6296  ANGLE   =      2128.5966  DIHED      =      1341.4502
 UB     =         0.0000  IMP     =         0.0000  CMAP       =       236.3380
 1-4 NB =      1001.5901  1-4 EEL =     15014.1772  VDWAALS    =     17645.4023
 EELEC  =   -183622.9294  EHBOND  =         0.0000  RESTRAINT  =         0.0000
 ------------------------------------------------------------------------------


 NSTEP =   880000   TIME(PS) =  466799.998  TEMP(K) =   309.55  PRESS =     0.0
 Etot   =   -113722.1499  EKtot   =     31488.6484  EPtot      =   -145210.7983
 BOND   =       913.3934  ANGLE   =      2153.1660  DIHED      =      1362.8392
 UB     =         0.0000  IMP     =         0.0000  CMAP       =       208.8102
 1-4 NB =      1004.3031  1-4 EEL =     15051.8342  VDWAALS    =     17449.7433
 EELEC  =   -183354.8878  EHBOND  =         0.0000  RESTRAINT  =         0.0000
 ------------------------------------------------------------------------------


 NSTEP =   900000   TIME(PS) =  466839.998  TEMP(K) =   308.54  PRESS =     0.0
 Etot   =   -113871.2238  EKtot   =     31385.2246  EPtot      =   -145256.4484
 BOND   =       863.5887  ANGLE   =      2116.6916  DIHED      =      1308.0114
 UB     =         0.0000  IMP     =         0.0000  CMAP       =       229.7860
 1-4 NB =      1011.4775  1-4 EEL =     15002.1188  VDWAALS    =     17248.2872
 EELEC  =   -183036.4097  EHBOND  =         0.0000  RESTRAINT  =         0.0000
 ------------------------------------------------------------------------------


 NSTEP =   920000   TIME(PS) =  466879.998  TEMP(K) =   311.69  PRESS =     0.0
 Etot   =   -113352.6287  EKtot   =     31705.6348  EPtot      =   -145058.2634
 BOND   =       829.6719  ANGLE   =      2113.6273  DIHED      =      1329.1559
 UB     =         0.0000  IMP     =         0.0000  CMAP       =       219.4913
 1-4 NB =      1008.0688  1-4 EEL =     15032.9501  VDWAALS    =     17098.8587
 EELEC  =   -182690.0872  EHBOND  =         0.0000  RESTRAINT  =         0.0000
 ------------------------------------------------------------------------------


 NSTEP =   940000   TIME(PS) =  466919.998  TEMP(K) =   310.85  PRESS =     0.0
 Etot   =   -113678.1979  EKtot   =     31620.0977  EPtot      =   -145298.2956
 BOND   =       859.3401  ANGLE   =      2140.9175  DIHED      =      1360.2103
 UB     =         0.0000  IMP     =         0.0000  CMAP       =       226.2372
 1-4 NB =       993.8248  1-4 EEL =     15041.6118  VDWAALS    =     17198.9743
 EELEC  =   -183119.4116  EHBOND  =         0.0000  RESTRAINT  =         0.0000
 ------------------------------------------------------------------------------


 NSTEP =   960000   TIME(PS) =  466959.998  TEMP(K) =   311.15  PRESS =     0.0
 Etot   =   -113368.8164  EKtot   =     31650.7578  EPtot      =   -145019.5742
 BOND   =       843.1476  ANGLE   =      2094.6182  DIHED      =      1356.7233
 UB     =         0.0000  IMP     =         0.0000  CMAP       =       230.2348
 1-4 NB =      1000.7584  1-4 EEL =     15070.7288  VDWAALS    =     17163.3972
 EELEC  =   -182779.1825  EHBOND  =         0.0000  RESTRAINT  =         0.0000
 ------------------------------------------------------------------------------


 NSTEP =   980000   TIME(PS) =  466999.998  TEMP(K) =   309.45  PRESS =     0.0
 Etot   =   -113901.9755  EKtot   =     31478.1680  EPtot      =   -145380.1435
 BOND   =       891.5946  ANGLE   =      2086.6879  DIHED      =      1365.2751
 UB     =         0.0000  IMP     =         0.0000  CMAP       =       229.5464
 1-4 NB =       988.3380  1-4 EEL =     15000.1503  VDWAALS    =     17049.3443
 EELEC  =   -182991.0802  EHBOND  =         0.0000  RESTRAINT  =         0.0000
 ------------------------------------------------------------------------------


 NSTEP =  1000000   TIME(PS) =  467039.998  TEMP(K) =   312.43  PRESS =     0.0
 Etot   =   -113633.4006  EKtot   =     31780.9316  EPtot      =   -145414.3323
 BOND   =       867.9011  ANGLE   =      2101.6442  DIHED      =      1327.8100
 UB     =         0.0000  IMP     =         0.0000  CMAP       =       215.6690
 1-4 NB =       999.2473  1-4 EEL =     14961.9354  VDWAALS    =     17510.8301
 EELEC  =   -183399.3694  EHBOND  =         0.0000  RESTRAINT  =         0.0000
 ------------------------------------------------------------------------------


 NSTEP =  1020000   TIME(PS) =  467079.998  TEMP(K) =   308.96  PRESS =     0.0
 Etot   =   -113838.0297  EKtot   =     31427.9219  EPtot      =   -145265.9516
 BOND   =       807.9967  ANGLE   =      2133.0813  DIHED      =      1345.2837
 UB     =         0.0000  IMP     =         0.0000  CMAP       =       225.3447
 1-4 NB =       986.0195  1-4 EEL =     15026.2741  VDWAALS    =     17586.1053
 EELEC  =   -183376.0569  EHBOND  =         0.0000  RESTRAINT  =         0.0000
 ------------------------------------------------------------------------------


 NSTEP =  1040000   TIME(PS) =  467119.998  TEMP(K) =   311.40  PRESS =     0.0
 Etot   =   -113489.3316  EKtot   =     31676.8320  EPtot      =   -145166.1636
 BOND   =       792.5850  ANGLE   =      2236.3293  DIHED      =      1344.4150
 UB     =         0.0000  IMP     =         0.0000  CMAP       =       225.9215
 1-4 NB =       988.4612  1-4 EEL =     15038.5562  VDWAALS    =     17213.6418
 EELEC  =   -183006.0736  EHBOND  =         0.0000  RESTRAINT  =         0.0000
 ------------------------------------------------------------------------------


 NSTEP =  1060000   TIME(PS) =  467159.998  TEMP(K) =   310.12  PRESS =     0.0
 Etot   =   -113376.4639  EKtot   =     31546.3711  EPtot      =   -144922.8350
 BOND   =       884.4387  ANGLE   =      2157.6964  DIHED      =      1343.6823
 UB     =         0.0000  IMP     =         0.0000  CMAP       =       216.6156
 1-4 NB =       991.8373  1-4 EEL =     15049.0587  VDWAALS    =     16869.3472
 EELEC  =   -182435.5112  EHBOND  =         0.0000  RESTRAINT  =         0.0000
 ------------------------------------------------------------------------------


 NSTEP =  1080000   TIME(PS) =  467199.998  TEMP(K) =   310.45  PRESS =     0.0
 Etot   =   -113432.4363  EKtot   =     31580.0840  EPtot      =   -145012.5203
 BOND   =       845.8854  ANGLE   =      2167.2529  DIHED      =      1345.7330
 UB     =         0.0000  IMP     =         0.0000  CMAP       =       216.6788
 1-4 NB =       996.8844  1-4 EEL =     15019.8705  VDWAALS    =     17159.5947
 EELEC  =   -182764.4200  EHBOND  =         0.0000  RESTRAINT  =         0.0000
 ------------------------------------------------------------------------------


 NSTEP =  1100000   TIME(PS) =  467239.998  TEMP(K) =   312.35  PRESS =     0.0
 Etot   =   -113347.4140  EKtot   =     31773.1953  EPtot      =   -145120.6093
 BOND   =       892.4103  ANGLE   =      2154.2982  DIHED      =      1346.8333
 UB     =         0.0000  IMP     =         0.0000  CMAP       =       220.9492
 1-4 NB =       984.1387  1-4 EEL =     15040.3703  VDWAALS    =     17045.3879
 EELEC  =   -182804.9971  EHBOND  =         0.0000  RESTRAINT  =         0.0000
 ------------------------------------------------------------------------------


 NSTEP =  1120000   TIME(PS) =  467279.998  TEMP(K) =   311.31  PRESS =     0.0
 Etot   =   -113391.9250  EKtot   =     31667.2480  EPtot      =   -145059.1730
 BOND   =       897.2130  ANGLE   =      2163.4061  DIHED      =      1343.6528
 UB     =         0.0000  IMP     =         0.0000  CMAP       =       228.6346
 1-4 NB =      1001.2188  1-4 EEL =     14954.1672  VDWAALS    =     17262.4323
 EELEC  =   -182909.8978  EHBOND  =         0.0000  RESTRAINT  =         0.0000
 ------------------------------------------------------------------------------


 NSTEP =  1140000   TIME(PS) =  467319.998  TEMP(K) =   307.82  PRESS =     0.0
 Etot   =   -113970.9684  EKtot   =     31312.5742  EPtot      =   -145283.5426
 BOND   =       853.9755  ANGLE   =      2194.6293  DIHED      =      1364.7982
 UB     =         0.0000  IMP     =         0.0000  CMAP       =       194.1245
 1-4 NB =       976.2364  1-4 EEL =     15060.7128  VDWAALS    =     17371.1105
 EELEC  =   -183299.1299  EHBOND  =         0.0000  RESTRAINT  =         0.0000
 ------------------------------------------------------------------------------


 NSTEP =  1160000   TIME(PS) =  467359.998  TEMP(K) =   307.56  PRESS =     0.0
 Etot   =   -113809.6379  EKtot   =     31285.5215  EPtot      =   -145095.1594
 BOND   =       814.4776  ANGLE   =      2222.4964  DIHED      =      1341.3471
 UB     =         0.0000  IMP     =         0.0000  CMAP       =       207.5497
 1-4 NB =      1003.0785  1-4 EEL =     15043.4981  VDWAALS    =     17213.1355
 EELEC  =   -182940.7424  EHBOND  =         0.0000  RESTRAINT  =         0.0000
 ------------------------------------------------------------------------------


 NSTEP =  1180000   TIME(PS) =  467399.998  TEMP(K) =   307.79  PRESS =     0.0
 Etot   =   -113817.2380  EKtot   =     31309.6270  EPtot      =   -145126.8650
 BOND   =       858.0817  ANGLE   =      2112.9637  DIHED      =      1374.9225
 UB     =         0.0000  IMP     =         0.0000  CMAP       =       212.3592
 1-4 NB =       997.1584  1-4 EEL =     14954.0054  VDWAALS    =     17078.9928
 EELEC  =   -182715.3486  EHBOND  =         0.0000  RESTRAINT  =         0.0000
 ------------------------------------------------------------------------------


 NSTEP =  1200000   TIME(PS) =  467439.998  TEMP(K) =   312.27  PRESS =     0.0
 Etot   =   -113481.9792  EKtot   =     31764.6113  EPtot      =   -145246.5905
 BOND   =       857.0490  ANGLE   =      2124.9894  DIHED      =      1333.4518
 UB     =         0.0000  IMP     =         0.0000  CMAP       =       224.3137
 1-4 NB =       997.7116  1-4 EEL =     15037.3203  VDWAALS    =     17119.6228
 EELEC  =   -182941.0490  EHBOND  =         0.0000  RESTRAINT  =         0.0000
 ------------------------------------------------------------------------------


 NSTEP =  1220000   TIME(PS) =  467479.998  TEMP(K) =   308.23  PRESS =     0.0
 Etot   =   -113531.0664  EKtot   =     31353.7168  EPtot      =   -144884.7832
 BOND   =       853.9662  ANGLE   =      2196.4858  DIHED      =      1330.0714
 UB     =         0.0000  IMP     =         0.0000  CMAP       =       230.2214
 1-4 NB =       989.6763  1-4 EEL =     14942.7513  VDWAALS    =     17391.7697
 EELEC  =   -182819.7253  EHBOND  =         0.0000  RESTRAINT  =         0.0000
 ------------------------------------------------------------------------------


 NSTEP =  1240000   TIME(PS) =  467519.998  TEMP(K) =   309.93  PRESS =     0.0
 Etot   =   -113768.7817  EKtot   =     31526.7578  EPtot      =   -145295.5395
 BOND   =       833.8530  ANGLE   =      2139.4043  DIHED      =      1328.2996
 UB     =         0.0000  IMP     =         0.0000  CMAP       =       228.7828
 1-4 NB =      1007.6971  1-4 EEL =     15053.2437  VDWAALS    =     17218.4760
 EELEC  =   -183105.2961  EHBOND  =         0.0000  RESTRAINT  =         0.0000
 ------------------------------------------------------------------------------


 NSTEP =  1260000   TIME(PS) =  467559.998  TEMP(K) =   309.83  PRESS =     0.0
 Etot   =   -113650.0629  EKtot   =     31516.9258  EPtot      =   -145166.9887
 BOND   =       840.3159  ANGLE   =      2077.1204  DIHED      =      1366.0841
 UB     =         0.0000  IMP     =         0.0000  CMAP       =       229.6911
 1-4 NB =       998.4794  1-4 EEL =     15018.9969  VDWAALS    =     17564.5556
 EELEC  =   -183262.2319  EHBOND  =         0.0000  RESTRAINT  =         0.0000
 ------------------------------------------------------------------------------


 NSTEP =  1280000   TIME(PS) =  467599.998  TEMP(K) =   310.22  PRESS =     0.0
 Etot   =   -113616.6548  EKtot   =     31556.4297  EPtot      =   -145173.0845
 BOND   =       832.4798  ANGLE   =      2157.5978  DIHED      =      1345.5963
 UB     =         0.0000  IMP     =         0.0000  CMAP       =       238.7293
 1-4 NB =       980.1107  1-4 EEL =     15065.1308  VDWAALS    =     17125.4255
 EELEC  =   -182918.1547  EHBOND  =         0.0000  RESTRAINT  =         0.0000
 ------------------------------------------------------------------------------


 NSTEP =  1300000   TIME(PS) =  467639.998  TEMP(K) =   308.97  PRESS =     0.0
 Etot   =   -113852.5352  EKtot   =     31429.4551  EPtot      =   -145281.9902
 BOND   =       851.9177  ANGLE   =      2170.7988  DIHED      =      1331.2168
 UB     =         0.0000  IMP     =         0.0000  CMAP       =       242.2285
 1-4 NB =       993.4872  1-4 EEL =     15013.5086  VDWAALS    =     17321.4314
 EELEC  =   -183206.5791  EHBOND  =         0.0000  RESTRAINT  =         0.0000
 ------------------------------------------------------------------------------


 NSTEP =  1320000   TIME(PS) =  467679.998  TEMP(K) =   311.40  PRESS =     0.0
 Etot   =   -113511.1433  EKtot   =     31676.4180  EPtot      =   -145187.5613
 BOND   =       867.3818  ANGLE   =      2186.1612  DIHED      =      1316.1077
 UB     =         0.0000  IMP     =         0.0000  CMAP       =       219.2421
 1-4 NB =      1002.0938  1-4 EEL =     15022.1402  VDWAALS    =     17191.4739
 EELEC  =   -182992.1619  EHBOND  =         0.0000  RESTRAINT  =         0.0000
 ------------------------------------------------------------------------------


 NSTEP =  1340000   TIME(PS) =  467719.998  TEMP(K) =   310.53  PRESS =     0.0
 Etot   =   -113651.3596  EKtot   =     31587.4219  EPtot      =   -145238.7815
 BOND   =       876.3082  ANGLE   =      2069.9753  DIHED      =      1366.8543
 UB     =         0.0000  IMP     =         0.0000  CMAP       =       229.8467
 1-4 NB =       990.4382  1-4 EEL =     15076.0894  VDWAALS    =     17396.0457
 EELEC  =   -183244.3392  EHBOND  =         0.0000  RESTRAINT  =         0.0000
 ------------------------------------------------------------------------------


 NSTEP =  1360000   TIME(PS) =  467759.998  TEMP(K) =   310.87  PRESS =     0.0
 Etot   =   -113478.9674  EKtot   =     31622.3301  EPtot      =   -145101.2974
 BOND   =       849.4479  ANGLE   =      2182.2896  DIHED      =      1313.8611
 UB     =         0.0000  IMP     =         0.0000  CMAP       =       237.0367
 1-4 NB =       987.5603  1-4 EEL =     15081.0896  VDWAALS    =     17346.4913
 EELEC  =   -183099.0739  EHBOND  =         0.0000  RESTRAINT  =         0.0000
 ------------------------------------------------------------------------------


 NSTEP =  1380000   TIME(PS) =  467799.998  TEMP(K) =   310.16  PRESS =     0.0
 Etot   =   -113702.4527  EKtot   =     31550.0020  EPtot      =   -145252.4546
 BOND   =       838.8974  ANGLE   =      2150.0681  DIHED      =      1389.5292
 UB     =         0.0000  IMP     =         0.0000  CMAP       =       222.0220
 1-4 NB =       986.0093  1-4 EEL =     15138.0433  VDWAALS    =     17090.7400
 EELEC  =   -183067.7639  EHBOND  =         0.0000  RESTRAINT  =         0.0000
 ------------------------------------------------------------------------------


 NSTEP =  1400000   TIME(PS) =  467839.998  TEMP(K) =   307.93  PRESS =     0.0
 Etot   =   -113915.0611  EKtot   =     31322.9277  EPtot      =   -145237.9889
 BOND   =       884.9441  ANGLE   =      2184.0476  DIHED      =      1365.4471
 UB     =         0.0000  IMP     =         0.0000  CMAP       =       208.8370
 1-4 NB =       991.6527  1-4 EEL =     15013.9347  VDWAALS    =     17142.2666
 EELEC  =   -183029.1186  EHBOND  =         0.0000  RESTRAINT  =         0.0000
 ------------------------------------------------------------------------------


 NSTEP =  1420000   TIME(PS) =  467879.998  TEMP(K) =   308.92  PRESS =     0.0
 Etot   =   -114064.9057  EKtot   =     31423.6348  EPtot      =   -145488.5404
 BOND   =       843.9938  ANGLE   =      2138.6100  DIHED      =      1343.9558
 UB     =         0.0000  IMP     =         0.0000  CMAP       =       210.2718
 1-4 NB =      1003.3447  1-4 EEL =     15112.2545  VDWAALS    =     17330.4946
 EELEC  =   -183471.4656  EHBOND  =         0.0000  RESTRAINT  =         0.0000
 ------------------------------------------------------------------------------


 NSTEP =  1440000   TIME(PS) =  467919.998  TEMP(K) =   307.86  PRESS =     0.0
 Etot   =   -113909.4093  EKtot   =     31316.7012  EPtot      =   -145226.1104
 BOND   =       850.4477  ANGLE   =      2131.4036  DIHED      =      1353.0205
 UB     =         0.0000  IMP     =         0.0000  CMAP       =       228.1462
 1-4 NB =      1002.0622  1-4 EEL =     15073.3774  VDWAALS    =     17194.2357
 EELEC  =   -183058.8038  EHBOND  =         0.0000  RESTRAINT  =         0.0000
 ------------------------------------------------------------------------------


 NSTEP =  1460000   TIME(PS) =  467959.998  TEMP(K) =   311.56  PRESS =     0.0
 Etot   =   -113179.0568  EKtot   =     31692.9355  EPtot      =   -144871.9923
 BOND   =       857.1604  ANGLE   =      2174.8633  DIHED      =      1345.9535
 UB     =         0.0000  IMP     =         0.0000  CMAP       =       226.5593
 1-4 NB =       996.6273  1-4 EEL =     15100.2583  VDWAALS    =     17262.9757
 EELEC  =   -182836.3901  EHBOND  =         0.0000  RESTRAINT  =         0.0000
 ------------------------------------------------------------------------------


 NSTEP =  1480000   TIME(PS) =  467999.998  TEMP(K) =   308.92  PRESS =     0.0
 Etot   =   -113487.5987  EKtot   =     31424.0859  EPtot      =   -144911.6847
 BOND   =       852.4297  ANGLE   =      2124.4485  DIHED      =      1353.2006
 UB     =         0.0000  IMP     =         0.0000  CMAP       =       211.7565
 1-4 NB =      1002.0592  1-4 EEL =     15083.8688  VDWAALS    =     17073.1528
 EELEC  =   -182612.6008  EHBOND  =         0.0000  RESTRAINT  =         0.0000
 ------------------------------------------------------------------------------


 NSTEP =  1500000   TIME(PS) =  468039.998  TEMP(K) =   308.74  PRESS =     0.0
 Etot   =   -113887.1386  EKtot   =     31405.8691  EPtot      =   -145293.0078
 BOND   =       876.1626  ANGLE   =      2199.2402  DIHED      =      1356.4058
 UB     =         0.0000  IMP     =         0.0000  CMAP       =       211.2505
 1-4 NB =      1020.3045  1-4 EEL =     15044.0414  VDWAALS    =     17336.4722
 EELEC  =   -183336.8849  EHBOND  =         0.0000  RESTRAINT  =         0.0000
 ------------------------------------------------------------------------------


 NSTEP =  1520000   TIME(PS) =  468079.998  TEMP(K) =   310.69  PRESS =     0.0
 Etot   =   -113648.7646  EKtot   =     31603.8008  EPtot      =   -145252.5653
 BOND   =       861.5778  ANGLE   =      2126.6968  DIHED      =      1352.5885
 UB     =         0.0000  IMP     =         0.0000  CMAP       =       205.1748
 1-4 NB =       999.0870  1-4 EEL =     15093.6806  VDWAALS    =     17425.7698
 EELEC  =   -183317.1406  EHBOND  =         0.0000  RESTRAINT  =         0.0000
 ------------------------------------------------------------------------------


 NSTEP =  1540000   TIME(PS) =  468119.998  TEMP(K) =   310.13  PRESS =     0.0
 Etot   =   -113872.9471  EKtot   =     31547.3555  EPtot      =   -145420.3025
 BOND   =       856.1792  ANGLE   =      2154.6286  DIHED      =      1346.5458
 UB     =         0.0000  IMP     =         0.0000  CMAP       =       230.7321
 1-4 NB =       974.4576  1-4 EEL =     15085.9834  VDWAALS    =     17352.0393
 EELEC  =   -183420.8684  EHBOND  =         0.0000  RESTRAINT  =         0.0000
 ------------------------------------------------------------------------------


 NSTEP =  1560000   TIME(PS) =  468159.998  TEMP(K) =   310.87  PRESS =     0.0
 Etot   =   -113560.3856  EKtot   =     31622.0332  EPtot      =   -145182.4188
 BOND   =       840.5275  ANGLE   =      2164.6120  DIHED      =      1367.4425
 UB     =         0.0000  IMP     =         0.0000  CMAP       =       202.2841
 1-4 NB =       984.8910  1-4 EEL =     15061.4693  VDWAALS    =     17207.7743
 EELEC  =   -183011.4195  EHBOND  =         0.0000  RESTRAINT  =         0.0000
 ------------------------------------------------------------------------------


 NSTEP =  1580000   TIME(PS) =  468199.998  TEMP(K) =   312.27  PRESS =     0.0
 Etot   =   -113275.7541  EKtot   =     31765.0840  EPtot      =   -145040.8381
 BOND   =       904.0200  ANGLE   =      2146.0621  DIHED      =      1375.1228
 UB     =         0.0000  IMP     =         0.0000  CMAP       =       204.0633
 1-4 NB =      1007.8991  1-4 EEL =     15042.2557  VDWAALS    =     16891.5580
 EELEC  =   -182611.8191  EHBOND  =         0.0000  RESTRAINT  =         0.0000
 ------------------------------------------------------------------------------


 NSTEP =  1600000   TIME(PS) =  468239.998  TEMP(K) =   309.46  PRESS =     0.0
 Etot   =   -113519.8174  EKtot   =     31479.4277  EPtot      =   -144999.2451
 BOND   =       901.2033  ANGLE   =      2165.8675  DIHED      =      1293.1320
 UB     =         0.0000  IMP     =         0.0000  CMAP       =       213.8931
 1-4 NB =      1003.0115  1-4 EEL =     15071.4392  VDWAALS    =     17111.4264
 EELEC  =   -182759.2181  EHBOND  =         0.0000  RESTRAINT  =         0.0000
 ------------------------------------------------------------------------------


 NSTEP =  1620000   TIME(PS) =  468279.998  TEMP(K) =   310.16  PRESS =     0.0
 Etot   =   -113426.6885  EKtot   =     31549.8223  EPtot      =   -144976.5108
 BOND   =       864.9220  ANGLE   =      2126.0565  DIHED      =      1333.1235
 UB     =         0.0000  IMP     =         0.0000  CMAP       =       219.1168
 1-4 NB =       991.8290  1-4 EEL =     15052.2176  VDWAALS    =     17098.7934
 EELEC  =   -182662.5696  EHBOND  =         0.0000  RESTRAINT  =         0.0000
 ------------------------------------------------------------------------------


 NSTEP =  1640000   TIME(PS) =  468319.998  TEMP(K) =   309.77  PRESS =     0.0
 Etot   =   -114025.0884  EKtot   =     31510.1406  EPtot      =   -145535.2290
 BOND   =       880.7823  ANGLE   =      2184.3637  DIHED      =      1355.3984
 UB     =         0.0000  IMP     =         0.0000  CMAP       =       222.3514
 1-4 NB =      1008.6920  1-4 EEL =     15138.3574  VDWAALS    =     17331.0708
 EELEC  =   -183656.2450  EHBOND  =         0.0000  RESTRAINT  =         0.0000
 ------------------------------------------------------------------------------


 NSTEP =  1660000   TIME(PS) =  468359.998  TEMP(K) =   310.79  PRESS =     0.0
 Etot   =   -113973.2246  EKtot   =     31614.2871  EPtot      =   -145587.5117
 BOND   =       824.2307  ANGLE   =      2188.3921  DIHED      =      1339.9224
 UB     =         0.0000  IMP     =         0.0000  CMAP       =       207.2768
 1-4 NB =      1012.0631  1-4 EEL =     15087.3662  VDWAALS    =     17396.5747
 EELEC  =   -183643.3376  EHBOND  =         0.0000  RESTRAINT  =         0.0000
 ------------------------------------------------------------------------------


 NSTEP =  1680000   TIME(PS) =  468399.998  TEMP(K) =   311.11  PRESS =     0.0
 Etot   =   -113645.7165  EKtot   =     31646.9277  EPtot      =   -145292.6443
 BOND   =       865.6447  ANGLE   =      2154.6806  DIHED      =      1342.3138
 UB     =         0.0000  IMP     =         0.0000  CMAP       =       221.2333
 1-4 NB =       980.0418  1-4 EEL =     15033.3753  VDWAALS    =     17493.1104
 EELEC  =   -183383.0441  EHBOND  =         0.0000  RESTRAINT  =         0.0000
 ------------------------------------------------------------------------------


 NSTEP =  1700000   TIME(PS) =  468439.998  TEMP(K) =   310.59  PRESS =     0.0
 Etot   =   -113568.7087  EKtot   =     31594.2266  EPtot      =   -145162.9352
 BOND   =       838.0333  ANGLE   =      2160.6470  DIHED      =      1359.0439
 UB     =         0.0000  IMP     =         0.0000  CMAP       =       218.9926
 1-4 NB =      1006.0857  1-4 EEL =     15083.7859  VDWAALS    =     17441.7007
 EELEC  =   -183271.2243  EHBOND  =         0.0000  RESTRAINT  =         0.0000
 ------------------------------------------------------------------------------


 NSTEP =  1720000   TIME(PS) =  468479.998  TEMP(K) =   308.68  PRESS =     0.0
 Etot   =   -113637.3236  EKtot   =     31399.5840  EPtot      =   -145036.9076
 BOND   =       837.2036  ANGLE   =      2160.4521  DIHED      =      1341.9107
 UB     =         0.0000  IMP     =         0.0000  CMAP       =       225.6760
 1-4 NB =      1007.2357  1-4 EEL =     15105.6679  VDWAALS    =     17308.0645
 EELEC  =   -183023.1181  EHBOND  =         0.0000  RESTRAINT  =         0.0000
 ------------------------------------------------------------------------------


 NSTEP =  1740000   TIME(PS) =  468519.998  TEMP(K) =   310.00  PRESS =     0.0
 Etot   =   -113800.7380  EKtot   =     31533.7246  EPtot      =   -145334.4626
 BOND   =       903.7633  ANGLE   =      2126.3011  DIHED      =      1340.4426
 UB     =         0.0000  IMP     =         0.0000  CMAP       =       205.4394
 1-4 NB =       990.6648  1-4 EEL =     14959.3945  VDWAALS    =     17299.4521
 EELEC  =   -183159.9204  EHBOND  =         0.0000  RESTRAINT  =         0.0000
 ------------------------------------------------------------------------------


 NSTEP =  1760000   TIME(PS) =  468559.998  TEMP(K) =   307.47  PRESS =     0.0
 Etot   =   -114247.2017  EKtot   =     31276.6074  EPtot      =   -145523.8091
 BOND   =       866.3786  ANGLE   =      2108.8950  DIHED      =      1344.0329
 UB     =         0.0000  IMP     =         0.0000  CMAP       =       213.0752
 1-4 NB =      1019.8233  1-4 EEL =     15046.3486  VDWAALS    =     17396.3851
 EELEC  =   -183518.7477  EHBOND  =         0.0000  RESTRAINT  =         0.0000
 ------------------------------------------------------------------------------


 NSTEP =  1780000   TIME(PS) =  468599.998  TEMP(K) =   309.72  PRESS =     0.0
 Etot   =   -113683.0421  EKtot   =     31505.8223  EPtot      =   -145188.8644
 BOND   =       898.7564  ANGLE   =      2109.5954  DIHED      =      1321.2047
 UB     =         0.0000  IMP     =         0.0000  CMAP       =       215.1939
 1-4 NB =       991.8013  1-4 EEL =     15062.9371  VDWAALS    =     17200.7599
 EELEC  =   -182989.1130  EHBOND  =         0.0000  RESTRAINT  =         0.0000
 ------------------------------------------------------------------------------


 NSTEP =  1800000   TIME(PS) =  468639.998  TEMP(K) =   312.00  PRESS =     0.0
 Etot   =   -113446.9260  EKtot   =     31737.5352  EPtot      =   -145184.4611
 BOND   =       843.4761  ANGLE   =      2126.7922  DIHED      =      1369.5436
 UB     =         0.0000  IMP     =         0.0000  CMAP       =       231.1513
 1-4 NB =      1003.9948  1-4 EEL =     15153.4162  VDWAALS    =     16813.2020
 EELEC  =   -182726.0373  EHBOND  =         0.0000  RESTRAINT  =         0.0000
 ------------------------------------------------------------------------------


 NSTEP =  1820000   TIME(PS) =  468679.998  TEMP(K) =   308.67  PRESS =     0.0
 Etot   =   -113938.4694  EKtot   =     31398.5566  EPtot      =   -145337.0260
 BOND   =       878.0062  ANGLE   =      2160.7839  DIHED      =      1382.4232
 UB     =         0.0000  IMP     =         0.0000  CMAP       =       217.2712
 1-4 NB =       982.8127  1-4 EEL =     15094.9442  VDWAALS    =     17413.5864
 EELEC  =   -183466.8539  EHBOND  =         0.0000  RESTRAINT  =         0.0000
 ------------------------------------------------------------------------------


 NSTEP =  1840000   TIME(PS) =  468719.998  TEMP(K) =   310.19  PRESS =     0.0
 Etot   =   -113509.9057  EKtot   =     31552.7656  EPtot      =   -145062.6713
 BOND   =       871.2878  ANGLE   =      2154.5905  DIHED      =      1315.0427
 UB     =         0.0000  IMP     =         0.0000  CMAP       =       218.3107
 1-4 NB =       973.6329  1-4 EEL =     15069.4827  VDWAALS    =     17139.4629
 EELEC  =   -182804.4813  EHBOND  =         0.0000  RESTRAINT  =         0.0000
 ------------------------------------------------------------------------------


 NSTEP =  1860000   TIME(PS) =  468759.998  TEMP(K) =   310.00  PRESS =     0.0
 Etot   =   -113592.5115  EKtot   =     31533.7715  EPtot      =   -145126.2830
 BOND   =       855.8458  ANGLE   =      2175.5324  DIHED      =      1354.0508
 UB     =         0.0000  IMP     =         0.0000  CMAP       =       221.3954
 1-4 NB =      1004.9014  1-4 EEL =     14969.1693  VDWAALS    =     17532.1504
 EELEC  =   -183239.3286  EHBOND  =         0.0000  RESTRAINT  =         0.0000
 ------------------------------------------------------------------------------


 NSTEP =  1880000   TIME(PS) =  468799.998  TEMP(K) =   312.46  PRESS =     0.0
 Etot   =   -113330.3215  EKtot   =     31784.2793  EPtot      =   -145114.6008
 BOND   =       836.2050  ANGLE   =      2216.1780  DIHED      =      1343.8997
 UB     =         0.0000  IMP     =         0.0000  CMAP       =       216.4880
 1-4 NB =      1009.9196  1-4 EEL =     15024.6292  VDWAALS    =     17379.4389
 EELEC  =   -183141.3591  EHBOND  =         0.0000  RESTRAINT  =         0.0000
 ------------------------------------------------------------------------------


 NSTEP =  1900000   TIME(PS) =  468839.998  TEMP(K) =   308.85  PRESS =     0.0
 Etot   =   -113454.8829  EKtot   =     31416.5664  EPtot      =   -144871.4493
 BOND   =       843.2390  ANGLE   =      2195.8526  DIHED      =      1345.0916
 UB     =         0.0000  IMP     =         0.0000  CMAP       =       224.9659
 1-4 NB =      1001.9855  1-4 EEL =     15052.7882  VDWAALS    =     17006.6525
 EELEC  =   -182542.0247  EHBOND  =         0.0000  RESTRAINT  =         0.0000
 ------------------------------------------------------------------------------


 NSTEP =  1920000   TIME(PS) =  468879.998  TEMP(K) =   309.69  PRESS =     0.0
 Etot   =   -113463.8593  EKtot   =     31502.4531  EPtot      =   -144966.3125
 BOND   =       867.7049  ANGLE   =      2110.1208  DIHED      =      1311.0716
 UB     =         0.0000  IMP     =         0.0000  CMAP       =       231.2851
 1-4 NB =       989.9853  1-4 EEL =     15075.5897  VDWAALS    =     16971.1998
 EELEC  =   -182523.2697  EHBOND  =         0.0000  RESTRAINT  =         0.0000
 ------------------------------------------------------------------------------


 NSTEP =  1940000   TIME(PS) =  468919.998  TEMP(K) =   310.76  PRESS =     0.0
 Etot   =   -113552.7996  EKtot   =     31611.1250  EPtot      =   -145163.9246
 BOND   =       836.1520  ANGLE   =      2088.1002  DIHED      =      1356.9367
 UB     =         0.0000  IMP     =         0.0000  CMAP       =       211.4788
 1-4 NB =      1013.4655  1-4 EEL =     15127.4537  VDWAALS    =     17240.2699
 EELEC  =   -183037.7813  EHBOND  =         0.0000  RESTRAINT  =         0.0000
 ------------------------------------------------------------------------------


 NSTEP =  1960000   TIME(PS) =  468959.998  TEMP(K) =   311.81  PRESS =     0.0
 Etot   =   -113581.1597  EKtot   =     31718.1777  EPtot      =   -145299.3374
 BOND   =       894.5498  ANGLE   =      2212.7452  DIHED      =      1343.9464
 UB     =         0.0000  IMP     =         0.0000  CMAP       =       219.4438
 1-4 NB =      1001.8885  1-4 EEL =     15006.6552  VDWAALS    =     17324.6899
 EELEC  =   -183303.2562  EHBOND  =         0.0000  RESTRAINT  =         0.0000
 ------------------------------------------------------------------------------


 NSTEP =  1980000   TIME(PS) =  468999.998  TEMP(K) =   310.54  PRESS =     0.0
 Etot   =   -113458.6691  EKtot   =     31588.7598  EPtot      =   -145047.4288
 BOND   =       864.0559  ANGLE   =      2151.1526  DIHED      =      1347.3888
 UB     =         0.0000  IMP     =         0.0000  CMAP       =       223.0597
 1-4 NB =       996.0334  1-4 EEL =     14991.0509  VDWAALS    =     17236.7493
 EELEC  =   -182856.9195  EHBOND  =         0.0000  RESTRAINT  =         0.0000
 ------------------------------------------------------------------------------


 NSTEP =  2000000   TIME(PS) =  469039.998  TEMP(K) =   310.29  PRESS =     0.0
 Etot   =   -113417.2376  EKtot   =     31563.2266  EPtot      =   -144980.4642
 BOND   =       839.1661  ANGLE   =      2132.1155  DIHED      =      1370.0757
 UB     =         0.0000  IMP     =         0.0000  CMAP       =       220.3116
 1-4 NB =      1010.2118  1-4 EEL =     15086.2352  VDWAALS    =     17160.8278
 EELEC  =   -182799.4079  EHBOND  =         0.0000  RESTRAINT  =         0.0000
 ------------------------------------------------------------------------------


 NSTEP =  2020000   TIME(PS) =  469079.998  TEMP(K) =   306.92  PRESS =     0.0
 Etot   =   -113797.8344  EKtot   =     31220.2441  EPtot      =   -145018.0785
 BOND   =       905.3472  ANGLE   =      2174.7639  DIHED      =      1314.7708
 UB     =         0.0000  IMP     =         0.0000  CMAP       =       213.1273
 1-4 NB =       976.1442  1-4 EEL =     15024.2968  VDWAALS    =     17150.1276
 EELEC  =   -182776.6563  EHBOND  =         0.0000  RESTRAINT  =         0.0000
 ------------------------------------------------------------------------------


 NSTEP =  2040000   TIME(PS) =  469119.998  TEMP(K) =   311.95  PRESS =     0.0
 Etot   =   -112942.1136  EKtot   =     31731.8750  EPtot      =   -144673.9886
 BOND   =       889.3934  ANGLE   =      2151.5652  DIHED      =      1357.4046
 UB     =         0.0000  IMP     =         0.0000  CMAP       =       229.5306
 1-4 NB =      1000.6124  1-4 EEL =     15023.9619  VDWAALS    =     17066.2933
 EELEC  =   -182392.7500  EHBOND  =         0.0000  RESTRAINT  =         0.0000
 ------------------------------------------------------------------------------


 NSTEP =  2060000   TIME(PS) =  469159.998  TEMP(K) =   307.82  PRESS =     0.0
 Etot   =   -114091.2148  EKtot   =     31312.3457  EPtot      =   -145403.5605
 BOND   =       883.6922  ANGLE   =      2136.5339  DIHED      =      1350.2082
 UB     =         0.0000  IMP     =         0.0000  CMAP       =       222.7600
 1-4 NB =       993.4220  1-4 EEL =     15057.1991  VDWAALS    =     17275.1121
 EELEC  =   -183322.4880  EHBOND  =         0.0000  RESTRAINT  =         0.0000
 ------------------------------------------------------------------------------


 NSTEP =  2080000   TIME(PS) =  469199.998  TEMP(K) =   310.73  PRESS =     0.0
 Etot   =   -113857.8581  EKtot   =     31608.1719  EPtot      =   -145466.0300
 BOND   =       862.1086  ANGLE   =      2160.4951  DIHED      =      1355.4168
 UB     =         0.0000  IMP     =         0.0000  CMAP       =       223.6245
 1-4 NB =       987.8895  1-4 EEL =     15065.2475  VDWAALS    =     17032.4346
 EELEC  =   -183153.2466  EHBOND  =         0.0000  RESTRAINT  =         0.0000
 ------------------------------------------------------------------------------


 NSTEP =  2100000   TIME(PS) =  469239.998  TEMP(K) =   308.87  PRESS =     0.0
 Etot   =   -113708.3872  EKtot   =     31418.6230  EPtot      =   -145127.0102
 BOND   =       857.1898  ANGLE   =      2186.9015  DIHED      =      1320.3758
 UB     =         0.0000  IMP     =         0.0000  CMAP       =       230.6734
 1-4 NB =       983.5389  1-4 EEL =     15119.3715  VDWAALS    =     17435.5261
 EELEC  =   -183260.5872  EHBOND  =         0.0000  RESTRAINT  =         0.0000
 ------------------------------------------------------------------------------


 NSTEP =  2120000   TIME(PS) =  469279.998  TEMP(K) =   313.80  PRESS =     0.0
 Etot   =   -113151.0247  EKtot   =     31920.6895  EPtot      =   -145071.7142
 BOND   =       847.9265  ANGLE   =      2135.2004  DIHED      =      1348.8983
 UB     =         0.0000  IMP     =         0.0000  CMAP       =       222.3754
 1-4 NB =      1006.9186  1-4 EEL =     15105.7394  VDWAALS    =     17349.6289
 EELEC  =   -183088.4018  EHBOND  =         0.0000  RESTRAINT  =         0.0000
 ------------------------------------------------------------------------------


 NSTEP =  2140000   TIME(PS) =  469319.998  TEMP(K) =   307.97  PRESS =     0.0
 Etot   =   -113850.1615  EKtot   =     31327.6855  EPtot      =   -145177.8471
 BOND   =       864.0178  ANGLE   =      2150.7885  DIHED      =      1342.8347
 UB     =         0.0000  IMP     =         0.0000  CMAP       =       216.3817
 1-4 NB =      1012.1585  1-4 EEL =     14999.6543  VDWAALS    =     17296.9881
 EELEC  =   -183060.6705  EHBOND  =         0.0000  RESTRAINT  =         0.0000
 ------------------------------------------------------------------------------


 NSTEP =  2160000   TIME(PS) =  469359.998  TEMP(K) =   307.86  PRESS =     0.0
 Etot   =   -113714.6043  EKtot   =     31316.7422  EPtot      =   -145031.3465
 BOND   =       881.1650  ANGLE   =      2127.8286  DIHED      =      1336.5295
 UB     =         0.0000  IMP     =         0.0000  CMAP       =       211.6148
 1-4 NB =      1011.5839  1-4 EEL =     15037.9863  VDWAALS    =     16968.2699
 EELEC  =   -182606.3244  EHBOND  =         0.0000  RESTRAINT  =         0.0000
 ------------------------------------------------------------------------------


 NSTEP =  2180000   TIME(PS) =  469399.998  TEMP(K) =   308.83  PRESS =     0.0
 Etot   =   -114086.7695  EKtot   =     31414.4570  EPtot      =   -145501.2266
 BOND   =       816.5371  ANGLE   =      2148.2368  DIHED      =      1328.9886
 UB     =         0.0000  IMP     =         0.0000  CMAP       =       221.4357
 1-4 NB =       989.1262  1-4 EEL =     15088.2446  VDWAALS    =     17063.9852
 EELEC  =   -183157.7807  EHBOND  =         0.0000  RESTRAINT  =         0.0000
 ------------------------------------------------------------------------------


 NSTEP =  2200000   TIME(PS) =  469439.998  TEMP(K) =   308.48  PRESS =     0.0
 Etot   =   -113887.1348  EKtot   =     31379.6328  EPtot      =   -145266.7676
 BOND   =       905.6102  ANGLE   =      2183.2356  DIHED      =      1329.5282
 UB     =         0.0000  IMP     =         0.0000  CMAP       =       227.0224
 1-4 NB =       988.3969  1-4 EEL =     15043.5944  VDWAALS    =     17684.5357
 EELEC  =   -183628.6909  EHBOND  =         0.0000  RESTRAINT  =         0.0000
 ------------------------------------------------------------------------------


 NSTEP =  2220000   TIME(PS) =  469479.998  TEMP(K) =   307.54  PRESS =     0.0
 Etot   =   -113703.0423  EKtot   =     31283.7207  EPtot      =   -144986.7630
 BOND   =       879.7348  ANGLE   =      2135.2923  DIHED      =      1339.9506
 UB     =         0.0000  IMP     =         0.0000  CMAP       =       248.5066
 1-4 NB =      1005.4919  1-4 EEL =     15043.1149  VDWAALS    =     16898.1626
 EELEC  =   -182537.0168  EHBOND  =         0.0000  RESTRAINT  =         0.0000
 ------------------------------------------------------------------------------


 NSTEP =  2240000   TIME(PS) =  469519.998  TEMP(K) =   310.61  PRESS =     0.0
 Etot   =   -113177.2092  EKtot   =     31595.7246  EPtot      =   -144772.9338
 BOND   =       825.9903  ANGLE   =      2120.0446  DIHED      =      1372.6948
 UB     =         0.0000  IMP     =         0.0000  CMAP       =       236.0010
 1-4 NB =       990.9280  1-4 EEL =     15047.4077  VDWAALS    =     16884.0451
 EELEC  =   -182250.0453  EHBOND  =         0.0000  RESTRAINT  =         0.0000
 ------------------------------------------------------------------------------


 NSTEP =  2260000   TIME(PS) =  469559.998  TEMP(K) =   311.00  PRESS =     0.0
 Etot   =   -113625.3781  EKtot   =     31635.1875  EPtot      =   -145260.5656
 BOND   =       856.0541  ANGLE   =      2083.9530  DIHED      =      1388.2449
 UB     =         0.0000  IMP     =         0.0000  CMAP       =       205.8187
 1-4 NB =       999.9267  1-4 EEL =     14999.2554  VDWAALS    =     17411.8550
 EELEC  =   -183205.6735  EHBOND  =         0.0000  RESTRAINT  =         0.0000
 ------------------------------------------------------------------------------


 NSTEP =  2280000   TIME(PS) =  469599.998  TEMP(K) =   310.39  PRESS =     0.0
 Etot   =   -113771.4136  EKtot   =     31573.1172  EPtot      =   -145344.5308
 BOND   =       860.8636  ANGLE   =      2138.1478  DIHED      =      1334.4623
 UB     =         0.0000  IMP     =         0.0000  CMAP       =       235.6644
 1-4 NB =       976.0982  1-4 EEL =     15024.1129  VDWAALS    =     17595.0807
 EELEC  =   -183508.9607  EHBOND  =         0.0000  RESTRAINT  =         0.0000
 ------------------------------------------------------------------------------


 NSTEP =  2300000   TIME(PS) =  469639.998  TEMP(K) =   310.42  PRESS =     0.0
 Etot   =   -113441.5757  EKtot   =     31576.9941  EPtot      =   -145018.5698
 BOND   =       852.7102  ANGLE   =      2185.8523  DIHED      =      1297.6828
 UB     =         0.0000  IMP     =         0.0000  CMAP       =       231.3356
 1-4 NB =       991.9052  1-4 EEL =     15094.1384  VDWAALS    =     17000.7826
 EELEC  =   -182672.9769  EHBOND  =         0.0000  RESTRAINT  =         0.0000
 ------------------------------------------------------------------------------


 NSTEP =  2320000   TIME(PS) =  469679.998  TEMP(K) =   309.96  PRESS =     0.0
 Etot   =   -113751.9975  EKtot   =     31530.2070  EPtot      =   -145282.2045
 BOND   =       864.8348  ANGLE   =      2158.2282  DIHED      =      1338.3889
 UB     =         0.0000  IMP     =         0.0000  CMAP       =       231.8004
 1-4 NB =       998.7978  1-4 EEL =     15133.3090  VDWAALS    =     17540.5502
 EELEC  =   -183548.1139  EHBOND  =         0.0000  RESTRAINT  =         0.0000
 ------------------------------------------------------------------------------


 NSTEP =  2340000   TIME(PS) =  469719.998  TEMP(K) =   311.95  PRESS =     0.0
 Etot   =   -113499.1163  EKtot   =     31732.1836  EPtot      =   -145231.2999
 BOND   =       881.7377  ANGLE   =      2137.6703  DIHED      =      1349.0294
 UB     =         0.0000  IMP     =         0.0000  CMAP       =       232.3432
 1-4 NB =       968.3021  1-4 EEL =     15023.6970  VDWAALS    =     17473.4147
 EELEC  =   -183297.4943  EHBOND  =         0.0000  RESTRAINT  =         0.0000
 ------------------------------------------------------------------------------


 NSTEP =  2360000   TIME(PS) =  469759.998  TEMP(K) =   309.91  PRESS =     0.0
 Etot   =   -113499.1460  EKtot   =     31524.5547  EPtot      =   -145023.7007
 BOND   =       892.2558  ANGLE   =      2158.0230  DIHED      =      1374.6978
 UB     =         0.0000  IMP     =         0.0000  CMAP       =       232.6296
 1-4 NB =      1001.2112  1-4 EEL =     15059.7703  VDWAALS    =     17390.2281
 EELEC  =   -183132.5166  EHBOND  =         0.0000  RESTRAINT  =         0.0000
 ------------------------------------------------------------------------------


 NSTEP =  2380000   TIME(PS) =  469799.998  TEMP(K) =   307.65  PRESS =     0.0
 Etot   =   -113755.0981  EKtot   =     31295.0586  EPtot      =   -145050.1566
 BOND   =       892.8088  ANGLE   =      2166.1544  DIHED      =      1369.9345
 UB     =         0.0000  IMP     =         0.0000  CMAP       =       215.9162
 1-4 NB =       999.4063  1-4 EEL =     15028.6394  VDWAALS    =     17305.3658
 EELEC  =   -183028.3822  EHBOND  =         0.0000  RESTRAINT  =         0.0000
 ------------------------------------------------------------------------------


 NSTEP =  2400000   TIME(PS) =  469839.998  TEMP(K) =   308.43  PRESS =     0.0
 Etot   =   -113444.1197  EKtot   =     31374.0352  EPtot      =   -144818.1549
 BOND   =       822.6830  ANGLE   =      2086.3531  DIHED      =      1340.4682
 UB     =         0.0000  IMP     =         0.0000  CMAP       =       208.3210
 1-4 NB =      1009.2372  1-4 EEL =     15075.7050  VDWAALS    =     17242.2588
 EELEC  =   -182603.1813  EHBOND  =         0.0000  RESTRAINT  =         0.0000
 ------------------------------------------------------------------------------


 NSTEP =  2420000   TIME(PS) =  469879.998  TEMP(K) =   309.17  PRESS =     0.0
 Etot   =   -113909.2471  EKtot   =     31449.3906  EPtot      =   -145358.6377
 BOND   =       899.8320  ANGLE   =      2143.4430  DIHED      =      1326.4298
 UB     =         0.0000  IMP     =         0.0000  CMAP       =       238.9073
 1-4 NB =      1006.8525  1-4 EEL =     15053.0915  VDWAALS    =     17251.0718
 EELEC  =   -183278.2657  EHBOND  =         0.0000  RESTRAINT  =         0.0000
 ------------------------------------------------------------------------------


 NSTEP =  2440000   TIME(PS) =  469919.998  TEMP(K) =   308.70  PRESS =     0.0
 Etot   =   -113815.6078  EKtot   =     31401.3438  EPtot      =   -145216.9515
 BOND   =       874.0904  ANGLE   =      2114.3058  DIHED      =      1327.3817
 UB     =         0.0000  IMP     =         0.0000  CMAP       =       200.6694
 1-4 NB =      1003.2796  1-4 EEL =     15043.3578  VDWAALS    =     17270.1381
 EELEC  =   -183050.1743  EHBOND  =         0.0000  RESTRAINT  =         0.0000
 ------------------------------------------------------------------------------


 NSTEP =  2460000   TIME(PS) =  469959.998  TEMP(K) =   308.43  PRESS =     0.0
 Etot   =   -113981.4592  EKtot   =     31374.3652  EPtot      =   -145355.8244
 BOND   =       806.5564  ANGLE   =      2174.2857  DIHED      =      1365.3606
 UB     =         0.0000  IMP     =         0.0000  CMAP       =       219.5948
 1-4 NB =      1004.5711  1-4 EEL =     15086.5793  VDWAALS    =     17092.0363
 EELEC  =   -183104.8086  EHBOND  =         0.0000  RESTRAINT  =         0.0000
 ------------------------------------------------------------------------------


 NSTEP =  2480000   TIME(PS) =  469999.998  TEMP(K) =   310.24  PRESS =     0.0
 Etot   =   -113544.6115  EKtot   =     31558.6426  EPtot      =   -145103.2540
 BOND   =       837.5472  ANGLE   =      2146.2501  DIHED      =      1369.6805
 UB     =         0.0000  IMP     =         0.0000  CMAP       =       206.7898
 1-4 NB =      1009.8928  1-4 EEL =     15115.1723  VDWAALS    =     17504.8384
 EELEC  =   -183293.4252  EHBOND  =         0.0000  RESTRAINT  =         0.0000
 ------------------------------------------------------------------------------


 NSTEP =  2500000   TIME(PS) =  470039.998  TEMP(K) =   310.14  PRESS =     0.0
 Etot   =   -114019.3711  EKtot   =     31547.6777  EPtot      =   -145567.0488
 BOND   =       841.0634  ANGLE   =      2195.1340  DIHED      =      1349.3798
 UB     =         0.0000  IMP     =         0.0000  CMAP       =       192.1575
 1-4 NB =       994.9272  1-4 EEL =     15023.3038  VDWAALS    =     17125.1935
 EELEC  =   -183288.2080  EHBOND  =         0.0000  RESTRAINT  =         0.0000
 ------------------------------------------------------------------------------


      A V E R A G E S   O V E R     125 S T E P S


 NSTEP =  2500000   TIME(PS) =  470039.998  TEMP(K) =   309.93  PRESS =     0.0
 Etot   =   -113655.3320  EKtot   =     31527.1821  EPtot      =   -145182.5140
 BOND   =       862.5180  ANGLE   =      2148.6468  DIHED      =      1349.0549
 UB     =         0.0000  IMP     =         0.0000  CMAP       =       222.6421
 1-4 NB =       998.9498  1-4 EEL =     15054.4666  VDWAALS    =     17256.8078
 EELEC  =   -183075.6002  EHBOND  =         0.0000  RESTRAINT  =         0.0000
 ------------------------------------------------------------------------------


      R M S  F L U C T U A T I O N S


 NSTEP =  2500000   TIME(PS) =  470039.998  TEMP(K) =     1.44  PRESS =     0.0
 Etot   =       256.8641  EKtot   =       146.0514  EPtot      =       197.3137
 BOND   =        25.4365  ANGLE   =        33.7339  DIHED      =        20.2153
 UB     =         0.0000  IMP     =         0.0000  CMAP       =        10.8081
 1-4 NB =        11.7816  1-4 EEL =        45.0589  VDWAALS    =       193.1897
 EELEC  =       320.0481  EHBOND  =         0.0000  RESTRAINT  =         0.0000
 ------------------------------------------------------------------------------

--------------------------------------------------------------------------------
   5.  TIMINGS
--------------------------------------------------------------------------------

|  NonSetup CPU Time in Major Routines:
|
|     Routine           Sec        %
|     ------------------------------
|     Nonbond         142.02   15.90
|     Bond              0.00    0.00
|     Angle             0.00    0.00
|     Dihedral          0.00    0.00
|     Shake             9.63    1.08
|     RunMD           739.30   82.78
|     Other             2.18    0.24
|     ------------------------------
|     Total           893.14

|  PME Nonbond Pairlist CPU Time:
|
|     Routine              Sec        %
|     ---------------------------------
|     Set Up Cit           0.00    0.00
|     Build List           0.00    0.00
|     ---------------------------------
|     Total                0.00    0.00

|  PME Direct Force CPU Time:
|
|     Routine              Sec        %
|     ---------------------------------
|     NonBonded Calc       0.00    0.00
|     Exclude Masked       0.00    0.00
|     Other                1.37    0.15
|     ---------------------------------
|     Total                1.37    0.15

|  PME Reciprocal Force CPU Time:
|
|     Routine              Sec        %
|     ---------------------------------
|     1D bspline           0.00    0.00
|     Grid Charges         0.00    0.00
|     Scalar Sum           0.00    0.00
|     Gradient Sum         0.00    0.00
|     FFT                  0.00    0.00
|     ---------------------------------
|     Total                0.00    0.00

|  Final Performance Info:
|     -----------------------------------------------------
|     Average timings for last  140000 steps:
|     Elapsed(s) =      49.98 Per Step(ms) =       0.36
|         ns/day =     484.01   seconds/ns =     178.51
|
|     Average timings for all steps:
|     Elapsed(s) =     894.79 Per Step(ms) =       0.36
|         ns/day =     482.79   seconds/ns =     178.96
|     -----------------------------------------------------

|  Setup CPU time:            0.82 seconds
|  NonSetup CPU time:       893.14 seconds
|  Total CPU time:          893.95 seconds     0.25 hours

|  Setup wall time:           1    seconds
|  NonSetup wall time:      895    seconds
|  Total wall time:         896    seconds     0.25 hours
