
          -------------------------------------------------------
          Amber 24 PMEMD                              2024
          -------------------------------------------------------

| PMEMD implementation of SANDER, Release 24

|  Compiled date/time: Thu Apr  3 17:55:38 2025
| Run on 11/09/2025 at 01:15:47

|   Executable path: pmemd.cuda_SPFP
| Working directory: /rs1/researchers/h/hall/vtnguye4/Amber_restart/cappedP1L38M/mdsimP1L38M/newP1L38Mcapped_Simulation3
|          Hostname: gpu28

  [-O]verwriting output

File Assignments:
|   MDIN: /rs1/researchers/h/hall/vtnguye4/Amber_restart/cappedP1L38M/mdsimP1L38
|  MDOUT: ./OUT_Files/equil40.out                                               
| INPCRD: ./RST_Files/equil39.rst7                                              
|   PARM: ./PRMTOP_Files/newP1L38Mcapped.prmtop                                 
| RESTRT: ./RST_Files/equil40.rst7                                              
|   REFC: refc                                                                  
|  MDVEL: mdvel                                                                 
|   MDEN: mden                                                                  
|  MDCRD: ./nc_Files/equil40.nc                                                 
| MDINFO: mdinfo                                                                
|  MDFRC: mdfrc                                                                 


 Here is the input file:

!Stage equilibration 5ns                                                       
&cntrl                                                                         
imin=0, irest=1, ntx=5,                                                        
nstlim=2500000, dt=0.002,                                                      
ntc=2, ntf=2, ig=-1,                                                           
ntt=3, gamma_ln=2.0,                                                           
tempi=310.0, temp0=310.0,                                                      
ntxo=2, ioutfm=1,                                                              
ntpr=20000, ntwx=20000,                                                        
ntb=1,                                                                         
cut=9.0,                                                                       
iwrap=1,                                                                       
/                                                                              


Note: ig = -1. Setting random seed to   839535 based on wallclock time in 
      microseconds.
| irandom = 1, using AMBER's internal random number generator (default).
 
|--------------------- INFORMATION ----------------------
| GPU (CUDA) Version of PMEMD in use: NVIDIA GPU IN USE.
|                    Version 18.0.0
| 
|                      03/25/2018
| 
| Implementation by:
|                    Ross C. Walker     (SDSC)
|                    Scott Le Grand     (nVIDIA)
| 
| Version 18 performance extensions by:
|                    David Cerutti     (Rutgers)
| 
| Precision model in use:
|      [SPFP] - Single Precision Forces, 64-bit Fixed Point
|               Accumulation. (Default)
| 
|--------------------------------------------------------
 
|----------------- CITATION INFORMATION -----------------
|
|    When publishing work that utilized the CUDA version
|    of AMBER, please cite the following in addition to
|    the regular AMBER citations:
|
|  - Romelia Salomon-Ferrer; Andreas W. Goetz; Duncan
|    Poole; Scott Le Grand; Ross C. Walker "Routine
|    microsecond molecular dynamics simulations with
|    AMBER - Part II: Particle Mesh Ewald", J. Chem.
|    Theory Comput., 2013, 9 (9), pp3878-3888,
|    DOI: 10.1021/ct400314y.
|
|  - Andreas W. Goetz; Mark J. Williamson; Dong Xu;
|    Duncan Poole; Scott Le Grand; Ross C. Walker
|    "Routine microsecond molecular dynamics simulations
|    with AMBER - Part I: Generalized Born", J. Chem.
|    Theory Comput., 2012, 8 (5), pp1542-1555.
|
|  - Scott Le Grand; Andreas W. Goetz; Ross C. Walker
|    "SPFP: Speed without compromise - a mixed precision
|    model for GPU accelerated molecular dynamics
|    simulations.", Comp. Phys. Comm., 2013, 184
|    pp374-380, DOI: 10.1016/j.cpc.2012.09.022
|
|--------------------------------------------------------
 
|------------------- GPU DEVICE INFO --------------------
|
|            CUDA_VISIBLE_DEVICES: 0
|   CUDA Capable Devices Detected:      1
|           CUDA Device ID in use:      0
|                CUDA Device Name: NVIDIA L40S
|     CUDA Device Global Mem Size:  45487 MB
| CUDA Device Num Multiprocessors:    142
|           CUDA Device Core Freq:   2.52 GHz
|
|--------------------------------------------------------
 
 
| Conditional Compilation Defines Used:
| PUBFFT
| BINTRAJ
| CUDA
| EMIL

| Largest sphere to fit in unit cell has radius =    36.716

| New format PARM file being parsed.
| Version =    1.000 Date = 10/30/25 Time = 23:32:29

| Note: 1-4 EEL scale factors are being read from the topology file.

| Note: 1-4 VDW scale factors are being read from the topology file.
| Duplicated    0 dihedrals

| Duplicated    0 dihedrals

--------------------------------------------------------------------------------
   1.  RESOURCE   USE: 
--------------------------------------------------------------------------------

 getting box info from netcdf restart file
 NATOM  =   50023 NTYPES =      12 NBONH =   47691 MBONA  =    2332
 NTHETH =    5236 MTHETA =    3080 NPHIH =   10252 MPHIA  =    9504
 NHPARM =       0 NPARM  =       0 NNB   =   84972 NRES   =   15501
 NBONA  =    2332 NTHETA =    3080 NPHIA =    9504 NUMBND =      29
 NUMANG =      57 NPTRA  =      64 NATYP =      17 NPHB   =       0
 IFBOX  =       2 NMXRS  =      21 IFCAP =       0 NEXTRA =       0
 NCOPY  =       0

| Coordinate Index Table dimensions:    15   15   15
| Direct force subcell size =     5.9957    5.9957    5.9957

     BOX TYPE: TRUNCATED OCTAHEDRON

--------------------------------------------------------------------------------
   2.  CONTROL  DATA  FOR  THE  RUN
--------------------------------------------------------------------------------

default_name                                                                    

General flags:
     imin    =       0, nmropt  =       0

Nature and format of input:
     ntx     =       5, irest   =       1, ntrx    =       1

Nature and format of output:
     ntxo    =       2, ntpr    =   20000, ntrx    =       1, ntwr    = 2500000
     iwrap   =       1, ntwx    =   20000, ntwv    =       0, ntwe    =       0
     ioutfm  =       1, ntwprt  =       0, idecomp =       0, rbornstat=      0

Potential function:
     ntf     =       2, ntb     =       1, igb     =       0, nsnb    =      25
     ipol    =       0, gbsa    =       0, iesp    =       0
     dielc   =   1.00000, cut     =   9.00000, intdiel =   1.00000

Frozen or restrained atoms:
     ibelly  =       0, ntr     =       0

Molecular dynamics:
     nstlim  =   2500000, nscm    =      1000, nrespa  =         1
     t       =   0.00000, dt      =   0.00200, vlimit  =  -1.00000

Langevin dynamics temperature regulation:
     ig      =  839535
     temp0   = 310.00000, tempi   = 310.00000, gamma_ln=   2.00000

SHAKE:
     ntc     =       2, jfastw  =       0
     tol     =   0.00001

| Intermolecular bonds treatment:
|     no_intermolecular_bonds =       1

| Energy averages sample interval:
|     ene_avg_sampling =   20000

Ewald parameters:
     verbose =       0, ew_type =       0, nbflag  =       1, use_pme =       1
     vdwmeth =       1, eedmeth =       1, netfrc  =       1
     Box X =   89.935   Box Y =   89.935   Box Z =   89.935
     Alpha =  109.471   Beta  =  109.471   Gamma =  109.471
     NFFT1 =   96       NFFT2 =   96       NFFT3 =   96
     Cutoff=    9.000   Tol   =0.100E-04
     Ewald Coefficient =  0.30768
     Interpolation order =    4

--------------------------------------------------------------------------------
   3.  ATOMIC COORDINATES AND VELOCITIES
--------------------------------------------------------------------------------

default_name                                                                    
 begin time read from input coords =195040.000 ps

 
 Number of triangulated 3-point waters found:    15105

     Sum of charges from parm topology file =  -0.00000043
     Forcing neutrality...

| Dynamic Memory, Types Used:
| Reals             1595957
| Integers          2018996

| Nonbonded Pairs Initial Allocation:    11405244

| GPU memory information (estimate):
| KB of GPU memory in use:    394016
| KB of CPU memory in use:    114218

--------------------------------------------------------------------------------
   4.  RESULTS
--------------------------------------------------------------------------------

wrapping first mol.:      -59.95674       42.39583       73.43173

 NSTEP =    20000   TIME(PS) =  195080.000  TEMP(K) =   309.40  PRESS =     0.0
 Etot   =   -113881.3982  EKtot   =     31473.0879  EPtot      =   -145354.4861
 BOND   =       888.2828  ANGLE   =      2163.7746  DIHED      =      1348.7987
 UB     =         0.0000  IMP     =         0.0000  CMAP       =       219.0710
 1-4 NB =       976.8172  1-4 EEL =     15040.5815  VDWAALS    =     17381.3861
 EELEC  =   -183373.1979  EHBOND  =         0.0000  RESTRAINT  =         0.0000
 ------------------------------------------------------------------------------

wrapping first mol.:      -59.95674       42.39583       73.43173

 NSTEP =    40000   TIME(PS) =  195120.000  TEMP(K) =   311.31  PRESS =     0.0
 Etot   =   -113807.2904  EKtot   =     31667.6016  EPtot      =   -145474.8919
 BOND   =       856.7132  ANGLE   =      2097.7897  DIHED      =      1357.7700
 UB     =         0.0000  IMP     =         0.0000  CMAP       =       213.0582
 1-4 NB =      1020.9156  1-4 EEL =     15021.3906  VDWAALS    =     17030.3704
 EELEC  =   -183072.8995  EHBOND  =         0.0000  RESTRAINT  =         0.0000
 ------------------------------------------------------------------------------

wrapping first mol.:      -59.95674       42.39583       73.43173

 NSTEP =    60000   TIME(PS) =  195160.000  TEMP(K) =   310.26  PRESS =     0.0
 Etot   =   -113713.3510  EKtot   =     31560.8086  EPtot      =   -145274.1596
 BOND   =       871.2207  ANGLE   =      2169.1979  DIHED      =      1349.8792
 UB     =         0.0000  IMP     =         0.0000  CMAP       =       211.4406
 1-4 NB =      1017.4355  1-4 EEL =     15035.4041  VDWAALS    =     17504.3288
 EELEC  =   -183433.0664  EHBOND  =         0.0000  RESTRAINT  =         0.0000
 ------------------------------------------------------------------------------

wrapping first mol.:      -59.95674       42.39583       73.43173

 NSTEP =    80000   TIME(PS) =  195200.000  TEMP(K) =   309.83  PRESS =     0.0
 Etot   =   -114023.6589  EKtot   =     31516.8555  EPtot      =   -145540.5144
 BOND   =       867.0624  ANGLE   =      2142.7684  DIHED      =      1333.1661
 UB     =         0.0000  IMP     =         0.0000  CMAP       =       227.3823
 1-4 NB =       974.6939  1-4 EEL =     14948.4660  VDWAALS    =     17171.9293
 EELEC  =   -183205.9826  EHBOND  =         0.0000  RESTRAINT  =         0.0000
 ------------------------------------------------------------------------------

wrapping first mol.:      -59.95674       42.39583       73.43173

 NSTEP =   100000   TIME(PS) =  195240.000  TEMP(K) =   309.85  PRESS =     0.0
 Etot   =   -113545.9354  EKtot   =     31518.5430  EPtot      =   -145064.4783
 BOND   =       870.8403  ANGLE   =      2181.6652  DIHED      =      1341.6259
 UB     =         0.0000  IMP     =         0.0000  CMAP       =       190.4493
 1-4 NB =      1024.4085  1-4 EEL =     15023.5586  VDWAALS    =     17470.1774
 EELEC  =   -183167.2034  EHBOND  =         0.0000  RESTRAINT  =         0.0000
 ------------------------------------------------------------------------------

wrapping first mol.:      -59.95674       42.39583       73.43173

 NSTEP =   120000   TIME(PS) =  195280.000  TEMP(K) =   308.45  PRESS =     0.0
 Etot   =   -113846.9998  EKtot   =     31376.3672  EPtot      =   -145223.3670
 BOND   =       875.4856  ANGLE   =      2233.0969  DIHED      =      1321.6932
 UB     =         0.0000  IMP     =         0.0000  CMAP       =       208.7285
 1-4 NB =       980.1636  1-4 EEL =     14956.0363  VDWAALS    =     17639.8388
 EELEC  =   -183438.4099  EHBOND  =         0.0000  RESTRAINT  =         0.0000
 ------------------------------------------------------------------------------

wrapping first mol.:      -59.95674       42.39583       73.43173

 NSTEP =   140000   TIME(PS) =  195320.000  TEMP(K) =   309.87  PRESS =     0.0
 Etot   =   -113970.5261  EKtot   =     31520.2461  EPtot      =   -145490.7722
 BOND   =       874.8450  ANGLE   =      2105.5841  DIHED      =      1326.2688
 UB     =         0.0000  IMP     =         0.0000  CMAP       =       207.2160
 1-4 NB =      1000.9710  1-4 EEL =     14985.4309  VDWAALS    =     17372.8638
 EELEC  =   -183363.9518  EHBOND  =         0.0000  RESTRAINT  =         0.0000
 ------------------------------------------------------------------------------

wrapping first mol.:      -59.95674       42.39583       73.43173

 NSTEP =   160000   TIME(PS) =  195360.000  TEMP(K) =   309.77  PRESS =     0.0
 Etot   =   -113519.6486  EKtot   =     31510.2656  EPtot      =   -145029.9142
 BOND   =       850.3065  ANGLE   =      2113.4068  DIHED      =      1373.3191
 UB     =         0.0000  IMP     =         0.0000  CMAP       =       206.2607
 1-4 NB =      1010.4177  1-4 EEL =     15058.3418  VDWAALS    =     17031.8539
 EELEC  =   -182673.8207  EHBOND  =         0.0000  RESTRAINT  =         0.0000
 ------------------------------------------------------------------------------

wrapping first mol.:      -59.95674       42.39583       73.43173

 NSTEP =   180000   TIME(PS) =  195400.000  TEMP(K) =   308.40  PRESS =     0.0
 Etot   =   -113453.7902  EKtot   =     31370.9375  EPtot      =   -144824.7277
 BOND   =       835.9939  ANGLE   =      2139.1933  DIHED      =      1354.3713
 UB     =         0.0000  IMP     =         0.0000  CMAP       =       216.8056
 1-4 NB =      1009.6493  1-4 EEL =     15050.2083  VDWAALS    =     17036.1352
 EELEC  =   -182467.0845  EHBOND  =         0.0000  RESTRAINT  =         0.0000
 ------------------------------------------------------------------------------

wrapping first mol.:      -59.95674       42.39583       73.43173

 NSTEP =   200000   TIME(PS) =  195440.000  TEMP(K) =   309.59  PRESS =     0.0
 Etot   =   -113998.3471  EKtot   =     31492.1719  EPtot      =   -145490.5190
 BOND   =       861.8388  ANGLE   =      2184.3556  DIHED      =      1333.4456
 UB     =         0.0000  IMP     =         0.0000  CMAP       =       205.4638
 1-4 NB =       998.5223  1-4 EEL =     15067.2807  VDWAALS    =     17395.7146
 EELEC  =   -183537.1405  EHBOND  =         0.0000  RESTRAINT  =         0.0000
 ------------------------------------------------------------------------------

wrapping first mol.:      -59.95674       42.39583       73.43173

 NSTEP =   220000   TIME(PS) =  195480.000  TEMP(K) =   310.65  PRESS =     0.0
 Etot   =   -113544.8687  EKtot   =     31599.7617  EPtot      =   -145144.6304
 BOND   =       851.0496  ANGLE   =      2184.7405  DIHED      =      1354.6252
 UB     =         0.0000  IMP     =         0.0000  CMAP       =       203.4635
 1-4 NB =      1020.0301  1-4 EEL =     15109.8382  VDWAALS    =     17007.2177
 EELEC  =   -182875.5952  EHBOND  =         0.0000  RESTRAINT  =         0.0000
 ------------------------------------------------------------------------------

wrapping first mol.:      -59.95674       42.39583       73.43173

 NSTEP =   240000   TIME(PS) =  195520.000  TEMP(K) =   310.56  PRESS =     0.0
 Etot   =   -113628.9955  EKtot   =     31591.1328  EPtot      =   -145220.1283
 BOND   =       857.1235  ANGLE   =      2193.9857  DIHED      =      1352.3804
 UB     =         0.0000  IMP     =         0.0000  CMAP       =       220.1070
 1-4 NB =      1011.4833  1-4 EEL =     15036.5074  VDWAALS    =     17257.7090
 EELEC  =   -183149.4247  EHBOND  =         0.0000  RESTRAINT  =         0.0000
 ------------------------------------------------------------------------------

wrapping first mol.:      -59.95674       42.39583       73.43173

 NSTEP =   260000   TIME(PS) =  195560.000  TEMP(K) =   310.40  PRESS =     0.0
 Etot   =   -113764.2531  EKtot   =     31575.0254  EPtot      =   -145339.2785
 BOND   =       881.2509  ANGLE   =      2049.3668  DIHED      =      1319.6609
 UB     =         0.0000  IMP     =         0.0000  CMAP       =       201.3300
 1-4 NB =      1003.9316  1-4 EEL =     15135.3121  VDWAALS    =     16692.7085
 EELEC  =   -182622.8394  EHBOND  =         0.0000  RESTRAINT  =         0.0000
 ------------------------------------------------------------------------------

wrapping first mol.:      -59.95674       42.39583       73.43173

 NSTEP =   280000   TIME(PS) =  195600.000  TEMP(K) =   309.84  PRESS =     0.0
 Etot   =   -113892.0718  EKtot   =     31517.5430  EPtot      =   -145409.6148
 BOND   =       850.2429  ANGLE   =      2094.6562  DIHED      =      1357.1725
 UB     =         0.0000  IMP     =         0.0000  CMAP       =       202.1660
 1-4 NB =      1001.6849  1-4 EEL =     15062.2745  VDWAALS    =     17380.6582
 EELEC  =   -183358.4698  EHBOND  =         0.0000  RESTRAINT  =         0.0000
 ------------------------------------------------------------------------------

wrapping first mol.:      -59.95674       42.39583       73.43173

 NSTEP =   300000   TIME(PS) =  195640.000  TEMP(K) =   310.48  PRESS =     0.0
 Etot   =   -113512.4923  EKtot   =     31582.8867  EPtot      =   -145095.3790
 BOND   =       879.4422  ANGLE   =      2186.3960  DIHED      =      1354.9572
 UB     =         0.0000  IMP     =         0.0000  CMAP       =       218.0907
 1-4 NB =       990.1557  1-4 EEL =     15023.3769  VDWAALS    =     17218.7958
 EELEC  =   -182966.5934  EHBOND  =         0.0000  RESTRAINT  =         0.0000
 ------------------------------------------------------------------------------

wrapping first mol.:      -59.95674       42.39583       73.43173

 NSTEP =   320000   TIME(PS) =  195680.000  TEMP(K) =   308.73  PRESS =     0.0
 Etot   =   -113662.0746  EKtot   =     31404.7637  EPtot      =   -145066.8383
 BOND   =       853.1402  ANGLE   =      2129.6644  DIHED      =      1311.8745
 UB     =         0.0000  IMP     =         0.0000  CMAP       =       202.1404
 1-4 NB =      1009.0748  1-4 EEL =     15014.2108  VDWAALS    =     17414.5873
 EELEC  =   -183001.5308  EHBOND  =         0.0000  RESTRAINT  =         0.0000
 ------------------------------------------------------------------------------

wrapping first mol.:      -59.95674       42.39583       73.43173

 NSTEP =   340000   TIME(PS) =  195720.000  TEMP(K) =   308.42  PRESS =     0.0
 Etot   =   -113989.2198  EKtot   =     31373.6895  EPtot      =   -145362.9092
 BOND   =       838.2706  ANGLE   =      2140.0410  DIHED      =      1326.9704
 UB     =         0.0000  IMP     =         0.0000  CMAP       =       207.1502
 1-4 NB =      1000.4539  1-4 EEL =     15038.0274  VDWAALS    =     17263.8934
 EELEC  =   -183177.7162  EHBOND  =         0.0000  RESTRAINT  =         0.0000
 ------------------------------------------------------------------------------

wrapping first mol.:      -59.95674       42.39583       73.43173

 NSTEP =   360000   TIME(PS) =  195760.000  TEMP(K) =   309.46  PRESS =     0.0
 Etot   =   -114088.1077  EKtot   =     31478.7363  EPtot      =   -145566.8440
 BOND   =       862.1906  ANGLE   =      2108.8118  DIHED      =      1350.6287
 UB     =         0.0000  IMP     =         0.0000  CMAP       =       215.6752
 1-4 NB =       987.0690  1-4 EEL =     14985.6365  VDWAALS    =     17145.4443
 EELEC  =   -183222.3001  EHBOND  =         0.0000  RESTRAINT  =         0.0000
 ------------------------------------------------------------------------------

wrapping first mol.:      -59.95674       42.39583       73.43173

 NSTEP =   380000   TIME(PS) =  195800.000  TEMP(K) =   308.90  PRESS =     0.0
 Etot   =   -113419.2132  EKtot   =     31422.3828  EPtot      =   -144841.5960
 BOND   =       847.1459  ANGLE   =      2172.0627  DIHED      =      1367.6372
 UB     =         0.0000  IMP     =         0.0000  CMAP       =       200.5873
 1-4 NB =       991.1686  1-4 EEL =     15069.5132  VDWAALS    =     17362.6922
 EELEC  =   -182852.4029  EHBOND  =         0.0000  RESTRAINT  =         0.0000
 ------------------------------------------------------------------------------

wrapping first mol.:      -59.95674       42.39583       73.43173

 NSTEP =   400000   TIME(PS) =  195840.000  TEMP(K) =   308.57  PRESS =     0.0
 Etot   =   -114056.9336  EKtot   =     31388.3164  EPtot      =   -145445.2500
 BOND   =       874.4193  ANGLE   =      2164.6272  DIHED      =      1364.7819
 UB     =         0.0000  IMP     =         0.0000  CMAP       =       205.7565
 1-4 NB =      1003.5730  1-4 EEL =     15045.3320  VDWAALS    =     17188.1610
 EELEC  =   -183291.9008  EHBOND  =         0.0000  RESTRAINT  =         0.0000
 ------------------------------------------------------------------------------

wrapping first mol.:      -59.95674       42.39583       73.43173

 NSTEP =   420000   TIME(PS) =  195880.000  TEMP(K) =   310.99  PRESS =     0.0
 Etot   =   -113683.5908  EKtot   =     31634.2168  EPtot      =   -145317.8076
 BOND   =       855.4754  ANGLE   =      2141.0363  DIHED      =      1369.1961
 UB     =         0.0000  IMP     =         0.0000  CMAP       =       202.4900
 1-4 NB =      1016.6102  1-4 EEL =     15089.2827  VDWAALS    =     17259.3979
 EELEC  =   -183251.2961  EHBOND  =         0.0000  RESTRAINT  =         0.0000
 ------------------------------------------------------------------------------

wrapping first mol.:      -59.95674       42.39583       73.43173

 NSTEP =   440000   TIME(PS) =  195920.000  TEMP(K) =   311.67  PRESS =     0.0
 Etot   =   -113597.2930  EKtot   =     31703.6934  EPtot      =   -145300.9864
 BOND   =       832.7630  ANGLE   =      2181.1112  DIHED      =      1338.3496
 UB     =         0.0000  IMP     =         0.0000  CMAP       =       221.8380
 1-4 NB =       999.5202  1-4 EEL =     15064.2388  VDWAALS    =     17172.4670
 EELEC  =   -183111.2742  EHBOND  =         0.0000  RESTRAINT  =         0.0000
 ------------------------------------------------------------------------------

wrapping first mol.:      -59.95674       42.39583       73.43173

 NSTEP =   460000   TIME(PS) =  195960.000  TEMP(K) =   310.78  PRESS =     0.0
 Etot   =   -113815.3009  EKtot   =     31612.9336  EPtot      =   -145428.2345
 BOND   =       864.0942  ANGLE   =      2080.8241  DIHED      =      1352.2607
 UB     =         0.0000  IMP     =         0.0000  CMAP       =       201.8608
 1-4 NB =      1022.7314  1-4 EEL =     15093.5907  VDWAALS    =     17548.3691
 EELEC  =   -183591.9656  EHBOND  =         0.0000  RESTRAINT  =         0.0000
 ------------------------------------------------------------------------------

wrapping first mol.:      -59.95674       42.39583       73.43173

 NSTEP =   480000   TIME(PS) =  196000.000  TEMP(K) =   309.98  PRESS =     0.0
 Etot   =   -113458.2180  EKtot   =     31531.6699  EPtot      =   -144989.8879
 BOND   =       827.4321  ANGLE   =      2255.4072  DIHED      =      1359.3542
 UB     =         0.0000  IMP     =         0.0000  CMAP       =       202.1566
 1-4 NB =       999.6037  1-4 EEL =     15004.7245  VDWAALS    =     17456.0295
 EELEC  =   -183094.5956  EHBOND  =         0.0000  RESTRAINT  =         0.0000
 ------------------------------------------------------------------------------

wrapping first mol.:      -59.95674       42.39583       73.43173

 NSTEP =   500000   TIME(PS) =  196040.000  TEMP(K) =   309.31  PRESS =     0.0
 Etot   =   -113663.8402  EKtot   =     31463.6582  EPtot      =   -145127.4984
 BOND   =       865.5808  ANGLE   =      2158.2936  DIHED      =      1362.1274
 UB     =         0.0000  IMP     =         0.0000  CMAP       =       214.8354
 1-4 NB =      1016.6242  1-4 EEL =     15021.7697  VDWAALS    =     16821.9149
 EELEC  =   -182588.6444  EHBOND  =         0.0000  RESTRAINT  =         0.0000
 ------------------------------------------------------------------------------

wrapping first mol.:      -59.95674       42.39583       73.43173

 NSTEP =   520000   TIME(PS) =  196080.000  TEMP(K) =   310.51  PRESS =     0.0
 Etot   =   -113992.4736  EKtot   =     31586.2754  EPtot      =   -145578.7490
 BOND   =       878.8286  ANGLE   =      2127.4286  DIHED      =      1351.4896
 UB     =         0.0000  IMP     =         0.0000  CMAP       =       215.5772
 1-4 NB =      1007.1834  1-4 EEL =     15054.4346  VDWAALS    =     17377.7660
 EELEC  =   -183591.4570  EHBOND  =         0.0000  RESTRAINT  =         0.0000
 ------------------------------------------------------------------------------

wrapping first mol.:      -59.95674       42.39583       73.43173

 NSTEP =   540000   TIME(PS) =  196120.000  TEMP(K) =   311.97  PRESS =     0.0
 Etot   =   -113509.0046  EKtot   =     31733.9316  EPtot      =   -145242.9363
 BOND   =       838.1683  ANGLE   =      2149.8754  DIHED      =      1339.3495
 UB     =         0.0000  IMP     =         0.0000  CMAP       =       214.5097
 1-4 NB =      1008.0875  1-4 EEL =     15114.8192  VDWAALS    =     17507.5802
 EELEC  =   -183415.3261  EHBOND  =         0.0000  RESTRAINT  =         0.0000
 ------------------------------------------------------------------------------

wrapping first mol.:      -59.95674       42.39583       73.43173

 NSTEP =   560000   TIME(PS) =  196160.000  TEMP(K) =   312.32  PRESS =     0.0
 Etot   =   -113451.6705  EKtot   =     31769.7910  EPtot      =   -145221.4615
 BOND   =       828.4721  ANGLE   =      2176.4483  DIHED      =      1346.3147
 UB     =         0.0000  IMP     =         0.0000  CMAP       =       200.1634
 1-4 NB =      1002.5813  1-4 EEL =     15061.7331  VDWAALS    =     17511.3268
 EELEC  =   -183348.5012  EHBOND  =         0.0000  RESTRAINT  =         0.0000
 ------------------------------------------------------------------------------

wrapping first mol.:      -59.95674       42.39583       73.43173

 NSTEP =   580000   TIME(PS) =  196200.000  TEMP(K) =   308.99  PRESS =     0.0
 Etot   =   -114089.8515  EKtot   =     31431.2500  EPtot      =   -145521.1015
 BOND   =       824.0829  ANGLE   =      2109.7130  DIHED      =      1315.7344
 UB     =         0.0000  IMP     =         0.0000  CMAP       =       207.7819
 1-4 NB =       990.5585  1-4 EEL =     15082.6631  VDWAALS    =     17056.8839
 EELEC  =   -183108.5192  EHBOND  =         0.0000  RESTRAINT  =         0.0000
 ------------------------------------------------------------------------------

wrapping first mol.:      -59.95674       42.39583       73.43173

 NSTEP =   600000   TIME(PS) =  196240.000  TEMP(K) =   309.13  PRESS =     0.0
 Etot   =   -113511.6190  EKtot   =     31445.6816  EPtot      =   -144957.3007
 BOND   =       862.8480  ANGLE   =      2132.0531  DIHED      =      1322.4467
 UB     =         0.0000  IMP     =         0.0000  CMAP       =       222.6605
 1-4 NB =       986.4825  1-4 EEL =     15038.4628  VDWAALS    =     17336.2764
 EELEC  =   -182858.5308  EHBOND  =         0.0000  RESTRAINT  =         0.0000
 ------------------------------------------------------------------------------

wrapping first mol.:      -59.95674       42.39583       73.43173

 NSTEP =   620000   TIME(PS) =  196280.000  TEMP(K) =   309.94  PRESS =     0.0
 Etot   =   -113778.7114  EKtot   =     31528.2441  EPtot      =   -145306.9555
 BOND   =       867.5745  ANGLE   =      2112.4646  DIHED      =      1353.0675
 UB     =         0.0000  IMP     =         0.0000  CMAP       =       210.5076
 1-4 NB =      1002.5966  1-4 EEL =     15054.5591  VDWAALS    =     17296.1039
 EELEC  =   -183203.8294  EHBOND  =         0.0000  RESTRAINT  =         0.0000
 ------------------------------------------------------------------------------

wrapping first mol.:      -59.95674       42.39583       73.43173

 NSTEP =   640000   TIME(PS) =  196320.000  TEMP(K) =   308.57  PRESS =     0.0
 Etot   =   -114147.0701  EKtot   =     31388.5918  EPtot      =   -145535.6619
 BOND   =       866.0946  ANGLE   =      2108.2825  DIHED      =      1336.8239
 UB     =         0.0000  IMP     =         0.0000  CMAP       =       212.2093
 1-4 NB =       996.6717  1-4 EEL =     14997.6036  VDWAALS    =     17117.4676
 EELEC  =   -183170.8150  EHBOND  =         0.0000  RESTRAINT  =         0.0000
 ------------------------------------------------------------------------------

wrapping first mol.:      -59.95674       42.39583       73.43173

 NSTEP =   660000   TIME(PS) =  196360.000  TEMP(K) =   309.31  PRESS =     0.0
 Etot   =   -113901.5497  EKtot   =     31463.5781  EPtot      =   -145365.1278
 BOND   =       859.9950  ANGLE   =      2174.8063  DIHED      =      1370.6390
 UB     =         0.0000  IMP     =         0.0000  CMAP       =       208.3817
 1-4 NB =      1000.4519  1-4 EEL =     15018.1447  VDWAALS    =     17402.1406
 EELEC  =   -183399.6871  EHBOND  =         0.0000  RESTRAINT  =         0.0000
 ------------------------------------------------------------------------------

wrapping first mol.:      -59.95674       42.39583       73.43173

 NSTEP =   680000   TIME(PS) =  196400.000  TEMP(K) =   308.99  PRESS =     0.0
 Etot   =   -113991.3859  EKtot   =     31431.1191  EPtot      =   -145422.5051
 BOND   =       846.5938  ANGLE   =      2176.7982  DIHED      =      1294.4436
 UB     =         0.0000  IMP     =         0.0000  CMAP       =       217.8743
 1-4 NB =      1033.6759  1-4 EEL =     15042.5757  VDWAALS    =     17143.2171
 EELEC  =   -183177.6838  EHBOND  =         0.0000  RESTRAINT  =         0.0000
 ------------------------------------------------------------------------------

wrapping first mol.:      -59.95674       42.39583       73.43173

 NSTEP =   700000   TIME(PS) =  196440.000  TEMP(K) =   310.47  PRESS =     0.0
 Etot   =   -113725.7857  EKtot   =     31581.8008  EPtot      =   -145307.5865
 BOND   =       846.2860  ANGLE   =      2142.8894  DIHED      =      1318.8504
 UB     =         0.0000  IMP     =         0.0000  CMAP       =       225.5581
 1-4 NB =       979.0980  1-4 EEL =     14980.2028  VDWAALS    =     17144.1472
 EELEC  =   -182944.6184  EHBOND  =         0.0000  RESTRAINT  =         0.0000
 ------------------------------------------------------------------------------

wrapping first mol.:      -59.95674       42.39583       73.43173

 NSTEP =   720000   TIME(PS) =  196480.000  TEMP(K) =   310.65  PRESS =     0.0
 Etot   =   -113493.2884  EKtot   =     31600.5430  EPtot      =   -145093.8313
 BOND   =       856.9489  ANGLE   =      2164.1290  DIHED      =      1344.9059
 UB     =         0.0000  IMP     =         0.0000  CMAP       =       204.3144
 1-4 NB =      1025.6437  1-4 EEL =     15066.8279  VDWAALS    =     17269.7423
 EELEC  =   -183026.3432  EHBOND  =         0.0000  RESTRAINT  =         0.0000
 ------------------------------------------------------------------------------

wrapping first mol.:      -59.95674       42.39583       73.43173

 NSTEP =   740000   TIME(PS) =  196520.000  TEMP(K) =   311.48  PRESS =     0.0
 Etot   =   -113496.1318  EKtot   =     31683.9883  EPtot      =   -145180.1201
 BOND   =       852.4992  ANGLE   =      2126.9555  DIHED      =      1307.2098
 UB     =         0.0000  IMP     =         0.0000  CMAP       =       221.9770
 1-4 NB =       988.9041  1-4 EEL =     15030.6576  VDWAALS    =     17115.7220
 EELEC  =   -182824.0452  EHBOND  =         0.0000  RESTRAINT  =         0.0000
 ------------------------------------------------------------------------------

wrapping first mol.:      -59.95674       42.39583       73.43173

 NSTEP =   760000   TIME(PS) =  196560.000  TEMP(K) =   309.73  PRESS =     0.0
 Etot   =   -113338.3104  EKtot   =     31506.0781  EPtot      =   -144844.3886
 BOND   =       856.6441  ANGLE   =      2069.6945  DIHED      =      1325.2107
 UB     =         0.0000  IMP     =         0.0000  CMAP       =       207.2672
 1-4 NB =      1004.0609  1-4 EEL =     15128.8385  VDWAALS    =     17195.5597
 EELEC  =   -182631.6640  EHBOND  =         0.0000  RESTRAINT  =         0.0000
 ------------------------------------------------------------------------------

wrapping first mol.:      -59.95674       42.39583       73.43173

 NSTEP =   780000   TIME(PS) =  196600.000  TEMP(K) =   310.53  PRESS =     0.0
 Etot   =   -113538.8185  EKtot   =     31587.4336  EPtot      =   -145126.2521
 BOND   =       834.9488  ANGLE   =      2130.6888  DIHED      =      1389.6822
 UB     =         0.0000  IMP     =         0.0000  CMAP       =       210.0626
 1-4 NB =      1011.0114  1-4 EEL =     15099.8903  VDWAALS    =     17033.1587
 EELEC  =   -182835.6949  EHBOND  =         0.0000  RESTRAINT  =         0.0000
 ------------------------------------------------------------------------------

wrapping first mol.:      -59.95674       42.39583       73.43173

 NSTEP =   800000   TIME(PS) =  196640.000  TEMP(K) =   309.47  PRESS =     0.0
 Etot   =   -114116.7018  EKtot   =     31480.2832  EPtot      =   -145596.9850
 BOND   =       853.1092  ANGLE   =      2058.6862  DIHED      =      1317.9072
 UB     =         0.0000  IMP     =         0.0000  CMAP       =       200.0561
 1-4 NB =      1004.0339  1-4 EEL =     15016.6751  VDWAALS    =     17109.0154
 EELEC  =   -183156.4681  EHBOND  =         0.0000  RESTRAINT  =         0.0000
 ------------------------------------------------------------------------------

wrapping first mol.:      -59.95674       42.39583       73.43173

 NSTEP =   820000   TIME(PS) =  196680.000  TEMP(K) =   309.73  PRESS =     0.0
 Etot   =   -114046.6135  EKtot   =     31506.1699  EPtot      =   -145552.7834
 BOND   =       838.2447  ANGLE   =      2113.9362  DIHED      =      1349.9054
 UB     =         0.0000  IMP     =         0.0000  CMAP       =       212.8080
 1-4 NB =       989.4884  1-4 EEL =     15071.2076  VDWAALS    =     17280.2171
 EELEC  =   -183408.5907  EHBOND  =         0.0000  RESTRAINT  =         0.0000
 ------------------------------------------------------------------------------

wrapping first mol.:      -59.95674       42.39583       73.43173

 NSTEP =   840000   TIME(PS) =  196720.000  TEMP(K) =   310.42  PRESS =     0.0
 Etot   =   -113618.3310  EKtot   =     31576.3066  EPtot      =   -145194.6376
 BOND   =       864.1715  ANGLE   =      2158.3877  DIHED      =      1349.3576
 UB     =         0.0000  IMP     =         0.0000  CMAP       =       197.9891
 1-4 NB =       999.7499  1-4 EEL =     15082.1076  VDWAALS    =     17400.8132
 EELEC  =   -183247.2142  EHBOND  =         0.0000  RESTRAINT  =         0.0000
 ------------------------------------------------------------------------------

wrapping first mol.:      -59.95674       42.39583       73.43173

 NSTEP =   860000   TIME(PS) =  196760.000  TEMP(K) =   310.23  PRESS =     0.0
 Etot   =   -113440.6747  EKtot   =     31557.1367  EPtot      =   -144997.8114
 BOND   =       829.7390  ANGLE   =      2209.6818  DIHED      =      1388.1007
 UB     =         0.0000  IMP     =         0.0000  CMAP       =       204.3761
 1-4 NB =      1020.2263  1-4 EEL =     15073.5862  VDWAALS    =     16950.4364
 EELEC  =   -182673.9579  EHBOND  =         0.0000  RESTRAINT  =         0.0000
 ------------------------------------------------------------------------------

wrapping first mol.:      -59.95674       42.39583       73.43173

 NSTEP =   880000   TIME(PS) =  196800.000  TEMP(K) =   310.95  PRESS =     0.0
 Etot   =   -113649.8977  EKtot   =     31630.8672  EPtot      =   -145280.7649
 BOND   =       882.9511  ANGLE   =      2136.3361  DIHED      =      1350.2874
 UB     =         0.0000  IMP     =         0.0000  CMAP       =       210.5385
 1-4 NB =      1009.4394  1-4 EEL =     15069.0422  VDWAALS    =     17288.6281
 EELEC  =   -183227.9878  EHBOND  =         0.0000  RESTRAINT  =         0.0000
 ------------------------------------------------------------------------------

wrapping first mol.:      -59.95674       42.39583       73.43173

 NSTEP =   900000   TIME(PS) =  196840.000  TEMP(K) =   309.23  PRESS =     0.0
 Etot   =   -113785.1521  EKtot   =     31455.7910  EPtot      =   -145240.9431
 BOND   =       870.6423  ANGLE   =      2183.2380  DIHED      =      1338.6006
 UB     =         0.0000  IMP     =         0.0000  CMAP       =       215.7361
 1-4 NB =       989.7748  1-4 EEL =     15068.2565  VDWAALS    =     17547.0014
 EELEC  =   -183454.1930  EHBOND  =         0.0000  RESTRAINT  =         0.0000
 ------------------------------------------------------------------------------

wrapping first mol.:      -59.95674       42.39583       73.43173

 NSTEP =   920000   TIME(PS) =  196880.000  TEMP(K) =   310.48  PRESS =     0.0
 Etot   =   -113560.8306  EKtot   =     31583.0742  EPtot      =   -145143.9049
 BOND   =       856.3421  ANGLE   =      2140.2695  DIHED      =      1335.2416
 UB     =         0.0000  IMP     =         0.0000  CMAP       =       195.7465
 1-4 NB =       994.3051  1-4 EEL =     15097.0189  VDWAALS    =     17113.5346
 EELEC  =   -182876.3630  EHBOND  =         0.0000  RESTRAINT  =         0.0000
 ------------------------------------------------------------------------------

wrapping first mol.:      -59.95674       42.39583       73.43173

 NSTEP =   940000   TIME(PS) =  196920.000  TEMP(K) =   311.56  PRESS =     0.0
 Etot   =   -113341.3366  EKtot   =     31692.2988  EPtot      =   -145033.6354
 BOND   =       847.2869  ANGLE   =      2134.6564  DIHED      =      1347.7585
 UB     =         0.0000  IMP     =         0.0000  CMAP       =       204.9078
 1-4 NB =      1010.4869  1-4 EEL =     15101.7053  VDWAALS    =     17300.7140
 EELEC  =   -182981.1512  EHBOND  =         0.0000  RESTRAINT  =         0.0000
 ------------------------------------------------------------------------------

wrapping first mol.:      -59.95674       42.39583       73.43173

 NSTEP =   960000   TIME(PS) =  196960.000  TEMP(K) =   311.57  PRESS =     0.0
 Etot   =   -113653.5452  EKtot   =     31693.3477  EPtot      =   -145346.8928
 BOND   =       836.5247  ANGLE   =      2119.7866  DIHED      =      1368.5798
 UB     =         0.0000  IMP     =         0.0000  CMAP       =       234.8339
 1-4 NB =       997.1032  1-4 EEL =     15078.6601  VDWAALS    =     17361.7444
 EELEC  =   -183344.1256  EHBOND  =         0.0000  RESTRAINT  =         0.0000
 ------------------------------------------------------------------------------

wrapping first mol.:      -59.95674       42.39583       73.43173

 NSTEP =   980000   TIME(PS) =  197000.000  TEMP(K) =   307.87  PRESS =     0.0
 Etot   =   -113800.9069  EKtot   =     31317.3320  EPtot      =   -145118.2390
 BOND   =       833.9465  ANGLE   =      2209.3442  DIHED      =      1345.3077
 UB     =         0.0000  IMP     =         0.0000  CMAP       =       215.9769
 1-4 NB =      1014.8554  1-4 EEL =     15125.2752  VDWAALS    =     17277.1881
 EELEC  =   -183140.1329  EHBOND  =         0.0000  RESTRAINT  =         0.0000
 ------------------------------------------------------------------------------

wrapping first mol.:      -59.95674       42.39583       73.43173

 NSTEP =  1000000   TIME(PS) =  197040.000  TEMP(K) =   309.47  PRESS =     0.0
 Etot   =   -113959.2781  EKtot   =     31480.0566  EPtot      =   -145439.3347
 BOND   =       862.2820  ANGLE   =      2120.9998  DIHED      =      1348.4819
 UB     =         0.0000  IMP     =         0.0000  CMAP       =       225.0020
 1-4 NB =      1001.1960  1-4 EEL =     15104.9413  VDWAALS    =     17238.1768
 EELEC  =   -183340.4146  EHBOND  =         0.0000  RESTRAINT  =         0.0000
 ------------------------------------------------------------------------------

wrapping first mol.:      -59.95674       42.39583       73.43173

 NSTEP =  1020000   TIME(PS) =  197080.000  TEMP(K) =   311.33  PRESS =     0.0
 Etot   =   -113452.1547  EKtot   =     31669.7051  EPtot      =   -145121.8598
 BOND   =       809.8426  ANGLE   =      2161.2722  DIHED      =      1364.3878
 UB     =         0.0000  IMP     =         0.0000  CMAP       =       201.5435
 1-4 NB =      1002.7743  1-4 EEL =     15088.0306  VDWAALS    =     16790.6376
 EELEC  =   -182540.3484  EHBOND  =         0.0000  RESTRAINT  =         0.0000
 ------------------------------------------------------------------------------

wrapping first mol.:      -59.95674       42.39583       73.43173

 NSTEP =  1040000   TIME(PS) =  197120.000  TEMP(K) =   307.98  PRESS =     0.0
 Etot   =   -113760.8722  EKtot   =     31328.2109  EPtot      =   -145089.0831
 BOND   =       900.1791  ANGLE   =      2152.1910  DIHED      =      1347.5284
 UB     =         0.0000  IMP     =         0.0000  CMAP       =       198.2264
 1-4 NB =       991.7086  1-4 EEL =     14989.8471  VDWAALS    =     17405.4136
 EELEC  =   -183074.1774  EHBOND  =         0.0000  RESTRAINT  =         0.0000
 ------------------------------------------------------------------------------

wrapping first mol.:      -59.95674       42.39583       73.43173

 NSTEP =  1060000   TIME(PS) =  197160.000  TEMP(K) =   309.56  PRESS =     0.0
 Etot   =   -113987.0973  EKtot   =     31489.5273  EPtot      =   -145476.6247
 BOND   =       835.8652  ANGLE   =      2195.5573  DIHED      =      1348.5664
 UB     =         0.0000  IMP     =         0.0000  CMAP       =       205.9103
 1-4 NB =      1021.0331  1-4 EEL =     15082.4747  VDWAALS    =     17558.8102
 EELEC  =   -183724.8420  EHBOND  =         0.0000  RESTRAINT  =         0.0000
 ------------------------------------------------------------------------------

wrapping first mol.:      -59.95674       42.39583       73.43173

 NSTEP =  1080000   TIME(PS) =  197200.000  TEMP(K) =   309.49  PRESS =     0.0
 Etot   =   -113492.7349  EKtot   =     31482.0410  EPtot      =   -144974.7759
 BOND   =       889.1505  ANGLE   =      2136.7422  DIHED      =      1377.2135
 UB     =         0.0000  IMP     =         0.0000  CMAP       =       215.3851
 1-4 NB =      1001.7796  1-4 EEL =     15087.1454  VDWAALS    =     17247.9808
 EELEC  =   -182930.1730  EHBOND  =         0.0000  RESTRAINT  =         0.0000
 ------------------------------------------------------------------------------

wrapping first mol.:      -59.95674       42.39583       73.43173

 NSTEP =  1100000   TIME(PS) =  197240.000  TEMP(K) =   309.96  PRESS =     0.0
 Etot   =   -113768.4443  EKtot   =     31530.3457  EPtot      =   -145298.7900
 BOND   =       910.0163  ANGLE   =      2157.0875  DIHED      =      1389.2531
 UB     =         0.0000  IMP     =         0.0000  CMAP       =       204.4318
 1-4 NB =      1001.4495  1-4 EEL =     14996.8511  VDWAALS    =     17265.8050
 EELEC  =   -183223.6842  EHBOND  =         0.0000  RESTRAINT  =         0.0000
 ------------------------------------------------------------------------------

wrapping first mol.:      -59.95674       42.39583       73.43173

 NSTEP =  1120000   TIME(PS) =  197280.000  TEMP(K) =   312.34  PRESS =     0.0
 Etot   =   -113179.4834  EKtot   =     31771.8789  EPtot      =   -144951.3623
 BOND   =       865.7088  ANGLE   =      2171.7562  DIHED      =      1359.8680
 UB     =         0.0000  IMP     =         0.0000  CMAP       =       204.6604
 1-4 NB =      1017.0364  1-4 EEL =     15096.1040  VDWAALS    =     17218.5855
 EELEC  =   -182885.0817  EHBOND  =         0.0000  RESTRAINT  =         0.0000
 ------------------------------------------------------------------------------

wrapping first mol.:      -59.95674       42.39583       73.43173

 NSTEP =  1140000   TIME(PS) =  197320.000  TEMP(K) =   309.50  PRESS =     0.0
 Etot   =   -113750.8524  EKtot   =     31483.5078  EPtot      =   -145234.3602
 BOND   =       838.5204  ANGLE   =      2119.5276  DIHED      =      1351.4143
 UB     =         0.0000  IMP     =         0.0000  CMAP       =       213.3755
 1-4 NB =      1011.3326  1-4 EEL =     15064.5230  VDWAALS    =     17353.5902
 EELEC  =   -183186.6438  EHBOND  =         0.0000  RESTRAINT  =         0.0000
 ------------------------------------------------------------------------------

wrapping first mol.:      -59.95674       42.39583       73.43173

 NSTEP =  1160000   TIME(PS) =  197360.000  TEMP(K) =   309.28  PRESS =     0.0
 Etot   =   -113898.8709  EKtot   =     31460.6680  EPtot      =   -145359.5388
 BOND   =       867.6293  ANGLE   =      2091.6513  DIHED      =      1356.3568
 UB     =         0.0000  IMP     =         0.0000  CMAP       =       219.6915
 1-4 NB =      1018.5107  1-4 EEL =     15104.0692  VDWAALS    =     17309.7302
 EELEC  =   -183327.1777  EHBOND  =         0.0000  RESTRAINT  =         0.0000
 ------------------------------------------------------------------------------

wrapping first mol.:      -59.95674       42.39583       73.43173

 NSTEP =  1180000   TIME(PS) =  197400.000  TEMP(K) =   307.99  PRESS =     0.0
 Etot   =   -113518.4068  EKtot   =     31329.6836  EPtot      =   -144848.0903
 BOND   =       919.0898  ANGLE   =      2181.5973  DIHED      =      1329.8244
 UB     =         0.0000  IMP     =         0.0000  CMAP       =       206.9347
 1-4 NB =       985.5223  1-4 EEL =     15035.6897  VDWAALS    =     17443.6592
 EELEC  =   -182950.4077  EHBOND  =         0.0000  RESTRAINT  =         0.0000
 ------------------------------------------------------------------------------

wrapping first mol.:      -59.95674       42.39583       73.43173

 NSTEP =  1200000   TIME(PS) =  197440.000  TEMP(K) =   309.60  PRESS =     0.0
 Etot   =   -113546.7184  EKtot   =     31493.4980  EPtot      =   -145040.2165
 BOND   =       892.6071  ANGLE   =      2103.8982  DIHED      =      1372.9941
 UB     =         0.0000  IMP     =         0.0000  CMAP       =       221.0751
 1-4 NB =       981.3129  1-4 EEL =     15055.6110  VDWAALS    =     17447.8318
 EELEC  =   -183115.5467  EHBOND  =         0.0000  RESTRAINT  =         0.0000
 ------------------------------------------------------------------------------

wrapping first mol.:      -59.95674       42.39583       73.43173

 NSTEP =  1220000   TIME(PS) =  197480.000  TEMP(K) =   309.03  PRESS =     0.0
 Etot   =   -113589.4974  EKtot   =     31435.0527  EPtot      =   -145024.5502
 BOND   =       892.6526  ANGLE   =      2166.9161  DIHED      =      1330.3624
 UB     =         0.0000  IMP     =         0.0000  CMAP       =       206.3246
 1-4 NB =       990.1081  1-4 EEL =     15138.3622  VDWAALS    =     16950.2438
 EELEC  =   -182699.5198  EHBOND  =         0.0000  RESTRAINT  =         0.0000
 ------------------------------------------------------------------------------

wrapping first mol.:      -59.95674       42.39583       73.43173

 NSTEP =  1240000   TIME(PS) =  197520.000  TEMP(K) =   310.99  PRESS =     0.0
 Etot   =   -113822.1767  EKtot   =     31634.9766  EPtot      =   -145457.1533
 BOND   =       883.4541  ANGLE   =      2151.0316  DIHED      =      1357.8901
 UB     =         0.0000  IMP     =         0.0000  CMAP       =       213.6583
 1-4 NB =       989.4911  1-4 EEL =     15065.8477  VDWAALS    =     17300.6247
 EELEC  =   -183419.1508  EHBOND  =         0.0000  RESTRAINT  =         0.0000
 ------------------------------------------------------------------------------

wrapping first mol.:      -59.95674       42.39583       73.43173

 NSTEP =  1260000   TIME(PS) =  197560.000  TEMP(K) =   308.35  PRESS =     0.0
 Etot   =   -113894.0323  EKtot   =     31366.0742  EPtot      =   -145260.1066
 BOND   =       889.1496  ANGLE   =      2184.0683  DIHED      =      1339.3575
 UB     =         0.0000  IMP     =         0.0000  CMAP       =       199.3161
 1-4 NB =       995.3357  1-4 EEL =     15092.8902  VDWAALS    =     17265.8731
 EELEC  =   -183226.0971  EHBOND  =         0.0000  RESTRAINT  =         0.0000
 ------------------------------------------------------------------------------

wrapping first mol.:      -59.95674       42.39583       73.43173

 NSTEP =  1280000   TIME(PS) =  197600.000  TEMP(K) =   311.79  PRESS =     0.0
 Etot   =   -113358.7450  EKtot   =     31715.5742  EPtot      =   -145074.3192
 BOND   =       851.2430  ANGLE   =      2191.4835  DIHED      =      1319.4626
 UB     =         0.0000  IMP     =         0.0000  CMAP       =       221.5269
 1-4 NB =       983.3644  1-4 EEL =     15050.9822  VDWAALS    =     17439.4518
 EELEC  =   -183131.8336  EHBOND  =         0.0000  RESTRAINT  =         0.0000
 ------------------------------------------------------------------------------

wrapping first mol.:      -59.95674       42.39583       73.43173

 NSTEP =  1300000   TIME(PS) =  197640.000  TEMP(K) =   310.91  PRESS =     0.0
 Etot   =   -113532.0797  EKtot   =     31626.6367  EPtot      =   -145158.7164
 BOND   =       846.0886  ANGLE   =      2190.5543  DIHED      =      1333.0737
 UB     =         0.0000  IMP     =         0.0000  CMAP       =       218.3365
 1-4 NB =      1003.8557  1-4 EEL =     15161.3644  VDWAALS    =     17145.0240
 EELEC  =   -183057.0135  EHBOND  =         0.0000  RESTRAINT  =         0.0000
 ------------------------------------------------------------------------------

wrapping first mol.:      -59.95674       42.39583       73.43173

 NSTEP =  1320000   TIME(PS) =  197680.000  TEMP(K) =   308.60  PRESS =     0.0
 Etot   =   -113673.2258  EKtot   =     31391.2773  EPtot      =   -145064.5032
 BOND   =       869.3913  ANGLE   =      2143.3168  DIHED      =      1346.4401
 UB     =         0.0000  IMP     =         0.0000  CMAP       =       209.0009
 1-4 NB =       989.5684  1-4 EEL =     15127.0463  VDWAALS    =     17581.4327
 EELEC  =   -183330.6996  EHBOND  =         0.0000  RESTRAINT  =         0.0000
 ------------------------------------------------------------------------------

wrapping first mol.:      -59.95674       42.39583       73.43173

 NSTEP =  1340000   TIME(PS) =  197720.000  TEMP(K) =   307.15  PRESS =     0.0
 Etot   =   -113980.0656  EKtot   =     31244.1113  EPtot      =   -145224.1769
 BOND   =       841.4346  ANGLE   =      2159.2983  DIHED      =      1346.6351
 UB     =         0.0000  IMP     =         0.0000  CMAP       =       215.3540
 1-4 NB =       996.6629  1-4 EEL =     15080.4898  VDWAALS    =     17267.6933
 EELEC  =   -183131.7450  EHBOND  =         0.0000  RESTRAINT  =         0.0000
 ------------------------------------------------------------------------------

wrapping first mol.:      -59.95674       42.39583       73.43173

 NSTEP =  1360000   TIME(PS) =  197760.000  TEMP(K) =   310.68  PRESS =     0.0
 Etot   =   -113568.0231  EKtot   =     31603.5859  EPtot      =   -145171.6090
 BOND   =       879.2774  ANGLE   =      2159.5505  DIHED      =      1326.7799
 UB     =         0.0000  IMP     =         0.0000  CMAP       =       217.5562
 1-4 NB =       980.8837  1-4 EEL =     15077.0579  VDWAALS    =     17531.7947
 EELEC  =   -183344.5093  EHBOND  =         0.0000  RESTRAINT  =         0.0000
 ------------------------------------------------------------------------------

wrapping first mol.:      -59.95674       42.39583       73.43173

 NSTEP =  1380000   TIME(PS) =  197800.000  TEMP(K) =   310.00  PRESS =     0.0
 Etot   =   -113406.2458  EKtot   =     31534.2871  EPtot      =   -144940.5330
 BOND   =       879.0418  ANGLE   =      2102.3103  DIHED      =      1347.5743
 UB     =         0.0000  IMP     =         0.0000  CMAP       =       207.7206
 1-4 NB =       994.5425  1-4 EEL =     15131.9812  VDWAALS    =     17367.4054
 EELEC  =   -182971.1090  EHBOND  =         0.0000  RESTRAINT  =         0.0000
 ------------------------------------------------------------------------------

wrapping first mol.:      -59.95674       42.39583       73.43173

 NSTEP =  1400000   TIME(PS) =  197840.000  TEMP(K) =   308.75  PRESS =     0.0
 Etot   =   -113982.3028  EKtot   =     31407.0234  EPtot      =   -145389.3263
 BOND   =       885.0828  ANGLE   =      2089.1180  DIHED      =      1367.9978
 UB     =         0.0000  IMP     =         0.0000  CMAP       =       198.9283
 1-4 NB =      1004.2215  1-4 EEL =     15080.9841  VDWAALS    =     17669.7949
 EELEC  =   -183685.4537  EHBOND  =         0.0000  RESTRAINT  =         0.0000
 ------------------------------------------------------------------------------

wrapping first mol.:      -59.95674       42.39583       73.43173

 NSTEP =  1420000   TIME(PS) =  197880.000  TEMP(K) =   310.68  PRESS =     0.0
 Etot   =   -113267.0170  EKtot   =     31602.7773  EPtot      =   -144869.7944
 BOND   =       850.7156  ANGLE   =      2178.9835  DIHED      =      1383.8681
 UB     =         0.0000  IMP     =         0.0000  CMAP       =       205.5702
 1-4 NB =      1005.4993  1-4 EEL =     15036.7204  VDWAALS    =     17338.8297
 EELEC  =   -182869.9810  EHBOND  =         0.0000  RESTRAINT  =         0.0000
 ------------------------------------------------------------------------------

wrapping first mol.:      -59.95674       42.39583       73.43173

 NSTEP =  1440000   TIME(PS) =  197920.000  TEMP(K) =   311.21  PRESS =     0.0
 Etot   =   -113112.7967  EKtot   =     31657.4277  EPtot      =   -144770.2244
 BOND   =       886.0120  ANGLE   =      2212.2797  DIHED      =      1354.2851
 UB     =         0.0000  IMP     =         0.0000  CMAP       =       218.7483
 1-4 NB =      1002.6498  1-4 EEL =     15030.3136  VDWAALS    =     17241.3140
 EELEC  =   -182715.8270  EHBOND  =         0.0000  RESTRAINT  =         0.0000
 ------------------------------------------------------------------------------

wrapping first mol.:      -59.95674       42.39583       73.43173

 NSTEP =  1460000   TIME(PS) =  197960.000  TEMP(K) =   307.89  PRESS =     0.0
 Etot   =   -113768.0384  EKtot   =     31319.3418  EPtot      =   -145087.3802
 BOND   =       846.1105  ANGLE   =      2186.8753  DIHED      =      1363.1758
 UB     =         0.0000  IMP     =         0.0000  CMAP       =       213.5297
 1-4 NB =      1013.8495  1-4 EEL =     15152.9141  VDWAALS    =     16975.3872
 EELEC  =   -182839.2222  EHBOND  =         0.0000  RESTRAINT  =         0.0000
 ------------------------------------------------------------------------------

wrapping first mol.:      -59.95674       42.39583       73.43173

 NSTEP =  1480000   TIME(PS) =  198000.000  TEMP(K) =   308.02  PRESS =     0.0
 Etot   =   -114176.7953  EKtot   =     31332.2305  EPtot      =   -145509.0258
 BOND   =       874.9529  ANGLE   =      2100.4626  DIHED      =      1344.7071
 UB     =         0.0000  IMP     =         0.0000  CMAP       =       201.2048
 1-4 NB =       984.7505  1-4 EEL =     15025.3221  VDWAALS    =     17013.5858
 EELEC  =   -183054.0115  EHBOND  =         0.0000  RESTRAINT  =         0.0000
 ------------------------------------------------------------------------------

wrapping first mol.:      -59.95674       42.39583       73.43173

 NSTEP =  1500000   TIME(PS) =  198040.000  TEMP(K) =   309.64  PRESS =     0.0
 Etot   =   -113278.5540  EKtot   =     31497.5918  EPtot      =   -144776.1458
 BOND   =       848.1141  ANGLE   =      2072.6775  DIHED      =      1356.3314
 UB     =         0.0000  IMP     =         0.0000  CMAP       =       210.3117
 1-4 NB =      1001.4925  1-4 EEL =     15046.9823  VDWAALS    =     16985.6307
 EELEC  =   -182297.6860  EHBOND  =         0.0000  RESTRAINT  =         0.0000
 ------------------------------------------------------------------------------

wrapping first mol.:      -59.95674       42.39583       73.43173

 NSTEP =  1520000   TIME(PS) =  198080.000  TEMP(K) =   312.66  PRESS =     0.0
 Etot   =   -113176.6004  EKtot   =     31804.6074  EPtot      =   -144981.2078
 BOND   =       864.4710  ANGLE   =      2097.9295  DIHED      =      1342.2540
 UB     =         0.0000  IMP     =         0.0000  CMAP       =       205.7169
 1-4 NB =       988.2647  1-4 EEL =     15040.5777  VDWAALS    =     17385.9644
 EELEC  =   -182906.3862  EHBOND  =         0.0000  RESTRAINT  =         0.0000
 ------------------------------------------------------------------------------

wrapping first mol.:      -59.95674       42.39583       73.43173

 NSTEP =  1540000   TIME(PS) =  198120.000  TEMP(K) =   308.14  PRESS =     0.0
 Etot   =   -113574.2354  EKtot   =     31344.7676  EPtot      =   -144919.0030
 BOND   =       853.1601  ANGLE   =      2117.5067  DIHED      =      1363.5578
 UB     =         0.0000  IMP     =         0.0000  CMAP       =       198.7114
 1-4 NB =       991.8141  1-4 EEL =     15029.6110  VDWAALS    =     17268.7200
 EELEC  =   -182742.0841  EHBOND  =         0.0000  RESTRAINT  =         0.0000
 ------------------------------------------------------------------------------

wrapping first mol.:      -59.95674       42.39583       73.43173

 NSTEP =  1560000   TIME(PS) =  198160.000  TEMP(K) =   307.67  PRESS =     0.0
 Etot   =   -113917.5371  EKtot   =     31297.0273  EPtot      =   -145214.5644
 BOND   =       828.1020  ANGLE   =      2153.9638  DIHED      =      1335.1118
 UB     =         0.0000  IMP     =         0.0000  CMAP       =       199.7496
 1-4 NB =       995.2790  1-4 EEL =     15153.7626  VDWAALS    =     17224.7540
 EELEC  =   -183105.2874  EHBOND  =         0.0000  RESTRAINT  =         0.0000
 ------------------------------------------------------------------------------

wrapping first mol.:      -59.95674       42.39583       73.43173

 NSTEP =  1580000   TIME(PS) =  198200.000  TEMP(K) =   311.40  PRESS =     0.0
 Etot   =   -113320.8965  EKtot   =     31675.8555  EPtot      =   -144996.7520
 BOND   =       862.6478  ANGLE   =      2142.6336  DIHED      =      1336.8384
 UB     =         0.0000  IMP     =         0.0000  CMAP       =       225.4245
 1-4 NB =      1017.2848  1-4 EEL =     15131.2498  VDWAALS    =     17000.1009
 EELEC  =   -182712.9318  EHBOND  =         0.0000  RESTRAINT  =         0.0000
 ------------------------------------------------------------------------------

wrapping first mol.:      -59.95674       42.39583       73.43173

 NSTEP =  1600000   TIME(PS) =  198240.000  TEMP(K) =   310.19  PRESS =     0.0
 Etot   =   -113870.5464  EKtot   =     31553.6348  EPtot      =   -145424.1811
 BOND   =       840.5161  ANGLE   =      2171.3446  DIHED      =      1376.7728
 UB     =         0.0000  IMP     =         0.0000  CMAP       =       214.7759
 1-4 NB =       990.6604  1-4 EEL =     15070.7030  VDWAALS    =     17204.5495
 EELEC  =   -183293.5033  EHBOND  =         0.0000  RESTRAINT  =         0.0000
 ------------------------------------------------------------------------------

wrapping first mol.:      -59.95674       42.39583       73.43173

 NSTEP =  1620000   TIME(PS) =  198280.000  TEMP(K) =   311.86  PRESS =     0.0
 Etot   =   -113135.3388  EKtot   =     31722.6895  EPtot      =   -144858.0282
 BOND   =       874.2287  ANGLE   =      2210.8716  DIHED      =      1370.9733
 UB     =         0.0000  IMP     =         0.0000  CMAP       =       235.2120
 1-4 NB =       992.4403  1-4 EEL =     15117.8767  VDWAALS    =     16930.8412
 EELEC  =   -182590.4719  EHBOND  =         0.0000  RESTRAINT  =         0.0000
 ------------------------------------------------------------------------------

wrapping first mol.:      -59.95674       42.39583       73.43173

 NSTEP =  1640000   TIME(PS) =  198320.000  TEMP(K) =   311.44  PRESS =     0.0
 Etot   =   -113413.5975  EKtot   =     31680.0840  EPtot      =   -145093.6815
 BOND   =       836.4920  ANGLE   =      2164.8583  DIHED      =      1347.2194
 UB     =         0.0000  IMP     =         0.0000  CMAP       =       234.7063
 1-4 NB =       998.2415  1-4 EEL =     15122.3959  VDWAALS    =     17027.5488
 EELEC  =   -182825.1437  EHBOND  =         0.0000  RESTRAINT  =         0.0000
 ------------------------------------------------------------------------------

wrapping first mol.:      -59.95674       42.39583       73.43173

 NSTEP =  1660000   TIME(PS) =  198360.000  TEMP(K) =   309.51  PRESS =     0.0
 Etot   =   -113501.8543  EKtot   =     31483.7969  EPtot      =   -144985.6511
 BOND   =       919.4763  ANGLE   =      2200.5382  DIHED      =      1324.9636
 UB     =         0.0000  IMP     =         0.0000  CMAP       =       213.7917
 1-4 NB =       989.9187  1-4 EEL =     14968.4180  VDWAALS    =     17044.3371
 EELEC  =   -182647.0947  EHBOND  =         0.0000  RESTRAINT  =         0.0000
 ------------------------------------------------------------------------------

wrapping first mol.:      -59.95674       42.39583       73.43173

 NSTEP =  1680000   TIME(PS) =  198400.000  TEMP(K) =   310.37  PRESS =     0.0
 Etot   =   -113831.6355  EKtot   =     31571.5488  EPtot      =   -145403.1844
 BOND   =       845.3783  ANGLE   =      2073.2056  DIHED      =      1385.4561
 UB     =         0.0000  IMP     =         0.0000  CMAP       =       208.3750
 1-4 NB =      1004.5872  1-4 EEL =     15047.0398  VDWAALS    =     17191.0586
 EELEC  =   -183158.2848  EHBOND  =         0.0000  RESTRAINT  =         0.0000
 ------------------------------------------------------------------------------

wrapping first mol.:      -59.95674       42.39583       73.43173

 NSTEP =  1700000   TIME(PS) =  198440.000  TEMP(K) =   308.73  PRESS =     0.0
 Etot   =   -113940.2283  EKtot   =     31404.7051  EPtot      =   -145344.9334
 BOND   =       845.4256  ANGLE   =      2071.3339  DIHED      =      1357.1193
 UB     =         0.0000  IMP     =         0.0000  CMAP       =       222.4042
 1-4 NB =       999.2883  1-4 EEL =     15039.7779  VDWAALS    =     16915.8955
 EELEC  =   -182796.1781  EHBOND  =         0.0000  RESTRAINT  =         0.0000
 ------------------------------------------------------------------------------

wrapping first mol.:      -59.95674       42.39583       73.43173

 NSTEP =  1720000   TIME(PS) =  198480.000  TEMP(K) =   309.51  PRESS =     0.0
 Etot   =   -114065.5692  EKtot   =     31484.1602  EPtot      =   -145549.7293
 BOND   =       863.6954  ANGLE   =      2153.8754  DIHED      =      1330.3586
 UB     =         0.0000  IMP     =         0.0000  CMAP       =       232.2175
 1-4 NB =       981.4108  1-4 EEL =     15040.4146  VDWAALS    =     17374.7794
 EELEC  =   -183526.4811  EHBOND  =         0.0000  RESTRAINT  =         0.0000
 ------------------------------------------------------------------------------

wrapping first mol.:      -59.95674       42.39583       73.43173

 NSTEP =  1740000   TIME(PS) =  198520.000  TEMP(K) =   309.08  PRESS =     0.0
 Etot   =   -113845.9692  EKtot   =     31440.4746  EPtot      =   -145286.4438
 BOND   =       857.3135  ANGLE   =      2152.4773  DIHED      =      1342.0931
 UB     =         0.0000  IMP     =         0.0000  CMAP       =       206.5037
 1-4 NB =       980.6970  1-4 EEL =     15039.4969  VDWAALS    =     17207.8256
 EELEC  =   -183072.8508  EHBOND  =         0.0000  RESTRAINT  =         0.0000
 ------------------------------------------------------------------------------

wrapping first mol.:      -59.95674       42.39583       73.43173

 NSTEP =  1760000   TIME(PS) =  198560.000  TEMP(K) =   310.34  PRESS =     0.0
 Etot   =   -113662.6940  EKtot   =     31568.7891  EPtot      =   -145231.4831
 BOND   =       829.4921  ANGLE   =      2126.0021  DIHED      =      1370.9137
 UB     =         0.0000  IMP     =         0.0000  CMAP       =       220.8359
 1-4 NB =       995.5329  1-4 EEL =     15069.2738  VDWAALS    =     17178.1712
 EELEC  =   -183021.7049  EHBOND  =         0.0000  RESTRAINT  =         0.0000
 ------------------------------------------------------------------------------

wrapping first mol.:      -59.95674       42.39583       73.43173

 NSTEP =  1780000   TIME(PS) =  198600.000  TEMP(K) =   311.75  PRESS =     0.0
 Etot   =   -113537.6652  EKtot   =     31712.0469  EPtot      =   -145249.7121
 BOND   =       861.0880  ANGLE   =      2147.4444  DIHED      =      1346.4422
 UB     =         0.0000  IMP     =         0.0000  CMAP       =       207.0234
 1-4 NB =      1006.4042  1-4 EEL =     15071.9924  VDWAALS    =     17171.2234
 EELEC  =   -183061.3300  EHBOND  =         0.0000  RESTRAINT  =         0.0000
 ------------------------------------------------------------------------------

wrapping first mol.:      -59.95674       42.39583       73.43173

 NSTEP =  1800000   TIME(PS) =  198640.000  TEMP(K) =   310.90  PRESS =     0.0
 Etot   =   -113790.3538  EKtot   =     31625.2148  EPtot      =   -145415.5687
 BOND   =       887.9571  ANGLE   =      2145.5203  DIHED      =      1341.0580
 UB     =         0.0000  IMP     =         0.0000  CMAP       =       211.2383
 1-4 NB =       995.8176  1-4 EEL =     15079.2851  VDWAALS    =     17170.1495
 EELEC  =   -183246.5944  EHBOND  =         0.0000  RESTRAINT  =         0.0000
 ------------------------------------------------------------------------------

wrapping first mol.:      -59.95674       42.39583       73.43173

 NSTEP =  1820000   TIME(PS) =  198680.000  TEMP(K) =   308.20  PRESS =     0.0
 Etot   =   -114157.7712  EKtot   =     31350.9219  EPtot      =   -145508.6931
 BOND   =       884.7696  ANGLE   =      2088.5548  DIHED      =      1344.9502
 UB     =         0.0000  IMP     =         0.0000  CMAP       =       227.4432
 1-4 NB =       990.8117  1-4 EEL =     15058.4102  VDWAALS    =     17506.1976
 EELEC  =   -183609.8304  EHBOND  =         0.0000  RESTRAINT  =         0.0000
 ------------------------------------------------------------------------------

wrapping first mol.:      -59.95674       42.39583       73.43173

 NSTEP =  1840000   TIME(PS) =  198720.000  TEMP(K) =   309.71  PRESS =     0.0
 Etot   =   -113680.5160  EKtot   =     31504.4277  EPtot      =   -145184.9437
 BOND   =       864.9948  ANGLE   =      2209.0877  DIHED      =      1323.6795
 UB     =         0.0000  IMP     =         0.0000  CMAP       =       222.0835
 1-4 NB =       985.6555  1-4 EEL =     15047.2632  VDWAALS    =     17376.3571
 EELEC  =   -183214.0650  EHBOND  =         0.0000  RESTRAINT  =         0.0000
 ------------------------------------------------------------------------------

wrapping first mol.:      -59.95674       42.39583       73.43173

 NSTEP =  1860000   TIME(PS) =  198760.000  TEMP(K) =   310.81  PRESS =     0.0
 Etot   =   -113464.2902  EKtot   =     31615.8730  EPtot      =   -145080.1632
 BOND   =       830.9778  ANGLE   =      2157.9154  DIHED      =      1348.9841
 UB     =         0.0000  IMP     =         0.0000  CMAP       =       214.3059
 1-4 NB =       995.3528  1-4 EEL =     15123.3411  VDWAALS    =     17259.4511
 EELEC  =   -183010.4913  EHBOND  =         0.0000  RESTRAINT  =         0.0000
 ------------------------------------------------------------------------------

wrapping first mol.:      -59.95674       42.39583       73.43173

 NSTEP =  1880000   TIME(PS) =  198800.000  TEMP(K) =   310.89  PRESS =     0.0
 Etot   =   -113409.9687  EKtot   =     31624.3496  EPtot      =   -145034.3183
 BOND   =       825.6179  ANGLE   =      2113.3438  DIHED      =      1337.8890
 UB     =         0.0000  IMP     =         0.0000  CMAP       =       210.0335
 1-4 NB =       993.9752  1-4 EEL =     15082.5502  VDWAALS    =     17478.9348
 EELEC  =   -183076.6626  EHBOND  =         0.0000  RESTRAINT  =         0.0000
 ------------------------------------------------------------------------------

wrapping first mol.:      -59.95674       42.39583       73.43173

 NSTEP =  1900000   TIME(PS) =  198840.000  TEMP(K) =   312.19  PRESS =     0.0
 Etot   =   -113353.6947  EKtot   =     31756.9492  EPtot      =   -145110.6439
 BOND   =       929.1356  ANGLE   =      2092.3948  DIHED      =      1339.6874
 UB     =         0.0000  IMP     =         0.0000  CMAP       =       196.0106
 1-4 NB =       979.9739  1-4 EEL =     15016.9767  VDWAALS    =     17393.4445
 EELEC  =   -183058.2673  EHBOND  =         0.0000  RESTRAINT  =         0.0000
 ------------------------------------------------------------------------------

wrapping first mol.:      -59.95674       42.39583       73.43173

 NSTEP =  1920000   TIME(PS) =  198880.000  TEMP(K) =   308.86  PRESS =     0.0
 Etot   =   -113660.6717  EKtot   =     31418.3535  EPtot      =   -145079.0252
 BOND   =       844.0575  ANGLE   =      2130.3529  DIHED      =      1325.4938
 UB     =         0.0000  IMP     =         0.0000  CMAP       =       204.4725
 1-4 NB =       982.4562  1-4 EEL =     15095.5255  VDWAALS    =     17191.0507
 EELEC  =   -182852.4343  EHBOND  =         0.0000  RESTRAINT  =         0.0000
 ------------------------------------------------------------------------------

wrapping first mol.:      -59.95674       42.39583       73.43173

 NSTEP =  1940000   TIME(PS) =  198920.000  TEMP(K) =   309.27  PRESS =     0.0
 Etot   =   -113581.1637  EKtot   =     31459.9922  EPtot      =   -145041.1559
 BOND   =       846.5668  ANGLE   =      2191.0959  DIHED      =      1382.1487
 UB     =         0.0000  IMP     =         0.0000  CMAP       =       213.5949
 1-4 NB =      1002.1667  1-4 EEL =     15085.4871  VDWAALS    =     17142.3497
 EELEC  =   -182904.5658  EHBOND  =         0.0000  RESTRAINT  =         0.0000
 ------------------------------------------------------------------------------

wrapping first mol.:      -59.95674       42.39583       73.43173

 NSTEP =  1960000   TIME(PS) =  198960.000  TEMP(K) =   310.18  PRESS =     0.0
 Etot   =   -113717.6500  EKtot   =     31552.1582  EPtot      =   -145269.8082
 BOND   =       863.0242  ANGLE   =      2149.0348  DIHED      =      1339.9235
 UB     =         0.0000  IMP     =         0.0000  CMAP       =       212.1387
 1-4 NB =      1032.4869  1-4 EEL =     15100.1866  VDWAALS    =     17296.6939
 EELEC  =   -183263.2968  EHBOND  =         0.0000  RESTRAINT  =         0.0000
 ------------------------------------------------------------------------------

wrapping first mol.:      -59.95674       42.39583       73.43173

 NSTEP =  1980000   TIME(PS) =  199000.000  TEMP(K) =   309.02  PRESS =     0.0
 Etot   =   -113788.8017  EKtot   =     31433.8145  EPtot      =   -145222.6161
 BOND   =       895.2505  ANGLE   =      2152.6472  DIHED      =      1369.4689
 UB     =         0.0000  IMP     =         0.0000  CMAP       =       189.4119
 1-4 NB =      1003.1875  1-4 EEL =     15055.7827  VDWAALS    =     17042.2719
 EELEC  =   -182930.6368  EHBOND  =         0.0000  RESTRAINT  =         0.0000
 ------------------------------------------------------------------------------

wrapping first mol.:      -59.95674       42.39583       73.43173

 NSTEP =  2000000   TIME(PS) =  199040.000  TEMP(K) =   310.31  PRESS =     0.0
 Etot   =   -113575.5951  EKtot   =     31565.8984  EPtot      =   -145141.4936
 BOND   =       871.2297  ANGLE   =      2209.5862  DIHED      =      1363.5609
 UB     =         0.0000  IMP     =         0.0000  CMAP       =       210.1404
 1-4 NB =      1001.7491  1-4 EEL =     15114.0122  VDWAALS    =     17461.5230
 EELEC  =   -183373.2950  EHBOND  =         0.0000  RESTRAINT  =         0.0000
 ------------------------------------------------------------------------------

wrapping first mol.:      -59.95674       42.39583       73.43173

 NSTEP =  2020000   TIME(PS) =  199080.000  TEMP(K) =   309.81  PRESS =     0.0
 Etot   =   -113630.0878  EKtot   =     31514.5508  EPtot      =   -145144.6386
 BOND   =       895.7221  ANGLE   =      2154.8680  DIHED      =      1332.2654
 UB     =         0.0000  IMP     =         0.0000  CMAP       =       205.8790
 1-4 NB =      1017.7574  1-4 EEL =     15035.8679  VDWAALS    =     16956.6214
 EELEC  =   -182743.6197  EHBOND  =         0.0000  RESTRAINT  =         0.0000
 ------------------------------------------------------------------------------

wrapping first mol.:      -59.95674       42.39583       73.43173

 NSTEP =  2040000   TIME(PS) =  199120.000  TEMP(K) =   310.79  PRESS =     0.0
 Etot   =   -113234.0505  EKtot   =     31614.4746  EPtot      =   -144848.5251
 BOND   =       896.8703  ANGLE   =      2153.2638  DIHED      =      1353.6225
 UB     =         0.0000  IMP     =         0.0000  CMAP       =       228.5032
 1-4 NB =       989.3704  1-4 EEL =     15095.1744  VDWAALS    =     17391.5031
 EELEC  =   -182956.8328  EHBOND  =         0.0000  RESTRAINT  =         0.0000
 ------------------------------------------------------------------------------

wrapping first mol.:      -59.95674       42.39583       73.43173

 NSTEP =  2060000   TIME(PS) =  199160.000  TEMP(K) =   308.24  PRESS =     0.0
 Etot   =   -113918.9061  EKtot   =     31354.6680  EPtot      =   -145273.5740
 BOND   =       840.4062  ANGLE   =      2192.5774  DIHED      =      1349.9114
 UB     =         0.0000  IMP     =         0.0000  CMAP       =       212.3175
 1-4 NB =       998.9874  1-4 EEL =     15057.0739  VDWAALS    =     17152.2324
 EELEC  =   -183077.0803  EHBOND  =         0.0000  RESTRAINT  =         0.0000
 ------------------------------------------------------------------------------

wrapping first mol.:      -59.95674       42.39583       73.43173

 NSTEP =  2080000   TIME(PS) =  199200.000  TEMP(K) =   309.93  PRESS =     0.0
 Etot   =   -113460.7746  EKtot   =     31526.8516  EPtot      =   -144987.6262
 BOND   =       834.4655  ANGLE   =      2166.7358  DIHED      =      1368.0420
 UB     =         0.0000  IMP     =         0.0000  CMAP       =       196.3128
 1-4 NB =      1004.0057  1-4 EEL =     15056.0854  VDWAALS    =     16839.8187
 EELEC  =   -182453.0923  EHBOND  =         0.0000  RESTRAINT  =         0.0000
 ------------------------------------------------------------------------------

wrapping first mol.:      -59.95674       42.39583       73.43173

 NSTEP =  2100000   TIME(PS) =  199240.000  TEMP(K) =   310.47  PRESS =     0.0
 Etot   =   -113285.2203  EKtot   =     31581.7852  EPtot      =   -144867.0054
 BOND   =       845.6419  ANGLE   =      2200.8296  DIHED      =      1359.2310
 UB     =         0.0000  IMP     =         0.0000  CMAP       =       207.7023
 1-4 NB =       976.9208  1-4 EEL =     15032.0660  VDWAALS    =     17289.8244
 EELEC  =   -182779.2214  EHBOND  =         0.0000  RESTRAINT  =         0.0000
 ------------------------------------------------------------------------------

wrapping first mol.:      -59.95674       42.39583       73.43173

 NSTEP =  2120000   TIME(PS) =  199280.000  TEMP(K) =   310.81  PRESS =     0.0
 Etot   =   -113558.6681  EKtot   =     31616.1230  EPtot      =   -145174.7912
 BOND   =       861.8907  ANGLE   =      2083.7057  DIHED      =      1348.8578
 UB     =         0.0000  IMP     =         0.0000  CMAP       =       225.0802
 1-4 NB =      1016.1320  1-4 EEL =     15077.5431  VDWAALS    =     16952.7925
 EELEC  =   -182740.7931  EHBOND  =         0.0000  RESTRAINT  =         0.0000
 ------------------------------------------------------------------------------

wrapping first mol.:      -59.95674       42.39583       73.43173

 NSTEP =  2140000   TIME(PS) =  199320.000  TEMP(K) =   309.85  PRESS =     0.0
 Etot   =   -113626.6665  EKtot   =     31518.3750  EPtot      =   -145145.0415
 BOND   =       862.8153  ANGLE   =      2138.6371  DIHED      =      1318.7449
 UB     =         0.0000  IMP     =         0.0000  CMAP       =       209.1124
 1-4 NB =       994.6084  1-4 EEL =     15096.9948  VDWAALS    =     17047.3612
 EELEC  =   -182813.3156  EHBOND  =         0.0000  RESTRAINT  =         0.0000
 ------------------------------------------------------------------------------

wrapping first mol.:      -59.95674       42.39583       73.43173

 NSTEP =  2160000   TIME(PS) =  199360.000  TEMP(K) =   309.67  PRESS =     0.0
 Etot   =   -113724.9867  EKtot   =     31500.5039  EPtot      =   -145225.4906
 BOND   =       819.5018  ANGLE   =      2094.3302  DIHED      =      1351.9490
 UB     =         0.0000  IMP     =         0.0000  CMAP       =       213.3182
 1-4 NB =      1000.2746  1-4 EEL =     15085.6261  VDWAALS    =     17074.0117
 EELEC  =   -182864.5020  EHBOND  =         0.0000  RESTRAINT  =         0.0000
 ------------------------------------------------------------------------------

wrapping first mol.:      -59.95674       42.39583       73.43173

 NSTEP =  2180000   TIME(PS) =  199400.000  TEMP(K) =   311.18  PRESS =     0.0
 Etot   =   -113475.8046  EKtot   =     31654.1758  EPtot      =   -145129.9803
 BOND   =       890.6289  ANGLE   =      2134.4469  DIHED      =      1359.0838
 UB     =         0.0000  IMP     =         0.0000  CMAP       =       223.7121
 1-4 NB =      1000.7679  1-4 EEL =     15119.7949  VDWAALS    =     17222.1349
 EELEC  =   -183080.5496  EHBOND  =         0.0000  RESTRAINT  =         0.0000
 ------------------------------------------------------------------------------

wrapping first mol.:      -59.95674       42.39583       73.43173

 NSTEP =  2200000   TIME(PS) =  199440.000  TEMP(K) =   310.30  PRESS =     0.0
 Etot   =   -113545.1820  EKtot   =     31564.3125  EPtot      =   -145109.4945
 BOND   =       859.3842  ANGLE   =      2102.1479  DIHED      =      1349.8214
 UB     =         0.0000  IMP     =         0.0000  CMAP       =       208.4222
 1-4 NB =       992.5452  1-4 EEL =     15062.0950  VDWAALS    =     16978.0074
 EELEC  =   -182661.9178  EHBOND  =         0.0000  RESTRAINT  =         0.0000
 ------------------------------------------------------------------------------

wrapping first mol.:      -59.95674       42.39583       73.43173

 NSTEP =  2220000   TIME(PS) =  199480.000  TEMP(K) =   311.01  PRESS =     0.0
 Etot   =   -113216.5420  EKtot   =     31637.0781  EPtot      =   -144853.6202
 BOND   =       900.6189  ANGLE   =      2175.4199  DIHED      =      1365.8534
 UB     =         0.0000  IMP     =         0.0000  CMAP       =       221.1956
 1-4 NB =       974.7477  1-4 EEL =     15071.5809  VDWAALS    =     17302.8820
 EELEC  =   -182865.9186  EHBOND  =         0.0000  RESTRAINT  =         0.0000
 ------------------------------------------------------------------------------

wrapping first mol.:      -59.95674       42.39583       73.43173

 NSTEP =  2240000   TIME(PS) =  199520.000  TEMP(K) =   311.26  PRESS =     0.0
 Etot   =   -113417.6329  EKtot   =     31661.7734  EPtot      =   -145079.4064
 BOND   =       855.6225  ANGLE   =      2112.6256  DIHED      =      1366.6169
 UB     =         0.0000  IMP     =         0.0000  CMAP       =       224.1842
 1-4 NB =       993.2679  1-4 EEL =     15056.2998  VDWAALS    =     17449.7118
 EELEC  =   -183137.7350  EHBOND  =         0.0000  RESTRAINT  =         0.0000
 ------------------------------------------------------------------------------

wrapping first mol.:      -59.95674       42.39583       73.43173

 NSTEP =  2260000   TIME(PS) =  199560.000  TEMP(K) =   310.88  PRESS =     0.0
 Etot   =   -113646.0806  EKtot   =     31623.7949  EPtot      =   -145269.8755
 BOND   =       928.4197  ANGLE   =      2060.7535  DIHED      =      1328.4322
 UB     =         0.0000  IMP     =         0.0000  CMAP       =       195.8229
 1-4 NB =      1001.1263  1-4 EEL =     15053.3980  VDWAALS    =     17513.7513
 EELEC  =   -183351.5794  EHBOND  =         0.0000  RESTRAINT  =         0.0000
 ------------------------------------------------------------------------------

wrapping first mol.:      -59.95674       42.39583       73.43173

 NSTEP =  2280000   TIME(PS) =  199600.000  TEMP(K) =   309.72  PRESS =     0.0
 Etot   =   -113880.4670  EKtot   =     31505.1758  EPtot      =   -145385.6428
 BOND   =       881.7824  ANGLE   =      2112.3005  DIHED      =      1340.5903
 UB     =         0.0000  IMP     =         0.0000  CMAP       =       202.6702
 1-4 NB =      1004.6903  1-4 EEL =     15094.6566  VDWAALS    =     17237.5412
 EELEC  =   -183259.8743  EHBOND  =         0.0000  RESTRAINT  =         0.0000
 ------------------------------------------------------------------------------

wrapping first mol.:      -59.95674       42.39583       73.43173

 NSTEP =  2300000   TIME(PS) =  199640.000  TEMP(K) =   308.48  PRESS =     0.0
 Etot   =   -113889.9580  EKtot   =     31379.0312  EPtot      =   -145268.9892
 BOND   =       811.9374  ANGLE   =      2135.7363  DIHED      =      1346.9475
 UB     =         0.0000  IMP     =         0.0000  CMAP       =       228.7326
 1-4 NB =      1013.6642  1-4 EEL =     15127.7251  VDWAALS    =     17140.0035
 EELEC  =   -183073.7359  EHBOND  =         0.0000  RESTRAINT  =         0.0000
 ------------------------------------------------------------------------------

wrapping first mol.:      -59.95674       42.39583       73.43173

 NSTEP =  2320000   TIME(PS) =  199680.000  TEMP(K) =   311.21  PRESS =     0.0
 Etot   =   -113786.2179  EKtot   =     31656.6426  EPtot      =   -145442.8605
 BOND   =       867.0440  ANGLE   =      2111.2151  DIHED      =      1313.4376
 UB     =         0.0000  IMP     =         0.0000  CMAP       =       215.9944
 1-4 NB =       986.8773  1-4 EEL =     15035.9762  VDWAALS    =     17279.8302
 EELEC  =   -183253.2353  EHBOND  =         0.0000  RESTRAINT  =         0.0000
 ------------------------------------------------------------------------------

wrapping first mol.:      -59.95674       42.39583       73.43173

 NSTEP =  2340000   TIME(PS) =  199720.000  TEMP(K) =   310.07  PRESS =     0.0
 Etot   =   -113984.1263  EKtot   =     31541.2480  EPtot      =   -145525.3744
 BOND   =       868.3139  ANGLE   =      2176.1902  DIHED      =      1347.7813
 UB     =         0.0000  IMP     =         0.0000  CMAP       =       205.3243
 1-4 NB =      1017.3669  1-4 EEL =     15079.6401  VDWAALS    =     17416.1467
 EELEC  =   -183636.1378  EHBOND  =         0.0000  RESTRAINT  =         0.0000
 ------------------------------------------------------------------------------

wrapping first mol.:      -59.95674       42.39583       73.43173

 NSTEP =  2360000   TIME(PS) =  199760.000  TEMP(K) =   309.44  PRESS =     0.0
 Etot   =   -114022.4399  EKtot   =     31476.6816  EPtot      =   -145499.1215
 BOND   =       807.7323  ANGLE   =      2123.1219  DIHED      =      1341.6458
 UB     =         0.0000  IMP     =         0.0000  CMAP       =       215.3695
 1-4 NB =       992.5994  1-4 EEL =     15083.2117  VDWAALS    =     17023.4225
 EELEC  =   -183086.2246  EHBOND  =         0.0000  RESTRAINT  =         0.0000
 ------------------------------------------------------------------------------

wrapping first mol.:      -59.95674       42.39583       73.43173

 NSTEP =  2380000   TIME(PS) =  199800.000  TEMP(K) =   310.65  PRESS =     0.0
 Etot   =   -113642.7754  EKtot   =     31600.3516  EPtot      =   -145243.1269
 BOND   =       845.7723  ANGLE   =      2144.0938  DIHED      =      1332.9312
 UB     =         0.0000  IMP     =         0.0000  CMAP       =       214.9379
 1-4 NB =       986.4876  1-4 EEL =     15037.8051  VDWAALS    =     17026.5909
 EELEC  =   -182831.7458  EHBOND  =         0.0000  RESTRAINT  =         0.0000
 ------------------------------------------------------------------------------

wrapping first mol.:      -59.95674       42.39583       73.43173

 NSTEP =  2400000   TIME(PS) =  199840.000  TEMP(K) =   310.39  PRESS =     0.0
 Etot   =   -113620.2234  EKtot   =     31573.2461  EPtot      =   -145193.4695
 BOND   =       852.3595  ANGLE   =      2148.1490  DIHED      =      1353.6358
 UB     =         0.0000  IMP     =         0.0000  CMAP       =       209.4552
 1-4 NB =      1008.1236  1-4 EEL =     15075.8240  VDWAALS    =     17290.1985
 EELEC  =   -183131.2150  EHBOND  =         0.0000  RESTRAINT  =         0.0000
 ------------------------------------------------------------------------------

wrapping first mol.:      -59.95674       42.39583       73.43173

 NSTEP =  2420000   TIME(PS) =  199880.000  TEMP(K) =   311.07  PRESS =     0.0
 Etot   =   -113550.6965  EKtot   =     31642.4746  EPtot      =   -145193.1711
 BOND   =       894.5552  ANGLE   =      2217.0658  DIHED      =      1351.4966
 UB     =         0.0000  IMP     =         0.0000  CMAP       =       209.0401
 1-4 NB =       975.0355  1-4 EEL =     15018.0148  VDWAALS    =     17323.4067
 EELEC  =   -183181.7858  EHBOND  =         0.0000  RESTRAINT  =         0.0000
 ------------------------------------------------------------------------------

wrapping first mol.:      -59.95674       42.39583       73.43173

 NSTEP =  2440000   TIME(PS) =  199920.000  TEMP(K) =   309.69  PRESS =     0.0
 Etot   =   -113598.5501  EKtot   =     31502.7812  EPtot      =   -145101.3313
 BOND   =       819.2645  ANGLE   =      2154.0376  DIHED      =      1343.6331
 UB     =         0.0000  IMP     =         0.0000  CMAP       =       212.3352
 1-4 NB =       975.7771  1-4 EEL =     14974.4762  VDWAALS    =     16880.2351
 EELEC  =   -182461.0902  EHBOND  =         0.0000  RESTRAINT  =         0.0000
 ------------------------------------------------------------------------------

wrapping first mol.:      -59.95674       42.39583       73.43173

 NSTEP =  2460000   TIME(PS) =  199960.000  TEMP(K) =   310.69  PRESS =     0.0
 Etot   =   -113556.4326  EKtot   =     31604.1523  EPtot      =   -145160.5849
 BOND   =       873.9642  ANGLE   =      2154.7827  DIHED      =      1318.8698
 UB     =         0.0000  IMP     =         0.0000  CMAP       =       218.6019
 1-4 NB =       992.6568  1-4 EEL =     15029.9257  VDWAALS    =     17079.0017
 EELEC  =   -182828.3877  EHBOND  =         0.0000  RESTRAINT  =         0.0000
 ------------------------------------------------------------------------------

wrapping first mol.:      -59.95674       42.39583       73.43173

 NSTEP =  2480000   TIME(PS) =  200000.000  TEMP(K) =   308.55  PRESS =     0.0
 Etot   =   -113905.9476  EKtot   =     31386.8086  EPtot      =   -145292.7562
 BOND   =       847.4908  ANGLE   =      2118.2915  DIHED      =      1348.0939
 UB     =         0.0000  IMP     =         0.0000  CMAP       =       210.5708
 1-4 NB =       986.4243  1-4 EEL =     14986.6855  VDWAALS    =     17767.5452
 EELEC  =   -183557.8583  EHBOND  =         0.0000  RESTRAINT  =         0.0000
 ------------------------------------------------------------------------------

wrapping first mol.:      -59.95674       42.39583       73.43173
wrapping first mol.:      -59.95674       42.39583       73.43173

 NSTEP =  2500000   TIME(PS) =  200040.000  TEMP(K) =   311.32  PRESS =     0.0
 Etot   =   -113529.6986  EKtot   =     31668.5938  EPtot      =   -145198.2924
 BOND   =       846.1398  ANGLE   =      2159.8708  DIHED      =      1358.2661
 UB     =         0.0000  IMP     =         0.0000  CMAP       =       206.6218
 1-4 NB =      1014.0636  1-4 EEL =     15018.9530  VDWAALS    =     17358.3135
 EELEC  =   -183160.5209  EHBOND  =         0.0000  RESTRAINT  =         0.0000
 ------------------------------------------------------------------------------


      A V E R A G E S   O V E R     125 S T E P S


 NSTEP =  2500000   TIME(PS) =  200040.000  TEMP(K) =   309.99  PRESS =     0.0
 Etot   =   -113671.3966  EKtot   =     31532.5048  EPtot      =   -145203.9013
 BOND   =       860.5774  ANGLE   =      2145.3466  DIHED      =      1347.6003
 UB     =         0.0000  IMP     =         0.0000  CMAP       =       211.4256
 1-4 NB =       999.4708  1-4 EEL =     15062.4299  VDWAALS    =     17241.2193
 EELEC  =   -183071.9712  EHBOND  =         0.0000  RESTRAINT  =         0.0000
 ------------------------------------------------------------------------------


      R M S  F L U C T U A T I O N S


 NSTEP =  2500000   TIME(PS) =  200040.000  TEMP(K) =     1.14  PRESS =     0.0
 Etot   =       245.6442  EKtot   =       115.7906  EPtot      =       201.2647
 BOND   =        24.0142  ANGLE   =        39.8218  DIHED      =        18.2186
 UB     =         0.0000  IMP     =         0.0000  CMAP       =         9.3237
 1-4 NB =        12.9206  1-4 EEL =        42.6666  VDWAALS    =       197.4458
 EELEC  =       286.9797  EHBOND  =         0.0000  RESTRAINT  =         0.0000
 ------------------------------------------------------------------------------

--------------------------------------------------------------------------------
   5.  TIMINGS
--------------------------------------------------------------------------------

|  NonSetup CPU Time in Major Routines:
|
|     Routine           Sec        %
|     ------------------------------
|     Nonbond         138.71   15.43
|     Bond              0.00    0.00
|     Angle             0.00    0.00
|     Dihedral          0.00    0.00
|     Shake             9.52    1.06
|     RunMD           748.83   83.28
|     Other             2.16    0.24
|     ------------------------------
|     Total           899.22

|  PME Nonbond Pairlist CPU Time:
|
|     Routine              Sec        %
|     ---------------------------------
|     Set Up Cit           0.00    0.00
|     Build List           0.00    0.00
|     ---------------------------------
|     Total                0.00    0.00

|  PME Direct Force CPU Time:
|
|     Routine              Sec        %
|     ---------------------------------
|     NonBonded Calc       0.00    0.00
|     Exclude Masked       0.00    0.00
|     Other                1.37    0.15
|     ---------------------------------
|     Total                1.37    0.15

|  PME Reciprocal Force CPU Time:
|
|     Routine              Sec        %
|     ---------------------------------
|     1D bspline           0.00    0.00
|     Grid Charges         0.00    0.00
|     Scalar Sum           0.00    0.00
|     Gradient Sum         0.00    0.00
|     FFT                  0.00    0.00
|     ---------------------------------
|     Total                0.00    0.00

|  Final Performance Info:
|     -----------------------------------------------------
|     Average timings for last  140000 steps:
|     Elapsed(s) =      50.48 Per Step(ms) =       0.36
|         ns/day =     479.21   seconds/ns =     180.30
|
|     Average timings for all steps:
|     Elapsed(s) =     900.58 Per Step(ms) =       0.36
|         ns/day =     479.69   seconds/ns =     180.12
|     -----------------------------------------------------

|  Setup CPU time:            0.80 seconds
|  NonSetup CPU time:       899.22 seconds
|  Total CPU time:          900.02 seconds     0.25 hours

|  Setup wall time:           1    seconds
|  NonSetup wall time:      901    seconds
|  Total wall time:         902    seconds     0.25 hours
