
          -------------------------------------------------------
          Amber 24 PMEMD                              2024
          -------------------------------------------------------

| PMEMD implementation of SANDER, Release 24

|  Compiled date/time: Thu Apr  3 17:55:38 2025
| Run on 11/10/2025 at 20:09:24

|   Executable path: pmemd.cuda_SPFP
| Working directory: /rs1/researchers/h/hall/vtnguye4/Amber_restart/cappedP1L38M/mdsimP1L38M/newP1L38Mcapped_Simulation3
|          Hostname: gpu19

  [-O]verwriting output

File Assignments:
|   MDIN: /rs1/researchers/h/hall/vtnguye4/Amber_restart/cappedP1L38M/mdsimP1L38
|  MDOUT: ./OUT_Files/equil64.out                                               
| INPCRD: ./RST_Files/equil63.rst7                                              
|   PARM: ./PRMTOP_Files/newP1L38Mcapped.prmtop                                 
| RESTRT: ./RST_Files/equil64.rst7                                              
|   REFC: refc                                                                  
|  MDVEL: mdvel                                                                 
|   MDEN: mden                                                                  
|  MDCRD: ./nc_Files/equil64.nc                                                 
| MDINFO: mdinfo                                                                
|  MDFRC: mdfrc                                                                 


 Here is the input file:

!Stage equilibration 5ns                                                       
&cntrl                                                                         
imin=0, irest=1, ntx=5,                                                        
nstlim=2500000, dt=0.002,                                                      
ntc=2, ntf=2, ig=-1,                                                           
ntt=3, gamma_ln=2.0,                                                           
tempi=310.0, temp0=310.0,                                                      
ntxo=2, ioutfm=1,                                                              
ntpr=20000, ntwx=20000,                                                        
ntb=1,                                                                         
cut=9.0,                                                                       
iwrap=1,                                                                       
/                                                                              


Note: ig = -1. Setting random seed to    47425 based on wallclock time in 
      microseconds.
| irandom = 1, using AMBER's internal random number generator (default).
 
|--------------------- INFORMATION ----------------------
| GPU (CUDA) Version of PMEMD in use: NVIDIA GPU IN USE.
|                    Version 18.0.0
| 
|                      03/25/2018
| 
| Implementation by:
|                    Ross C. Walker     (SDSC)
|                    Scott Le Grand     (nVIDIA)
| 
| Version 18 performance extensions by:
|                    David Cerutti     (Rutgers)
| 
| Precision model in use:
|      [SPFP] - Single Precision Forces, 64-bit Fixed Point
|               Accumulation. (Default)
| 
|--------------------------------------------------------
 
|----------------- CITATION INFORMATION -----------------
|
|    When publishing work that utilized the CUDA version
|    of AMBER, please cite the following in addition to
|    the regular AMBER citations:
|
|  - Romelia Salomon-Ferrer; Andreas W. Goetz; Duncan
|    Poole; Scott Le Grand; Ross C. Walker "Routine
|    microsecond molecular dynamics simulations with
|    AMBER - Part II: Particle Mesh Ewald", J. Chem.
|    Theory Comput., 2013, 9 (9), pp3878-3888,
|    DOI: 10.1021/ct400314y.
|
|  - Andreas W. Goetz; Mark J. Williamson; Dong Xu;
|    Duncan Poole; Scott Le Grand; Ross C. Walker
|    "Routine microsecond molecular dynamics simulations
|    with AMBER - Part I: Generalized Born", J. Chem.
|    Theory Comput., 2012, 8 (5), pp1542-1555.
|
|  - Scott Le Grand; Andreas W. Goetz; Ross C. Walker
|    "SPFP: Speed without compromise - a mixed precision
|    model for GPU accelerated molecular dynamics
|    simulations.", Comp. Phys. Comm., 2013, 184
|    pp374-380, DOI: 10.1016/j.cpc.2012.09.022
|
|--------------------------------------------------------
 
|------------------- GPU DEVICE INFO --------------------
|
|            CUDA_VISIBLE_DEVICES: 0
|   CUDA Capable Devices Detected:      1
|           CUDA Device ID in use:      0
|                CUDA Device Name: NVIDIA L40S
|     CUDA Device Global Mem Size:  45487 MB
| CUDA Device Num Multiprocessors:    142
|           CUDA Device Core Freq:   2.52 GHz
|
|--------------------------------------------------------
 
 
| Conditional Compilation Defines Used:
| PUBFFT
| BINTRAJ
| CUDA
| EMIL

| Largest sphere to fit in unit cell has radius =    36.716

| New format PARM file being parsed.
| Version =    1.000 Date = 10/30/25 Time = 23:32:29

| Note: 1-4 EEL scale factors are being read from the topology file.

| Note: 1-4 VDW scale factors are being read from the topology file.
| Duplicated    0 dihedrals

| Duplicated    0 dihedrals

--------------------------------------------------------------------------------
   1.  RESOURCE   USE: 
--------------------------------------------------------------------------------

 getting box info from netcdf restart file
 NATOM  =   50023 NTYPES =      12 NBONH =   47691 MBONA  =    2332
 NTHETH =    5236 MTHETA =    3080 NPHIH =   10252 MPHIA  =    9504
 NHPARM =       0 NPARM  =       0 NNB   =   84972 NRES   =   15501
 NBONA  =    2332 NTHETA =    3080 NPHIA =    9504 NUMBND =      29
 NUMANG =      57 NPTRA  =      64 NATYP =      17 NPHB   =       0
 IFBOX  =       2 NMXRS  =      21 IFCAP =       0 NEXTRA =       0
 NCOPY  =       0

| Coordinate Index Table dimensions:    15   15   15
| Direct force subcell size =     5.9957    5.9957    5.9957

     BOX TYPE: TRUNCATED OCTAHEDRON

--------------------------------------------------------------------------------
   2.  CONTROL  DATA  FOR  THE  RUN
--------------------------------------------------------------------------------

default_name                                                                    

General flags:
     imin    =       0, nmropt  =       0

Nature and format of input:
     ntx     =       5, irest   =       1, ntrx    =       1

Nature and format of output:
     ntxo    =       2, ntpr    =   20000, ntrx    =       1, ntwr    = 2500000
     iwrap   =       1, ntwx    =   20000, ntwv    =       0, ntwe    =       0
     ioutfm  =       1, ntwprt  =       0, idecomp =       0, rbornstat=      0

Potential function:
     ntf     =       2, ntb     =       1, igb     =       0, nsnb    =      25
     ipol    =       0, gbsa    =       0, iesp    =       0
     dielc   =   1.00000, cut     =   9.00000, intdiel =   1.00000

Frozen or restrained atoms:
     ibelly  =       0, ntr     =       0

Molecular dynamics:
     nstlim  =   2500000, nscm    =      1000, nrespa  =         1
     t       =   0.00000, dt      =   0.00200, vlimit  =  -1.00000

Langevin dynamics temperature regulation:
     ig      =   47425
     temp0   = 310.00000, tempi   = 310.00000, gamma_ln=   2.00000

SHAKE:
     ntc     =       2, jfastw  =       0
     tol     =   0.00001

| Intermolecular bonds treatment:
|     no_intermolecular_bonds =       1

| Energy averages sample interval:
|     ene_avg_sampling =   20000

Ewald parameters:
     verbose =       0, ew_type =       0, nbflag  =       1, use_pme =       1
     vdwmeth =       1, eedmeth =       1, netfrc  =       1
     Box X =   89.935   Box Y =   89.935   Box Z =   89.935
     Alpha =  109.471   Beta  =  109.471   Gamma =  109.471
     NFFT1 =   96       NFFT2 =   96       NFFT3 =   96
     Cutoff=    9.000   Tol   =0.100E-04
     Ewald Coefficient =  0.30768
     Interpolation order =    4

--------------------------------------------------------------------------------
   3.  ATOMIC COORDINATES AND VELOCITIES
--------------------------------------------------------------------------------

default_name                                                                    
 begin time read from input coords =315040.000 ps

 
 Number of triangulated 3-point waters found:    15105

     Sum of charges from parm topology file =  -0.00000043
     Forcing neutrality...

| Dynamic Memory, Types Used:
| Reals             1595957
| Integers          2018996

| Nonbonded Pairs Initial Allocation:    11405244

| GPU memory information (estimate):
| KB of GPU memory in use:    394016
| KB of CPU memory in use:    114218

--------------------------------------------------------------------------------
   4.  RESULTS
--------------------------------------------------------------------------------

wrapping first mol.:      -29.97837      -42.39582       73.43173

 NSTEP =    20000   TIME(PS) =  315080.000  TEMP(K) =   308.29  PRESS =     0.0
 Etot   =   -114120.5292  EKtot   =     31360.4004  EPtot      =   -145480.9296
 BOND   =       797.2953  ANGLE   =      2144.3124  DIHED      =      1364.9965
 UB     =         0.0000  IMP     =         0.0000  CMAP       =       212.0860
 1-4 NB =      1013.1029  1-4 EEL =     15128.6107  VDWAALS    =     17202.5632
 EELEC  =   -183343.8966  EHBOND  =         0.0000  RESTRAINT  =         0.0000
 ------------------------------------------------------------------------------

wrapping first mol.:      -29.97837      -42.39582       73.43173

 NSTEP =    40000   TIME(PS) =  315120.000  TEMP(K) =   309.05  PRESS =     0.0
 Etot   =   -113845.8000  EKtot   =     31437.3105  EPtot      =   -145283.1106
 BOND   =       816.8673  ANGLE   =      2170.9739  DIHED      =      1379.9473
 UB     =         0.0000  IMP     =         0.0000  CMAP       =       230.0964
 1-4 NB =      1002.8321  1-4 EEL =     15043.4376  VDWAALS    =     17086.3983
 EELEC  =   -183013.6635  EHBOND  =         0.0000  RESTRAINT  =         0.0000
 ------------------------------------------------------------------------------

wrapping first mol.:      -29.97837      -42.39582       73.43173

 NSTEP =    60000   TIME(PS) =  315160.000  TEMP(K) =   309.95  PRESS =     0.0
 Etot   =   -113459.9106  EKtot   =     31528.9570  EPtot      =   -144988.8676
 BOND   =       815.2483  ANGLE   =      2204.6060  DIHED      =      1339.2601
 UB     =         0.0000  IMP     =         0.0000  CMAP       =       217.7636
 1-4 NB =      1000.7995  1-4 EEL =     15061.4233  VDWAALS    =     16996.6285
 EELEC  =   -182624.5969  EHBOND  =         0.0000  RESTRAINT  =         0.0000
 ------------------------------------------------------------------------------

wrapping first mol.:      -29.97837      -42.39582       73.43173

 NSTEP =    80000   TIME(PS) =  315200.000  TEMP(K) =   313.08  PRESS =     0.0
 Etot   =   -113213.2559  EKtot   =     31847.3965  EPtot      =   -145060.6524
 BOND   =       821.1402  ANGLE   =      2148.7925  DIHED      =      1371.6418
 UB     =         0.0000  IMP     =         0.0000  CMAP       =       235.7997
 1-4 NB =       998.8269  1-4 EEL =     15050.4133  VDWAALS    =     17100.9295
 EELEC  =   -182788.1964  EHBOND  =         0.0000  RESTRAINT  =         0.0000
 ------------------------------------------------------------------------------

wrapping first mol.:      -29.97837      -42.39582       73.43173

 NSTEP =   100000   TIME(PS) =  315240.000  TEMP(K) =   307.33  PRESS =     0.0
 Etot   =   -113932.1577  EKtot   =     31262.1953  EPtot      =   -145194.3530
 BOND   =       822.7887  ANGLE   =      2171.3340  DIHED      =      1337.5088
 UB     =         0.0000  IMP     =         0.0000  CMAP       =       223.6683
 1-4 NB =       982.3418  1-4 EEL =     15002.6809  VDWAALS    =     17288.8623
 EELEC  =   -183023.5377  EHBOND  =         0.0000  RESTRAINT  =         0.0000
 ------------------------------------------------------------------------------

wrapping first mol.:      -29.97837      -42.39582       73.43173

 NSTEP =   120000   TIME(PS) =  315280.000  TEMP(K) =   312.91  PRESS =     0.0
 Etot   =   -113491.8726  EKtot   =     31830.4121  EPtot      =   -145322.2847
 BOND   =       870.5249  ANGLE   =      2087.4745  DIHED      =      1375.3666
 UB     =         0.0000  IMP     =         0.0000  CMAP       =       229.9578
 1-4 NB =      1001.4660  1-4 EEL =     15082.8095  VDWAALS    =     17098.2509
 EELEC  =   -183068.1349  EHBOND  =         0.0000  RESTRAINT  =         0.0000
 ------------------------------------------------------------------------------

wrapping first mol.:      -29.97837      -42.39582       73.43173

 NSTEP =   140000   TIME(PS) =  315320.000  TEMP(K) =   311.04  PRESS =     0.0
 Etot   =   -113720.3511  EKtot   =     31639.8750  EPtot      =   -145360.2261
 BOND   =       837.6988  ANGLE   =      2153.0775  DIHED      =      1330.4242
 UB     =         0.0000  IMP     =         0.0000  CMAP       =       217.3427
 1-4 NB =      1008.4933  1-4 EEL =     15093.4846  VDWAALS    =     17048.0418
 EELEC  =   -183048.7889  EHBOND  =         0.0000  RESTRAINT  =         0.0000
 ------------------------------------------------------------------------------

wrapping first mol.:      -29.97837      -42.39582       73.43173

 NSTEP =   160000   TIME(PS) =  315360.000  TEMP(K) =   309.87  PRESS =     0.0
 Etot   =   -113721.7882  EKtot   =     31521.0215  EPtot      =   -145242.8097
 BOND   =       844.6650  ANGLE   =      2148.0526  DIHED      =      1349.4858
 UB     =         0.0000  IMP     =         0.0000  CMAP       =       226.9313
 1-4 NB =       979.2913  1-4 EEL =     15049.4299  VDWAALS    =     17228.6791
 EELEC  =   -183069.3448  EHBOND  =         0.0000  RESTRAINT  =         0.0000
 ------------------------------------------------------------------------------

wrapping first mol.:      -29.97837      -42.39582       73.43173

 NSTEP =   180000   TIME(PS) =  315400.000  TEMP(K) =   310.01  PRESS =     0.0
 Etot   =   -113978.7186  EKtot   =     31535.0586  EPtot      =   -145513.7772
 BOND   =       869.4069  ANGLE   =      2176.2335  DIHED      =      1357.5583
 UB     =         0.0000  IMP     =         0.0000  CMAP       =       223.3867
 1-4 NB =       971.6580  1-4 EEL =     15080.6658  VDWAALS    =     17537.4279
 EELEC  =   -183730.1144  EHBOND  =         0.0000  RESTRAINT  =         0.0000
 ------------------------------------------------------------------------------

wrapping first mol.:      -29.97837      -42.39582       73.43173

 NSTEP =   200000   TIME(PS) =  315440.000  TEMP(K) =   309.02  PRESS =     0.0
 Etot   =   -113637.4987  EKtot   =     31433.9160  EPtot      =   -145071.4147
 BOND   =       848.4739  ANGLE   =      2178.3468  DIHED      =      1368.1271
 UB     =         0.0000  IMP     =         0.0000  CMAP       =       222.4925
 1-4 NB =      1005.3756  1-4 EEL =     15128.2829  VDWAALS    =     17113.0049
 EELEC  =   -182935.5184  EHBOND  =         0.0000  RESTRAINT  =         0.0000
 ------------------------------------------------------------------------------

wrapping first mol.:      -29.97837      -42.39582       73.43173

 NSTEP =   220000   TIME(PS) =  315480.000  TEMP(K) =   310.68  PRESS =     0.0
 Etot   =   -113954.2079  EKtot   =     31603.2969  EPtot      =   -145557.5048
 BOND   =       876.1642  ANGLE   =      2153.4835  DIHED      =      1334.2713
 UB     =         0.0000  IMP     =         0.0000  CMAP       =       215.3927
 1-4 NB =       976.7699  1-4 EEL =     15076.3331  VDWAALS    =     17147.4555
 EELEC  =   -183337.3748  EHBOND  =         0.0000  RESTRAINT  =         0.0000
 ------------------------------------------------------------------------------

wrapping first mol.:      -29.97837      -42.39582       73.43173

 NSTEP =   240000   TIME(PS) =  315520.000  TEMP(K) =   309.52  PRESS =     0.0
 Etot   =   -113683.1999  EKtot   =     31484.6836  EPtot      =   -145167.8835
 BOND   =       821.6864  ANGLE   =      2088.3193  DIHED      =      1335.8957
 UB     =         0.0000  IMP     =         0.0000  CMAP       =       220.7700
 1-4 NB =       992.9110  1-4 EEL =     15043.4604  VDWAALS    =     16941.6672
 EELEC  =   -182612.5935  EHBOND  =         0.0000  RESTRAINT  =         0.0000
 ------------------------------------------------------------------------------

wrapping first mol.:      -29.97837      -42.39582       73.43173

 NSTEP =   260000   TIME(PS) =  315560.000  TEMP(K) =   312.42  PRESS =     0.0
 Etot   =   -113517.9147  EKtot   =     31779.7988  EPtot      =   -145297.7135
 BOND   =       918.6113  ANGLE   =      2125.2892  DIHED      =      1357.3149
 UB     =         0.0000  IMP     =         0.0000  CMAP       =       221.9950
 1-4 NB =       963.8404  1-4 EEL =     15023.9374  VDWAALS    =     17445.9236
 EELEC  =   -183354.6253  EHBOND  =         0.0000  RESTRAINT  =         0.0000
 ------------------------------------------------------------------------------

wrapping first mol.:      -29.97837      -42.39582       73.43173

 NSTEP =   280000   TIME(PS) =  315600.000  TEMP(K) =   309.81  PRESS =     0.0
 Etot   =   -113645.3035  EKtot   =     31514.8262  EPtot      =   -145160.1297
 BOND   =       859.3656  ANGLE   =      2106.2042  DIHED      =      1357.6458
 UB     =         0.0000  IMP     =         0.0000  CMAP       =       223.5716
 1-4 NB =      1002.5372  1-4 EEL =     15094.6337  VDWAALS    =     17627.6310
 EELEC  =   -183431.7189  EHBOND  =         0.0000  RESTRAINT  =         0.0000
 ------------------------------------------------------------------------------

wrapping first mol.:      -29.97837      -42.39582       73.43173

 NSTEP =   300000   TIME(PS) =  315640.000  TEMP(K) =   309.34  PRESS =     0.0
 Etot   =   -113754.5244  EKtot   =     31467.1855  EPtot      =   -145221.7100
 BOND   =       907.1970  ANGLE   =      2125.0408  DIHED      =      1357.8817
 UB     =         0.0000  IMP     =         0.0000  CMAP       =       226.3142
 1-4 NB =       990.4051  1-4 EEL =     14989.6444  VDWAALS    =     17257.5790
 EELEC  =   -183075.7722  EHBOND  =         0.0000  RESTRAINT  =         0.0000
 ------------------------------------------------------------------------------

wrapping first mol.:      -29.97837      -42.39582       73.43173

 NSTEP =   320000   TIME(PS) =  315680.000  TEMP(K) =   309.08  PRESS =     0.0
 Etot   =   -113872.7109  EKtot   =     31440.7637  EPtot      =   -145313.4746
 BOND   =       829.2318  ANGLE   =      2134.9517  DIHED      =      1346.4013
 UB     =         0.0000  IMP     =         0.0000  CMAP       =       217.6694
 1-4 NB =       987.6653  1-4 EEL =     15014.4022  VDWAALS    =     17437.3774
 EELEC  =   -183281.1737  EHBOND  =         0.0000  RESTRAINT  =         0.0000
 ------------------------------------------------------------------------------

wrapping first mol.:      -29.97837      -42.39582       73.43173

 NSTEP =   340000   TIME(PS) =  315720.000  TEMP(K) =   308.38  PRESS =     0.0
 Etot   =   -113726.0787  EKtot   =     31369.3164  EPtot      =   -145095.3951
 BOND   =       829.5347  ANGLE   =      2090.4873  DIHED      =      1346.0881
 UB     =         0.0000  IMP     =         0.0000  CMAP       =       216.0976
 1-4 NB =      1000.3124  1-4 EEL =     15106.6293  VDWAALS    =     17274.8433
 EELEC  =   -182959.3877  EHBOND  =         0.0000  RESTRAINT  =         0.0000
 ------------------------------------------------------------------------------

wrapping first mol.:      -29.97837      -42.39582       73.43173

 NSTEP =   360000   TIME(PS) =  315760.000  TEMP(K) =   310.35  PRESS =     0.0
 Etot   =   -113488.6821  EKtot   =     31569.2285  EPtot      =   -145057.9106
 BOND   =       876.6995  ANGLE   =      2135.8349  DIHED      =      1354.1840
 UB     =         0.0000  IMP     =         0.0000  CMAP       =       215.8971
 1-4 NB =       986.3727  1-4 EEL =     15079.6478  VDWAALS    =     17131.2408
 EELEC  =   -182837.7873  EHBOND  =         0.0000  RESTRAINT  =         0.0000
 ------------------------------------------------------------------------------

wrapping first mol.:      -29.97837      -42.39582       73.43173

 NSTEP =   380000   TIME(PS) =  315800.000  TEMP(K) =   309.60  PRESS =     0.0
 Etot   =   -113924.0907  EKtot   =     31493.5234  EPtot      =   -145417.6141
 BOND   =       850.0377  ANGLE   =      2128.1112  DIHED      =      1345.6566
 UB     =         0.0000  IMP     =         0.0000  CMAP       =       218.8292
 1-4 NB =       989.2922  1-4 EEL =     15042.7342  VDWAALS    =     17220.0334
 EELEC  =   -183212.3087  EHBOND  =         0.0000  RESTRAINT  =         0.0000
 ------------------------------------------------------------------------------

wrapping first mol.:      -29.97837      -42.39582       73.43173

 NSTEP =   400000   TIME(PS) =  315840.000  TEMP(K) =   307.99  PRESS =     0.0
 Etot   =   -114277.7022  EKtot   =     31329.0977  EPtot      =   -145606.7998
 BOND   =       851.8897  ANGLE   =      2139.6267  DIHED      =      1333.0181
 UB     =         0.0000  IMP     =         0.0000  CMAP       =       212.3887
 1-4 NB =      1004.5012  1-4 EEL =     15047.3419  VDWAALS    =     17494.2562
 EELEC  =   -183689.8224  EHBOND  =         0.0000  RESTRAINT  =         0.0000
 ------------------------------------------------------------------------------

wrapping first mol.:      -29.97837      -42.39582       73.43173

 NSTEP =   420000   TIME(PS) =  315880.000  TEMP(K) =   309.32  PRESS =     0.0
 Etot   =   -113729.9218  EKtot   =     31464.4570  EPtot      =   -145194.3788
 BOND   =       830.2070  ANGLE   =      2095.9935  DIHED      =      1356.3825
 UB     =         0.0000  IMP     =         0.0000  CMAP       =       219.1814
 1-4 NB =       998.6264  1-4 EEL =     15036.3644  VDWAALS    =     17010.2980
 EELEC  =   -182741.4319  EHBOND  =         0.0000  RESTRAINT  =         0.0000
 ------------------------------------------------------------------------------

wrapping first mol.:      -29.97837      -42.39582       73.43173

 NSTEP =   440000   TIME(PS) =  315920.000  TEMP(K) =   310.42  PRESS =     0.0
 Etot   =   -113836.4007  EKtot   =     31576.4375  EPtot      =   -145412.8382
 BOND   =       846.0590  ANGLE   =      2182.2653  DIHED      =      1350.2044
 UB     =         0.0000  IMP     =         0.0000  CMAP       =       212.1341
 1-4 NB =       983.8656  1-4 EEL =     15055.0782  VDWAALS    =     17237.8091
 EELEC  =   -183280.2538  EHBOND  =         0.0000  RESTRAINT  =         0.0000
 ------------------------------------------------------------------------------

wrapping first mol.:      -29.97837      -42.39582       73.43173

 NSTEP =   460000   TIME(PS) =  315960.000  TEMP(K) =   308.63  PRESS =     0.0
 Etot   =   -113494.0696  EKtot   =     31394.4395  EPtot      =   -144888.5091
 BOND   =       837.8632  ANGLE   =      2168.1402  DIHED      =      1340.4430
 UB     =         0.0000  IMP     =         0.0000  CMAP       =       218.4522
 1-4 NB =      1009.9842  1-4 EEL =     15103.7246  VDWAALS    =     17116.6512
 EELEC  =   -182683.7677  EHBOND  =         0.0000  RESTRAINT  =         0.0000
 ------------------------------------------------------------------------------

wrapping first mol.:      -29.97837      -42.39582       73.43173

 NSTEP =   480000   TIME(PS) =  316000.000  TEMP(K) =   308.61  PRESS =     0.0
 Etot   =   -114041.1612  EKtot   =     31392.4766  EPtot      =   -145433.6378
 BOND   =       832.1441  ANGLE   =      2117.0053  DIHED      =      1345.3329
 UB     =         0.0000  IMP     =         0.0000  CMAP       =       210.1879
 1-4 NB =      1000.8020  1-4 EEL =     15116.2729  VDWAALS    =     17387.2380
 EELEC  =   -183442.6209  EHBOND  =         0.0000  RESTRAINT  =         0.0000
 ------------------------------------------------------------------------------

wrapping first mol.:      -29.97837      -42.39582       73.43173

 NSTEP =   500000   TIME(PS) =  316040.000  TEMP(K) =   310.29  PRESS =     0.0
 Etot   =   -113197.6404  EKtot   =     31563.1230  EPtot      =   -144760.7634
 BOND   =       869.2371  ANGLE   =      2161.2795  DIHED      =      1319.1602
 UB     =         0.0000  IMP     =         0.0000  CMAP       =       201.1969
 1-4 NB =       997.2292  1-4 EEL =     15111.4681  VDWAALS    =     17373.2427
 EELEC  =   -182793.5771  EHBOND  =         0.0000  RESTRAINT  =         0.0000
 ------------------------------------------------------------------------------

wrapping first mol.:      -29.97837      -42.39582       73.43173

 NSTEP =   520000   TIME(PS) =  316080.000  TEMP(K) =   310.69  PRESS =     0.0
 Etot   =   -113333.4394  EKtot   =     31604.5781  EPtot      =   -144938.0175
 BOND   =       891.0749  ANGLE   =      2204.7419  DIHED      =      1347.4331
 UB     =         0.0000  IMP     =         0.0000  CMAP       =       214.8278
 1-4 NB =       995.4516  1-4 EEL =     15094.4708  VDWAALS    =     17282.9741
 EELEC  =   -182968.9918  EHBOND  =         0.0000  RESTRAINT  =         0.0000
 ------------------------------------------------------------------------------

wrapping first mol.:      -29.97837      -42.39582       73.43173

 NSTEP =   540000   TIME(PS) =  316120.000  TEMP(K) =   308.94  PRESS =     0.0
 Etot   =   -113535.4258  EKtot   =     31425.8320  EPtot      =   -144961.2579
 BOND   =       888.3662  ANGLE   =      2131.8620  DIHED      =      1326.4422
 UB     =         0.0000  IMP     =         0.0000  CMAP       =       202.6228
 1-4 NB =      1002.2126  1-4 EEL =     15157.1303  VDWAALS    =     17068.9815
 EELEC  =   -182738.8755  EHBOND  =         0.0000  RESTRAINT  =         0.0000
 ------------------------------------------------------------------------------

wrapping first mol.:      -29.97837      -42.39582       73.43173

 NSTEP =   560000   TIME(PS) =  316160.000  TEMP(K) =   309.42  PRESS =     0.0
 Etot   =   -113547.1581  EKtot   =     31474.7852  EPtot      =   -145021.9432
 BOND   =       863.4496  ANGLE   =      2133.0261  DIHED      =      1330.8306
 UB     =         0.0000  IMP     =         0.0000  CMAP       =       227.2466
 1-4 NB =       987.7296  1-4 EEL =     15049.8121  VDWAALS    =     17326.8017
 EELEC  =   -182940.8395  EHBOND  =         0.0000  RESTRAINT  =         0.0000
 ------------------------------------------------------------------------------

wrapping first mol.:      -29.97837      -42.39582       73.43173

 NSTEP =   580000   TIME(PS) =  316200.000  TEMP(K) =   310.18  PRESS =     0.0
 Etot   =   -113817.3446  EKtot   =     31552.3613  EPtot      =   -145369.7059
 BOND   =       820.3171  ANGLE   =      2083.6146  DIHED      =      1352.8981
 UB     =         0.0000  IMP     =         0.0000  CMAP       =       216.4255
 1-4 NB =      1010.2055  1-4 EEL =     15119.1994  VDWAALS    =     17682.4928
 EELEC  =   -183654.8590  EHBOND  =         0.0000  RESTRAINT  =         0.0000
 ------------------------------------------------------------------------------

wrapping first mol.:      -29.97837      -42.39582       73.43173

 NSTEP =   600000   TIME(PS) =  316240.000  TEMP(K) =   310.37  PRESS =     0.0
 Etot   =   -113577.4979  EKtot   =     31571.5078  EPtot      =   -145149.0057
 BOND   =       817.4837  ANGLE   =      2104.8789  DIHED      =      1349.5207
 UB     =         0.0000  IMP     =         0.0000  CMAP       =       221.4983
 1-4 NB =       987.3565  1-4 EEL =     15082.4997  VDWAALS    =     17360.5915
 EELEC  =   -183072.8352  EHBOND  =         0.0000  RESTRAINT  =         0.0000
 ------------------------------------------------------------------------------

wrapping first mol.:      -29.97837      -42.39582       73.43173

 NSTEP =   620000   TIME(PS) =  316280.000  TEMP(K) =   309.53  PRESS =     0.0
 Etot   =   -113734.0359  EKtot   =     31485.9551  EPtot      =   -145219.9910
 BOND   =       860.3669  ANGLE   =      2172.3520  DIHED      =      1365.0768
 UB     =         0.0000  IMP     =         0.0000  CMAP       =       212.1408
 1-4 NB =       992.8600  1-4 EEL =     15105.6254  VDWAALS    =     17414.0240
 EELEC  =   -183342.4369  EHBOND  =         0.0000  RESTRAINT  =         0.0000
 ------------------------------------------------------------------------------

wrapping first mol.:      -29.97837      -42.39582       73.43173

 NSTEP =   640000   TIME(PS) =  316320.000  TEMP(K) =   311.69  PRESS =     0.0
 Etot   =   -113591.8627  EKtot   =     31706.1875  EPtot      =   -145298.0502
 BOND   =       866.4829  ANGLE   =      2159.4771  DIHED      =      1334.9808
 UB     =         0.0000  IMP     =         0.0000  CMAP       =       228.0873
 1-4 NB =       982.2536  1-4 EEL =     15102.7687  VDWAALS    =     17185.5942
 EELEC  =   -183157.6948  EHBOND  =         0.0000  RESTRAINT  =         0.0000
 ------------------------------------------------------------------------------

wrapping first mol.:      -29.97837      -42.39582       73.43173

 NSTEP =   660000   TIME(PS) =  316360.000  TEMP(K) =   311.03  PRESS =     0.0
 Etot   =   -113596.7806  EKtot   =     31639.0684  EPtot      =   -145235.8489
 BOND   =       890.7488  ANGLE   =      2172.7985  DIHED      =      1394.0180
 UB     =         0.0000  IMP     =         0.0000  CMAP       =       230.1608
 1-4 NB =       987.4404  1-4 EEL =     15156.1217  VDWAALS    =     17554.1673
 EELEC  =   -183621.3043  EHBOND  =         0.0000  RESTRAINT  =         0.0000
 ------------------------------------------------------------------------------

wrapping first mol.:      -29.97837      -42.39582       73.43173

 NSTEP =   680000   TIME(PS) =  316400.000  TEMP(K) =   311.57  PRESS =     0.0
 Etot   =   -113567.2746  EKtot   =     31693.3379  EPtot      =   -145260.6125
 BOND   =       856.8963  ANGLE   =      2184.9079  DIHED      =      1323.6208
 UB     =         0.0000  IMP     =         0.0000  CMAP       =       213.8559
 1-4 NB =      1006.2729  1-4 EEL =     15042.7013  VDWAALS    =     17272.2662
 EELEC  =   -183161.1337  EHBOND  =         0.0000  RESTRAINT  =         0.0000
 ------------------------------------------------------------------------------

wrapping first mol.:      -29.97837      -42.39582       73.43173

 NSTEP =   700000   TIME(PS) =  316440.000  TEMP(K) =   308.73  PRESS =     0.0
 Etot   =   -113831.5468  EKtot   =     31405.1250  EPtot      =   -145236.6718
 BOND   =       874.4699  ANGLE   =      2155.6514  DIHED      =      1383.9794
 UB     =         0.0000  IMP     =         0.0000  CMAP       =       208.5074
 1-4 NB =       976.8203  1-4 EEL =     15044.4471  VDWAALS    =     17235.4008
 EELEC  =   -183115.9482  EHBOND  =         0.0000  RESTRAINT  =         0.0000
 ------------------------------------------------------------------------------

wrapping first mol.:      -29.97837      -42.39582       73.43173

 NSTEP =   720000   TIME(PS) =  316480.000  TEMP(K) =   309.72  PRESS =     0.0
 Etot   =   -113543.1475  EKtot   =     31505.0586  EPtot      =   -145048.2061
 BOND   =       884.1366  ANGLE   =      2165.3504  DIHED      =      1379.5545
 UB     =         0.0000  IMP     =         0.0000  CMAP       =       228.2411
 1-4 NB =       982.8361  1-4 EEL =     15105.9602  VDWAALS    =     17272.3038
 EELEC  =   -183066.5887  EHBOND  =         0.0000  RESTRAINT  =         0.0000
 ------------------------------------------------------------------------------

wrapping first mol.:      -29.97837      -42.39582       73.43173

 NSTEP =   740000   TIME(PS) =  316520.000  TEMP(K) =   309.85  PRESS =     0.0
 Etot   =   -113595.7969  EKtot   =     31518.4434  EPtot      =   -145114.2402
 BOND   =       863.2019  ANGLE   =      2198.4413  DIHED      =      1329.7987
 UB     =         0.0000  IMP     =         0.0000  CMAP       =       219.6996
 1-4 NB =       994.1178  1-4 EEL =     15041.1333  VDWAALS    =     17376.9318
 EELEC  =   -183137.5645  EHBOND  =         0.0000  RESTRAINT  =         0.0000
 ------------------------------------------------------------------------------

wrapping first mol.:      -29.97837      -42.39582       73.43173

 NSTEP =   760000   TIME(PS) =  316560.000  TEMP(K) =   309.12  PRESS =     0.0
 Etot   =   -113938.1027  EKtot   =     31443.9980  EPtot      =   -145382.1007
 BOND   =       850.3910  ANGLE   =      2094.1271  DIHED      =      1343.7266
 UB     =         0.0000  IMP     =         0.0000  CMAP       =       224.9267
 1-4 NB =       995.0489  1-4 EEL =     15105.4106  VDWAALS    =     17290.0833
 EELEC  =   -183285.8150  EHBOND  =         0.0000  RESTRAINT  =         0.0000
 ------------------------------------------------------------------------------

wrapping first mol.:      -29.97837      -42.39582       73.43173

 NSTEP =   780000   TIME(PS) =  316600.000  TEMP(K) =   311.87  PRESS =     0.0
 Etot   =   -113271.8491  EKtot   =     31724.6543  EPtot      =   -144996.5034
 BOND   =       843.3626  ANGLE   =      2162.9289  DIHED      =      1339.6979
 UB     =         0.0000  IMP     =         0.0000  CMAP       =       230.9447
 1-4 NB =       984.5548  1-4 EEL =     15085.4089  VDWAALS    =     17244.6132
 EELEC  =   -182888.0144  EHBOND  =         0.0000  RESTRAINT  =         0.0000
 ------------------------------------------------------------------------------

wrapping first mol.:      -29.97837      -42.39582       73.43173

 NSTEP =   800000   TIME(PS) =  316640.000  TEMP(K) =   311.46  PRESS =     0.0
 Etot   =   -113332.6791  EKtot   =     31681.9805  EPtot      =   -145014.6595
 BOND   =       832.4797  ANGLE   =      2118.0667  DIHED      =      1380.8433
 UB     =         0.0000  IMP     =         0.0000  CMAP       =       226.7765
 1-4 NB =       989.8067  1-4 EEL =     15134.0947  VDWAALS    =     17237.2689
 EELEC  =   -182933.9962  EHBOND  =         0.0000  RESTRAINT  =         0.0000
 ------------------------------------------------------------------------------

wrapping first mol.:      -29.97837      -42.39582       73.43173

 NSTEP =   820000   TIME(PS) =  316680.000  TEMP(K) =   310.10  PRESS =     0.0
 Etot   =   -113611.7614  EKtot   =     31544.4414  EPtot      =   -145156.2028
 BOND   =       863.5036  ANGLE   =      2107.3842  DIHED      =      1348.8161
 UB     =         0.0000  IMP     =         0.0000  CMAP       =       221.9631
 1-4 NB =       973.7421  1-4 EEL =     15134.4251  VDWAALS    =     17285.9444
 EELEC  =   -183091.9814  EHBOND  =         0.0000  RESTRAINT  =         0.0000
 ------------------------------------------------------------------------------

wrapping first mol.:      -29.97837      -42.39582       73.43173

 NSTEP =   840000   TIME(PS) =  316720.000  TEMP(K) =   308.33  PRESS =     0.0
 Etot   =   -113628.9624  EKtot   =     31364.5352  EPtot      =   -144993.4976
 BOND   =       881.1861  ANGLE   =      2196.8211  DIHED      =      1347.3955
 UB     =         0.0000  IMP     =         0.0000  CMAP       =       210.6980
 1-4 NB =       996.5774  1-4 EEL =     15064.0739  VDWAALS    =     17415.1704
 EELEC  =   -183105.4201  EHBOND  =         0.0000  RESTRAINT  =         0.0000
 ------------------------------------------------------------------------------

wrapping first mol.:      -29.97837      -42.39582       73.43173

 NSTEP =   860000   TIME(PS) =  316760.000  TEMP(K) =   312.18  PRESS =     0.0
 Etot   =   -113592.6063  EKtot   =     31755.9805  EPtot      =   -145348.5868
 BOND   =       878.9255  ANGLE   =      2169.5211  DIHED      =      1322.0761
 UB     =         0.0000  IMP     =         0.0000  CMAP       =       218.8196
 1-4 NB =       977.6810  1-4 EEL =     15088.1526  VDWAALS    =     17318.3802
 EELEC  =   -183322.1429  EHBOND  =         0.0000  RESTRAINT  =         0.0000
 ------------------------------------------------------------------------------

wrapping first mol.:      -29.97837      -42.39582       73.43173

 NSTEP =   880000   TIME(PS) =  316800.000  TEMP(K) =   310.83  PRESS =     0.0
 Etot   =   -113507.7754  EKtot   =     31618.0645  EPtot      =   -145125.8398
 BOND   =       879.6634  ANGLE   =      2115.3252  DIHED      =      1373.7012
 UB     =         0.0000  IMP     =         0.0000  CMAP       =       198.3965
 1-4 NB =       999.9505  1-4 EEL =     15208.0154  VDWAALS    =     17418.7120
 EELEC  =   -183319.6041  EHBOND  =         0.0000  RESTRAINT  =         0.0000
 ------------------------------------------------------------------------------

wrapping first mol.:      -29.97837      -42.39582       73.43173

 NSTEP =   900000   TIME(PS) =  316840.000  TEMP(K) =   310.73  PRESS =     0.0
 Etot   =   -113394.2918  EKtot   =     31608.4805  EPtot      =   -145002.7723
 BOND   =       880.0339  ANGLE   =      2157.6567  DIHED      =      1374.5721
 UB     =         0.0000  IMP     =         0.0000  CMAP       =       216.0201
 1-4 NB =      1003.6207  1-4 EEL =     15064.6499  VDWAALS    =     17235.1057
 EELEC  =   -182934.4314  EHBOND  =         0.0000  RESTRAINT  =         0.0000
 ------------------------------------------------------------------------------

wrapping first mol.:      -29.97837      -42.39582       73.43173

 NSTEP =   920000   TIME(PS) =  316880.000  TEMP(K) =   309.87  PRESS =     0.0
 Etot   =   -113635.0693  EKtot   =     31521.1172  EPtot      =   -145156.1865
 BOND   =       814.1252  ANGLE   =      2192.7649  DIHED      =      1352.0341
 UB     =         0.0000  IMP     =         0.0000  CMAP       =       221.7337
 1-4 NB =       997.7249  1-4 EEL =     15105.6697  VDWAALS    =     17041.9403
 EELEC  =   -182882.1794  EHBOND  =         0.0000  RESTRAINT  =         0.0000
 ------------------------------------------------------------------------------

wrapping first mol.:      -29.97837      -42.39582       73.43173

 NSTEP =   940000   TIME(PS) =  316920.000  TEMP(K) =   310.23  PRESS =     0.0
 Etot   =   -113541.6860  EKtot   =     31557.4121  EPtot      =   -145099.0981
 BOND   =       833.7238  ANGLE   =      2176.6210  DIHED      =      1394.4613
 UB     =         0.0000  IMP     =         0.0000  CMAP       =       214.3275
 1-4 NB =      1011.9561  1-4 EEL =     15095.6858  VDWAALS    =     17576.3432
 EELEC  =   -183402.2167  EHBOND  =         0.0000  RESTRAINT  =         0.0000
 ------------------------------------------------------------------------------

wrapping first mol.:      -29.97837      -42.39582       73.43173

 NSTEP =   960000   TIME(PS) =  316960.000  TEMP(K) =   310.54  PRESS =     0.0
 Etot   =   -113566.6406  EKtot   =     31588.8164  EPtot      =   -145155.4570
 BOND   =       868.0245  ANGLE   =      2075.8194  DIHED      =      1334.1618
 UB     =         0.0000  IMP     =         0.0000  CMAP       =       198.4592
 1-4 NB =      1017.5560  1-4 EEL =     15179.5071  VDWAALS    =     17453.8939
 EELEC  =   -183282.8788  EHBOND  =         0.0000  RESTRAINT  =         0.0000
 ------------------------------------------------------------------------------

wrapping first mol.:      -29.97837      -42.39582       73.43173

 NSTEP =   980000   TIME(PS) =  317000.000  TEMP(K) =   310.91  PRESS =     0.0
 Etot   =   -113729.2170  EKtot   =     31626.4434  EPtot      =   -145355.6604
 BOND   =       855.4504  ANGLE   =      2162.4027  DIHED      =      1346.4234
 UB     =         0.0000  IMP     =         0.0000  CMAP       =       196.3462
 1-4 NB =      1006.5242  1-4 EEL =     15146.2460  VDWAALS    =     17566.2144
 EELEC  =   -183635.2676  EHBOND  =         0.0000  RESTRAINT  =         0.0000
 ------------------------------------------------------------------------------

wrapping first mol.:      -29.97837      -42.39582       73.43173

 NSTEP =  1000000   TIME(PS) =  317040.000  TEMP(K) =   309.04  PRESS =     0.0
 Etot   =   -114083.7528  EKtot   =     31436.4434  EPtot      =   -145520.1962
 BOND   =       878.9118  ANGLE   =      2112.0706  DIHED      =      1348.5940
 UB     =         0.0000  IMP     =         0.0000  CMAP       =       214.8656
 1-4 NB =      1006.4265  1-4 EEL =     15105.0274  VDWAALS    =     17559.2756
 EELEC  =   -183745.3676  EHBOND  =         0.0000  RESTRAINT  =         0.0000
 ------------------------------------------------------------------------------

wrapping first mol.:      -29.97837      -42.39582       73.43173

 NSTEP =  1020000   TIME(PS) =  317080.000  TEMP(K) =   310.88  PRESS =     0.0
 Etot   =   -113485.8206  EKtot   =     31623.7793  EPtot      =   -145109.5998
 BOND   =       854.4320  ANGLE   =      2148.8043  DIHED      =      1347.0717
 UB     =         0.0000  IMP     =         0.0000  CMAP       =       206.0228
 1-4 NB =       995.9710  1-4 EEL =     15118.4593  VDWAALS    =     17027.5279
 EELEC  =   -182807.8890  EHBOND  =         0.0000  RESTRAINT  =         0.0000
 ------------------------------------------------------------------------------

wrapping first mol.:      -29.97837      -42.39582       73.43173

 NSTEP =  1040000   TIME(PS) =  317120.000  TEMP(K) =   309.99  PRESS =     0.0
 Etot   =   -113521.2438  EKtot   =     31533.2383  EPtot      =   -145054.4821
 BOND   =       820.4909  ANGLE   =      2164.5790  DIHED      =      1362.7704
 UB     =         0.0000  IMP     =         0.0000  CMAP       =       223.3728
 1-4 NB =       983.7627  1-4 EEL =     15164.8665  VDWAALS    =     17238.4601
 EELEC  =   -183012.7845  EHBOND  =         0.0000  RESTRAINT  =         0.0000
 ------------------------------------------------------------------------------

wrapping first mol.:      -29.97837      -42.39582       73.43173

 NSTEP =  1060000   TIME(PS) =  317160.000  TEMP(K) =   307.17  PRESS =     0.0
 Etot   =   -114067.3000  EKtot   =     31245.7539  EPtot      =   -145313.0539
 BOND   =       860.3670  ANGLE   =      2117.6782  DIHED      =      1337.1185
 UB     =         0.0000  IMP     =         0.0000  CMAP       =       219.4861
 1-4 NB =       986.5804  1-4 EEL =     15052.3426  VDWAALS    =     17237.1408
 EELEC  =   -183123.7676  EHBOND  =         0.0000  RESTRAINT  =         0.0000
 ------------------------------------------------------------------------------

wrapping first mol.:      -29.97837      -42.39582       73.43173

 NSTEP =  1080000   TIME(PS) =  317200.000  TEMP(K) =   311.06  PRESS =     0.0
 Etot   =   -113244.1907  EKtot   =     31641.8887  EPtot      =   -144886.0794
 BOND   =       915.6704  ANGLE   =      2121.3382  DIHED      =      1406.2448
 UB     =         0.0000  IMP     =         0.0000  CMAP       =       224.2346
 1-4 NB =       982.8052  1-4 EEL =     15051.7106  VDWAALS    =     17157.1367
 EELEC  =   -182745.2200  EHBOND  =         0.0000  RESTRAINT  =         0.0000
 ------------------------------------------------------------------------------

wrapping first mol.:      -29.97837      -42.39582       73.43173

 NSTEP =  1100000   TIME(PS) =  317240.000  TEMP(K) =   311.08  PRESS =     0.0
 Etot   =   -113764.0890  EKtot   =     31644.2363  EPtot      =   -145408.3253
 BOND   =       869.7774  ANGLE   =      2136.3237  DIHED      =      1355.9039
 UB     =         0.0000  IMP     =         0.0000  CMAP       =       218.2463
 1-4 NB =       997.2160  1-4 EEL =     15128.9497  VDWAALS    =     17176.8918
 EELEC  =   -183291.6341  EHBOND  =         0.0000  RESTRAINT  =         0.0000
 ------------------------------------------------------------------------------

wrapping first mol.:      -29.97837      -42.39582       73.43173

 NSTEP =  1120000   TIME(PS) =  317280.000  TEMP(K) =   310.16  PRESS =     0.0
 Etot   =   -113902.9128  EKtot   =     31550.1602  EPtot      =   -145453.0730
 BOND   =       881.6063  ANGLE   =      2152.9764  DIHED      =      1331.1269
 UB     =         0.0000  IMP     =         0.0000  CMAP       =       219.6276
 1-4 NB =       990.4507  1-4 EEL =     15154.0993  VDWAALS    =     17451.0378
 EELEC  =   -183633.9981  EHBOND  =         0.0000  RESTRAINT  =         0.0000
 ------------------------------------------------------------------------------

wrapping first mol.:      -29.97837      -42.39582       73.43173

 NSTEP =  1140000   TIME(PS) =  317320.000  TEMP(K) =   309.81  PRESS =     0.0
 Etot   =   -113729.0320  EKtot   =     31514.2871  EPtot      =   -145243.3191
 BOND   =       873.5469  ANGLE   =      2150.8287  DIHED      =      1348.3364
 UB     =         0.0000  IMP     =         0.0000  CMAP       =       222.4769
 1-4 NB =       995.4456  1-4 EEL =     15184.7432  VDWAALS    =     17134.8824
 EELEC  =   -183153.5793  EHBOND  =         0.0000  RESTRAINT  =         0.0000
 ------------------------------------------------------------------------------

wrapping first mol.:      -29.97837      -42.39582       73.43173

 NSTEP =  1160000   TIME(PS) =  317360.000  TEMP(K) =   312.31  PRESS =     0.0
 Etot   =   -113444.4944  EKtot   =     31768.6738  EPtot      =   -145213.1682
 BOND   =       849.3592  ANGLE   =      2181.1135  DIHED      =      1379.1804
 UB     =         0.0000  IMP     =         0.0000  CMAP       =       216.8295
 1-4 NB =       996.1638  1-4 EEL =     15117.5595  VDWAALS    =     17203.7140
 EELEC  =   -183157.0883  EHBOND  =         0.0000  RESTRAINT  =         0.0000
 ------------------------------------------------------------------------------

wrapping first mol.:      -29.97837      -42.39582       73.43173

 NSTEP =  1180000   TIME(PS) =  317400.000  TEMP(K) =   308.91  PRESS =     0.0
 Etot   =   -113518.3377  EKtot   =     31422.8281  EPtot      =   -144941.1659
 BOND   =       856.6354  ANGLE   =      2170.7724  DIHED      =      1338.7395
 UB     =         0.0000  IMP     =         0.0000  CMAP       =       224.0426
 1-4 NB =       980.5433  1-4 EEL =     15080.8394  VDWAALS    =     17035.3435
 EELEC  =   -182628.0819  EHBOND  =         0.0000  RESTRAINT  =         0.0000
 ------------------------------------------------------------------------------

wrapping first mol.:      -29.97837      -42.39582       73.43173

 NSTEP =  1200000   TIME(PS) =  317440.000  TEMP(K) =   309.75  PRESS =     0.0
 Etot   =   -113807.8692  EKtot   =     31508.8965  EPtot      =   -145316.7657
 BOND   =       864.8168  ANGLE   =      2179.7679  DIHED      =      1376.1394
 UB     =         0.0000  IMP     =         0.0000  CMAP       =       208.8930
 1-4 NB =       991.4794  1-4 EEL =     15112.0642  VDWAALS    =     17389.2987
 EELEC  =   -183439.2251  EHBOND  =         0.0000  RESTRAINT  =         0.0000
 ------------------------------------------------------------------------------

wrapping first mol.:      -29.97837      -42.39582       73.43173

 NSTEP =  1220000   TIME(PS) =  317480.000  TEMP(K) =   307.93  PRESS =     0.0
 Etot   =   -113999.3292  EKtot   =     31323.1133  EPtot      =   -145322.4425
 BOND   =       880.8704  ANGLE   =      2105.5395  DIHED      =      1384.3351
 UB     =         0.0000  IMP     =         0.0000  CMAP       =       219.1232
 1-4 NB =      1015.0852  1-4 EEL =     15067.8538  VDWAALS    =     17343.1176
 EELEC  =   -183338.3674  EHBOND  =         0.0000  RESTRAINT  =         0.0000
 ------------------------------------------------------------------------------

wrapping first mol.:      -29.97837      -42.39582       73.43173

 NSTEP =  1240000   TIME(PS) =  317520.000  TEMP(K) =   312.35  PRESS =     0.0
 Etot   =   -113422.4906  EKtot   =     31773.2285  EPtot      =   -145195.7191
 BOND   =       882.8250  ANGLE   =      2136.6988  DIHED      =      1334.4724
 UB     =         0.0000  IMP     =         0.0000  CMAP       =       234.7064
 1-4 NB =       997.9259  1-4 EEL =     15119.2515  VDWAALS    =     17310.3980
 EELEC  =   -183211.9972  EHBOND  =         0.0000  RESTRAINT  =         0.0000
 ------------------------------------------------------------------------------

wrapping first mol.:      -29.97837      -42.39582       73.43173

 NSTEP =  1260000   TIME(PS) =  317560.000  TEMP(K) =   310.18  PRESS =     0.0
 Etot   =   -113599.6619  EKtot   =     31551.9570  EPtot      =   -145151.6189
 BOND   =       841.4854  ANGLE   =      2196.5364  DIHED      =      1366.8473
 UB     =         0.0000  IMP     =         0.0000  CMAP       =       217.3355
 1-4 NB =      1011.4613  1-4 EEL =     15173.2437  VDWAALS    =     17412.1842
 EELEC  =   -183370.7128  EHBOND  =         0.0000  RESTRAINT  =         0.0000
 ------------------------------------------------------------------------------

wrapping first mol.:      -29.97837      -42.39582       73.43173

 NSTEP =  1280000   TIME(PS) =  317600.000  TEMP(K) =   310.32  PRESS =     0.0
 Etot   =   -113623.7021  EKtot   =     31566.3574  EPtot      =   -145190.0595
 BOND   =       879.3454  ANGLE   =      2130.8927  DIHED      =      1361.9881
 UB     =         0.0000  IMP     =         0.0000  CMAP       =       220.4190
 1-4 NB =       989.8115  1-4 EEL =     15124.0626  VDWAALS    =     17121.7473
 EELEC  =   -183018.3262  EHBOND  =         0.0000  RESTRAINT  =         0.0000
 ------------------------------------------------------------------------------

wrapping first mol.:      -29.97837      -42.39582       73.43173

 NSTEP =  1300000   TIME(PS) =  317640.000  TEMP(K) =   312.37  PRESS =     0.0
 Etot   =   -113165.5788  EKtot   =     31774.8242  EPtot      =   -144940.4030
 BOND   =       902.9896  ANGLE   =      2132.9259  DIHED      =      1353.8914
 UB     =         0.0000  IMP     =         0.0000  CMAP       =       234.8114
 1-4 NB =       991.4120  1-4 EEL =     15081.9568  VDWAALS    =     17449.6449
 EELEC  =   -183088.0352  EHBOND  =         0.0000  RESTRAINT  =         0.0000
 ------------------------------------------------------------------------------

wrapping first mol.:      -29.97837      -42.39582       73.43173

 NSTEP =  1320000   TIME(PS) =  317680.000  TEMP(K) =   308.86  PRESS =     0.0
 Etot   =   -113540.3982  EKtot   =     31417.8984  EPtot      =   -144958.2967
 BOND   =       854.9237  ANGLE   =      2139.5608  DIHED      =      1313.0137
 UB     =         0.0000  IMP     =         0.0000  CMAP       =       204.2947
 1-4 NB =      1006.5442  1-4 EEL =     15161.4325  VDWAALS    =     17439.0746
 EELEC  =   -183077.1408  EHBOND  =         0.0000  RESTRAINT  =         0.0000
 ------------------------------------------------------------------------------

wrapping first mol.:      -29.97837      -42.39582       73.43173

 NSTEP =  1340000   TIME(PS) =  317720.000  TEMP(K) =   308.93  PRESS =     0.0
 Etot   =   -113689.8185  EKtot   =     31425.0469  EPtot      =   -145114.8654
 BOND   =       884.8685  ANGLE   =      2101.4754  DIHED      =      1358.6268
 UB     =         0.0000  IMP     =         0.0000  CMAP       =       225.8367
 1-4 NB =       981.4129  1-4 EEL =     15082.2138  VDWAALS    =     17242.9405
 EELEC  =   -182992.2399  EHBOND  =         0.0000  RESTRAINT  =         0.0000
 ------------------------------------------------------------------------------

wrapping first mol.:      -29.97837      -42.39582       73.43173

 NSTEP =  1360000   TIME(PS) =  317760.000  TEMP(K) =   313.37  PRESS =     0.0
 Etot   =   -113290.4119  EKtot   =     31877.0195  EPtot      =   -145167.4314
 BOND   =       841.8488  ANGLE   =      2127.0610  DIHED      =      1353.0797
 UB     =         0.0000  IMP     =         0.0000  CMAP       =       225.2486
 1-4 NB =       987.0080  1-4 EEL =     15141.5164  VDWAALS    =     17272.6645
 EELEC  =   -183115.8584  EHBOND  =         0.0000  RESTRAINT  =         0.0000
 ------------------------------------------------------------------------------

wrapping first mol.:      -29.97837      -42.39582       73.43173

 NSTEP =  1380000   TIME(PS) =  317800.000  TEMP(K) =   308.26  PRESS =     0.0
 Etot   =   -113914.7250  EKtot   =     31357.3086  EPtot      =   -145272.0336
 BOND   =       880.5356  ANGLE   =      2129.0331  DIHED      =      1371.8945
 UB     =         0.0000  IMP     =         0.0000  CMAP       =       218.6367
 1-4 NB =       984.9703  1-4 EEL =     15060.8277  VDWAALS    =     17173.4872
 EELEC  =   -183091.4185  EHBOND  =         0.0000  RESTRAINT  =         0.0000
 ------------------------------------------------------------------------------

wrapping first mol.:      -29.97837      -42.39582       73.43173

 NSTEP =  1400000   TIME(PS) =  317840.000  TEMP(K) =   310.92  PRESS =     0.0
 Etot   =   -113586.1590  EKtot   =     31627.3848  EPtot      =   -145213.5437
 BOND   =       849.1085  ANGLE   =      2182.8997  DIHED      =      1355.4308
 UB     =         0.0000  IMP     =         0.0000  CMAP       =       216.1863
 1-4 NB =       985.2333  1-4 EEL =     15026.6295  VDWAALS    =     17599.4889
 EELEC  =   -183428.5208  EHBOND  =         0.0000  RESTRAINT  =         0.0000
 ------------------------------------------------------------------------------

wrapping first mol.:      -29.97837      -42.39582       73.43173

 NSTEP =  1420000   TIME(PS) =  317880.000  TEMP(K) =   309.28  PRESS =     0.0
 Etot   =   -113877.0924  EKtot   =     31460.3242  EPtot      =   -145337.4166
 BOND   =       828.8691  ANGLE   =      2148.7933  DIHED      =      1361.6859
 UB     =         0.0000  IMP     =         0.0000  CMAP       =       215.3952
 1-4 NB =       998.3615  1-4 EEL =     15060.0689  VDWAALS    =     17146.9024
 EELEC  =   -183097.4930  EHBOND  =         0.0000  RESTRAINT  =         0.0000
 ------------------------------------------------------------------------------

wrapping first mol.:      -29.97837      -42.39582       73.43173

 NSTEP =  1440000   TIME(PS) =  317920.000  TEMP(K) =   308.96  PRESS =     0.0
 Etot   =   -114086.7290  EKtot   =     31427.9121  EPtot      =   -145514.6411
 BOND   =       831.0780  ANGLE   =      2124.5508  DIHED      =      1370.7224
 UB     =         0.0000  IMP     =         0.0000  CMAP       =       213.9437
 1-4 NB =      1027.8055  1-4 EEL =     15095.8925  VDWAALS    =     17571.8194
 EELEC  =   -183750.4534  EHBOND  =         0.0000  RESTRAINT  =         0.0000
 ------------------------------------------------------------------------------

wrapping first mol.:      -29.97837      -42.39582       73.43173

 NSTEP =  1460000   TIME(PS) =  317960.000  TEMP(K) =   313.92  PRESS =     0.0
 Etot   =   -113124.3338  EKtot   =     31932.9160  EPtot      =   -145057.2498
 BOND   =       847.8199  ANGLE   =      2102.9503  DIHED      =      1349.0139
 UB     =         0.0000  IMP     =         0.0000  CMAP       =       223.3302
 1-4 NB =       992.5319  1-4 EEL =     15051.5714  VDWAALS    =     17214.6713
 EELEC  =   -182839.1386  EHBOND  =         0.0000  RESTRAINT  =         0.0000
 ------------------------------------------------------------------------------

wrapping first mol.:      -29.97837      -42.39582       73.43173

 NSTEP =  1480000   TIME(PS) =  318000.000  TEMP(K) =   313.88  PRESS =     0.0
 Etot   =   -113580.4462  EKtot   =     31928.8828  EPtot      =   -145509.3290
 BOND   =       888.3870  ANGLE   =      2080.6099  DIHED      =      1355.9748
 UB     =         0.0000  IMP     =         0.0000  CMAP       =       216.5809
 1-4 NB =       990.1705  1-4 EEL =     15149.6697  VDWAALS    =     17523.4463
 EELEC  =   -183714.1680  EHBOND  =         0.0000  RESTRAINT  =         0.0000
 ------------------------------------------------------------------------------

wrapping first mol.:      -29.97837      -42.39582       73.43173

 NSTEP =  1500000   TIME(PS) =  318040.000  TEMP(K) =   311.00  PRESS =     0.0
 Etot   =   -113429.8856  EKtot   =     31636.0117  EPtot      =   -145065.8973
 BOND   =       841.8842  ANGLE   =      2133.0526  DIHED      =      1374.3725
 UB     =         0.0000  IMP     =         0.0000  CMAP       =       212.0280
 1-4 NB =       991.5796  1-4 EEL =     15156.9302  VDWAALS    =     17144.0298
 EELEC  =   -182919.7742  EHBOND  =         0.0000  RESTRAINT  =         0.0000
 ------------------------------------------------------------------------------

wrapping first mol.:      -29.97837      -42.39582       73.43173

 NSTEP =  1520000   TIME(PS) =  318080.000  TEMP(K) =   309.12  PRESS =     0.0
 Etot   =   -113787.1457  EKtot   =     31444.0293  EPtot      =   -145231.1750
 BOND   =       837.0920  ANGLE   =      2122.7669  DIHED      =      1408.9343
 UB     =         0.0000  IMP     =         0.0000  CMAP       =       210.3702
 1-4 NB =       998.3627  1-4 EEL =     15092.6740  VDWAALS    =     17623.6145
 EELEC  =   -183524.9896  EHBOND  =         0.0000  RESTRAINT  =         0.0000
 ------------------------------------------------------------------------------

wrapping first mol.:      -29.97837      -42.39582       73.43173

 NSTEP =  1540000   TIME(PS) =  318120.000  TEMP(K) =   308.43  PRESS =     0.0
 Etot   =   -113638.0484  EKtot   =     31374.4102  EPtot      =   -145012.4586
 BOND   =       816.6998  ANGLE   =      2174.4452  DIHED      =      1399.7988
 UB     =         0.0000  IMP     =         0.0000  CMAP       =       206.4018
 1-4 NB =      1033.2341  1-4 EEL =     15150.5395  VDWAALS    =     17487.4599
 EELEC  =   -183281.0378  EHBOND  =         0.0000  RESTRAINT  =         0.0000
 ------------------------------------------------------------------------------

wrapping first mol.:      -29.97837      -42.39582       73.43173

 NSTEP =  1560000   TIME(PS) =  318160.000  TEMP(K) =   312.27  PRESS =     0.0
 Etot   =   -113602.5912  EKtot   =     31764.3789  EPtot      =   -145366.9701
 BOND   =       843.9712  ANGLE   =      2138.8982  DIHED      =      1324.4475
 UB     =         0.0000  IMP     =         0.0000  CMAP       =       213.4908
 1-4 NB =      1007.1922  1-4 EEL =     15156.7929  VDWAALS    =     17344.1327
 EELEC  =   -183395.8958  EHBOND  =         0.0000  RESTRAINT  =         0.0000
 ------------------------------------------------------------------------------

wrapping first mol.:      -29.97837      -42.39582       73.43173

 NSTEP =  1580000   TIME(PS) =  318200.000  TEMP(K) =   308.86  PRESS =     0.0
 Etot   =   -114315.7320  EKtot   =     31417.9883  EPtot      =   -145733.7203
 BOND   =       867.2970  ANGLE   =      2152.8646  DIHED      =      1376.4396
 UB     =         0.0000  IMP     =         0.0000  CMAP       =       201.5429
 1-4 NB =       989.0142  1-4 EEL =     15159.4953  VDWAALS    =     17201.3307
 EELEC  =   -183681.7046  EHBOND  =         0.0000  RESTRAINT  =         0.0000
 ------------------------------------------------------------------------------

wrapping first mol.:      -29.97837      -42.39582       73.43173

 NSTEP =  1600000   TIME(PS) =  318240.000  TEMP(K) =   309.30  PRESS =     0.0
 Etot   =   -113756.0486  EKtot   =     31462.3125  EPtot      =   -145218.3611
 BOND   =       898.9306  ANGLE   =      2154.7614  DIHED      =      1370.7436
 UB     =         0.0000  IMP     =         0.0000  CMAP       =       214.9410
 1-4 NB =       973.2194  1-4 EEL =     15111.3664  VDWAALS    =     17130.2026
 EELEC  =   -183072.5260  EHBOND  =         0.0000  RESTRAINT  =         0.0000
 ------------------------------------------------------------------------------

wrapping first mol.:      -29.97837      -42.39582       73.43173

 NSTEP =  1620000   TIME(PS) =  318280.000  TEMP(K) =   311.44  PRESS =     0.0
 Etot   =   -113678.8076  EKtot   =     31680.5078  EPtot      =   -145359.3155
 BOND   =       858.5976  ANGLE   =      2178.3510  DIHED      =      1325.1999
 UB     =         0.0000  IMP     =         0.0000  CMAP       =       209.3910
 1-4 NB =      1012.3687  1-4 EEL =     15144.5874  VDWAALS    =     17299.8450
 EELEC  =   -183387.6560  EHBOND  =         0.0000  RESTRAINT  =         0.0000
 ------------------------------------------------------------------------------

wrapping first mol.:      -29.97837      -42.39582       73.43173

 NSTEP =  1640000   TIME(PS) =  318320.000  TEMP(K) =   311.29  PRESS =     0.0
 Etot   =   -113733.7730  EKtot   =     31664.6875  EPtot      =   -145398.4605
 BOND   =       859.7481  ANGLE   =      2166.1266  DIHED      =      1366.8293
 UB     =         0.0000  IMP     =         0.0000  CMAP       =       211.3733
 1-4 NB =       992.8962  1-4 EEL =     15091.2039  VDWAALS    =     17235.3706
 EELEC  =   -183322.0085  EHBOND  =         0.0000  RESTRAINT  =         0.0000
 ------------------------------------------------------------------------------

wrapping first mol.:      -29.97837      -42.39582       73.43173

 NSTEP =  1660000   TIME(PS) =  318360.000  TEMP(K) =   311.99  PRESS =     0.0
 Etot   =   -113341.6066  EKtot   =     31736.6230  EPtot      =   -145078.2297
 BOND   =       852.9629  ANGLE   =      2184.7205  DIHED      =      1347.8265
 UB     =         0.0000  IMP     =         0.0000  CMAP       =       198.9009
 1-4 NB =      1007.1014  1-4 EEL =     15120.3649  VDWAALS    =     17222.2708
 EELEC  =   -183012.3776  EHBOND  =         0.0000  RESTRAINT  =         0.0000
 ------------------------------------------------------------------------------

wrapping first mol.:      -29.97837      -42.39582       73.43173

 NSTEP =  1680000   TIME(PS) =  318400.000  TEMP(K) =   309.68  PRESS =     0.0
 Etot   =   -114161.4969  EKtot   =     31501.8301  EPtot      =   -145663.3270
 BOND   =       829.7136  ANGLE   =      2124.3071  DIHED      =      1318.1134
 UB     =         0.0000  IMP     =         0.0000  CMAP       =       230.9045
 1-4 NB =       976.9126  1-4 EEL =     15044.3736  VDWAALS    =     17332.0988
 EELEC  =   -183519.7505  EHBOND  =         0.0000  RESTRAINT  =         0.0000
 ------------------------------------------------------------------------------

wrapping first mol.:      -29.97837      -42.39582       73.43173

 NSTEP =  1700000   TIME(PS) =  318440.000  TEMP(K) =   310.36  PRESS =     0.0
 Etot   =   -113795.8241  EKtot   =     31570.8301  EPtot      =   -145366.6542
 BOND   =       928.5736  ANGLE   =      2105.4200  DIHED      =      1348.3696
 UB     =         0.0000  IMP     =         0.0000  CMAP       =       214.3609
 1-4 NB =      1009.0924  1-4 EEL =     15114.0187  VDWAALS    =     17051.2228
 EELEC  =   -183137.7122  EHBOND  =         0.0000  RESTRAINT  =         0.0000
 ------------------------------------------------------------------------------

wrapping first mol.:      -29.97837      -42.39582       73.43173

 NSTEP =  1720000   TIME(PS) =  318480.000  TEMP(K) =   310.03  PRESS =     0.0
 Etot   =   -113616.7445  EKtot   =     31536.6406  EPtot      =   -145153.3851
 BOND   =       884.9874  ANGLE   =      2092.5749  DIHED      =      1347.7235
 UB     =         0.0000  IMP     =         0.0000  CMAP       =       206.1240
 1-4 NB =      1013.5831  1-4 EEL =     15139.1097  VDWAALS    =     17305.6860
 EELEC  =   -183143.1739  EHBOND  =         0.0000  RESTRAINT  =         0.0000
 ------------------------------------------------------------------------------

wrapping first mol.:      -29.97837      -42.39582       73.43173

 NSTEP =  1740000   TIME(PS) =  318520.000  TEMP(K) =   307.88  PRESS =     0.0
 Etot   =   -113952.8380  EKtot   =     31318.2734  EPtot      =   -145271.1115
 BOND   =       829.6973  ANGLE   =      2111.2620  DIHED      =      1345.4610
 UB     =         0.0000  IMP     =         0.0000  CMAP       =       226.4811
 1-4 NB =      1020.1069  1-4 EEL =     15107.1765  VDWAALS    =     17396.7336
 EELEC  =   -183308.0298  EHBOND  =         0.0000  RESTRAINT  =         0.0000
 ------------------------------------------------------------------------------

wrapping first mol.:      -29.97837      -42.39582       73.43173

 NSTEP =  1760000   TIME(PS) =  318560.000  TEMP(K) =   306.96  PRESS =     0.0
 Etot   =   -113955.3849  EKtot   =     31224.8477  EPtot      =   -145180.2325
 BOND   =       840.6716  ANGLE   =      2169.3866  DIHED      =      1318.9456
 UB     =         0.0000  IMP     =         0.0000  CMAP       =       223.8825
 1-4 NB =       992.7403  1-4 EEL =     15069.2175  VDWAALS    =     17293.4829
 EELEC  =   -183088.5597  EHBOND  =         0.0000  RESTRAINT  =         0.0000
 ------------------------------------------------------------------------------

wrapping first mol.:      -29.97837      -42.39582       73.43173

 NSTEP =  1780000   TIME(PS) =  318600.000  TEMP(K) =   311.64  PRESS =     0.0
 Etot   =   -113285.3808  EKtot   =     31700.8477  EPtot      =   -144986.2285
 BOND   =       852.4126  ANGLE   =      2155.1911  DIHED      =      1300.1312
 UB     =         0.0000  IMP     =         0.0000  CMAP       =       222.6569
 1-4 NB =      1004.6870  1-4 EEL =     15095.7693  VDWAALS    =     17482.2799
 EELEC  =   -183099.3565  EHBOND  =         0.0000  RESTRAINT  =         0.0000
 ------------------------------------------------------------------------------

wrapping first mol.:      -29.97837      -42.39582       73.43173

 NSTEP =  1800000   TIME(PS) =  318640.000  TEMP(K) =   310.07  PRESS =     0.0
 Etot   =   -113644.8460  EKtot   =     31541.4922  EPtot      =   -145186.3382
 BOND   =       820.5503  ANGLE   =      2132.9779  DIHED      =      1349.4742
 UB     =         0.0000  IMP     =         0.0000  CMAP       =       228.4672
 1-4 NB =      1028.7209  1-4 EEL =     15128.8177  VDWAALS    =     17488.6215
 EELEC  =   -183363.9679  EHBOND  =         0.0000  RESTRAINT  =         0.0000
 ------------------------------------------------------------------------------

wrapping first mol.:      -29.97837      -42.39582       73.43173

 NSTEP =  1820000   TIME(PS) =  318680.000  TEMP(K) =   309.67  PRESS =     0.0
 Etot   =   -113326.0596  EKtot   =     31500.6875  EPtot      =   -144826.7471
 BOND   =       836.0182  ANGLE   =      2153.4409  DIHED      =      1351.6275
 UB     =         0.0000  IMP     =         0.0000  CMAP       =       204.3911
 1-4 NB =       988.3606  1-4 EEL =     15073.0497  VDWAALS    =     17096.1033
 EELEC  =   -182529.7385  EHBOND  =         0.0000  RESTRAINT  =         0.0000
 ------------------------------------------------------------------------------

wrapping first mol.:      -29.97837      -42.39582       73.43173

 NSTEP =  1840000   TIME(PS) =  318720.000  TEMP(K) =   309.50  PRESS =     0.0
 Etot   =   -113789.7644  EKtot   =     31482.8750  EPtot      =   -145272.6394
 BOND   =       896.0697  ANGLE   =      2137.9069  DIHED      =      1371.1049
 UB     =         0.0000  IMP     =         0.0000  CMAP       =       224.6969
 1-4 NB =       987.5351  1-4 EEL =     15079.7391  VDWAALS    =     17299.1057
 EELEC  =   -183268.7977  EHBOND  =         0.0000  RESTRAINT  =         0.0000
 ------------------------------------------------------------------------------

wrapping first mol.:      -29.97837      -42.39582       73.43173

 NSTEP =  1860000   TIME(PS) =  318760.000  TEMP(K) =   308.13  PRESS =     0.0
 Etot   =   -113994.3533  EKtot   =     31343.8828  EPtot      =   -145338.2361
 BOND   =       874.5194  ANGLE   =      2127.7123  DIHED      =      1341.9231
 UB     =         0.0000  IMP     =         0.0000  CMAP       =       209.2560
 1-4 NB =       977.6625  1-4 EEL =     15075.9768  VDWAALS    =     17433.3298
 EELEC  =   -183378.6160  EHBOND  =         0.0000  RESTRAINT  =         0.0000
 ------------------------------------------------------------------------------

wrapping first mol.:      -29.97837      -42.39582       73.43173

 NSTEP =  1880000   TIME(PS) =  318800.000  TEMP(K) =   310.09  PRESS =     0.0
 Etot   =   -113523.5837  EKtot   =     31543.3047  EPtot      =   -145066.8884
 BOND   =       861.6076  ANGLE   =      2134.5895  DIHED      =      1364.2399
 UB     =         0.0000  IMP     =         0.0000  CMAP       =       219.1261
 1-4 NB =       977.1879  1-4 EEL =     15069.0411  VDWAALS    =     17667.1004
 EELEC  =   -183359.7807  EHBOND  =         0.0000  RESTRAINT  =         0.0000
 ------------------------------------------------------------------------------

wrapping first mol.:      -29.97837      -42.39582       73.43173

 NSTEP =  1900000   TIME(PS) =  318840.000  TEMP(K) =   309.63  PRESS =     0.0
 Etot   =   -113647.5735  EKtot   =     31496.2070  EPtot      =   -145143.7805
 BOND   =       832.5422  ANGLE   =      2140.5395  DIHED      =      1312.0972
 UB     =         0.0000  IMP     =         0.0000  CMAP       =       232.2145
 1-4 NB =       989.6614  1-4 EEL =     15088.8871  VDWAALS    =     17120.2774
 EELEC  =   -182859.9998  EHBOND  =         0.0000  RESTRAINT  =         0.0000
 ------------------------------------------------------------------------------

wrapping first mol.:      -29.97837      -42.39582       73.43173

 NSTEP =  1920000   TIME(PS) =  318880.000  TEMP(K) =   310.69  PRESS =     0.0
 Etot   =   -113182.5741  EKtot   =     31604.5312  EPtot      =   -144787.1053
 BOND   =       851.7976  ANGLE   =      2185.9540  DIHED      =      1377.9820
 UB     =         0.0000  IMP     =         0.0000  CMAP       =       218.4273
 1-4 NB =      1028.6035  1-4 EEL =     15055.1492  VDWAALS    =     17280.2718
 EELEC  =   -182785.2906  EHBOND  =         0.0000  RESTRAINT  =         0.0000
 ------------------------------------------------------------------------------

wrapping first mol.:      -29.97837      -42.39582       73.43173

 NSTEP =  1940000   TIME(PS) =  318920.000  TEMP(K) =   307.59  PRESS =     0.0
 Etot   =   -113900.5160  EKtot   =     31288.6035  EPtot      =   -145189.1195
 BOND   =       853.2249  ANGLE   =      2146.6445  DIHED      =      1369.2815
 UB     =         0.0000  IMP     =         0.0000  CMAP       =       200.5378
 1-4 NB =       981.6239  1-4 EEL =     15123.5947  VDWAALS    =     17218.4202
 EELEC  =   -183082.4469  EHBOND  =         0.0000  RESTRAINT  =         0.0000
 ------------------------------------------------------------------------------

wrapping first mol.:      -29.97837      -42.39582       73.43173

 NSTEP =  1960000   TIME(PS) =  318960.000  TEMP(K) =   310.11  PRESS =     0.0
 Etot   =   -113943.3410  EKtot   =     31544.8555  EPtot      =   -145488.1964
 BOND   =       852.6987  ANGLE   =      2079.9931  DIHED      =      1343.2990
 UB     =         0.0000  IMP     =         0.0000  CMAP       =       206.4713
 1-4 NB =       997.6279  1-4 EEL =     15169.4387  VDWAALS    =     17425.8024
 EELEC  =   -183563.5274  EHBOND  =         0.0000  RESTRAINT  =         0.0000
 ------------------------------------------------------------------------------

wrapping first mol.:      -29.97837      -42.39582       73.43173

 NSTEP =  1980000   TIME(PS) =  319000.000  TEMP(K) =   308.65  PRESS =     0.0
 Etot   =   -113526.0505  EKtot   =     31396.2285  EPtot      =   -144922.2790
 BOND   =       858.2608  ANGLE   =      2261.3948  DIHED      =      1387.5167
 UB     =         0.0000  IMP     =         0.0000  CMAP       =       207.3830
 1-4 NB =       987.0229  1-4 EEL =     15044.0221  VDWAALS    =     17590.0823
 EELEC  =   -183257.9615  EHBOND  =         0.0000  RESTRAINT  =         0.0000
 ------------------------------------------------------------------------------

wrapping first mol.:      -29.97837      -42.39582       73.43173

 NSTEP =  2000000   TIME(PS) =  319040.000  TEMP(K) =   308.74  PRESS =     0.0
 Etot   =   -113884.6465  EKtot   =     31406.1738  EPtot      =   -145290.8203
 BOND   =       873.4618  ANGLE   =      2076.2126  DIHED      =      1337.6791
 UB     =         0.0000  IMP     =         0.0000  CMAP       =       219.3363
 1-4 NB =       992.9650  1-4 EEL =     15109.5825  VDWAALS    =     17265.7835
 EELEC  =   -183165.8411  EHBOND  =         0.0000  RESTRAINT  =         0.0000
 ------------------------------------------------------------------------------

wrapping first mol.:      -29.97837      -42.39582       73.43173

 NSTEP =  2020000   TIME(PS) =  319080.000  TEMP(K) =   309.65  PRESS =     0.0
 Etot   =   -113382.8894  EKtot   =     31498.0762  EPtot      =   -144880.9656
 BOND   =       898.1930  ANGLE   =      2163.4519  DIHED      =      1384.1151
 UB     =         0.0000  IMP     =         0.0000  CMAP       =       192.2710
 1-4 NB =      1007.4342  1-4 EEL =     15138.9483  VDWAALS    =     17138.4819
 EELEC  =   -182803.8608  EHBOND  =         0.0000  RESTRAINT  =         0.0000
 ------------------------------------------------------------------------------

wrapping first mol.:      -29.97837      -42.39582       73.43173

 NSTEP =  2040000   TIME(PS) =  319120.000  TEMP(K) =   309.80  PRESS =     0.0
 Etot   =   -113647.0697  EKtot   =     31513.3379  EPtot      =   -145160.4076
 BOND   =       794.3726  ANGLE   =      2075.5002  DIHED      =      1382.1889
 UB     =         0.0000  IMP     =         0.0000  CMAP       =       200.4555
 1-4 NB =      1024.7057  1-4 EEL =     15085.9452  VDWAALS    =     17549.9995
 EELEC  =   -183273.5753  EHBOND  =         0.0000  RESTRAINT  =         0.0000
 ------------------------------------------------------------------------------

wrapping first mol.:      -29.97837      -42.39582       73.43173

 NSTEP =  2060000   TIME(PS) =  319160.000  TEMP(K) =   309.19  PRESS =     0.0
 Etot   =   -113589.1245  EKtot   =     31451.7129  EPtot      =   -145040.8374
 BOND   =       884.0302  ANGLE   =      2075.3856  DIHED      =      1345.8186
 UB     =         0.0000  IMP     =         0.0000  CMAP       =       208.0020
 1-4 NB =       986.2349  1-4 EEL =     15145.5934  VDWAALS    =     17121.8133
 EELEC  =   -182807.7154  EHBOND  =         0.0000  RESTRAINT  =         0.0000
 ------------------------------------------------------------------------------

wrapping first mol.:      -29.97837      -42.39582       73.43173

 NSTEP =  2080000   TIME(PS) =  319200.000  TEMP(K) =   310.48  PRESS =     0.0
 Etot   =   -113288.2323  EKtot   =     31582.2754  EPtot      =   -144870.5077
 BOND   =       897.7581  ANGLE   =      2159.6136  DIHED      =      1389.8678
 UB     =         0.0000  IMP     =         0.0000  CMAP       =       207.7162
 1-4 NB =       988.9668  1-4 EEL =     15096.0251  VDWAALS    =     17287.9725
 EELEC  =   -182898.4278  EHBOND  =         0.0000  RESTRAINT  =         0.0000
 ------------------------------------------------------------------------------

wrapping first mol.:      -29.97837      -42.39582       73.43173

 NSTEP =  2100000   TIME(PS) =  319240.000  TEMP(K) =   312.89  PRESS =     0.0
 Etot   =   -113393.0528  EKtot   =     31828.3496  EPtot      =   -145221.4024
 BOND   =       877.5789  ANGLE   =      2135.3968  DIHED      =      1351.4455
 UB     =         0.0000  IMP     =         0.0000  CMAP       =       223.1719
 1-4 NB =       989.6460  1-4 EEL =     15117.5719  VDWAALS    =     17359.7023
 EELEC  =   -183275.9157  EHBOND  =         0.0000  RESTRAINT  =         0.0000
 ------------------------------------------------------------------------------

wrapping first mol.:      -29.97837      -42.39582       73.43173

 NSTEP =  2120000   TIME(PS) =  319280.000  TEMP(K) =   310.67  PRESS =     0.0
 Etot   =   -113842.5535  EKtot   =     31601.7207  EPtot      =   -145444.2742
 BOND   =       856.1032  ANGLE   =      2093.0885  DIHED      =      1349.8695
 UB     =         0.0000  IMP     =         0.0000  CMAP       =       210.7432
 1-4 NB =       986.4972  1-4 EEL =     15131.3277  VDWAALS    =     17380.8381
 EELEC  =   -183452.7416  EHBOND  =         0.0000  RESTRAINT  =         0.0000
 ------------------------------------------------------------------------------

wrapping first mol.:      -29.97837      -42.39582       73.43173

 NSTEP =  2140000   TIME(PS) =  319320.000  TEMP(K) =   308.86  PRESS =     0.0
 Etot   =   -113748.7534  EKtot   =     31418.4199  EPtot      =   -145167.1734
 BOND   =       853.6586  ANGLE   =      2132.9812  DIHED      =      1353.7351
 UB     =         0.0000  IMP     =         0.0000  CMAP       =       202.5138
 1-4 NB =      1001.6555  1-4 EEL =     15163.3156  VDWAALS    =     17375.3749
 EELEC  =   -183250.4081  EHBOND  =         0.0000  RESTRAINT  =         0.0000
 ------------------------------------------------------------------------------

wrapping first mol.:      -29.97837      -42.39582       73.43173

 NSTEP =  2160000   TIME(PS) =  319360.000  TEMP(K) =   309.33  PRESS =     0.0
 Etot   =   -114174.8300  EKtot   =     31466.0449  EPtot      =   -145640.8749
 BOND   =       832.3795  ANGLE   =      2146.9689  DIHED      =      1335.7873
 UB     =         0.0000  IMP     =         0.0000  CMAP       =       194.9142
 1-4 NB =      1001.8522  1-4 EEL =     15170.5777  VDWAALS    =     17151.1961
 EELEC  =   -183474.5507  EHBOND  =         0.0000  RESTRAINT  =         0.0000
 ------------------------------------------------------------------------------

wrapping first mol.:      -29.97837      -42.39582       73.43173

 NSTEP =  2180000   TIME(PS) =  319400.000  TEMP(K) =   309.80  PRESS =     0.0
 Etot   =   -114290.1628  EKtot   =     31513.5879  EPtot      =   -145803.7507
 BOND   =       832.2189  ANGLE   =      2112.8671  DIHED      =      1329.1009
 UB     =         0.0000  IMP     =         0.0000  CMAP       =       205.5143
 1-4 NB =       976.7033  1-4 EEL =     15059.7490  VDWAALS    =     17518.4530
 EELEC  =   -183838.3571  EHBOND  =         0.0000  RESTRAINT  =         0.0000
 ------------------------------------------------------------------------------

wrapping first mol.:      -29.97837      -42.39582       73.43173

 NSTEP =  2200000   TIME(PS) =  319440.000  TEMP(K) =   308.23  PRESS =     0.0
 Etot   =   -113979.8308  EKtot   =     31353.4121  EPtot      =   -145333.2429
 BOND   =       793.8638  ANGLE   =      2141.3707  DIHED      =      1375.9533
 UB     =         0.0000  IMP     =         0.0000  CMAP       =       208.7247
 1-4 NB =      1003.0608  1-4 EEL =     15149.0416  VDWAALS    =     17251.7827
 EELEC  =   -183257.0406  EHBOND  =         0.0000  RESTRAINT  =         0.0000
 ------------------------------------------------------------------------------

wrapping first mol.:      -29.97837      -42.39582       73.43173

 NSTEP =  2220000   TIME(PS) =  319480.000  TEMP(K) =   309.61  PRESS =     0.0
 Etot   =   -113461.8950  EKtot   =     31494.4219  EPtot      =   -144956.3168
 BOND   =       843.6055  ANGLE   =      2209.0403  DIHED      =      1367.5053
 UB     =         0.0000  IMP     =         0.0000  CMAP       =       220.5248
 1-4 NB =      1012.3585  1-4 EEL =     15189.3512  VDWAALS    =     17146.5213
 EELEC  =   -182945.2238  EHBOND  =         0.0000  RESTRAINT  =         0.0000
 ------------------------------------------------------------------------------

wrapping first mol.:      -29.97837      -42.39582       73.43173

 NSTEP =  2240000   TIME(PS) =  319520.000  TEMP(K) =   310.03  PRESS =     0.0
 Etot   =   -113737.0943  EKtot   =     31536.9082  EPtot      =   -145274.0025
 BOND   =       849.7521  ANGLE   =      2149.5803  DIHED      =      1381.1485
 UB     =         0.0000  IMP     =         0.0000  CMAP       =       224.8726
 1-4 NB =      1026.9978  1-4 EEL =     15210.1347  VDWAALS    =     17373.6566
 EELEC  =   -183490.1452  EHBOND  =         0.0000  RESTRAINT  =         0.0000
 ------------------------------------------------------------------------------

wrapping first mol.:      -29.97837      -42.39582       73.43173

 NSTEP =  2260000   TIME(PS) =  319560.000  TEMP(K) =   310.61  PRESS =     0.0
 Etot   =   -113813.2302  EKtot   =     31596.4805  EPtot      =   -145409.7107
 BOND   =       835.4937  ANGLE   =      2123.4978  DIHED      =      1348.5574
 UB     =         0.0000  IMP     =         0.0000  CMAP       =       208.6501
 1-4 NB =      1007.9682  1-4 EEL =     15172.0407  VDWAALS    =     17613.4469
 EELEC  =   -183719.3655  EHBOND  =         0.0000  RESTRAINT  =         0.0000
 ------------------------------------------------------------------------------

wrapping first mol.:      -29.97837      -42.39582       73.43173

 NSTEP =  2280000   TIME(PS) =  319600.000  TEMP(K) =   310.12  PRESS =     0.0
 Etot   =   -113856.9347  EKtot   =     31546.6309  EPtot      =   -145403.5656
 BOND   =       840.8093  ANGLE   =      2109.3213  DIHED      =      1337.3978
 UB     =         0.0000  IMP     =         0.0000  CMAP       =       210.7099
 1-4 NB =      1012.3581  1-4 EEL =     15242.3207  VDWAALS    =     17511.2903
 EELEC  =   -183667.7730  EHBOND  =         0.0000  RESTRAINT  =         0.0000
 ------------------------------------------------------------------------------

wrapping first mol.:      -29.97837      -42.39582       73.43173

 NSTEP =  2300000   TIME(PS) =  319640.000  TEMP(K) =   308.43  PRESS =     0.0
 Etot   =   -113822.8820  EKtot   =     31374.7246  EPtot      =   -145197.6067
 BOND   =       884.4281  ANGLE   =      2130.6097  DIHED      =      1355.5389
 UB     =         0.0000  IMP     =         0.0000  CMAP       =       207.4074
 1-4 NB =      1012.3766  1-4 EEL =     15191.7408  VDWAALS    =     17160.8543
 EELEC  =   -183140.5625  EHBOND  =         0.0000  RESTRAINT  =         0.0000
 ------------------------------------------------------------------------------

wrapping first mol.:      -29.97837      -42.39582       73.43173

 NSTEP =  2320000   TIME(PS) =  319680.000  TEMP(K) =   310.32  PRESS =     0.0
 Etot   =   -113578.8694  EKtot   =     31566.1250  EPtot      =   -145144.9944
 BOND   =       857.4516  ANGLE   =      2151.3532  DIHED      =      1349.1211
 UB     =         0.0000  IMP     =         0.0000  CMAP       =       208.3284
 1-4 NB =      1001.5029  1-4 EEL =     15130.5602  VDWAALS    =     17436.8515
 EELEC  =   -183280.1633  EHBOND  =         0.0000  RESTRAINT  =         0.0000
 ------------------------------------------------------------------------------

wrapping first mol.:      -29.97837      -42.39582       73.43173

 NSTEP =  2340000   TIME(PS) =  319720.000  TEMP(K) =   308.14  PRESS =     0.0
 Etot   =   -113576.9446  EKtot   =     31344.3086  EPtot      =   -144921.2532
 BOND   =       876.6497  ANGLE   =      2165.0960  DIHED      =      1387.9236
 UB     =         0.0000  IMP     =         0.0000  CMAP       =       199.9936
 1-4 NB =       993.3533  1-4 EEL =     15139.2149  VDWAALS    =     16954.8085
 EELEC  =   -182638.2928  EHBOND  =         0.0000  RESTRAINT  =         0.0000
 ------------------------------------------------------------------------------

wrapping first mol.:      -29.97837      -42.39582       73.43173

 NSTEP =  2360000   TIME(PS) =  319760.000  TEMP(K) =   310.18  PRESS =     0.0
 Etot   =   -113322.1512  EKtot   =     31552.6816  EPtot      =   -144874.8329
 BOND   =       882.0826  ANGLE   =      2123.0085  DIHED      =      1329.1686
 UB     =         0.0000  IMP     =         0.0000  CMAP       =       189.4568
 1-4 NB =       978.2577  1-4 EEL =     15032.0714  VDWAALS    =     17447.8329
 EELEC  =   -182856.7112  EHBOND  =         0.0000  RESTRAINT  =         0.0000
 ------------------------------------------------------------------------------

wrapping first mol.:      -29.97837      -42.39582       73.43173

 NSTEP =  2380000   TIME(PS) =  319800.000  TEMP(K) =   310.22  PRESS =     0.0
 Etot   =   -113918.2125  EKtot   =     31555.9727  EPtot      =   -145474.1851
 BOND   =       834.0863  ANGLE   =      2164.4694  DIHED      =      1342.6997
 UB     =         0.0000  IMP     =         0.0000  CMAP       =       196.1307
 1-4 NB =       985.3765  1-4 EEL =     15193.7645  VDWAALS    =     17108.7774
 EELEC  =   -183299.4896  EHBOND  =         0.0000  RESTRAINT  =         0.0000
 ------------------------------------------------------------------------------

wrapping first mol.:      -29.97837      -42.39582       73.43173

 NSTEP =  2400000   TIME(PS) =  319840.000  TEMP(K) =   311.34  PRESS =     0.0
 Etot   =   -113539.1023  EKtot   =     31670.7109  EPtot      =   -145209.8133
 BOND   =       896.4695  ANGLE   =      2152.1331  DIHED      =      1337.0208
 UB     =         0.0000  IMP     =         0.0000  CMAP       =       204.6526
 1-4 NB =       999.6205  1-4 EEL =     15140.7568  VDWAALS    =     17179.8726
 EELEC  =   -183120.3392  EHBOND  =         0.0000  RESTRAINT  =         0.0000
 ------------------------------------------------------------------------------

wrapping first mol.:      -29.97837      -42.39582       73.43173

 NSTEP =  2420000   TIME(PS) =  319880.000  TEMP(K) =   309.63  PRESS =     0.0
 Etot   =   -113998.1428  EKtot   =     31496.0371  EPtot      =   -145494.1799
 BOND   =       859.2559  ANGLE   =      2127.5509  DIHED      =      1347.9962
 UB     =         0.0000  IMP     =         0.0000  CMAP       =       215.1647
 1-4 NB =      1004.0623  1-4 EEL =     15084.6929  VDWAALS    =     17383.3798
 EELEC  =   -183516.2827  EHBOND  =         0.0000  RESTRAINT  =         0.0000
 ------------------------------------------------------------------------------

wrapping first mol.:      -29.97837      -42.39582       73.43173

 NSTEP =  2440000   TIME(PS) =  319920.000  TEMP(K) =   307.06  PRESS =     0.0
 Etot   =   -113951.6007  EKtot   =     31235.0586  EPtot      =   -145186.6593
 BOND   =       834.2157  ANGLE   =      2091.5330  DIHED      =      1354.1829
 UB     =         0.0000  IMP     =         0.0000  CMAP       =       197.7991
 1-4 NB =      1014.2760  1-4 EEL =     15130.8900  VDWAALS    =     17430.5693
 EELEC  =   -183240.1252  EHBOND  =         0.0000  RESTRAINT  =         0.0000
 ------------------------------------------------------------------------------

wrapping first mol.:      -29.97837      -42.39582       73.43173

 NSTEP =  2460000   TIME(PS) =  319960.000  TEMP(K) =   313.76  PRESS =     0.0
 Etot   =   -112997.6177  EKtot   =     31916.6523  EPtot      =   -144914.2700
 BOND   =       844.5016  ANGLE   =      2141.2064  DIHED      =      1328.8839
 UB     =         0.0000  IMP     =         0.0000  CMAP       =       204.8649
 1-4 NB =       968.1156  1-4 EEL =     15111.4524  VDWAALS    =     17291.4227
 EELEC  =   -182804.7175  EHBOND  =         0.0000  RESTRAINT  =         0.0000
 ------------------------------------------------------------------------------

wrapping first mol.:      -29.97837      -42.39582       73.43173

 NSTEP =  2480000   TIME(PS) =  320000.000  TEMP(K) =   310.44  PRESS =     0.0
 Etot   =   -113929.3118  EKtot   =     31578.5820  EPtot      =   -145507.8938
 BOND   =       862.1044  ANGLE   =      2106.8340  DIHED      =      1367.6503
 UB     =         0.0000  IMP     =         0.0000  CMAP       =       212.2307
 1-4 NB =       992.4373  1-4 EEL =     15063.8283  VDWAALS    =     17098.8879
 EELEC  =   -183211.8668  EHBOND  =         0.0000  RESTRAINT  =         0.0000
 ------------------------------------------------------------------------------

wrapping first mol.:      -29.97837      -42.39582       73.43173
wrapping first mol.:      -29.97837      -42.39582       73.43173

 NSTEP =  2500000   TIME(PS) =  320040.000  TEMP(K) =   311.00  PRESS =     0.0
 Etot   =   -113552.1518  EKtot   =     31636.0684  EPtot      =   -145188.2201
 BOND   =       851.0530  ANGLE   =      2119.5205  DIHED      =      1373.7684
 UB     =         0.0000  IMP     =         0.0000  CMAP       =       198.6597
 1-4 NB =      1000.0413  1-4 EEL =     15096.7404  VDWAALS    =     17281.9964
 EELEC  =   -183109.9999  EHBOND  =         0.0000  RESTRAINT  =         0.0000
 ------------------------------------------------------------------------------


      A V E R A G E S   O V E R     125 S T E P S


 NSTEP =  2500000   TIME(PS) =  320040.000  TEMP(K) =   310.04  PRESS =     0.0
 Etot   =   -113673.3170  EKtot   =     31538.4247  EPtot      =   -145211.7416
 BOND   =       856.6766  ANGLE   =      2141.2035  DIHED      =      1353.9078
 UB     =         0.0000  IMP     =         0.0000  CMAP       =       215.2232
 1-4 NB =       996.0888  1-4 EEL =     15104.0124  VDWAALS    =     17298.7438
 EELEC  =   -183177.5976  EHBOND  =         0.0000  RESTRAINT  =         0.0000
 ------------------------------------------------------------------------------


      R M S  F L U C T U A T I O N S


 NSTEP =  2500000   TIME(PS) =  320040.000  TEMP(K) =     1.44  PRESS =     0.0
 Etot   =       259.2812  EKtot   =       146.0064  EPtot      =       204.1951
 BOND   =        26.1576  ANGLE   =        33.5862  DIHED      =        20.7589
 UB     =         0.0000  IMP     =         0.0000  CMAP       =         9.9005
 1-4 NB =        13.5296  1-4 EEL =        47.4885  VDWAALS    =       167.8024
 EELEC  =       285.3730  EHBOND  =         0.0000  RESTRAINT  =         0.0000
 ------------------------------------------------------------------------------

--------------------------------------------------------------------------------
   5.  TIMINGS
--------------------------------------------------------------------------------

|  NonSetup CPU Time in Major Routines:
|
|     Routine           Sec        %
|     ------------------------------
|     Nonbond         146.50   16.26
|     Bond              0.00    0.00
|     Angle             0.00    0.00
|     Dihedral          0.00    0.00
|     Shake            10.39    1.15
|     RunMD           742.16   82.35
|     Other             2.16    0.24
|     ------------------------------
|     Total           901.21

|  PME Nonbond Pairlist CPU Time:
|
|     Routine              Sec        %
|     ---------------------------------
|     Set Up Cit           0.00    0.00
|     Build List           0.00    0.00
|     ---------------------------------
|     Total                0.00    0.00

|  PME Direct Force CPU Time:
|
|     Routine              Sec        %
|     ---------------------------------
|     NonBonded Calc       0.00    0.00
|     Exclude Masked       0.00    0.00
|     Other                1.36    0.15
|     ---------------------------------
|     Total                1.36    0.15

|  PME Reciprocal Force CPU Time:
|
|     Routine              Sec        %
|     ---------------------------------
|     1D bspline           0.00    0.00
|     Grid Charges         0.00    0.00
|     Scalar Sum           0.00    0.00
|     Gradient Sum         0.00    0.00
|     FFT                  0.00    0.00
|     ---------------------------------
|     Total                0.00    0.00

|  Final Performance Info:
|     -----------------------------------------------------
|     Average timings for last  140000 steps:
|     Elapsed(s) =      50.76 Per Step(ms) =       0.36
|         ns/day =     476.64   seconds/ns =     181.27
|
|     Average timings for all steps:
|     Elapsed(s) =     902.82 Per Step(ms) =       0.36
|         ns/day =     478.50   seconds/ns =     180.56
|     -----------------------------------------------------

|  Setup CPU time:            0.82 seconds
|  NonSetup CPU time:       901.21 seconds
|  Total CPU time:          902.03 seconds     0.25 hours

|  Setup wall time:           1    seconds
|  NonSetup wall time:      903    seconds
|  Total wall time:         904    seconds     0.25 hours
