
          -------------------------------------------------------
          Amber 24 PMEMD                              2024
          -------------------------------------------------------

| PMEMD implementation of SANDER, Release 24

|  Compiled date/time: Thu Apr  3 17:55:38 2025
| Run on 11/15/2025 at 18:21:19

|   Executable path: pmemd.cuda_SPFP
| Working directory: /rs1/researchers/h/hall/vtnguye4/Amber_restart/cappedP1L38M/mdsimP1L38M/newP1L38Mcapped_Simulation3
|          Hostname: gpu29

  [-O]verwriting output

File Assignments:
|   MDIN: /rs1/researchers/h/hall/vtnguye4/Amber_restart/cappedP1L38M/mdsimP1L38
|  MDOUT: ./OUT_Files/equil97.out                                               
| INPCRD: ./RST_Files/equil96.rst7                                              
|   PARM: ./PRMTOP_Files/newP1L38Mcapped.prmtop                                 
| RESTRT: ./RST_Files/equil97.rst7                                              
|   REFC: refc                                                                  
|  MDVEL: mdvel                                                                 
|   MDEN: mden                                                                  
|  MDCRD: ./nc_Files/equil97.nc                                                 
| MDINFO: mdinfo                                                                
|  MDFRC: mdfrc                                                                 


 Here is the input file:

!Stage equilibration 5ns                                                       
&cntrl                                                                         
imin=0, irest=1, ntx=5,                                                        
nstlim=2500000, dt=0.002,                                                      
ntc=2, ntf=2, ig=-1,                                                           
ntt=3, gamma_ln=2.0,                                                           
tempi=310.0, temp0=310.0,                                                      
ntxo=2, ioutfm=1,                                                              
ntpr=20000, ntwx=20000,                                                        
ntb=1,                                                                         
cut=9.0,                                                                       
iwrap=1,                                                                       
/                                                                              


Note: ig = -1. Setting random seed to   185058 based on wallclock time in 
      microseconds.
| irandom = 1, using AMBER's internal random number generator (default).
 
|--------------------- INFORMATION ----------------------
| GPU (CUDA) Version of PMEMD in use: NVIDIA GPU IN USE.
|                    Version 18.0.0
| 
|                      03/25/2018
| 
| Implementation by:
|                    Ross C. Walker     (SDSC)
|                    Scott Le Grand     (nVIDIA)
| 
| Version 18 performance extensions by:
|                    David Cerutti     (Rutgers)
| 
| Precision model in use:
|      [SPFP] - Single Precision Forces, 64-bit Fixed Point
|               Accumulation. (Default)
| 
|--------------------------------------------------------
 
|----------------- CITATION INFORMATION -----------------
|
|    When publishing work that utilized the CUDA version
|    of AMBER, please cite the following in addition to
|    the regular AMBER citations:
|
|  - Romelia Salomon-Ferrer; Andreas W. Goetz; Duncan
|    Poole; Scott Le Grand; Ross C. Walker "Routine
|    microsecond molecular dynamics simulations with
|    AMBER - Part II: Particle Mesh Ewald", J. Chem.
|    Theory Comput., 2013, 9 (9), pp3878-3888,
|    DOI: 10.1021/ct400314y.
|
|  - Andreas W. Goetz; Mark J. Williamson; Dong Xu;
|    Duncan Poole; Scott Le Grand; Ross C. Walker
|    "Routine microsecond molecular dynamics simulations
|    with AMBER - Part I: Generalized Born", J. Chem.
|    Theory Comput., 2012, 8 (5), pp1542-1555.
|
|  - Scott Le Grand; Andreas W. Goetz; Ross C. Walker
|    "SPFP: Speed without compromise - a mixed precision
|    model for GPU accelerated molecular dynamics
|    simulations.", Comp. Phys. Comm., 2013, 184
|    pp374-380, DOI: 10.1016/j.cpc.2012.09.022
|
|--------------------------------------------------------
 
|------------------- GPU DEVICE INFO --------------------
|
|            CUDA_VISIBLE_DEVICES: 0
|   CUDA Capable Devices Detected:      1
|           CUDA Device ID in use:      0
|                CUDA Device Name: NVIDIA L40S
|     CUDA Device Global Mem Size:  45487 MB
| CUDA Device Num Multiprocessors:    142
|           CUDA Device Core Freq:   2.52 GHz
|
|--------------------------------------------------------
 
 
| Conditional Compilation Defines Used:
| PUBFFT
| BINTRAJ
| CUDA
| EMIL

| Largest sphere to fit in unit cell has radius =    36.716

| New format PARM file being parsed.
| Version =    1.000 Date = 10/30/25 Time = 23:32:29

| Note: 1-4 EEL scale factors are being read from the topology file.

| Note: 1-4 VDW scale factors are being read from the topology file.
| Duplicated    0 dihedrals

| Duplicated    0 dihedrals

--------------------------------------------------------------------------------
   1.  RESOURCE   USE: 
--------------------------------------------------------------------------------

 getting box info from netcdf restart file
 NATOM  =   50023 NTYPES =      12 NBONH =   47691 MBONA  =    2332
 NTHETH =    5236 MTHETA =    3080 NPHIH =   10252 MPHIA  =    9504
 NHPARM =       0 NPARM  =       0 NNB   =   84972 NRES   =   15501
 NBONA  =    2332 NTHETA =    3080 NPHIA =    9504 NUMBND =      29
 NUMANG =      57 NPTRA  =      64 NATYP =      17 NPHB   =       0
 IFBOX  =       2 NMXRS  =      21 IFCAP =       0 NEXTRA =       0
 NCOPY  =       0

| Coordinate Index Table dimensions:    15   15   15
| Direct force subcell size =     5.9957    5.9957    5.9957

     BOX TYPE: TRUNCATED OCTAHEDRON

--------------------------------------------------------------------------------
   2.  CONTROL  DATA  FOR  THE  RUN
--------------------------------------------------------------------------------

default_name                                                                    

General flags:
     imin    =       0, nmropt  =       0

Nature and format of input:
     ntx     =       5, irest   =       1, ntrx    =       1

Nature and format of output:
     ntxo    =       2, ntpr    =   20000, ntrx    =       1, ntwr    = 2500000
     iwrap   =       1, ntwx    =   20000, ntwv    =       0, ntwe    =       0
     ioutfm  =       1, ntwprt  =       0, idecomp =       0, rbornstat=      0

Potential function:
     ntf     =       2, ntb     =       1, igb     =       0, nsnb    =      25
     ipol    =       0, gbsa    =       0, iesp    =       0
     dielc   =   1.00000, cut     =   9.00000, intdiel =   1.00000

Frozen or restrained atoms:
     ibelly  =       0, ntr     =       0

Molecular dynamics:
     nstlim  =   2500000, nscm    =      1000, nrespa  =         1
     t       =   0.00000, dt      =   0.00200, vlimit  =  -1.00000

Langevin dynamics temperature regulation:
     ig      =  185058
     temp0   = 310.00000, tempi   = 310.00000, gamma_ln=   2.00000

SHAKE:
     ntc     =       2, jfastw  =       0
     tol     =   0.00001

| Intermolecular bonds treatment:
|     no_intermolecular_bonds =       1

| Energy averages sample interval:
|     ene_avg_sampling =   20000

Ewald parameters:
     verbose =       0, ew_type =       0, nbflag  =       1, use_pme =       1
     vdwmeth =       1, eedmeth =       1, netfrc  =       1
     Box X =   89.935   Box Y =   89.935   Box Z =   89.935
     Alpha =  109.471   Beta  =  109.471   Gamma =  109.471
     NFFT1 =   96       NFFT2 =   96       NFFT3 =   96
     Cutoff=    9.000   Tol   =0.100E-04
     Ewald Coefficient =  0.30768
     Interpolation order =    4

--------------------------------------------------------------------------------
   3.  ATOMIC COORDINATES AND VELOCITIES
--------------------------------------------------------------------------------

default_name                                                                    
 begin time read from input coords =480039.998 ps

 
 Number of triangulated 3-point waters found:    15105

     Sum of charges from parm topology file =  -0.00000043
     Forcing neutrality...

| Dynamic Memory, Types Used:
| Reals             1595957
| Integers          2018996

| Nonbonded Pairs Initial Allocation:    11405244

| GPU memory information (estimate):
| KB of GPU memory in use:    394016
| KB of CPU memory in use:    114218

--------------------------------------------------------------------------------
   4.  RESULTS
--------------------------------------------------------------------------------


 NSTEP =    20000   TIME(PS) =  480079.998  TEMP(K) =   308.45  PRESS =     0.0
 Etot   =   -114059.5490  EKtot   =     31376.1816  EPtot      =   -145435.7306
 BOND   =       830.3021  ANGLE   =      2076.7274  DIHED      =      1349.4990
 UB     =         0.0000  IMP     =         0.0000  CMAP       =       224.7511
 1-4 NB =       973.0635  1-4 EEL =     14981.9826  VDWAALS    =     17166.4406
 EELEC  =   -183038.4970  EHBOND  =         0.0000  RESTRAINT  =         0.0000
 ------------------------------------------------------------------------------


 NSTEP =    40000   TIME(PS) =  480119.998  TEMP(K) =   308.44  PRESS =     0.0
 Etot   =   -113941.4991  EKtot   =     31374.8711  EPtot      =   -145316.3702
 BOND   =       927.5783  ANGLE   =      2109.4479  DIHED      =      1317.0543
 UB     =         0.0000  IMP     =         0.0000  CMAP       =       212.6307
 1-4 NB =       991.4547  1-4 EEL =     15011.6641  VDWAALS    =     16922.5935
 EELEC  =   -182808.7938  EHBOND  =         0.0000  RESTRAINT  =         0.0000
 ------------------------------------------------------------------------------


 NSTEP =    60000   TIME(PS) =  480159.998  TEMP(K) =   308.97  PRESS =     0.0
 Etot   =   -113711.5864  EKtot   =     31428.7188  EPtot      =   -145140.3052
 BOND   =       887.9273  ANGLE   =      2209.5115  DIHED      =      1331.5641
 UB     =         0.0000  IMP     =         0.0000  CMAP       =       220.7274
 1-4 NB =      1001.9650  1-4 EEL =     14975.5344  VDWAALS    =     17125.2654
 EELEC  =   -182892.8002  EHBOND  =         0.0000  RESTRAINT  =         0.0000
 ------------------------------------------------------------------------------

wrapping first mol.:      -29.97837      -42.39582       73.43173

 NSTEP =    80000   TIME(PS) =  480199.998  TEMP(K) =   309.41  PRESS =     0.0
 Etot   =   -113362.8659  EKtot   =     31474.1113  EPtot      =   -144836.9772
 BOND   =       872.9907  ANGLE   =      2150.0114  DIHED      =      1299.0869
 UB     =         0.0000  IMP     =         0.0000  CMAP       =       237.4081
 1-4 NB =       973.6966  1-4 EEL =     15010.8430  VDWAALS    =     17000.9260
 EELEC  =   -182381.9401  EHBOND  =         0.0000  RESTRAINT  =         0.0000
 ------------------------------------------------------------------------------

wrapping first mol.:      -29.97837      -42.39582       73.43173

 NSTEP =   100000   TIME(PS) =  480239.998  TEMP(K) =   310.03  PRESS =     0.0
 Etot   =   -113448.5313  EKtot   =     31537.2051  EPtot      =   -144985.7364
 BOND   =       838.4906  ANGLE   =      2137.2119  DIHED      =      1349.4355
 UB     =         0.0000  IMP     =         0.0000  CMAP       =       214.6453
 1-4 NB =       998.8670  1-4 EEL =     15018.0805  VDWAALS    =     16932.3595
 EELEC  =   -182474.8267  EHBOND  =         0.0000  RESTRAINT  =         0.0000
 ------------------------------------------------------------------------------

wrapping first mol.:      -29.97837      -42.39582       73.43173

 NSTEP =   120000   TIME(PS) =  480279.998  TEMP(K) =   308.94  PRESS =     0.0
 Etot   =   -113702.5654  EKtot   =     31425.6328  EPtot      =   -145128.1982
 BOND   =       835.3299  ANGLE   =      2238.0576  DIHED      =      1331.3932
 UB     =         0.0000  IMP     =         0.0000  CMAP       =       215.2404
 1-4 NB =      1019.4423  1-4 EEL =     14990.6287  VDWAALS    =     17489.1395
 EELEC  =   -183247.4298  EHBOND  =         0.0000  RESTRAINT  =         0.0000
 ------------------------------------------------------------------------------

wrapping first mol.:      -29.97837      -42.39582       73.43173

 NSTEP =   140000   TIME(PS) =  480319.998  TEMP(K) =   308.88  PRESS =     0.0
 Etot   =   -113644.1910  EKtot   =     31420.4785  EPtot      =   -145064.6695
 BOND   =       850.2306  ANGLE   =      2164.4702  DIHED      =      1332.7414
 UB     =         0.0000  IMP     =         0.0000  CMAP       =       213.7414
 1-4 NB =       997.8744  1-4 EEL =     14996.4727  VDWAALS    =     16977.0291
 EELEC  =   -182597.2293  EHBOND  =         0.0000  RESTRAINT  =         0.0000
 ------------------------------------------------------------------------------

wrapping first mol.:      -29.97837      -42.39582       73.43173

 NSTEP =   160000   TIME(PS) =  480359.998  TEMP(K) =   314.56  PRESS =     0.0
 Etot   =   -112966.8767  EKtot   =     31997.9395  EPtot      =   -144964.8161
 BOND   =       857.1030  ANGLE   =      2140.4073  DIHED      =      1356.7713
 UB     =         0.0000  IMP     =         0.0000  CMAP       =       225.3879
 1-4 NB =       999.6591  1-4 EEL =     15032.7417  VDWAALS    =     17148.4874
 EELEC  =   -182725.3739  EHBOND  =         0.0000  RESTRAINT  =         0.0000
 ------------------------------------------------------------------------------

wrapping first mol.:      -29.97837      -42.39582       73.43173

 NSTEP =   180000   TIME(PS) =  480399.998  TEMP(K) =   308.15  PRESS =     0.0
 Etot   =   -113949.1945  EKtot   =     31345.2480  EPtot      =   -145294.4426
 BOND   =       860.3206  ANGLE   =      2126.5204  DIHED      =      1319.4594
 UB     =         0.0000  IMP     =         0.0000  CMAP       =       209.1550
 1-4 NB =      1003.6142  1-4 EEL =     15071.1498  VDWAALS    =     16820.1897
 EELEC  =   -182704.8517  EHBOND  =         0.0000  RESTRAINT  =         0.0000
 ------------------------------------------------------------------------------


 NSTEP =   200000   TIME(PS) =  480439.998  TEMP(K) =   310.02  PRESS =     0.0
 Etot   =   -113508.6284  EKtot   =     31536.3652  EPtot      =   -145044.9936
 BOND   =       854.0379  ANGLE   =      2214.4556  DIHED      =      1334.5708
 UB     =         0.0000  IMP     =         0.0000  CMAP       =       228.0629
 1-4 NB =       994.3629  1-4 EEL =     15000.8982  VDWAALS    =     17412.9053
 EELEC  =   -183084.2870  EHBOND  =         0.0000  RESTRAINT  =         0.0000
 ------------------------------------------------------------------------------

wrapping first mol.:      -29.97837      -42.39582       73.43173

 NSTEP =   220000   TIME(PS) =  480479.998  TEMP(K) =   311.35  PRESS =     0.0
 Etot   =   -113418.9947  EKtot   =     31671.4512  EPtot      =   -145090.4459
 BOND   =       841.9129  ANGLE   =      2136.6268  DIHED      =      1363.2733
 UB     =         0.0000  IMP     =         0.0000  CMAP       =       194.2125
 1-4 NB =      1029.7705  1-4 EEL =     15089.4036  VDWAALS    =     17378.5546
 EELEC  =   -183124.2001  EHBOND  =         0.0000  RESTRAINT  =         0.0000
 ------------------------------------------------------------------------------


 NSTEP =   240000   TIME(PS) =  480519.998  TEMP(K) =   311.27  PRESS =     0.0
 Etot   =   -113355.5521  EKtot   =     31663.2031  EPtot      =   -145018.7552
 BOND   =       810.6234  ANGLE   =      2125.3365  DIHED      =      1383.4361
 UB     =         0.0000  IMP     =         0.0000  CMAP       =       239.0726
 1-4 NB =      1018.6415  1-4 EEL =     15047.9185  VDWAALS    =     17155.7070
 EELEC  =   -182799.4908  EHBOND  =         0.0000  RESTRAINT  =         0.0000
 ------------------------------------------------------------------------------


 NSTEP =   260000   TIME(PS) =  480559.998  TEMP(K) =   310.66  PRESS =     0.0
 Etot   =   -113574.4611  EKtot   =     31601.3809  EPtot      =   -145175.8420
 BOND   =       859.2787  ANGLE   =      2138.5754  DIHED      =      1344.6573
 UB     =         0.0000  IMP     =         0.0000  CMAP       =       229.6877
 1-4 NB =       995.9959  1-4 EEL =     15023.2269  VDWAALS    =     17129.1679
 EELEC  =   -182896.4318  EHBOND  =         0.0000  RESTRAINT  =         0.0000
 ------------------------------------------------------------------------------

wrapping first mol.:      -29.97837      -42.39582       73.43173

 NSTEP =   280000   TIME(PS) =  480599.998  TEMP(K) =   310.20  PRESS =     0.0
 Etot   =   -113792.8865  EKtot   =     31554.1484  EPtot      =   -145347.0349
 BOND   =       900.8035  ANGLE   =      2114.0237  DIHED      =      1334.0236
 UB     =         0.0000  IMP     =         0.0000  CMAP       =       227.0167
 1-4 NB =       983.7543  1-4 EEL =     15084.5365  VDWAALS    =     17221.3848
 EELEC  =   -183212.5780  EHBOND  =         0.0000  RESTRAINT  =         0.0000
 ------------------------------------------------------------------------------

wrapping first mol.:      -29.97837      -42.39582       73.43173

 NSTEP =   300000   TIME(PS) =  480639.998  TEMP(K) =   310.36  PRESS =     0.0
 Etot   =   -113539.7380  EKtot   =     31570.3906  EPtot      =   -145110.1287
 BOND   =       882.5249  ANGLE   =      2192.4375  DIHED      =      1351.3319
 UB     =         0.0000  IMP     =         0.0000  CMAP       =       209.7988
 1-4 NB =       999.2636  1-4 EEL =     15072.2567  VDWAALS    =     16955.0601
 EELEC  =   -182772.8022  EHBOND  =         0.0000  RESTRAINT  =         0.0000
 ------------------------------------------------------------------------------

wrapping first mol.:      -29.97837      -42.39582       73.43173

 NSTEP =   320000   TIME(PS) =  480679.998  TEMP(K) =   308.46  PRESS =     0.0
 Etot   =   -113674.2684  EKtot   =     31377.2383  EPtot      =   -145051.5067
 BOND   =       869.9918  ANGLE   =      2210.3164  DIHED      =      1354.9163
 UB     =         0.0000  IMP     =         0.0000  CMAP       =       226.7313
 1-4 NB =      1008.7997  1-4 EEL =     15103.4019  VDWAALS    =     17173.5651
 EELEC  =   -182999.2292  EHBOND  =         0.0000  RESTRAINT  =         0.0000
 ------------------------------------------------------------------------------

wrapping first mol.:      -29.97837      -42.39582       73.43173

 NSTEP =   340000   TIME(PS) =  480719.998  TEMP(K) =   310.63  PRESS =     0.0
 Etot   =   -113439.9933  EKtot   =     31597.8359  EPtot      =   -145037.8292
 BOND   =       876.9089  ANGLE   =      2223.5799  DIHED      =      1354.3884
 UB     =         0.0000  IMP     =         0.0000  CMAP       =       210.5032
 1-4 NB =      1000.4962  1-4 EEL =     15085.1949  VDWAALS    =     17731.8213
 EELEC  =   -183520.7221  EHBOND  =         0.0000  RESTRAINT  =         0.0000
 ------------------------------------------------------------------------------

wrapping first mol.:      -29.97837      -42.39582       73.43173

 NSTEP =   360000   TIME(PS) =  480759.998  TEMP(K) =   309.94  PRESS =     0.0
 Etot   =   -113424.6155  EKtot   =     31527.7559  EPtot      =   -144952.3714
 BOND   =       812.7437  ANGLE   =      2192.4361  DIHED      =      1358.0529
 UB     =         0.0000  IMP     =         0.0000  CMAP       =       216.0529
 1-4 NB =      1015.2793  1-4 EEL =     15087.0256  VDWAALS    =     16888.1058
 EELEC  =   -182522.0678  EHBOND  =         0.0000  RESTRAINT  =         0.0000
 ------------------------------------------------------------------------------

wrapping first mol.:      -29.97837      -42.39582       73.43173

 NSTEP =   380000   TIME(PS) =  480799.998  TEMP(K) =   308.73  PRESS =     0.0
 Etot   =   -113605.8304  EKtot   =     31404.3242  EPtot      =   -145010.1546
 BOND   =       854.9536  ANGLE   =      2121.0213  DIHED      =      1331.4717
 UB     =         0.0000  IMP     =         0.0000  CMAP       =       219.6058
 1-4 NB =       984.3034  1-4 EEL =     15066.1336  VDWAALS    =     16906.1255
 EELEC  =   -182493.7696  EHBOND  =         0.0000  RESTRAINT  =         0.0000
 ------------------------------------------------------------------------------

wrapping first mol.:      -29.97837      -42.39582       73.43173

 NSTEP =   400000   TIME(PS) =  480839.998  TEMP(K) =   310.65  PRESS =     0.0
 Etot   =   -113424.2900  EKtot   =     31600.5156  EPtot      =   -145024.8056
 BOND   =       879.9674  ANGLE   =      2170.0308  DIHED      =      1342.2281
 UB     =         0.0000  IMP     =         0.0000  CMAP       =       193.8083
 1-4 NB =       997.1261  1-4 EEL =     15062.3862  VDWAALS    =     17445.6045
 EELEC  =   -183115.9570  EHBOND  =         0.0000  RESTRAINT  =         0.0000
 ------------------------------------------------------------------------------

wrapping first mol.:      -29.97837      -42.39582       73.43173

 NSTEP =   420000   TIME(PS) =  480879.998  TEMP(K) =   308.35  PRESS =     0.0
 Etot   =   -114197.3439  EKtot   =     31366.3672  EPtot      =   -145563.7111
 BOND   =       862.5015  ANGLE   =      2087.5107  DIHED      =      1351.2021
 UB     =         0.0000  IMP     =         0.0000  CMAP       =       198.3837
 1-4 NB =       990.5850  1-4 EEL =     15025.6781  VDWAALS    =     17375.5739
 EELEC  =   -183455.1461  EHBOND  =         0.0000  RESTRAINT  =         0.0000
 ------------------------------------------------------------------------------

wrapping first mol.:      -29.97837      -42.39582       73.43173

 NSTEP =   440000   TIME(PS) =  480919.998  TEMP(K) =   309.67  PRESS =     0.0
 Etot   =   -113908.9765  EKtot   =     31500.5547  EPtot      =   -145409.5311
 BOND   =       845.3516  ANGLE   =      2140.1891  DIHED      =      1352.0198
 UB     =         0.0000  IMP     =         0.0000  CMAP       =       202.1080
 1-4 NB =      1027.7866  1-4 EEL =     15004.6799  VDWAALS    =     17152.0840
 EELEC  =   -183133.7501  EHBOND  =         0.0000  RESTRAINT  =         0.0000
 ------------------------------------------------------------------------------

wrapping first mol.:      -29.97837      -42.39582       73.43173

 NSTEP =   460000   TIME(PS) =  480959.998  TEMP(K) =   310.33  PRESS =     0.0
 Etot   =   -113348.7271  EKtot   =     31567.2402  EPtot      =   -144915.9673
 BOND   =       836.2007  ANGLE   =      2158.8530  DIHED      =      1351.2017
 UB     =         0.0000  IMP     =         0.0000  CMAP       =       211.5235
 1-4 NB =      1034.5085  1-4 EEL =     15114.9577  VDWAALS    =     17473.6712
 EELEC  =   -183096.8837  EHBOND  =         0.0000  RESTRAINT  =         0.0000
 ------------------------------------------------------------------------------

wrapping first mol.:      -29.97837      -42.39582       73.43173

 NSTEP =   480000   TIME(PS) =  480999.998  TEMP(K) =   312.03  PRESS =     0.0
 Etot   =   -113739.6454  EKtot   =     31740.3926  EPtot      =   -145480.0380
 BOND   =       869.9754  ANGLE   =      2147.6365  DIHED      =      1401.6907
 UB     =         0.0000  IMP     =         0.0000  CMAP       =       192.0390
 1-4 NB =      1007.4615  1-4 EEL =     15057.7056  VDWAALS    =     17344.7538
 EELEC  =   -183501.3006  EHBOND  =         0.0000  RESTRAINT  =         0.0000
 ------------------------------------------------------------------------------

wrapping first mol.:      -29.97837      -42.39582       73.43173

 NSTEP =   500000   TIME(PS) =  481039.998  TEMP(K) =   310.20  PRESS =     0.0
 Etot   =   -113655.1708  EKtot   =     31553.8984  EPtot      =   -145209.0692
 BOND   =       829.7634  ANGLE   =      2144.2261  DIHED      =      1312.6544
 UB     =         0.0000  IMP     =         0.0000  CMAP       =       243.9812
 1-4 NB =      1010.6247  1-4 EEL =     15083.5651  VDWAALS    =     17531.5629
 EELEC  =   -183365.4471  EHBOND  =         0.0000  RESTRAINT  =         0.0000
 ------------------------------------------------------------------------------

wrapping first mol.:      -29.97837      -42.39582       73.43173

 NSTEP =   520000   TIME(PS) =  481079.998  TEMP(K) =   308.75  PRESS =     0.0
 Etot   =   -113516.3114  EKtot   =     31406.6133  EPtot      =   -144922.9247
 BOND   =       891.6145  ANGLE   =      2157.2257  DIHED      =      1366.1054
 UB     =         0.0000  IMP     =         0.0000  CMAP       =       205.4990
 1-4 NB =       991.5798  1-4 EEL =     15080.6138  VDWAALS    =     17180.8022
 EELEC  =   -182796.3651  EHBOND  =         0.0000  RESTRAINT  =         0.0000
 ------------------------------------------------------------------------------

wrapping first mol.:      -29.97837      -42.39582       73.43173

 NSTEP =   540000   TIME(PS) =  481119.998  TEMP(K) =   311.06  PRESS =     0.0
 Etot   =   -113531.1483  EKtot   =     31641.4316  EPtot      =   -145172.5799
 BOND   =       845.8348  ANGLE   =      2111.6759  DIHED      =      1341.5990
 UB     =         0.0000  IMP     =         0.0000  CMAP       =       230.5877
 1-4 NB =      1010.6139  1-4 EEL =     15107.8828  VDWAALS    =     17378.6332
 EELEC  =   -183199.4072  EHBOND  =         0.0000  RESTRAINT  =         0.0000
 ------------------------------------------------------------------------------

wrapping first mol.:      -29.97837      -42.39582       73.43173

 NSTEP =   560000   TIME(PS) =  481159.998  TEMP(K) =   310.70  PRESS =     0.0
 Etot   =   -113837.0192  EKtot   =     31605.2480  EPtot      =   -145442.2672
 BOND   =       851.3559  ANGLE   =      2187.8958  DIHED      =      1321.9713
 UB     =         0.0000  IMP     =         0.0000  CMAP       =       204.1675
 1-4 NB =      1008.3753  1-4 EEL =     15050.6781  VDWAALS    =     16967.4145
 EELEC  =   -183034.1258  EHBOND  =         0.0000  RESTRAINT  =         0.0000
 ------------------------------------------------------------------------------

wrapping first mol.:      -29.97837      -42.39582       73.43173

 NSTEP =   580000   TIME(PS) =  481199.998  TEMP(K) =   310.25  PRESS =     0.0
 Etot   =   -113364.8995  EKtot   =     31558.9883  EPtot      =   -144923.8878
 BOND   =       869.3111  ANGLE   =      2126.1494  DIHED      =      1372.1177
 UB     =         0.0000  IMP     =         0.0000  CMAP       =       228.2550
 1-4 NB =       992.4253  1-4 EEL =     15032.5361  VDWAALS    =     17074.7669
 EELEC  =   -182619.4494  EHBOND  =         0.0000  RESTRAINT  =         0.0000
 ------------------------------------------------------------------------------

wrapping first mol.:      -29.97837      -42.39582       73.43173

 NSTEP =   600000   TIME(PS) =  481239.998  TEMP(K) =   309.52  PRESS =     0.0
 Etot   =   -114096.2462  EKtot   =     31485.4844  EPtot      =   -145581.7305
 BOND   =       851.3485  ANGLE   =      2117.3952  DIHED      =      1373.7508
 UB     =         0.0000  IMP     =         0.0000  CMAP       =       205.7256
 1-4 NB =       993.2964  1-4 EEL =     15082.9374  VDWAALS    =     17272.6309
 EELEC  =   -183478.8154  EHBOND  =         0.0000  RESTRAINT  =         0.0000
 ------------------------------------------------------------------------------

wrapping first mol.:      -29.97837      -42.39582       73.43173

 NSTEP =   620000   TIME(PS) =  481279.998  TEMP(K) =   310.95  PRESS =     0.0
 Etot   =   -113534.8290  EKtot   =     31630.9414  EPtot      =   -145165.7704
 BOND   =       854.4229  ANGLE   =      2156.6987  DIHED      =      1359.9571
 UB     =         0.0000  IMP     =         0.0000  CMAP       =       204.4304
 1-4 NB =       998.2114  1-4 EEL =     15132.2175  VDWAALS    =     17139.5682
 EELEC  =   -183011.2767  EHBOND  =         0.0000  RESTRAINT  =         0.0000
 ------------------------------------------------------------------------------

wrapping first mol.:      -29.97837      -42.39582       73.43173

 NSTEP =   640000   TIME(PS) =  481319.998  TEMP(K) =   310.37  PRESS =     0.0
 Etot   =   -113706.7721  EKtot   =     31571.9629  EPtot      =   -145278.7350
 BOND   =       838.2168  ANGLE   =      2117.2987  DIHED      =      1320.2228
 UB     =         0.0000  IMP     =         0.0000  CMAP       =       224.9281
 1-4 NB =      1007.5337  1-4 EEL =     15158.4628  VDWAALS    =     17351.8582
 EELEC  =   -183297.2561  EHBOND  =         0.0000  RESTRAINT  =         0.0000
 ------------------------------------------------------------------------------

wrapping first mol.:      -29.97837      -42.39582       73.43173

 NSTEP =   660000   TIME(PS) =  481359.998  TEMP(K) =   309.09  PRESS =     0.0
 Etot   =   -113594.5803  EKtot   =     31441.8066  EPtot      =   -145036.3869
 BOND   =       857.4989  ANGLE   =      2154.5338  DIHED      =      1372.6725
 UB     =         0.0000  IMP     =         0.0000  CMAP       =       205.6356
 1-4 NB =      1012.4946  1-4 EEL =     15051.6756  VDWAALS    =     16972.1977
 EELEC  =   -182663.0956  EHBOND  =         0.0000  RESTRAINT  =         0.0000
 ------------------------------------------------------------------------------

wrapping first mol.:      -29.97837      -42.39582       73.43173

 NSTEP =   680000   TIME(PS) =  481399.998  TEMP(K) =   309.29  PRESS =     0.0
 Etot   =   -113569.0345  EKtot   =     31461.7148  EPtot      =   -145030.7493
 BOND   =       827.3213  ANGLE   =      2218.7423  DIHED      =      1365.2908
 UB     =         0.0000  IMP     =         0.0000  CMAP       =       210.1399
 1-4 NB =      1007.6802  1-4 EEL =     15095.0126  VDWAALS    =     16992.1774
 EELEC  =   -182747.1137  EHBOND  =         0.0000  RESTRAINT  =         0.0000
 ------------------------------------------------------------------------------

wrapping first mol.:      -29.97837      -42.39582       73.43173

 NSTEP =   700000   TIME(PS) =  481439.998  TEMP(K) =   312.11  PRESS =     0.0
 Etot   =   -113361.9842  EKtot   =     31748.9531  EPtot      =   -145110.9373
 BOND   =       877.9524  ANGLE   =      2170.1516  DIHED      =      1352.3708
 UB     =         0.0000  IMP     =         0.0000  CMAP       =       200.9003
 1-4 NB =      1013.7161  1-4 EEL =     15083.6906  VDWAALS    =     17420.4398
 EELEC  =   -183230.1589  EHBOND  =         0.0000  RESTRAINT  =         0.0000
 ------------------------------------------------------------------------------

wrapping first mol.:      -29.97837      -42.39582       73.43173

 NSTEP =   720000   TIME(PS) =  481479.998  TEMP(K) =   314.21  PRESS =     0.0
 Etot   =   -112975.1292  EKtot   =     31962.2832  EPtot      =   -144937.4124
 BOND   =       832.1587  ANGLE   =      2251.7699  DIHED      =      1373.4166
 UB     =         0.0000  IMP     =         0.0000  CMAP       =       207.5491
 1-4 NB =       988.0935  1-4 EEL =     15084.8590  VDWAALS    =     17128.4390
 EELEC  =   -182803.6983  EHBOND  =         0.0000  RESTRAINT  =         0.0000
 ------------------------------------------------------------------------------

wrapping first mol.:      -29.97837      -42.39582       73.43173

 NSTEP =   740000   TIME(PS) =  481519.998  TEMP(K) =   311.95  PRESS =     0.0
 Etot   =   -113417.0626  EKtot   =     31732.1465  EPtot      =   -145149.2091
 BOND   =       855.7398  ANGLE   =      2146.4895  DIHED      =      1373.4809
 UB     =         0.0000  IMP     =         0.0000  CMAP       =       207.1037
 1-4 NB =      1001.3349  1-4 EEL =     15135.3606  VDWAALS    =     17021.0412
 EELEC  =   -182889.7597  EHBOND  =         0.0000  RESTRAINT  =         0.0000
 ------------------------------------------------------------------------------

wrapping first mol.:      -29.97837      -42.39582       73.43173

 NSTEP =   760000   TIME(PS) =  481559.998  TEMP(K) =   309.50  PRESS =     0.0
 Etot   =   -113627.9096  EKtot   =     31483.0508  EPtot      =   -145110.9603
 BOND   =       859.7583  ANGLE   =      2122.8174  DIHED      =      1384.0491
 UB     =         0.0000  IMP     =         0.0000  CMAP       =       220.9744
 1-4 NB =       998.3422  1-4 EEL =     15101.9429  VDWAALS    =     17131.4295
 EELEC  =   -182930.2741  EHBOND  =         0.0000  RESTRAINT  =         0.0000
 ------------------------------------------------------------------------------

wrapping first mol.:      -29.97837      -42.39582       73.43173

 NSTEP =   780000   TIME(PS) =  481599.998  TEMP(K) =   312.51  PRESS =     0.0
 Etot   =   -113461.3830  EKtot   =     31788.8789  EPtot      =   -145250.2619
 BOND   =       842.9628  ANGLE   =      2218.9478  DIHED      =      1347.7989
 UB     =         0.0000  IMP     =         0.0000  CMAP       =       209.9481
 1-4 NB =       990.8893  1-4 EEL =     15013.8290  VDWAALS    =     17493.6514
 EELEC  =   -183368.2893  EHBOND  =         0.0000  RESTRAINT  =         0.0000
 ------------------------------------------------------------------------------

wrapping first mol.:      -29.97837      -42.39582       73.43173

 NSTEP =   800000   TIME(PS) =  481639.998  TEMP(K) =   309.42  PRESS =     0.0
 Etot   =   -113470.3321  EKtot   =     31474.9062  EPtot      =   -144945.2383
 BOND   =       870.3210  ANGLE   =      2190.1364  DIHED      =      1350.8644
 UB     =         0.0000  IMP     =         0.0000  CMAP       =       226.6756
 1-4 NB =       983.5505  1-4 EEL =     15094.2563  VDWAALS    =     17262.7729
 EELEC  =   -182923.8155  EHBOND  =         0.0000  RESTRAINT  =         0.0000
 ------------------------------------------------------------------------------

wrapping first mol.:      -29.97837      -42.39582       73.43173

 NSTEP =   820000   TIME(PS) =  481679.998  TEMP(K) =   309.59  PRESS =     0.0
 Etot   =   -113415.3194  EKtot   =     31492.4238  EPtot      =   -144907.7432
 BOND   =       852.3720  ANGLE   =      2182.1505  DIHED      =      1365.5802
 UB     =         0.0000  IMP     =         0.0000  CMAP       =       201.3780
 1-4 NB =      1003.5364  1-4 EEL =     15103.8641  VDWAALS    =     16773.7007
 EELEC  =   -182390.3251  EHBOND  =         0.0000  RESTRAINT  =         0.0000
 ------------------------------------------------------------------------------

wrapping first mol.:      -29.97837      -42.39582       73.43173

 NSTEP =   840000   TIME(PS) =  481719.998  TEMP(K) =   306.32  PRESS =     0.0
 Etot   =   -114272.5544  EKtot   =     31159.7793  EPtot      =   -145432.3337
 BOND   =       825.1369  ANGLE   =      2129.7530  DIHED      =      1382.4446
 UB     =         0.0000  IMP     =         0.0000  CMAP       =       204.0508
 1-4 NB =       989.1556  1-4 EEL =     15106.0054  VDWAALS    =     17291.6412
 EELEC  =   -183360.5213  EHBOND  =         0.0000  RESTRAINT  =         0.0000
 ------------------------------------------------------------------------------

wrapping first mol.:      -29.97837      -42.39582       73.43173

 NSTEP =   860000   TIME(PS) =  481759.998  TEMP(K) =   309.60  PRESS =     0.0
 Etot   =   -113734.4069  EKtot   =     31492.8809  EPtot      =   -145227.2878
 BOND   =       887.2453  ANGLE   =      2197.4682  DIHED      =      1362.9024
 UB     =         0.0000  IMP     =         0.0000  CMAP       =       223.2172
 1-4 NB =      1004.3734  1-4 EEL =     15093.9435  VDWAALS    =     17558.2945
 EELEC  =   -183554.7323  EHBOND  =         0.0000  RESTRAINT  =         0.0000
 ------------------------------------------------------------------------------

wrapping first mol.:      -29.97837      -42.39582       73.43173

 NSTEP =   880000   TIME(PS) =  481799.998  TEMP(K) =   313.13  PRESS =     0.0
 Etot   =   -113321.3374  EKtot   =     31851.9121  EPtot      =   -145173.2495
 BOND   =       782.3827  ANGLE   =      2112.6861  DIHED      =      1354.7906
 UB     =         0.0000  IMP     =         0.0000  CMAP       =       200.9208
 1-4 NB =      1020.6551  1-4 EEL =     15181.4005  VDWAALS    =     17330.7681
 EELEC  =   -183156.8534  EHBOND  =         0.0000  RESTRAINT  =         0.0000
 ------------------------------------------------------------------------------

wrapping first mol.:      -29.97837      -42.39582       73.43173

 NSTEP =   900000   TIME(PS) =  481839.998  TEMP(K) =   312.84  PRESS =     0.0
 Etot   =   -113117.6282  EKtot   =     31823.3184  EPtot      =   -144940.9465
 BOND   =       885.0520  ANGLE   =      2220.4788  DIHED      =      1370.3159
 UB     =         0.0000  IMP     =         0.0000  CMAP       =       217.8528
 1-4 NB =       986.0459  1-4 EEL =     15146.8971  VDWAALS    =     16898.2805
 EELEC  =   -182665.8694  EHBOND  =         0.0000  RESTRAINT  =         0.0000
 ------------------------------------------------------------------------------

wrapping first mol.:      -29.97837      -42.39582       73.43173

 NSTEP =   920000   TIME(PS) =  481879.998  TEMP(K) =   308.59  PRESS =     0.0
 Etot   =   -113901.2779  EKtot   =     31390.4531  EPtot      =   -145291.7310
 BOND   =       813.4900  ANGLE   =      2142.1414  DIHED      =      1368.3126
 UB     =         0.0000  IMP     =         0.0000  CMAP       =       223.6842
 1-4 NB =       974.5260  1-4 EEL =     15096.6965  VDWAALS    =     17487.5727
 EELEC  =   -183398.1543  EHBOND  =         0.0000  RESTRAINT  =         0.0000
 ------------------------------------------------------------------------------

wrapping first mol.:      -29.97837      -42.39582       73.43173

 NSTEP =   940000   TIME(PS) =  481919.998  TEMP(K) =   309.97  PRESS =     0.0
 Etot   =   -113406.4283  EKtot   =     31530.9844  EPtot      =   -144937.4127
 BOND   =       847.8859  ANGLE   =      2175.1153  DIHED      =      1391.1019
 UB     =         0.0000  IMP     =         0.0000  CMAP       =       237.5022
 1-4 NB =      1009.9050  1-4 EEL =     15151.6568  VDWAALS    =     17306.5947
 EELEC  =   -183057.1746  EHBOND  =         0.0000  RESTRAINT  =         0.0000
 ------------------------------------------------------------------------------

wrapping first mol.:      -29.97837      -42.39582       73.43173

 NSTEP =   960000   TIME(PS) =  481959.998  TEMP(K) =   311.16  PRESS =     0.0
 Etot   =   -113325.7027  EKtot   =     31651.6816  EPtot      =   -144977.3844
 BOND   =       880.2029  ANGLE   =      2150.7876  DIHED      =      1372.7355
 UB     =         0.0000  IMP     =         0.0000  CMAP       =       217.9608
 1-4 NB =      1011.2025  1-4 EEL =     15108.0687  VDWAALS    =     17218.5177
 EELEC  =   -182936.8601  EHBOND  =         0.0000  RESTRAINT  =         0.0000
 ------------------------------------------------------------------------------

wrapping first mol.:      -29.97837      -42.39582       73.43173

 NSTEP =   980000   TIME(PS) =  481999.998  TEMP(K) =   307.63  PRESS =     0.0
 Etot   =   -113287.7816  EKtot   =     31293.3203  EPtot      =   -144581.1019
 BOND   =       877.7138  ANGLE   =      2151.1510  DIHED      =      1396.5802
 UB     =         0.0000  IMP     =         0.0000  CMAP       =       229.6613
 1-4 NB =      1005.4038  1-4 EEL =     15167.6274  VDWAALS    =     17279.2593
 EELEC  =   -182688.4987  EHBOND  =         0.0000  RESTRAINT  =         0.0000
 ------------------------------------------------------------------------------

wrapping first mol.:      -29.97837      -42.39582       73.43173

 NSTEP =  1000000   TIME(PS) =  482039.998  TEMP(K) =   310.24  PRESS =     0.0
 Etot   =   -113111.8259  EKtot   =     31557.9570  EPtot      =   -144669.7830
 BOND   =       896.6332  ANGLE   =      2135.6581  DIHED      =      1371.6943
 UB     =         0.0000  IMP     =         0.0000  CMAP       =       217.5251
 1-4 NB =      1004.7012  1-4 EEL =     15072.7898  VDWAALS    =     17186.5135
 EELEC  =   -182555.2982  EHBOND  =         0.0000  RESTRAINT  =         0.0000
 ------------------------------------------------------------------------------

wrapping first mol.:      -29.97837      -42.39582       73.43173

 NSTEP =  1020000   TIME(PS) =  482079.998  TEMP(K) =   310.08  PRESS =     0.0
 Etot   =   -113983.0687  EKtot   =     31542.3242  EPtot      =   -145525.3930
 BOND   =       862.9793  ANGLE   =      2124.4370  DIHED      =      1362.6314
 UB     =         0.0000  IMP     =         0.0000  CMAP       =       216.2132
 1-4 NB =      1014.3757  1-4 EEL =     15190.9024  VDWAALS    =     17149.3890
 EELEC  =   -183446.3209  EHBOND  =         0.0000  RESTRAINT  =         0.0000
 ------------------------------------------------------------------------------

wrapping first mol.:      -29.97837      -42.39582       73.43173

 NSTEP =  1040000   TIME(PS) =  482119.998  TEMP(K) =   310.87  PRESS =     0.0
 Etot   =   -113879.6000  EKtot   =     31621.9590  EPtot      =   -145501.5590
 BOND   =       854.5104  ANGLE   =      2166.4514  DIHED      =      1379.0217
 UB     =         0.0000  IMP     =         0.0000  CMAP       =       217.1075
 1-4 NB =      1003.7903  1-4 EEL =     15115.0852  VDWAALS    =     17131.9301
 EELEC  =   -183369.4554  EHBOND  =         0.0000  RESTRAINT  =         0.0000
 ------------------------------------------------------------------------------

wrapping first mol.:      -29.97837      -42.39582       73.43173

 NSTEP =  1060000   TIME(PS) =  482159.998  TEMP(K) =   310.45  PRESS =     0.0
 Etot   =   -113387.9661  EKtot   =     31579.9980  EPtot      =   -144967.9641
 BOND   =       875.4825  ANGLE   =      2126.5208  DIHED      =      1333.1812
 UB     =         0.0000  IMP     =         0.0000  CMAP       =       205.5146
 1-4 NB =       995.3185  1-4 EEL =     15132.1197  VDWAALS    =     17294.5326
 EELEC  =   -182930.6340  EHBOND  =         0.0000  RESTRAINT  =         0.0000
 ------------------------------------------------------------------------------

wrapping first mol.:      -29.97837      -42.39582       73.43173

 NSTEP =  1080000   TIME(PS) =  482199.998  TEMP(K) =   309.83  PRESS =     0.0
 Etot   =   -113880.3326  EKtot   =     31516.9512  EPtot      =   -145397.2838
 BOND   =       900.2479  ANGLE   =      2131.3598  DIHED      =      1385.3581
 UB     =         0.0000  IMP     =         0.0000  CMAP       =       226.4378
 1-4 NB =      1002.7028  1-4 EEL =     15183.5703  VDWAALS    =     17378.5018
 EELEC  =   -183605.4624  EHBOND  =         0.0000  RESTRAINT  =         0.0000
 ------------------------------------------------------------------------------

wrapping first mol.:      -29.97837      -42.39582       73.43173

 NSTEP =  1100000   TIME(PS) =  482239.998  TEMP(K) =   309.56  PRESS =     0.0
 Etot   =   -114042.1445  EKtot   =     31489.0410  EPtot      =   -145531.1855
 BOND   =       869.6559  ANGLE   =      2110.5117  DIHED      =      1367.6651
 UB     =         0.0000  IMP     =         0.0000  CMAP       =       240.2053
 1-4 NB =      1014.6281  1-4 EEL =     15129.9618  VDWAALS    =     17312.9318
 EELEC  =   -183576.7452  EHBOND  =         0.0000  RESTRAINT  =         0.0000
 ------------------------------------------------------------------------------

wrapping first mol.:      -29.97837      -42.39582       73.43173

 NSTEP =  1120000   TIME(PS) =  482279.998  TEMP(K) =   312.74  PRESS =     0.0
 Etot   =   -113289.7378  EKtot   =     31812.8613  EPtot      =   -145102.5991
 BOND   =       847.2959  ANGLE   =      2169.1628  DIHED      =      1338.5657
 UB     =         0.0000  IMP     =         0.0000  CMAP       =       225.8304
 1-4 NB =       994.6020  1-4 EEL =     15131.2236  VDWAALS    =     17446.2693
 EELEC  =   -183255.5489  EHBOND  =         0.0000  RESTRAINT  =         0.0000
 ------------------------------------------------------------------------------

wrapping first mol.:      -29.97837      -42.39582       73.43173

 NSTEP =  1140000   TIME(PS) =  482319.998  TEMP(K) =   310.10  PRESS =     0.0
 Etot   =   -113561.9081  EKtot   =     31544.2793  EPtot      =   -145106.1874
 BOND   =       852.6685  ANGLE   =      2161.4497  DIHED      =      1344.2416
 UB     =         0.0000  IMP     =         0.0000  CMAP       =       213.4374
 1-4 NB =       993.1399  1-4 EEL =     15172.3167  VDWAALS    =     16991.6897
 EELEC  =   -182835.1309  EHBOND  =         0.0000  RESTRAINT  =         0.0000
 ------------------------------------------------------------------------------

wrapping first mol.:      -29.97837      -42.39582       73.43173

 NSTEP =  1160000   TIME(PS) =  482359.998  TEMP(K) =   310.61  PRESS =     0.0
 Etot   =   -113533.7906  EKtot   =     31595.4902  EPtot      =   -145129.2808
 BOND   =       863.8867  ANGLE   =      2150.8229  DIHED      =      1366.9116
 UB     =         0.0000  IMP     =         0.0000  CMAP       =       230.6750
 1-4 NB =      1012.7097  1-4 EEL =     15164.7910  VDWAALS    =     17202.8178
 EELEC  =   -183121.8956  EHBOND  =         0.0000  RESTRAINT  =         0.0000
 ------------------------------------------------------------------------------

wrapping first mol.:      -29.97837      -42.39582       73.43173

 NSTEP =  1180000   TIME(PS) =  482399.998  TEMP(K) =   311.25  PRESS =     0.0
 Etot   =   -113246.5652  EKtot   =     31661.0820  EPtot      =   -144907.6472
 BOND   =       839.7380  ANGLE   =      2181.4520  DIHED      =      1327.5108
 UB     =         0.0000  IMP     =         0.0000  CMAP       =       221.1293
 1-4 NB =      1026.5662  1-4 EEL =     15171.4339  VDWAALS    =     17368.4206
 EELEC  =   -183043.8980  EHBOND  =         0.0000  RESTRAINT  =         0.0000
 ------------------------------------------------------------------------------

wrapping first mol.:      -29.97837      -42.39582       73.43173

 NSTEP =  1200000   TIME(PS) =  482439.998  TEMP(K) =   310.62  PRESS =     0.0
 Etot   =   -113534.2222  EKtot   =     31596.5371  EPtot      =   -145130.7593
 BOND   =       884.2578  ANGLE   =      2157.4365  DIHED      =      1344.5709
 UB     =         0.0000  IMP     =         0.0000  CMAP       =       214.7565
 1-4 NB =       997.1211  1-4 EEL =     15173.4996  VDWAALS    =     17279.4504
 EELEC  =   -183181.8521  EHBOND  =         0.0000  RESTRAINT  =         0.0000
 ------------------------------------------------------------------------------

wrapping first mol.:      -29.97837      -42.39582       73.43173

 NSTEP =  1220000   TIME(PS) =  482479.998  TEMP(K) =   310.49  PRESS =     0.0
 Etot   =   -112988.3489  EKtot   =     31583.3047  EPtot      =   -144571.6536
 BOND   =       860.2225  ANGLE   =      2127.5768  DIHED      =      1387.1437
 UB     =         0.0000  IMP     =         0.0000  CMAP       =       225.0767
 1-4 NB =       983.4445  1-4 EEL =     15141.5710  VDWAALS    =     17164.5285
 EELEC  =   -182461.2172  EHBOND  =         0.0000  RESTRAINT  =         0.0000
 ------------------------------------------------------------------------------

wrapping first mol.:      -29.97837      -42.39582       73.43173

 NSTEP =  1240000   TIME(PS) =  482519.998  TEMP(K) =   311.58  PRESS =     0.0
 Etot   =   -113386.1711  EKtot   =     31694.8965  EPtot      =   -145081.0676
 BOND   =       860.4380  ANGLE   =      2158.5822  DIHED      =      1336.8358
 UB     =         0.0000  IMP     =         0.0000  CMAP       =       223.5973
 1-4 NB =      1009.8408  1-4 EEL =     15129.8204  VDWAALS    =     17110.3494
 EELEC  =   -182910.5315  EHBOND  =         0.0000  RESTRAINT  =         0.0000
 ------------------------------------------------------------------------------

wrapping first mol.:      -29.97837      -42.39582       73.43173

 NSTEP =  1260000   TIME(PS) =  482559.998  TEMP(K) =   309.71  PRESS =     0.0
 Etot   =   -113416.5250  EKtot   =     31504.0430  EPtot      =   -144920.5679
 BOND   =       882.0714  ANGLE   =      2086.8046  DIHED      =      1352.5027
 UB     =         0.0000  IMP     =         0.0000  CMAP       =       243.3408
 1-4 NB =       998.5013  1-4 EEL =     15220.1292  VDWAALS    =     17121.5899
 EELEC  =   -182825.5078  EHBOND  =         0.0000  RESTRAINT  =         0.0000
 ------------------------------------------------------------------------------

wrapping first mol.:      -29.97837      -42.39582       73.43173

 NSTEP =  1280000   TIME(PS) =  482599.998  TEMP(K) =   310.22  PRESS =     0.0
 Etot   =   -113607.7247  EKtot   =     31556.0000  EPtot      =   -145163.7247
 BOND   =       871.2813  ANGLE   =      2158.6427  DIHED      =      1353.4194
 UB     =         0.0000  IMP     =         0.0000  CMAP       =       232.6280
 1-4 NB =      1011.6026  1-4 EEL =     15184.0231  VDWAALS    =     17336.4542
 EELEC  =   -183311.7760  EHBOND  =         0.0000  RESTRAINT  =         0.0000
 ------------------------------------------------------------------------------

wrapping first mol.:      -29.97837      -42.39582       73.43173

 NSTEP =  1300000   TIME(PS) =  482639.998  TEMP(K) =   310.44  PRESS =     0.0
 Etot   =   -113774.7319  EKtot   =     31578.5488  EPtot      =   -145353.2807
 BOND   =       871.3353  ANGLE   =      2126.3461  DIHED      =      1391.4018
 UB     =         0.0000  IMP     =         0.0000  CMAP       =       209.2641
 1-4 NB =      1002.4768  1-4 EEL =     15119.8834  VDWAALS    =     17650.7444
 EELEC  =   -183724.7326  EHBOND  =         0.0000  RESTRAINT  =         0.0000
 ------------------------------------------------------------------------------

wrapping first mol.:      -29.97837      -42.39582       73.43173

 NSTEP =  1320000   TIME(PS) =  482679.998  TEMP(K) =   311.52  PRESS =     0.0
 Etot   =   -113438.8292  EKtot   =     31689.0234  EPtot      =   -145127.8527
 BOND   =       821.6994  ANGLE   =      2150.9544  DIHED      =      1360.4068
 UB     =         0.0000  IMP     =         0.0000  CMAP       =       220.1460
 1-4 NB =      1016.1609  1-4 EEL =     15171.2831  VDWAALS    =     17599.6622
 EELEC  =   -183468.1654  EHBOND  =         0.0000  RESTRAINT  =         0.0000
 ------------------------------------------------------------------------------

wrapping first mol.:      -29.97837      -42.39582       73.43173

 NSTEP =  1340000   TIME(PS) =  482719.998  TEMP(K) =   311.04  PRESS =     0.0
 Etot   =   -113493.6926  EKtot   =     31639.8984  EPtot      =   -145133.5910
 BOND   =       862.2163  ANGLE   =      2174.5108  DIHED      =      1335.8774
 UB     =         0.0000  IMP     =         0.0000  CMAP       =       202.6274
 1-4 NB =      1009.2441  1-4 EEL =     15128.4653  VDWAALS    =     17066.1501
 EELEC  =   -182912.6824  EHBOND  =         0.0000  RESTRAINT  =         0.0000
 ------------------------------------------------------------------------------

wrapping first mol.:      -29.97837      -42.39582       73.43173

 NSTEP =  1360000   TIME(PS) =  482759.998  TEMP(K) =   310.27  PRESS =     0.0
 Etot   =   -113482.2930  EKtot   =     31561.0410  EPtot      =   -145043.3340
 BOND   =       847.2446  ANGLE   =      2145.1396  DIHED      =      1373.6463
 UB     =         0.0000  IMP     =         0.0000  CMAP       =       233.3432
 1-4 NB =      1017.1453  1-4 EEL =     15115.0455  VDWAALS    =     17189.8697
 EELEC  =   -182964.7681  EHBOND  =         0.0000  RESTRAINT  =         0.0000
 ------------------------------------------------------------------------------

wrapping first mol.:      -29.97837      -42.39582       73.43173

 NSTEP =  1380000   TIME(PS) =  482799.998  TEMP(K) =   309.78  PRESS =     0.0
 Etot   =   -113454.6662  EKtot   =     31511.4648  EPtot      =   -144966.1311
 BOND   =       867.5035  ANGLE   =      2095.8980  DIHED      =      1319.6379
 UB     =         0.0000  IMP     =         0.0000  CMAP       =       219.1561
 1-4 NB =       995.0534  1-4 EEL =     15132.3442  VDWAALS    =     17407.3309
 EELEC  =   -183003.0550  EHBOND  =         0.0000  RESTRAINT  =         0.0000
 ------------------------------------------------------------------------------

wrapping first mol.:      -29.97837      -42.39582       73.43173

 NSTEP =  1400000   TIME(PS) =  482839.998  TEMP(K) =   310.92  PRESS =     0.0
 Etot   =   -113587.0527  EKtot   =     31627.4805  EPtot      =   -145214.5332
 BOND   =       844.7308  ANGLE   =      2118.7027  DIHED      =      1395.8834
 UB     =         0.0000  IMP     =         0.0000  CMAP       =       208.1328
 1-4 NB =      1008.1552  1-4 EEL =     15181.9434  VDWAALS    =     17221.6561
 EELEC  =   -183193.7375  EHBOND  =         0.0000  RESTRAINT  =         0.0000
 ------------------------------------------------------------------------------

wrapping first mol.:      -29.97837      -42.39582       73.43173

 NSTEP =  1420000   TIME(PS) =  482879.998  TEMP(K) =   310.52  PRESS =     0.0
 Etot   =   -113462.9337  EKtot   =     31586.4824  EPtot      =   -145049.4161
 BOND   =       847.5688  ANGLE   =      2164.6484  DIHED      =      1370.6624
 UB     =         0.0000  IMP     =         0.0000  CMAP       =       212.1006
 1-4 NB =      1009.2899  1-4 EEL =     15027.7151  VDWAALS    =     17180.0501
 EELEC  =   -182861.4515  EHBOND  =         0.0000  RESTRAINT  =         0.0000
 ------------------------------------------------------------------------------

wrapping first mol.:      -29.97837      -42.39582       73.43173

 NSTEP =  1440000   TIME(PS) =  482919.998  TEMP(K) =   312.00  PRESS =     0.0
 Etot   =   -113330.9675  EKtot   =     31737.1562  EPtot      =   -145068.1237
 BOND   =       866.6663  ANGLE   =      2127.6342  DIHED      =      1367.2280
 UB     =         0.0000  IMP     =         0.0000  CMAP       =       219.1303
 1-4 NB =      1007.0532  1-4 EEL =     15107.9024  VDWAALS    =     17328.6856
 EELEC  =   -183092.4236  EHBOND  =         0.0000  RESTRAINT  =         0.0000
 ------------------------------------------------------------------------------

wrapping first mol.:      -29.97837      -42.39582       73.43173

 NSTEP =  1460000   TIME(PS) =  482959.998  TEMP(K) =   310.94  PRESS =     0.0
 Etot   =   -113719.8362  EKtot   =     31629.4883  EPtot      =   -145349.3245
 BOND   =       897.7297  ANGLE   =      2189.3844  DIHED      =      1353.2970
 UB     =         0.0000  IMP     =         0.0000  CMAP       =       211.7076
 1-4 NB =       986.0614  1-4 EEL =     15036.3033  VDWAALS    =     17156.0163
 EELEC  =   -183179.8242  EHBOND  =         0.0000  RESTRAINT  =         0.0000
 ------------------------------------------------------------------------------

wrapping first mol.:      -29.97837      -42.39582       73.43173

 NSTEP =  1480000   TIME(PS) =  482999.998  TEMP(K) =   309.85  PRESS =     0.0
 Etot   =   -113485.5871  EKtot   =     31518.5293  EPtot      =   -145004.1164
 BOND   =       884.4016  ANGLE   =      2162.5403  DIHED      =      1357.5080
 UB     =         0.0000  IMP     =         0.0000  CMAP       =       235.4766
 1-4 NB =       989.5081  1-4 EEL =     15140.3944  VDWAALS    =     17229.0699
 EELEC  =   -183003.0153  EHBOND  =         0.0000  RESTRAINT  =         0.0000
 ------------------------------------------------------------------------------

wrapping first mol.:      -29.97837      -42.39582       73.43173

 NSTEP =  1500000   TIME(PS) =  483039.998  TEMP(K) =   308.18  PRESS =     0.0
 Etot   =   -113497.7077  EKtot   =     31349.1426  EPtot      =   -144846.8503
 BOND   =       887.2127  ANGLE   =      2209.1351  DIHED      =      1355.5811
 UB     =         0.0000  IMP     =         0.0000  CMAP       =       222.2888
 1-4 NB =       966.8922  1-4 EEL =     15018.0093  VDWAALS    =     17152.8341
 EELEC  =   -182658.8036  EHBOND  =         0.0000  RESTRAINT  =         0.0000
 ------------------------------------------------------------------------------

wrapping first mol.:      -29.97837      -42.39582       73.43173

 NSTEP =  1520000   TIME(PS) =  483079.998  TEMP(K) =   311.82  PRESS =     0.0
 Etot   =   -113408.1823  EKtot   =     31719.1484  EPtot      =   -145127.3307
 BOND   =       852.8777  ANGLE   =      2226.5226  DIHED      =      1346.1771
 UB     =         0.0000  IMP     =         0.0000  CMAP       =       215.8363
 1-4 NB =      1005.6987  1-4 EEL =     15156.6953  VDWAALS    =     17203.6836
 EELEC  =   -183134.8221  EHBOND  =         0.0000  RESTRAINT  =         0.0000
 ------------------------------------------------------------------------------

wrapping first mol.:      -29.97837      -42.39582       73.43173

 NSTEP =  1540000   TIME(PS) =  483119.998  TEMP(K) =   310.43  PRESS =     0.0
 Etot   =   -113575.3360  EKtot   =     31577.9746  EPtot      =   -145153.3106
 BOND   =       850.8020  ANGLE   =      2184.4623  DIHED      =      1355.7364
 UB     =         0.0000  IMP     =         0.0000  CMAP       =       223.9050
 1-4 NB =      1003.0714  1-4 EEL =     15149.8985  VDWAALS    =     17439.7258
 EELEC  =   -183360.9119  EHBOND  =         0.0000  RESTRAINT  =         0.0000
 ------------------------------------------------------------------------------

wrapping first mol.:      -29.97837      -42.39582       73.43173

 NSTEP =  1560000   TIME(PS) =  483159.998  TEMP(K) =   308.23  PRESS =     0.0
 Etot   =   -113711.4214  EKtot   =     31353.5684  EPtot      =   -145064.9898
 BOND   =       880.2810  ANGLE   =      2156.6140  DIHED      =      1382.0564
 UB     =         0.0000  IMP     =         0.0000  CMAP       =       209.2335
 1-4 NB =       990.7513  1-4 EEL =     15072.2634  VDWAALS    =     17100.2169
 EELEC  =   -182856.4063  EHBOND  =         0.0000  RESTRAINT  =         0.0000
 ------------------------------------------------------------------------------

wrapping first mol.:      -29.97837      -42.39582       73.43173

 NSTEP =  1580000   TIME(PS) =  483199.998  TEMP(K) =   311.55  PRESS =     0.0
 Etot   =   -113970.2831  EKtot   =     31691.4219  EPtot      =   -145661.7050
 BOND   =       868.0451  ANGLE   =      2172.1977  DIHED      =      1353.9439
 UB     =         0.0000  IMP     =         0.0000  CMAP       =       192.8061
 1-4 NB =       994.6243  1-4 EEL =     15184.4939  VDWAALS    =     17731.0936
 EELEC  =   -184158.9097  EHBOND  =         0.0000  RESTRAINT  =         0.0000
 ------------------------------------------------------------------------------

wrapping first mol.:      -29.97837      -42.39582       73.43173

 NSTEP =  1600000   TIME(PS) =  483239.998  TEMP(K) =   310.66  PRESS =     0.0
 Etot   =   -113516.7176  EKtot   =     31601.2637  EPtot      =   -145117.9813
 BOND   =       821.4717  ANGLE   =      2208.0075  DIHED      =      1377.0815
 UB     =         0.0000  IMP     =         0.0000  CMAP       =       210.4576
 1-4 NB =       997.1458  1-4 EEL =     15158.6454  VDWAALS    =     17299.0596
 EELEC  =   -183189.8504  EHBOND  =         0.0000  RESTRAINT  =         0.0000
 ------------------------------------------------------------------------------

wrapping first mol.:      -29.97837      -42.39582       73.43173

 NSTEP =  1620000   TIME(PS) =  483279.998  TEMP(K) =   309.87  PRESS =     0.0
 Etot   =   -113739.0145  EKtot   =     31521.0820  EPtot      =   -145260.0965
 BOND   =       887.3166  ANGLE   =      2164.9395  DIHED      =      1356.6815
 UB     =         0.0000  IMP     =         0.0000  CMAP       =       220.9731
 1-4 NB =       992.0382  1-4 EEL =     15171.2101  VDWAALS    =     17575.1533
 EELEC  =   -183628.4088  EHBOND  =         0.0000  RESTRAINT  =         0.0000
 ------------------------------------------------------------------------------

wrapping first mol.:      -29.97837      -42.39582       73.43173

 NSTEP =  1640000   TIME(PS) =  483319.998  TEMP(K) =   308.93  PRESS =     0.0
 Etot   =   -113787.9277  EKtot   =     31425.1309  EPtot      =   -145213.0586
 BOND   =       867.0195  ANGLE   =      2151.3811  DIHED      =      1379.8278
 UB     =         0.0000  IMP     =         0.0000  CMAP       =       212.6457
 1-4 NB =      1008.9905  1-4 EEL =     15065.2281  VDWAALS    =     17195.0347
 EELEC  =   -183093.1860  EHBOND  =         0.0000  RESTRAINT  =         0.0000
 ------------------------------------------------------------------------------

wrapping first mol.:      -29.97837      -42.39582       73.43173

 NSTEP =  1660000   TIME(PS) =  483359.998  TEMP(K) =   308.72  PRESS =     0.0
 Etot   =   -113675.5706  EKtot   =     31403.6914  EPtot      =   -145079.2620
 BOND   =       877.9101  ANGLE   =      2187.9592  DIHED      =      1358.1058
 UB     =         0.0000  IMP     =         0.0000  CMAP       =       211.5286
 1-4 NB =       989.5051  1-4 EEL =     15098.9566  VDWAALS    =     17302.5390
 EELEC  =   -183105.7663  EHBOND  =         0.0000  RESTRAINT  =         0.0000
 ------------------------------------------------------------------------------

wrapping first mol.:      -29.97837      -42.39582       73.43173

 NSTEP =  1680000   TIME(PS) =  483399.998  TEMP(K) =   308.67  PRESS =     0.0
 Etot   =   -113784.2656  EKtot   =     31398.3027  EPtot      =   -145182.5684
 BOND   =       873.5624  ANGLE   =      2175.4642  DIHED      =      1362.8849
 UB     =         0.0000  IMP     =         0.0000  CMAP       =       213.3562
 1-4 NB =      1027.5271  1-4 EEL =     15100.1696  VDWAALS    =     17351.8957
 EELEC  =   -183287.4285  EHBOND  =         0.0000  RESTRAINT  =         0.0000
 ------------------------------------------------------------------------------

wrapping first mol.:      -29.97837      -42.39582       73.43173

 NSTEP =  1700000   TIME(PS) =  483439.998  TEMP(K) =   309.24  PRESS =     0.0
 Etot   =   -113644.1517  EKtot   =     31456.5938  EPtot      =   -145100.7454
 BOND   =       883.8003  ANGLE   =      2095.6249  DIHED      =      1367.5016
 UB     =         0.0000  IMP     =         0.0000  CMAP       =       205.9186
 1-4 NB =       998.3385  1-4 EEL =     15089.8010  VDWAALS    =     16898.4547
 EELEC  =   -182640.1849  EHBOND  =         0.0000  RESTRAINT  =         0.0000
 ------------------------------------------------------------------------------

wrapping first mol.:      -29.97837      -42.39582       73.43173

 NSTEP =  1720000   TIME(PS) =  483479.998  TEMP(K) =   312.14  PRESS =     0.0
 Etot   =   -113272.5506  EKtot   =     31751.3945  EPtot      =   -145023.9451
 BOND   =       863.0105  ANGLE   =      2147.5674  DIHED      =      1356.5565
 UB     =         0.0000  IMP     =         0.0000  CMAP       =       219.6433
 1-4 NB =       985.2780  1-4 EEL =     15048.9742  VDWAALS    =     17142.2252
 EELEC  =   -182787.2001  EHBOND  =         0.0000  RESTRAINT  =         0.0000
 ------------------------------------------------------------------------------

wrapping first mol.:      -29.97837      -42.39582       73.43173

 NSTEP =  1740000   TIME(PS) =  483519.998  TEMP(K) =   311.63  PRESS =     0.0
 Etot   =   -113151.4808  EKtot   =     31699.3242  EPtot      =   -144850.8050
 BOND   =       869.8791  ANGLE   =      2159.0230  DIHED      =      1362.6133
 UB     =         0.0000  IMP     =         0.0000  CMAP       =       219.8679
 1-4 NB =       987.9946  1-4 EEL =     15147.9286  VDWAALS    =     17238.6880
 EELEC  =   -182836.7995  EHBOND  =         0.0000  RESTRAINT  =         0.0000
 ------------------------------------------------------------------------------

wrapping first mol.:      -29.97837      -42.39582       73.43173

 NSTEP =  1760000   TIME(PS) =  483559.998  TEMP(K) =   307.91  PRESS =     0.0
 Etot   =   -113849.1922  EKtot   =     31320.8770  EPtot      =   -145170.0691
 BOND   =       796.6954  ANGLE   =      2196.8679  DIHED      =      1329.0843
 UB     =         0.0000  IMP     =         0.0000  CMAP       =       220.4101
 1-4 NB =      1002.2485  1-4 EEL =     15170.3637  VDWAALS    =     17481.1811
 EELEC  =   -183366.9201  EHBOND  =         0.0000  RESTRAINT  =         0.0000
 ------------------------------------------------------------------------------

wrapping first mol.:      -29.97837      -42.39582       73.43173

 NSTEP =  1780000   TIME(PS) =  483599.998  TEMP(K) =   311.20  PRESS =     0.0
 Etot   =   -113339.7109  EKtot   =     31655.6074  EPtot      =   -144995.3183
 BOND   =       857.2249  ANGLE   =      2164.6978  DIHED      =      1352.2017
 UB     =         0.0000  IMP     =         0.0000  CMAP       =       209.8308
 1-4 NB =       989.9466  1-4 EEL =     15159.8586  VDWAALS    =     17024.7414
 EELEC  =   -182753.8200  EHBOND  =         0.0000  RESTRAINT  =         0.0000
 ------------------------------------------------------------------------------

wrapping first mol.:      -29.97837      -42.39582       73.43173

 NSTEP =  1800000   TIME(PS) =  483639.998  TEMP(K) =   312.27  PRESS =     0.0
 Etot   =   -113484.4096  EKtot   =     31765.0234  EPtot      =   -145249.4330
 BOND   =       861.3936  ANGLE   =      2190.1557  DIHED      =      1354.0242
 UB     =         0.0000  IMP     =         0.0000  CMAP       =       208.6375
 1-4 NB =       986.3479  1-4 EEL =     15037.1085  VDWAALS    =     17266.9711
 EELEC  =   -183154.0715  EHBOND  =         0.0000  RESTRAINT  =         0.0000
 ------------------------------------------------------------------------------

wrapping first mol.:      -29.97837      -42.39582       73.43173

 NSTEP =  1820000   TIME(PS) =  483679.998  TEMP(K) =   310.11  PRESS =     0.0
 Etot   =   -114130.3387  EKtot   =     31545.4980  EPtot      =   -145675.8367
 BOND   =       817.6407  ANGLE   =      2156.7765  DIHED      =      1413.5676
 UB     =         0.0000  IMP     =         0.0000  CMAP       =       197.4082
 1-4 NB =       980.0047  1-4 EEL =     15068.2823  VDWAALS    =     17556.4139
 EELEC  =   -183865.9306  EHBOND  =         0.0000  RESTRAINT  =         0.0000
 ------------------------------------------------------------------------------

wrapping first mol.:      -29.97837      -42.39582       73.43173

 NSTEP =  1840000   TIME(PS) =  483719.998  TEMP(K) =   308.75  PRESS =     0.0
 Etot   =   -113959.5642  EKtot   =     31406.3438  EPtot      =   -145365.9079
 BOND   =       857.0576  ANGLE   =      2147.7510  DIHED      =      1357.7033
 UB     =         0.0000  IMP     =         0.0000  CMAP       =       206.7723
 1-4 NB =      1012.0365  1-4 EEL =     15109.7781  VDWAALS    =     17385.5636
 EELEC  =   -183442.5702  EHBOND  =         0.0000  RESTRAINT  =         0.0000
 ------------------------------------------------------------------------------

wrapping first mol.:      -29.97837      -42.39582       73.43173

 NSTEP =  1860000   TIME(PS) =  483759.998  TEMP(K) =   309.96  PRESS =     0.0
 Etot   =   -112958.6963  EKtot   =     31530.1074  EPtot      =   -144488.8037
 BOND   =       876.4746  ANGLE   =      2168.0311  DIHED      =      1395.5161
 UB     =         0.0000  IMP     =         0.0000  CMAP       =       211.6313
 1-4 NB =       976.9951  1-4 EEL =     15114.4121  VDWAALS    =     17357.8600
 EELEC  =   -182589.7241  EHBOND  =         0.0000  RESTRAINT  =         0.0000
 ------------------------------------------------------------------------------

wrapping first mol.:      -29.97837      -42.39582       73.43173

 NSTEP =  1880000   TIME(PS) =  483799.998  TEMP(K) =   310.66  PRESS =     0.0
 Etot   =   -113515.6112  EKtot   =     31600.7266  EPtot      =   -145116.3377
 BOND   =       844.1380  ANGLE   =      2214.8960  DIHED      =      1370.5486
 UB     =         0.0000  IMP     =         0.0000  CMAP       =       205.3163
 1-4 NB =       986.6678  1-4 EEL =     15138.9565  VDWAALS    =     17343.7533
 EELEC  =   -183220.6141  EHBOND  =         0.0000  RESTRAINT  =         0.0000
 ------------------------------------------------------------------------------

wrapping first mol.:      -29.97837      -42.39582       73.43173

 NSTEP =  1900000   TIME(PS) =  483839.998  TEMP(K) =   310.25  PRESS =     0.0
 Etot   =   -113455.9967  EKtot   =     31559.7070  EPtot      =   -145015.7038
 BOND   =       864.2275  ANGLE   =      2198.4850  DIHED      =      1363.6354
 UB     =         0.0000  IMP     =         0.0000  CMAP       =       213.6588
 1-4 NB =      1012.7717  1-4 EEL =     15153.2369  VDWAALS    =     17413.4732
 EELEC  =   -183235.1922  EHBOND  =         0.0000  RESTRAINT  =         0.0000
 ------------------------------------------------------------------------------

wrapping first mol.:      -29.97837      -42.39582       73.43173

 NSTEP =  1920000   TIME(PS) =  483879.998  TEMP(K) =   308.86  PRESS =     0.0
 Etot   =   -113657.9847  EKtot   =     31417.9180  EPtot      =   -145075.9027
 BOND   =       891.5434  ANGLE   =      2170.9865  DIHED      =      1359.5398
 UB     =         0.0000  IMP     =         0.0000  CMAP       =       208.3238
 1-4 NB =      1001.9715  1-4 EEL =     15163.2903  VDWAALS    =     17273.9556
 EELEC  =   -183145.5135  EHBOND  =         0.0000  RESTRAINT  =         0.0000
 ------------------------------------------------------------------------------

wrapping first mol.:      -29.97837      -42.39582       73.43173

 NSTEP =  1940000   TIME(PS) =  483919.998  TEMP(K) =   311.42  PRESS =     0.0
 Etot   =   -113759.4921  EKtot   =     31678.7578  EPtot      =   -145438.2499
 BOND   =       895.8935  ANGLE   =      2114.6606  DIHED      =      1387.9891
 UB     =         0.0000  IMP     =         0.0000  CMAP       =       214.9682
 1-4 NB =      1011.2244  1-4 EEL =     15137.2193  VDWAALS    =     17338.2002
 EELEC  =   -183538.4052  EHBOND  =         0.0000  RESTRAINT  =         0.0000
 ------------------------------------------------------------------------------

wrapping first mol.:      -29.97837      -42.39582       73.43173

 NSTEP =  1960000   TIME(PS) =  483959.998  TEMP(K) =   309.43  PRESS =     0.0
 Etot   =   -113808.8554  EKtot   =     31475.6895  EPtot      =   -145284.5449
 BOND   =       858.8209  ANGLE   =      2115.2296  DIHED      =      1332.4376
 UB     =         0.0000  IMP     =         0.0000  CMAP       =       213.3564
 1-4 NB =      1005.2654  1-4 EEL =     15095.8108  VDWAALS    =     17219.5922
 EELEC  =   -183125.0578  EHBOND  =         0.0000  RESTRAINT  =         0.0000
 ------------------------------------------------------------------------------

wrapping first mol.:      -29.97837      -42.39582       73.43173

 NSTEP =  1980000   TIME(PS) =  483999.998  TEMP(K) =   310.37  PRESS =     0.0
 Etot   =   -113801.5973  EKtot   =     31571.2344  EPtot      =   -145372.8316
 BOND   =       798.2627  ANGLE   =      2106.8807  DIHED      =      1364.6473
 UB     =         0.0000  IMP     =         0.0000  CMAP       =       189.1378
 1-4 NB =      1020.1554  1-4 EEL =     15158.8842  VDWAALS    =     17199.5454
 EELEC  =   -183210.3450  EHBOND  =         0.0000  RESTRAINT  =         0.0000
 ------------------------------------------------------------------------------

wrapping first mol.:      -29.97837      -42.39582       73.43173

 NSTEP =  2000000   TIME(PS) =  484039.998  TEMP(K) =   310.01  PRESS =     0.0
 Etot   =   -113739.8053  EKtot   =     31534.8047  EPtot      =   -145274.6100
 BOND   =       844.2105  ANGLE   =      2193.0738  DIHED      =      1356.1319
 UB     =         0.0000  IMP     =         0.0000  CMAP       =       201.2341
 1-4 NB =      1011.0496  1-4 EEL =     15083.5228  VDWAALS    =     17263.3069
 EELEC  =   -183227.1396  EHBOND  =         0.0000  RESTRAINT  =         0.0000
 ------------------------------------------------------------------------------

wrapping first mol.:      -29.97837      -42.39582       73.43173

 NSTEP =  2020000   TIME(PS) =  484079.998  TEMP(K) =   308.82  PRESS =     0.0
 Etot   =   -114005.5986  EKtot   =     31413.5762  EPtot      =   -145419.1748
 BOND   =       857.1759  ANGLE   =      2118.4237  DIHED      =      1324.6956
 UB     =         0.0000  IMP     =         0.0000  CMAP       =       187.0996
 1-4 NB =      1017.9108  1-4 EEL =     15097.7105  VDWAALS    =     17194.7952
 EELEC  =   -183216.9861  EHBOND  =         0.0000  RESTRAINT  =         0.0000
 ------------------------------------------------------------------------------

wrapping first mol.:      -29.97837      -42.39582       73.43173

 NSTEP =  2040000   TIME(PS) =  484119.998  TEMP(K) =   311.35  PRESS =     0.0
 Etot   =   -113170.9495  EKtot   =     31671.1719  EPtot      =   -144842.1214
 BOND   =       875.3658  ANGLE   =      2123.4275  DIHED      =      1344.1078
 UB     =         0.0000  IMP     =         0.0000  CMAP       =       226.6665
 1-4 NB =       999.4103  1-4 EEL =     15085.5903  VDWAALS    =     17167.5977
 EELEC  =   -182664.2873  EHBOND  =         0.0000  RESTRAINT  =         0.0000
 ------------------------------------------------------------------------------

wrapping first mol.:      -29.97837      -42.39582       73.43173

 NSTEP =  2060000   TIME(PS) =  484159.998  TEMP(K) =   310.86  PRESS =     0.0
 Etot   =   -113664.0235  EKtot   =     31621.7305  EPtot      =   -145285.7539
 BOND   =       791.5559  ANGLE   =      2167.4262  DIHED      =      1365.1245
 UB     =         0.0000  IMP     =         0.0000  CMAP       =       217.2320
 1-4 NB =      1003.5248  1-4 EEL =     15089.3037  VDWAALS    =     16948.5743
 EELEC  =   -182868.4953  EHBOND  =         0.0000  RESTRAINT  =         0.0000
 ------------------------------------------------------------------------------

wrapping first mol.:      -29.97837      -42.39582       73.43173

 NSTEP =  2080000   TIME(PS) =  484199.998  TEMP(K) =   310.45  PRESS =     0.0
 Etot   =   -113485.0108  EKtot   =     31579.4805  EPtot      =   -145064.4912
 BOND   =       909.2182  ANGLE   =      2196.8824  DIHED      =      1367.6945
 UB     =         0.0000  IMP     =         0.0000  CMAP       =       218.8304
 1-4 NB =       977.7188  1-4 EEL =     15110.8684  VDWAALS    =     17678.2880
 EELEC  =   -183523.9919  EHBOND  =         0.0000  RESTRAINT  =         0.0000
 ------------------------------------------------------------------------------


 NSTEP =  2100000   TIME(PS) =  484239.998  TEMP(K) =   308.27  PRESS =     0.0
 Etot   =   -113738.0271  EKtot   =     31358.1133  EPtot      =   -145096.1404
 BOND   =       847.0069  ANGLE   =      2233.3552  DIHED      =      1389.9051
 UB     =         0.0000  IMP     =         0.0000  CMAP       =       203.5197
 1-4 NB =      1015.4407  1-4 EEL =     15117.8594  VDWAALS    =     17178.8795
 EELEC  =   -183082.1070  EHBOND  =         0.0000  RESTRAINT  =         0.0000
 ------------------------------------------------------------------------------

wrapping first mol.:      -29.97837      -42.39582       73.43173

 NSTEP =  2120000   TIME(PS) =  484279.998  TEMP(K) =   311.07  PRESS =     0.0
 Etot   =   -113236.4687  EKtot   =     31643.1641  EPtot      =   -144879.6328
 BOND   =       869.2182  ANGLE   =      2164.2468  DIHED      =      1426.7015
 UB     =         0.0000  IMP     =         0.0000  CMAP       =       202.5174
 1-4 NB =       986.1296  1-4 EEL =     15121.7937  VDWAALS    =     17129.2669
 EELEC  =   -182779.5069  EHBOND  =         0.0000  RESTRAINT  =         0.0000
 ------------------------------------------------------------------------------

wrapping first mol.:      -29.97837      -42.39582       73.43173

 NSTEP =  2140000   TIME(PS) =  484319.998  TEMP(K) =   311.58  PRESS =     0.0
 Etot   =   -113509.4668  EKtot   =     31694.4062  EPtot      =   -145203.8730
 BOND   =       828.2076  ANGLE   =      2174.4411  DIHED      =      1338.5841
 UB     =         0.0000  IMP     =         0.0000  CMAP       =       217.4211
 1-4 NB =      1014.8749  1-4 EEL =     15114.1180  VDWAALS    =     17251.8627
 EELEC  =   -183143.3824  EHBOND  =         0.0000  RESTRAINT  =         0.0000
 ------------------------------------------------------------------------------

wrapping first mol.:      -29.97837      -42.39582       73.43173

 NSTEP =  2160000   TIME(PS) =  484359.998  TEMP(K) =   312.97  PRESS =     0.0
 Etot   =   -113383.2192  EKtot   =     31836.5449  EPtot      =   -145219.7641
 BOND   =       863.5694  ANGLE   =      2125.5622  DIHED      =      1348.0498
 UB     =         0.0000  IMP     =         0.0000  CMAP       =       201.0226
 1-4 NB =      1017.2697  1-4 EEL =     15169.6225  VDWAALS    =     17088.1674
 EELEC  =   -183033.0278  EHBOND  =         0.0000  RESTRAINT  =         0.0000
 ------------------------------------------------------------------------------


 NSTEP =  2180000   TIME(PS) =  484399.998  TEMP(K) =   310.53  PRESS =     0.0
 Etot   =   -113636.0480  EKtot   =     31588.2441  EPtot      =   -145224.2921
 BOND   =       852.9361  ANGLE   =      2119.4731  DIHED      =      1370.7481
 UB     =         0.0000  IMP     =         0.0000  CMAP       =       205.2891
 1-4 NB =      1014.3473  1-4 EEL =     15118.5912  VDWAALS    =     17139.2379
 EELEC  =   -183044.9150  EHBOND  =         0.0000  RESTRAINT  =         0.0000
 ------------------------------------------------------------------------------


 NSTEP =  2200000   TIME(PS) =  484439.998  TEMP(K) =   311.21  PRESS =     0.0
 Etot   =   -113396.0498  EKtot   =     31656.9766  EPtot      =   -145053.0263
 BOND   =       915.2309  ANGLE   =      2168.9817  DIHED      =      1358.7988
 UB     =         0.0000  IMP     =         0.0000  CMAP       =       194.1382
 1-4 NB =       978.5990  1-4 EEL =     15105.7608  VDWAALS    =     17237.9251
 EELEC  =   -183012.4608  EHBOND  =         0.0000  RESTRAINT  =         0.0000
 ------------------------------------------------------------------------------


 NSTEP =  2220000   TIME(PS) =  484479.998  TEMP(K) =   308.80  PRESS =     0.0
 Etot   =   -114096.7584  EKtot   =     31411.8789  EPtot      =   -145508.6373
 BOND   =       894.1340  ANGLE   =      2154.9276  DIHED      =      1340.3249
 UB     =         0.0000  IMP     =         0.0000  CMAP       =       216.3603
 1-4 NB =       974.8030  1-4 EEL =     15041.7670  VDWAALS    =     17674.3785
 EELEC  =   -183805.3326  EHBOND  =         0.0000  RESTRAINT  =         0.0000
 ------------------------------------------------------------------------------

wrapping first mol.:      -29.97837      -42.39582       73.43173

 NSTEP =  2240000   TIME(PS) =  484519.998  TEMP(K) =   308.95  PRESS =     0.0
 Etot   =   -113389.7103  EKtot   =     31427.2031  EPtot      =   -144816.9134
 BOND   =       869.8153  ANGLE   =      2151.4166  DIHED      =      1380.1304
 UB     =         0.0000  IMP     =         0.0000  CMAP       =       214.6394
 1-4 NB =      1001.0736  1-4 EEL =     15016.9728  VDWAALS    =     17343.4147
 EELEC  =   -182794.3761  EHBOND  =         0.0000  RESTRAINT  =         0.0000
 ------------------------------------------------------------------------------


 NSTEP =  2260000   TIME(PS) =  484559.998  TEMP(K) =   309.25  PRESS =     0.0
 Etot   =   -113636.2796  EKtot   =     31457.9941  EPtot      =   -145094.2738
 BOND   =       916.1755  ANGLE   =      2223.0107  DIHED      =      1337.9555
 UB     =         0.0000  IMP     =         0.0000  CMAP       =       218.8513
 1-4 NB =      1005.4859  1-4 EEL =     15020.1252  VDWAALS    =     17358.5905
 EELEC  =   -183174.4683  EHBOND  =         0.0000  RESTRAINT  =         0.0000
 ------------------------------------------------------------------------------


 NSTEP =  2280000   TIME(PS) =  484599.998  TEMP(K) =   311.91  PRESS =     0.0
 Etot   =   -113644.6034  EKtot   =     31728.0645  EPtot      =   -145372.6678
 BOND   =       866.4058  ANGLE   =      2121.7377  DIHED      =      1353.5596
 UB     =         0.0000  IMP     =         0.0000  CMAP       =       207.1318
 1-4 NB =      1018.0667  1-4 EEL =     15017.9916  VDWAALS    =     17469.8757
 EELEC  =   -183427.4366  EHBOND  =         0.0000  RESTRAINT  =         0.0000
 ------------------------------------------------------------------------------

wrapping first mol.:      -29.97837      -42.39582       73.43173

 NSTEP =  2300000   TIME(PS) =  484639.998  TEMP(K) =   309.86  PRESS =     0.0
 Etot   =   -113670.3662  EKtot   =     31519.7207  EPtot      =   -145190.0869
 BOND   =       879.1498  ANGLE   =      2129.2582  DIHED      =      1339.8631
 UB     =         0.0000  IMP     =         0.0000  CMAP       =       202.9703
 1-4 NB =      1009.1755  1-4 EEL =     15056.9198  VDWAALS    =     16982.6054
 EELEC  =   -182790.0290  EHBOND  =         0.0000  RESTRAINT  =         0.0000
 ------------------------------------------------------------------------------

wrapping first mol.:      -29.97837      -42.39582       73.43173

 NSTEP =  2320000   TIME(PS) =  484679.998  TEMP(K) =   310.30  PRESS =     0.0
 Etot   =   -113959.6338  EKtot   =     31564.6836  EPtot      =   -145524.3173
 BOND   =       827.4921  ANGLE   =      2206.4265  DIHED      =      1350.8590
 UB     =         0.0000  IMP     =         0.0000  CMAP       =       190.3160
 1-4 NB =       993.4950  1-4 EEL =     15108.6126  VDWAALS    =     17522.6913
 EELEC  =   -183724.2098  EHBOND  =         0.0000  RESTRAINT  =         0.0000
 ------------------------------------------------------------------------------

wrapping first mol.:      -29.97837      -42.39582       73.43173

 NSTEP =  2340000   TIME(PS) =  484719.998  TEMP(K) =   309.63  PRESS =     0.0
 Etot   =   -113928.1959  EKtot   =     31495.8047  EPtot      =   -145424.0006
 BOND   =       852.3585  ANGLE   =      2208.2561  DIHED      =      1331.2225
 UB     =         0.0000  IMP     =         0.0000  CMAP       =       203.6636
 1-4 NB =       983.2055  1-4 EEL =     15049.5384  VDWAALS    =     17247.3434
 EELEC  =   -183299.5886  EHBOND  =         0.0000  RESTRAINT  =         0.0000
 ------------------------------------------------------------------------------

wrapping first mol.:      -29.97837      -42.39582       73.43173

 NSTEP =  2360000   TIME(PS) =  484759.998  TEMP(K) =   311.51  PRESS =     0.0
 Etot   =   -113121.5137  EKtot   =     31687.8242  EPtot      =   -144809.3379
 BOND   =       862.8230  ANGLE   =      2209.6443  DIHED      =      1345.0908
 UB     =         0.0000  IMP     =         0.0000  CMAP       =       189.1381
 1-4 NB =       993.5310  1-4 EEL =     15032.0841  VDWAALS    =     16814.0937
 EELEC  =   -182255.7430  EHBOND  =         0.0000  RESTRAINT  =         0.0000
 ------------------------------------------------------------------------------


 NSTEP =  2380000   TIME(PS) =  484799.998  TEMP(K) =   309.53  PRESS =     0.0
 Etot   =   -113780.8956  EKtot   =     31485.7832  EPtot      =   -145266.6788
 BOND   =       917.9920  ANGLE   =      2120.3736  DIHED      =      1366.4275
 UB     =         0.0000  IMP     =         0.0000  CMAP       =       203.1555
 1-4 NB =      1000.4101  1-4 EEL =     15055.4130  VDWAALS    =     17385.6825
 EELEC  =   -183316.1330  EHBOND  =         0.0000  RESTRAINT  =         0.0000
 ------------------------------------------------------------------------------


 NSTEP =  2400000   TIME(PS) =  484839.998  TEMP(K) =   309.14  PRESS =     0.0
 Etot   =   -113731.3722  EKtot   =     31446.9492  EPtot      =   -145178.3215
 BOND   =       856.2337  ANGLE   =      2158.4155  DIHED      =      1350.2092
 UB     =         0.0000  IMP     =         0.0000  CMAP       =       211.7308
 1-4 NB =      1003.0212  1-4 EEL =     15070.4386  VDWAALS    =     17359.6811
 EELEC  =   -183188.0515  EHBOND  =         0.0000  RESTRAINT  =         0.0000
 ------------------------------------------------------------------------------


 NSTEP =  2420000   TIME(PS) =  484879.998  TEMP(K) =   310.65  PRESS =     0.0
 Etot   =   -113557.0323  EKtot   =     31600.2793  EPtot      =   -145157.3116
 BOND   =       867.2590  ANGLE   =      2180.0952  DIHED      =      1344.3910
 UB     =         0.0000  IMP     =         0.0000  CMAP       =       222.5763
 1-4 NB =       986.7221  1-4 EEL =     15084.7888  VDWAALS    =     17471.9298
 EELEC  =   -183315.0738  EHBOND  =         0.0000  RESTRAINT  =         0.0000
 ------------------------------------------------------------------------------


 NSTEP =  2440000   TIME(PS) =  484919.998  TEMP(K) =   308.74  PRESS =     0.0
 Etot   =   -113831.5474  EKtot   =     31406.0488  EPtot      =   -145237.5963
 BOND   =       858.5637  ANGLE   =      2095.5361  DIHED      =      1323.7571
 UB     =         0.0000  IMP     =         0.0000  CMAP       =       221.7447
 1-4 NB =      1001.7110  1-4 EEL =     15115.0358  VDWAALS    =     17273.2756
 EELEC  =   -183127.2201  EHBOND  =         0.0000  RESTRAINT  =         0.0000
 ------------------------------------------------------------------------------


 NSTEP =  2460000   TIME(PS) =  484959.998  TEMP(K) =   305.96  PRESS =     0.0
 Etot   =   -114188.3825  EKtot   =     31123.3262  EPtot      =   -145311.7087
 BOND   =       879.9552  ANGLE   =      2161.1230  DIHED      =      1330.8231
 UB     =         0.0000  IMP     =         0.0000  CMAP       =       201.1939
 1-4 NB =      1003.9307  1-4 EEL =     15075.9847  VDWAALS    =     17160.3025
 EELEC  =   -183125.0219  EHBOND  =         0.0000  RESTRAINT  =         0.0000
 ------------------------------------------------------------------------------


 NSTEP =  2480000   TIME(PS) =  484999.998  TEMP(K) =   310.59  PRESS =     0.0
 Etot   =   -113306.4635  EKtot   =     31593.7305  EPtot      =   -144900.1940
 BOND   =       847.8922  ANGLE   =      2174.6362  DIHED      =      1333.4153
 UB     =         0.0000  IMP     =         0.0000  CMAP       =       210.3943
 1-4 NB =       995.0564  1-4 EEL =     15060.3376  VDWAALS    =     17043.7752
 EELEC  =   -182565.7011  EHBOND  =         0.0000  RESTRAINT  =         0.0000
 ------------------------------------------------------------------------------


 NSTEP =  2500000   TIME(PS) =  485039.998  TEMP(K) =   309.84  PRESS =     0.0
 Etot   =   -113566.8147  EKtot   =     31517.7773  EPtot      =   -145084.5920
 BOND   =       844.3784  ANGLE   =      2120.5842  DIHED      =      1330.2092
 UB     =         0.0000  IMP     =         0.0000  CMAP       =       224.1352
 1-4 NB =       994.8830  1-4 EEL =     14995.2812  VDWAALS    =     17117.3617
 EELEC  =   -182711.4248  EHBOND  =         0.0000  RESTRAINT  =         0.0000
 ------------------------------------------------------------------------------


      A V E R A G E S   O V E R     125 S T E P S


 NSTEP =  2500000   TIME(PS) =  485039.998  TEMP(K) =   310.21  PRESS =     0.0
 Etot   =   -113585.2310  EKtot   =     31554.9701  EPtot      =   -145140.2011
 BOND   =       860.4357  ANGLE   =      2158.1357  DIHED      =      1356.5583
 UB     =         0.0000  IMP     =         0.0000  CMAP       =       214.2437
 1-4 NB =      1000.7909  1-4 EEL =     15096.1617  VDWAALS    =     17242.3191
 EELEC  =   -183068.8462  EHBOND  =         0.0000  RESTRAINT  =         0.0000
 ------------------------------------------------------------------------------


      R M S  F L U C T U A T I O N S


 NSTEP =  2500000   TIME(PS) =  485039.998  TEMP(K) =     1.38  PRESS =     0.0
 Etot   =       269.2563  EKtot   =       140.6089  EPtot      =       216.4536
 BOND   =        25.6838  ANGLE   =        36.4591  DIHED      =        21.4632
 UB     =         0.0000  IMP     =         0.0000  CMAP       =        11.9238
 1-4 NB =        13.0941  1-4 EEL =        53.9478  VDWAALS    =       198.8326
 EELEC  =       338.2949  EHBOND  =         0.0000  RESTRAINT  =         0.0000
 ------------------------------------------------------------------------------

--------------------------------------------------------------------------------
   5.  TIMINGS
--------------------------------------------------------------------------------

|  NonSetup CPU Time in Major Routines:
|
|     Routine           Sec        %
|     ------------------------------
|     Nonbond         141.02   15.81
|     Bond              0.00    0.00
|     Angle             0.00    0.00
|     Dihedral          0.00    0.00
|     Shake             9.72    1.09
|     RunMD           738.95   82.85
|     Other             2.19    0.25
|     ------------------------------
|     Total           891.87

|  PME Nonbond Pairlist CPU Time:
|
|     Routine              Sec        %
|     ---------------------------------
|     Set Up Cit           0.00    0.00
|     Build List           0.00    0.00
|     ---------------------------------
|     Total                0.00    0.00

|  PME Direct Force CPU Time:
|
|     Routine              Sec        %
|     ---------------------------------
|     NonBonded Calc       0.00    0.00
|     Exclude Masked       0.00    0.00
|     Other                1.38    0.15
|     ---------------------------------
|     Total                1.38    0.15

|  PME Reciprocal Force CPU Time:
|
|     Routine              Sec        %
|     ---------------------------------
|     1D bspline           0.00    0.00
|     Grid Charges         0.00    0.00
|     Scalar Sum           0.00    0.00
|     Gradient Sum         0.00    0.00
|     FFT                  0.00    0.00
|     ---------------------------------
|     Total                0.00    0.00

|  Final Performance Info:
|     -----------------------------------------------------
|     Average timings for last  140000 steps:
|     Elapsed(s) =      50.16 Per Step(ms) =       0.36
|         ns/day =     482.27   seconds/ns =     179.15
|
|     Average timings for all steps:
|     Elapsed(s) =     893.28 Per Step(ms) =       0.36
|         ns/day =     483.61   seconds/ns =     178.66
|     -----------------------------------------------------

|  Setup CPU time:            0.90 seconds
|  NonSetup CPU time:       891.87 seconds
|  Total CPU time:          892.77 seconds     0.25 hours

|  Setup wall time:           2    seconds
|  NonSetup wall time:      893    seconds
|  Total wall time:         895    seconds     0.25 hours
