
          -------------------------------------------------------
          Amber 24 PMEMD                              2024
          -------------------------------------------------------

| PMEMD implementation of SANDER, Release 24

|  Compiled date/time: Thu Apr  3 17:55:38 2025
| Run on 11/08/2025 at 15:21:38

|   Executable path: pmemd.cuda_SPFP
| Working directory: /rs1/researchers/h/hall/vtnguye4/Amber_restart/cappedP1L38M/mdsimP1L38M/newP1L38Mcapped_Simulation3
|          Hostname: gpu19

  [-O]verwriting output

File Assignments:
|   MDIN: /rs1/researchers/h/hall/vtnguye4/Amber_restart/cappedP1L38M/mdsimP1L38
|  MDOUT: ./OUT_Files/equil31.out                                               
| INPCRD: ./RST_Files/equil30.rst7                                              
|   PARM: ./PRMTOP_Files/newP1L38Mcapped.prmtop                                 
| RESTRT: ./RST_Files/equil31.rst7                                              
|   REFC: refc                                                                  
|  MDVEL: mdvel                                                                 
|   MDEN: mden                                                                  
|  MDCRD: ./nc_Files/equil31.nc                                                 
| MDINFO: mdinfo                                                                
|  MDFRC: mdfrc                                                                 


 Here is the input file:

!Stage equilibration 5ns                                                       
&cntrl                                                                         
imin=0, irest=1, ntx=5,                                                        
nstlim=2500000, dt=0.002,                                                      
ntc=2, ntf=2, ig=-1,                                                           
ntt=3, gamma_ln=2.0,                                                           
tempi=310.0, temp0=310.0,                                                      
ntxo=2, ioutfm=1,                                                              
ntpr=20000, ntwx=20000,                                                        
ntb=1,                                                                         
cut=9.0,                                                                       
iwrap=1,                                                                       
/                                                                              


Note: ig = -1. Setting random seed to   175698 based on wallclock time in 
      microseconds.
| irandom = 1, using AMBER's internal random number generator (default).
 
|--------------------- INFORMATION ----------------------
| GPU (CUDA) Version of PMEMD in use: NVIDIA GPU IN USE.
|                    Version 18.0.0
| 
|                      03/25/2018
| 
| Implementation by:
|                    Ross C. Walker     (SDSC)
|                    Scott Le Grand     (nVIDIA)
| 
| Version 18 performance extensions by:
|                    David Cerutti     (Rutgers)
| 
| Precision model in use:
|      [SPFP] - Single Precision Forces, 64-bit Fixed Point
|               Accumulation. (Default)
| 
|--------------------------------------------------------
 
|----------------- CITATION INFORMATION -----------------
|
|    When publishing work that utilized the CUDA version
|    of AMBER, please cite the following in addition to
|    the regular AMBER citations:
|
|  - Romelia Salomon-Ferrer; Andreas W. Goetz; Duncan
|    Poole; Scott Le Grand; Ross C. Walker "Routine
|    microsecond molecular dynamics simulations with
|    AMBER - Part II: Particle Mesh Ewald", J. Chem.
|    Theory Comput., 2013, 9 (9), pp3878-3888,
|    DOI: 10.1021/ct400314y.
|
|  - Andreas W. Goetz; Mark J. Williamson; Dong Xu;
|    Duncan Poole; Scott Le Grand; Ross C. Walker
|    "Routine microsecond molecular dynamics simulations
|    with AMBER - Part I: Generalized Born", J. Chem.
|    Theory Comput., 2012, 8 (5), pp1542-1555.
|
|  - Scott Le Grand; Andreas W. Goetz; Ross C. Walker
|    "SPFP: Speed without compromise - a mixed precision
|    model for GPU accelerated molecular dynamics
|    simulations.", Comp. Phys. Comm., 2013, 184
|    pp374-380, DOI: 10.1016/j.cpc.2012.09.022
|
|--------------------------------------------------------
 
|------------------- GPU DEVICE INFO --------------------
|
|            CUDA_VISIBLE_DEVICES: 0
|   CUDA Capable Devices Detected:      1
|           CUDA Device ID in use:      0
|                CUDA Device Name: NVIDIA L40S
|     CUDA Device Global Mem Size:  45487 MB
| CUDA Device Num Multiprocessors:    142
|           CUDA Device Core Freq:   2.52 GHz
|
|--------------------------------------------------------
 
 
| Conditional Compilation Defines Used:
| PUBFFT
| BINTRAJ
| CUDA
| EMIL

| Largest sphere to fit in unit cell has radius =    36.716

| New format PARM file being parsed.
| Version =    1.000 Date = 10/30/25 Time = 23:32:29

| Note: 1-4 EEL scale factors are being read from the topology file.

| Note: 1-4 VDW scale factors are being read from the topology file.
| Duplicated    0 dihedrals

| Duplicated    0 dihedrals

--------------------------------------------------------------------------------
   1.  RESOURCE   USE: 
--------------------------------------------------------------------------------

 getting box info from netcdf restart file
 NATOM  =   50023 NTYPES =      12 NBONH =   47691 MBONA  =    2332
 NTHETH =    5236 MTHETA =    3080 NPHIH =   10252 MPHIA  =    9504
 NHPARM =       0 NPARM  =       0 NNB   =   84972 NRES   =   15501
 NBONA  =    2332 NTHETA =    3080 NPHIA =    9504 NUMBND =      29
 NUMANG =      57 NPTRA  =      64 NATYP =      17 NPHB   =       0
 IFBOX  =       2 NMXRS  =      21 IFCAP =       0 NEXTRA =       0
 NCOPY  =       0

| Coordinate Index Table dimensions:    15   15   15
| Direct force subcell size =     5.9957    5.9957    5.9957

     BOX TYPE: TRUNCATED OCTAHEDRON

--------------------------------------------------------------------------------
   2.  CONTROL  DATA  FOR  THE  RUN
--------------------------------------------------------------------------------

default_name                                                                    

General flags:
     imin    =       0, nmropt  =       0

Nature and format of input:
     ntx     =       5, irest   =       1, ntrx    =       1

Nature and format of output:
     ntxo    =       2, ntpr    =   20000, ntrx    =       1, ntwr    = 2500000
     iwrap   =       1, ntwx    =   20000, ntwv    =       0, ntwe    =       0
     ioutfm  =       1, ntwprt  =       0, idecomp =       0, rbornstat=      0

Potential function:
     ntf     =       2, ntb     =       1, igb     =       0, nsnb    =      25
     ipol    =       0, gbsa    =       0, iesp    =       0
     dielc   =   1.00000, cut     =   9.00000, intdiel =   1.00000

Frozen or restrained atoms:
     ibelly  =       0, ntr     =       0

Molecular dynamics:
     nstlim  =   2500000, nscm    =      1000, nrespa  =         1
     t       =   0.00000, dt      =   0.00200, vlimit  =  -1.00000

Langevin dynamics temperature regulation:
     ig      =  175698
     temp0   = 310.00000, tempi   = 310.00000, gamma_ln=   2.00000

SHAKE:
     ntc     =       2, jfastw  =       0
     tol     =   0.00001

| Intermolecular bonds treatment:
|     no_intermolecular_bonds =       1

| Energy averages sample interval:
|     ene_avg_sampling =   20000

Ewald parameters:
     verbose =       0, ew_type =       0, nbflag  =       1, use_pme =       1
     vdwmeth =       1, eedmeth =       1, netfrc  =       1
     Box X =   89.935   Box Y =   89.935   Box Z =   89.935
     Alpha =  109.471   Beta  =  109.471   Gamma =  109.471
     NFFT1 =   96       NFFT2 =   96       NFFT3 =   96
     Cutoff=    9.000   Tol   =0.100E-04
     Ewald Coefficient =  0.30768
     Interpolation order =    4

--------------------------------------------------------------------------------
   3.  ATOMIC COORDINATES AND VELOCITIES
--------------------------------------------------------------------------------

default_name                                                                    
 begin time read from input coords =150040.000 ps

 
 Number of triangulated 3-point waters found:    15105

     Sum of charges from parm topology file =  -0.00000043
     Forcing neutrality...

| Dynamic Memory, Types Used:
| Reals             1595957
| Integers          2018996

| Nonbonded Pairs Initial Allocation:    11405244

| GPU memory information (estimate):
| KB of GPU memory in use:    394016
| KB of CPU memory in use:    114218

--------------------------------------------------------------------------------
   4.  RESULTS
--------------------------------------------------------------------------------

wrapping first mol.:      -59.95674       42.39583       73.43173

 NSTEP =    20000   TIME(PS) =  150080.000  TEMP(K) =   309.51  PRESS =     0.0
 Etot   =   -113511.2638  EKtot   =     31484.1094  EPtot      =   -144995.3732
 BOND   =       860.7622  ANGLE   =      2182.7862  DIHED      =      1361.5643
 UB     =         0.0000  IMP     =         0.0000  CMAP       =       221.8958
 1-4 NB =       996.5862  1-4 EEL =     15168.3996  VDWAALS    =     17391.2489
 EELEC  =   -183178.6163  EHBOND  =         0.0000  RESTRAINT  =         0.0000
 ------------------------------------------------------------------------------

wrapping first mol.:      -59.95674       42.39583       73.43173

 NSTEP =    40000   TIME(PS) =  150120.000  TEMP(K) =   307.46  PRESS =     0.0
 Etot   =   -113818.8633  EKtot   =     31275.9453  EPtot      =   -145094.8086
 BOND   =       832.6528  ANGLE   =      2183.3976  DIHED      =      1375.9540
 UB     =         0.0000  IMP     =         0.0000  CMAP       =       207.6378
 1-4 NB =      1009.1102  1-4 EEL =     15153.5852  VDWAALS    =     17192.5790
 EELEC  =   -183049.7251  EHBOND  =         0.0000  RESTRAINT  =         0.0000
 ------------------------------------------------------------------------------

wrapping first mol.:      -59.95674       42.39583       73.43173

 NSTEP =    60000   TIME(PS) =  150160.000  TEMP(K) =   310.53  PRESS =     0.0
 Etot   =   -113212.3542  EKtot   =     31588.1504  EPtot      =   -144800.5046
 BOND   =       838.4751  ANGLE   =      2136.6616  DIHED      =      1369.2980
 UB     =         0.0000  IMP     =         0.0000  CMAP       =       213.7698
 1-4 NB =      1003.9013  1-4 EEL =     15193.7648  VDWAALS    =     17499.6852
 EELEC  =   -183056.0604  EHBOND  =         0.0000  RESTRAINT  =         0.0000
 ------------------------------------------------------------------------------

wrapping first mol.:      -59.95674       42.39583       73.43173

 NSTEP =    80000   TIME(PS) =  150200.000  TEMP(K) =   311.97  PRESS =     0.0
 Etot   =   -113298.7838  EKtot   =     31734.5684  EPtot      =   -145033.3521
 BOND   =       813.8732  ANGLE   =      2074.9497  DIHED      =      1366.4964
 UB     =         0.0000  IMP     =         0.0000  CMAP       =       202.6742
 1-4 NB =      1026.1835  1-4 EEL =     15221.9069  VDWAALS    =     17417.9168
 EELEC  =   -183157.3528  EHBOND  =         0.0000  RESTRAINT  =         0.0000
 ------------------------------------------------------------------------------

wrapping first mol.:      -59.95674       42.39583       73.43173

 NSTEP =   100000   TIME(PS) =  150240.000  TEMP(K) =   312.79  PRESS =     0.0
 Etot   =   -113061.1009  EKtot   =     31817.7656  EPtot      =   -144878.8665
 BOND   =       844.1222  ANGLE   =      2219.9010  DIHED      =      1358.3490
 UB     =         0.0000  IMP     =         0.0000  CMAP       =       213.3553
 1-4 NB =       990.9583  1-4 EEL =     15129.4729  VDWAALS    =     17343.7967
 EELEC  =   -182978.8219  EHBOND  =         0.0000  RESTRAINT  =         0.0000
 ------------------------------------------------------------------------------

wrapping first mol.:      -59.95674       42.39583       73.43173

 NSTEP =   120000   TIME(PS) =  150280.000  TEMP(K) =   312.17  PRESS =     0.0
 Etot   =   -113349.8324  EKtot   =     31754.5938  EPtot      =   -145104.4262
 BOND   =       839.3387  ANGLE   =      2139.5373  DIHED      =      1374.5115
 UB     =         0.0000  IMP     =         0.0000  CMAP       =       212.3820
 1-4 NB =      1039.5128  1-4 EEL =     15193.2925  VDWAALS    =     17451.2138
 EELEC  =   -183354.2148  EHBOND  =         0.0000  RESTRAINT  =         0.0000
 ------------------------------------------------------------------------------

wrapping first mol.:      -59.95674       42.39583       73.43173

 NSTEP =   140000   TIME(PS) =  150320.000  TEMP(K) =   312.96  PRESS =     0.0
 Etot   =   -113485.3871  EKtot   =     31835.0781  EPtot      =   -145320.4652
 BOND   =       897.0134  ANGLE   =      2162.3208  DIHED      =      1390.3394
 UB     =         0.0000  IMP     =         0.0000  CMAP       =       210.3275
 1-4 NB =      1001.4315  1-4 EEL =     15119.1359  VDWAALS    =     17126.8798
 EELEC  =   -183227.9135  EHBOND  =         0.0000  RESTRAINT  =         0.0000
 ------------------------------------------------------------------------------

wrapping first mol.:      -59.95674       42.39583       73.43173

 NSTEP =   160000   TIME(PS) =  150360.000  TEMP(K) =   310.44  PRESS =     0.0
 Etot   =   -113500.3045  EKtot   =     31578.6113  EPtot      =   -145078.9158
 BOND   =       895.5941  ANGLE   =      2159.4053  DIHED      =      1346.7524
 UB     =         0.0000  IMP     =         0.0000  CMAP       =       214.9277
 1-4 NB =      1000.9520  1-4 EEL =     15149.4091  VDWAALS    =     17449.5218
 EELEC  =   -183295.4783  EHBOND  =         0.0000  RESTRAINT  =         0.0000
 ------------------------------------------------------------------------------

wrapping first mol.:      -59.95674       42.39583       73.43173

 NSTEP =   180000   TIME(PS) =  150400.000  TEMP(K) =   309.29  PRESS =     0.0
 Etot   =   -113543.4181  EKtot   =     31462.0996  EPtot      =   -145005.5178
 BOND   =       867.5591  ANGLE   =      2147.8275  DIHED      =      1353.4753
 UB     =         0.0000  IMP     =         0.0000  CMAP       =       224.0199
 1-4 NB =      1012.1477  1-4 EEL =     15172.4820  VDWAALS    =     16925.0156
 EELEC  =   -182708.0447  EHBOND  =         0.0000  RESTRAINT  =         0.0000
 ------------------------------------------------------------------------------

wrapping first mol.:      -59.95674       42.39583       73.43173

 NSTEP =   200000   TIME(PS) =  150440.000  TEMP(K) =   308.27  PRESS =     0.0
 Etot   =   -113755.7634  EKtot   =     31358.2188  EPtot      =   -145113.9821
 BOND   =       858.0683  ANGLE   =      2216.8163  DIHED      =      1392.5353
 UB     =         0.0000  IMP     =         0.0000  CMAP       =       205.2499
 1-4 NB =       989.2809  1-4 EEL =     15158.7364  VDWAALS    =     17558.8643
 EELEC  =   -183493.5335  EHBOND  =         0.0000  RESTRAINT  =         0.0000
 ------------------------------------------------------------------------------

wrapping first mol.:      -59.95674       42.39583       73.43173

 NSTEP =   220000   TIME(PS) =  150480.000  TEMP(K) =   309.49  PRESS =     0.0
 Etot   =   -114077.6293  EKtot   =     31482.1426  EPtot      =   -145559.7718
 BOND   =       828.8891  ANGLE   =      2032.8831  DIHED      =      1355.6131
 UB     =         0.0000  IMP     =         0.0000  CMAP       =       214.2304
 1-4 NB =       989.9787  1-4 EEL =     15130.1125  VDWAALS    =     17272.8712
 EELEC  =   -183384.3501  EHBOND  =         0.0000  RESTRAINT  =         0.0000
 ------------------------------------------------------------------------------

wrapping first mol.:      -59.95674       42.39583       73.43173

 NSTEP =   240000   TIME(PS) =  150520.000  TEMP(K) =   311.98  PRESS =     0.0
 Etot   =   -113443.2486  EKtot   =     31735.6035  EPtot      =   -145178.8521
 BOND   =       940.8070  ANGLE   =      2145.1053  DIHED      =      1389.1347
 UB     =         0.0000  IMP     =         0.0000  CMAP       =       210.2147
 1-4 NB =       997.2843  1-4 EEL =     15158.0195  VDWAALS    =     17155.7282
 EELEC  =   -183175.1459  EHBOND  =         0.0000  RESTRAINT  =         0.0000
 ------------------------------------------------------------------------------

wrapping first mol.:      -59.95674       42.39583       73.43173

 NSTEP =   260000   TIME(PS) =  150560.000  TEMP(K) =   310.71  PRESS =     0.0
 Etot   =   -113664.0289  EKtot   =     31605.9883  EPtot      =   -145270.0172
 BOND   =       854.8415  ANGLE   =      2233.4667  DIHED      =      1339.6605
 UB     =         0.0000  IMP     =         0.0000  CMAP       =       200.3193
 1-4 NB =       991.6884  1-4 EEL =     15159.6105  VDWAALS    =     17251.9417
 EELEC  =   -183301.5459  EHBOND  =         0.0000  RESTRAINT  =         0.0000
 ------------------------------------------------------------------------------

wrapping first mol.:      -59.95674       42.39583       73.43173

 NSTEP =   280000   TIME(PS) =  150600.000  TEMP(K) =   308.42  PRESS =     0.0
 Etot   =   -113505.4339  EKtot   =     31372.8281  EPtot      =   -144878.2620
 BOND   =       869.2010  ANGLE   =      2150.6776  DIHED      =      1366.2913
 UB     =         0.0000  IMP     =         0.0000  CMAP       =       213.0194
 1-4 NB =      1026.0457  1-4 EEL =     15230.3215  VDWAALS    =     17244.9130
 EELEC  =   -182978.7314  EHBOND  =         0.0000  RESTRAINT  =         0.0000
 ------------------------------------------------------------------------------

wrapping first mol.:      -59.95674       42.39583       73.43173

 NSTEP =   300000   TIME(PS) =  150640.000  TEMP(K) =   313.37  PRESS =     0.0
 Etot   =   -113195.4161  EKtot   =     31876.8125  EPtot      =   -145072.2286
 BOND   =       863.7095  ANGLE   =      2206.3639  DIHED      =      1378.9010
 UB     =         0.0000  IMP     =         0.0000  CMAP       =       208.7278
 1-4 NB =      1009.4530  1-4 EEL =     15174.5753  VDWAALS    =     17271.8341
 EELEC  =   -183185.7933  EHBOND  =         0.0000  RESTRAINT  =         0.0000
 ------------------------------------------------------------------------------

wrapping first mol.:      -59.95674       42.39583       73.43173

 NSTEP =   320000   TIME(PS) =  150680.000  TEMP(K) =   312.86  PRESS =     0.0
 Etot   =   -113438.3248  EKtot   =     31824.7109  EPtot      =   -145263.0358
 BOND   =       848.1639  ANGLE   =      2068.8944  DIHED      =      1345.1737
 UB     =         0.0000  IMP     =         0.0000  CMAP       =       202.4172
 1-4 NB =      1006.1242  1-4 EEL =     15188.0617  VDWAALS    =     17350.2561
 EELEC  =   -183272.1269  EHBOND  =         0.0000  RESTRAINT  =         0.0000
 ------------------------------------------------------------------------------

wrapping first mol.:      -59.95674       42.39583       73.43173

 NSTEP =   340000   TIME(PS) =  150720.000  TEMP(K) =   311.12  PRESS =     0.0
 Etot   =   -113704.2504  EKtot   =     31647.3594  EPtot      =   -145351.6098
 BOND   =       857.7691  ANGLE   =      2114.1446  DIHED      =      1390.2562
 UB     =         0.0000  IMP     =         0.0000  CMAP       =       212.6972
 1-4 NB =      1004.5917  1-4 EEL =     15185.5465  VDWAALS    =     17259.6380
 EELEC  =   -183376.2530  EHBOND  =         0.0000  RESTRAINT  =         0.0000
 ------------------------------------------------------------------------------

wrapping first mol.:      -59.95674       42.39583       73.43173

 NSTEP =   360000   TIME(PS) =  150760.000  TEMP(K) =   308.56  PRESS =     0.0
 Etot   =   -113815.1171  EKtot   =     31387.6602  EPtot      =   -145202.7773
 BOND   =       859.2902  ANGLE   =      2195.4487  DIHED      =      1372.8480
 UB     =         0.0000  IMP     =         0.0000  CMAP       =       208.3220
 1-4 NB =      1007.6056  1-4 EEL =     15127.9005  VDWAALS    =     17044.2018
 EELEC  =   -183018.3941  EHBOND  =         0.0000  RESTRAINT  =         0.0000
 ------------------------------------------------------------------------------

wrapping first mol.:      -59.95674       42.39583       73.43173

 NSTEP =   380000   TIME(PS) =  150800.000  TEMP(K) =   310.01  PRESS =     0.0
 Etot   =   -113455.1919  EKtot   =     31534.7793  EPtot      =   -144989.9712
 BOND   =       860.8842  ANGLE   =      2138.9413  DIHED      =      1384.6539
 UB     =         0.0000  IMP     =         0.0000  CMAP       =       222.2656
 1-4 NB =       999.4250  1-4 EEL =     15172.0277  VDWAALS    =     17293.4853
 EELEC  =   -183061.6542  EHBOND  =         0.0000  RESTRAINT  =         0.0000
 ------------------------------------------------------------------------------

wrapping first mol.:      -59.95674       42.39583       73.43173

 NSTEP =   400000   TIME(PS) =  150840.000  TEMP(K) =   308.49  PRESS =     0.0
 Etot   =   -113578.1474  EKtot   =     31380.0449  EPtot      =   -144958.1923
 BOND   =       863.0481  ANGLE   =      2138.5650  DIHED      =      1342.4649
 UB     =         0.0000  IMP     =         0.0000  CMAP       =       233.8656
 1-4 NB =       992.0380  1-4 EEL =     15155.9946  VDWAALS    =     17070.7038
 EELEC  =   -182754.8722  EHBOND  =         0.0000  RESTRAINT  =         0.0000
 ------------------------------------------------------------------------------

wrapping first mol.:      -59.95674       42.39583       73.43173

 NSTEP =   420000   TIME(PS) =  150880.000  TEMP(K) =   311.85  PRESS =     0.0
 Etot   =   -113503.8566  EKtot   =     31722.2520  EPtot      =   -145226.1085
 BOND   =       869.7875  ANGLE   =      2130.3099  DIHED      =      1387.9813
 UB     =         0.0000  IMP     =         0.0000  CMAP       =       216.7579
 1-4 NB =       996.2596  1-4 EEL =     15206.2376  VDWAALS    =     17255.1814
 EELEC  =   -183288.6238  EHBOND  =         0.0000  RESTRAINT  =         0.0000
 ------------------------------------------------------------------------------

wrapping first mol.:      -59.95674       42.39583       73.43173

 NSTEP =   440000   TIME(PS) =  150920.000  TEMP(K) =   310.40  PRESS =     0.0
 Etot   =   -113697.4883  EKtot   =     31574.6016  EPtot      =   -145272.0898
 BOND   =       816.1222  ANGLE   =      2113.9835  DIHED      =      1361.4272
 UB     =         0.0000  IMP     =         0.0000  CMAP       =       227.5909
 1-4 NB =      1002.1815  1-4 EEL =     15192.2372  VDWAALS    =     17354.0613
 EELEC  =   -183339.6936  EHBOND  =         0.0000  RESTRAINT  =         0.0000
 ------------------------------------------------------------------------------

wrapping first mol.:      -59.95674       42.39583       73.43173

 NSTEP =   460000   TIME(PS) =  150960.000  TEMP(K) =   309.97  PRESS =     0.0
 Etot   =   -113926.6834  EKtot   =     31531.3164  EPtot      =   -145457.9998
 BOND   =       888.4056  ANGLE   =      2134.8634  DIHED      =      1362.3185
 UB     =         0.0000  IMP     =         0.0000  CMAP       =       222.7332
 1-4 NB =       977.5535  1-4 EEL =     15216.2478  VDWAALS    =     17177.9060
 EELEC  =   -183438.0278  EHBOND  =         0.0000  RESTRAINT  =         0.0000
 ------------------------------------------------------------------------------

wrapping first mol.:      -59.95674       42.39583       73.43173

 NSTEP =   480000   TIME(PS) =  151000.000  TEMP(K) =   310.09  PRESS =     0.0
 Etot   =   -113475.7611  EKtot   =     31543.1641  EPtot      =   -145018.9252
 BOND   =       816.7537  ANGLE   =      2198.3561  DIHED      =      1370.5875
 UB     =         0.0000  IMP     =         0.0000  CMAP       =       203.8498
 1-4 NB =      1014.9377  1-4 EEL =     15110.3204  VDWAALS    =     17104.6911
 EELEC  =   -182838.4214  EHBOND  =         0.0000  RESTRAINT  =         0.0000
 ------------------------------------------------------------------------------

wrapping first mol.:      -59.95674       42.39583       73.43173

 NSTEP =   500000   TIME(PS) =  151040.000  TEMP(K) =   308.15  PRESS =     0.0
 Etot   =   -114124.8759  EKtot   =     31345.7715  EPtot      =   -145470.6474
 BOND   =       895.2160  ANGLE   =      2089.1082  DIHED      =      1338.3346
 UB     =         0.0000  IMP     =         0.0000  CMAP       =       227.8469
 1-4 NB =       980.1183  1-4 EEL =     15095.0408  VDWAALS    =     17033.9458
 EELEC  =   -183130.2579  EHBOND  =         0.0000  RESTRAINT  =         0.0000
 ------------------------------------------------------------------------------

wrapping first mol.:      -59.95674       42.39583       73.43173

 NSTEP =   520000   TIME(PS) =  151080.000  TEMP(K) =   309.79  PRESS =     0.0
 Etot   =   -113960.3547  EKtot   =     31512.4062  EPtot      =   -145472.7609
 BOND   =       836.4643  ANGLE   =      2128.3441  DIHED      =      1334.2533
 UB     =         0.0000  IMP     =         0.0000  CMAP       =       215.9176
 1-4 NB =       986.9098  1-4 EEL =     15116.6194  VDWAALS    =     17318.9951
 EELEC  =   -183410.2645  EHBOND  =         0.0000  RESTRAINT  =         0.0000
 ------------------------------------------------------------------------------

wrapping first mol.:      -59.95674       42.39583       73.43173

 NSTEP =   540000   TIME(PS) =  151120.000  TEMP(K) =   311.63  PRESS =     0.0
 Etot   =   -113812.2265  EKtot   =     31700.0840  EPtot      =   -145512.3104
 BOND   =       862.9437  ANGLE   =      2109.9476  DIHED      =      1340.0895
 UB     =         0.0000  IMP     =         0.0000  CMAP       =       231.6594
 1-4 NB =       990.0039  1-4 EEL =     15170.8570  VDWAALS    =     17696.8283
 EELEC  =   -183914.6399  EHBOND  =         0.0000  RESTRAINT  =         0.0000
 ------------------------------------------------------------------------------

wrapping first mol.:      -59.95674       42.39583       73.43173

 NSTEP =   560000   TIME(PS) =  151160.000  TEMP(K) =   310.25  PRESS =     0.0
 Etot   =   -113351.5760  EKtot   =     31559.6191  EPtot      =   -144911.1952
 BOND   =       865.8984  ANGLE   =      2144.1578  DIHED      =      1374.6642
 UB     =         0.0000  IMP     =         0.0000  CMAP       =       202.9369
 1-4 NB =      1016.1299  1-4 EEL =     15153.1399  VDWAALS    =     17031.7194
 EELEC  =   -182699.8416  EHBOND  =         0.0000  RESTRAINT  =         0.0000
 ------------------------------------------------------------------------------

wrapping first mol.:      -59.95674       42.39583       73.43173

 NSTEP =   580000   TIME(PS) =  151200.000  TEMP(K) =   311.20  PRESS =     0.0
 Etot   =   -113741.1915  EKtot   =     31655.5996  EPtot      =   -145396.7911
 BOND   =       867.1756  ANGLE   =      2125.0232  DIHED      =      1329.3955
 UB     =         0.0000  IMP     =         0.0000  CMAP       =       224.9236
 1-4 NB =      1006.4378  1-4 EEL =     15156.8419  VDWAALS    =     17382.0627
 EELEC  =   -183488.6515  EHBOND  =         0.0000  RESTRAINT  =         0.0000
 ------------------------------------------------------------------------------

wrapping first mol.:      -59.95674       42.39583       73.43173

 NSTEP =   600000   TIME(PS) =  151240.000  TEMP(K) =   309.33  PRESS =     0.0
 Etot   =   -113699.2257  EKtot   =     31465.7188  EPtot      =   -145164.9444
 BOND   =       844.1841  ANGLE   =      2210.0947  DIHED      =      1364.9904
 UB     =         0.0000  IMP     =         0.0000  CMAP       =       205.8854
 1-4 NB =      1004.9587  1-4 EEL =     15085.4201  VDWAALS    =     16623.0236
 EELEC  =   -182503.5015  EHBOND  =         0.0000  RESTRAINT  =         0.0000
 ------------------------------------------------------------------------------

wrapping first mol.:      -59.95674       42.39583       73.43173

 NSTEP =   620000   TIME(PS) =  151280.000  TEMP(K) =   309.80  PRESS =     0.0
 Etot   =   -113663.6522  EKtot   =     31514.0664  EPtot      =   -145177.7186
 BOND   =       889.2896  ANGLE   =      2134.7279  DIHED      =      1379.2084
 UB     =         0.0000  IMP     =         0.0000  CMAP       =       200.5026
 1-4 NB =       987.9110  1-4 EEL =     15137.3494  VDWAALS    =     17368.3325
 EELEC  =   -183275.0398  EHBOND  =         0.0000  RESTRAINT  =         0.0000
 ------------------------------------------------------------------------------

wrapping first mol.:      -59.95674       42.39583       73.43173

 NSTEP =   640000   TIME(PS) =  151320.000  TEMP(K) =   312.02  PRESS =     0.0
 Etot   =   -113773.8072  EKtot   =     31739.3945  EPtot      =   -145513.2017
 BOND   =       798.9962  ANGLE   =      2124.5237  DIHED      =      1358.6768
 UB     =         0.0000  IMP     =         0.0000  CMAP       =       220.0089
 1-4 NB =      1002.4185  1-4 EEL =     15177.6722  VDWAALS    =     17461.5054
 EELEC  =   -183657.0035  EHBOND  =         0.0000  RESTRAINT  =         0.0000
 ------------------------------------------------------------------------------

wrapping first mol.:      -59.95674       42.39583       73.43173

 NSTEP =   660000   TIME(PS) =  151360.000  TEMP(K) =   309.50  PRESS =     0.0
 Etot   =   -113259.3082  EKtot   =     31482.9922  EPtot      =   -144742.3004
 BOND   =       913.1131  ANGLE   =      2271.4750  DIHED      =      1385.8010
 UB     =         0.0000  IMP     =         0.0000  CMAP       =       210.2582
 1-4 NB =       992.0424  1-4 EEL =     15199.4301  VDWAALS    =     17175.8008
 EELEC  =   -182890.2210  EHBOND  =         0.0000  RESTRAINT  =         0.0000
 ------------------------------------------------------------------------------

wrapping first mol.:      -59.95674       42.39583       73.43173

 NSTEP =   680000   TIME(PS) =  151400.000  TEMP(K) =   307.03  PRESS =     0.0
 Etot   =   -114026.0291  EKtot   =     31231.3594  EPtot      =   -145257.3885
 BOND   =       871.4608  ANGLE   =      2169.6241  DIHED      =      1353.3511
 UB     =         0.0000  IMP     =         0.0000  CMAP       =       200.1201
 1-4 NB =       991.3296  1-4 EEL =     15200.9477  VDWAALS    =     17317.8750
 EELEC  =   -183362.0968  EHBOND  =         0.0000  RESTRAINT  =         0.0000
 ------------------------------------------------------------------------------

wrapping first mol.:      -59.95674       42.39583       73.43173

 NSTEP =   700000   TIME(PS) =  151440.000  TEMP(K) =   310.40  PRESS =     0.0
 Etot   =   -113659.8471  EKtot   =     31574.4512  EPtot      =   -145234.2983
 BOND   =       873.8975  ANGLE   =      2086.8550  DIHED      =      1354.9414
 UB     =         0.0000  IMP     =         0.0000  CMAP       =       222.6452
 1-4 NB =      1002.9680  1-4 EEL =     15239.9633  VDWAALS    =     17051.7732
 EELEC  =   -183067.3418  EHBOND  =         0.0000  RESTRAINT  =         0.0000
 ------------------------------------------------------------------------------

wrapping first mol.:      -59.95674       42.39583       73.43173

 NSTEP =   720000   TIME(PS) =  151480.000  TEMP(K) =   309.05  PRESS =     0.0
 Etot   =   -113350.1019  EKtot   =     31437.1250  EPtot      =   -144787.2269
 BOND   =       859.2400  ANGLE   =      2132.9308  DIHED      =      1347.7971
 UB     =         0.0000  IMP     =         0.0000  CMAP       =       207.1328
 1-4 NB =      1008.2427  1-4 EEL =     15167.6546  VDWAALS    =     17119.6879
 EELEC  =   -182629.9128  EHBOND  =         0.0000  RESTRAINT  =         0.0000
 ------------------------------------------------------------------------------

wrapping first mol.:      -59.95674       42.39583       73.43173

 NSTEP =   740000   TIME(PS) =  151520.000  TEMP(K) =   309.88  PRESS =     0.0
 Etot   =   -113543.7636  EKtot   =     31522.1016  EPtot      =   -145065.8652
 BOND   =       828.1083  ANGLE   =      2061.7041  DIHED      =      1375.9209
 UB     =         0.0000  IMP     =         0.0000  CMAP       =       233.7850
 1-4 NB =      1005.6138  1-4 EEL =     15108.2813  VDWAALS    =     16953.6032
 EELEC  =   -182632.8818  EHBOND  =         0.0000  RESTRAINT  =         0.0000
 ------------------------------------------------------------------------------

wrapping first mol.:      -59.95674       42.39583       73.43173

 NSTEP =   760000   TIME(PS) =  151560.000  TEMP(K) =   310.75  PRESS =     0.0
 Etot   =   -113442.9190  EKtot   =     31610.6816  EPtot      =   -145053.6006
 BOND   =       858.5357  ANGLE   =      2124.8682  DIHED      =      1348.7694
 UB     =         0.0000  IMP     =         0.0000  CMAP       =       228.6377
 1-4 NB =      1025.2293  1-4 EEL =     15207.2743  VDWAALS    =     17001.6206
 EELEC  =   -182848.5359  EHBOND  =         0.0000  RESTRAINT  =         0.0000
 ------------------------------------------------------------------------------

wrapping first mol.:      -59.95674       42.39583       73.43173

 NSTEP =   780000   TIME(PS) =  151600.000  TEMP(K) =   308.96  PRESS =     0.0
 Etot   =   -113847.7210  EKtot   =     31428.4277  EPtot      =   -145276.1488
 BOND   =       870.6245  ANGLE   =      2160.3457  DIHED      =      1360.0041
 UB     =         0.0000  IMP     =         0.0000  CMAP       =       228.2263
 1-4 NB =      1014.6914  1-4 EEL =     15196.3523  VDWAALS    =     17225.0087
 EELEC  =   -183331.4017  EHBOND  =         0.0000  RESTRAINT  =         0.0000
 ------------------------------------------------------------------------------

wrapping first mol.:      -59.95674       42.39583       73.43173

 NSTEP =   800000   TIME(PS) =  151640.000  TEMP(K) =   308.67  PRESS =     0.0
 Etot   =   -113406.1231  EKtot   =     31398.2227  EPtot      =   -144804.3458
 BOND   =       863.8498  ANGLE   =      2107.5161  DIHED      =      1350.0939
 UB     =         0.0000  IMP     =         0.0000  CMAP       =       236.6501
 1-4 NB =      1030.0891  1-4 EEL =     15200.5438  VDWAALS    =     17250.3291
 EELEC  =   -182843.4176  EHBOND  =         0.0000  RESTRAINT  =         0.0000
 ------------------------------------------------------------------------------

wrapping first mol.:      -59.95674       42.39583       73.43173

 NSTEP =   820000   TIME(PS) =  151680.000  TEMP(K) =   308.12  PRESS =     0.0
 Etot   =   -113814.6903  EKtot   =     31343.1875  EPtot      =   -145157.8778
 BOND   =       872.4498  ANGLE   =      2141.8957  DIHED      =      1407.0534
 UB     =         0.0000  IMP     =         0.0000  CMAP       =       238.3652
 1-4 NB =       997.6189  1-4 EEL =     15183.7014  VDWAALS    =     17203.0798
 EELEC  =   -183202.0419  EHBOND  =         0.0000  RESTRAINT  =         0.0000
 ------------------------------------------------------------------------------

wrapping first mol.:      -59.95674       42.39583       73.43173

 NSTEP =   840000   TIME(PS) =  151720.000  TEMP(K) =   308.82  PRESS =     0.0
 Etot   =   -113625.8050  EKtot   =     31414.3594  EPtot      =   -145040.1644
 BOND   =       851.2408  ANGLE   =      2161.0038  DIHED      =      1308.8699
 UB     =         0.0000  IMP     =         0.0000  CMAP       =       224.7245
 1-4 NB =       991.0464  1-4 EEL =     15142.9015  VDWAALS    =     17163.6846
 EELEC  =   -182883.6360  EHBOND  =         0.0000  RESTRAINT  =         0.0000
 ------------------------------------------------------------------------------

wrapping first mol.:      -59.95674       42.39583       73.43173

 NSTEP =   860000   TIME(PS) =  151760.000  TEMP(K) =   310.87  PRESS =     0.0
 Etot   =   -113860.0976  EKtot   =     31622.3496  EPtot      =   -145482.4473
 BOND   =       828.3769  ANGLE   =      2245.0726  DIHED      =      1332.9833
 UB     =         0.0000  IMP     =         0.0000  CMAP       =       227.7022
 1-4 NB =      1015.4343  1-4 EEL =     15204.9345  VDWAALS    =     17375.2428
 EELEC  =   -183712.1939  EHBOND  =         0.0000  RESTRAINT  =         0.0000
 ------------------------------------------------------------------------------

wrapping first mol.:      -59.95674       42.39583       73.43173

 NSTEP =   880000   TIME(PS) =  151800.000  TEMP(K) =   310.54  PRESS =     0.0
 Etot   =   -113680.0866  EKtot   =     31588.8770  EPtot      =   -145268.9635
 BOND   =       859.1397  ANGLE   =      2092.7156  DIHED      =      1357.2240
 UB     =         0.0000  IMP     =         0.0000  CMAP       =       252.7066
 1-4 NB =      1012.1634  1-4 EEL =     15193.8447  VDWAALS    =     17308.3806
 EELEC  =   -183345.1381  EHBOND  =         0.0000  RESTRAINT  =         0.0000
 ------------------------------------------------------------------------------

wrapping first mol.:      -59.95674       42.39583       73.43173

 NSTEP =   900000   TIME(PS) =  151840.000  TEMP(K) =   310.37  PRESS =     0.0
 Etot   =   -113635.1892  EKtot   =     31571.0840  EPtot      =   -145206.2732
 BOND   =       815.1505  ANGLE   =      2170.1022  DIHED      =      1405.6472
 UB     =         0.0000  IMP     =         0.0000  CMAP       =       217.9302
 1-4 NB =      1025.2593  1-4 EEL =     15062.8794  VDWAALS    =     17416.1277
 EELEC  =   -183319.3695  EHBOND  =         0.0000  RESTRAINT  =         0.0000
 ------------------------------------------------------------------------------

wrapping first mol.:      -59.95674       42.39583       73.43173

 NSTEP =   920000   TIME(PS) =  151880.000  TEMP(K) =   309.43  PRESS =     0.0
 Etot   =   -113591.4246  EKtot   =     31476.2031  EPtot      =   -145067.6277
 BOND   =       852.4823  ANGLE   =      2118.5633  DIHED      =      1341.1881
 UB     =         0.0000  IMP     =         0.0000  CMAP       =       228.6591
 1-4 NB =       988.9539  1-4 EEL =     15254.9943  VDWAALS    =     17202.4513
 EELEC  =   -183054.9199  EHBOND  =         0.0000  RESTRAINT  =         0.0000
 ------------------------------------------------------------------------------

wrapping first mol.:      -59.95674       42.39583       73.43173

 NSTEP =   940000   TIME(PS) =  151920.000  TEMP(K) =   310.73  PRESS =     0.0
 Etot   =   -113347.5747  EKtot   =     31607.7305  EPtot      =   -144955.3052
 BOND   =       923.0389  ANGLE   =      2214.7723  DIHED      =      1356.5999
 UB     =         0.0000  IMP     =         0.0000  CMAP       =       219.1749
 1-4 NB =       981.8773  1-4 EEL =     15115.4109  VDWAALS    =     17070.3933
 EELEC  =   -182836.5726  EHBOND  =         0.0000  RESTRAINT  =         0.0000
 ------------------------------------------------------------------------------

wrapping first mol.:      -59.95674       42.39583       73.43173

 NSTEP =   960000   TIME(PS) =  151960.000  TEMP(K) =   311.26  PRESS =     0.0
 Etot   =   -113358.0863  EKtot   =     31661.9375  EPtot      =   -145020.0238
 BOND   =       886.2515  ANGLE   =      2162.2901  DIHED      =      1365.0647
 UB     =         0.0000  IMP     =         0.0000  CMAP       =       216.1697
 1-4 NB =      1017.7703  1-4 EEL =     15171.6230  VDWAALS    =     17037.4269
 EELEC  =   -182876.6201  EHBOND  =         0.0000  RESTRAINT  =         0.0000
 ------------------------------------------------------------------------------

wrapping first mol.:      -59.95674       42.39583       73.43173

 NSTEP =   980000   TIME(PS) =  152000.000  TEMP(K) =   309.56  PRESS =     0.0
 Etot   =   -113839.8718  EKtot   =     31489.6230  EPtot      =   -145329.4948
 BOND   =       849.1442  ANGLE   =      2166.5202  DIHED      =      1363.5723
 UB     =         0.0000  IMP     =         0.0000  CMAP       =       229.6264
 1-4 NB =       996.7863  1-4 EEL =     15142.2748  VDWAALS    =     17236.8813
 EELEC  =   -183314.3004  EHBOND  =         0.0000  RESTRAINT  =         0.0000
 ------------------------------------------------------------------------------

wrapping first mol.:      -59.95674       42.39583       73.43173

 NSTEP =  1000000   TIME(PS) =  152040.000  TEMP(K) =   309.87  PRESS =     0.0
 Etot   =   -113565.7800  EKtot   =     31520.8262  EPtot      =   -145086.6062
 BOND   =       882.0557  ANGLE   =      2200.6382  DIHED      =      1378.2163
 UB     =         0.0000  IMP     =         0.0000  CMAP       =       228.9066
 1-4 NB =       992.6070  1-4 EEL =     15132.4401  VDWAALS    =     17268.2983
 EELEC  =   -183169.7685  EHBOND  =         0.0000  RESTRAINT  =         0.0000
 ------------------------------------------------------------------------------

wrapping first mol.:      -59.95674       42.39583       73.43173

 NSTEP =  1020000   TIME(PS) =  152080.000  TEMP(K) =   311.31  PRESS =     0.0
 Etot   =   -113384.8401  EKtot   =     31666.7285  EPtot      =   -145051.5687
 BOND   =       850.2921  ANGLE   =      2146.0405  DIHED      =      1363.7015
 UB     =         0.0000  IMP     =         0.0000  CMAP       =       219.7792
 1-4 NB =      1007.8156  1-4 EEL =     15029.5701  VDWAALS    =     17430.6255
 EELEC  =   -183099.3932  EHBOND  =         0.0000  RESTRAINT  =         0.0000
 ------------------------------------------------------------------------------

wrapping first mol.:      -59.95674       42.39583       73.43173

 NSTEP =  1040000   TIME(PS) =  152120.000  TEMP(K) =   311.63  PRESS =     0.0
 Etot   =   -113149.1493  EKtot   =     31699.5254  EPtot      =   -144848.6747
 BOND   =       891.6661  ANGLE   =      2132.8401  DIHED      =      1328.5803
 UB     =         0.0000  IMP     =         0.0000  CMAP       =       224.9460
 1-4 NB =       976.0549  1-4 EEL =     15150.9406  VDWAALS    =     17246.7016
 EELEC  =   -182800.4042  EHBOND  =         0.0000  RESTRAINT  =         0.0000
 ------------------------------------------------------------------------------

wrapping first mol.:      -59.95674       42.39583       73.43173

 NSTEP =  1060000   TIME(PS) =  152160.000  TEMP(K) =   311.75  PRESS =     0.0
 Etot   =   -113292.3900  EKtot   =     31711.4824  EPtot      =   -145003.8724
 BOND   =       860.4515  ANGLE   =      2194.2377  DIHED      =      1342.8675
 UB     =         0.0000  IMP     =         0.0000  CMAP       =       227.4311
 1-4 NB =      1010.0638  1-4 EEL =     15064.4598  VDWAALS    =     17039.3053
 EELEC  =   -182742.6890  EHBOND  =         0.0000  RESTRAINT  =         0.0000
 ------------------------------------------------------------------------------

wrapping first mol.:      -59.95674       42.39583       73.43173

 NSTEP =  1080000   TIME(PS) =  152200.000  TEMP(K) =   311.74  PRESS =     0.0
 Etot   =   -113274.2673  EKtot   =     31710.4238  EPtot      =   -144984.6911
 BOND   =       844.2303  ANGLE   =      2092.2001  DIHED      =      1341.3855
 UB     =         0.0000  IMP     =         0.0000  CMAP       =       225.4254
 1-4 NB =      1022.1162  1-4 EEL =     15065.0472  VDWAALS    =     16772.7499
 EELEC  =   -182347.8457  EHBOND  =         0.0000  RESTRAINT  =         0.0000
 ------------------------------------------------------------------------------

wrapping first mol.:      -59.95674       42.39583       73.43173

 NSTEP =  1100000   TIME(PS) =  152240.000  TEMP(K) =   310.15  PRESS =     0.0
 Etot   =   -113519.1712  EKtot   =     31549.3555  EPtot      =   -145068.5267
 BOND   =       869.9766  ANGLE   =      2151.3128  DIHED      =      1357.2423
 UB     =         0.0000  IMP     =         0.0000  CMAP       =       228.1222
 1-4 NB =       992.6633  1-4 EEL =     15139.1170  VDWAALS    =     17113.5670
 EELEC  =   -182920.5279  EHBOND  =         0.0000  RESTRAINT  =         0.0000
 ------------------------------------------------------------------------------

wrapping first mol.:      -59.95674       42.39583       73.43173

 NSTEP =  1120000   TIME(PS) =  152280.000  TEMP(K) =   310.76  PRESS =     0.0
 Etot   =   -112978.6798  EKtot   =     31611.6973  EPtot      =   -144590.3771
 BOND   =       824.3908  ANGLE   =      2162.6816  DIHED      =      1364.5947
 UB     =         0.0000  IMP     =         0.0000  CMAP       =       234.4040
 1-4 NB =      1005.7693  1-4 EEL =     15115.0550  VDWAALS    =     16994.0442
 EELEC  =   -182291.3168  EHBOND  =         0.0000  RESTRAINT  =         0.0000
 ------------------------------------------------------------------------------

wrapping first mol.:      -59.95674       42.39583       73.43173

 NSTEP =  1140000   TIME(PS) =  152320.000  TEMP(K) =   310.45  PRESS =     0.0
 Etot   =   -113402.2814  EKtot   =     31579.2988  EPtot      =   -144981.5803
 BOND   =       906.9035  ANGLE   =      2149.4197  DIHED      =      1366.0137
 UB     =         0.0000  IMP     =         0.0000  CMAP       =       228.0492
 1-4 NB =       986.1805  1-4 EEL =     15018.5914  VDWAALS    =     17614.9094
 EELEC  =   -183251.6477  EHBOND  =         0.0000  RESTRAINT  =         0.0000
 ------------------------------------------------------------------------------

wrapping first mol.:      -59.95674       42.39583       73.43173

 NSTEP =  1160000   TIME(PS) =  152360.000  TEMP(K) =   310.60  PRESS =     0.0
 Etot   =   -113987.2007  EKtot   =     31595.2715  EPtot      =   -145582.4722
 BOND   =       841.4547  ANGLE   =      2142.6086  DIHED      =      1352.9362
 UB     =         0.0000  IMP     =         0.0000  CMAP       =       223.9581
 1-4 NB =       993.0751  1-4 EEL =     15125.6129  VDWAALS    =     17430.5204
 EELEC  =   -183692.6381  EHBOND  =         0.0000  RESTRAINT  =         0.0000
 ------------------------------------------------------------------------------

wrapping first mol.:      -59.95674       42.39583       73.43173

 NSTEP =  1180000   TIME(PS) =  152400.000  TEMP(K) =   308.28  PRESS =     0.0
 Etot   =   -114082.5349  EKtot   =     31359.3594  EPtot      =   -145441.8943
 BOND   =       864.2307  ANGLE   =      2151.9812  DIHED      =      1362.0995
 UB     =         0.0000  IMP     =         0.0000  CMAP       =       218.7088
 1-4 NB =       989.2655  1-4 EEL =     15133.1989  VDWAALS    =     17412.1101
 EELEC  =   -183573.4889  EHBOND  =         0.0000  RESTRAINT  =         0.0000
 ------------------------------------------------------------------------------

wrapping first mol.:      -59.95674       42.39583       73.43173

 NSTEP =  1200000   TIME(PS) =  152440.000  TEMP(K) =   310.82  PRESS =     0.0
 Etot   =   -113780.3174  EKtot   =     31617.7344  EPtot      =   -145398.0518
 BOND   =       872.5707  ANGLE   =      2134.6930  DIHED      =      1333.3134
 UB     =         0.0000  IMP     =         0.0000  CMAP       =       218.7136
 1-4 NB =       996.0552  1-4 EEL =     15095.2200  VDWAALS    =     17191.3418
 EELEC  =   -183239.9596  EHBOND  =         0.0000  RESTRAINT  =         0.0000
 ------------------------------------------------------------------------------

wrapping first mol.:      -59.95674       42.39583       73.43173

 NSTEP =  1220000   TIME(PS) =  152480.000  TEMP(K) =   309.66  PRESS =     0.0
 Etot   =   -113692.4911  EKtot   =     31499.2188  EPtot      =   -145191.7098
 BOND   =       871.5307  ANGLE   =      2194.9828  DIHED      =      1332.7560
 UB     =         0.0000  IMP     =         0.0000  CMAP       =       215.4939
 1-4 NB =       977.6931  1-4 EEL =     15105.4089  VDWAALS    =     17355.8543
 EELEC  =   -183245.4296  EHBOND  =         0.0000  RESTRAINT  =         0.0000
 ------------------------------------------------------------------------------

wrapping first mol.:      -59.95674       42.39583       73.43173

 NSTEP =  1240000   TIME(PS) =  152520.000  TEMP(K) =   310.15  PRESS =     0.0
 Etot   =   -113747.0762  EKtot   =     31548.6953  EPtot      =   -145295.7715
 BOND   =       865.7322  ANGLE   =      2222.2108  DIHED      =      1375.2873
 UB     =         0.0000  IMP     =         0.0000  CMAP       =       212.0115
 1-4 NB =       992.7739  1-4 EEL =     15097.4006  VDWAALS    =     17096.1431
 EELEC  =   -183157.3308  EHBOND  =         0.0000  RESTRAINT  =         0.0000
 ------------------------------------------------------------------------------

wrapping first mol.:      -59.95674       42.39583       73.43173

 NSTEP =  1260000   TIME(PS) =  152560.000  TEMP(K) =   311.43  PRESS =     0.0
 Etot   =   -113644.6704  EKtot   =     31679.2773  EPtot      =   -145323.9478
 BOND   =       844.0170  ANGLE   =      2096.1461  DIHED      =      1352.0649
 UB     =         0.0000  IMP     =         0.0000  CMAP       =       218.7711
 1-4 NB =      1014.3680  1-4 EEL =     15134.5968  VDWAALS    =     17133.0139
 EELEC  =   -183116.9255  EHBOND  =         0.0000  RESTRAINT  =         0.0000
 ------------------------------------------------------------------------------

wrapping first mol.:      -59.95674       42.39583       73.43173

 NSTEP =  1280000   TIME(PS) =  152600.000  TEMP(K) =   307.98  PRESS =     0.0
 Etot   =   -113941.1889  EKtot   =     31328.1230  EPtot      =   -145269.3119
 BOND   =       894.5626  ANGLE   =      2104.7986  DIHED      =      1369.8684
 UB     =         0.0000  IMP     =         0.0000  CMAP       =       222.1448
 1-4 NB =      1006.0382  1-4 EEL =     15040.0256  VDWAALS    =     17200.3260
 EELEC  =   -183107.0761  EHBOND  =         0.0000  RESTRAINT  =         0.0000
 ------------------------------------------------------------------------------

wrapping first mol.:      -59.95674       42.39583       73.43173

 NSTEP =  1300000   TIME(PS) =  152640.000  TEMP(K) =   307.88  PRESS =     0.0
 Etot   =   -113745.0612  EKtot   =     31318.2285  EPtot      =   -145063.2897
 BOND   =       803.6621  ANGLE   =      2165.6764  DIHED      =      1371.9483
 UB     =         0.0000  IMP     =         0.0000  CMAP       =       226.1430
 1-4 NB =      1000.1492  1-4 EEL =     15106.2133  VDWAALS    =     17179.5799
 EELEC  =   -182916.6621  EHBOND  =         0.0000  RESTRAINT  =         0.0000
 ------------------------------------------------------------------------------

wrapping first mol.:      -59.95674       42.39583       73.43173

 NSTEP =  1320000   TIME(PS) =  152680.000  TEMP(K) =   309.96  PRESS =     0.0
 Etot   =   -113446.5747  EKtot   =     31529.6934  EPtot      =   -144976.2680
 BOND   =       860.3884  ANGLE   =      2152.0625  DIHED      =      1331.7710
 UB     =         0.0000  IMP     =         0.0000  CMAP       =       237.8952
 1-4 NB =      1010.6908  1-4 EEL =     15066.2912  VDWAALS    =     17438.8765
 EELEC  =   -183074.2436  EHBOND  =         0.0000  RESTRAINT  =         0.0000
 ------------------------------------------------------------------------------

wrapping first mol.:      -59.95674       42.39583       73.43173

 NSTEP =  1340000   TIME(PS) =  152720.000  TEMP(K) =   309.18  PRESS =     0.0
 Etot   =   -113815.7592  EKtot   =     31450.1328  EPtot      =   -145265.8921
 BOND   =       862.3570  ANGLE   =      2183.2615  DIHED      =      1363.2361
 UB     =         0.0000  IMP     =         0.0000  CMAP       =       247.0162
 1-4 NB =      1004.7649  1-4 EEL =     15052.7378  VDWAALS    =     17461.5881
 EELEC  =   -183440.8537  EHBOND  =         0.0000  RESTRAINT  =         0.0000
 ------------------------------------------------------------------------------

wrapping first mol.:      -59.95674       42.39583       73.43173

 NSTEP =  1360000   TIME(PS) =  152760.000  TEMP(K) =   311.37  PRESS =     0.0
 Etot   =   -113851.7751  EKtot   =     31673.3281  EPtot      =   -145525.1032
 BOND   =       873.3282  ANGLE   =      2175.7648  DIHED      =      1349.6566
 UB     =         0.0000  IMP     =         0.0000  CMAP       =       224.4256
 1-4 NB =      1010.8049  1-4 EEL =     15032.8205  VDWAALS    =     17317.4160
 EELEC  =   -183509.3197  EHBOND  =         0.0000  RESTRAINT  =         0.0000
 ------------------------------------------------------------------------------

wrapping first mol.:      -59.95674       42.39583       73.43173

 NSTEP =  1380000   TIME(PS) =  152800.000  TEMP(K) =   308.91  PRESS =     0.0
 Etot   =   -113432.4511  EKtot   =     31423.3145  EPtot      =   -144855.7655
 BOND   =       902.5975  ANGLE   =      2203.6496  DIHED      =      1371.5440
 UB     =         0.0000  IMP     =         0.0000  CMAP       =       233.7850
 1-4 NB =      1006.4578  1-4 EEL =     15057.7014  VDWAALS    =     17483.3521
 EELEC  =   -183114.8529  EHBOND  =         0.0000  RESTRAINT  =         0.0000
 ------------------------------------------------------------------------------

wrapping first mol.:      -59.95674       42.39583       73.43173

 NSTEP =  1400000   TIME(PS) =  152840.000  TEMP(K) =   311.00  PRESS =     0.0
 Etot   =   -113419.9928  EKtot   =     31635.3926  EPtot      =   -145055.3854
 BOND   =       871.0333  ANGLE   =      2201.1639  DIHED      =      1361.9136
 UB     =         0.0000  IMP     =         0.0000  CMAP       =       225.7526
 1-4 NB =       999.6204  1-4 EEL =     15096.9760  VDWAALS    =     17419.9782
 EELEC  =   -183231.8233  EHBOND  =         0.0000  RESTRAINT  =         0.0000
 ------------------------------------------------------------------------------

wrapping first mol.:      -59.95674       42.39583       73.43173

 NSTEP =  1420000   TIME(PS) =  152880.000  TEMP(K) =   310.52  PRESS =     0.0
 Etot   =   -113403.7526  EKtot   =     31587.1641  EPtot      =   -144990.9167
 BOND   =       852.2396  ANGLE   =      2103.6483  DIHED      =      1337.2492
 UB     =         0.0000  IMP     =         0.0000  CMAP       =       211.8310
 1-4 NB =      1001.6104  1-4 EEL =     15122.8238  VDWAALS    =     17308.9527
 EELEC  =   -182929.2718  EHBOND  =         0.0000  RESTRAINT  =         0.0000
 ------------------------------------------------------------------------------

wrapping first mol.:      -59.95674       42.39583       73.43173

 NSTEP =  1440000   TIME(PS) =  152920.000  TEMP(K) =   307.38  PRESS =     0.0
 Etot   =   -114077.4135  EKtot   =     31267.8438  EPtot      =   -145345.2572
 BOND   =       889.3458  ANGLE   =      2154.6398  DIHED      =      1376.0608
 UB     =         0.0000  IMP     =         0.0000  CMAP       =       223.1461
 1-4 NB =      1001.2790  1-4 EEL =     15104.8963  VDWAALS    =     17317.0012
 EELEC  =   -183411.6262  EHBOND  =         0.0000  RESTRAINT  =         0.0000
 ------------------------------------------------------------------------------

wrapping first mol.:      -59.95674       42.39583       73.43173

 NSTEP =  1460000   TIME(PS) =  152960.000  TEMP(K) =   310.13  PRESS =     0.0
 Etot   =   -113604.3001  EKtot   =     31546.6660  EPtot      =   -145150.9661
 BOND   =       809.1123  ANGLE   =      2132.9336  DIHED      =      1308.3309
 UB     =         0.0000  IMP     =         0.0000  CMAP       =       220.5812
 1-4 NB =      1006.7368  1-4 EEL =     15105.4637  VDWAALS    =     17313.8485
 EELEC  =   -183047.9731  EHBOND  =         0.0000  RESTRAINT  =         0.0000
 ------------------------------------------------------------------------------

wrapping first mol.:      -59.95674       42.39583       73.43173

 NSTEP =  1480000   TIME(PS) =  153000.000  TEMP(K) =   309.50  PRESS =     0.0
 Etot   =   -113606.7553  EKtot   =     31483.2480  EPtot      =   -145090.0033
 BOND   =       873.0077  ANGLE   =      2160.6091  DIHED      =      1329.1387
 UB     =         0.0000  IMP     =         0.0000  CMAP       =       217.4374
 1-4 NB =       981.7463  1-4 EEL =     15166.5437  VDWAALS    =     17098.1064
 EELEC  =   -182916.5927  EHBOND  =         0.0000  RESTRAINT  =         0.0000
 ------------------------------------------------------------------------------

wrapping first mol.:      -59.95674       42.39583       73.43173

 NSTEP =  1500000   TIME(PS) =  153040.000  TEMP(K) =   311.68  PRESS =     0.0
 Etot   =   -113523.2583  EKtot   =     31705.1602  EPtot      =   -145228.4185
 BOND   =       846.8730  ANGLE   =      2182.9655  DIHED      =      1376.1811
 UB     =         0.0000  IMP     =         0.0000  CMAP       =       236.7049
 1-4 NB =       997.7396  1-4 EEL =     15168.3787  VDWAALS    =     17173.2733
 EELEC  =   -183210.5344  EHBOND  =         0.0000  RESTRAINT  =         0.0000
 ------------------------------------------------------------------------------

wrapping first mol.:      -59.95674       42.39583       73.43173

 NSTEP =  1520000   TIME(PS) =  153080.000  TEMP(K) =   307.90  PRESS =     0.0
 Etot   =   -114228.4587  EKtot   =     31320.3125  EPtot      =   -145548.7712
 BOND   =       842.5799  ANGLE   =      2120.0339  DIHED      =      1366.3379
 UB     =         0.0000  IMP     =         0.0000  CMAP       =       204.6283
 1-4 NB =       982.2666  1-4 EEL =     15155.6258  VDWAALS    =     17275.9020
 EELEC  =   -183496.1457  EHBOND  =         0.0000  RESTRAINT  =         0.0000
 ------------------------------------------------------------------------------

wrapping first mol.:      -59.95674       42.39583       73.43173

 NSTEP =  1540000   TIME(PS) =  153120.000  TEMP(K) =   311.14  PRESS =     0.0
 Etot   =   -113792.3341  EKtot   =     31650.2305  EPtot      =   -145442.5646
 BOND   =       889.9831  ANGLE   =      2066.6170  DIHED      =      1352.3180
 UB     =         0.0000  IMP     =         0.0000  CMAP       =       225.8965
 1-4 NB =       983.3428  1-4 EEL =     15113.9355  VDWAALS    =     17058.3869
 EELEC  =   -183133.0443  EHBOND  =         0.0000  RESTRAINT  =         0.0000
 ------------------------------------------------------------------------------

wrapping first mol.:      -59.95674       42.39583       73.43173

 NSTEP =  1560000   TIME(PS) =  153160.000  TEMP(K) =   310.16  PRESS =     0.0
 Etot   =   -113949.6631  EKtot   =     31550.4766  EPtot      =   -145500.1396
 BOND   =       859.8827  ANGLE   =      2131.5633  DIHED      =      1376.5624
 UB     =         0.0000  IMP     =         0.0000  CMAP       =       232.1056
 1-4 NB =      1001.5458  1-4 EEL =     15096.2487  VDWAALS    =     17506.0824
 EELEC  =   -183704.1305  EHBOND  =         0.0000  RESTRAINT  =         0.0000
 ------------------------------------------------------------------------------

wrapping first mol.:      -59.95674       42.39583       73.43173

 NSTEP =  1580000   TIME(PS) =  153200.000  TEMP(K) =   308.11  PRESS =     0.0
 Etot   =   -113879.8998  EKtot   =     31341.9316  EPtot      =   -145221.8314
 BOND   =       846.0427  ANGLE   =      2169.3836  DIHED      =      1342.8394
 UB     =         0.0000  IMP     =         0.0000  CMAP       =       207.2805
 1-4 NB =       983.1681  1-4 EEL =     15129.0366  VDWAALS    =     16938.6516
 EELEC  =   -182838.2340  EHBOND  =         0.0000  RESTRAINT  =         0.0000
 ------------------------------------------------------------------------------

wrapping first mol.:      -59.95674       42.39583       73.43173

 NSTEP =  1600000   TIME(PS) =  153240.000  TEMP(K) =   311.57  PRESS =     0.0
 Etot   =   -113339.4537  EKtot   =     31693.6074  EPtot      =   -145033.0611
 BOND   =       887.6027  ANGLE   =      2164.1380  DIHED      =      1375.8590
 UB     =         0.0000  IMP     =         0.0000  CMAP       =       218.4355
 1-4 NB =       997.5891  1-4 EEL =     15070.8123  VDWAALS    =     17168.0237
 EELEC  =   -182915.5214  EHBOND  =         0.0000  RESTRAINT  =         0.0000
 ------------------------------------------------------------------------------

wrapping first mol.:      -59.95674       42.39583       73.43173

 NSTEP =  1620000   TIME(PS) =  153280.000  TEMP(K) =   310.85  PRESS =     0.0
 Etot   =   -113611.8525  EKtot   =     31620.2383  EPtot      =   -145232.0908
 BOND   =       831.3970  ANGLE   =      2189.8806  DIHED      =      1351.9668
 UB     =         0.0000  IMP     =         0.0000  CMAP       =       220.2836
 1-4 NB =       997.3920  1-4 EEL =     15045.1661  VDWAALS    =     17517.8719
 EELEC  =   -183386.0486  EHBOND  =         0.0000  RESTRAINT  =         0.0000
 ------------------------------------------------------------------------------

wrapping first mol.:      -59.95674       42.39583       73.43173

 NSTEP =  1640000   TIME(PS) =  153320.000  TEMP(K) =   309.39  PRESS =     0.0
 Etot   =   -113807.4315  EKtot   =     31471.7949  EPtot      =   -145279.2265
 BOND   =       883.6069  ANGLE   =      2145.3264  DIHED      =      1365.7616
 UB     =         0.0000  IMP     =         0.0000  CMAP       =       214.7410
 1-4 NB =       999.3377  1-4 EEL =     15153.8797  VDWAALS    =     17315.5623
 EELEC  =   -183357.4421  EHBOND  =         0.0000  RESTRAINT  =         0.0000
 ------------------------------------------------------------------------------

wrapping first mol.:      -59.95674       42.39583       73.43173

 NSTEP =  1660000   TIME(PS) =  153360.000  TEMP(K) =   310.75  PRESS =     0.0
 Etot   =   -113429.8094  EKtot   =     31610.0664  EPtot      =   -145039.8758
 BOND   =       844.4610  ANGLE   =      2085.9380  DIHED      =      1395.7411
 UB     =         0.0000  IMP     =         0.0000  CMAP       =       231.3779
 1-4 NB =       998.4554  1-4 EEL =     15064.4597  VDWAALS    =     16934.2553
 EELEC  =   -182594.5641  EHBOND  =         0.0000  RESTRAINT  =         0.0000
 ------------------------------------------------------------------------------

wrapping first mol.:      -59.95674       42.39583       73.43173

 NSTEP =  1680000   TIME(PS) =  153400.000  TEMP(K) =   312.47  PRESS =     0.0
 Etot   =   -113147.8824  EKtot   =     31785.5254  EPtot      =   -144933.4078
 BOND   =       870.5686  ANGLE   =      2125.0212  DIHED      =      1373.6608
 UB     =         0.0000  IMP     =         0.0000  CMAP       =       218.8095
 1-4 NB =      1006.6620  1-4 EEL =     15040.8613  VDWAALS    =     17284.0722
 EELEC  =   -182853.0634  EHBOND  =         0.0000  RESTRAINT  =         0.0000
 ------------------------------------------------------------------------------

wrapping first mol.:      -59.95674       42.39583       73.43173

 NSTEP =  1700000   TIME(PS) =  153440.000  TEMP(K) =   306.43  PRESS =     0.0
 Etot   =   -114013.2401  EKtot   =     31170.6289  EPtot      =   -145183.8690
 BOND   =       901.6547  ANGLE   =      2154.0172  DIHED      =      1336.2035
 UB     =         0.0000  IMP     =         0.0000  CMAP       =       213.0639
 1-4 NB =      1002.3481  1-4 EEL =     15093.7573  VDWAALS    =     17130.1047
 EELEC  =   -183015.0185  EHBOND  =         0.0000  RESTRAINT  =         0.0000
 ------------------------------------------------------------------------------

wrapping first mol.:      -59.95674       42.39583       73.43173

 NSTEP =  1720000   TIME(PS) =  153480.000  TEMP(K) =   311.30  PRESS =     0.0
 Etot   =   -113580.7319  EKtot   =     31666.4258  EPtot      =   -145247.1577
 BOND   =       828.8105  ANGLE   =      2063.5261  DIHED      =      1338.4838
 UB     =         0.0000  IMP     =         0.0000  CMAP       =       232.5377
 1-4 NB =      1013.3281  1-4 EEL =     15102.1425  VDWAALS    =     17162.4466
 EELEC  =   -182988.4330  EHBOND  =         0.0000  RESTRAINT  =         0.0000
 ------------------------------------------------------------------------------

wrapping first mol.:      -59.95674       42.39583       73.43173

 NSTEP =  1740000   TIME(PS) =  153520.000  TEMP(K) =   310.36  PRESS =     0.0
 Etot   =   -113673.6534  EKtot   =     31570.3750  EPtot      =   -145244.0284
 BOND   =       846.2276  ANGLE   =      2110.4584  DIHED      =      1374.5455
 UB     =         0.0000  IMP     =         0.0000  CMAP       =       199.5111
 1-4 NB =      1005.8508  1-4 EEL =     15079.2014  VDWAALS    =     17145.4613
 EELEC  =   -183005.2846  EHBOND  =         0.0000  RESTRAINT  =         0.0000
 ------------------------------------------------------------------------------

wrapping first mol.:      -59.95674       42.39583       73.43173

 NSTEP =  1760000   TIME(PS) =  153560.000  TEMP(K) =   310.58  PRESS =     0.0
 Etot   =   -113367.8232  EKtot   =     31593.0703  EPtot      =   -144960.8935
 BOND   =       889.4376  ANGLE   =      2108.1640  DIHED      =      1352.7429
 UB     =         0.0000  IMP     =         0.0000  CMAP       =       220.3565
 1-4 NB =      1005.5895  1-4 EEL =     15134.5991  VDWAALS    =     17218.8607
 EELEC  =   -182890.6438  EHBOND  =         0.0000  RESTRAINT  =         0.0000
 ------------------------------------------------------------------------------

wrapping first mol.:      -59.95674       42.39583       73.43173

 NSTEP =  1780000   TIME(PS) =  153600.000  TEMP(K) =   310.55  PRESS =     0.0
 Etot   =   -113563.8117  EKtot   =     31589.5000  EPtot      =   -145153.3117
 BOND   =       873.5792  ANGLE   =      2160.8218  DIHED      =      1359.0274
 UB     =         0.0000  IMP     =         0.0000  CMAP       =       227.7232
 1-4 NB =       999.6314  1-4 EEL =     15082.8543  VDWAALS    =     17507.7125
 EELEC  =   -183364.6615  EHBOND  =         0.0000  RESTRAINT  =         0.0000
 ------------------------------------------------------------------------------

wrapping first mol.:      -59.95674       42.39583       73.43173

 NSTEP =  1800000   TIME(PS) =  153640.000  TEMP(K) =   312.63  PRESS =     0.0
 Etot   =   -113644.0847  EKtot   =     31801.1348  EPtot      =   -145445.2195
 BOND   =       885.1959  ANGLE   =      2162.3168  DIHED      =      1341.0822
 UB     =         0.0000  IMP     =         0.0000  CMAP       =       219.0938
 1-4 NB =       993.2098  1-4 EEL =     15050.9719  VDWAALS    =     17558.5744
 EELEC  =   -183655.6643  EHBOND  =         0.0000  RESTRAINT  =         0.0000
 ------------------------------------------------------------------------------

wrapping first mol.:      -59.95674       42.39583       73.43173

 NSTEP =  1820000   TIME(PS) =  153680.000  TEMP(K) =   309.00  PRESS =     0.0
 Etot   =   -113553.3962  EKtot   =     31432.5117  EPtot      =   -144985.9079
 BOND   =       841.0242  ANGLE   =      2161.1719  DIHED      =      1386.5076
 UB     =         0.0000  IMP     =         0.0000  CMAP       =       211.0345
 1-4 NB =      1016.3560  1-4 EEL =     15096.1151  VDWAALS    =     17200.6322
 EELEC  =   -182898.7493  EHBOND  =         0.0000  RESTRAINT  =         0.0000
 ------------------------------------------------------------------------------

wrapping first mol.:      -59.95674       42.39583       73.43173

 NSTEP =  1840000   TIME(PS) =  153720.000  TEMP(K) =   309.52  PRESS =     0.0
 Etot   =   -113405.3520  EKtot   =     31485.4863  EPtot      =   -144890.8383
 BOND   =       923.4263  ANGLE   =      2134.1215  DIHED      =      1345.7828
 UB     =         0.0000  IMP     =         0.0000  CMAP       =       226.3340
 1-4 NB =       995.1435  1-4 EEL =     15127.6833  VDWAALS    =     16971.2113
 EELEC  =   -182614.5410  EHBOND  =         0.0000  RESTRAINT  =         0.0000
 ------------------------------------------------------------------------------

wrapping first mol.:      -59.95674       42.39583       73.43173

 NSTEP =  1860000   TIME(PS) =  153760.000  TEMP(K) =   310.46  PRESS =     0.0
 Etot   =   -113387.0696  EKtot   =     31580.7461  EPtot      =   -144967.8157
 BOND   =       897.4640  ANGLE   =      2128.3481  DIHED      =      1347.4130
 UB     =         0.0000  IMP     =         0.0000  CMAP       =       219.6169
 1-4 NB =       995.8089  1-4 EEL =     15105.5450  VDWAALS    =     17139.9898
 EELEC  =   -182802.0013  EHBOND  =         0.0000  RESTRAINT  =         0.0000
 ------------------------------------------------------------------------------

wrapping first mol.:      -59.95674       42.39583       73.43173

 NSTEP =  1880000   TIME(PS) =  153800.000  TEMP(K) =   313.26  PRESS =     0.0
 Etot   =   -113125.9785  EKtot   =     31865.6367  EPtot      =   -144991.6152
 BOND   =       871.2539  ANGLE   =      2104.5307  DIHED      =      1392.8311
 UB     =         0.0000  IMP     =         0.0000  CMAP       =       210.7281
 1-4 NB =      1016.0882  1-4 EEL =     15115.8680  VDWAALS    =     17302.2043
 EELEC  =   -183005.1196  EHBOND  =         0.0000  RESTRAINT  =         0.0000
 ------------------------------------------------------------------------------

wrapping first mol.:      -59.95674       42.39583       73.43173

 NSTEP =  1900000   TIME(PS) =  153840.000  TEMP(K) =   308.17  PRESS =     0.0
 Etot   =   -113733.1202  EKtot   =     31347.9238  EPtot      =   -145081.0440
 BOND   =       818.8006  ANGLE   =      2192.6340  DIHED      =      1345.6286
 UB     =         0.0000  IMP     =         0.0000  CMAP       =       189.7092
 1-4 NB =       998.7295  1-4 EEL =     15153.3581  VDWAALS    =     17300.9559
 EELEC  =   -183080.8600  EHBOND  =         0.0000  RESTRAINT  =         0.0000
 ------------------------------------------------------------------------------

wrapping first mol.:      -59.95674       42.39583       73.43173

 NSTEP =  1920000   TIME(PS) =  153880.000  TEMP(K) =   308.06  PRESS =     0.0
 Etot   =   -114263.6247  EKtot   =     31336.1035  EPtot      =   -145599.7282
 BOND   =       949.7668  ANGLE   =      2140.2183  DIHED      =      1347.9992
 UB     =         0.0000  IMP     =         0.0000  CMAP       =       218.1143
 1-4 NB =       996.1196  1-4 EEL =     15111.2693  VDWAALS    =     17200.0768
 EELEC  =   -183563.2925  EHBOND  =         0.0000  RESTRAINT  =         0.0000
 ------------------------------------------------------------------------------

wrapping first mol.:      -59.95674       42.39583       73.43173

 NSTEP =  1940000   TIME(PS) =  153920.000  TEMP(K) =   310.91  PRESS =     0.0
 Etot   =   -113271.7896  EKtot   =     31626.4102  EPtot      =   -144898.1998
 BOND   =       858.5043  ANGLE   =      2186.5156  DIHED      =      1354.9745
 UB     =         0.0000  IMP     =         0.0000  CMAP       =       210.8445
 1-4 NB =      1005.2843  1-4 EEL =     15108.4805  VDWAALS    =     17030.4504
 EELEC  =   -182653.2540  EHBOND  =         0.0000  RESTRAINT  =         0.0000
 ------------------------------------------------------------------------------

wrapping first mol.:      -59.95674       42.39583       73.43173

 NSTEP =  1960000   TIME(PS) =  153960.000  TEMP(K) =   306.97  PRESS =     0.0
 Etot   =   -114152.4903  EKtot   =     31225.5371  EPtot      =   -145378.0274
 BOND   =       860.0622  ANGLE   =      2122.2223  DIHED      =      1384.1988
 UB     =         0.0000  IMP     =         0.0000  CMAP       =       230.5868
 1-4 NB =      1002.1845  1-4 EEL =     15134.1236  VDWAALS    =     17198.2669
 EELEC  =   -183309.6726  EHBOND  =         0.0000  RESTRAINT  =         0.0000
 ------------------------------------------------------------------------------

wrapping first mol.:      -59.95674       42.39583       73.43173

 NSTEP =  1980000   TIME(PS) =  154000.000  TEMP(K) =   309.11  PRESS =     0.0
 Etot   =   -113610.8936  EKtot   =     31443.0449  EPtot      =   -145053.9385
 BOND   =       870.7504  ANGLE   =      2125.0085  DIHED      =      1356.6633
 UB     =         0.0000  IMP     =         0.0000  CMAP       =       210.9153
 1-4 NB =       982.6669  1-4 EEL =     15130.8344  VDWAALS    =     17232.5071
 EELEC  =   -182963.2843  EHBOND  =         0.0000  RESTRAINT  =         0.0000
 ------------------------------------------------------------------------------

wrapping first mol.:      -59.95674       42.39583       73.43173

 NSTEP =  2000000   TIME(PS) =  154040.000  TEMP(K) =   311.00  PRESS =     0.0
 Etot   =   -113868.5475  EKtot   =     31635.1953  EPtot      =   -145503.7428
 BOND   =       841.7795  ANGLE   =      2117.9504  DIHED      =      1334.5220
 UB     =         0.0000  IMP     =         0.0000  CMAP       =       224.9581
 1-4 NB =      1001.4785  1-4 EEL =     15173.7055  VDWAALS    =     17472.4005
 EELEC  =   -183670.5372  EHBOND  =         0.0000  RESTRAINT  =         0.0000
 ------------------------------------------------------------------------------

wrapping first mol.:      -59.95674       42.39583       73.43173

 NSTEP =  2020000   TIME(PS) =  154080.000  TEMP(K) =   308.54  PRESS =     0.0
 Etot   =   -113420.0141  EKtot   =     31385.2188  EPtot      =   -144805.2328
 BOND   =       840.9748  ANGLE   =      2255.5525  DIHED      =      1369.4799
 UB     =         0.0000  IMP     =         0.0000  CMAP       =       218.0501
 1-4 NB =       993.7324  1-4 EEL =     15171.0055  VDWAALS    =     17384.4095
 EELEC  =   -183038.4375  EHBOND  =         0.0000  RESTRAINT  =         0.0000
 ------------------------------------------------------------------------------

wrapping first mol.:      -59.95674       42.39583       73.43173

 NSTEP =  2040000   TIME(PS) =  154120.000  TEMP(K) =   307.64  PRESS =     0.0
 Etot   =   -114007.5359  EKtot   =     31293.7305  EPtot      =   -145301.2663
 BOND   =       848.0277  ANGLE   =      2071.7906  DIHED      =      1379.0085
 UB     =         0.0000  IMP     =         0.0000  CMAP       =       221.8540
 1-4 NB =       995.7617  1-4 EEL =     15168.5809  VDWAALS    =     17525.7271
 EELEC  =   -183512.0168  EHBOND  =         0.0000  RESTRAINT  =         0.0000
 ------------------------------------------------------------------------------

wrapping first mol.:      -59.95674       42.39583       73.43173

 NSTEP =  2060000   TIME(PS) =  154160.000  TEMP(K) =   306.64  PRESS =     0.0
 Etot   =   -114094.9664  EKtot   =     31192.0098  EPtot      =   -145286.9762
 BOND   =       852.7554  ANGLE   =      2132.8569  DIHED      =      1365.2624
 UB     =         0.0000  IMP     =         0.0000  CMAP       =       232.1691
 1-4 NB =      1015.0986  1-4 EEL =     15228.0281  VDWAALS    =     17211.2110
 EELEC  =   -183324.3578  EHBOND  =         0.0000  RESTRAINT  =         0.0000
 ------------------------------------------------------------------------------

wrapping first mol.:      -59.95674       42.39583       73.43173

 NSTEP =  2080000   TIME(PS) =  154200.000  TEMP(K) =   311.05  PRESS =     0.0
 Etot   =   -113864.4503  EKtot   =     31641.0293  EPtot      =   -145505.4796
 BOND   =       872.1456  ANGLE   =      2147.2478  DIHED      =      1347.1138
 UB     =         0.0000  IMP     =         0.0000  CMAP       =       226.3988
 1-4 NB =      1004.2012  1-4 EEL =     15147.0302  VDWAALS    =     17267.0519
 EELEC  =   -183516.6690  EHBOND  =         0.0000  RESTRAINT  =         0.0000
 ------------------------------------------------------------------------------

wrapping first mol.:      -59.95674       42.39583       73.43173

 NSTEP =  2100000   TIME(PS) =  154240.000  TEMP(K) =   309.60  PRESS =     0.0
 Etot   =   -113685.5835  EKtot   =     31493.1172  EPtot      =   -145178.7007
 BOND   =       898.9689  ANGLE   =      2136.8954  DIHED      =      1342.6033
 UB     =         0.0000  IMP     =         0.0000  CMAP       =       240.7103
 1-4 NB =      1004.1188  1-4 EEL =     15177.4393  VDWAALS    =     17499.4864
 EELEC  =   -183478.9231  EHBOND  =         0.0000  RESTRAINT  =         0.0000
 ------------------------------------------------------------------------------

wrapping first mol.:      -59.95674       42.39583       73.43173

 NSTEP =  2120000   TIME(PS) =  154280.000  TEMP(K) =   309.04  PRESS =     0.0
 Etot   =   -114000.9259  EKtot   =     31436.1367  EPtot      =   -145437.0627
 BOND   =       873.2490  ANGLE   =      2054.4296  DIHED      =      1342.1343
 UB     =         0.0000  IMP     =         0.0000  CMAP       =       230.6421
 1-4 NB =      1005.8261  1-4 EEL =     15232.2584  VDWAALS    =     17497.4233
 EELEC  =   -183673.0254  EHBOND  =         0.0000  RESTRAINT  =         0.0000
 ------------------------------------------------------------------------------

wrapping first mol.:      -59.95674       42.39583       73.43173

 NSTEP =  2140000   TIME(PS) =  154320.000  TEMP(K) =   308.27  PRESS =     0.0
 Etot   =   -113819.9262  EKtot   =     31357.8281  EPtot      =   -145177.7543
 BOND   =       896.6469  ANGLE   =      2085.6469  DIHED      =      1365.8461
 UB     =         0.0000  IMP     =         0.0000  CMAP       =       230.3316
 1-4 NB =       997.1968  1-4 EEL =     15191.9566  VDWAALS    =     17100.2515
 EELEC  =   -183045.6306  EHBOND  =         0.0000  RESTRAINT  =         0.0000
 ------------------------------------------------------------------------------

wrapping first mol.:      -59.95674       42.39583       73.43173

 NSTEP =  2160000   TIME(PS) =  154360.000  TEMP(K) =   308.82  PRESS =     0.0
 Etot   =   -113551.0290  EKtot   =     31413.8926  EPtot      =   -144964.9216
 BOND   =       876.8488  ANGLE   =      2123.1523  DIHED      =      1401.9037
 UB     =         0.0000  IMP     =         0.0000  CMAP       =       218.0576
 1-4 NB =       987.1508  1-4 EEL =     15144.4026  VDWAALS    =     17387.9324
 EELEC  =   -183104.3699  EHBOND  =         0.0000  RESTRAINT  =         0.0000
 ------------------------------------------------------------------------------

wrapping first mol.:      -59.95674       42.39583       73.43173

 NSTEP =  2180000   TIME(PS) =  154400.000  TEMP(K) =   310.45  PRESS =     0.0
 Etot   =   -113348.8874  EKtot   =     31579.6543  EPtot      =   -144928.5417
 BOND   =       837.3846  ANGLE   =      2173.7836  DIHED      =      1383.4459
 UB     =         0.0000  IMP     =         0.0000  CMAP       =       222.4886
 1-4 NB =      1001.1283  1-4 EEL =     15180.8164  VDWAALS    =     17191.9650
 EELEC  =   -182919.5541  EHBOND  =         0.0000  RESTRAINT  =         0.0000
 ------------------------------------------------------------------------------

wrapping first mol.:      -59.95674       42.39583       73.43173

 NSTEP =  2200000   TIME(PS) =  154440.000  TEMP(K) =   309.99  PRESS =     0.0
 Etot   =   -113845.3394  EKtot   =     31532.5391  EPtot      =   -145377.8785
 BOND   =       857.1095  ANGLE   =      2156.4801  DIHED      =      1360.7840
 UB     =         0.0000  IMP     =         0.0000  CMAP       =       231.4760
 1-4 NB =       999.8121  1-4 EEL =     15170.5791  VDWAALS    =     17312.4153
 EELEC  =   -183466.5347  EHBOND  =         0.0000  RESTRAINT  =         0.0000
 ------------------------------------------------------------------------------

wrapping first mol.:      -59.95674       42.39583       73.43173

 NSTEP =  2220000   TIME(PS) =  154480.000  TEMP(K) =   309.57  PRESS =     0.0
 Etot   =   -113770.9168  EKtot   =     31490.3145  EPtot      =   -145261.2312
 BOND   =       847.8377  ANGLE   =      2167.8911  DIHED      =      1375.7037
 UB     =         0.0000  IMP     =         0.0000  CMAP       =       212.0589
 1-4 NB =      1008.8296  1-4 EEL =     15213.9343  VDWAALS    =     16987.7716
 EELEC  =   -183075.2582  EHBOND  =         0.0000  RESTRAINT  =         0.0000
 ------------------------------------------------------------------------------

wrapping first mol.:      -59.95674       42.39583       73.43173

 NSTEP =  2240000   TIME(PS) =  154520.000  TEMP(K) =   311.79  PRESS =     0.0
 Etot   =   -113122.8520  EKtot   =     31716.3027  EPtot      =   -144839.1547
 BOND   =       858.8165  ANGLE   =      2195.3519  DIHED      =      1382.7793
 UB     =         0.0000  IMP     =         0.0000  CMAP       =       224.1724
 1-4 NB =       974.8032  1-4 EEL =     15076.7140  VDWAALS    =     17420.4758
 EELEC  =   -182972.2677  EHBOND  =         0.0000  RESTRAINT  =         0.0000
 ------------------------------------------------------------------------------

wrapping first mol.:      -59.95674       42.39583       73.43173

 NSTEP =  2260000   TIME(PS) =  154560.000  TEMP(K) =   308.00  PRESS =     0.0
 Etot   =   -113636.3161  EKtot   =     31330.6719  EPtot      =   -144966.9880
 BOND   =       904.6354  ANGLE   =      2133.2276  DIHED      =      1377.0074
 UB     =         0.0000  IMP     =         0.0000  CMAP       =       208.6798
 1-4 NB =       989.0901  1-4 EEL =     15190.1655  VDWAALS    =     17261.7129
 EELEC  =   -183031.5066  EHBOND  =         0.0000  RESTRAINT  =         0.0000
 ------------------------------------------------------------------------------

wrapping first mol.:      -59.95674       42.39583       73.43173

 NSTEP =  2280000   TIME(PS) =  154600.000  TEMP(K) =   310.92  PRESS =     0.0
 Etot   =   -113524.6871  EKtot   =     31627.2715  EPtot      =   -145151.9586
 BOND   =       884.8642  ANGLE   =      2216.0949  DIHED      =      1405.2800
 UB     =         0.0000  IMP     =         0.0000  CMAP       =       219.1023
 1-4 NB =      1017.2269  1-4 EEL =     15148.1260  VDWAALS    =     17193.2039
 EELEC  =   -183235.8567  EHBOND  =         0.0000  RESTRAINT  =         0.0000
 ------------------------------------------------------------------------------

wrapping first mol.:      -59.95674       42.39583       73.43173

 NSTEP =  2300000   TIME(PS) =  154640.000  TEMP(K) =   310.92  PRESS =     0.0
 Etot   =   -113636.7812  EKtot   =     31627.9473  EPtot      =   -145264.7284
 BOND   =       896.2448  ANGLE   =      2110.1280  DIHED      =      1369.5960
 UB     =         0.0000  IMP     =         0.0000  CMAP       =       238.1937
 1-4 NB =       991.9058  1-4 EEL =     15105.7443  VDWAALS    =     17370.0819
 EELEC  =   -183346.6228  EHBOND  =         0.0000  RESTRAINT  =         0.0000
 ------------------------------------------------------------------------------

wrapping first mol.:      -59.95674       42.39583       73.43173

 NSTEP =  2320000   TIME(PS) =  154680.000  TEMP(K) =   310.09  PRESS =     0.0
 Etot   =   -113627.4859  EKtot   =     31543.5059  EPtot      =   -145170.9918
 BOND   =       851.6006  ANGLE   =      2098.0862  DIHED      =      1390.4778
 UB     =         0.0000  IMP     =         0.0000  CMAP       =       224.2007
 1-4 NB =      1007.4117  1-4 EEL =     15152.2666  VDWAALS    =     16883.7564
 EELEC  =   -182778.7919  EHBOND  =         0.0000  RESTRAINT  =         0.0000
 ------------------------------------------------------------------------------

wrapping first mol.:      -59.95674       42.39583       73.43173

 NSTEP =  2340000   TIME(PS) =  154720.000  TEMP(K) =   308.22  PRESS =     0.0
 Etot   =   -113752.5459  EKtot   =     31353.1465  EPtot      =   -145105.6924
 BOND   =       849.0297  ANGLE   =      2159.9767  DIHED      =      1377.6424
 UB     =         0.0000  IMP     =         0.0000  CMAP       =       225.0382
 1-4 NB =       999.6446  1-4 EEL =     15139.9806  VDWAALS    =     17295.3413
 EELEC  =   -183152.3460  EHBOND  =         0.0000  RESTRAINT  =         0.0000
 ------------------------------------------------------------------------------

wrapping first mol.:      -59.95674       42.39583       73.43173

 NSTEP =  2360000   TIME(PS) =  154760.000  TEMP(K) =   312.58  PRESS =     0.0
 Etot   =   -113497.1498  EKtot   =     31795.8848  EPtot      =   -145293.0346
 BOND   =       875.0297  ANGLE   =      2104.0848  DIHED      =      1371.8632
 UB     =         0.0000  IMP     =         0.0000  CMAP       =       222.9887
 1-4 NB =       996.9036  1-4 EEL =     15081.5322  VDWAALS    =     17428.2127
 EELEC  =   -183373.6495  EHBOND  =         0.0000  RESTRAINT  =         0.0000
 ------------------------------------------------------------------------------

wrapping first mol.:      -59.95674       42.39583       73.43173

 NSTEP =  2380000   TIME(PS) =  154800.000  TEMP(K) =   309.54  PRESS =     0.0
 Etot   =   -113676.5047  EKtot   =     31486.7832  EPtot      =   -145163.2879
 BOND   =       897.9739  ANGLE   =      2190.9484  DIHED      =      1346.7252
 UB     =         0.0000  IMP     =         0.0000  CMAP       =       219.8065
 1-4 NB =       989.2447  1-4 EEL =     15136.5701  VDWAALS    =     17329.4478
 EELEC  =   -183274.0045  EHBOND  =         0.0000  RESTRAINT  =         0.0000
 ------------------------------------------------------------------------------

wrapping first mol.:      -59.95674       42.39583       73.43173

 NSTEP =  2400000   TIME(PS) =  154840.000  TEMP(K) =   309.90  PRESS =     0.0
 Etot   =   -113727.8227  EKtot   =     31524.0156  EPtot      =   -145251.8383
 BOND   =       844.5418  ANGLE   =      2159.1067  DIHED      =      1335.6669
 UB     =         0.0000  IMP     =         0.0000  CMAP       =       215.3216
 1-4 NB =      1002.9405  1-4 EEL =     15116.2144  VDWAALS    =     16761.0383
 EELEC  =   -182686.6685  EHBOND  =         0.0000  RESTRAINT  =         0.0000
 ------------------------------------------------------------------------------

wrapping first mol.:      -59.95674       42.39583       73.43173

 NSTEP =  2420000   TIME(PS) =  154880.000  TEMP(K) =   309.25  PRESS =     0.0
 Etot   =   -113552.7289  EKtot   =     31458.0918  EPtot      =   -145010.8206
 BOND   =       799.2835  ANGLE   =      2182.7182  DIHED      =      1372.5023
 UB     =         0.0000  IMP     =         0.0000  CMAP       =       220.2743
 1-4 NB =       993.6961  1-4 EEL =     15163.7617  VDWAALS    =     17108.4954
 EELEC  =   -182851.5522  EHBOND  =         0.0000  RESTRAINT  =         0.0000
 ------------------------------------------------------------------------------

wrapping first mol.:      -59.95674       42.39583       73.43173

 NSTEP =  2440000   TIME(PS) =  154920.000  TEMP(K) =   310.04  PRESS =     0.0
 Etot   =   -113924.9043  EKtot   =     31538.0547  EPtot      =   -145462.9590
 BOND   =       857.4309  ANGLE   =      2107.2765  DIHED      =      1329.9019
 UB     =         0.0000  IMP     =         0.0000  CMAP       =       212.0899
 1-4 NB =      1009.3135  1-4 EEL =     15089.6760  VDWAALS    =     17422.8267
 EELEC  =   -183491.4745  EHBOND  =         0.0000  RESTRAINT  =         0.0000
 ------------------------------------------------------------------------------

wrapping first mol.:      -59.95674       42.39583       73.43173

 NSTEP =  2460000   TIME(PS) =  154960.000  TEMP(K) =   307.63  PRESS =     0.0
 Etot   =   -113710.2527  EKtot   =     31292.4062  EPtot      =   -145002.6589
 BOND   =       902.2733  ANGLE   =      2137.1071  DIHED      =      1365.8570
 UB     =         0.0000  IMP     =         0.0000  CMAP       =       203.1721
 1-4 NB =      1007.9430  1-4 EEL =     15074.0043  VDWAALS    =     17436.6202
 EELEC  =   -183129.6360  EHBOND  =         0.0000  RESTRAINT  =         0.0000
 ------------------------------------------------------------------------------

wrapping first mol.:      -59.95674       42.39583       73.43173

 NSTEP =  2480000   TIME(PS) =  155000.000  TEMP(K) =   308.84  PRESS =     0.0
 Etot   =   -113767.0026  EKtot   =     31415.6777  EPtot      =   -145182.6803
 BOND   =       849.5796  ANGLE   =      2203.1578  DIHED      =      1364.2631
 UB     =         0.0000  IMP     =         0.0000  CMAP       =       199.9062
 1-4 NB =      1014.3727  1-4 EEL =     15164.1505  VDWAALS    =     17288.0966
 EELEC  =   -183266.2069  EHBOND  =         0.0000  RESTRAINT  =         0.0000
 ------------------------------------------------------------------------------

wrapping first mol.:      -59.95674       42.39583       73.43173
wrapping first mol.:      -59.95674       42.39583       73.43173

 NSTEP =  2500000   TIME(PS) =  155040.000  TEMP(K) =   308.97  PRESS =     0.0
 Etot   =   -113761.7716  EKtot   =     31428.8926  EPtot      =   -145190.6641
 BOND   =       804.1929  ANGLE   =      2139.6261  DIHED      =      1348.3943
 UB     =         0.0000  IMP     =         0.0000  CMAP       =       216.4497
 1-4 NB =      1004.5495  1-4 EEL =     15061.0973  VDWAALS    =     17214.4068
 EELEC  =   -182979.3808  EHBOND  =         0.0000  RESTRAINT  =         0.0000
 ------------------------------------------------------------------------------


      A V E R A G E S   O V E R     125 S T E P S


 NSTEP =  2500000   TIME(PS) =  155040.000  TEMP(K) =   310.00  PRESS =     0.0
 Etot   =   -113628.2648  EKtot   =     31533.8160  EPtot      =   -145162.0809
 BOND   =       862.7258  ANGLE   =      2147.0840  DIHED      =      1361.1195
 UB     =         0.0000  IMP     =         0.0000  CMAP       =       219.9948
 1-4 NB =      1001.0628  1-4 EEL =     15136.6196  VDWAALS    =     17246.8114
 EELEC  =   -183137.4988  EHBOND  =         0.0000  RESTRAINT  =         0.0000
 ------------------------------------------------------------------------------


      R M S  F L U C T U A T I O N S


 NSTEP =  2500000   TIME(PS) =  155040.000  TEMP(K) =     1.48  PRESS =     0.0
 Etot   =       259.1370  EKtot   =       150.4177  EPtot      =       207.8828
 BOND   =        28.0069  ANGLE   =        43.3160  DIHED      =        19.5593
 UB     =         0.0000  IMP     =         0.0000  CMAP       =        10.6890
 1-4 NB =        11.7172  1-4 EEL =        50.5793  VDWAALS    =       183.0088
 EELEC  =       300.3471  EHBOND  =         0.0000  RESTRAINT  =         0.0000
 ------------------------------------------------------------------------------

--------------------------------------------------------------------------------
   5.  TIMINGS
--------------------------------------------------------------------------------

|  NonSetup CPU Time in Major Routines:
|
|     Routine           Sec        %
|     ------------------------------
|     Nonbond         138.24   15.36
|     Bond              0.00    0.00
|     Angle             0.00    0.00
|     Dihedral          0.00    0.00
|     Shake             9.66    1.07
|     RunMD           750.11   83.33
|     Other             2.16    0.24
|     ------------------------------
|     Total           900.17

|  PME Nonbond Pairlist CPU Time:
|
|     Routine              Sec        %
|     ---------------------------------
|     Set Up Cit           0.00    0.00
|     Build List           0.00    0.00
|     ---------------------------------
|     Total                0.00    0.00

|  PME Direct Force CPU Time:
|
|     Routine              Sec        %
|     ---------------------------------
|     NonBonded Calc       0.00    0.00
|     Exclude Masked       0.00    0.00
|     Other                1.37    0.15
|     ---------------------------------
|     Total                1.37    0.15

|  PME Reciprocal Force CPU Time:
|
|     Routine              Sec        %
|     ---------------------------------
|     1D bspline           0.00    0.00
|     Grid Charges         0.00    0.00
|     Scalar Sum           0.00    0.00
|     Gradient Sum         0.00    0.00
|     FFT                  0.00    0.00
|     ---------------------------------
|     Total                0.00    0.00

|  Final Performance Info:
|     -----------------------------------------------------
|     Average timings for last  140000 steps:
|     Elapsed(s) =      50.65 Per Step(ms) =       0.36
|         ns/day =     477.61   seconds/ns =     180.90
|
|     Average timings for all steps:
|     Elapsed(s) =     901.67 Per Step(ms) =       0.36
|         ns/day =     479.11   seconds/ns =     180.33
|     -----------------------------------------------------

|  Setup CPU time:            0.79 seconds
|  NonSetup CPU time:       900.17 seconds
|  Total CPU time:          900.96 seconds     0.25 hours

|  Setup wall time:           2    seconds
|  NonSetup wall time:      901    seconds
|  Total wall time:         903    seconds     0.25 hours
