
          -------------------------------------------------------
          Amber 24 PMEMD                              2024
          -------------------------------------------------------

| PMEMD implementation of SANDER, Release 24

|  Compiled date/time: Thu Apr  3 17:55:38 2025
| Run on 11/12/2025 at 18:28:37

|   Executable path: pmemd.cuda_SPFP
| Working directory: /rs1/researchers/h/hall/vtnguye4/Amber_restart/cappedP1L38M/mdsimP1L38M/newP1L38Mcapped_Simulation2
|          Hostname: gpu28

  [-O]verwriting output

File Assignments:
|   MDIN: /rs1/researchers/h/hall/vtnguye4/Amber_restart/cappedP1L38M/mdsimP1L38
|  MDOUT: ./OUT_Files/equil76.out                                               
| INPCRD: ./RST_Files/equil75.rst7                                              
|   PARM: ./PRMTOP_Files/newP1L38Mcapped.prmtop                                 
| RESTRT: ./RST_Files/equil76.rst7                                              
|   REFC: refc                                                                  
|  MDVEL: mdvel                                                                 
|   MDEN: mden                                                                  
|  MDCRD: ./nc_Files/equil76.nc                                                 
| MDINFO: mdinfo                                                                
|  MDFRC: mdfrc                                                                 


 Here is the input file:

!Stage equilibration 5ns                                                       
&cntrl                                                                         
imin=0, irest=1, ntx=5,                                                        
nstlim=2500000, dt=0.002,                                                      
ntc=2, ntf=2, ig=-1,                                                           
ntt=3, gamma_ln=2.0,                                                           
tempi=310.0, temp0=310.0,                                                      
ntxo=2, ioutfm=1,                                                              
ntpr=20000, ntwx=20000,                                                        
ntb=1,                                                                         
cut=9.0,                                                                       
iwrap=1,                                                                       
/                                                                              


Note: ig = -1. Setting random seed to   763204 based on wallclock time in 
      microseconds.
| irandom = 1, using AMBER's internal random number generator (default).
 
|--------------------- INFORMATION ----------------------
| GPU (CUDA) Version of PMEMD in use: NVIDIA GPU IN USE.
|                    Version 18.0.0
| 
|                      03/25/2018
| 
| Implementation by:
|                    Ross C. Walker     (SDSC)
|                    Scott Le Grand     (nVIDIA)
| 
| Version 18 performance extensions by:
|                    David Cerutti     (Rutgers)
| 
| Precision model in use:
|      [SPFP] - Single Precision Forces, 64-bit Fixed Point
|               Accumulation. (Default)
| 
|--------------------------------------------------------
 
|----------------- CITATION INFORMATION -----------------
|
|    When publishing work that utilized the CUDA version
|    of AMBER, please cite the following in addition to
|    the regular AMBER citations:
|
|  - Romelia Salomon-Ferrer; Andreas W. Goetz; Duncan
|    Poole; Scott Le Grand; Ross C. Walker "Routine
|    microsecond molecular dynamics simulations with
|    AMBER - Part II: Particle Mesh Ewald", J. Chem.
|    Theory Comput., 2013, 9 (9), pp3878-3888,
|    DOI: 10.1021/ct400314y.
|
|  - Andreas W. Goetz; Mark J. Williamson; Dong Xu;
|    Duncan Poole; Scott Le Grand; Ross C. Walker
|    "Routine microsecond molecular dynamics simulations
|    with AMBER - Part I: Generalized Born", J. Chem.
|    Theory Comput., 2012, 8 (5), pp1542-1555.
|
|  - Scott Le Grand; Andreas W. Goetz; Ross C. Walker
|    "SPFP: Speed without compromise - a mixed precision
|    model for GPU accelerated molecular dynamics
|    simulations.", Comp. Phys. Comm., 2013, 184
|    pp374-380, DOI: 10.1016/j.cpc.2012.09.022
|
|--------------------------------------------------------
 
|------------------- GPU DEVICE INFO --------------------
|
|            CUDA_VISIBLE_DEVICES: 0
|   CUDA Capable Devices Detected:      1
|           CUDA Device ID in use:      0
|                CUDA Device Name: NVIDIA L40S
|     CUDA Device Global Mem Size:  45487 MB
| CUDA Device Num Multiprocessors:    142
|           CUDA Device Core Freq:   2.52 GHz
|
|--------------------------------------------------------
 
 
| Conditional Compilation Defines Used:
| PUBFFT
| BINTRAJ
| CUDA
| EMIL

| Largest sphere to fit in unit cell has radius =    36.716

| New format PARM file being parsed.
| Version =    1.000 Date = 10/30/25 Time = 23:32:29

| Note: 1-4 EEL scale factors are being read from the topology file.

| Note: 1-4 VDW scale factors are being read from the topology file.
| Duplicated    0 dihedrals

| Duplicated    0 dihedrals

--------------------------------------------------------------------------------
   1.  RESOURCE   USE: 
--------------------------------------------------------------------------------

 getting box info from netcdf restart file
 NATOM  =   50023 NTYPES =      12 NBONH =   47691 MBONA  =    2332
 NTHETH =    5236 MTHETA =    3080 NPHIH =   10252 MPHIA  =    9504
 NHPARM =       0 NPARM  =       0 NNB   =   84972 NRES   =   15501
 NBONA  =    2332 NTHETA =    3080 NPHIA =    9504 NUMBND =      29
 NUMANG =      57 NPTRA  =      64 NATYP =      17 NPHB   =       0
 IFBOX  =       2 NMXRS  =      21 IFCAP =       0 NEXTRA =       0
 NCOPY  =       0

| Coordinate Index Table dimensions:    15   15   15
| Direct force subcell size =     5.9957    5.9957    5.9957

     BOX TYPE: TRUNCATED OCTAHEDRON

--------------------------------------------------------------------------------
   2.  CONTROL  DATA  FOR  THE  RUN
--------------------------------------------------------------------------------

default_name                                                                    

General flags:
     imin    =       0, nmropt  =       0

Nature and format of input:
     ntx     =       5, irest   =       1, ntrx    =       1

Nature and format of output:
     ntxo    =       2, ntpr    =   20000, ntrx    =       1, ntwr    = 2500000
     iwrap   =       1, ntwx    =   20000, ntwv    =       0, ntwe    =       0
     ioutfm  =       1, ntwprt  =       0, idecomp =       0, rbornstat=      0

Potential function:
     ntf     =       2, ntb     =       1, igb     =       0, nsnb    =      25
     ipol    =       0, gbsa    =       0, iesp    =       0
     dielc   =   1.00000, cut     =   9.00000, intdiel =   1.00000

Frozen or restrained atoms:
     ibelly  =       0, ntr     =       0

Molecular dynamics:
     nstlim  =   2500000, nscm    =      1000, nrespa  =         1
     t       =   0.00000, dt      =   0.00200, vlimit  =  -1.00000

Langevin dynamics temperature regulation:
     ig      =  763204
     temp0   = 310.00000, tempi   = 310.00000, gamma_ln=   2.00000

SHAKE:
     ntc     =       2, jfastw  =       0
     tol     =   0.00001

| Intermolecular bonds treatment:
|     no_intermolecular_bonds =       1

| Energy averages sample interval:
|     ene_avg_sampling =   20000

Ewald parameters:
     verbose =       0, ew_type =       0, nbflag  =       1, use_pme =       1
     vdwmeth =       1, eedmeth =       1, netfrc  =       1
     Box X =   89.935   Box Y =   89.935   Box Z =   89.935
     Alpha =  109.471   Beta  =  109.471   Gamma =  109.471
     NFFT1 =   96       NFFT2 =   96       NFFT3 =   96
     Cutoff=    9.000   Tol   =0.100E-04
     Ewald Coefficient =  0.30768
     Interpolation order =    4

--------------------------------------------------------------------------------
   3.  ATOMIC COORDINATES AND VELOCITIES
--------------------------------------------------------------------------------

default_name                                                                    
 begin time read from input coords =375039.999 ps

 
 Number of triangulated 3-point waters found:    15105

     Sum of charges from parm topology file =  -0.00000043
     Forcing neutrality...

| Dynamic Memory, Types Used:
| Reals             1595957
| Integers          2018996

| Nonbonded Pairs Initial Allocation:    11405244

| GPU memory information (estimate):
| KB of GPU memory in use:    394016
| KB of CPU memory in use:    114218

--------------------------------------------------------------------------------
   4.  RESULTS
--------------------------------------------------------------------------------

wrapping first mol.:       29.97838       42.39583       73.43173

 NSTEP =    20000   TIME(PS) =  375079.999  TEMP(K) =   308.69  PRESS =     0.0
 Etot   =   -113940.7042  EKtot   =     31400.4863  EPtot      =   -145341.1906
 BOND   =       890.5319  ANGLE   =      2192.7820  DIHED      =      1375.1790
 UB     =         0.0000  IMP     =         0.0000  CMAP       =       166.5804
 1-4 NB =       998.3548  1-4 EEL =     15015.7526  VDWAALS    =     17657.6552
 EELEC  =   -183638.0264  EHBOND  =         0.0000  RESTRAINT  =         0.0000
 ------------------------------------------------------------------------------

wrapping first mol.:       29.97838       42.39583       73.43173

 NSTEP =    40000   TIME(PS) =  375119.999  TEMP(K) =   312.04  PRESS =     0.0
 Etot   =   -113383.4604  EKtot   =     31741.5176  EPtot      =   -145124.9780
 BOND   =       849.3491  ANGLE   =      2096.0465  DIHED      =      1370.5974
 UB     =         0.0000  IMP     =         0.0000  CMAP       =       194.7980
 1-4 NB =      1008.5358  1-4 EEL =     15075.9978  VDWAALS    =     17278.2975
 EELEC  =   -182998.6001  EHBOND  =         0.0000  RESTRAINT  =         0.0000
 ------------------------------------------------------------------------------

wrapping first mol.:       29.97838       42.39583       73.43173

 NSTEP =    60000   TIME(PS) =  375159.999  TEMP(K) =   310.44  PRESS =     0.0
 Etot   =   -114069.7856  EKtot   =     31578.2949  EPtot      =   -145648.0805
 BOND   =       887.3080  ANGLE   =      2113.6175  DIHED      =      1369.7882
 UB     =         0.0000  IMP     =         0.0000  CMAP       =       179.0174
 1-4 NB =       990.9482  1-4 EEL =     15014.0021  VDWAALS    =     17430.2112
 EELEC  =   -183632.9730  EHBOND  =         0.0000  RESTRAINT  =         0.0000
 ------------------------------------------------------------------------------

wrapping first mol.:       29.97838       42.39583       73.43173

 NSTEP =    80000   TIME(PS) =  375199.999  TEMP(K) =   311.37  PRESS =     0.0
 Etot   =   -113384.4260  EKtot   =     31673.7344  EPtot      =   -145058.1604
 BOND   =       867.9791  ANGLE   =      2183.8421  DIHED      =      1349.0150
 UB     =         0.0000  IMP     =         0.0000  CMAP       =       182.8200
 1-4 NB =      1000.1756  1-4 EEL =     14987.2341  VDWAALS    =     17202.4368
 EELEC  =   -182831.6632  EHBOND  =         0.0000  RESTRAINT  =         0.0000
 ------------------------------------------------------------------------------

wrapping first mol.:       29.97838       42.39583       73.43173

 NSTEP =   100000   TIME(PS) =  375239.999  TEMP(K) =   310.24  PRESS =     0.0
 Etot   =   -113540.0031  EKtot   =     31558.5684  EPtot      =   -145098.5714
 BOND   =       875.8834  ANGLE   =      2164.5564  DIHED      =      1376.5009
 UB     =         0.0000  IMP     =         0.0000  CMAP       =       179.6749
 1-4 NB =       993.4831  1-4 EEL =     15032.8932  VDWAALS    =     17080.9106
 EELEC  =   -182802.4739  EHBOND  =         0.0000  RESTRAINT  =         0.0000
 ------------------------------------------------------------------------------

wrapping first mol.:       29.97838       42.39583       73.43173

 NSTEP =   120000   TIME(PS) =  375279.999  TEMP(K) =   311.53  PRESS =     0.0
 Etot   =   -113788.5953  EKtot   =     31689.9902  EPtot      =   -145478.5855
 BOND   =       842.9368  ANGLE   =      2154.8715  DIHED      =      1339.6578
 UB     =         0.0000  IMP     =         0.0000  CMAP       =       185.2973
 1-4 NB =       993.1766  1-4 EEL =     15090.7282  VDWAALS    =     17645.7523
 EELEC  =   -183731.0061  EHBOND  =         0.0000  RESTRAINT  =         0.0000
 ------------------------------------------------------------------------------

wrapping first mol.:       29.97838       42.39583       73.43173

 NSTEP =   140000   TIME(PS) =  375319.999  TEMP(K) =   310.08  PRESS =     0.0
 Etot   =   -113564.5947  EKtot   =     31541.9922  EPtot      =   -145106.5869
 BOND   =       820.2622  ANGLE   =      2148.1845  DIHED      =      1363.6437
 UB     =         0.0000  IMP     =         0.0000  CMAP       =       183.8335
 1-4 NB =       991.5907  1-4 EEL =     15099.0718  VDWAALS    =     17171.3913
 EELEC  =   -182884.5644  EHBOND  =         0.0000  RESTRAINT  =         0.0000
 ------------------------------------------------------------------------------

wrapping first mol.:       29.97838       42.39583       73.43173

 NSTEP =   160000   TIME(PS) =  375359.999  TEMP(K) =   308.19  PRESS =     0.0
 Etot   =   -114124.4732  EKtot   =     31349.9102  EPtot      =   -145474.3834
 BOND   =       888.9831  ANGLE   =      2125.1921  DIHED      =      1346.5291
 UB     =         0.0000  IMP     =         0.0000  CMAP       =       173.1351
 1-4 NB =       993.0276  1-4 EEL =     15068.6274  VDWAALS    =     17393.9618
 EELEC  =   -183463.8396  EHBOND  =         0.0000  RESTRAINT  =         0.0000
 ------------------------------------------------------------------------------

wrapping first mol.:       29.97838       42.39583       73.43173

 NSTEP =   180000   TIME(PS) =  375399.999  TEMP(K) =   310.64  PRESS =     0.0
 Etot   =   -113613.9525  EKtot   =     31598.7949  EPtot      =   -145212.7474
 BOND   =       844.9866  ANGLE   =      2185.0226  DIHED      =      1383.4422
 UB     =         0.0000  IMP     =         0.0000  CMAP       =       192.5075
 1-4 NB =      1008.2887  1-4 EEL =     15075.6970  VDWAALS    =     16928.8817
 EELEC  =   -182831.5738  EHBOND  =         0.0000  RESTRAINT  =         0.0000
 ------------------------------------------------------------------------------

wrapping first mol.:       29.97838       42.39583       73.43173

 NSTEP =   200000   TIME(PS) =  375439.999  TEMP(K) =   308.71  PRESS =     0.0
 Etot   =   -113762.1494  EKtot   =     31403.0762  EPtot      =   -145165.2256
 BOND   =       847.0369  ANGLE   =      2160.4729  DIHED      =      1375.8724
 UB     =         0.0000  IMP     =         0.0000  CMAP       =       188.4009
 1-4 NB =       993.0748  1-4 EEL =     15020.8583  VDWAALS    =     17127.8608
 EELEC  =   -182878.8025  EHBOND  =         0.0000  RESTRAINT  =         0.0000
 ------------------------------------------------------------------------------

wrapping first mol.:       29.97838       42.39583       73.43173

 NSTEP =   220000   TIME(PS) =  375479.999  TEMP(K) =   308.70  PRESS =     0.0
 Etot   =   -113821.1194  EKtot   =     31401.3652  EPtot      =   -145222.4847
 BOND   =       871.7435  ANGLE   =      2240.9154  DIHED      =      1331.3970
 UB     =         0.0000  IMP     =         0.0000  CMAP       =       194.9448
 1-4 NB =       980.1198  1-4 EEL =     15097.7983  VDWAALS    =     17114.8031
 EELEC  =   -183054.2067  EHBOND  =         0.0000  RESTRAINT  =         0.0000
 ------------------------------------------------------------------------------

wrapping first mol.:       29.97838       42.39583       73.43173

 NSTEP =   240000   TIME(PS) =  375519.999  TEMP(K) =   309.19  PRESS =     0.0
 Etot   =   -113452.3425  EKtot   =     31451.1855  EPtot      =   -144903.5280
 BOND   =       832.0702  ANGLE   =      2129.9671  DIHED      =      1337.3493
 UB     =         0.0000  IMP     =         0.0000  CMAP       =       194.8047
 1-4 NB =      1003.0976  1-4 EEL =     15083.4651  VDWAALS    =     17070.7316
 EELEC  =   -182555.0137  EHBOND  =         0.0000  RESTRAINT  =         0.0000
 ------------------------------------------------------------------------------

wrapping first mol.:       29.97838       42.39583       73.43173

 NSTEP =   260000   TIME(PS) =  375559.999  TEMP(K) =   310.93  PRESS =     0.0
 Etot   =   -113805.5389  EKtot   =     31628.7031  EPtot      =   -145434.2420
 BOND   =       852.2441  ANGLE   =      2119.7197  DIHED      =      1336.1766
 UB     =         0.0000  IMP     =         0.0000  CMAP       =       208.3760
 1-4 NB =       998.1937  1-4 EEL =     15102.3884  VDWAALS    =     17139.9648
 EELEC  =   -183191.3052  EHBOND  =         0.0000  RESTRAINT  =         0.0000
 ------------------------------------------------------------------------------

wrapping first mol.:       29.97838       42.39583       73.43173

 NSTEP =   280000   TIME(PS) =  375599.999  TEMP(K) =   309.71  PRESS =     0.0
 Etot   =   -113606.3248  EKtot   =     31504.8242  EPtot      =   -145111.1490
 BOND   =       848.7140  ANGLE   =      2154.0086  DIHED      =      1389.3114
 UB     =         0.0000  IMP     =         0.0000  CMAP       =       195.4149
 1-4 NB =       996.3537  1-4 EEL =     15158.1197  VDWAALS    =     17064.1494
 EELEC  =   -182917.2206  EHBOND  =         0.0000  RESTRAINT  =         0.0000
 ------------------------------------------------------------------------------

wrapping first mol.:       29.97838       42.39583       73.43173

 NSTEP =   300000   TIME(PS) =  375639.999  TEMP(K) =   310.96  PRESS =     0.0
 Etot   =   -113958.3844  EKtot   =     31631.2773  EPtot      =   -145589.6618
 BOND   =       809.8366  ANGLE   =      2108.4566  DIHED      =      1336.6860
 UB     =         0.0000  IMP     =         0.0000  CMAP       =       214.3279
 1-4 NB =       987.3990  1-4 EEL =     15129.0651  VDWAALS    =     17358.5009
 EELEC  =   -183533.9340  EHBOND  =         0.0000  RESTRAINT  =         0.0000
 ------------------------------------------------------------------------------

wrapping first mol.:       29.97838       42.39583       73.43173

 NSTEP =   320000   TIME(PS) =  375679.999  TEMP(K) =   310.03  PRESS =     0.0
 Etot   =   -113648.3600  EKtot   =     31537.0391  EPtot      =   -145185.3990
 BOND   =       859.0738  ANGLE   =      2057.6711  DIHED      =      1366.8373
 UB     =         0.0000  IMP     =         0.0000  CMAP       =       198.7850
 1-4 NB =       997.7208  1-4 EEL =     15075.1319  VDWAALS    =     17275.7559
 EELEC  =   -183016.3749  EHBOND  =         0.0000  RESTRAINT  =         0.0000
 ------------------------------------------------------------------------------

wrapping first mol.:       29.97838       42.39583       73.43173

 NSTEP =   340000   TIME(PS) =  375719.999  TEMP(K) =   310.07  PRESS =     0.0
 Etot   =   -113827.5369  EKtot   =     31541.1133  EPtot      =   -145368.6501
 BOND   =       876.5480  ANGLE   =      2103.7237  DIHED      =      1354.1291
 UB     =         0.0000  IMP     =         0.0000  CMAP       =       207.2871
 1-4 NB =       983.6053  1-4 EEL =     15107.0284  VDWAALS    =     17252.8531
 EELEC  =   -183253.8248  EHBOND  =         0.0000  RESTRAINT  =         0.0000
 ------------------------------------------------------------------------------

wrapping first mol.:       29.97838       42.39583       73.43173

 NSTEP =   360000   TIME(PS) =  375759.999  TEMP(K) =   310.19  PRESS =     0.0
 Etot   =   -113833.7305  EKtot   =     31553.2500  EPtot      =   -145386.9805
 BOND   =       853.1015  ANGLE   =      2143.5018  DIHED      =      1353.8590
 UB     =         0.0000  IMP     =         0.0000  CMAP       =       175.6811
 1-4 NB =       970.7491  1-4 EEL =     15103.4943  VDWAALS    =     17446.4685
 EELEC  =   -183433.8359  EHBOND  =         0.0000  RESTRAINT  =         0.0000
 ------------------------------------------------------------------------------

wrapping first mol.:       29.97838       42.39583       73.43173

 NSTEP =   380000   TIME(PS) =  375799.999  TEMP(K) =   314.50  PRESS =     0.0
 Etot   =   -113328.5984  EKtot   =     31991.2656  EPtot      =   -145319.8640
 BOND   =       878.3041  ANGLE   =      2112.1470  DIHED      =      1342.2759
 UB     =         0.0000  IMP     =         0.0000  CMAP       =       174.7350
 1-4 NB =       990.1205  1-4 EEL =     15083.7831  VDWAALS    =     17442.0266
 EELEC  =   -183343.2561  EHBOND  =         0.0000  RESTRAINT  =         0.0000
 ------------------------------------------------------------------------------

wrapping first mol.:       29.97838       42.39583       73.43173

 NSTEP =   400000   TIME(PS) =  375839.999  TEMP(K) =   309.16  PRESS =     0.0
 Etot   =   -113743.7421  EKtot   =     31448.0566  EPtot      =   -145191.7987
 BOND   =       842.1535  ANGLE   =      2067.6057  DIHED      =      1356.5968
 UB     =         0.0000  IMP     =         0.0000  CMAP       =       193.0058
 1-4 NB =       984.5846  1-4 EEL =     15104.6518  VDWAALS    =     17345.8779
 EELEC  =   -183086.2748  EHBOND  =         0.0000  RESTRAINT  =         0.0000
 ------------------------------------------------------------------------------

wrapping first mol.:       29.97838       42.39583       73.43173

 NSTEP =   420000   TIME(PS) =  375879.999  TEMP(K) =   312.23  PRESS =     0.0
 Etot   =   -113703.3317  EKtot   =     31760.9473  EPtot      =   -145464.2790
 BOND   =       891.4042  ANGLE   =      2174.0233  DIHED      =      1352.6340
 UB     =         0.0000  IMP     =         0.0000  CMAP       =       194.0328
 1-4 NB =       994.4286  1-4 EEL =     15079.6634  VDWAALS    =     17036.0678
 EELEC  =   -183186.5330  EHBOND  =         0.0000  RESTRAINT  =         0.0000
 ------------------------------------------------------------------------------

wrapping first mol.:       29.97838       42.39583       73.43173

 NSTEP =   440000   TIME(PS) =  375919.999  TEMP(K) =   309.14  PRESS =     0.0
 Etot   =   -113739.3810  EKtot   =     31446.2305  EPtot      =   -145185.6114
 BOND   =       877.9082  ANGLE   =      2136.4761  DIHED      =      1332.3225
 UB     =         0.0000  IMP     =         0.0000  CMAP       =       200.3829
 1-4 NB =       996.6659  1-4 EEL =     14983.5683  VDWAALS    =     17625.6051
 EELEC  =   -183338.5405  EHBOND  =         0.0000  RESTRAINT  =         0.0000
 ------------------------------------------------------------------------------

wrapping first mol.:       29.97838       42.39583       73.43173

 NSTEP =   460000   TIME(PS) =  375959.999  TEMP(K) =   312.18  PRESS =     0.0
 Etot   =   -113394.6776  EKtot   =     31756.1387  EPtot      =   -145150.8163
 BOND   =       894.8306  ANGLE   =      2094.0806  DIHED      =      1352.4613
 UB     =         0.0000  IMP     =         0.0000  CMAP       =       194.2364
 1-4 NB =      1006.1180  1-4 EEL =     14972.6050  VDWAALS    =     17090.4542
 EELEC  =   -182755.6023  EHBOND  =         0.0000  RESTRAINT  =         0.0000
 ------------------------------------------------------------------------------

wrapping first mol.:       29.97838       42.39583       73.43173

 NSTEP =   480000   TIME(PS) =  375999.999  TEMP(K) =   308.37  PRESS =     0.0
 Etot   =   -113751.7319  EKtot   =     31368.4590  EPtot      =   -145120.1909
 BOND   =       846.4888  ANGLE   =      2117.7689  DIHED      =      1338.2479
 UB     =         0.0000  IMP     =         0.0000  CMAP       =       207.1639
 1-4 NB =       983.2285  1-4 EEL =     15036.3190  VDWAALS    =     17061.8518
 EELEC  =   -182711.2597  EHBOND  =         0.0000  RESTRAINT  =         0.0000
 ------------------------------------------------------------------------------

wrapping first mol.:       29.97838       42.39583       73.43173

 NSTEP =   500000   TIME(PS) =  376039.999  TEMP(K) =   310.54  PRESS =     0.0
 Etot   =   -113553.5322  EKtot   =     31588.3750  EPtot      =   -145141.9072
 BOND   =       876.0645  ANGLE   =      2212.6554  DIHED      =      1363.7442
 UB     =         0.0000  IMP     =         0.0000  CMAP       =       192.7271
 1-4 NB =       993.4858  1-4 EEL =     15009.4736  VDWAALS    =     17609.3671
 EELEC  =   -183399.4250  EHBOND  =         0.0000  RESTRAINT  =         0.0000
 ------------------------------------------------------------------------------

wrapping first mol.:       29.97838       42.39583       73.43173

 NSTEP =   520000   TIME(PS) =  376079.999  TEMP(K) =   309.05  PRESS =     0.0
 Etot   =   -113769.4147  EKtot   =     31437.2754  EPtot      =   -145206.6901
 BOND   =       860.7892  ANGLE   =      2116.4735  DIHED      =      1364.8388
 UB     =         0.0000  IMP     =         0.0000  CMAP       =       192.8529
 1-4 NB =       986.1019  1-4 EEL =     15021.4503  VDWAALS    =     17263.1839
 EELEC  =   -183012.3808  EHBOND  =         0.0000  RESTRAINT  =         0.0000
 ------------------------------------------------------------------------------

wrapping first mol.:       29.97838       42.39583       73.43173

 NSTEP =   540000   TIME(PS) =  376119.999  TEMP(K) =   306.96  PRESS =     0.0
 Etot   =   -113954.6297  EKtot   =     31225.1406  EPtot      =   -145179.7703
 BOND   =       850.3801  ANGLE   =      2221.9216  DIHED      =      1340.4140
 UB     =         0.0000  IMP     =         0.0000  CMAP       =       187.1070
 1-4 NB =       981.5348  1-4 EEL =     15003.7859  VDWAALS    =     17032.8304
 EELEC  =   -182797.7441  EHBOND  =         0.0000  RESTRAINT  =         0.0000
 ------------------------------------------------------------------------------

wrapping first mol.:       29.97838       42.39583       73.43173

 NSTEP =   560000   TIME(PS) =  376159.999  TEMP(K) =   309.78  PRESS =     0.0
 Etot   =   -113878.4829  EKtot   =     31511.2363  EPtot      =   -145389.7192
 BOND   =       848.6085  ANGLE   =      2132.4630  DIHED      =      1354.3755
 UB     =         0.0000  IMP     =         0.0000  CMAP       =       199.3421
 1-4 NB =       980.9431  1-4 EEL =     15052.2502  VDWAALS    =     17419.8865
 EELEC  =   -183377.5880  EHBOND  =         0.0000  RESTRAINT  =         0.0000
 ------------------------------------------------------------------------------

wrapping first mol.:       29.97838       42.39583       73.43173

 NSTEP =   580000   TIME(PS) =  376199.999  TEMP(K) =   309.27  PRESS =     0.0
 Etot   =   -113879.4118  EKtot   =     31459.3750  EPtot      =   -145338.7868
 BOND   =       895.5091  ANGLE   =      2186.6999  DIHED      =      1328.7956
 UB     =         0.0000  IMP     =         0.0000  CMAP       =       222.3851
 1-4 NB =       972.6306  1-4 EEL =     15006.7670  VDWAALS    =     17321.8383
 EELEC  =   -183273.4123  EHBOND  =         0.0000  RESTRAINT  =         0.0000
 ------------------------------------------------------------------------------

wrapping first mol.:       29.97838       42.39583       73.43173

 NSTEP =   600000   TIME(PS) =  376239.999  TEMP(K) =   308.35  PRESS =     0.0
 Etot   =   -114094.4273  EKtot   =     31366.3945  EPtot      =   -145460.8219
 BOND   =       859.9325  ANGLE   =      2142.6337  DIHED      =      1356.0642
 UB     =         0.0000  IMP     =         0.0000  CMAP       =       177.2673
 1-4 NB =       983.1607  1-4 EEL =     15042.5169  VDWAALS    =     17156.2054
 EELEC  =   -183178.6027  EHBOND  =         0.0000  RESTRAINT  =         0.0000
 ------------------------------------------------------------------------------

wrapping first mol.:       29.97838       42.39583       73.43173

 NSTEP =   620000   TIME(PS) =  376279.999  TEMP(K) =   312.81  PRESS =     0.0
 Etot   =   -113220.3685  EKtot   =     31819.7344  EPtot      =   -145040.1029
 BOND   =       857.2618  ANGLE   =      2119.7435  DIHED      =      1350.6542
 UB     =         0.0000  IMP     =         0.0000  CMAP       =       184.6472
 1-4 NB =       982.1096  1-4 EEL =     15049.3500  VDWAALS    =     17350.6804
 EELEC  =   -182934.5498  EHBOND  =         0.0000  RESTRAINT  =         0.0000
 ------------------------------------------------------------------------------

wrapping first mol.:       29.97838       42.39583       73.43173

 NSTEP =   640000   TIME(PS) =  376319.999  TEMP(K) =   309.35  PRESS =     0.0
 Etot   =   -113780.7295  EKtot   =     31467.8066  EPtot      =   -145248.5361
 BOND   =       833.0758  ANGLE   =      2153.4348  DIHED      =      1338.8580
 UB     =         0.0000  IMP     =         0.0000  CMAP       =       192.0514
 1-4 NB =      1004.0832  1-4 EEL =     15153.5732  VDWAALS    =     17066.6519
 EELEC  =   -182990.2644  EHBOND  =         0.0000  RESTRAINT  =         0.0000
 ------------------------------------------------------------------------------

wrapping first mol.:       29.97838       42.39583       73.43173

 NSTEP =   660000   TIME(PS) =  376359.999  TEMP(K) =   309.53  PRESS =     0.0
 Etot   =   -114118.3332  EKtot   =     31486.4141  EPtot      =   -145604.7473
 BOND   =       880.4754  ANGLE   =      2165.1120  DIHED      =      1374.0226
 UB     =         0.0000  IMP     =         0.0000  CMAP       =       189.3084
 1-4 NB =       972.5708  1-4 EEL =     15126.5575  VDWAALS    =     17651.8347
 EELEC  =   -183964.6287  EHBOND  =         0.0000  RESTRAINT  =         0.0000
 ------------------------------------------------------------------------------

wrapping first mol.:       29.97838       42.39583       73.43173

 NSTEP =   680000   TIME(PS) =  376399.999  TEMP(K) =   310.80  PRESS =     0.0
 Etot   =   -113594.5462  EKtot   =     31615.4355  EPtot      =   -145209.9817
 BOND   =       859.1917  ANGLE   =      2168.7618  DIHED      =      1373.4364
 UB     =         0.0000  IMP     =         0.0000  CMAP       =       192.3022
 1-4 NB =       986.7109  1-4 EEL =     15083.4989  VDWAALS    =     17372.9101
 EELEC  =   -183246.7936  EHBOND  =         0.0000  RESTRAINT  =         0.0000
 ------------------------------------------------------------------------------

wrapping first mol.:       29.97838       42.39583       73.43173

 NSTEP =   700000   TIME(PS) =  376439.999  TEMP(K) =   309.07  PRESS =     0.0
 Etot   =   -113973.2208  EKtot   =     31439.8008  EPtot      =   -145413.0216
 BOND   =       861.3686  ANGLE   =      2144.8145  DIHED      =      1350.1357
 UB     =         0.0000  IMP     =         0.0000  CMAP       =       192.8189
 1-4 NB =      1017.6671  1-4 EEL =     15076.8172  VDWAALS    =     17246.0471
 EELEC  =   -183302.6907  EHBOND  =         0.0000  RESTRAINT  =         0.0000
 ------------------------------------------------------------------------------

wrapping first mol.:       29.97838       42.39583       73.43173

 NSTEP =   720000   TIME(PS) =  376479.999  TEMP(K) =   310.84  PRESS =     0.0
 Etot   =   -113350.0950  EKtot   =     31619.5586  EPtot      =   -144969.6535
 BOND   =       864.6522  ANGLE   =      2113.5552  DIHED      =      1401.3855
 UB     =         0.0000  IMP     =         0.0000  CMAP       =       207.6440
 1-4 NB =       997.5871  1-4 EEL =     15097.0992  VDWAALS    =     17119.2034
 EELEC  =   -182770.7801  EHBOND  =         0.0000  RESTRAINT  =         0.0000
 ------------------------------------------------------------------------------

wrapping first mol.:       29.97838       42.39583       73.43173

 NSTEP =   740000   TIME(PS) =  376519.999  TEMP(K) =   310.10  PRESS =     0.0
 Etot   =   -113781.4510  EKtot   =     31543.8965  EPtot      =   -145325.3475
 BOND   =       861.5834  ANGLE   =      2141.8318  DIHED      =      1369.7632
 UB     =         0.0000  IMP     =         0.0000  CMAP       =       196.2515
 1-4 NB =      1011.2822  1-4 EEL =     15143.7052  VDWAALS    =     17495.0227
 EELEC  =   -183544.7875  EHBOND  =         0.0000  RESTRAINT  =         0.0000
 ------------------------------------------------------------------------------

wrapping first mol.:       29.97838       42.39583       73.43173

 NSTEP =   760000   TIME(PS) =  376559.999  TEMP(K) =   308.91  PRESS =     0.0
 Etot   =   -113737.2684  EKtot   =     31423.3379  EPtot      =   -145160.6063
 BOND   =       830.6301  ANGLE   =      2221.2484  DIHED      =      1377.8523
 UB     =         0.0000  IMP     =         0.0000  CMAP       =       172.5001
 1-4 NB =      1017.6675  1-4 EEL =     15095.4399  VDWAALS    =     17138.1826
 EELEC  =   -183014.1273  EHBOND  =         0.0000  RESTRAINT  =         0.0000
 ------------------------------------------------------------------------------

wrapping first mol.:       29.97838       42.39583       73.43173

 NSTEP =   780000   TIME(PS) =  376599.999  TEMP(K) =   310.52  PRESS =     0.0
 Etot   =   -113883.9086  EKtot   =     31586.4336  EPtot      =   -145470.3422
 BOND   =       827.9059  ANGLE   =      2174.3706  DIHED      =      1337.6731
 UB     =         0.0000  IMP     =         0.0000  CMAP       =       184.5976
 1-4 NB =       988.5368  1-4 EEL =     15086.4357  VDWAALS    =     17410.1098
 EELEC  =   -183479.9716  EHBOND  =         0.0000  RESTRAINT  =         0.0000
 ------------------------------------------------------------------------------

wrapping first mol.:       29.97838       42.39583       73.43173

 NSTEP =   800000   TIME(PS) =  376639.999  TEMP(K) =   311.74  PRESS =     0.0
 Etot   =   -113184.1899  EKtot   =     31710.4727  EPtot      =   -144894.6626
 BOND   =       880.6515  ANGLE   =      2175.1561  DIHED      =      1361.2466
 UB     =         0.0000  IMP     =         0.0000  CMAP       =       195.0244
 1-4 NB =      1011.3225  1-4 EEL =     15107.0084  VDWAALS    =     17186.4007
 EELEC  =   -182811.4729  EHBOND  =         0.0000  RESTRAINT  =         0.0000
 ------------------------------------------------------------------------------

wrapping first mol.:       29.97838       42.39583       73.43173

 NSTEP =   820000   TIME(PS) =  376679.999  TEMP(K) =   310.52  PRESS =     0.0
 Etot   =   -113673.9119  EKtot   =     31586.7363  EPtot      =   -145260.6483
 BOND   =       861.8053  ANGLE   =      2227.5643  DIHED      =      1346.1304
 UB     =         0.0000  IMP     =         0.0000  CMAP       =       191.8905
 1-4 NB =       992.3125  1-4 EEL =     15114.8061  VDWAALS    =     17371.1488
 EELEC  =   -183366.3061  EHBOND  =         0.0000  RESTRAINT  =         0.0000
 ------------------------------------------------------------------------------

wrapping first mol.:       29.97838       42.39583       73.43173

 NSTEP =   840000   TIME(PS) =  376719.999  TEMP(K) =   310.78  PRESS =     0.0
 Etot   =   -113424.1392  EKtot   =     31613.3379  EPtot      =   -145037.4770
 BOND   =       842.8609  ANGLE   =      2240.0918  DIHED      =      1386.4049
 UB     =         0.0000  IMP     =         0.0000  CMAP       =       198.6751
 1-4 NB =      1009.8235  1-4 EEL =     15103.2630  VDWAALS    =     16973.1381
 EELEC  =   -182791.7343  EHBOND  =         0.0000  RESTRAINT  =         0.0000
 ------------------------------------------------------------------------------

wrapping first mol.:       29.97838       42.39583       73.43173

 NSTEP =   860000   TIME(PS) =  376759.999  TEMP(K) =   308.86  PRESS =     0.0
 Etot   =   -113452.8201  EKtot   =     31417.5684  EPtot      =   -144870.3884
 BOND   =       875.1281  ANGLE   =      2152.2967  DIHED      =      1392.6059
 UB     =         0.0000  IMP     =         0.0000  CMAP       =       201.1893
 1-4 NB =       985.2857  1-4 EEL =     15134.6478  VDWAALS    =     17133.7370
 EELEC  =   -182745.2791  EHBOND  =         0.0000  RESTRAINT  =         0.0000
 ------------------------------------------------------------------------------

wrapping first mol.:       29.97838       42.39583       73.43173

 NSTEP =   880000   TIME(PS) =  376799.999  TEMP(K) =   311.74  PRESS =     0.0
 Etot   =   -113657.7726  EKtot   =     31711.3828  EPtot      =   -145369.1554
 BOND   =       848.0880  ANGLE   =      2101.4280  DIHED      =      1408.5595
 UB     =         0.0000  IMP     =         0.0000  CMAP       =       205.2874
 1-4 NB =       986.2800  1-4 EEL =     15072.2804  VDWAALS    =     17239.7070
 EELEC  =   -183230.7856  EHBOND  =         0.0000  RESTRAINT  =         0.0000
 ------------------------------------------------------------------------------

wrapping first mol.:       29.97838       42.39583       73.43173

 NSTEP =   900000   TIME(PS) =  376839.999  TEMP(K) =   311.79  PRESS =     0.0
 Etot   =   -113344.2075  EKtot   =     31716.1094  EPtot      =   -145060.3169
 BOND   =       868.9413  ANGLE   =      2176.3881  DIHED      =      1360.2213
 UB     =         0.0000  IMP     =         0.0000  CMAP       =       191.4558
 1-4 NB =       991.1292  1-4 EEL =     15065.9054  VDWAALS    =     17117.7354
 EELEC  =   -182832.0934  EHBOND  =         0.0000  RESTRAINT  =         0.0000
 ------------------------------------------------------------------------------

wrapping first mol.:       29.97838       42.39583       73.43173

 NSTEP =   920000   TIME(PS) =  376879.999  TEMP(K) =   309.33  PRESS =     0.0
 Etot   =   -113759.2135  EKtot   =     31466.0195  EPtot      =   -145225.2331
 BOND   =       845.7475  ANGLE   =      2090.4127  DIHED      =      1400.9847
 UB     =         0.0000  IMP     =         0.0000  CMAP       =       197.6067
 1-4 NB =       978.8582  1-4 EEL =     15066.1944  VDWAALS    =     17227.6762
 EELEC  =   -183032.7134  EHBOND  =         0.0000  RESTRAINT  =         0.0000
 ------------------------------------------------------------------------------

wrapping first mol.:       29.97838       42.39583       73.43173

 NSTEP =   940000   TIME(PS) =  376919.999  TEMP(K) =   311.52  PRESS =     0.0
 Etot   =   -113313.8905  EKtot   =     31689.0254  EPtot      =   -145002.9159
 BOND   =       878.3795  ANGLE   =      2103.5148  DIHED      =      1358.7140
 UB     =         0.0000  IMP     =         0.0000  CMAP       =       188.5717
 1-4 NB =       979.7559  1-4 EEL =     15056.8001  VDWAALS    =     17200.0497
 EELEC  =   -182768.7017  EHBOND  =         0.0000  RESTRAINT  =         0.0000
 ------------------------------------------------------------------------------

wrapping first mol.:       29.97838       42.39583       73.43173

 NSTEP =   960000   TIME(PS) =  376959.999  TEMP(K) =   307.12  PRESS =     0.0
 Etot   =   -113798.9686  EKtot   =     31240.9902  EPtot      =   -145039.9588
 BOND   =       874.7519  ANGLE   =      2112.8950  DIHED      =      1394.9510
 UB     =         0.0000  IMP     =         0.0000  CMAP       =       186.6724
 1-4 NB =       996.3270  1-4 EEL =     15131.9467  VDWAALS    =     17200.8818
 EELEC  =   -182938.3847  EHBOND  =         0.0000  RESTRAINT  =         0.0000
 ------------------------------------------------------------------------------

wrapping first mol.:       29.97838       42.39583       73.43173

 NSTEP =   980000   TIME(PS) =  376999.999  TEMP(K) =   311.42  PRESS =     0.0
 Etot   =   -113653.4576  EKtot   =     31678.2188  EPtot      =   -145331.6763
 BOND   =       886.2209  ANGLE   =      2156.7685  DIHED      =      1334.0444
 UB     =         0.0000  IMP     =         0.0000  CMAP       =       202.9303
 1-4 NB =       983.4384  1-4 EEL =     15042.4831  VDWAALS    =     17074.7836
 EELEC  =   -183012.3455  EHBOND  =         0.0000  RESTRAINT  =         0.0000
 ------------------------------------------------------------------------------

wrapping first mol.:       29.97838       42.39583       73.43173

 NSTEP =  1000000   TIME(PS) =  377039.999  TEMP(K) =   309.01  PRESS =     0.0
 Etot   =   -113526.8870  EKtot   =     31432.8496  EPtot      =   -144959.7366
 BOND   =       836.5766  ANGLE   =      2067.5384  DIHED      =      1345.4829
 UB     =         0.0000  IMP     =         0.0000  CMAP       =       218.4788
 1-4 NB =      1006.4614  1-4 EEL =     15186.9184  VDWAALS    =     17131.2161
 EELEC  =   -182752.4093  EHBOND  =         0.0000  RESTRAINT  =         0.0000
 ------------------------------------------------------------------------------

wrapping first mol.:       29.97838       42.39583       73.43173

 NSTEP =  1020000   TIME(PS) =  377079.999  TEMP(K) =   309.50  PRESS =     0.0
 Etot   =   -113718.2363  EKtot   =     31483.4375  EPtot      =   -145201.6738
 BOND   =       835.6521  ANGLE   =      2098.5507  DIHED      =      1326.9525
 UB     =         0.0000  IMP     =         0.0000  CMAP       =       197.4394
 1-4 NB =      1003.9836  1-4 EEL =     15088.1155  VDWAALS    =     17398.5916
 EELEC  =   -183150.9591  EHBOND  =         0.0000  RESTRAINT  =         0.0000
 ------------------------------------------------------------------------------

wrapping first mol.:       29.97838       42.39583       73.43173

 NSTEP =  1040000   TIME(PS) =  377119.999  TEMP(K) =   310.05  PRESS =     0.0
 Etot   =   -113730.9900  EKtot   =     31538.6992  EPtot      =   -145269.6892
 BOND   =       899.4841  ANGLE   =      2166.9699  DIHED      =      1356.1948
 UB     =         0.0000  IMP     =         0.0000  CMAP       =       194.2034
 1-4 NB =       992.9012  1-4 EEL =     15022.0602  VDWAALS    =     17441.2287
 EELEC  =   -183342.7315  EHBOND  =         0.0000  RESTRAINT  =         0.0000
 ------------------------------------------------------------------------------

wrapping first mol.:       29.97838       42.39583       73.43173

 NSTEP =  1060000   TIME(PS) =  377159.999  TEMP(K) =   310.46  PRESS =     0.0
 Etot   =   -113669.5942  EKtot   =     31581.0898  EPtot      =   -145250.6840
 BOND   =       870.7895  ANGLE   =      2105.4650  DIHED      =      1367.1703
 UB     =         0.0000  IMP     =         0.0000  CMAP       =       211.6812
 1-4 NB =      1008.2136  1-4 EEL =     15161.4952  VDWAALS    =     17384.8399
 EELEC  =   -183360.3387  EHBOND  =         0.0000  RESTRAINT  =         0.0000
 ------------------------------------------------------------------------------

wrapping first mol.:       29.97838       42.39583       73.43173

 NSTEP =  1080000   TIME(PS) =  377199.999  TEMP(K) =   309.86  PRESS =     0.0
 Etot   =   -113702.3051  EKtot   =     31519.6250  EPtot      =   -145221.9301
 BOND   =       879.3171  ANGLE   =      2129.9394  DIHED      =      1373.1136
 UB     =         0.0000  IMP     =         0.0000  CMAP       =       192.5493
 1-4 NB =      1014.8616  1-4 EEL =     15039.2231  VDWAALS    =     17580.9742
 EELEC  =   -183431.9085  EHBOND  =         0.0000  RESTRAINT  =         0.0000
 ------------------------------------------------------------------------------

wrapping first mol.:       29.97838       42.39583       73.43173

 NSTEP =  1100000   TIME(PS) =  377239.999  TEMP(K) =   310.97  PRESS =     0.0
 Etot   =   -113890.0538  EKtot   =     31633.0156  EPtot      =   -145523.0694
 BOND   =       833.1327  ANGLE   =      2157.0209  DIHED      =      1365.2753
 UB     =         0.0000  IMP     =         0.0000  CMAP       =       202.6329
 1-4 NB =       982.3872  1-4 EEL =     15082.4423  VDWAALS    =     17145.0311
 EELEC  =   -183290.9919  EHBOND  =         0.0000  RESTRAINT  =         0.0000
 ------------------------------------------------------------------------------

wrapping first mol.:       29.97838       42.39583       73.43173

 NSTEP =  1120000   TIME(PS) =  377279.999  TEMP(K) =   309.37  PRESS =     0.0
 Etot   =   -113969.2209  EKtot   =     31470.0449  EPtot      =   -145439.2658
 BOND   =       829.2346  ANGLE   =      2107.5988  DIHED      =      1355.9431
 UB     =         0.0000  IMP     =         0.0000  CMAP       =       198.5430
 1-4 NB =      1004.4759  1-4 EEL =     15211.6977  VDWAALS    =     17417.7659
 EELEC  =   -183564.5247  EHBOND  =         0.0000  RESTRAINT  =         0.0000
 ------------------------------------------------------------------------------

wrapping first mol.:       29.97838       42.39583       73.43173

 NSTEP =  1140000   TIME(PS) =  377319.999  TEMP(K) =   309.83  PRESS =     0.0
 Etot   =   -113569.2305  EKtot   =     31516.8770  EPtot      =   -145086.1075
 BOND   =       900.0307  ANGLE   =      2124.4491  DIHED      =      1397.5794
 UB     =         0.0000  IMP     =         0.0000  CMAP       =       193.2600
 1-4 NB =       984.4392  1-4 EEL =     15098.3722  VDWAALS    =     17355.2964
 EELEC  =   -183139.5344  EHBOND  =         0.0000  RESTRAINT  =         0.0000
 ------------------------------------------------------------------------------

wrapping first mol.:       29.97838       42.39583       73.43173

 NSTEP =  1160000   TIME(PS) =  377359.999  TEMP(K) =   310.15  PRESS =     0.0
 Etot   =   -113585.1345  EKtot   =     31549.1973  EPtot      =   -145134.3318
 BOND   =       880.8836  ANGLE   =      2063.1314  DIHED      =      1344.9350
 UB     =         0.0000  IMP     =         0.0000  CMAP       =       198.8568
 1-4 NB =      1001.1768  1-4 EEL =     15137.5746  VDWAALS    =     17331.3530
 EELEC  =   -183092.2428  EHBOND  =         0.0000  RESTRAINT  =         0.0000
 ------------------------------------------------------------------------------

wrapping first mol.:       29.97838       42.39583       73.43173

 NSTEP =  1180000   TIME(PS) =  377399.999  TEMP(K) =   311.59  PRESS =     0.0
 Etot   =   -113569.4433  EKtot   =     31695.8184  EPtot      =   -145265.2616
 BOND   =       801.8454  ANGLE   =      2137.3214  DIHED      =      1408.1052
 UB     =         0.0000  IMP     =         0.0000  CMAP       =       182.8184
 1-4 NB =      1008.7215  1-4 EEL =     15133.3594  VDWAALS    =     17334.3284
 EELEC  =   -183271.7613  EHBOND  =         0.0000  RESTRAINT  =         0.0000
 ------------------------------------------------------------------------------

wrapping first mol.:       29.97838       42.39583       73.43173

 NSTEP =  1200000   TIME(PS) =  377439.999  TEMP(K) =   310.09  PRESS =     0.0
 Etot   =   -113314.3067  EKtot   =     31543.5098  EPtot      =   -144857.8164
 BOND   =       873.6412  ANGLE   =      2219.8724  DIHED      =      1373.3086
 UB     =         0.0000  IMP     =         0.0000  CMAP       =       175.6894
 1-4 NB =       986.5458  1-4 EEL =     15113.2928  VDWAALS    =     17247.2258
 EELEC  =   -182847.3924  EHBOND  =         0.0000  RESTRAINT  =         0.0000
 ------------------------------------------------------------------------------

wrapping first mol.:       29.97838       42.39583       73.43173

 NSTEP =  1220000   TIME(PS) =  377479.999  TEMP(K) =   310.16  PRESS =     0.0
 Etot   =   -113946.4889  EKtot   =     31550.0762  EPtot      =   -145496.5651
 BOND   =       844.6023  ANGLE   =      2159.7333  DIHED      =      1369.5005
 UB     =         0.0000  IMP     =         0.0000  CMAP       =       180.5450
 1-4 NB =       992.8811  1-4 EEL =     15093.6239  VDWAALS    =     17167.2547
 EELEC  =   -183304.7059  EHBOND  =         0.0000  RESTRAINT  =         0.0000
 ------------------------------------------------------------------------------

wrapping first mol.:       29.97838       42.39583       73.43173

 NSTEP =  1240000   TIME(PS) =  377519.999  TEMP(K) =   313.86  PRESS =     0.0
 Etot   =   -113477.0822  EKtot   =     31926.7051  EPtot      =   -145403.7873
 BOND   =       899.3858  ANGLE   =      2194.0758  DIHED      =      1388.0037
 UB     =         0.0000  IMP     =         0.0000  CMAP       =       180.1597
 1-4 NB =       995.2576  1-4 EEL =     15174.6031  VDWAALS    =     17461.7482
 EELEC  =   -183697.0210  EHBOND  =         0.0000  RESTRAINT  =         0.0000
 ------------------------------------------------------------------------------

wrapping first mol.:       29.97838       42.39583       73.43173

 NSTEP =  1260000   TIME(PS) =  377559.999  TEMP(K) =   310.43  PRESS =     0.0
 Etot   =   -114225.7642  EKtot   =     31578.0254  EPtot      =   -145803.7896
 BOND   =       850.3753  ANGLE   =      2138.9858  DIHED      =      1382.9137
 UB     =         0.0000  IMP     =         0.0000  CMAP       =       201.4536
 1-4 NB =       989.3748  1-4 EEL =     15122.0927  VDWAALS    =     17563.1589
 EELEC  =   -184052.1445  EHBOND  =         0.0000  RESTRAINT  =         0.0000
 ------------------------------------------------------------------------------

wrapping first mol.:       29.97838       42.39583       73.43173

 NSTEP =  1280000   TIME(PS) =  377599.999  TEMP(K) =   309.42  PRESS =     0.0
 Etot   =   -113837.5093  EKtot   =     31475.1484  EPtot      =   -145312.6577
 BOND   =       856.2107  ANGLE   =      2101.2609  DIHED      =      1386.0488
 UB     =         0.0000  IMP     =         0.0000  CMAP       =       196.2496
 1-4 NB =       990.3305  1-4 EEL =     15077.0363  VDWAALS    =     17665.9031
 EELEC  =   -183585.6977  EHBOND  =         0.0000  RESTRAINT  =         0.0000
 ------------------------------------------------------------------------------

wrapping first mol.:       29.97838       42.39583       73.43173

 NSTEP =  1300000   TIME(PS) =  377639.999  TEMP(K) =   313.76  PRESS =     0.0
 Etot   =   -113192.6900  EKtot   =     31916.0664  EPtot      =   -145108.7564
 BOND   =       835.5132  ANGLE   =      2149.3566  DIHED      =      1370.0922
 UB     =         0.0000  IMP     =         0.0000  CMAP       =       192.8237
 1-4 NB =       991.7916  1-4 EEL =     15082.1517  VDWAALS    =     16756.4092
 EELEC  =   -182486.8946  EHBOND  =         0.0000  RESTRAINT  =         0.0000
 ------------------------------------------------------------------------------

wrapping first mol.:       29.97838       42.39583       73.43173

 NSTEP =  1320000   TIME(PS) =  377679.999  TEMP(K) =   311.75  PRESS =     0.0
 Etot   =   -113715.7931  EKtot   =     31711.5938  EPtot      =   -145427.3868
 BOND   =       893.2565  ANGLE   =      2155.4233  DIHED      =      1345.1899
 UB     =         0.0000  IMP     =         0.0000  CMAP       =       184.2401
 1-4 NB =       986.6257  1-4 EEL =     15020.7314  VDWAALS    =     17213.0157
 EELEC  =   -183225.8694  EHBOND  =         0.0000  RESTRAINT  =         0.0000
 ------------------------------------------------------------------------------

wrapping first mol.:       29.97838       42.39583       73.43173

 NSTEP =  1340000   TIME(PS) =  377719.999  TEMP(K) =   309.79  PRESS =     0.0
 Etot   =   -113790.4250  EKtot   =     31512.5176  EPtot      =   -145302.9426
 BOND   =       878.0467  ANGLE   =      2112.7040  DIHED      =      1369.9078
 UB     =         0.0000  IMP     =         0.0000  CMAP       =       190.0546
 1-4 NB =      1001.4954  1-4 EEL =     15026.8645  VDWAALS    =     17304.3672
 EELEC  =   -183186.3828  EHBOND  =         0.0000  RESTRAINT  =         0.0000
 ------------------------------------------------------------------------------

wrapping first mol.:       29.97838       42.39583       73.43173

 NSTEP =  1360000   TIME(PS) =  377759.999  TEMP(K) =   310.05  PRESS =     0.0
 Etot   =   -113692.5801  EKtot   =     31538.9492  EPtot      =   -145231.5293
 BOND   =       868.5546  ANGLE   =      2177.0569  DIHED      =      1365.5473
 UB     =         0.0000  IMP     =         0.0000  CMAP       =       190.3542
 1-4 NB =      1014.2271  1-4 EEL =     15049.8475  VDWAALS    =     17270.1696
 EELEC  =   -183167.2865  EHBOND  =         0.0000  RESTRAINT  =         0.0000
 ------------------------------------------------------------------------------

wrapping first mol.:       29.97838       42.39583       73.43173

 NSTEP =  1380000   TIME(PS) =  377799.999  TEMP(K) =   309.57  PRESS =     0.0
 Etot   =   -113672.7540  EKtot   =     31490.4902  EPtot      =   -145163.2442
 BOND   =       825.4350  ANGLE   =      2121.1632  DIHED      =      1369.8572
 UB     =         0.0000  IMP     =         0.0000  CMAP       =       179.9504
 1-4 NB =      1014.2334  1-4 EEL =     15035.6973  VDWAALS    =     17170.3398
 EELEC  =   -182879.9205  EHBOND  =         0.0000  RESTRAINT  =         0.0000
 ------------------------------------------------------------------------------

wrapping first mol.:       29.97838       42.39583       73.43173

 NSTEP =  1400000   TIME(PS) =  377839.999  TEMP(K) =   310.42  PRESS =     0.0
 Etot   =   -114065.7296  EKtot   =     31576.6270  EPtot      =   -145642.3566
 BOND   =       857.0819  ANGLE   =      2134.1310  DIHED      =      1339.6222
 UB     =         0.0000  IMP     =         0.0000  CMAP       =       182.6609
 1-4 NB =       992.0988  1-4 EEL =     15095.0031  VDWAALS    =     17628.7262
 EELEC  =   -183871.6808  EHBOND  =         0.0000  RESTRAINT  =         0.0000
 ------------------------------------------------------------------------------

wrapping first mol.:       29.97838       42.39583       73.43173

 NSTEP =  1420000   TIME(PS) =  377879.999  TEMP(K) =   311.03  PRESS =     0.0
 Etot   =   -113853.9027  EKtot   =     31638.6426  EPtot      =   -145492.5453
 BOND   =       860.5347  ANGLE   =      2189.8327  DIHED      =      1364.9307
 UB     =         0.0000  IMP     =         0.0000  CMAP       =       179.1486
 1-4 NB =      1003.2550  1-4 EEL =     15074.8105  VDWAALS    =     16949.5435
 EELEC  =   -183114.6010  EHBOND  =         0.0000  RESTRAINT  =         0.0000
 ------------------------------------------------------------------------------

wrapping first mol.:       29.97838       42.39583       73.43173

 NSTEP =  1440000   TIME(PS) =  377919.999  TEMP(K) =   309.10  PRESS =     0.0
 Etot   =   -113936.4701  EKtot   =     31442.2969  EPtot      =   -145378.7669
 BOND   =       801.3501  ANGLE   =      2123.9931  DIHED      =      1364.1413
 UB     =         0.0000  IMP     =         0.0000  CMAP       =       193.7291
 1-4 NB =       975.3164  1-4 EEL =     15070.5994  VDWAALS    =     17462.5377
 EELEC  =   -183370.4341  EHBOND  =         0.0000  RESTRAINT  =         0.0000
 ------------------------------------------------------------------------------

wrapping first mol.:       29.97838       42.39583       73.43173

 NSTEP =  1460000   TIME(PS) =  377959.999  TEMP(K) =   311.89  PRESS =     0.0
 Etot   =   -113842.8335  EKtot   =     31726.4844  EPtot      =   -145569.3179
 BOND   =       858.5123  ANGLE   =      2124.4336  DIHED      =      1356.5925
 UB     =         0.0000  IMP     =         0.0000  CMAP       =       203.7443
 1-4 NB =       980.7916  1-4 EEL =     15086.2819  VDWAALS    =     17570.7573
 EELEC  =   -183750.4314  EHBOND  =         0.0000  RESTRAINT  =         0.0000
 ------------------------------------------------------------------------------

wrapping first mol.:       29.97838       42.39583       73.43173

 NSTEP =  1480000   TIME(PS) =  377999.999  TEMP(K) =   309.57  PRESS =     0.0
 Etot   =   -113733.1640  EKtot   =     31490.0566  EPtot      =   -145223.2207
 BOND   =       857.0755  ANGLE   =      2207.7476  DIHED      =      1363.7083
 UB     =         0.0000  IMP     =         0.0000  CMAP       =       206.9921
 1-4 NB =      1005.4590  1-4 EEL =     15164.6860  VDWAALS    =     17343.5610
 EELEC  =   -183372.4503  EHBOND  =         0.0000  RESTRAINT  =         0.0000
 ------------------------------------------------------------------------------

wrapping first mol.:       29.97838       42.39583       73.43173

 NSTEP =  1500000   TIME(PS) =  378039.999  TEMP(K) =   309.90  PRESS =     0.0
 Etot   =   -113969.8881  EKtot   =     31523.6914  EPtot      =   -145493.5795
 BOND   =       869.7895  ANGLE   =      2121.5522  DIHED      =      1396.3700
 UB     =         0.0000  IMP     =         0.0000  CMAP       =       181.3712
 1-4 NB =       993.3767  1-4 EEL =     15138.5256  VDWAALS    =     17231.3069
 EELEC  =   -183425.8716  EHBOND  =         0.0000  RESTRAINT  =         0.0000
 ------------------------------------------------------------------------------

wrapping first mol.:       29.97838       42.39583       73.43173

 NSTEP =  1520000   TIME(PS) =  378079.999  TEMP(K) =   307.34  PRESS =     0.0
 Etot   =   -114011.4356  EKtot   =     31263.8320  EPtot      =   -145275.2676
 BOND   =       818.4510  ANGLE   =      2093.4682  DIHED      =      1371.0184
 UB     =         0.0000  IMP     =         0.0000  CMAP       =       200.5162
 1-4 NB =       993.3469  1-4 EEL =     15135.3974  VDWAALS    =     17116.5636
 EELEC  =   -183004.0294  EHBOND  =         0.0000  RESTRAINT  =         0.0000
 ------------------------------------------------------------------------------

wrapping first mol.:       29.97838       42.39583       73.43173

 NSTEP =  1540000   TIME(PS) =  378119.999  TEMP(K) =   310.55  PRESS =     0.0
 Etot   =   -113701.1489  EKtot   =     31589.8457  EPtot      =   -145290.9946
 BOND   =       865.6753  ANGLE   =      2105.9454  DIHED      =      1326.4092
 UB     =         0.0000  IMP     =         0.0000  CMAP       =       195.2589
 1-4 NB =       995.7547  1-4 EEL =     15072.0208  VDWAALS    =     17233.8873
 EELEC  =   -183085.9462  EHBOND  =         0.0000  RESTRAINT  =         0.0000
 ------------------------------------------------------------------------------

wrapping first mol.:       29.97838       42.39583       73.43173

 NSTEP =  1560000   TIME(PS) =  378159.999  TEMP(K) =   308.63  PRESS =     0.0
 Etot   =   -113783.8076  EKtot   =     31394.7500  EPtot      =   -145178.5576
 BOND   =       829.2316  ANGLE   =      2109.1798  DIHED      =      1341.2620
 UB     =         0.0000  IMP     =         0.0000  CMAP       =       178.5319
 1-4 NB =      1030.2029  1-4 EEL =     15035.2581  VDWAALS    =     17248.0395
 EELEC  =   -182950.2634  EHBOND  =         0.0000  RESTRAINT  =         0.0000
 ------------------------------------------------------------------------------

wrapping first mol.:       29.97838       42.39583       73.43173

 NSTEP =  1580000   TIME(PS) =  378199.999  TEMP(K) =   311.71  PRESS =     0.0
 Etot   =   -113426.1358  EKtot   =     31708.1914  EPtot      =   -145134.3272
 BOND   =       875.5526  ANGLE   =      2190.9593  DIHED      =      1387.2028
 UB     =         0.0000  IMP     =         0.0000  CMAP       =       194.3334
 1-4 NB =      1001.7720  1-4 EEL =     15110.0816  VDWAALS    =     17417.9469
 EELEC  =   -183312.1758  EHBOND  =         0.0000  RESTRAINT  =         0.0000
 ------------------------------------------------------------------------------

wrapping first mol.:       29.97838       42.39583       73.43173

 NSTEP =  1600000   TIME(PS) =  378239.999  TEMP(K) =   309.37  PRESS =     0.0
 Etot   =   -113544.5061  EKtot   =     31470.2910  EPtot      =   -145014.7971
 BOND   =       848.2177  ANGLE   =      2186.2837  DIHED      =      1325.0475
 UB     =         0.0000  IMP     =         0.0000  CMAP       =       201.1283
 1-4 NB =      1004.6235  1-4 EEL =     15072.1005  VDWAALS    =     16997.1660
 EELEC  =   -182649.3643  EHBOND  =         0.0000  RESTRAINT  =         0.0000
 ------------------------------------------------------------------------------

wrapping first mol.:       29.97838       42.39583       73.43173

 NSTEP =  1620000   TIME(PS) =  378279.999  TEMP(K) =   311.90  PRESS =     0.0
 Etot   =   -113381.0431  EKtot   =     31726.8398  EPtot      =   -145107.8829
 BOND   =       844.2493  ANGLE   =      2121.5271  DIHED      =      1346.8245
 UB     =         0.0000  IMP     =         0.0000  CMAP       =       185.0084
 1-4 NB =      1010.4832  1-4 EEL =     15107.0066  VDWAALS    =     17365.5844
 EELEC  =   -183088.5663  EHBOND  =         0.0000  RESTRAINT  =         0.0000
 ------------------------------------------------------------------------------

wrapping first mol.:       29.97838       42.39583       73.43173

 NSTEP =  1640000   TIME(PS) =  378319.999  TEMP(K) =   309.69  PRESS =     0.0
 Etot   =   -113670.3506  EKtot   =     31501.9629  EPtot      =   -145172.3134
 BOND   =       842.3396  ANGLE   =      2164.5274  DIHED      =      1330.0633
 UB     =         0.0000  IMP     =         0.0000  CMAP       =       175.9173
 1-4 NB =       991.2783  1-4 EEL =     15027.9682  VDWAALS    =     17004.5422
 EELEC  =   -182708.9496  EHBOND  =         0.0000  RESTRAINT  =         0.0000
 ------------------------------------------------------------------------------

wrapping first mol.:       29.97838       42.39583       73.43173

 NSTEP =  1660000   TIME(PS) =  378359.999  TEMP(K) =   309.47  PRESS =     0.0
 Etot   =   -113836.5195  EKtot   =     31479.8809  EPtot      =   -145316.4003
 BOND   =       898.7254  ANGLE   =      2190.1628  DIHED      =      1367.1365
 UB     =         0.0000  IMP     =         0.0000  CMAP       =       186.4787
 1-4 NB =       997.0266  1-4 EEL =     15073.2971  VDWAALS    =     17822.9153
 EELEC  =   -183852.1427  EHBOND  =         0.0000  RESTRAINT  =         0.0000
 ------------------------------------------------------------------------------

wrapping first mol.:       29.97838       42.39583       73.43173

 NSTEP =  1680000   TIME(PS) =  378399.999  TEMP(K) =   310.24  PRESS =     0.0
 Etot   =   -113550.6551  EKtot   =     31557.8535  EPtot      =   -145108.5086
 BOND   =       892.6308  ANGLE   =      2167.9833  DIHED      =      1393.8333
 UB     =         0.0000  IMP     =         0.0000  CMAP       =       200.7473
 1-4 NB =       989.9475  1-4 EEL =     15085.1162  VDWAALS    =     17348.1657
 EELEC  =   -183186.9326  EHBOND  =         0.0000  RESTRAINT  =         0.0000
 ------------------------------------------------------------------------------

wrapping first mol.:       29.97838       42.39583       73.43173

 NSTEP =  1700000   TIME(PS) =  378439.999  TEMP(K) =   308.87  PRESS =     0.0
 Etot   =   -113597.1003  EKtot   =     31419.1074  EPtot      =   -145016.2077
 BOND   =       892.2070  ANGLE   =      2125.3003  DIHED      =      1346.5134
 UB     =         0.0000  IMP     =         0.0000  CMAP       =       201.8816
 1-4 NB =       971.4571  1-4 EEL =     15007.3166  VDWAALS    =     17358.8861
 EELEC  =   -182919.7698  EHBOND  =         0.0000  RESTRAINT  =         0.0000
 ------------------------------------------------------------------------------

wrapping first mol.:       29.97838       42.39583       73.43173

 NSTEP =  1720000   TIME(PS) =  378479.999  TEMP(K) =   309.84  PRESS =     0.0
 Etot   =   -113960.7623  EKtot   =     31517.9961  EPtot      =   -145478.7584
 BOND   =       874.7900  ANGLE   =      2126.1967  DIHED      =      1354.2506
 UB     =         0.0000  IMP     =         0.0000  CMAP       =       182.6977
 1-4 NB =      1009.2293  1-4 EEL =     15111.8222  VDWAALS    =     17172.5265
 EELEC  =   -183310.2714  EHBOND  =         0.0000  RESTRAINT  =         0.0000
 ------------------------------------------------------------------------------

wrapping first mol.:       29.97838       42.39583       73.43173

 NSTEP =  1740000   TIME(PS) =  378519.999  TEMP(K) =   307.84  PRESS =     0.0
 Etot   =   -114273.3635  EKtot   =     31313.9160  EPtot      =   -145587.2795
 BOND   =       835.7356  ANGLE   =      2165.1246  DIHED      =      1376.1221
 UB     =         0.0000  IMP     =         0.0000  CMAP       =       189.4214
 1-4 NB =      1003.3384  1-4 EEL =     15053.9698  VDWAALS    =     17206.6597
 EELEC  =   -183417.6511  EHBOND  =         0.0000  RESTRAINT  =         0.0000
 ------------------------------------------------------------------------------

wrapping first mol.:       29.97838       42.39583       73.43173

 NSTEP =  1760000   TIME(PS) =  378559.999  TEMP(K) =   310.02  PRESS =     0.0
 Etot   =   -113449.1142  EKtot   =     31535.9473  EPtot      =   -144985.0615
 BOND   =       872.7328  ANGLE   =      2141.5078  DIHED      =      1331.0464
 UB     =         0.0000  IMP     =         0.0000  CMAP       =       190.3752
 1-4 NB =      1004.3682  1-4 EEL =     15025.2743  VDWAALS    =     17414.6557
 EELEC  =   -182965.0218  EHBOND  =         0.0000  RESTRAINT  =         0.0000
 ------------------------------------------------------------------------------

wrapping first mol.:       29.97838       42.39583       73.43173

 NSTEP =  1780000   TIME(PS) =  378599.999  TEMP(K) =   308.95  PRESS =     0.0
 Etot   =   -113659.9730  EKtot   =     31426.9141  EPtot      =   -145086.8870
 BOND   =       881.0142  ANGLE   =      2158.5934  DIHED      =      1351.9994
 UB     =         0.0000  IMP     =         0.0000  CMAP       =       184.3151
 1-4 NB =      1000.3615  1-4 EEL =     15069.6959  VDWAALS    =     17225.2978
 EELEC  =   -182958.1642  EHBOND  =         0.0000  RESTRAINT  =         0.0000
 ------------------------------------------------------------------------------

wrapping first mol.:       29.97838       42.39583       73.43173

 NSTEP =  1800000   TIME(PS) =  378639.999  TEMP(K) =   309.45  PRESS =     0.0
 Etot   =   -113718.6556  EKtot   =     31477.8887  EPtot      =   -145196.5443
 BOND   =       863.7730  ANGLE   =      2189.0527  DIHED      =      1349.0586
 UB     =         0.0000  IMP     =         0.0000  CMAP       =       187.6316
 1-4 NB =       983.4391  1-4 EEL =     15008.1486  VDWAALS    =     17131.9338
 EELEC  =   -182909.5817  EHBOND  =         0.0000  RESTRAINT  =         0.0000
 ------------------------------------------------------------------------------

wrapping first mol.:       29.97838       42.39583       73.43173

 NSTEP =  1820000   TIME(PS) =  378679.999  TEMP(K) =   314.43  PRESS =     0.0
 Etot   =   -113078.6039  EKtot   =     31984.7227  EPtot      =   -145063.3266
 BOND   =       865.9216  ANGLE   =      2153.7148  DIHED      =      1350.0308
 UB     =         0.0000  IMP     =         0.0000  CMAP       =       192.3780
 1-4 NB =      1008.2930  1-4 EEL =     15051.8286  VDWAALS    =     17274.6045
 EELEC  =   -182960.0979  EHBOND  =         0.0000  RESTRAINT  =         0.0000
 ------------------------------------------------------------------------------

wrapping first mol.:       29.97838       42.39583       73.43173

 NSTEP =  1840000   TIME(PS) =  378719.999  TEMP(K) =   310.74  PRESS =     0.0
 Etot   =   -113958.3319  EKtot   =     31609.7070  EPtot      =   -145568.0389
 BOND   =       859.0393  ANGLE   =      2147.2304  DIHED      =      1373.6929
 UB     =         0.0000  IMP     =         0.0000  CMAP       =       200.4909
 1-4 NB =       980.5630  1-4 EEL =     15093.3266  VDWAALS    =     17367.1352
 EELEC  =   -183589.5173  EHBOND  =         0.0000  RESTRAINT  =         0.0000
 ------------------------------------------------------------------------------

wrapping first mol.:       29.97838       42.39583       73.43173

 NSTEP =  1860000   TIME(PS) =  378759.999  TEMP(K) =   311.78  PRESS =     0.0
 Etot   =   -113612.8317  EKtot   =     31714.6387  EPtot      =   -145327.4704
 BOND   =       855.3710  ANGLE   =      2170.7152  DIHED      =      1369.0589
 UB     =         0.0000  IMP     =         0.0000  CMAP       =       181.6141
 1-4 NB =       992.5432  1-4 EEL =     15083.5720  VDWAALS    =     17118.6105
 EELEC  =   -183098.9553  EHBOND  =         0.0000  RESTRAINT  =         0.0000
 ------------------------------------------------------------------------------

wrapping first mol.:       29.97838       42.39583       73.43173

 NSTEP =  1880000   TIME(PS) =  378799.999  TEMP(K) =   310.87  PRESS =     0.0
 Etot   =   -113596.0579  EKtot   =     31622.4922  EPtot      =   -145218.5501
 BOND   =       830.1575  ANGLE   =      2122.7842  DIHED      =      1345.2729
 UB     =         0.0000  IMP     =         0.0000  CMAP       =       187.1548
 1-4 NB =       997.9915  1-4 EEL =     15012.3236  VDWAALS    =     17023.6173
 EELEC  =   -182737.8519  EHBOND  =         0.0000  RESTRAINT  =         0.0000
 ------------------------------------------------------------------------------

wrapping first mol.:       29.97838       42.39583       73.43173

 NSTEP =  1900000   TIME(PS) =  378839.999  TEMP(K) =   310.92  PRESS =     0.0
 Etot   =   -113664.2293  EKtot   =     31627.4336  EPtot      =   -145291.6629
 BOND   =       871.0685  ANGLE   =      2173.2996  DIHED      =      1348.2693
 UB     =         0.0000  IMP     =         0.0000  CMAP       =       203.4543
 1-4 NB =       971.2484  1-4 EEL =     15082.2337  VDWAALS    =     17776.3080
 EELEC  =   -183717.5446  EHBOND  =         0.0000  RESTRAINT  =         0.0000
 ------------------------------------------------------------------------------

wrapping first mol.:       29.97838       42.39583       73.43173

 NSTEP =  1920000   TIME(PS) =  378879.999  TEMP(K) =   308.60  PRESS =     0.0
 Etot   =   -113701.4557  EKtot   =     31391.6758  EPtot      =   -145093.1315
 BOND   =       856.8971  ANGLE   =      2138.8736  DIHED      =      1375.3987
 UB     =         0.0000  IMP     =         0.0000  CMAP       =       191.2835
 1-4 NB =       983.5217  1-4 EEL =     15025.5478  VDWAALS    =     17465.5312
 EELEC  =   -183130.1851  EHBOND  =         0.0000  RESTRAINT  =         0.0000
 ------------------------------------------------------------------------------

wrapping first mol.:       29.97838       42.39583       73.43173

 NSTEP =  1940000   TIME(PS) =  378919.999  TEMP(K) =   311.27  PRESS =     0.0
 Etot   =   -113563.4802  EKtot   =     31663.0898  EPtot      =   -145226.5701
 BOND   =       898.1987  ANGLE   =      2086.4965  DIHED      =      1336.3907
 UB     =         0.0000  IMP     =         0.0000  CMAP       =       186.7822
 1-4 NB =      1023.8385  1-4 EEL =     15079.4876  VDWAALS    =     17393.8532
 EELEC  =   -183231.6176  EHBOND  =         0.0000  RESTRAINT  =         0.0000
 ------------------------------------------------------------------------------

wrapping first mol.:       29.97838       42.39583       73.43173

 NSTEP =  1960000   TIME(PS) =  378959.999  TEMP(K) =   309.72  PRESS =     0.0
 Etot   =   -113880.2480  EKtot   =     31505.2500  EPtot      =   -145385.4980
 BOND   =       863.9944  ANGLE   =      2083.5693  DIHED      =      1354.6924
 UB     =         0.0000  IMP     =         0.0000  CMAP       =       210.2892
 1-4 NB =      1011.1343  1-4 EEL =     15143.4072  VDWAALS    =     17221.8149
 EELEC  =   -183274.3996  EHBOND  =         0.0000  RESTRAINT  =         0.0000
 ------------------------------------------------------------------------------

wrapping first mol.:       29.97838       42.39583       73.43173

 NSTEP =  1980000   TIME(PS) =  378999.999  TEMP(K) =   310.98  PRESS =     0.0
 Etot   =   -113584.6186  EKtot   =     31634.0918  EPtot      =   -145218.7104
 BOND   =       873.1184  ANGLE   =      2149.8916  DIHED      =      1351.3805
 UB     =         0.0000  IMP     =         0.0000  CMAP       =       187.3177
 1-4 NB =      1007.7090  1-4 EEL =     15165.0747  VDWAALS    =     17244.7360
 EELEC  =   -183197.9382  EHBOND  =         0.0000  RESTRAINT  =         0.0000
 ------------------------------------------------------------------------------

wrapping first mol.:       29.97838       42.39583       73.43173

 NSTEP =  2000000   TIME(PS) =  379039.999  TEMP(K) =   307.85  PRESS =     0.0
 Etot   =   -113999.6159  EKtot   =     31315.3809  EPtot      =   -145314.9967
 BOND   =       886.1696  ANGLE   =      2170.2615  DIHED      =      1367.8651
 UB     =         0.0000  IMP     =         0.0000  CMAP       =       183.9758
 1-4 NB =       994.8440  1-4 EEL =     15068.0808  VDWAALS    =     17182.2494
 EELEC  =   -183168.4428  EHBOND  =         0.0000  RESTRAINT  =         0.0000
 ------------------------------------------------------------------------------

wrapping first mol.:       29.97838       42.39583       73.43173

 NSTEP =  2020000   TIME(PS) =  379079.999  TEMP(K) =   309.34  PRESS =     0.0
 Etot   =   -113462.5313  EKtot   =     31466.8438  EPtot      =   -144929.3750
 BOND   =       853.4173  ANGLE   =      2213.8089  DIHED      =      1340.1991
 UB     =         0.0000  IMP     =         0.0000  CMAP       =       198.5681
 1-4 NB =      1004.3720  1-4 EEL =     15135.2508  VDWAALS    =     17148.4956
 EELEC  =   -182823.4868  EHBOND  =         0.0000  RESTRAINT  =         0.0000
 ------------------------------------------------------------------------------

wrapping first mol.:       29.97838       42.39583       73.43173

 NSTEP =  2040000   TIME(PS) =  379119.999  TEMP(K) =   309.69  PRESS =     0.0
 Etot   =   -113759.4981  EKtot   =     31502.1777  EPtot      =   -145261.6759
 BOND   =       835.1069  ANGLE   =      2177.5522  DIHED      =      1358.5091
 UB     =         0.0000  IMP     =         0.0000  CMAP       =       177.3615
 1-4 NB =      1023.7110  1-4 EEL =     15182.5661  VDWAALS    =     17280.5640
 EELEC  =   -183297.0466  EHBOND  =         0.0000  RESTRAINT  =         0.0000
 ------------------------------------------------------------------------------

wrapping first mol.:       29.97838       42.39583       73.43173

 NSTEP =  2060000   TIME(PS) =  379159.999  TEMP(K) =   313.29  PRESS =     0.0
 Etot   =   -113782.2758  EKtot   =     31868.2520  EPtot      =   -145650.5278
 BOND   =       858.1380  ANGLE   =      2213.3806  DIHED      =      1362.0074
 UB     =         0.0000  IMP     =         0.0000  CMAP       =       179.5911
 1-4 NB =      1010.5644  1-4 EEL =     15076.0999  VDWAALS    =     17486.0060
 EELEC  =   -183836.3151  EHBOND  =         0.0000  RESTRAINT  =         0.0000
 ------------------------------------------------------------------------------

wrapping first mol.:       29.97838       42.39583       73.43173

 NSTEP =  2080000   TIME(PS) =  379199.999  TEMP(K) =   311.46  PRESS =     0.0
 Etot   =   -113555.8498  EKtot   =     31682.2754  EPtot      =   -145238.1252
 BOND   =       849.4769  ANGLE   =      2107.2858  DIHED      =      1347.0839
 UB     =         0.0000  IMP     =         0.0000  CMAP       =       185.3248
 1-4 NB =      1000.1455  1-4 EEL =     15127.8857  VDWAALS    =     17307.9078
 EELEC  =   -183163.2357  EHBOND  =         0.0000  RESTRAINT  =         0.0000
 ------------------------------------------------------------------------------

wrapping first mol.:       29.97838       42.39583       73.43173

 NSTEP =  2100000   TIME(PS) =  379239.999  TEMP(K) =   309.72  PRESS =     0.0
 Etot   =   -113700.9969  EKtot   =     31505.9434  EPtot      =   -145206.9403
 BOND   =       849.7405  ANGLE   =      2163.1709  DIHED      =      1391.5960
 UB     =         0.0000  IMP     =         0.0000  CMAP       =       181.9952
 1-4 NB =       995.8316  1-4 EEL =     15070.3979  VDWAALS    =     17243.6645
 EELEC  =   -183103.3368  EHBOND  =         0.0000  RESTRAINT  =         0.0000
 ------------------------------------------------------------------------------

wrapping first mol.:       29.97838       42.39583       73.43173

 NSTEP =  2120000   TIME(PS) =  379279.999  TEMP(K) =   309.09  PRESS =     0.0
 Etot   =   -113486.2595  EKtot   =     31441.1445  EPtot      =   -144927.4040
 BOND   =       864.1634  ANGLE   =      2191.8137  DIHED      =      1344.6942
 UB     =         0.0000  IMP     =         0.0000  CMAP       =       186.1068
 1-4 NB =      1014.0440  1-4 EEL =     15073.7482  VDWAALS    =     17186.4614
 EELEC  =   -182788.4358  EHBOND  =         0.0000  RESTRAINT  =         0.0000
 ------------------------------------------------------------------------------

wrapping first mol.:       29.97838       42.39583       73.43173

 NSTEP =  2140000   TIME(PS) =  379319.999  TEMP(K) =   311.39  PRESS =     0.0
 Etot   =   -113536.9718  EKtot   =     31675.6250  EPtot      =   -145212.5968
 BOND   =       892.0011  ANGLE   =      2177.2341  DIHED      =      1385.1540
 UB     =         0.0000  IMP     =         0.0000  CMAP       =       190.9617
 1-4 NB =      1016.1841  1-4 EEL =     15053.3827  VDWAALS    =     16882.6108
 EELEC  =   -182810.1252  EHBOND  =         0.0000  RESTRAINT  =         0.0000
 ------------------------------------------------------------------------------

wrapping first mol.:       29.97838       42.39583       73.43173

 NSTEP =  2160000   TIME(PS) =  379359.999  TEMP(K) =   309.82  PRESS =     0.0
 Etot   =   -113811.0002  EKtot   =     31515.9004  EPtot      =   -145326.9006
 BOND   =       888.9807  ANGLE   =      2259.6476  DIHED      =      1340.8295
 UB     =         0.0000  IMP     =         0.0000  CMAP       =       191.8209
 1-4 NB =       985.1266  1-4 EEL =     15009.4483  VDWAALS    =     17169.7667
 EELEC  =   -183172.5209  EHBOND  =         0.0000  RESTRAINT  =         0.0000
 ------------------------------------------------------------------------------

wrapping first mol.:       29.97838       42.39583       73.43173

 NSTEP =  2180000   TIME(PS) =  379399.999  TEMP(K) =   311.71  PRESS =     0.0
 Etot   =   -113429.6478  EKtot   =     31708.3809  EPtot      =   -145138.0286
 BOND   =       863.0968  ANGLE   =      2145.0940  DIHED      =      1396.1519
 UB     =         0.0000  IMP     =         0.0000  CMAP       =       183.8368
 1-4 NB =      1002.5491  1-4 EEL =     15098.3706  VDWAALS    =     17272.0033
 EELEC  =   -183099.1312  EHBOND  =         0.0000  RESTRAINT  =         0.0000
 ------------------------------------------------------------------------------

wrapping first mol.:       29.97838       42.39583       73.43173

 NSTEP =  2200000   TIME(PS) =  379439.999  TEMP(K) =   309.59  PRESS =     0.0
 Etot   =   -113752.8740  EKtot   =     31492.6836  EPtot      =   -145245.5576
 BOND   =       884.2088  ANGLE   =      2218.3406  DIHED      =      1328.8306
 UB     =         0.0000  IMP     =         0.0000  CMAP       =       180.1567
 1-4 NB =       980.7863  1-4 EEL =     15048.8723  VDWAALS    =     17229.2224
 EELEC  =   -183115.9754  EHBOND  =         0.0000  RESTRAINT  =         0.0000
 ------------------------------------------------------------------------------

wrapping first mol.:       29.97838       42.39583       73.43173

 NSTEP =  2220000   TIME(PS) =  379479.999  TEMP(K) =   308.39  PRESS =     0.0
 Etot   =   -113940.4439  EKtot   =     31369.8242  EPtot      =   -145310.2681
 BOND   =       886.9540  ANGLE   =      2088.2340  DIHED      =      1351.8019
 UB     =         0.0000  IMP     =         0.0000  CMAP       =       180.8812
 1-4 NB =      1017.1708  1-4 EEL =     15094.5138  VDWAALS    =     17211.4149
 EELEC  =   -183141.2388  EHBOND  =         0.0000  RESTRAINT  =         0.0000
 ------------------------------------------------------------------------------

wrapping first mol.:       29.97838       42.39583       73.43173

 NSTEP =  2240000   TIME(PS) =  379519.999  TEMP(K) =   309.75  PRESS =     0.0
 Etot   =   -113900.8323  EKtot   =     31508.8574  EPtot      =   -145409.6898
 BOND   =       807.8487  ANGLE   =      2203.6813  DIHED      =      1353.2663
 UB     =         0.0000  IMP     =         0.0000  CMAP       =       197.8681
 1-4 NB =       982.2165  1-4 EEL =     15027.8994  VDWAALS    =     17135.8962
 EELEC  =   -183118.3663  EHBOND  =         0.0000  RESTRAINT  =         0.0000
 ------------------------------------------------------------------------------

wrapping first mol.:       29.97838       42.39583       73.43173

 NSTEP =  2260000   TIME(PS) =  379559.999  TEMP(K) =   311.15  PRESS =     0.0
 Etot   =   -113377.9503  EKtot   =     31650.6484  EPtot      =   -145028.5988
 BOND   =       845.1472  ANGLE   =      2189.5510  DIHED      =      1341.9128
 UB     =         0.0000  IMP     =         0.0000  CMAP       =       208.9269
 1-4 NB =      1000.5780  1-4 EEL =     15048.2494  VDWAALS    =     17680.5698
 EELEC  =   -183343.5340  EHBOND  =         0.0000  RESTRAINT  =         0.0000
 ------------------------------------------------------------------------------

wrapping first mol.:       29.97838       42.39583       73.43173

 NSTEP =  2280000   TIME(PS) =  379599.999  TEMP(K) =   310.33  PRESS =     0.0
 Etot   =   -113696.2289  EKtot   =     31567.7109  EPtot      =   -145263.9399
 BOND   =       857.0143  ANGLE   =      2135.1503  DIHED      =      1343.1028
 UB     =         0.0000  IMP     =         0.0000  CMAP       =       203.2064
 1-4 NB =       975.1166  1-4 EEL =     15078.1079  VDWAALS    =     17315.2991
 EELEC  =   -183170.9374  EHBOND  =         0.0000  RESTRAINT  =         0.0000
 ------------------------------------------------------------------------------

wrapping first mol.:       29.97838       42.39583       73.43173

 NSTEP =  2300000   TIME(PS) =  379639.999  TEMP(K) =   311.04  PRESS =     0.0
 Etot   =   -113727.5566  EKtot   =     31640.1797  EPtot      =   -145367.7363
 BOND   =       818.7970  ANGLE   =      2160.6529  DIHED      =      1376.0872
 UB     =         0.0000  IMP     =         0.0000  CMAP       =       191.5670
 1-4 NB =       997.8243  1-4 EEL =     15067.3789  VDWAALS    =     17068.3528
 EELEC  =   -183048.3965  EHBOND  =         0.0000  RESTRAINT  =         0.0000
 ------------------------------------------------------------------------------

wrapping first mol.:       29.97838       42.39583       73.43173

 NSTEP =  2320000   TIME(PS) =  379679.999  TEMP(K) =   311.74  PRESS =     0.0
 Etot   =   -113628.0214  EKtot   =     31710.4824  EPtot      =   -145338.5038
 BOND   =       889.6407  ANGLE   =      2145.7974  DIHED      =      1359.4988
 UB     =         0.0000  IMP     =         0.0000  CMAP       =       173.1167
 1-4 NB =       996.9627  1-4 EEL =     15024.0030  VDWAALS    =     17220.7922
 EELEC  =   -183148.3154  EHBOND  =         0.0000  RESTRAINT  =         0.0000
 ------------------------------------------------------------------------------

wrapping first mol.:       29.97838       42.39583       73.43173

 NSTEP =  2340000   TIME(PS) =  379719.999  TEMP(K) =   308.07  PRESS =     0.0
 Etot   =   -113946.0699  EKtot   =     31337.2676  EPtot      =   -145283.3375
 BOND   =       865.7546  ANGLE   =      2113.0633  DIHED      =      1381.3842
 UB     =         0.0000  IMP     =         0.0000  CMAP       =       172.4934
 1-4 NB =      1011.4208  1-4 EEL =     15072.4709  VDWAALS    =     17430.6803
 EELEC  =   -183330.6051  EHBOND  =         0.0000  RESTRAINT  =         0.0000
 ------------------------------------------------------------------------------

wrapping first mol.:       29.97838       42.39583       73.43173

 NSTEP =  2360000   TIME(PS) =  379759.999  TEMP(K) =   309.60  PRESS =     0.0
 Etot   =   -113835.8670  EKtot   =     31493.4141  EPtot      =   -145329.2811
 BOND   =       841.4511  ANGLE   =      2119.7258  DIHED      =      1378.1007
 UB     =         0.0000  IMP     =         0.0000  CMAP       =       202.6674
 1-4 NB =       997.2729  1-4 EEL =     15153.3242  VDWAALS    =     17467.1455
 EELEC  =   -183488.9686  EHBOND  =         0.0000  RESTRAINT  =         0.0000
 ------------------------------------------------------------------------------

wrapping first mol.:       29.97838       42.39583       73.43173

 NSTEP =  2380000   TIME(PS) =  379799.999  TEMP(K) =   310.82  PRESS =     0.0
 Etot   =   -113515.7002  EKtot   =     31617.0293  EPtot      =   -145132.7295
 BOND   =       833.5906  ANGLE   =      2166.7025  DIHED      =      1392.8346
 UB     =         0.0000  IMP     =         0.0000  CMAP       =       207.3684
 1-4 NB =      1006.3623  1-4 EEL =     15107.1758  VDWAALS    =     17518.8422
 EELEC  =   -183365.6057  EHBOND  =         0.0000  RESTRAINT  =         0.0000
 ------------------------------------------------------------------------------

wrapping first mol.:       29.97838       42.39583       73.43173

 NSTEP =  2400000   TIME(PS) =  379839.999  TEMP(K) =   310.82  PRESS =     0.0
 Etot   =   -113623.7155  EKtot   =     31616.9668  EPtot      =   -145240.6823
 BOND   =       872.0027  ANGLE   =      2125.6905  DIHED      =      1380.0393
 UB     =         0.0000  IMP     =         0.0000  CMAP       =       192.7258
 1-4 NB =      1008.5426  1-4 EEL =     15051.7982  VDWAALS    =     17427.6329
 EELEC  =   -183299.1144  EHBOND  =         0.0000  RESTRAINT  =         0.0000
 ------------------------------------------------------------------------------

wrapping first mol.:       29.97838       42.39583       73.43173

 NSTEP =  2420000   TIME(PS) =  379879.999  TEMP(K) =   308.44  PRESS =     0.0
 Etot   =   -113851.6164  EKtot   =     31375.1211  EPtot      =   -145226.7375
 BOND   =       888.5862  ANGLE   =      2163.8407  DIHED      =      1366.7666
 UB     =         0.0000  IMP     =         0.0000  CMAP       =       187.2254
 1-4 NB =       989.5417  1-4 EEL =     15038.0605  VDWAALS    =     16728.0919
 EELEC  =   -182588.8504  EHBOND  =         0.0000  RESTRAINT  =         0.0000
 ------------------------------------------------------------------------------

wrapping first mol.:       29.97838       42.39583       73.43173

 NSTEP =  2440000   TIME(PS) =  379919.999  TEMP(K) =   309.97  PRESS =     0.0
 Etot   =   -113638.7937  EKtot   =     31530.3945  EPtot      =   -145169.1882
 BOND   =       886.7471  ANGLE   =      2163.9849  DIHED      =      1317.4025
 UB     =         0.0000  IMP     =         0.0000  CMAP       =       194.3568
 1-4 NB =      1002.8489  1-4 EEL =     15100.2104  VDWAALS    =     17440.7632
 EELEC  =   -183275.5020  EHBOND  =         0.0000  RESTRAINT  =         0.0000
 ------------------------------------------------------------------------------

wrapping first mol.:       29.97838       42.39583       73.43173

 NSTEP =  2460000   TIME(PS) =  379959.999  TEMP(K) =   310.33  PRESS =     0.0
 Etot   =   -113649.0383  EKtot   =     31567.3262  EPtot      =   -145216.3644
 BOND   =       825.0227  ANGLE   =      2180.8257  DIHED      =      1373.8606
 UB     =         0.0000  IMP     =         0.0000  CMAP       =       191.0844
 1-4 NB =       997.0368  1-4 EEL =     15086.2074  VDWAALS    =     17076.8057
 EELEC  =   -182947.2076  EHBOND  =         0.0000  RESTRAINT  =         0.0000
 ------------------------------------------------------------------------------

wrapping first mol.:       29.97838       42.39583       73.43173

 NSTEP =  2480000   TIME(PS) =  379999.999  TEMP(K) =   309.71  PRESS =     0.0
 Etot   =   -114114.9515  EKtot   =     31504.3848  EPtot      =   -145619.3363
 BOND   =       838.6316  ANGLE   =      2101.1401  DIHED      =      1342.0566
 UB     =         0.0000  IMP     =         0.0000  CMAP       =       180.1941
 1-4 NB =       989.7463  1-4 EEL =     15077.7785  VDWAALS    =     17309.2006
 EELEC  =   -183458.0840  EHBOND  =         0.0000  RESTRAINT  =         0.0000
 ------------------------------------------------------------------------------

wrapping first mol.:       29.97838       42.39583       73.43173
wrapping first mol.:       29.97838       42.39583       73.43173

 NSTEP =  2500000   TIME(PS) =  380039.999  TEMP(K) =   311.36  PRESS =     0.0
 Etot   =   -114165.3545  EKtot   =     31672.3496  EPtot      =   -145837.7041
 BOND   =       821.8852  ANGLE   =      2167.9278  DIHED      =      1353.4807
 UB     =         0.0000  IMP     =         0.0000  CMAP       =       175.7419
 1-4 NB =      1004.2199  1-4 EEL =     15081.8961  VDWAALS    =     17928.0085
 EELEC  =   -184370.8643  EHBOND  =         0.0000  RESTRAINT  =         0.0000
 ------------------------------------------------------------------------------


      A V E R A G E S   O V E R     125 S T E P S


 NSTEP =  2500000   TIME(PS) =  380039.999  TEMP(K) =   310.22  PRESS =     0.0
 Etot   =   -113703.2952  EKtot   =     31556.1017  EPtot      =   -145259.3969
 BOND   =       859.9093  ANGLE   =      2148.4171  DIHED      =      1360.6349
 UB     =         0.0000  IMP     =         0.0000  CMAP       =       191.4089
 1-4 NB =       996.1826  1-4 EEL =     15079.3085  VDWAALS    =     17283.5821
 EELEC  =   -183178.8403  EHBOND  =         0.0000  RESTRAINT  =         0.0000
 ------------------------------------------------------------------------------


      R M S  F L U C T U A T I O N S


 NSTEP =  2500000   TIME(PS) =  380039.999  TEMP(K) =     1.38  PRESS =     0.0
 Etot   =       227.9944  EKtot   =       140.4016  EPtot      =       191.0799
 BOND   =        23.1065  ANGLE   =        40.4188  DIHED      =        20.0295
 UB     =         0.0000  IMP     =         0.0000  CMAP       =        10.4474
 1-4 NB =        12.2586  1-4 EEL =        46.1564  VDWAALS    =       204.7215
 EELEC  =       326.3170  EHBOND  =         0.0000  RESTRAINT  =         0.0000
 ------------------------------------------------------------------------------

--------------------------------------------------------------------------------
   5.  TIMINGS
--------------------------------------------------------------------------------

|  NonSetup CPU Time in Major Routines:
|
|     Routine           Sec        %
|     ------------------------------
|     Nonbond         139.89   15.52
|     Bond              0.00    0.00
|     Angle             0.00    0.00
|     Dihedral          0.00    0.00
|     Shake             9.84    1.09
|     RunMD           749.13   83.14
|     Other             2.18    0.24
|     ------------------------------
|     Total           901.04

|  PME Nonbond Pairlist CPU Time:
|
|     Routine              Sec        %
|     ---------------------------------
|     Set Up Cit           0.00    0.00
|     Build List           0.00    0.00
|     ---------------------------------
|     Total                0.00    0.00

|  PME Direct Force CPU Time:
|
|     Routine              Sec        %
|     ---------------------------------
|     NonBonded Calc       0.00    0.00
|     Exclude Masked       0.00    0.00
|     Other                1.38    0.15
|     ---------------------------------
|     Total                1.38    0.15

|  PME Reciprocal Force CPU Time:
|
|     Routine              Sec        %
|     ---------------------------------
|     1D bspline           0.00    0.00
|     Grid Charges         0.00    0.00
|     Scalar Sum           0.00    0.00
|     Gradient Sum         0.00    0.00
|     FFT                  0.00    0.00
|     ---------------------------------
|     Total                0.00    0.00

|  Final Performance Info:
|     -----------------------------------------------------
|     Average timings for last  140000 steps:
|     Elapsed(s) =      50.87 Per Step(ms) =       0.36
|         ns/day =     475.53   seconds/ns =     181.69
|
|     Average timings for all steps:
|     Elapsed(s) =     902.80 Per Step(ms) =       0.36
|         ns/day =     478.51   seconds/ns =     180.56
|     -----------------------------------------------------

|  Setup CPU time:            0.85 seconds
|  NonSetup CPU time:       901.04 seconds
|  Total CPU time:          901.88 seconds     0.25 hours

|  Setup wall time:           1    seconds
|  NonSetup wall time:      903    seconds
|  Total wall time:         904    seconds     0.25 hours
