
          -------------------------------------------------------
          Amber 24 PMEMD                              2024
          -------------------------------------------------------

| PMEMD implementation of SANDER, Release 24

|  Compiled date/time: Thu Apr  3 17:55:38 2025
| Run on 11/09/2025 at 12:17:51

|   Executable path: pmemd.cuda_SPFP
| Working directory: /rs1/researchers/h/hall/vtnguye4/Amber_restart/cappedP1L38M/mdsimP1L38M/newP1L38Mcapped_Simulation2
|          Hostname: gpu34

  [-O]verwriting output

File Assignments:
|   MDIN: /rs1/researchers/h/hall/vtnguye4/Amber_restart/cappedP1L38M/mdsimP1L38
|  MDOUT: ./OUT_Files/equil48.out                                               
| INPCRD: ./RST_Files/equil47.rst7                                              
|   PARM: ./PRMTOP_Files/newP1L38Mcapped.prmtop                                 
| RESTRT: ./RST_Files/equil48.rst7                                              
|   REFC: refc                                                                  
|  MDVEL: mdvel                                                                 
|   MDEN: mden                                                                  
|  MDCRD: ./nc_Files/equil48.nc                                                 
| MDINFO: mdinfo                                                                
|  MDFRC: mdfrc                                                                 


 Here is the input file:

!Stage equilibration 5ns                                                       
&cntrl                                                                         
imin=0, irest=1, ntx=5,                                                        
nstlim=2500000, dt=0.002,                                                      
ntc=2, ntf=2, ig=-1,                                                           
ntt=3, gamma_ln=2.0,                                                           
tempi=310.0, temp0=310.0,                                                      
ntxo=2, ioutfm=1,                                                              
ntpr=20000, ntwx=20000,                                                        
ntb=1,                                                                         
cut=9.0,                                                                       
iwrap=1,                                                                       
/                                                                              


Note: ig = -1. Setting random seed to    17289 based on wallclock time in 
      microseconds.
| irandom = 1, using AMBER's internal random number generator (default).
 
|--------------------- INFORMATION ----------------------
| GPU (CUDA) Version of PMEMD in use: NVIDIA GPU IN USE.
|                    Version 18.0.0
| 
|                      03/25/2018
| 
| Implementation by:
|                    Ross C. Walker     (SDSC)
|                    Scott Le Grand     (nVIDIA)
| 
| Version 18 performance extensions by:
|                    David Cerutti     (Rutgers)
| 
| Precision model in use:
|      [SPFP] - Single Precision Forces, 64-bit Fixed Point
|               Accumulation. (Default)
| 
|--------------------------------------------------------
 
|----------------- CITATION INFORMATION -----------------
|
|    When publishing work that utilized the CUDA version
|    of AMBER, please cite the following in addition to
|    the regular AMBER citations:
|
|  - Romelia Salomon-Ferrer; Andreas W. Goetz; Duncan
|    Poole; Scott Le Grand; Ross C. Walker "Routine
|    microsecond molecular dynamics simulations with
|    AMBER - Part II: Particle Mesh Ewald", J. Chem.
|    Theory Comput., 2013, 9 (9), pp3878-3888,
|    DOI: 10.1021/ct400314y.
|
|  - Andreas W. Goetz; Mark J. Williamson; Dong Xu;
|    Duncan Poole; Scott Le Grand; Ross C. Walker
|    "Routine microsecond molecular dynamics simulations
|    with AMBER - Part I: Generalized Born", J. Chem.
|    Theory Comput., 2012, 8 (5), pp1542-1555.
|
|  - Scott Le Grand; Andreas W. Goetz; Ross C. Walker
|    "SPFP: Speed without compromise - a mixed precision
|    model for GPU accelerated molecular dynamics
|    simulations.", Comp. Phys. Comm., 2013, 184
|    pp374-380, DOI: 10.1016/j.cpc.2012.09.022
|
|--------------------------------------------------------
 
|------------------- GPU DEVICE INFO --------------------
|
|            CUDA_VISIBLE_DEVICES: 0
|   CUDA Capable Devices Detected:      1
|           CUDA Device ID in use:      0
|                CUDA Device Name: NVIDIA L40S
|     CUDA Device Global Mem Size:  45487 MB
| CUDA Device Num Multiprocessors:    142
|           CUDA Device Core Freq:   2.52 GHz
|
|--------------------------------------------------------
 
 
| Conditional Compilation Defines Used:
| PUBFFT
| BINTRAJ
| CUDA
| EMIL

| Largest sphere to fit in unit cell has radius =    36.716

| New format PARM file being parsed.
| Version =    1.000 Date = 10/30/25 Time = 23:32:29

| Note: 1-4 EEL scale factors are being read from the topology file.

| Note: 1-4 VDW scale factors are being read from the topology file.
| Duplicated    0 dihedrals

| Duplicated    0 dihedrals

--------------------------------------------------------------------------------
   1.  RESOURCE   USE: 
--------------------------------------------------------------------------------

 getting box info from netcdf restart file
 NATOM  =   50023 NTYPES =      12 NBONH =   47691 MBONA  =    2332
 NTHETH =    5236 MTHETA =    3080 NPHIH =   10252 MPHIA  =    9504
 NHPARM =       0 NPARM  =       0 NNB   =   84972 NRES   =   15501
 NBONA  =    2332 NTHETA =    3080 NPHIA =    9504 NUMBND =      29
 NUMANG =      57 NPTRA  =      64 NATYP =      17 NPHB   =       0
 IFBOX  =       2 NMXRS  =      21 IFCAP =       0 NEXTRA =       0
 NCOPY  =       0

| Coordinate Index Table dimensions:    15   15   15
| Direct force subcell size =     5.9957    5.9957    5.9957

     BOX TYPE: TRUNCATED OCTAHEDRON

--------------------------------------------------------------------------------
   2.  CONTROL  DATA  FOR  THE  RUN
--------------------------------------------------------------------------------

default_name                                                                    

General flags:
     imin    =       0, nmropt  =       0

Nature and format of input:
     ntx     =       5, irest   =       1, ntrx    =       1

Nature and format of output:
     ntxo    =       2, ntpr    =   20000, ntrx    =       1, ntwr    = 2500000
     iwrap   =       1, ntwx    =   20000, ntwv    =       0, ntwe    =       0
     ioutfm  =       1, ntwprt  =       0, idecomp =       0, rbornstat=      0

Potential function:
     ntf     =       2, ntb     =       1, igb     =       0, nsnb    =      25
     ipol    =       0, gbsa    =       0, iesp    =       0
     dielc   =   1.00000, cut     =   9.00000, intdiel =   1.00000

Frozen or restrained atoms:
     ibelly  =       0, ntr     =       0

Molecular dynamics:
     nstlim  =   2500000, nscm    =      1000, nrespa  =         1
     t       =   0.00000, dt      =   0.00200, vlimit  =  -1.00000

Langevin dynamics temperature regulation:
     ig      =   17289
     temp0   = 310.00000, tempi   = 310.00000, gamma_ln=   2.00000

SHAKE:
     ntc     =       2, jfastw  =       0
     tol     =   0.00001

| Intermolecular bonds treatment:
|     no_intermolecular_bonds =       1

| Energy averages sample interval:
|     ene_avg_sampling =   20000

Ewald parameters:
     verbose =       0, ew_type =       0, nbflag  =       1, use_pme =       1
     vdwmeth =       1, eedmeth =       1, netfrc  =       1
     Box X =   89.935   Box Y =   89.935   Box Z =   89.935
     Alpha =  109.471   Beta  =  109.471   Gamma =  109.471
     NFFT1 =   96       NFFT2 =   96       NFFT3 =   96
     Cutoff=    9.000   Tol   =0.100E-04
     Ewald Coefficient =  0.30768
     Interpolation order =    4

--------------------------------------------------------------------------------
   3.  ATOMIC COORDINATES AND VELOCITIES
--------------------------------------------------------------------------------

default_name                                                                    
 begin time read from input coords =235040.000 ps

 
 Number of triangulated 3-point waters found:    15105

     Sum of charges from parm topology file =  -0.00000043
     Forcing neutrality...

| Dynamic Memory, Types Used:
| Reals             1595957
| Integers          2018996

| Nonbonded Pairs Initial Allocation:    11405244

| GPU memory information (estimate):
| KB of GPU memory in use:    394016
| KB of CPU memory in use:    114218

--------------------------------------------------------------------------------
   4.  RESULTS
--------------------------------------------------------------------------------


 NSTEP =    20000   TIME(PS) =  235080.000  TEMP(K) =   308.43  PRESS =     0.0
 Etot   =   -114194.2435  EKtot   =     31374.1191  EPtot      =   -145568.3626
 BOND   =       880.1316  ANGLE   =      2169.8322  DIHED      =      1361.2641
 UB     =         0.0000  IMP     =         0.0000  CMAP       =       195.6989
 1-4 NB =       991.9617  1-4 EEL =     15031.7407  VDWAALS    =     17450.5771
 EELEC  =   -183649.5690  EHBOND  =         0.0000  RESTRAINT  =         0.0000
 ------------------------------------------------------------------------------


 NSTEP =    40000   TIME(PS) =  235120.000  TEMP(K) =   307.94  PRESS =     0.0
 Etot   =   -114111.9566  EKtot   =     31324.5781  EPtot      =   -145436.5347
 BOND   =       874.6748  ANGLE   =      2119.7752  DIHED      =      1396.3094
 UB     =         0.0000  IMP     =         0.0000  CMAP       =       201.7725
 1-4 NB =       981.6207  1-4 EEL =     15044.4580  VDWAALS    =     17650.9617
 EELEC  =   -183706.1070  EHBOND  =         0.0000  RESTRAINT  =         0.0000
 ------------------------------------------------------------------------------


 NSTEP =    60000   TIME(PS) =  235160.000  TEMP(K) =   310.18  PRESS =     0.0
 Etot   =   -113706.3252  EKtot   =     31552.5469  EPtot      =   -145258.8721
 BOND   =       866.1083  ANGLE   =      2166.9093  DIHED      =      1379.9549
 UB     =         0.0000  IMP     =         0.0000  CMAP       =       208.3134
 1-4 NB =       986.4212  1-4 EEL =     14989.2880  VDWAALS    =     17462.6001
 EELEC  =   -183318.4673  EHBOND  =         0.0000  RESTRAINT  =         0.0000
 ------------------------------------------------------------------------------


 NSTEP =    80000   TIME(PS) =  235200.000  TEMP(K) =   307.22  PRESS =     0.0
 Etot   =   -114279.5248  EKtot   =     31250.9414  EPtot      =   -145530.4662
 BOND   =       859.1600  ANGLE   =      2170.3250  DIHED      =      1389.6481
 UB     =         0.0000  IMP     =         0.0000  CMAP       =       197.8612
 1-4 NB =       982.6608  1-4 EEL =     14985.6927  VDWAALS    =     17500.4882
 EELEC  =   -183616.3023  EHBOND  =         0.0000  RESTRAINT  =         0.0000
 ------------------------------------------------------------------------------


 NSTEP =   100000   TIME(PS) =  235240.000  TEMP(K) =   306.36  PRESS =     0.0
 Etot   =   -113953.0957  EKtot   =     31164.1094  EPtot      =   -145117.2051
 BOND   =       864.2426  ANGLE   =      2166.6534  DIHED      =      1354.9210
 UB     =         0.0000  IMP     =         0.0000  CMAP       =       175.0851
 1-4 NB =       997.4200  1-4 EEL =     15119.3769  VDWAALS    =     16981.1421
 EELEC  =   -182776.0462  EHBOND  =         0.0000  RESTRAINT  =         0.0000
 ------------------------------------------------------------------------------


 NSTEP =   120000   TIME(PS) =  235280.000  TEMP(K) =   309.67  PRESS =     0.0
 Etot   =   -113446.4863  EKtot   =     31500.1445  EPtot      =   -144946.6308
 BOND   =       867.4725  ANGLE   =      2134.2943  DIHED      =      1325.4032
 UB     =         0.0000  IMP     =         0.0000  CMAP       =       198.4263
 1-4 NB =       993.0064  1-4 EEL =     15038.3152  VDWAALS    =     16800.6704
 EELEC  =   -182304.2191  EHBOND  =         0.0000  RESTRAINT  =         0.0000
 ------------------------------------------------------------------------------


 NSTEP =   140000   TIME(PS) =  235320.000  TEMP(K) =   311.17  PRESS =     0.0
 Etot   =   -113651.6550  EKtot   =     31653.3730  EPtot      =   -145305.0280
 BOND   =       919.3322  ANGLE   =      2136.4167  DIHED      =      1373.8855
 UB     =         0.0000  IMP     =         0.0000  CMAP       =       184.8381
 1-4 NB =       995.3304  1-4 EEL =     15070.8326  VDWAALS    =     17175.5303
 EELEC  =   -183161.1938  EHBOND  =         0.0000  RESTRAINT  =         0.0000
 ------------------------------------------------------------------------------


 NSTEP =   160000   TIME(PS) =  235360.000  TEMP(K) =   307.55  PRESS =     0.0
 Etot   =   -114129.8139  EKtot   =     31285.1699  EPtot      =   -145414.9838
 BOND   =       813.4350  ANGLE   =      2142.5786  DIHED      =      1308.9438
 UB     =         0.0000  IMP     =         0.0000  CMAP       =       184.5907
 1-4 NB =      1002.3392  1-4 EEL =     15020.6014  VDWAALS    =     17202.7038
 EELEC  =   -183090.1762  EHBOND  =         0.0000  RESTRAINT  =         0.0000
 ------------------------------------------------------------------------------


 NSTEP =   180000   TIME(PS) =  235400.000  TEMP(K) =   310.89  PRESS =     0.0
 Etot   =   -114100.2381  EKtot   =     31624.7559  EPtot      =   -145724.9940
 BOND   =       841.7672  ANGLE   =      2137.7654  DIHED      =      1299.6226
 UB     =         0.0000  IMP     =         0.0000  CMAP       =       195.3512
 1-4 NB =       978.8230  1-4 EEL =     15113.0260  VDWAALS    =     17360.7189
 EELEC  =   -183652.0685  EHBOND  =         0.0000  RESTRAINT  =         0.0000
 ------------------------------------------------------------------------------


 NSTEP =   200000   TIME(PS) =  235440.000  TEMP(K) =   311.71  PRESS =     0.0
 Etot   =   -113257.2802  EKtot   =     31708.3574  EPtot      =   -144965.6377
 BOND   =       888.9576  ANGLE   =      2109.7340  DIHED      =      1362.1324
 UB     =         0.0000  IMP     =         0.0000  CMAP       =       189.2315
 1-4 NB =       974.4264  1-4 EEL =     15106.8965  VDWAALS    =     17220.5882
 EELEC  =   -182817.6041  EHBOND  =         0.0000  RESTRAINT  =         0.0000
 ------------------------------------------------------------------------------


 NSTEP =   220000   TIME(PS) =  235480.000  TEMP(K) =   312.31  PRESS =     0.0
 Etot   =   -113364.6810  EKtot   =     31768.7930  EPtot      =   -145133.4740
 BOND   =       867.2749  ANGLE   =      2156.7964  DIHED      =      1384.3680
 UB     =         0.0000  IMP     =         0.0000  CMAP       =       195.6387
 1-4 NB =      1008.5191  1-4 EEL =     15106.4228  VDWAALS    =     17288.3193
 EELEC  =   -183140.8132  EHBOND  =         0.0000  RESTRAINT  =         0.0000
 ------------------------------------------------------------------------------


 NSTEP =   240000   TIME(PS) =  235520.000  TEMP(K) =   307.50  PRESS =     0.0
 Etot   =   -113960.3116  EKtot   =     31279.8086  EPtot      =   -145240.1202
 BOND   =       856.5108  ANGLE   =      2116.1688  DIHED      =      1305.4038
 UB     =         0.0000  IMP     =         0.0000  CMAP       =       202.6171
 1-4 NB =       976.4344  1-4 EEL =     15093.2945  VDWAALS    =     17340.0137
 EELEC  =   -183130.5633  EHBOND  =         0.0000  RESTRAINT  =         0.0000
 ------------------------------------------------------------------------------


 NSTEP =   260000   TIME(PS) =  235560.000  TEMP(K) =   310.07  PRESS =     0.0
 Etot   =   -113951.1104  EKtot   =     31541.2129  EPtot      =   -145492.3233
 BOND   =       901.2504  ANGLE   =      2184.4142  DIHED      =      1346.8424
 UB     =         0.0000  IMP     =         0.0000  CMAP       =       186.0963
 1-4 NB =      1009.9709  1-4 EEL =     15118.7220  VDWAALS    =     17602.4017
 EELEC  =   -183842.0212  EHBOND  =         0.0000  RESTRAINT  =         0.0000
 ------------------------------------------------------------------------------


 NSTEP =   280000   TIME(PS) =  235600.000  TEMP(K) =   310.93  PRESS =     0.0
 Etot   =   -113734.2808  EKtot   =     31628.1895  EPtot      =   -145362.4703
 BOND   =       874.9487  ANGLE   =      2118.3500  DIHED      =      1356.0672
 UB     =         0.0000  IMP     =         0.0000  CMAP       =       184.1171
 1-4 NB =       996.7227  1-4 EEL =     15125.2405  VDWAALS    =     17359.7271
 EELEC  =   -183377.6436  EHBOND  =         0.0000  RESTRAINT  =         0.0000
 ------------------------------------------------------------------------------


 NSTEP =   300000   TIME(PS) =  235640.000  TEMP(K) =   307.91  PRESS =     0.0
 Etot   =   -113877.8407  EKtot   =     31321.0566  EPtot      =   -145198.8973
 BOND   =       859.4501  ANGLE   =      2075.1018  DIHED      =      1363.9873
 UB     =         0.0000  IMP     =         0.0000  CMAP       =       202.4423
 1-4 NB =       998.1366  1-4 EEL =     15101.3081  VDWAALS    =     17380.0055
 EELEC  =   -183179.3290  EHBOND  =         0.0000  RESTRAINT  =         0.0000
 ------------------------------------------------------------------------------


 NSTEP =   320000   TIME(PS) =  235680.000  TEMP(K) =   313.32  PRESS =     0.0
 Etot   =   -113212.0274  EKtot   =     31871.7812  EPtot      =   -145083.8086
 BOND   =       870.4111  ANGLE   =      2192.7503  DIHED      =      1325.3815
 UB     =         0.0000  IMP     =         0.0000  CMAP       =       195.5306
 1-4 NB =       988.1009  1-4 EEL =     15109.9754  VDWAALS    =     17390.0849
 EELEC  =   -183156.0434  EHBOND  =         0.0000  RESTRAINT  =         0.0000
 ------------------------------------------------------------------------------


 NSTEP =   340000   TIME(PS) =  235720.000  TEMP(K) =   311.49  PRESS =     0.0
 Etot   =   -113708.6628  EKtot   =     31685.5645  EPtot      =   -145394.2272
 BOND   =       814.1166  ANGLE   =      2131.4122  DIHED      =      1342.6786
 UB     =         0.0000  IMP     =         0.0000  CMAP       =       204.4591
 1-4 NB =       987.6385  1-4 EEL =     15106.0075  VDWAALS    =     17477.5766
 EELEC  =   -183458.1163  EHBOND  =         0.0000  RESTRAINT  =         0.0000
 ------------------------------------------------------------------------------


 NSTEP =   360000   TIME(PS) =  235760.000  TEMP(K) =   309.10  PRESS =     0.0
 Etot   =   -113989.5651  EKtot   =     31441.9766  EPtot      =   -145431.5417
 BOND   =       844.7892  ANGLE   =      2084.7005  DIHED      =      1351.5947
 UB     =         0.0000  IMP     =         0.0000  CMAP       =       186.5236
 1-4 NB =       982.6251  1-4 EEL =     15086.7392  VDWAALS    =     17856.5005
 EELEC  =   -183825.0145  EHBOND  =         0.0000  RESTRAINT  =         0.0000
 ------------------------------------------------------------------------------


 NSTEP =   380000   TIME(PS) =  235800.000  TEMP(K) =   310.75  PRESS =     0.0
 Etot   =   -113786.5136  EKtot   =     31610.7031  EPtot      =   -145397.2167
 BOND   =       841.8881  ANGLE   =      2137.5700  DIHED      =      1349.8807
 UB     =         0.0000  IMP     =         0.0000  CMAP       =       197.8659
 1-4 NB =      1008.1145  1-4 EEL =     15078.1798  VDWAALS    =     17407.1005
 EELEC  =   -183417.8162  EHBOND  =         0.0000  RESTRAINT  =         0.0000
 ------------------------------------------------------------------------------


 NSTEP =   400000   TIME(PS) =  235840.000  TEMP(K) =   308.74  PRESS =     0.0
 Etot   =   -114014.0614  EKtot   =     31406.1621  EPtot      =   -145420.2235
 BOND   =       902.2752  ANGLE   =      2227.8945  DIHED      =      1357.2867
 UB     =         0.0000  IMP     =         0.0000  CMAP       =       200.4870
 1-4 NB =       981.2260  1-4 EEL =     15072.2406  VDWAALS    =     17330.6254
 EELEC  =   -183492.2590  EHBOND  =         0.0000  RESTRAINT  =         0.0000
 ------------------------------------------------------------------------------


 NSTEP =   420000   TIME(PS) =  235880.000  TEMP(K) =   307.04  PRESS =     0.0
 Etot   =   -114163.3367  EKtot   =     31233.0586  EPtot      =   -145396.3953
 BOND   =       857.8365  ANGLE   =      2112.3774  DIHED      =      1347.6505
 UB     =         0.0000  IMP     =         0.0000  CMAP       =       209.9811
 1-4 NB =       991.8680  1-4 EEL =     15167.7965  VDWAALS    =     17413.9850
 EELEC  =   -183497.8903  EHBOND  =         0.0000  RESTRAINT  =         0.0000
 ------------------------------------------------------------------------------


 NSTEP =   440000   TIME(PS) =  235920.000  TEMP(K) =   310.66  PRESS =     0.0
 Etot   =   -113640.6482  EKtot   =     31601.3086  EPtot      =   -145241.9568
 BOND   =       866.2334  ANGLE   =      2196.5668  DIHED      =      1323.7477
 UB     =         0.0000  IMP     =         0.0000  CMAP       =       193.2080
 1-4 NB =       992.4265  1-4 EEL =     15084.5261  VDWAALS    =     16888.1776
 EELEC  =   -182786.8430  EHBOND  =         0.0000  RESTRAINT  =         0.0000
 ------------------------------------------------------------------------------


 NSTEP =   460000   TIME(PS) =  235960.000  TEMP(K) =   310.82  PRESS =     0.0
 Etot   =   -113723.7274  EKtot   =     31617.1289  EPtot      =   -145340.8563
 BOND   =       877.6767  ANGLE   =      2139.6791  DIHED      =      1369.8328
 UB     =         0.0000  IMP     =         0.0000  CMAP       =       189.7887
 1-4 NB =       984.2003  1-4 EEL =     15102.2860  VDWAALS    =     16969.0614
 EELEC  =   -182973.3814  EHBOND  =         0.0000  RESTRAINT  =         0.0000
 ------------------------------------------------------------------------------


 NSTEP =   480000   TIME(PS) =  236000.000  TEMP(K) =   311.48  PRESS =     0.0
 Etot   =   -113624.2775  EKtot   =     31684.6426  EPtot      =   -145308.9201
 BOND   =       852.2499  ANGLE   =      2079.1178  DIHED      =      1356.5626
 UB     =         0.0000  IMP     =         0.0000  CMAP       =       185.9698
 1-4 NB =       984.8521  1-4 EEL =     15033.7781  VDWAALS    =     17294.0274
 EELEC  =   -183095.4777  EHBOND  =         0.0000  RESTRAINT  =         0.0000
 ------------------------------------------------------------------------------


 NSTEP =   500000   TIME(PS) =  236040.000  TEMP(K) =   307.17  PRESS =     0.0
 Etot   =   -113700.0187  EKtot   =     31246.3711  EPtot      =   -144946.3898
 BOND   =       866.3610  ANGLE   =      2197.5953  DIHED      =      1362.2617
 UB     =         0.0000  IMP     =         0.0000  CMAP       =       218.2548
 1-4 NB =       970.4813  1-4 EEL =     15083.3981  VDWAALS    =     17435.6190
 EELEC  =   -183080.3610  EHBOND  =         0.0000  RESTRAINT  =         0.0000
 ------------------------------------------------------------------------------


 NSTEP =   520000   TIME(PS) =  236080.000  TEMP(K) =   311.49  PRESS =     0.0
 Etot   =   -113249.2378  EKtot   =     31685.3555  EPtot      =   -144934.5933
 BOND   =       879.4419  ANGLE   =      2161.2156  DIHED      =      1330.8057
 UB     =         0.0000  IMP     =         0.0000  CMAP       =       199.5292
 1-4 NB =       990.5974  1-4 EEL =     15085.7580  VDWAALS    =     17363.8115
 EELEC  =   -182945.7526  EHBOND  =         0.0000  RESTRAINT  =         0.0000
 ------------------------------------------------------------------------------


 NSTEP =   540000   TIME(PS) =  236120.000  TEMP(K) =   311.59  PRESS =     0.0
 Etot   =   -113595.2073  EKtot   =     31695.3164  EPtot      =   -145290.5237
 BOND   =       897.3256  ANGLE   =      2144.9446  DIHED      =      1350.5301
 UB     =         0.0000  IMP     =         0.0000  CMAP       =       187.7292
 1-4 NB =       963.3337  1-4 EEL =     14965.8315  VDWAALS    =     17321.9593
 EELEC  =   -183122.1777  EHBOND  =         0.0000  RESTRAINT  =         0.0000
 ------------------------------------------------------------------------------


 NSTEP =   560000   TIME(PS) =  236160.000  TEMP(K) =   309.66  PRESS =     0.0
 Etot   =   -113938.5962  EKtot   =     31498.9336  EPtot      =   -145437.5298
 BOND   =       914.3924  ANGLE   =      2090.7563  DIHED      =      1341.2745
 UB     =         0.0000  IMP     =         0.0000  CMAP       =       199.3834
 1-4 NB =       986.5637  1-4 EEL =     15076.3966  VDWAALS    =     17354.8450
 EELEC  =   -183401.1417  EHBOND  =         0.0000  RESTRAINT  =         0.0000
 ------------------------------------------------------------------------------


 NSTEP =   580000   TIME(PS) =  236200.000  TEMP(K) =   310.85  PRESS =     0.0
 Etot   =   -113757.4421  EKtot   =     31620.0586  EPtot      =   -145377.5007
 BOND   =       871.9249  ANGLE   =      2111.2542  DIHED      =      1337.8678
 UB     =         0.0000  IMP     =         0.0000  CMAP       =       186.8376
 1-4 NB =       996.5498  1-4 EEL =     15122.9834  VDWAALS    =     17064.1139
 EELEC  =   -183069.0323  EHBOND  =         0.0000  RESTRAINT  =         0.0000
 ------------------------------------------------------------------------------


 NSTEP =   600000   TIME(PS) =  236240.000  TEMP(K) =   309.95  PRESS =     0.0
 Etot   =   -113965.1445  EKtot   =     31528.8848  EPtot      =   -145494.0292
 BOND   =       879.4550  ANGLE   =      2161.4676  DIHED      =      1340.3139
 UB     =         0.0000  IMP     =         0.0000  CMAP       =       189.4618
 1-4 NB =       997.6785  1-4 EEL =     15045.2184  VDWAALS    =     17571.2861
 EELEC  =   -183678.9106  EHBOND  =         0.0000  RESTRAINT  =         0.0000
 ------------------------------------------------------------------------------


 NSTEP =   620000   TIME(PS) =  236280.000  TEMP(K) =   310.38  PRESS =     0.0
 Etot   =   -113955.8752  EKtot   =     31572.2871  EPtot      =   -145528.1623
 BOND   =       848.0479  ANGLE   =      2177.2900  DIHED      =      1338.8083
 UB     =         0.0000  IMP     =         0.0000  CMAP       =       198.7169
 1-4 NB =       985.5802  1-4 EEL =     15050.3301  VDWAALS    =     17360.5911
 EELEC  =   -183487.5267  EHBOND  =         0.0000  RESTRAINT  =         0.0000
 ------------------------------------------------------------------------------


 NSTEP =   640000   TIME(PS) =  236320.000  TEMP(K) =   308.58  PRESS =     0.0
 Etot   =   -113952.9890  EKtot   =     31389.9473  EPtot      =   -145342.9363
 BOND   =       892.4536  ANGLE   =      2130.7615  DIHED      =      1344.3639
 UB     =         0.0000  IMP     =         0.0000  CMAP       =       190.8867
 1-4 NB =       983.4364  1-4 EEL =     14971.1703  VDWAALS    =     17249.2299
 EELEC  =   -183105.2386  EHBOND  =         0.0000  RESTRAINT  =         0.0000
 ------------------------------------------------------------------------------


 NSTEP =   660000   TIME(PS) =  236360.000  TEMP(K) =   309.72  PRESS =     0.0
 Etot   =   -113781.6262  EKtot   =     31505.4941  EPtot      =   -145287.1204
 BOND   =       881.8597  ANGLE   =      2162.6110  DIHED      =      1345.6789
 UB     =         0.0000  IMP     =         0.0000  CMAP       =       203.9704
 1-4 NB =       995.2267  1-4 EEL =     15149.2523  VDWAALS    =     17677.7721
 EELEC  =   -183703.4915  EHBOND  =         0.0000  RESTRAINT  =         0.0000
 ------------------------------------------------------------------------------


 NSTEP =   680000   TIME(PS) =  236400.000  TEMP(K) =   310.20  PRESS =     0.0
 Etot   =   -113798.1846  EKtot   =     31554.6348  EPtot      =   -145352.8194
 BOND   =       868.2407  ANGLE   =      2205.9458  DIHED      =      1334.0029
 UB     =         0.0000  IMP     =         0.0000  CMAP       =       178.8576
 1-4 NB =       977.2114  1-4 EEL =     15088.0600  VDWAALS    =     17427.7120
 EELEC  =   -183432.8498  EHBOND  =         0.0000  RESTRAINT  =         0.0000
 ------------------------------------------------------------------------------


 NSTEP =   700000   TIME(PS) =  236440.000  TEMP(K) =   311.54  PRESS =     0.0
 Etot   =   -113548.9931  EKtot   =     31690.4922  EPtot      =   -145239.4853
 BOND   =       856.1820  ANGLE   =      2138.7341  DIHED      =      1328.6500
 UB     =         0.0000  IMP     =         0.0000  CMAP       =       190.9427
 1-4 NB =       996.1362  1-4 EEL =     15044.2520  VDWAALS    =     17354.7195
 EELEC  =   -183149.1018  EHBOND  =         0.0000  RESTRAINT  =         0.0000
 ------------------------------------------------------------------------------


 NSTEP =   720000   TIME(PS) =  236480.000  TEMP(K) =   310.03  PRESS =     0.0
 Etot   =   -114055.5214  EKtot   =     31536.8496  EPtot      =   -145592.3710
 BOND   =       832.5673  ANGLE   =      2162.2585  DIHED      =      1339.8351
 UB     =         0.0000  IMP     =         0.0000  CMAP       =       195.0341
 1-4 NB =       994.8384  1-4 EEL =     15057.5504  VDWAALS    =     17093.3466
 EELEC  =   -183267.8013  EHBOND  =         0.0000  RESTRAINT  =         0.0000
 ------------------------------------------------------------------------------


 NSTEP =   740000   TIME(PS) =  236520.000  TEMP(K) =   310.92  PRESS =     0.0
 Etot   =   -113228.7553  EKtot   =     31627.4082  EPtot      =   -144856.1635
 BOND   =       852.9022  ANGLE   =      2216.9136  DIHED      =      1349.4175
 UB     =         0.0000  IMP     =         0.0000  CMAP       =       189.6606
 1-4 NB =       989.5646  1-4 EEL =     15053.4074  VDWAALS    =     17051.9837
 EELEC  =   -182560.0132  EHBOND  =         0.0000  RESTRAINT  =         0.0000
 ------------------------------------------------------------------------------


 NSTEP =   760000   TIME(PS) =  236560.000  TEMP(K) =   308.25  PRESS =     0.0
 Etot   =   -113924.4470  EKtot   =     31355.6094  EPtot      =   -145280.0564
 BOND   =       868.8008  ANGLE   =      2115.3718  DIHED      =      1356.5068
 UB     =         0.0000  IMP     =         0.0000  CMAP       =       176.1328
 1-4 NB =       982.9103  1-4 EEL =     15002.6174  VDWAALS    =     17057.7203
 EELEC  =   -182840.1166  EHBOND  =         0.0000  RESTRAINT  =         0.0000
 ------------------------------------------------------------------------------


 NSTEP =   780000   TIME(PS) =  236600.000  TEMP(K) =   308.87  PRESS =     0.0
 Etot   =   -114057.1695  EKtot   =     31418.5215  EPtot      =   -145475.6910
 BOND   =       831.6516  ANGLE   =      2114.5337  DIHED      =      1326.5913
 UB     =         0.0000  IMP     =         0.0000  CMAP       =       190.2646
 1-4 NB =      1000.8993  1-4 EEL =     15063.3012  VDWAALS    =     17495.4045
 EELEC  =   -183498.3371  EHBOND  =         0.0000  RESTRAINT  =         0.0000
 ------------------------------------------------------------------------------


 NSTEP =   800000   TIME(PS) =  236640.000  TEMP(K) =   308.85  PRESS =     0.0
 Etot   =   -113755.0839  EKtot   =     31416.6797  EPtot      =   -145171.7636
 BOND   =       869.5578  ANGLE   =      2146.7762  DIHED      =      1328.2625
 UB     =         0.0000  IMP     =         0.0000  CMAP       =       182.9264
 1-4 NB =       993.7424  1-4 EEL =     15048.3279  VDWAALS    =     17097.8426
 EELEC  =   -182839.1994  EHBOND  =         0.0000  RESTRAINT  =         0.0000
 ------------------------------------------------------------------------------


 NSTEP =   820000   TIME(PS) =  236680.000  TEMP(K) =   308.67  PRESS =     0.0
 Etot   =   -114054.2362  EKtot   =     31398.4375  EPtot      =   -145452.6737
 BOND   =       926.0680  ANGLE   =      2140.8663  DIHED      =      1312.9535
 UB     =         0.0000  IMP     =         0.0000  CMAP       =       170.5772
 1-4 NB =       974.6804  1-4 EEL =     15015.0550  VDWAALS    =     17290.8708
 EELEC  =   -183283.7449  EHBOND  =         0.0000  RESTRAINT  =         0.0000
 ------------------------------------------------------------------------------


 NSTEP =   840000   TIME(PS) =  236720.000  TEMP(K) =   306.91  PRESS =     0.0
 Etot   =   -113627.9751  EKtot   =     31219.9531  EPtot      =   -144847.9282
 BOND   =       890.0987  ANGLE   =      2128.5572  DIHED      =      1353.0977
 UB     =         0.0000  IMP     =         0.0000  CMAP       =       180.8716
 1-4 NB =       970.0430  1-4 EEL =     15036.9740  VDWAALS    =     17322.1615
 EELEC  =   -182729.7318  EHBOND  =         0.0000  RESTRAINT  =         0.0000
 ------------------------------------------------------------------------------


 NSTEP =   860000   TIME(PS) =  236760.000  TEMP(K) =   309.59  PRESS =     0.0
 Etot   =   -113505.8309  EKtot   =     31492.0508  EPtot      =   -144997.8817
 BOND   =       885.3440  ANGLE   =      2189.7247  DIHED      =      1377.0185
 UB     =         0.0000  IMP     =         0.0000  CMAP       =       198.5455
 1-4 NB =       985.4010  1-4 EEL =     15113.3371  VDWAALS    =     17384.9007
 EELEC  =   -183132.1532  EHBOND  =         0.0000  RESTRAINT  =         0.0000
 ------------------------------------------------------------------------------


 NSTEP =   880000   TIME(PS) =  236800.000  TEMP(K) =   309.17  PRESS =     0.0
 Etot   =   -113886.9310  EKtot   =     31449.4062  EPtot      =   -145336.3372
 BOND   =       860.0200  ANGLE   =      2126.7682  DIHED      =      1340.7392
 UB     =         0.0000  IMP     =         0.0000  CMAP       =       197.9027
 1-4 NB =       988.1155  1-4 EEL =     15012.9287  VDWAALS    =     17589.6351
 EELEC  =   -183452.4466  EHBOND  =         0.0000  RESTRAINT  =         0.0000
 ------------------------------------------------------------------------------


 NSTEP =   900000   TIME(PS) =  236840.000  TEMP(K) =   309.80  PRESS =     0.0
 Etot   =   -113832.9404  EKtot   =     31513.4297  EPtot      =   -145346.3701
 BOND   =       906.7578  ANGLE   =      2179.3067  DIHED      =      1369.1069
 UB     =         0.0000  IMP     =         0.0000  CMAP       =       173.4048
 1-4 NB =       976.4120  1-4 EEL =     14991.9702  VDWAALS    =     17411.7274
 EELEC  =   -183355.0559  EHBOND  =         0.0000  RESTRAINT  =         0.0000
 ------------------------------------------------------------------------------


 NSTEP =   920000   TIME(PS) =  236880.000  TEMP(K) =   311.30  PRESS =     0.0
 Etot   =   -113816.8287  EKtot   =     31666.2266  EPtot      =   -145483.0552
 BOND   =       862.5088  ANGLE   =      2105.3710  DIHED      =      1349.7593
 UB     =         0.0000  IMP     =         0.0000  CMAP       =       182.5719
 1-4 NB =       994.4349  1-4 EEL =     15034.8255  VDWAALS    =     17450.5454
 EELEC  =   -183463.0720  EHBOND  =         0.0000  RESTRAINT  =         0.0000
 ------------------------------------------------------------------------------


 NSTEP =   940000   TIME(PS) =  236920.000  TEMP(K) =   309.08  PRESS =     0.0
 Etot   =   -113868.4247  EKtot   =     31440.4414  EPtot      =   -145308.8661
 BOND   =       908.5606  ANGLE   =      2120.0630  DIHED      =      1362.2861
 UB     =         0.0000  IMP     =         0.0000  CMAP       =       201.9940
 1-4 NB =       995.8742  1-4 EEL =     15077.9562  VDWAALS    =     17466.4308
 EELEC  =   -183442.0311  EHBOND  =         0.0000  RESTRAINT  =         0.0000
 ------------------------------------------------------------------------------


 NSTEP =   960000   TIME(PS) =  236960.000  TEMP(K) =   310.92  PRESS =     0.0
 Etot   =   -113697.4528  EKtot   =     31627.3730  EPtot      =   -145324.8259
 BOND   =       893.1058  ANGLE   =      2164.8468  DIHED      =      1338.4380
 UB     =         0.0000  IMP     =         0.0000  CMAP       =       191.6375
 1-4 NB =       996.1792  1-4 EEL =     15044.1550  VDWAALS    =     17233.7352
 EELEC  =   -183186.9234  EHBOND  =         0.0000  RESTRAINT  =         0.0000
 ------------------------------------------------------------------------------


 NSTEP =   980000   TIME(PS) =  237000.000  TEMP(K) =   308.27  PRESS =     0.0
 Etot   =   -113912.5834  EKtot   =     31358.1367  EPtot      =   -145270.7201
 BOND   =       796.9719  ANGLE   =      2143.2676  DIHED      =      1369.2207
 UB     =         0.0000  IMP     =         0.0000  CMAP       =       215.9853
 1-4 NB =       998.2505  1-4 EEL =     15063.2419  VDWAALS    =     17363.8017
 EELEC  =   -183221.4596  EHBOND  =         0.0000  RESTRAINT  =         0.0000
 ------------------------------------------------------------------------------


 NSTEP =  1000000   TIME(PS) =  237040.000  TEMP(K) =   312.39  PRESS =     0.0
 Etot   =   -113756.2634  EKtot   =     31776.9336  EPtot      =   -145533.1970
 BOND   =       851.5457  ANGLE   =      2147.3455  DIHED      =      1315.0441
 UB     =         0.0000  IMP     =         0.0000  CMAP       =       189.6908
 1-4 NB =       966.3363  1-4 EEL =     14965.5257  VDWAALS    =     17393.1774
 EELEC  =   -183361.8626  EHBOND  =         0.0000  RESTRAINT  =         0.0000
 ------------------------------------------------------------------------------


 NSTEP =  1020000   TIME(PS) =  237080.000  TEMP(K) =   310.34  PRESS =     0.0
 Etot   =   -113480.9318  EKtot   =     31568.7793  EPtot      =   -145049.7111
 BOND   =       864.3928  ANGLE   =      2256.7386  DIHED      =      1374.8184
 UB     =         0.0000  IMP     =         0.0000  CMAP       =       196.2377
 1-4 NB =       986.3028  1-4 EEL =     15052.3818  VDWAALS    =     17146.7275
 EELEC  =   -182927.3105  EHBOND  =         0.0000  RESTRAINT  =         0.0000
 ------------------------------------------------------------------------------


 NSTEP =  1040000   TIME(PS) =  237120.000  TEMP(K) =   309.75  PRESS =     0.0
 Etot   =   -113736.9249  EKtot   =     31508.1055  EPtot      =   -145245.0304
 BOND   =       850.7790  ANGLE   =      2148.6410  DIHED      =      1334.9857
 UB     =         0.0000  IMP     =         0.0000  CMAP       =       181.5070
 1-4 NB =       998.4010  1-4 EEL =     15006.3010  VDWAALS    =     17147.9546
 EELEC  =   -182913.5997  EHBOND  =         0.0000  RESTRAINT  =         0.0000
 ------------------------------------------------------------------------------


 NSTEP =  1060000   TIME(PS) =  237160.000  TEMP(K) =   310.28  PRESS =     0.0
 Etot   =   -113415.3390  EKtot   =     31562.7148  EPtot      =   -144978.0538
 BOND   =       819.1822  ANGLE   =      2203.9019  DIHED      =      1320.9335
 UB     =         0.0000  IMP     =         0.0000  CMAP       =       201.3660
 1-4 NB =       999.9806  1-4 EEL =     14990.4014  VDWAALS    =     17128.9674
 EELEC  =   -182642.7867  EHBOND  =         0.0000  RESTRAINT  =         0.0000
 ------------------------------------------------------------------------------


 NSTEP =  1080000   TIME(PS) =  237200.000  TEMP(K) =   308.98  PRESS =     0.0
 Etot   =   -113966.7046  EKtot   =     31430.0254  EPtot      =   -145396.7300
 BOND   =       855.5629  ANGLE   =      2108.8143  DIHED      =      1314.9150
 UB     =         0.0000  IMP     =         0.0000  CMAP       =       210.4464
 1-4 NB =       973.6563  1-4 EEL =     14995.9434  VDWAALS    =     17415.1904
 EELEC  =   -183271.2586  EHBOND  =         0.0000  RESTRAINT  =         0.0000
 ------------------------------------------------------------------------------


 NSTEP =  1100000   TIME(PS) =  237240.000  TEMP(K) =   309.04  PRESS =     0.0
 Etot   =   -113608.7640  EKtot   =     31436.2285  EPtot      =   -145044.9925
 BOND   =       848.3192  ANGLE   =      2216.3559  DIHED      =      1372.6940
 UB     =         0.0000  IMP     =         0.0000  CMAP       =       189.0497
 1-4 NB =       988.3819  1-4 EEL =     15044.6513  VDWAALS    =     17590.3387
 EELEC  =   -183294.7833  EHBOND  =         0.0000  RESTRAINT  =         0.0000
 ------------------------------------------------------------------------------


 NSTEP =  1120000   TIME(PS) =  237280.000  TEMP(K) =   307.81  PRESS =     0.0
 Etot   =   -113975.6392  EKtot   =     31310.8555  EPtot      =   -145286.4947
 BOND   =       917.9482  ANGLE   =      2180.4724  DIHED      =      1342.8502
 UB     =         0.0000  IMP     =         0.0000  CMAP       =       199.0080
 1-4 NB =       958.3274  1-4 EEL =     14997.6979  VDWAALS    =     17413.9020
 EELEC  =   -183296.7007  EHBOND  =         0.0000  RESTRAINT  =         0.0000
 ------------------------------------------------------------------------------


 NSTEP =  1140000   TIME(PS) =  237320.000  TEMP(K) =   309.31  PRESS =     0.0
 Etot   =   -113887.1940  EKtot   =     31463.5566  EPtot      =   -145350.7506
 BOND   =       856.3388  ANGLE   =      2102.0098  DIHED      =      1333.3222
 UB     =         0.0000  IMP     =         0.0000  CMAP       =       195.0876
 1-4 NB =      1008.1228  1-4 EEL =     15027.8553  VDWAALS    =     17267.0717
 EELEC  =   -183140.5587  EHBOND  =         0.0000  RESTRAINT  =         0.0000
 ------------------------------------------------------------------------------


 NSTEP =  1160000   TIME(PS) =  237360.000  TEMP(K) =   310.12  PRESS =     0.0
 Etot   =   -113880.5873  EKtot   =     31546.4082  EPtot      =   -145426.9955
 BOND   =       861.6902  ANGLE   =      2199.0155  DIHED      =      1313.8997
 UB     =         0.0000  IMP     =         0.0000  CMAP       =       186.5483
 1-4 NB =      1004.0404  1-4 EEL =     15106.1841  VDWAALS    =     17383.9726
 EELEC  =   -183482.3464  EHBOND  =         0.0000  RESTRAINT  =         0.0000
 ------------------------------------------------------------------------------


 NSTEP =  1180000   TIME(PS) =  237400.000  TEMP(K) =   308.50  PRESS =     0.0
 Etot   =   -113835.2251  EKtot   =     31381.7090  EPtot      =   -145216.9340
 BOND   =       840.3763  ANGLE   =      2159.9476  DIHED      =      1364.5690
 UB     =         0.0000  IMP     =         0.0000  CMAP       =       199.3371
 1-4 NB =       998.8676  1-4 EEL =     15032.9629  VDWAALS    =     17288.0690
 EELEC  =   -183101.0636  EHBOND  =         0.0000  RESTRAINT  =         0.0000
 ------------------------------------------------------------------------------


 NSTEP =  1200000   TIME(PS) =  237440.000  TEMP(K) =   306.46  PRESS =     0.0
 Etot   =   -113976.4851  EKtot   =     31173.5508  EPtot      =   -145150.0359
 BOND   =       836.7121  ANGLE   =      2124.3852  DIHED      =      1351.9085
 UB     =         0.0000  IMP     =         0.0000  CMAP       =       192.1043
 1-4 NB =       987.1177  1-4 EEL =     15027.0805  VDWAALS    =     17293.6807
 EELEC  =   -182963.0249  EHBOND  =         0.0000  RESTRAINT  =         0.0000
 ------------------------------------------------------------------------------


 NSTEP =  1220000   TIME(PS) =  237480.000  TEMP(K) =   311.83  PRESS =     0.0
 Etot   =   -113479.1030  EKtot   =     31720.4023  EPtot      =   -145199.5054
 BOND   =       834.1000  ANGLE   =      2083.9645  DIHED      =      1347.8152
 UB     =         0.0000  IMP     =         0.0000  CMAP       =       193.9399
 1-4 NB =      1016.2957  1-4 EEL =     15095.0430  VDWAALS    =     17489.5602
 EELEC  =   -183260.2239  EHBOND  =         0.0000  RESTRAINT  =         0.0000
 ------------------------------------------------------------------------------


 NSTEP =  1240000   TIME(PS) =  237520.000  TEMP(K) =   309.65  PRESS =     0.0
 Etot   =   -113655.3081  EKtot   =     31498.5645  EPtot      =   -145153.8726
 BOND   =       852.0125  ANGLE   =      2152.4861  DIHED      =      1349.7917
 UB     =         0.0000  IMP     =         0.0000  CMAP       =       182.3667
 1-4 NB =       989.7700  1-4 EEL =     15058.1152  VDWAALS    =     17718.8472
 EELEC  =   -183457.2619  EHBOND  =         0.0000  RESTRAINT  =         0.0000
 ------------------------------------------------------------------------------


 NSTEP =  1260000   TIME(PS) =  237560.000  TEMP(K) =   313.18  PRESS =     0.0
 Etot   =   -113102.0646  EKtot   =     31857.3164  EPtot      =   -144959.3810
 BOND   =       820.5844  ANGLE   =      2130.5010  DIHED      =      1359.0828
 UB     =         0.0000  IMP     =         0.0000  CMAP       =       194.3692
 1-4 NB =       999.5916  1-4 EEL =     15135.2829  VDWAALS    =     17330.9189
 EELEC  =   -182929.7119  EHBOND  =         0.0000  RESTRAINT  =         0.0000
 ------------------------------------------------------------------------------


 NSTEP =  1280000   TIME(PS) =  237600.000  TEMP(K) =   310.56  PRESS =     0.0
 Etot   =   -113760.5294  EKtot   =     31591.2480  EPtot      =   -145351.7775
 BOND   =       844.7636  ANGLE   =      2126.0403  DIHED      =      1338.5892
 UB     =         0.0000  IMP     =         0.0000  CMAP       =       186.7311
 1-4 NB =       981.0409  1-4 EEL =     15074.6297  VDWAALS    =     17371.3640
 EELEC  =   -183274.9363  EHBOND  =         0.0000  RESTRAINT  =         0.0000
 ------------------------------------------------------------------------------


 NSTEP =  1300000   TIME(PS) =  237640.000  TEMP(K) =   312.55  PRESS =     0.0
 Etot   =   -113636.4742  EKtot   =     31792.9219  EPtot      =   -145429.3961
 BOND   =       834.1808  ANGLE   =      2195.2753  DIHED      =      1321.9450
 UB     =         0.0000  IMP     =         0.0000  CMAP       =       165.2190
 1-4 NB =       990.3504  1-4 EEL =     15074.6273  VDWAALS    =     17344.6594
 EELEC  =   -183355.6533  EHBOND  =         0.0000  RESTRAINT  =         0.0000
 ------------------------------------------------------------------------------


 NSTEP =  1320000   TIME(PS) =  237680.000  TEMP(K) =   310.56  PRESS =     0.0
 Etot   =   -113487.7985  EKtot   =     31591.0488  EPtot      =   -145078.8474
 BOND   =       888.0433  ANGLE   =      2129.9662  DIHED      =      1330.1927
 UB     =         0.0000  IMP     =         0.0000  CMAP       =       198.0353
 1-4 NB =       964.7275  1-4 EEL =     14999.6849  VDWAALS    =     17221.5064
 EELEC  =   -182811.0038  EHBOND  =         0.0000  RESTRAINT  =         0.0000
 ------------------------------------------------------------------------------


 NSTEP =  1340000   TIME(PS) =  237720.000  TEMP(K) =   309.45  PRESS =     0.0
 Etot   =   -113984.6727  EKtot   =     31478.4746  EPtot      =   -145463.1474
 BOND   =       836.6406  ANGLE   =      2118.9002  DIHED      =      1330.9225
 UB     =         0.0000  IMP     =         0.0000  CMAP       =       185.7472
 1-4 NB =       976.4274  1-4 EEL =     15043.4371  VDWAALS    =     17103.3610
 EELEC  =   -183058.5834  EHBOND  =         0.0000  RESTRAINT  =         0.0000
 ------------------------------------------------------------------------------


 NSTEP =  1360000   TIME(PS) =  237760.000  TEMP(K) =   308.96  PRESS =     0.0
 Etot   =   -113685.9130  EKtot   =     31427.6445  EPtot      =   -145113.5575
 BOND   =       871.8323  ANGLE   =      2122.3877  DIHED      =      1349.8814
 UB     =         0.0000  IMP     =         0.0000  CMAP       =       196.9758
 1-4 NB =       994.9614  1-4 EEL =     15093.8332  VDWAALS    =     16863.0012
 EELEC  =   -182606.4307  EHBOND  =         0.0000  RESTRAINT  =         0.0000
 ------------------------------------------------------------------------------


 NSTEP =  1380000   TIME(PS) =  237800.000  TEMP(K) =   310.73  PRESS =     0.0
 Etot   =   -113249.3171  EKtot   =     31608.6250  EPtot      =   -144857.9421
 BOND   =       867.8973  ANGLE   =      2136.4419  DIHED      =      1368.7597
 UB     =         0.0000  IMP     =         0.0000  CMAP       =       190.0494
 1-4 NB =       978.9270  1-4 EEL =     15039.8633  VDWAALS    =     16932.3275
 EELEC  =   -182372.2082  EHBOND  =         0.0000  RESTRAINT  =         0.0000
 ------------------------------------------------------------------------------


 NSTEP =  1400000   TIME(PS) =  237840.000  TEMP(K) =   308.14  PRESS =     0.0
 Etot   =   -114022.8275  EKtot   =     31344.3594  EPtot      =   -145367.1868
 BOND   =       875.1090  ANGLE   =      2136.0934  DIHED      =      1338.1201
 UB     =         0.0000  IMP     =         0.0000  CMAP       =       187.8737
 1-4 NB =       987.5247  1-4 EEL =     15051.5877  VDWAALS    =     17197.2990
 EELEC  =   -183140.7945  EHBOND  =         0.0000  RESTRAINT  =         0.0000
 ------------------------------------------------------------------------------


 NSTEP =  1420000   TIME(PS) =  237880.000  TEMP(K) =   308.30  PRESS =     0.0
 Etot   =   -113911.0216  EKtot   =     31361.1367  EPtot      =   -145272.1583
 BOND   =       909.2958  ANGLE   =      2157.1917  DIHED      =      1346.3205
 UB     =         0.0000  IMP     =         0.0000  CMAP       =       187.5409
 1-4 NB =       973.1266  1-4 EEL =     15088.5044  VDWAALS    =     17348.5437
 EELEC  =   -183282.6819  EHBOND  =         0.0000  RESTRAINT  =         0.0000
 ------------------------------------------------------------------------------


 NSTEP =  1440000   TIME(PS) =  237920.000  TEMP(K) =   310.16  PRESS =     0.0
 Etot   =   -113729.3005  EKtot   =     31549.7520  EPtot      =   -145279.0524
 BOND   =       833.5395  ANGLE   =      2161.7432  DIHED      =      1315.1502
 UB     =         0.0000  IMP     =         0.0000  CMAP       =       177.2987
 1-4 NB =       990.7041  1-4 EEL =     15119.6859  VDWAALS    =     17191.6665
 EELEC  =   -183068.8407  EHBOND  =         0.0000  RESTRAINT  =         0.0000
 ------------------------------------------------------------------------------


 NSTEP =  1460000   TIME(PS) =  237960.000  TEMP(K) =   309.88  PRESS =     0.0
 Etot   =   -113718.1733  EKtot   =     31521.6445  EPtot      =   -145239.8178
 BOND   =       875.9487  ANGLE   =      2130.1123  DIHED      =      1367.6040
 UB     =         0.0000  IMP     =         0.0000  CMAP       =       186.4663
 1-4 NB =       976.1063  1-4 EEL =     15000.2505  VDWAALS    =     17223.5227
 EELEC  =   -182999.8286  EHBOND  =         0.0000  RESTRAINT  =         0.0000
 ------------------------------------------------------------------------------


 NSTEP =  1480000   TIME(PS) =  238000.000  TEMP(K) =   310.99  PRESS =     0.0
 Etot   =   -113735.6985  EKtot   =     31634.7637  EPtot      =   -145370.4622
 BOND   =       833.0491  ANGLE   =      2161.3273  DIHED      =      1354.6896
 UB     =         0.0000  IMP     =         0.0000  CMAP       =       177.9367
 1-4 NB =      1002.9954  1-4 EEL =     15004.1908  VDWAALS    =     17433.6952
 EELEC  =   -183338.3462  EHBOND  =         0.0000  RESTRAINT  =         0.0000
 ------------------------------------------------------------------------------


 NSTEP =  1500000   TIME(PS) =  238040.000  TEMP(K) =   309.66  PRESS =     0.0
 Etot   =   -113379.4380  EKtot   =     31499.6797  EPtot      =   -144879.1177
 BOND   =       876.0648  ANGLE   =      2161.8846  DIHED      =      1358.0794
 UB     =         0.0000  IMP     =         0.0000  CMAP       =       184.1025
 1-4 NB =      1019.8785  1-4 EEL =     15031.2400  VDWAALS    =     17438.1574
 EELEC  =   -182948.5249  EHBOND  =         0.0000  RESTRAINT  =         0.0000
 ------------------------------------------------------------------------------


 NSTEP =  1520000   TIME(PS) =  238080.000  TEMP(K) =   307.78  PRESS =     0.0
 Etot   =   -113528.1987  EKtot   =     31307.6133  EPtot      =   -144835.8120
 BOND   =       852.2589  ANGLE   =      2163.6436  DIHED      =      1349.6267
 UB     =         0.0000  IMP     =         0.0000  CMAP       =       187.5212
 1-4 NB =       985.2110  1-4 EEL =     15033.2704  VDWAALS    =     17164.9196
 EELEC  =   -182572.2633  EHBOND  =         0.0000  RESTRAINT  =         0.0000
 ------------------------------------------------------------------------------


 NSTEP =  1540000   TIME(PS) =  238120.000  TEMP(K) =   311.18  PRESS =     0.0
 Etot   =   -113595.3692  EKtot   =     31654.4492  EPtot      =   -145249.8184
 BOND   =       908.8244  ANGLE   =      2168.3026  DIHED      =      1283.0659
 UB     =         0.0000  IMP     =         0.0000  CMAP       =       195.0194
 1-4 NB =       975.8577  1-4 EEL =     15010.2691  VDWAALS    =     17417.4962
 EELEC  =   -183208.6537  EHBOND  =         0.0000  RESTRAINT  =         0.0000
 ------------------------------------------------------------------------------


 NSTEP =  1560000   TIME(PS) =  238160.000  TEMP(K) =   311.25  PRESS =     0.0
 Etot   =   -113843.3727  EKtot   =     31661.2461  EPtot      =   -145504.6188
 BOND   =       866.4790  ANGLE   =      2134.9962  DIHED      =      1338.9398
 UB     =         0.0000  IMP     =         0.0000  CMAP       =       190.8775
 1-4 NB =       993.0625  1-4 EEL =     14988.2871  VDWAALS    =     17301.7171
 EELEC  =   -183318.9780  EHBOND  =         0.0000  RESTRAINT  =         0.0000
 ------------------------------------------------------------------------------


 NSTEP =  1580000   TIME(PS) =  238200.000  TEMP(K) =   310.36  PRESS =     0.0
 Etot   =   -113923.9443  EKtot   =     31570.4043  EPtot      =   -145494.3486
 BOND   =       858.1899  ANGLE   =      2050.6733  DIHED      =      1330.8626
 UB     =         0.0000  IMP     =         0.0000  CMAP       =       203.5236
 1-4 NB =       985.4917  1-4 EEL =     15048.6032  VDWAALS    =     17414.5510
 EELEC  =   -183386.2440  EHBOND  =         0.0000  RESTRAINT  =         0.0000
 ------------------------------------------------------------------------------


 NSTEP =  1600000   TIME(PS) =  238240.000  TEMP(K) =   309.79  PRESS =     0.0
 Etot   =   -113493.2840  EKtot   =     31512.1797  EPtot      =   -145005.4637
 BOND   =       832.0643  ANGLE   =      2144.8452  DIHED      =      1327.1541
 UB     =         0.0000  IMP     =         0.0000  CMAP       =       178.8987
 1-4 NB =      1013.1469  1-4 EEL =     15015.4340  VDWAALS    =     17105.6836
 EELEC  =   -182622.6906  EHBOND  =         0.0000  RESTRAINT  =         0.0000
 ------------------------------------------------------------------------------


 NSTEP =  1620000   TIME(PS) =  238280.000  TEMP(K) =   309.08  PRESS =     0.0
 Etot   =   -113783.5144  EKtot   =     31440.8145  EPtot      =   -145224.3288
 BOND   =       882.9787  ANGLE   =      2137.0465  DIHED      =      1356.6618
 UB     =         0.0000  IMP     =         0.0000  CMAP       =       185.2719
 1-4 NB =       975.9637  1-4 EEL =     15067.0784  VDWAALS    =     17448.9595
 EELEC  =   -183278.2894  EHBOND  =         0.0000  RESTRAINT  =         0.0000
 ------------------------------------------------------------------------------


 NSTEP =  1640000   TIME(PS) =  238320.000  TEMP(K) =   311.87  PRESS =     0.0
 Etot   =   -113523.0960  EKtot   =     31723.9531  EPtot      =   -145247.0491
 BOND   =       863.0482  ANGLE   =      2182.8405  DIHED      =      1349.4258
 UB     =         0.0000  IMP     =         0.0000  CMAP       =       168.1599
 1-4 NB =       998.2566  1-4 EEL =     15057.3813  VDWAALS    =     17529.9857
 EELEC  =   -183396.1471  EHBOND  =         0.0000  RESTRAINT  =         0.0000
 ------------------------------------------------------------------------------


 NSTEP =  1660000   TIME(PS) =  238360.000  TEMP(K) =   308.09  PRESS =     0.0
 Etot   =   -114460.9027  EKtot   =     31339.1895  EPtot      =   -145800.0922
 BOND   =       805.2482  ANGLE   =      2082.0296  DIHED      =      1340.5715
 UB     =         0.0000  IMP     =         0.0000  CMAP       =       182.8661
 1-4 NB =       989.8320  1-4 EEL =     15045.9915  VDWAALS    =     17240.1282
 EELEC  =   -183486.7593  EHBOND  =         0.0000  RESTRAINT  =         0.0000
 ------------------------------------------------------------------------------


 NSTEP =  1680000   TIME(PS) =  238400.000  TEMP(K) =   310.46  PRESS =     0.0
 Etot   =   -113561.0209  EKtot   =     31581.1895  EPtot      =   -145142.2104
 BOND   =       854.5555  ANGLE   =      2130.8802  DIHED      =      1330.2692
 UB     =         0.0000  IMP     =         0.0000  CMAP       =       185.6531
 1-4 NB =      1009.6433  1-4 EEL =     15094.8173  VDWAALS    =     17518.9149
 EELEC  =   -183266.9439  EHBOND  =         0.0000  RESTRAINT  =         0.0000
 ------------------------------------------------------------------------------


 NSTEP =  1700000   TIME(PS) =  238440.000  TEMP(K) =   310.32  PRESS =     0.0
 Etot   =   -113649.9387  EKtot   =     31566.7773  EPtot      =   -145216.7160
 BOND   =       811.3462  ANGLE   =      2137.9866  DIHED      =      1372.9628
 UB     =         0.0000  IMP     =         0.0000  CMAP       =       193.7377
 1-4 NB =      1007.4415  1-4 EEL =     15080.7490  VDWAALS    =     17236.0450
 EELEC  =   -183056.9849  EHBOND  =         0.0000  RESTRAINT  =         0.0000
 ------------------------------------------------------------------------------


 NSTEP =  1720000   TIME(PS) =  238480.000  TEMP(K) =   311.73  PRESS =     0.0
 Etot   =   -113408.5336  EKtot   =     31709.8750  EPtot      =   -145118.4086
 BOND   =       846.4909  ANGLE   =      2093.8904  DIHED      =      1376.4907
 UB     =         0.0000  IMP     =         0.0000  CMAP       =       222.2962
 1-4 NB =       994.5281  1-4 EEL =     15025.2886  VDWAALS    =     17223.6578
 EELEC  =   -182901.0513  EHBOND  =         0.0000  RESTRAINT  =         0.0000
 ------------------------------------------------------------------------------


 NSTEP =  1740000   TIME(PS) =  238520.000  TEMP(K) =   309.19  PRESS =     0.0
 Etot   =   -114036.1721  EKtot   =     31451.4492  EPtot      =   -145487.6213
 BOND   =       825.0335  ANGLE   =      2174.4839  DIHED      =      1368.9249
 UB     =         0.0000  IMP     =         0.0000  CMAP       =       185.5117
 1-4 NB =       976.2649  1-4 EEL =     14991.2967  VDWAALS    =     17355.7108
 EELEC  =   -183364.8477  EHBOND  =         0.0000  RESTRAINT  =         0.0000
 ------------------------------------------------------------------------------


 NSTEP =  1760000   TIME(PS) =  238560.000  TEMP(K) =   309.62  PRESS =     0.0
 Etot   =   -113366.7565  EKtot   =     31495.1289  EPtot      =   -144861.8854
 BOND   =       856.3004  ANGLE   =      2170.8808  DIHED      =      1324.1291
 UB     =         0.0000  IMP     =         0.0000  CMAP       =       197.4122
 1-4 NB =      1001.8479  1-4 EEL =     15109.9068  VDWAALS    =     17346.9635
 EELEC  =   -182869.3263  EHBOND  =         0.0000  RESTRAINT  =         0.0000
 ------------------------------------------------------------------------------


 NSTEP =  1780000   TIME(PS) =  238600.000  TEMP(K) =   308.75  PRESS =     0.0
 Etot   =   -113974.1354  EKtot   =     31406.5820  EPtot      =   -145380.7174
 BOND   =       823.0200  ANGLE   =      2137.5127  DIHED      =      1362.1574
 UB     =         0.0000  IMP     =         0.0000  CMAP       =       194.2876
 1-4 NB =      1005.5056  1-4 EEL =     15135.6746  VDWAALS    =     17651.3477
 EELEC  =   -183690.2229  EHBOND  =         0.0000  RESTRAINT  =         0.0000
 ------------------------------------------------------------------------------


 NSTEP =  1800000   TIME(PS) =  238640.000  TEMP(K) =   310.04  PRESS =     0.0
 Etot   =   -113696.3523  EKtot   =     31537.9023  EPtot      =   -145234.2546
 BOND   =       840.0928  ANGLE   =      2123.4276  DIHED      =      1373.0195
 UB     =         0.0000  IMP     =         0.0000  CMAP       =       197.1723
 1-4 NB =       971.7135  1-4 EEL =     15001.5993  VDWAALS    =     17442.9450
 EELEC  =   -183184.2246  EHBOND  =         0.0000  RESTRAINT  =         0.0000
 ------------------------------------------------------------------------------


 NSTEP =  1820000   TIME(PS) =  238680.000  TEMP(K) =   309.61  PRESS =     0.0
 Etot   =   -114187.1374  EKtot   =     31494.4219  EPtot      =   -145681.5592
 BOND   =       862.2663  ANGLE   =      2172.5718  DIHED      =      1336.0306
 UB     =         0.0000  IMP     =         0.0000  CMAP       =       200.2591
 1-4 NB =      1012.9408  1-4 EEL =     15085.6859  VDWAALS    =     17413.8086
 EELEC  =   -183765.1224  EHBOND  =         0.0000  RESTRAINT  =         0.0000
 ------------------------------------------------------------------------------


 NSTEP =  1840000   TIME(PS) =  238720.000  TEMP(K) =   309.27  PRESS =     0.0
 Etot   =   -113885.2423  EKtot   =     31459.4844  EPtot      =   -145344.7267
 BOND   =       853.8716  ANGLE   =      2105.1010  DIHED      =      1338.1083
 UB     =         0.0000  IMP     =         0.0000  CMAP       =       177.2468
 1-4 NB =       965.0779  1-4 EEL =     15025.4668  VDWAALS    =     17365.5882
 EELEC  =   -183175.1873  EHBOND  =         0.0000  RESTRAINT  =         0.0000
 ------------------------------------------------------------------------------


 NSTEP =  1860000   TIME(PS) =  238760.000  TEMP(K) =   310.91  PRESS =     0.0
 Etot   =   -113342.8657  EKtot   =     31626.1406  EPtot      =   -144969.0064
 BOND   =       894.9954  ANGLE   =      2174.3575  DIHED      =      1347.2924
 UB     =         0.0000  IMP     =         0.0000  CMAP       =       182.0428
 1-4 NB =       994.8252  1-4 EEL =     15044.4627  VDWAALS    =     17206.8537
 EELEC  =   -182813.8361  EHBOND  =         0.0000  RESTRAINT  =         0.0000
 ------------------------------------------------------------------------------


 NSTEP =  1880000   TIME(PS) =  238800.000  TEMP(K) =   308.79  PRESS =     0.0
 Etot   =   -113656.7400  EKtot   =     31410.9551  EPtot      =   -145067.6951
 BOND   =       801.2211  ANGLE   =      2179.8067  DIHED      =      1343.8894
 UB     =         0.0000  IMP     =         0.0000  CMAP       =       201.8998
 1-4 NB =       985.8281  1-4 EEL =     14992.6636  VDWAALS    =     17234.6028
 EELEC  =   -182807.6066  EHBOND  =         0.0000  RESTRAINT  =         0.0000
 ------------------------------------------------------------------------------


 NSTEP =  1900000   TIME(PS) =  238840.000  TEMP(K) =   310.30  PRESS =     0.0
 Etot   =   -112971.5599  EKtot   =     31564.7500  EPtot      =   -144536.3099
 BOND   =       821.4293  ANGLE   =      2159.5348  DIHED      =      1348.4057
 UB     =         0.0000  IMP     =         0.0000  CMAP       =       203.5722
 1-4 NB =      1018.8540  1-4 EEL =     15009.2299  VDWAALS    =     17120.5473
 EELEC  =   -182217.8831  EHBOND  =         0.0000  RESTRAINT  =         0.0000
 ------------------------------------------------------------------------------


 NSTEP =  1920000   TIME(PS) =  238880.000  TEMP(K) =   311.10  PRESS =     0.0
 Etot   =   -113591.0607  EKtot   =     31645.9199  EPtot      =   -145236.9806
 BOND   =       849.5505  ANGLE   =      2094.8990  DIHED      =      1382.4676
 UB     =         0.0000  IMP     =         0.0000  CMAP       =       192.5450
 1-4 NB =      1003.2117  1-4 EEL =     15052.9148  VDWAALS    =     17283.7919
 EELEC  =   -183096.3610  EHBOND  =         0.0000  RESTRAINT  =         0.0000
 ------------------------------------------------------------------------------


 NSTEP =  1940000   TIME(PS) =  238920.000  TEMP(K) =   308.67  PRESS =     0.0
 Etot   =   -114252.6452  EKtot   =     31399.0996  EPtot      =   -145651.7448
 BOND   =       822.3054  ANGLE   =      2105.0312  DIHED      =      1357.4276
 UB     =         0.0000  IMP     =         0.0000  CMAP       =       196.0607
 1-4 NB =       991.3677  1-4 EEL =     15071.0019  VDWAALS    =     17329.4407
 EELEC  =   -183524.3800  EHBOND  =         0.0000  RESTRAINT  =         0.0000
 ------------------------------------------------------------------------------


 NSTEP =  1960000   TIME(PS) =  238960.000  TEMP(K) =   313.33  PRESS =     0.0
 Etot   =   -113538.4881  EKtot   =     31872.8379  EPtot      =   -145411.3260
 BOND   =       881.3697  ANGLE   =      2186.9742  DIHED      =      1356.6072
 UB     =         0.0000  IMP     =         0.0000  CMAP       =       194.1184
 1-4 NB =       984.9189  1-4 EEL =     14989.5773  VDWAALS    =     17220.8116
 EELEC  =   -183225.7032  EHBOND  =         0.0000  RESTRAINT  =         0.0000
 ------------------------------------------------------------------------------


 NSTEP =  1980000   TIME(PS) =  239000.000  TEMP(K) =   309.73  PRESS =     0.0
 Etot   =   -113478.6809  EKtot   =     31506.7695  EPtot      =   -144985.4505
 BOND   =       852.8794  ANGLE   =      2099.7619  DIHED      =      1322.7060
 UB     =         0.0000  IMP     =         0.0000  CMAP       =       193.0602
 1-4 NB =       984.6133  1-4 EEL =     15066.4712  VDWAALS    =     16952.2414
 EELEC  =   -182457.1840  EHBOND  =         0.0000  RESTRAINT  =         0.0000
 ------------------------------------------------------------------------------


 NSTEP =  2000000   TIME(PS) =  239040.000  TEMP(K) =   310.03  PRESS =     0.0
 Etot   =   -113532.4452  EKtot   =     31537.3281  EPtot      =   -145069.7733
 BOND   =       886.9725  ANGLE   =      2100.8651  DIHED      =      1319.4464
 UB     =         0.0000  IMP     =         0.0000  CMAP       =       203.7207
 1-4 NB =       990.0264  1-4 EEL =     15004.3512  VDWAALS    =     16698.4058
 EELEC  =   -182273.5615  EHBOND  =         0.0000  RESTRAINT  =         0.0000
 ------------------------------------------------------------------------------


 NSTEP =  2020000   TIME(PS) =  239080.000  TEMP(K) =   309.15  PRESS =     0.0
 Etot   =   -113413.8860  EKtot   =     31447.6250  EPtot      =   -144861.5110
 BOND   =       874.7787  ANGLE   =      2124.5185  DIHED      =      1369.8269
 UB     =         0.0000  IMP     =         0.0000  CMAP       =       195.0251
 1-4 NB =      1005.5128  1-4 EEL =     15024.3138  VDWAALS    =     17321.8346
 EELEC  =   -182777.3213  EHBOND  =         0.0000  RESTRAINT  =         0.0000
 ------------------------------------------------------------------------------


 NSTEP =  2040000   TIME(PS) =  239120.000  TEMP(K) =   310.97  PRESS =     0.0
 Etot   =   -113547.8452  EKtot   =     31632.3750  EPtot      =   -145180.2202
 BOND   =       859.0436  ANGLE   =      2183.0143  DIHED      =      1328.7410
 UB     =         0.0000  IMP     =         0.0000  CMAP       =       198.2859
 1-4 NB =       969.4326  1-4 EEL =     15041.3426  VDWAALS    =     17305.4219
 EELEC  =   -183065.5022  EHBOND  =         0.0000  RESTRAINT  =         0.0000
 ------------------------------------------------------------------------------


 NSTEP =  2060000   TIME(PS) =  239160.000  TEMP(K) =   309.36  PRESS =     0.0
 Etot   =   -113656.9882  EKtot   =     31469.0547  EPtot      =   -145126.0429
 BOND   =       857.7530  ANGLE   =      2206.6364  DIHED      =      1333.4283
 UB     =         0.0000  IMP     =         0.0000  CMAP       =       195.4756
 1-4 NB =      1001.1836  1-4 EEL =     15004.3840  VDWAALS    =     17337.3920
 EELEC  =   -183062.2958  EHBOND  =         0.0000  RESTRAINT  =         0.0000
 ------------------------------------------------------------------------------


 NSTEP =  2080000   TIME(PS) =  239200.000  TEMP(K) =   310.72  PRESS =     0.0
 Etot   =   -113655.6304  EKtot   =     31606.7793  EPtot      =   -145262.4097
 BOND   =       863.8240  ANGLE   =      2126.4716  DIHED      =      1323.4178
 UB     =         0.0000  IMP     =         0.0000  CMAP       =       202.8873
 1-4 NB =       972.1148  1-4 EEL =     15054.7246  VDWAALS    =     17265.9948
 EELEC  =   -183071.8447  EHBOND  =         0.0000  RESTRAINT  =         0.0000
 ------------------------------------------------------------------------------


 NSTEP =  2100000   TIME(PS) =  239240.000  TEMP(K) =   310.13  PRESS =     0.0
 Etot   =   -113966.6719  EKtot   =     31547.0957  EPtot      =   -145513.7676
 BOND   =       842.6308  ANGLE   =      2103.2948  DIHED      =      1394.2246
 UB     =         0.0000  IMP     =         0.0000  CMAP       =       207.7650
 1-4 NB =      1012.8954  1-4 EEL =     15048.1910  VDWAALS    =     17282.3912
 EELEC  =   -183405.1604  EHBOND  =         0.0000  RESTRAINT  =         0.0000
 ------------------------------------------------------------------------------


 NSTEP =  2120000   TIME(PS) =  239280.000  TEMP(K) =   306.26  PRESS =     0.0
 Etot   =   -113952.1643  EKtot   =     31153.6270  EPtot      =   -145105.7912
 BOND   =       869.5257  ANGLE   =      2200.5937  DIHED      =      1332.4894
 UB     =         0.0000  IMP     =         0.0000  CMAP       =       200.6062
 1-4 NB =       985.3698  1-4 EEL =     15036.7079  VDWAALS    =     17193.0712
 EELEC  =   -182924.1551  EHBOND  =         0.0000  RESTRAINT  =         0.0000
 ------------------------------------------------------------------------------


 NSTEP =  2140000   TIME(PS) =  239320.000  TEMP(K) =   310.95  PRESS =     0.0
 Etot   =   -113170.8386  EKtot   =     31630.0781  EPtot      =   -144800.9167
 BOND   =       845.2652  ANGLE   =      2097.2748  DIHED      =      1334.6142
 UB     =         0.0000  IMP     =         0.0000  CMAP       =       192.7272
 1-4 NB =      1003.3795  1-4 EEL =     15031.0508  VDWAALS    =     17136.9485
 EELEC  =   -182442.1768  EHBOND  =         0.0000  RESTRAINT  =         0.0000
 ------------------------------------------------------------------------------


 NSTEP =  2160000   TIME(PS) =  239360.000  TEMP(K) =   310.24  PRESS =     0.0
 Etot   =   -113780.6849  EKtot   =     31558.0215  EPtot      =   -145338.7064
 BOND   =       853.7281  ANGLE   =      2139.6068  DIHED      =      1354.6652
 UB     =         0.0000  IMP     =         0.0000  CMAP       =       218.6045
 1-4 NB =       993.5295  1-4 EEL =     15074.1952  VDWAALS    =     17217.4786
 EELEC  =   -183190.5143  EHBOND  =         0.0000  RESTRAINT  =         0.0000
 ------------------------------------------------------------------------------


 NSTEP =  2180000   TIME(PS) =  239400.000  TEMP(K) =   309.89  PRESS =     0.0
 Etot   =   -113683.7431  EKtot   =     31522.2734  EPtot      =   -145206.0165
 BOND   =       882.4918  ANGLE   =      2162.4513  DIHED      =      1345.9533
 UB     =         0.0000  IMP     =         0.0000  CMAP       =       196.1583
 1-4 NB =       972.7827  1-4 EEL =     15074.6076  VDWAALS    =     17234.9242
 EELEC  =   -183075.3857  EHBOND  =         0.0000  RESTRAINT  =         0.0000
 ------------------------------------------------------------------------------


 NSTEP =  2200000   TIME(PS) =  239440.000  TEMP(K) =   310.22  PRESS =     0.0
 Etot   =   -113730.0014  EKtot   =     31556.4102  EPtot      =   -145286.4116
 BOND   =       835.1439  ANGLE   =      2155.2371  DIHED      =      1362.7175
 UB     =         0.0000  IMP     =         0.0000  CMAP       =       194.1295
 1-4 NB =       993.8149  1-4 EEL =     15033.5094  VDWAALS    =     17446.1158
 EELEC  =   -183307.0797  EHBOND  =         0.0000  RESTRAINT  =         0.0000
 ------------------------------------------------------------------------------


 NSTEP =  2220000   TIME(PS) =  239480.000  TEMP(K) =   311.31  PRESS =     0.0
 Etot   =   -113764.5754  EKtot   =     31666.9609  EPtot      =   -145431.5364
 BOND   =       835.3912  ANGLE   =      2162.7369  DIHED      =      1384.4253
 UB     =         0.0000  IMP     =         0.0000  CMAP       =       186.1264
 1-4 NB =       995.4727  1-4 EEL =     15015.2361  VDWAALS    =     17710.8481
 EELEC  =   -183721.7731  EHBOND  =         0.0000  RESTRAINT  =         0.0000
 ------------------------------------------------------------------------------


 NSTEP =  2240000   TIME(PS) =  239520.000  TEMP(K) =   311.29  PRESS =     0.0
 Etot   =   -113728.2811  EKtot   =     31664.7461  EPtot      =   -145393.0272
 BOND   =       896.4381  ANGLE   =      2087.8883  DIHED      =      1316.5734
 UB     =         0.0000  IMP     =         0.0000  CMAP       =       189.6560
 1-4 NB =      1015.0029  1-4 EEL =     15026.5699  VDWAALS    =     17341.9874
 EELEC  =   -183267.1430  EHBOND  =         0.0000  RESTRAINT  =         0.0000
 ------------------------------------------------------------------------------


 NSTEP =  2260000   TIME(PS) =  239560.000  TEMP(K) =   310.83  PRESS =     0.0
 Etot   =   -113606.9007  EKtot   =     31618.3652  EPtot      =   -145225.2659
 BOND   =       877.8908  ANGLE   =      2157.6536  DIHED      =      1376.3670
 UB     =         0.0000  IMP     =         0.0000  CMAP       =       210.7020
 1-4 NB =       978.1150  1-4 EEL =     14999.7382  VDWAALS    =     17589.6166
 EELEC  =   -183415.3491  EHBOND  =         0.0000  RESTRAINT  =         0.0000
 ------------------------------------------------------------------------------


 NSTEP =  2280000   TIME(PS) =  239600.000  TEMP(K) =   311.22  PRESS =     0.0
 Etot   =   -113857.2626  EKtot   =     31658.3281  EPtot      =   -145515.5907
 BOND   =       864.6387  ANGLE   =      2170.4766  DIHED      =      1416.3935
 UB     =         0.0000  IMP     =         0.0000  CMAP       =       198.0991
 1-4 NB =      1007.1735  1-4 EEL =     15073.2279  VDWAALS    =     17341.9974
 EELEC  =   -183587.5974  EHBOND  =         0.0000  RESTRAINT  =         0.0000
 ------------------------------------------------------------------------------


 NSTEP =  2300000   TIME(PS) =  239640.000  TEMP(K) =   309.66  PRESS =     0.0
 Etot   =   -113734.7538  EKtot   =     31498.9180  EPtot      =   -145233.6718
 BOND   =       840.9541  ANGLE   =      2114.4401  DIHED      =      1365.0829
 UB     =         0.0000  IMP     =         0.0000  CMAP       =       211.6097
 1-4 NB =      1008.8418  1-4 EEL =     15043.1154  VDWAALS    =     17121.8307
 EELEC  =   -182939.5465  EHBOND  =         0.0000  RESTRAINT  =         0.0000
 ------------------------------------------------------------------------------


 NSTEP =  2320000   TIME(PS) =  239680.000  TEMP(K) =   312.10  PRESS =     0.0
 Etot   =   -113514.6899  EKtot   =     31747.6602  EPtot      =   -145262.3500
 BOND   =       857.7778  ANGLE   =      2163.2200  DIHED      =      1359.0892
 UB     =         0.0000  IMP     =         0.0000  CMAP       =       218.9008
 1-4 NB =       977.5857  1-4 EEL =     15092.5875  VDWAALS    =     17376.9128
 EELEC  =   -183308.4239  EHBOND  =         0.0000  RESTRAINT  =         0.0000
 ------------------------------------------------------------------------------


 NSTEP =  2340000   TIME(PS) =  239720.000  TEMP(K) =   309.00  PRESS =     0.0
 Etot   =   -113610.5186  EKtot   =     31431.9414  EPtot      =   -145042.4600
 BOND   =       864.2085  ANGLE   =      2136.4724  DIHED      =      1322.4397
 UB     =         0.0000  IMP     =         0.0000  CMAP       =       202.8876
 1-4 NB =       985.2019  1-4 EEL =     15043.2217  VDWAALS    =     17496.4290
 EELEC  =   -183093.3209  EHBOND  =         0.0000  RESTRAINT  =         0.0000
 ------------------------------------------------------------------------------


 NSTEP =  2360000   TIME(PS) =  239760.000  TEMP(K) =   309.18  PRESS =     0.0
 Etot   =   -113729.5384  EKtot   =     31450.2285  EPtot      =   -145179.7669
 BOND   =       829.8569  ANGLE   =      2133.3833  DIHED      =      1364.3239
 UB     =         0.0000  IMP     =         0.0000  CMAP       =       204.6625
 1-4 NB =       996.8558  1-4 EEL =     15058.5251  VDWAALS    =     17552.3835
 EELEC  =   -183319.7579  EHBOND  =         0.0000  RESTRAINT  =         0.0000
 ------------------------------------------------------------------------------


 NSTEP =  2380000   TIME(PS) =  239800.000  TEMP(K) =   310.91  PRESS =     0.0
 Etot   =   -113895.2359  EKtot   =     31626.0137  EPtot      =   -145521.2495
 BOND   =       811.4489  ANGLE   =      2139.6075  DIHED      =      1374.8416
 UB     =         0.0000  IMP     =         0.0000  CMAP       =       190.2877
 1-4 NB =       978.7611  1-4 EEL =     15017.0630  VDWAALS    =     17366.4838
 EELEC  =   -183399.7431  EHBOND  =         0.0000  RESTRAINT  =         0.0000
 ------------------------------------------------------------------------------


 NSTEP =  2400000   TIME(PS) =  239840.000  TEMP(K) =   311.37  PRESS =     0.0
 Etot   =   -113804.7988  EKtot   =     31673.5488  EPtot      =   -145478.3476
 BOND   =       875.5361  ANGLE   =      2171.7695  DIHED      =      1339.8097
 UB     =         0.0000  IMP     =         0.0000  CMAP       =       203.9384
 1-4 NB =       986.1278  1-4 EEL =     15014.9777  VDWAALS    =     17442.2668
 EELEC  =   -183512.7735  EHBOND  =         0.0000  RESTRAINT  =         0.0000
 ------------------------------------------------------------------------------


 NSTEP =  2420000   TIME(PS) =  239880.000  TEMP(K) =   310.65  PRESS =     0.0
 Etot   =   -113563.5441  EKtot   =     31599.5469  EPtot      =   -145163.0910
 BOND   =       846.0596  ANGLE   =      2159.1560  DIHED      =      1363.0686
 UB     =         0.0000  IMP     =         0.0000  CMAP       =       200.6778
 1-4 NB =       997.7673  1-4 EEL =     15022.0025  VDWAALS    =     17025.9812
 EELEC  =   -182777.8039  EHBOND  =         0.0000  RESTRAINT  =         0.0000
 ------------------------------------------------------------------------------


 NSTEP =  2440000   TIME(PS) =  239920.000  TEMP(K) =   310.69  PRESS =     0.0
 Etot   =   -113751.7640  EKtot   =     31604.2090  EPtot      =   -145355.9729
 BOND   =       824.0235  ANGLE   =      2171.7680  DIHED      =      1335.5683
 UB     =         0.0000  IMP     =         0.0000  CMAP       =       198.5382
 1-4 NB =       986.5569  1-4 EEL =     15059.8504  VDWAALS    =     17273.4485
 EELEC  =   -183205.7266  EHBOND  =         0.0000  RESTRAINT  =         0.0000
 ------------------------------------------------------------------------------


 NSTEP =  2460000   TIME(PS) =  239960.000  TEMP(K) =   307.87  PRESS =     0.0
 Etot   =   -113909.5372  EKtot   =     31316.7578  EPtot      =   -145226.2950
 BOND   =       857.4187  ANGLE   =      2083.1002  DIHED      =      1333.8567
 UB     =         0.0000  IMP     =         0.0000  CMAP       =       203.6356
 1-4 NB =       993.2232  1-4 EEL =     14929.1303  VDWAALS    =     17254.1366
 EELEC  =   -182880.7963  EHBOND  =         0.0000  RESTRAINT  =         0.0000
 ------------------------------------------------------------------------------


 NSTEP =  2480000   TIME(PS) =  240000.000  TEMP(K) =   310.30  PRESS =     0.0
 Etot   =   -113830.4357  EKtot   =     31564.4590  EPtot      =   -145394.8947
 BOND   =       817.7214  ANGLE   =      2216.5082  DIHED      =      1351.6378
 UB     =         0.0000  IMP     =         0.0000  CMAP       =       201.1193
 1-4 NB =       986.7759  1-4 EEL =     15016.5623  VDWAALS    =     17236.4040
 EELEC  =   -183221.6237  EHBOND  =         0.0000  RESTRAINT  =         0.0000
 ------------------------------------------------------------------------------


 NSTEP =  2500000   TIME(PS) =  240040.000  TEMP(K) =   309.19  PRESS =     0.0
 Etot   =   -114270.7460  EKtot   =     31451.9395  EPtot      =   -145722.6855
 BOND   =       891.0106  ANGLE   =      2067.9462  DIHED      =      1324.7683
 UB     =         0.0000  IMP     =         0.0000  CMAP       =       206.5848
 1-4 NB =       966.8751  1-4 EEL =     14913.7932  VDWAALS    =     17754.7470
 EELEC  =   -183848.4107  EHBOND  =         0.0000  RESTRAINT  =         0.0000
 ------------------------------------------------------------------------------


      A V E R A G E S   O V E R     125 S T E P S


 NSTEP =  2500000   TIME(PS) =  240040.000  TEMP(K) =   309.90  PRESS =     0.0
 Etot   =   -113740.1548  EKtot   =     31523.5812  EPtot      =   -145263.7360
 BOND   =       859.8884  ANGLE   =      2145.1512  DIHED      =      1347.3841
 UB     =         0.0000  IMP     =         0.0000  CMAP       =       193.8787
 1-4 NB =       990.0539  1-4 EEL =     15049.2648  VDWAALS    =     17318.6000
 EELEC  =   -183167.9571  EHBOND  =         0.0000  RESTRAINT  =         0.0000
 ------------------------------------------------------------------------------


      R M S  F L U C T U A T I O N S


 NSTEP =  2500000   TIME(PS) =  240040.000  TEMP(K) =     1.45  PRESS =     0.0
 Etot   =       261.5434  EKtot   =       147.0884  EPtot      =       217.1146
 BOND   =        26.5802  ANGLE   =        36.8079  DIHED      =        21.6467
 UB     =         0.0000  IMP     =         0.0000  CMAP       =        10.4238
 1-4 NB =        12.8250  1-4 EEL =        45.0023  VDWAALS    =       191.9687
 EELEC  =       338.1227  EHBOND  =         0.0000  RESTRAINT  =         0.0000
 ------------------------------------------------------------------------------

--------------------------------------------------------------------------------
   5.  TIMINGS
--------------------------------------------------------------------------------

|  NonSetup CPU Time in Major Routines:
|
|     Routine           Sec        %
|     ------------------------------
|     Nonbond         137.80   15.05
|     Bond              0.00    0.00
|     Angle             0.00    0.00
|     Dihedral          0.00    0.00
|     Shake             9.65    1.05
|     RunMD           765.91   83.66
|     Other             2.16    0.24
|     ------------------------------
|     Total           915.52

|  PME Nonbond Pairlist CPU Time:
|
|     Routine              Sec        %
|     ---------------------------------
|     Set Up Cit           0.00    0.00
|     Build List           0.00    0.00
|     ---------------------------------
|     Total                0.00    0.00

|  PME Direct Force CPU Time:
|
|     Routine              Sec        %
|     ---------------------------------
|     NonBonded Calc       0.00    0.00
|     Exclude Masked       0.00    0.00
|     Other                1.36    0.15
|     ---------------------------------
|     Total                1.36    0.15

|  PME Reciprocal Force CPU Time:
|
|     Routine              Sec        %
|     ---------------------------------
|     1D bspline           0.00    0.00
|     Grid Charges         0.00    0.00
|     Scalar Sum           0.00    0.00
|     Gradient Sum         0.00    0.00
|     FFT                  0.00    0.00
|     ---------------------------------
|     Total                0.00    0.00

|  Final Performance Info:
|     -----------------------------------------------------
|     Average timings for last  140000 steps:
|     Elapsed(s) =      51.36 Per Step(ms) =       0.37
|         ns/day =     471.04   seconds/ns =     183.42
|
|     Average timings for all steps:
|     Elapsed(s) =     917.04 Per Step(ms) =       0.37
|         ns/day =     471.08   seconds/ns =     183.41
|     -----------------------------------------------------

|  Setup CPU time:            0.72 seconds
|  NonSetup CPU time:       915.52 seconds
|  Total CPU time:          916.24 seconds     0.25 hours

|  Setup wall time:           1    seconds
|  NonSetup wall time:      917    seconds
|  Total wall time:         918    seconds     0.26 hours
