
          -------------------------------------------------------
          Amber 24 PMEMD                              2024
          -------------------------------------------------------

| PMEMD implementation of SANDER, Release 24

|  Compiled date/time: Thu Apr  3 17:55:38 2025
| Run on 11/14/2025 at 20:31:19

|   Executable path: pmemd.cuda_SPFP
| Working directory: /rs1/researchers/h/hall/vtnguye4/Amber_restart/cappedP1L38M/mdsimP1L38M/newP1L38Mcapped_Simulation2
|          Hostname: gpu24

  [-O]verwriting output

File Assignments:
|   MDIN: /rs1/researchers/h/hall/vtnguye4/Amber_restart/cappedP1L38M/mdsimP1L38
|  MDOUT: ./OUT_Files/equil84.out                                               
| INPCRD: ./RST_Files/equil83.rst7                                              
|   PARM: ./PRMTOP_Files/newP1L38Mcapped.prmtop                                 
| RESTRT: ./RST_Files/equil84.rst7                                              
|   REFC: refc                                                                  
|  MDVEL: mdvel                                                                 
|   MDEN: mden                                                                  
|  MDCRD: ./nc_Files/equil84.nc                                                 
| MDINFO: mdinfo                                                                
|  MDFRC: mdfrc                                                                 


 Here is the input file:

!Stage equilibration 5ns                                                       
&cntrl                                                                         
imin=0, irest=1, ntx=5,                                                        
nstlim=2500000, dt=0.002,                                                      
ntc=2, ntf=2, ig=-1,                                                           
ntt=3, gamma_ln=2.0,                                                           
tempi=310.0, temp0=310.0,                                                      
ntxo=2, ioutfm=1,                                                              
ntpr=20000, ntwx=20000,                                                        
ntb=1,                                                                         
cut=9.0,                                                                       
iwrap=1,                                                                       
/                                                                              


Note: ig = -1. Setting random seed to   168194 based on wallclock time in 
      microseconds.
| irandom = 1, using AMBER's internal random number generator (default).
 
|--------------------- INFORMATION ----------------------
| GPU (CUDA) Version of PMEMD in use: NVIDIA GPU IN USE.
|                    Version 18.0.0
| 
|                      03/25/2018
| 
| Implementation by:
|                    Ross C. Walker     (SDSC)
|                    Scott Le Grand     (nVIDIA)
| 
| Version 18 performance extensions by:
|                    David Cerutti     (Rutgers)
| 
| Precision model in use:
|      [SPFP] - Single Precision Forces, 64-bit Fixed Point
|               Accumulation. (Default)
| 
|--------------------------------------------------------
 
|----------------- CITATION INFORMATION -----------------
|
|    When publishing work that utilized the CUDA version
|    of AMBER, please cite the following in addition to
|    the regular AMBER citations:
|
|  - Romelia Salomon-Ferrer; Andreas W. Goetz; Duncan
|    Poole; Scott Le Grand; Ross C. Walker "Routine
|    microsecond molecular dynamics simulations with
|    AMBER - Part II: Particle Mesh Ewald", J. Chem.
|    Theory Comput., 2013, 9 (9), pp3878-3888,
|    DOI: 10.1021/ct400314y.
|
|  - Andreas W. Goetz; Mark J. Williamson; Dong Xu;
|    Duncan Poole; Scott Le Grand; Ross C. Walker
|    "Routine microsecond molecular dynamics simulations
|    with AMBER - Part I: Generalized Born", J. Chem.
|    Theory Comput., 2012, 8 (5), pp1542-1555.
|
|  - Scott Le Grand; Andreas W. Goetz; Ross C. Walker
|    "SPFP: Speed without compromise - a mixed precision
|    model for GPU accelerated molecular dynamics
|    simulations.", Comp. Phys. Comm., 2013, 184
|    pp374-380, DOI: 10.1016/j.cpc.2012.09.022
|
|--------------------------------------------------------
 
|------------------- GPU DEVICE INFO --------------------
|
|            CUDA_VISIBLE_DEVICES: 0
|   CUDA Capable Devices Detected:      1
|           CUDA Device ID in use:      0
|                CUDA Device Name: NVIDIA L40S
|     CUDA Device Global Mem Size:  45487 MB
| CUDA Device Num Multiprocessors:    142
|           CUDA Device Core Freq:   2.52 GHz
|
|--------------------------------------------------------
 
 
| Conditional Compilation Defines Used:
| PUBFFT
| BINTRAJ
| CUDA
| EMIL

| Largest sphere to fit in unit cell has radius =    36.716

| New format PARM file being parsed.
| Version =    1.000 Date = 10/30/25 Time = 23:32:29

| Note: 1-4 EEL scale factors are being read from the topology file.

| Note: 1-4 VDW scale factors are being read from the topology file.
| Duplicated    0 dihedrals

| Duplicated    0 dihedrals

--------------------------------------------------------------------------------
   1.  RESOURCE   USE: 
--------------------------------------------------------------------------------

 getting box info from netcdf restart file
 NATOM  =   50023 NTYPES =      12 NBONH =   47691 MBONA  =    2332
 NTHETH =    5236 MTHETA =    3080 NPHIH =   10252 MPHIA  =    9504
 NHPARM =       0 NPARM  =       0 NNB   =   84972 NRES   =   15501
 NBONA  =    2332 NTHETA =    3080 NPHIA =    9504 NUMBND =      29
 NUMANG =      57 NPTRA  =      64 NATYP =      17 NPHB   =       0
 IFBOX  =       2 NMXRS  =      21 IFCAP =       0 NEXTRA =       0
 NCOPY  =       0

| Coordinate Index Table dimensions:    15   15   15
| Direct force subcell size =     5.9957    5.9957    5.9957

     BOX TYPE: TRUNCATED OCTAHEDRON

--------------------------------------------------------------------------------
   2.  CONTROL  DATA  FOR  THE  RUN
--------------------------------------------------------------------------------

default_name                                                                    

General flags:
     imin    =       0, nmropt  =       0

Nature and format of input:
     ntx     =       5, irest   =       1, ntrx    =       1

Nature and format of output:
     ntxo    =       2, ntpr    =   20000, ntrx    =       1, ntwr    = 2500000
     iwrap   =       1, ntwx    =   20000, ntwv    =       0, ntwe    =       0
     ioutfm  =       1, ntwprt  =       0, idecomp =       0, rbornstat=      0

Potential function:
     ntf     =       2, ntb     =       1, igb     =       0, nsnb    =      25
     ipol    =       0, gbsa    =       0, iesp    =       0
     dielc   =   1.00000, cut     =   9.00000, intdiel =   1.00000

Frozen or restrained atoms:
     ibelly  =       0, ntr     =       0

Molecular dynamics:
     nstlim  =   2500000, nscm    =      1000, nrespa  =         1
     t       =   0.00000, dt      =   0.00200, vlimit  =  -1.00000

Langevin dynamics temperature regulation:
     ig      =  168194
     temp0   = 310.00000, tempi   = 310.00000, gamma_ln=   2.00000

SHAKE:
     ntc     =       2, jfastw  =       0
     tol     =   0.00001

| Intermolecular bonds treatment:
|     no_intermolecular_bonds =       1

| Energy averages sample interval:
|     ene_avg_sampling =   20000

Ewald parameters:
     verbose =       0, ew_type =       0, nbflag  =       1, use_pme =       1
     vdwmeth =       1, eedmeth =       1, netfrc  =       1
     Box X =   89.935   Box Y =   89.935   Box Z =   89.935
     Alpha =  109.471   Beta  =  109.471   Gamma =  109.471
     NFFT1 =   96       NFFT2 =   96       NFFT3 =   96
     Cutoff=    9.000   Tol   =0.100E-04
     Ewald Coefficient =  0.30768
     Interpolation order =    4

--------------------------------------------------------------------------------
   3.  ATOMIC COORDINATES AND VELOCITIES
--------------------------------------------------------------------------------

default_name                                                                    
 begin time read from input coords =415039.999 ps

 
 Number of triangulated 3-point waters found:    15105

     Sum of charges from parm topology file =  -0.00000043
     Forcing neutrality...

| Dynamic Memory, Types Used:
| Reals             1595957
| Integers          2018996

| Nonbonded Pairs Initial Allocation:    11405244

| GPU memory information (estimate):
| KB of GPU memory in use:    394016
| KB of CPU memory in use:    114218

--------------------------------------------------------------------------------
   4.  RESULTS
--------------------------------------------------------------------------------

wrapping first mol.:      -59.95674       42.39583       73.43173

 NSTEP =    20000   TIME(PS) =  415079.999  TEMP(K) =   310.46  PRESS =     0.0
 Etot   =   -113653.7684  EKtot   =     31580.5527  EPtot      =   -145234.3212
 BOND   =       836.0884  ANGLE   =      2112.7934  DIHED      =      1390.0109
 UB     =         0.0000  IMP     =         0.0000  CMAP       =       217.3358
 1-4 NB =      1006.6109  1-4 EEL =     15068.2234  VDWAALS    =     16996.9661
 EELEC  =   -182862.3500  EHBOND  =         0.0000  RESTRAINT  =         0.0000
 ------------------------------------------------------------------------------

wrapping first mol.:      -59.95674       42.39583       73.43173

 NSTEP =    40000   TIME(PS) =  415119.999  TEMP(K) =   313.35  PRESS =     0.0
 Etot   =   -113296.1487  EKtot   =     31875.1426  EPtot      =   -145171.2913
 BOND   =       850.8800  ANGLE   =      2244.3857  DIHED      =      1354.1616
 UB     =         0.0000  IMP     =         0.0000  CMAP       =       209.8356
 1-4 NB =       990.6313  1-4 EEL =     15003.5717  VDWAALS    =     17086.2823
 EELEC  =   -182911.0394  EHBOND  =         0.0000  RESTRAINT  =         0.0000
 ------------------------------------------------------------------------------

wrapping first mol.:      -59.95674       42.39583       73.43173

 NSTEP =    60000   TIME(PS) =  415159.999  TEMP(K) =   308.95  PRESS =     0.0
 Etot   =   -113827.4109  EKtot   =     31426.7090  EPtot      =   -145254.1199
 BOND   =       837.9117  ANGLE   =      2161.1548  DIHED      =      1327.1259
 UB     =         0.0000  IMP     =         0.0000  CMAP       =       228.8417
 1-4 NB =       997.7005  1-4 EEL =     15051.7727  VDWAALS    =     17435.7214
 EELEC  =   -183294.3486  EHBOND  =         0.0000  RESTRAINT  =         0.0000
 ------------------------------------------------------------------------------

wrapping first mol.:      -59.95674       42.39583       73.43173

 NSTEP =    80000   TIME(PS) =  415199.999  TEMP(K) =   309.34  PRESS =     0.0
 Etot   =   -113773.0287  EKtot   =     31466.8047  EPtot      =   -145239.8334
 BOND   =       828.0511  ANGLE   =      2155.0627  DIHED      =      1399.0742
 UB     =         0.0000  IMP     =         0.0000  CMAP       =       217.8730
 1-4 NB =       981.9648  1-4 EEL =     15029.9519  VDWAALS    =     17532.0489
 EELEC  =   -183383.8601  EHBOND  =         0.0000  RESTRAINT  =         0.0000
 ------------------------------------------------------------------------------

wrapping first mol.:      -59.95674       42.39583       73.43173

 NSTEP =   100000   TIME(PS) =  415239.999  TEMP(K) =   309.80  PRESS =     0.0
 Etot   =   -113564.5958  EKtot   =     31513.3594  EPtot      =   -145077.9551
 BOND   =       833.7251  ANGLE   =      2165.2184  DIHED      =      1366.4470
 UB     =         0.0000  IMP     =         0.0000  CMAP       =       218.5661
 1-4 NB =      1006.4880  1-4 EEL =     15140.0491  VDWAALS    =     17222.7670
 EELEC  =   -183031.2158  EHBOND  =         0.0000  RESTRAINT  =         0.0000
 ------------------------------------------------------------------------------

wrapping first mol.:      -59.95674       42.39583       73.43173

 NSTEP =   120000   TIME(PS) =  415279.999  TEMP(K) =   311.02  PRESS =     0.0
 Etot   =   -113651.1032  EKtot   =     31637.2344  EPtot      =   -145288.3376
 BOND   =       831.7509  ANGLE   =      2183.3735  DIHED      =      1349.5433
 UB     =         0.0000  IMP     =         0.0000  CMAP       =       212.0635
 1-4 NB =      1022.3415  1-4 EEL =     15108.4233  VDWAALS    =     17261.8452
 EELEC  =   -183257.6788  EHBOND  =         0.0000  RESTRAINT  =         0.0000
 ------------------------------------------------------------------------------

wrapping first mol.:      -59.95674       42.39583       73.43173

 NSTEP =   140000   TIME(PS) =  415319.999  TEMP(K) =   309.48  PRESS =     0.0
 Etot   =   -113897.6239  EKtot   =     31481.4160  EPtot      =   -145379.0399
 BOND   =       813.6094  ANGLE   =      2112.0433  DIHED      =      1397.7642
 UB     =         0.0000  IMP     =         0.0000  CMAP       =       203.5982
 1-4 NB =      1002.7550  1-4 EEL =     15109.5075  VDWAALS    =     17518.9105
 EELEC  =   -183537.2281  EHBOND  =         0.0000  RESTRAINT  =         0.0000
 ------------------------------------------------------------------------------

wrapping first mol.:      -59.95674       42.39583       73.43173

 NSTEP =   160000   TIME(PS) =  415359.999  TEMP(K) =   311.37  PRESS =     0.0
 Etot   =   -113710.8103  EKtot   =     31672.8223  EPtot      =   -145383.6326
 BOND   =       860.5743  ANGLE   =      2132.4893  DIHED      =      1382.0068
 UB     =         0.0000  IMP     =         0.0000  CMAP       =       211.5658
 1-4 NB =      1001.0704  1-4 EEL =     15120.8247  VDWAALS    =     17362.6363
 EELEC  =   -183454.8001  EHBOND  =         0.0000  RESTRAINT  =         0.0000
 ------------------------------------------------------------------------------

wrapping first mol.:      -59.95674       42.39583       73.43173

 NSTEP =   180000   TIME(PS) =  415399.999  TEMP(K) =   310.67  PRESS =     0.0
 Etot   =   -113489.8538  EKtot   =     31602.0762  EPtot      =   -145091.9299
 BOND   =       901.4695  ANGLE   =      2163.0114  DIHED      =      1368.4604
 UB     =         0.0000  IMP     =         0.0000  CMAP       =       214.7335
 1-4 NB =       982.2766  1-4 EEL =     15073.9233  VDWAALS    =     17139.7725
 EELEC  =   -182935.5771  EHBOND  =         0.0000  RESTRAINT  =         0.0000
 ------------------------------------------------------------------------------

wrapping first mol.:      -59.95674       42.39583       73.43173

 NSTEP =   200000   TIME(PS) =  415439.999  TEMP(K) =   309.83  PRESS =     0.0
 Etot   =   -113602.8984  EKtot   =     31516.4551  EPtot      =   -145119.3535
 BOND   =       860.4386  ANGLE   =      2144.6618  DIHED      =      1351.8394
 UB     =         0.0000  IMP     =         0.0000  CMAP       =       204.7193
 1-4 NB =      1004.1664  1-4 EEL =     15147.4675  VDWAALS    =     17412.6768
 EELEC  =   -183245.3233  EHBOND  =         0.0000  RESTRAINT  =         0.0000
 ------------------------------------------------------------------------------

wrapping first mol.:      -59.95674       42.39583       73.43173

 NSTEP =   220000   TIME(PS) =  415479.999  TEMP(K) =   311.21  PRESS =     0.0
 Etot   =   -113733.7620  EKtot   =     31657.2383  EPtot      =   -145391.0002
 BOND   =       897.9221  ANGLE   =      2137.9743  DIHED      =      1369.8837
 UB     =         0.0000  IMP     =         0.0000  CMAP       =       212.8794
 1-4 NB =       990.9536  1-4 EEL =     15116.2666  VDWAALS    =     17254.9351
 EELEC  =   -183371.8150  EHBOND  =         0.0000  RESTRAINT  =         0.0000
 ------------------------------------------------------------------------------

wrapping first mol.:      -59.95674       42.39583       73.43173

 NSTEP =   240000   TIME(PS) =  415519.999  TEMP(K) =   308.19  PRESS =     0.0
 Etot   =   -113673.7634  EKtot   =     31349.6816  EPtot      =   -145023.4451
 BOND   =       828.2339  ANGLE   =      2164.9307  DIHED      =      1376.3402
 UB     =         0.0000  IMP     =         0.0000  CMAP       =       228.9699
 1-4 NB =      1007.1416  1-4 EEL =     15135.1833  VDWAALS    =     17341.9789
 EELEC  =   -183106.2237  EHBOND  =         0.0000  RESTRAINT  =         0.0000
 ------------------------------------------------------------------------------

wrapping first mol.:      -59.95674       42.39583       73.43173

 NSTEP =   260000   TIME(PS) =  415559.999  TEMP(K) =   308.69  PRESS =     0.0
 Etot   =   -113669.9175  EKtot   =     31401.1465  EPtot      =   -145071.0640
 BOND   =       878.0529  ANGLE   =      2079.2858  DIHED      =      1361.3395
 UB     =         0.0000  IMP     =         0.0000  CMAP       =       193.9785
 1-4 NB =      1012.0606  1-4 EEL =     15106.9099  VDWAALS    =     17025.1784
 EELEC  =   -182727.8695  EHBOND  =         0.0000  RESTRAINT  =         0.0000
 ------------------------------------------------------------------------------

wrapping first mol.:      -59.95674       42.39583       73.43173

 NSTEP =   280000   TIME(PS) =  415599.999  TEMP(K) =   311.79  PRESS =     0.0
 Etot   =   -113574.8773  EKtot   =     31716.0312  EPtot      =   -145290.9085
 BOND   =       853.3702  ANGLE   =      2108.9125  DIHED      =      1371.4641
 UB     =         0.0000  IMP     =         0.0000  CMAP       =       197.9407
 1-4 NB =      1011.4587  1-4 EEL =     15181.7314  VDWAALS    =     17295.2166
 EELEC  =   -183311.0027  EHBOND  =         0.0000  RESTRAINT  =         0.0000
 ------------------------------------------------------------------------------

wrapping first mol.:      -59.95674       42.39583       73.43173

 NSTEP =   300000   TIME(PS) =  415639.999  TEMP(K) =   309.29  PRESS =     0.0
 Etot   =   -113878.2460  EKtot   =     31461.8281  EPtot      =   -145340.0741
 BOND   =       840.6698  ANGLE   =      2162.1845  DIHED      =      1352.4970
 UB     =         0.0000  IMP     =         0.0000  CMAP       =       217.5255
 1-4 NB =       992.6394  1-4 EEL =     15117.0175  VDWAALS    =     17172.4819
 EELEC  =   -183195.0897  EHBOND  =         0.0000  RESTRAINT  =         0.0000
 ------------------------------------------------------------------------------

wrapping first mol.:      -59.95674       42.39583       73.43173

 NSTEP =   320000   TIME(PS) =  415679.999  TEMP(K) =   307.86  PRESS =     0.0
 Etot   =   -113895.1161  EKtot   =     31316.2910  EPtot      =   -145211.4071
 BOND   =       906.6972  ANGLE   =      2071.6636  DIHED      =      1356.7327
 UB     =         0.0000  IMP     =         0.0000  CMAP       =       198.6183
 1-4 NB =      1001.1402  1-4 EEL =     15108.1365  VDWAALS    =     17068.7654
 EELEC  =   -182923.1610  EHBOND  =         0.0000  RESTRAINT  =         0.0000
 ------------------------------------------------------------------------------

wrapping first mol.:      -59.95674       42.39583       73.43173

 NSTEP =   340000   TIME(PS) =  415719.999  TEMP(K) =   310.46  PRESS =     0.0
 Etot   =   -113898.2937  EKtot   =     31580.5859  EPtot      =   -145478.8796
 BOND   =       921.5009  ANGLE   =      2149.3981  DIHED      =      1355.0315
 UB     =         0.0000  IMP     =         0.0000  CMAP       =       222.2606
 1-4 NB =      1002.6516  1-4 EEL =     15183.9197  VDWAALS    =     17273.2052
 EELEC  =   -183586.8472  EHBOND  =         0.0000  RESTRAINT  =         0.0000
 ------------------------------------------------------------------------------

wrapping first mol.:      -59.95674       42.39583       73.43173

 NSTEP =   360000   TIME(PS) =  415759.999  TEMP(K) =   308.77  PRESS =     0.0
 Etot   =   -113703.4800  EKtot   =     31408.8125  EPtot      =   -145112.2925
 BOND   =       852.3830  ANGLE   =      2046.9315  DIHED      =      1366.3188
 UB     =         0.0000  IMP     =         0.0000  CMAP       =       191.3822
 1-4 NB =       986.7662  1-4 EEL =     15174.2840  VDWAALS    =     17418.1031
 EELEC  =   -183148.4613  EHBOND  =         0.0000  RESTRAINT  =         0.0000
 ------------------------------------------------------------------------------

wrapping first mol.:      -59.95674       42.39583       73.43173

 NSTEP =   380000   TIME(PS) =  415799.999  TEMP(K) =   311.32  PRESS =     0.0
 Etot   =   -113566.2881  EKtot   =     31667.7246  EPtot      =   -145234.0127
 BOND   =       891.4854  ANGLE   =      2136.8433  DIHED      =      1356.5486
 UB     =         0.0000  IMP     =         0.0000  CMAP       =       216.2846
 1-4 NB =       992.7868  1-4 EEL =     15176.8031  VDWAALS    =     17253.1483
 EELEC  =   -183257.9128  EHBOND  =         0.0000  RESTRAINT  =         0.0000
 ------------------------------------------------------------------------------

wrapping first mol.:      -59.95674       42.39583       73.43173

 NSTEP =   400000   TIME(PS) =  415839.999  TEMP(K) =   311.98  PRESS =     0.0
 Etot   =   -113448.5872  EKtot   =     31735.3711  EPtot      =   -145183.9583
 BOND   =       883.5897  ANGLE   =      2161.1162  DIHED      =      1366.3922
 UB     =         0.0000  IMP     =         0.0000  CMAP       =       195.6145
 1-4 NB =      1005.3403  1-4 EEL =     15165.0994  VDWAALS    =     17091.7294
 EELEC  =   -183052.8400  EHBOND  =         0.0000  RESTRAINT  =         0.0000
 ------------------------------------------------------------------------------

wrapping first mol.:      -59.95674       42.39583       73.43173

 NSTEP =   420000   TIME(PS) =  415879.999  TEMP(K) =   308.56  PRESS =     0.0
 Etot   =   -113729.1057  EKtot   =     31387.6016  EPtot      =   -145116.7073
 BOND   =       889.8375  ANGLE   =      2141.5578  DIHED      =      1358.9592
 UB     =         0.0000  IMP     =         0.0000  CMAP       =       195.7526
 1-4 NB =      1002.0206  1-4 EEL =     15103.6287  VDWAALS    =     17289.1253
 EELEC  =   -183097.5889  EHBOND  =         0.0000  RESTRAINT  =         0.0000
 ------------------------------------------------------------------------------

wrapping first mol.:      -59.95674       42.39583       73.43173

 NSTEP =   440000   TIME(PS) =  415919.999  TEMP(K) =   309.43  PRESS =     0.0
 Etot   =   -113592.9856  EKtot   =     31476.1250  EPtot      =   -145069.1106
 BOND   =       833.1953  ANGLE   =      2114.2642  DIHED      =      1339.8669
 UB     =         0.0000  IMP     =         0.0000  CMAP       =       215.1337
 1-4 NB =       971.3864  1-4 EEL =     15097.4905  VDWAALS    =     17172.3783
 EELEC  =   -182812.8259  EHBOND  =         0.0000  RESTRAINT  =         0.0000
 ------------------------------------------------------------------------------

wrapping first mol.:      -59.95674       42.39583       73.43173

 NSTEP =   460000   TIME(PS) =  415959.999  TEMP(K) =   310.32  PRESS =     0.0
 Etot   =   -113697.1797  EKtot   =     31566.7734  EPtot      =   -145263.9531
 BOND   =       869.1069  ANGLE   =      2099.3534  DIHED      =      1356.4608
 UB     =         0.0000  IMP     =         0.0000  CMAP       =       191.2903
 1-4 NB =      1018.6296  1-4 EEL =     15141.9574  VDWAALS    =     17473.7907
 EELEC  =   -183414.5424  EHBOND  =         0.0000  RESTRAINT  =         0.0000
 ------------------------------------------------------------------------------

wrapping first mol.:      -59.95674       42.39583       73.43173

 NSTEP =   480000   TIME(PS) =  415999.999  TEMP(K) =   309.37  PRESS =     0.0
 Etot   =   -113867.1417  EKtot   =     31469.5684  EPtot      =   -145336.7101
 BOND   =       873.6820  ANGLE   =      2176.5096  DIHED      =      1361.8268
 UB     =         0.0000  IMP     =         0.0000  CMAP       =       199.8527
 1-4 NB =      1009.6833  1-4 EEL =     15156.0149  VDWAALS    =     17640.9623
 EELEC  =   -183755.2416  EHBOND  =         0.0000  RESTRAINT  =         0.0000
 ------------------------------------------------------------------------------

wrapping first mol.:      -59.95674       42.39583       73.43173

 NSTEP =   500000   TIME(PS) =  416039.999  TEMP(K) =   310.29  PRESS =     0.0
 Etot   =   -113737.6016  EKtot   =     31563.7891  EPtot      =   -145301.3906
 BOND   =       884.6983  ANGLE   =      2153.3689  DIHED      =      1379.1958
 UB     =         0.0000  IMP     =         0.0000  CMAP       =       193.7452
 1-4 NB =      1010.3195  1-4 EEL =     15129.3456  VDWAALS    =     17591.5133
 EELEC  =   -183643.5773  EHBOND  =         0.0000  RESTRAINT  =         0.0000
 ------------------------------------------------------------------------------

wrapping first mol.:      -59.95674       42.39583       73.43173

 NSTEP =   520000   TIME(PS) =  416079.999  TEMP(K) =   309.58  PRESS =     0.0
 Etot   =   -113584.3044  EKtot   =     31491.5176  EPtot      =   -145075.8219
 BOND   =       861.1911  ANGLE   =      2140.5995  DIHED      =      1352.0675
 UB     =         0.0000  IMP     =         0.0000  CMAP       =       198.0631
 1-4 NB =       989.1509  1-4 EEL =     15121.8945  VDWAALS    =     17051.9844
 EELEC  =   -182790.7729  EHBOND  =         0.0000  RESTRAINT  =         0.0000
 ------------------------------------------------------------------------------

wrapping first mol.:      -59.95674       42.39583       73.43173

 NSTEP =   540000   TIME(PS) =  416119.999  TEMP(K) =   310.44  PRESS =     0.0
 Etot   =   -113583.7853  EKtot   =     31578.5352  EPtot      =   -145162.3204
 BOND   =       842.9130  ANGLE   =      2161.3602  DIHED      =      1298.5131
 UB     =         0.0000  IMP     =         0.0000  CMAP       =       183.4458
 1-4 NB =      1006.2767  1-4 EEL =     15074.3301  VDWAALS    =     17059.9706
 EELEC  =   -182789.1299  EHBOND  =         0.0000  RESTRAINT  =         0.0000
 ------------------------------------------------------------------------------

wrapping first mol.:      -59.95674       42.39583       73.43173

 NSTEP =   560000   TIME(PS) =  416159.999  TEMP(K) =   308.26  PRESS =     0.0
 Etot   =   -113897.9559  EKtot   =     31356.5469  EPtot      =   -145254.5028
 BOND   =       863.1915  ANGLE   =      2163.5077  DIHED      =      1349.0057
 UB     =         0.0000  IMP     =         0.0000  CMAP       =       197.0644
 1-4 NB =       996.8392  1-4 EEL =     15113.2161  VDWAALS    =     17200.5924
 EELEC  =   -183137.9197  EHBOND  =         0.0000  RESTRAINT  =         0.0000
 ------------------------------------------------------------------------------

wrapping first mol.:      -59.95674       42.39583       73.43173

 NSTEP =   580000   TIME(PS) =  416199.999  TEMP(K) =   311.16  PRESS =     0.0
 Etot   =   -113445.5473  EKtot   =     31652.2734  EPtot      =   -145097.8208
 BOND   =       857.0828  ANGLE   =      2099.7027  DIHED      =      1361.5721
 UB     =         0.0000  IMP     =         0.0000  CMAP       =       206.4320
 1-4 NB =       992.6300  1-4 EEL =     15167.9942  VDWAALS    =     17186.4594
 EELEC  =   -182969.6940  EHBOND  =         0.0000  RESTRAINT  =         0.0000
 ------------------------------------------------------------------------------

wrapping first mol.:      -59.95674       42.39583       73.43173

 NSTEP =   600000   TIME(PS) =  416239.999  TEMP(K) =   310.44  PRESS =     0.0
 Etot   =   -113566.2045  EKtot   =     31578.6172  EPtot      =   -145144.8217
 BOND   =       904.5378  ANGLE   =      2113.3668  DIHED      =      1359.2633
 UB     =         0.0000  IMP     =         0.0000  CMAP       =       176.2932
 1-4 NB =       992.7082  1-4 EEL =     15192.5681  VDWAALS    =     17369.8492
 EELEC  =   -183253.4083  EHBOND  =         0.0000  RESTRAINT  =         0.0000
 ------------------------------------------------------------------------------

wrapping first mol.:      -59.95674       42.39583       73.43173

 NSTEP =   620000   TIME(PS) =  416279.999  TEMP(K) =   309.90  PRESS =     0.0
 Etot   =   -113716.4960  EKtot   =     31523.9531  EPtot      =   -145240.4492
 BOND   =       856.2476  ANGLE   =      2093.3262  DIHED      =      1349.4605
 UB     =         0.0000  IMP     =         0.0000  CMAP       =       179.0340
 1-4 NB =      1011.6559  1-4 EEL =     15104.8667  VDWAALS    =     17305.0897
 EELEC  =   -183140.1297  EHBOND  =         0.0000  RESTRAINT  =         0.0000
 ------------------------------------------------------------------------------

wrapping first mol.:      -59.95674       42.39583       73.43173

 NSTEP =   640000   TIME(PS) =  416319.999  TEMP(K) =   310.27  PRESS =     0.0
 Etot   =   -113539.5251  EKtot   =     31561.6035  EPtot      =   -145101.1286
 BOND   =       848.2774  ANGLE   =      2158.9927  DIHED      =      1404.0061
 UB     =         0.0000  IMP     =         0.0000  CMAP       =       176.2253
 1-4 NB =      1017.7418  1-4 EEL =     15184.7167  VDWAALS    =     17191.6536
 EELEC  =   -183082.7422  EHBOND  =         0.0000  RESTRAINT  =         0.0000
 ------------------------------------------------------------------------------

wrapping first mol.:      -59.95674       42.39583       73.43173

 NSTEP =   660000   TIME(PS) =  416359.999  TEMP(K) =   309.96  PRESS =     0.0
 Etot   =   -113664.3895  EKtot   =     31530.2031  EPtot      =   -145194.5926
 BOND   =       854.3655  ANGLE   =      2068.9358  DIHED      =      1367.1881
 UB     =         0.0000  IMP     =         0.0000  CMAP       =       199.4277
 1-4 NB =       966.7142  1-4 EEL =     15151.4212  VDWAALS    =     17412.5301
 EELEC  =   -183215.1751  EHBOND  =         0.0000  RESTRAINT  =         0.0000
 ------------------------------------------------------------------------------

wrapping first mol.:      -59.95674       42.39583       73.43173

 NSTEP =   680000   TIME(PS) =  416399.999  TEMP(K) =   310.73  PRESS =     0.0
 Etot   =   -113835.4187  EKtot   =     31608.2188  EPtot      =   -145443.6374
 BOND   =       862.4834  ANGLE   =      2156.2191  DIHED      =      1362.1248
 UB     =         0.0000  IMP     =         0.0000  CMAP       =       210.4526
 1-4 NB =      1024.5868  1-4 EEL =     15168.0123  VDWAALS    =     17172.1330
 EELEC  =   -183399.6494  EHBOND  =         0.0000  RESTRAINT  =         0.0000
 ------------------------------------------------------------------------------

wrapping first mol.:      -59.95674       42.39583       73.43173

 NSTEP =   700000   TIME(PS) =  416439.999  TEMP(K) =   309.43  PRESS =     0.0
 Etot   =   -113959.4619  EKtot   =     31476.4141  EPtot      =   -145435.8759
 BOND   =       886.0364  ANGLE   =      2126.9069  DIHED      =      1365.3710
 UB     =         0.0000  IMP     =         0.0000  CMAP       =       188.3963
 1-4 NB =       991.1924  1-4 EEL =     15199.2070  VDWAALS    =     17653.2613
 EELEC  =   -183846.2473  EHBOND  =         0.0000  RESTRAINT  =         0.0000
 ------------------------------------------------------------------------------

wrapping first mol.:      -59.95674       42.39583       73.43173

 NSTEP =   720000   TIME(PS) =  416479.999  TEMP(K) =   312.54  PRESS =     0.0
 Etot   =   -113609.6241  EKtot   =     31791.8281  EPtot      =   -145401.4522
 BOND   =       885.1115  ANGLE   =      2145.7078  DIHED      =      1354.3230
 UB     =         0.0000  IMP     =         0.0000  CMAP       =       189.1974
 1-4 NB =       978.2014  1-4 EEL =     15048.7788  VDWAALS    =     17154.1781
 EELEC  =   -183156.9503  EHBOND  =         0.0000  RESTRAINT  =         0.0000
 ------------------------------------------------------------------------------

wrapping first mol.:      -59.95674       42.39583       73.43173

 NSTEP =   740000   TIME(PS) =  416519.999  TEMP(K) =   308.97  PRESS =     0.0
 Etot   =   -113973.0019  EKtot   =     31429.0605  EPtot      =   -145402.0625
 BOND   =       823.1881  ANGLE   =      2128.5958  DIHED      =      1332.1986
 UB     =         0.0000  IMP     =         0.0000  CMAP       =       202.6877
 1-4 NB =      1020.8153  1-4 EEL =     15074.3215  VDWAALS    =     17356.2311
 EELEC  =   -183340.1005  EHBOND  =         0.0000  RESTRAINT  =         0.0000
 ------------------------------------------------------------------------------

wrapping first mol.:      -59.95674       42.39583       73.43173

 NSTEP =   760000   TIME(PS) =  416559.999  TEMP(K) =   311.49  PRESS =     0.0
 Etot   =   -113954.9773  EKtot   =     31685.3086  EPtot      =   -145640.2859
 BOND   =       873.5602  ANGLE   =      2126.3034  DIHED      =      1330.9409
 UB     =         0.0000  IMP     =         0.0000  CMAP       =       185.5173
 1-4 NB =      1007.2239  1-4 EEL =     15098.9337  VDWAALS    =     17412.0404
 EELEC  =   -183674.8057  EHBOND  =         0.0000  RESTRAINT  =         0.0000
 ------------------------------------------------------------------------------

wrapping first mol.:      -59.95674       42.39583       73.43173

 NSTEP =   780000   TIME(PS) =  416599.999  TEMP(K) =   309.36  PRESS =     0.0
 Etot   =   -114162.2382  EKtot   =     31468.7285  EPtot      =   -145630.9668
 BOND   =       819.0633  ANGLE   =      2089.4479  DIHED      =      1367.7358
 UB     =         0.0000  IMP     =         0.0000  CMAP       =       196.3749
 1-4 NB =      1007.0049  1-4 EEL =     15123.5683  VDWAALS    =     17547.9521
 EELEC  =   -183782.1140  EHBOND  =         0.0000  RESTRAINT  =         0.0000
 ------------------------------------------------------------------------------

wrapping first mol.:      -59.95674       42.39583       73.43173

 NSTEP =   800000   TIME(PS) =  416639.999  TEMP(K) =   311.45  PRESS =     0.0
 Etot   =   -113660.9194  EKtot   =     31681.7559  EPtot      =   -145342.6753
 BOND   =       861.9669  ANGLE   =      2209.5864  DIHED      =      1392.7761
 UB     =         0.0000  IMP     =         0.0000  CMAP       =       179.3575
 1-4 NB =       985.0281  1-4 EEL =     15046.6187  VDWAALS    =     17748.8425
 EELEC  =   -183766.8514  EHBOND  =         0.0000  RESTRAINT  =         0.0000
 ------------------------------------------------------------------------------

wrapping first mol.:      -59.95674       42.39583       73.43173

 NSTEP =   820000   TIME(PS) =  416679.999  TEMP(K) =   308.67  PRESS =     0.0
 Etot   =   -114073.9089  EKtot   =     31398.7500  EPtot      =   -145472.6589
 BOND   =       867.4193  ANGLE   =      2185.5114  DIHED      =      1347.6249
 UB     =         0.0000  IMP     =         0.0000  CMAP       =       196.2616
 1-4 NB =       984.7259  1-4 EEL =     15104.9645  VDWAALS    =     17296.8092
 EELEC  =   -183455.9757  EHBOND  =         0.0000  RESTRAINT  =         0.0000
 ------------------------------------------------------------------------------

wrapping first mol.:      -59.95674       42.39583       73.43173

 NSTEP =   840000   TIME(PS) =  416719.999  TEMP(K) =   310.09  PRESS =     0.0
 Etot   =   -113637.9503  EKtot   =     31543.1309  EPtot      =   -145181.0811
 BOND   =       859.1845  ANGLE   =      2183.4953  DIHED      =      1335.2536
 UB     =         0.0000  IMP     =         0.0000  CMAP       =       200.1604
 1-4 NB =       996.5529  1-4 EEL =     15119.0241  VDWAALS    =     17173.0356
 EELEC  =   -183047.7874  EHBOND  =         0.0000  RESTRAINT  =         0.0000
 ------------------------------------------------------------------------------

wrapping first mol.:      -59.95674       42.39583       73.43173

 NSTEP =   860000   TIME(PS) =  416759.999  TEMP(K) =   309.09  PRESS =     0.0
 Etot   =   -113835.5451  EKtot   =     31441.3242  EPtot      =   -145276.8694
 BOND   =       872.9423  ANGLE   =      2101.8265  DIHED      =      1368.0590
 UB     =         0.0000  IMP     =         0.0000  CMAP       =       195.7588
 1-4 NB =       992.9642  1-4 EEL =     15129.6770  VDWAALS    =     17304.8014
 EELEC  =   -183242.8986  EHBOND  =         0.0000  RESTRAINT  =         0.0000
 ------------------------------------------------------------------------------

wrapping first mol.:      -59.95674       42.39583       73.43173

 NSTEP =   880000   TIME(PS) =  416799.999  TEMP(K) =   308.23  PRESS =     0.0
 Etot   =   -113766.0549  EKtot   =     31353.7500  EPtot      =   -145119.8049
 BOND   =       838.9088  ANGLE   =      2130.4757  DIHED      =      1367.9711
 UB     =         0.0000  IMP     =         0.0000  CMAP       =       199.6778
 1-4 NB =      1010.7158  1-4 EEL =     15176.0387  VDWAALS    =     17182.8425
 EELEC  =   -183026.4352  EHBOND  =         0.0000  RESTRAINT  =         0.0000
 ------------------------------------------------------------------------------

wrapping first mol.:      -59.95674       42.39583       73.43173

 NSTEP =   900000   TIME(PS) =  416839.999  TEMP(K) =   310.74  PRESS =     0.0
 Etot   =   -113600.5783  EKtot   =     31609.4727  EPtot      =   -145210.0509
 BOND   =       859.0571  ANGLE   =      2173.1747  DIHED      =      1348.3868
 UB     =         0.0000  IMP     =         0.0000  CMAP       =       197.1854
 1-4 NB =       995.6621  1-4 EEL =     15169.7044  VDWAALS    =     16962.0793
 EELEC  =   -182915.3006  EHBOND  =         0.0000  RESTRAINT  =         0.0000
 ------------------------------------------------------------------------------

wrapping first mol.:      -59.95674       42.39583       73.43173

 NSTEP =   920000   TIME(PS) =  416879.999  TEMP(K) =   309.71  PRESS =     0.0
 Etot   =   -113926.5301  EKtot   =     31503.9883  EPtot      =   -145430.5184
 BOND   =       868.7976  ANGLE   =      2131.2947  DIHED      =      1373.5507
 UB     =         0.0000  IMP     =         0.0000  CMAP       =       193.2514
 1-4 NB =       980.0260  1-4 EEL =     15089.3925  VDWAALS    =     17230.5324
 EELEC  =   -183297.3638  EHBOND  =         0.0000  RESTRAINT  =         0.0000
 ------------------------------------------------------------------------------

wrapping first mol.:      -59.95674       42.39583       73.43173

 NSTEP =   940000   TIME(PS) =  416919.999  TEMP(K) =   310.93  PRESS =     0.0
 Etot   =   -113382.0309  EKtot   =     31628.0840  EPtot      =   -145010.1149
 BOND   =       828.3376  ANGLE   =      2087.3439  DIHED      =      1324.0995
 UB     =         0.0000  IMP     =         0.0000  CMAP       =       212.9154
 1-4 NB =       998.2829  1-4 EEL =     15040.6918  VDWAALS    =     17037.4276
 EELEC  =   -182539.2136  EHBOND  =         0.0000  RESTRAINT  =         0.0000
 ------------------------------------------------------------------------------

wrapping first mol.:      -59.95674       42.39583       73.43173

 NSTEP =   960000   TIME(PS) =  416959.999  TEMP(K) =   307.68  PRESS =     0.0
 Etot   =   -113808.4235  EKtot   =     31297.9160  EPtot      =   -145106.3395
 BOND   =       833.9188  ANGLE   =      2203.0735  DIHED      =      1341.0620
 UB     =         0.0000  IMP     =         0.0000  CMAP       =       215.8997
 1-4 NB =       987.0596  1-4 EEL =     15048.2970  VDWAALS    =     17387.8820
 EELEC  =   -183123.5321  EHBOND  =         0.0000  RESTRAINT  =         0.0000
 ------------------------------------------------------------------------------

wrapping first mol.:      -59.95674       42.39583       73.43173

 NSTEP =   980000   TIME(PS) =  416999.999  TEMP(K) =   310.13  PRESS =     0.0
 Etot   =   -113801.3882  EKtot   =     31547.4883  EPtot      =   -145348.8765
 BOND   =       835.9263  ANGLE   =      2134.1271  DIHED      =      1352.3403
 UB     =         0.0000  IMP     =         0.0000  CMAP       =       212.4582
 1-4 NB =       998.9174  1-4 EEL =     15088.8661  VDWAALS    =     16952.9209
 EELEC  =   -182924.4330  EHBOND  =         0.0000  RESTRAINT  =         0.0000
 ------------------------------------------------------------------------------

wrapping first mol.:      -59.95674       42.39583       73.43173

 NSTEP =  1000000   TIME(PS) =  417039.999  TEMP(K) =   311.84  PRESS =     0.0
 Etot   =   -113665.4616  EKtot   =     31720.9980  EPtot      =   -145386.4596
 BOND   =       824.5958  ANGLE   =      2131.6649  DIHED      =      1353.8544
 UB     =         0.0000  IMP     =         0.0000  CMAP       =       201.2353
 1-4 NB =      1009.5561  1-4 EEL =     15072.9072  VDWAALS    =     17190.7372
 EELEC  =   -183171.0105  EHBOND  =         0.0000  RESTRAINT  =         0.0000
 ------------------------------------------------------------------------------

wrapping first mol.:      -59.95674       42.39583       73.43173

 NSTEP =  1020000   TIME(PS) =  417079.999  TEMP(K) =   312.23  PRESS =     0.0
 Etot   =   -113599.3239  EKtot   =     31761.1816  EPtot      =   -145360.5055
 BOND   =       864.8628  ANGLE   =      2176.5832  DIHED      =      1344.1661
 UB     =         0.0000  IMP     =         0.0000  CMAP       =       191.6434
 1-4 NB =      1013.1681  1-4 EEL =     15115.9311  VDWAALS    =     17232.0867
 EELEC  =   -183298.9470  EHBOND  =         0.0000  RESTRAINT  =         0.0000
 ------------------------------------------------------------------------------

wrapping first mol.:      -59.95674       42.39583       73.43173

 NSTEP =  1040000   TIME(PS) =  417119.999  TEMP(K) =   310.76  PRESS =     0.0
 Etot   =   -113736.9857  EKtot   =     31610.9141  EPtot      =   -145347.8998
 BOND   =       853.7332  ANGLE   =      2163.6675  DIHED      =      1321.8174
 UB     =         0.0000  IMP     =         0.0000  CMAP       =       211.9351
 1-4 NB =       991.7670  1-4 EEL =     15069.0569  VDWAALS    =     17080.2126
 EELEC  =   -183040.0895  EHBOND  =         0.0000  RESTRAINT  =         0.0000
 ------------------------------------------------------------------------------

wrapping first mol.:      -59.95674       42.39583       73.43173

 NSTEP =  1060000   TIME(PS) =  417159.999  TEMP(K) =   311.40  PRESS =     0.0
 Etot   =   -113600.2575  EKtot   =     31676.5410  EPtot      =   -145276.7986
 BOND   =       865.8816  ANGLE   =      2170.6277  DIHED      =      1354.6962
 UB     =         0.0000  IMP     =         0.0000  CMAP       =       200.0647
 1-4 NB =       992.9679  1-4 EEL =     14998.6564  VDWAALS    =     17612.9052
 EELEC  =   -183472.5982  EHBOND  =         0.0000  RESTRAINT  =         0.0000
 ------------------------------------------------------------------------------

wrapping first mol.:      -59.95674       42.39583       73.43173

 NSTEP =  1080000   TIME(PS) =  417199.999  TEMP(K) =   311.55  PRESS =     0.0
 Etot   =   -113577.1359  EKtot   =     31691.7090  EPtot      =   -145268.8449
 BOND   =       839.8451  ANGLE   =      2197.0220  DIHED      =      1340.9798
 UB     =         0.0000  IMP     =         0.0000  CMAP       =       200.6594
 1-4 NB =       983.9758  1-4 EEL =     15094.0477  VDWAALS    =     16991.0755
 EELEC  =   -182916.4501  EHBOND  =         0.0000  RESTRAINT  =         0.0000
 ------------------------------------------------------------------------------

wrapping first mol.:      -59.95674       42.39583       73.43173

 NSTEP =  1100000   TIME(PS) =  417239.999  TEMP(K) =   308.17  PRESS =     0.0
 Etot   =   -113530.5657  EKtot   =     31347.6562  EPtot      =   -144878.2219
 BOND   =       857.5623  ANGLE   =      2170.5789  DIHED      =      1363.3852
 UB     =         0.0000  IMP     =         0.0000  CMAP       =       201.5502
 1-4 NB =       985.6249  1-4 EEL =     14998.4016  VDWAALS    =     17213.1452
 EELEC  =   -182668.4702  EHBOND  =         0.0000  RESTRAINT  =         0.0000
 ------------------------------------------------------------------------------

wrapping first mol.:      -59.95674       42.39583       73.43173

 NSTEP =  1120000   TIME(PS) =  417279.999  TEMP(K) =   306.09  PRESS =     0.0
 Etot   =   -114231.2261  EKtot   =     31136.3672  EPtot      =   -145367.5933
 BOND   =       832.6157  ANGLE   =      2144.0518  DIHED      =      1355.9011
 UB     =         0.0000  IMP     =         0.0000  CMAP       =       183.8429
 1-4 NB =      1006.2377  1-4 EEL =     15150.1423  VDWAALS    =     17145.4351
 EELEC  =   -183185.8198  EHBOND  =         0.0000  RESTRAINT  =         0.0000
 ------------------------------------------------------------------------------

wrapping first mol.:      -59.95674       42.39583       73.43173

 NSTEP =  1140000   TIME(PS) =  417319.999  TEMP(K) =   309.64  PRESS =     0.0
 Etot   =   -113558.0000  EKtot   =     31497.4492  EPtot      =   -145055.4492
 BOND   =       901.0244  ANGLE   =      2128.6712  DIHED      =      1367.6397
 UB     =         0.0000  IMP     =         0.0000  CMAP       =       180.0711
 1-4 NB =      1018.2220  1-4 EEL =     15158.3265  VDWAALS    =     17191.4810
 EELEC  =   -183000.8850  EHBOND  =         0.0000  RESTRAINT  =         0.0000
 ------------------------------------------------------------------------------

wrapping first mol.:      -59.95674       42.39583       73.43173

 NSTEP =  1160000   TIME(PS) =  417359.999  TEMP(K) =   311.71  PRESS =     0.0
 Etot   =   -113622.3787  EKtot   =     31708.3086  EPtot      =   -145330.6873
 BOND   =       869.1197  ANGLE   =      2168.2755  DIHED      =      1350.6300
 UB     =         0.0000  IMP     =         0.0000  CMAP       =       175.3910
 1-4 NB =       994.1983  1-4 EEL =     15095.8598  VDWAALS    =     17251.8172
 EELEC  =   -183235.9788  EHBOND  =         0.0000  RESTRAINT  =         0.0000
 ------------------------------------------------------------------------------

wrapping first mol.:      -59.95674       42.39583       73.43173

 NSTEP =  1180000   TIME(PS) =  417399.999  TEMP(K) =   310.83  PRESS =     0.0
 Etot   =   -113684.0842  EKtot   =     31618.3105  EPtot      =   -145302.3948
 BOND   =       863.5297  ANGLE   =      2125.1293  DIHED      =      1366.0291
 UB     =         0.0000  IMP     =         0.0000  CMAP       =       190.4862
 1-4 NB =      1008.3011  1-4 EEL =     15081.9959  VDWAALS    =     17183.9056
 EELEC  =   -183121.7717  EHBOND  =         0.0000  RESTRAINT  =         0.0000
 ------------------------------------------------------------------------------

wrapping first mol.:      -59.95674       42.39583       73.43173

 NSTEP =  1200000   TIME(PS) =  417439.999  TEMP(K) =   308.28  PRESS =     0.0
 Etot   =   -113919.9258  EKtot   =     31359.1934  EPtot      =   -145279.1191
 BOND   =       848.5569  ANGLE   =      2162.4361  DIHED      =      1409.8781
 UB     =         0.0000  IMP     =         0.0000  CMAP       =       203.8843
 1-4 NB =      1016.5362  1-4 EEL =     15028.3530  VDWAALS    =     17573.6478
 EELEC  =   -183522.4116  EHBOND  =         0.0000  RESTRAINT  =         0.0000
 ------------------------------------------------------------------------------

wrapping first mol.:      -59.95674       42.39583       73.43173

 NSTEP =  1220000   TIME(PS) =  417479.999  TEMP(K) =   310.43  PRESS =     0.0
 Etot   =   -113662.5451  EKtot   =     31577.3809  EPtot      =   -145239.9260
 BOND   =       889.6431  ANGLE   =      2142.7829  DIHED      =      1336.0987
 UB     =         0.0000  IMP     =         0.0000  CMAP       =       212.8092
 1-4 NB =       986.5642  1-4 EEL =     14945.4247  VDWAALS    =     16956.1906
 EELEC  =   -182709.4394  EHBOND  =         0.0000  RESTRAINT  =         0.0000
 ------------------------------------------------------------------------------

wrapping first mol.:      -59.95674       42.39583       73.43173

 NSTEP =  1240000   TIME(PS) =  417519.999  TEMP(K) =   309.16  PRESS =     0.0
 Etot   =   -113801.0246  EKtot   =     31448.3945  EPtot      =   -145249.4191
 BOND   =       871.4709  ANGLE   =      2143.3865  DIHED      =      1337.0275
 UB     =         0.0000  IMP     =         0.0000  CMAP       =       204.9893
 1-4 NB =       995.4758  1-4 EEL =     15032.1350  VDWAALS    =     17527.4204
 EELEC  =   -183361.3245  EHBOND  =         0.0000  RESTRAINT  =         0.0000
 ------------------------------------------------------------------------------

wrapping first mol.:      -59.95674       42.39583       73.43173

 NSTEP =  1260000   TIME(PS) =  417559.999  TEMP(K) =   309.69  PRESS =     0.0
 Etot   =   -113843.2240  EKtot   =     31502.8379  EPtot      =   -145346.0618
 BOND   =       884.5211  ANGLE   =      2137.9304  DIHED      =      1336.6798
 UB     =         0.0000  IMP     =         0.0000  CMAP       =       193.8910
 1-4 NB =       983.7694  1-4 EEL =     15075.4002  VDWAALS    =     17387.8829
 EELEC  =   -183346.1366  EHBOND  =         0.0000  RESTRAINT  =         0.0000
 ------------------------------------------------------------------------------

wrapping first mol.:      -59.95674       42.39583       73.43173

 NSTEP =  1280000   TIME(PS) =  417599.999  TEMP(K) =   308.67  PRESS =     0.0
 Etot   =   -113914.7054  EKtot   =     31398.5859  EPtot      =   -145313.2914
 BOND   =       827.2209  ANGLE   =      2163.1377  DIHED      =      1345.9573
 UB     =         0.0000  IMP     =         0.0000  CMAP       =       199.2968
 1-4 NB =      1017.8292  1-4 EEL =     15101.2747  VDWAALS    =     17693.6291
 EELEC  =   -183661.6371  EHBOND  =         0.0000  RESTRAINT  =         0.0000
 ------------------------------------------------------------------------------

wrapping first mol.:      -59.95674       42.39583       73.43173

 NSTEP =  1300000   TIME(PS) =  417639.999  TEMP(K) =   310.53  PRESS =     0.0
 Etot   =   -113861.8878  EKtot   =     31587.6992  EPtot      =   -145449.5870
 BOND   =       851.0327  ANGLE   =      2202.8955  DIHED      =      1346.8162
 UB     =         0.0000  IMP     =         0.0000  CMAP       =       208.8110
 1-4 NB =       985.3035  1-4 EEL =     15108.9181  VDWAALS    =     17423.0790
 EELEC  =   -183576.4429  EHBOND  =         0.0000  RESTRAINT  =         0.0000
 ------------------------------------------------------------------------------

wrapping first mol.:      -59.95674       42.39583       73.43173

 NSTEP =  1320000   TIME(PS) =  417679.999  TEMP(K) =   311.01  PRESS =     0.0
 Etot   =   -113708.2736  EKtot   =     31636.9453  EPtot      =   -145345.2189
 BOND   =       861.3741  ANGLE   =      2181.8344  DIHED      =      1380.4957
 UB     =         0.0000  IMP     =         0.0000  CMAP       =       190.7780
 1-4 NB =      1013.0464  1-4 EEL =     15096.8472  VDWAALS    =     17377.0286
 EELEC  =   -183446.6233  EHBOND  =         0.0000  RESTRAINT  =         0.0000
 ------------------------------------------------------------------------------

wrapping first mol.:      -59.95674       42.39583       73.43173

 NSTEP =  1340000   TIME(PS) =  417719.999  TEMP(K) =   310.39  PRESS =     0.0
 Etot   =   -113712.2548  EKtot   =     31574.1074  EPtot      =   -145286.3623
 BOND   =       851.5446  ANGLE   =      2087.5544  DIHED      =      1385.3505
 UB     =         0.0000  IMP     =         0.0000  CMAP       =       206.7330
 1-4 NB =      1012.9197  1-4 EEL =     15067.7139  VDWAALS    =     17183.5093
 EELEC  =   -183081.6876  EHBOND  =         0.0000  RESTRAINT  =         0.0000
 ------------------------------------------------------------------------------

wrapping first mol.:      -59.95674       42.39583       73.43173

 NSTEP =  1360000   TIME(PS) =  417759.999  TEMP(K) =   310.53  PRESS =     0.0
 Etot   =   -114043.1162  EKtot   =     31587.8086  EPtot      =   -145630.9248
 BOND   =       836.9207  ANGLE   =      2170.9991  DIHED      =      1351.4849
 UB     =         0.0000  IMP     =         0.0000  CMAP       =       211.7131
 1-4 NB =       997.0072  1-4 EEL =     15059.5013  VDWAALS    =     17215.0958
 EELEC  =   -183473.6469  EHBOND  =         0.0000  RESTRAINT  =         0.0000
 ------------------------------------------------------------------------------

wrapping first mol.:      -59.95674       42.39583       73.43173

 NSTEP =  1380000   TIME(PS) =  417799.999  TEMP(K) =   309.18  PRESS =     0.0
 Etot   =   -113966.8756  EKtot   =     31450.1895  EPtot      =   -145417.0651
 BOND   =       862.1862  ANGLE   =      2137.4849  DIHED      =      1384.5866
 UB     =         0.0000  IMP     =         0.0000  CMAP       =       209.4721
 1-4 NB =       990.0661  1-4 EEL =     14985.6873  VDWAALS    =     17186.4671
 EELEC  =   -183173.0155  EHBOND  =         0.0000  RESTRAINT  =         0.0000
 ------------------------------------------------------------------------------

wrapping first mol.:      -59.95674       42.39583       73.43173

 NSTEP =  1400000   TIME(PS) =  417839.999  TEMP(K) =   309.66  PRESS =     0.0
 Etot   =   -113780.2575  EKtot   =     31498.9180  EPtot      =   -145279.1754
 BOND   =       881.2643  ANGLE   =      2124.4150  DIHED      =      1360.3339
 UB     =         0.0000  IMP     =         0.0000  CMAP       =       208.1365
 1-4 NB =       991.1495  1-4 EEL =     15141.0520  VDWAALS    =     17204.0804
 EELEC  =   -183189.6070  EHBOND  =         0.0000  RESTRAINT  =         0.0000
 ------------------------------------------------------------------------------

wrapping first mol.:      -59.95674       42.39583       73.43173

 NSTEP =  1420000   TIME(PS) =  417879.999  TEMP(K) =   308.74  PRESS =     0.0
 Etot   =   -114045.8770  EKtot   =     31405.3398  EPtot      =   -145451.2169
 BOND   =       851.7546  ANGLE   =      2102.3573  DIHED      =      1387.8586
 UB     =         0.0000  IMP     =         0.0000  CMAP       =       214.5671
 1-4 NB =       978.6531  1-4 EEL =     15056.2031  VDWAALS    =     17635.8841
 EELEC  =   -183678.4948  EHBOND  =         0.0000  RESTRAINT  =         0.0000
 ------------------------------------------------------------------------------

wrapping first mol.:      -59.95674       42.39583       73.43173

 NSTEP =  1440000   TIME(PS) =  417919.999  TEMP(K) =   309.17  PRESS =     0.0
 Etot   =   -113742.1926  EKtot   =     31449.8535  EPtot      =   -145192.0461
 BOND   =       838.8350  ANGLE   =      2163.2120  DIHED      =      1361.4074
 UB     =         0.0000  IMP     =         0.0000  CMAP       =       206.5337
 1-4 NB =       999.1792  1-4 EEL =     15073.3930  VDWAALS    =     17375.7999
 EELEC  =   -183210.4063  EHBOND  =         0.0000  RESTRAINT  =         0.0000
 ------------------------------------------------------------------------------

wrapping first mol.:      -59.95674       42.39583       73.43173

 NSTEP =  1460000   TIME(PS) =  417959.999  TEMP(K) =   310.96  PRESS =     0.0
 Etot   =   -113713.8581  EKtot   =     31631.3223  EPtot      =   -145345.1804
 BOND   =       881.7259  ANGLE   =      2143.0240  DIHED      =      1369.1970
 UB     =         0.0000  IMP     =         0.0000  CMAP       =       207.5249
 1-4 NB =       989.7774  1-4 EEL =     15028.7472  VDWAALS    =     17369.4336
 EELEC  =   -183334.6105  EHBOND  =         0.0000  RESTRAINT  =         0.0000
 ------------------------------------------------------------------------------

wrapping first mol.:      -59.95674       42.39583       73.43173

 NSTEP =  1480000   TIME(PS) =  417999.999  TEMP(K) =   310.80  PRESS =     0.0
 Etot   =   -113788.6494  EKtot   =     31615.1680  EPtot      =   -145403.8174
 BOND   =       858.5161  ANGLE   =      2157.8878  DIHED      =      1345.5063
 UB     =         0.0000  IMP     =         0.0000  CMAP       =       202.2809
 1-4 NB =      1002.2172  1-4 EEL =     15035.7051  VDWAALS    =     17539.2666
 EELEC  =   -183545.1974  EHBOND  =         0.0000  RESTRAINT  =         0.0000
 ------------------------------------------------------------------------------

wrapping first mol.:      -59.95674       42.39583       73.43173

 NSTEP =  1500000   TIME(PS) =  418039.999  TEMP(K) =   309.83  PRESS =     0.0
 Etot   =   -113231.6770  EKtot   =     31516.2695  EPtot      =   -144747.9465
 BOND   =       839.2950  ANGLE   =      2158.5004  DIHED      =      1357.0201
 UB     =         0.0000  IMP     =         0.0000  CMAP       =       220.5108
 1-4 NB =      1007.8147  1-4 EEL =     15055.9681  VDWAALS    =     17232.4482
 EELEC  =   -182619.5038  EHBOND  =         0.0000  RESTRAINT  =         0.0000
 ------------------------------------------------------------------------------

wrapping first mol.:      -59.95674       42.39583       73.43173

 NSTEP =  1520000   TIME(PS) =  418079.999  TEMP(K) =   310.26  PRESS =     0.0
 Etot   =   -113091.2695  EKtot   =     31560.3398  EPtot      =   -144651.6093
 BOND   =       872.2357  ANGLE   =      2151.3705  DIHED      =      1407.4289
 UB     =         0.0000  IMP     =         0.0000  CMAP       =       204.4685
 1-4 NB =      1000.1804  1-4 EEL =     15085.9811  VDWAALS    =     17478.1389
 EELEC  =   -182851.4132  EHBOND  =         0.0000  RESTRAINT  =         0.0000
 ------------------------------------------------------------------------------

wrapping first mol.:      -59.95674       42.39583       73.43173

 NSTEP =  1540000   TIME(PS) =  418119.999  TEMP(K) =   307.97  PRESS =     0.0
 Etot   =   -113779.4191  EKtot   =     31327.4590  EPtot      =   -145106.8780
 BOND   =       869.5283  ANGLE   =      2153.5734  DIHED      =      1367.0290
 UB     =         0.0000  IMP     =         0.0000  CMAP       =       220.5338
 1-4 NB =       982.0312  1-4 EEL =     15082.8077  VDWAALS    =     17468.8079
 EELEC  =   -183251.1895  EHBOND  =         0.0000  RESTRAINT  =         0.0000
 ------------------------------------------------------------------------------

wrapping first mol.:      -59.95674       42.39583       73.43173

 NSTEP =  1560000   TIME(PS) =  418159.999  TEMP(K) =   311.16  PRESS =     0.0
 Etot   =   -113606.2075  EKtot   =     31651.7344  EPtot      =   -145257.9418
 BOND   =       789.1050  ANGLE   =      2142.4885  DIHED      =      1343.2128
 UB     =         0.0000  IMP     =         0.0000  CMAP       =       202.8867
 1-4 NB =       966.3514  1-4 EEL =     15024.5959  VDWAALS    =     17330.7347
 EELEC  =   -183057.3169  EHBOND  =         0.0000  RESTRAINT  =         0.0000
 ------------------------------------------------------------------------------

wrapping first mol.:      -59.95674       42.39583       73.43173

 NSTEP =  1580000   TIME(PS) =  418199.999  TEMP(K) =   306.96  PRESS =     0.0
 Etot   =   -114044.7503  EKtot   =     31224.6426  EPtot      =   -145269.3929
 BOND   =       896.7891  ANGLE   =      2118.8629  DIHED      =      1388.2146
 UB     =         0.0000  IMP     =         0.0000  CMAP       =       190.8687
 1-4 NB =       980.5431  1-4 EEL =     15096.1184  VDWAALS    =     17596.5531
 EELEC  =   -183537.3428  EHBOND  =         0.0000  RESTRAINT  =         0.0000
 ------------------------------------------------------------------------------

wrapping first mol.:      -59.95674       42.39583       73.43173

 NSTEP =  1600000   TIME(PS) =  418239.999  TEMP(K) =   309.85  PRESS =     0.0
 Etot   =   -113587.5465  EKtot   =     31518.6855  EPtot      =   -145106.2320
 BOND   =       821.8671  ANGLE   =      2183.2988  DIHED      =      1341.8669
 UB     =         0.0000  IMP     =         0.0000  CMAP       =       205.1508
 1-4 NB =      1008.0480  1-4 EEL =     15120.7149  VDWAALS    =     17281.7173
 EELEC  =   -183068.8960  EHBOND  =         0.0000  RESTRAINT  =         0.0000
 ------------------------------------------------------------------------------

wrapping first mol.:      -59.95674       42.39583       73.43173

 NSTEP =  1620000   TIME(PS) =  418279.999  TEMP(K) =   309.80  PRESS =     0.0
 Etot   =   -113374.6979  EKtot   =     31513.6895  EPtot      =   -144888.3873
 BOND   =       850.7592  ANGLE   =      2130.4674  DIHED      =      1359.4936
 UB     =         0.0000  IMP     =         0.0000  CMAP       =       193.1982
 1-4 NB =       977.9169  1-4 EEL =     15103.7591  VDWAALS    =     17239.3507
 EELEC  =   -182743.3323  EHBOND  =         0.0000  RESTRAINT  =         0.0000
 ------------------------------------------------------------------------------

wrapping first mol.:      -59.95674       42.39583       73.43173

 NSTEP =  1640000   TIME(PS) =  418319.999  TEMP(K) =   310.03  PRESS =     0.0
 Etot   =   -113755.1959  EKtot   =     31536.8203  EPtot      =   -145292.0162
 BOND   =       844.7921  ANGLE   =      2211.5443  DIHED      =      1370.6601
 UB     =         0.0000  IMP     =         0.0000  CMAP       =       198.5777
 1-4 NB =       992.1609  1-4 EEL =     15067.8176  VDWAALS    =     17034.9212
 EELEC  =   -183012.4900  EHBOND  =         0.0000  RESTRAINT  =         0.0000
 ------------------------------------------------------------------------------

wrapping first mol.:      -59.95674       42.39583       73.43173

 NSTEP =  1660000   TIME(PS) =  418359.999  TEMP(K) =   310.35  PRESS =     0.0
 Etot   =   -113886.0131  EKtot   =     31569.1562  EPtot      =   -145455.1694
 BOND   =       857.1291  ANGLE   =      2161.8050  DIHED      =      1344.1190
 UB     =         0.0000  IMP     =         0.0000  CMAP       =       202.9053
 1-4 NB =       997.8333  1-4 EEL =     15118.2801  VDWAALS    =     17337.7150
 EELEC  =   -183474.9561  EHBOND  =         0.0000  RESTRAINT  =         0.0000
 ------------------------------------------------------------------------------

wrapping first mol.:      -59.95674       42.39583       73.43173

 NSTEP =  1680000   TIME(PS) =  418399.999  TEMP(K) =   310.02  PRESS =     0.0
 Etot   =   -113730.5112  EKtot   =     31535.8125  EPtot      =   -145266.3237
 BOND   =       878.7409  ANGLE   =      2116.9754  DIHED      =      1361.5071
 UB     =         0.0000  IMP     =         0.0000  CMAP       =       203.3442
 1-4 NB =       994.0018  1-4 EEL =     15074.6921  VDWAALS    =     17517.4965
 EELEC  =   -183413.0816  EHBOND  =         0.0000  RESTRAINT  =         0.0000
 ------------------------------------------------------------------------------

wrapping first mol.:      -59.95674       42.39583       73.43173

 NSTEP =  1700000   TIME(PS) =  418439.999  TEMP(K) =   309.14  PRESS =     0.0
 Etot   =   -113947.4655  EKtot   =     31446.7500  EPtot      =   -145394.2155
 BOND   =       863.5438  ANGLE   =      2186.2808  DIHED      =      1378.8335
 UB     =         0.0000  IMP     =         0.0000  CMAP       =       186.8391
 1-4 NB =      1016.8651  1-4 EEL =     15124.0498  VDWAALS    =     17423.4796
 EELEC  =   -183574.1071  EHBOND  =         0.0000  RESTRAINT  =         0.0000
 ------------------------------------------------------------------------------

wrapping first mol.:      -59.95674       42.39583       73.43173

 NSTEP =  1720000   TIME(PS) =  418479.999  TEMP(K) =   311.74  PRESS =     0.0
 Etot   =   -113957.7343  EKtot   =     31711.4219  EPtot      =   -145669.1561
 BOND   =       859.5349  ANGLE   =      2181.5773  DIHED      =      1352.9024
 UB     =         0.0000  IMP     =         0.0000  CMAP       =       193.2176
 1-4 NB =      1018.3809  1-4 EEL =     15107.4741  VDWAALS    =     17479.0440
 EELEC  =   -183861.2874  EHBOND  =         0.0000  RESTRAINT  =         0.0000
 ------------------------------------------------------------------------------

wrapping first mol.:      -59.95674       42.39583       73.43173

 NSTEP =  1740000   TIME(PS) =  418519.999  TEMP(K) =   308.36  PRESS =     0.0
 Etot   =   -113644.3464  EKtot   =     31367.2754  EPtot      =   -145011.6218
 BOND   =       828.5828  ANGLE   =      2146.6526  DIHED      =      1359.7206
 UB     =         0.0000  IMP     =         0.0000  CMAP       =       216.1908
 1-4 NB =       963.5324  1-4 EEL =     15096.1959  VDWAALS    =     17113.0537
 EELEC  =   -182735.5506  EHBOND  =         0.0000  RESTRAINT  =         0.0000
 ------------------------------------------------------------------------------

wrapping first mol.:      -59.95674       42.39583       73.43173

 NSTEP =  1760000   TIME(PS) =  418559.999  TEMP(K) =   311.64  PRESS =     0.0
 Etot   =   -113257.8574  EKtot   =     31700.7793  EPtot      =   -144958.6367
 BOND   =       847.2819  ANGLE   =      2148.3921  DIHED      =      1373.3561
 UB     =         0.0000  IMP     =         0.0000  CMAP       =       200.1486
 1-4 NB =       981.9751  1-4 EEL =     15046.2556  VDWAALS    =     17055.5569
 EELEC  =   -182611.6029  EHBOND  =         0.0000  RESTRAINT  =         0.0000
 ------------------------------------------------------------------------------

wrapping first mol.:      -59.95674       42.39583       73.43173

 NSTEP =  1780000   TIME(PS) =  418599.999  TEMP(K) =   309.82  PRESS =     0.0
 Etot   =   -113513.9764  EKtot   =     31515.2285  EPtot      =   -145029.2049
 BOND   =       850.9256  ANGLE   =      2172.5654  DIHED      =      1346.4545
 UB     =         0.0000  IMP     =         0.0000  CMAP       =       204.7000
 1-4 NB =       989.5178  1-4 EEL =     15039.2791  VDWAALS    =     17352.0761
 EELEC  =   -182984.7234  EHBOND  =         0.0000  RESTRAINT  =         0.0000
 ------------------------------------------------------------------------------

wrapping first mol.:      -59.95674       42.39583       73.43173

 NSTEP =  1800000   TIME(PS) =  418639.999  TEMP(K) =   310.37  PRESS =     0.0
 Etot   =   -113741.9417  EKtot   =     31571.2637  EPtot      =   -145313.2054
 BOND   =       815.5420  ANGLE   =      2126.3030  DIHED      =      1353.3200
 UB     =         0.0000  IMP     =         0.0000  CMAP       =       211.2124
 1-4 NB =       994.2294  1-4 EEL =     15003.0944  VDWAALS    =     17009.7249
 EELEC  =   -182826.6313  EHBOND  =         0.0000  RESTRAINT  =         0.0000
 ------------------------------------------------------------------------------

wrapping first mol.:      -59.95674       42.39583       73.43173

 NSTEP =  1820000   TIME(PS) =  418679.999  TEMP(K) =   310.83  PRESS =     0.0
 Etot   =   -113472.0338  EKtot   =     31618.7969  EPtot      =   -145090.8307
 BOND   =       850.8212  ANGLE   =      2155.3577  DIHED      =      1354.7060
 UB     =         0.0000  IMP     =         0.0000  CMAP       =       210.4549
 1-4 NB =       989.9263  1-4 EEL =     15085.7813  VDWAALS    =     17126.7969
 EELEC  =   -182864.6750  EHBOND  =         0.0000  RESTRAINT  =         0.0000
 ------------------------------------------------------------------------------

wrapping first mol.:      -59.95674       42.39583       73.43173

 NSTEP =  1840000   TIME(PS) =  418719.999  TEMP(K) =   307.84  PRESS =     0.0
 Etot   =   -114163.6454  EKtot   =     31314.4355  EPtot      =   -145478.0810
 BOND   =       851.9012  ANGLE   =      2092.6560  DIHED      =      1368.5506
 UB     =         0.0000  IMP     =         0.0000  CMAP       =       183.6486
 1-4 NB =      1019.4755  1-4 EEL =     15092.3921  VDWAALS    =     17353.3454
 EELEC  =   -183440.0504  EHBOND  =         0.0000  RESTRAINT  =         0.0000
 ------------------------------------------------------------------------------

wrapping first mol.:      -59.95674       42.39583       73.43173

 NSTEP =  1860000   TIME(PS) =  418759.999  TEMP(K) =   310.21  PRESS =     0.0
 Etot   =   -113464.0544  EKtot   =     31555.1445  EPtot      =   -145019.1989
 BOND   =       885.6344  ANGLE   =      2198.9604  DIHED      =      1351.0040
 UB     =         0.0000  IMP     =         0.0000  CMAP       =       171.4921
 1-4 NB =      1008.9660  1-4 EEL =     15056.0903  VDWAALS    =     16864.0673
 EELEC  =   -182555.4135  EHBOND  =         0.0000  RESTRAINT  =         0.0000
 ------------------------------------------------------------------------------

wrapping first mol.:      -59.95674       42.39583       73.43173

 NSTEP =  1880000   TIME(PS) =  418799.999  TEMP(K) =   309.73  PRESS =     0.0
 Etot   =   -114116.2932  EKtot   =     31506.3535  EPtot      =   -145622.6467
 BOND   =       877.3606  ANGLE   =      2143.9292  DIHED      =      1312.3048
 UB     =         0.0000  IMP     =         0.0000  CMAP       =       196.4770
 1-4 NB =      1013.3187  1-4 EEL =     15023.8219  VDWAALS    =     17323.5743
 EELEC  =   -183513.4331  EHBOND  =         0.0000  RESTRAINT  =         0.0000
 ------------------------------------------------------------------------------

wrapping first mol.:      -59.95674       42.39583       73.43173

 NSTEP =  1900000   TIME(PS) =  418839.999  TEMP(K) =   311.14  PRESS =     0.0
 Etot   =   -113651.6278  EKtot   =     31650.1035  EPtot      =   -145301.7313
 BOND   =       850.6436  ANGLE   =      2144.1739  DIHED      =      1340.7677
 UB     =         0.0000  IMP     =         0.0000  CMAP       =       172.0632
 1-4 NB =       999.7196  1-4 EEL =     15049.2507  VDWAALS    =     17090.8527
 EELEC  =   -182949.2027  EHBOND  =         0.0000  RESTRAINT  =         0.0000
 ------------------------------------------------------------------------------

wrapping first mol.:      -59.95674       42.39583       73.43173

 NSTEP =  1920000   TIME(PS) =  418879.999  TEMP(K) =   310.36  PRESS =     0.0
 Etot   =   -113730.9122  EKtot   =     31570.6504  EPtot      =   -145301.5626
 BOND   =       890.3445  ANGLE   =      2142.7330  DIHED      =      1378.7165
 UB     =         0.0000  IMP     =         0.0000  CMAP       =       189.5682
 1-4 NB =       991.7558  1-4 EEL =     15130.3645  VDWAALS    =     17377.8597
 EELEC  =   -183402.9047  EHBOND  =         0.0000  RESTRAINT  =         0.0000
 ------------------------------------------------------------------------------

wrapping first mol.:      -59.95674       42.39583       73.43173

 NSTEP =  1940000   TIME(PS) =  418919.999  TEMP(K) =   312.00  PRESS =     0.0
 Etot   =   -113460.3825  EKtot   =     31737.8770  EPtot      =   -145198.2595
 BOND   =       835.6649  ANGLE   =      2179.8931  DIHED      =      1371.4017
 UB     =         0.0000  IMP     =         0.0000  CMAP       =       185.4663
 1-4 NB =       993.7230  1-4 EEL =     15129.3161  VDWAALS    =     17363.3536
 EELEC  =   -183257.0781  EHBOND  =         0.0000  RESTRAINT  =         0.0000
 ------------------------------------------------------------------------------

wrapping first mol.:      -59.95674       42.39583       73.43173

 NSTEP =  1960000   TIME(PS) =  418959.999  TEMP(K) =   310.89  PRESS =     0.0
 Etot   =   -113588.1989  EKtot   =     31624.4492  EPtot      =   -145212.6481
 BOND   =       856.7309  ANGLE   =      2189.3311  DIHED      =      1351.4066
 UB     =         0.0000  IMP     =         0.0000  CMAP       =       186.5818
 1-4 NB =      1010.1368  1-4 EEL =     15088.1794  VDWAALS    =     17130.7911
 EELEC  =   -183025.8057  EHBOND  =         0.0000  RESTRAINT  =         0.0000
 ------------------------------------------------------------------------------

wrapping first mol.:      -59.95674       42.39583       73.43173

 NSTEP =  1980000   TIME(PS) =  418999.999  TEMP(K) =   312.59  PRESS =     0.0
 Etot   =   -113602.8006  EKtot   =     31797.8320  EPtot      =   -145400.6326
 BOND   =       812.1033  ANGLE   =      2150.2970  DIHED      =      1326.8052
 UB     =         0.0000  IMP     =         0.0000  CMAP       =       200.0410
 1-4 NB =       994.5968  1-4 EEL =     15093.8722  VDWAALS    =     17697.9839
 EELEC  =   -183676.3319  EHBOND  =         0.0000  RESTRAINT  =         0.0000
 ------------------------------------------------------------------------------

wrapping first mol.:      -59.95674       42.39583       73.43173

 NSTEP =  2000000   TIME(PS) =  419039.999  TEMP(K) =   310.86  PRESS =     0.0
 Etot   =   -114032.9141  EKtot   =     31620.9160  EPtot      =   -145653.8301
 BOND   =       844.3628  ANGLE   =      2184.1398  DIHED      =      1324.5166
 UB     =         0.0000  IMP     =         0.0000  CMAP       =       189.1765
 1-4 NB =       999.8135  1-4 EEL =     15164.1984  VDWAALS    =     17328.7981
 EELEC  =   -183688.8358  EHBOND  =         0.0000  RESTRAINT  =         0.0000
 ------------------------------------------------------------------------------

wrapping first mol.:      -59.95674       42.39583       73.43173

 NSTEP =  2020000   TIME(PS) =  419079.999  TEMP(K) =   310.77  PRESS =     0.0
 Etot   =   -113740.4853  EKtot   =     31611.7832  EPtot      =   -145352.2685
 BOND   =       812.7323  ANGLE   =      2117.6393  DIHED      =      1344.5523
 UB     =         0.0000  IMP     =         0.0000  CMAP       =       215.4426
 1-4 NB =      1008.0084  1-4 EEL =     15086.5448  VDWAALS    =     17479.4351
 EELEC  =   -183416.6233  EHBOND  =         0.0000  RESTRAINT  =         0.0000
 ------------------------------------------------------------------------------

wrapping first mol.:      -59.95674       42.39583       73.43173

 NSTEP =  2040000   TIME(PS) =  419119.999  TEMP(K) =   310.50  PRESS =     0.0
 Etot   =   -113985.5560  EKtot   =     31584.8359  EPtot      =   -145570.3920
 BOND   =       820.2549  ANGLE   =      2115.5848  DIHED      =      1372.4195
 UB     =         0.0000  IMP     =         0.0000  CMAP       =       186.9852
 1-4 NB =       998.5585  1-4 EEL =     15160.5685  VDWAALS    =     17557.4346
 EELEC  =   -183782.1979  EHBOND  =         0.0000  RESTRAINT  =         0.0000
 ------------------------------------------------------------------------------

wrapping first mol.:      -59.95674       42.39583       73.43173

 NSTEP =  2060000   TIME(PS) =  419159.999  TEMP(K) =   311.32  PRESS =     0.0
 Etot   =   -113358.3585  EKtot   =     31668.7109  EPtot      =   -145027.0695
 BOND   =       821.5051  ANGLE   =      2176.9056  DIHED      =      1374.9181
 UB     =         0.0000  IMP     =         0.0000  CMAP       =       213.2985
 1-4 NB =       981.7350  1-4 EEL =     15159.6366  VDWAALS    =     17204.8720
 EELEC  =   -182959.9405  EHBOND  =         0.0000  RESTRAINT  =         0.0000
 ------------------------------------------------------------------------------

wrapping first mol.:      -59.95674       42.39583       73.43173

 NSTEP =  2080000   TIME(PS) =  419199.999  TEMP(K) =   308.54  PRESS =     0.0
 Etot   =   -113994.6126  EKtot   =     31385.9062  EPtot      =   -145380.5189
 BOND   =       836.4728  ANGLE   =      2075.2112  DIHED      =      1365.7438
 UB     =         0.0000  IMP     =         0.0000  CMAP       =       195.2905
 1-4 NB =      1008.1200  1-4 EEL =     15170.5205  VDWAALS    =     17393.6539
 EELEC  =   -183425.5316  EHBOND  =         0.0000  RESTRAINT  =         0.0000
 ------------------------------------------------------------------------------

wrapping first mol.:      -59.95674       42.39583       73.43173

 NSTEP =  2100000   TIME(PS) =  419239.999  TEMP(K) =   310.25  PRESS =     0.0
 Etot   =   -113474.7057  EKtot   =     31559.1504  EPtot      =   -145033.8561
 BOND   =       847.2208  ANGLE   =      2159.2018  DIHED      =      1368.4300
 UB     =         0.0000  IMP     =         0.0000  CMAP       =       211.1545
 1-4 NB =       987.2775  1-4 EEL =     15178.0081  VDWAALS    =     16963.8914
 EELEC  =   -182749.0403  EHBOND  =         0.0000  RESTRAINT  =         0.0000
 ------------------------------------------------------------------------------

wrapping first mol.:      -59.95674       42.39583       73.43173

 NSTEP =  2120000   TIME(PS) =  419279.999  TEMP(K) =   308.37  PRESS =     0.0
 Etot   =   -113737.7022  EKtot   =     31368.2617  EPtot      =   -145105.9639
 BOND   =       903.1223  ANGLE   =      2171.0268  DIHED      =      1376.2899
 UB     =         0.0000  IMP     =         0.0000  CMAP       =       177.1498
 1-4 NB =       992.7609  1-4 EEL =     15144.1277  VDWAALS    =     17273.9263
 EELEC  =   -183144.3676  EHBOND  =         0.0000  RESTRAINT  =         0.0000
 ------------------------------------------------------------------------------

wrapping first mol.:      -59.95674       42.39583       73.43173

 NSTEP =  2140000   TIME(PS) =  419319.999  TEMP(K) =   308.01  PRESS =     0.0
 Etot   =   -113771.0234  EKtot   =     31331.1074  EPtot      =   -145102.1309
 BOND   =       870.0914  ANGLE   =      2138.5281  DIHED      =      1384.9581
 UB     =         0.0000  IMP     =         0.0000  CMAP       =       178.5778
 1-4 NB =       985.1113  1-4 EEL =     15108.5016  VDWAALS    =     17144.7431
 EELEC  =   -182912.6423  EHBOND  =         0.0000  RESTRAINT  =         0.0000
 ------------------------------------------------------------------------------

wrapping first mol.:      -59.95674       42.39583       73.43173

 NSTEP =  2160000   TIME(PS) =  419359.999  TEMP(K) =   312.48  PRESS =     0.0
 Etot   =   -113568.1525  EKtot   =     31785.7676  EPtot      =   -145353.9201
 BOND   =       787.3744  ANGLE   =      2158.4614  DIHED      =      1376.7467
 UB     =         0.0000  IMP     =         0.0000  CMAP       =       193.7905
 1-4 NB =       982.5873  1-4 EEL =     15116.2849  VDWAALS    =     17340.4787
 EELEC  =   -183309.6441  EHBOND  =         0.0000  RESTRAINT  =         0.0000
 ------------------------------------------------------------------------------

wrapping first mol.:      -59.95674       42.39583       73.43173

 NSTEP =  2180000   TIME(PS) =  419399.999  TEMP(K) =   310.15  PRESS =     0.0
 Etot   =   -113831.2309  EKtot   =     31549.1895  EPtot      =   -145380.4204
 BOND   =       841.3737  ANGLE   =      2162.1921  DIHED      =      1359.6323
 UB     =         0.0000  IMP     =         0.0000  CMAP       =       209.7014
 1-4 NB =       986.7822  1-4 EEL =     15155.2358  VDWAALS    =     17304.1845
 EELEC  =   -183399.5224  EHBOND  =         0.0000  RESTRAINT  =         0.0000
 ------------------------------------------------------------------------------

wrapping first mol.:      -59.95674       42.39583       73.43173

 NSTEP =  2200000   TIME(PS) =  419439.999  TEMP(K) =   310.36  PRESS =     0.0
 Etot   =   -113621.9064  EKtot   =     31570.4844  EPtot      =   -145192.3907
 BOND   =       872.3263  ANGLE   =      2166.2618  DIHED      =      1339.6832
 UB     =         0.0000  IMP     =         0.0000  CMAP       =       193.5014
 1-4 NB =       983.8908  1-4 EEL =     15161.3615  VDWAALS    =     17392.4374
 EELEC  =   -183301.8532  EHBOND  =         0.0000  RESTRAINT  =         0.0000
 ------------------------------------------------------------------------------

wrapping first mol.:      -59.95674       42.39583       73.43173

 NSTEP =  2220000   TIME(PS) =  419479.999  TEMP(K) =   310.16  PRESS =     0.0
 Etot   =   -113705.1744  EKtot   =     31549.8906  EPtot      =   -145255.0650
 BOND   =       847.4029  ANGLE   =      2157.3060  DIHED      =      1349.4466
 UB     =         0.0000  IMP     =         0.0000  CMAP       =       191.5847
 1-4 NB =       998.8230  1-4 EEL =     15126.6972  VDWAALS    =     17419.1183
 EELEC  =   -183345.4435  EHBOND  =         0.0000  RESTRAINT  =         0.0000
 ------------------------------------------------------------------------------

wrapping first mol.:      -59.95674       42.39583       73.43173

 NSTEP =  2240000   TIME(PS) =  419519.999  TEMP(K) =   308.82  PRESS =     0.0
 Etot   =   -113719.6891  EKtot   =     31413.8438  EPtot      =   -145133.5328
 BOND   =       906.4227  ANGLE   =      2091.6255  DIHED      =      1378.4853
 UB     =         0.0000  IMP     =         0.0000  CMAP       =       200.2478
 1-4 NB =      1007.4317  1-4 EEL =     15134.3052  VDWAALS    =     17357.8806
 EELEC  =   -183209.9316  EHBOND  =         0.0000  RESTRAINT  =         0.0000
 ------------------------------------------------------------------------------

wrapping first mol.:      -59.95674       42.39583       73.43173

 NSTEP =  2260000   TIME(PS) =  419559.999  TEMP(K) =   310.08  PRESS =     0.0
 Etot   =   -113421.8519  EKtot   =     31541.9023  EPtot      =   -144963.7542
 BOND   =       863.5651  ANGLE   =      2128.5914  DIHED      =      1374.4505
 UB     =         0.0000  IMP     =         0.0000  CMAP       =       206.1929
 1-4 NB =       989.0053  1-4 EEL =     15136.5763  VDWAALS    =     17528.9420
 EELEC  =   -183191.0777  EHBOND  =         0.0000  RESTRAINT  =         0.0000
 ------------------------------------------------------------------------------

wrapping first mol.:      -59.95674       42.39583       73.43173

 NSTEP =  2280000   TIME(PS) =  419599.999  TEMP(K) =   310.59  PRESS =     0.0
 Etot   =   -113590.9142  EKtot   =     31594.1445  EPtot      =   -145185.0588
 BOND   =       876.9190  ANGLE   =      2217.1894  DIHED      =      1370.0755
 UB     =         0.0000  IMP     =         0.0000  CMAP       =       200.3373
 1-4 NB =       991.3345  1-4 EEL =     15117.6232  VDWAALS    =     17262.9347
 EELEC  =   -183221.4723  EHBOND  =         0.0000  RESTRAINT  =         0.0000
 ------------------------------------------------------------------------------

wrapping first mol.:      -59.95674       42.39583       73.43173

 NSTEP =  2300000   TIME(PS) =  419639.999  TEMP(K) =   311.98  PRESS =     0.0
 Etot   =   -113504.6657  EKtot   =     31735.0566  EPtot      =   -145239.7223
 BOND   =       864.3185  ANGLE   =      2153.1534  DIHED      =      1374.0779
 UB     =         0.0000  IMP     =         0.0000  CMAP       =       209.8835
 1-4 NB =       974.0157  1-4 EEL =     15157.6499  VDWAALS    =     17297.4369
 EELEC  =   -183270.2582  EHBOND  =         0.0000  RESTRAINT  =         0.0000
 ------------------------------------------------------------------------------

wrapping first mol.:      -59.95674       42.39583       73.43173

 NSTEP =  2320000   TIME(PS) =  419679.999  TEMP(K) =   309.98  PRESS =     0.0
 Etot   =   -113813.4330  EKtot   =     31531.5312  EPtot      =   -145344.9643
 BOND   =       848.6835  ANGLE   =      2211.6209  DIHED      =      1374.9479
 UB     =         0.0000  IMP     =         0.0000  CMAP       =       209.2995
 1-4 NB =       995.2620  1-4 EEL =     15134.0196  VDWAALS    =     17041.5764
 EELEC  =   -183160.3742  EHBOND  =         0.0000  RESTRAINT  =         0.0000
 ------------------------------------------------------------------------------

wrapping first mol.:      -59.95674       42.39583       73.43173

 NSTEP =  2340000   TIME(PS) =  419719.999  TEMP(K) =   311.19  PRESS =     0.0
 Etot   =   -113673.0614  EKtot   =     31654.7754  EPtot      =   -145327.8368
 BOND   =       857.7263  ANGLE   =      2181.7903  DIHED      =      1401.8198
 UB     =         0.0000  IMP     =         0.0000  CMAP       =       197.6005
 1-4 NB =       972.6876  1-4 EEL =     15108.3029  VDWAALS    =     17198.6795
 EELEC  =   -183246.4436  EHBOND  =         0.0000  RESTRAINT  =         0.0000
 ------------------------------------------------------------------------------

wrapping first mol.:      -59.95674       42.39583       73.43173

 NSTEP =  2360000   TIME(PS) =  419759.999  TEMP(K) =   310.44  PRESS =     0.0
 Etot   =   -113104.6705  EKtot   =     31579.0684  EPtot      =   -144683.7389
 BOND   =       871.7775  ANGLE   =      2164.9802  DIHED      =      1361.4252
 UB     =         0.0000  IMP     =         0.0000  CMAP       =       204.5414
 1-4 NB =       985.2394  1-4 EEL =     15102.2802  VDWAALS    =     17220.5577
 EELEC  =   -182594.5406  EHBOND  =         0.0000  RESTRAINT  =         0.0000
 ------------------------------------------------------------------------------

wrapping first mol.:      -59.95674       42.39583       73.43173

 NSTEP =  2380000   TIME(PS) =  419799.999  TEMP(K) =   308.67  PRESS =     0.0
 Etot   =   -113821.6134  EKtot   =     31398.2930  EPtot      =   -145219.9064
 BOND   =       902.9688  ANGLE   =      2212.5975  DIHED      =      1402.4576
 UB     =         0.0000  IMP     =         0.0000  CMAP       =       209.0561
 1-4 NB =       986.4210  1-4 EEL =     15066.1125  VDWAALS    =     17570.1302
 EELEC  =   -183569.6500  EHBOND  =         0.0000  RESTRAINT  =         0.0000
 ------------------------------------------------------------------------------

wrapping first mol.:      -59.95674       42.39583       73.43173

 NSTEP =  2400000   TIME(PS) =  419839.999  TEMP(K) =   310.79  PRESS =     0.0
 Etot   =   -113466.3244  EKtot   =     31613.7832  EPtot      =   -145080.1076
 BOND   =       887.5598  ANGLE   =      2114.2936  DIHED      =      1341.3129
 UB     =         0.0000  IMP     =         0.0000  CMAP       =       201.5001
 1-4 NB =       987.5244  1-4 EEL =     15134.4570  VDWAALS    =     17060.0944
 EELEC  =   -182806.8498  EHBOND  =         0.0000  RESTRAINT  =         0.0000
 ------------------------------------------------------------------------------

wrapping first mol.:      -59.95674       42.39583       73.43173

 NSTEP =  2420000   TIME(PS) =  419879.999  TEMP(K) =   310.57  PRESS =     0.0
 Etot   =   -113278.0694  EKtot   =     31591.7344  EPtot      =   -144869.8038
 BOND   =       858.6729  ANGLE   =      2208.6653  DIHED      =      1372.1180
 UB     =         0.0000  IMP     =         0.0000  CMAP       =       196.2957
 1-4 NB =      1023.0552  1-4 EEL =     15106.3509  VDWAALS    =     17037.0615
 EELEC  =   -182672.0234  EHBOND  =         0.0000  RESTRAINT  =         0.0000
 ------------------------------------------------------------------------------

wrapping first mol.:      -59.95674       42.39583       73.43173

 NSTEP =  2440000   TIME(PS) =  419919.999  TEMP(K) =   309.22  PRESS =     0.0
 Etot   =   -113629.5379  EKtot   =     31454.1934  EPtot      =   -145083.7313
 BOND   =       870.5987  ANGLE   =      2128.0951  DIHED      =      1350.8965
 UB     =         0.0000  IMP     =         0.0000  CMAP       =       207.3338
 1-4 NB =       992.4913  1-4 EEL =     15145.1437  VDWAALS    =     17518.4236
 EELEC  =   -183296.7140  EHBOND  =         0.0000  RESTRAINT  =         0.0000
 ------------------------------------------------------------------------------

wrapping first mol.:      -59.95674       42.39583       73.43173

 NSTEP =  2460000   TIME(PS) =  419959.999  TEMP(K) =   309.66  PRESS =     0.0
 Etot   =   -114044.0995  EKtot   =     31499.2734  EPtot      =   -145543.3730
 BOND   =       811.7786  ANGLE   =      2143.4680  DIHED      =      1343.0822
 UB     =         0.0000  IMP     =         0.0000  CMAP       =       210.8221
 1-4 NB =      1004.9013  1-4 EEL =     15048.2514  VDWAALS    =     17210.6198
 EELEC  =   -183316.2964  EHBOND  =         0.0000  RESTRAINT  =         0.0000
 ------------------------------------------------------------------------------

wrapping first mol.:      -59.95674       42.39583       73.43173

 NSTEP =  2480000   TIME(PS) =  419999.999  TEMP(K) =   309.39  PRESS =     0.0
 Etot   =   -114009.3031  EKtot   =     31471.8730  EPtot      =   -145481.1761
 BOND   =       834.4704  ANGLE   =      2106.7430  DIHED      =      1342.7388
 UB     =         0.0000  IMP     =         0.0000  CMAP       =       209.4011
 1-4 NB =      1000.7170  1-4 EEL =     15080.8620  VDWAALS    =     17327.1868
 EELEC  =   -183383.2952  EHBOND  =         0.0000  RESTRAINT  =         0.0000
 ------------------------------------------------------------------------------

wrapping first mol.:      -59.95674       42.39583       73.43173
wrapping first mol.:      -59.95674       42.39583       73.43173

 NSTEP =  2500000   TIME(PS) =  420039.999  TEMP(K) =   310.93  PRESS =     0.0
 Etot   =   -113627.4030  EKtot   =     31628.4512  EPtot      =   -145255.8542
 BOND   =       825.7263  ANGLE   =      2150.7287  DIHED      =      1359.0198
 UB     =         0.0000  IMP     =         0.0000  CMAP       =       194.6109
 1-4 NB =       968.9969  1-4 EEL =     15077.1744  VDWAALS    =     17235.8993
 EELEC  =   -183068.0105  EHBOND  =         0.0000  RESTRAINT  =         0.0000
 ------------------------------------------------------------------------------


      A V E R A G E S   O V E R     125 S T E P S


 NSTEP =  2500000   TIME(PS) =  420039.999  TEMP(K) =   310.08  PRESS =     0.0
 Etot   =   -113706.8556  EKtot   =     31541.5975  EPtot      =   -145248.4531
 BOND   =       856.5940  ANGLE   =      2147.7838  DIHED      =      1360.1841
 UB     =         0.0000  IMP     =         0.0000  CMAP       =       200.6682
 1-4 NB =       996.7418  1-4 EEL =     15101.8659  VDWAALS    =     17290.9944
 EELEC  =   -183203.2852  EHBOND  =         0.0000  RESTRAINT  =         0.0000
 ------------------------------------------------------------------------------


      R M S  F L U C T U A T I O N S


 NSTEP =  2500000   TIME(PS) =  420039.999  TEMP(K) =     1.24  PRESS =     0.0
 Etot   =       212.7550  EKtot   =       126.3165  EPtot      =       187.5354
 BOND   =        25.2611  ANGLE   =        34.6892  DIHED      =        19.4966
 UB     =         0.0000  IMP     =         0.0000  CMAP       =        12.0045
 1-4 NB =        13.2533  1-4 EEL =        49.2388  VDWAALS    =       186.1592
 EELEC  =       303.6895  EHBOND  =         0.0000  RESTRAINT  =         0.0000
 ------------------------------------------------------------------------------

--------------------------------------------------------------------------------
   5.  TIMINGS
--------------------------------------------------------------------------------

|  NonSetup CPU Time in Major Routines:
|
|     Routine           Sec        %
|     ------------------------------
|     Nonbond         135.55   15.01
|     Bond              0.00    0.00
|     Angle             0.00    0.00
|     Dihedral          0.00    0.00
|     Shake             9.55    1.06
|     RunMD           756.01   83.69
|     Other             2.18    0.24
|     ------------------------------
|     Total           903.29

|  PME Nonbond Pairlist CPU Time:
|
|     Routine              Sec        %
|     ---------------------------------
|     Set Up Cit           0.00    0.00
|     Build List           0.00    0.00
|     ---------------------------------
|     Total                0.00    0.00

|  PME Direct Force CPU Time:
|
|     Routine              Sec        %
|     ---------------------------------
|     NonBonded Calc       0.00    0.00
|     Exclude Masked       0.00    0.00
|     Other                1.38    0.15
|     ---------------------------------
|     Total                1.38    0.15

|  PME Reciprocal Force CPU Time:
|
|     Routine              Sec        %
|     ---------------------------------
|     1D bspline           0.00    0.00
|     Grid Charges         0.00    0.00
|     Scalar Sum           0.00    0.00
|     Gradient Sum         0.00    0.00
|     FFT                  0.00    0.00
|     ---------------------------------
|     Total                0.00    0.00

|  Final Performance Info:
|     -----------------------------------------------------
|     Average timings for last  140000 steps:
|     Elapsed(s) =      50.51 Per Step(ms) =       0.36
|         ns/day =     478.97   seconds/ns =     180.39
|
|     Average timings for all steps:
|     Elapsed(s) =     905.07 Per Step(ms) =       0.36
|         ns/day =     477.31   seconds/ns =     181.01
|     -----------------------------------------------------

|  Setup CPU time:            0.78 seconds
|  NonSetup CPU time:       903.29 seconds
|  Total CPU time:          904.07 seconds     0.25 hours

|  Setup wall time:           1    seconds
|  NonSetup wall time:      905    seconds
|  Total wall time:         906    seconds     0.25 hours
