
          -------------------------------------------------------
          Amber 24 PMEMD                              2024
          -------------------------------------------------------

| PMEMD implementation of SANDER, Release 24

|  Compiled date/time: Thu Apr  3 17:55:38 2025
| Run on 10/31/2025 at 12:00:14

|   Executable path: pmemd.cuda_SPFP
| Working directory: /rs1/researchers/h/hall/vtnguye4/Amber_restart/cappedP1L38M/mdsimP1L38M/newP1L38Mcapped_Simulation2
|          Hostname: gpu24

  [-O]verwriting output

File Assignments:
|   MDIN: /rs1/researchers/h/hall/vtnguye4/Amber_restart/cappedP1L38M/mdsimP1L38
|  MDOUT: ./OUT_Files/equil19.out                                               
| INPCRD: ./RST_Files/equil18.rst7                                              
|   PARM: ./PRMTOP_Files/newP1L38Mcapped.prmtop                                 
| RESTRT: ./RST_Files/equil19.rst7                                              
|   REFC: refc                                                                  
|  MDVEL: mdvel                                                                 
|   MDEN: mden                                                                  
|  MDCRD: ./nc_Files/equil19.nc                                                 
| MDINFO: mdinfo                                                                
|  MDFRC: mdfrc                                                                 


 Here is the input file:

!Stage equilibration 5ns                                                       
&cntrl                                                                         
imin=0, irest=1, ntx=5,                                                        
nstlim=2500000, dt=0.002,                                                      
ntc=2, ntf=2, ig=-1,                                                           
ntt=3, gamma_ln=2.0,                                                           
tempi=310.0, temp0=310.0,                                                      
ntxo=2, ioutfm=1,                                                              
ntpr=20000, ntwx=20000,                                                        
ntb=1,                                                                         
cut=9.0,                                                                       
iwrap=1,                                                                       
/                                                                              


Note: ig = -1. Setting random seed to   338864 based on wallclock time in 
      microseconds.
| irandom = 1, using AMBER's internal random number generator (default).
 
|--------------------- INFORMATION ----------------------
| GPU (CUDA) Version of PMEMD in use: NVIDIA GPU IN USE.
|                    Version 18.0.0
| 
|                      03/25/2018
| 
| Implementation by:
|                    Ross C. Walker     (SDSC)
|                    Scott Le Grand     (nVIDIA)
| 
| Version 18 performance extensions by:
|                    David Cerutti     (Rutgers)
| 
| Precision model in use:
|      [SPFP] - Single Precision Forces, 64-bit Fixed Point
|               Accumulation. (Default)
| 
|--------------------------------------------------------
 
|----------------- CITATION INFORMATION -----------------
|
|    When publishing work that utilized the CUDA version
|    of AMBER, please cite the following in addition to
|    the regular AMBER citations:
|
|  - Romelia Salomon-Ferrer; Andreas W. Goetz; Duncan
|    Poole; Scott Le Grand; Ross C. Walker "Routine
|    microsecond molecular dynamics simulations with
|    AMBER - Part II: Particle Mesh Ewald", J. Chem.
|    Theory Comput., 2013, 9 (9), pp3878-3888,
|    DOI: 10.1021/ct400314y.
|
|  - Andreas W. Goetz; Mark J. Williamson; Dong Xu;
|    Duncan Poole; Scott Le Grand; Ross C. Walker
|    "Routine microsecond molecular dynamics simulations
|    with AMBER - Part I: Generalized Born", J. Chem.
|    Theory Comput., 2012, 8 (5), pp1542-1555.
|
|  - Scott Le Grand; Andreas W. Goetz; Ross C. Walker
|    "SPFP: Speed without compromise - a mixed precision
|    model for GPU accelerated molecular dynamics
|    simulations.", Comp. Phys. Comm., 2013, 184
|    pp374-380, DOI: 10.1016/j.cpc.2012.09.022
|
|--------------------------------------------------------
 
|------------------- GPU DEVICE INFO --------------------
|
|            CUDA_VISIBLE_DEVICES: 0
|   CUDA Capable Devices Detected:      1
|           CUDA Device ID in use:      0
|                CUDA Device Name: NVIDIA L40S
|     CUDA Device Global Mem Size:  45487 MB
| CUDA Device Num Multiprocessors:    142
|           CUDA Device Core Freq:   2.52 GHz
|
|--------------------------------------------------------
 
 
| Conditional Compilation Defines Used:
| PUBFFT
| BINTRAJ
| CUDA
| EMIL

| Largest sphere to fit in unit cell has radius =    36.716

| New format PARM file being parsed.
| Version =    1.000 Date = 10/30/25 Time = 23:32:29

| Note: 1-4 EEL scale factors are being read from the topology file.

| Note: 1-4 VDW scale factors are being read from the topology file.
| Duplicated    0 dihedrals

| Duplicated    0 dihedrals

--------------------------------------------------------------------------------
   1.  RESOURCE   USE: 
--------------------------------------------------------------------------------

 getting box info from netcdf restart file
 NATOM  =   50023 NTYPES =      12 NBONH =   47691 MBONA  =    2332
 NTHETH =    5236 MTHETA =    3080 NPHIH =   10252 MPHIA  =    9504
 NHPARM =       0 NPARM  =       0 NNB   =   84972 NRES   =   15501
 NBONA  =    2332 NTHETA =    3080 NPHIA =    9504 NUMBND =      29
 NUMANG =      57 NPTRA  =      64 NATYP =      17 NPHB   =       0
 IFBOX  =       2 NMXRS  =      21 IFCAP =       0 NEXTRA =       0
 NCOPY  =       0

| Coordinate Index Table dimensions:    15   15   15
| Direct force subcell size =     5.9957    5.9957    5.9957

     BOX TYPE: TRUNCATED OCTAHEDRON

--------------------------------------------------------------------------------
   2.  CONTROL  DATA  FOR  THE  RUN
--------------------------------------------------------------------------------

default_name                                                                    

General flags:
     imin    =       0, nmropt  =       0

Nature and format of input:
     ntx     =       5, irest   =       1, ntrx    =       1

Nature and format of output:
     ntxo    =       2, ntpr    =   20000, ntrx    =       1, ntwr    = 2500000
     iwrap   =       1, ntwx    =   20000, ntwv    =       0, ntwe    =       0
     ioutfm  =       1, ntwprt  =       0, idecomp =       0, rbornstat=      0

Potential function:
     ntf     =       2, ntb     =       1, igb     =       0, nsnb    =      25
     ipol    =       0, gbsa    =       0, iesp    =       0
     dielc   =   1.00000, cut     =   9.00000, intdiel =   1.00000

Frozen or restrained atoms:
     ibelly  =       0, ntr     =       0

Molecular dynamics:
     nstlim  =   2500000, nscm    =      1000, nrespa  =         1
     t       =   0.00000, dt      =   0.00200, vlimit  =  -1.00000

Langevin dynamics temperature regulation:
     ig      =  338864
     temp0   = 310.00000, tempi   = 310.00000, gamma_ln=   2.00000

SHAKE:
     ntc     =       2, jfastw  =       0
     tol     =   0.00001

| Intermolecular bonds treatment:
|     no_intermolecular_bonds =       1

| Energy averages sample interval:
|     ene_avg_sampling =   20000

Ewald parameters:
     verbose =       0, ew_type =       0, nbflag  =       1, use_pme =       1
     vdwmeth =       1, eedmeth =       1, netfrc  =       1
     Box X =   89.935   Box Y =   89.935   Box Z =   89.935
     Alpha =  109.471   Beta  =  109.471   Gamma =  109.471
     NFFT1 =   96       NFFT2 =   96       NFFT3 =   96
     Cutoff=    9.000   Tol   =0.100E-04
     Ewald Coefficient =  0.30768
     Interpolation order =    4

--------------------------------------------------------------------------------
   3.  ATOMIC COORDINATES AND VELOCITIES
--------------------------------------------------------------------------------

default_name                                                                    
 begin time read from input coords = 90040.000 ps

 
 Number of triangulated 3-point waters found:    15105

     Sum of charges from parm topology file =  -0.00000043
     Forcing neutrality...

| Dynamic Memory, Types Used:
| Reals             1595957
| Integers          2018996

| Nonbonded Pairs Initial Allocation:    11405244

| GPU memory information (estimate):
| KB of GPU memory in use:    394016
| KB of CPU memory in use:    114218

--------------------------------------------------------------------------------
   4.  RESULTS
--------------------------------------------------------------------------------


 NSTEP =    20000   TIME(PS) =   90080.000  TEMP(K) =   308.00  PRESS =     0.0
 Etot   =   -113996.2734  EKtot   =     31330.0977  EPtot      =   -145326.3710
 BOND   =       895.2818  ANGLE   =      2176.4694  DIHED      =      1330.3284
 UB     =         0.0000  IMP     =         0.0000  CMAP       =       189.9779
 1-4 NB =       986.9042  1-4 EEL =     15077.7687  VDWAALS    =     17563.0297
 EELEC  =   -183546.1312  EHBOND  =         0.0000  RESTRAINT  =         0.0000
 ------------------------------------------------------------------------------


 NSTEP =    40000   TIME(PS) =   90120.000  TEMP(K) =   309.47  PRESS =     0.0
 Etot   =   -114143.8429  EKtot   =     31479.7070  EPtot      =   -145623.5500
 BOND   =       888.3063  ANGLE   =      2165.1335  DIHED      =      1395.2803
 UB     =         0.0000  IMP     =         0.0000  CMAP       =       161.3571
 1-4 NB =       989.1455  1-4 EEL =     15017.6702  VDWAALS    =     17588.4630
 EELEC  =   -183828.9058  EHBOND  =         0.0000  RESTRAINT  =         0.0000
 ------------------------------------------------------------------------------


 NSTEP =    60000   TIME(PS) =   90160.000  TEMP(K) =   310.08  PRESS =     0.0
 Etot   =   -113841.4839  EKtot   =     31542.5723  EPtot      =   -145384.0561
 BOND   =       909.9634  ANGLE   =      2124.7938  DIHED      =      1335.6027
 UB     =         0.0000  IMP     =         0.0000  CMAP       =       188.5877
 1-4 NB =       978.6600  1-4 EEL =     15062.6270  VDWAALS    =     17209.3108
 EELEC  =   -183193.6015  EHBOND  =         0.0000  RESTRAINT  =         0.0000
 ------------------------------------------------------------------------------


 NSTEP =    80000   TIME(PS) =   90200.000  TEMP(K) =   309.82  PRESS =     0.0
 Etot   =   -114109.0097  EKtot   =     31515.2715  EPtot      =   -145624.2812
 BOND   =       839.8795  ANGLE   =      2100.7058  DIHED      =      1383.7726
 UB     =         0.0000  IMP     =         0.0000  CMAP       =       199.6598
 1-4 NB =       988.8496  1-4 EEL =     15101.9842  VDWAALS    =     17445.4572
 EELEC  =   -183684.5898  EHBOND  =         0.0000  RESTRAINT  =         0.0000
 ------------------------------------------------------------------------------


 NSTEP =   100000   TIME(PS) =   90240.000  TEMP(K) =   310.00  PRESS =     0.0
 Etot   =   -113995.1441  EKtot   =     31534.1582  EPtot      =   -145529.3023
 BOND   =       832.2239  ANGLE   =      2171.6367  DIHED      =      1369.8576
 UB     =         0.0000  IMP     =         0.0000  CMAP       =       183.0686
 1-4 NB =       990.0737  1-4 EEL =     15107.7183  VDWAALS    =     17263.5050
 EELEC  =   -183447.3859  EHBOND  =         0.0000  RESTRAINT  =         0.0000
 ------------------------------------------------------------------------------


 NSTEP =   120000   TIME(PS) =   90280.000  TEMP(K) =   308.25  PRESS =     0.0
 Etot   =   -113822.5499  EKtot   =     31355.6445  EPtot      =   -145178.1944
 BOND   =       846.0619  ANGLE   =      2170.4967  DIHED      =      1356.3126
 UB     =         0.0000  IMP     =         0.0000  CMAP       =       192.5879
 1-4 NB =       974.9098  1-4 EEL =     15128.4608  VDWAALS    =     17430.4471
 EELEC  =   -183277.4712  EHBOND  =         0.0000  RESTRAINT  =         0.0000
 ------------------------------------------------------------------------------


 NSTEP =   140000   TIME(PS) =   90320.000  TEMP(K) =   311.42  PRESS =     0.0
 Etot   =   -113340.3720  EKtot   =     31678.0703  EPtot      =   -145018.4423
 BOND   =       895.2364  ANGLE   =      2127.4476  DIHED      =      1336.4612
 UB     =         0.0000  IMP     =         0.0000  CMAP       =       192.6638
 1-4 NB =      1002.4669  1-4 EEL =     15158.2966  VDWAALS    =     17563.9141
 EELEC  =   -183294.9290  EHBOND  =         0.0000  RESTRAINT  =         0.0000
 ------------------------------------------------------------------------------


 NSTEP =   160000   TIME(PS) =   90360.000  TEMP(K) =   309.25  PRESS =     0.0
 Etot   =   -113833.4618  EKtot   =     31457.7188  EPtot      =   -145291.1805
 BOND   =       882.0359  ANGLE   =      2197.4488  DIHED      =      1352.3063
 UB     =         0.0000  IMP     =         0.0000  CMAP       =       192.9609
 1-4 NB =       984.8070  1-4 EEL =     15080.0079  VDWAALS    =     16832.0258
 EELEC  =   -182812.7731  EHBOND  =         0.0000  RESTRAINT  =         0.0000
 ------------------------------------------------------------------------------


 NSTEP =   180000   TIME(PS) =   90400.000  TEMP(K) =   310.88  PRESS =     0.0
 Etot   =   -113366.5157  EKtot   =     31623.5742  EPtot      =   -144990.0899
 BOND   =       889.6831  ANGLE   =      2125.3925  DIHED      =      1348.2387
 UB     =         0.0000  IMP     =         0.0000  CMAP       =       185.6209
 1-4 NB =       983.1299  1-4 EEL =     15140.4998  VDWAALS    =     17550.4294
 EELEC  =   -183213.0842  EHBOND  =         0.0000  RESTRAINT  =         0.0000
 ------------------------------------------------------------------------------


 NSTEP =   200000   TIME(PS) =   90440.000  TEMP(K) =   310.48  PRESS =     0.0
 Etot   =   -113754.7580  EKtot   =     31582.3398  EPtot      =   -145337.0979
 BOND   =       823.4329  ANGLE   =      2248.7241  DIHED      =      1337.8005
 UB     =         0.0000  IMP     =         0.0000  CMAP       =       188.9353
 1-4 NB =       992.9085  1-4 EEL =     15124.1978  VDWAALS    =     17386.2658
 EELEC  =   -183439.3628  EHBOND  =         0.0000  RESTRAINT  =         0.0000
 ------------------------------------------------------------------------------


 NSTEP =   220000   TIME(PS) =   90480.000  TEMP(K) =   306.95  PRESS =     0.0
 Etot   =   -113975.9044  EKtot   =     31223.2188  EPtot      =   -145199.1231
 BOND   =       870.7314  ANGLE   =      2235.6027  DIHED      =      1371.5790
 UB     =         0.0000  IMP     =         0.0000  CMAP       =       178.4144
 1-4 NB =       974.7938  1-4 EEL =     15042.2735  VDWAALS    =     17142.7920
 EELEC  =   -183015.3100  EHBOND  =         0.0000  RESTRAINT  =         0.0000
 ------------------------------------------------------------------------------


 NSTEP =   240000   TIME(PS) =   90520.000  TEMP(K) =   310.27  PRESS =     0.0
 Etot   =   -113407.2185  EKtot   =     31560.9590  EPtot      =   -144968.1775
 BOND   =       844.5848  ANGLE   =      2145.0238  DIHED      =      1366.4887
 UB     =         0.0000  IMP     =         0.0000  CMAP       =       190.0240
 1-4 NB =       994.0684  1-4 EEL =     15097.0391  VDWAALS    =     17416.5331
 EELEC  =   -183021.9395  EHBOND  =         0.0000  RESTRAINT  =         0.0000
 ------------------------------------------------------------------------------


 NSTEP =   260000   TIME(PS) =   90560.000  TEMP(K) =   313.41  PRESS =     0.0
 Etot   =   -113359.0171  EKtot   =     31880.6660  EPtot      =   -145239.6831
 BOND   =       871.9079  ANGLE   =      2196.9100  DIHED      =      1341.3896
 UB     =         0.0000  IMP     =         0.0000  CMAP       =       194.2308
 1-4 NB =       986.1337  1-4 EEL =     15000.2092  VDWAALS    =     17110.0984
 EELEC  =   -182940.5626  EHBOND  =         0.0000  RESTRAINT  =         0.0000
 ------------------------------------------------------------------------------


 NSTEP =   280000   TIME(PS) =   90600.000  TEMP(K) =   310.30  PRESS =     0.0
 Etot   =   -113497.5664  EKtot   =     31564.1348  EPtot      =   -145061.7012
 BOND   =       870.7761  ANGLE   =      2141.8183  DIHED      =      1375.8156
 UB     =         0.0000  IMP     =         0.0000  CMAP       =       183.7987
 1-4 NB =       986.8663  1-4 EEL =     15117.3279  VDWAALS    =     16933.5764
 EELEC  =   -182671.6805  EHBOND  =         0.0000  RESTRAINT  =         0.0000
 ------------------------------------------------------------------------------


 NSTEP =   300000   TIME(PS) =   90640.000  TEMP(K) =   309.03  PRESS =     0.0
 Etot   =   -113676.0294  EKtot   =     31435.6055  EPtot      =   -145111.6349
 BOND   =       831.4932  ANGLE   =      2151.5894  DIHED      =      1381.1266
 UB     =         0.0000  IMP     =         0.0000  CMAP       =       176.8428
 1-4 NB =      1007.3873  1-4 EEL =     15124.8803  VDWAALS    =     17151.2855
 EELEC  =   -182936.2400  EHBOND  =         0.0000  RESTRAINT  =         0.0000
 ------------------------------------------------------------------------------


 NSTEP =   320000   TIME(PS) =   90680.000  TEMP(K) =   308.90  PRESS =     0.0
 Etot   =   -113841.7665  EKtot   =     31421.6797  EPtot      =   -145263.4462
 BOND   =       856.3777  ANGLE   =      2162.6692  DIHED      =      1365.9578
 UB     =         0.0000  IMP     =         0.0000  CMAP       =       194.1961
 1-4 NB =       992.8745  1-4 EEL =     15135.4811  VDWAALS    =     17459.6634
 EELEC  =   -183430.6660  EHBOND  =         0.0000  RESTRAINT  =         0.0000
 ------------------------------------------------------------------------------


 NSTEP =   340000   TIME(PS) =   90720.000  TEMP(K) =   311.08  PRESS =     0.0
 Etot   =   -113482.5665  EKtot   =     31643.2832  EPtot      =   -145125.8498
 BOND   =       892.6324  ANGLE   =      2147.7936  DIHED      =      1331.7435
 UB     =         0.0000  IMP     =         0.0000  CMAP       =       190.5890
 1-4 NB =       985.3301  1-4 EEL =     15187.7906  VDWAALS    =     17060.2419
 EELEC  =   -182921.9707  EHBOND  =         0.0000  RESTRAINT  =         0.0000
 ------------------------------------------------------------------------------


 NSTEP =   360000   TIME(PS) =   90760.000  TEMP(K) =   309.91  PRESS =     0.0
 Etot   =   -113940.0632  EKtot   =     31524.5039  EPtot      =   -145464.5671
 BOND   =       834.8729  ANGLE   =      2102.8246  DIHED      =      1319.3538
 UB     =         0.0000  IMP     =         0.0000  CMAP       =       173.3039
 1-4 NB =       995.0048  1-4 EEL =     15123.6353  VDWAALS    =     17324.9300
 EELEC  =   -183338.4924  EHBOND  =         0.0000  RESTRAINT  =         0.0000
 ------------------------------------------------------------------------------


 NSTEP =   380000   TIME(PS) =   90800.000  TEMP(K) =   310.57  PRESS =     0.0
 Etot   =   -113785.8078  EKtot   =     31592.1562  EPtot      =   -145377.9641
 BOND   =       870.3986  ANGLE   =      2141.3927  DIHED      =      1353.5938
 UB     =         0.0000  IMP     =         0.0000  CMAP       =       173.2704
 1-4 NB =       988.6882  1-4 EEL =     15087.4419  VDWAALS    =     17596.5834
 EELEC  =   -183589.3330  EHBOND  =         0.0000  RESTRAINT  =         0.0000
 ------------------------------------------------------------------------------


 NSTEP =   400000   TIME(PS) =   90840.000  TEMP(K) =   309.66  PRESS =     0.0
 Etot   =   -113795.9579  EKtot   =     31499.6406  EPtot      =   -145295.5986
 BOND   =       893.8018  ANGLE   =      2196.2379  DIHED      =      1334.8859
 UB     =         0.0000  IMP     =         0.0000  CMAP       =       170.6080
 1-4 NB =       988.9646  1-4 EEL =     15064.4889  VDWAALS    =     17022.8660
 EELEC  =   -182967.4516  EHBOND  =         0.0000  RESTRAINT  =         0.0000
 ------------------------------------------------------------------------------


 NSTEP =   420000   TIME(PS) =   90880.000  TEMP(K) =   308.96  PRESS =     0.0
 Etot   =   -113481.7068  EKtot   =     31428.2207  EPtot      =   -144909.9275
 BOND   =       887.8015  ANGLE   =      2161.1183  DIHED      =      1363.4594
 UB     =         0.0000  IMP     =         0.0000  CMAP       =       192.0177
 1-4 NB =       989.0281  1-4 EEL =     15100.8306  VDWAALS    =     17645.7552
 EELEC  =   -183249.9383  EHBOND  =         0.0000  RESTRAINT  =         0.0000
 ------------------------------------------------------------------------------


 NSTEP =   440000   TIME(PS) =   90920.000  TEMP(K) =   308.42  PRESS =     0.0
 Etot   =   -113695.3724  EKtot   =     31373.5430  EPtot      =   -145068.9154
 BOND   =       859.5690  ANGLE   =      2155.7521  DIHED      =      1338.9149
 UB     =         0.0000  IMP     =         0.0000  CMAP       =       195.4452
 1-4 NB =      1003.6683  1-4 EEL =     15074.0332  VDWAALS    =     17289.7924
 EELEC  =   -182986.0904  EHBOND  =         0.0000  RESTRAINT  =         0.0000
 ------------------------------------------------------------------------------


 NSTEP =   460000   TIME(PS) =   90960.000  TEMP(K) =   309.72  PRESS =     0.0
 Etot   =   -113848.5739  EKtot   =     31505.9336  EPtot      =   -145354.5075
 BOND   =       890.3498  ANGLE   =      2185.5985  DIHED      =      1367.3903
 UB     =         0.0000  IMP     =         0.0000  CMAP       =       188.7056
 1-4 NB =       989.3450  1-4 EEL =     15169.2989  VDWAALS    =     17466.8349
 EELEC  =   -183612.0306  EHBOND  =         0.0000  RESTRAINT  =         0.0000
 ------------------------------------------------------------------------------


 NSTEP =   480000   TIME(PS) =   91000.000  TEMP(K) =   309.49  PRESS =     0.0
 Etot   =   -113714.3859  EKtot   =     31481.6328  EPtot      =   -145196.0187
 BOND   =       856.7754  ANGLE   =      2126.5385  DIHED      =      1358.4948
 UB     =         0.0000  IMP     =         0.0000  CMAP       =       185.4606
 1-4 NB =       998.3712  1-4 EEL =     15121.2039  VDWAALS    =     16990.2386
 EELEC  =   -182833.1019  EHBOND  =         0.0000  RESTRAINT  =         0.0000
 ------------------------------------------------------------------------------


 NSTEP =   500000   TIME(PS) =   91040.000  TEMP(K) =   310.14  PRESS =     0.0
 Etot   =   -113756.8999  EKtot   =     31548.5254  EPtot      =   -145305.4253
 BOND   =       896.9508  ANGLE   =      2165.9890  DIHED      =      1324.3248
 UB     =         0.0000  IMP     =         0.0000  CMAP       =       170.6389
 1-4 NB =       987.0017  1-4 EEL =     15097.3335  VDWAALS    =     17278.6395
 EELEC  =   -183226.3034  EHBOND  =         0.0000  RESTRAINT  =         0.0000
 ------------------------------------------------------------------------------


 NSTEP =   520000   TIME(PS) =   91080.000  TEMP(K) =   309.13  PRESS =     0.0
 Etot   =   -113649.8094  EKtot   =     31445.5195  EPtot      =   -145095.3290
 BOND   =       869.3616  ANGLE   =      2189.6673  DIHED      =      1336.2930
 UB     =         0.0000  IMP     =         0.0000  CMAP       =       189.6355
 1-4 NB =      1002.2562  1-4 EEL =     15049.5832  VDWAALS    =     17360.1798
 EELEC  =   -183092.3057  EHBOND  =         0.0000  RESTRAINT  =         0.0000
 ------------------------------------------------------------------------------


 NSTEP =   540000   TIME(PS) =   91120.000  TEMP(K) =   309.94  PRESS =     0.0
 Etot   =   -113775.4633  EKtot   =     31528.2363  EPtot      =   -145303.6996
 BOND   =       865.2921  ANGLE   =      2193.6867  DIHED      =      1388.1813
 UB     =         0.0000  IMP     =         0.0000  CMAP       =       194.1590
 1-4 NB =       978.9401  1-4 EEL =     15132.6080  VDWAALS    =     17430.2446
 EELEC  =   -183486.8114  EHBOND  =         0.0000  RESTRAINT  =         0.0000
 ------------------------------------------------------------------------------


 NSTEP =   560000   TIME(PS) =   91160.000  TEMP(K) =   309.96  PRESS =     0.0
 Etot   =   -113479.5573  EKtot   =     31530.2402  EPtot      =   -145009.7976
 BOND   =       840.9434  ANGLE   =      2188.5790  DIHED      =      1352.9607
 UB     =         0.0000  IMP     =         0.0000  CMAP       =       189.7530
 1-4 NB =      1009.0723  1-4 EEL =     15066.8526  VDWAALS    =     17388.9530
 EELEC  =   -183046.9115  EHBOND  =         0.0000  RESTRAINT  =         0.0000
 ------------------------------------------------------------------------------


 NSTEP =   580000   TIME(PS) =   91200.000  TEMP(K) =   308.80  PRESS =     0.0
 Etot   =   -114087.7688  EKtot   =     31411.9609  EPtot      =   -145499.7297
 BOND   =       865.2581  ANGLE   =      2186.9072  DIHED      =      1372.0251
 UB     =         0.0000  IMP     =         0.0000  CMAP       =       201.7958
 1-4 NB =      1007.8510  1-4 EEL =     15066.2797  VDWAALS    =     17660.1301
 EELEC  =   -183859.9766  EHBOND  =         0.0000  RESTRAINT  =         0.0000
 ------------------------------------------------------------------------------


 NSTEP =   600000   TIME(PS) =   91240.000  TEMP(K) =   308.09  PRESS =     0.0
 Etot   =   -113699.9229  EKtot   =     31340.0273  EPtot      =   -145039.9503
 BOND   =       850.3090  ANGLE   =      2132.3073  DIHED      =      1356.3948
 UB     =         0.0000  IMP     =         0.0000  CMAP       =       177.1439
 1-4 NB =      1012.0901  1-4 EEL =     15149.0711  VDWAALS    =     17527.5060
 EELEC  =   -183244.7725  EHBOND  =         0.0000  RESTRAINT  =         0.0000
 ------------------------------------------------------------------------------


 NSTEP =   620000   TIME(PS) =   91280.000  TEMP(K) =   310.26  PRESS =     0.0
 Etot   =   -113695.7474  EKtot   =     31559.9062  EPtot      =   -145255.6537
 BOND   =       805.6150  ANGLE   =      2168.2330  DIHED      =      1338.8230
 UB     =         0.0000  IMP     =         0.0000  CMAP       =       218.8379
 1-4 NB =       992.8869  1-4 EEL =     15111.9511  VDWAALS    =     17522.2944
 EELEC  =   -183414.2950  EHBOND  =         0.0000  RESTRAINT  =         0.0000
 ------------------------------------------------------------------------------


 NSTEP =   640000   TIME(PS) =   91320.000  TEMP(K) =   306.95  PRESS =     0.0
 Etot   =   -113897.3730  EKtot   =     31223.8984  EPtot      =   -145121.2715
 BOND   =       860.8055  ANGLE   =      2191.7227  DIHED      =      1402.7059
 UB     =         0.0000  IMP     =         0.0000  CMAP       =       173.3764
 1-4 NB =      1027.4257  1-4 EEL =     15110.3364  VDWAALS    =     17162.4666
 EELEC  =   -183050.1107  EHBOND  =         0.0000  RESTRAINT  =         0.0000
 ------------------------------------------------------------------------------


 NSTEP =   660000   TIME(PS) =   91360.000  TEMP(K) =   310.21  PRESS =     0.0
 Etot   =   -113855.8108  EKtot   =     31555.7891  EPtot      =   -145411.5998
 BOND   =       904.6187  ANGLE   =      2172.6575  DIHED      =      1343.6148
 UB     =         0.0000  IMP     =         0.0000  CMAP       =       182.4408
 1-4 NB =       980.5121  1-4 EEL =     15103.3895  VDWAALS    =     17228.3801
 EELEC  =   -183327.2131  EHBOND  =         0.0000  RESTRAINT  =         0.0000
 ------------------------------------------------------------------------------


 NSTEP =   680000   TIME(PS) =   91400.000  TEMP(K) =   307.47  PRESS =     0.0
 Etot   =   -113895.0903  EKtot   =     31276.6504  EPtot      =   -145171.7407
 BOND   =       874.4342  ANGLE   =      2172.8155  DIHED      =      1371.6491
 UB     =         0.0000  IMP     =         0.0000  CMAP       =       175.8485
 1-4 NB =      1014.6154  1-4 EEL =     15066.0870  VDWAALS    =     17377.2658
 EELEC  =   -183224.4562  EHBOND  =         0.0000  RESTRAINT  =         0.0000
 ------------------------------------------------------------------------------


 NSTEP =   700000   TIME(PS) =   91440.000  TEMP(K) =   308.51  PRESS =     0.0
 Etot   =   -113858.3968  EKtot   =     31381.9453  EPtot      =   -145240.3421
 BOND   =       832.9963  ANGLE   =      2161.9785  DIHED      =      1401.3858
 UB     =         0.0000  IMP     =         0.0000  CMAP       =       194.8520
 1-4 NB =       993.6230  1-4 EEL =     15095.7100  VDWAALS    =     17122.6900
 EELEC  =   -183043.5778  EHBOND  =         0.0000  RESTRAINT  =         0.0000
 ------------------------------------------------------------------------------


 NSTEP =   720000   TIME(PS) =   91480.000  TEMP(K) =   310.01  PRESS =     0.0
 Etot   =   -113672.4077  EKtot   =     31534.6523  EPtot      =   -145207.0601
 BOND   =       862.1265  ANGLE   =      2194.8681  DIHED      =      1374.9414
 UB     =         0.0000  IMP     =         0.0000  CMAP       =       178.6202
 1-4 NB =      1003.7883  1-4 EEL =     15170.8357  VDWAALS    =     16959.6068
 EELEC  =   -182951.8471  EHBOND  =         0.0000  RESTRAINT  =         0.0000
 ------------------------------------------------------------------------------


 NSTEP =   740000   TIME(PS) =   91520.000  TEMP(K) =   309.06  PRESS =     0.0
 Etot   =   -113997.3534  EKtot   =     31438.2227  EPtot      =   -145435.5761
 BOND   =       846.8281  ANGLE   =      2228.3658  DIHED      =      1393.7458
 UB     =         0.0000  IMP     =         0.0000  CMAP       =       183.0615
 1-4 NB =      1001.8477  1-4 EEL =     15060.3281  VDWAALS    =     17649.1085
 EELEC  =   -183798.8618  EHBOND  =         0.0000  RESTRAINT  =         0.0000
 ------------------------------------------------------------------------------


 NSTEP =   760000   TIME(PS) =   91560.000  TEMP(K) =   309.83  PRESS =     0.0
 Etot   =   -113954.2373  EKtot   =     31516.9824  EPtot      =   -145471.2197
 BOND   =       838.0629  ANGLE   =      2118.4997  DIHED      =      1347.5316
 UB     =         0.0000  IMP     =         0.0000  CMAP       =       174.2832
 1-4 NB =       998.8247  1-4 EEL =     15096.3714  VDWAALS    =     17182.0800
 EELEC  =   -183226.8731  EHBOND  =         0.0000  RESTRAINT  =         0.0000
 ------------------------------------------------------------------------------


 NSTEP =   780000   TIME(PS) =   91600.000  TEMP(K) =   311.17  PRESS =     0.0
 Etot   =   -113645.4956  EKtot   =     31652.9590  EPtot      =   -145298.4546
 BOND   =       859.6748  ANGLE   =      2131.7940  DIHED      =      1328.1829
 UB     =         0.0000  IMP     =         0.0000  CMAP       =       182.8620
 1-4 NB =      1000.7181  1-4 EEL =     15146.5527  VDWAALS    =     16954.6395
 EELEC  =   -182902.8787  EHBOND  =         0.0000  RESTRAINT  =         0.0000
 ------------------------------------------------------------------------------


 NSTEP =   800000   TIME(PS) =   91640.000  TEMP(K) =   311.42  PRESS =     0.0
 Etot   =   -113485.0206  EKtot   =     31678.4863  EPtot      =   -145163.5069
 BOND   =       888.2518  ANGLE   =      2216.4570  DIHED      =      1346.6080
 UB     =         0.0000  IMP     =         0.0000  CMAP       =       167.2212
 1-4 NB =       985.4772  1-4 EEL =     15045.4311  VDWAALS    =     17214.8948
 EELEC  =   -183027.8481  EHBOND  =         0.0000  RESTRAINT  =         0.0000
 ------------------------------------------------------------------------------


 NSTEP =   820000   TIME(PS) =   91680.000  TEMP(K) =   310.13  PRESS =     0.0
 Etot   =   -113638.6123  EKtot   =     31547.5762  EPtot      =   -145186.1885
 BOND   =       842.9356  ANGLE   =      2214.1372  DIHED      =      1339.2765
 UB     =         0.0000  IMP     =         0.0000  CMAP       =       193.5394
 1-4 NB =       991.8621  1-4 EEL =     15007.9116  VDWAALS    =     17277.8053
 EELEC  =   -183053.6562  EHBOND  =         0.0000  RESTRAINT  =         0.0000
 ------------------------------------------------------------------------------


 NSTEP =   840000   TIME(PS) =   91720.000  TEMP(K) =   310.91  PRESS =     0.0
 Etot   =   -113899.6080  EKtot   =     31626.4609  EPtot      =   -145526.0689
 BOND   =       842.6002  ANGLE   =      2170.8878  DIHED      =      1339.1573
 UB     =         0.0000  IMP     =         0.0000  CMAP       =       166.3544
 1-4 NB =       976.8341  1-4 EEL =     15039.5863  VDWAALS    =     17610.7160
 EELEC  =   -183672.2051  EHBOND  =         0.0000  RESTRAINT  =         0.0000
 ------------------------------------------------------------------------------


 NSTEP =   860000   TIME(PS) =   91760.000  TEMP(K) =   309.96  PRESS =     0.0
 Etot   =   -114031.6040  EKtot   =     31529.6934  EPtot      =   -145561.2974
 BOND   =       859.2234  ANGLE   =      2123.6243  DIHED      =      1365.1771
 UB     =         0.0000  IMP     =         0.0000  CMAP       =       153.2747
 1-4 NB =       997.7430  1-4 EEL =     15141.3895  VDWAALS    =     17239.2235
 EELEC  =   -183440.9530  EHBOND  =         0.0000  RESTRAINT  =         0.0000
 ------------------------------------------------------------------------------


 NSTEP =   880000   TIME(PS) =   91800.000  TEMP(K) =   311.56  PRESS =     0.0
 Etot   =   -113668.8311  EKtot   =     31692.9395  EPtot      =   -145361.7705
 BOND   =       861.6464  ANGLE   =      2180.5895  DIHED      =      1360.5722
 UB     =         0.0000  IMP     =         0.0000  CMAP       =       191.9048
 1-4 NB =       975.3146  1-4 EEL =     15071.1241  VDWAALS    =     17379.1326
 EELEC  =   -183382.0546  EHBOND  =         0.0000  RESTRAINT  =         0.0000
 ------------------------------------------------------------------------------


 NSTEP =   900000   TIME(PS) =   91840.000  TEMP(K) =   309.38  PRESS =     0.0
 Etot   =   -113566.4344  EKtot   =     31470.7188  EPtot      =   -145037.1531
 BOND   =       897.3235  ANGLE   =      2108.3964  DIHED      =      1372.3364
 UB     =         0.0000  IMP     =         0.0000  CMAP       =       189.3205
 1-4 NB =       993.6633  1-4 EEL =     15027.6110  VDWAALS    =     17143.3690
 EELEC  =   -182769.1733  EHBOND  =         0.0000  RESTRAINT  =         0.0000
 ------------------------------------------------------------------------------


 NSTEP =   920000   TIME(PS) =   91880.000  TEMP(K) =   308.78  PRESS =     0.0
 Etot   =   -114033.1734  EKtot   =     31410.0234  EPtot      =   -145443.1969
 BOND   =       828.9899  ANGLE   =      2133.1641  DIHED      =      1351.7084
 UB     =         0.0000  IMP     =         0.0000  CMAP       =       195.1051
 1-4 NB =       996.3321  1-4 EEL =     15073.1794  VDWAALS    =     17371.2910
 EELEC  =   -183392.9669  EHBOND  =         0.0000  RESTRAINT  =         0.0000
 ------------------------------------------------------------------------------


 NSTEP =   940000   TIME(PS) =   91920.000  TEMP(K) =   308.97  PRESS =     0.0
 Etot   =   -113922.6682  EKtot   =     31429.5117  EPtot      =   -145352.1800
 BOND   =       867.4419  ANGLE   =      2146.8727  DIHED      =      1365.7811
 UB     =         0.0000  IMP     =         0.0000  CMAP       =       198.3347
 1-4 NB =      1008.7729  1-4 EEL =     15068.8675  VDWAALS    =     17576.6656
 EELEC  =   -183584.9165  EHBOND  =         0.0000  RESTRAINT  =         0.0000
 ------------------------------------------------------------------------------


 NSTEP =   960000   TIME(PS) =   91960.000  TEMP(K) =   310.75  PRESS =     0.0
 Etot   =   -113713.2557  EKtot   =     31609.9316  EPtot      =   -145323.1874
 BOND   =       855.2331  ANGLE   =      2112.1290  DIHED      =      1346.8681
 UB     =         0.0000  IMP     =         0.0000  CMAP       =       173.7334
 1-4 NB =      1010.8128  1-4 EEL =     15102.6324  VDWAALS    =     17465.4019
 EELEC  =   -183389.9982  EHBOND  =         0.0000  RESTRAINT  =         0.0000
 ------------------------------------------------------------------------------


 NSTEP =   980000   TIME(PS) =   92000.000  TEMP(K) =   309.08  PRESS =     0.0
 Etot   =   -113686.1168  EKtot   =     31440.6582  EPtot      =   -145126.7750
 BOND   =       829.1320  ANGLE   =      2205.0703  DIHED      =      1354.9301
 UB     =         0.0000  IMP     =         0.0000  CMAP       =       176.7219
 1-4 NB =       998.8882  1-4 EEL =     15094.2940  VDWAALS    =     17666.0135
 EELEC  =   -183451.8249  EHBOND  =         0.0000  RESTRAINT  =         0.0000
 ------------------------------------------------------------------------------


 NSTEP =  1000000   TIME(PS) =   92040.000  TEMP(K) =   309.02  PRESS =     0.0
 Etot   =   -113798.9595  EKtot   =     31434.0195  EPtot      =   -145232.9790
 BOND   =       876.2540  ANGLE   =      2211.3936  DIHED      =      1336.0320
 UB     =         0.0000  IMP     =         0.0000  CMAP       =       188.0259
 1-4 NB =       974.2578  1-4 EEL =     15009.3650  VDWAALS    =     17529.6389
 EELEC  =   -183357.9462  EHBOND  =         0.0000  RESTRAINT  =         0.0000
 ------------------------------------------------------------------------------


 NSTEP =  1020000   TIME(PS) =   92080.000  TEMP(K) =   310.84  PRESS =     0.0
 Etot   =   -113467.0924  EKtot   =     31619.0508  EPtot      =   -145086.1432
 BOND   =       870.5641  ANGLE   =      2188.1859  DIHED      =      1348.4013
 UB     =         0.0000  IMP     =         0.0000  CMAP       =       181.9995
 1-4 NB =       984.3832  1-4 EEL =     14988.7495  VDWAALS    =     17042.4504
 EELEC  =   -182690.8771  EHBOND  =         0.0000  RESTRAINT  =         0.0000
 ------------------------------------------------------------------------------


 NSTEP =  1040000   TIME(PS) =   92120.000  TEMP(K) =   307.57  PRESS =     0.0
 Etot   =   -114036.6558  EKtot   =     31286.7715  EPtot      =   -145323.4273
 BOND   =       848.1393  ANGLE   =      2214.2182  DIHED      =      1360.9149
 UB     =         0.0000  IMP     =         0.0000  CMAP       =       198.4568
 1-4 NB =       997.1160  1-4 EEL =     15070.2302  VDWAALS    =     17193.0353
 EELEC  =   -183205.5380  EHBOND  =         0.0000  RESTRAINT  =         0.0000
 ------------------------------------------------------------------------------


 NSTEP =  1060000   TIME(PS) =   92160.000  TEMP(K) =   310.52  PRESS =     0.0
 Etot   =   -113730.7129  EKtot   =     31586.6680  EPtot      =   -145317.3808
 BOND   =       805.9090  ANGLE   =      2170.7955  DIHED      =      1369.6610
 UB     =         0.0000  IMP     =         0.0000  CMAP       =       188.7918
 1-4 NB =       999.6512  1-4 EEL =     15127.8304  VDWAALS    =     17113.1451
 EELEC  =   -183093.1648  EHBOND  =         0.0000  RESTRAINT  =         0.0000
 ------------------------------------------------------------------------------


 NSTEP =  1080000   TIME(PS) =   92200.000  TEMP(K) =   308.56  PRESS =     0.0
 Etot   =   -113720.7639  EKtot   =     31387.7109  EPtot      =   -145108.4748
 BOND   =       870.6601  ANGLE   =      2175.2417  DIHED      =      1383.5160
 UB     =         0.0000  IMP     =         0.0000  CMAP       =       187.5871
 1-4 NB =      1002.6222  1-4 EEL =     15038.5130  VDWAALS    =     17132.5581
 EELEC  =   -182899.1731  EHBOND  =         0.0000  RESTRAINT  =         0.0000
 ------------------------------------------------------------------------------


 NSTEP =  1100000   TIME(PS) =   92240.000  TEMP(K) =   308.47  PRESS =     0.0
 Etot   =   -113990.6212  EKtot   =     31378.3301  EPtot      =   -145368.9513
 BOND   =       850.7419  ANGLE   =      2141.4222  DIHED      =      1331.7520
 UB     =         0.0000  IMP     =         0.0000  CMAP       =       186.6656
 1-4 NB =      1026.7356  1-4 EEL =     15129.3490  VDWAALS    =     17015.6085
 EELEC  =   -183051.2260  EHBOND  =         0.0000  RESTRAINT  =         0.0000
 ------------------------------------------------------------------------------


 NSTEP =  1120000   TIME(PS) =   92280.000  TEMP(K) =   310.10  PRESS =     0.0
 Etot   =   -113810.7032  EKtot   =     31544.1055  EPtot      =   -145354.8087
 BOND   =       869.5176  ANGLE   =      2134.8597  DIHED      =      1369.1617
 UB     =         0.0000  IMP     =         0.0000  CMAP       =       194.4229
 1-4 NB =      1012.8538  1-4 EEL =     15114.0469  VDWAALS    =     17076.5924
 EELEC  =   -183126.2638  EHBOND  =         0.0000  RESTRAINT  =         0.0000
 ------------------------------------------------------------------------------


 NSTEP =  1140000   TIME(PS) =   92320.000  TEMP(K) =   309.31  PRESS =     0.0
 Etot   =   -113497.5283  EKtot   =     31463.6445  EPtot      =   -144961.1728
 BOND   =       889.9944  ANGLE   =      2135.1493  DIHED      =      1347.3238
 UB     =         0.0000  IMP     =         0.0000  CMAP       =       199.9680
 1-4 NB =       963.8520  1-4 EEL =     15028.0777  VDWAALS    =     17132.2235
 EELEC  =   -182657.7616  EHBOND  =         0.0000  RESTRAINT  =         0.0000
 ------------------------------------------------------------------------------


 NSTEP =  1160000   TIME(PS) =   92360.000  TEMP(K) =   310.19  PRESS =     0.0
 Etot   =   -113369.3328  EKtot   =     31553.1543  EPtot      =   -144922.4871
 BOND   =       888.3672  ANGLE   =      2129.2456  DIHED      =      1316.9488
 UB     =         0.0000  IMP     =         0.0000  CMAP       =       190.7909
 1-4 NB =      1000.9210  1-4 EEL =     15108.2838  VDWAALS    =     17322.3367
 EELEC  =   -182879.3811  EHBOND  =         0.0000  RESTRAINT  =         0.0000
 ------------------------------------------------------------------------------


 NSTEP =  1180000   TIME(PS) =   92400.000  TEMP(K) =   310.91  PRESS =     0.0
 Etot   =   -113391.4149  EKtot   =     31626.9258  EPtot      =   -145018.3407
 BOND   =       849.9097  ANGLE   =      2204.7347  DIHED      =      1339.2498
 UB     =         0.0000  IMP     =         0.0000  CMAP       =       194.8531
 1-4 NB =      1010.8606  1-4 EEL =     15176.9205  VDWAALS    =     17262.1000
 EELEC  =   -183056.9690  EHBOND  =         0.0000  RESTRAINT  =         0.0000
 ------------------------------------------------------------------------------


 NSTEP =  1200000   TIME(PS) =   92440.000  TEMP(K) =   310.03  PRESS =     0.0
 Etot   =   -113589.8370  EKtot   =     31536.5918  EPtot      =   -145126.4288
 BOND   =       835.8360  ANGLE   =      2182.3609  DIHED      =      1339.8203
 UB     =         0.0000  IMP     =         0.0000  CMAP       =       187.2803
 1-4 NB =       985.6540  1-4 EEL =     15025.7384  VDWAALS    =     17263.9975
 EELEC  =   -182947.1163  EHBOND  =         0.0000  RESTRAINT  =         0.0000
 ------------------------------------------------------------------------------


 NSTEP =  1220000   TIME(PS) =   92480.000  TEMP(K) =   306.01  PRESS =     0.0
 Etot   =   -113825.2833  EKtot   =     31128.1035  EPtot      =   -144953.3869
 BOND   =       876.0810  ANGLE   =      2171.8371  DIHED      =      1372.7170
 UB     =         0.0000  IMP     =         0.0000  CMAP       =       178.1760
 1-4 NB =      1004.3582  1-4 EEL =     15104.1510  VDWAALS    =     16911.3181
 EELEC  =   -182572.0252  EHBOND  =         0.0000  RESTRAINT  =         0.0000
 ------------------------------------------------------------------------------


 NSTEP =  1240000   TIME(PS) =   92520.000  TEMP(K) =   308.84  PRESS =     0.0
 Etot   =   -114025.9847  EKtot   =     31416.3164  EPtot      =   -145442.3011
 BOND   =       825.8196  ANGLE   =      2142.5769  DIHED      =      1299.6776
 UB     =         0.0000  IMP     =         0.0000  CMAP       =       181.3868
 1-4 NB =      1005.5826  1-4 EEL =     15135.5941  VDWAALS    =     17515.2564
 EELEC  =   -183548.1951  EHBOND  =         0.0000  RESTRAINT  =         0.0000
 ------------------------------------------------------------------------------


 NSTEP =  1260000   TIME(PS) =   92560.000  TEMP(K) =   309.57  PRESS =     0.0
 Etot   =   -113988.7938  EKtot   =     31489.8516  EPtot      =   -145478.6453
 BOND   =       843.0850  ANGLE   =      2096.5197  DIHED      =      1341.5801
 UB     =         0.0000  IMP     =         0.0000  CMAP       =       187.1689
 1-4 NB =      1014.7165  1-4 EEL =     15083.4554  VDWAALS    =     17219.2247
 EELEC  =   -183264.3956  EHBOND  =         0.0000  RESTRAINT  =         0.0000
 ------------------------------------------------------------------------------


 NSTEP =  1280000   TIME(PS) =   92600.000  TEMP(K) =   309.26  PRESS =     0.0
 Etot   =   -113905.1095  EKtot   =     31458.2344  EPtot      =   -145363.3439
 BOND   =       863.6620  ANGLE   =      2156.4138  DIHED      =      1321.5613
 UB     =         0.0000  IMP     =         0.0000  CMAP       =       189.6598
 1-4 NB =       978.0190  1-4 EEL =     15099.7128  VDWAALS    =     17425.3543
 EELEC  =   -183397.7270  EHBOND  =         0.0000  RESTRAINT  =         0.0000
 ------------------------------------------------------------------------------


 NSTEP =  1300000   TIME(PS) =   92640.000  TEMP(K) =   308.50  PRESS =     0.0
 Etot   =   -114068.9810  EKtot   =     31381.6348  EPtot      =   -145450.6158
 BOND   =       850.0217  ANGLE   =      2153.1613  DIHED      =      1347.3175
 UB     =         0.0000  IMP     =         0.0000  CMAP       =       201.0662
 1-4 NB =      1010.0987  1-4 EEL =     15153.6691  VDWAALS    =     17464.1084
 EELEC  =   -183630.0587  EHBOND  =         0.0000  RESTRAINT  =         0.0000
 ------------------------------------------------------------------------------


 NSTEP =  1320000   TIME(PS) =   92680.000  TEMP(K) =   309.31  PRESS =     0.0
 Etot   =   -114082.0416  EKtot   =     31463.9238  EPtot      =   -145545.9654
 BOND   =       866.4786  ANGLE   =      2104.6243  DIHED      =      1347.6242
 UB     =         0.0000  IMP     =         0.0000  CMAP       =       203.2503
 1-4 NB =       991.7965  1-4 EEL =     15136.8362  VDWAALS    =     17743.9237
 EELEC  =   -183940.4993  EHBOND  =         0.0000  RESTRAINT  =         0.0000
 ------------------------------------------------------------------------------


 NSTEP =  1340000   TIME(PS) =   92720.000  TEMP(K) =   309.28  PRESS =     0.0
 Etot   =   -113644.5961  EKtot   =     31460.6016  EPtot      =   -145105.1977
 BOND   =       860.2368  ANGLE   =      2156.8475  DIHED      =      1337.2572
 UB     =         0.0000  IMP     =         0.0000  CMAP       =       182.1645
 1-4 NB =      1001.2489  1-4 EEL =     15049.9845  VDWAALS    =     17047.8115
 EELEC  =   -182740.7485  EHBOND  =         0.0000  RESTRAINT  =         0.0000
 ------------------------------------------------------------------------------


 NSTEP =  1360000   TIME(PS) =   92760.000  TEMP(K) =   310.48  PRESS =     0.0
 Etot   =   -113889.6301  EKtot   =     31582.8477  EPtot      =   -145472.4777
 BOND   =       851.4724  ANGLE   =      2123.0788  DIHED      =      1352.5107
 UB     =         0.0000  IMP     =         0.0000  CMAP       =       189.5710
 1-4 NB =       995.6925  1-4 EEL =     15067.5313  VDWAALS    =     17270.3108
 EELEC  =   -183322.6451  EHBOND  =         0.0000  RESTRAINT  =         0.0000
 ------------------------------------------------------------------------------


 NSTEP =  1380000   TIME(PS) =   92800.000  TEMP(K) =   307.87  PRESS =     0.0
 Etot   =   -114164.3677  EKtot   =     31316.8457  EPtot      =   -145481.2134
 BOND   =       880.7591  ANGLE   =      2173.3505  DIHED      =      1342.3216
 UB     =         0.0000  IMP     =         0.0000  CMAP       =       174.3599
 1-4 NB =       995.8078  1-4 EEL =     15160.7194  VDWAALS    =     17279.1746
 EELEC  =   -183487.7063  EHBOND  =         0.0000  RESTRAINT  =         0.0000
 ------------------------------------------------------------------------------


 NSTEP =  1400000   TIME(PS) =   92840.000  TEMP(K) =   310.90  PRESS =     0.0
 Etot   =   -113544.2328  EKtot   =     31625.8086  EPtot      =   -145170.0413
 BOND   =       854.0039  ANGLE   =      2170.5695  DIHED      =      1316.6091
 UB     =         0.0000  IMP     =         0.0000  CMAP       =       199.4482
 1-4 NB =      1001.2370  1-4 EEL =     15066.1932  VDWAALS    =     17317.5717
 EELEC  =   -183095.6739  EHBOND  =         0.0000  RESTRAINT  =         0.0000
 ------------------------------------------------------------------------------


 NSTEP =  1420000   TIME(PS) =   92880.000  TEMP(K) =   309.98  PRESS =     0.0
 Etot   =   -113478.6802  EKtot   =     31531.9395  EPtot      =   -145010.6197
 BOND   =       867.9711  ANGLE   =      2143.6513  DIHED      =      1361.4213
 UB     =         0.0000  IMP     =         0.0000  CMAP       =       197.4450
 1-4 NB =       999.0119  1-4 EEL =     15115.5107  VDWAALS    =     17585.4560
 EELEC  =   -183281.0871  EHBOND  =         0.0000  RESTRAINT  =         0.0000
 ------------------------------------------------------------------------------


 NSTEP =  1440000   TIME(PS) =   92920.000  TEMP(K) =   311.78  PRESS =     0.0
 Etot   =   -113071.5772  EKtot   =     31714.5664  EPtot      =   -144786.1436
 BOND   =       867.0524  ANGLE   =      2172.1863  DIHED      =      1342.1618
 UB     =         0.0000  IMP     =         0.0000  CMAP       =       194.4189
 1-4 NB =       995.1537  1-4 EEL =     15158.6110  VDWAALS    =     17095.7995
 EELEC  =   -182611.5272  EHBOND  =         0.0000  RESTRAINT  =         0.0000
 ------------------------------------------------------------------------------


 NSTEP =  1460000   TIME(PS) =   92960.000  TEMP(K) =   310.13  PRESS =     0.0
 Etot   =   -113754.5306  EKtot   =     31547.2012  EPtot      =   -145301.7318
 BOND   =       884.4147  ANGLE   =      2116.4518  DIHED      =      1353.0914
 UB     =         0.0000  IMP     =         0.0000  CMAP       =       183.8465
 1-4 NB =      1018.3052  1-4 EEL =     15074.4569  VDWAALS    =     17144.5261
 EELEC  =   -183076.8244  EHBOND  =         0.0000  RESTRAINT  =         0.0000
 ------------------------------------------------------------------------------


 NSTEP =  1480000   TIME(PS) =   93000.000  TEMP(K) =   310.57  PRESS =     0.0
 Etot   =   -113674.3798  EKtot   =     31591.8242  EPtot      =   -145266.2040
 BOND   =       867.4953  ANGLE   =      2204.7755  DIHED      =      1356.9291
 UB     =         0.0000  IMP     =         0.0000  CMAP       =       202.9633
 1-4 NB =       961.6921  1-4 EEL =     15064.0988  VDWAALS    =     17293.6538
 EELEC  =   -183217.8119  EHBOND  =         0.0000  RESTRAINT  =         0.0000
 ------------------------------------------------------------------------------


 NSTEP =  1500000   TIME(PS) =   93040.000  TEMP(K) =   312.20  PRESS =     0.0
 Etot   =   -113372.6209  EKtot   =     31757.8066  EPtot      =   -145130.4275
 BOND   =       888.8819  ANGLE   =      2140.6094  DIHED      =      1393.7225
 UB     =         0.0000  IMP     =         0.0000  CMAP       =       192.1717
 1-4 NB =       979.0445  1-4 EEL =     15018.4632  VDWAALS    =     17293.2335
 EELEC  =   -183036.5540  EHBOND  =         0.0000  RESTRAINT  =         0.0000
 ------------------------------------------------------------------------------


 NSTEP =  1520000   TIME(PS) =   93080.000  TEMP(K) =   308.11  PRESS =     0.0
 Etot   =   -113585.6971  EKtot   =     31341.5488  EPtot      =   -144927.2460
 BOND   =       887.0864  ANGLE   =      2166.4627  DIHED      =      1334.6066
 UB     =         0.0000  IMP     =         0.0000  CMAP       =       175.8394
 1-4 NB =       974.5360  1-4 EEL =     15048.6042  VDWAALS    =     17102.2935
 EELEC  =   -182616.6749  EHBOND  =         0.0000  RESTRAINT  =         0.0000
 ------------------------------------------------------------------------------


 NSTEP =  1540000   TIME(PS) =   93120.000  TEMP(K) =   310.52  PRESS =     0.0
 Etot   =   -113490.0793  EKtot   =     31587.0234  EPtot      =   -145077.1027
 BOND   =       911.8112  ANGLE   =      2185.0294  DIHED      =      1375.6597
 UB     =         0.0000  IMP     =         0.0000  CMAP       =       205.4824
 1-4 NB =       988.2607  1-4 EEL =     15083.0323  VDWAALS    =     16923.1221
 EELEC  =   -182749.5005  EHBOND  =         0.0000  RESTRAINT  =         0.0000
 ------------------------------------------------------------------------------


 NSTEP =  1560000   TIME(PS) =   93160.000  TEMP(K) =   309.93  PRESS =     0.0
 Etot   =   -114165.7066  EKtot   =     31527.0527  EPtot      =   -145692.7593
 BOND   =       829.8131  ANGLE   =      2167.2422  DIHED      =      1362.2213
 UB     =         0.0000  IMP     =         0.0000  CMAP       =       212.7436
 1-4 NB =       987.0488  1-4 EEL =     15040.7588  VDWAALS    =     17520.8900
 EELEC  =   -183813.4772  EHBOND  =         0.0000  RESTRAINT  =         0.0000
 ------------------------------------------------------------------------------


 NSTEP =  1580000   TIME(PS) =   93200.000  TEMP(K) =   310.67  PRESS =     0.0
 Etot   =   -113195.8134  EKtot   =     31602.2441  EPtot      =   -144798.0575
 BOND   =       867.2659  ANGLE   =      2213.7076  DIHED      =      1392.9802
 UB     =         0.0000  IMP     =         0.0000  CMAP       =       170.5630
 1-4 NB =      1005.3096  1-4 EEL =     15029.0198  VDWAALS    =     17305.4936
 EELEC  =   -182782.3972  EHBOND  =         0.0000  RESTRAINT  =         0.0000
 ------------------------------------------------------------------------------


 NSTEP =  1600000   TIME(PS) =   93240.000  TEMP(K) =   309.81  PRESS =     0.0
 Etot   =   -113914.4423  EKtot   =     31514.2344  EPtot      =   -145428.6767
 BOND   =       826.3401  ANGLE   =      2149.8625  DIHED      =      1361.8169
 UB     =         0.0000  IMP     =         0.0000  CMAP       =       187.6939
 1-4 NB =       985.9331  1-4 EEL =     15091.7291  VDWAALS    =     17519.9507
 EELEC  =   -183552.0030  EHBOND  =         0.0000  RESTRAINT  =         0.0000
 ------------------------------------------------------------------------------


 NSTEP =  1620000   TIME(PS) =   93280.000  TEMP(K) =   310.77  PRESS =     0.0
 Etot   =   -113827.7844  EKtot   =     31611.8750  EPtot      =   -145439.6594
 BOND   =       867.8169  ANGLE   =      2131.6652  DIHED      =      1366.7644
 UB     =         0.0000  IMP     =         0.0000  CMAP       =       194.2690
 1-4 NB =      1004.4573  1-4 EEL =     15076.5998  VDWAALS    =     17405.0471
 EELEC  =   -183486.2791  EHBOND  =         0.0000  RESTRAINT  =         0.0000
 ------------------------------------------------------------------------------


 NSTEP =  1640000   TIME(PS) =   93320.000  TEMP(K) =   308.56  PRESS =     0.0
 Etot   =   -113955.9151  EKtot   =     31387.3730  EPtot      =   -145343.2882
 BOND   =       851.9914  ANGLE   =      2123.6410  DIHED      =      1377.5705
 UB     =         0.0000  IMP     =         0.0000  CMAP       =       180.6664
 1-4 NB =       996.2272  1-4 EEL =     15050.3206  VDWAALS    =     17302.5181
 EELEC  =   -183226.2233  EHBOND  =         0.0000  RESTRAINT  =         0.0000
 ------------------------------------------------------------------------------


 NSTEP =  1660000   TIME(PS) =   93360.000  TEMP(K) =   308.84  PRESS =     0.0
 Etot   =   -113770.7394  EKtot   =     31415.4707  EPtot      =   -145186.2101
 BOND   =       872.4477  ANGLE   =      2134.8756  DIHED      =      1414.0841
 UB     =         0.0000  IMP     =         0.0000  CMAP       =       186.8841
 1-4 NB =       969.1446  1-4 EEL =     15059.2919  VDWAALS    =     17223.2344
 EELEC  =   -183046.1724  EHBOND  =         0.0000  RESTRAINT  =         0.0000
 ------------------------------------------------------------------------------


 NSTEP =  1680000   TIME(PS) =   93400.000  TEMP(K) =   310.05  PRESS =     0.0
 Etot   =   -113875.3231  EKtot   =     31538.6035  EPtot      =   -145413.9266
 BOND   =       845.2172  ANGLE   =      2137.1904  DIHED      =      1355.5815
 UB     =         0.0000  IMP     =         0.0000  CMAP       =       177.2307
 1-4 NB =      1009.3995  1-4 EEL =     15082.0893  VDWAALS    =     17280.5503
 EELEC  =   -183301.1855  EHBOND  =         0.0000  RESTRAINT  =         0.0000
 ------------------------------------------------------------------------------


 NSTEP =  1700000   TIME(PS) =   93440.000  TEMP(K) =   309.94  PRESS =     0.0
 Etot   =   -113729.6555  EKtot   =     31527.3516  EPtot      =   -145257.0070
 BOND   =       859.4457  ANGLE   =      2120.7225  DIHED      =      1364.6170
 UB     =         0.0000  IMP     =         0.0000  CMAP       =       176.3285
 1-4 NB =       998.1701  1-4 EEL =     15084.0949  VDWAALS    =     17504.8825
 EELEC  =   -183365.2681  EHBOND  =         0.0000  RESTRAINT  =         0.0000
 ------------------------------------------------------------------------------


 NSTEP =  1720000   TIME(PS) =   93480.000  TEMP(K) =   310.57  PRESS =     0.0
 Etot   =   -113817.0552  EKtot   =     31591.6348  EPtot      =   -145408.6900
 BOND   =       860.8554  ANGLE   =      2150.8884  DIHED      =      1357.2224
 UB     =         0.0000  IMP     =         0.0000  CMAP       =       186.0170
 1-4 NB =       985.9725  1-4 EEL =     15055.8296  VDWAALS    =     17383.8496
 EELEC  =   -183389.3248  EHBOND  =         0.0000  RESTRAINT  =         0.0000
 ------------------------------------------------------------------------------


 NSTEP =  1740000   TIME(PS) =   93520.000  TEMP(K) =   310.90  PRESS =     0.0
 Etot   =   -113597.5640  EKtot   =     31625.2637  EPtot      =   -145222.8277
 BOND   =       844.4276  ANGLE   =      2141.4606  DIHED      =      1357.1337
 UB     =         0.0000  IMP     =         0.0000  CMAP       =       175.7664
 1-4 NB =       993.3563  1-4 EEL =     15094.6773  VDWAALS    =     16934.4270
 EELEC  =   -182764.0767  EHBOND  =         0.0000  RESTRAINT  =         0.0000
 ------------------------------------------------------------------------------


 NSTEP =  1760000   TIME(PS) =   93560.000  TEMP(K) =   307.72  PRESS =     0.0
 Etot   =   -114006.5302  EKtot   =     31301.5566  EPtot      =   -145308.0868
 BOND   =       882.4071  ANGLE   =      2159.6146  DIHED      =      1379.5565
 UB     =         0.0000  IMP     =         0.0000  CMAP       =       180.0184
 1-4 NB =      1024.0855  1-4 EEL =     15083.5958  VDWAALS    =     17275.1798
 EELEC  =   -183292.5444  EHBOND  =         0.0000  RESTRAINT  =         0.0000
 ------------------------------------------------------------------------------


 NSTEP =  1780000   TIME(PS) =   93600.000  TEMP(K) =   307.52  PRESS =     0.0
 Etot   =   -113941.2256  EKtot   =     31281.8535  EPtot      =   -145223.0791
 BOND   =       889.5874  ANGLE   =      2154.6692  DIHED      =      1296.6860
 UB     =         0.0000  IMP     =         0.0000  CMAP       =       174.9718
 1-4 NB =      1020.8945  1-4 EEL =     15126.5585  VDWAALS    =     16921.6509
 EELEC  =   -182808.0974  EHBOND  =         0.0000  RESTRAINT  =         0.0000
 ------------------------------------------------------------------------------


 NSTEP =  1800000   TIME(PS) =   93640.000  TEMP(K) =   312.11  PRESS =     0.0
 Etot   =   -113396.8881  EKtot   =     31748.7227  EPtot      =   -145145.6108
 BOND   =       851.0815  ANGLE   =      2164.0751  DIHED      =      1385.1595
 UB     =         0.0000  IMP     =         0.0000  CMAP       =       183.4673
 1-4 NB =      1015.1187  1-4 EEL =     15100.2138  VDWAALS    =     16832.6048
 EELEC  =   -182677.3314  EHBOND  =         0.0000  RESTRAINT  =         0.0000
 ------------------------------------------------------------------------------


 NSTEP =  1820000   TIME(PS) =   93680.000  TEMP(K) =   311.32  PRESS =     0.0
 Etot   =   -113337.2625  EKtot   =     31667.7559  EPtot      =   -145005.0183
 BOND   =       884.3920  ANGLE   =      2153.4680  DIHED      =      1337.6139
 UB     =         0.0000  IMP     =         0.0000  CMAP       =       183.2739
 1-4 NB =       993.6768  1-4 EEL =     15099.6098  VDWAALS    =     17039.6218
 EELEC  =   -182696.6745  EHBOND  =         0.0000  RESTRAINT  =         0.0000
 ------------------------------------------------------------------------------


 NSTEP =  1840000   TIME(PS) =   93720.000  TEMP(K) =   309.35  PRESS =     0.0
 Etot   =   -113754.1779  EKtot   =     31468.2324  EPtot      =   -145222.4103
 BOND   =       883.2778  ANGLE   =      2144.6381  DIHED      =      1371.6273
 UB     =         0.0000  IMP     =         0.0000  CMAP       =       201.5990
 1-4 NB =       989.9080  1-4 EEL =     15130.9525  VDWAALS    =     17408.9729
 EELEC  =   -183353.3860  EHBOND  =         0.0000  RESTRAINT  =         0.0000
 ------------------------------------------------------------------------------


 NSTEP =  1860000   TIME(PS) =   93760.000  TEMP(K) =   310.40  PRESS =     0.0
 Etot   =   -113444.8403  EKtot   =     31574.5605  EPtot      =   -145019.4009
 BOND   =       858.0133  ANGLE   =      2183.4383  DIHED      =      1350.8922
 UB     =         0.0000  IMP     =         0.0000  CMAP       =       190.2309
 1-4 NB =       973.4483  1-4 EEL =     15039.2499  VDWAALS    =     17089.3224
 EELEC  =   -182703.9962  EHBOND  =         0.0000  RESTRAINT  =         0.0000
 ------------------------------------------------------------------------------


 NSTEP =  1880000   TIME(PS) =   93800.000  TEMP(K) =   311.18  PRESS =     0.0
 Etot   =   -113356.4653  EKtot   =     31653.9004  EPtot      =   -145010.3657
 BOND   =       854.9771  ANGLE   =      2167.5017  DIHED      =      1399.6201
 UB     =         0.0000  IMP     =         0.0000  CMAP       =       188.6327
 1-4 NB =      1013.6778  1-4 EEL =     15106.4908  VDWAALS    =     17251.7787
 EELEC  =   -182993.0444  EHBOND  =         0.0000  RESTRAINT  =         0.0000
 ------------------------------------------------------------------------------


 NSTEP =  1900000   TIME(PS) =   93840.000  TEMP(K) =   310.05  PRESS =     0.0
 Etot   =   -113880.7473  EKtot   =     31538.7812  EPtot      =   -145419.5286
 BOND   =       841.1354  ANGLE   =      2149.1955  DIHED      =      1343.3220
 UB     =         0.0000  IMP     =         0.0000  CMAP       =       193.9580
 1-4 NB =      1001.0137  1-4 EEL =     15108.3335  VDWAALS    =     17200.6432
 EELEC  =   -183257.1299  EHBOND  =         0.0000  RESTRAINT  =         0.0000
 ------------------------------------------------------------------------------


 NSTEP =  1920000   TIME(PS) =   93880.000  TEMP(K) =   309.23  PRESS =     0.0
 Etot   =   -113829.7589  EKtot   =     31455.8594  EPtot      =   -145285.6182
 BOND   =       790.1757  ANGLE   =      2131.8140  DIHED      =      1334.4299
 UB     =         0.0000  IMP     =         0.0000  CMAP       =       175.7673
 1-4 NB =      1016.0547  1-4 EEL =     15142.2322  VDWAALS    =     17291.3238
 EELEC  =   -183167.4159  EHBOND  =         0.0000  RESTRAINT  =         0.0000
 ------------------------------------------------------------------------------


 NSTEP =  1940000   TIME(PS) =   93920.000  TEMP(K) =   310.09  PRESS =     0.0
 Etot   =   -113683.6122  EKtot   =     31542.8086  EPtot      =   -145226.4208
 BOND   =       880.2739  ANGLE   =      2193.9324  DIHED      =      1381.2678
 UB     =         0.0000  IMP     =         0.0000  CMAP       =       180.4131
 1-4 NB =       986.3489  1-4 EEL =     15109.4833  VDWAALS    =     17265.0660
 EELEC  =   -183223.2062  EHBOND  =         0.0000  RESTRAINT  =         0.0000
 ------------------------------------------------------------------------------


 NSTEP =  1960000   TIME(PS) =   93960.000  TEMP(K) =   310.22  PRESS =     0.0
 Etot   =   -113942.0229  EKtot   =     31555.9219  EPtot      =   -145497.9447
 BOND   =       863.0679  ANGLE   =      2170.9428  DIHED      =      1355.4135
 UB     =         0.0000  IMP     =         0.0000  CMAP       =       180.5752
 1-4 NB =      1026.0295  1-4 EEL =     15108.5455  VDWAALS    =     17446.5928
 EELEC  =   -183649.1120  EHBOND  =         0.0000  RESTRAINT  =         0.0000
 ------------------------------------------------------------------------------


 NSTEP =  1980000   TIME(PS) =   94000.000  TEMP(K) =   308.33  PRESS =     0.0
 Etot   =   -113470.4784  EKtot   =     31364.5059  EPtot      =   -144834.9843
 BOND   =       847.5446  ANGLE   =      2091.0967  DIHED      =      1362.5372
 UB     =         0.0000  IMP     =         0.0000  CMAP       =       195.0617
 1-4 NB =       999.2442  1-4 EEL =     15125.6752  VDWAALS    =     17142.8463
 EELEC  =   -182598.9901  EHBOND  =         0.0000  RESTRAINT  =         0.0000
 ------------------------------------------------------------------------------


 NSTEP =  2000000   TIME(PS) =   94040.000  TEMP(K) =   310.90  PRESS =     0.0
 Etot   =   -113143.0838  EKtot   =     31625.0859  EPtot      =   -144768.1697
 BOND   =       917.3183  ANGLE   =      2159.9636  DIHED      =      1346.2270
 UB     =         0.0000  IMP     =         0.0000  CMAP       =       179.3109
 1-4 NB =       993.4518  1-4 EEL =     15143.2992  VDWAALS    =     17141.8499
 EELEC  =   -182649.5904  EHBOND  =         0.0000  RESTRAINT  =         0.0000
 ------------------------------------------------------------------------------


 NSTEP =  2020000   TIME(PS) =   94080.000  TEMP(K) =   311.09  PRESS =     0.0
 Etot   =   -113146.5555  EKtot   =     31644.5410  EPtot      =   -144791.0965
 BOND   =       881.2885  ANGLE   =      2185.0163  DIHED      =      1369.4860
 UB     =         0.0000  IMP     =         0.0000  CMAP       =       207.1075
 1-4 NB =       998.9182  1-4 EEL =     15159.2059  VDWAALS    =     16989.8596
 EELEC  =   -182581.9785  EHBOND  =         0.0000  RESTRAINT  =         0.0000
 ------------------------------------------------------------------------------


 NSTEP =  2040000   TIME(PS) =   94120.000  TEMP(K) =   311.13  PRESS =     0.0
 Etot   =   -113788.7686  EKtot   =     31648.9082  EPtot      =   -145437.6768
 BOND   =       838.9191  ANGLE   =      2131.7402  DIHED      =      1332.2608
 UB     =         0.0000  IMP     =         0.0000  CMAP       =       185.1594
 1-4 NB =      1002.0690  1-4 EEL =     15224.2497  VDWAALS    =     17580.6882
 EELEC  =   -183732.7632  EHBOND  =         0.0000  RESTRAINT  =         0.0000
 ------------------------------------------------------------------------------


 NSTEP =  2060000   TIME(PS) =   94160.000  TEMP(K) =   309.23  PRESS =     0.0
 Etot   =   -113777.2571  EKtot   =     31455.8359  EPtot      =   -145233.0930
 BOND   =       846.3142  ANGLE   =      2155.3479  DIHED      =      1404.2341
 UB     =         0.0000  IMP     =         0.0000  CMAP       =       204.0865
 1-4 NB =       991.5952  1-4 EEL =     15128.2303  VDWAALS    =     17330.6793
 EELEC  =   -183293.5804  EHBOND  =         0.0000  RESTRAINT  =         0.0000
 ------------------------------------------------------------------------------


 NSTEP =  2080000   TIME(PS) =   94200.000  TEMP(K) =   312.05  PRESS =     0.0
 Etot   =   -113175.3806  EKtot   =     31742.1543  EPtot      =   -144917.5349
 BOND   =       885.2278  ANGLE   =      2151.9544  DIHED      =      1387.7765
 UB     =         0.0000  IMP     =         0.0000  CMAP       =       189.9111
 1-4 NB =       995.1772  1-4 EEL =     15151.6435  VDWAALS    =     17565.3687
 EELEC  =   -183244.5942  EHBOND  =         0.0000  RESTRAINT  =         0.0000
 ------------------------------------------------------------------------------


 NSTEP =  2100000   TIME(PS) =   94240.000  TEMP(K) =   311.17  PRESS =     0.0
 Etot   =   -113817.3716  EKtot   =     31652.9863  EPtot      =   -145470.3580
 BOND   =       891.0755  ANGLE   =      2176.0320  DIHED      =      1400.9395
 UB     =         0.0000  IMP     =         0.0000  CMAP       =       195.1223
 1-4 NB =       973.1503  1-4 EEL =     15144.5975  VDWAALS    =     17558.4612
 EELEC  =   -183809.7363  EHBOND  =         0.0000  RESTRAINT  =         0.0000
 ------------------------------------------------------------------------------


 NSTEP =  2120000   TIME(PS) =   94280.000  TEMP(K) =   310.40  PRESS =     0.0
 Etot   =   -113362.1622  EKtot   =     31574.4492  EPtot      =   -144936.6114
 BOND   =       877.0534  ANGLE   =      2087.7588  DIHED      =      1367.5766
 UB     =         0.0000  IMP     =         0.0000  CMAP       =       214.5012
 1-4 NB =       992.6936  1-4 EEL =     15156.6675  VDWAALS    =     17107.1138
 EELEC  =   -182739.9763  EHBOND  =         0.0000  RESTRAINT  =         0.0000
 ------------------------------------------------------------------------------


 NSTEP =  2140000   TIME(PS) =   94320.000  TEMP(K) =   311.47  PRESS =     0.0
 Etot   =   -113327.7493  EKtot   =     31683.0020  EPtot      =   -145010.7513
 BOND   =       863.1637  ANGLE   =      2125.2848  DIHED      =      1366.6041
 UB     =         0.0000  IMP     =         0.0000  CMAP       =       196.3804
 1-4 NB =       976.1953  1-4 EEL =     15124.4173  VDWAALS    =     17174.8497
 EELEC  =   -182837.6465  EHBOND  =         0.0000  RESTRAINT  =         0.0000
 ------------------------------------------------------------------------------


 NSTEP =  2160000   TIME(PS) =   94360.000  TEMP(K) =   312.33  PRESS =     0.0
 Etot   =   -113480.0851  EKtot   =     31770.6094  EPtot      =   -145250.6945
 BOND   =       823.1559  ANGLE   =      2086.5890  DIHED      =      1341.1393
 UB     =         0.0000  IMP     =         0.0000  CMAP       =       187.1728
 1-4 NB =       991.8488  1-4 EEL =     15154.8812  VDWAALS    =     17363.3231
 EELEC  =   -183198.8045  EHBOND  =         0.0000  RESTRAINT  =         0.0000
 ------------------------------------------------------------------------------


 NSTEP =  2180000   TIME(PS) =   94400.000  TEMP(K) =   311.28  PRESS =     0.0
 Etot   =   -113584.7946  EKtot   =     31663.8887  EPtot      =   -145248.6833
 BOND   =       832.3758  ANGLE   =      2083.5334  DIHED      =      1376.6679
 UB     =         0.0000  IMP     =         0.0000  CMAP       =       194.9038
 1-4 NB =       996.5781  1-4 EEL =     15083.2364  VDWAALS    =     17314.4480
 EELEC  =   -183130.4268  EHBOND  =         0.0000  RESTRAINT  =         0.0000
 ------------------------------------------------------------------------------


 NSTEP =  2200000   TIME(PS) =   94440.000  TEMP(K) =   311.73  PRESS =     0.0
 Etot   =   -113459.5704  EKtot   =     31710.1973  EPtot      =   -145169.7677
 BOND   =       874.2365  ANGLE   =      2180.6467  DIHED      =      1304.5801
 UB     =         0.0000  IMP     =         0.0000  CMAP       =       197.2201
 1-4 NB =       997.3418  1-4 EEL =     15090.2542  VDWAALS    =     17277.2260
 EELEC  =   -183091.2732  EHBOND  =         0.0000  RESTRAINT  =         0.0000
 ------------------------------------------------------------------------------


 NSTEP =  2220000   TIME(PS) =   94480.000  TEMP(K) =   308.72  PRESS =     0.0
 Etot   =   -113977.0040  EKtot   =     31403.6953  EPtot      =   -145380.6993
 BOND   =       842.3605  ANGLE   =      2138.9351  DIHED      =      1323.0528
 UB     =         0.0000  IMP     =         0.0000  CMAP       =       181.4375
 1-4 NB =       991.8526  1-4 EEL =     15089.8607  VDWAALS    =     17374.8742
 EELEC  =   -183323.0726  EHBOND  =         0.0000  RESTRAINT  =         0.0000
 ------------------------------------------------------------------------------


 NSTEP =  2240000   TIME(PS) =   94520.000  TEMP(K) =   310.41  PRESS =     0.0
 Etot   =   -114010.3578  EKtot   =     31576.0996  EPtot      =   -145586.4574
 BOND   =       827.8836  ANGLE   =      2144.5241  DIHED      =      1346.4684
 UB     =         0.0000  IMP     =         0.0000  CMAP       =       190.4262
 1-4 NB =      1001.2175  1-4 EEL =     15171.9901  VDWAALS    =     17463.3129
 EELEC  =   -183732.2804  EHBOND  =         0.0000  RESTRAINT  =         0.0000
 ------------------------------------------------------------------------------


 NSTEP =  2260000   TIME(PS) =   94560.000  TEMP(K) =   309.37  PRESS =     0.0
 Etot   =   -113479.6907  EKtot   =     31470.0391  EPtot      =   -144949.7297
 BOND   =       856.5975  ANGLE   =      2127.4643  DIHED      =      1376.9761
 UB     =         0.0000  IMP     =         0.0000  CMAP       =       194.9946
 1-4 NB =      1008.9367  1-4 EEL =     15064.4185  VDWAALS    =     17123.6072
 EELEC  =   -182702.7246  EHBOND  =         0.0000  RESTRAINT  =         0.0000
 ------------------------------------------------------------------------------


 NSTEP =  2280000   TIME(PS) =   94600.000  TEMP(K) =   311.19  PRESS =     0.0
 Etot   =   -113482.4778  EKtot   =     31655.1055  EPtot      =   -145137.5832
 BOND   =       812.0622  ANGLE   =      2147.4020  DIHED      =      1331.2970
 UB     =         0.0000  IMP     =         0.0000  CMAP       =       199.3819
 1-4 NB =       981.0316  1-4 EEL =     15108.5750  VDWAALS    =     17090.5190
 EELEC  =   -182807.8519  EHBOND  =         0.0000  RESTRAINT  =         0.0000
 ------------------------------------------------------------------------------


 NSTEP =  2300000   TIME(PS) =   94640.000  TEMP(K) =   307.98  PRESS =     0.0
 Etot   =   -113763.6406  EKtot   =     31328.1465  EPtot      =   -145091.7871
 BOND   =       817.3833  ANGLE   =      2163.9944  DIHED      =      1350.7446
 UB     =         0.0000  IMP     =         0.0000  CMAP       =       174.5275
 1-4 NB =       990.2229  1-4 EEL =     15083.5330  VDWAALS    =     17067.8151
 EELEC  =   -182740.0079  EHBOND  =         0.0000  RESTRAINT  =         0.0000
 ------------------------------------------------------------------------------


 NSTEP =  2320000   TIME(PS) =   94680.000  TEMP(K) =   309.52  PRESS =     0.0
 Etot   =   -113825.9566  EKtot   =     31485.0410  EPtot      =   -145310.9976
 BOND   =       858.3302  ANGLE   =      2121.1789  DIHED      =      1345.5070
 UB     =         0.0000  IMP     =         0.0000  CMAP       =       200.4266
 1-4 NB =       990.7466  1-4 EEL =     15113.3080  VDWAALS    =     17106.3973
 EELEC  =   -183046.8922  EHBOND  =         0.0000  RESTRAINT  =         0.0000
 ------------------------------------------------------------------------------


 NSTEP =  2340000   TIME(PS) =   94720.000  TEMP(K) =   309.80  PRESS =     0.0
 Etot   =   -113479.0653  EKtot   =     31513.7500  EPtot      =   -144992.8153
 BOND   =       888.0572  ANGLE   =      2178.8991  DIHED      =      1367.5145
 UB     =         0.0000  IMP     =         0.0000  CMAP       =       185.2708
 1-4 NB =       994.1392  1-4 EEL =     15124.0454  VDWAALS    =     17489.0550
 EELEC  =   -183219.7966  EHBOND  =         0.0000  RESTRAINT  =         0.0000
 ------------------------------------------------------------------------------


 NSTEP =  2360000   TIME(PS) =   94760.000  TEMP(K) =   308.72  PRESS =     0.0
 Etot   =   -113926.2561  EKtot   =     31403.9609  EPtot      =   -145330.2170
 BOND   =       896.5881  ANGLE   =      2110.8864  DIHED      =      1368.7701
 UB     =         0.0000  IMP     =         0.0000  CMAP       =       191.0821
 1-4 NB =       994.1083  1-4 EEL =     15071.8717  VDWAALS    =     17342.8768
 EELEC  =   -183306.4005  EHBOND  =         0.0000  RESTRAINT  =         0.0000
 ------------------------------------------------------------------------------


 NSTEP =  2380000   TIME(PS) =   94800.000  TEMP(K) =   310.12  PRESS =     0.0
 Etot   =   -113596.8912  EKtot   =     31545.8281  EPtot      =   -145142.7193
 BOND   =       850.3933  ANGLE   =      2196.3345  DIHED      =      1332.7251
 UB     =         0.0000  IMP     =         0.0000  CMAP       =       189.5524
 1-4 NB =       988.1408  1-4 EEL =     15013.4711  VDWAALS    =     17421.8910
 EELEC  =   -183135.2274  EHBOND  =         0.0000  RESTRAINT  =         0.0000
 ------------------------------------------------------------------------------


 NSTEP =  2400000   TIME(PS) =   94840.000  TEMP(K) =   308.97  PRESS =     0.0
 Etot   =   -113885.5889  EKtot   =     31429.1602  EPtot      =   -145314.7490
 BOND   =       886.2938  ANGLE   =      2133.6594  DIHED      =      1343.8934
 UB     =         0.0000  IMP     =         0.0000  CMAP       =       190.5855
 1-4 NB =       993.0840  1-4 EEL =     15016.1992  VDWAALS    =     17324.8069
 EELEC  =   -183203.2714  EHBOND  =         0.0000  RESTRAINT  =         0.0000
 ------------------------------------------------------------------------------


 NSTEP =  2420000   TIME(PS) =   94880.000  TEMP(K) =   309.76  PRESS =     0.0
 Etot   =   -114025.3528  EKtot   =     31509.6465  EPtot      =   -145534.9993
 BOND   =       848.9923  ANGLE   =      2165.3683  DIHED      =      1398.4578
 UB     =         0.0000  IMP     =         0.0000  CMAP       =       175.6767
 1-4 NB =       996.9087  1-4 EEL =     15000.5219  VDWAALS    =     17367.8691
 EELEC  =   -183488.7941  EHBOND  =         0.0000  RESTRAINT  =         0.0000
 ------------------------------------------------------------------------------


 NSTEP =  2440000   TIME(PS) =   94920.000  TEMP(K) =   310.02  PRESS =     0.0
 Etot   =   -113934.8671  EKtot   =     31536.0195  EPtot      =   -145470.8866
 BOND   =       822.4874  ANGLE   =      2094.9088  DIHED      =      1342.0082
 UB     =         0.0000  IMP     =         0.0000  CMAP       =       193.7940
 1-4 NB =       983.1012  1-4 EEL =     15031.9610  VDWAALS    =     17298.6552
 EELEC  =   -183237.8023  EHBOND  =         0.0000  RESTRAINT  =         0.0000
 ------------------------------------------------------------------------------


 NSTEP =  2460000   TIME(PS) =   94960.000  TEMP(K) =   309.75  PRESS =     0.0
 Etot   =   -113591.7495  EKtot   =     31508.8652  EPtot      =   -145100.6148
 BOND   =       861.8694  ANGLE   =      2139.6333  DIHED      =      1353.5040
 UB     =         0.0000  IMP     =         0.0000  CMAP       =       202.7887
 1-4 NB =       997.5567  1-4 EEL =     15083.4376  VDWAALS    =     17122.2032
 EELEC  =   -182861.6076  EHBOND  =         0.0000  RESTRAINT  =         0.0000
 ------------------------------------------------------------------------------


 NSTEP =  2480000   TIME(PS) =   95000.000  TEMP(K) =   308.89  PRESS =     0.0
 Etot   =   -113871.9280  EKtot   =     31421.0938  EPtot      =   -145293.0217
 BOND   =       863.2681  ANGLE   =      2175.6137  DIHED      =      1342.0136
 UB     =         0.0000  IMP     =         0.0000  CMAP       =       184.0367
 1-4 NB =       995.8704  1-4 EEL =     15113.7290  VDWAALS    =     17332.9794
 EELEC  =   -183300.5326  EHBOND  =         0.0000  RESTRAINT  =         0.0000
 ------------------------------------------------------------------------------


 NSTEP =  2500000   TIME(PS) =   95040.000  TEMP(K) =   310.49  PRESS =     0.0
 Etot   =   -113732.9177  EKtot   =     31584.1504  EPtot      =   -145317.0681
 BOND   =       836.0449  ANGLE   =      2162.9958  DIHED      =      1375.7979
 UB     =         0.0000  IMP     =         0.0000  CMAP       =       196.1305
 1-4 NB =      1027.2624  1-4 EEL =     15083.6778  VDWAALS    =     17092.2069
 EELEC  =   -183091.1842  EHBOND  =         0.0000  RESTRAINT  =         0.0000
 ------------------------------------------------------------------------------


      A V E R A G E S   O V E R     125 S T E P S


 NSTEP =  2500000   TIME(PS) =   95040.000  TEMP(K) =   309.82  PRESS =     0.0
 Etot   =   -113718.2620  EKtot   =     31515.7338  EPtot      =   -145233.9957
 BOND   =       861.0620  ANGLE   =      2156.7646  DIHED      =      1356.2818
 UB     =         0.0000  IMP     =         0.0000  CMAP       =       187.7562
 1-4 NB =       995.2858  1-4 EEL =     15094.0388  VDWAALS    =     17287.0236
 EELEC  =   -183172.2085  EHBOND  =         0.0000  RESTRAINT  =         0.0000
 ------------------------------------------------------------------------------


      R M S  F L U C T U A T I O N S


 NSTEP =  2500000   TIME(PS) =   95040.000  TEMP(K) =     1.22  PRESS =     0.0
 Etot   =       244.3412  EKtot   =       124.3548  EPtot      =       200.2362
 BOND   =        24.1676  ANGLE   =        32.9441  DIHED      =        22.6632
 UB     =         0.0000  IMP     =         0.0000  CMAP       =        10.6560
 1-4 NB =        13.0989  1-4 EEL =        45.1034  VDWAALS    =       201.9601
 EELEC  =       323.4564  EHBOND  =         0.0000  RESTRAINT  =         0.0000
 ------------------------------------------------------------------------------

--------------------------------------------------------------------------------
   5.  TIMINGS
--------------------------------------------------------------------------------

|  NonSetup CPU Time in Major Routines:
|
|     Routine           Sec        %
|     ------------------------------
|     Nonbond         177.42   19.33
|     Bond              0.00    0.00
|     Angle             0.00    0.00
|     Dihedral          0.00    0.00
|     Shake            13.14    1.43
|     RunMD           725.10   79.00
|     Other             2.19    0.24
|     ------------------------------
|     Total           917.85

|  PME Nonbond Pairlist CPU Time:
|
|     Routine              Sec        %
|     ---------------------------------
|     Set Up Cit           0.00    0.00
|     Build List           0.00    0.00
|     ---------------------------------
|     Total                0.00    0.00

|  PME Direct Force CPU Time:
|
|     Routine              Sec        %
|     ---------------------------------
|     NonBonded Calc       0.00    0.00
|     Exclude Masked       0.00    0.00
|     Other                1.37    0.15
|     ---------------------------------
|     Total                1.37    0.15

|  PME Reciprocal Force CPU Time:
|
|     Routine              Sec        %
|     ---------------------------------
|     1D bspline           0.00    0.00
|     Grid Charges         0.00    0.00
|     Scalar Sum           0.00    0.00
|     Gradient Sum         0.00    0.00
|     FFT                  0.00    0.00
|     ---------------------------------
|     Total                0.00    0.00

|  Final Performance Info:
|     -----------------------------------------------------
|     Average timings for last  140000 steps:
|     Elapsed(s) =      51.38 Per Step(ms) =       0.37
|         ns/day =     470.83   seconds/ns =     183.51
|
|     Average timings for all steps:
|     Elapsed(s) =     919.55 Per Step(ms) =       0.37
|         ns/day =     469.80   seconds/ns =     183.91
|     -----------------------------------------------------

|  Setup CPU time:            0.79 seconds
|  NonSetup CPU time:       917.85 seconds
|  Total CPU time:          918.64 seconds     0.26 hours

|  Setup wall time:           2    seconds
|  NonSetup wall time:      919    seconds
|  Total wall time:         921    seconds     0.26 hours
