
          -------------------------------------------------------
          Amber 24 PMEMD                              2024
          -------------------------------------------------------

| PMEMD implementation of SANDER, Release 24

|  Compiled date/time: Thu Apr  3 17:55:38 2025
| Run on 11/10/2025 at 19:24:43

|   Executable path: pmemd.cuda_SPFP
| Working directory: /rs1/researchers/h/hall/vtnguye4/Amber_restart/cappedP1L38M/mdsimP1L38M/newP1L38Mcapped_Simulation2
|          Hostname: gpu29

  [-O]verwriting output

File Assignments:
|   MDIN: /rs1/researchers/h/hall/vtnguye4/Amber_restart/cappedP1L38M/mdsimP1L38
|  MDOUT: ./OUT_Files/equil62.out                                               
| INPCRD: ./RST_Files/equil61.rst7                                              
|   PARM: ./PRMTOP_Files/newP1L38Mcapped.prmtop                                 
| RESTRT: ./RST_Files/equil62.rst7                                              
|   REFC: refc                                                                  
|  MDVEL: mdvel                                                                 
|   MDEN: mden                                                                  
|  MDCRD: ./nc_Files/equil62.nc                                                 
| MDINFO: mdinfo                                                                
|  MDFRC: mdfrc                                                                 


 Here is the input file:

!Stage equilibration 5ns                                                       
&cntrl                                                                         
imin=0, irest=1, ntx=5,                                                        
nstlim=2500000, dt=0.002,                                                      
ntc=2, ntf=2, ig=-1,                                                           
ntt=3, gamma_ln=2.0,                                                           
tempi=310.0, temp0=310.0,                                                      
ntxo=2, ioutfm=1,                                                              
ntpr=20000, ntwx=20000,                                                        
ntb=1,                                                                         
cut=9.0,                                                                       
iwrap=1,                                                                       
/                                                                              


Note: ig = -1. Setting random seed to   572389 based on wallclock time in 
      microseconds.
| irandom = 1, using AMBER's internal random number generator (default).
 
|--------------------- INFORMATION ----------------------
| GPU (CUDA) Version of PMEMD in use: NVIDIA GPU IN USE.
|                    Version 18.0.0
| 
|                      03/25/2018
| 
| Implementation by:
|                    Ross C. Walker     (SDSC)
|                    Scott Le Grand     (nVIDIA)
| 
| Version 18 performance extensions by:
|                    David Cerutti     (Rutgers)
| 
| Precision model in use:
|      [SPFP] - Single Precision Forces, 64-bit Fixed Point
|               Accumulation. (Default)
| 
|--------------------------------------------------------
 
|----------------- CITATION INFORMATION -----------------
|
|    When publishing work that utilized the CUDA version
|    of AMBER, please cite the following in addition to
|    the regular AMBER citations:
|
|  - Romelia Salomon-Ferrer; Andreas W. Goetz; Duncan
|    Poole; Scott Le Grand; Ross C. Walker "Routine
|    microsecond molecular dynamics simulations with
|    AMBER - Part II: Particle Mesh Ewald", J. Chem.
|    Theory Comput., 2013, 9 (9), pp3878-3888,
|    DOI: 10.1021/ct400314y.
|
|  - Andreas W. Goetz; Mark J. Williamson; Dong Xu;
|    Duncan Poole; Scott Le Grand; Ross C. Walker
|    "Routine microsecond molecular dynamics simulations
|    with AMBER - Part I: Generalized Born", J. Chem.
|    Theory Comput., 2012, 8 (5), pp1542-1555.
|
|  - Scott Le Grand; Andreas W. Goetz; Ross C. Walker
|    "SPFP: Speed without compromise - a mixed precision
|    model for GPU accelerated molecular dynamics
|    simulations.", Comp. Phys. Comm., 2013, 184
|    pp374-380, DOI: 10.1016/j.cpc.2012.09.022
|
|--------------------------------------------------------
 
|------------------- GPU DEVICE INFO --------------------
|
|            CUDA_VISIBLE_DEVICES: 0
|   CUDA Capable Devices Detected:      1
|           CUDA Device ID in use:      0
|                CUDA Device Name: NVIDIA L40S
|     CUDA Device Global Mem Size:  45487 MB
| CUDA Device Num Multiprocessors:    142
|           CUDA Device Core Freq:   2.52 GHz
|
|--------------------------------------------------------
 
 
| Conditional Compilation Defines Used:
| PUBFFT
| BINTRAJ
| CUDA
| EMIL

| Largest sphere to fit in unit cell has radius =    36.716

| New format PARM file being parsed.
| Version =    1.000 Date = 10/30/25 Time = 23:32:29

| Note: 1-4 EEL scale factors are being read from the topology file.

| Note: 1-4 VDW scale factors are being read from the topology file.
| Duplicated    0 dihedrals

| Duplicated    0 dihedrals

--------------------------------------------------------------------------------
   1.  RESOURCE   USE: 
--------------------------------------------------------------------------------

 getting box info from netcdf restart file
 NATOM  =   50023 NTYPES =      12 NBONH =   47691 MBONA  =    2332
 NTHETH =    5236 MTHETA =    3080 NPHIH =   10252 MPHIA  =    9504
 NHPARM =       0 NPARM  =       0 NNB   =   84972 NRES   =   15501
 NBONA  =    2332 NTHETA =    3080 NPHIA =    9504 NUMBND =      29
 NUMANG =      57 NPTRA  =      64 NATYP =      17 NPHB   =       0
 IFBOX  =       2 NMXRS  =      21 IFCAP =       0 NEXTRA =       0
 NCOPY  =       0

| Coordinate Index Table dimensions:    15   15   15
| Direct force subcell size =     5.9957    5.9957    5.9957

     BOX TYPE: TRUNCATED OCTAHEDRON

--------------------------------------------------------------------------------
   2.  CONTROL  DATA  FOR  THE  RUN
--------------------------------------------------------------------------------

default_name                                                                    

General flags:
     imin    =       0, nmropt  =       0

Nature and format of input:
     ntx     =       5, irest   =       1, ntrx    =       1

Nature and format of output:
     ntxo    =       2, ntpr    =   20000, ntrx    =       1, ntwr    = 2500000
     iwrap   =       1, ntwx    =   20000, ntwv    =       0, ntwe    =       0
     ioutfm  =       1, ntwprt  =       0, idecomp =       0, rbornstat=      0

Potential function:
     ntf     =       2, ntb     =       1, igb     =       0, nsnb    =      25
     ipol    =       0, gbsa    =       0, iesp    =       0
     dielc   =   1.00000, cut     =   9.00000, intdiel =   1.00000

Frozen or restrained atoms:
     ibelly  =       0, ntr     =       0

Molecular dynamics:
     nstlim  =   2500000, nscm    =      1000, nrespa  =         1
     t       =   0.00000, dt      =   0.00200, vlimit  =  -1.00000

Langevin dynamics temperature regulation:
     ig      =  572389
     temp0   = 310.00000, tempi   = 310.00000, gamma_ln=   2.00000

SHAKE:
     ntc     =       2, jfastw  =       0
     tol     =   0.00001

| Intermolecular bonds treatment:
|     no_intermolecular_bonds =       1

| Energy averages sample interval:
|     ene_avg_sampling =   20000

Ewald parameters:
     verbose =       0, ew_type =       0, nbflag  =       1, use_pme =       1
     vdwmeth =       1, eedmeth =       1, netfrc  =       1
     Box X =   89.935   Box Y =   89.935   Box Z =   89.935
     Alpha =  109.471   Beta  =  109.471   Gamma =  109.471
     NFFT1 =   96       NFFT2 =   96       NFFT3 =   96
     Cutoff=    9.000   Tol   =0.100E-04
     Ewald Coefficient =  0.30768
     Interpolation order =    4

--------------------------------------------------------------------------------
   3.  ATOMIC COORDINATES AND VELOCITIES
--------------------------------------------------------------------------------

default_name                                                                    
 begin time read from input coords =305040.000 ps

 
 Number of triangulated 3-point waters found:    15105

     Sum of charges from parm topology file =  -0.00000043
     Forcing neutrality...

| Dynamic Memory, Types Used:
| Reals             1595957
| Integers          2018996

| Nonbonded Pairs Initial Allocation:    11405244

| GPU memory information (estimate):
| KB of GPU memory in use:    394016
| KB of CPU memory in use:    114218

--------------------------------------------------------------------------------
   4.  RESULTS
--------------------------------------------------------------------------------


 NSTEP =    20000   TIME(PS) =  305080.000  TEMP(K) =   311.16  PRESS =     0.0
 Etot   =   -114115.3638  EKtot   =     31651.6133  EPtot      =   -145766.9771
 BOND   =       835.8281  ANGLE   =      2110.8448  DIHED      =      1349.7118
 UB     =         0.0000  IMP     =         0.0000  CMAP       =       207.5980
 1-4 NB =       996.3121  1-4 EEL =     15079.1346  VDWAALS    =     17416.2250
 EELEC  =   -183762.6315  EHBOND  =         0.0000  RESTRAINT  =         0.0000
 ------------------------------------------------------------------------------


 NSTEP =    40000   TIME(PS) =  305120.000  TEMP(K) =   310.68  PRESS =     0.0
 Etot   =   -114022.1083  EKtot   =     31603.3574  EPtot      =   -145625.4658
 BOND   =       845.1133  ANGLE   =      2130.9573  DIHED      =      1370.9024
 UB     =         0.0000  IMP     =         0.0000  CMAP       =       191.6667
 1-4 NB =      1004.5554  1-4 EEL =     15091.9444  VDWAALS    =     17583.4553
 EELEC  =   -183844.0605  EHBOND  =         0.0000  RESTRAINT  =         0.0000
 ------------------------------------------------------------------------------


 NSTEP =    60000   TIME(PS) =  305160.000  TEMP(K) =   310.53  PRESS =     0.0
 Etot   =   -113309.7336  EKtot   =     31587.9609  EPtot      =   -144897.6945
 BOND   =       877.7335  ANGLE   =      2127.6771  DIHED      =      1363.9051
 UB     =         0.0000  IMP     =         0.0000  CMAP       =       203.0058
 1-4 NB =      1011.2285  1-4 EEL =     15071.2635  VDWAALS    =     16944.4758
 EELEC  =   -182496.9839  EHBOND  =         0.0000  RESTRAINT  =         0.0000
 ------------------------------------------------------------------------------


 NSTEP =    80000   TIME(PS) =  305200.000  TEMP(K) =   309.86  PRESS =     0.0
 Etot   =   -113558.0679  EKtot   =     31520.1191  EPtot      =   -145078.1870
 BOND   =       872.6739  ANGLE   =      2200.1222  DIHED      =      1346.3924
 UB     =         0.0000  IMP     =         0.0000  CMAP       =       178.2037
 1-4 NB =       988.9902  1-4 EEL =     15080.5676  VDWAALS    =     17410.7487
 EELEC  =   -183155.8858  EHBOND  =         0.0000  RESTRAINT  =         0.0000
 ------------------------------------------------------------------------------


 NSTEP =   100000   TIME(PS) =  305240.000  TEMP(K) =   312.62  PRESS =     0.0
 Etot   =   -112863.9091  EKtot   =     31800.4062  EPtot      =   -144664.3154
 BOND   =       878.6618  ANGLE   =      2154.2466  DIHED      =      1346.1137
 UB     =         0.0000  IMP     =         0.0000  CMAP       =       184.8930
 1-4 NB =       982.9875  1-4 EEL =     15036.8827  VDWAALS    =     16998.5947
 EELEC  =   -182246.6954  EHBOND  =         0.0000  RESTRAINT  =         0.0000
 ------------------------------------------------------------------------------


 NSTEP =   120000   TIME(PS) =  305280.000  TEMP(K) =   310.88  PRESS =     0.0
 Etot   =   -113420.8672  EKtot   =     31623.0137  EPtot      =   -145043.8809
 BOND   =       874.0454  ANGLE   =      2143.5526  DIHED      =      1365.6115
 UB     =         0.0000  IMP     =         0.0000  CMAP       =       190.7135
 1-4 NB =       967.6521  1-4 EEL =     15038.8913  VDWAALS    =     17271.0197
 EELEC  =   -182895.3669  EHBOND  =         0.0000  RESTRAINT  =         0.0000
 ------------------------------------------------------------------------------


 NSTEP =   140000   TIME(PS) =  305320.000  TEMP(K) =   307.17  PRESS =     0.0
 Etot   =   -114000.0908  EKtot   =     31245.7578  EPtot      =   -145245.8487
 BOND   =       877.6357  ANGLE   =      2118.4270  DIHED      =      1333.3844
 UB     =         0.0000  IMP     =         0.0000  CMAP       =       194.4274
 1-4 NB =       985.1325  1-4 EEL =     15110.7937  VDWAALS    =     17261.8888
 EELEC  =   -183127.5380  EHBOND  =         0.0000  RESTRAINT  =         0.0000
 ------------------------------------------------------------------------------


 NSTEP =   160000   TIME(PS) =  305360.000  TEMP(K) =   309.88  PRESS =     0.0
 Etot   =   -113815.4496  EKtot   =     31521.5293  EPtot      =   -145336.9789
 BOND   =       863.3083  ANGLE   =      2185.1855  DIHED      =      1323.6137
 UB     =         0.0000  IMP     =         0.0000  CMAP       =       206.8426
 1-4 NB =       994.1411  1-4 EEL =     15075.0811  VDWAALS    =     17162.5024
 EELEC  =   -183147.6536  EHBOND  =         0.0000  RESTRAINT  =         0.0000
 ------------------------------------------------------------------------------


 NSTEP =   180000   TIME(PS) =  305400.000  TEMP(K) =   309.97  PRESS =     0.0
 Etot   =   -113693.7917  EKtot   =     31530.5039  EPtot      =   -145224.2956
 BOND   =       822.8711  ANGLE   =      2129.9206  DIHED      =      1362.4698
 UB     =         0.0000  IMP     =         0.0000  CMAP       =       186.4119
 1-4 NB =      1030.8443  1-4 EEL =     15190.4626  VDWAALS    =     17136.7273
 EELEC  =   -183084.0032  EHBOND  =         0.0000  RESTRAINT  =         0.0000
 ------------------------------------------------------------------------------


 NSTEP =   200000   TIME(PS) =  305440.000  TEMP(K) =   308.70  PRESS =     0.0
 Etot   =   -114167.0482  EKtot   =     31401.8809  EPtot      =   -145568.9291
 BOND   =       880.1431  ANGLE   =      2078.6253  DIHED      =      1365.0236
 UB     =         0.0000  IMP     =         0.0000  CMAP       =       197.9797
 1-4 NB =      1013.2092  1-4 EEL =     15092.3891  VDWAALS    =     17337.4422
 EELEC  =   -183533.7413  EHBOND  =         0.0000  RESTRAINT  =         0.0000
 ------------------------------------------------------------------------------


 NSTEP =   220000   TIME(PS) =  305480.000  TEMP(K) =   308.55  PRESS =     0.0
 Etot   =   -113657.5897  EKtot   =     31385.9570  EPtot      =   -145043.5467
 BOND   =       874.4223  ANGLE   =      2179.7198  DIHED      =      1378.2240
 UB     =         0.0000  IMP     =         0.0000  CMAP       =       178.0010
 1-4 NB =      1017.1453  1-4 EEL =     15129.8616  VDWAALS    =     17195.8621
 EELEC  =   -182996.7828  EHBOND  =         0.0000  RESTRAINT  =         0.0000
 ------------------------------------------------------------------------------


 NSTEP =   240000   TIME(PS) =  305520.000  TEMP(K) =   308.43  PRESS =     0.0
 Etot   =   -114157.5056  EKtot   =     31374.0703  EPtot      =   -145531.5759
 BOND   =       867.3301  ANGLE   =      2143.0817  DIHED      =      1389.9857
 UB     =         0.0000  IMP     =         0.0000  CMAP       =       179.1495
 1-4 NB =       997.2443  1-4 EEL =     15083.1199  VDWAALS    =     17471.7455
 EELEC  =   -183663.2326  EHBOND  =         0.0000  RESTRAINT  =         0.0000
 ------------------------------------------------------------------------------


 NSTEP =   260000   TIME(PS) =  305560.000  TEMP(K) =   309.89  PRESS =     0.0
 Etot   =   -113512.0281  EKtot   =     31523.1953  EPtot      =   -145035.2234
 BOND   =       874.5432  ANGLE   =      2164.3981  DIHED      =      1369.0546
 UB     =         0.0000  IMP     =         0.0000  CMAP       =       196.1735
 1-4 NB =       997.6136  1-4 EEL =     15120.8109  VDWAALS    =     17632.6630
 EELEC  =   -183390.4804  EHBOND  =         0.0000  RESTRAINT  =         0.0000
 ------------------------------------------------------------------------------


 NSTEP =   280000   TIME(PS) =  305600.000  TEMP(K) =   309.69  PRESS =     0.0
 Etot   =   -113903.4473  EKtot   =     31502.5176  EPtot      =   -145405.9649
 BOND   =       814.6992  ANGLE   =      2088.6948  DIHED      =      1355.3419
 UB     =         0.0000  IMP     =         0.0000  CMAP       =       207.5723
 1-4 NB =       999.4711  1-4 EEL =     15129.0178  VDWAALS    =     17075.5811
 EELEC  =   -183076.3432  EHBOND  =         0.0000  RESTRAINT  =         0.0000
 ------------------------------------------------------------------------------


 NSTEP =   300000   TIME(PS) =  305640.000  TEMP(K) =   309.58  PRESS =     0.0
 Etot   =   -113666.5208  EKtot   =     31491.2266  EPtot      =   -145157.7474
 BOND   =       825.5647  ANGLE   =      2162.8177  DIHED      =      1372.9952
 UB     =         0.0000  IMP     =         0.0000  CMAP       =       193.2346
 1-4 NB =      1003.2171  1-4 EEL =     15044.4729  VDWAALS    =     17617.8104
 EELEC  =   -183377.8599  EHBOND  =         0.0000  RESTRAINT  =         0.0000
 ------------------------------------------------------------------------------


 NSTEP =   320000   TIME(PS) =  305680.000  TEMP(K) =   310.79  PRESS =     0.0
 Etot   =   -113655.8539  EKtot   =     31614.6758  EPtot      =   -145270.5297
 BOND   =       847.2264  ANGLE   =      2167.8925  DIHED      =      1359.5066
 UB     =         0.0000  IMP     =         0.0000  CMAP       =       197.6378
 1-4 NB =      1017.7353  1-4 EEL =     15035.8878  VDWAALS    =     16982.3714
 EELEC  =   -182878.7875  EHBOND  =         0.0000  RESTRAINT  =         0.0000
 ------------------------------------------------------------------------------


 NSTEP =   340000   TIME(PS) =  305720.000  TEMP(K) =   312.25  PRESS =     0.0
 Etot   =   -113348.0148  EKtot   =     31762.5996  EPtot      =   -145110.6144
 BOND   =       854.8197  ANGLE   =      2088.1977  DIHED      =      1329.3249
 UB     =         0.0000  IMP     =         0.0000  CMAP       =       207.6364
 1-4 NB =       983.9951  1-4 EEL =     15061.2234  VDWAALS    =     17128.8111
 EELEC  =   -182764.6227  EHBOND  =         0.0000  RESTRAINT  =         0.0000
 ------------------------------------------------------------------------------


 NSTEP =   360000   TIME(PS) =  305760.000  TEMP(K) =   309.87  PRESS =     0.0
 Etot   =   -113403.3762  EKtot   =     31520.6250  EPtot      =   -144924.0012
 BOND   =       814.7603  ANGLE   =      2201.4209  DIHED      =      1353.2881
 UB     =         0.0000  IMP     =         0.0000  CMAP       =       183.0732
 1-4 NB =       984.2288  1-4 EEL =     15087.0564  VDWAALS    =     17168.6013
 EELEC  =   -182716.4302  EHBOND  =         0.0000  RESTRAINT  =         0.0000
 ------------------------------------------------------------------------------


 NSTEP =   380000   TIME(PS) =  305800.000  TEMP(K) =   311.41  PRESS =     0.0
 Etot   =   -113621.6169  EKtot   =     31676.9258  EPtot      =   -145298.5427
 BOND   =       841.4807  ANGLE   =      2125.1162  DIHED      =      1357.0915
 UB     =         0.0000  IMP     =         0.0000  CMAP       =       192.9662
 1-4 NB =      1008.9410  1-4 EEL =     15090.7171  VDWAALS    =     17436.8433
 EELEC  =   -183351.6986  EHBOND  =         0.0000  RESTRAINT  =         0.0000
 ------------------------------------------------------------------------------


 NSTEP =   400000   TIME(PS) =  305840.000  TEMP(K) =   311.81  PRESS =     0.0
 Etot   =   -113221.2532  EKtot   =     31717.9609  EPtot      =   -144939.2141
 BOND   =       854.6270  ANGLE   =      2145.7643  DIHED      =      1371.1199
 UB     =         0.0000  IMP     =         0.0000  CMAP       =       196.6528
 1-4 NB =      1006.2320  1-4 EEL =     15073.0591  VDWAALS    =     17386.6796
 EELEC  =   -182973.3488  EHBOND  =         0.0000  RESTRAINT  =         0.0000
 ------------------------------------------------------------------------------


 NSTEP =   420000   TIME(PS) =  305880.000  TEMP(K) =   311.17  PRESS =     0.0
 Etot   =   -113690.2909  EKtot   =     31653.2441  EPtot      =   -145343.5350
 BOND   =       824.4599  ANGLE   =      2193.2547  DIHED      =      1346.5463
 UB     =         0.0000  IMP     =         0.0000  CMAP       =       205.7085
 1-4 NB =       993.8201  1-4 EEL =     15091.4179  VDWAALS    =     17310.0603
 EELEC  =   -183308.8027  EHBOND  =         0.0000  RESTRAINT  =         0.0000
 ------------------------------------------------------------------------------


 NSTEP =   440000   TIME(PS) =  305920.000  TEMP(K) =   309.67  PRESS =     0.0
 Etot   =   -114001.1622  EKtot   =     31500.8027  EPtot      =   -145501.9650
 BOND   =       860.9022  ANGLE   =      2134.8534  DIHED      =      1348.6892
 UB     =         0.0000  IMP     =         0.0000  CMAP       =       194.7297
 1-4 NB =       974.5639  1-4 EEL =     15127.3551  VDWAALS    =     17556.7060
 EELEC  =   -183699.7644  EHBOND  =         0.0000  RESTRAINT  =         0.0000
 ------------------------------------------------------------------------------


 NSTEP =   460000   TIME(PS) =  305960.000  TEMP(K) =   311.87  PRESS =     0.0
 Etot   =   -113572.2197  EKtot   =     31723.6934  EPtot      =   -145295.9131
 BOND   =       877.7335  ANGLE   =      2133.3355  DIHED      =      1377.9257
 UB     =         0.0000  IMP     =         0.0000  CMAP       =       183.1784
 1-4 NB =       991.1662  1-4 EEL =     15079.2821  VDWAALS    =     17003.7457
 EELEC  =   -182942.2803  EHBOND  =         0.0000  RESTRAINT  =         0.0000
 ------------------------------------------------------------------------------


 NSTEP =   480000   TIME(PS) =  306000.000  TEMP(K) =   312.71  PRESS =     0.0
 Etot   =   -113270.5020  EKtot   =     31809.8867  EPtot      =   -145080.3887
 BOND   =       851.5540  ANGLE   =      2192.3368  DIHED      =      1336.7101
 UB     =         0.0000  IMP     =         0.0000  CMAP       =       195.0114
 1-4 NB =       982.1211  1-4 EEL =     15072.5154  VDWAALS    =     17188.9019
 EELEC  =   -182899.5395  EHBOND  =         0.0000  RESTRAINT  =         0.0000
 ------------------------------------------------------------------------------


 NSTEP =   500000   TIME(PS) =  306040.000  TEMP(K) =   310.21  PRESS =     0.0
 Etot   =   -113398.3700  EKtot   =     31555.2656  EPtot      =   -144953.6356
 BOND   =       838.8599  ANGLE   =      2157.4144  DIHED      =      1363.1851
 UB     =         0.0000  IMP     =         0.0000  CMAP       =       198.1367
 1-4 NB =       991.2196  1-4 EEL =     15062.2758  VDWAALS    =     17105.4836
 EELEC  =   -182670.2107  EHBOND  =         0.0000  RESTRAINT  =         0.0000
 ------------------------------------------------------------------------------


 NSTEP =   520000   TIME(PS) =  306080.000  TEMP(K) =   310.09  PRESS =     0.0
 Etot   =   -113846.2819  EKtot   =     31543.2422  EPtot      =   -145389.5241
 BOND   =       799.6968  ANGLE   =      2161.8169  DIHED      =      1324.8316
 UB     =         0.0000  IMP     =         0.0000  CMAP       =       200.3927
 1-4 NB =       988.3015  1-4 EEL =     15136.8667  VDWAALS    =     17503.1802
 EELEC  =   -183504.6105  EHBOND  =         0.0000  RESTRAINT  =         0.0000
 ------------------------------------------------------------------------------


 NSTEP =   540000   TIME(PS) =  306120.000  TEMP(K) =   308.49  PRESS =     0.0
 Etot   =   -113876.3040  EKtot   =     31380.7793  EPtot      =   -145257.0833
 BOND   =       851.7706  ANGLE   =      2122.7786  DIHED      =      1361.4302
 UB     =         0.0000  IMP     =         0.0000  CMAP       =       207.2403
 1-4 NB =       977.2120  1-4 EEL =     15067.2477  VDWAALS    =     17138.2958
 EELEC  =   -182983.0586  EHBOND  =         0.0000  RESTRAINT  =         0.0000
 ------------------------------------------------------------------------------


 NSTEP =   560000   TIME(PS) =  306160.000  TEMP(K) =   311.37  PRESS =     0.0
 Etot   =   -113439.4968  EKtot   =     31673.3516  EPtot      =   -145112.8483
 BOND   =       875.2646  ANGLE   =      2100.1573  DIHED      =      1344.1317
 UB     =         0.0000  IMP     =         0.0000  CMAP       =       175.5243
 1-4 NB =      1020.9333  1-4 EEL =     15005.3026  VDWAALS    =     17439.2981
 EELEC  =   -183073.4603  EHBOND  =         0.0000  RESTRAINT  =         0.0000
 ------------------------------------------------------------------------------


 NSTEP =   580000   TIME(PS) =  306200.000  TEMP(K) =   309.14  PRESS =     0.0
 Etot   =   -113768.2188  EKtot   =     31446.5664  EPtot      =   -145214.7852
 BOND   =       873.6159  ANGLE   =      2171.8712  DIHED      =      1345.8719
 UB     =         0.0000  IMP     =         0.0000  CMAP       =       176.2226
 1-4 NB =       994.7425  1-4 EEL =     15008.6596  VDWAALS    =     17102.2096
 EELEC  =   -182887.9784  EHBOND  =         0.0000  RESTRAINT  =         0.0000
 ------------------------------------------------------------------------------


 NSTEP =   600000   TIME(PS) =  306240.000  TEMP(K) =   310.96  PRESS =     0.0
 Etot   =   -113930.2993  EKtot   =     31632.0156  EPtot      =   -145562.3149
 BOND   =       841.8983  ANGLE   =      2139.3377  DIHED      =      1372.4824
 UB     =         0.0000  IMP     =         0.0000  CMAP       =       184.6594
 1-4 NB =       981.0962  1-4 EEL =     15035.2793  VDWAALS    =     17131.7380
 EELEC  =   -183248.8061  EHBOND  =         0.0000  RESTRAINT  =         0.0000
 ------------------------------------------------------------------------------


 NSTEP =   620000   TIME(PS) =  306280.000  TEMP(K) =   309.31  PRESS =     0.0
 Etot   =   -113506.0585  EKtot   =     31463.7734  EPtot      =   -144969.8320
 BOND   =       855.8877  ANGLE   =      2164.7914  DIHED      =      1353.2158
 UB     =         0.0000  IMP     =         0.0000  CMAP       =       202.8936
 1-4 NB =      1022.8310  1-4 EEL =     15047.2036  VDWAALS    =     17304.2252
 EELEC  =   -182920.8804  EHBOND  =         0.0000  RESTRAINT  =         0.0000
 ------------------------------------------------------------------------------


 NSTEP =   640000   TIME(PS) =  306320.000  TEMP(K) =   311.74  PRESS =     0.0
 Etot   =   -113341.5103  EKtot   =     31711.3496  EPtot      =   -145052.8599
 BOND   =       886.8355  ANGLE   =      2163.7066  DIHED      =      1355.9202
 UB     =         0.0000  IMP     =         0.0000  CMAP       =       196.8420
 1-4 NB =       993.7420  1-4 EEL =     15061.9507  VDWAALS    =     17205.9105
 EELEC  =   -182917.7674  EHBOND  =         0.0000  RESTRAINT  =         0.0000
 ------------------------------------------------------------------------------


 NSTEP =   660000   TIME(PS) =  306360.000  TEMP(K) =   307.98  PRESS =     0.0
 Etot   =   -113674.5196  EKtot   =     31328.7324  EPtot      =   -145003.2521
 BOND   =       882.1124  ANGLE   =      2131.1714  DIHED      =      1323.7042
 UB     =         0.0000  IMP     =         0.0000  CMAP       =       207.4368
 1-4 NB =      1004.2987  1-4 EEL =     15078.6079  VDWAALS    =     17254.4414
 EELEC  =   -182885.0249  EHBOND  =         0.0000  RESTRAINT  =         0.0000
 ------------------------------------------------------------------------------


 NSTEP =   680000   TIME(PS) =  306400.000  TEMP(K) =   310.99  PRESS =     0.0
 Etot   =   -113466.3371  EKtot   =     31634.4629  EPtot      =   -145100.8000
 BOND   =       870.1888  ANGLE   =      2164.6361  DIHED      =      1368.9616
 UB     =         0.0000  IMP     =         0.0000  CMAP       =       184.5472
 1-4 NB =      1001.3759  1-4 EEL =     15083.4860  VDWAALS    =     17259.6716
 EELEC  =   -183033.6672  EHBOND  =         0.0000  RESTRAINT  =         0.0000
 ------------------------------------------------------------------------------


 NSTEP =   700000   TIME(PS) =  306440.000  TEMP(K) =   311.65  PRESS =     0.0
 Etot   =   -113706.5474  EKtot   =     31701.6289  EPtot      =   -145408.1763
 BOND   =       835.1162  ANGLE   =      2133.8465  DIHED      =      1375.1576
 UB     =         0.0000  IMP     =         0.0000  CMAP       =       198.0408
 1-4 NB =       984.5227  1-4 EEL =     15047.0178  VDWAALS    =     17473.0649
 EELEC  =   -183454.9429  EHBOND  =         0.0000  RESTRAINT  =         0.0000
 ------------------------------------------------------------------------------


 NSTEP =   720000   TIME(PS) =  306480.000  TEMP(K) =   311.93  PRESS =     0.0
 Etot   =   -113421.6956  EKtot   =     31730.0469  EPtot      =   -145151.7425
 BOND   =       869.9653  ANGLE   =      2120.5596  DIHED      =      1318.6596
 UB     =         0.0000  IMP     =         0.0000  CMAP       =       190.9075
 1-4 NB =       997.0815  1-4 EEL =     15092.8782  VDWAALS    =     17195.5970
 EELEC  =   -182937.3912  EHBOND  =         0.0000  RESTRAINT  =         0.0000
 ------------------------------------------------------------------------------


 NSTEP =   740000   TIME(PS) =  306520.000  TEMP(K) =   310.26  PRESS =     0.0
 Etot   =   -114097.5412  EKtot   =     31560.0898  EPtot      =   -145657.6310
 BOND   =       837.6066  ANGLE   =      2066.2800  DIHED      =      1350.5197
 UB     =         0.0000  IMP     =         0.0000  CMAP       =       201.6914
 1-4 NB =      1003.3291  1-4 EEL =     15056.5930  VDWAALS    =     17890.5901
 EELEC  =   -184064.2408  EHBOND  =         0.0000  RESTRAINT  =         0.0000
 ------------------------------------------------------------------------------


 NSTEP =   760000   TIME(PS) =  306560.000  TEMP(K) =   310.90  PRESS =     0.0
 Etot   =   -113465.5520  EKtot   =     31625.5820  EPtot      =   -145091.1340
 BOND   =       879.4796  ANGLE   =      2150.3010  DIHED      =      1332.5642
 UB     =         0.0000  IMP     =         0.0000  CMAP       =       193.9252
 1-4 NB =       993.2232  1-4 EEL =     15053.0264  VDWAALS    =     17011.2052
 EELEC  =   -182704.8589  EHBOND  =         0.0000  RESTRAINT  =         0.0000
 ------------------------------------------------------------------------------


 NSTEP =   780000   TIME(PS) =  306600.000  TEMP(K) =   309.92  PRESS =     0.0
 Etot   =   -113669.7005  EKtot   =     31525.3574  EPtot      =   -145195.0579
 BOND   =       837.1780  ANGLE   =      2199.0567  DIHED      =      1358.6757
 UB     =         0.0000  IMP     =         0.0000  CMAP       =       201.8712
 1-4 NB =      1009.8909  1-4 EEL =     15125.7950  VDWAALS    =     17514.9227
 EELEC  =   -183442.4480  EHBOND  =         0.0000  RESTRAINT  =         0.0000
 ------------------------------------------------------------------------------


 NSTEP =   800000   TIME(PS) =  306640.000  TEMP(K) =   309.78  PRESS =     0.0
 Etot   =   -113770.4452  EKtot   =     31511.7930  EPtot      =   -145282.2381
 BOND   =       878.3475  ANGLE   =      2132.8025  DIHED      =      1327.6075
 UB     =         0.0000  IMP     =         0.0000  CMAP       =       218.6523
 1-4 NB =       979.9129  1-4 EEL =     15048.0532  VDWAALS    =     17419.1221
 EELEC  =   -183286.7361  EHBOND  =         0.0000  RESTRAINT  =         0.0000
 ------------------------------------------------------------------------------


 NSTEP =   820000   TIME(PS) =  306680.000  TEMP(K) =   310.73  PRESS =     0.0
 Etot   =   -113595.8014  EKtot   =     31608.1660  EPtot      =   -145203.9674
 BOND   =       866.5468  ANGLE   =      2114.2612  DIHED      =      1370.8073
 UB     =         0.0000  IMP     =         0.0000  CMAP       =       196.0822
 1-4 NB =       988.3675  1-4 EEL =     15134.9852  VDWAALS    =     17310.4808
 EELEC  =   -183185.4985  EHBOND  =         0.0000  RESTRAINT  =         0.0000
 ------------------------------------------------------------------------------


 NSTEP =   840000   TIME(PS) =  306720.000  TEMP(K) =   310.74  PRESS =     0.0
 Etot   =   -113574.8216  EKtot   =     31609.2422  EPtot      =   -145184.0638
 BOND   =       867.8477  ANGLE   =      2148.4867  DIHED      =      1385.0157
 UB     =         0.0000  IMP     =         0.0000  CMAP       =       202.8404
 1-4 NB =       986.9689  1-4 EEL =     15039.9792  VDWAALS    =     17718.4147
 EELEC  =   -183533.6170  EHBOND  =         0.0000  RESTRAINT  =         0.0000
 ------------------------------------------------------------------------------


 NSTEP =   860000   TIME(PS) =  306760.000  TEMP(K) =   311.59  PRESS =     0.0
 Etot   =   -113153.3823  EKtot   =     31695.7578  EPtot      =   -144849.1401
 BOND   =       796.2740  ANGLE   =      2155.0649  DIHED      =      1343.7087
 UB     =         0.0000  IMP     =         0.0000  CMAP       =       180.1706
 1-4 NB =      1009.1236  1-4 EEL =     15132.6541  VDWAALS    =     17359.7533
 EELEC  =   -182825.8892  EHBOND  =         0.0000  RESTRAINT  =         0.0000
 ------------------------------------------------------------------------------


 NSTEP =   880000   TIME(PS) =  306800.000  TEMP(K) =   310.41  PRESS =     0.0
 Etot   =   -113600.7310  EKtot   =     31575.8477  EPtot      =   -145176.5787
 BOND   =       833.3951  ANGLE   =      2106.5463  DIHED      =      1366.6659
 UB     =         0.0000  IMP     =         0.0000  CMAP       =       193.9027
 1-4 NB =      1012.7373  1-4 EEL =     15093.5579  VDWAALS    =     17184.7286
 EELEC  =   -182968.1125  EHBOND  =         0.0000  RESTRAINT  =         0.0000
 ------------------------------------------------------------------------------


 NSTEP =   900000   TIME(PS) =  306840.000  TEMP(K) =   311.31  PRESS =     0.0
 Etot   =   -113571.7791  EKtot   =     31666.8809  EPtot      =   -145238.6600
 BOND   =       848.3917  ANGLE   =      2144.7032  DIHED      =      1350.9198
 UB     =         0.0000  IMP     =         0.0000  CMAP       =       185.6131
 1-4 NB =       994.1445  1-4 EEL =     15108.0899  VDWAALS    =     17203.3703
 EELEC  =   -183073.8925  EHBOND  =         0.0000  RESTRAINT  =         0.0000
 ------------------------------------------------------------------------------


 NSTEP =   920000   TIME(PS) =  306880.000  TEMP(K) =   310.64  PRESS =     0.0
 Etot   =   -113424.7666  EKtot   =     31599.0742  EPtot      =   -145023.8408
 BOND   =       865.5358  ANGLE   =      2200.7368  DIHED      =      1361.8038
 UB     =         0.0000  IMP     =         0.0000  CMAP       =       175.5451
 1-4 NB =       988.5089  1-4 EEL =     15075.1812  VDWAALS    =     17416.8349
 EELEC  =   -183107.9873  EHBOND  =         0.0000  RESTRAINT  =         0.0000
 ------------------------------------------------------------------------------


 NSTEP =   940000   TIME(PS) =  306920.000  TEMP(K) =   311.75  PRESS =     0.0
 Etot   =   -113639.6950  EKtot   =     31712.0723  EPtot      =   -145351.7673
 BOND   =       832.0366  ANGLE   =      2139.1567  DIHED      =      1352.7415
 UB     =         0.0000  IMP     =         0.0000  CMAP       =       192.9426
 1-4 NB =      1007.7902  1-4 EEL =     15131.9061  VDWAALS    =     17225.4778
 EELEC  =   -183233.8187  EHBOND  =         0.0000  RESTRAINT  =         0.0000
 ------------------------------------------------------------------------------


 NSTEP =   960000   TIME(PS) =  306960.000  TEMP(K) =   308.04  PRESS =     0.0
 Etot   =   -113726.7839  EKtot   =     31334.5215  EPtot      =   -145061.3054
 BOND   =       886.0829  ANGLE   =      2132.9992  DIHED      =      1359.1198
 UB     =         0.0000  IMP     =         0.0000  CMAP       =       195.0239
 1-4 NB =       991.9361  1-4 EEL =     15039.4459  VDWAALS    =     17411.5750
 EELEC  =   -183077.4883  EHBOND  =         0.0000  RESTRAINT  =         0.0000
 ------------------------------------------------------------------------------


 NSTEP =   980000   TIME(PS) =  307000.000  TEMP(K) =   309.96  PRESS =     0.0
 Etot   =   -113932.9038  EKtot   =     31530.1445  EPtot      =   -145463.0483
 BOND   =       870.7207  ANGLE   =      2118.2458  DIHED      =      1344.8555
 UB     =         0.0000  IMP     =         0.0000  CMAP       =       212.0903
 1-4 NB =       992.0618  1-4 EEL =     15055.8319  VDWAALS    =     17622.7711
 EELEC  =   -183679.6254  EHBOND  =         0.0000  RESTRAINT  =         0.0000
 ------------------------------------------------------------------------------


 NSTEP =  1000000   TIME(PS) =  307040.000  TEMP(K) =   310.80  PRESS =     0.0
 Etot   =   -113145.4198  EKtot   =     31615.7754  EPtot      =   -144761.1952
 BOND   =       891.8254  ANGLE   =      2202.7599  DIHED      =      1391.5058
 UB     =         0.0000  IMP     =         0.0000  CMAP       =       199.2516
 1-4 NB =       985.0853  1-4 EEL =     15066.1926  VDWAALS    =     17170.9426
 EELEC  =   -182668.7584  EHBOND  =         0.0000  RESTRAINT  =         0.0000
 ------------------------------------------------------------------------------


 NSTEP =  1020000   TIME(PS) =  307080.000  TEMP(K) =   310.55  PRESS =     0.0
 Etot   =   -113602.7535  EKtot   =     31589.9609  EPtot      =   -145192.7145
 BOND   =       880.7365  ANGLE   =      2147.2081  DIHED      =      1364.3372
 UB     =         0.0000  IMP     =         0.0000  CMAP       =       199.0043
 1-4 NB =       993.9044  1-4 EEL =     15092.3053  VDWAALS    =     17452.7616
 EELEC  =   -183322.9718  EHBOND  =         0.0000  RESTRAINT  =         0.0000
 ------------------------------------------------------------------------------


 NSTEP =  1040000   TIME(PS) =  307120.000  TEMP(K) =   309.80  PRESS =     0.0
 Etot   =   -113692.5020  EKtot   =     31513.2676  EPtot      =   -145205.7696
 BOND   =       858.3576  ANGLE   =      2128.3628  DIHED      =      1367.9770
 UB     =         0.0000  IMP     =         0.0000  CMAP       =       196.6682
 1-4 NB =      1001.4811  1-4 EEL =     15152.1950  VDWAALS    =     17095.6440
 EELEC  =   -183006.4553  EHBOND  =         0.0000  RESTRAINT  =         0.0000
 ------------------------------------------------------------------------------


 NSTEP =  1060000   TIME(PS) =  307160.000  TEMP(K) =   309.46  PRESS =     0.0
 Etot   =   -113880.2044  EKtot   =     31478.7734  EPtot      =   -145358.9778
 BOND   =       882.7700  ANGLE   =      2106.6884  DIHED      =      1364.5261
 UB     =         0.0000  IMP     =         0.0000  CMAP       =       180.0438
 1-4 NB =      1015.4956  1-4 EEL =     15064.9918  VDWAALS    =     17232.4808
 EELEC  =   -183205.9743  EHBOND  =         0.0000  RESTRAINT  =         0.0000
 ------------------------------------------------------------------------------


 NSTEP =  1080000   TIME(PS) =  307200.000  TEMP(K) =   312.29  PRESS =     0.0
 Etot   =   -113455.3548  EKtot   =     31766.6777  EPtot      =   -145222.0325
 BOND   =       858.9769  ANGLE   =      2176.5013  DIHED      =      1409.6788
 UB     =         0.0000  IMP     =         0.0000  CMAP       =       189.0795
 1-4 NB =       999.3814  1-4 EEL =     15076.3238  VDWAALS    =     17135.1667
 EELEC  =   -183067.1409  EHBOND  =         0.0000  RESTRAINT  =         0.0000
 ------------------------------------------------------------------------------


 NSTEP =  1100000   TIME(PS) =  307240.000  TEMP(K) =   308.97  PRESS =     0.0
 Etot   =   -113633.2321  EKtot   =     31429.6309  EPtot      =   -145062.8630
 BOND   =       861.5766  ANGLE   =      2116.7945  DIHED      =      1389.3910
 UB     =         0.0000  IMP     =         0.0000  CMAP       =       187.4478
 1-4 NB =      1001.3832  1-4 EEL =     15004.1477  VDWAALS    =     17517.1334
 EELEC  =   -183140.7371  EHBOND  =         0.0000  RESTRAINT  =         0.0000
 ------------------------------------------------------------------------------


 NSTEP =  1120000   TIME(PS) =  307280.000  TEMP(K) =   309.95  PRESS =     0.0
 Etot   =   -113490.9819  EKtot   =     31528.7988  EPtot      =   -145019.7807
 BOND   =       890.2949  ANGLE   =      2094.3510  DIHED      =      1357.0489
 UB     =         0.0000  IMP     =         0.0000  CMAP       =       188.9080
 1-4 NB =      1022.2660  1-4 EEL =     15055.2133  VDWAALS    =     17366.6718
 EELEC  =   -182994.5344  EHBOND  =         0.0000  RESTRAINT  =         0.0000
 ------------------------------------------------------------------------------


 NSTEP =  1140000   TIME(PS) =  307320.000  TEMP(K) =   310.06  PRESS =     0.0
 Etot   =   -113711.6844  EKtot   =     31540.5000  EPtot      =   -145252.1844
 BOND   =       869.5472  ANGLE   =      2141.0350  DIHED      =      1338.7081
 UB     =         0.0000  IMP     =         0.0000  CMAP       =       209.6536
 1-4 NB =       994.9654  1-4 EEL =     15067.5436  VDWAALS    =     17438.1340
 EELEC  =   -183311.7713  EHBOND  =         0.0000  RESTRAINT  =         0.0000
 ------------------------------------------------------------------------------


 NSTEP =  1160000   TIME(PS) =  307360.000  TEMP(K) =   309.70  PRESS =     0.0
 Etot   =   -113366.1472  EKtot   =     31503.4629  EPtot      =   -144869.6101
 BOND   =       854.6933  ANGLE   =      2207.8561  DIHED      =      1342.6023
 UB     =         0.0000  IMP     =         0.0000  CMAP       =       185.8424
 1-4 NB =      1011.6417  1-4 EEL =     15040.2678  VDWAALS    =     17633.9060
 EELEC  =   -183146.4198  EHBOND  =         0.0000  RESTRAINT  =         0.0000
 ------------------------------------------------------------------------------


 NSTEP =  1180000   TIME(PS) =  307400.000  TEMP(K) =   309.93  PRESS =     0.0
 Etot   =   -113910.0957  EKtot   =     31526.5078  EPtot      =   -145436.6035
 BOND   =       835.3732  ANGLE   =      2182.9469  DIHED      =      1361.0044
 UB     =         0.0000  IMP     =         0.0000  CMAP       =       197.3635
 1-4 NB =      1007.6978  1-4 EEL =     15160.2116  VDWAALS    =     17652.1843
 EELEC  =   -183833.3851  EHBOND  =         0.0000  RESTRAINT  =         0.0000
 ------------------------------------------------------------------------------


 NSTEP =  1200000   TIME(PS) =  307440.000  TEMP(K) =   310.72  PRESS =     0.0
 Etot   =   -113836.1103  EKtot   =     31606.9785  EPtot      =   -145443.0888
 BOND   =       851.9048  ANGLE   =      2183.0604  DIHED      =      1337.4809
 UB     =         0.0000  IMP     =         0.0000  CMAP       =       226.7736
 1-4 NB =       996.8838  1-4 EEL =     15053.4751  VDWAALS    =     17467.9928
 EELEC  =   -183560.6602  EHBOND  =         0.0000  RESTRAINT  =         0.0000
 ------------------------------------------------------------------------------


 NSTEP =  1220000   TIME(PS) =  307480.000  TEMP(K) =   310.09  PRESS =     0.0
 Etot   =   -113662.5730  EKtot   =     31542.7969  EPtot      =   -145205.3699
 BOND   =       830.9097  ANGLE   =      2152.9212  DIHED      =      1337.3230
 UB     =         0.0000  IMP     =         0.0000  CMAP       =       196.6175
 1-4 NB =       989.5096  1-4 EEL =     15136.9084  VDWAALS    =     17432.6269
 EELEC  =   -183282.1862  EHBOND  =         0.0000  RESTRAINT  =         0.0000
 ------------------------------------------------------------------------------


 NSTEP =  1240000   TIME(PS) =  307520.000  TEMP(K) =   310.71  PRESS =     0.0
 Etot   =   -113821.5856  EKtot   =     31605.7988  EPtot      =   -145427.3844
 BOND   =       860.0775  ANGLE   =      2124.7877  DIHED      =      1374.5621
 UB     =         0.0000  IMP     =         0.0000  CMAP       =       193.8966
 1-4 NB =       997.7435  1-4 EEL =     15077.8808  VDWAALS    =     17467.8065
 EELEC  =   -183524.1390  EHBOND  =         0.0000  RESTRAINT  =         0.0000
 ------------------------------------------------------------------------------


 NSTEP =  1260000   TIME(PS) =  307560.000  TEMP(K) =   310.23  PRESS =     0.0
 Etot   =   -113593.7575  EKtot   =     31557.4707  EPtot      =   -145151.2282
 BOND   =       821.8039  ANGLE   =      2126.9504  DIHED      =      1391.9878
 UB     =         0.0000  IMP     =         0.0000  CMAP       =       204.9084
 1-4 NB =       987.3335  1-4 EEL =     15161.3793  VDWAALS    =     17454.2114
 EELEC  =   -183299.8030  EHBOND  =         0.0000  RESTRAINT  =         0.0000
 ------------------------------------------------------------------------------


 NSTEP =  1280000   TIME(PS) =  307600.000  TEMP(K) =   309.36  PRESS =     0.0
 Etot   =   -113838.5415  EKtot   =     31469.0078  EPtot      =   -145307.5493
 BOND   =       821.5742  ANGLE   =      2184.6952  DIHED      =      1363.8791
 UB     =         0.0000  IMP     =         0.0000  CMAP       =       204.9690
 1-4 NB =       989.7420  1-4 EEL =     15090.6327  VDWAALS    =     17086.6265
 EELEC  =   -183049.6680  EHBOND  =         0.0000  RESTRAINT  =         0.0000
 ------------------------------------------------------------------------------


 NSTEP =  1300000   TIME(PS) =  307640.000  TEMP(K) =   312.12  PRESS =     0.0
 Etot   =   -113587.0058  EKtot   =     31749.7422  EPtot      =   -145336.7480
 BOND   =       849.6363  ANGLE   =      2107.8351  DIHED      =      1383.5873
 UB     =         0.0000  IMP     =         0.0000  CMAP       =       192.7819
 1-4 NB =      1004.4466  1-4 EEL =     15165.2615  VDWAALS    =     17371.5897
 EELEC  =   -183411.8863  EHBOND  =         0.0000  RESTRAINT  =         0.0000
 ------------------------------------------------------------------------------


 NSTEP =  1320000   TIME(PS) =  307680.000  TEMP(K) =   311.23  PRESS =     0.0
 Etot   =   -113441.6718  EKtot   =     31659.2148  EPtot      =   -145100.8866
 BOND   =       907.4279  ANGLE   =      2156.0804  DIHED      =      1366.1581
 UB     =         0.0000  IMP     =         0.0000  CMAP       =       191.3937
 1-4 NB =       998.7299  1-4 EEL =     15119.0640  VDWAALS    =     17171.1580
 EELEC  =   -183010.8986  EHBOND  =         0.0000  RESTRAINT  =         0.0000
 ------------------------------------------------------------------------------


 NSTEP =  1340000   TIME(PS) =  307720.000  TEMP(K) =   311.37  PRESS =     0.0
 Etot   =   -113680.6363  EKtot   =     31672.9082  EPtot      =   -145353.5445
 BOND   =       886.6914  ANGLE   =      2078.3282  DIHED      =      1354.9732
 UB     =         0.0000  IMP     =         0.0000  CMAP       =       210.7075
 1-4 NB =      1000.7419  1-4 EEL =     15120.6061  VDWAALS    =     17450.1473
 EELEC  =   -183455.7401  EHBOND  =         0.0000  RESTRAINT  =         0.0000
 ------------------------------------------------------------------------------


 NSTEP =  1360000   TIME(PS) =  307760.000  TEMP(K) =   309.71  PRESS =     0.0
 Etot   =   -113126.6777  EKtot   =     31504.1992  EPtot      =   -144630.8769
 BOND   =       916.4119  ANGLE   =      2165.9425  DIHED      =      1385.4381
 UB     =         0.0000  IMP     =         0.0000  CMAP       =       185.9823
 1-4 NB =       988.5575  1-4 EEL =     15131.9927  VDWAALS    =     17054.3446
 EELEC  =   -182459.5466  EHBOND  =         0.0000  RESTRAINT  =         0.0000
 ------------------------------------------------------------------------------


 NSTEP =  1380000   TIME(PS) =  307800.000  TEMP(K) =   310.97  PRESS =     0.0
 Etot   =   -113323.9958  EKtot   =     31632.4219  EPtot      =   -144956.4177
 BOND   =       830.4625  ANGLE   =      2164.8092  DIHED      =      1383.5680
 UB     =         0.0000  IMP     =         0.0000  CMAP       =       189.0863
 1-4 NB =      1003.6436  1-4 EEL =     15072.1773  VDWAALS    =     17237.4107
 EELEC  =   -182837.5752  EHBOND  =         0.0000  RESTRAINT  =         0.0000
 ------------------------------------------------------------------------------


 NSTEP =  1400000   TIME(PS) =  307840.000  TEMP(K) =   311.84  PRESS =     0.0
 Etot   =   -113647.8461  EKtot   =     31721.4785  EPtot      =   -145369.3246
 BOND   =       836.6255  ANGLE   =      2168.8335  DIHED      =      1351.2957
 UB     =         0.0000  IMP     =         0.0000  CMAP       =       192.8589
 1-4 NB =      1015.4080  1-4 EEL =     15053.8474  VDWAALS    =     17238.6074
 EELEC  =   -183226.8009  EHBOND  =         0.0000  RESTRAINT  =         0.0000
 ------------------------------------------------------------------------------


 NSTEP =  1420000   TIME(PS) =  307880.000  TEMP(K) =   309.85  PRESS =     0.0
 Etot   =   -113562.9635  EKtot   =     31518.4316  EPtot      =   -145081.3952
 BOND   =       871.2366  ANGLE   =      2134.8358  DIHED      =      1362.3502
 UB     =         0.0000  IMP     =         0.0000  CMAP       =       204.2201
 1-4 NB =      1007.7646  1-4 EEL =     15094.4424  VDWAALS    =     17170.2346
 EELEC  =   -182926.4796  EHBOND  =         0.0000  RESTRAINT  =         0.0000
 ------------------------------------------------------------------------------


 NSTEP =  1440000   TIME(PS) =  307920.000  TEMP(K) =   308.44  PRESS =     0.0
 Etot   =   -113942.6950  EKtot   =     31374.9297  EPtot      =   -145317.6247
 BOND   =       872.1450  ANGLE   =      2161.3948  DIHED      =      1349.5518
 UB     =         0.0000  IMP     =         0.0000  CMAP       =       198.7978
 1-4 NB =      1019.1999  1-4 EEL =     15050.3511  VDWAALS    =     17637.1263
 EELEC  =   -183606.1914  EHBOND  =         0.0000  RESTRAINT  =         0.0000
 ------------------------------------------------------------------------------


 NSTEP =  1460000   TIME(PS) =  307960.000  TEMP(K) =   310.71  PRESS =     0.0
 Etot   =   -113713.6947  EKtot   =     31605.9609  EPtot      =   -145319.6557
 BOND   =       834.6428  ANGLE   =      2122.8500  DIHED      =      1394.2274
 UB     =         0.0000  IMP     =         0.0000  CMAP       =       200.3000
 1-4 NB =      1001.9911  1-4 EEL =     15115.2646  VDWAALS    =     17583.8430
 EELEC  =   -183572.7746  EHBOND  =         0.0000  RESTRAINT  =         0.0000
 ------------------------------------------------------------------------------


 NSTEP =  1480000   TIME(PS) =  308000.000  TEMP(K) =   308.66  PRESS =     0.0
 Etot   =   -113570.5103  EKtot   =     31397.5469  EPtot      =   -144968.0572
 BOND   =       840.7403  ANGLE   =      2225.7830  DIHED      =      1360.0680
 UB     =         0.0000  IMP     =         0.0000  CMAP       =       195.6573
 1-4 NB =      1019.3318  1-4 EEL =     15071.8708  VDWAALS    =     17177.8331
 EELEC  =   -182859.3415  EHBOND  =         0.0000  RESTRAINT  =         0.0000
 ------------------------------------------------------------------------------


 NSTEP =  1500000   TIME(PS) =  308040.000  TEMP(K) =   309.59  PRESS =     0.0
 Etot   =   -113734.3553  EKtot   =     31491.9707  EPtot      =   -145226.3260
 BOND   =       844.9000  ANGLE   =      2220.6608  DIHED      =      1374.2084
 UB     =         0.0000  IMP     =         0.0000  CMAP       =       189.0030
 1-4 NB =       976.8947  1-4 EEL =     15078.7507  VDWAALS    =     17237.8064
 EELEC  =   -183148.5499  EHBOND  =         0.0000  RESTRAINT  =         0.0000
 ------------------------------------------------------------------------------


 NSTEP =  1520000   TIME(PS) =  308080.000  TEMP(K) =   310.99  PRESS =     0.0
 Etot   =   -113605.6655  EKtot   =     31634.6426  EPtot      =   -145240.3081
 BOND   =       847.8909  ANGLE   =      2114.7502  DIHED      =      1379.1430
 UB     =         0.0000  IMP     =         0.0000  CMAP       =       194.5371
 1-4 NB =      1009.3942  1-4 EEL =     15156.4407  VDWAALS    =     17218.1833
 EELEC  =   -183160.6476  EHBOND  =         0.0000  RESTRAINT  =         0.0000
 ------------------------------------------------------------------------------


 NSTEP =  1540000   TIME(PS) =  308120.000  TEMP(K) =   309.38  PRESS =     0.0
 Etot   =   -113558.4851  EKtot   =     31471.3516  EPtot      =   -145029.8366
 BOND   =       860.3236  ANGLE   =      2211.0605  DIHED      =      1342.4270
 UB     =         0.0000  IMP     =         0.0000  CMAP       =       196.5056
 1-4 NB =       973.3422  1-4 EEL =     15122.8635  VDWAALS    =     17368.5240
 EELEC  =   -183104.8830  EHBOND  =         0.0000  RESTRAINT  =         0.0000
 ------------------------------------------------------------------------------


 NSTEP =  1560000   TIME(PS) =  308160.000  TEMP(K) =   311.49  PRESS =     0.0
 Etot   =   -113454.9630  EKtot   =     31685.1504  EPtot      =   -145140.1134
 BOND   =       843.3846  ANGLE   =      2135.6857  DIHED      =      1363.5603
 UB     =         0.0000  IMP     =         0.0000  CMAP       =       196.7258
 1-4 NB =      1023.4473  1-4 EEL =     15137.5824  VDWAALS    =     17036.7868
 EELEC  =   -182877.2862  EHBOND  =         0.0000  RESTRAINT  =         0.0000
 ------------------------------------------------------------------------------


 NSTEP =  1580000   TIME(PS) =  308200.000  TEMP(K) =   307.48  PRESS =     0.0
 Etot   =   -114007.7319  EKtot   =     31277.3105  EPtot      =   -145285.0425
 BOND   =       849.6822  ANGLE   =      2166.6184  DIHED      =      1343.8076
 UB     =         0.0000  IMP     =         0.0000  CMAP       =       198.8228
 1-4 NB =       992.6319  1-4 EEL =     15100.2687  VDWAALS    =     17234.8676
 EELEC  =   -183171.7417  EHBOND  =         0.0000  RESTRAINT  =         0.0000
 ------------------------------------------------------------------------------


 NSTEP =  1600000   TIME(PS) =  308240.000  TEMP(K) =   307.55  PRESS =     0.0
 Etot   =   -114083.7059  EKtot   =     31284.8750  EPtot      =   -145368.5809
 BOND   =       884.6551  ANGLE   =      2098.5254  DIHED      =      1367.6812
 UB     =         0.0000  IMP     =         0.0000  CMAP       =       220.9441
 1-4 NB =       979.8763  1-4 EEL =     15167.0590  VDWAALS    =     17172.8702
 EELEC  =   -183260.1923  EHBOND  =         0.0000  RESTRAINT  =         0.0000
 ------------------------------------------------------------------------------


 NSTEP =  1620000   TIME(PS) =  308280.000  TEMP(K) =   309.61  PRESS =     0.0
 Etot   =   -114372.9428  EKtot   =     31493.9414  EPtot      =   -145866.8842
 BOND   =       838.8041  ANGLE   =      2115.6327  DIHED      =      1325.2257
 UB     =         0.0000  IMP     =         0.0000  CMAP       =       205.9088
 1-4 NB =      1009.1033  1-4 EEL =     15131.3715  VDWAALS    =     17467.3694
 EELEC  =   -183960.2997  EHBOND  =         0.0000  RESTRAINT  =         0.0000
 ------------------------------------------------------------------------------


 NSTEP =  1640000   TIME(PS) =  308320.000  TEMP(K) =   308.19  PRESS =     0.0
 Etot   =   -113881.1958  EKtot   =     31349.6016  EPtot      =   -145230.7973
 BOND   =       857.1705  ANGLE   =      2124.8787  DIHED      =      1332.4540
 UB     =         0.0000  IMP     =         0.0000  CMAP       =       209.7583
 1-4 NB =      1010.0335  1-4 EEL =     15226.7525  VDWAALS    =     17329.8625
 EELEC  =   -183321.7073  EHBOND  =         0.0000  RESTRAINT  =         0.0000
 ------------------------------------------------------------------------------


 NSTEP =  1660000   TIME(PS) =  308360.000  TEMP(K) =   309.32  PRESS =     0.0
 Etot   =   -113780.8614  EKtot   =     31464.9492  EPtot      =   -145245.8106
 BOND   =       845.0456  ANGLE   =      2104.1818  DIHED      =      1312.7618
 UB     =         0.0000  IMP     =         0.0000  CMAP       =       197.2856
 1-4 NB =       994.6627  1-4 EEL =     15140.8616  VDWAALS    =     17213.2736
 EELEC  =   -183053.8835  EHBOND  =         0.0000  RESTRAINT  =         0.0000
 ------------------------------------------------------------------------------


 NSTEP =  1680000   TIME(PS) =  308400.000  TEMP(K) =   309.14  PRESS =     0.0
 Etot   =   -114107.5017  EKtot   =     31446.6582  EPtot      =   -145554.1600
 BOND   =       813.9109  ANGLE   =      2119.8966  DIHED      =      1335.4423
 UB     =         0.0000  IMP     =         0.0000  CMAP       =       205.3013
 1-4 NB =      1011.9210  1-4 EEL =     15192.6507  VDWAALS    =     17451.4524
 EELEC  =   -183684.7351  EHBOND  =         0.0000  RESTRAINT  =         0.0000
 ------------------------------------------------------------------------------


 NSTEP =  1700000   TIME(PS) =  308440.000  TEMP(K) =   310.26  PRESS =     0.0
 Etot   =   -113752.8983  EKtot   =     31559.9805  EPtot      =   -145312.8787
 BOND   =       873.0149  ANGLE   =      2076.5669  DIHED      =      1355.6491
 UB     =         0.0000  IMP     =         0.0000  CMAP       =       195.0604
 1-4 NB =       991.9388  1-4 EEL =     15121.9098  VDWAALS    =     17405.5540
 EELEC  =   -183332.5726  EHBOND  =         0.0000  RESTRAINT  =         0.0000
 ------------------------------------------------------------------------------


 NSTEP =  1720000   TIME(PS) =  308480.000  TEMP(K) =   307.24  PRESS =     0.0
 Etot   =   -114241.8963  EKtot   =     31253.3145  EPtot      =   -145495.2108
 BOND   =       859.4478  ANGLE   =      2155.1228  DIHED      =      1379.5875
 UB     =         0.0000  IMP     =         0.0000  CMAP       =       203.7317
 1-4 NB =       980.8512  1-4 EEL =     15178.1002  VDWAALS    =     17182.8992
 EELEC  =   -183434.9511  EHBOND  =         0.0000  RESTRAINT  =         0.0000
 ------------------------------------------------------------------------------


 NSTEP =  1740000   TIME(PS) =  308520.000  TEMP(K) =   309.02  PRESS =     0.0
 Etot   =   -113868.0013  EKtot   =     31433.9238  EPtot      =   -145301.9251
 BOND   =       837.6547  ANGLE   =      2186.5155  DIHED      =      1369.4468
 UB     =         0.0000  IMP     =         0.0000  CMAP       =       207.8798
 1-4 NB =      1013.4411  1-4 EEL =     15094.0120  VDWAALS    =     17243.8578
 EELEC  =   -183254.7329  EHBOND  =         0.0000  RESTRAINT  =         0.0000
 ------------------------------------------------------------------------------


 NSTEP =  1760000   TIME(PS) =  308560.000  TEMP(K) =   306.64  PRESS =     0.0
 Etot   =   -114362.1431  EKtot   =     31192.0977  EPtot      =   -145554.2408
 BOND   =       848.2132  ANGLE   =      2145.4135  DIHED      =      1378.3767
 UB     =         0.0000  IMP     =         0.0000  CMAP       =       203.2602
 1-4 NB =      1000.7821  1-4 EEL =     15211.8261  VDWAALS    =     17027.0238
 EELEC  =   -183369.1364  EHBOND  =         0.0000  RESTRAINT  =         0.0000
 ------------------------------------------------------------------------------


 NSTEP =  1780000   TIME(PS) =  308600.000  TEMP(K) =   311.01  PRESS =     0.0
 Etot   =   -113620.5445  EKtot   =     31636.9883  EPtot      =   -145257.5327
 BOND   =       840.3718  ANGLE   =      2215.5469  DIHED      =      1359.7373
 UB     =         0.0000  IMP     =         0.0000  CMAP       =       192.2601
 1-4 NB =       996.5334  1-4 EEL =     15104.1623  VDWAALS    =     17278.2854
 EELEC  =   -183244.4300  EHBOND  =         0.0000  RESTRAINT  =         0.0000
 ------------------------------------------------------------------------------


 NSTEP =  1800000   TIME(PS) =  308640.000  TEMP(K) =   308.26  PRESS =     0.0
 Etot   =   -113928.5108  EKtot   =     31356.4648  EPtot      =   -145284.9757
 BOND   =       856.4660  ANGLE   =      2164.1020  DIHED      =      1335.2625
 UB     =         0.0000  IMP     =         0.0000  CMAP       =       177.1517
 1-4 NB =       991.7529  1-4 EEL =     15143.6367  VDWAALS    =     17044.2648
 EELEC  =   -182997.6123  EHBOND  =         0.0000  RESTRAINT  =         0.0000
 ------------------------------------------------------------------------------


 NSTEP =  1820000   TIME(PS) =  308680.000  TEMP(K) =   307.10  PRESS =     0.0
 Etot   =   -114621.1371  EKtot   =     31238.7930  EPtot      =   -145859.9300
 BOND   =       859.2681  ANGLE   =      2093.7156  DIHED      =      1366.5571
 UB     =         0.0000  IMP     =         0.0000  CMAP       =       186.0295
 1-4 NB =       997.1542  1-4 EEL =     15129.1673  VDWAALS    =     17436.4870
 EELEC  =   -183928.3089  EHBOND  =         0.0000  RESTRAINT  =         0.0000
 ------------------------------------------------------------------------------


 NSTEP =  1840000   TIME(PS) =  308720.000  TEMP(K) =   307.60  PRESS =     0.0
 Etot   =   -114238.1454  EKtot   =     31289.8086  EPtot      =   -145527.9540
 BOND   =       833.5940  ANGLE   =      2167.8690  DIHED      =      1346.5427
 UB     =         0.0000  IMP     =         0.0000  CMAP       =       184.7604
 1-4 NB =       995.1953  1-4 EEL =     15127.8594  VDWAALS    =     17704.1864
 EELEC  =   -183887.9613  EHBOND  =         0.0000  RESTRAINT  =         0.0000
 ------------------------------------------------------------------------------


 NSTEP =  1860000   TIME(PS) =  308760.000  TEMP(K) =   311.67  PRESS =     0.0
 Etot   =   -113776.1634  EKtot   =     31703.3594  EPtot      =   -145479.5228
 BOND   =       863.6767  ANGLE   =      2073.8318  DIHED      =      1354.4300
 UB     =         0.0000  IMP     =         0.0000  CMAP       =       189.6069
 1-4 NB =      1013.1080  1-4 EEL =     15141.5437  VDWAALS    =     17375.7527
 EELEC  =   -183491.4727  EHBOND  =         0.0000  RESTRAINT  =         0.0000
 ------------------------------------------------------------------------------


 NSTEP =  1880000   TIME(PS) =  308800.000  TEMP(K) =   308.37  PRESS =     0.0
 Etot   =   -113603.0525  EKtot   =     31368.0371  EPtot      =   -144971.0896
 BOND   =       869.9566  ANGLE   =      2180.9371  DIHED      =      1389.6149
 UB     =         0.0000  IMP     =         0.0000  CMAP       =       194.6113
 1-4 NB =      1013.6702  1-4 EEL =     15138.2233  VDWAALS    =     17413.2613
 EELEC  =   -183171.3643  EHBOND  =         0.0000  RESTRAINT  =         0.0000
 ------------------------------------------------------------------------------


 NSTEP =  1900000   TIME(PS) =  308840.000  TEMP(K) =   309.51  PRESS =     0.0
 Etot   =   -113619.7955  EKtot   =     31484.5781  EPtot      =   -145104.3736
 BOND   =       869.1892  ANGLE   =      2177.0862  DIHED      =      1378.5113
 UB     =         0.0000  IMP     =         0.0000  CMAP       =       196.6683
 1-4 NB =       993.4090  1-4 EEL =     15131.4646  VDWAALS    =     17243.7052
 EELEC  =   -183094.4075  EHBOND  =         0.0000  RESTRAINT  =         0.0000
 ------------------------------------------------------------------------------


 NSTEP =  1920000   TIME(PS) =  308880.000  TEMP(K) =   311.59  PRESS =     0.0
 Etot   =   -113315.7915  EKtot   =     31696.1680  EPtot      =   -145011.9595
 BOND   =       874.1499  ANGLE   =      2191.7656  DIHED      =      1350.3575
 UB     =         0.0000  IMP     =         0.0000  CMAP       =       176.0171
 1-4 NB =      1012.0595  1-4 EEL =     15176.1778  VDWAALS    =     17147.6685
 EELEC  =   -182940.1553  EHBOND  =         0.0000  RESTRAINT  =         0.0000
 ------------------------------------------------------------------------------


 NSTEP =  1940000   TIME(PS) =  308920.000  TEMP(K) =   308.63  PRESS =     0.0
 Etot   =   -114129.1001  EKtot   =     31394.8711  EPtot      =   -145523.9712
 BOND   =       837.9547  ANGLE   =      2196.7601  DIHED      =      1367.5872
 UB     =         0.0000  IMP     =         0.0000  CMAP       =       198.3168
 1-4 NB =      1008.3274  1-4 EEL =     15118.1773  VDWAALS    =     17200.7035
 EELEC  =   -183451.7983  EHBOND  =         0.0000  RESTRAINT  =         0.0000
 ------------------------------------------------------------------------------


 NSTEP =  1960000   TIME(PS) =  308960.000  TEMP(K) =   309.68  PRESS =     0.0
 Etot   =   -113983.3142  EKtot   =     31501.3203  EPtot      =   -145484.6345
 BOND   =       819.5811  ANGLE   =      2133.8731  DIHED      =      1331.4786
 UB     =         0.0000  IMP     =         0.0000  CMAP       =       185.3370
 1-4 NB =      1025.2290  1-4 EEL =     15267.1943  VDWAALS    =     17462.6495
 EELEC  =   -183709.9772  EHBOND  =         0.0000  RESTRAINT  =         0.0000
 ------------------------------------------------------------------------------


 NSTEP =  1980000   TIME(PS) =  309000.000  TEMP(K) =   308.91  PRESS =     0.0
 Etot   =   -114029.3974  EKtot   =     31423.3809  EPtot      =   -145452.7782
 BOND   =       889.6559  ANGLE   =      2161.5770  DIHED      =      1360.9929
 UB     =         0.0000  IMP     =         0.0000  CMAP       =       196.5025
 1-4 NB =       999.3645  1-4 EEL =     15134.8611  VDWAALS    =     16908.6333
 EELEC  =   -183104.3655  EHBOND  =         0.0000  RESTRAINT  =         0.0000
 ------------------------------------------------------------------------------


 NSTEP =  2000000   TIME(PS) =  309040.000  TEMP(K) =   308.76  PRESS =     0.0
 Etot   =   -114124.6093  EKtot   =     31407.7715  EPtot      =   -145532.3808
 BOND   =       844.1951  ANGLE   =      2106.1961  DIHED      =      1348.2486
 UB     =         0.0000  IMP     =         0.0000  CMAP       =       202.7560
 1-4 NB =      1001.7922  1-4 EEL =     15154.5002  VDWAALS    =     17498.1644
 EELEC  =   -183688.2333  EHBOND  =         0.0000  RESTRAINT  =         0.0000
 ------------------------------------------------------------------------------


 NSTEP =  2020000   TIME(PS) =  309080.000  TEMP(K) =   310.72  PRESS =     0.0
 Etot   =   -113729.0648  EKtot   =     31606.9844  EPtot      =   -145336.0491
 BOND   =       850.7388  ANGLE   =      2089.7722  DIHED      =      1373.8268
 UB     =         0.0000  IMP     =         0.0000  CMAP       =       197.4528
 1-4 NB =       997.1890  1-4 EEL =     15191.3271  VDWAALS    =     17011.5772
 EELEC  =   -183047.9331  EHBOND  =         0.0000  RESTRAINT  =         0.0000
 ------------------------------------------------------------------------------


 NSTEP =  2040000   TIME(PS) =  309120.000  TEMP(K) =   309.15  PRESS =     0.0
 Etot   =   -113587.1854  EKtot   =     31447.4180  EPtot      =   -145034.6034
 BOND   =       890.9237  ANGLE   =      2163.0939  DIHED      =      1352.0503
 UB     =         0.0000  IMP     =         0.0000  CMAP       =       205.0016
 1-4 NB =       994.8401  1-4 EEL =     15101.8097  VDWAALS    =     17023.8445
 EELEC  =   -182766.1672  EHBOND  =         0.0000  RESTRAINT  =         0.0000
 ------------------------------------------------------------------------------


 NSTEP =  2060000   TIME(PS) =  309160.000  TEMP(K) =   311.12  PRESS =     0.0
 Etot   =   -113879.3064  EKtot   =     31647.5117  EPtot      =   -145526.8181
 BOND   =       845.3412  ANGLE   =      2063.0870  DIHED      =      1320.8455
 UB     =         0.0000  IMP     =         0.0000  CMAP       =       203.0141
 1-4 NB =      1011.8085  1-4 EEL =     15111.7222  VDWAALS    =     17530.4146
 EELEC  =   -183613.0513  EHBOND  =         0.0000  RESTRAINT  =         0.0000
 ------------------------------------------------------------------------------


 NSTEP =  2080000   TIME(PS) =  309200.000  TEMP(K) =   311.84  PRESS =     0.0
 Etot   =   -113244.0469  EKtot   =     31720.9805  EPtot      =   -144965.0274
 BOND   =       829.7558  ANGLE   =      2158.0726  DIHED      =      1366.1104
 UB     =         0.0000  IMP     =         0.0000  CMAP       =       198.6622
 1-4 NB =       993.0472  1-4 EEL =     15134.8347  VDWAALS    =     17332.9821
 EELEC  =   -182978.4924  EHBOND  =         0.0000  RESTRAINT  =         0.0000
 ------------------------------------------------------------------------------


 NSTEP =  2100000   TIME(PS) =  309240.000  TEMP(K) =   305.88  PRESS =     0.0
 Etot   =   -114158.6389  EKtot   =     31115.2637  EPtot      =   -145273.9026
 BOND   =       851.9437  ANGLE   =      2190.3612  DIHED      =      1377.7495
 UB     =         0.0000  IMP     =         0.0000  CMAP       =       175.6668
 1-4 NB =      1014.6078  1-4 EEL =     15133.4012  VDWAALS    =     17190.2949
 EELEC  =   -183207.9276  EHBOND  =         0.0000  RESTRAINT  =         0.0000
 ------------------------------------------------------------------------------


 NSTEP =  2120000   TIME(PS) =  309280.000  TEMP(K) =   311.31  PRESS =     0.0
 Etot   =   -113642.6396  EKtot   =     31667.0312  EPtot      =   -145309.6709
 BOND   =       855.9114  ANGLE   =      2109.8458  DIHED      =      1374.2420
 UB     =         0.0000  IMP     =         0.0000  CMAP       =       179.6254
 1-4 NB =      1004.0133  1-4 EEL =     15130.3054  VDWAALS    =     17168.5396
 EELEC  =   -183132.1537  EHBOND  =         0.0000  RESTRAINT  =         0.0000
 ------------------------------------------------------------------------------


 NSTEP =  2140000   TIME(PS) =  309320.000  TEMP(K) =   310.16  PRESS =     0.0
 Etot   =   -113762.4063  EKtot   =     31550.1445  EPtot      =   -145312.5508
 BOND   =       813.5955  ANGLE   =      2141.1207  DIHED      =      1325.8964
 UB     =         0.0000  IMP     =         0.0000  CMAP       =       186.0101
 1-4 NB =      1021.8960  1-4 EEL =     15182.7732  VDWAALS    =     17050.3326
 EELEC  =   -183034.1753  EHBOND  =         0.0000  RESTRAINT  =         0.0000
 ------------------------------------------------------------------------------


 NSTEP =  2160000   TIME(PS) =  309360.000  TEMP(K) =   310.10  PRESS =     0.0
 Etot   =   -113934.7688  EKtot   =     31543.7266  EPtot      =   -145478.4953
 BOND   =       851.4020  ANGLE   =      2099.0761  DIHED      =      1366.5158
 UB     =         0.0000  IMP     =         0.0000  CMAP       =       201.8335
 1-4 NB =      1002.0155  1-4 EEL =     15133.8710  VDWAALS    =     17190.4052
 EELEC  =   -183323.6146  EHBOND  =         0.0000  RESTRAINT  =         0.0000
 ------------------------------------------------------------------------------


 NSTEP =  2180000   TIME(PS) =  309400.000  TEMP(K) =   312.24  PRESS =     0.0
 Etot   =   -113561.1639  EKtot   =     31761.6387  EPtot      =   -145322.8026
 BOND   =       862.0447  ANGLE   =      2180.0780  DIHED      =      1376.7645
 UB     =         0.0000  IMP     =         0.0000  CMAP       =       194.2216
 1-4 NB =      1002.6073  1-4 EEL =     15153.8519  VDWAALS    =     17309.4395
 EELEC  =   -183401.8100  EHBOND  =         0.0000  RESTRAINT  =         0.0000
 ------------------------------------------------------------------------------


 NSTEP =  2200000   TIME(PS) =  309440.000  TEMP(K) =   309.81  PRESS =     0.0
 Etot   =   -113523.2898  EKtot   =     31514.7148  EPtot      =   -145038.0047
 BOND   =       867.6143  ANGLE   =      2183.4787  DIHED      =      1359.7274
 UB     =         0.0000  IMP     =         0.0000  CMAP       =       191.6375
 1-4 NB =       993.7983  1-4 EEL =     15164.0097  VDWAALS    =     17302.7572
 EELEC  =   -183101.0278  EHBOND  =         0.0000  RESTRAINT  =         0.0000
 ------------------------------------------------------------------------------


 NSTEP =  2220000   TIME(PS) =  309480.000  TEMP(K) =   309.60  PRESS =     0.0
 Etot   =   -113960.9797  EKtot   =     31493.4160  EPtot      =   -145454.3957
 BOND   =       825.5112  ANGLE   =      2098.3119  DIHED      =      1353.7928
 UB     =         0.0000  IMP     =         0.0000  CMAP       =       175.6165
 1-4 NB =      1011.4478  1-4 EEL =     15151.3162  VDWAALS    =     17159.3940
 EELEC  =   -183229.7862  EHBOND  =         0.0000  RESTRAINT  =         0.0000
 ------------------------------------------------------------------------------


 NSTEP =  2240000   TIME(PS) =  309520.000  TEMP(K) =   309.99  PRESS =     0.0
 Etot   =   -113838.1361  EKtot   =     31533.1562  EPtot      =   -145371.2924
 BOND   =       855.4104  ANGLE   =      2103.3081  DIHED      =      1346.8662
 UB     =         0.0000  IMP     =         0.0000  CMAP       =       195.6523
 1-4 NB =      1006.2929  1-4 EEL =     15139.2220  VDWAALS    =     17157.8045
 EELEC  =   -183175.8489  EHBOND  =         0.0000  RESTRAINT  =         0.0000
 ------------------------------------------------------------------------------


 NSTEP =  2260000   TIME(PS) =  309560.000  TEMP(K) =   310.03  PRESS =     0.0
 Etot   =   -114030.9220  EKtot   =     31536.8242  EPtot      =   -145567.7462
 BOND   =       845.2637  ANGLE   =      2145.9371  DIHED      =      1355.5824
 UB     =         0.0000  IMP     =         0.0000  CMAP       =       195.4447
 1-4 NB =      1005.3419  1-4 EEL =     15097.6462  VDWAALS    =     17503.2889
 EELEC  =   -183716.2509  EHBOND  =         0.0000  RESTRAINT  =         0.0000
 ------------------------------------------------------------------------------


 NSTEP =  2280000   TIME(PS) =  309600.000  TEMP(K) =   308.98  PRESS =     0.0
 Etot   =   -113465.2655  EKtot   =     31430.1309  EPtot      =   -144895.3963
 BOND   =       828.9891  ANGLE   =      2144.2480  DIHED      =      1387.1067
 UB     =         0.0000  IMP     =         0.0000  CMAP       =       206.8899
 1-4 NB =      1012.9774  1-4 EEL =     15132.0272  VDWAALS    =     17316.6603
 EELEC  =   -182924.2950  EHBOND  =         0.0000  RESTRAINT  =         0.0000
 ------------------------------------------------------------------------------


 NSTEP =  2300000   TIME(PS) =  309640.000  TEMP(K) =   308.99  PRESS =     0.0
 Etot   =   -113605.0191  EKtot   =     31431.1504  EPtot      =   -145036.1695
 BOND   =       868.3489  ANGLE   =      2159.4845  DIHED      =      1346.7188
 UB     =         0.0000  IMP     =         0.0000  CMAP       =       197.3549
 1-4 NB =       996.2304  1-4 EEL =     15091.6129  VDWAALS    =     17479.5426
 EELEC  =   -183175.4626  EHBOND  =         0.0000  RESTRAINT  =         0.0000
 ------------------------------------------------------------------------------


 NSTEP =  2320000   TIME(PS) =  309680.000  TEMP(K) =   307.82  PRESS =     0.0
 Etot   =   -113684.9595  EKtot   =     31311.8340  EPtot      =   -144996.7935
 BOND   =       800.8816  ANGLE   =      2155.2815  DIHED      =      1377.2409
 UB     =         0.0000  IMP     =         0.0000  CMAP       =       201.9218
 1-4 NB =      1019.5541  1-4 EEL =     15183.2939  VDWAALS    =     17323.9461
 EELEC  =   -183058.9134  EHBOND  =         0.0000  RESTRAINT  =         0.0000
 ------------------------------------------------------------------------------


 NSTEP =  2340000   TIME(PS) =  309720.000  TEMP(K) =   310.90  PRESS =     0.0
 Etot   =   -113727.3278  EKtot   =     31625.4883  EPtot      =   -145352.8161
 BOND   =       868.9138  ANGLE   =      2190.6157  DIHED      =      1352.3746
 UB     =         0.0000  IMP     =         0.0000  CMAP       =       210.9062
 1-4 NB =       993.7372  1-4 EEL =     15106.2600  VDWAALS    =     17306.8269
 EELEC  =   -183382.4505  EHBOND  =         0.0000  RESTRAINT  =         0.0000
 ------------------------------------------------------------------------------


 NSTEP =  2360000   TIME(PS) =  309760.000  TEMP(K) =   310.29  PRESS =     0.0
 Etot   =   -113777.3743  EKtot   =     31563.1641  EPtot      =   -145340.5384
 BOND   =       856.9818  ANGLE   =      2150.7547  DIHED      =      1362.8833
 UB     =         0.0000  IMP     =         0.0000  CMAP       =       195.8617
 1-4 NB =      1027.6779  1-4 EEL =     15092.4908  VDWAALS    =     17294.3125
 EELEC  =   -183321.5010  EHBOND  =         0.0000  RESTRAINT  =         0.0000
 ------------------------------------------------------------------------------


 NSTEP =  2380000   TIME(PS) =  309800.000  TEMP(K) =   308.97  PRESS =     0.0
 Etot   =   -113746.9016  EKtot   =     31429.4258  EPtot      =   -145176.3274
 BOND   =       860.5630  ANGLE   =      2151.3485  DIHED      =      1352.0701
 UB     =         0.0000  IMP     =         0.0000  CMAP       =       196.9225
 1-4 NB =      1008.8532  1-4 EEL =     15140.9664  VDWAALS    =     17320.4106
 EELEC  =   -183207.4619  EHBOND  =         0.0000  RESTRAINT  =         0.0000
 ------------------------------------------------------------------------------


 NSTEP =  2400000   TIME(PS) =  309840.000  TEMP(K) =   308.88  PRESS =     0.0
 Etot   =   -113716.5161  EKtot   =     31420.1699  EPtot      =   -145136.6861
 BOND   =       869.5021  ANGLE   =      2134.6245  DIHED      =      1338.7130
 UB     =         0.0000  IMP     =         0.0000  CMAP       =       201.9437
 1-4 NB =      1013.6034  1-4 EEL =     15081.6374  VDWAALS    =     17287.7114
 EELEC  =   -183064.4215  EHBOND  =         0.0000  RESTRAINT  =         0.0000
 ------------------------------------------------------------------------------


 NSTEP =  2420000   TIME(PS) =  309880.000  TEMP(K) =   311.05  PRESS =     0.0
 Etot   =   -113629.4716  EKtot   =     31641.2324  EPtot      =   -145270.7040
 BOND   =       854.8901  ANGLE   =      2171.6406  DIHED      =      1302.5260
 UB     =         0.0000  IMP     =         0.0000  CMAP       =       206.0742
 1-4 NB =       997.7399  1-4 EEL =     15033.5550  VDWAALS    =     17278.0747
 EELEC  =   -183115.2045  EHBOND  =         0.0000  RESTRAINT  =         0.0000
 ------------------------------------------------------------------------------


 NSTEP =  2440000   TIME(PS) =  309920.000  TEMP(K) =   308.62  PRESS =     0.0
 Etot   =   -113716.0660  EKtot   =     31393.0938  EPtot      =   -145109.1597
 BOND   =       875.5467  ANGLE   =      2147.5983  DIHED      =      1343.8441
 UB     =         0.0000  IMP     =         0.0000  CMAP       =       204.6140
 1-4 NB =       981.6683  1-4 EEL =     15094.4792  VDWAALS    =     17289.2047
 EELEC  =   -183046.1150  EHBOND  =         0.0000  RESTRAINT  =         0.0000
 ------------------------------------------------------------------------------


 NSTEP =  2460000   TIME(PS) =  309960.000  TEMP(K) =   309.50  PRESS =     0.0
 Etot   =   -113908.6977  EKtot   =     31483.1699  EPtot      =   -145391.8676
 BOND   =       815.1192  ANGLE   =      2152.9917  DIHED      =      1345.4503
 UB     =         0.0000  IMP     =         0.0000  CMAP       =       197.5650
 1-4 NB =       993.9025  1-4 EEL =     15014.3752  VDWAALS    =     17138.9746
 EELEC  =   -183050.2461  EHBOND  =         0.0000  RESTRAINT  =         0.0000
 ------------------------------------------------------------------------------


 NSTEP =  2480000   TIME(PS) =  310000.000  TEMP(K) =   311.25  PRESS =     0.0
 Etot   =   -113526.2963  EKtot   =     31660.6094  EPtot      =   -145186.9057
 BOND   =       855.9008  ANGLE   =      2088.3498  DIHED      =      1348.4181
 UB     =         0.0000  IMP     =         0.0000  CMAP       =       188.9532
 1-4 NB =       995.6273  1-4 EEL =     15027.7956  VDWAALS    =     17110.4442
 EELEC  =   -182802.3946  EHBOND  =         0.0000  RESTRAINT  =         0.0000
 ------------------------------------------------------------------------------


 NSTEP =  2500000   TIME(PS) =  310040.000  TEMP(K) =   311.87  PRESS =     0.0
 Etot   =   -113549.6764  EKtot   =     31724.5469  EPtot      =   -145274.2233
 BOND   =       869.5903  ANGLE   =      2124.8935  DIHED      =      1374.4561
 UB     =         0.0000  IMP     =         0.0000  CMAP       =       193.2130
 1-4 NB =       996.3363  1-4 EEL =     15114.2739  VDWAALS    =     17400.9733
 EELEC  =   -183347.9597  EHBOND  =         0.0000  RESTRAINT  =         0.0000
 ------------------------------------------------------------------------------


      A V E R A G E S   O V E R     125 S T E P S


 NSTEP =  2500000   TIME(PS) =  310040.000  TEMP(K) =   310.02  PRESS =     0.0
 Etot   =   -113705.5522  EKtot   =     31536.0452  EPtot      =   -145241.5974
 BOND   =       854.7366  ANGLE   =      2145.1274  DIHED      =      1357.5967
 UB     =         0.0000  IMP     =         0.0000  CMAP       =       195.6374
 1-4 NB =      1000.1197  1-4 EEL =     15103.8072  VDWAALS    =     17300.4853
 EELEC  =   -183199.1077  EHBOND  =         0.0000  RESTRAINT  =         0.0000
 ------------------------------------------------------------------------------


      R M S  F L U C T U A T I O N S


 NSTEP =  2500000   TIME(PS) =  310040.000  TEMP(K) =     1.35  PRESS =     0.0
 Etot   =       279.8963  EKtot   =       137.4812  EPtot      =       222.9687
 BOND   =        22.4397  ANGLE   =        35.7374  DIHED      =        18.9753
 UB     =         0.0000  IMP     =         0.0000  CMAP       =         9.8843
 1-4 NB =        12.6198  1-4 EEL =        48.2378  VDWAALS    =       185.1447
 EELEC  =       319.6276  EHBOND  =         0.0000  RESTRAINT  =         0.0000
 ------------------------------------------------------------------------------

--------------------------------------------------------------------------------
   5.  TIMINGS
--------------------------------------------------------------------------------

|  NonSetup CPU Time in Major Routines:
|
|     Routine           Sec        %
|     ------------------------------
|     Nonbond         159.30   17.31
|     Bond              0.00    0.00
|     Angle             0.00    0.00
|     Dihedral          0.00    0.00
|     Shake            11.20    1.22
|     RunMD           747.55   81.24
|     Other             2.18    0.24
|     ------------------------------
|     Total           920.21

|  PME Nonbond Pairlist CPU Time:
|
|     Routine              Sec        %
|     ---------------------------------
|     Set Up Cit           0.00    0.00
|     Build List           0.00    0.00
|     ---------------------------------
|     Total                0.00    0.00

|  PME Direct Force CPU Time:
|
|     Routine              Sec        %
|     ---------------------------------
|     NonBonded Calc       0.00    0.00
|     Exclude Masked       0.00    0.00
|     Other                1.38    0.15
|     ---------------------------------
|     Total                1.38    0.15

|  PME Reciprocal Force CPU Time:
|
|     Routine              Sec        %
|     ---------------------------------
|     1D bspline           0.00    0.00
|     Grid Charges         0.00    0.00
|     Scalar Sum           0.00    0.00
|     Gradient Sum         0.00    0.00
|     FFT                  0.00    0.00
|     ---------------------------------
|     Total                0.00    0.00

|  Final Performance Info:
|     -----------------------------------------------------
|     Average timings for last       1 steps:
|     Elapsed(s) =       0.00 Per Step(ms) =       1.16
|         ns/day =     148.95   seconds/ns =     580.08
|
|     Average timings for all steps:
|     Elapsed(s) =     922.17 Per Step(ms) =       0.37
|         ns/day =     468.46   seconds/ns =     184.43
|     -----------------------------------------------------

|  Setup CPU time:            0.89 seconds
|  NonSetup CPU time:       920.21 seconds
|  Total CPU time:          921.10 seconds     0.26 hours

|  Setup wall time:           1    seconds
|  NonSetup wall time:      922    seconds
|  Total wall time:         923    seconds     0.26 hours
