
          -------------------------------------------------------
          Amber 24 PMEMD                              2024
          -------------------------------------------------------

| PMEMD implementation of SANDER, Release 24

|  Compiled date/time: Thu Apr  3 17:55:38 2025
| Run on 11/11/2025 at 12:58:29

|   Executable path: pmemd.cuda_SPFP
| Working directory: /rs1/researchers/h/hall/vtnguye4/Amber_restart/cappedP1L38M/mdsimP1L38M/newP1L38Mcapped_Simulation2
|          Hostname: gpu24

  [-O]verwriting output

File Assignments:
|   MDIN: /rs1/researchers/h/hall/vtnguye4/Amber_restart/cappedP1L38M/mdsimP1L38
|  MDOUT: ./OUT_Files/equil71.out                                               
| INPCRD: ./RST_Files/equil70.rst7                                              
|   PARM: ./PRMTOP_Files/newP1L38Mcapped.prmtop                                 
| RESTRT: ./RST_Files/equil71.rst7                                              
|   REFC: refc                                                                  
|  MDVEL: mdvel                                                                 
|   MDEN: mden                                                                  
|  MDCRD: ./nc_Files/equil71.nc                                                 
| MDINFO: mdinfo                                                                
|  MDFRC: mdfrc                                                                 


 Here is the input file:

!Stage equilibration 5ns                                                       
&cntrl                                                                         
imin=0, irest=1, ntx=5,                                                        
nstlim=2500000, dt=0.002,                                                      
ntc=2, ntf=2, ig=-1,                                                           
ntt=3, gamma_ln=2.0,                                                           
tempi=310.0, temp0=310.0,                                                      
ntxo=2, ioutfm=1,                                                              
ntpr=20000, ntwx=20000,                                                        
ntb=1,                                                                         
cut=9.0,                                                                       
iwrap=1,                                                                       
/                                                                              


Note: ig = -1. Setting random seed to   996873 based on wallclock time in 
      microseconds.
| irandom = 1, using AMBER's internal random number generator (default).
 
|--------------------- INFORMATION ----------------------
| GPU (CUDA) Version of PMEMD in use: NVIDIA GPU IN USE.
|                    Version 18.0.0
| 
|                      03/25/2018
| 
| Implementation by:
|                    Ross C. Walker     (SDSC)
|                    Scott Le Grand     (nVIDIA)
| 
| Version 18 performance extensions by:
|                    David Cerutti     (Rutgers)
| 
| Precision model in use:
|      [SPFP] - Single Precision Forces, 64-bit Fixed Point
|               Accumulation. (Default)
| 
|--------------------------------------------------------
 
|----------------- CITATION INFORMATION -----------------
|
|    When publishing work that utilized the CUDA version
|    of AMBER, please cite the following in addition to
|    the regular AMBER citations:
|
|  - Romelia Salomon-Ferrer; Andreas W. Goetz; Duncan
|    Poole; Scott Le Grand; Ross C. Walker "Routine
|    microsecond molecular dynamics simulations with
|    AMBER - Part II: Particle Mesh Ewald", J. Chem.
|    Theory Comput., 2013, 9 (9), pp3878-3888,
|    DOI: 10.1021/ct400314y.
|
|  - Andreas W. Goetz; Mark J. Williamson; Dong Xu;
|    Duncan Poole; Scott Le Grand; Ross C. Walker
|    "Routine microsecond molecular dynamics simulations
|    with AMBER - Part I: Generalized Born", J. Chem.
|    Theory Comput., 2012, 8 (5), pp1542-1555.
|
|  - Scott Le Grand; Andreas W. Goetz; Ross C. Walker
|    "SPFP: Speed without compromise - a mixed precision
|    model for GPU accelerated molecular dynamics
|    simulations.", Comp. Phys. Comm., 2013, 184
|    pp374-380, DOI: 10.1016/j.cpc.2012.09.022
|
|--------------------------------------------------------
 
|------------------- GPU DEVICE INFO --------------------
|
|            CUDA_VISIBLE_DEVICES: 0
|   CUDA Capable Devices Detected:      1
|           CUDA Device ID in use:      0
|                CUDA Device Name: NVIDIA L40S
|     CUDA Device Global Mem Size:  45487 MB
| CUDA Device Num Multiprocessors:    142
|           CUDA Device Core Freq:   2.52 GHz
|
|--------------------------------------------------------
 
 
| Conditional Compilation Defines Used:
| PUBFFT
| BINTRAJ
| CUDA
| EMIL

| Largest sphere to fit in unit cell has radius =    36.716

| New format PARM file being parsed.
| Version =    1.000 Date = 10/30/25 Time = 23:32:29

| Note: 1-4 EEL scale factors are being read from the topology file.

| Note: 1-4 VDW scale factors are being read from the topology file.
| Duplicated    0 dihedrals

| Duplicated    0 dihedrals

--------------------------------------------------------------------------------
   1.  RESOURCE   USE: 
--------------------------------------------------------------------------------

 getting box info from netcdf restart file
 NATOM  =   50023 NTYPES =      12 NBONH =   47691 MBONA  =    2332
 NTHETH =    5236 MTHETA =    3080 NPHIH =   10252 MPHIA  =    9504
 NHPARM =       0 NPARM  =       0 NNB   =   84972 NRES   =   15501
 NBONA  =    2332 NTHETA =    3080 NPHIA =    9504 NUMBND =      29
 NUMANG =      57 NPTRA  =      64 NATYP =      17 NPHB   =       0
 IFBOX  =       2 NMXRS  =      21 IFCAP =       0 NEXTRA =       0
 NCOPY  =       0

| Coordinate Index Table dimensions:    15   15   15
| Direct force subcell size =     5.9957    5.9957    5.9957

     BOX TYPE: TRUNCATED OCTAHEDRON

--------------------------------------------------------------------------------
   2.  CONTROL  DATA  FOR  THE  RUN
--------------------------------------------------------------------------------

default_name                                                                    

General flags:
     imin    =       0, nmropt  =       0

Nature and format of input:
     ntx     =       5, irest   =       1, ntrx    =       1

Nature and format of output:
     ntxo    =       2, ntpr    =   20000, ntrx    =       1, ntwr    = 2500000
     iwrap   =       1, ntwx    =   20000, ntwv    =       0, ntwe    =       0
     ioutfm  =       1, ntwprt  =       0, idecomp =       0, rbornstat=      0

Potential function:
     ntf     =       2, ntb     =       1, igb     =       0, nsnb    =      25
     ipol    =       0, gbsa    =       0, iesp    =       0
     dielc   =   1.00000, cut     =   9.00000, intdiel =   1.00000

Frozen or restrained atoms:
     ibelly  =       0, ntr     =       0

Molecular dynamics:
     nstlim  =   2500000, nscm    =      1000, nrespa  =         1
     t       =   0.00000, dt      =   0.00200, vlimit  =  -1.00000

Langevin dynamics temperature regulation:
     ig      =  996873
     temp0   = 310.00000, tempi   = 310.00000, gamma_ln=   2.00000

SHAKE:
     ntc     =       2, jfastw  =       0
     tol     =   0.00001

| Intermolecular bonds treatment:
|     no_intermolecular_bonds =       1

| Energy averages sample interval:
|     ene_avg_sampling =   20000

Ewald parameters:
     verbose =       0, ew_type =       0, nbflag  =       1, use_pme =       1
     vdwmeth =       1, eedmeth =       1, netfrc  =       1
     Box X =   89.935   Box Y =   89.935   Box Z =   89.935
     Alpha =  109.471   Beta  =  109.471   Gamma =  109.471
     NFFT1 =   96       NFFT2 =   96       NFFT3 =   96
     Cutoff=    9.000   Tol   =0.100E-04
     Ewald Coefficient =  0.30768
     Interpolation order =    4

--------------------------------------------------------------------------------
   3.  ATOMIC COORDINATES AND VELOCITIES
--------------------------------------------------------------------------------

default_name                                                                    
 begin time read from input coords =350039.999 ps

 
 Number of triangulated 3-point waters found:    15105

     Sum of charges from parm topology file =  -0.00000043
     Forcing neutrality...

| Dynamic Memory, Types Used:
| Reals             1595957
| Integers          2018996

| Nonbonded Pairs Initial Allocation:    11405244

| GPU memory information (estimate):
| KB of GPU memory in use:    394016
| KB of CPU memory in use:    114218

--------------------------------------------------------------------------------
   4.  RESULTS
--------------------------------------------------------------------------------


 NSTEP =    20000   TIME(PS) =  350079.999  TEMP(K) =   309.89  PRESS =     0.0
 Etot   =   -113572.6307  EKtot   =     31522.5566  EPtot      =   -145095.1873
 BOND   =       821.5330  ANGLE   =      2214.9009  DIHED      =      1368.7068
 UB     =         0.0000  IMP     =         0.0000  CMAP       =       205.8149
 1-4 NB =       978.7319  1-4 EEL =     15038.3680  VDWAALS    =     17217.2535
 EELEC  =   -182940.4964  EHBOND  =         0.0000  RESTRAINT  =         0.0000
 ------------------------------------------------------------------------------


 NSTEP =    40000   TIME(PS) =  350119.999  TEMP(K) =   309.33  PRESS =     0.0
 Etot   =   -114041.0361  EKtot   =     31466.0059  EPtot      =   -145507.0420
 BOND   =       832.1561  ANGLE   =      2108.2028  DIHED      =      1359.6398
 UB     =         0.0000  IMP     =         0.0000  CMAP       =       192.6366
 1-4 NB =      1003.1705  1-4 EEL =     15044.9977  VDWAALS    =     17518.8903
 EELEC  =   -183566.7358  EHBOND  =         0.0000  RESTRAINT  =         0.0000
 ------------------------------------------------------------------------------


 NSTEP =    60000   TIME(PS) =  350159.999  TEMP(K) =   309.44  PRESS =     0.0
 Etot   =   -113523.1435  EKtot   =     31477.0430  EPtot      =   -145000.1865
 BOND   =       873.4998  ANGLE   =      2093.4400  DIHED      =      1355.8268
 UB     =         0.0000  IMP     =         0.0000  CMAP       =       193.6508
 1-4 NB =       982.0916  1-4 EEL =     15074.3904  VDWAALS    =     16931.7467
 EELEC  =   -182504.8327  EHBOND  =         0.0000  RESTRAINT  =         0.0000
 ------------------------------------------------------------------------------


 NSTEP =    80000   TIME(PS) =  350199.999  TEMP(K) =   311.93  PRESS =     0.0
 Etot   =   -113261.6486  EKtot   =     31730.6035  EPtot      =   -144992.2521
 BOND   =       884.2160  ANGLE   =      2164.6798  DIHED      =      1358.4758
 UB     =         0.0000  IMP     =         0.0000  CMAP       =       201.1318
 1-4 NB =       983.5088  1-4 EEL =     15043.9870  VDWAALS    =     17362.3080
 EELEC  =   -182990.5592  EHBOND  =         0.0000  RESTRAINT  =         0.0000
 ------------------------------------------------------------------------------


 NSTEP =   100000   TIME(PS) =  350239.999  TEMP(K) =   311.85  PRESS =     0.0
 Etot   =   -113913.9362  EKtot   =     31721.7930  EPtot      =   -145635.7292
 BOND   =       867.8928  ANGLE   =      2099.3754  DIHED      =      1337.2962
 UB     =         0.0000  IMP     =         0.0000  CMAP       =       201.8510
 1-4 NB =       977.0827  1-4 EEL =     15004.5532  VDWAALS    =     17572.7255
 EELEC  =   -183696.5060  EHBOND  =         0.0000  RESTRAINT  =         0.0000
 ------------------------------------------------------------------------------


 NSTEP =   120000   TIME(PS) =  350279.999  TEMP(K) =   310.76  PRESS =     0.0
 Etot   =   -113678.5328  EKtot   =     31610.9199  EPtot      =   -145289.4527
 BOND   =       822.9862  ANGLE   =      2175.8925  DIHED      =      1380.4021
 UB     =         0.0000  IMP     =         0.0000  CMAP       =       190.7544
 1-4 NB =       998.4691  1-4 EEL =     15003.0785  VDWAALS    =     17441.0500
 EELEC  =   -183302.0855  EHBOND  =         0.0000  RESTRAINT  =         0.0000
 ------------------------------------------------------------------------------


 NSTEP =   140000   TIME(PS) =  350319.999  TEMP(K) =   309.12  PRESS =     0.0
 Etot   =   -113636.4138  EKtot   =     31444.8770  EPtot      =   -145081.2907
 BOND   =       857.5049  ANGLE   =      2154.4194  DIHED      =      1355.5958
 UB     =         0.0000  IMP     =         0.0000  CMAP       =       195.9061
 1-4 NB =       974.8856  1-4 EEL =     14980.0521  VDWAALS    =     17571.1539
 EELEC  =   -183170.8086  EHBOND  =         0.0000  RESTRAINT  =         0.0000
 ------------------------------------------------------------------------------


 NSTEP =   160000   TIME(PS) =  350359.999  TEMP(K) =   311.09  PRESS =     0.0
 Etot   =   -113328.9624  EKtot   =     31644.6055  EPtot      =   -144973.5679
 BOND   =       851.4940  ANGLE   =      2157.1731  DIHED      =      1342.3060
 UB     =         0.0000  IMP     =         0.0000  CMAP       =       198.9566
 1-4 NB =      1000.8111  1-4 EEL =     14990.5512  VDWAALS    =     17314.3546
 EELEC  =   -182829.2144  EHBOND  =         0.0000  RESTRAINT  =         0.0000
 ------------------------------------------------------------------------------

wrapping first mol.:      -29.97837      -42.39582       73.43173

 NSTEP =   180000   TIME(PS) =  350399.999  TEMP(K) =   308.85  PRESS =     0.0
 Etot   =   -113379.4518  EKtot   =     31417.1152  EPtot      =   -144796.5670
 BOND   =       893.8112  ANGLE   =      2102.4026  DIHED      =      1386.7933
 UB     =         0.0000  IMP     =         0.0000  CMAP       =       205.8005
 1-4 NB =       986.4664  1-4 EEL =     15066.0177  VDWAALS    =     17192.2446
 EELEC  =   -182630.1032  EHBOND  =         0.0000  RESTRAINT  =         0.0000
 ------------------------------------------------------------------------------

wrapping first mol.:      -29.97837      -42.39582       73.43173

 NSTEP =   200000   TIME(PS) =  350439.999  TEMP(K) =   310.42  PRESS =     0.0
 Etot   =   -113691.0258  EKtot   =     31577.0684  EPtot      =   -145268.0941
 BOND   =       849.7437  ANGLE   =      2126.9140  DIHED      =      1374.6039
 UB     =         0.0000  IMP     =         0.0000  CMAP       =       218.7126
 1-4 NB =      1010.9667  1-4 EEL =     15034.6791  VDWAALS    =     17717.6368
 EELEC  =   -183601.3510  EHBOND  =         0.0000  RESTRAINT  =         0.0000
 ------------------------------------------------------------------------------

wrapping first mol.:      -29.97837      -42.39582       73.43173

 NSTEP =   220000   TIME(PS) =  350479.999  TEMP(K) =   309.95  PRESS =     0.0
 Etot   =   -113909.4754  EKtot   =     31528.9297  EPtot      =   -145438.4051
 BOND   =       881.3807  ANGLE   =      2135.6781  DIHED      =      1366.4726
 UB     =         0.0000  IMP     =         0.0000  CMAP       =       194.4861
 1-4 NB =       990.3754  1-4 EEL =     15044.3458  VDWAALS    =     17315.2931
 EELEC  =   -183366.4369  EHBOND  =         0.0000  RESTRAINT  =         0.0000
 ------------------------------------------------------------------------------

wrapping first mol.:      -29.97837      -42.39582       73.43173

 NSTEP =   240000   TIME(PS) =  350519.999  TEMP(K) =   309.32  PRESS =     0.0
 Etot   =   -113642.7503  EKtot   =     31465.0000  EPtot      =   -145107.7503
 BOND   =       874.7335  ANGLE   =      2166.7564  DIHED      =      1378.2625
 UB     =         0.0000  IMP     =         0.0000  CMAP       =       210.3823
 1-4 NB =       993.8439  1-4 EEL =     15105.7149  VDWAALS    =     17047.2466
 EELEC  =   -182884.6903  EHBOND  =         0.0000  RESTRAINT  =         0.0000
 ------------------------------------------------------------------------------


 NSTEP =   260000   TIME(PS) =  350559.999  TEMP(K) =   310.75  PRESS =     0.0
 Etot   =   -113944.5616  EKtot   =     31609.8770  EPtot      =   -145554.4385
 BOND   =       842.4936  ANGLE   =      2248.5072  DIHED      =      1405.3301
 UB     =         0.0000  IMP     =         0.0000  CMAP       =       211.1032
 1-4 NB =       993.4168  1-4 EEL =     15112.6248  VDWAALS    =     17519.5211
 EELEC  =   -183887.4353  EHBOND  =         0.0000  RESTRAINT  =         0.0000
 ------------------------------------------------------------------------------

wrapping first mol.:      -29.97837      -42.39582       73.43173

 NSTEP =   280000   TIME(PS) =  350599.999  TEMP(K) =   308.50  PRESS =     0.0
 Etot   =   -114194.7088  EKtot   =     31381.7500  EPtot      =   -145576.4588
 BOND   =       888.0228  ANGLE   =      2119.6411  DIHED      =      1345.9279
 UB     =         0.0000  IMP     =         0.0000  CMAP       =       195.4951
 1-4 NB =      1018.2772  1-4 EEL =     15091.2534  VDWAALS    =     17226.4584
 EELEC  =   -183461.5348  EHBOND  =         0.0000  RESTRAINT  =         0.0000
 ------------------------------------------------------------------------------


 NSTEP =   300000   TIME(PS) =  350639.999  TEMP(K) =   307.79  PRESS =     0.0
 Etot   =   -114247.9284  EKtot   =     31308.9258  EPtot      =   -145556.8542
 BOND   =       865.5347  ANGLE   =      2128.7225  DIHED      =      1369.4287
 UB     =         0.0000  IMP     =         0.0000  CMAP       =       182.9065
 1-4 NB =      1013.1923  1-4 EEL =     15032.6314  VDWAALS    =     17550.6611
 EELEC  =   -183699.9314  EHBOND  =         0.0000  RESTRAINT  =         0.0000
 ------------------------------------------------------------------------------

wrapping first mol.:      -29.97837      -42.39582       73.43173

 NSTEP =   320000   TIME(PS) =  350679.999  TEMP(K) =   309.28  PRESS =     0.0
 Etot   =   -113623.5382  EKtot   =     31460.6387  EPtot      =   -145084.1769
 BOND   =       848.5183  ANGLE   =      2191.4163  DIHED      =      1332.4110
 UB     =         0.0000  IMP     =         0.0000  CMAP       =       215.9868
 1-4 NB =       994.5094  1-4 EEL =     15064.6800  VDWAALS    =     17590.0923
 EELEC  =   -183321.7911  EHBOND  =         0.0000  RESTRAINT  =         0.0000
 ------------------------------------------------------------------------------

wrapping first mol.:      -29.97837      -42.39582       73.43173

 NSTEP =   340000   TIME(PS) =  350719.999  TEMP(K) =   309.52  PRESS =     0.0
 Etot   =   -113789.6374  EKtot   =     31485.1738  EPtot      =   -145274.8113
 BOND   =       850.4662  ANGLE   =      2167.6433  DIHED      =      1354.9665
 UB     =         0.0000  IMP     =         0.0000  CMAP       =       183.0150
 1-4 NB =      1009.6059  1-4 EEL =     15155.6743  VDWAALS    =     17396.4727
 EELEC  =   -183392.6550  EHBOND  =         0.0000  RESTRAINT  =         0.0000
 ------------------------------------------------------------------------------

wrapping first mol.:      -29.97837      -42.39582       73.43173

 NSTEP =   360000   TIME(PS) =  350759.999  TEMP(K) =   310.29  PRESS =     0.0
 Etot   =   -113519.0258  EKtot   =     31563.1426  EPtot      =   -145082.1684
 BOND   =       804.5760  ANGLE   =      2169.9738  DIHED      =      1363.8347
 UB     =         0.0000  IMP     =         0.0000  CMAP       =       195.3961
 1-4 NB =       978.3904  1-4 EEL =     15048.9275  VDWAALS    =     17230.6663
 EELEC  =   -182873.9333  EHBOND  =         0.0000  RESTRAINT  =         0.0000
 ------------------------------------------------------------------------------

wrapping first mol.:      -29.97837      -42.39582       73.43173

 NSTEP =   380000   TIME(PS) =  350799.999  TEMP(K) =   312.54  PRESS =     0.0
 Etot   =   -113362.7540  EKtot   =     31792.7051  EPtot      =   -145155.4591
 BOND   =       869.5313  ANGLE   =      2155.1501  DIHED      =      1390.0480
 UB     =         0.0000  IMP     =         0.0000  CMAP       =       186.4982
 1-4 NB =       994.6069  1-4 EEL =     15022.8513  VDWAALS    =     17452.3128
 EELEC  =   -183226.4577  EHBOND  =         0.0000  RESTRAINT  =         0.0000
 ------------------------------------------------------------------------------

wrapping first mol.:      -29.97837      -42.39582       73.43173

 NSTEP =   400000   TIME(PS) =  350839.999  TEMP(K) =   308.52  PRESS =     0.0
 Etot   =   -113716.0959  EKtot   =     31383.0566  EPtot      =   -145099.1525
 BOND   =       862.0288  ANGLE   =      2122.1326  DIHED      =      1336.0129
 UB     =         0.0000  IMP     =         0.0000  CMAP       =       206.5479
 1-4 NB =       997.3905  1-4 EEL =     15050.8892  VDWAALS    =     17591.7580
 EELEC  =   -183265.9124  EHBOND  =         0.0000  RESTRAINT  =         0.0000
 ------------------------------------------------------------------------------

wrapping first mol.:      -29.97837      -42.39582       73.43173

 NSTEP =   420000   TIME(PS) =  350879.999  TEMP(K) =   310.23  PRESS =     0.0
 Etot   =   -113406.5620  EKtot   =     31557.5488  EPtot      =   -144964.1109
 BOND   =       870.2900  ANGLE   =      2157.8698  DIHED      =      1359.7916
 UB     =         0.0000  IMP     =         0.0000  CMAP       =       209.6611
 1-4 NB =      1011.8370  1-4 EEL =     15125.1203  VDWAALS    =     17397.3029
 EELEC  =   -183095.9836  EHBOND  =         0.0000  RESTRAINT  =         0.0000
 ------------------------------------------------------------------------------

wrapping first mol.:      -29.97837      -42.39582       73.43173

 NSTEP =   440000   TIME(PS) =  350919.999  TEMP(K) =   309.03  PRESS =     0.0
 Etot   =   -113891.6586  EKtot   =     31435.1406  EPtot      =   -145326.7993
 BOND   =       838.0032  ANGLE   =      2093.8065  DIHED      =      1374.3053
 UB     =         0.0000  IMP     =         0.0000  CMAP       =       214.3026
 1-4 NB =      1012.0144  1-4 EEL =     15161.1997  VDWAALS    =     17135.2909
 EELEC  =   -183155.7219  EHBOND  =         0.0000  RESTRAINT  =         0.0000
 ------------------------------------------------------------------------------

wrapping first mol.:      -29.97837      -42.39582       73.43173

 NSTEP =   460000   TIME(PS) =  350959.999  TEMP(K) =   308.96  PRESS =     0.0
 Etot   =   -113975.2057  EKtot   =     31427.9062  EPtot      =   -145403.1119
 BOND   =       876.9459  ANGLE   =      2153.4581  DIHED      =      1398.0540
 UB     =         0.0000  IMP     =         0.0000  CMAP       =       200.1833
 1-4 NB =       968.2868  1-4 EEL =     14988.6044  VDWAALS    =     17486.3958
 EELEC  =   -183475.0401  EHBOND  =         0.0000  RESTRAINT  =         0.0000
 ------------------------------------------------------------------------------

wrapping first mol.:      -29.97837      -42.39582       73.43173

 NSTEP =   480000   TIME(PS) =  350999.999  TEMP(K) =   311.01  PRESS =     0.0
 Etot   =   -113546.6485  EKtot   =     31636.1934  EPtot      =   -145182.8419
 BOND   =       813.4873  ANGLE   =      2113.8196  DIHED      =      1350.8692
 UB     =         0.0000  IMP     =         0.0000  CMAP       =       208.7607
 1-4 NB =      1009.8578  1-4 EEL =     15006.5310  VDWAALS    =     17172.5083
 EELEC  =   -182858.6758  EHBOND  =         0.0000  RESTRAINT  =         0.0000
 ------------------------------------------------------------------------------

wrapping first mol.:      -29.97837      -42.39582       73.43173

 NSTEP =   500000   TIME(PS) =  351039.999  TEMP(K) =   309.56  PRESS =     0.0
 Etot   =   -113926.1860  EKtot   =     31489.6680  EPtot      =   -145415.8540
 BOND   =       852.1707  ANGLE   =      2203.7201  DIHED      =      1366.9537
 UB     =         0.0000  IMP     =         0.0000  CMAP       =       214.0020
 1-4 NB =      1007.1858  1-4 EEL =     15030.5472  VDWAALS    =     17278.4052
 EELEC  =   -183368.8388  EHBOND  =         0.0000  RESTRAINT  =         0.0000
 ------------------------------------------------------------------------------

wrapping first mol.:      -29.97837      -42.39582       73.43173

 NSTEP =   520000   TIME(PS) =  351079.999  TEMP(K) =   312.30  PRESS =     0.0
 Etot   =   -113628.1641  EKtot   =     31767.5781  EPtot      =   -145395.7422
 BOND   =       846.5339  ANGLE   =      2141.2844  DIHED      =      1336.8977
 UB     =         0.0000  IMP     =         0.0000  CMAP       =       213.9327
 1-4 NB =       997.9003  1-4 EEL =     15062.8101  VDWAALS    =     17170.8785
 EELEC  =   -183165.9799  EHBOND  =         0.0000  RESTRAINT  =         0.0000
 ------------------------------------------------------------------------------

wrapping first mol.:      -29.97837      -42.39582       73.43173

 NSTEP =   540000   TIME(PS) =  351119.999  TEMP(K) =   310.28  PRESS =     0.0
 Etot   =   -113434.5924  EKtot   =     31562.0078  EPtot      =   -144996.6002
 BOND   =       835.1700  ANGLE   =      2142.8583  DIHED      =      1379.1451
 UB     =         0.0000  IMP     =         0.0000  CMAP       =       205.2681
 1-4 NB =      1005.0695  1-4 EEL =     15067.2666  VDWAALS    =     17537.3111
 EELEC  =   -183168.6890  EHBOND  =         0.0000  RESTRAINT  =         0.0000
 ------------------------------------------------------------------------------

wrapping first mol.:      -29.97837      -42.39582       73.43173

 NSTEP =   560000   TIME(PS) =  351159.999  TEMP(K) =   308.37  PRESS =     0.0
 Etot   =   -113597.4683  EKtot   =     31367.6543  EPtot      =   -144965.1226
 BOND   =       838.7403  ANGLE   =      2139.5030  DIHED      =      1363.2808
 UB     =         0.0000  IMP     =         0.0000  CMAP       =       209.0811
 1-4 NB =       987.2406  1-4 EEL =     15078.2112  VDWAALS    =     17258.8619
 EELEC  =   -182840.0414  EHBOND  =         0.0000  RESTRAINT  =         0.0000
 ------------------------------------------------------------------------------


 NSTEP =   580000   TIME(PS) =  351199.999  TEMP(K) =   309.61  PRESS =     0.0
 Etot   =   -113402.6263  EKtot   =     31494.3281  EPtot      =   -144896.9545
 BOND   =       899.6606  ANGLE   =      2141.5973  DIHED      =      1359.6087
 UB     =         0.0000  IMP     =         0.0000  CMAP       =       196.6031
 1-4 NB =       992.8699  1-4 EEL =     15078.6838  VDWAALS    =     16858.0676
 EELEC  =   -182424.0456  EHBOND  =         0.0000  RESTRAINT  =         0.0000
 ------------------------------------------------------------------------------

wrapping first mol.:      -29.97837      -42.39582       73.43173

 NSTEP =   600000   TIME(PS) =  351239.999  TEMP(K) =   307.97  PRESS =     0.0
 Etot   =   -114342.2887  EKtot   =     31327.3691  EPtot      =   -145669.6578
 BOND   =       838.8863  ANGLE   =      2112.1909  DIHED      =      1364.4773
 UB     =         0.0000  IMP     =         0.0000  CMAP       =       198.3858
 1-4 NB =      1005.8888  1-4 EEL =     15150.0938  VDWAALS    =     17418.7643
 EELEC  =   -183758.3450  EHBOND  =         0.0000  RESTRAINT  =         0.0000
 ------------------------------------------------------------------------------

wrapping first mol.:      -29.97837      -42.39582       73.43173

 NSTEP =   620000   TIME(PS) =  351279.999  TEMP(K) =   310.20  PRESS =     0.0
 Etot   =   -113677.8695  EKtot   =     31554.3672  EPtot      =   -145232.2366
 BOND   =       818.5534  ANGLE   =      2163.3710  DIHED      =      1371.7339
 UB     =         0.0000  IMP     =         0.0000  CMAP       =       202.5074
 1-4 NB =      1007.8431  1-4 EEL =     15168.2190  VDWAALS    =     17141.6588
 EELEC  =   -183106.1233  EHBOND  =         0.0000  RESTRAINT  =         0.0000
 ------------------------------------------------------------------------------

wrapping first mol.:      -29.97837      -42.39582       73.43173

 NSTEP =   640000   TIME(PS) =  351319.999  TEMP(K) =   309.72  PRESS =     0.0
 Etot   =   -113526.3543  EKtot   =     31505.0684  EPtot      =   -145031.4226
 BOND   =       900.4022  ANGLE   =      2209.8033  DIHED      =      1355.2183
 UB     =         0.0000  IMP     =         0.0000  CMAP       =       199.5263
 1-4 NB =       984.0894  1-4 EEL =     15109.6210  VDWAALS    =     17308.8746
 EELEC  =   -183098.9578  EHBOND  =         0.0000  RESTRAINT  =         0.0000
 ------------------------------------------------------------------------------

wrapping first mol.:      -29.97837      -42.39582       73.43173

 NSTEP =   660000   TIME(PS) =  351359.999  TEMP(K) =   310.60  PRESS =     0.0
 Etot   =   -113609.4290  EKtot   =     31594.5840  EPtot      =   -145204.0130
 BOND   =       858.9344  ANGLE   =      2152.9542  DIHED      =      1341.9769
 UB     =         0.0000  IMP     =         0.0000  CMAP       =       186.6694
 1-4 NB =       990.7178  1-4 EEL =     15124.0894  VDWAALS    =     17612.0882
 EELEC  =   -183471.4433  EHBOND  =         0.0000  RESTRAINT  =         0.0000
 ------------------------------------------------------------------------------

wrapping first mol.:      -29.97837      -42.39582       73.43173

 NSTEP =   680000   TIME(PS) =  351399.999  TEMP(K) =   309.11  PRESS =     0.0
 Etot   =   -113491.4774  EKtot   =     31443.7207  EPtot      =   -144935.1981
 BOND   =       843.6504  ANGLE   =      2180.2882  DIHED      =      1391.9322
 UB     =         0.0000  IMP     =         0.0000  CMAP       =       190.2383
 1-4 NB =       989.5935  1-4 EEL =     15062.8923  VDWAALS    =     17422.8659
 EELEC  =   -183016.6589  EHBOND  =         0.0000  RESTRAINT  =         0.0000
 ------------------------------------------------------------------------------

wrapping first mol.:      -29.97837      -42.39582       73.43173

 NSTEP =   700000   TIME(PS) =  351439.999  TEMP(K) =   309.58  PRESS =     0.0
 Etot   =   -113769.4442  EKtot   =     31491.1973  EPtot      =   -145260.6415
 BOND   =       831.7139  ANGLE   =      2148.7985  DIHED      =      1349.3709
 UB     =         0.0000  IMP     =         0.0000  CMAP       =       187.9575
 1-4 NB =       993.3731  1-4 EEL =     15128.1209  VDWAALS    =     17255.7851
 EELEC  =   -183155.7613  EHBOND  =         0.0000  RESTRAINT  =         0.0000
 ------------------------------------------------------------------------------

wrapping first mol.:      -29.97837      -42.39582       73.43173

 NSTEP =   720000   TIME(PS) =  351479.999  TEMP(K) =   310.65  PRESS =     0.0
 Etot   =   -113562.2279  EKtot   =     31599.7988  EPtot      =   -145162.0268
 BOND   =       855.4864  ANGLE   =      2156.4735  DIHED      =      1357.0100
 UB     =         0.0000  IMP     =         0.0000  CMAP       =       206.3951
 1-4 NB =      1014.9319  1-4 EEL =     15121.3325  VDWAALS    =     17365.7469
 EELEC  =   -183239.4030  EHBOND  =         0.0000  RESTRAINT  =         0.0000
 ------------------------------------------------------------------------------

wrapping first mol.:      -29.97837      -42.39582       73.43173

 NSTEP =   740000   TIME(PS) =  351519.999  TEMP(K) =   310.22  PRESS =     0.0
 Etot   =   -113817.3362  EKtot   =     31556.6367  EPtot      =   -145373.9729
 BOND   =       872.0727  ANGLE   =      2108.9567  DIHED      =      1345.2976
 UB     =         0.0000  IMP     =         0.0000  CMAP       =       202.1075
 1-4 NB =       991.5711  1-4 EEL =     15090.3771  VDWAALS    =     17316.3020
 EELEC  =   -183300.6576  EHBOND  =         0.0000  RESTRAINT  =         0.0000
 ------------------------------------------------------------------------------

wrapping first mol.:      -29.97837      -42.39582       73.43173

 NSTEP =   760000   TIME(PS) =  351559.999  TEMP(K) =   308.86  PRESS =     0.0
 Etot   =   -113680.9765  EKtot   =     31417.4609  EPtot      =   -145098.4374
 BOND   =       857.7949  ANGLE   =      2152.3760  DIHED      =      1376.7976
 UB     =         0.0000  IMP     =         0.0000  CMAP       =       219.9597
 1-4 NB =       998.5883  1-4 EEL =     15064.9882  VDWAALS    =     17196.7792
 EELEC  =   -182965.7214  EHBOND  =         0.0000  RESTRAINT  =         0.0000
 ------------------------------------------------------------------------------

wrapping first mol.:      -29.97837      -42.39582       73.43173

 NSTEP =   780000   TIME(PS) =  351599.999  TEMP(K) =   308.15  PRESS =     0.0
 Etot   =   -113820.1076  EKtot   =     31346.2090  EPtot      =   -145166.3165
 BOND   =       847.6471  ANGLE   =      2166.0284  DIHED      =      1371.3020
 UB     =         0.0000  IMP     =         0.0000  CMAP       =       196.9176
 1-4 NB =      1006.2899  1-4 EEL =     15049.9083  VDWAALS    =     17227.7248
 EELEC  =   -183032.1346  EHBOND  =         0.0000  RESTRAINT  =         0.0000
 ------------------------------------------------------------------------------

wrapping first mol.:      -29.97837      -42.39582       73.43173

 NSTEP =   800000   TIME(PS) =  351639.999  TEMP(K) =   311.99  PRESS =     0.0
 Etot   =   -113359.8443  EKtot   =     31736.7793  EPtot      =   -145096.6236
 BOND   =       875.0465  ANGLE   =      2224.7301  DIHED      =      1345.3272
 UB     =         0.0000  IMP     =         0.0000  CMAP       =       206.2123
 1-4 NB =      1001.3044  1-4 EEL =     15074.4159  VDWAALS    =     17285.9993
 EELEC  =   -183109.6593  EHBOND  =         0.0000  RESTRAINT  =         0.0000
 ------------------------------------------------------------------------------


 NSTEP =   820000   TIME(PS) =  351679.999  TEMP(K) =   309.41  PRESS =     0.0
 Etot   =   -113905.8230  EKtot   =     31474.2871  EPtot      =   -145380.1101
 BOND   =       873.3944  ANGLE   =      2200.3964  DIHED      =      1361.9814
 UB     =         0.0000  IMP     =         0.0000  CMAP       =       203.1698
 1-4 NB =       983.1359  1-4 EEL =     15097.1306  VDWAALS    =     17337.5140
 EELEC  =   -183436.8325  EHBOND  =         0.0000  RESTRAINT  =         0.0000
 ------------------------------------------------------------------------------


 NSTEP =   840000   TIME(PS) =  351719.999  TEMP(K) =   310.10  PRESS =     0.0
 Etot   =   -113821.6308  EKtot   =     31543.9492  EPtot      =   -145365.5800
 BOND   =       872.6490  ANGLE   =      2143.5984  DIHED      =      1351.5804
 UB     =         0.0000  IMP     =         0.0000  CMAP       =       221.8832
 1-4 NB =       992.5025  1-4 EEL =     14964.4452  VDWAALS    =     17302.3655
 EELEC  =   -183214.6042  EHBOND  =         0.0000  RESTRAINT  =         0.0000
 ------------------------------------------------------------------------------


 NSTEP =   860000   TIME(PS) =  351759.999  TEMP(K) =   311.28  PRESS =     0.0
 Etot   =   -114068.0559  EKtot   =     31664.2754  EPtot      =   -145732.3313
 BOND   =       849.3730  ANGLE   =      2091.9544  DIHED      =      1345.1728
 UB     =         0.0000  IMP     =         0.0000  CMAP       =       208.0571
 1-4 NB =       987.4368  1-4 EEL =     15046.9577  VDWAALS    =     16957.2516
 EELEC  =   -183218.5347  EHBOND  =         0.0000  RESTRAINT  =         0.0000
 ------------------------------------------------------------------------------


 NSTEP =   880000   TIME(PS) =  351799.999  TEMP(K) =   311.04  PRESS =     0.0
 Etot   =   -113485.5842  EKtot   =     31639.6250  EPtot      =   -145125.2092
 BOND   =       847.9440  ANGLE   =      2098.2992  DIHED      =      1372.1444
 UB     =         0.0000  IMP     =         0.0000  CMAP       =       201.2140
 1-4 NB =      1003.5460  1-4 EEL =     15074.3107  VDWAALS    =     17435.1109
 EELEC  =   -183157.7784  EHBOND  =         0.0000  RESTRAINT  =         0.0000
 ------------------------------------------------------------------------------

wrapping first mol.:      -29.97837      -42.39582       73.43173

 NSTEP =   900000   TIME(PS) =  351839.999  TEMP(K) =   309.47  PRESS =     0.0
 Etot   =   -113592.8561  EKtot   =     31480.0078  EPtot      =   -145072.8639
 BOND   =       854.1120  ANGLE   =      2103.8014  DIHED      =      1360.4562
 UB     =         0.0000  IMP     =         0.0000  CMAP       =       206.7775
 1-4 NB =       994.9197  1-4 EEL =     15069.6860  VDWAALS    =     17526.7345
 EELEC  =   -183189.3513  EHBOND  =         0.0000  RESTRAINT  =         0.0000
 ------------------------------------------------------------------------------

wrapping first mol.:      -29.97837      -42.39582       73.43173

 NSTEP =   920000   TIME(PS) =  351879.999  TEMP(K) =   311.11  PRESS =     0.0
 Etot   =   -113432.0219  EKtot   =     31646.9375  EPtot      =   -145078.9594
 BOND   =       852.0058  ANGLE   =      2267.6598  DIHED      =      1375.6482
 UB     =         0.0000  IMP     =         0.0000  CMAP       =       200.7610
 1-4 NB =       966.6384  1-4 EEL =     14969.0228  VDWAALS    =     17190.3403
 EELEC  =   -182901.0357  EHBOND  =         0.0000  RESTRAINT  =         0.0000
 ------------------------------------------------------------------------------

wrapping first mol.:      -29.97837      -42.39582       73.43173

 NSTEP =   940000   TIME(PS) =  351919.999  TEMP(K) =   308.72  PRESS =     0.0
 Etot   =   -113881.7968  EKtot   =     31404.0645  EPtot      =   -145285.8613
 BOND   =       834.2443  ANGLE   =      2080.2914  DIHED      =      1340.2285
 UB     =         0.0000  IMP     =         0.0000  CMAP       =       213.7664
 1-4 NB =      1003.7835  1-4 EEL =     15012.3118  VDWAALS    =     17237.6333
 EELEC  =   -183008.1205  EHBOND  =         0.0000  RESTRAINT  =         0.0000
 ------------------------------------------------------------------------------


 NSTEP =   960000   TIME(PS) =  351959.999  TEMP(K) =   309.16  PRESS =     0.0
 Etot   =   -113767.0451  EKtot   =     31448.2773  EPtot      =   -145215.3225
 BOND   =       858.0191  ANGLE   =      2178.6674  DIHED      =      1357.8285
 UB     =         0.0000  IMP     =         0.0000  CMAP       =       195.6856
 1-4 NB =      1006.7370  1-4 EEL =     15091.7644  VDWAALS    =     17253.2103
 EELEC  =   -183157.2349  EHBOND  =         0.0000  RESTRAINT  =         0.0000
 ------------------------------------------------------------------------------


 NSTEP =   980000   TIME(PS) =  351999.999  TEMP(K) =   310.01  PRESS =     0.0
 Etot   =   -113972.0320  EKtot   =     31534.9980  EPtot      =   -145507.0301
 BOND   =       833.4234  ANGLE   =      2208.0569  DIHED      =      1351.0035
 UB     =         0.0000  IMP     =         0.0000  CMAP       =       186.5395
 1-4 NB =      1001.9909  1-4 EEL =     15021.4548  VDWAALS    =     17742.6111
 EELEC  =   -183852.1101  EHBOND  =         0.0000  RESTRAINT  =         0.0000
 ------------------------------------------------------------------------------


 NSTEP =  1000000   TIME(PS) =  352039.999  TEMP(K) =   308.31  PRESS =     0.0
 Etot   =   -113320.6128  EKtot   =     31361.7324  EPtot      =   -144682.3453
 BOND   =       839.7261  ANGLE   =      2153.8435  DIHED      =      1354.0594
 UB     =         0.0000  IMP     =         0.0000  CMAP       =       192.6912
 1-4 NB =      1014.0530  1-4 EEL =     15003.2006  VDWAALS    =     17318.8280
 EELEC  =   -182558.7470  EHBOND  =         0.0000  RESTRAINT  =         0.0000
 ------------------------------------------------------------------------------


 NSTEP =  1020000   TIME(PS) =  352079.999  TEMP(K) =   309.67  PRESS =     0.0
 Etot   =   -113738.8435  EKtot   =     31500.4883  EPtot      =   -145239.3318
 BOND   =       878.6774  ANGLE   =      2105.5401  DIHED      =      1361.9995
 UB     =         0.0000  IMP     =         0.0000  CMAP       =       174.7914
 1-4 NB =      1010.0126  1-4 EEL =     14980.3871  VDWAALS    =     17347.6136
 EELEC  =   -183098.3534  EHBOND  =         0.0000  RESTRAINT  =         0.0000
 ------------------------------------------------------------------------------


 NSTEP =  1040000   TIME(PS) =  352119.999  TEMP(K) =   307.75  PRESS =     0.0
 Etot   =   -114190.6726  EKtot   =     31305.1621  EPtot      =   -145495.8347
 BOND   =       888.1771  ANGLE   =      2163.6862  DIHED      =      1352.7339
 UB     =         0.0000  IMP     =         0.0000  CMAP       =       204.1515
 1-4 NB =       992.4324  1-4 EEL =     15106.5653  VDWAALS    =     17084.1960
 EELEC  =   -183287.7770  EHBOND  =         0.0000  RESTRAINT  =         0.0000
 ------------------------------------------------------------------------------


 NSTEP =  1060000   TIME(PS) =  352159.999  TEMP(K) =   309.63  PRESS =     0.0
 Etot   =   -113542.4134  EKtot   =     31496.1465  EPtot      =   -145038.5599
 BOND   =       853.4612  ANGLE   =      2134.4232  DIHED      =      1337.3246
 UB     =         0.0000  IMP     =         0.0000  CMAP       =       198.7240
 1-4 NB =       998.9711  1-4 EEL =     15012.4008  VDWAALS    =     17384.0283
 EELEC  =   -182957.8931  EHBOND  =         0.0000  RESTRAINT  =         0.0000
 ------------------------------------------------------------------------------


 NSTEP =  1080000   TIME(PS) =  352199.999  TEMP(K) =   311.91  PRESS =     0.0
 Etot   =   -113766.7845  EKtot   =     31728.6270  EPtot      =   -145495.4115
 BOND   =       847.2112  ANGLE   =      2113.2922  DIHED      =      1335.5051
 UB     =         0.0000  IMP     =         0.0000  CMAP       =       200.7257
 1-4 NB =      1010.6433  1-4 EEL =     15084.3754  VDWAALS    =     17196.6918
 EELEC  =   -183283.8561  EHBOND  =         0.0000  RESTRAINT  =         0.0000
 ------------------------------------------------------------------------------


 NSTEP =  1100000   TIME(PS) =  352239.999  TEMP(K) =   308.86  PRESS =     0.0
 Etot   =   -113650.7972  EKtot   =     31418.4492  EPtot      =   -145069.2464
 BOND   =       877.0643  ANGLE   =      2099.8002  DIHED      =      1344.0041
 UB     =         0.0000  IMP     =         0.0000  CMAP       =       194.8300
 1-4 NB =      1026.7731  1-4 EEL =     15022.3335  VDWAALS    =     17278.3802
 EELEC  =   -182912.4317  EHBOND  =         0.0000  RESTRAINT  =         0.0000
 ------------------------------------------------------------------------------


 NSTEP =  1120000   TIME(PS) =  352279.999  TEMP(K) =   309.41  PRESS =     0.0
 Etot   =   -113964.2221  EKtot   =     31474.3984  EPtot      =   -145438.6205
 BOND   =       832.9141  ANGLE   =      2101.1752  DIHED      =      1343.0322
 UB     =         0.0000  IMP     =         0.0000  CMAP       =       196.2734
 1-4 NB =      1020.9149  1-4 EEL =     15070.6721  VDWAALS    =     17371.4486
 EELEC  =   -183375.0510  EHBOND  =         0.0000  RESTRAINT  =         0.0000
 ------------------------------------------------------------------------------


 NSTEP =  1140000   TIME(PS) =  352319.999  TEMP(K) =   309.74  PRESS =     0.0
 Etot   =   -113873.2019  EKtot   =     31507.4668  EPtot      =   -145380.6687
 BOND   =       898.2532  ANGLE   =      2152.2397  DIHED      =      1340.5118
 UB     =         0.0000  IMP     =         0.0000  CMAP       =       185.1961
 1-4 NB =       995.3211  1-4 EEL =     14953.9498  VDWAALS    =     17630.5390
 EELEC  =   -183536.6793  EHBOND  =         0.0000  RESTRAINT  =         0.0000
 ------------------------------------------------------------------------------


 NSTEP =  1160000   TIME(PS) =  352359.999  TEMP(K) =   309.86  PRESS =     0.0
 Etot   =   -113707.8817  EKtot   =     31519.3613  EPtot      =   -145227.2430
 BOND   =       864.1353  ANGLE   =      2178.6184  DIHED      =      1338.8379
 UB     =         0.0000  IMP     =         0.0000  CMAP       =       192.9317
 1-4 NB =       989.8781  1-4 EEL =     14949.3730  VDWAALS    =     17263.0940
 EELEC  =   -183004.1114  EHBOND  =         0.0000  RESTRAINT  =         0.0000
 ------------------------------------------------------------------------------


 NSTEP =  1180000   TIME(PS) =  352399.999  TEMP(K) =   312.02  PRESS =     0.0
 Etot   =   -113011.1187  EKtot   =     31739.3984  EPtot      =   -144750.5171
 BOND   =       855.5644  ANGLE   =      2173.3998  DIHED      =      1368.4122
 UB     =         0.0000  IMP     =         0.0000  CMAP       =       191.9399
 1-4 NB =      1002.9718  1-4 EEL =     15048.7557  VDWAALS    =     17493.8043
 EELEC  =   -182885.3652  EHBOND  =         0.0000  RESTRAINT  =         0.0000
 ------------------------------------------------------------------------------


 NSTEP =  1200000   TIME(PS) =  352439.999  TEMP(K) =   309.32  PRESS =     0.0
 Etot   =   -113557.1404  EKtot   =     31465.0078  EPtot      =   -145022.1482
 BOND   =       889.7172  ANGLE   =      2122.7980  DIHED      =      1350.0073
 UB     =         0.0000  IMP     =         0.0000  CMAP       =       191.7689
 1-4 NB =      1002.3488  1-4 EEL =     15011.5156  VDWAALS    =     16869.5005
 EELEC  =   -182459.8044  EHBOND  =         0.0000  RESTRAINT  =         0.0000
 ------------------------------------------------------------------------------


 NSTEP =  1220000   TIME(PS) =  352479.999  TEMP(K) =   308.55  PRESS =     0.0
 Etot   =   -113666.9142  EKtot   =     31386.0371  EPtot      =   -145052.9513
 BOND   =       837.0613  ANGLE   =      2127.5752  DIHED      =      1347.7997
 UB     =         0.0000  IMP     =         0.0000  CMAP       =       202.7596
 1-4 NB =      1011.1002  1-4 EEL =     15067.1988  VDWAALS    =     17052.3841
 EELEC  =   -182698.8302  EHBOND  =         0.0000  RESTRAINT  =         0.0000
 ------------------------------------------------------------------------------

wrapping first mol.:      -29.97837      -42.39582       73.43173

 NSTEP =  1240000   TIME(PS) =  352519.999  TEMP(K) =   311.79  PRESS =     0.0
 Etot   =   -113333.6885  EKtot   =     31716.1660  EPtot      =   -145049.8545
 BOND   =       837.4856  ANGLE   =      2201.5180  DIHED      =      1349.4323
 UB     =         0.0000  IMP     =         0.0000  CMAP       =       207.2390
 1-4 NB =       988.8474  1-4 EEL =     15026.5899  VDWAALS    =     17145.3175
 EELEC  =   -182806.2841  EHBOND  =         0.0000  RESTRAINT  =         0.0000
 ------------------------------------------------------------------------------

wrapping first mol.:      -29.97837      -42.39582       73.43173

 NSTEP =  1260000   TIME(PS) =  352559.999  TEMP(K) =   309.62  PRESS =     0.0
 Etot   =   -113742.5204  EKtot   =     31495.0840  EPtot      =   -145237.6044
 BOND   =       920.9812  ANGLE   =      2052.1529  DIHED      =      1332.5963
 UB     =         0.0000  IMP     =         0.0000  CMAP       =       188.1910
 1-4 NB =       993.5592  1-4 EEL =     15033.7415  VDWAALS    =     16996.3939
 EELEC  =   -182755.2202  EHBOND  =         0.0000  RESTRAINT  =         0.0000
 ------------------------------------------------------------------------------

wrapping first mol.:      -29.97837      -42.39582       73.43173

 NSTEP =  1280000   TIME(PS) =  352599.999  TEMP(K) =   310.59  PRESS =     0.0
 Etot   =   -113569.0729  EKtot   =     31594.2812  EPtot      =   -145163.3542
 BOND   =       853.2414  ANGLE   =      2148.0374  DIHED      =      1358.8902
 UB     =         0.0000  IMP     =         0.0000  CMAP       =       206.4452
 1-4 NB =      1004.0130  1-4 EEL =     15042.3415  VDWAALS    =     17331.9506
 EELEC  =   -183108.2734  EHBOND  =         0.0000  RESTRAINT  =         0.0000
 ------------------------------------------------------------------------------

wrapping first mol.:      -29.97837      -42.39582       73.43173

 NSTEP =  1300000   TIME(PS) =  352639.999  TEMP(K) =   310.30  PRESS =     0.0
 Etot   =   -113593.5011  EKtot   =     31564.5957  EPtot      =   -145158.0968
 BOND   =       840.7949  ANGLE   =      2124.8182  DIHED      =      1377.6542
 UB     =         0.0000  IMP     =         0.0000  CMAP       =       198.2983
 1-4 NB =      1022.5109  1-4 EEL =     15059.1554  VDWAALS    =     17474.3970
 EELEC  =   -183255.7256  EHBOND  =         0.0000  RESTRAINT  =         0.0000
 ------------------------------------------------------------------------------

wrapping first mol.:      -29.97837      -42.39582       73.43173

 NSTEP =  1320000   TIME(PS) =  352679.999  TEMP(K) =   309.53  PRESS =     0.0
 Etot   =   -113751.6305  EKtot   =     31485.8203  EPtot      =   -145237.4508
 BOND   =       838.0709  ANGLE   =      2155.7229  DIHED      =      1352.3525
 UB     =         0.0000  IMP     =         0.0000  CMAP       =       214.6317
 1-4 NB =      1011.9823  1-4 EEL =     15116.7452  VDWAALS    =     17349.0282
 EELEC  =   -183275.9845  EHBOND  =         0.0000  RESTRAINT  =         0.0000
 ------------------------------------------------------------------------------

wrapping first mol.:      -29.97837      -42.39582       73.43173

 NSTEP =  1340000   TIME(PS) =  352719.999  TEMP(K) =   309.24  PRESS =     0.0
 Etot   =   -113725.6793  EKtot   =     31456.9707  EPtot      =   -145182.6500
 BOND   =       805.7197  ANGLE   =      2158.0212  DIHED      =      1352.3035
 UB     =         0.0000  IMP     =         0.0000  CMAP       =       202.7342
 1-4 NB =      1022.3018  1-4 EEL =     15108.8338  VDWAALS    =     17128.1170
 EELEC  =   -182960.6812  EHBOND  =         0.0000  RESTRAINT  =         0.0000
 ------------------------------------------------------------------------------

wrapping first mol.:      -29.97837      -42.39582       73.43173

 NSTEP =  1360000   TIME(PS) =  352759.999  TEMP(K) =   308.55  PRESS =     0.0
 Etot   =   -113821.9570  EKtot   =     31386.9082  EPtot      =   -145208.8652
 BOND   =       863.5937  ANGLE   =      2124.5735  DIHED      =      1348.5140
 UB     =         0.0000  IMP     =         0.0000  CMAP       =       198.6950
 1-4 NB =      1003.0447  1-4 EEL =     15078.4204  VDWAALS    =     17133.0344
 EELEC  =   -182958.7410  EHBOND  =         0.0000  RESTRAINT  =         0.0000
 ------------------------------------------------------------------------------

wrapping first mol.:      -29.97837      -42.39582       73.43173

 NSTEP =  1380000   TIME(PS) =  352799.999  TEMP(K) =   308.94  PRESS =     0.0
 Etot   =   -114137.3570  EKtot   =     31425.7324  EPtot      =   -145563.0894
 BOND   =       840.2852  ANGLE   =      2128.1915  DIHED      =      1335.4493
 UB     =         0.0000  IMP     =         0.0000  CMAP       =       187.9725
 1-4 NB =      1014.2956  1-4 EEL =     15074.8147  VDWAALS    =     17532.6397
 EELEC  =   -183676.7380  EHBOND  =         0.0000  RESTRAINT  =         0.0000
 ------------------------------------------------------------------------------

wrapping first mol.:      -29.97837      -42.39582       73.43173

 NSTEP =  1400000   TIME(PS) =  352839.999  TEMP(K) =   310.79  PRESS =     0.0
 Etot   =   -114083.2250  EKtot   =     31614.6230  EPtot      =   -145697.8481
 BOND   =       882.3566  ANGLE   =      2165.8014  DIHED      =      1313.1490
 UB     =         0.0000  IMP     =         0.0000  CMAP       =       201.4416
 1-4 NB =       985.1131  1-4 EEL =     14999.1604  VDWAALS    =     17104.7735
 EELEC  =   -183349.6436  EHBOND  =         0.0000  RESTRAINT  =         0.0000
 ------------------------------------------------------------------------------

wrapping first mol.:      -29.97837      -42.39582       73.43173

 NSTEP =  1420000   TIME(PS) =  352879.999  TEMP(K) =   307.12  PRESS =     0.0
 Etot   =   -113661.4849  EKtot   =     31241.4668  EPtot      =   -144902.9517
 BOND   =       883.3049  ANGLE   =      2245.2028  DIHED      =      1336.3150
 UB     =         0.0000  IMP     =         0.0000  CMAP       =       209.2925
 1-4 NB =       992.3068  1-4 EEL =     15114.9370  VDWAALS    =     17406.3506
 EELEC  =   -183090.6614  EHBOND  =         0.0000  RESTRAINT  =         0.0000
 ------------------------------------------------------------------------------

wrapping first mol.:      -29.97837      -42.39582       73.43173

 NSTEP =  1440000   TIME(PS) =  352919.999  TEMP(K) =   309.83  PRESS =     0.0
 Etot   =   -113541.9468  EKtot   =     31517.0977  EPtot      =   -145059.0444
 BOND   =       840.9134  ANGLE   =      2145.8885  DIHED      =      1342.1497
 UB     =         0.0000  IMP     =         0.0000  CMAP       =       204.8186
 1-4 NB =       999.8216  1-4 EEL =     15142.4938  VDWAALS    =     17498.2607
 EELEC  =   -183233.3908  EHBOND  =         0.0000  RESTRAINT  =         0.0000
 ------------------------------------------------------------------------------

wrapping first mol.:      -29.97837      -42.39582       73.43173

 NSTEP =  1460000   TIME(PS) =  352959.999  TEMP(K) =   310.22  PRESS =     0.0
 Etot   =   -113859.2010  EKtot   =     31556.0723  EPtot      =   -145415.2733
 BOND   =       860.4786  ANGLE   =      2165.7346  DIHED      =      1347.5966
 UB     =         0.0000  IMP     =         0.0000  CMAP       =       205.6176
 1-4 NB =       979.0195  1-4 EEL =     15045.5404  VDWAALS    =     17303.8654
 EELEC  =   -183323.1259  EHBOND  =         0.0000  RESTRAINT  =         0.0000
 ------------------------------------------------------------------------------

wrapping first mol.:      -29.97837      -42.39582       73.43173

 NSTEP =  1480000   TIME(PS) =  352999.999  TEMP(K) =   310.66  PRESS =     0.0
 Etot   =   -113874.6944  EKtot   =     31601.5312  EPtot      =   -145476.2257
 BOND   =       881.0785  ANGLE   =      2115.7530  DIHED      =      1339.7237
 UB     =         0.0000  IMP     =         0.0000  CMAP       =       226.3898
 1-4 NB =      1005.5032  1-4 EEL =     15124.9673  VDWAALS    =     17494.6697
 EELEC  =   -183664.3107  EHBOND  =         0.0000  RESTRAINT  =         0.0000
 ------------------------------------------------------------------------------

wrapping first mol.:      -29.97837      -42.39582       73.43173

 NSTEP =  1500000   TIME(PS) =  353039.999  TEMP(K) =   310.72  PRESS =     0.0
 Etot   =   -113471.8395  EKtot   =     31607.4590  EPtot      =   -145079.2985
 BOND   =       874.1766  ANGLE   =      2130.9357  DIHED      =      1388.2628
 UB     =         0.0000  IMP     =         0.0000  CMAP       =       204.5598
 1-4 NB =      1001.6649  1-4 EEL =     15008.9462  VDWAALS    =     17217.4472
 EELEC  =   -182905.2916  EHBOND  =         0.0000  RESTRAINT  =         0.0000
 ------------------------------------------------------------------------------

wrapping first mol.:      -29.97837      -42.39582       73.43173

 NSTEP =  1520000   TIME(PS) =  353079.999  TEMP(K) =   311.15  PRESS =     0.0
 Etot   =   -113615.0694  EKtot   =     31651.0957  EPtot      =   -145266.1651
 BOND   =       894.2141  ANGLE   =      2172.4207  DIHED      =      1367.3974
 UB     =         0.0000  IMP     =         0.0000  CMAP       =       201.2077
 1-4 NB =       978.9209  1-4 EEL =     15038.1383  VDWAALS    =     17242.5022
 EELEC  =   -183160.9665  EHBOND  =         0.0000  RESTRAINT  =         0.0000
 ------------------------------------------------------------------------------

wrapping first mol.:      -29.97837      -42.39582       73.43173

 NSTEP =  1540000   TIME(PS) =  353119.999  TEMP(K) =   311.14  PRESS =     0.0
 Etot   =   -113171.7498  EKtot   =     31649.5371  EPtot      =   -144821.2869
 BOND   =       856.5624  ANGLE   =      2169.3558  DIHED      =      1379.7974
 UB     =         0.0000  IMP     =         0.0000  CMAP       =       207.0579
 1-4 NB =       995.9757  1-4 EEL =     15045.3995  VDWAALS    =     17197.3700
 EELEC  =   -182672.8057  EHBOND  =         0.0000  RESTRAINT  =         0.0000
 ------------------------------------------------------------------------------

wrapping first mol.:      -29.97837      -42.39582       73.43173

 NSTEP =  1560000   TIME(PS) =  353159.999  TEMP(K) =   311.35  PRESS =     0.0
 Etot   =   -113309.3482  EKtot   =     31671.1172  EPtot      =   -144980.4654
 BOND   =       897.8774  ANGLE   =      2113.3621  DIHED      =      1361.3577
 UB     =         0.0000  IMP     =         0.0000  CMAP       =       167.9157
 1-4 NB =       974.1091  1-4 EEL =     15051.3615  VDWAALS    =     17592.9331
 EELEC  =   -183139.3821  EHBOND  =         0.0000  RESTRAINT  =         0.0000
 ------------------------------------------------------------------------------

wrapping first mol.:      -29.97837      -42.39582       73.43173

 NSTEP =  1580000   TIME(PS) =  353199.999  TEMP(K) =   308.69  PRESS =     0.0
 Etot   =   -113630.5142  EKtot   =     31400.1836  EPtot      =   -145030.6978
 BOND   =       828.9748  ANGLE   =      2172.8489  DIHED      =      1356.1340
 UB     =         0.0000  IMP     =         0.0000  CMAP       =       203.9892
 1-4 NB =       983.1314  1-4 EEL =     15043.7141  VDWAALS    =     17313.7880
 EELEC  =   -182933.2783  EHBOND  =         0.0000  RESTRAINT  =         0.0000
 ------------------------------------------------------------------------------

wrapping first mol.:      -29.97837      -42.39582       73.43173

 NSTEP =  1600000   TIME(PS) =  353239.999  TEMP(K) =   307.69  PRESS =     0.0
 Etot   =   -113957.4069  EKtot   =     31298.4590  EPtot      =   -145255.8659
 BOND   =       845.1936  ANGLE   =      2150.3791  DIHED      =      1368.7799
 UB     =         0.0000  IMP     =         0.0000  CMAP       =       204.7802
 1-4 NB =      1004.4280  1-4 EEL =     15089.3085  VDWAALS    =     17554.5448
 EELEC  =   -183473.2799  EHBOND  =         0.0000  RESTRAINT  =         0.0000
 ------------------------------------------------------------------------------

wrapping first mol.:      -29.97837      -42.39582       73.43173

 NSTEP =  1620000   TIME(PS) =  353279.999  TEMP(K) =   312.27  PRESS =     0.0
 Etot   =   -113534.1761  EKtot   =     31764.9824  EPtot      =   -145299.1586
 BOND   =       859.8809  ANGLE   =      2088.3531  DIHED      =      1329.9254
 UB     =         0.0000  IMP     =         0.0000  CMAP       =       192.9092
 1-4 NB =      1000.0182  1-4 EEL =     15097.1272  VDWAALS    =     17397.3240
 EELEC  =   -183264.6966  EHBOND  =         0.0000  RESTRAINT  =         0.0000
 ------------------------------------------------------------------------------

wrapping first mol.:      -29.97837      -42.39582       73.43173

 NSTEP =  1640000   TIME(PS) =  353319.999  TEMP(K) =   309.86  PRESS =     0.0
 Etot   =   -113551.7164  EKtot   =     31520.1855  EPtot      =   -145071.9019
 BOND   =       868.4612  ANGLE   =      2152.0688  DIHED      =      1372.1360
 UB     =         0.0000  IMP     =         0.0000  CMAP       =       191.5296
 1-4 NB =      1023.4099  1-4 EEL =     15134.7091  VDWAALS    =     16989.9578
 EELEC  =   -182804.1744  EHBOND  =         0.0000  RESTRAINT  =         0.0000
 ------------------------------------------------------------------------------

wrapping first mol.:      -29.97837      -42.39582       73.43173

 NSTEP =  1660000   TIME(PS) =  353359.999  TEMP(K) =   310.45  PRESS =     0.0
 Etot   =   -113615.5150  EKtot   =     31579.7148  EPtot      =   -145195.2298
 BOND   =       819.2532  ANGLE   =      2177.1503  DIHED      =      1359.6525
 UB     =         0.0000  IMP     =         0.0000  CMAP       =       190.1160
 1-4 NB =      1001.7388  1-4 EEL =     14989.5510  VDWAALS    =     16904.1751
 EELEC  =   -182636.8668  EHBOND  =         0.0000  RESTRAINT  =         0.0000
 ------------------------------------------------------------------------------

wrapping first mol.:      -29.97837      -42.39582       73.43173

 NSTEP =  1680000   TIME(PS) =  353399.999  TEMP(K) =   310.86  PRESS =     0.0
 Etot   =   -113832.3383  EKtot   =     31621.6172  EPtot      =   -145453.9555
 BOND   =       837.0558  ANGLE   =      2121.6021  DIHED      =      1372.8204
 UB     =         0.0000  IMP     =         0.0000  CMAP       =       191.6542
 1-4 NB =       993.3908  1-4 EEL =     15095.9381  VDWAALS    =     17259.3148
 EELEC  =   -183325.7317  EHBOND  =         0.0000  RESTRAINT  =         0.0000
 ------------------------------------------------------------------------------

wrapping first mol.:      -29.97837      -42.39582       73.43173

 NSTEP =  1700000   TIME(PS) =  353439.999  TEMP(K) =   307.40  PRESS =     0.0
 Etot   =   -113784.0878  EKtot   =     31269.3887  EPtot      =   -145053.4765
 BOND   =       826.8504  ANGLE   =      2122.8754  DIHED      =      1384.5482
 UB     =         0.0000  IMP     =         0.0000  CMAP       =       202.4313
 1-4 NB =      1008.7972  1-4 EEL =     15070.1649  VDWAALS    =     17355.5016
 EELEC  =   -183024.6454  EHBOND  =         0.0000  RESTRAINT  =         0.0000
 ------------------------------------------------------------------------------

wrapping first mol.:      -29.97837      -42.39582       73.43173

 NSTEP =  1720000   TIME(PS) =  353479.999  TEMP(K) =   309.58  PRESS =     0.0
 Etot   =   -114076.2033  EKtot   =     31491.0098  EPtot      =   -145567.2131
 BOND   =       864.8816  ANGLE   =      2104.4742  DIHED      =      1357.7004
 UB     =         0.0000  IMP     =         0.0000  CMAP       =       209.8761
 1-4 NB =      1019.9667  1-4 EEL =     15095.8004  VDWAALS    =     17329.3743
 EELEC  =   -183549.2867  EHBOND  =         0.0000  RESTRAINT  =         0.0000
 ------------------------------------------------------------------------------

wrapping first mol.:      -29.97837      -42.39582       73.43173

 NSTEP =  1740000   TIME(PS) =  353519.999  TEMP(K) =   308.93  PRESS =     0.0
 Etot   =   -113683.9768  EKtot   =     31425.4805  EPtot      =   -145109.4573
 BOND   =       880.9052  ANGLE   =      2095.0817  DIHED      =      1352.5722
 UB     =         0.0000  IMP     =         0.0000  CMAP       =       198.7449
 1-4 NB =      1010.4868  1-4 EEL =     15116.1817  VDWAALS    =     17501.8928
 EELEC  =   -183265.3226  EHBOND  =         0.0000  RESTRAINT  =         0.0000
 ------------------------------------------------------------------------------

wrapping first mol.:      -29.97837      -42.39582       73.43173

 NSTEP =  1760000   TIME(PS) =  353559.999  TEMP(K) =   310.55  PRESS =     0.0
 Etot   =   -113919.0582  EKtot   =     31590.3066  EPtot      =   -145509.3648
 BOND   =       913.8369  ANGLE   =      2121.4083  DIHED      =      1321.7777
 UB     =         0.0000  IMP     =         0.0000  CMAP       =       202.6217
 1-4 NB =       976.8259  1-4 EEL =     15065.9573  VDWAALS    =     17264.3409
 EELEC  =   -183376.1336  EHBOND  =         0.0000  RESTRAINT  =         0.0000
 ------------------------------------------------------------------------------

wrapping first mol.:      -29.97837      -42.39582       73.43173

 NSTEP =  1780000   TIME(PS) =  353599.999  TEMP(K) =   310.46  PRESS =     0.0
 Etot   =   -113172.7435  EKtot   =     31580.8359  EPtot      =   -144753.5795
 BOND   =       877.1943  ANGLE   =      2133.1173  DIHED      =      1358.0884
 UB     =         0.0000  IMP     =         0.0000  CMAP       =       185.0179
 1-4 NB =       991.2339  1-4 EEL =     15031.3678  VDWAALS    =     17118.5189
 EELEC  =   -182448.1179  EHBOND  =         0.0000  RESTRAINT  =         0.0000
 ------------------------------------------------------------------------------

wrapping first mol.:      -29.97837      -42.39582       73.43173

 NSTEP =  1800000   TIME(PS) =  353639.999  TEMP(K) =   310.74  PRESS =     0.0
 Etot   =   -113736.9066  EKtot   =     31608.7910  EPtot      =   -145345.6976
 BOND   =       818.1329  ANGLE   =      2167.3293  DIHED      =      1377.7288
 UB     =         0.0000  IMP     =         0.0000  CMAP       =       194.7966
 1-4 NB =      1002.0138  1-4 EEL =     15059.6704  VDWAALS    =     17188.9804
 EELEC  =   -183154.3498  EHBOND  =         0.0000  RESTRAINT  =         0.0000
 ------------------------------------------------------------------------------

wrapping first mol.:      -29.97837      -42.39582       73.43173

 NSTEP =  1820000   TIME(PS) =  353679.999  TEMP(K) =   311.34  PRESS =     0.0
 Etot   =   -113969.7815  EKtot   =     31670.4453  EPtot      =   -145640.2268
 BOND   =       862.4934  ANGLE   =      2093.7462  DIHED      =      1360.3725
 UB     =         0.0000  IMP     =         0.0000  CMAP       =       186.4367
 1-4 NB =       994.5888  1-4 EEL =     15034.5086  VDWAALS    =     17156.0914
 EELEC  =   -183328.4645  EHBOND  =         0.0000  RESTRAINT  =         0.0000
 ------------------------------------------------------------------------------

wrapping first mol.:      -29.97837      -42.39582       73.43173

 NSTEP =  1840000   TIME(PS) =  353719.999  TEMP(K) =   309.69  PRESS =     0.0
 Etot   =   -113736.1290  EKtot   =     31502.6543  EPtot      =   -145238.7833
 BOND   =       813.0374  ANGLE   =      2170.9711  DIHED      =      1344.3363
 UB     =         0.0000  IMP     =         0.0000  CMAP       =       205.7629
 1-4 NB =      1009.8720  1-4 EEL =     15012.3356  VDWAALS    =     17097.1644
 EELEC  =   -182892.2631  EHBOND  =         0.0000  RESTRAINT  =         0.0000
 ------------------------------------------------------------------------------

wrapping first mol.:      -29.97837      -42.39582       73.43173

 NSTEP =  1860000   TIME(PS) =  353759.999  TEMP(K) =   309.99  PRESS =     0.0
 Etot   =   -114026.9684  EKtot   =     31532.7949  EPtot      =   -145559.7633
 BOND   =       862.7783  ANGLE   =      2171.8026  DIHED      =      1318.0948
 UB     =         0.0000  IMP     =         0.0000  CMAP       =       202.4439
 1-4 NB =       983.4843  1-4 EEL =     15048.4214  VDWAALS    =     17399.9341
 EELEC  =   -183546.7227  EHBOND  =         0.0000  RESTRAINT  =         0.0000
 ------------------------------------------------------------------------------

wrapping first mol.:      -29.97837      -42.39582       73.43173

 NSTEP =  1880000   TIME(PS) =  353799.999  TEMP(K) =   310.90  PRESS =     0.0
 Etot   =   -113111.2156  EKtot   =     31625.1328  EPtot      =   -144736.3485
 BOND   =       856.3894  ANGLE   =      2135.4721  DIHED      =      1403.7490
 UB     =         0.0000  IMP     =         0.0000  CMAP       =       197.8070
 1-4 NB =      1010.9269  1-4 EEL =     15068.1671  VDWAALS    =     17214.5029
 EELEC  =   -182623.3628  EHBOND  =         0.0000  RESTRAINT  =         0.0000
 ------------------------------------------------------------------------------

wrapping first mol.:      -29.97837      -42.39582       73.43173

 NSTEP =  1900000   TIME(PS) =  353839.999  TEMP(K) =   311.63  PRESS =     0.0
 Etot   =   -113161.9972  EKtot   =     31699.4844  EPtot      =   -144861.4815
 BOND   =       902.7402  ANGLE   =      2168.9272  DIHED      =      1342.1987
 UB     =         0.0000  IMP     =         0.0000  CMAP       =       193.5045
 1-4 NB =      1000.2137  1-4 EEL =     15035.4137  VDWAALS    =     16994.3953
 EELEC  =   -182498.8748  EHBOND  =         0.0000  RESTRAINT  =         0.0000
 ------------------------------------------------------------------------------

wrapping first mol.:      -29.97837      -42.39582       73.43173

 NSTEP =  1920000   TIME(PS) =  353879.999  TEMP(K) =   311.33  PRESS =     0.0
 Etot   =   -113371.0358  EKtot   =     31668.9395  EPtot      =   -145039.9752
 BOND   =       894.1118  ANGLE   =      2229.3271  DIHED      =      1378.7273
 UB     =         0.0000  IMP     =         0.0000  CMAP       =       195.8145
 1-4 NB =       995.8360  1-4 EEL =     15033.4026  VDWAALS    =     17574.6818
 EELEC  =   -183341.8764  EHBOND  =         0.0000  RESTRAINT  =         0.0000
 ------------------------------------------------------------------------------

wrapping first mol.:      -29.97837      -42.39582       73.43173

 NSTEP =  1940000   TIME(PS) =  353919.999  TEMP(K) =   308.68  PRESS =     0.0
 Etot   =   -113893.8943  EKtot   =     31399.3398  EPtot      =   -145293.2342
 BOND   =       833.7996  ANGLE   =      2171.0265  DIHED      =      1342.6286
 UB     =         0.0000  IMP     =         0.0000  CMAP       =       197.6336
 1-4 NB =       997.0890  1-4 EEL =     15059.5850  VDWAALS    =     17561.0821
 EELEC  =   -183456.0786  EHBOND  =         0.0000  RESTRAINT  =         0.0000
 ------------------------------------------------------------------------------

wrapping first mol.:      -29.97837      -42.39582       73.43173

 NSTEP =  1960000   TIME(PS) =  353959.999  TEMP(K) =   309.15  PRESS =     0.0
 Etot   =   -113707.6032  EKtot   =     31447.0332  EPtot      =   -145154.6364
 BOND   =       879.1304  ANGLE   =      2196.9236  DIHED      =      1347.7930
 UB     =         0.0000  IMP     =         0.0000  CMAP       =       196.5670
 1-4 NB =       966.7329  1-4 EEL =     15014.3653  VDWAALS    =     17484.6091
 EELEC  =   -183240.7576  EHBOND  =         0.0000  RESTRAINT  =         0.0000
 ------------------------------------------------------------------------------

wrapping first mol.:      -29.97837      -42.39582       73.43173

 NSTEP =  1980000   TIME(PS) =  353999.999  TEMP(K) =   308.26  PRESS =     0.0
 Etot   =   -114136.4038  EKtot   =     31356.8125  EPtot      =   -145493.2163
 BOND   =       849.8714  ANGLE   =      2100.0650  DIHED      =      1367.3619
 UB     =         0.0000  IMP     =         0.0000  CMAP       =       191.4286
 1-4 NB =       998.8450  1-4 EEL =     15021.0205  VDWAALS    =     17638.5614
 EELEC  =   -183660.3701  EHBOND  =         0.0000  RESTRAINT  =         0.0000
 ------------------------------------------------------------------------------

wrapping first mol.:      -29.97837      -42.39582       73.43173

 NSTEP =  2000000   TIME(PS) =  354039.999  TEMP(K) =   312.31  PRESS =     0.0
 Etot   =   -113545.7131  EKtot   =     31769.0957  EPtot      =   -145314.8088
 BOND   =       870.0974  ANGLE   =      2181.6343  DIHED      =      1362.6059
 UB     =         0.0000  IMP     =         0.0000  CMAP       =       187.2052
 1-4 NB =       996.4752  1-4 EEL =     15090.1166  VDWAALS    =     17751.9920
 EELEC  =   -183754.9353  EHBOND  =         0.0000  RESTRAINT  =         0.0000
 ------------------------------------------------------------------------------

wrapping first mol.:      -29.97837      -42.39582       73.43173

 NSTEP =  2020000   TIME(PS) =  354079.999  TEMP(K) =   312.13  PRESS =     0.0
 Etot   =   -113348.6848  EKtot   =     31751.0137  EPtot      =   -145099.6985
 BOND   =       819.6686  ANGLE   =      2170.2767  DIHED      =      1342.6480
 UB     =         0.0000  IMP     =         0.0000  CMAP       =       198.6832
 1-4 NB =      1014.7999  1-4 EEL =     15064.1075  VDWAALS    =     17440.8175
 EELEC  =   -183150.6999  EHBOND  =         0.0000  RESTRAINT  =         0.0000
 ------------------------------------------------------------------------------

wrapping first mol.:      -29.97837      -42.39582       73.43173

 NSTEP =  2040000   TIME(PS) =  354119.999  TEMP(K) =   309.98  PRESS =     0.0
 Etot   =   -113194.2260  EKtot   =     31532.2148  EPtot      =   -144726.4409
 BOND   =       906.6601  ANGLE   =      2233.9891  DIHED      =      1386.3930
 UB     =         0.0000  IMP     =         0.0000  CMAP       =       192.0816
 1-4 NB =       983.2152  1-4 EEL =     15038.0566  VDWAALS    =     17186.6876
 EELEC  =   -182653.5240  EHBOND  =         0.0000  RESTRAINT  =         0.0000
 ------------------------------------------------------------------------------

wrapping first mol.:      -29.97837      -42.39582       73.43173

 NSTEP =  2060000   TIME(PS) =  354159.999  TEMP(K) =   310.77  PRESS =     0.0
 Etot   =   -113260.7615  EKtot   =     31612.6719  EPtot      =   -144873.4334
 BOND   =       900.8859  ANGLE   =      2122.5210  DIHED      =      1332.9780
 UB     =         0.0000  IMP     =         0.0000  CMAP       =       207.9289
 1-4 NB =      1001.3571  1-4 EEL =     15077.4894  VDWAALS    =     17254.7491
 EELEC  =   -182771.3426  EHBOND  =         0.0000  RESTRAINT  =         0.0000
 ------------------------------------------------------------------------------

wrapping first mol.:      -29.97837      -42.39582       73.43173

 NSTEP =  2080000   TIME(PS) =  354199.999  TEMP(K) =   312.43  PRESS =     0.0
 Etot   =   -113611.3611  EKtot   =     31781.0293  EPtot      =   -145392.3904
 BOND   =       851.5123  ANGLE   =      2218.9643  DIHED      =      1379.3515
 UB     =         0.0000  IMP     =         0.0000  CMAP       =       205.6993
 1-4 NB =      1009.4320  1-4 EEL =     15021.0593  VDWAALS    =     17486.0300
 EELEC  =   -183564.4390  EHBOND  =         0.0000  RESTRAINT  =         0.0000
 ------------------------------------------------------------------------------

wrapping first mol.:      -29.97837      -42.39582       73.43173

 NSTEP =  2100000   TIME(PS) =  354239.999  TEMP(K) =   310.67  PRESS =     0.0
 Etot   =   -113734.4029  EKtot   =     31602.4121  EPtot      =   -145336.8150
 BOND   =       875.4192  ANGLE   =      2111.7197  DIHED      =      1354.1599
 UB     =         0.0000  IMP     =         0.0000  CMAP       =       207.3939
 1-4 NB =       985.5499  1-4 EEL =     15062.2900  VDWAALS    =     17455.7337
 EELEC  =   -183389.0814  EHBOND  =         0.0000  RESTRAINT  =         0.0000
 ------------------------------------------------------------------------------

wrapping first mol.:      -29.97837      -42.39582       73.43173

 NSTEP =  2120000   TIME(PS) =  354279.999  TEMP(K) =   310.41  PRESS =     0.0
 Etot   =   -113546.6071  EKtot   =     31576.0332  EPtot      =   -145122.6403
 BOND   =       854.7500  ANGLE   =      2167.1323  DIHED      =      1354.9322
 UB     =         0.0000  IMP     =         0.0000  CMAP       =       208.1123
 1-4 NB =      1011.0946  1-4 EEL =     15086.1066  VDWAALS    =     17335.0297
 EELEC  =   -183139.7980  EHBOND  =         0.0000  RESTRAINT  =         0.0000
 ------------------------------------------------------------------------------

wrapping first mol.:      -29.97837      -42.39582       73.43173

 NSTEP =  2140000   TIME(PS) =  354319.999  TEMP(K) =   309.54  PRESS =     0.0
 Etot   =   -113841.9557  EKtot   =     31487.3262  EPtot      =   -145329.2819
 BOND   =       854.3746  ANGLE   =      2170.8114  DIHED      =      1389.8062
 UB     =         0.0000  IMP     =         0.0000  CMAP       =       207.6042
 1-4 NB =       983.8125  1-4 EEL =     15030.2903  VDWAALS    =     17426.5550
 EELEC  =   -183392.5360  EHBOND  =         0.0000  RESTRAINT  =         0.0000
 ------------------------------------------------------------------------------

wrapping first mol.:      -29.97837      -42.39582       73.43173

 NSTEP =  2160000   TIME(PS) =  354359.999  TEMP(K) =   307.84  PRESS =     0.0
 Etot   =   -114041.0058  EKtot   =     31314.2461  EPtot      =   -145355.2519
 BOND   =       793.0632  ANGLE   =      2100.6699  DIHED      =      1346.9864
 UB     =         0.0000  IMP     =         0.0000  CMAP       =       195.5563
 1-4 NB =       989.9072  1-4 EEL =     15105.1180  VDWAALS    =     17158.5146
 EELEC  =   -183045.0674  EHBOND  =         0.0000  RESTRAINT  =         0.0000
 ------------------------------------------------------------------------------

wrapping first mol.:      -29.97837      -42.39582       73.43173

 NSTEP =  2180000   TIME(PS) =  354399.999  TEMP(K) =   308.71  PRESS =     0.0
 Etot   =   -113706.5961  EKtot   =     31402.6973  EPtot      =   -145109.2934
 BOND   =       831.4396  ANGLE   =      2124.7362  DIHED      =      1363.0843
 UB     =         0.0000  IMP     =         0.0000  CMAP       =       187.7722
 1-4 NB =      1016.3792  1-4 EEL =     15076.9493  VDWAALS    =     17234.3195
 EELEC  =   -182943.9736  EHBOND  =         0.0000  RESTRAINT  =         0.0000
 ------------------------------------------------------------------------------

wrapping first mol.:      -29.97837      -42.39582       73.43173

 NSTEP =  2200000   TIME(PS) =  354439.999  TEMP(K) =   308.54  PRESS =     0.0
 Etot   =   -113854.9190  EKtot   =     31385.7051  EPtot      =   -145240.6241
 BOND   =       853.3074  ANGLE   =      2129.0335  DIHED      =      1391.3434
 UB     =         0.0000  IMP     =         0.0000  CMAP       =       207.9792
 1-4 NB =       997.5792  1-4 EEL =     15061.6843  VDWAALS    =     17184.6175
 EELEC  =   -183066.1686  EHBOND  =         0.0000  RESTRAINT  =         0.0000
 ------------------------------------------------------------------------------

wrapping first mol.:      -29.97837      -42.39582       73.43173

 NSTEP =  2220000   TIME(PS) =  354479.999  TEMP(K) =   310.30  PRESS =     0.0
 Etot   =   -113500.5187  EKtot   =     31564.1719  EPtot      =   -145064.6906
 BOND   =       856.8718  ANGLE   =      2106.9420  DIHED      =      1380.9212
 UB     =         0.0000  IMP     =         0.0000  CMAP       =       198.6797
 1-4 NB =      1010.1280  1-4 EEL =     15068.0270  VDWAALS    =     17148.2695
 EELEC  =   -182834.5297  EHBOND  =         0.0000  RESTRAINT  =         0.0000
 ------------------------------------------------------------------------------

wrapping first mol.:      -29.97837      -42.39582       73.43173

 NSTEP =  2240000   TIME(PS) =  354519.999  TEMP(K) =   307.91  PRESS =     0.0
 Etot   =   -114150.7576  EKtot   =     31320.9297  EPtot      =   -145471.6873
 BOND   =       843.8811  ANGLE   =      2189.7522  DIHED      =      1370.5254
 UB     =         0.0000  IMP     =         0.0000  CMAP       =       190.7353
 1-4 NB =      1020.5367  1-4 EEL =     15055.6273  VDWAALS    =     17543.5039
 EELEC  =   -183686.2491  EHBOND  =         0.0000  RESTRAINT  =         0.0000
 ------------------------------------------------------------------------------

wrapping first mol.:      -29.97837      -42.39582       73.43173

 NSTEP =  2260000   TIME(PS) =  354559.999  TEMP(K) =   311.24  PRESS =     0.0
 Etot   =   -113895.2647  EKtot   =     31660.2910  EPtot      =   -145555.5557
 BOND   =       894.8954  ANGLE   =      2129.0426  DIHED      =      1361.1102
 UB     =         0.0000  IMP     =         0.0000  CMAP       =       216.7218
 1-4 NB =      1004.2239  1-4 EEL =     15094.1373  VDWAALS    =     17344.6764
 EELEC  =   -183600.3630  EHBOND  =         0.0000  RESTRAINT  =         0.0000
 ------------------------------------------------------------------------------

wrapping first mol.:      -29.97837      -42.39582       73.43173

 NSTEP =  2280000   TIME(PS) =  354599.999  TEMP(K) =   311.28  PRESS =     0.0
 Etot   =   -113572.3881  EKtot   =     31664.2227  EPtot      =   -145236.6108
 BOND   =       818.0816  ANGLE   =      2083.4294  DIHED      =      1368.4121
 UB     =         0.0000  IMP     =         0.0000  CMAP       =       195.7440
 1-4 NB =      1001.3599  1-4 EEL =     15124.2917  VDWAALS    =     17134.3276
 EELEC  =   -182962.2569  EHBOND  =         0.0000  RESTRAINT  =         0.0000
 ------------------------------------------------------------------------------

wrapping first mol.:      -29.97837      -42.39582       73.43173

 NSTEP =  2300000   TIME(PS) =  354639.999  TEMP(K) =   313.00  PRESS =     0.0
 Etot   =   -113024.6697  EKtot   =     31839.5859  EPtot      =   -144864.2556
 BOND   =       833.8254  ANGLE   =      2188.3203  DIHED      =      1366.5035
 UB     =         0.0000  IMP     =         0.0000  CMAP       =       202.1458
 1-4 NB =      1033.6320  1-4 EEL =     15114.4418  VDWAALS    =     17034.2941
 EELEC  =   -182637.4185  EHBOND  =         0.0000  RESTRAINT  =         0.0000
 ------------------------------------------------------------------------------

wrapping first mol.:      -29.97837      -42.39582       73.43173

 NSTEP =  2320000   TIME(PS) =  354679.999  TEMP(K) =   311.27  PRESS =     0.0
 Etot   =   -113763.3851  EKtot   =     31662.9453  EPtot      =   -145426.3304
 BOND   =       898.5089  ANGLE   =      2157.8500  DIHED      =      1346.1910
 UB     =         0.0000  IMP     =         0.0000  CMAP       =       189.9925
 1-4 NB =      1008.7945  1-4 EEL =     15026.7250  VDWAALS    =     17334.6958
 EELEC  =   -183389.0882  EHBOND  =         0.0000  RESTRAINT  =         0.0000
 ------------------------------------------------------------------------------

wrapping first mol.:      -29.97837      -42.39582       73.43173

 NSTEP =  2340000   TIME(PS) =  354719.999  TEMP(K) =   311.04  PRESS =     0.0
 Etot   =   -113588.8906  EKtot   =     31639.4082  EPtot      =   -145228.2988
 BOND   =       851.4069  ANGLE   =      2131.4884  DIHED      =      1353.3964
 UB     =         0.0000  IMP     =         0.0000  CMAP       =       213.7499
 1-4 NB =      1011.8648  1-4 EEL =     14983.9308  VDWAALS    =     16952.3886
 EELEC  =   -182726.5246  EHBOND  =         0.0000  RESTRAINT  =         0.0000
 ------------------------------------------------------------------------------

wrapping first mol.:      -29.97837      -42.39582       73.43173

 NSTEP =  2360000   TIME(PS) =  354759.999  TEMP(K) =   312.88  PRESS =     0.0
 Etot   =   -113485.2184  EKtot   =     31826.8301  EPtot      =   -145312.0485
 BOND   =       876.6605  ANGLE   =      2147.5084  DIHED      =      1334.4677
 UB     =         0.0000  IMP     =         0.0000  CMAP       =       205.8624
 1-4 NB =       991.1981  1-4 EEL =     15008.0102  VDWAALS    =     17252.8028
 EELEC  =   -183128.5586  EHBOND  =         0.0000  RESTRAINT  =         0.0000
 ------------------------------------------------------------------------------

wrapping first mol.:      -29.97837      -42.39582       73.43173

 NSTEP =  2380000   TIME(PS) =  354799.999  TEMP(K) =   311.41  PRESS =     0.0
 Etot   =   -113495.9406  EKtot   =     31677.1758  EPtot      =   -145173.1164
 BOND   =       858.7624  ANGLE   =      2244.2563  DIHED      =      1384.7224
 UB     =         0.0000  IMP     =         0.0000  CMAP       =       205.9281
 1-4 NB =      1011.3954  1-4 EEL =     14972.6986  VDWAALS    =     17352.4188
 EELEC  =   -183203.2985  EHBOND  =         0.0000  RESTRAINT  =         0.0000
 ------------------------------------------------------------------------------

wrapping first mol.:      -29.97837      -42.39582       73.43173

 NSTEP =  2400000   TIME(PS) =  354839.999  TEMP(K) =   311.24  PRESS =     0.0
 Etot   =   -113702.5571  EKtot   =     31660.3027  EPtot      =   -145362.8598
 BOND   =       877.5057  ANGLE   =      2135.5303  DIHED      =      1347.0090
 UB     =         0.0000  IMP     =         0.0000  CMAP       =       214.0192
 1-4 NB =       979.2061  1-4 EEL =     15053.0791  VDWAALS    =     17443.4520
 EELEC  =   -183412.6612  EHBOND  =         0.0000  RESTRAINT  =         0.0000
 ------------------------------------------------------------------------------

wrapping first mol.:      -29.97837      -42.39582       73.43173

 NSTEP =  2420000   TIME(PS) =  354879.999  TEMP(K) =   310.64  PRESS =     0.0
 Etot   =   -113365.4207  EKtot   =     31599.1406  EPtot      =   -144964.5614
 BOND   =       829.6715  ANGLE   =      2142.4956  DIHED      =      1388.8784
 UB     =         0.0000  IMP     =         0.0000  CMAP       =       198.4421
 1-4 NB =      1014.4353  1-4 EEL =     14992.4010  VDWAALS    =     17536.0983
 EELEC  =   -183066.9836  EHBOND  =         0.0000  RESTRAINT  =         0.0000
 ------------------------------------------------------------------------------

wrapping first mol.:      -29.97837      -42.39582       73.43173

 NSTEP =  2440000   TIME(PS) =  354919.999  TEMP(K) =   312.91  PRESS =     0.0
 Etot   =   -113286.3215  EKtot   =     31829.5547  EPtot      =   -145115.8761
 BOND   =       899.6666  ANGLE   =      2162.7758  DIHED      =      1312.0909
 UB     =         0.0000  IMP     =         0.0000  CMAP       =       194.5275
 1-4 NB =       995.6672  1-4 EEL =     15073.2411  VDWAALS    =     17292.8602
 EELEC  =   -183046.7055  EHBOND  =         0.0000  RESTRAINT  =         0.0000
 ------------------------------------------------------------------------------

wrapping first mol.:      -29.97837      -42.39582       73.43173

 NSTEP =  2460000   TIME(PS) =  354959.999  TEMP(K) =   311.01  PRESS =     0.0
 Etot   =   -113731.5570  EKtot   =     31636.2617  EPtot      =   -145367.8187
 BOND   =       870.5571  ANGLE   =      2146.8385  DIHED      =      1353.9935
 UB     =         0.0000  IMP     =         0.0000  CMAP       =       202.0639
 1-4 NB =       979.2052  1-4 EEL =     14974.4692  VDWAALS    =     17291.5652
 EELEC  =   -183186.5114  EHBOND  =         0.0000  RESTRAINT  =         0.0000
 ------------------------------------------------------------------------------

wrapping first mol.:      -29.97837      -42.39582       73.43173

 NSTEP =  2480000   TIME(PS) =  354999.999  TEMP(K) =   310.65  PRESS =     0.0
 Etot   =   -113933.0545  EKtot   =     31600.2500  EPtot      =   -145533.3045
 BOND   =       864.9661  ANGLE   =      2194.3502  DIHED      =      1374.3200
 UB     =         0.0000  IMP     =         0.0000  CMAP       =       190.5847
 1-4 NB =       995.2426  1-4 EEL =     14953.6065  VDWAALS    =     17225.7793
 EELEC  =   -183332.1539  EHBOND  =         0.0000  RESTRAINT  =         0.0000
 ------------------------------------------------------------------------------

wrapping first mol.:      -29.97837      -42.39582       73.43173
wrapping first mol.:      -29.97837      -42.39582       73.43173

 NSTEP =  2500000   TIME(PS) =  355039.999  TEMP(K) =   309.73  PRESS =     0.0
 Etot   =   -113629.4255  EKtot   =     31506.1328  EPtot      =   -145135.5584
 BOND   =       829.0092  ANGLE   =      2166.1438  DIHED      =      1342.8200
 UB     =         0.0000  IMP     =         0.0000  CMAP       =       211.1571
 1-4 NB =       990.3318  1-4 EEL =     15027.8632  VDWAALS    =     17376.3570
 EELEC  =   -183079.2405  EHBOND  =         0.0000  RESTRAINT  =         0.0000
 ------------------------------------------------------------------------------


      A V E R A G E S   O V E R     125 S T E P S


 NSTEP =  2500000   TIME(PS) =  355039.999  TEMP(K) =   310.09  PRESS =     0.0
 Etot   =   -113672.3713  EKtot   =     31542.6600  EPtot      =   -145215.0313
 BOND   =       857.8560  ANGLE   =      2149.4934  DIHED      =      1358.4134
 UB     =         0.0000  IMP     =         0.0000  CMAP       =       200.2007
 1-4 NB =       998.8416  1-4 EEL =     15055.8018  VDWAALS    =     17316.0565
 EELEC  =   -183151.6948  EHBOND  =         0.0000  RESTRAINT  =         0.0000
 ------------------------------------------------------------------------------


      R M S  F L U C T U A T I O N S


 NSTEP =  2500000   TIME(PS) =  355039.999  TEMP(K) =     1.28  PRESS =     0.0
 Etot   =       265.0403  EKtot   =       130.7093  EPtot      =       228.0581
 BOND   =        25.2840  ANGLE   =        39.4571  DIHED      =        18.3705
 UB     =         0.0000  IMP     =         0.0000  CMAP       =         9.5832
 1-4 NB =        13.2454  1-4 EEL =        46.9515  VDWAALS    =       188.3617
 EELEC  =       318.4367  EHBOND  =         0.0000  RESTRAINT  =         0.0000
 ------------------------------------------------------------------------------

--------------------------------------------------------------------------------
   5.  TIMINGS
--------------------------------------------------------------------------------

|  NonSetup CPU Time in Major Routines:
|
|     Routine           Sec        %
|     ------------------------------
|     Nonbond         147.77   16.21
|     Bond              0.00    0.00
|     Angle             0.00    0.00
|     Dihedral          0.00    0.00
|     Shake            10.33    1.13
|     RunMD           751.33   82.42
|     Other             2.17    0.24
|     ------------------------------
|     Total           911.60

|  PME Nonbond Pairlist CPU Time:
|
|     Routine              Sec        %
|     ---------------------------------
|     Set Up Cit           0.00    0.00
|     Build List           0.00    0.00
|     ---------------------------------
|     Total                0.00    0.00

|  PME Direct Force CPU Time:
|
|     Routine              Sec        %
|     ---------------------------------
|     NonBonded Calc       0.00    0.00
|     Exclude Masked       0.00    0.00
|     Other                1.36    0.15
|     ---------------------------------
|     Total                1.36    0.15

|  PME Reciprocal Force CPU Time:
|
|     Routine              Sec        %
|     ---------------------------------
|     1D bspline           0.00    0.00
|     Grid Charges         0.00    0.00
|     Scalar Sum           0.00    0.00
|     Gradient Sum         0.00    0.00
|     FFT                  0.00    0.00
|     ---------------------------------
|     Total                0.00    0.00

|  Final Performance Info:
|     -----------------------------------------------------
|     Average timings for last  140000 steps:
|     Elapsed(s) =      51.32 Per Step(ms) =       0.37
|         ns/day =     471.38   seconds/ns =     183.29
|
|     Average timings for all steps:
|     Elapsed(s) =     913.15 Per Step(ms) =       0.37
|         ns/day =     473.09   seconds/ns =     182.63
|     -----------------------------------------------------

|  Setup CPU time:            0.81 seconds
|  NonSetup CPU time:       911.60 seconds
|  Total CPU time:          912.41 seconds     0.25 hours

|  Setup wall time:           1    seconds
|  NonSetup wall time:      913    seconds
|  Total wall time:         914    seconds     0.25 hours
