
          -------------------------------------------------------
          Amber 24 PMEMD                              2024
          -------------------------------------------------------

| PMEMD implementation of SANDER, Release 24

|  Compiled date/time: Thu Apr  3 17:55:38 2025
| Run on 11/08/2025 at 14:59:03

|   Executable path: pmemd.cuda_SPFP
| Working directory: /rs1/researchers/h/hall/vtnguye4/Amber_restart/cappedP1L38M/mdsimP1L38M/newP1L38Mcapped_Simulation2
|          Hostname: gpu34

  [-O]verwriting output

File Assignments:
|   MDIN: /rs1/researchers/h/hall/vtnguye4/Amber_restart/cappedP1L38M/mdsimP1L38
|  MDOUT: ./OUT_Files/equil31.out                                               
| INPCRD: ./RST_Files/equil30.rst7                                              
|   PARM: ./PRMTOP_Files/newP1L38Mcapped.prmtop                                 
| RESTRT: ./RST_Files/equil31.rst7                                              
|   REFC: refc                                                                  
|  MDVEL: mdvel                                                                 
|   MDEN: mden                                                                  
|  MDCRD: ./nc_Files/equil31.nc                                                 
| MDINFO: mdinfo                                                                
|  MDFRC: mdfrc                                                                 


 Here is the input file:

!Stage equilibration 5ns                                                       
&cntrl                                                                         
imin=0, irest=1, ntx=5,                                                        
nstlim=2500000, dt=0.002,                                                      
ntc=2, ntf=2, ig=-1,                                                           
ntt=3, gamma_ln=2.0,                                                           
tempi=310.0, temp0=310.0,                                                      
ntxo=2, ioutfm=1,                                                              
ntpr=20000, ntwx=20000,                                                        
ntb=1,                                                                         
cut=9.0,                                                                       
iwrap=1,                                                                       
/                                                                              


Note: ig = -1. Setting random seed to   698523 based on wallclock time in 
      microseconds.
| irandom = 1, using AMBER's internal random number generator (default).
 
|--------------------- INFORMATION ----------------------
| GPU (CUDA) Version of PMEMD in use: NVIDIA GPU IN USE.
|                    Version 18.0.0
| 
|                      03/25/2018
| 
| Implementation by:
|                    Ross C. Walker     (SDSC)
|                    Scott Le Grand     (nVIDIA)
| 
| Version 18 performance extensions by:
|                    David Cerutti     (Rutgers)
| 
| Precision model in use:
|      [SPFP] - Single Precision Forces, 64-bit Fixed Point
|               Accumulation. (Default)
| 
|--------------------------------------------------------
 
|----------------- CITATION INFORMATION -----------------
|
|    When publishing work that utilized the CUDA version
|    of AMBER, please cite the following in addition to
|    the regular AMBER citations:
|
|  - Romelia Salomon-Ferrer; Andreas W. Goetz; Duncan
|    Poole; Scott Le Grand; Ross C. Walker "Routine
|    microsecond molecular dynamics simulations with
|    AMBER - Part II: Particle Mesh Ewald", J. Chem.
|    Theory Comput., 2013, 9 (9), pp3878-3888,
|    DOI: 10.1021/ct400314y.
|
|  - Andreas W. Goetz; Mark J. Williamson; Dong Xu;
|    Duncan Poole; Scott Le Grand; Ross C. Walker
|    "Routine microsecond molecular dynamics simulations
|    with AMBER - Part I: Generalized Born", J. Chem.
|    Theory Comput., 2012, 8 (5), pp1542-1555.
|
|  - Scott Le Grand; Andreas W. Goetz; Ross C. Walker
|    "SPFP: Speed without compromise - a mixed precision
|    model for GPU accelerated molecular dynamics
|    simulations.", Comp. Phys. Comm., 2013, 184
|    pp374-380, DOI: 10.1016/j.cpc.2012.09.022
|
|--------------------------------------------------------
 
|------------------- GPU DEVICE INFO --------------------
|
|            CUDA_VISIBLE_DEVICES: 0
|   CUDA Capable Devices Detected:      1
|           CUDA Device ID in use:      0
|                CUDA Device Name: NVIDIA L40S
|     CUDA Device Global Mem Size:  45487 MB
| CUDA Device Num Multiprocessors:    142
|           CUDA Device Core Freq:   2.52 GHz
|
|--------------------------------------------------------
 
 
| Conditional Compilation Defines Used:
| PUBFFT
| BINTRAJ
| CUDA
| EMIL

| Largest sphere to fit in unit cell has radius =    36.716

| New format PARM file being parsed.
| Version =    1.000 Date = 10/30/25 Time = 23:32:29

| Note: 1-4 EEL scale factors are being read from the topology file.

| Note: 1-4 VDW scale factors are being read from the topology file.
| Duplicated    0 dihedrals

| Duplicated    0 dihedrals

--------------------------------------------------------------------------------
   1.  RESOURCE   USE: 
--------------------------------------------------------------------------------

 getting box info from netcdf restart file
 NATOM  =   50023 NTYPES =      12 NBONH =   47691 MBONA  =    2332
 NTHETH =    5236 MTHETA =    3080 NPHIH =   10252 MPHIA  =    9504
 NHPARM =       0 NPARM  =       0 NNB   =   84972 NRES   =   15501
 NBONA  =    2332 NTHETA =    3080 NPHIA =    9504 NUMBND =      29
 NUMANG =      57 NPTRA  =      64 NATYP =      17 NPHB   =       0
 IFBOX  =       2 NMXRS  =      21 IFCAP =       0 NEXTRA =       0
 NCOPY  =       0

| Coordinate Index Table dimensions:    15   15   15
| Direct force subcell size =     5.9957    5.9957    5.9957

     BOX TYPE: TRUNCATED OCTAHEDRON

--------------------------------------------------------------------------------
   2.  CONTROL  DATA  FOR  THE  RUN
--------------------------------------------------------------------------------

default_name                                                                    

General flags:
     imin    =       0, nmropt  =       0

Nature and format of input:
     ntx     =       5, irest   =       1, ntrx    =       1

Nature and format of output:
     ntxo    =       2, ntpr    =   20000, ntrx    =       1, ntwr    = 2500000
     iwrap   =       1, ntwx    =   20000, ntwv    =       0, ntwe    =       0
     ioutfm  =       1, ntwprt  =       0, idecomp =       0, rbornstat=      0

Potential function:
     ntf     =       2, ntb     =       1, igb     =       0, nsnb    =      25
     ipol    =       0, gbsa    =       0, iesp    =       0
     dielc   =   1.00000, cut     =   9.00000, intdiel =   1.00000

Frozen or restrained atoms:
     ibelly  =       0, ntr     =       0

Molecular dynamics:
     nstlim  =   2500000, nscm    =      1000, nrespa  =         1
     t       =   0.00000, dt      =   0.00200, vlimit  =  -1.00000

Langevin dynamics temperature regulation:
     ig      =  698523
     temp0   = 310.00000, tempi   = 310.00000, gamma_ln=   2.00000

SHAKE:
     ntc     =       2, jfastw  =       0
     tol     =   0.00001

| Intermolecular bonds treatment:
|     no_intermolecular_bonds =       1

| Energy averages sample interval:
|     ene_avg_sampling =   20000

Ewald parameters:
     verbose =       0, ew_type =       0, nbflag  =       1, use_pme =       1
     vdwmeth =       1, eedmeth =       1, netfrc  =       1
     Box X =   89.935   Box Y =   89.935   Box Z =   89.935
     Alpha =  109.471   Beta  =  109.471   Gamma =  109.471
     NFFT1 =   96       NFFT2 =   96       NFFT3 =   96
     Cutoff=    9.000   Tol   =0.100E-04
     Ewald Coefficient =  0.30768
     Interpolation order =    4

--------------------------------------------------------------------------------
   3.  ATOMIC COORDINATES AND VELOCITIES
--------------------------------------------------------------------------------

default_name                                                                    
 begin time read from input coords =150040.000 ps

 
 Number of triangulated 3-point waters found:    15105

     Sum of charges from parm topology file =  -0.00000043
     Forcing neutrality...

| Dynamic Memory, Types Used:
| Reals             1595957
| Integers          2018996

| Nonbonded Pairs Initial Allocation:    11405244

| GPU memory information (estimate):
| KB of GPU memory in use:    394016
| KB of CPU memory in use:    114218

--------------------------------------------------------------------------------
   4.  RESULTS
--------------------------------------------------------------------------------

wrapping first mol.:      -29.97837      -42.39582       73.43173

 NSTEP =    20000   TIME(PS) =  150080.000  TEMP(K) =   310.54  PRESS =     0.0
 Etot   =   -113653.3916  EKtot   =     31589.2812  EPtot      =   -145242.6728
 BOND   =       852.6556  ANGLE   =      2138.4189  DIHED      =      1359.8195
 UB     =         0.0000  IMP     =         0.0000  CMAP       =       209.1861
 1-4 NB =      1001.4339  1-4 EEL =     15045.8868  VDWAALS    =     17165.2611
 EELEC  =   -183015.3346  EHBOND  =         0.0000  RESTRAINT  =         0.0000
 ------------------------------------------------------------------------------

wrapping first mol.:      -29.97837      -42.39582       73.43173

 NSTEP =    40000   TIME(PS) =  150120.000  TEMP(K) =   308.38  PRESS =     0.0
 Etot   =   -114131.2197  EKtot   =     31369.0488  EPtot      =   -145500.2686
 BOND   =       814.7691  ANGLE   =      2165.0362  DIHED      =      1365.3434
 UB     =         0.0000  IMP     =         0.0000  CMAP       =       187.5550
 1-4 NB =       997.1814  1-4 EEL =     15112.2913  VDWAALS    =     17292.9019
 EELEC  =   -183435.3469  EHBOND  =         0.0000  RESTRAINT  =         0.0000
 ------------------------------------------------------------------------------

wrapping first mol.:      -29.97837      -42.39582       73.43173

 NSTEP =    60000   TIME(PS) =  150160.000  TEMP(K) =   310.84  PRESS =     0.0
 Etot   =   -113450.7095  EKtot   =     31618.9961  EPtot      =   -145069.7056
 BOND   =       845.1328  ANGLE   =      2182.4639  DIHED      =      1345.0448
 UB     =         0.0000  IMP     =         0.0000  CMAP       =       209.9432
 1-4 NB =       995.0064  1-4 EEL =     15147.0220  VDWAALS    =     17360.3178
 EELEC  =   -183154.6366  EHBOND  =         0.0000  RESTRAINT  =         0.0000
 ------------------------------------------------------------------------------

wrapping first mol.:      -29.97837      -42.39582       73.43173

 NSTEP =    80000   TIME(PS) =  150200.000  TEMP(K) =   310.04  PRESS =     0.0
 Etot   =   -113578.6269  EKtot   =     31538.4980  EPtot      =   -145117.1250
 BOND   =       887.9475  ANGLE   =      2161.1373  DIHED      =      1363.1535
 UB     =         0.0000  IMP     =         0.0000  CMAP       =       177.3851
 1-4 NB =       990.2089  1-4 EEL =     15107.0236  VDWAALS    =     17166.0194
 EELEC  =   -182970.0003  EHBOND  =         0.0000  RESTRAINT  =         0.0000
 ------------------------------------------------------------------------------

wrapping first mol.:      -29.97837      -42.39582       73.43173

 NSTEP =   100000   TIME(PS) =  150240.000  TEMP(K) =   308.90  PRESS =     0.0
 Etot   =   -113471.3666  EKtot   =     31421.6152  EPtot      =   -144892.9818
 BOND   =       771.1856  ANGLE   =      2177.9792  DIHED      =      1357.2431
 UB     =         0.0000  IMP     =         0.0000  CMAP       =       207.2140
 1-4 NB =       999.9750  1-4 EEL =     15041.3045  VDWAALS    =     17072.0423
 EELEC  =   -182519.9256  EHBOND  =         0.0000  RESTRAINT  =         0.0000
 ------------------------------------------------------------------------------

wrapping first mol.:      -29.97837      -42.39582       73.43173

 NSTEP =   120000   TIME(PS) =  150280.000  TEMP(K) =   309.45  PRESS =     0.0
 Etot   =   -113746.8140  EKtot   =     31478.0703  EPtot      =   -145224.8843
 BOND   =       870.7199  ANGLE   =      2196.9463  DIHED      =      1347.3594
 UB     =         0.0000  IMP     =         0.0000  CMAP       =       200.4153
 1-4 NB =      1006.2405  1-4 EEL =     15071.7305  VDWAALS    =     17432.4001
 EELEC  =   -183350.6962  EHBOND  =         0.0000  RESTRAINT  =         0.0000
 ------------------------------------------------------------------------------

wrapping first mol.:      -29.97837      -42.39582       73.43173

 NSTEP =   140000   TIME(PS) =  150320.000  TEMP(K) =   309.73  PRESS =     0.0
 Etot   =   -113658.4035  EKtot   =     31506.8457  EPtot      =   -145165.2492
 BOND   =       844.4285  ANGLE   =      2164.3183  DIHED      =      1355.4533
 UB     =         0.0000  IMP     =         0.0000  CMAP       =       193.0962
 1-4 NB =      1014.8223  1-4 EEL =     15092.1903  VDWAALS    =     17075.7256
 EELEC  =   -182905.2836  EHBOND  =         0.0000  RESTRAINT  =         0.0000
 ------------------------------------------------------------------------------

wrapping first mol.:      -29.97837      -42.39582       73.43173

 NSTEP =   160000   TIME(PS) =  150360.000  TEMP(K) =   311.34  PRESS =     0.0
 Etot   =   -113434.9145  EKtot   =     31669.7910  EPtot      =   -145104.7055
 BOND   =       872.4167  ANGLE   =      2108.7711  DIHED      =      1369.4922
 UB     =         0.0000  IMP     =         0.0000  CMAP       =       184.8687
 1-4 NB =      1020.0206  1-4 EEL =     15040.6088  VDWAALS    =     17159.3523
 EELEC  =   -182860.2360  EHBOND  =         0.0000  RESTRAINT  =         0.0000
 ------------------------------------------------------------------------------

wrapping first mol.:      -29.97837      -42.39582       73.43173

 NSTEP =   180000   TIME(PS) =  150400.000  TEMP(K) =   311.04  PRESS =     0.0
 Etot   =   -113212.6874  EKtot   =     31639.6133  EPtot      =   -144852.3007
 BOND   =       858.9062  ANGLE   =      2146.6758  DIHED      =      1365.1964
 UB     =         0.0000  IMP     =         0.0000  CMAP       =       218.9365
 1-4 NB =      1007.5316  1-4 EEL =     15047.6336  VDWAALS    =     17271.6355
 EELEC  =   -182768.8164  EHBOND  =         0.0000  RESTRAINT  =         0.0000
 ------------------------------------------------------------------------------

wrapping first mol.:      -29.97837      -42.39582       73.43173

 NSTEP =   200000   TIME(PS) =  150440.000  TEMP(K) =   311.35  PRESS =     0.0
 Etot   =   -113568.9732  EKtot   =     31670.8145  EPtot      =   -145239.7876
 BOND   =       847.5064  ANGLE   =      2188.9572  DIHED      =      1373.4455
 UB     =         0.0000  IMP     =         0.0000  CMAP       =       201.6013
 1-4 NB =      1012.1427  1-4 EEL =     15093.6868  VDWAALS    =     17264.2964
 EELEC  =   -183221.4239  EHBOND  =         0.0000  RESTRAINT  =         0.0000
 ------------------------------------------------------------------------------

wrapping first mol.:      -29.97837      -42.39582       73.43173

 NSTEP =   220000   TIME(PS) =  150480.000  TEMP(K) =   310.63  PRESS =     0.0
 Etot   =   -113987.9750  EKtot   =     31597.6855  EPtot      =   -145585.6605
 BOND   =       877.9191  ANGLE   =      2071.9805  DIHED      =      1346.6997
 UB     =         0.0000  IMP     =         0.0000  CMAP       =       197.5074
 1-4 NB =      1000.7533  1-4 EEL =     15094.7017  VDWAALS    =     17530.0392
 EELEC  =   -183705.2615  EHBOND  =         0.0000  RESTRAINT  =         0.0000
 ------------------------------------------------------------------------------

wrapping first mol.:      -29.97837      -42.39582       73.43173

 NSTEP =   240000   TIME(PS) =  150520.000  TEMP(K) =   312.19  PRESS =     0.0
 Etot   =   -113628.3912  EKtot   =     31756.2480  EPtot      =   -145384.6393
 BOND   =       852.4003  ANGLE   =      2182.3334  DIHED      =      1348.3436
 UB     =         0.0000  IMP     =         0.0000  CMAP       =       180.7966
 1-4 NB =      1013.5825  1-4 EEL =     15063.0346  VDWAALS    =     17211.0277
 EELEC  =   -183236.1579  EHBOND  =         0.0000  RESTRAINT  =         0.0000
 ------------------------------------------------------------------------------

wrapping first mol.:      -29.97837      -42.39582       73.43173

 NSTEP =   260000   TIME(PS) =  150560.000  TEMP(K) =   309.51  PRESS =     0.0
 Etot   =   -113498.4224  EKtot   =     31484.3301  EPtot      =   -144982.7525
 BOND   =       842.4420  ANGLE   =      2134.6812  DIHED      =      1356.5606
 UB     =         0.0000  IMP     =         0.0000  CMAP       =       197.6680
 1-4 NB =      1008.1365  1-4 EEL =     15176.1101  VDWAALS    =     17006.6327
 EELEC  =   -182704.9834  EHBOND  =         0.0000  RESTRAINT  =         0.0000
 ------------------------------------------------------------------------------

wrapping first mol.:      -29.97837      -42.39582       73.43173

 NSTEP =   280000   TIME(PS) =  150600.000  TEMP(K) =   309.10  PRESS =     0.0
 Etot   =   -113826.3387  EKtot   =     31442.2734  EPtot      =   -145268.6121
 BOND   =       818.6755  ANGLE   =      2107.6495  DIHED      =      1349.5077
 UB     =         0.0000  IMP     =         0.0000  CMAP       =       182.6610
 1-4 NB =      1013.3121  1-4 EEL =     15116.8300  VDWAALS    =     17276.9285
 EELEC  =   -183134.1765  EHBOND  =         0.0000  RESTRAINT  =         0.0000
 ------------------------------------------------------------------------------

wrapping first mol.:      -29.97837      -42.39582       73.43173

 NSTEP =   300000   TIME(PS) =  150640.000  TEMP(K) =   311.36  PRESS =     0.0
 Etot   =   -113425.7014  EKtot   =     31672.0430  EPtot      =   -145097.7444
 BOND   =       896.6162  ANGLE   =      2120.9731  DIHED      =      1305.0667
 UB     =         0.0000  IMP     =         0.0000  CMAP       =       201.4653
 1-4 NB =      1007.9202  1-4 EEL =     15063.8262  VDWAALS    =     17478.9648
 EELEC  =   -183172.5767  EHBOND  =         0.0000  RESTRAINT  =         0.0000
 ------------------------------------------------------------------------------

wrapping first mol.:      -29.97837      -42.39582       73.43173

 NSTEP =   320000   TIME(PS) =  150680.000  TEMP(K) =   310.97  PRESS =     0.0
 Etot   =   -113763.0367  EKtot   =     31632.2520  EPtot      =   -145395.2887
 BOND   =       841.6554  ANGLE   =      2201.9625  DIHED      =      1357.8050
 UB     =         0.0000  IMP     =         0.0000  CMAP       =       209.4396
 1-4 NB =       981.5688  1-4 EEL =     15042.0204  VDWAALS    =     17372.9370
 EELEC  =   -183402.6773  EHBOND  =         0.0000  RESTRAINT  =         0.0000
 ------------------------------------------------------------------------------

wrapping first mol.:      -29.97837      -42.39582       73.43173

 NSTEP =   340000   TIME(PS) =  150720.000  TEMP(K) =   310.56  PRESS =     0.0
 Etot   =   -113648.0390  EKtot   =     31591.3906  EPtot      =   -145239.4296
 BOND   =       869.8018  ANGLE   =      2162.8105  DIHED      =      1377.3390
 UB     =         0.0000  IMP     =         0.0000  CMAP       =       199.9274
 1-4 NB =      1005.7191  1-4 EEL =     15015.9602  VDWAALS    =     17571.5123
 EELEC  =   -183442.4998  EHBOND  =         0.0000  RESTRAINT  =         0.0000
 ------------------------------------------------------------------------------

wrapping first mol.:      -29.97837      -42.39582       73.43173

 NSTEP =   360000   TIME(PS) =  150760.000  TEMP(K) =   308.86  PRESS =     0.0
 Etot   =   -113759.1268  EKtot   =     31417.7930  EPtot      =   -145176.9198
 BOND   =       821.7113  ANGLE   =      2204.4885  DIHED      =      1359.0955
 UB     =         0.0000  IMP     =         0.0000  CMAP       =       195.0718
 1-4 NB =       994.8107  1-4 EEL =     14979.8922  VDWAALS    =     17514.9289
 EELEC  =   -183246.9187  EHBOND  =         0.0000  RESTRAINT  =         0.0000
 ------------------------------------------------------------------------------

wrapping first mol.:      -29.97837      -42.39582       73.43173

 NSTEP =   380000   TIME(PS) =  150800.000  TEMP(K) =   310.55  PRESS =     0.0
 Etot   =   -113568.4675  EKtot   =     31590.0879  EPtot      =   -145158.5554
 BOND   =       901.2375  ANGLE   =      2164.4640  DIHED      =      1355.1851
 UB     =         0.0000  IMP     =         0.0000  CMAP       =       202.1372
 1-4 NB =       987.8903  1-4 EEL =     14986.9143  VDWAALS    =     17102.2380
 EELEC  =   -182858.6218  EHBOND  =         0.0000  RESTRAINT  =         0.0000
 ------------------------------------------------------------------------------

wrapping first mol.:      -29.97837      -42.39582       73.43173

 NSTEP =   400000   TIME(PS) =  150840.000  TEMP(K) =   310.16  PRESS =     0.0
 Etot   =   -113569.7503  EKtot   =     31549.7188  EPtot      =   -145119.4690
 BOND   =       827.8916  ANGLE   =      2084.9815  DIHED      =      1360.2222
 UB     =         0.0000  IMP     =         0.0000  CMAP       =       181.1390
 1-4 NB =      1018.7966  1-4 EEL =     15071.4942  VDWAALS    =     17197.2703
 EELEC  =   -182861.2645  EHBOND  =         0.0000  RESTRAINT  =         0.0000
 ------------------------------------------------------------------------------

wrapping first mol.:      -29.97837      -42.39582       73.43173

 NSTEP =   420000   TIME(PS) =  150880.000  TEMP(K) =   311.71  PRESS =     0.0
 Etot   =   -113266.0037  EKtot   =     31707.9238  EPtot      =   -144973.9276
 BOND   =       835.6615  ANGLE   =      2187.9730  DIHED      =      1345.9746
 UB     =         0.0000  IMP     =         0.0000  CMAP       =       217.1713
 1-4 NB =      1004.8050  1-4 EEL =     15080.3105  VDWAALS    =     17256.5006
 EELEC  =   -182902.3241  EHBOND  =         0.0000  RESTRAINT  =         0.0000
 ------------------------------------------------------------------------------

wrapping first mol.:      -29.97837      -42.39582       73.43173

 NSTEP =   440000   TIME(PS) =  150920.000  TEMP(K) =   311.73  PRESS =     0.0
 Etot   =   -113314.4049  EKtot   =     31709.9980  EPtot      =   -145024.4029
 BOND   =       835.8768  ANGLE   =      2173.4383  DIHED      =      1370.4390
 UB     =         0.0000  IMP     =         0.0000  CMAP       =       203.3988
 1-4 NB =       997.8372  1-4 EEL =     14980.9591  VDWAALS    =     17109.6907
 EELEC  =   -182696.0427  EHBOND  =         0.0000  RESTRAINT  =         0.0000
 ------------------------------------------------------------------------------

wrapping first mol.:      -29.97837      -42.39582       73.43173

 NSTEP =   460000   TIME(PS) =  150960.000  TEMP(K) =   309.41  PRESS =     0.0
 Etot   =   -113866.8255  EKtot   =     31473.4238  EPtot      =   -145340.2494
 BOND   =       836.9481  ANGLE   =      2117.6497  DIHED      =      1328.8533
 UB     =         0.0000  IMP     =         0.0000  CMAP       =       171.0014
 1-4 NB =      1005.0006  1-4 EEL =     15110.2230  VDWAALS    =     17420.0787
 EELEC  =   -183330.0042  EHBOND  =         0.0000  RESTRAINT  =         0.0000
 ------------------------------------------------------------------------------

wrapping first mol.:      -29.97837      -42.39582       73.43173

 NSTEP =   480000   TIME(PS) =  151000.000  TEMP(K) =   311.58  PRESS =     0.0
 Etot   =   -113136.8050  EKtot   =     31695.1484  EPtot      =   -144831.9535
 BOND   =       861.6666  ANGLE   =      2179.4591  DIHED      =      1365.7320
 UB     =         0.0000  IMP     =         0.0000  CMAP       =       206.2642
 1-4 NB =      1010.8932  1-4 EEL =     15066.6751  VDWAALS    =     17102.5423
 EELEC  =   -182625.1859  EHBOND  =         0.0000  RESTRAINT  =         0.0000
 ------------------------------------------------------------------------------

wrapping first mol.:      -29.97837      -42.39582       73.43173

 NSTEP =   500000   TIME(PS) =  151040.000  TEMP(K) =   310.31  PRESS =     0.0
 Etot   =   -113641.6203  EKtot   =     31565.4219  EPtot      =   -145207.0422
 BOND   =       838.7870  ANGLE   =      2213.9156  DIHED      =      1336.3886
 UB     =         0.0000  IMP     =         0.0000  CMAP       =       209.5644
 1-4 NB =       982.7746  1-4 EEL =     15042.1742  VDWAALS    =     17122.1758
 EELEC  =   -182952.8225  EHBOND  =         0.0000  RESTRAINT  =         0.0000
 ------------------------------------------------------------------------------

wrapping first mol.:      -29.97837      -42.39582       73.43173

 NSTEP =   520000   TIME(PS) =  151080.000  TEMP(K) =   310.49  PRESS =     0.0
 Etot   =   -114201.1281  EKtot   =     31583.2871  EPtot      =   -145784.4152
 BOND   =       845.4374  ANGLE   =      2206.3267  DIHED      =      1366.1567
 UB     =         0.0000  IMP     =         0.0000  CMAP       =       207.5896
 1-4 NB =      1011.2047  1-4 EEL =     15115.8809  VDWAALS    =     17578.6681
 EELEC  =   -184115.6794  EHBOND  =         0.0000  RESTRAINT  =         0.0000
 ------------------------------------------------------------------------------

wrapping first mol.:      -29.97837      -42.39582       73.43173

 NSTEP =   540000   TIME(PS) =  151120.000  TEMP(K) =   309.32  PRESS =     0.0
 Etot   =   -113840.8593  EKtot   =     31464.2578  EPtot      =   -145305.1171
 BOND   =       834.8870  ANGLE   =      2119.5938  DIHED      =      1331.8848
 UB     =         0.0000  IMP     =         0.0000  CMAP       =       210.9373
 1-4 NB =       994.5808  1-4 EEL =     14991.5022  VDWAALS    =     17286.0054
 EELEC  =   -183074.5084  EHBOND  =         0.0000  RESTRAINT  =         0.0000
 ------------------------------------------------------------------------------

wrapping first mol.:      -29.97837      -42.39582       73.43173

 NSTEP =   560000   TIME(PS) =  151160.000  TEMP(K) =   309.46  PRESS =     0.0
 Etot   =   -114285.8755  EKtot   =     31478.9980  EPtot      =   -145764.8736
 BOND   =       859.7422  ANGLE   =      2104.6101  DIHED      =      1331.5068
 UB     =         0.0000  IMP     =         0.0000  CMAP       =       210.5354
 1-4 NB =       990.9514  1-4 EEL =     15076.5037  VDWAALS    =     17327.4808
 EELEC  =   -183666.2040  EHBOND  =         0.0000  RESTRAINT  =         0.0000
 ------------------------------------------------------------------------------

wrapping first mol.:      -29.97837      -42.39582       73.43173

 NSTEP =   580000   TIME(PS) =  151200.000  TEMP(K) =   310.35  PRESS =     0.0
 Etot   =   -113780.5312  EKtot   =     31569.7734  EPtot      =   -145350.3046
 BOND   =       845.8327  ANGLE   =      2174.4580  DIHED      =      1333.7824
 UB     =         0.0000  IMP     =         0.0000  CMAP       =       199.7777
 1-4 NB =       991.6763  1-4 EEL =     15044.0827  VDWAALS    =     17428.1330
 EELEC  =   -183368.0474  EHBOND  =         0.0000  RESTRAINT  =         0.0000
 ------------------------------------------------------------------------------

wrapping first mol.:      -29.97837      -42.39582       73.43173

 NSTEP =   600000   TIME(PS) =  151240.000  TEMP(K) =   308.34  PRESS =     0.0
 Etot   =   -113768.6129  EKtot   =     31365.0508  EPtot      =   -145133.6637
 BOND   =       877.6547  ANGLE   =      2167.6342  DIHED      =      1365.0869
 UB     =         0.0000  IMP     =         0.0000  CMAP       =       203.5358
 1-4 NB =       993.1699  1-4 EEL =     14974.7634  VDWAALS    =     17356.1939
 EELEC  =   -183071.7024  EHBOND  =         0.0000  RESTRAINT  =         0.0000
 ------------------------------------------------------------------------------

wrapping first mol.:      -29.97837      -42.39582       73.43173

 NSTEP =   620000   TIME(PS) =  151280.000  TEMP(K) =   311.05  PRESS =     0.0
 Etot   =   -114010.1811  EKtot   =     31640.5703  EPtot      =   -145650.7514
 BOND   =       835.9951  ANGLE   =      2178.9777  DIHED      =      1328.1268
 UB     =         0.0000  IMP     =         0.0000  CMAP       =       198.6108
 1-4 NB =       989.9734  1-4 EEL =     15039.3869  VDWAALS    =     17447.1283
 EELEC  =   -183668.9504  EHBOND  =         0.0000  RESTRAINT  =         0.0000
 ------------------------------------------------------------------------------

wrapping first mol.:      -29.97837      -42.39582       73.43173

 NSTEP =   640000   TIME(PS) =  151320.000  TEMP(K) =   307.85  PRESS =     0.0
 Etot   =   -114326.8965  EKtot   =     31315.0820  EPtot      =   -145641.9786
 BOND   =       862.6246  ANGLE   =      2124.1115  DIHED      =      1353.6746
 UB     =         0.0000  IMP     =         0.0000  CMAP       =       198.7375
 1-4 NB =       978.5489  1-4 EEL =     15020.1618  VDWAALS    =     17697.7252
 EELEC  =   -183877.5627  EHBOND  =         0.0000  RESTRAINT  =         0.0000
 ------------------------------------------------------------------------------

wrapping first mol.:      -29.97837      -42.39582       73.43173

 NSTEP =   660000   TIME(PS) =  151360.000  TEMP(K) =   309.19  PRESS =     0.0
 Etot   =   -113616.5313  EKtot   =     31451.3965  EPtot      =   -145067.9277
 BOND   =       882.9754  ANGLE   =      2222.1193  DIHED      =      1364.7824
 UB     =         0.0000  IMP     =         0.0000  CMAP       =       214.1034
 1-4 NB =       990.8291  1-4 EEL =     14983.1808  VDWAALS    =     17655.3157
 EELEC  =   -183381.2337  EHBOND  =         0.0000  RESTRAINT  =         0.0000
 ------------------------------------------------------------------------------

wrapping first mol.:      -29.97837      -42.39582       73.43173

 NSTEP =   680000   TIME(PS) =  151400.000  TEMP(K) =   308.52  PRESS =     0.0
 Etot   =   -113998.9033  EKtot   =     31383.8652  EPtot      =   -145382.7685
 BOND   =       834.7526  ANGLE   =      2117.1707  DIHED      =      1319.1377
 UB     =         0.0000  IMP     =         0.0000  CMAP       =       180.8510
 1-4 NB =      1014.7616  1-4 EEL =     14967.9374  VDWAALS    =     17301.6134
 EELEC  =   -183118.9928  EHBOND  =         0.0000  RESTRAINT  =         0.0000
 ------------------------------------------------------------------------------

wrapping first mol.:      -29.97837      -42.39582       73.43173

 NSTEP =   700000   TIME(PS) =  151440.000  TEMP(K) =   310.66  PRESS =     0.0
 Etot   =   -113120.5599  EKtot   =     31601.0723  EPtot      =   -144721.6322
 BOND   =       872.6093  ANGLE   =      2201.1560  DIHED      =      1357.5317
 UB     =         0.0000  IMP     =         0.0000  CMAP       =       193.1961
 1-4 NB =       987.3444  1-4 EEL =     15058.5278  VDWAALS    =     17286.5715
 EELEC  =   -182678.5691  EHBOND  =         0.0000  RESTRAINT  =         0.0000
 ------------------------------------------------------------------------------

wrapping first mol.:      -29.97837      -42.39582       73.43173

 NSTEP =   720000   TIME(PS) =  151480.000  TEMP(K) =   311.50  PRESS =     0.0
 Etot   =   -113570.1137  EKtot   =     31686.5312  EPtot      =   -145256.6450
 BOND   =       820.8817  ANGLE   =      2174.7544  DIHED      =      1319.7382
 UB     =         0.0000  IMP     =         0.0000  CMAP       =       198.9214
 1-4 NB =       981.7593  1-4 EEL =     15076.3085  VDWAALS    =     17257.5480
 EELEC  =   -183086.5565  EHBOND  =         0.0000  RESTRAINT  =         0.0000
 ------------------------------------------------------------------------------

wrapping first mol.:      -29.97837      -42.39582       73.43173

 NSTEP =   740000   TIME(PS) =  151520.000  TEMP(K) =   309.97  PRESS =     0.0
 Etot   =   -113588.6599  EKtot   =     31530.7148  EPtot      =   -145119.3748
 BOND   =       831.7460  ANGLE   =      2236.8802  DIHED      =      1368.8612
 UB     =         0.0000  IMP     =         0.0000  CMAP       =       179.3174
 1-4 NB =      1023.5235  1-4 EEL =     15065.8880  VDWAALS    =     17135.1675
 EELEC  =   -182960.7586  EHBOND  =         0.0000  RESTRAINT  =         0.0000
 ------------------------------------------------------------------------------

wrapping first mol.:      -29.97837      -42.39582       73.43173

 NSTEP =   760000   TIME(PS) =  151560.000  TEMP(K) =   311.82  PRESS =     0.0
 Etot   =   -113393.5771  EKtot   =     31718.7715  EPtot      =   -145112.3485
 BOND   =       855.4338  ANGLE   =      2135.6593  DIHED      =      1343.7950
 UB     =         0.0000  IMP     =         0.0000  CMAP       =       192.5701
 1-4 NB =      1012.7176  1-4 EEL =     14996.0503  VDWAALS    =     17343.6162
 EELEC  =   -182992.1910  EHBOND  =         0.0000  RESTRAINT  =         0.0000
 ------------------------------------------------------------------------------

wrapping first mol.:      -29.97837      -42.39582       73.43173

 NSTEP =   780000   TIME(PS) =  151600.000  TEMP(K) =   311.43  PRESS =     0.0
 Etot   =   -113641.1804  EKtot   =     31679.7539  EPtot      =   -145320.9344
 BOND   =       913.0015  ANGLE   =      2169.6496  DIHED      =      1340.5885
 UB     =         0.0000  IMP     =         0.0000  CMAP       =       182.8275
 1-4 NB =      1000.8748  1-4 EEL =     15110.6728  VDWAALS    =     17431.8203
 EELEC  =   -183470.3693  EHBOND  =         0.0000  RESTRAINT  =         0.0000
 ------------------------------------------------------------------------------

wrapping first mol.:      -29.97837      -42.39582       73.43173

 NSTEP =   800000   TIME(PS) =  151640.000  TEMP(K) =   309.63  PRESS =     0.0
 Etot   =   -113372.9151  EKtot   =     31496.2930  EPtot      =   -144869.2080
 BOND   =       875.5700  ANGLE   =      2215.6786  DIHED      =      1366.7875
 UB     =         0.0000  IMP     =         0.0000  CMAP       =       172.1492
 1-4 NB =      1002.8651  1-4 EEL =     15011.3039  VDWAALS    =     17360.5316
 EELEC  =   -182874.0939  EHBOND  =         0.0000  RESTRAINT  =         0.0000
 ------------------------------------------------------------------------------

wrapping first mol.:      -29.97837      -42.39582       73.43173

 NSTEP =   820000   TIME(PS) =  151680.000  TEMP(K) =   310.21  PRESS =     0.0
 Etot   =   -113371.4765  EKtot   =     31555.3848  EPtot      =   -144926.8613
 BOND   =       852.5277  ANGLE   =      2114.2724  DIHED      =      1364.8606
 UB     =         0.0000  IMP     =         0.0000  CMAP       =       183.0067
 1-4 NB =      1017.7887  1-4 EEL =     15106.0493  VDWAALS    =     17217.8539
 EELEC  =   -182783.2205  EHBOND  =         0.0000  RESTRAINT  =         0.0000
 ------------------------------------------------------------------------------

wrapping first mol.:      -29.97837      -42.39582       73.43173

 NSTEP =   840000   TIME(PS) =  151720.000  TEMP(K) =   311.44  PRESS =     0.0
 Etot   =   -113431.2691  EKtot   =     31680.9160  EPtot      =   -145112.1851
 BOND   =       857.3650  ANGLE   =      2175.1351  DIHED      =      1357.9752
 UB     =         0.0000  IMP     =         0.0000  CMAP       =       206.7600
 1-4 NB =       989.1938  1-4 EEL =     15049.4045  VDWAALS    =     17501.8094
 EELEC  =   -183249.8281  EHBOND  =         0.0000  RESTRAINT  =         0.0000
 ------------------------------------------------------------------------------

wrapping first mol.:      -29.97837      -42.39582       73.43173

 NSTEP =   860000   TIME(PS) =  151760.000  TEMP(K) =   308.49  PRESS =     0.0
 Etot   =   -114065.8545  EKtot   =     31380.3438  EPtot      =   -145446.1983
 BOND   =       862.5639  ANGLE   =      2156.7366  DIHED      =      1339.0924
 UB     =         0.0000  IMP     =         0.0000  CMAP       =       174.9425
 1-4 NB =      1013.9670  1-4 EEL =     15015.5083  VDWAALS    =     17315.0380
 EELEC  =   -183324.0469  EHBOND  =         0.0000  RESTRAINT  =         0.0000
 ------------------------------------------------------------------------------

wrapping first mol.:      -29.97837      -42.39582       73.43173

 NSTEP =   880000   TIME(PS) =  151800.000  TEMP(K) =   310.25  PRESS =     0.0
 Etot   =   -113287.1892  EKtot   =     31559.4023  EPtot      =   -144846.5916
 BOND   =       893.9245  ANGLE   =      2091.5157  DIHED      =      1329.8543
 UB     =         0.0000  IMP     =         0.0000  CMAP       =       192.0700
 1-4 NB =       995.3193  1-4 EEL =     14984.7262  VDWAALS    =     17357.2253
 EELEC  =   -182691.2268  EHBOND  =         0.0000  RESTRAINT  =         0.0000
 ------------------------------------------------------------------------------

wrapping first mol.:      -29.97837      -42.39582       73.43173

 NSTEP =   900000   TIME(PS) =  151840.000  TEMP(K) =   309.46  PRESS =     0.0
 Etot   =   -113778.8853  EKtot   =     31478.9180  EPtot      =   -145257.8033
 BOND   =       833.8742  ANGLE   =      2107.5874  DIHED      =      1349.4880
 UB     =         0.0000  IMP     =         0.0000  CMAP       =       181.8297
 1-4 NB =      1017.2904  1-4 EEL =     15053.2022  VDWAALS    =     17450.2873
 EELEC  =   -183251.3626  EHBOND  =         0.0000  RESTRAINT  =         0.0000
 ------------------------------------------------------------------------------

wrapping first mol.:      -29.97837      -42.39582       73.43173

 NSTEP =   920000   TIME(PS) =  151880.000  TEMP(K) =   308.13  PRESS =     0.0
 Etot   =   -113649.6366  EKtot   =     31343.2969  EPtot      =   -144992.9335
 BOND   =       865.2305  ANGLE   =      2176.2163  DIHED      =      1327.9043
 UB     =         0.0000  IMP     =         0.0000  CMAP       =       199.9900
 1-4 NB =       998.8274  1-4 EEL =     14985.0449  VDWAALS    =     17405.0072
 EELEC  =   -182951.1540  EHBOND  =         0.0000  RESTRAINT  =         0.0000
 ------------------------------------------------------------------------------

wrapping first mol.:      -29.97837      -42.39582       73.43173

 NSTEP =   940000   TIME(PS) =  151920.000  TEMP(K) =   309.41  PRESS =     0.0
 Etot   =   -113607.1991  EKtot   =     31473.9395  EPtot      =   -145081.1386
 BOND   =       819.7589  ANGLE   =      2124.1377  DIHED      =      1368.6961
 UB     =         0.0000  IMP     =         0.0000  CMAP       =       197.3228
 1-4 NB =      1007.7040  1-4 EEL =     15001.2083  VDWAALS    =     17131.9833
 EELEC  =   -182731.9497  EHBOND  =         0.0000  RESTRAINT  =         0.0000
 ------------------------------------------------------------------------------

wrapping first mol.:      -29.97837      -42.39582       73.43173

 NSTEP =   960000   TIME(PS) =  151960.000  TEMP(K) =   308.75  PRESS =     0.0
 Etot   =   -113881.1495  EKtot   =     31406.5801  EPtot      =   -145287.7296
 BOND   =       853.9951  ANGLE   =      2090.4267  DIHED      =      1341.5002
 UB     =         0.0000  IMP     =         0.0000  CMAP       =       196.5975
 1-4 NB =      1015.4869  1-4 EEL =     15039.0590  VDWAALS    =     17367.7200
 EELEC  =   -183192.5150  EHBOND  =         0.0000  RESTRAINT  =         0.0000
 ------------------------------------------------------------------------------

wrapping first mol.:      -29.97837      -42.39582       73.43173

 NSTEP =   980000   TIME(PS) =  152000.000  TEMP(K) =   308.81  PRESS =     0.0
 Etot   =   -113461.9862  EKtot   =     31413.2891  EPtot      =   -144875.2753
 BOND   =       812.0723  ANGLE   =      2152.2726  DIHED      =      1351.1323
 UB     =         0.0000  IMP     =         0.0000  CMAP       =       189.0182
 1-4 NB =      1014.6709  1-4 EEL =     14982.2696  VDWAALS    =     17190.3356
 EELEC  =   -182567.0469  EHBOND  =         0.0000  RESTRAINT  =         0.0000
 ------------------------------------------------------------------------------

wrapping first mol.:      -29.97837      -42.39582       73.43173

 NSTEP =  1000000   TIME(PS) =  152040.000  TEMP(K) =   311.18  PRESS =     0.0
 Etot   =   -113569.1425  EKtot   =     31653.7070  EPtot      =   -145222.8495
 BOND   =       875.3994  ANGLE   =      2098.6492  DIHED      =      1349.7889
 UB     =         0.0000  IMP     =         0.0000  CMAP       =       206.6596
 1-4 NB =      1004.3256  1-4 EEL =     14965.2326  VDWAALS    =     17210.3968
 EELEC  =   -182933.3015  EHBOND  =         0.0000  RESTRAINT  =         0.0000
 ------------------------------------------------------------------------------

wrapping first mol.:      -29.97837      -42.39582       73.43173

 NSTEP =  1020000   TIME(PS) =  152080.000  TEMP(K) =   308.45  PRESS =     0.0
 Etot   =   -113979.4436  EKtot   =     31375.9922  EPtot      =   -145355.4358
 BOND   =       848.0934  ANGLE   =      2150.8422  DIHED      =      1335.1686
 UB     =         0.0000  IMP     =         0.0000  CMAP       =       187.2567
 1-4 NB =      1007.1179  1-4 EEL =     15058.5300  VDWAALS    =     17148.7651
 EELEC  =   -183091.2096  EHBOND  =         0.0000  RESTRAINT  =         0.0000
 ------------------------------------------------------------------------------

wrapping first mol.:      -29.97837      -42.39582       73.43173

 NSTEP =  1040000   TIME(PS) =  152120.000  TEMP(K) =   310.17  PRESS =     0.0
 Etot   =   -113785.2850  EKtot   =     31551.0859  EPtot      =   -145336.3710
 BOND   =       895.0337  ANGLE   =      2126.1229  DIHED      =      1344.3542
 UB     =         0.0000  IMP     =         0.0000  CMAP       =       203.5329
 1-4 NB =       984.8861  1-4 EEL =     15032.9717  VDWAALS    =     17495.1520
 EELEC  =   -183418.4245  EHBOND  =         0.0000  RESTRAINT  =         0.0000
 ------------------------------------------------------------------------------

wrapping first mol.:      -29.97837      -42.39582       73.43173

 NSTEP =  1060000   TIME(PS) =  152160.000  TEMP(K) =   310.29  PRESS =     0.0
 Etot   =   -113499.3412  EKtot   =     31563.6387  EPtot      =   -145062.9799
 BOND   =       845.6968  ANGLE   =      2145.9280  DIHED      =      1334.8315
 UB     =         0.0000  IMP     =         0.0000  CMAP       =       189.3664
 1-4 NB =       976.4865  1-4 EEL =     15002.7988  VDWAALS    =     17112.2430
 EELEC  =   -182670.3309  EHBOND  =         0.0000  RESTRAINT  =         0.0000
 ------------------------------------------------------------------------------

wrapping first mol.:      -29.97837      -42.39582       73.43173

 NSTEP =  1080000   TIME(PS) =  152200.000  TEMP(K) =   308.63  PRESS =     0.0
 Etot   =   -113778.4783  EKtot   =     31394.2461  EPtot      =   -145172.7244
 BOND   =       851.2543  ANGLE   =      2151.8510  DIHED      =      1325.6765
 UB     =         0.0000  IMP     =         0.0000  CMAP       =       197.8450
 1-4 NB =       997.0126  1-4 EEL =     15038.4228  VDWAALS    =     17386.1383
 EELEC  =   -183120.9250  EHBOND  =         0.0000  RESTRAINT  =         0.0000
 ------------------------------------------------------------------------------

wrapping first mol.:      -29.97837      -42.39582       73.43173

 NSTEP =  1100000   TIME(PS) =  152240.000  TEMP(K) =   307.68  PRESS =     0.0
 Etot   =   -113987.3581  EKtot   =     31297.5449  EPtot      =   -145284.9031
 BOND   =       865.7616  ANGLE   =      2155.5830  DIHED      =      1336.0479
 UB     =         0.0000  IMP     =         0.0000  CMAP       =       177.7369
 1-4 NB =      1019.9320  1-4 EEL =     15030.0715  VDWAALS    =     17668.6931
 EELEC  =   -183538.7291  EHBOND  =         0.0000  RESTRAINT  =         0.0000
 ------------------------------------------------------------------------------

wrapping first mol.:      -29.97837      -42.39582       73.43173

 NSTEP =  1120000   TIME(PS) =  152280.000  TEMP(K) =   308.60  PRESS =     0.0
 Etot   =   -113676.1352  EKtot   =     31391.2715  EPtot      =   -145067.4066
 BOND   =       844.6578  ANGLE   =      2246.3457  DIHED      =      1344.1272
 UB     =         0.0000  IMP     =         0.0000  CMAP       =       184.4510
 1-4 NB =       993.9482  1-4 EEL =     14905.6765  VDWAALS    =     17074.1486
 EELEC  =   -182660.7616  EHBOND  =         0.0000  RESTRAINT  =         0.0000
 ------------------------------------------------------------------------------

wrapping first mol.:      -29.97837      -42.39582       73.43173

 NSTEP =  1140000   TIME(PS) =  152320.000  TEMP(K) =   308.37  PRESS =     0.0
 Etot   =   -113559.4161  EKtot   =     31367.7148  EPtot      =   -144927.1310
 BOND   =       824.6712  ANGLE   =      2212.2688  DIHED      =      1339.3011
 UB     =         0.0000  IMP     =         0.0000  CMAP       =       211.2458
 1-4 NB =      1015.4450  1-4 EEL =     14943.2721  VDWAALS    =     17266.1118
 EELEC  =   -182739.4468  EHBOND  =         0.0000  RESTRAINT  =         0.0000
 ------------------------------------------------------------------------------

wrapping first mol.:      -29.97837      -42.39582       73.43173

 NSTEP =  1160000   TIME(PS) =  152360.000  TEMP(K) =   309.47  PRESS =     0.0
 Etot   =   -113912.3279  EKtot   =     31480.0957  EPtot      =   -145392.4236
 BOND   =       848.2727  ANGLE   =      2072.5854  DIHED      =      1337.7496
 UB     =         0.0000  IMP     =         0.0000  CMAP       =       200.6062
 1-4 NB =      1005.2305  1-4 EEL =     15021.5924  VDWAALS    =     17065.5087
 EELEC  =   -182943.9690  EHBOND  =         0.0000  RESTRAINT  =         0.0000
 ------------------------------------------------------------------------------

wrapping first mol.:      -29.97837      -42.39582       73.43173

 NSTEP =  1180000   TIME(PS) =  152400.000  TEMP(K) =   309.15  PRESS =     0.0
 Etot   =   -113521.3634  EKtot   =     31447.7676  EPtot      =   -144969.1310
 BOND   =       832.3471  ANGLE   =      2163.9906  DIHED      =      1348.7763
 UB     =         0.0000  IMP     =         0.0000  CMAP       =       184.3111
 1-4 NB =      1006.3269  1-4 EEL =     15030.5349  VDWAALS    =     17385.5450
 EELEC  =   -182920.9628  EHBOND  =         0.0000  RESTRAINT  =         0.0000
 ------------------------------------------------------------------------------

wrapping first mol.:      -29.97837      -42.39582       73.43173

 NSTEP =  1200000   TIME(PS) =  152440.000  TEMP(K) =   311.17  PRESS =     0.0
 Etot   =   -113711.5699  EKtot   =     31652.7246  EPtot      =   -145364.2945
 BOND   =       813.2698  ANGLE   =      2134.8260  DIHED      =      1376.9563
 UB     =         0.0000  IMP     =         0.0000  CMAP       =       206.0595
 1-4 NB =       999.0374  1-4 EEL =     14983.5709  VDWAALS    =     17670.9009
 EELEC  =   -183548.9154  EHBOND  =         0.0000  RESTRAINT  =         0.0000
 ------------------------------------------------------------------------------

wrapping first mol.:      -29.97837      -42.39582       73.43173

 NSTEP =  1220000   TIME(PS) =  152480.000  TEMP(K) =   312.00  PRESS =     0.0
 Etot   =   -113502.0659  EKtot   =     31737.1035  EPtot      =   -145239.1694
 BOND   =       866.2127  ANGLE   =      2173.7240  DIHED      =      1352.2562
 UB     =         0.0000  IMP     =         0.0000  CMAP       =       210.2320
 1-4 NB =       993.0777  1-4 EEL =     15006.3744  VDWAALS    =     17312.4456
 EELEC  =   -183153.4920  EHBOND  =         0.0000  RESTRAINT  =         0.0000
 ------------------------------------------------------------------------------

wrapping first mol.:      -29.97837      -42.39582       73.43173

 NSTEP =  1240000   TIME(PS) =  152520.000  TEMP(K) =   312.43  PRESS =     0.0
 Etot   =   -113410.7146  EKtot   =     31780.7031  EPtot      =   -145191.4177
 BOND   =       906.1057  ANGLE   =      2158.8707  DIHED      =      1327.8736
 UB     =         0.0000  IMP     =         0.0000  CMAP       =       207.2744
 1-4 NB =       999.4336  1-4 EEL =     15036.5550  VDWAALS    =     17388.4932
 EELEC  =   -183216.0239  EHBOND  =         0.0000  RESTRAINT  =         0.0000
 ------------------------------------------------------------------------------

wrapping first mol.:      -29.97837      -42.39582       73.43173

 NSTEP =  1260000   TIME(PS) =  152560.000  TEMP(K) =   311.52  PRESS =     0.0
 Etot   =   -113417.9309  EKtot   =     31688.8789  EPtot      =   -145106.8098
 BOND   =       875.2711  ANGLE   =      2147.7018  DIHED      =      1363.1509
 UB     =         0.0000  IMP     =         0.0000  CMAP       =       208.6644
 1-4 NB =       990.6507  1-4 EEL =     15050.9446  VDWAALS    =     17267.2318
 EELEC  =   -183010.4251  EHBOND  =         0.0000  RESTRAINT  =         0.0000
 ------------------------------------------------------------------------------

wrapping first mol.:      -29.97837      -42.39582       73.43173

 NSTEP =  1280000   TIME(PS) =  152600.000  TEMP(K) =   309.46  PRESS =     0.0
 Etot   =   -113818.5364  EKtot   =     31478.9082  EPtot      =   -145297.4446
 BOND   =       909.3254  ANGLE   =      2171.8559  DIHED      =      1319.4124
 UB     =         0.0000  IMP     =         0.0000  CMAP       =       198.0706
 1-4 NB =       992.2746  1-4 EEL =     15039.3624  VDWAALS    =     17235.2506
 EELEC  =   -183162.9965  EHBOND  =         0.0000  RESTRAINT  =         0.0000
 ------------------------------------------------------------------------------

wrapping first mol.:      -29.97837      -42.39582       73.43173

 NSTEP =  1300000   TIME(PS) =  152640.000  TEMP(K) =   310.84  PRESS =     0.0
 Etot   =   -113892.5827  EKtot   =     31619.3242  EPtot      =   -145511.9069
 BOND   =       885.3600  ANGLE   =      2181.7609  DIHED      =      1352.7040
 UB     =         0.0000  IMP     =         0.0000  CMAP       =       186.9110
 1-4 NB =      1011.0100  1-4 EEL =     15001.2150  VDWAALS    =     17656.3007
 EELEC  =   -183787.1684  EHBOND  =         0.0000  RESTRAINT  =         0.0000
 ------------------------------------------------------------------------------

wrapping first mol.:      -29.97837      -42.39582       73.43173

 NSTEP =  1320000   TIME(PS) =  152680.000  TEMP(K) =   308.38  PRESS =     0.0
 Etot   =   -113876.0834  EKtot   =     31369.0508  EPtot      =   -145245.1342
 BOND   =       864.5993  ANGLE   =      2184.9550  DIHED      =      1355.0371
 UB     =         0.0000  IMP     =         0.0000  CMAP       =       203.5516
 1-4 NB =       963.2036  1-4 EEL =     15032.0280  VDWAALS    =     17542.4959
 EELEC  =   -183391.0047  EHBOND  =         0.0000  RESTRAINT  =         0.0000
 ------------------------------------------------------------------------------

wrapping first mol.:      -29.97837      -42.39582       73.43173

 NSTEP =  1340000   TIME(PS) =  152720.000  TEMP(K) =   308.15  PRESS =     0.0
 Etot   =   -114070.6435  EKtot   =     31345.5059  EPtot      =   -145416.1494
 BOND   =       866.6941  ANGLE   =      2172.1552  DIHED      =      1335.2242
 UB     =         0.0000  IMP     =         0.0000  CMAP       =       210.0519
 1-4 NB =      1013.7905  1-4 EEL =     15140.2964  VDWAALS    =     17068.6802
 EELEC  =   -183223.0420  EHBOND  =         0.0000  RESTRAINT  =         0.0000
 ------------------------------------------------------------------------------

wrapping first mol.:      -29.97837      -42.39582       73.43173

 NSTEP =  1360000   TIME(PS) =  152760.000  TEMP(K) =   310.95  PRESS =     0.0
 Etot   =   -113930.4617  EKtot   =     31630.0586  EPtot      =   -145560.5203
 BOND   =       825.9502  ANGLE   =      2110.7663  DIHED      =      1362.8721
 UB     =         0.0000  IMP     =         0.0000  CMAP       =       214.9658
 1-4 NB =      1017.0553  1-4 EEL =     15131.8017  VDWAALS    =     17169.2637
 EELEC  =   -183393.1956  EHBOND  =         0.0000  RESTRAINT  =         0.0000
 ------------------------------------------------------------------------------

wrapping first mol.:      -29.97837      -42.39582       73.43173

 NSTEP =  1380000   TIME(PS) =  152800.000  TEMP(K) =   309.83  PRESS =     0.0
 Etot   =   -113903.7882  EKtot   =     31516.8438  EPtot      =   -145420.6319
 BOND   =       858.8291  ANGLE   =      2164.7218  DIHED      =      1369.2098
 UB     =         0.0000  IMP     =         0.0000  CMAP       =       204.8578
 1-4 NB =      1012.1621  1-4 EEL =     15089.9886  VDWAALS    =     16967.5178
 EELEC  =   -183087.9188  EHBOND  =         0.0000  RESTRAINT  =         0.0000
 ------------------------------------------------------------------------------

wrapping first mol.:      -29.97837      -42.39582       73.43173

 NSTEP =  1400000   TIME(PS) =  152840.000  TEMP(K) =   311.55  PRESS =     0.0
 Etot   =   -112937.5980  EKtot   =     31691.5156  EPtot      =   -144629.1136
 BOND   =       837.4492  ANGLE   =      2190.2920  DIHED      =      1362.6166
 UB     =         0.0000  IMP     =         0.0000  CMAP       =       219.8353
 1-4 NB =      1010.8126  1-4 EEL =     15163.5295  VDWAALS    =     17224.4746
 EELEC  =   -182638.1233  EHBOND  =         0.0000  RESTRAINT  =         0.0000
 ------------------------------------------------------------------------------

wrapping first mol.:      -29.97837      -42.39582       73.43173

 NSTEP =  1420000   TIME(PS) =  152880.000  TEMP(K) =   308.64  PRESS =     0.0
 Etot   =   -113831.6382  EKtot   =     31396.0156  EPtot      =   -145227.6538
 BOND   =       841.3350  ANGLE   =      2128.6601  DIHED      =      1380.4761
 UB     =         0.0000  IMP     =         0.0000  CMAP       =       209.9280
 1-4 NB =      1000.0971  1-4 EEL =     15162.6885  VDWAALS    =     17228.5340
 EELEC  =   -183179.3726  EHBOND  =         0.0000  RESTRAINT  =         0.0000
 ------------------------------------------------------------------------------

wrapping first mol.:      -29.97837      -42.39582       73.43173

 NSTEP =  1440000   TIME(PS) =  152920.000  TEMP(K) =   310.75  PRESS =     0.0
 Etot   =   -113586.6567  EKtot   =     31609.8730  EPtot      =   -145196.5297
 BOND   =       823.8109  ANGLE   =      2157.5921  DIHED      =      1373.8633
 UB     =         0.0000  IMP     =         0.0000  CMAP       =       183.8486
 1-4 NB =       983.1579  1-4 EEL =     15054.9143  VDWAALS    =     17490.2618
 EELEC  =   -183263.9787  EHBOND  =         0.0000  RESTRAINT  =         0.0000
 ------------------------------------------------------------------------------

wrapping first mol.:      -29.97837      -42.39582       73.43173

 NSTEP =  1460000   TIME(PS) =  152960.000  TEMP(K) =   310.07  PRESS =     0.0
 Etot   =   -114333.4447  EKtot   =     31540.8359  EPtot      =   -145874.2807
 BOND   =       873.1994  ANGLE   =      2107.2860  DIHED      =      1310.7092
 UB     =         0.0000  IMP     =         0.0000  CMAP       =       206.4544
 1-4 NB =       983.5995  1-4 EEL =     15080.5163  VDWAALS    =     17766.3044
 EELEC  =   -184202.3499  EHBOND  =         0.0000  RESTRAINT  =         0.0000
 ------------------------------------------------------------------------------

wrapping first mol.:      -29.97837      -42.39582       73.43173

 NSTEP =  1480000   TIME(PS) =  153000.000  TEMP(K) =   310.21  PRESS =     0.0
 Etot   =   -113819.7972  EKtot   =     31554.9258  EPtot      =   -145374.7230
 BOND   =       837.7628  ANGLE   =      2117.7798  DIHED      =      1339.2504
 UB     =         0.0000  IMP     =         0.0000  CMAP       =       208.6945
 1-4 NB =       998.4791  1-4 EEL =     15148.5574  VDWAALS    =     17373.5343
 EELEC  =   -183398.7813  EHBOND  =         0.0000  RESTRAINT  =         0.0000
 ------------------------------------------------------------------------------

wrapping first mol.:      -29.97837      -42.39582       73.43173

 NSTEP =  1500000   TIME(PS) =  153040.000  TEMP(K) =   309.77  PRESS =     0.0
 Etot   =   -114100.0615  EKtot   =     31510.6328  EPtot      =   -145610.6943
 BOND   =       886.5428  ANGLE   =      2158.3500  DIHED      =      1359.3419
 UB     =         0.0000  IMP     =         0.0000  CMAP       =       208.2893
 1-4 NB =       999.4114  1-4 EEL =     15025.2664  VDWAALS    =     17419.9348
 EELEC  =   -183667.8310  EHBOND  =         0.0000  RESTRAINT  =         0.0000
 ------------------------------------------------------------------------------

wrapping first mol.:      -29.97837      -42.39582       73.43173

 NSTEP =  1520000   TIME(PS) =  153080.000  TEMP(K) =   311.71  PRESS =     0.0
 Etot   =   -113609.4912  EKtot   =     31707.5918  EPtot      =   -145317.0830
 BOND   =       846.0640  ANGLE   =      2108.6985  DIHED      =      1336.6938
 UB     =         0.0000  IMP     =         0.0000  CMAP       =       200.5346
 1-4 NB =       998.7210  1-4 EEL =     15134.4005  VDWAALS    =     17302.9819
 EELEC  =   -183245.1773  EHBOND  =         0.0000  RESTRAINT  =         0.0000
 ------------------------------------------------------------------------------

wrapping first mol.:      -29.97837      -42.39582       73.43173

 NSTEP =  1540000   TIME(PS) =  153120.000  TEMP(K) =   310.32  PRESS =     0.0
 Etot   =   -113900.0242  EKtot   =     31566.0078  EPtot      =   -145466.0320
 BOND   =       865.7121  ANGLE   =      2181.3296  DIHED      =      1356.6626
 UB     =         0.0000  IMP     =         0.0000  CMAP       =       215.2687
 1-4 NB =      1007.5911  1-4 EEL =     15112.9514  VDWAALS    =     17262.4497
 EELEC  =   -183467.9972  EHBOND  =         0.0000  RESTRAINT  =         0.0000
 ------------------------------------------------------------------------------

wrapping first mol.:      -29.97837      -42.39582       73.43173

 NSTEP =  1560000   TIME(PS) =  153160.000  TEMP(K) =   309.47  PRESS =     0.0
 Etot   =   -114039.9368  EKtot   =     31480.4492  EPtot      =   -145520.3861
 BOND   =       862.1871  ANGLE   =      2088.5095  DIHED      =      1326.1972
 UB     =         0.0000  IMP     =         0.0000  CMAP       =       181.8149
 1-4 NB =       984.8880  1-4 EEL =     15100.4690  VDWAALS    =     17703.6795
 EELEC  =   -183768.1312  EHBOND  =         0.0000  RESTRAINT  =         0.0000
 ------------------------------------------------------------------------------

wrapping first mol.:      -29.97837      -42.39582       73.43173

 NSTEP =  1580000   TIME(PS) =  153200.000  TEMP(K) =   310.69  PRESS =     0.0
 Etot   =   -113626.3815  EKtot   =     31603.9160  EPtot      =   -145230.2975
 BOND   =       828.1496  ANGLE   =      2173.7906  DIHED      =      1327.0044
 UB     =         0.0000  IMP     =         0.0000  CMAP       =       206.9691
 1-4 NB =      1001.3898  1-4 EEL =     15076.2746  VDWAALS    =     17050.3842
 EELEC  =   -182894.2598  EHBOND  =         0.0000  RESTRAINT  =         0.0000
 ------------------------------------------------------------------------------

wrapping first mol.:      -29.97837      -42.39582       73.43173

 NSTEP =  1600000   TIME(PS) =  153240.000  TEMP(K) =   308.72  PRESS =     0.0
 Etot   =   -113552.2097  EKtot   =     31404.0781  EPtot      =   -144956.2878
 BOND   =       828.7465  ANGLE   =      2215.9647  DIHED      =      1364.1013
 UB     =         0.0000  IMP     =         0.0000  CMAP       =       201.3210
 1-4 NB =      1006.4768  1-4 EEL =     15050.7767  VDWAALS    =     17214.2262
 EELEC  =   -182837.9010  EHBOND  =         0.0000  RESTRAINT  =         0.0000
 ------------------------------------------------------------------------------

wrapping first mol.:      -29.97837      -42.39582       73.43173

 NSTEP =  1620000   TIME(PS) =  153280.000  TEMP(K) =   310.95  PRESS =     0.0
 Etot   =   -113338.7416  EKtot   =     31630.0879  EPtot      =   -144968.8295
 BOND   =       843.8374  ANGLE   =      2147.4013  DIHED      =      1364.5984
 UB     =         0.0000  IMP     =         0.0000  CMAP       =       195.4471
 1-4 NB =       999.3470  1-4 EEL =     15056.3105  VDWAALS    =     17243.5178
 EELEC  =   -182819.2890  EHBOND  =         0.0000  RESTRAINT  =         0.0000
 ------------------------------------------------------------------------------

wrapping first mol.:      -29.97837      -42.39582       73.43173

 NSTEP =  1640000   TIME(PS) =  153320.000  TEMP(K) =   310.09  PRESS =     0.0
 Etot   =   -113554.0114  EKtot   =     31543.2441  EPtot      =   -145097.2555
 BOND   =       852.6039  ANGLE   =      2175.4957  DIHED      =      1339.0001
 UB     =         0.0000  IMP     =         0.0000  CMAP       =       195.3398
 1-4 NB =      1006.6329  1-4 EEL =     15037.3976  VDWAALS    =     17466.7231
 EELEC  =   -183170.4487  EHBOND  =         0.0000  RESTRAINT  =         0.0000
 ------------------------------------------------------------------------------

wrapping first mol.:      -29.97837      -42.39582       73.43173

 NSTEP =  1660000   TIME(PS) =  153360.000  TEMP(K) =   311.95  PRESS =     0.0
 Etot   =   -113734.9835  EKtot   =     31732.3320  EPtot      =   -145467.3156
 BOND   =       832.4121  ANGLE   =      2136.1628  DIHED      =      1323.9340
 UB     =         0.0000  IMP     =         0.0000  CMAP       =       198.0642
 1-4 NB =      1010.9562  1-4 EEL =     15106.7670  VDWAALS    =     17290.0517
 EELEC  =   -183365.6635  EHBOND  =         0.0000  RESTRAINT  =         0.0000
 ------------------------------------------------------------------------------

wrapping first mol.:      -29.97837      -42.39582       73.43173

 NSTEP =  1680000   TIME(PS) =  153400.000  TEMP(K) =   309.34  PRESS =     0.0
 Etot   =   -114064.4783  EKtot   =     31466.6719  EPtot      =   -145531.1502
 BOND   =       858.4949  ANGLE   =      2126.9088  DIHED      =      1358.5397
 UB     =         0.0000  IMP     =         0.0000  CMAP       =       197.4359
 1-4 NB =      1014.3143  1-4 EEL =     15005.4314  VDWAALS    =     17674.7820
 EELEC  =   -183767.0571  EHBOND  =         0.0000  RESTRAINT  =         0.0000
 ------------------------------------------------------------------------------

wrapping first mol.:      -29.97837      -42.39582       73.43173

 NSTEP =  1700000   TIME(PS) =  153440.000  TEMP(K) =   310.11  PRESS =     0.0
 Etot   =   -113804.4358  EKtot   =     31545.1914  EPtot      =   -145349.6272
 BOND   =       865.8421  ANGLE   =      2087.7509  DIHED      =      1349.8956
 UB     =         0.0000  IMP     =         0.0000  CMAP       =       201.2427
 1-4 NB =      1003.1866  1-4 EEL =     15055.8164  VDWAALS    =     17286.3377
 EELEC  =   -183199.6992  EHBOND  =         0.0000  RESTRAINT  =         0.0000
 ------------------------------------------------------------------------------

wrapping first mol.:      -29.97837      -42.39582       73.43173

 NSTEP =  1720000   TIME(PS) =  153480.000  TEMP(K) =   309.60  PRESS =     0.0
 Etot   =   -113580.8671  EKtot   =     31492.7891  EPtot      =   -145073.6561
 BOND   =       853.1854  ANGLE   =      2144.4386  DIHED      =      1351.2490
 UB     =         0.0000  IMP     =         0.0000  CMAP       =       212.9520
 1-4 NB =      1005.3831  1-4 EEL =     15060.1368  VDWAALS    =     17273.5749
 EELEC  =   -182974.5760  EHBOND  =         0.0000  RESTRAINT  =         0.0000
 ------------------------------------------------------------------------------

wrapping first mol.:      -29.97837      -42.39582       73.43173

 NSTEP =  1740000   TIME(PS) =  153520.000  TEMP(K) =   309.92  PRESS =     0.0
 Etot   =   -113913.1147  EKtot   =     31525.4102  EPtot      =   -145438.5248
 BOND   =       806.0376  ANGLE   =      2179.3851  DIHED      =      1376.4367
 UB     =         0.0000  IMP     =         0.0000  CMAP       =       202.8793
 1-4 NB =      1024.8564  1-4 EEL =     15035.0143  VDWAALS    =     17421.2709
 EELEC  =   -183484.4052  EHBOND  =         0.0000  RESTRAINT  =         0.0000
 ------------------------------------------------------------------------------

wrapping first mol.:      -29.97837      -42.39582       73.43173

 NSTEP =  1760000   TIME(PS) =  153560.000  TEMP(K) =   311.37  PRESS =     0.0
 Etot   =   -113156.2459  EKtot   =     31673.3965  EPtot      =   -144829.6424
 BOND   =       847.5166  ANGLE   =      2153.2335  DIHED      =      1365.9068
 UB     =         0.0000  IMP     =         0.0000  CMAP       =       208.2529
 1-4 NB =       991.4689  1-4 EEL =     14988.9735  VDWAALS    =     17175.1543
 EELEC  =   -182560.1487  EHBOND  =         0.0000  RESTRAINT  =         0.0000
 ------------------------------------------------------------------------------

wrapping first mol.:      -29.97837      -42.39582       73.43173

 NSTEP =  1780000   TIME(PS) =  153600.000  TEMP(K) =   308.65  PRESS =     0.0
 Etot   =   -113582.7086  EKtot   =     31396.5449  EPtot      =   -144979.2535
 BOND   =       833.1859  ANGLE   =      2106.8281  DIHED      =      1351.8295
 UB     =         0.0000  IMP     =         0.0000  CMAP       =       186.2274
 1-4 NB =       962.2042  1-4 EEL =     15109.7751  VDWAALS    =     17342.3725
 EELEC  =   -182871.6763  EHBOND  =         0.0000  RESTRAINT  =         0.0000
 ------------------------------------------------------------------------------

wrapping first mol.:      -29.97837      -42.39582       73.43173

 NSTEP =  1800000   TIME(PS) =  153640.000  TEMP(K) =   309.20  PRESS =     0.0
 Etot   =   -113498.3485  EKtot   =     31452.5469  EPtot      =   -144950.8954
 BOND   =       856.3978  ANGLE   =      2214.6119  DIHED      =      1342.2085
 UB     =         0.0000  IMP     =         0.0000  CMAP       =       198.9938
 1-4 NB =      1008.1996  1-4 EEL =     15073.1054  VDWAALS    =     17111.7710
 EELEC  =   -182756.1833  EHBOND  =         0.0000  RESTRAINT  =         0.0000
 ------------------------------------------------------------------------------

wrapping first mol.:      -29.97837      -42.39582       73.43173

 NSTEP =  1820000   TIME(PS) =  153680.000  TEMP(K) =   308.32  PRESS =     0.0
 Etot   =   -114042.8593  EKtot   =     31363.3535  EPtot      =   -145406.2128
 BOND   =       832.1393  ANGLE   =      2158.0922  DIHED      =      1361.5609
 UB     =         0.0000  IMP     =         0.0000  CMAP       =       203.2142
 1-4 NB =      1000.8124  1-4 EEL =     15128.1037  VDWAALS    =     17478.5372
 EELEC  =   -183568.6727  EHBOND  =         0.0000  RESTRAINT  =         0.0000
 ------------------------------------------------------------------------------

wrapping first mol.:      -29.97837      -42.39582       73.43173

 NSTEP =  1840000   TIME(PS) =  153720.000  TEMP(K) =   308.92  PRESS =     0.0
 Etot   =   -113606.9031  EKtot   =     31424.0820  EPtot      =   -145030.9852
 BOND   =       889.9409  ANGLE   =      2143.1668  DIHED      =      1363.7088
 UB     =         0.0000  IMP     =         0.0000  CMAP       =       204.1212
 1-4 NB =       992.3433  1-4 EEL =     15016.0767  VDWAALS    =     17105.9812
 EELEC  =   -182746.3240  EHBOND  =         0.0000  RESTRAINT  =         0.0000
 ------------------------------------------------------------------------------

wrapping first mol.:      -29.97837      -42.39582       73.43173

 NSTEP =  1860000   TIME(PS) =  153760.000  TEMP(K) =   310.60  PRESS =     0.0
 Etot   =   -113531.6699  EKtot   =     31595.3945  EPtot      =   -145127.0644
 BOND   =       867.2378  ANGLE   =      2222.3071  DIHED      =      1355.9689
 UB     =         0.0000  IMP     =         0.0000  CMAP       =       219.0388
 1-4 NB =       987.9940  1-4 EEL =     15065.2116  VDWAALS    =     17407.7260
 EELEC  =   -183252.5487  EHBOND  =         0.0000  RESTRAINT  =         0.0000
 ------------------------------------------------------------------------------

wrapping first mol.:      -29.97837      -42.39582       73.43173

 NSTEP =  1880000   TIME(PS) =  153800.000  TEMP(K) =   312.93  PRESS =     0.0
 Etot   =   -113489.8854  EKtot   =     31831.7598  EPtot      =   -145321.6452
 BOND   =       870.5269  ANGLE   =      2154.7473  DIHED      =      1351.5924
 UB     =         0.0000  IMP     =         0.0000  CMAP       =       195.5745
 1-4 NB =      1000.8511  1-4 EEL =     15062.5234  VDWAALS    =     17271.8167
 EELEC  =   -183229.2774  EHBOND  =         0.0000  RESTRAINT  =         0.0000
 ------------------------------------------------------------------------------

wrapping first mol.:      -29.97837      -42.39582       73.43173

 NSTEP =  1900000   TIME(PS) =  153840.000  TEMP(K) =   311.27  PRESS =     0.0
 Etot   =   -113692.8556  EKtot   =     31663.3613  EPtot      =   -145356.2169
 BOND   =       852.3428  ANGLE   =      2130.2801  DIHED      =      1343.2596
 UB     =         0.0000  IMP     =         0.0000  CMAP       =       193.7764
 1-4 NB =      1000.6961  1-4 EEL =     15111.2666  VDWAALS    =     17572.5611
 EELEC  =   -183560.3995  EHBOND  =         0.0000  RESTRAINT  =         0.0000
 ------------------------------------------------------------------------------

wrapping first mol.:      -29.97837      -42.39582       73.43173

 NSTEP =  1920000   TIME(PS) =  153880.000  TEMP(K) =   309.11  PRESS =     0.0
 Etot   =   -113587.4225  EKtot   =     31442.9570  EPtot      =   -145030.3795
 BOND   =       854.1187  ANGLE   =      2220.1377  DIHED      =      1371.6014
 UB     =         0.0000  IMP     =         0.0000  CMAP       =       192.3075
 1-4 NB =       999.8989  1-4 EEL =     15080.5561  VDWAALS    =     17402.8647
 EELEC  =   -183151.8645  EHBOND  =         0.0000  RESTRAINT  =         0.0000
 ------------------------------------------------------------------------------

wrapping first mol.:      -29.97837      -42.39582       73.43173

 NSTEP =  1940000   TIME(PS) =  153920.000  TEMP(K) =   307.92  PRESS =     0.0
 Etot   =   -113456.8398  EKtot   =     31321.9434  EPtot      =   -144778.7832
 BOND   =       858.1925  ANGLE   =      2074.0781  DIHED      =      1363.5767
 UB     =         0.0000  IMP     =         0.0000  CMAP       =       200.7639
 1-4 NB =      1010.2534  1-4 EEL =     15111.3855  VDWAALS    =     17390.1827
 EELEC  =   -182787.2160  EHBOND  =         0.0000  RESTRAINT  =         0.0000
 ------------------------------------------------------------------------------

wrapping first mol.:      -29.97837      -42.39582       73.43173

 NSTEP =  1960000   TIME(PS) =  153960.000  TEMP(K) =   308.07  PRESS =     0.0
 Etot   =   -114007.2140  EKtot   =     31337.7930  EPtot      =   -145345.0070
 BOND   =       839.4102  ANGLE   =      2148.0836  DIHED      =      1371.5207
 UB     =         0.0000  IMP     =         0.0000  CMAP       =       196.2952
 1-4 NB =       998.8791  1-4 EEL =     15087.6897  VDWAALS    =     17394.2632
 EELEC  =   -183381.1486  EHBOND  =         0.0000  RESTRAINT  =         0.0000
 ------------------------------------------------------------------------------

wrapping first mol.:      -29.97837      -42.39582       73.43173

 NSTEP =  1980000   TIME(PS) =  154000.000  TEMP(K) =   308.64  PRESS =     0.0
 Etot   =   -113873.4052  EKtot   =     31395.5762  EPtot      =   -145268.9814
 BOND   =       932.2416  ANGLE   =      2126.5959  DIHED      =      1346.1681
 UB     =         0.0000  IMP     =         0.0000  CMAP       =       201.1292
 1-4 NB =       993.4252  1-4 EEL =     15156.3056  VDWAALS    =     17515.9778
 EELEC  =   -183540.8248  EHBOND  =         0.0000  RESTRAINT  =         0.0000
 ------------------------------------------------------------------------------

wrapping first mol.:      -29.97837      -42.39582       73.43173

 NSTEP =  2000000   TIME(PS) =  154040.000  TEMP(K) =   309.26  PRESS =     0.0
 Etot   =   -113813.9622  EKtot   =     31458.6172  EPtot      =   -145272.5794
 BOND   =       829.7602  ANGLE   =      2154.6900  DIHED      =      1367.7488
 UB     =         0.0000  IMP     =         0.0000  CMAP       =       210.9584
 1-4 NB =      1009.7525  1-4 EEL =     15065.1769  VDWAALS    =     17547.9849
 EELEC  =   -183458.6511  EHBOND  =         0.0000  RESTRAINT  =         0.0000
 ------------------------------------------------------------------------------

wrapping first mol.:      -29.97837      -42.39582       73.43173

 NSTEP =  2020000   TIME(PS) =  154080.000  TEMP(K) =   309.66  PRESS =     0.0
 Etot   =   -113862.4331  EKtot   =     31499.6367  EPtot      =   -145362.0698
 BOND   =       900.6922  ANGLE   =      2119.5269  DIHED      =      1364.7482
 UB     =         0.0000  IMP     =         0.0000  CMAP       =       211.6834
 1-4 NB =      1013.9224  1-4 EEL =     15104.7717  VDWAALS    =     17511.0042
 EELEC  =   -183588.4188  EHBOND  =         0.0000  RESTRAINT  =         0.0000
 ------------------------------------------------------------------------------

wrapping first mol.:      -29.97837      -42.39582       73.43173

 NSTEP =  2040000   TIME(PS) =  154120.000  TEMP(K) =   310.95  PRESS =     0.0
 Etot   =   -113393.5567  EKtot   =     31630.5684  EPtot      =   -145024.1250
 BOND   =       820.9174  ANGLE   =      2116.4169  DIHED      =      1356.6676
 UB     =         0.0000  IMP     =         0.0000  CMAP       =       200.4472
 1-4 NB =      1022.9867  1-4 EEL =     15099.5389  VDWAALS    =     17503.9867
 EELEC  =   -183145.0865  EHBOND  =         0.0000  RESTRAINT  =         0.0000
 ------------------------------------------------------------------------------

wrapping first mol.:      -29.97837      -42.39582       73.43173

 NSTEP =  2060000   TIME(PS) =  154160.000  TEMP(K) =   311.53  PRESS =     0.0
 Etot   =   -113624.1175  EKtot   =     31690.0273  EPtot      =   -145314.1449
 BOND   =       824.9061  ANGLE   =      2160.9772  DIHED      =      1323.6463
 UB     =         0.0000  IMP     =         0.0000  CMAP       =       198.8752
 1-4 NB =       985.8609  1-4 EEL =     15143.3838  VDWAALS    =     17535.3908
 EELEC  =   -183487.1852  EHBOND  =         0.0000  RESTRAINT  =         0.0000
 ------------------------------------------------------------------------------

wrapping first mol.:      -29.97837      -42.39582       73.43173

 NSTEP =  2080000   TIME(PS) =  154200.000  TEMP(K) =   310.80  PRESS =     0.0
 Etot   =   -113489.9667  EKtot   =     31615.3965  EPtot      =   -145105.3632
 BOND   =       852.0762  ANGLE   =      2208.1331  DIHED      =      1345.4034
 UB     =         0.0000  IMP     =         0.0000  CMAP       =       197.6804
 1-4 NB =       976.0880  1-4 EEL =     15037.1694  VDWAALS    =     17309.8039
 EELEC  =   -183031.7174  EHBOND  =         0.0000  RESTRAINT  =         0.0000
 ------------------------------------------------------------------------------

wrapping first mol.:      -29.97837      -42.39582       73.43173

 NSTEP =  2100000   TIME(PS) =  154240.000  TEMP(K) =   308.43  PRESS =     0.0
 Etot   =   -113513.9604  EKtot   =     31374.2969  EPtot      =   -144888.2573
 BOND   =       849.0938  ANGLE   =      2164.5258  DIHED      =      1361.6648
 UB     =         0.0000  IMP     =         0.0000  CMAP       =       214.3397
 1-4 NB =       996.3694  1-4 EEL =     15125.7790  VDWAALS    =     17372.4398
 EELEC  =   -182972.4695  EHBOND  =         0.0000  RESTRAINT  =         0.0000
 ------------------------------------------------------------------------------

wrapping first mol.:      -29.97837      -42.39582       73.43173

 NSTEP =  2120000   TIME(PS) =  154280.000  TEMP(K) =   307.09  PRESS =     0.0
 Etot   =   -113789.6283  EKtot   =     31237.8848  EPtot      =   -145027.5131
 BOND   =       880.2956  ANGLE   =      2108.2845  DIHED      =      1373.6308
 UB     =         0.0000  IMP     =         0.0000  CMAP       =       208.0288
 1-4 NB =      1003.7536  1-4 EEL =     15152.3334  VDWAALS    =     17342.8318
 EELEC  =   -183096.6715  EHBOND  =         0.0000  RESTRAINT  =         0.0000
 ------------------------------------------------------------------------------

wrapping first mol.:      -29.97837      -42.39582       73.43173

 NSTEP =  2140000   TIME(PS) =  154320.000  TEMP(K) =   307.36  PRESS =     0.0
 Etot   =   -113762.8284  EKtot   =     31265.1523  EPtot      =   -145027.9807
 BOND   =       833.3580  ANGLE   =      2140.5339  DIHED      =      1363.7924
 UB     =         0.0000  IMP     =         0.0000  CMAP       =       189.5030
 1-4 NB =       999.5178  1-4 EEL =     15053.2193  VDWAALS    =     17652.5973
 EELEC  =   -183260.5025  EHBOND  =         0.0000  RESTRAINT  =         0.0000
 ------------------------------------------------------------------------------

wrapping first mol.:      -29.97837      -42.39582       73.43173

 NSTEP =  2160000   TIME(PS) =  154360.000  TEMP(K) =   312.01  PRESS =     0.0
 Etot   =   -113222.4796  EKtot   =     31738.6836  EPtot      =   -144961.1632
 BOND   =       880.6977  ANGLE   =      2149.1374  DIHED      =      1386.6776
 UB     =         0.0000  IMP     =         0.0000  CMAP       =       194.9943
 1-4 NB =       994.1422  1-4 EEL =     15063.4894  VDWAALS    =     17161.6460
 EELEC  =   -182791.9478  EHBOND  =         0.0000  RESTRAINT  =         0.0000
 ------------------------------------------------------------------------------

wrapping first mol.:      -29.97837      -42.39582       73.43173

 NSTEP =  2180000   TIME(PS) =  154400.000  TEMP(K) =   311.88  PRESS =     0.0
 Etot   =   -113160.8768  EKtot   =     31724.9766  EPtot      =   -144885.8534
 BOND   =       895.1015  ANGLE   =      2179.2129  DIHED      =      1356.7173
 UB     =         0.0000  IMP     =         0.0000  CMAP       =       181.6400
 1-4 NB =      1024.5711  1-4 EEL =     15160.2141  VDWAALS    =     17205.3223
 EELEC  =   -182888.6326  EHBOND  =         0.0000  RESTRAINT  =         0.0000
 ------------------------------------------------------------------------------

wrapping first mol.:      -29.97837      -42.39582       73.43173

 NSTEP =  2200000   TIME(PS) =  154440.000  TEMP(K) =   310.88  PRESS =     0.0
 Etot   =   -113475.6082  EKtot   =     31623.7188  EPtot      =   -145099.3269
 BOND   =       825.1729  ANGLE   =      2088.7515  DIHED      =      1388.2337
 UB     =         0.0000  IMP     =         0.0000  CMAP       =       211.7975
 1-4 NB =      1013.5168  1-4 EEL =     15133.2079  VDWAALS    =     17275.8259
 EELEC  =   -183035.8331  EHBOND  =         0.0000  RESTRAINT  =         0.0000
 ------------------------------------------------------------------------------

wrapping first mol.:      -29.97837      -42.39582       73.43173

 NSTEP =  2220000   TIME(PS) =  154480.000  TEMP(K) =   309.43  PRESS =     0.0
 Etot   =   -113903.8308  EKtot   =     31475.8418  EPtot      =   -145379.6726
 BOND   =       867.7162  ANGLE   =      2136.0827  DIHED      =      1354.5240
 UB     =         0.0000  IMP     =         0.0000  CMAP       =       197.3592
 1-4 NB =       991.9865  1-4 EEL =     15018.8976  VDWAALS    =     17106.1694
 EELEC  =   -183052.4082  EHBOND  =         0.0000  RESTRAINT  =         0.0000
 ------------------------------------------------------------------------------

wrapping first mol.:      -29.97837      -42.39582       73.43173

 NSTEP =  2240000   TIME(PS) =  154520.000  TEMP(K) =   311.80  PRESS =     0.0
 Etot   =   -113370.3058  EKtot   =     31716.8613  EPtot      =   -145087.1672
 BOND   =       844.5429  ANGLE   =      2133.0685  DIHED      =      1379.3764
 UB     =         0.0000  IMP     =         0.0000  CMAP       =       178.9703
 1-4 NB =      1016.6639  1-4 EEL =     15100.6730  VDWAALS    =     17356.7521
 EELEC  =   -183097.2143  EHBOND  =         0.0000  RESTRAINT  =         0.0000
 ------------------------------------------------------------------------------

wrapping first mol.:      -29.97837      -42.39582       73.43173

 NSTEP =  2260000   TIME(PS) =  154560.000  TEMP(K) =   309.35  PRESS =     0.0
 Etot   =   -113828.7543  EKtot   =     31467.9395  EPtot      =   -145296.6938
 BOND   =       909.9693  ANGLE   =      2146.2744  DIHED      =      1344.1872
 UB     =         0.0000  IMP     =         0.0000  CMAP       =       170.7386
 1-4 NB =       995.4077  1-4 EEL =     15136.9034  VDWAALS    =     17494.0291
 EELEC  =   -183494.2035  EHBOND  =         0.0000  RESTRAINT  =         0.0000
 ------------------------------------------------------------------------------

wrapping first mol.:      -29.97837      -42.39582       73.43173

 NSTEP =  2280000   TIME(PS) =  154600.000  TEMP(K) =   308.60  PRESS =     0.0
 Etot   =   -113615.0082  EKtot   =     31391.1289  EPtot      =   -145006.1371
 BOND   =       893.1528  ANGLE   =      2105.5288  DIHED      =      1389.9352
 UB     =         0.0000  IMP     =         0.0000  CMAP       =       183.2340
 1-4 NB =       992.5266  1-4 EEL =     15040.2110  VDWAALS    =     17336.0008
 EELEC  =   -182946.7264  EHBOND  =         0.0000  RESTRAINT  =         0.0000
 ------------------------------------------------------------------------------

wrapping first mol.:      -29.97837      -42.39582       73.43173

 NSTEP =  2300000   TIME(PS) =  154640.000  TEMP(K) =   310.23  PRESS =     0.0
 Etot   =   -113367.2977  EKtot   =     31557.3906  EPtot      =   -144924.6884
 BOND   =       851.2661  ANGLE   =      2173.0931  DIHED      =      1352.4205
 UB     =         0.0000  IMP     =         0.0000  CMAP       =       171.2670
 1-4 NB =      1011.2938  1-4 EEL =     15103.2754  VDWAALS    =     17191.0450
 EELEC  =   -182778.3493  EHBOND  =         0.0000  RESTRAINT  =         0.0000
 ------------------------------------------------------------------------------

wrapping first mol.:      -29.97837      -42.39582       73.43173

 NSTEP =  2320000   TIME(PS) =  154680.000  TEMP(K) =   309.82  PRESS =     0.0
 Etot   =   -113288.6448  EKtot   =     31515.5234  EPtot      =   -144804.1682
 BOND   =       884.0978  ANGLE   =      2150.3734  DIHED      =      1381.9777
 UB     =         0.0000  IMP     =         0.0000  CMAP       =       189.7208
 1-4 NB =      1000.0032  1-4 EEL =     15023.7112  VDWAALS    =     17067.9087
 EELEC  =   -182501.9610  EHBOND  =         0.0000  RESTRAINT  =         0.0000
 ------------------------------------------------------------------------------

wrapping first mol.:      -29.97837      -42.39582       73.43173

 NSTEP =  2340000   TIME(PS) =  154720.000  TEMP(K) =   308.87  PRESS =     0.0
 Etot   =   -113767.3043  EKtot   =     31418.5469  EPtot      =   -145185.8512
 BOND   =       849.0355  ANGLE   =      2104.2353  DIHED      =      1392.8850
 UB     =         0.0000  IMP     =         0.0000  CMAP       =       201.6944
 1-4 NB =      1015.6617  1-4 EEL =     15090.6102  VDWAALS    =     17291.9101
 EELEC  =   -183131.8834  EHBOND  =         0.0000  RESTRAINT  =         0.0000
 ------------------------------------------------------------------------------

wrapping first mol.:      -29.97837      -42.39582       73.43173

 NSTEP =  2360000   TIME(PS) =  154760.000  TEMP(K) =   309.20  PRESS =     0.0
 Etot   =   -113823.1133  EKtot   =     31452.1797  EPtot      =   -145275.2929
 BOND   =       873.5700  ANGLE   =      2101.8700  DIHED      =      1347.0823
 UB     =         0.0000  IMP     =         0.0000  CMAP       =       197.1270
 1-4 NB =       965.2449  1-4 EEL =     15044.1658  VDWAALS    =     17390.9505
 EELEC  =   -183195.3034  EHBOND  =         0.0000  RESTRAINT  =         0.0000
 ------------------------------------------------------------------------------

wrapping first mol.:      -29.97837      -42.39582       73.43173

 NSTEP =  2380000   TIME(PS) =  154800.000  TEMP(K) =   308.81  PRESS =     0.0
 Etot   =   -113995.4246  EKtot   =     31412.6191  EPtot      =   -145408.0437
 BOND   =       847.5277  ANGLE   =      2178.7093  DIHED      =      1340.3126
 UB     =         0.0000  IMP     =         0.0000  CMAP       =       180.2775
 1-4 NB =       985.8625  1-4 EEL =     15087.7157  VDWAALS    =     17425.7438
 EELEC  =   -183454.1928  EHBOND  =         0.0000  RESTRAINT  =         0.0000
 ------------------------------------------------------------------------------

wrapping first mol.:      -29.97837      -42.39582       73.43173

 NSTEP =  2400000   TIME(PS) =  154840.000  TEMP(K) =   311.13  PRESS =     0.0
 Etot   =   -113445.1798  EKtot   =     31648.7246  EPtot      =   -145093.9044
 BOND   =       850.5184  ANGLE   =      2176.8018  DIHED      =      1379.5807
 UB     =         0.0000  IMP     =         0.0000  CMAP       =       185.7398
 1-4 NB =       990.2168  1-4 EEL =     15094.8012  VDWAALS    =     17510.7624
 EELEC  =   -183282.3256  EHBOND  =         0.0000  RESTRAINT  =         0.0000
 ------------------------------------------------------------------------------

wrapping first mol.:      -29.97837      -42.39582       73.43173

 NSTEP =  2420000   TIME(PS) =  154880.000  TEMP(K) =   312.89  PRESS =     0.0
 Etot   =   -113289.0761  EKtot   =     31828.2559  EPtot      =   -145117.3319
 BOND   =       860.1394  ANGLE   =      2121.8997  DIHED      =      1365.2172
 UB     =         0.0000  IMP     =         0.0000  CMAP       =       194.4974
 1-4 NB =       994.2823  1-4 EEL =     15076.9409  VDWAALS    =     17403.1797
 EELEC  =   -183133.4887  EHBOND  =         0.0000  RESTRAINT  =         0.0000
 ------------------------------------------------------------------------------

wrapping first mol.:      -29.97837      -42.39582       73.43173

 NSTEP =  2440000   TIME(PS) =  154920.000  TEMP(K) =   310.97  PRESS =     0.0
 Etot   =   -112844.9592  EKtot   =     31632.8281  EPtot      =   -144477.7874
 BOND   =       825.5782  ANGLE   =      2156.9698  DIHED      =      1356.5928
 UB     =         0.0000  IMP     =         0.0000  CMAP       =       206.5431
 1-4 NB =      1007.6840  1-4 EEL =     15018.7454  VDWAALS    =     17356.4418
 EELEC  =   -182406.3425  EHBOND  =         0.0000  RESTRAINT  =         0.0000
 ------------------------------------------------------------------------------

wrapping first mol.:      -29.97837      -42.39582       73.43173

 NSTEP =  2460000   TIME(PS) =  154960.000  TEMP(K) =   306.64  PRESS =     0.0
 Etot   =   -113601.9034  EKtot   =     31192.0098  EPtot      =   -144793.9131
 BOND   =       827.4349  ANGLE   =      2158.8894  DIHED      =      1358.6844
 UB     =         0.0000  IMP     =         0.0000  CMAP       =       222.8127
 1-4 NB =       989.4299  1-4 EEL =     14941.5487  VDWAALS    =     17021.2205
 EELEC  =   -182313.9337  EHBOND  =         0.0000  RESTRAINT  =         0.0000
 ------------------------------------------------------------------------------

wrapping first mol.:      -29.97837      -42.39582       73.43173

 NSTEP =  2480000   TIME(PS) =  155000.000  TEMP(K) =   308.43  PRESS =     0.0
 Etot   =   -113665.0079  EKtot   =     31374.6113  EPtot      =   -145039.6193
 BOND   =       838.8720  ANGLE   =      2175.1285  DIHED      =      1388.4895
 UB     =         0.0000  IMP     =         0.0000  CMAP       =       173.3597
 1-4 NB =      1015.6606  1-4 EEL =     15069.2155  VDWAALS    =     17292.1554
 EELEC  =   -182992.5005  EHBOND  =         0.0000  RESTRAINT  =         0.0000
 ------------------------------------------------------------------------------

wrapping first mol.:      -29.97837      -42.39582       73.43173
wrapping first mol.:      -29.97837      -42.39582       73.43173

 NSTEP =  2500000   TIME(PS) =  155040.000  TEMP(K) =   310.20  PRESS =     0.0
 Etot   =   -113514.8257  EKtot   =     31554.7578  EPtot      =   -145069.5835
 BOND   =       886.1522  ANGLE   =      2193.1283  DIHED      =      1344.2103
 UB     =         0.0000  IMP     =         0.0000  CMAP       =       171.2126
 1-4 NB =       985.7841  1-4 EEL =     14998.7994  VDWAALS    =     17485.6734
 EELEC  =   -183134.5438  EHBOND  =         0.0000  RESTRAINT  =         0.0000
 ------------------------------------------------------------------------------


      A V E R A G E S   O V E R     125 S T E P S


 NSTEP =  2500000   TIME(PS) =  155040.000  TEMP(K) =   309.97  PRESS =     0.0
 Etot   =   -113655.5691  EKtot   =     31531.0914  EPtot      =   -145186.6605
 BOND   =       854.4519  ANGLE   =      2152.6580  DIHED      =      1353.2088
 UB     =         0.0000  IMP     =         0.0000  CMAP       =       197.5582
 1-4 NB =      1000.8025  1-4 EEL =     15059.3845  VDWAALS    =     17331.7319
 EELEC  =   -183136.4564  EHBOND  =         0.0000  RESTRAINT  =         0.0000
 ------------------------------------------------------------------------------


      R M S  F L U C T U A T I O N S


 NSTEP =  2500000   TIME(PS) =  155040.000  TEMP(K) =     1.30  PRESS =     0.0
 Etot   =       274.4525  EKtot   =       131.8551  EPtot      =       238.7812
 BOND   =        25.6675  ANGLE   =        37.5909  DIHED      =        17.4221
 UB     =         0.0000  IMP     =         0.0000  CMAP       =        12.1363
 1-4 NB =        12.6193  1-4 EEL =        53.4886  VDWAALS    =       171.8300
 EELEC  =       344.4583  EHBOND  =         0.0000  RESTRAINT  =         0.0000
 ------------------------------------------------------------------------------

--------------------------------------------------------------------------------
   5.  TIMINGS
--------------------------------------------------------------------------------

|  NonSetup CPU Time in Major Routines:
|
|     Routine           Sec        %
|     ------------------------------
|     Nonbond         133.79   14.92
|     Bond              0.00    0.00
|     Angle             0.00    0.00
|     Dihedral          0.00    0.00
|     Shake             9.48    1.06
|     RunMD           751.37   83.78
|     Other             2.18    0.24
|     ------------------------------
|     Total           896.82

|  PME Nonbond Pairlist CPU Time:
|
|     Routine              Sec        %
|     ---------------------------------
|     Set Up Cit           0.00    0.00
|     Build List           0.00    0.00
|     ---------------------------------
|     Total                0.00    0.00

|  PME Direct Force CPU Time:
|
|     Routine              Sec        %
|     ---------------------------------
|     NonBonded Calc       0.00    0.00
|     Exclude Masked       0.00    0.00
|     Other                1.38    0.15
|     ---------------------------------
|     Total                1.38    0.15

|  PME Reciprocal Force CPU Time:
|
|     Routine              Sec        %
|     ---------------------------------
|     1D bspline           0.00    0.00
|     Grid Charges         0.00    0.00
|     Scalar Sum           0.00    0.00
|     Gradient Sum         0.00    0.00
|     FFT                  0.00    0.00
|     ---------------------------------
|     Total                0.00    0.00

|  Final Performance Info:
|     -----------------------------------------------------
|     Average timings for last  140000 steps:
|     Elapsed(s) =      50.33 Per Step(ms) =       0.36
|         ns/day =     480.62   seconds/ns =     179.77
|
|     Average timings for all steps:
|     Elapsed(s) =     898.42 Per Step(ms) =       0.36
|         ns/day =     480.85   seconds/ns =     179.68
|     -----------------------------------------------------

|  Setup CPU time:            0.79 seconds
|  NonSetup CPU time:       896.82 seconds
|  Total CPU time:          897.61 seconds     0.25 hours

|  Setup wall time:           1    seconds
|  NonSetup wall time:      898    seconds
|  Total wall time:         899    seconds     0.25 hours
