
          -------------------------------------------------------
          Amber 24 PMEMD                              2024
          -------------------------------------------------------

| PMEMD implementation of SANDER, Release 24

|  Compiled date/time: Thu Apr  3 17:55:38 2025
| Run on 11/17/2025 at 20:34:08

|   Executable path: pmemd.cuda_SPFP
| Working directory: /rs1/researchers/h/hall/vtnguye4/Amber_restart/cappedP1L38M/mdsimP1L38M/newP1L38Mcapped_Simulation2
|          Hostname: gpu21

  [-O]verwriting output

File Assignments:
|   MDIN: /rs1/researchers/h/hall/vtnguye4/Amber_restart/cappedP1L38M/mdsimP1L38
|  MDOUT: ./OUT_Files/equil98.out                                               
| INPCRD: ./RST_Files/equil97.rst7                                              
|   PARM: ./PRMTOP_Files/newP1L38Mcapped.prmtop                                 
| RESTRT: ./RST_Files/equil98.rst7                                              
|   REFC: refc                                                                  
|  MDVEL: mdvel                                                                 
|   MDEN: mden                                                                  
|  MDCRD: ./nc_Files/equil98.nc                                                 
| MDINFO: mdinfo                                                                
|  MDFRC: mdfrc                                                                 


 Here is the input file:

!Stage equilibration 5ns                                                       
&cntrl                                                                         
imin=0, irest=1, ntx=5,                                                        
nstlim=2500000, dt=0.002,                                                      
ntc=2, ntf=2, ig=-1,                                                           
ntt=3, gamma_ln=2.0,                                                           
tempi=310.0, temp0=310.0,                                                      
ntxo=2, ioutfm=1,                                                              
ntpr=20000, ntwx=20000,                                                        
ntb=1,                                                                         
cut=9.0,                                                                       
iwrap=1,                                                                       
/                                                                              


Note: ig = -1. Setting random seed to    51484 based on wallclock time in 
      microseconds.
| irandom = 1, using AMBER's internal random number generator (default).
 
|--------------------- INFORMATION ----------------------
| GPU (CUDA) Version of PMEMD in use: NVIDIA GPU IN USE.
|                    Version 18.0.0
| 
|                      03/25/2018
| 
| Implementation by:
|                    Ross C. Walker     (SDSC)
|                    Scott Le Grand     (nVIDIA)
| 
| Version 18 performance extensions by:
|                    David Cerutti     (Rutgers)
| 
| Precision model in use:
|      [SPFP] - Single Precision Forces, 64-bit Fixed Point
|               Accumulation. (Default)
| 
|--------------------------------------------------------
 
|----------------- CITATION INFORMATION -----------------
|
|    When publishing work that utilized the CUDA version
|    of AMBER, please cite the following in addition to
|    the regular AMBER citations:
|
|  - Romelia Salomon-Ferrer; Andreas W. Goetz; Duncan
|    Poole; Scott Le Grand; Ross C. Walker "Routine
|    microsecond molecular dynamics simulations with
|    AMBER - Part II: Particle Mesh Ewald", J. Chem.
|    Theory Comput., 2013, 9 (9), pp3878-3888,
|    DOI: 10.1021/ct400314y.
|
|  - Andreas W. Goetz; Mark J. Williamson; Dong Xu;
|    Duncan Poole; Scott Le Grand; Ross C. Walker
|    "Routine microsecond molecular dynamics simulations
|    with AMBER - Part I: Generalized Born", J. Chem.
|    Theory Comput., 2012, 8 (5), pp1542-1555.
|
|  - Scott Le Grand; Andreas W. Goetz; Ross C. Walker
|    "SPFP: Speed without compromise - a mixed precision
|    model for GPU accelerated molecular dynamics
|    simulations.", Comp. Phys. Comm., 2013, 184
|    pp374-380, DOI: 10.1016/j.cpc.2012.09.022
|
|--------------------------------------------------------
 
|------------------- GPU DEVICE INFO --------------------
|
|            CUDA_VISIBLE_DEVICES: 0
|   CUDA Capable Devices Detected:      1
|           CUDA Device ID in use:      0
|                CUDA Device Name: NVIDIA L40S
|     CUDA Device Global Mem Size:  45487 MB
| CUDA Device Num Multiprocessors:    142
|           CUDA Device Core Freq:   2.52 GHz
|
|--------------------------------------------------------
 
 
| Conditional Compilation Defines Used:
| PUBFFT
| BINTRAJ
| CUDA
| EMIL

| Largest sphere to fit in unit cell has radius =    36.716

| New format PARM file being parsed.
| Version =    1.000 Date = 10/30/25 Time = 23:32:29

| Note: 1-4 EEL scale factors are being read from the topology file.

| Note: 1-4 VDW scale factors are being read from the topology file.
| Duplicated    0 dihedrals

| Duplicated    0 dihedrals

--------------------------------------------------------------------------------
   1.  RESOURCE   USE: 
--------------------------------------------------------------------------------

 getting box info from netcdf restart file
 NATOM  =   50023 NTYPES =      12 NBONH =   47691 MBONA  =    2332
 NTHETH =    5236 MTHETA =    3080 NPHIH =   10252 MPHIA  =    9504
 NHPARM =       0 NPARM  =       0 NNB   =   84972 NRES   =   15501
 NBONA  =    2332 NTHETA =    3080 NPHIA =    9504 NUMBND =      29
 NUMANG =      57 NPTRA  =      64 NATYP =      17 NPHB   =       0
 IFBOX  =       2 NMXRS  =      21 IFCAP =       0 NEXTRA =       0
 NCOPY  =       0

| Coordinate Index Table dimensions:    15   15   15
| Direct force subcell size =     5.9957    5.9957    5.9957

     BOX TYPE: TRUNCATED OCTAHEDRON

--------------------------------------------------------------------------------
   2.  CONTROL  DATA  FOR  THE  RUN
--------------------------------------------------------------------------------

default_name                                                                    

General flags:
     imin    =       0, nmropt  =       0

Nature and format of input:
     ntx     =       5, irest   =       1, ntrx    =       1

Nature and format of output:
     ntxo    =       2, ntpr    =   20000, ntrx    =       1, ntwr    = 2500000
     iwrap   =       1, ntwx    =   20000, ntwv    =       0, ntwe    =       0
     ioutfm  =       1, ntwprt  =       0, idecomp =       0, rbornstat=      0

Potential function:
     ntf     =       2, ntb     =       1, igb     =       0, nsnb    =      25
     ipol    =       0, gbsa    =       0, iesp    =       0
     dielc   =   1.00000, cut     =   9.00000, intdiel =   1.00000

Frozen or restrained atoms:
     ibelly  =       0, ntr     =       0

Molecular dynamics:
     nstlim  =   2500000, nscm    =      1000, nrespa  =         1
     t       =   0.00000, dt      =   0.00200, vlimit  =  -1.00000

Langevin dynamics temperature regulation:
     ig      =   51484
     temp0   = 310.00000, tempi   = 310.00000, gamma_ln=   2.00000

SHAKE:
     ntc     =       2, jfastw  =       0
     tol     =   0.00001

| Intermolecular bonds treatment:
|     no_intermolecular_bonds =       1

| Energy averages sample interval:
|     ene_avg_sampling =   20000

Ewald parameters:
     verbose =       0, ew_type =       0, nbflag  =       1, use_pme =       1
     vdwmeth =       1, eedmeth =       1, netfrc  =       1
     Box X =   89.935   Box Y =   89.935   Box Z =   89.935
     Alpha =  109.471   Beta  =  109.471   Gamma =  109.471
     NFFT1 =   96       NFFT2 =   96       NFFT3 =   96
     Cutoff=    9.000   Tol   =0.100E-04
     Ewald Coefficient =  0.30768
     Interpolation order =    4

--------------------------------------------------------------------------------
   3.  ATOMIC COORDINATES AND VELOCITIES
--------------------------------------------------------------------------------

default_name                                                                    
 begin time read from input coords =485039.998 ps

 
 Number of triangulated 3-point waters found:    15105

     Sum of charges from parm topology file =  -0.00000043
     Forcing neutrality...

| Dynamic Memory, Types Used:
| Reals             1595957
| Integers          2018996

| Nonbonded Pairs Initial Allocation:    11405244

| GPU memory information (estimate):
| KB of GPU memory in use:    394016
| KB of CPU memory in use:    114218

--------------------------------------------------------------------------------
   4.  RESULTS
--------------------------------------------------------------------------------

wrapping first mol.:      -59.95674       42.39583       73.43173

 NSTEP =    20000   TIME(PS) =  485079.998  TEMP(K) =   311.92  PRESS =     0.0
 Etot   =   -113144.8131  EKtot   =     31729.3945  EPtot      =   -144874.2076
 BOND   =       896.4633  ANGLE   =      2159.9187  DIHED      =      1373.5073
 UB     =         0.0000  IMP     =         0.0000  CMAP       =       186.8321
 1-4 NB =       998.1970  1-4 EEL =     15070.9915  VDWAALS    =     17224.9526
 EELEC  =   -182785.0701  EHBOND  =         0.0000  RESTRAINT  =         0.0000
 ------------------------------------------------------------------------------

wrapping first mol.:      -59.95674       42.39583       73.43173

 NSTEP =    40000   TIME(PS) =  485119.998  TEMP(K) =   310.29  PRESS =     0.0
 Etot   =   -113448.2798  EKtot   =     31563.0020  EPtot      =   -145011.2818
 BOND   =       859.9640  ANGLE   =      2179.0558  DIHED      =      1365.2875
 UB     =         0.0000  IMP     =         0.0000  CMAP       =       178.7890
 1-4 NB =       986.7953  1-4 EEL =     15155.1812  VDWAALS    =     17381.3532
 EELEC  =   -183117.7078  EHBOND  =         0.0000  RESTRAINT  =         0.0000
 ------------------------------------------------------------------------------

wrapping first mol.:      -59.95674       42.39583       73.43173

 NSTEP =    60000   TIME(PS) =  485159.998  TEMP(K) =   311.66  PRESS =     0.0
 Etot   =   -113422.6727  EKtot   =     31702.8301  EPtot      =   -145125.5028
 BOND   =       917.9391  ANGLE   =      2136.5531  DIHED      =      1355.8589
 UB     =         0.0000  IMP     =         0.0000  CMAP       =       185.9482
 1-4 NB =      1000.8438  1-4 EEL =     15172.5185  VDWAALS    =     17343.1221
 EELEC  =   -183238.2865  EHBOND  =         0.0000  RESTRAINT  =         0.0000
 ------------------------------------------------------------------------------

wrapping first mol.:      -59.95674       42.39583       73.43173

 NSTEP =    80000   TIME(PS) =  485199.998  TEMP(K) =   310.04  PRESS =     0.0
 Etot   =   -113366.0927  EKtot   =     31537.9180  EPtot      =   -144904.0107
 BOND   =       883.8453  ANGLE   =      2214.4032  DIHED      =      1341.5386
 UB     =         0.0000  IMP     =         0.0000  CMAP       =       193.4756
 1-4 NB =       995.3546  1-4 EEL =     15098.5202  VDWAALS    =     17315.2658
 EELEC  =   -182946.4141  EHBOND  =         0.0000  RESTRAINT  =         0.0000
 ------------------------------------------------------------------------------

wrapping first mol.:      -59.95674       42.39583       73.43173

 NSTEP =   100000   TIME(PS) =  485239.998  TEMP(K) =   310.24  PRESS =     0.0
 Etot   =   -114065.7715  EKtot   =     31558.1230  EPtot      =   -145623.8945
 BOND   =       827.2115  ANGLE   =      2133.7993  DIHED      =      1359.1666
 UB     =         0.0000  IMP     =         0.0000  CMAP       =       191.0948
 1-4 NB =      1024.9283  1-4 EEL =     15137.2400  VDWAALS    =     17210.0890
 EELEC  =   -183507.4239  EHBOND  =         0.0000  RESTRAINT  =         0.0000
 ------------------------------------------------------------------------------

wrapping first mol.:      -59.95674       42.39583       73.43173

 NSTEP =   120000   TIME(PS) =  485279.998  TEMP(K) =   311.80  PRESS =     0.0
 Etot   =   -113394.9595  EKtot   =     31717.0898  EPtot      =   -145112.0493
 BOND   =       898.4402  ANGLE   =      2155.5219  DIHED      =      1363.4268
 UB     =         0.0000  IMP     =         0.0000  CMAP       =       194.3216
 1-4 NB =       990.4521  1-4 EEL =     15121.1783  VDWAALS    =     17208.6071
 EELEC  =   -183043.9974  EHBOND  =         0.0000  RESTRAINT  =         0.0000
 ------------------------------------------------------------------------------

wrapping first mol.:      -59.95674       42.39583       73.43173

 NSTEP =   140000   TIME(PS) =  485319.998  TEMP(K) =   309.95  PRESS =     0.0
 Etot   =   -113579.3379  EKtot   =     31528.6680  EPtot      =   -145108.0058
 BOND   =       868.6392  ANGLE   =      2148.4941  DIHED      =      1366.7905
 UB     =         0.0000  IMP     =         0.0000  CMAP       =       190.1333
 1-4 NB =      1001.8092  1-4 EEL =     15073.7185  VDWAALS    =     17543.1562
 EELEC  =   -183300.7468  EHBOND  =         0.0000  RESTRAINT  =         0.0000
 ------------------------------------------------------------------------------

wrapping first mol.:      -59.95674       42.39583       73.43173

 NSTEP =   160000   TIME(PS) =  485359.998  TEMP(K) =   312.48  PRESS =     0.0
 Etot   =   -113457.7499  EKtot   =     31785.9785  EPtot      =   -145243.7284
 BOND   =       848.8895  ANGLE   =      2098.0328  DIHED      =      1342.9198
 UB     =         0.0000  IMP     =         0.0000  CMAP       =       178.9142
 1-4 NB =      1001.8118  1-4 EEL =     15036.0043  VDWAALS    =     17169.1865
 EELEC  =   -182919.4874  EHBOND  =         0.0000  RESTRAINT  =         0.0000
 ------------------------------------------------------------------------------

wrapping first mol.:      -59.95674       42.39583       73.43173

 NSTEP =   180000   TIME(PS) =  485399.998  TEMP(K) =   309.47  PRESS =     0.0
 Etot   =   -113527.2740  EKtot   =     31479.7676  EPtot      =   -145007.0416
 BOND   =       876.5216  ANGLE   =      2170.3451  DIHED      =      1344.5666
 UB     =         0.0000  IMP     =         0.0000  CMAP       =       174.6767
 1-4 NB =      1012.6660  1-4 EEL =     15130.2985  VDWAALS    =     17273.5774
 EELEC  =   -182989.6934  EHBOND  =         0.0000  RESTRAINT  =         0.0000
 ------------------------------------------------------------------------------

wrapping first mol.:      -59.95674       42.39583       73.43173

 NSTEP =   200000   TIME(PS) =  485439.998  TEMP(K) =   309.63  PRESS =     0.0
 Etot   =   -113519.0295  EKtot   =     31496.3555  EPtot      =   -145015.3850
 BOND   =       861.4974  ANGLE   =      2162.8418  DIHED      =      1354.7570
 UB     =         0.0000  IMP     =         0.0000  CMAP       =       192.8757
 1-4 NB =      1009.8293  1-4 EEL =     15066.4651  VDWAALS    =     17401.6055
 EELEC  =   -183065.2569  EHBOND  =         0.0000  RESTRAINT  =         0.0000
 ------------------------------------------------------------------------------

wrapping first mol.:      -59.95674       42.39583       73.43173

 NSTEP =   220000   TIME(PS) =  485479.998  TEMP(K) =   309.56  PRESS =     0.0
 Etot   =   -113486.1527  EKtot   =     31489.0469  EPtot      =   -144975.1996
 BOND   =       833.2603  ANGLE   =      2178.2615  DIHED      =      1386.4362
 UB     =         0.0000  IMP     =         0.0000  CMAP       =       208.4211
 1-4 NB =      1009.9975  1-4 EEL =     15058.7812  VDWAALS    =     17100.5792
 EELEC  =   -182750.9366  EHBOND  =         0.0000  RESTRAINT  =         0.0000
 ------------------------------------------------------------------------------

wrapping first mol.:      -59.95674       42.39583       73.43173

 NSTEP =   240000   TIME(PS) =  485519.998  TEMP(K) =   308.68  PRESS =     0.0
 Etot   =   -113755.1210  EKtot   =     31399.9570  EPtot      =   -145155.0780
 BOND   =       895.3456  ANGLE   =      2234.1784  DIHED      =      1349.3302
 UB     =         0.0000  IMP     =         0.0000  CMAP       =       179.2316
 1-4 NB =       987.6783  1-4 EEL =     15039.5264  VDWAALS    =     17423.3850
 EELEC  =   -183263.7535  EHBOND  =         0.0000  RESTRAINT  =         0.0000
 ------------------------------------------------------------------------------

wrapping first mol.:      -59.95674       42.39583       73.43173

 NSTEP =   260000   TIME(PS) =  485559.998  TEMP(K) =   313.22  PRESS =     0.0
 Etot   =   -113189.0477  EKtot   =     31861.2168  EPtot      =   -145050.2645
 BOND   =       877.8497  ANGLE   =      2176.7503  DIHED      =      1333.6030
 UB     =         0.0000  IMP     =         0.0000  CMAP       =       186.2833
 1-4 NB =      1013.8911  1-4 EEL =     15065.3625  VDWAALS    =     17200.0277
 EELEC  =   -182904.0323  EHBOND  =         0.0000  RESTRAINT  =         0.0000
 ------------------------------------------------------------------------------

wrapping first mol.:      -59.95674       42.39583       73.43173

 NSTEP =   280000   TIME(PS) =  485599.998  TEMP(K) =   311.87  PRESS =     0.0
 Etot   =   -113680.1466  EKtot   =     31723.9453  EPtot      =   -145404.0919
 BOND   =       864.8773  ANGLE   =      2106.5250  DIHED      =      1351.4911
 UB     =         0.0000  IMP     =         0.0000  CMAP       =       212.7799
 1-4 NB =      1000.1332  1-4 EEL =     15117.9303  VDWAALS    =     17195.0798
 EELEC  =   -183252.9085  EHBOND  =         0.0000  RESTRAINT  =         0.0000
 ------------------------------------------------------------------------------

wrapping first mol.:      -59.95674       42.39583       73.43173

 NSTEP =   300000   TIME(PS) =  485639.998  TEMP(K) =   309.79  PRESS =     0.0
 Etot   =   -113932.7153  EKtot   =     31512.9609  EPtot      =   -145445.6763
 BOND   =       847.8689  ANGLE   =      2140.4652  DIHED      =      1359.2488
 UB     =         0.0000  IMP     =         0.0000  CMAP       =       178.2973
 1-4 NB =      1016.9218  1-4 EEL =     15061.0029  VDWAALS    =     17616.1254
 EELEC  =   -183665.6066  EHBOND  =         0.0000  RESTRAINT  =         0.0000
 ------------------------------------------------------------------------------

wrapping first mol.:      -59.95674       42.39583       73.43173

 NSTEP =   320000   TIME(PS) =  485679.998  TEMP(K) =   311.10  PRESS =     0.0
 Etot   =   -113050.4956  EKtot   =     31645.9824  EPtot      =   -144696.4780
 BOND   =       874.5467  ANGLE   =      2143.2581  DIHED      =      1360.2762
 UB     =         0.0000  IMP     =         0.0000  CMAP       =       189.9719
 1-4 NB =      1015.7043  1-4 EEL =     15039.0412  VDWAALS    =     17172.4631
 EELEC  =   -182491.7395  EHBOND  =         0.0000  RESTRAINT  =         0.0000
 ------------------------------------------------------------------------------

wrapping first mol.:      -59.95674       42.39583       73.43173

 NSTEP =   340000   TIME(PS) =  485719.998  TEMP(K) =   308.10  PRESS =     0.0
 Etot   =   -113895.7604  EKtot   =     31340.2500  EPtot      =   -145236.0104
 BOND   =       836.9034  ANGLE   =      2136.0232  DIHED      =      1324.4354
 UB     =         0.0000  IMP     =         0.0000  CMAP       =       191.3782
 1-4 NB =      1012.1297  1-4 EEL =     15068.1749  VDWAALS    =     17227.1512
 EELEC  =   -183032.2063  EHBOND  =         0.0000  RESTRAINT  =         0.0000
 ------------------------------------------------------------------------------

wrapping first mol.:      -59.95674       42.39583       73.43173

 NSTEP =   360000   TIME(PS) =  485759.998  TEMP(K) =   309.73  PRESS =     0.0
 Etot   =   -113801.5631  EKtot   =     31506.4160  EPtot      =   -145307.9791
 BOND   =       860.3513  ANGLE   =      2178.7501  DIHED      =      1366.6225
 UB     =         0.0000  IMP     =         0.0000  CMAP       =       202.2385
 1-4 NB =      1000.6453  1-4 EEL =     15006.1146  VDWAALS    =     17336.5176
 EELEC  =   -183259.2192  EHBOND  =         0.0000  RESTRAINT  =         0.0000
 ------------------------------------------------------------------------------

wrapping first mol.:      -59.95674       42.39583       73.43173

 NSTEP =   380000   TIME(PS) =  485799.998  TEMP(K) =   307.50  PRESS =     0.0
 Etot   =   -113694.9472  EKtot   =     31280.0312  EPtot      =   -144974.9784
 BOND   =       843.1556  ANGLE   =      2180.4059  DIHED      =      1332.7070
 UB     =         0.0000  IMP     =         0.0000  CMAP       =       200.3807
 1-4 NB =      1000.2592  1-4 EEL =     15011.1250  VDWAALS    =     17185.1401
 EELEC  =   -182728.1520  EHBOND  =         0.0000  RESTRAINT  =         0.0000
 ------------------------------------------------------------------------------

wrapping first mol.:      -59.95674       42.39583       73.43173

 NSTEP =   400000   TIME(PS) =  485839.998  TEMP(K) =   309.06  PRESS =     0.0
 Etot   =   -114099.8237  EKtot   =     31438.7852  EPtot      =   -145538.6089
 BOND   =       853.2895  ANGLE   =      2234.0721  DIHED      =      1363.4442
 UB     =         0.0000  IMP     =         0.0000  CMAP       =       192.0884
 1-4 NB =      1001.5160  1-4 EEL =     15087.0441  VDWAALS    =     17425.6246
 EELEC  =   -183695.6879  EHBOND  =         0.0000  RESTRAINT  =         0.0000
 ------------------------------------------------------------------------------

wrapping first mol.:      -59.95674       42.39583       73.43173

 NSTEP =   420000   TIME(PS) =  485879.998  TEMP(K) =   310.42  PRESS =     0.0
 Etot   =   -113392.2540  EKtot   =     31576.7051  EPtot      =   -144968.9591
 BOND   =       883.3515  ANGLE   =      2177.2418  DIHED      =      1323.7383
 UB     =         0.0000  IMP     =         0.0000  CMAP       =       197.8742
 1-4 NB =       993.4022  1-4 EEL =     15033.7250  VDWAALS    =     16972.1111
 EELEC  =   -182550.4032  EHBOND  =         0.0000  RESTRAINT  =         0.0000
 ------------------------------------------------------------------------------

wrapping first mol.:      -59.95674       42.39583       73.43173

 NSTEP =   440000   TIME(PS) =  485919.998  TEMP(K) =   308.12  PRESS =     0.0
 Etot   =   -113205.8723  EKtot   =     31343.0234  EPtot      =   -144548.8957
 BOND   =       890.6622  ANGLE   =      2164.2164  DIHED      =      1372.5182
 UB     =         0.0000  IMP     =         0.0000  CMAP       =       195.5896
 1-4 NB =       990.2789  1-4 EEL =     15057.3887  VDWAALS    =     17123.1238
 EELEC  =   -182342.6735  EHBOND  =         0.0000  RESTRAINT  =         0.0000
 ------------------------------------------------------------------------------

wrapping first mol.:      -59.95674       42.39583       73.43173

 NSTEP =   460000   TIME(PS) =  485959.998  TEMP(K) =   309.46  PRESS =     0.0
 Etot   =   -113503.3652  EKtot   =     31479.0039  EPtot      =   -144982.3691
 BOND   =       918.4411  ANGLE   =      2130.1476  DIHED      =      1355.5195
 UB     =         0.0000  IMP     =         0.0000  CMAP       =       201.1107
 1-4 NB =       977.9781  1-4 EEL =     15036.2172  VDWAALS    =     17084.8352
 EELEC  =   -182686.6186  EHBOND  =         0.0000  RESTRAINT  =         0.0000
 ------------------------------------------------------------------------------

wrapping first mol.:      -59.95674       42.39583       73.43173

 NSTEP =   480000   TIME(PS) =  485999.998  TEMP(K) =   309.16  PRESS =     0.0
 Etot   =   -113592.4955  EKtot   =     31448.0820  EPtot      =   -145040.5775
 BOND   =       822.2553  ANGLE   =      2122.9792  DIHED      =      1377.4414
 UB     =         0.0000  IMP     =         0.0000  CMAP       =       206.0130
 1-4 NB =       993.4199  1-4 EEL =     15021.7784  VDWAALS    =     17513.6990
 EELEC  =   -183098.1637  EHBOND  =         0.0000  RESTRAINT  =         0.0000
 ------------------------------------------------------------------------------

wrapping first mol.:      -59.95674       42.39583       73.43173

 NSTEP =   500000   TIME(PS) =  486039.998  TEMP(K) =   310.05  PRESS =     0.0
 Etot   =   -113577.1442  EKtot   =     31539.1348  EPtot      =   -145116.2789
 BOND   =       856.7741  ANGLE   =      2144.7273  DIHED      =      1337.3844
 UB     =         0.0000  IMP     =         0.0000  CMAP       =       180.6529
 1-4 NB =      1027.8156  1-4 EEL =     15026.2852  VDWAALS    =     17341.4517
 EELEC  =   -183031.3701  EHBOND  =         0.0000  RESTRAINT  =         0.0000
 ------------------------------------------------------------------------------

wrapping first mol.:      -59.95674       42.39583       73.43173

 NSTEP =   520000   TIME(PS) =  486079.998  TEMP(K) =   308.08  PRESS =     0.0
 Etot   =   -113804.7395  EKtot   =     31338.8359  EPtot      =   -145143.5755
 BOND   =       846.0139  ANGLE   =      2139.3535  DIHED      =      1341.9370
 UB     =         0.0000  IMP     =         0.0000  CMAP       =       169.4777
 1-4 NB =       999.1351  1-4 EEL =     15045.4685  VDWAALS    =     17289.8450
 EELEC  =   -182974.8062  EHBOND  =         0.0000  RESTRAINT  =         0.0000
 ------------------------------------------------------------------------------

wrapping first mol.:      -59.95674       42.39583       73.43173

 NSTEP =   540000   TIME(PS) =  486119.998  TEMP(K) =   311.61  PRESS =     0.0
 Etot   =   -113466.9600  EKtot   =     31697.6367  EPtot      =   -145164.5967
 BOND   =       855.1714  ANGLE   =      2150.0814  DIHED      =      1367.7339
 UB     =         0.0000  IMP     =         0.0000  CMAP       =       217.6398
 1-4 NB =       981.6603  1-4 EEL =     15018.9983  VDWAALS    =     17435.1293
 EELEC  =   -183191.0110  EHBOND  =         0.0000  RESTRAINT  =         0.0000
 ------------------------------------------------------------------------------

wrapping first mol.:      -59.95674       42.39583       73.43173

 NSTEP =   560000   TIME(PS) =  486159.998  TEMP(K) =   310.33  PRESS =     0.0
 Etot   =   -113461.7730  EKtot   =     31567.7246  EPtot      =   -145029.4976
 BOND   =       882.0738  ANGLE   =      2146.6839  DIHED      =      1359.8211
 UB     =         0.0000  IMP     =         0.0000  CMAP       =       182.2701
 1-4 NB =      1013.5282  1-4 EEL =     15023.0524  VDWAALS    =     17580.7552
 EELEC  =   -183217.6824  EHBOND  =         0.0000  RESTRAINT  =         0.0000
 ------------------------------------------------------------------------------

wrapping first mol.:      -59.95674       42.39583       73.43173

 NSTEP =   580000   TIME(PS) =  486199.998  TEMP(K) =   312.15  PRESS =     0.0
 Etot   =   -113904.8808  EKtot   =     31752.5996  EPtot      =   -145657.4804
 BOND   =       842.2117  ANGLE   =      2139.2200  DIHED      =      1356.1468
 UB     =         0.0000  IMP     =         0.0000  CMAP       =       186.4929
 1-4 NB =       994.1908  1-4 EEL =     15041.9869  VDWAALS    =     17550.9101
 EELEC  =   -183768.6397  EHBOND  =         0.0000  RESTRAINT  =         0.0000
 ------------------------------------------------------------------------------

wrapping first mol.:      -59.95674       42.39583       73.43173

 NSTEP =   600000   TIME(PS) =  486239.998  TEMP(K) =   309.20  PRESS =     0.0
 Etot   =   -113934.1344  EKtot   =     31452.6152  EPtot      =   -145386.7497
 BOND   =       847.4771  ANGLE   =      2127.4871  DIHED      =      1346.2040
 UB     =         0.0000  IMP     =         0.0000  CMAP       =       177.7350
 1-4 NB =       998.4044  1-4 EEL =     14989.6807  VDWAALS    =     17265.7570
 EELEC  =   -183139.4950  EHBOND  =         0.0000  RESTRAINT  =         0.0000
 ------------------------------------------------------------------------------

wrapping first mol.:      -59.95674       42.39583       73.43173

 NSTEP =   620000   TIME(PS) =  486279.998  TEMP(K) =   307.88  PRESS =     0.0
 Etot   =   -113843.2852  EKtot   =     31318.7480  EPtot      =   -145162.0332
 BOND   =       842.1652  ANGLE   =      2083.9551  DIHED      =      1354.5344
 UB     =         0.0000  IMP     =         0.0000  CMAP       =       189.2188
 1-4 NB =      1011.0690  1-4 EEL =     15054.8101  VDWAALS    =     17378.0123
 EELEC  =   -183075.7982  EHBOND  =         0.0000  RESTRAINT  =         0.0000
 ------------------------------------------------------------------------------

wrapping first mol.:      -59.95674       42.39583       73.43173

 NSTEP =   640000   TIME(PS) =  486319.998  TEMP(K) =   311.86  PRESS =     0.0
 Etot   =   -113464.0016  EKtot   =     31723.0605  EPtot      =   -145187.0622
 BOND   =       835.3513  ANGLE   =      2134.0288  DIHED      =      1381.5201
 UB     =         0.0000  IMP     =         0.0000  CMAP       =       196.8572
 1-4 NB =      1008.7206  1-4 EEL =     15116.0627  VDWAALS    =     17313.8322
 EELEC  =   -183173.4350  EHBOND  =         0.0000  RESTRAINT  =         0.0000
 ------------------------------------------------------------------------------

wrapping first mol.:      -59.95674       42.39583       73.43173

 NSTEP =   660000   TIME(PS) =  486359.998  TEMP(K) =   312.03  PRESS =     0.0
 Etot   =   -113485.1215  EKtot   =     31740.5352  EPtot      =   -145225.6566
 BOND   =       881.3909  ANGLE   =      2147.1999  DIHED      =      1337.4805
 UB     =         0.0000  IMP     =         0.0000  CMAP       =       201.7335
 1-4 NB =       985.8298  1-4 EEL =     15040.0990  VDWAALS    =     17437.7348
 EELEC  =   -183257.1250  EHBOND  =         0.0000  RESTRAINT  =         0.0000
 ------------------------------------------------------------------------------

wrapping first mol.:      -59.95674       42.39583       73.43173

 NSTEP =   680000   TIME(PS) =  486399.998  TEMP(K) =   309.60  PRESS =     0.0
 Etot   =   -113714.4444  EKtot   =     31492.9121  EPtot      =   -145207.3565
 BOND   =       852.4526  ANGLE   =      2104.6993  DIHED      =      1345.7246
 UB     =         0.0000  IMP     =         0.0000  CMAP       =       184.9689
 1-4 NB =       996.4277  1-4 EEL =     15070.6379  VDWAALS    =     17149.2337
 EELEC  =   -182911.5012  EHBOND  =         0.0000  RESTRAINT  =         0.0000
 ------------------------------------------------------------------------------

wrapping first mol.:      -59.95674       42.39583       73.43173

 NSTEP =   700000   TIME(PS) =  486439.998  TEMP(K) =   311.15  PRESS =     0.0
 Etot   =   -113777.4965  EKtot   =     31650.7383  EPtot      =   -145428.2348
 BOND   =       862.1170  ANGLE   =      2137.9783  DIHED      =      1308.2436
 UB     =         0.0000  IMP     =         0.0000  CMAP       =       187.4491
 1-4 NB =      1005.3296  1-4 EEL =     15054.1794  VDWAALS    =     17339.8950
 EELEC  =   -183323.4267  EHBOND  =         0.0000  RESTRAINT  =         0.0000
 ------------------------------------------------------------------------------

wrapping first mol.:      -59.95674       42.39583       73.43173

 NSTEP =   720000   TIME(PS) =  486479.998  TEMP(K) =   311.70  PRESS =     0.0
 Etot   =   -113669.6110  EKtot   =     31706.6699  EPtot      =   -145376.2810
 BOND   =       869.9948  ANGLE   =      2134.4376  DIHED      =      1341.6514
 UB     =         0.0000  IMP     =         0.0000  CMAP       =       199.6477
 1-4 NB =       990.4122  1-4 EEL =     15064.3170  VDWAALS    =     17644.2494
 EELEC  =   -183620.9911  EHBOND  =         0.0000  RESTRAINT  =         0.0000
 ------------------------------------------------------------------------------

wrapping first mol.:      -59.95674       42.39583       73.43173

 NSTEP =   740000   TIME(PS) =  486519.998  TEMP(K) =   310.42  PRESS =     0.0
 Etot   =   -113681.9809  EKtot   =     31576.6680  EPtot      =   -145258.6489
 BOND   =       854.0623  ANGLE   =      2186.7476  DIHED      =      1343.9621
 UB     =         0.0000  IMP     =         0.0000  CMAP       =       185.2866
 1-4 NB =      1006.0971  1-4 EEL =     15043.0342  VDWAALS    =     17122.7473
 EELEC  =   -183000.5862  EHBOND  =         0.0000  RESTRAINT  =         0.0000
 ------------------------------------------------------------------------------

wrapping first mol.:      -59.95674       42.39583       73.43173

 NSTEP =   760000   TIME(PS) =  486559.998  TEMP(K) =   309.44  PRESS =     0.0
 Etot   =   -113942.9475  EKtot   =     31477.3652  EPtot      =   -145420.3127
 BOND   =       843.7234  ANGLE   =      2160.0971  DIHED      =      1369.2009
 UB     =         0.0000  IMP     =         0.0000  CMAP       =       174.8325
 1-4 NB =      1013.2866  1-4 EEL =     15059.8676  VDWAALS    =     16959.4150
 EELEC  =   -183000.7357  EHBOND  =         0.0000  RESTRAINT  =         0.0000
 ------------------------------------------------------------------------------

wrapping first mol.:      -59.95674       42.39583       73.43173

 NSTEP =   780000   TIME(PS) =  486599.998  TEMP(K) =   309.95  PRESS =     0.0
 Etot   =   -113687.7548  EKtot   =     31529.1445  EPtot      =   -145216.8993
 BOND   =       858.5388  ANGLE   =      2151.8629  DIHED      =      1323.4031
 UB     =         0.0000  IMP     =         0.0000  CMAP       =       190.7498
 1-4 NB =       998.5575  1-4 EEL =     15103.1894  VDWAALS    =     17067.4588
 EELEC  =   -182910.6596  EHBOND  =         0.0000  RESTRAINT  =         0.0000
 ------------------------------------------------------------------------------

wrapping first mol.:      -59.95674       42.39583       73.43173

 NSTEP =   800000   TIME(PS) =  486639.998  TEMP(K) =   310.45  PRESS =     0.0
 Etot   =   -113344.1960  EKtot   =     31579.3965  EPtot      =   -144923.5925
 BOND   =       873.9706  ANGLE   =      2144.9796  DIHED      =      1369.0859
 UB     =         0.0000  IMP     =         0.0000  CMAP       =       207.4393
 1-4 NB =      1008.9640  1-4 EEL =     15057.5182  VDWAALS    =     17421.1180
 EELEC  =   -183006.6681  EHBOND  =         0.0000  RESTRAINT  =         0.0000
 ------------------------------------------------------------------------------

wrapping first mol.:      -59.95674       42.39583       73.43173

 NSTEP =   820000   TIME(PS) =  486679.998  TEMP(K) =   310.36  PRESS =     0.0
 Etot   =   -113606.4185  EKtot   =     31570.1465  EPtot      =   -145176.5650
 BOND   =       874.0540  ANGLE   =      2064.6259  DIHED      =      1342.0766
 UB     =         0.0000  IMP     =         0.0000  CMAP       =       207.3419
 1-4 NB =       981.3815  1-4 EEL =     15027.3062  VDWAALS    =     17388.3756
 EELEC  =   -183061.7266  EHBOND  =         0.0000  RESTRAINT  =         0.0000
 ------------------------------------------------------------------------------

wrapping first mol.:      -59.95674       42.39583       73.43173

 NSTEP =   840000   TIME(PS) =  486719.998  TEMP(K) =   310.09  PRESS =     0.0
 Etot   =   -113448.2497  EKtot   =     31543.4492  EPtot      =   -144991.6989
 BOND   =       873.6206  ANGLE   =      2096.6271  DIHED      =      1363.7582
 UB     =         0.0000  IMP     =         0.0000  CMAP       =       188.1805
 1-4 NB =      1005.9815  1-4 EEL =     15010.6854  VDWAALS    =     17108.4151
 EELEC  =   -182638.9673  EHBOND  =         0.0000  RESTRAINT  =         0.0000
 ------------------------------------------------------------------------------

wrapping first mol.:      -59.95674       42.39583       73.43173

 NSTEP =   860000   TIME(PS) =  486759.998  TEMP(K) =   313.56  PRESS =     0.0
 Etot   =   -113262.8671  EKtot   =     31895.7012  EPtot      =   -145158.5683
 BOND   =       898.7214  ANGLE   =      2169.5745  DIHED      =      1360.9977
 UB     =         0.0000  IMP     =         0.0000  CMAP       =       197.5529
 1-4 NB =      1007.2764  1-4 EEL =     15076.5798  VDWAALS    =     17543.9477
 EELEC  =   -183413.2186  EHBOND  =         0.0000  RESTRAINT  =         0.0000
 ------------------------------------------------------------------------------

wrapping first mol.:      -59.95674       42.39583       73.43173

 NSTEP =   880000   TIME(PS) =  486799.998  TEMP(K) =   309.27  PRESS =     0.0
 Etot   =   -113786.2934  EKtot   =     31459.5332  EPtot      =   -145245.8266
 BOND   =       877.2867  ANGLE   =      2175.4871  DIHED      =      1362.7079
 UB     =         0.0000  IMP     =         0.0000  CMAP       =       208.6031
 1-4 NB =       995.2305  1-4 EEL =     15030.1637  VDWAALS    =     17521.0860
 EELEC  =   -183416.3917  EHBOND  =         0.0000  RESTRAINT  =         0.0000
 ------------------------------------------------------------------------------

wrapping first mol.:      -59.95674       42.39583       73.43173

 NSTEP =   900000   TIME(PS) =  486839.998  TEMP(K) =   310.64  PRESS =     0.0
 Etot   =   -113693.7533  EKtot   =     31599.1309  EPtot      =   -145292.8842
 BOND   =       852.7329  ANGLE   =      2191.1948  DIHED      =      1372.0835
 UB     =         0.0000  IMP     =         0.0000  CMAP       =       186.1395
 1-4 NB =       991.1242  1-4 EEL =     15080.5558  VDWAALS    =     17399.4487
 EELEC  =   -183366.1636  EHBOND  =         0.0000  RESTRAINT  =         0.0000
 ------------------------------------------------------------------------------

wrapping first mol.:      -59.95674       42.39583       73.43173

 NSTEP =   920000   TIME(PS) =  486879.998  TEMP(K) =   311.69  PRESS =     0.0
 Etot   =   -113540.0855  EKtot   =     31706.1660  EPtot      =   -145246.2515
 BOND   =       861.8678  ANGLE   =      2126.0793  DIHED      =      1344.4588
 UB     =         0.0000  IMP     =         0.0000  CMAP       =       175.6825
 1-4 NB =      1002.8025  1-4 EEL =     15077.0158  VDWAALS    =     17390.8171
 EELEC  =   -183224.9754  EHBOND  =         0.0000  RESTRAINT  =         0.0000
 ------------------------------------------------------------------------------

wrapping first mol.:      -59.95674       42.39583       73.43173

 NSTEP =   940000   TIME(PS) =  486919.998  TEMP(K) =   310.13  PRESS =     0.0
 Etot   =   -113742.2887  EKtot   =     31547.1348  EPtot      =   -145289.4235
 BOND   =       835.2943  ANGLE   =      2168.9829  DIHED      =      1318.7527
 UB     =         0.0000  IMP     =         0.0000  CMAP       =       209.3633
 1-4 NB =       989.5806  1-4 EEL =     14997.4967  VDWAALS    =     17380.5389
 EELEC  =   -183189.4329  EHBOND  =         0.0000  RESTRAINT  =         0.0000
 ------------------------------------------------------------------------------

wrapping first mol.:      -59.95674       42.39583       73.43173

 NSTEP =   960000   TIME(PS) =  486959.998  TEMP(K) =   312.31  PRESS =     0.0
 Etot   =   -113656.2463  EKtot   =     31768.9160  EPtot      =   -145425.1624
 BOND   =       866.8293  ANGLE   =      2089.9230  DIHED      =      1357.9829
 UB     =         0.0000  IMP     =         0.0000  CMAP       =       186.2228
 1-4 NB =      1015.3124  1-4 EEL =     15065.6912  VDWAALS    =     17548.0982
 EELEC  =   -183555.2222  EHBOND  =         0.0000  RESTRAINT  =         0.0000
 ------------------------------------------------------------------------------

wrapping first mol.:      -59.95674       42.39583       73.43173

 NSTEP =   980000   TIME(PS) =  486999.998  TEMP(K) =   307.19  PRESS =     0.0
 Etot   =   -114242.1936  EKtot   =     31248.0195  EPtot      =   -145490.2131
 BOND   =       850.6764  ANGLE   =      2203.2485  DIHED      =      1357.1906
 UB     =         0.0000  IMP     =         0.0000  CMAP       =       185.0418
 1-4 NB =       970.9049  1-4 EEL =     14951.9973  VDWAALS    =     17375.9462
 EELEC  =   -183385.2188  EHBOND  =         0.0000  RESTRAINT  =         0.0000
 ------------------------------------------------------------------------------

wrapping first mol.:      -59.95674       42.39583       73.43173

 NSTEP =  1000000   TIME(PS) =  487039.998  TEMP(K) =   309.77  PRESS =     0.0
 Etot   =   -113932.1296  EKtot   =     31510.5684  EPtot      =   -145442.6979
 BOND   =       888.9168  ANGLE   =      2098.6698  DIHED      =      1335.4963
 UB     =         0.0000  IMP     =         0.0000  CMAP       =       179.0333
 1-4 NB =       990.2157  1-4 EEL =     15031.4889  VDWAALS    =     17501.5550
 EELEC  =   -183468.0736  EHBOND  =         0.0000  RESTRAINT  =         0.0000
 ------------------------------------------------------------------------------

wrapping first mol.:      -59.95674       42.39583       73.43173

 NSTEP =  1020000   TIME(PS) =  487079.998  TEMP(K) =   310.96  PRESS =     0.0
 Etot   =   -113768.9419  EKtot   =     31631.6074  EPtot      =   -145400.5493
 BOND   =       888.7633  ANGLE   =      2128.4103  DIHED      =      1376.8647
 UB     =         0.0000  IMP     =         0.0000  CMAP       =       197.7402
 1-4 NB =       995.8009  1-4 EEL =     14997.1239  VDWAALS    =     17329.9229
 EELEC  =   -183315.1756  EHBOND  =         0.0000  RESTRAINT  =         0.0000
 ------------------------------------------------------------------------------

wrapping first mol.:      -59.95674       42.39583       73.43173

 NSTEP =  1040000   TIME(PS) =  487119.998  TEMP(K) =   311.77  PRESS =     0.0
 Etot   =   -113503.5278  EKtot   =     31714.1367  EPtot      =   -145217.6645
 BOND   =       859.1665  ANGLE   =      2178.8788  DIHED      =      1381.0922
 UB     =         0.0000  IMP     =         0.0000  CMAP       =       206.4489
 1-4 NB =      1002.9776  1-4 EEL =     15073.1351  VDWAALS    =     17385.4460
 EELEC  =   -183304.8096  EHBOND  =         0.0000  RESTRAINT  =         0.0000
 ------------------------------------------------------------------------------

wrapping first mol.:      -59.95674       42.39583       73.43173

 NSTEP =  1060000   TIME(PS) =  487159.998  TEMP(K) =   312.84  PRESS =     0.0
 Etot   =   -113571.0450  EKtot   =     31823.2266  EPtot      =   -145394.2716
 BOND   =       870.0206  ANGLE   =      2121.0913  DIHED      =      1339.5589
 UB     =         0.0000  IMP     =         0.0000  CMAP       =       203.9267
 1-4 NB =       997.2154  1-4 EEL =     15056.9127  VDWAALS    =     17302.6684
 EELEC  =   -183285.6655  EHBOND  =         0.0000  RESTRAINT  =         0.0000
 ------------------------------------------------------------------------------

wrapping first mol.:      -59.95674       42.39583       73.43173

 NSTEP =  1080000   TIME(PS) =  487199.998  TEMP(K) =   309.66  PRESS =     0.0
 Etot   =   -113875.1259  EKtot   =     31498.8984  EPtot      =   -145374.0243
 BOND   =       879.1250  ANGLE   =      2133.4844  DIHED      =      1379.7366
 UB     =         0.0000  IMP     =         0.0000  CMAP       =       195.4789
 1-4 NB =      1014.2463  1-4 EEL =     15098.3198  VDWAALS    =     17634.1854
 EELEC  =   -183708.6008  EHBOND  =         0.0000  RESTRAINT  =         0.0000
 ------------------------------------------------------------------------------

wrapping first mol.:      -59.95674       42.39583       73.43173

 NSTEP =  1100000   TIME(PS) =  487239.998  TEMP(K) =   310.47  PRESS =     0.0
 Etot   =   -113561.3970  EKtot   =     31582.0371  EPtot      =   -145143.4341
 BOND   =       851.4009  ANGLE   =      2176.0263  DIHED      =      1315.2538
 UB     =         0.0000  IMP     =         0.0000  CMAP       =       199.0113
 1-4 NB =      1005.0532  1-4 EEL =     15083.1684  VDWAALS    =     17407.8722
 EELEC  =   -183181.2202  EHBOND  =         0.0000  RESTRAINT  =         0.0000
 ------------------------------------------------------------------------------

wrapping first mol.:      -59.95674       42.39583       73.43173

 NSTEP =  1120000   TIME(PS) =  487279.998  TEMP(K) =   310.24  PRESS =     0.0
 Etot   =   -113733.0460  EKtot   =     31558.6660  EPtot      =   -145291.7120
 BOND   =       851.4849  ANGLE   =      2146.7753  DIHED      =      1318.7520
 UB     =         0.0000  IMP     =         0.0000  CMAP       =       200.1710
 1-4 NB =       982.4497  1-4 EEL =     14946.8116  VDWAALS    =     17024.4093
 EELEC  =   -182762.5657  EHBOND  =         0.0000  RESTRAINT  =         0.0000
 ------------------------------------------------------------------------------

wrapping first mol.:      -59.95674       42.39583       73.43173

 NSTEP =  1140000   TIME(PS) =  487319.998  TEMP(K) =   310.06  PRESS =     0.0
 Etot   =   -113353.3449  EKtot   =     31540.2383  EPtot      =   -144893.5832
 BOND   =       892.4871  ANGLE   =      2189.8451  DIHED      =      1342.7797
 UB     =         0.0000  IMP     =         0.0000  CMAP       =       208.7571
 1-4 NB =       976.7675  1-4 EEL =     15021.4679  VDWAALS    =     17018.0249
 EELEC  =   -182543.7125  EHBOND  =         0.0000  RESTRAINT  =         0.0000
 ------------------------------------------------------------------------------

wrapping first mol.:      -59.95674       42.39583       73.43173

 NSTEP =  1160000   TIME(PS) =  487359.998  TEMP(K) =   309.41  PRESS =     0.0
 Etot   =   -113785.0902  EKtot   =     31474.1992  EPtot      =   -145259.2894
 BOND   =       871.6359  ANGLE   =      2165.5580  DIHED      =      1386.5470
 UB     =         0.0000  IMP     =         0.0000  CMAP       =       201.8772
 1-4 NB =       986.7612  1-4 EEL =     15003.0189  VDWAALS    =     17324.5750
 EELEC  =   -183199.2626  EHBOND  =         0.0000  RESTRAINT  =         0.0000
 ------------------------------------------------------------------------------

wrapping first mol.:      -59.95674       42.39583       73.43173

 NSTEP =  1180000   TIME(PS) =  487399.998  TEMP(K) =   310.71  PRESS =     0.0
 Etot   =   -113706.5011  EKtot   =     31606.6191  EPtot      =   -145313.1203
 BOND   =       839.3721  ANGLE   =      2148.0613  DIHED      =      1344.6695
 UB     =         0.0000  IMP     =         0.0000  CMAP       =       217.8367
 1-4 NB =      1005.3112  1-4 EEL =     15124.0806  VDWAALS    =     17283.5773
 EELEC  =   -183276.0290  EHBOND  =         0.0000  RESTRAINT  =         0.0000
 ------------------------------------------------------------------------------

wrapping first mol.:      -59.95674       42.39583       73.43173

 NSTEP =  1200000   TIME(PS) =  487439.998  TEMP(K) =   310.47  PRESS =     0.0
 Etot   =   -113825.0256  EKtot   =     31581.5254  EPtot      =   -145406.5510
 BOND   =       891.3791  ANGLE   =      2173.1538  DIHED      =      1361.0331
 UB     =         0.0000  IMP     =         0.0000  CMAP       =       181.7842
 1-4 NB =       975.0277  1-4 EEL =     15008.1319  VDWAALS    =     17478.0022
 EELEC  =   -183475.0629  EHBOND  =         0.0000  RESTRAINT  =         0.0000
 ------------------------------------------------------------------------------

wrapping first mol.:      -59.95674       42.39583       73.43173

 NSTEP =  1220000   TIME(PS) =  487479.998  TEMP(K) =   308.31  PRESS =     0.0
 Etot   =   -113807.3722  EKtot   =     31361.5762  EPtot      =   -145168.9484
 BOND   =       824.8400  ANGLE   =      2102.3949  DIHED      =      1364.6282
 UB     =         0.0000  IMP     =         0.0000  CMAP       =       191.8685
 1-4 NB =      1003.2068  1-4 EEL =     15100.7837  VDWAALS    =     17102.2760
 EELEC  =   -182858.9466  EHBOND  =         0.0000  RESTRAINT  =         0.0000
 ------------------------------------------------------------------------------

wrapping first mol.:      -59.95674       42.39583       73.43173

 NSTEP =  1240000   TIME(PS) =  487519.998  TEMP(K) =   308.03  PRESS =     0.0
 Etot   =   -114231.1709  EKtot   =     31333.4863  EPtot      =   -145564.6572
 BOND   =       865.0734  ANGLE   =      2192.3148  DIHED      =      1379.5980
 UB     =         0.0000  IMP     =         0.0000  CMAP       =       205.9891
 1-4 NB =       991.3612  1-4 EEL =     15038.1731  VDWAALS    =     17541.3995
 EELEC  =   -183778.5664  EHBOND  =         0.0000  RESTRAINT  =         0.0000
 ------------------------------------------------------------------------------

wrapping first mol.:      -59.95674       42.39583       73.43173

 NSTEP =  1260000   TIME(PS) =  487559.998  TEMP(K) =   308.93  PRESS =     0.0
 Etot   =   -113929.9009  EKtot   =     31425.2461  EPtot      =   -145355.1470
 BOND   =       908.8472  ANGLE   =      2124.2159  DIHED      =      1343.4461
 UB     =         0.0000  IMP     =         0.0000  CMAP       =       202.3665
 1-4 NB =       989.7646  1-4 EEL =     15067.7478  VDWAALS    =     17189.8039
 EELEC  =   -183181.3391  EHBOND  =         0.0000  RESTRAINT  =         0.0000
 ------------------------------------------------------------------------------

wrapping first mol.:      -59.95674       42.39583       73.43173

 NSTEP =  1280000   TIME(PS) =  487599.998  TEMP(K) =   306.84  PRESS =     0.0
 Etot   =   -114018.6699  EKtot   =     31211.9824  EPtot      =   -145230.6524
 BOND   =       857.3254  ANGLE   =      2185.2486  DIHED      =      1328.8289
 UB     =         0.0000  IMP     =         0.0000  CMAP       =       207.7894
 1-4 NB =       977.0140  1-4 EEL =     15019.4965  VDWAALS    =     16963.8344
 EELEC  =   -182770.1896  EHBOND  =         0.0000  RESTRAINT  =         0.0000
 ------------------------------------------------------------------------------

wrapping first mol.:      -59.95674       42.39583       73.43173

 NSTEP =  1300000   TIME(PS) =  487639.998  TEMP(K) =   307.31  PRESS =     0.0
 Etot   =   -114103.4242  EKtot   =     31260.3066  EPtot      =   -145363.7308
 BOND   =       853.2438  ANGLE   =      2161.3891  DIHED      =      1368.7562
 UB     =         0.0000  IMP     =         0.0000  CMAP       =       196.7175
 1-4 NB =       992.6116  1-4 EEL =     15006.4261  VDWAALS    =     17262.8162
 EELEC  =   -183205.6913  EHBOND  =         0.0000  RESTRAINT  =         0.0000
 ------------------------------------------------------------------------------

wrapping first mol.:      -59.95674       42.39583       73.43173

 NSTEP =  1320000   TIME(PS) =  487679.998  TEMP(K) =   310.71  PRESS =     0.0
 Etot   =   -113660.8986  EKtot   =     31606.6523  EPtot      =   -145267.5509
 BOND   =       869.2069  ANGLE   =      2111.0610  DIHED      =      1348.1672
 UB     =         0.0000  IMP     =         0.0000  CMAP       =       212.1697
 1-4 NB =      1007.6563  1-4 EEL =     15049.3492  VDWAALS    =     17412.1287
 EELEC  =   -183277.2899  EHBOND  =         0.0000  RESTRAINT  =         0.0000
 ------------------------------------------------------------------------------

wrapping first mol.:      -59.95674       42.39583       73.43173

 NSTEP =  1340000   TIME(PS) =  487719.998  TEMP(K) =   307.45  PRESS =     0.0
 Etot   =   -114106.6011  EKtot   =     31274.7168  EPtot      =   -145381.3179
 BOND   =       875.3158  ANGLE   =      2180.0492  DIHED      =      1339.9677
 UB     =         0.0000  IMP     =         0.0000  CMAP       =       192.8827
 1-4 NB =       995.0922  1-4 EEL =     15040.5673  VDWAALS    =     17678.7482
 EELEC  =   -183683.9412  EHBOND  =         0.0000  RESTRAINT  =         0.0000
 ------------------------------------------------------------------------------

wrapping first mol.:      -59.95674       42.39583       73.43173

 NSTEP =  1360000   TIME(PS) =  487759.998  TEMP(K) =   310.84  PRESS =     0.0
 Etot   =   -114048.3287  EKtot   =     31619.8105  EPtot      =   -145668.1392
 BOND   =       836.1270  ANGLE   =      2123.2186  DIHED      =      1333.9975
 UB     =         0.0000  IMP     =         0.0000  CMAP       =       198.6081
 1-4 NB =       990.5587  1-4 EEL =     15005.1759  VDWAALS    =     17426.1103
 EELEC  =   -183581.9353  EHBOND  =         0.0000  RESTRAINT  =         0.0000
 ------------------------------------------------------------------------------

wrapping first mol.:      -59.95674       42.39583       73.43173

 NSTEP =  1380000   TIME(PS) =  487799.998  TEMP(K) =   309.89  PRESS =     0.0
 Etot   =   -113616.6078  EKtot   =     31522.6504  EPtot      =   -145139.2582
 BOND   =       869.4985  ANGLE   =      2167.7284  DIHED      =      1326.5495
 UB     =         0.0000  IMP     =         0.0000  CMAP       =       205.2917
 1-4 NB =      1006.2934  1-4 EEL =     15060.1287  VDWAALS    =     17333.1131
 EELEC  =   -183107.8617  EHBOND  =         0.0000  RESTRAINT  =         0.0000
 ------------------------------------------------------------------------------

wrapping first mol.:      -59.95674       42.39583       73.43173

 NSTEP =  1400000   TIME(PS) =  487839.998  TEMP(K) =   309.36  PRESS =     0.0
 Etot   =   -113919.5429  EKtot   =     31469.0527  EPtot      =   -145388.5956
 BOND   =       850.1019  ANGLE   =      2102.3556  DIHED      =      1352.0436
 UB     =         0.0000  IMP     =         0.0000  CMAP       =       212.6718
 1-4 NB =      1000.3842  1-4 EEL =     15010.0149  VDWAALS    =     17446.8047
 EELEC  =   -183362.9722  EHBOND  =         0.0000  RESTRAINT  =         0.0000
 ------------------------------------------------------------------------------

wrapping first mol.:      -59.95674       42.39583       73.43173

 NSTEP =  1420000   TIME(PS) =  487879.998  TEMP(K) =   310.34  PRESS =     0.0
 Etot   =   -114123.0496  EKtot   =     31568.9746  EPtot      =   -145692.0242
 BOND   =       826.2825  ANGLE   =      2170.1547  DIHED      =      1346.7405
 UB     =         0.0000  IMP     =         0.0000  CMAP       =       189.0542
 1-4 NB =       996.6340  1-4 EEL =     15007.3599  VDWAALS    =     17769.9167
 EELEC  =   -183998.1666  EHBOND  =         0.0000  RESTRAINT  =         0.0000
 ------------------------------------------------------------------------------

wrapping first mol.:      -59.95674       42.39583       73.43173

 NSTEP =  1440000   TIME(PS) =  487919.998  TEMP(K) =   308.43  PRESS =     0.0
 Etot   =   -114025.8573  EKtot   =     31374.6562  EPtot      =   -145400.5136
 BOND   =       848.3456  ANGLE   =      2114.1094  DIHED      =      1321.7521
 UB     =         0.0000  IMP     =         0.0000  CMAP       =       186.2125
 1-4 NB =      1012.6538  1-4 EEL =     15068.7033  VDWAALS    =     17475.5720
 EELEC  =   -183427.8622  EHBOND  =         0.0000  RESTRAINT  =         0.0000
 ------------------------------------------------------------------------------

wrapping first mol.:      -59.95674       42.39583       73.43173

 NSTEP =  1460000   TIME(PS) =  487959.998  TEMP(K) =   307.97  PRESS =     0.0
 Etot   =   -113629.6206  EKtot   =     31327.7852  EPtot      =   -144957.4058
 BOND   =       850.1889  ANGLE   =      2144.4051  DIHED      =      1334.9504
 UB     =         0.0000  IMP     =         0.0000  CMAP       =       208.0966
 1-4 NB =      1003.8745  1-4 EEL =     15109.4988  VDWAALS    =     17242.9721
 EELEC  =   -182851.3922  EHBOND  =         0.0000  RESTRAINT  =         0.0000
 ------------------------------------------------------------------------------

wrapping first mol.:      -59.95674       42.39583       73.43173

 NSTEP =  1480000   TIME(PS) =  487999.998  TEMP(K) =   310.97  PRESS =     0.0
 Etot   =   -113832.1967  EKtot   =     31632.5723  EPtot      =   -145464.7690
 BOND   =       853.6031  ANGLE   =      2155.2165  DIHED      =      1330.5483
 UB     =         0.0000  IMP     =         0.0000  CMAP       =       188.9913
 1-4 NB =       993.3867  1-4 EEL =     15064.1425  VDWAALS    =     17268.0611
 EELEC  =   -183318.7186  EHBOND  =         0.0000  RESTRAINT  =         0.0000
 ------------------------------------------------------------------------------

wrapping first mol.:      -59.95674       42.39583       73.43173

 NSTEP =  1500000   TIME(PS) =  488039.998  TEMP(K) =   308.03  PRESS =     0.0
 Etot   =   -113845.4465  EKtot   =     31333.2031  EPtot      =   -145178.6496
 BOND   =       840.9552  ANGLE   =      2185.0416  DIHED      =      1323.3278
 UB     =         0.0000  IMP     =         0.0000  CMAP       =       198.5954
 1-4 NB =      1008.6437  1-4 EEL =     15088.6754  VDWAALS    =     16845.2146
 EELEC  =   -182669.1034  EHBOND  =         0.0000  RESTRAINT  =         0.0000
 ------------------------------------------------------------------------------

wrapping first mol.:      -59.95674       42.39583       73.43173

 NSTEP =  1520000   TIME(PS) =  488079.998  TEMP(K) =   310.47  PRESS =     0.0
 Etot   =   -113595.0481  EKtot   =     31582.1426  EPtot      =   -145177.1907
 BOND   =       870.5414  ANGLE   =      2179.2555  DIHED      =      1352.6369
 UB     =         0.0000  IMP     =         0.0000  CMAP       =       190.4572
 1-4 NB =       992.3500  1-4 EEL =     15149.6833  VDWAALS    =     17403.5681
 EELEC  =   -183315.6830  EHBOND  =         0.0000  RESTRAINT  =         0.0000
 ------------------------------------------------------------------------------

wrapping first mol.:      -59.95674       42.39583       73.43173

 NSTEP =  1540000   TIME(PS) =  488119.998  TEMP(K) =   310.85  PRESS =     0.0
 Etot   =   -113513.1910  EKtot   =     31620.4336  EPtot      =   -145133.6246
 BOND   =       891.2045  ANGLE   =      2154.8784  DIHED      =      1317.5695
 UB     =         0.0000  IMP     =         0.0000  CMAP       =       189.3495
 1-4 NB =       984.2223  1-4 EEL =     15119.0020  VDWAALS    =     16859.9572
 EELEC  =   -182649.8082  EHBOND  =         0.0000  RESTRAINT  =         0.0000
 ------------------------------------------------------------------------------

wrapping first mol.:      -59.95674       42.39583       73.43173

 NSTEP =  1560000   TIME(PS) =  488159.998  TEMP(K) =   310.61  PRESS =     0.0
 Etot   =   -113476.3829  EKtot   =     31596.1270  EPtot      =   -145072.5098
 BOND   =       837.4269  ANGLE   =      2188.4549  DIHED      =      1360.0358
 UB     =         0.0000  IMP     =         0.0000  CMAP       =       206.7840
 1-4 NB =       987.9585  1-4 EEL =     15119.3809  VDWAALS    =     17396.1148
 EELEC  =   -183168.6656  EHBOND  =         0.0000  RESTRAINT  =         0.0000
 ------------------------------------------------------------------------------

wrapping first mol.:      -59.95674       42.39583       73.43173

 NSTEP =  1580000   TIME(PS) =  488199.998  TEMP(K) =   310.63  PRESS =     0.0
 Etot   =   -113481.2553  EKtot   =     31597.9336  EPtot      =   -145079.1888
 BOND   =       853.1106  ANGLE   =      2083.9546  DIHED      =      1381.4594
 UB     =         0.0000  IMP     =         0.0000  CMAP       =       188.1260
 1-4 NB =      1007.4575  1-4 EEL =     15080.8929  VDWAALS    =     17276.0906
 EELEC  =   -182950.2804  EHBOND  =         0.0000  RESTRAINT  =         0.0000
 ------------------------------------------------------------------------------

wrapping first mol.:      -59.95674       42.39583       73.43173

 NSTEP =  1600000   TIME(PS) =  488239.998  TEMP(K) =   310.40  PRESS =     0.0
 Etot   =   -113689.0826  EKtot   =     31574.8008  EPtot      =   -145263.8834
 BOND   =       908.6028  ANGLE   =      2206.5939  DIHED      =      1336.5060
 UB     =         0.0000  IMP     =         0.0000  CMAP       =       190.5226
 1-4 NB =       991.9020  1-4 EEL =     14992.6248  VDWAALS    =     17604.9076
 EELEC  =   -183495.5432  EHBOND  =         0.0000  RESTRAINT  =         0.0000
 ------------------------------------------------------------------------------

wrapping first mol.:      -59.95674       42.39583       73.43173

 NSTEP =  1620000   TIME(PS) =  488279.998  TEMP(K) =   310.51  PRESS =     0.0
 Etot   =   -113538.1571  EKtot   =     31585.9355  EPtot      =   -145124.0927
 BOND   =       868.3439  ANGLE   =      2113.1811  DIHED      =      1359.2855
 UB     =         0.0000  IMP     =         0.0000  CMAP       =       197.2035
 1-4 NB =       987.9083  1-4 EEL =     15081.8804  VDWAALS    =     17210.4200
 EELEC  =   -182942.3154  EHBOND  =         0.0000  RESTRAINT  =         0.0000
 ------------------------------------------------------------------------------

wrapping first mol.:      -59.95674       42.39583       73.43173

 NSTEP =  1640000   TIME(PS) =  488319.998  TEMP(K) =   312.66  PRESS =     0.0
 Etot   =   -113772.3443  EKtot   =     31804.5957  EPtot      =   -145576.9400
 BOND   =       822.4858  ANGLE   =      2192.9680  DIHED      =      1356.1087
 UB     =         0.0000  IMP     =         0.0000  CMAP       =       185.2372
 1-4 NB =       987.6776  1-4 EEL =     15018.1635  VDWAALS    =     17216.2399
 EELEC  =   -183355.8207  EHBOND  =         0.0000  RESTRAINT  =         0.0000
 ------------------------------------------------------------------------------

wrapping first mol.:      -59.95674       42.39583       73.43173

 NSTEP =  1660000   TIME(PS) =  488359.998  TEMP(K) =   309.46  PRESS =     0.0
 Etot   =   -113593.0930  EKtot   =     31479.4727  EPtot      =   -145072.5657
 BOND   =       846.0085  ANGLE   =      2186.5054  DIHED      =      1346.7990
 UB     =         0.0000  IMP     =         0.0000  CMAP       =       179.4527
 1-4 NB =      1019.1239  1-4 EEL =     15113.5937  VDWAALS    =     17233.4833
 EELEC  =   -182997.5322  EHBOND  =         0.0000  RESTRAINT  =         0.0000
 ------------------------------------------------------------------------------

wrapping first mol.:      -59.95674       42.39583       73.43173

 NSTEP =  1680000   TIME(PS) =  488399.998  TEMP(K) =   312.05  PRESS =     0.0
 Etot   =   -113592.2963  EKtot   =     31742.0039  EPtot      =   -145334.3002
 BOND   =       864.2117  ANGLE   =      2095.6168  DIHED      =      1327.8246
 UB     =         0.0000  IMP     =         0.0000  CMAP       =       194.8531
 1-4 NB =      1002.6957  1-4 EEL =     15089.1190  VDWAALS    =     17442.3154
 EELEC  =   -183350.9364  EHBOND  =         0.0000  RESTRAINT  =         0.0000
 ------------------------------------------------------------------------------

wrapping first mol.:      -59.95674       42.39583       73.43173

 NSTEP =  1700000   TIME(PS) =  488439.998  TEMP(K) =   309.56  PRESS =     0.0
 Etot   =   -113843.4473  EKtot   =     31489.5098  EPtot      =   -145332.9571
 BOND   =       847.0426  ANGLE   =      2212.6575  DIHED      =      1346.4040
 UB     =         0.0000  IMP     =         0.0000  CMAP       =       190.7178
 1-4 NB =      1006.4121  1-4 EEL =     15113.7380  VDWAALS    =     17095.0895
 EELEC  =   -183145.0186  EHBOND  =         0.0000  RESTRAINT  =         0.0000
 ------------------------------------------------------------------------------

wrapping first mol.:      -59.95674       42.39583       73.43173

 NSTEP =  1720000   TIME(PS) =  488479.998  TEMP(K) =   311.31  PRESS =     0.0
 Etot   =   -113266.2997  EKtot   =     31666.8477  EPtot      =   -144933.1473
 BOND   =       861.9331  ANGLE   =      2163.6322  DIHED      =      1352.2391
 UB     =         0.0000  IMP     =         0.0000  CMAP       =       175.5711
 1-4 NB =       991.0943  1-4 EEL =     15029.5562  VDWAALS    =     16859.5325
 EELEC  =   -182366.7060  EHBOND  =         0.0000  RESTRAINT  =         0.0000
 ------------------------------------------------------------------------------

wrapping first mol.:      -59.95674       42.39583       73.43173

 NSTEP =  1740000   TIME(PS) =  488519.998  TEMP(K) =   310.33  PRESS =     0.0
 Etot   =   -113706.3115  EKtot   =     31567.7715  EPtot      =   -145274.0830
 BOND   =       849.0482  ANGLE   =      2148.4751  DIHED      =      1332.4941
 UB     =         0.0000  IMP     =         0.0000  CMAP       =       187.8136
 1-4 NB =      1002.0915  1-4 EEL =     14967.0609  VDWAALS    =     17200.1939
 EELEC  =   -182961.2602  EHBOND  =         0.0000  RESTRAINT  =         0.0000
 ------------------------------------------------------------------------------

wrapping first mol.:      -59.95674       42.39583       73.43173

 NSTEP =  1760000   TIME(PS) =  488559.998  TEMP(K) =   308.85  PRESS =     0.0
 Etot   =   -113550.2635  EKtot   =     31417.2988  EPtot      =   -144967.5623
 BOND   =       857.2984  ANGLE   =      2212.0346  DIHED      =      1359.4750
 UB     =         0.0000  IMP     =         0.0000  CMAP       =       187.3797
 1-4 NB =      1032.2555  1-4 EEL =     15003.6467  VDWAALS    =     17025.6145
 EELEC  =   -182645.2667  EHBOND  =         0.0000  RESTRAINT  =         0.0000
 ------------------------------------------------------------------------------

wrapping first mol.:      -59.95674       42.39583       73.43173

 NSTEP =  1780000   TIME(PS) =  488599.998  TEMP(K) =   308.53  PRESS =     0.0
 Etot   =   -114201.3246  EKtot   =     31384.1543  EPtot      =   -145585.4789
 BOND   =       857.1099  ANGLE   =      2073.4893  DIHED      =      1388.6966
 UB     =         0.0000  IMP     =         0.0000  CMAP       =       199.8207
 1-4 NB =       994.7191  1-4 EEL =     15057.3717  VDWAALS    =     17539.6129
 EELEC  =   -183696.2992  EHBOND  =         0.0000  RESTRAINT  =         0.0000
 ------------------------------------------------------------------------------

wrapping first mol.:      -59.95674       42.39583       73.43173

 NSTEP =  1800000   TIME(PS) =  488639.998  TEMP(K) =   311.14  PRESS =     0.0
 Etot   =   -113334.1867  EKtot   =     31649.4570  EPtot      =   -144983.6437
 BOND   =       812.9222  ANGLE   =      2093.7002  DIHED      =      1366.8381
 UB     =         0.0000  IMP     =         0.0000  CMAP       =       191.6230
 1-4 NB =      1018.7108  1-4 EEL =     15043.1235  VDWAALS    =     17580.0410
 EELEC  =   -183090.6025  EHBOND  =         0.0000  RESTRAINT  =         0.0000
 ------------------------------------------------------------------------------

wrapping first mol.:      -59.95674       42.39583       73.43173

 NSTEP =  1820000   TIME(PS) =  488679.998  TEMP(K) =   310.59  PRESS =     0.0
 Etot   =   -113306.3446  EKtot   =     31593.5586  EPtot      =   -144899.9032
 BOND   =       827.2862  ANGLE   =      2185.4386  DIHED      =      1387.7135
 UB     =         0.0000  IMP     =         0.0000  CMAP       =       189.8479
 1-4 NB =       993.6778  1-4 EEL =     15105.0434  VDWAALS    =     17172.2946
 EELEC  =   -182761.2051  EHBOND  =         0.0000  RESTRAINT  =         0.0000
 ------------------------------------------------------------------------------

wrapping first mol.:      -59.95674       42.39583       73.43173

 NSTEP =  1840000   TIME(PS) =  488719.998  TEMP(K) =   310.19  PRESS =     0.0
 Etot   =   -113557.4561  EKtot   =     31553.1914  EPtot      =   -145110.6475
 BOND   =       902.7370  ANGLE   =      2109.3601  DIHED      =      1334.3700
 UB     =         0.0000  IMP     =         0.0000  CMAP       =       192.6120
 1-4 NB =      1002.1089  1-4 EEL =     15145.2672  VDWAALS    =     17225.1097
 EELEC  =   -183022.2124  EHBOND  =         0.0000  RESTRAINT  =         0.0000
 ------------------------------------------------------------------------------

wrapping first mol.:      -59.95674       42.39583       73.43173

 NSTEP =  1860000   TIME(PS) =  488759.998  TEMP(K) =   310.99  PRESS =     0.0
 Etot   =   -113493.2212  EKtot   =     31634.1641  EPtot      =   -145127.3853
 BOND   =       851.9714  ANGLE   =      2218.2510  DIHED      =      1343.6832
 UB     =         0.0000  IMP     =         0.0000  CMAP       =       212.9794
 1-4 NB =      1011.6921  1-4 EEL =     15045.6258  VDWAALS    =     17417.2292
 EELEC  =   -183228.8173  EHBOND  =         0.0000  RESTRAINT  =         0.0000
 ------------------------------------------------------------------------------

wrapping first mol.:      -59.95674       42.39583       73.43173

 NSTEP =  1880000   TIME(PS) =  488799.998  TEMP(K) =   309.60  PRESS =     0.0
 Etot   =   -113960.0958  EKtot   =     31493.4844  EPtot      =   -145453.5801
 BOND   =       818.9664  ANGLE   =      2128.0044  DIHED      =      1352.8397
 UB     =         0.0000  IMP     =         0.0000  CMAP       =       182.5548
 1-4 NB =      1007.1020  1-4 EEL =     15070.5211  VDWAALS    =     17372.3882
 EELEC  =   -183385.9567  EHBOND  =         0.0000  RESTRAINT  =         0.0000
 ------------------------------------------------------------------------------

wrapping first mol.:      -59.95674       42.39583       73.43173

 NSTEP =  1900000   TIME(PS) =  488839.998  TEMP(K) =   309.46  PRESS =     0.0
 Etot   =   -113655.3383  EKtot   =     31479.3652  EPtot      =   -145134.7035
 BOND   =       882.9344  ANGLE   =      2127.6149  DIHED      =      1357.5225
 UB     =         0.0000  IMP     =         0.0000  CMAP       =       194.9697
 1-4 NB =       995.3874  1-4 EEL =     15019.7621  VDWAALS    =     16997.0993
 EELEC  =   -182709.9938  EHBOND  =         0.0000  RESTRAINT  =         0.0000
 ------------------------------------------------------------------------------

wrapping first mol.:      -59.95674       42.39583       73.43173

 NSTEP =  1920000   TIME(PS) =  488879.998  TEMP(K) =   311.61  PRESS =     0.0
 Etot   =   -113115.4006  EKtot   =     31698.1406  EPtot      =   -144813.5412
 BOND   =       863.1326  ANGLE   =      2123.1449  DIHED      =      1323.1161
 UB     =         0.0000  IMP     =         0.0000  CMAP       =       173.8745
 1-4 NB =      1005.2952  1-4 EEL =     15080.7816  VDWAALS    =     17365.6305
 EELEC  =   -182748.5167  EHBOND  =         0.0000  RESTRAINT  =         0.0000
 ------------------------------------------------------------------------------

wrapping first mol.:      -59.95674       42.39583       73.43173

 NSTEP =  1940000   TIME(PS) =  488919.998  TEMP(K) =   307.09  PRESS =     0.0
 Etot   =   -114150.8971  EKtot   =     31238.0703  EPtot      =   -145388.9674
 BOND   =       872.0476  ANGLE   =      2160.8833  DIHED      =      1291.1876
 UB     =         0.0000  IMP     =         0.0000  CMAP       =       194.1174
 1-4 NB =       999.0919  1-4 EEL =     15028.7580  VDWAALS    =     17147.4232
 EELEC  =   -183082.4765  EHBOND  =         0.0000  RESTRAINT  =         0.0000
 ------------------------------------------------------------------------------

wrapping first mol.:      -59.95674       42.39583       73.43173

 NSTEP =  1960000   TIME(PS) =  488959.998  TEMP(K) =   310.28  PRESS =     0.0
 Etot   =   -113800.8526  EKtot   =     31562.3887  EPtot      =   -145363.2413
 BOND   =       907.3466  ANGLE   =      2119.4141  DIHED      =      1347.1443
 UB     =         0.0000  IMP     =         0.0000  CMAP       =       193.6965
 1-4 NB =      1010.6580  1-4 EEL =     15048.7752  VDWAALS    =     17766.5009
 EELEC  =   -183756.7769  EHBOND  =         0.0000  RESTRAINT  =         0.0000
 ------------------------------------------------------------------------------

wrapping first mol.:      -59.95674       42.39583       73.43173

 NSTEP =  1980000   TIME(PS) =  488999.998  TEMP(K) =   311.10  PRESS =     0.0
 Etot   =   -113676.8351  EKtot   =     31646.2715  EPtot      =   -145323.1066
 BOND   =       836.1843  ANGLE   =      2129.6555  DIHED      =      1375.3264
 UB     =         0.0000  IMP     =         0.0000  CMAP       =       157.4232
 1-4 NB =       991.9269  1-4 EEL =     15065.0431  VDWAALS    =     17540.7565
 EELEC  =   -183419.4225  EHBOND  =         0.0000  RESTRAINT  =         0.0000
 ------------------------------------------------------------------------------

wrapping first mol.:      -59.95674       42.39583       73.43173

 NSTEP =  2000000   TIME(PS) =  489039.998  TEMP(K) =   310.35  PRESS =     0.0
 Etot   =   -113590.6344  EKtot   =     31569.3086  EPtot      =   -145159.9430
 BOND   =       895.3938  ANGLE   =      2167.1583  DIHED      =      1333.9005
 UB     =         0.0000  IMP     =         0.0000  CMAP       =       180.5991
 1-4 NB =       982.9733  1-4 EEL =     15081.7319  VDWAALS    =     16866.4547
 EELEC  =   -182668.1546  EHBOND  =         0.0000  RESTRAINT  =         0.0000
 ------------------------------------------------------------------------------

wrapping first mol.:      -59.95674       42.39583       73.43173

 NSTEP =  2020000   TIME(PS) =  489079.998  TEMP(K) =   309.47  PRESS =     0.0
 Etot   =   -114008.3377  EKtot   =     31479.9512  EPtot      =   -145488.2889
 BOND   =       820.5983  ANGLE   =      2143.4242  DIHED      =      1345.2988
 UB     =         0.0000  IMP     =         0.0000  CMAP       =       181.3791
 1-4 NB =      1001.8898  1-4 EEL =     15005.8736  VDWAALS    =     17431.3260
 EELEC  =   -183418.0786  EHBOND  =         0.0000  RESTRAINT  =         0.0000
 ------------------------------------------------------------------------------

wrapping first mol.:      -59.95674       42.39583       73.43173

 NSTEP =  2040000   TIME(PS) =  489119.998  TEMP(K) =   310.97  PRESS =     0.0
 Etot   =   -113260.3654  EKtot   =     31633.0938  EPtot      =   -144893.4592
 BOND   =       814.2584  ANGLE   =      2110.2369  DIHED      =      1362.1653
 UB     =         0.0000  IMP     =         0.0000  CMAP       =       203.0402
 1-4 NB =      1008.5215  1-4 EEL =     14997.7576  VDWAALS    =     17374.3138
 EELEC  =   -182763.7528  EHBOND  =         0.0000  RESTRAINT  =         0.0000
 ------------------------------------------------------------------------------

wrapping first mol.:      -59.95674       42.39583       73.43173

 NSTEP =  2060000   TIME(PS) =  489159.998  TEMP(K) =   311.43  PRESS =     0.0
 Etot   =   -113480.5046  EKtot   =     31679.3359  EPtot      =   -145159.8406
 BOND   =       911.3531  ANGLE   =      2169.9280  DIHED      =      1339.1650
 UB     =         0.0000  IMP     =         0.0000  CMAP       =       175.7954
 1-4 NB =       999.3934  1-4 EEL =     15058.5427  VDWAALS    =     17369.5389
 EELEC  =   -183183.5570  EHBOND  =         0.0000  RESTRAINT  =         0.0000
 ------------------------------------------------------------------------------

wrapping first mol.:      -59.95674       42.39583       73.43173

 NSTEP =  2080000   TIME(PS) =  489199.998  TEMP(K) =   308.14  PRESS =     0.0
 Etot   =   -113776.6292  EKtot   =     31345.0352  EPtot      =   -145121.6644
 BOND   =       813.4912  ANGLE   =      2196.1534  DIHED      =      1336.2980
 UB     =         0.0000  IMP     =         0.0000  CMAP       =       216.1979
 1-4 NB =      1021.1625  1-4 EEL =     15073.1497  VDWAALS    =     17270.7502
 EELEC  =   -183048.8673  EHBOND  =         0.0000  RESTRAINT  =         0.0000
 ------------------------------------------------------------------------------

wrapping first mol.:      -59.95674       42.39583       73.43173

 NSTEP =  2100000   TIME(PS) =  489239.998  TEMP(K) =   308.95  PRESS =     0.0
 Etot   =   -113755.8223  EKtot   =     31426.7324  EPtot      =   -145182.5547
 BOND   =       855.1866  ANGLE   =      2126.8809  DIHED      =      1347.5020
 UB     =         0.0000  IMP     =         0.0000  CMAP       =       182.2170
 1-4 NB =       989.7366  1-4 EEL =     15102.2839  VDWAALS    =     17549.7962
 EELEC  =   -183336.1579  EHBOND  =         0.0000  RESTRAINT  =         0.0000
 ------------------------------------------------------------------------------

wrapping first mol.:      -59.95674       42.39583       73.43173

 NSTEP =  2120000   TIME(PS) =  489279.998  TEMP(K) =   309.37  PRESS =     0.0
 Etot   =   -113590.6648  EKtot   =     31470.0566  EPtot      =   -145060.7215
 BOND   =       879.9838  ANGLE   =      2118.9985  DIHED      =      1371.7543
 UB     =         0.0000  IMP     =         0.0000  CMAP       =       180.7384
 1-4 NB =       997.4348  1-4 EEL =     15013.0861  VDWAALS    =     17358.8389
 EELEC  =   -182981.5562  EHBOND  =         0.0000  RESTRAINT  =         0.0000
 ------------------------------------------------------------------------------

wrapping first mol.:      -59.95674       42.39583       73.43173

 NSTEP =  2140000   TIME(PS) =  489319.998  TEMP(K) =   308.33  PRESS =     0.0
 Etot   =   -113620.5895  EKtot   =     31364.1934  EPtot      =   -144984.7828
 BOND   =       875.7624  ANGLE   =      2194.8169  DIHED      =      1384.1823
 UB     =         0.0000  IMP     =         0.0000  CMAP       =       171.7745
 1-4 NB =      1002.9924  1-4 EEL =     15026.2986  VDWAALS    =     17015.4266
 EELEC  =   -182656.0366  EHBOND  =         0.0000  RESTRAINT  =         0.0000
 ------------------------------------------------------------------------------

wrapping first mol.:      -59.95674       42.39583       73.43173

 NSTEP =  2160000   TIME(PS) =  489359.998  TEMP(K) =   312.85  PRESS =     0.0
 Etot   =   -113371.4480  EKtot   =     31823.5039  EPtot      =   -145194.9519
 BOND   =       872.8416  ANGLE   =      2108.8358  DIHED      =      1381.5643
 UB     =         0.0000  IMP     =         0.0000  CMAP       =       175.9916
 1-4 NB =       974.7801  1-4 EEL =     15011.3928  VDWAALS    =     17357.7771
 EELEC  =   -183078.1351  EHBOND  =         0.0000  RESTRAINT  =         0.0000
 ------------------------------------------------------------------------------

wrapping first mol.:      -59.95674       42.39583       73.43173

 NSTEP =  2180000   TIME(PS) =  489399.998  TEMP(K) =   311.47  PRESS =     0.0
 Etot   =   -113585.2586  EKtot   =     31683.5547  EPtot      =   -145268.8133
 BOND   =       849.1683  ANGLE   =      2164.9908  DIHED      =      1371.0611
 UB     =         0.0000  IMP     =         0.0000  CMAP       =       197.6475
 1-4 NB =       993.8047  1-4 EEL =     15033.3756  VDWAALS    =     17355.2710
 EELEC  =   -183234.1323  EHBOND  =         0.0000  RESTRAINT  =         0.0000
 ------------------------------------------------------------------------------

wrapping first mol.:      -59.95674       42.39583       73.43173

 NSTEP =  2200000   TIME(PS) =  489439.998  TEMP(K) =   310.00  PRESS =     0.0
 Etot   =   -113917.4558  EKtot   =     31534.1309  EPtot      =   -145451.5867
 BOND   =       897.4433  ANGLE   =      2147.2872  DIHED      =      1324.4983
 UB     =         0.0000  IMP     =         0.0000  CMAP       =       203.1880
 1-4 NB =      1001.0767  1-4 EEL =     15101.2326  VDWAALS    =     17273.3107
 EELEC  =   -183399.6234  EHBOND  =         0.0000  RESTRAINT  =         0.0000
 ------------------------------------------------------------------------------

wrapping first mol.:      -59.95674       42.39583       73.43173

 NSTEP =  2220000   TIME(PS) =  489479.998  TEMP(K) =   311.13  PRESS =     0.0
 Etot   =   -113762.4334  EKtot   =     31649.1973  EPtot      =   -145411.6307
 BOND   =       860.1314  ANGLE   =      2176.7708  DIHED      =      1340.3200
 UB     =         0.0000  IMP     =         0.0000  CMAP       =       208.9203
 1-4 NB =       998.1975  1-4 EEL =     15067.9934  VDWAALS    =     17592.9330
 EELEC  =   -183656.8970  EHBOND  =         0.0000  RESTRAINT  =         0.0000
 ------------------------------------------------------------------------------

wrapping first mol.:      -59.95674       42.39583       73.43173

 NSTEP =  2240000   TIME(PS) =  489519.998  TEMP(K) =   308.98  PRESS =     0.0
 Etot   =   -113753.5143  EKtot   =     31430.4414  EPtot      =   -145183.9557
 BOND   =       895.4206  ANGLE   =      2139.3974  DIHED      =      1354.5146
 UB     =         0.0000  IMP     =         0.0000  CMAP       =       201.6982
 1-4 NB =       971.9747  1-4 EEL =     15134.2765  VDWAALS    =     17477.7148
 EELEC  =   -183358.9525  EHBOND  =         0.0000  RESTRAINT  =         0.0000
 ------------------------------------------------------------------------------

wrapping first mol.:      -59.95674       42.39583       73.43173

 NSTEP =  2260000   TIME(PS) =  489559.998  TEMP(K) =   311.55  PRESS =     0.0
 Etot   =   -113628.4860  EKtot   =     31691.1953  EPtot      =   -145319.6813
 BOND   =       869.2561  ANGLE   =      2183.5445  DIHED      =      1315.5369
 UB     =         0.0000  IMP     =         0.0000  CMAP       =       196.3334
 1-4 NB =       994.2861  1-4 EEL =     14986.2632  VDWAALS    =     17465.3391
 EELEC  =   -183330.2407  EHBOND  =         0.0000  RESTRAINT  =         0.0000
 ------------------------------------------------------------------------------

wrapping first mol.:      -59.95674       42.39583       73.43173

 NSTEP =  2280000   TIME(PS) =  489599.998  TEMP(K) =   309.61  PRESS =     0.0
 Etot   =   -113799.7250  EKtot   =     31494.3359  EPtot      =   -145294.0609
 BOND   =       844.2891  ANGLE   =      2178.8522  DIHED      =      1336.9690
 UB     =         0.0000  IMP     =         0.0000  CMAP       =       184.3305
 1-4 NB =       988.8408  1-4 EEL =     15054.0715  VDWAALS    =     17251.2267
 EELEC  =   -183132.6406  EHBOND  =         0.0000  RESTRAINT  =         0.0000
 ------------------------------------------------------------------------------

wrapping first mol.:      -59.95674       42.39583       73.43173

 NSTEP =  2300000   TIME(PS) =  489639.998  TEMP(K) =   311.14  PRESS =     0.0
 Etot   =   -113331.2994  EKtot   =     31649.5195  EPtot      =   -144980.8189
 BOND   =       840.3522  ANGLE   =      2211.3589  DIHED      =      1361.5068
 UB     =         0.0000  IMP     =         0.0000  CMAP       =       181.9944
 1-4 NB =      1000.5589  1-4 EEL =     15079.7750  VDWAALS    =     17532.9516
 EELEC  =   -183189.3167  EHBOND  =         0.0000  RESTRAINT  =         0.0000
 ------------------------------------------------------------------------------

wrapping first mol.:      -59.95674       42.39583       73.43173

 NSTEP =  2320000   TIME(PS) =  489679.998  TEMP(K) =   310.48  PRESS =     0.0
 Etot   =   -113435.6899  EKtot   =     31583.0625  EPtot      =   -145018.7524
 BOND   =       881.7825  ANGLE   =      2208.0352  DIHED      =      1368.6062
 UB     =         0.0000  IMP     =         0.0000  CMAP       =       206.8278
 1-4 NB =       985.3731  1-4 EEL =     15005.3410  VDWAALS    =     17020.3291
 EELEC  =   -182695.0474  EHBOND  =         0.0000  RESTRAINT  =         0.0000
 ------------------------------------------------------------------------------

wrapping first mol.:      -59.95674       42.39583       73.43173

 NSTEP =  2340000   TIME(PS) =  489719.998  TEMP(K) =   309.10  PRESS =     0.0
 Etot   =   -113574.1780  EKtot   =     31441.8750  EPtot      =   -145016.0530
 BOND   =       838.2913  ANGLE   =      2121.1946  DIHED      =      1349.2738
 UB     =         0.0000  IMP     =         0.0000  CMAP       =       192.2292
 1-4 NB =       983.4567  1-4 EEL =     15042.1745  VDWAALS    =     17187.2310
 EELEC  =   -182729.9042  EHBOND  =         0.0000  RESTRAINT  =         0.0000
 ------------------------------------------------------------------------------

wrapping first mol.:      -59.95674       42.39583       73.43173

 NSTEP =  2360000   TIME(PS) =  489759.998  TEMP(K) =   310.10  PRESS =     0.0
 Etot   =   -113918.8734  EKtot   =     31543.5938  EPtot      =   -145462.4671
 BOND   =       873.7659  ANGLE   =      2111.3838  DIHED      =      1346.2870
 UB     =         0.0000  IMP     =         0.0000  CMAP       =       190.0084
 1-4 NB =       993.0367  1-4 EEL =     15047.5230  VDWAALS    =     17340.5319
 EELEC  =   -183365.0036  EHBOND  =         0.0000  RESTRAINT  =         0.0000
 ------------------------------------------------------------------------------

wrapping first mol.:      -59.95674       42.39583       73.43173

 NSTEP =  2380000   TIME(PS) =  489799.998  TEMP(K) =   310.76  PRESS =     0.0
 Etot   =   -113603.5926  EKtot   =     31610.8633  EPtot      =   -145214.4559
 BOND   =       847.4521  ANGLE   =      2168.4901  DIHED      =      1367.8664
 UB     =         0.0000  IMP     =         0.0000  CMAP       =       205.5030
 1-4 NB =       983.8846  1-4 EEL =     15042.1592  VDWAALS    =     17471.1119
 EELEC  =   -183300.9231  EHBOND  =         0.0000  RESTRAINT  =         0.0000
 ------------------------------------------------------------------------------

wrapping first mol.:      -59.95674       42.39583       73.43173

 NSTEP =  2400000   TIME(PS) =  489839.998  TEMP(K) =   309.30  PRESS =     0.0
 Etot   =   -113607.0391  EKtot   =     31462.2324  EPtot      =   -145069.2715
 BOND   =       874.5703  ANGLE   =      2118.6202  DIHED      =      1318.2383
 UB     =         0.0000  IMP     =         0.0000  CMAP       =       201.6191
 1-4 NB =       977.8693  1-4 EEL =     15064.3057  VDWAALS    =     17292.4832
 EELEC  =   -182916.9776  EHBOND  =         0.0000  RESTRAINT  =         0.0000
 ------------------------------------------------------------------------------

wrapping first mol.:      -59.95674       42.39583       73.43173

 NSTEP =  2420000   TIME(PS) =  489879.998  TEMP(K) =   310.54  PRESS =     0.0
 Etot   =   -113435.4731  EKtot   =     31588.8379  EPtot      =   -145024.3109
 BOND   =       903.6881  ANGLE   =      2190.3042  DIHED      =      1345.9675
 UB     =         0.0000  IMP     =         0.0000  CMAP       =       214.5057
 1-4 NB =       991.8415  1-4 EEL =     14987.7541  VDWAALS    =     17429.6590
 EELEC  =   -183088.0311  EHBOND  =         0.0000  RESTRAINT  =         0.0000
 ------------------------------------------------------------------------------

wrapping first mol.:      -59.95674       42.39583       73.43173

 NSTEP =  2440000   TIME(PS) =  489919.998  TEMP(K) =   310.74  PRESS =     0.0
 Etot   =   -113879.2390  EKtot   =     31608.8535  EPtot      =   -145488.0925
 BOND   =       819.8550  ANGLE   =      2112.2357  DIHED      =      1367.2988
 UB     =         0.0000  IMP     =         0.0000  CMAP       =       203.4178
 1-4 NB =      1010.5827  1-4 EEL =     15073.6461  VDWAALS    =     17331.0321
 EELEC  =   -183406.1608  EHBOND  =         0.0000  RESTRAINT  =         0.0000
 ------------------------------------------------------------------------------

wrapping first mol.:      -59.95674       42.39583       73.43173

 NSTEP =  2460000   TIME(PS) =  489959.998  TEMP(K) =   311.30  PRESS =     0.0
 Etot   =   -113705.3056  EKtot   =     31666.3164  EPtot      =   -145371.6220
 BOND   =       857.5293  ANGLE   =      2177.6745  DIHED      =      1335.4822
 UB     =         0.0000  IMP     =         0.0000  CMAP       =       178.0378
 1-4 NB =       969.7637  1-4 EEL =     15053.5691  VDWAALS    =     17137.9382
 EELEC  =   -183081.6169  EHBOND  =         0.0000  RESTRAINT  =         0.0000
 ------------------------------------------------------------------------------

wrapping first mol.:      -59.95674       42.39583       73.43173

 NSTEP =  2480000   TIME(PS) =  489999.998  TEMP(K) =   309.49  PRESS =     0.0
 Etot   =   -113716.6994  EKtot   =     31482.1445  EPtot      =   -145198.8439
 BOND   =       844.2245  ANGLE   =      2105.1727  DIHED      =      1322.9375
 UB     =         0.0000  IMP     =         0.0000  CMAP       =       200.5679
 1-4 NB =       986.6203  1-4 EEL =     15082.5111  VDWAALS    =     17384.3537
 EELEC  =   -183125.2315  EHBOND  =         0.0000  RESTRAINT  =         0.0000
 ------------------------------------------------------------------------------

wrapping first mol.:      -59.95674       42.39583       73.43173
wrapping first mol.:      -59.95674       42.39583       73.43173

 NSTEP =  2500000   TIME(PS) =  490039.998  TEMP(K) =   309.78  PRESS =     0.0
 Etot   =   -113723.5579  EKtot   =     31511.4570  EPtot      =   -145235.0150
 BOND   =       821.4643  ANGLE   =      2088.5106  DIHED      =      1333.5102
 UB     =         0.0000  IMP     =         0.0000  CMAP       =       190.6172
 1-4 NB =      1002.4807  1-4 EEL =     14985.7325  VDWAALS    =     17148.6494
 EELEC  =   -182805.9799  EHBOND  =         0.0000  RESTRAINT  =         0.0000
 ------------------------------------------------------------------------------


      A V E R A G E S   O V E R     125 S T E P S


 NSTEP =  2500000   TIME(PS) =  490039.998  TEMP(K) =   310.14  PRESS =     0.0
 Etot   =   -113665.2833  EKtot   =     31548.4068  EPtot      =   -145213.6901
 BOND   =       861.7304  ANGLE   =      2150.4624  DIHED      =      1350.1819
 UB     =         0.0000  IMP     =         0.0000  CMAP       =       193.1747
 1-4 NB =       998.1814  1-4 EEL =     15054.9772  VDWAALS    =     17315.8713
 EELEC  =   -183138.2694  EHBOND  =         0.0000  RESTRAINT  =         0.0000
 ------------------------------------------------------------------------------


      R M S  F L U C T U A T I O N S


 NSTEP =  2500000   TIME(PS) =  490039.998  TEMP(K) =     1.36  PRESS =     0.0
 Etot   =       245.0254  EKtot   =       138.1695  EPtot      =       205.2062
 BOND   =        24.0909  ANGLE   =        35.9089  DIHED      =        19.3212
 UB     =         0.0000  IMP     =         0.0000  CMAP       =        11.5942
 1-4 NB =        12.0469  1-4 EEL =        43.2766  VDWAALS    =       191.5436
 EELEC  =       319.8602  EHBOND  =         0.0000  RESTRAINT  =         0.0000
 ------------------------------------------------------------------------------

--------------------------------------------------------------------------------
   5.  TIMINGS
--------------------------------------------------------------------------------

|  NonSetup CPU Time in Major Routines:
|
|     Routine           Sec        %
|     ------------------------------
|     Nonbond         138.48   15.44
|     Bond              0.00    0.00
|     Angle             0.00    0.00
|     Dihedral          0.00    0.00
|     Shake             9.68    1.08
|     RunMD           746.25   83.23
|     Other             2.18    0.24
|     ------------------------------
|     Total           896.58

|  PME Nonbond Pairlist CPU Time:
|
|     Routine              Sec        %
|     ---------------------------------
|     Set Up Cit           0.00    0.00
|     Build List           0.00    0.00
|     ---------------------------------
|     Total                0.00    0.00

|  PME Direct Force CPU Time:
|
|     Routine              Sec        %
|     ---------------------------------
|     NonBonded Calc       0.00    0.00
|     Exclude Masked       0.00    0.00
|     Other                1.38    0.15
|     ---------------------------------
|     Total                1.38    0.15

|  PME Reciprocal Force CPU Time:
|
|     Routine              Sec        %
|     ---------------------------------
|     1D bspline           0.00    0.00
|     Grid Charges         0.00    0.00
|     Scalar Sum           0.00    0.00
|     Gradient Sum         0.00    0.00
|     FFT                  0.00    0.00
|     ---------------------------------
|     Total                0.00    0.00

|  Final Performance Info:
|     -----------------------------------------------------
|     Average timings for last  140000 steps:
|     Elapsed(s) =      50.38 Per Step(ms) =       0.36
|         ns/day =     480.22   seconds/ns =     179.92
|
|     Average timings for all steps:
|     Elapsed(s) =     898.28 Per Step(ms) =       0.36
|         ns/day =     480.92   seconds/ns =     179.66
|     -----------------------------------------------------

|  Setup CPU time:            0.84 seconds
|  NonSetup CPU time:       896.58 seconds
|  Total CPU time:          897.42 seconds     0.25 hours

|  Setup wall time:           1    seconds
|  NonSetup wall time:      899    seconds
|  Total wall time:         900    seconds     0.25 hours
