
          -------------------------------------------------------
          Amber 24 PMEMD                              2024
          -------------------------------------------------------

| PMEMD implementation of SANDER, Release 24

|  Compiled date/time: Thu Apr  3 17:55:38 2025
| Run on 10/31/2025 at 01:08:58

|   Executable path: pmemd.cuda_SPFP
| Working directory: /rs1/researchers/h/hall/vtnguye4/Amber_restart/cappedP1L38M/mdsimP1L38M/newP1L38Mcapped_Simulation2
|          Hostname: gpu34

  [-O]verwriting output

File Assignments:
|   MDIN: /rs1/researchers/h/hall/vtnguye4/Amber_restart/cappedP1L38M/mdsimP1L38
|  MDOUT: ./OUT_Files/equil7.out                                                
| INPCRD: ./RST_Files/equil6.rst7                                               
|   PARM: ./PRMTOP_Files/newP1L38Mcapped.prmtop                                 
| RESTRT: ./RST_Files/equil7.rst7                                               
|   REFC: refc                                                                  
|  MDVEL: mdvel                                                                 
|   MDEN: mden                                                                  
|  MDCRD: ./nc_Files/equil7.nc                                                  
| MDINFO: mdinfo                                                                
|  MDFRC: mdfrc                                                                 


 Here is the input file:

!Stage equilibration 5ns                                                       
&cntrl                                                                         
imin=0, irest=1, ntx=5,                                                        
nstlim=2500000, dt=0.002,                                                      
ntc=2, ntf=2, ig=-1,                                                           
ntt=3, gamma_ln=2.0,                                                           
tempi=310.0, temp0=310.0,                                                      
ntxo=2, ioutfm=1,                                                              
ntpr=20000, ntwx=20000,                                                        
ntb=1,                                                                         
cut=9.0,                                                                       
iwrap=1,                                                                       
/                                                                              


Note: ig = -1. Setting random seed to   488063 based on wallclock time in 
      microseconds.
| irandom = 1, using AMBER's internal random number generator (default).
 
|--------------------- INFORMATION ----------------------
| GPU (CUDA) Version of PMEMD in use: NVIDIA GPU IN USE.
|                    Version 18.0.0
| 
|                      03/25/2018
| 
| Implementation by:
|                    Ross C. Walker     (SDSC)
|                    Scott Le Grand     (nVIDIA)
| 
| Version 18 performance extensions by:
|                    David Cerutti     (Rutgers)
| 
| Precision model in use:
|      [SPFP] - Single Precision Forces, 64-bit Fixed Point
|               Accumulation. (Default)
| 
|--------------------------------------------------------
 
|----------------- CITATION INFORMATION -----------------
|
|    When publishing work that utilized the CUDA version
|    of AMBER, please cite the following in addition to
|    the regular AMBER citations:
|
|  - Romelia Salomon-Ferrer; Andreas W. Goetz; Duncan
|    Poole; Scott Le Grand; Ross C. Walker "Routine
|    microsecond molecular dynamics simulations with
|    AMBER - Part II: Particle Mesh Ewald", J. Chem.
|    Theory Comput., 2013, 9 (9), pp3878-3888,
|    DOI: 10.1021/ct400314y.
|
|  - Andreas W. Goetz; Mark J. Williamson; Dong Xu;
|    Duncan Poole; Scott Le Grand; Ross C. Walker
|    "Routine microsecond molecular dynamics simulations
|    with AMBER - Part I: Generalized Born", J. Chem.
|    Theory Comput., 2012, 8 (5), pp1542-1555.
|
|  - Scott Le Grand; Andreas W. Goetz; Ross C. Walker
|    "SPFP: Speed without compromise - a mixed precision
|    model for GPU accelerated molecular dynamics
|    simulations.", Comp. Phys. Comm., 2013, 184
|    pp374-380, DOI: 10.1016/j.cpc.2012.09.022
|
|--------------------------------------------------------
 
|------------------- GPU DEVICE INFO --------------------
|
|            CUDA_VISIBLE_DEVICES: 0
|   CUDA Capable Devices Detected:      1
|           CUDA Device ID in use:      0
|                CUDA Device Name: NVIDIA L40S
|     CUDA Device Global Mem Size:  45487 MB
| CUDA Device Num Multiprocessors:    142
|           CUDA Device Core Freq:   2.52 GHz
|
|--------------------------------------------------------
 
 
| Conditional Compilation Defines Used:
| PUBFFT
| BINTRAJ
| CUDA
| EMIL

| Largest sphere to fit in unit cell has radius =    36.716

| New format PARM file being parsed.
| Version =    1.000 Date = 10/30/25 Time = 23:32:29

| Note: 1-4 EEL scale factors are being read from the topology file.

| Note: 1-4 VDW scale factors are being read from the topology file.
| Duplicated    0 dihedrals

| Duplicated    0 dihedrals

--------------------------------------------------------------------------------
   1.  RESOURCE   USE: 
--------------------------------------------------------------------------------

 getting box info from netcdf restart file
 NATOM  =   50023 NTYPES =      12 NBONH =   47691 MBONA  =    2332
 NTHETH =    5236 MTHETA =    3080 NPHIH =   10252 MPHIA  =    9504
 NHPARM =       0 NPARM  =       0 NNB   =   84972 NRES   =   15501
 NBONA  =    2332 NTHETA =    3080 NPHIA =    9504 NUMBND =      29
 NUMANG =      57 NPTRA  =      64 NATYP =      17 NPHB   =       0
 IFBOX  =       2 NMXRS  =      21 IFCAP =       0 NEXTRA =       0
 NCOPY  =       0

| Coordinate Index Table dimensions:    15   15   15
| Direct force subcell size =     5.9957    5.9957    5.9957

     BOX TYPE: TRUNCATED OCTAHEDRON

--------------------------------------------------------------------------------
   2.  CONTROL  DATA  FOR  THE  RUN
--------------------------------------------------------------------------------

default_name                                                                    

General flags:
     imin    =       0, nmropt  =       0

Nature and format of input:
     ntx     =       5, irest   =       1, ntrx    =       1

Nature and format of output:
     ntxo    =       2, ntpr    =   20000, ntrx    =       1, ntwr    = 2500000
     iwrap   =       1, ntwx    =   20000, ntwv    =       0, ntwe    =       0
     ioutfm  =       1, ntwprt  =       0, idecomp =       0, rbornstat=      0

Potential function:
     ntf     =       2, ntb     =       1, igb     =       0, nsnb    =      25
     ipol    =       0, gbsa    =       0, iesp    =       0
     dielc   =   1.00000, cut     =   9.00000, intdiel =   1.00000

Frozen or restrained atoms:
     ibelly  =       0, ntr     =       0

Molecular dynamics:
     nstlim  =   2500000, nscm    =      1000, nrespa  =         1
     t       =   0.00000, dt      =   0.00200, vlimit  =  -1.00000

Langevin dynamics temperature regulation:
     ig      =  488063
     temp0   = 310.00000, tempi   = 310.00000, gamma_ln=   2.00000

SHAKE:
     ntc     =       2, jfastw  =       0
     tol     =   0.00001

| Intermolecular bonds treatment:
|     no_intermolecular_bonds =       1

| Energy averages sample interval:
|     ene_avg_sampling =   20000

Ewald parameters:
     verbose =       0, ew_type =       0, nbflag  =       1, use_pme =       1
     vdwmeth =       1, eedmeth =       1, netfrc  =       1
     Box X =   89.935   Box Y =   89.935   Box Z =   89.935
     Alpha =  109.471   Beta  =  109.471   Gamma =  109.471
     NFFT1 =   96       NFFT2 =   96       NFFT3 =   96
     Cutoff=    9.000   Tol   =0.100E-04
     Ewald Coefficient =  0.30768
     Interpolation order =    4

--------------------------------------------------------------------------------
   3.  ATOMIC COORDINATES AND VELOCITIES
--------------------------------------------------------------------------------

default_name                                                                    
 begin time read from input coords = 30040.000 ps

 
 Number of triangulated 3-point waters found:    15105

     Sum of charges from parm topology file =  -0.00000043
     Forcing neutrality...

| Dynamic Memory, Types Used:
| Reals             1595957
| Integers          2018996

| Nonbonded Pairs Initial Allocation:    11405244

| GPU memory information (estimate):
| KB of GPU memory in use:    394016
| KB of CPU memory in use:    114218

--------------------------------------------------------------------------------
   4.  RESULTS
--------------------------------------------------------------------------------

wrapping first mol.:       59.95675      -42.39582       73.43173

 NSTEP =    20000   TIME(PS) =   30080.000  TEMP(K) =   308.38  PRESS =     0.0
 Etot   =   -113813.2642  EKtot   =     31369.3672  EPtot      =   -145182.6314
 BOND   =       867.6699  ANGLE   =      2135.8153  DIHED      =      1379.2525
 UB     =         0.0000  IMP     =         0.0000  CMAP       =       209.9124
 1-4 NB =      1010.6926  1-4 EEL =     15169.8367  VDWAALS    =     17051.5993
 EELEC  =   -183007.4101  EHBOND  =         0.0000  RESTRAINT  =         0.0000
 ------------------------------------------------------------------------------

wrapping first mol.:       59.95675      -42.39582       73.43173

 NSTEP =    40000   TIME(PS) =   30120.000  TEMP(K) =   310.12  PRESS =     0.0
 Etot   =   -113638.2339  EKtot   =     31545.7676  EPtot      =   -145184.0014
 BOND   =       890.0908  ANGLE   =      2186.1220  DIHED      =      1356.2161
 UB     =         0.0000  IMP     =         0.0000  CMAP       =       203.2993
 1-4 NB =      1007.7027  1-4 EEL =     15021.7524  VDWAALS    =     17455.2624
 EELEC  =   -183304.4471  EHBOND  =         0.0000  RESTRAINT  =         0.0000
 ------------------------------------------------------------------------------

wrapping first mol.:       59.95675      -42.39582       73.43173

 NSTEP =    60000   TIME(PS) =   30160.000  TEMP(K) =   310.59  PRESS =     0.0
 Etot   =   -113535.7361  EKtot   =     31593.5762  EPtot      =   -145129.3122
 BOND   =       844.7200  ANGLE   =      2150.7094  DIHED      =      1370.0257
 UB     =         0.0000  IMP     =         0.0000  CMAP       =       201.5280
 1-4 NB =      1037.1289  1-4 EEL =     15129.9931  VDWAALS    =     17173.5731
 EELEC  =   -183036.9905  EHBOND  =         0.0000  RESTRAINT  =         0.0000
 ------------------------------------------------------------------------------

wrapping first mol.:       59.95675      -42.39582       73.43173

 NSTEP =    80000   TIME(PS) =   30200.000  TEMP(K) =   311.12  PRESS =     0.0
 Etot   =   -113434.0767  EKtot   =     31647.9883  EPtot      =   -145082.0650
 BOND   =       841.5894  ANGLE   =      2212.3472  DIHED      =      1408.2286
 UB     =         0.0000  IMP     =         0.0000  CMAP       =       186.3998
 1-4 NB =       999.0073  1-4 EEL =     15084.4806  VDWAALS    =     17250.4908
 EELEC  =   -183064.6088  EHBOND  =         0.0000  RESTRAINT  =         0.0000
 ------------------------------------------------------------------------------

wrapping first mol.:       59.95675      -42.39582       73.43173

 NSTEP =   100000   TIME(PS) =   30240.000  TEMP(K) =   309.55  PRESS =     0.0
 Etot   =   -113771.7696  EKtot   =     31488.3457  EPtot      =   -145260.1153
 BOND   =       839.1565  ANGLE   =      2110.6021  DIHED      =      1375.4171
 UB     =         0.0000  IMP     =         0.0000  CMAP       =       182.2572
 1-4 NB =      1009.2328  1-4 EEL =     15055.8737  VDWAALS    =     17315.6665
 EELEC  =   -183148.3213  EHBOND  =         0.0000  RESTRAINT  =         0.0000
 ------------------------------------------------------------------------------

wrapping first mol.:       59.95675      -42.39582       73.43173

 NSTEP =   120000   TIME(PS) =   30280.000  TEMP(K) =   308.07  PRESS =     0.0
 Etot   =   -114533.3027  EKtot   =     31337.8809  EPtot      =   -145871.1836
 BOND   =       871.4764  ANGLE   =      2123.8109  DIHED      =      1380.0822
 UB     =         0.0000  IMP     =         0.0000  CMAP       =       192.0936
 1-4 NB =       990.7370  1-4 EEL =     14981.3113  VDWAALS    =     17621.4675
 EELEC  =   -184032.1624  EHBOND  =         0.0000  RESTRAINT  =         0.0000
 ------------------------------------------------------------------------------

wrapping first mol.:       59.95675      -42.39582       73.43173

 NSTEP =   140000   TIME(PS) =   30320.000  TEMP(K) =   311.46  PRESS =     0.0
 Etot   =   -113217.9541  EKtot   =     31682.7344  EPtot      =   -144900.6885
 BOND   =       820.0723  ANGLE   =      2125.9304  DIHED      =      1364.7815
 UB     =         0.0000  IMP     =         0.0000  CMAP       =       211.8825
 1-4 NB =       987.0453  1-4 EEL =     15058.6489  VDWAALS    =     17216.9355
 EELEC  =   -182685.9849  EHBOND  =         0.0000  RESTRAINT  =         0.0000
 ------------------------------------------------------------------------------

wrapping first mol.:       59.95675      -42.39582       73.43173

 NSTEP =   160000   TIME(PS) =   30360.000  TEMP(K) =   312.41  PRESS =     0.0
 Etot   =   -113014.2589  EKtot   =     31779.5078  EPtot      =   -144793.7667
 BOND   =       900.4593  ANGLE   =      2167.1680  DIHED      =      1371.1402
 UB     =         0.0000  IMP     =         0.0000  CMAP       =       198.8496
 1-4 NB =      1004.2607  1-4 EEL =     15074.6144  VDWAALS    =     17220.2780
 EELEC  =   -182730.5368  EHBOND  =         0.0000  RESTRAINT  =         0.0000
 ------------------------------------------------------------------------------

wrapping first mol.:       59.95675      -42.39582       73.43173

 NSTEP =   180000   TIME(PS) =   30400.000  TEMP(K) =   311.92  PRESS =     0.0
 Etot   =   -113360.3490  EKtot   =     31729.4512  EPtot      =   -145089.8002
 BOND   =       852.1848  ANGLE   =      2145.5634  DIHED      =      1378.8712
 UB     =         0.0000  IMP     =         0.0000  CMAP       =       183.0382
 1-4 NB =       997.8559  1-4 EEL =     15050.2706  VDWAALS    =     17316.9941
 EELEC  =   -183014.5784  EHBOND  =         0.0000  RESTRAINT  =         0.0000
 ------------------------------------------------------------------------------

wrapping first mol.:       59.95675      -42.39582       73.43173

 NSTEP =   200000   TIME(PS) =   30440.000  TEMP(K) =   308.02  PRESS =     0.0
 Etot   =   -113840.7470  EKtot   =     31332.4473  EPtot      =   -145173.1943
 BOND   =       906.0526  ANGLE   =      2098.9682  DIHED      =      1341.0666
 UB     =         0.0000  IMP     =         0.0000  CMAP       =       203.8593
 1-4 NB =       980.3601  1-4 EEL =     15023.9533  VDWAALS    =     17385.6514
 EELEC  =   -183113.1057  EHBOND  =         0.0000  RESTRAINT  =         0.0000
 ------------------------------------------------------------------------------

wrapping first mol.:       59.95675      -42.39582       73.43173

 NSTEP =   220000   TIME(PS) =   30480.000  TEMP(K) =   309.77  PRESS =     0.0
 Etot   =   -113687.8337  EKtot   =     31510.0918  EPtot      =   -145197.9255
 BOND   =       844.6885  ANGLE   =      2148.7603  DIHED      =      1362.2368
 UB     =         0.0000  IMP     =         0.0000  CMAP       =       179.1586
 1-4 NB =       995.0665  1-4 EEL =     15146.1752  VDWAALS    =     17125.5082
 EELEC  =   -182999.5196  EHBOND  =         0.0000  RESTRAINT  =         0.0000
 ------------------------------------------------------------------------------

wrapping first mol.:       59.95675      -42.39582       73.43173

 NSTEP =   240000   TIME(PS) =   30520.000  TEMP(K) =   309.30  PRESS =     0.0
 Etot   =   -113377.3106  EKtot   =     31462.7227  EPtot      =   -144840.0333
 BOND   =       871.7405  ANGLE   =      2117.0160  DIHED      =      1331.5376
 UB     =         0.0000  IMP     =         0.0000  CMAP       =       203.1098
 1-4 NB =      1003.1479  1-4 EEL =     15112.3752  VDWAALS    =     17576.3233
 EELEC  =   -183055.2835  EHBOND  =         0.0000  RESTRAINT  =         0.0000
 ------------------------------------------------------------------------------

wrapping first mol.:       59.95675      -42.39582       73.43173

 NSTEP =   260000   TIME(PS) =   30560.000  TEMP(K) =   309.91  PRESS =     0.0
 Etot   =   -113393.0497  EKtot   =     31525.2754  EPtot      =   -144918.3251
 BOND   =       871.9445  ANGLE   =      2134.6860  DIHED      =      1354.1640
 UB     =         0.0000  IMP     =         0.0000  CMAP       =       193.0170
 1-4 NB =      1015.2386  1-4 EEL =     15019.4126  VDWAALS    =     17209.4784
 EELEC  =   -182716.2663  EHBOND  =         0.0000  RESTRAINT  =         0.0000
 ------------------------------------------------------------------------------

wrapping first mol.:       59.95675      -42.39582       73.43173

 NSTEP =   280000   TIME(PS) =   30600.000  TEMP(K) =   310.47  PRESS =     0.0
 Etot   =   -113695.4016  EKtot   =     31582.0332  EPtot      =   -145277.4348
 BOND   =       845.3297  ANGLE   =      2144.0719  DIHED      =      1380.5894
 UB     =         0.0000  IMP     =         0.0000  CMAP       =       190.2446
 1-4 NB =       994.6754  1-4 EEL =     15069.4156  VDWAALS    =     17494.9937
 EELEC  =   -183396.7551  EHBOND  =         0.0000  RESTRAINT  =         0.0000
 ------------------------------------------------------------------------------

wrapping first mol.:       59.95675      -42.39582       73.43173

 NSTEP =   300000   TIME(PS) =   30640.000  TEMP(K) =   308.53  PRESS =     0.0
 Etot   =   -114088.1935  EKtot   =     31383.9004  EPtot      =   -145472.0939
 BOND   =       847.6128  ANGLE   =      2163.3853  DIHED      =      1393.8498
 UB     =         0.0000  IMP     =         0.0000  CMAP       =       190.9414
 1-4 NB =       992.5942  1-4 EEL =     15116.1940  VDWAALS    =     17414.4588
 EELEC  =   -183591.1304  EHBOND  =         0.0000  RESTRAINT  =         0.0000
 ------------------------------------------------------------------------------

wrapping first mol.:       59.95675      -42.39582       73.43173

 NSTEP =   320000   TIME(PS) =   30680.000  TEMP(K) =   308.61  PRESS =     0.0
 Etot   =   -113889.9096  EKtot   =     31392.7988  EPtot      =   -145282.7084
 BOND   =       849.4802  ANGLE   =      2057.4034  DIHED      =      1370.8069
 UB     =         0.0000  IMP     =         0.0000  CMAP       =       188.9261
 1-4 NB =       999.0677  1-4 EEL =     15054.5318  VDWAALS    =     17380.0649
 EELEC  =   -183182.9895  EHBOND  =         0.0000  RESTRAINT  =         0.0000
 ------------------------------------------------------------------------------

wrapping first mol.:       59.95675      -42.39582       73.43173

 NSTEP =   340000   TIME(PS) =   30720.000  TEMP(K) =   309.82  PRESS =     0.0
 Etot   =   -113741.1063  EKtot   =     31515.6621  EPtot      =   -145256.7684
 BOND   =       863.3079  ANGLE   =      2114.6513  DIHED      =      1343.4111
 UB     =         0.0000  IMP     =         0.0000  CMAP       =       194.5484
 1-4 NB =       998.0306  1-4 EEL =     15052.6001  VDWAALS    =     17283.4458
 EELEC  =   -183106.7635  EHBOND  =         0.0000  RESTRAINT  =         0.0000
 ------------------------------------------------------------------------------

wrapping first mol.:       59.95675      -42.39582       73.43173

 NSTEP =   360000   TIME(PS) =   30760.000  TEMP(K) =   310.02  PRESS =     0.0
 Etot   =   -113643.1815  EKtot   =     31535.8984  EPtot      =   -145179.0799
 BOND   =       842.3057  ANGLE   =      2129.7025  DIHED      =      1365.7548
 UB     =         0.0000  IMP     =         0.0000  CMAP       =       206.4789
 1-4 NB =      1003.3900  1-4 EEL =     15194.8783  VDWAALS    =     17408.7603
 EELEC  =   -183330.3504  EHBOND  =         0.0000  RESTRAINT  =         0.0000
 ------------------------------------------------------------------------------

wrapping first mol.:       59.95675      -42.39582       73.43173

 NSTEP =   380000   TIME(PS) =   30800.000  TEMP(K) =   313.62  PRESS =     0.0
 Etot   =   -113107.0579  EKtot   =     31901.7637  EPtot      =   -145008.8216
 BOND   =       827.1053  ANGLE   =      2228.0542  DIHED      =      1384.5479
 UB     =         0.0000  IMP     =         0.0000  CMAP       =       184.6128
 1-4 NB =      1027.7044  1-4 EEL =     15104.1319  VDWAALS    =     17073.9422
 EELEC  =   -182838.9202  EHBOND  =         0.0000  RESTRAINT  =         0.0000
 ------------------------------------------------------------------------------

wrapping first mol.:       59.95675      -42.39582       73.43173

 NSTEP =   400000   TIME(PS) =   30840.000  TEMP(K) =   311.25  PRESS =     0.0
 Etot   =   -113795.6550  EKtot   =     31661.2480  EPtot      =   -145456.9031
 BOND   =       847.9934  ANGLE   =      2166.1580  DIHED      =      1360.2407
 UB     =         0.0000  IMP     =         0.0000  CMAP       =       195.8192
 1-4 NB =      1012.1633  1-4 EEL =     15101.7474  VDWAALS    =     17761.1690
 EELEC  =   -183902.1941  EHBOND  =         0.0000  RESTRAINT  =         0.0000
 ------------------------------------------------------------------------------

wrapping first mol.:       59.95675      -42.39582       73.43173

 NSTEP =   420000   TIME(PS) =   30880.000  TEMP(K) =   309.96  PRESS =     0.0
 Etot   =   -113669.7629  EKtot   =     31530.3301  EPtot      =   -145200.0930
 BOND   =       791.9073  ANGLE   =      2130.9866  DIHED      =      1326.4151
 UB     =         0.0000  IMP     =         0.0000  CMAP       =       195.2107
 1-4 NB =      1010.9792  1-4 EEL =     15093.5892  VDWAALS    =     17504.0901
 EELEC  =   -183253.2712  EHBOND  =         0.0000  RESTRAINT  =         0.0000
 ------------------------------------------------------------------------------

wrapping first mol.:       59.95675      -42.39582       73.43173

 NSTEP =   440000   TIME(PS) =   30920.000  TEMP(K) =   308.60  PRESS =     0.0
 Etot   =   -113809.1468  EKtot   =     31391.5801  EPtot      =   -145200.7268
 BOND   =       856.5916  ANGLE   =      2152.3747  DIHED      =      1373.4483
 UB     =         0.0000  IMP     =         0.0000  CMAP       =       201.8504
 1-4 NB =      1004.0810  1-4 EEL =     15150.7546  VDWAALS    =     17623.1649
 EELEC  =   -183562.9924  EHBOND  =         0.0000  RESTRAINT  =         0.0000
 ------------------------------------------------------------------------------

wrapping first mol.:       59.95675      -42.39582       73.43173

 NSTEP =   460000   TIME(PS) =   30960.000  TEMP(K) =   308.78  PRESS =     0.0
 Etot   =   -113827.3991  EKtot   =     31409.8633  EPtot      =   -145237.2623
 BOND   =       880.8257  ANGLE   =      2212.6054  DIHED      =      1375.5712
 UB     =         0.0000  IMP     =         0.0000  CMAP       =       198.9803
 1-4 NB =      1015.8859  1-4 EEL =     15181.5395  VDWAALS    =     17044.1093
 EELEC  =   -183146.7795  EHBOND  =         0.0000  RESTRAINT  =         0.0000
 ------------------------------------------------------------------------------

wrapping first mol.:       59.95675      -42.39582       73.43173

 NSTEP =   480000   TIME(PS) =   31000.000  TEMP(K) =   308.52  PRESS =     0.0
 Etot   =   -114029.0445  EKtot   =     31383.6133  EPtot      =   -145412.6577
 BOND   =       853.6203  ANGLE   =      2104.4338  DIHED      =      1369.9150
 UB     =         0.0000  IMP     =         0.0000  CMAP       =       207.2438
 1-4 NB =       978.4360  1-4 EEL =     15211.8444  VDWAALS    =     17622.9342
 EELEC  =   -183761.0853  EHBOND  =         0.0000  RESTRAINT  =         0.0000
 ------------------------------------------------------------------------------

wrapping first mol.:       59.95675      -42.39582       73.43173

 NSTEP =   500000   TIME(PS) =   31040.000  TEMP(K) =   308.58  PRESS =     0.0
 Etot   =   -113675.5872  EKtot   =     31389.2207  EPtot      =   -145064.8079
 BOND   =       840.8706  ANGLE   =      2185.5193  DIHED      =      1374.4216
 UB     =         0.0000  IMP     =         0.0000  CMAP       =       191.0845
 1-4 NB =       995.1154  1-4 EEL =     15125.3230  VDWAALS    =     17291.4423
 EELEC  =   -183068.5846  EHBOND  =         0.0000  RESTRAINT  =         0.0000
 ------------------------------------------------------------------------------

wrapping first mol.:       59.95675      -42.39582       73.43173

 NSTEP =   520000   TIME(PS) =   31080.000  TEMP(K) =   311.66  PRESS =     0.0
 Etot   =   -113592.5706  EKtot   =     31702.6543  EPtot      =   -145295.2249
 BOND   =       858.7321  ANGLE   =      2119.7429  DIHED      =      1379.7235
 UB     =         0.0000  IMP     =         0.0000  CMAP       =       189.8150
 1-4 NB =       999.2017  1-4 EEL =     15179.2857  VDWAALS    =     17120.7504
 EELEC  =   -183142.4762  EHBOND  =         0.0000  RESTRAINT  =         0.0000
 ------------------------------------------------------------------------------

wrapping first mol.:       59.95675      -42.39582       73.43173

 NSTEP =   540000   TIME(PS) =   31120.000  TEMP(K) =   307.47  PRESS =     0.0
 Etot   =   -113924.5536  EKtot   =     31276.3574  EPtot      =   -145200.9110
 BOND   =       847.9652  ANGLE   =      2192.1058  DIHED      =      1346.8478
 UB     =         0.0000  IMP     =         0.0000  CMAP       =       181.4599
 1-4 NB =       999.6954  1-4 EEL =     15119.4191  VDWAALS    =     17332.2776
 EELEC  =   -183220.6818  EHBOND  =         0.0000  RESTRAINT  =         0.0000
 ------------------------------------------------------------------------------

wrapping first mol.:       59.95675      -42.39582       73.43173

 NSTEP =   560000   TIME(PS) =   31160.000  TEMP(K) =   309.19  PRESS =     0.0
 Etot   =   -113749.2152  EKtot   =     31451.2461  EPtot      =   -145200.4613
 BOND   =       869.1655  ANGLE   =      2124.6534  DIHED      =      1394.7832
 UB     =         0.0000  IMP     =         0.0000  CMAP       =       209.2700
 1-4 NB =      1014.7416  1-4 EEL =     15147.6645  VDWAALS    =     17113.2442
 EELEC  =   -183073.9837  EHBOND  =         0.0000  RESTRAINT  =         0.0000
 ------------------------------------------------------------------------------

wrapping first mol.:       59.95675      -42.39582       73.43173

 NSTEP =   580000   TIME(PS) =   31200.000  TEMP(K) =   311.08  PRESS =     0.0
 Etot   =   -113389.7838  EKtot   =     31643.3125  EPtot      =   -145033.0963
 BOND   =       815.0366  ANGLE   =      2165.8765  DIHED      =      1366.1128
 UB     =         0.0000  IMP     =         0.0000  CMAP       =       205.2189
 1-4 NB =      1003.5293  1-4 EEL =     15109.2958  VDWAALS    =     17110.9416
 EELEC  =   -182809.1078  EHBOND  =         0.0000  RESTRAINT  =         0.0000
 ------------------------------------------------------------------------------

wrapping first mol.:       59.95675      -42.39582       73.43173

 NSTEP =   600000   TIME(PS) =   31240.000  TEMP(K) =   308.89  PRESS =     0.0
 Etot   =   -113726.7447  EKtot   =     31421.4219  EPtot      =   -145148.1666
 BOND   =       831.2300  ANGLE   =      2208.3148  DIHED      =      1331.3667
 UB     =         0.0000  IMP     =         0.0000  CMAP       =       175.2434
 1-4 NB =      1016.9762  1-4 EEL =     15089.4466  VDWAALS    =     17274.3273
 EELEC  =   -183075.0717  EHBOND  =         0.0000  RESTRAINT  =         0.0000
 ------------------------------------------------------------------------------

wrapping first mol.:       59.95675      -42.39582       73.43173

 NSTEP =   620000   TIME(PS) =   31280.000  TEMP(K) =   311.04  PRESS =     0.0
 Etot   =   -113706.4561  EKtot   =     31639.3477  EPtot      =   -145345.8038
 BOND   =       846.7592  ANGLE   =      2191.9586  DIHED      =      1369.4629
 UB     =         0.0000  IMP     =         0.0000  CMAP       =       195.3159
 1-4 NB =      1004.6880  1-4 EEL =     15120.8391  VDWAALS    =     17433.3760
 EELEC  =   -183508.2034  EHBOND  =         0.0000  RESTRAINT  =         0.0000
 ------------------------------------------------------------------------------

wrapping first mol.:       59.95675      -42.39582       73.43173

 NSTEP =   640000   TIME(PS) =   31320.000  TEMP(K) =   312.19  PRESS =     0.0
 Etot   =   -113432.3393  EKtot   =     31756.9219  EPtot      =   -145189.2611
 BOND   =       881.7735  ANGLE   =      2123.7304  DIHED      =      1368.1938
 UB     =         0.0000  IMP     =         0.0000  CMAP       =       189.5638
 1-4 NB =      1018.3908  1-4 EEL =     15115.2241  VDWAALS    =     17218.5095
 EELEC  =   -183104.6471  EHBOND  =         0.0000  RESTRAINT  =         0.0000
 ------------------------------------------------------------------------------

wrapping first mol.:       59.95675      -42.39582       73.43173

 NSTEP =   660000   TIME(PS) =   31360.000  TEMP(K) =   308.36  PRESS =     0.0
 Etot   =   -113641.1169  EKtot   =     31366.6055  EPtot      =   -145007.7224
 BOND   =       875.1607  ANGLE   =      2189.0766  DIHED      =      1353.3482
 UB     =         0.0000  IMP     =         0.0000  CMAP       =       201.9646
 1-4 NB =       983.5545  1-4 EEL =     15124.7256  VDWAALS    =     17525.4443
 EELEC  =   -183260.9969  EHBOND  =         0.0000  RESTRAINT  =         0.0000
 ------------------------------------------------------------------------------

wrapping first mol.:       59.95675      -42.39582       73.43173

 NSTEP =   680000   TIME(PS) =   31400.000  TEMP(K) =   311.30  PRESS =     0.0
 Etot   =   -113311.4689  EKtot   =     31665.8320  EPtot      =   -144977.3009
 BOND   =       837.9036  ANGLE   =      2112.1416  DIHED      =      1345.6493
 UB     =         0.0000  IMP     =         0.0000  CMAP       =       207.9721
 1-4 NB =      1004.6040  1-4 EEL =     15165.1443  VDWAALS    =     17316.8662
 EELEC  =   -182967.5819  EHBOND  =         0.0000  RESTRAINT  =         0.0000
 ------------------------------------------------------------------------------

wrapping first mol.:       59.95675      -42.39582       73.43173

 NSTEP =   700000   TIME(PS) =   31440.000  TEMP(K) =   308.84  PRESS =     0.0
 Etot   =   -113842.9409  EKtot   =     31415.8516  EPtot      =   -145258.7925
 BOND   =       855.7068  ANGLE   =      2132.9362  DIHED      =      1364.1672
 UB     =         0.0000  IMP     =         0.0000  CMAP       =       185.8276
 1-4 NB =       997.5707  1-4 EEL =     15102.4115  VDWAALS    =     17388.5280
 EELEC  =   -183285.9406  EHBOND  =         0.0000  RESTRAINT  =         0.0000
 ------------------------------------------------------------------------------

wrapping first mol.:       59.95675      -42.39582       73.43173

 NSTEP =   720000   TIME(PS) =   31480.000  TEMP(K) =   309.52  PRESS =     0.0
 Etot   =   -113676.4132  EKtot   =     31485.4688  EPtot      =   -145161.8820
 BOND   =       854.3644  ANGLE   =      2199.6928  DIHED      =      1345.2790
 UB     =         0.0000  IMP     =         0.0000  CMAP       =       199.3961
 1-4 NB =      1000.2368  1-4 EEL =     15080.3273  VDWAALS    =     17140.8886
 EELEC  =   -182982.0671  EHBOND  =         0.0000  RESTRAINT  =         0.0000
 ------------------------------------------------------------------------------

wrapping first mol.:       59.95675      -42.39582       73.43173

 NSTEP =   740000   TIME(PS) =   31520.000  TEMP(K) =   308.57  PRESS =     0.0
 Etot   =   -113417.7558  EKtot   =     31388.5898  EPtot      =   -144806.3456
 BOND   =       873.3310  ANGLE   =      2191.6314  DIHED      =      1361.9669
 UB     =         0.0000  IMP     =         0.0000  CMAP       =       177.8073
 1-4 NB =      1018.7090  1-4 EEL =     15106.4359  VDWAALS    =     17072.1354
 EELEC  =   -182608.3624  EHBOND  =         0.0000  RESTRAINT  =         0.0000
 ------------------------------------------------------------------------------

wrapping first mol.:       59.95675      -42.39582       73.43173

 NSTEP =   760000   TIME(PS) =   31560.000  TEMP(K) =   309.43  PRESS =     0.0
 Etot   =   -113830.8630  EKtot   =     31475.9219  EPtot      =   -145306.7849
 BOND   =       822.7454  ANGLE   =      2092.7313  DIHED      =      1395.5461
 UB     =         0.0000  IMP     =         0.0000  CMAP       =       184.7684
 1-4 NB =      1009.4306  1-4 EEL =     15165.1946  VDWAALS    =     16942.5018
 EELEC  =   -182919.7031  EHBOND  =         0.0000  RESTRAINT  =         0.0000
 ------------------------------------------------------------------------------

wrapping first mol.:       59.95675      -42.39582       73.43173

 NSTEP =   780000   TIME(PS) =   31600.000  TEMP(K) =   309.35  PRESS =     0.0
 Etot   =   -113739.6693  EKtot   =     31467.8477  EPtot      =   -145207.5170
 BOND   =       849.4334  ANGLE   =      2204.1232  DIHED      =      1359.8275
 UB     =         0.0000  IMP     =         0.0000  CMAP       =       175.4801
 1-4 NB =      1002.0693  1-4 EEL =     15099.9606  VDWAALS    =     17172.8285
 EELEC  =   -183071.2395  EHBOND  =         0.0000  RESTRAINT  =         0.0000
 ------------------------------------------------------------------------------

wrapping first mol.:       59.95675      -42.39582       73.43173

 NSTEP =   800000   TIME(PS) =   31640.000  TEMP(K) =   309.65  PRESS =     0.0
 Etot   =   -113479.8774  EKtot   =     31498.2012  EPtot      =   -144978.0786
 BOND   =       888.8546  ANGLE   =      2145.6965  DIHED      =      1346.1636
 UB     =         0.0000  IMP     =         0.0000  CMAP       =       196.1164
 1-4 NB =       993.9974  1-4 EEL =     15037.1293  VDWAALS    =     17243.9542
 EELEC  =   -182829.9906  EHBOND  =         0.0000  RESTRAINT  =         0.0000
 ------------------------------------------------------------------------------

wrapping first mol.:       59.95675      -42.39582       73.43173

 NSTEP =   820000   TIME(PS) =   31680.000  TEMP(K) =   311.03  PRESS =     0.0
 Etot   =   -113289.6534  EKtot   =     31638.5488  EPtot      =   -144928.2023
 BOND   =       848.3883  ANGLE   =      2113.4689  DIHED      =      1370.4481
 UB     =         0.0000  IMP     =         0.0000  CMAP       =       196.7253
 1-4 NB =      1028.4243  1-4 EEL =     15044.7496  VDWAALS    =     17213.1982
 EELEC  =   -182743.6050  EHBOND  =         0.0000  RESTRAINT  =         0.0000
 ------------------------------------------------------------------------------

wrapping first mol.:       59.95675      -42.39582       73.43173

 NSTEP =   840000   TIME(PS) =   31720.000  TEMP(K) =   310.45  PRESS =     0.0
 Etot   =   -113458.6423  EKtot   =     31580.1680  EPtot      =   -145038.8103
 BOND   =       875.6794  ANGLE   =      2142.8247  DIHED      =      1373.4768
 UB     =         0.0000  IMP     =         0.0000  CMAP       =       180.6766
 1-4 NB =      1003.0059  1-4 EEL =     15103.9384  VDWAALS    =     17368.9775
 EELEC  =   -183087.3894  EHBOND  =         0.0000  RESTRAINT  =         0.0000
 ------------------------------------------------------------------------------

wrapping first mol.:       59.95675      -42.39582       73.43173

 NSTEP =   860000   TIME(PS) =   31760.000  TEMP(K) =   310.75  PRESS =     0.0
 Etot   =   -113699.5463  EKtot   =     31610.2480  EPtot      =   -145309.7944
 BOND   =       855.1837  ANGLE   =      2163.9765  DIHED      =      1375.6986
 UB     =         0.0000  IMP     =         0.0000  CMAP       =       184.1846
 1-4 NB =      1019.3821  1-4 EEL =     15081.0341  VDWAALS    =     16976.6276
 EELEC  =   -182965.8817  EHBOND  =         0.0000  RESTRAINT  =         0.0000
 ------------------------------------------------------------------------------

wrapping first mol.:       59.95675      -42.39582       73.43173

 NSTEP =   880000   TIME(PS) =   31800.000  TEMP(K) =   309.49  PRESS =     0.0
 Etot   =   -113846.2733  EKtot   =     31482.1445  EPtot      =   -145328.4179
 BOND   =       813.4681  ANGLE   =      2224.8428  DIHED      =      1350.3409
 UB     =         0.0000  IMP     =         0.0000  CMAP       =       192.3500
 1-4 NB =      1011.6511  1-4 EEL =     15058.5917  VDWAALS    =     17433.4681
 EELEC  =   -183413.1305  EHBOND  =         0.0000  RESTRAINT  =         0.0000
 ------------------------------------------------------------------------------

wrapping first mol.:      -29.97837      -42.39582       73.43173

 NSTEP =   900000   TIME(PS) =   31840.000  TEMP(K) =   308.79  PRESS =     0.0
 Etot   =   -113467.3184  EKtot   =     31410.4043  EPtot      =   -144877.7227
 BOND   =       884.4673  ANGLE   =      2160.3639  DIHED      =      1375.4286
 UB     =         0.0000  IMP     =         0.0000  CMAP       =       187.1801
 1-4 NB =      1009.2527  1-4 EEL =     15072.9163  VDWAALS    =     17269.0324
 EELEC  =   -182836.3640  EHBOND  =         0.0000  RESTRAINT  =         0.0000
 ------------------------------------------------------------------------------

wrapping first mol.:       59.95675      -42.39582       73.43173

 NSTEP =   920000   TIME(PS) =   31880.000  TEMP(K) =   309.08  PRESS =     0.0
 Etot   =   -113930.7036  EKtot   =     31440.8320  EPtot      =   -145371.5357
 BOND   =       857.4348  ANGLE   =      2150.7632  DIHED      =      1356.7912
 UB     =         0.0000  IMP     =         0.0000  CMAP       =       212.1653
 1-4 NB =       998.7760  1-4 EEL =     15093.8624  VDWAALS    =     17426.8433
 EELEC  =   -183468.1719  EHBOND  =         0.0000  RESTRAINT  =         0.0000
 ------------------------------------------------------------------------------

wrapping first mol.:      -29.97837      -42.39582       73.43173

 NSTEP =   940000   TIME(PS) =   31920.000  TEMP(K) =   309.17  PRESS =     0.0
 Etot   =   -113881.3477  EKtot   =     31449.7148  EPtot      =   -145331.0626
 BOND   =       816.0869  ANGLE   =      2080.0835  DIHED      =      1376.7017
 UB     =         0.0000  IMP     =         0.0000  CMAP       =       190.4957
 1-4 NB =      1010.6338  1-4 EEL =     15077.8387  VDWAALS    =     17501.9542
 EELEC  =   -183384.8572  EHBOND  =         0.0000  RESTRAINT  =         0.0000
 ------------------------------------------------------------------------------

wrapping first mol.:       59.95675      -42.39582       73.43173

 NSTEP =   960000   TIME(PS) =   31960.000  TEMP(K) =   308.33  PRESS =     0.0
 Etot   =   -113760.1336  EKtot   =     31364.1914  EPtot      =   -145124.3250
 BOND   =       849.4523  ANGLE   =      2199.0528  DIHED      =      1319.5316
 UB     =         0.0000  IMP     =         0.0000  CMAP       =       217.4545
 1-4 NB =       986.5149  1-4 EEL =     15043.2093  VDWAALS    =     17271.7814
 EELEC  =   -183011.3216  EHBOND  =         0.0000  RESTRAINT  =         0.0000
 ------------------------------------------------------------------------------

wrapping first mol.:       59.95675      -42.39582       73.43173

 NSTEP =   980000   TIME(PS) =   32000.000  TEMP(K) =   308.75  PRESS =     0.0
 Etot   =   -113455.5186  EKtot   =     31406.6445  EPtot      =   -144862.1632
 BOND   =       877.6716  ANGLE   =      2137.2016  DIHED      =      1370.9167
 UB     =         0.0000  IMP     =         0.0000  CMAP       =       201.0429
 1-4 NB =      1013.5321  1-4 EEL =     15096.7517  VDWAALS    =     17408.3340
 EELEC  =   -182967.6137  EHBOND  =         0.0000  RESTRAINT  =         0.0000
 ------------------------------------------------------------------------------

wrapping first mol.:       59.95675      -42.39582       73.43173

 NSTEP =  1000000   TIME(PS) =   32040.000  TEMP(K) =   310.03  PRESS =     0.0
 Etot   =   -113615.1248  EKtot   =     31536.9043  EPtot      =   -145152.0291
 BOND   =       882.7877  ANGLE   =      2192.2580  DIHED      =      1354.6923
 UB     =         0.0000  IMP     =         0.0000  CMAP       =       187.6152
 1-4 NB =       995.1377  1-4 EEL =     15132.2542  VDWAALS    =     17300.7134
 EELEC  =   -183197.4876  EHBOND  =         0.0000  RESTRAINT  =         0.0000
 ------------------------------------------------------------------------------

wrapping first mol.:       59.95675      -42.39582       73.43173

 NSTEP =  1020000   TIME(PS) =   32080.000  TEMP(K) =   309.51  PRESS =     0.0
 Etot   =   -113741.8249  EKtot   =     31484.3066  EPtot      =   -145226.1315
 BOND   =       849.2613  ANGLE   =      2181.2282  DIHED      =      1368.1387
 UB     =         0.0000  IMP     =         0.0000  CMAP       =       186.1533
 1-4 NB =       988.2318  1-4 EEL =     15111.5388  VDWAALS    =     17461.5338
 EELEC  =   -183372.2174  EHBOND  =         0.0000  RESTRAINT  =         0.0000
 ------------------------------------------------------------------------------

wrapping first mol.:       59.95675      -42.39582       73.43173

 NSTEP =  1040000   TIME(PS) =   32120.000  TEMP(K) =   310.79  PRESS =     0.0
 Etot   =   -113378.9806  EKtot   =     31613.8848  EPtot      =   -144992.8653
 BOND   =       859.0963  ANGLE   =      2177.5705  DIHED      =      1351.5036
 UB     =         0.0000  IMP     =         0.0000  CMAP       =       178.1005
 1-4 NB =       991.6079  1-4 EEL =     15052.6655  VDWAALS    =     17116.6517
 EELEC  =   -182720.0614  EHBOND  =         0.0000  RESTRAINT  =         0.0000
 ------------------------------------------------------------------------------

wrapping first mol.:       59.95675      -42.39582       73.43173

 NSTEP =  1060000   TIME(PS) =   32160.000  TEMP(K) =   311.09  PRESS =     0.0
 Etot   =   -112921.4256  EKtot   =     31645.2285  EPtot      =   -144566.6542
 BOND   =       840.5629  ANGLE   =      2154.9532  DIHED      =      1374.5422
 UB     =         0.0000  IMP     =         0.0000  CMAP       =       187.8108
 1-4 NB =      1005.5209  1-4 EEL =     15097.7340  VDWAALS    =     17111.6758
 EELEC  =   -182339.4540  EHBOND  =         0.0000  RESTRAINT  =         0.0000
 ------------------------------------------------------------------------------

wrapping first mol.:       59.95675      -42.39582       73.43173

 NSTEP =  1080000   TIME(PS) =   32200.000  TEMP(K) =   311.25  PRESS =     0.0
 Etot   =   -113528.3805  EKtot   =     31661.1270  EPtot      =   -145189.5075
 BOND   =       837.0730  ANGLE   =      2176.8606  DIHED      =      1345.3378
 UB     =         0.0000  IMP     =         0.0000  CMAP       =       188.3353
 1-4 NB =       999.3716  1-4 EEL =     15076.4618  VDWAALS    =     17553.3936
 EELEC  =   -183366.3412  EHBOND  =         0.0000  RESTRAINT  =         0.0000
 ------------------------------------------------------------------------------

wrapping first mol.:       59.95675      -42.39582       73.43173

 NSTEP =  1100000   TIME(PS) =   32240.000  TEMP(K) =   309.66  PRESS =     0.0
 Etot   =   -113767.4541  EKtot   =     31498.9766  EPtot      =   -145266.4306
 BOND   =       889.9666  ANGLE   =      2067.2140  DIHED      =      1335.3123
 UB     =         0.0000  IMP     =         0.0000  CMAP       =       201.2422
 1-4 NB =       997.0966  1-4 EEL =     15036.8776  VDWAALS    =     17499.3373
 EELEC  =   -183293.4773  EHBOND  =         0.0000  RESTRAINT  =         0.0000
 ------------------------------------------------------------------------------

wrapping first mol.:       59.95675      -42.39582       73.43173

 NSTEP =  1120000   TIME(PS) =   32280.000  TEMP(K) =   311.36  PRESS =     0.0
 Etot   =   -113881.8800  EKtot   =     31672.3691  EPtot      =   -145554.2491
 BOND   =       893.0065  ANGLE   =      2129.8930  DIHED      =      1338.9914
 UB     =         0.0000  IMP     =         0.0000  CMAP       =       184.9544
 1-4 NB =       980.4082  1-4 EEL =     15128.2070  VDWAALS    =     17475.7003
 EELEC  =   -183685.4098  EHBOND  =         0.0000  RESTRAINT  =         0.0000
 ------------------------------------------------------------------------------

wrapping first mol.:       59.95675      -42.39582       73.43173

 NSTEP =  1140000   TIME(PS) =   32320.000  TEMP(K) =   309.84  PRESS =     0.0
 Etot   =   -113753.0685  EKtot   =     31517.2422  EPtot      =   -145270.3107
 BOND   =       841.3746  ANGLE   =      2227.1517  DIHED      =      1347.8966
 UB     =         0.0000  IMP     =         0.0000  CMAP       =       195.4691
 1-4 NB =      1008.0896  1-4 EEL =     15136.4086  VDWAALS    =     17412.5625
 EELEC  =   -183439.2636  EHBOND  =         0.0000  RESTRAINT  =         0.0000
 ------------------------------------------------------------------------------

wrapping first mol.:       59.95675      -42.39582       73.43173

 NSTEP =  1160000   TIME(PS) =   32360.000  TEMP(K) =   312.32  PRESS =     0.0
 Etot   =   -113225.4883  EKtot   =     31770.3770  EPtot      =   -144995.8652
 BOND   =       872.1725  ANGLE   =      2164.4764  DIHED      =      1371.8508
 UB     =         0.0000  IMP     =         0.0000  CMAP       =       213.8539
 1-4 NB =       974.2572  1-4 EEL =     15047.8791  VDWAALS    =     17094.5628
 EELEC  =   -182734.9179  EHBOND  =         0.0000  RESTRAINT  =         0.0000
 ------------------------------------------------------------------------------

wrapping first mol.:       59.95675      -42.39582       73.43173

 NSTEP =  1180000   TIME(PS) =   32400.000  TEMP(K) =   311.14  PRESS =     0.0
 Etot   =   -113233.4513  EKtot   =     31649.8379  EPtot      =   -144883.2892
 BOND   =       882.9327  ANGLE   =      2144.6596  DIHED      =      1379.6495
 UB     =         0.0000  IMP     =         0.0000  CMAP       =       199.8611
 1-4 NB =      1005.9931  1-4 EEL =     15142.1604  VDWAALS    =     16985.5495
 EELEC  =   -182624.0951  EHBOND  =         0.0000  RESTRAINT  =         0.0000
 ------------------------------------------------------------------------------

wrapping first mol.:       59.95675      -42.39582       73.43173

 NSTEP =  1200000   TIME(PS) =   32440.000  TEMP(K) =   309.96  PRESS =     0.0
 Etot   =   -113531.5031  EKtot   =     31530.1523  EPtot      =   -145061.6554
 BOND   =       837.3846  ANGLE   =      2166.0319  DIHED      =      1378.5986
 UB     =         0.0000  IMP     =         0.0000  CMAP       =       190.8254
 1-4 NB =       988.0225  1-4 EEL =     15043.4150  VDWAALS    =     17461.7053
 EELEC  =   -183127.6388  EHBOND  =         0.0000  RESTRAINT  =         0.0000
 ------------------------------------------------------------------------------

wrapping first mol.:       59.95675      -42.39582       73.43173

 NSTEP =  1220000   TIME(PS) =   32480.000  TEMP(K) =   309.66  PRESS =     0.0
 Etot   =   -113658.5895  EKtot   =     31498.9336  EPtot      =   -145157.5231
 BOND   =       857.2598  ANGLE   =      2137.7023  DIHED      =      1333.3189
 UB     =         0.0000  IMP     =         0.0000  CMAP       =       194.3851
 1-4 NB =      1008.5937  1-4 EEL =     15076.6395  VDWAALS    =     17275.5789
 EELEC  =   -183041.0013  EHBOND  =         0.0000  RESTRAINT  =         0.0000
 ------------------------------------------------------------------------------

wrapping first mol.:       59.95675      -42.39582       73.43173

 NSTEP =  1240000   TIME(PS) =   32520.000  TEMP(K) =   309.31  PRESS =     0.0
 Etot   =   -113698.5960  EKtot   =     31463.6758  EPtot      =   -145162.2718
 BOND   =       854.6944  ANGLE   =      2178.1396  DIHED      =      1379.2686
 UB     =         0.0000  IMP     =         0.0000  CMAP       =       200.0268
 1-4 NB =      1010.4301  1-4 EEL =     15128.1766  VDWAALS    =     17443.1212
 EELEC  =   -183356.1292  EHBOND  =         0.0000  RESTRAINT  =         0.0000
 ------------------------------------------------------------------------------

wrapping first mol.:       59.95675      -42.39582       73.43173

 NSTEP =  1260000   TIME(PS) =   32560.000  TEMP(K) =   307.92  PRESS =     0.0
 Etot   =   -114364.5010  EKtot   =     31322.4316  EPtot      =   -145686.9326
 BOND   =       875.7257  ANGLE   =      2099.1572  DIHED      =      1322.5016
 UB     =         0.0000  IMP     =         0.0000  CMAP       =       202.7604
 1-4 NB =      1002.5415  1-4 EEL =     15129.6813  VDWAALS    =     17448.9705
 EELEC  =   -183768.2707  EHBOND  =         0.0000  RESTRAINT  =         0.0000
 ------------------------------------------------------------------------------

wrapping first mol.:       59.95675      -42.39582       73.43173

 NSTEP =  1280000   TIME(PS) =   32600.000  TEMP(K) =   308.54  PRESS =     0.0
 Etot   =   -113935.4813  EKtot   =     31385.5039  EPtot      =   -145320.9852
 BOND   =       868.9232  ANGLE   =      2172.4368  DIHED      =      1346.8510
 UB     =         0.0000  IMP     =         0.0000  CMAP       =       193.6676
 1-4 NB =      1005.7763  1-4 EEL =     15043.4332  VDWAALS    =     17695.6393
 EELEC  =   -183647.7127  EHBOND  =         0.0000  RESTRAINT  =         0.0000
 ------------------------------------------------------------------------------

wrapping first mol.:       59.95675      -42.39582       73.43173

 NSTEP =  1300000   TIME(PS) =   32640.000  TEMP(K) =   309.39  PRESS =     0.0
 Etot   =   -113309.9726  EKtot   =     31472.1309  EPtot      =   -144782.1035
 BOND   =       891.5871  ANGLE   =      2120.9170  DIHED      =      1368.8576
 UB     =         0.0000  IMP     =         0.0000  CMAP       =       199.6379
 1-4 NB =       983.8247  1-4 EEL =     15074.8015  VDWAALS    =     17276.3921
 EELEC  =   -182698.1214  EHBOND  =         0.0000  RESTRAINT  =         0.0000
 ------------------------------------------------------------------------------

wrapping first mol.:      -29.97837      -42.39582       73.43173

 NSTEP =  1320000   TIME(PS) =   32680.000  TEMP(K) =   308.10  PRESS =     0.0
 Etot   =   -113794.0322  EKtot   =     31340.1758  EPtot      =   -145134.2079
 BOND   =       833.3281  ANGLE   =      2171.5268  DIHED      =      1379.4116
 UB     =         0.0000  IMP     =         0.0000  CMAP       =       199.2105
 1-4 NB =       985.0776  1-4 EEL =     15079.0577  VDWAALS    =     17432.2105
 EELEC  =   -183214.0308  EHBOND  =         0.0000  RESTRAINT  =         0.0000
 ------------------------------------------------------------------------------

wrapping first mol.:       59.95675      -42.39582       73.43173

 NSTEP =  1340000   TIME(PS) =   32720.000  TEMP(K) =   310.03  PRESS =     0.0
 Etot   =   -113664.1448  EKtot   =     31536.7051  EPtot      =   -145200.8499
 BOND   =       875.7478  ANGLE   =      2162.0427  DIHED      =      1354.8118
 UB     =         0.0000  IMP     =         0.0000  CMAP       =       172.9865
 1-4 NB =       993.0349  1-4 EEL =     15109.3408  VDWAALS    =     17224.8550
 EELEC  =   -183093.6695  EHBOND  =         0.0000  RESTRAINT  =         0.0000
 ------------------------------------------------------------------------------

wrapping first mol.:       59.95675      -42.39582       73.43173

 NSTEP =  1360000   TIME(PS) =   32760.000  TEMP(K) =   309.81  PRESS =     0.0
 Etot   =   -113914.3645  EKtot   =     31514.8320  EPtot      =   -145429.1965
 BOND   =       900.5916  ANGLE   =      2129.7553  DIHED      =      1355.8074
 UB     =         0.0000  IMP     =         0.0000  CMAP       =       201.1411
 1-4 NB =       979.7756  1-4 EEL =     15027.4490  VDWAALS    =     17404.8510
 EELEC  =   -183428.5675  EHBOND  =         0.0000  RESTRAINT  =         0.0000
 ------------------------------------------------------------------------------

wrapping first mol.:       59.95675      -42.39582       73.43173

 NSTEP =  1380000   TIME(PS) =   32800.000  TEMP(K) =   310.77  PRESS =     0.0
 Etot   =   -113324.7404  EKtot   =     31612.4863  EPtot      =   -144937.2267
 BOND   =       862.5963  ANGLE   =      2171.1414  DIHED      =      1348.8012
 UB     =         0.0000  IMP     =         0.0000  CMAP       =       203.2680
 1-4 NB =       997.7947  1-4 EEL =     15074.4098  VDWAALS    =     17260.2379
 EELEC  =   -182855.4760  EHBOND  =         0.0000  RESTRAINT  =         0.0000
 ------------------------------------------------------------------------------

wrapping first mol.:       59.95675      -42.39582       73.43173

 NSTEP =  1400000   TIME(PS) =   32840.000  TEMP(K) =   309.73  PRESS =     0.0
 Etot   =   -113381.3657  EKtot   =     31506.3906  EPtot      =   -144887.7563
 BOND   =       832.4278  ANGLE   =      2169.9114  DIHED      =      1313.5893
 UB     =         0.0000  IMP     =         0.0000  CMAP       =       199.7661
 1-4 NB =       984.2764  1-4 EEL =     15047.3488  VDWAALS    =     17238.2701
 EELEC  =   -182673.3462  EHBOND  =         0.0000  RESTRAINT  =         0.0000
 ------------------------------------------------------------------------------

wrapping first mol.:       59.95675      -42.39582       73.43173

 NSTEP =  1420000   TIME(PS) =   32880.000  TEMP(K) =   313.21  PRESS =     0.0
 Etot   =   -113498.3753  EKtot   =     31860.6035  EPtot      =   -145358.9788
 BOND   =       866.0620  ANGLE   =      2154.2393  DIHED      =      1330.7686
 UB     =         0.0000  IMP     =         0.0000  CMAP       =       176.2078
 1-4 NB =       977.5867  1-4 EEL =     15058.5962  VDWAALS    =     17177.5723
 EELEC  =   -183100.0118  EHBOND  =         0.0000  RESTRAINT  =         0.0000
 ------------------------------------------------------------------------------

wrapping first mol.:       59.95675      -42.39582       73.43173

 NSTEP =  1440000   TIME(PS) =   32920.000  TEMP(K) =   310.21  PRESS =     0.0
 Etot   =   -113959.4728  EKtot   =     31555.0137  EPtot      =   -145514.4865
 BOND   =       862.0273  ANGLE   =      2151.8977  DIHED      =      1334.2016
 UB     =         0.0000  IMP     =         0.0000  CMAP       =       188.5916
 1-4 NB =       994.5973  1-4 EEL =     15068.8178  VDWAALS    =     17550.7985
 EELEC  =   -183665.4183  EHBOND  =         0.0000  RESTRAINT  =         0.0000
 ------------------------------------------------------------------------------

wrapping first mol.:       59.95675      -42.39582       73.43173

 NSTEP =  1460000   TIME(PS) =   32960.000  TEMP(K) =   312.05  PRESS =     0.0
 Etot   =   -113471.2009  EKtot   =     31742.3066  EPtot      =   -145213.5075
 BOND   =       865.4792  ANGLE   =      2137.3561  DIHED      =      1354.6631
 UB     =         0.0000  IMP     =         0.0000  CMAP       =       179.5148
 1-4 NB =      1002.0542  1-4 EEL =     15082.6028  VDWAALS    =     17636.6844
 EELEC  =   -183471.8621  EHBOND  =         0.0000  RESTRAINT  =         0.0000
 ------------------------------------------------------------------------------

wrapping first mol.:       59.95675      -42.39582       73.43173

 NSTEP =  1480000   TIME(PS) =   33000.000  TEMP(K) =   310.88  PRESS =     0.0
 Etot   =   -113290.3595  EKtot   =     31623.0078  EPtot      =   -144913.3673
 BOND   =       865.1031  ANGLE   =      2113.0651  DIHED      =      1307.1116
 UB     =         0.0000  IMP     =         0.0000  CMAP       =       191.3984
 1-4 NB =      1015.7299  1-4 EEL =     15066.7831  VDWAALS    =     17033.5925
 EELEC  =   -182506.1508  EHBOND  =         0.0000  RESTRAINT  =         0.0000
 ------------------------------------------------------------------------------

wrapping first mol.:      -29.97837      -42.39582       73.43173

 NSTEP =  1500000   TIME(PS) =   33040.000  TEMP(K) =   310.83  PRESS =     0.0
 Etot   =   -113676.3896  EKtot   =     31618.5293  EPtot      =   -145294.9189
 BOND   =       941.6793  ANGLE   =      2250.6416  DIHED      =      1335.6262
 UB     =         0.0000  IMP     =         0.0000  CMAP       =       202.8085
 1-4 NB =       978.8022  1-4 EEL =     15034.2599  VDWAALS    =     17436.7191
 EELEC  =   -183475.4555  EHBOND  =         0.0000  RESTRAINT  =         0.0000
 ------------------------------------------------------------------------------

wrapping first mol.:      -29.97837      -42.39582       73.43173

 NSTEP =  1520000   TIME(PS) =   33080.000  TEMP(K) =   308.77  PRESS =     0.0
 Etot   =   -113877.8468  EKtot   =     31408.5078  EPtot      =   -145286.3546
 BOND   =       819.4320  ANGLE   =      2181.1003  DIHED      =      1357.1998
 UB     =         0.0000  IMP     =         0.0000  CMAP       =       216.8486
 1-4 NB =      1019.8980  1-4 EEL =     15117.5596  VDWAALS    =     17291.9281
 EELEC  =   -183290.3210  EHBOND  =         0.0000  RESTRAINT  =         0.0000
 ------------------------------------------------------------------------------

wrapping first mol.:      -29.97837      -42.39582       73.43173

 NSTEP =  1540000   TIME(PS) =   33120.000  TEMP(K) =   311.05  PRESS =     0.0
 Etot   =   -113620.8751  EKtot   =     31640.6348  EPtot      =   -145261.5098
 BOND   =       818.0221  ANGLE   =      2131.9982  DIHED      =      1348.1595
 UB     =         0.0000  IMP     =         0.0000  CMAP       =       190.9652
 1-4 NB =      1008.2309  1-4 EEL =     15179.1232  VDWAALS    =     17194.8872
 EELEC  =   -183132.8961  EHBOND  =         0.0000  RESTRAINT  =         0.0000
 ------------------------------------------------------------------------------

wrapping first mol.:      -29.97837      -42.39582       73.43173

 NSTEP =  1560000   TIME(PS) =   33160.000  TEMP(K) =   310.65  PRESS =     0.0
 Etot   =   -113665.5941  EKtot   =     31600.3145  EPtot      =   -145265.9085
 BOND   =       885.3915  ANGLE   =      2133.2583  DIHED      =      1367.9892
 UB     =         0.0000  IMP     =         0.0000  CMAP       =       193.5848
 1-4 NB =       985.3592  1-4 EEL =     15049.1391  VDWAALS    =     17155.5136
 EELEC  =   -183036.1442  EHBOND  =         0.0000  RESTRAINT  =         0.0000
 ------------------------------------------------------------------------------

wrapping first mol.:      -29.97837      -42.39582       73.43173

 NSTEP =  1580000   TIME(PS) =   33200.000  TEMP(K) =   309.44  PRESS =     0.0
 Etot   =   -113509.5584  EKtot   =     31476.6953  EPtot      =   -144986.2537
 BOND   =       862.3321  ANGLE   =      2180.7700  DIHED      =      1351.1597
 UB     =         0.0000  IMP     =         0.0000  CMAP       =       214.8327
 1-4 NB =       991.2838  1-4 EEL =     14992.0772  VDWAALS    =     17428.5463
 EELEC  =   -183007.2556  EHBOND  =         0.0000  RESTRAINT  =         0.0000
 ------------------------------------------------------------------------------

wrapping first mol.:       59.95675      -42.39582       73.43173

 NSTEP =  1600000   TIME(PS) =   33240.000  TEMP(K) =   309.21  PRESS =     0.0
 Etot   =   -113649.5998  EKtot   =     31453.7988  EPtot      =   -145103.3987
 BOND   =       829.8433  ANGLE   =      2152.4870  DIHED      =      1354.0996
 UB     =         0.0000  IMP     =         0.0000  CMAP       =       203.1226
 1-4 NB =       993.0768  1-4 EEL =     15105.9608  VDWAALS    =     17106.9369
 EELEC  =   -182848.9256  EHBOND  =         0.0000  RESTRAINT  =         0.0000
 ------------------------------------------------------------------------------

wrapping first mol.:      -29.97837      -42.39582       73.43173

 NSTEP =  1620000   TIME(PS) =   33280.000  TEMP(K) =   312.66  PRESS =     0.0
 Etot   =   -113198.6290  EKtot   =     31804.1113  EPtot      =   -145002.7403
 BOND   =       884.0579  ANGLE   =      2145.6380  DIHED      =      1390.7270
 UB     =         0.0000  IMP     =         0.0000  CMAP       =       177.6874
 1-4 NB =      1018.1778  1-4 EEL =     15123.1155  VDWAALS    =     17122.2400
 EELEC  =   -182864.3839  EHBOND  =         0.0000  RESTRAINT  =         0.0000
 ------------------------------------------------------------------------------

wrapping first mol.:       59.95675      -42.39582       73.43173

 NSTEP =  1640000   TIME(PS) =   33320.000  TEMP(K) =   310.95  PRESS =     0.0
 Etot   =   -113964.3296  EKtot   =     31630.9355  EPtot      =   -145595.2651
 BOND   =       853.3226  ANGLE   =      2125.7714  DIHED      =      1341.3446
 UB     =         0.0000  IMP     =         0.0000  CMAP       =       182.8659
 1-4 NB =      1014.4561  1-4 EEL =     15143.9091  VDWAALS    =     17272.5980
 EELEC  =   -183529.5329  EHBOND  =         0.0000  RESTRAINT  =         0.0000
 ------------------------------------------------------------------------------

wrapping first mol.:       59.95675      -42.39582       73.43173

 NSTEP =  1660000   TIME(PS) =   33360.000  TEMP(K) =   311.22  PRESS =     0.0
 Etot   =   -113535.6856  EKtot   =     31657.6523  EPtot      =   -145193.3379
 BOND   =       869.6861  ANGLE   =      2189.8153  DIHED      =      1390.8698
 UB     =         0.0000  IMP     =         0.0000  CMAP       =       181.3395
 1-4 NB =      1001.2736  1-4 EEL =     15176.5388  VDWAALS    =     17138.6854
 EELEC  =   -183141.5464  EHBOND  =         0.0000  RESTRAINT  =         0.0000
 ------------------------------------------------------------------------------

wrapping first mol.:       59.95675      -42.39582       73.43173

 NSTEP =  1680000   TIME(PS) =   33400.000  TEMP(K) =   309.71  PRESS =     0.0
 Etot   =   -113678.7779  EKtot   =     31504.3848  EPtot      =   -145183.1626
 BOND   =       924.7362  ANGLE   =      2097.7546  DIHED      =      1355.2091
 UB     =         0.0000  IMP     =         0.0000  CMAP       =       176.5585
 1-4 NB =       987.1469  1-4 EEL =     15113.7301  VDWAALS    =     17330.5895
 EELEC  =   -183168.8875  EHBOND  =         0.0000  RESTRAINT  =         0.0000
 ------------------------------------------------------------------------------

wrapping first mol.:       59.95675      -42.39582       73.43173

 NSTEP =  1700000   TIME(PS) =   33440.000  TEMP(K) =   309.24  PRESS =     0.0
 Etot   =   -113696.6178  EKtot   =     31456.2383  EPtot      =   -145152.8561
 BOND   =       875.1526  ANGLE   =      2107.3882  DIHED      =      1359.1950
 UB     =         0.0000  IMP     =         0.0000  CMAP       =       186.9776
 1-4 NB =      1006.2918  1-4 EEL =     15195.0614  VDWAALS    =     17330.8296
 EELEC  =   -183213.7523  EHBOND  =         0.0000  RESTRAINT  =         0.0000
 ------------------------------------------------------------------------------

wrapping first mol.:       59.95675      -42.39582       73.43173

 NSTEP =  1720000   TIME(PS) =   33480.000  TEMP(K) =   312.67  PRESS =     0.0
 Etot   =   -112916.3521  EKtot   =     31805.0898  EPtot      =   -144721.4419
 BOND   =       823.4471  ANGLE   =      2158.0313  DIHED      =      1325.4958
 UB     =         0.0000  IMP     =         0.0000  CMAP       =       188.7471
 1-4 NB =       994.4294  1-4 EEL =     15171.2760  VDWAALS    =     16980.9113
 EELEC  =   -182363.7798  EHBOND  =         0.0000  RESTRAINT  =         0.0000
 ------------------------------------------------------------------------------

wrapping first mol.:       59.95675      -42.39582       73.43173

 NSTEP =  1740000   TIME(PS) =   33520.000  TEMP(K) =   310.60  PRESS =     0.0
 Etot   =   -113662.9225  EKtot   =     31595.2832  EPtot      =   -145258.2057
 BOND   =       857.2400  ANGLE   =      2193.6382  DIHED      =      1353.8152
 UB     =         0.0000  IMP     =         0.0000  CMAP       =       197.6898
 1-4 NB =      1002.6470  1-4 EEL =     15176.6028  VDWAALS    =     17254.7824
 EELEC  =   -183294.6211  EHBOND  =         0.0000  RESTRAINT  =         0.0000
 ------------------------------------------------------------------------------

wrapping first mol.:       59.95675      -42.39582       73.43173

 NSTEP =  1760000   TIME(PS) =   33560.000  TEMP(K) =   310.95  PRESS =     0.0
 Etot   =   -113277.5432  EKtot   =     31630.2188  EPtot      =   -144907.7619
 BOND   =       857.9370  ANGLE   =      2165.3890  DIHED      =      1378.0316
 UB     =         0.0000  IMP     =         0.0000  CMAP       =       182.4321
 1-4 NB =       998.4963  1-4 EEL =     15115.1298  VDWAALS    =     17190.6787
 EELEC  =   -182795.8564  EHBOND  =         0.0000  RESTRAINT  =         0.0000
 ------------------------------------------------------------------------------

wrapping first mol.:       59.95675      -42.39582       73.43173

 NSTEP =  1780000   TIME(PS) =   33600.000  TEMP(K) =   310.68  PRESS =     0.0
 Etot   =   -113780.2462  EKtot   =     31603.0098  EPtot      =   -145383.2560
 BOND   =       884.3770  ANGLE   =      2071.6184  DIHED      =      1393.1769
 UB     =         0.0000  IMP     =         0.0000  CMAP       =       204.9648
 1-4 NB =      1000.3337  1-4 EEL =     15097.0430  VDWAALS    =     17651.4377
 EELEC  =   -183686.2075  EHBOND  =         0.0000  RESTRAINT  =         0.0000
 ------------------------------------------------------------------------------

wrapping first mol.:      -29.97837      -42.39582       73.43173

 NSTEP =  1800000   TIME(PS) =   33640.000  TEMP(K) =   310.60  PRESS =     0.0
 Etot   =   -113476.0142  EKtot   =     31595.3164  EPtot      =   -145071.3306
 BOND   =       847.3439  ANGLE   =      2097.5501  DIHED      =      1344.1706
 UB     =         0.0000  IMP     =         0.0000  CMAP       =       198.6311
 1-4 NB =       999.0364  1-4 EEL =     15119.7647  VDWAALS    =     17069.7774
 EELEC  =   -182747.6047  EHBOND  =         0.0000  RESTRAINT  =         0.0000
 ------------------------------------------------------------------------------

wrapping first mol.:      -29.97837      -42.39582       73.43173

 NSTEP =  1820000   TIME(PS) =   33680.000  TEMP(K) =   309.71  PRESS =     0.0
 Etot   =   -113777.1450  EKtot   =     31504.6309  EPtot      =   -145281.7759
 BOND   =       856.0084  ANGLE   =      2131.6979  DIHED      =      1349.3060
 UB     =         0.0000  IMP     =         0.0000  CMAP       =       191.5808
 1-4 NB =       980.2435  1-4 EEL =     15034.2143  VDWAALS    =     17513.1000
 EELEC  =   -183337.9268  EHBOND  =         0.0000  RESTRAINT  =         0.0000
 ------------------------------------------------------------------------------

wrapping first mol.:       59.95675      -42.39582       73.43173

 NSTEP =  1840000   TIME(PS) =   33720.000  TEMP(K) =   310.83  PRESS =     0.0
 Etot   =   -113554.4096  EKtot   =     31618.6230  EPtot      =   -145173.0326
 BOND   =       824.8556  ANGLE   =      2142.6270  DIHED      =      1365.7278
 UB     =         0.0000  IMP     =         0.0000  CMAP       =       197.2348
 1-4 NB =      1001.3104  1-4 EEL =     15049.7260  VDWAALS    =     17524.7419
 EELEC  =   -183279.2562  EHBOND  =         0.0000  RESTRAINT  =         0.0000
 ------------------------------------------------------------------------------

wrapping first mol.:      -29.97837      -42.39582       73.43173

 NSTEP =  1860000   TIME(PS) =   33760.000  TEMP(K) =   309.84  PRESS =     0.0
 Etot   =   -113581.8688  EKtot   =     31517.3848  EPtot      =   -145099.2536
 BOND   =       881.6910  ANGLE   =      2259.9222  DIHED      =      1349.4197
 UB     =         0.0000  IMP     =         0.0000  CMAP       =       186.9101
 1-4 NB =      1022.6487  1-4 EEL =     15104.5279  VDWAALS    =     17377.3342
 EELEC  =   -183281.7072  EHBOND  =         0.0000  RESTRAINT  =         0.0000
 ------------------------------------------------------------------------------

wrapping first mol.:      -29.97837      -42.39582       73.43173

 NSTEP =  1880000   TIME(PS) =   33800.000  TEMP(K) =   310.71  PRESS =     0.0
 Etot   =   -113437.8384  EKtot   =     31605.6875  EPtot      =   -145043.5259
 BOND   =       845.5898  ANGLE   =      2172.7280  DIHED      =      1350.2271
 UB     =         0.0000  IMP     =         0.0000  CMAP       =       201.2379
 1-4 NB =       990.4717  1-4 EEL =     14952.8217  VDWAALS    =     17331.6768
 EELEC  =   -182888.2790  EHBOND  =         0.0000  RESTRAINT  =         0.0000
 ------------------------------------------------------------------------------

wrapping first mol.:      -29.97837      -42.39582       73.43173

 NSTEP =  1900000   TIME(PS) =   33840.000  TEMP(K) =   311.03  PRESS =     0.0
 Etot   =   -113137.3513  EKtot   =     31638.6953  EPtot      =   -144776.0466
 BOND   =       840.9293  ANGLE   =      2122.2604  DIHED      =      1354.6054
 UB     =         0.0000  IMP     =         0.0000  CMAP       =       190.9419
 1-4 NB =       987.7630  1-4 EEL =     15063.9574  VDWAALS    =     17356.2796
 EELEC  =   -182692.7836  EHBOND  =         0.0000  RESTRAINT  =         0.0000
 ------------------------------------------------------------------------------

wrapping first mol.:      -29.97837      -42.39582       73.43173

 NSTEP =  1920000   TIME(PS) =   33880.000  TEMP(K) =   311.93  PRESS =     0.0
 Etot   =   -113161.5250  EKtot   =     31730.4238  EPtot      =   -144891.9488
 BOND   =       823.2693  ANGLE   =      2164.2824  DIHED      =      1330.1759
 UB     =         0.0000  IMP     =         0.0000  CMAP       =       199.4216
 1-4 NB =       984.7915  1-4 EEL =     14970.9991  VDWAALS    =     17334.4503
 EELEC  =   -182699.3390  EHBOND  =         0.0000  RESTRAINT  =         0.0000
 ------------------------------------------------------------------------------

wrapping first mol.:      -29.97837      -42.39582       73.43173

 NSTEP =  1940000   TIME(PS) =   33920.000  TEMP(K) =   311.44  PRESS =     0.0
 Etot   =   -113345.5374  EKtot   =     31680.4473  EPtot      =   -145025.9847
 BOND   =       861.9310  ANGLE   =      2134.3274  DIHED      =      1360.3387
 UB     =         0.0000  IMP     =         0.0000  CMAP       =       194.4134
 1-4 NB =       987.7610  1-4 EEL =     15018.4861  VDWAALS    =     17455.9469
 EELEC  =   -183039.1891  EHBOND  =         0.0000  RESTRAINT  =         0.0000
 ------------------------------------------------------------------------------

wrapping first mol.:      -29.97837      -42.39582       73.43173

 NSTEP =  1960000   TIME(PS) =   33960.000  TEMP(K) =   309.06  PRESS =     0.0
 Etot   =   -113720.8743  EKtot   =     31438.4902  EPtot      =   -145159.3645
 BOND   =       882.2041  ANGLE   =      2131.2843  DIHED      =      1347.7713
 UB     =         0.0000  IMP     =         0.0000  CMAP       =       205.9675
 1-4 NB =       997.2806  1-4 EEL =     15004.6412  VDWAALS    =     17049.9215
 EELEC  =   -182778.4349  EHBOND  =         0.0000  RESTRAINT  =         0.0000
 ------------------------------------------------------------------------------

wrapping first mol.:      -29.97837      -42.39582       73.43173

 NSTEP =  1980000   TIME(PS) =   34000.000  TEMP(K) =   312.07  PRESS =     0.0
 Etot   =   -113451.6347  EKtot   =     31744.3047  EPtot      =   -145195.9393
 BOND   =       871.3247  ANGLE   =      2156.0737  DIHED      =      1364.4530
 UB     =         0.0000  IMP     =         0.0000  CMAP       =       214.1890
 1-4 NB =       993.4656  1-4 EEL =     14993.2620  VDWAALS    =     17397.2167
 EELEC  =   -183185.9241  EHBOND  =         0.0000  RESTRAINT  =         0.0000
 ------------------------------------------------------------------------------

wrapping first mol.:      -29.97837      -42.39582       73.43173

 NSTEP =  2000000   TIME(PS) =   34040.000  TEMP(K) =   307.39  PRESS =     0.0
 Etot   =   -113652.0596  EKtot   =     31267.9668  EPtot      =   -144920.0264
 BOND   =       830.7185  ANGLE   =      2145.6234  DIHED      =      1353.1646
 UB     =         0.0000  IMP     =         0.0000  CMAP       =       227.4612
 1-4 NB =      1013.7293  1-4 EEL =     15072.6279  VDWAALS    =     17550.1996
 EELEC  =   -183113.5509  EHBOND  =         0.0000  RESTRAINT  =         0.0000
 ------------------------------------------------------------------------------

wrapping first mol.:      -29.97837      -42.39582       73.43173

 NSTEP =  2020000   TIME(PS) =   34080.000  TEMP(K) =   310.90  PRESS =     0.0
 Etot   =   -113300.8646  EKtot   =     31625.1934  EPtot      =   -144926.0580
 BOND   =       885.1007  ANGLE   =      2135.5913  DIHED      =      1347.6740
 UB     =         0.0000  IMP     =         0.0000  CMAP       =       206.6946
 1-4 NB =       995.7797  1-4 EEL =     15018.5194  VDWAALS    =     17204.3318
 EELEC  =   -182719.7494  EHBOND  =         0.0000  RESTRAINT  =         0.0000
 ------------------------------------------------------------------------------

wrapping first mol.:      -29.97837      -42.39582       73.43173

 NSTEP =  2040000   TIME(PS) =   34120.000  TEMP(K) =   311.87  PRESS =     0.0
 Etot   =   -113338.0165  EKtot   =     31723.8750  EPtot      =   -145061.8915
 BOND   =       859.5943  ANGLE   =      2180.5495  DIHED      =      1336.7534
 UB     =         0.0000  IMP     =         0.0000  CMAP       =       183.0210
 1-4 NB =       988.2342  1-4 EEL =     14977.6685  VDWAALS    =     17217.8630
 EELEC  =   -182805.5754  EHBOND  =         0.0000  RESTRAINT  =         0.0000
 ------------------------------------------------------------------------------

wrapping first mol.:      -29.97837      -42.39582       73.43173

 NSTEP =  2060000   TIME(PS) =   34160.000  TEMP(K) =   310.31  PRESS =     0.0
 Etot   =   -113348.3053  EKtot   =     31565.2930  EPtot      =   -144913.5983
 BOND   =       858.4398  ANGLE   =      2131.3233  DIHED      =      1343.0105
 UB     =         0.0000  IMP     =         0.0000  CMAP       =       205.3994
 1-4 NB =       987.8317  1-4 EEL =     15073.8265  VDWAALS    =     17147.0192
 EELEC  =   -182660.4487  EHBOND  =         0.0000  RESTRAINT  =         0.0000
 ------------------------------------------------------------------------------

wrapping first mol.:      -29.97837      -42.39582       73.43173

 NSTEP =  2080000   TIME(PS) =   34200.000  TEMP(K) =   310.97  PRESS =     0.0
 Etot   =   -113315.0160  EKtot   =     31632.6992  EPtot      =   -144947.7153
 BOND   =       838.8297  ANGLE   =      2153.8874  DIHED      =      1390.0299
 UB     =         0.0000  IMP     =         0.0000  CMAP       =       177.8319
 1-4 NB =       996.6713  1-4 EEL =     15010.2506  VDWAALS    =     17060.0700
 EELEC  =   -182575.2862  EHBOND  =         0.0000  RESTRAINT  =         0.0000
 ------------------------------------------------------------------------------

wrapping first mol.:      -29.97837      -42.39582       73.43173

 NSTEP =  2100000   TIME(PS) =   34240.000  TEMP(K) =   310.01  PRESS =     0.0
 Etot   =   -113339.3829  EKtot   =     31534.9902  EPtot      =   -144874.3731
 BOND   =       841.8371  ANGLE   =      2168.2280  DIHED      =      1363.4117
 UB     =         0.0000  IMP     =         0.0000  CMAP       =       195.9900
 1-4 NB =      1000.5301  1-4 EEL =     15118.3094  VDWAALS    =     17326.7167
 EELEC  =   -182889.3961  EHBOND  =         0.0000  RESTRAINT  =         0.0000
 ------------------------------------------------------------------------------

wrapping first mol.:      -29.97837      -42.39582       73.43173

 NSTEP =  2120000   TIME(PS) =   34280.000  TEMP(K) =   310.86  PRESS =     0.0
 Etot   =   -113573.6718  EKtot   =     31621.4453  EPtot      =   -145195.1171
 BOND   =       877.9821  ANGLE   =      2122.3437  DIHED      =      1368.7176
 UB     =         0.0000  IMP     =         0.0000  CMAP       =       191.9965
 1-4 NB =       989.1915  1-4 EEL =     15098.2195  VDWAALS    =     17310.0762
 EELEC  =   -183153.6443  EHBOND  =         0.0000  RESTRAINT  =         0.0000
 ------------------------------------------------------------------------------

wrapping first mol.:      -29.97837      -42.39582       73.43173

 NSTEP =  2140000   TIME(PS) =   34320.000  TEMP(K) =   308.48  PRESS =     0.0
 Etot   =   -113764.0983  EKtot   =     31378.9062  EPtot      =   -145143.0046
 BOND   =       894.7729  ANGLE   =      2182.9510  DIHED      =      1378.3351
 UB     =         0.0000  IMP     =         0.0000  CMAP       =       223.4773
 1-4 NB =       996.0644  1-4 EEL =     15001.0533  VDWAALS    =     17282.3646
 EELEC  =   -183102.0233  EHBOND  =         0.0000  RESTRAINT  =         0.0000
 ------------------------------------------------------------------------------

wrapping first mol.:      -29.97837      -42.39582       73.43173

 NSTEP =  2160000   TIME(PS) =   34360.000  TEMP(K) =   309.90  PRESS =     0.0
 Etot   =   -113756.2183  EKtot   =     31523.5859  EPtot      =   -145279.8042
 BOND   =       838.0398  ANGLE   =      2182.6481  DIHED      =      1326.7177
 UB     =         0.0000  IMP     =         0.0000  CMAP       =       180.5278
 1-4 NB =      1016.5302  1-4 EEL =     15041.4025  VDWAALS    =     17382.3302
 EELEC  =   -183248.0005  EHBOND  =         0.0000  RESTRAINT  =         0.0000
 ------------------------------------------------------------------------------

wrapping first mol.:      -29.97837      -42.39582       73.43173

 NSTEP =  2180000   TIME(PS) =   34400.000  TEMP(K) =   308.83  PRESS =     0.0
 Etot   =   -113544.8465  EKtot   =     31414.7832  EPtot      =   -144959.6297
 BOND   =       826.3280  ANGLE   =      2149.6271  DIHED      =      1351.0476
 UB     =         0.0000  IMP     =         0.0000  CMAP       =       208.2548
 1-4 NB =      1003.1153  1-4 EEL =     15043.8111  VDWAALS    =     17215.5626
 EELEC  =   -182757.3762  EHBOND  =         0.0000  RESTRAINT  =         0.0000
 ------------------------------------------------------------------------------

wrapping first mol.:      -29.97837      -42.39582       73.43173

 NSTEP =  2200000   TIME(PS) =   34440.000  TEMP(K) =   308.94  PRESS =     0.0
 Etot   =   -113476.6817  EKtot   =     31426.1992  EPtot      =   -144902.8809
 BOND   =       845.6569  ANGLE   =      2120.7859  DIHED      =      1352.2979
 UB     =         0.0000  IMP     =         0.0000  CMAP       =       217.1403
 1-4 NB =      1035.7730  1-4 EEL =     14991.9988  VDWAALS    =     17070.6178
 EELEC  =   -182537.1514  EHBOND  =         0.0000  RESTRAINT  =         0.0000
 ------------------------------------------------------------------------------

wrapping first mol.:      -29.97837      -42.39582       73.43173

 NSTEP =  2220000   TIME(PS) =   34480.000  TEMP(K) =   310.35  PRESS =     0.0
 Etot   =   -113817.3271  EKtot   =     31569.5137  EPtot      =   -145386.8408
 BOND   =       878.1702  ANGLE   =      2120.2932  DIHED      =      1344.3555
 UB     =         0.0000  IMP     =         0.0000  CMAP       =       204.6510
 1-4 NB =      1004.1726  1-4 EEL =     15040.0168  VDWAALS    =     17014.2688
 EELEC  =   -182992.7688  EHBOND  =         0.0000  RESTRAINT  =         0.0000
 ------------------------------------------------------------------------------

wrapping first mol.:      -29.97837      -42.39582       73.43173

 NSTEP =  2240000   TIME(PS) =   34520.000  TEMP(K) =   309.21  PRESS =     0.0
 Etot   =   -114106.0004  EKtot   =     31453.2578  EPtot      =   -145559.2582
 BOND   =       848.1796  ANGLE   =      2164.0255  DIHED      =      1342.8053
 UB     =         0.0000  IMP     =         0.0000  CMAP       =       198.7916
 1-4 NB =       996.7950  1-4 EEL =     15094.8784  VDWAALS    =     17661.3690
 EELEC  =   -183866.1026  EHBOND  =         0.0000  RESTRAINT  =         0.0000
 ------------------------------------------------------------------------------

wrapping first mol.:      -29.97837      -42.39582       73.43173

 NSTEP =  2260000   TIME(PS) =   34560.000  TEMP(K) =   309.34  PRESS =     0.0
 Etot   =   -113609.3305  EKtot   =     31466.8164  EPtot      =   -145076.1469
 BOND   =       837.3292  ANGLE   =      2190.9338  DIHED      =      1323.3726
 UB     =         0.0000  IMP     =         0.0000  CMAP       =       204.1468
 1-4 NB =       983.2019  1-4 EEL =     15033.8330  VDWAALS    =     17186.4688
 EELEC  =   -182835.4331  EHBOND  =         0.0000  RESTRAINT  =         0.0000
 ------------------------------------------------------------------------------

wrapping first mol.:      -29.97837      -42.39582       73.43173

 NSTEP =  2280000   TIME(PS) =   34600.000  TEMP(K) =   308.13  PRESS =     0.0
 Etot   =   -113366.6587  EKtot   =     31343.4668  EPtot      =   -144710.1255
 BOND   =       884.9053  ANGLE   =      2194.6505  DIHED      =      1389.0430
 UB     =         0.0000  IMP     =         0.0000  CMAP       =       193.4062
 1-4 NB =      1028.4672  1-4 EEL =     15021.4825  VDWAALS    =     17493.6354
 EELEC  =   -182915.7156  EHBOND  =         0.0000  RESTRAINT  =         0.0000
 ------------------------------------------------------------------------------

wrapping first mol.:      -29.97837      -42.39582       73.43173

 NSTEP =  2300000   TIME(PS) =   34640.000  TEMP(K) =   309.21  PRESS =     0.0
 Etot   =   -113007.2127  EKtot   =     31453.8320  EPtot      =   -144461.0447
 BOND   =       920.2252  ANGLE   =      2123.3888  DIHED      =      1371.8308
 UB     =         0.0000  IMP     =         0.0000  CMAP       =       194.4524
 1-4 NB =       990.5199  1-4 EEL =     15055.3421  VDWAALS    =     16990.2114
 EELEC  =   -182107.0152  EHBOND  =         0.0000  RESTRAINT  =         0.0000
 ------------------------------------------------------------------------------

wrapping first mol.:      -29.97837      -42.39582       73.43173

 NSTEP =  2320000   TIME(PS) =   34680.000  TEMP(K) =   309.33  PRESS =     0.0
 Etot   =   -113488.9299  EKtot   =     31465.7246  EPtot      =   -144954.6545
 BOND   =       897.4337  ANGLE   =      2137.3934  DIHED      =      1384.7313
 UB     =         0.0000  IMP     =         0.0000  CMAP       =       190.6061
 1-4 NB =      1022.9807  1-4 EEL =     15001.1162  VDWAALS    =     17167.5249
 EELEC  =   -182756.4409  EHBOND  =         0.0000  RESTRAINT  =         0.0000
 ------------------------------------------------------------------------------

wrapping first mol.:      -29.97837      -42.39582       73.43173

 NSTEP =  2340000   TIME(PS) =   34720.000  TEMP(K) =   310.14  PRESS =     0.0
 Etot   =   -113266.8557  EKtot   =     31548.1250  EPtot      =   -144814.9807
 BOND   =       880.0372  ANGLE   =      2165.9542  DIHED      =      1379.5545
 UB     =         0.0000  IMP     =         0.0000  CMAP       =       212.0311
 1-4 NB =       997.5504  1-4 EEL =     14970.0479  VDWAALS    =     16846.2206
 EELEC  =   -182266.3765  EHBOND  =         0.0000  RESTRAINT  =         0.0000
 ------------------------------------------------------------------------------

wrapping first mol.:      -29.97837      -42.39582       73.43173

 NSTEP =  2360000   TIME(PS) =   34760.000  TEMP(K) =   308.98  PRESS =     0.0
 Etot   =   -113417.5866  EKtot   =     31429.7773  EPtot      =   -144847.3640
 BOND   =       795.8723  ANGLE   =      2097.7082  DIHED      =      1351.6310
 UB     =         0.0000  IMP     =         0.0000  CMAP       =       206.7867
 1-4 NB =      1004.6824  1-4 EEL =     15082.2869  VDWAALS    =     17375.2312
 EELEC  =   -182761.5628  EHBOND  =         0.0000  RESTRAINT  =         0.0000
 ------------------------------------------------------------------------------

wrapping first mol.:      -29.97837      -42.39582       73.43173

 NSTEP =  2380000   TIME(PS) =   34800.000  TEMP(K) =   307.81  PRESS =     0.0
 Etot   =   -113777.1500  EKtot   =     31311.3906  EPtot      =   -145088.5406
 BOND   =       860.7710  ANGLE   =      2185.3376  DIHED      =      1338.4257
 UB     =         0.0000  IMP     =         0.0000  CMAP       =       211.2635
 1-4 NB =      1010.7934  1-4 EEL =     14998.8301  VDWAALS    =     17338.4389
 EELEC  =   -183032.4009  EHBOND  =         0.0000  RESTRAINT  =         0.0000
 ------------------------------------------------------------------------------

wrapping first mol.:      -29.97837      -42.39582       73.43173

 NSTEP =  2400000   TIME(PS) =   34840.000  TEMP(K) =   311.52  PRESS =     0.0
 Etot   =   -113338.8910  EKtot   =     31688.0566  EPtot      =   -145026.9476
 BOND   =       833.9155  ANGLE   =      2220.5814  DIHED      =      1370.9718
 UB     =         0.0000  IMP     =         0.0000  CMAP       =       210.3835
 1-4 NB =      1010.4945  1-4 EEL =     15066.9535  VDWAALS    =     17057.1838
 EELEC  =   -182797.4315  EHBOND  =         0.0000  RESTRAINT  =         0.0000
 ------------------------------------------------------------------------------

wrapping first mol.:      -29.97837      -42.39582       73.43173

 NSTEP =  2420000   TIME(PS) =   34880.000  TEMP(K) =   308.42  PRESS =     0.0
 Etot   =   -113487.7485  EKtot   =     31373.2773  EPtot      =   -144861.0259
 BOND   =       854.1668  ANGLE   =      2140.9022  DIHED      =      1358.2358
 UB     =         0.0000  IMP     =         0.0000  CMAP       =       224.1782
 1-4 NB =       992.4919  1-4 EEL =     15168.1236  VDWAALS    =     17293.1694
 EELEC  =   -182892.2938  EHBOND  =         0.0000  RESTRAINT  =         0.0000
 ------------------------------------------------------------------------------

wrapping first mol.:      -29.97837      -42.39582       73.43173

 NSTEP =  2440000   TIME(PS) =   34920.000  TEMP(K) =   309.54  PRESS =     0.0
 Etot   =   -113508.4789  EKtot   =     31487.3223  EPtot      =   -144995.8012
 BOND   =       867.4671  ANGLE   =      2163.8714  DIHED      =      1371.9168
 UB     =         0.0000  IMP     =         0.0000  CMAP       =       207.0632
 1-4 NB =       989.6821  1-4 EEL =     15059.1399  VDWAALS    =     17362.1061
 EELEC  =   -183017.0477  EHBOND  =         0.0000  RESTRAINT  =         0.0000
 ------------------------------------------------------------------------------

wrapping first mol.:      -29.97837      -42.39582       73.43173

 NSTEP =  2460000   TIME(PS) =   34960.000  TEMP(K) =   309.18  PRESS =     0.0
 Etot   =   -114048.3182  EKtot   =     31450.7520  EPtot      =   -145499.0701
 BOND   =       874.6340  ANGLE   =      2157.7342  DIHED      =      1373.0558
 UB     =         0.0000  IMP     =         0.0000  CMAP       =       215.2242
 1-4 NB =      1001.3092  1-4 EEL =     15081.7777  VDWAALS    =     17204.9946
 EELEC  =   -183407.7998  EHBOND  =         0.0000  RESTRAINT  =         0.0000
 ------------------------------------------------------------------------------

wrapping first mol.:      -29.97837      -42.39582       73.43173

 NSTEP =  2480000   TIME(PS) =   35000.000  TEMP(K) =   309.39  PRESS =     0.0
 Etot   =   -113383.3391  EKtot   =     31472.3203  EPtot      =   -144855.6594
 BOND   =       831.0421  ANGLE   =      2131.0305  DIHED      =      1370.7987
 UB     =         0.0000  IMP     =         0.0000  CMAP       =       215.2156
 1-4 NB =      1007.6186  1-4 EEL =     15062.5309  VDWAALS    =     16983.6309
 EELEC  =   -182457.5268  EHBOND  =         0.0000  RESTRAINT  =         0.0000
 ------------------------------------------------------------------------------

wrapping first mol.:      -29.97837      -42.39582       73.43173
wrapping first mol.:      -29.97837      -42.39582       73.43173

 NSTEP =  2500000   TIME(PS) =   35040.000  TEMP(K) =   309.65  PRESS =     0.0
 Etot   =   -113867.2274  EKtot   =     31498.7598  EPtot      =   -145365.9872
 BOND   =       893.1917  ANGLE   =      2092.7407  DIHED      =      1335.7350
 UB     =         0.0000  IMP     =         0.0000  CMAP       =       199.1334
 1-4 NB =      1000.2008  1-4 EEL =     15059.0799  VDWAALS    =     17639.7801
 EELEC  =   -183585.8487  EHBOND  =         0.0000  RESTRAINT  =         0.0000
 ------------------------------------------------------------------------------


      A V E R A G E S   O V E R     125 S T E P S


 NSTEP =  2500000   TIME(PS) =   35040.000  TEMP(K) =   310.01  PRESS =     0.0
 Etot   =   -113591.5152  EKtot   =     31534.5831  EPtot      =   -145126.0983
 BOND   =       858.6273  ANGLE   =      2152.1886  DIHED      =      1359.2173
 UB     =         0.0000  IMP     =         0.0000  CMAP       =       196.2856
 1-4 NB =      1000.8167  1-4 EEL =     15081.9155  VDWAALS    =     17298.7990
 EELEC  =   -183073.9482  EHBOND  =         0.0000  RESTRAINT  =         0.0000
 ------------------------------------------------------------------------------


      R M S  F L U C T U A T I O N S


 NSTEP =  2500000   TIME(PS) =   35040.000  TEMP(K) =     1.26  PRESS =     0.0
 Etot   =       270.4675  EKtot   =       128.5139  EPtot      =       222.7320
 BOND   =        25.3893  ANGLE   =        36.8700  DIHED      =        19.2473
 UB     =         0.0000  IMP     =         0.0000  CMAP       =        11.6317
 1-4 NB =        12.5599  1-4 EEL =        54.0564  VDWAALS    =       185.1798
 EELEC  =       348.8618  EHBOND  =         0.0000  RESTRAINT  =         0.0000
 ------------------------------------------------------------------------------

--------------------------------------------------------------------------------
   5.  TIMINGS
--------------------------------------------------------------------------------

|  NonSetup CPU Time in Major Routines:
|
|     Routine           Sec        %
|     ------------------------------
|     Nonbond         139.70   15.66
|     Bond              0.00    0.00
|     Angle             0.00    0.00
|     Dihedral          0.00    0.00
|     Shake             9.70    1.09
|     RunMD           740.63   83.01
|     Other             2.16    0.24
|     ------------------------------
|     Total           892.18

|  PME Nonbond Pairlist CPU Time:
|
|     Routine              Sec        %
|     ---------------------------------
|     Set Up Cit           0.00    0.00
|     Build List           0.00    0.00
|     ---------------------------------
|     Total                0.00    0.00

|  PME Direct Force CPU Time:
|
|     Routine              Sec        %
|     ---------------------------------
|     NonBonded Calc       0.00    0.00
|     Exclude Masked       0.00    0.00
|     Other                1.37    0.15
|     ---------------------------------
|     Total                1.37    0.15

|  PME Reciprocal Force CPU Time:
|
|     Routine              Sec        %
|     ---------------------------------
|     1D bspline           0.00    0.00
|     Grid Charges         0.00    0.00
|     Scalar Sum           0.00    0.00
|     Gradient Sum         0.00    0.00
|     FFT                  0.00    0.00
|     ---------------------------------
|     Total                0.00    0.00

|  Final Performance Info:
|     -----------------------------------------------------
|     Average timings for last  140000 steps:
|     Elapsed(s) =      50.20 Per Step(ms) =       0.36
|         ns/day =     481.93   seconds/ns =     179.28
|
|     Average timings for all steps:
|     Elapsed(s) =     893.81 Per Step(ms) =       0.36
|         ns/day =     483.33   seconds/ns =     178.76
|     -----------------------------------------------------

|  Setup CPU time:            0.73 seconds
|  NonSetup CPU time:       892.18 seconds
|  Total CPU time:          892.91 seconds     0.25 hours

|  Setup wall time:           2    seconds
|  NonSetup wall time:      894    seconds
|  Total wall time:         896    seconds     0.25 hours
